Starting sequence 1 (output as: sequence372)

ExecutedAction [1]: 
 @Action ConcreteID = ACmf8tmq7e1884442161 AbstractID = AAmf8tmq7e1884442161
 ConcreteID CUSTOM = ConcreteID CUSTOM not available AbstractID CUSTOM = AA7qva4z7e2900675774
 @State ConcreteID = SC6w2h61d63505289064 AbstractID = SRuxvih1ba2513313992
 ConcreteID CUSTOM = SC22ddoh1d53711883251 AbstractID CUSTOM = SA1e0xkku1d417380732

	ROLE = LeftClickAt
	TARGET =
		WIDGET = WC3rq8hx1e869414367, WR17v7k2nb1067391859, WTaz2n92112307194186, WPablb9v1a985931869
		ROLE = UIAMenuItem
		TITLE = Format
		SHAPE = Rect [x:154.0 y:111.0 w:52.0 h:19.0]
		CHILDREN = 0
		PATH = [0, 3, 2]
	DESCRIPTION = Left Click at 'Format'
	TEXT = Compound Action =
		Move mouse to (180.0, 120.5).
		Press Mouse Button BUTTON1
		Release Mouse Button BUTTON1

ExecutedAction [2]: 
 @Action ConcreteID = AC9vclxv1113001911839 AbstractID = AAi9g118d51329500808
 ConcreteID CUSTOM = ConcreteID CUSTOM not available AbstractID CUSTOM = AA1576wtid52484596632
 @State ConcreteID = SC1t3h04d20d3763755446 AbstractID = SRhdom0g1f51351705365
 ConcreteID CUSTOM = SCyu6wed212968771561 AbstractID CUSTOM = SA1odsafd20b3326211211

	ROLE = ClickTypeInto
	TARGET =
		WIDGET = WCh9rmbw1c1979157806, WR4n0dlj72701565195, WTei4yvd121088706799, WP1p79f7i182977098622
		ROLE = UIAEdit
		TITLE = Text Editor
		SHAPE = Rect [x:88.0 y:131.0 w:1227.0 h:412.0]
		CHILDREN = 1
		PATH = [0, 1]
	DESCRIPTION = Type '"`'><script>\xE1...' into 'Text Editor
	TEXT = Compound Action =
		Compound Action =
		Move mouse to (701.5, 337.0).
		Press Mouse Button BUTTON1
		Release Mouse Button BUTTON1
		Press Key 17
		Press Key 65
		Release Key 65
		Release Key 17
		Type text '"`'><script>\xE1\xA0\x8Ejavascript:alert(1)</script>'

ExecutedAction [3]: 
 @Action ConcreteID = AC1f6t9zv801219187485 AbstractID = AA1f6t9zv801219187485
 ConcreteID CUSTOM = ConcreteID CUSTOM not available AbstractID CUSTOM = AA1rtzp8n7e1970717526
 @State ConcreteID = SC1a46gls1d53129068651 AbstractID = SRuxvih1ba2513313992
 ConcreteID CUSTOM = SC1h2238k1d5492331180 AbstractID CUSTOM = SA1e0xkku1d417380732

	ROLE = LeftClickAt
	TARGET =
		WIDGET = WC1fqsh0i1c2124881114, WR17v7k2nb1067391859, WT1qe72ijf99311909, WPjboygg183884664251
		ROLE = UIAMenuItem
		TITLE = File
		SHAPE = Rect [x:88.0 y:111.0 w:32.0 h:19.0]
		CHILDREN = 0
		PATH = [0, 3, 0]
	DESCRIPTION = Left Click at 'File'
	TEXT = Compound Action =
		Move mouse to (104.0, 120.5).
		Press Mouse Button BUTTON1
		Release Mouse Button BUTTON1

ExecutedAction [4]: 
 @Action ConcreteID = ACrjsyfs801484580873 AbstractID = AArjsyfs801484580873
 ConcreteID CUSTOM = ConcreteID CUSTOM not available AbstractID CUSTOM = AAs9x0k07f461001160
 @State ConcreteID = SC1d9x8t22893553675640 AbstractID = SRml6io426d3670816528
 ConcreteID CUSTOM = SCheul9028b4008699687 AbstractID CUSTOM = SAbduj6h2823690180780

	ROLE = LeftClickAt
	TARGET =
		WIDGET = WCdszybb1c22406618, WR17v7k2nb1067391859, WT1qeha5gf2005531835, WPk77bd1182459370466
		ROLE = UIAMenuItem
		TITLE = View
		SHAPE = Rect [x:206.0 y:111.0 w:39.0 h:19.0]
		CHILDREN = 0
		PATH = [0, 4, 3]
	DESCRIPTION = Left Click at 'View'
	TEXT = Compound Action =
		Move mouse to (225.5, 120.5).
		Press Mouse Button BUTTON1
		Release Mouse Button BUTTON1

ExecutedAction [5]: 
 @Action ConcreteID = ACk0nq2e802098846961 AbstractID = AAk0nq2e802098846961
 ConcreteID CUSTOM = ConcreteID CUSTOM not available AbstractID CUSTOM = AAwnu5b67e1086606522
 @State ConcreteID = SC1a46gls1d53129068651 AbstractID = SRuxvih1ba2513313992
 ConcreteID CUSTOM = SC1h2238k1d5492331180 AbstractID CUSTOM = SA1e0xkku1d417380732

	ROLE = LeftClickAt
	TARGET =
		WIDGET = WCdsg5py1c3010804170, WR17v7k2nb1067391859, WT1qeha5gf2005531835, WPk6niro18548921330
		ROLE = UIAMenuItem
		TITLE = View
		SHAPE = Rect [x:206.0 y:111.0 w:39.0 h:19.0]
		CHILDREN = 0
		PATH = [0, 3, 3]
	DESCRIPTION = Left Click at 'View'
	TEXT = Compound Action =
		Move mouse to (225.5, 120.5).
		Press Mouse Button BUTTON1
		Release Mouse Button BUTTON1

ExecutedAction [6]: 
 @Action ConcreteID = AC1v0wuur1073182494595 AbstractID = AAown2vd32513836643
 ConcreteID CUSTOM = ConcreteID CUSTOM not available AbstractID CUSTOM = AA1576wtid52484596632
 @State ConcreteID = SCa8b9n620a986358263 AbstractID = SRhdom0g1f51351705365
 ConcreteID CUSTOM = SC156qo8p2103967380659 AbstractID CUSTOM = SA1odsafd20b3326211211

	ROLE = ClickTypeInto
	TARGET =
		WIDGET = WCh9rmbw1c1979157806, WR4n0dlj72701565195, WTei4yvd121088706799, WP1p79f7i182977098622
		ROLE = UIAEdit
		TITLE = Text Editor
		SHAPE = Rect [x:88.0 y:131.0 w:1227.0 h:412.0]
		CHILDREN = 1
		PATH = [0, 1]
	DESCRIPTION = Type '?? ? ? ? ? ?...' into 'Text Editor
	TEXT = Compound Action =
		Compound Action =
		Move mouse to (701.5, 337.0).
		Press Mouse Button BUTTON1
		Release Mouse Button BUTTON1
		Press Key 17
		Press Key 65
		Release Key 65
		Release Key 17
		Type text '?? ? ? ? ? ? ? ? ? ? ? ? ? ? ?'

ExecutedAction [7]: 
 @Action ConcreteID = AC19qkyga12b2867373150 AbstractID = AA1w9179nd54186570128
 ConcreteID CUSTOM = ConcreteID CUSTOM not available AbstractID CUSTOM = AAxboh0jd34135412219
 @State ConcreteID = SC18vsesr1d51454097119 AbstractID = SRuxvih1ba2513313992
 ConcreteID CUSTOM = SC1c9ieux1d52831340165 AbstractID CUSTOM = SA1e0xkku1d417380732

	ROLE = ClickTypeInto
	TARGET =
		WIDGET = WCh9rmb11c1827454063, WR4n0dlj72701565195, WTei4yvd121088706799, WP1p79f6n182825509439
		ROLE = UIAEdit
		TITLE = Text Editor
		SHAPE = Rect [x:88.0 y:131.0 w:1227.0 h:412.0]
		CHILDREN = 1
		PATH = [0, 0]
	DESCRIPTION = Type '??? ?????...' into 'Text Editor
	TEXT = Compound Action =
		Compound Action =
		Move mouse to (701.5, 337.0).
		Press Mouse Button BUTTON1
		Release Mouse Button BUTTON1
		Press Key 17
		Press Key 65
		Release Key 65
		Release Key 17
		Type text '??? ????? ????? ??? ????? ???? ??? ???? ???'

ExecutedAction [8]: 
 @Action ConcreteID = AC1909g77801846733603 AbstractID = AA1909g77801846733603
 ConcreteID CUSTOM = ConcreteID CUSTOM not available AbstractID CUSTOM = AAwnu5b67e1086606522
 @State ConcreteID = SC1tfjx5n1d62286416824 AbstractID = SRuxvih1ba2513313992
 ConcreteID CUSTOM = SC13yz79o1d51511726327 AbstractID CUSTOM = SA1e0xkku1d417380732

	ROLE = LeftClickAt
	TARGET =
		WIDGET = WCdsg5py1c3010804170, WR17v7k2nb1067391859, WT1qeha5gf2005531835, WPk6niro18548921330
		ROLE = UIAMenuItem
		TITLE = View
		SHAPE = Rect [x:206.0 y:111.0 w:39.0 h:19.0]
		CHILDREN = 0
		PATH = [0, 3, 3]
	DESCRIPTION = Left Click at 'View'
	TEXT = Compound Action =
		Move mouse to (225.5, 120.5).
		Press Mouse Button BUTTON1
		Release Mouse Button BUTTON1

ExecutedAction [9]: 
 @Action ConcreteID = ACh1dghx801679890365 AbstractID = AAh1dghx801679890365
 ConcreteID CUSTOM = ConcreteID CUSTOM not available AbstractID CUSTOM = AAndtfao803339486523
 @State ConcreteID = SC1r7xgtj20b2243248216 AbstractID = SRhdom0g1f51351705365
 ConcreteID CUSTOM = SCl3vd0j2112142341193 AbstractID CUSTOM = SA1odsafd20b3326211211

	ROLE = LeftClickAt
	TARGET =
		WIDGET = WC3sa13a1e2180180431, WR17v7k2nb1067391859, WTaz2n92112307194186, WPac53v81a2296708173
		ROLE = UIAMenuItem
		TITLE = Format
		SHAPE = Rect [x:154.0 y:111.0 w:52.0 h:19.0]
		CHILDREN = 0
		PATH = [0, 4, 2]
	DESCRIPTION = Left Click at 'Format'
	TEXT = Compound Action =
		Move mouse to (180.0, 120.5).
		Press Mouse Button BUTTON1
		Release Mouse Button BUTTON1

ExecutedAction [10]: 
 @Action ConcreteID = AC55ay5k801537238223 AbstractID = AA55ay5k801537238223
 ConcreteID CUSTOM = ConcreteID CUSTOM not available AbstractID CUSTOM = AA1rtzp8n7e1970717526
 @State ConcreteID = SC1tfjx5n1d62286416824 AbstractID = SRuxvih1ba2513313992
 ConcreteID CUSTOM = SC13yz79o1d51511726327 AbstractID CUSTOM = SA1e0xkku1d417380732

	ROLE = LeftClickAt
	TARGET =
		WIDGET = WC1fqsh0i1c2124881114, WR17v7k2nb1067391859, WT1qe72ijf99311909, WPjboygg183884664251
		ROLE = UIAMenuItem
		TITLE = File
		SHAPE = Rect [x:88.0 y:111.0 w:32.0 h:19.0]
		CHILDREN = 0
		PATH = [0, 3, 0]
	DESCRIPTION = Left Click at 'File'
	TEXT = Compound Action =
		Move mouse to (104.0, 120.5).
		Press Mouse Button BUTTON1
		Release Mouse Button BUTTON1

ExecutedAction [11]: 
 @Action ConcreteID = ACr9vxbk804257839632 AbstractID = AAr9vxbk804257839632
 ConcreteID CUSTOM = ConcreteID CUSTOM not available AbstractID CUSTOM = AAbrfavp7f1884943328
 @State ConcreteID = SC1u2xtb728a4166763649 AbstractID = SRml6io426d3670816528
 ConcreteID CUSTOM = SC1tfhe0828c2295417247 AbstractID CUSTOM = SAbduj6h2823690180780

	ROLE = LeftClickAt
	TARGET =
		WIDGET = WCdg0id01c1198951367, WR17v7k2nb1067391859, WT1qe6brdf138512687, WP1hx95qa183605955422
		ROLE = UIAMenuItem
		TITLE = Edit
		SHAPE = Rect [x:120.0 y:111.0 w:34.0 h:19.0]
		CHILDREN = 0
		PATH = [0, 4, 1]
	DESCRIPTION = Left Click at 'Edit'
	TEXT = Compound Action =
		Move mouse to (137.0, 120.5).
		Press Mouse Button BUTTON1
		Release Mouse Button BUTTON1

ExecutedAction [12]: 
 @Action ConcreteID = AC1w9dpd4803916538986 AbstractID = AA1w9dpd4803916538986
 ConcreteID CUSTOM = ConcreteID CUSTOM not available AbstractID CUSTOM = AA1jwyeh37e3349611507
 @State ConcreteID = SC1tfjx5n1d62286416824 AbstractID = SRuxvih1ba2513313992
 ConcreteID CUSTOM = SC13yz79o1d51511726327 AbstractID CUSTOM = SA1e0xkku1d417380732

	ROLE = LeftClickAt
	TARGET =
		WIDGET = WC12b45x51c517775489, WR17v7k2nb1067391859, WT1qe89j4f2180189081, WP10d1byf183180104482
		ROLE = UIAMenuItem
		TITLE = Help
		SHAPE = Rect [x:245.0 y:111.0 w:39.0 h:19.0]
		CHILDREN = 0
		PATH = [0, 3, 4]
	DESCRIPTION = Left Click at 'Help'
	TEXT = Compound Action =
		Move mouse to (264.5, 120.5).
		Press Mouse Button BUTTON1
		Release Mouse Button BUTTON1

ExecutedAction [13]: 
 @Action ConcreteID = AC163dkje7e948274631 AbstractID = AA163dkje7e948274631
 ConcreteID CUSTOM = ConcreteID CUSTOM not available AbstractID CUSTOM = AA1syqijp802812015623
 @State ConcreteID = SCl1po4y221562352122 AbstractID = SR1p2iogu2092294951997
 ConcreteID CUSTOM = SC6l1dfc227146541563 AbstractID CUSTOM = SA19xk86e21f1597656056

	ROLE = LeftClickAt
	TARGET =
		WIDGET = WC12bnyii1c2902228113, WR17v7k2nb1067391859, WT1qe89j4f2180189081, WP10dl4js18262952754
		ROLE = UIAMenuItem
		TITLE = Help
		SHAPE = Rect [x:245.0 y:111.0 w:39.0 h:19.0]
		CHILDREN = 0
		PATH = [0, 4, 4]
	DESCRIPTION = Left Click at 'Help'
	TEXT = Compound Action =
		Move mouse to (264.5, 120.5).
		Press Mouse Button BUTTON1
		Release Mouse Button BUTTON1

ExecutedAction [14]: 
 @Action ConcreteID = ACiu9bdh7e3219573390 AbstractID = AAiu9bdh7e3219573390
 ConcreteID CUSTOM = ConcreteID CUSTOM not available AbstractID CUSTOM = AA15pm9ds80553171790
 @State ConcreteID = SCl1po4y221562352122 AbstractID = SR1p2iogu2092294951997
 ConcreteID CUSTOM = SC6l1dfc227146541563 AbstractID CUSTOM = SA19xk86e21f1597656056

	ROLE = LeftClickAt
	TARGET =
		WIDGET = WCdszybb1c22406618, WR17v7k2nb1067391859, WT1qeha5gf2005531835, WPk77bd1182459370466
		ROLE = UIAMenuItem
		TITLE = View
		SHAPE = Rect [x:206.0 y:111.0 w:39.0 h:19.0]
		CHILDREN = 0
		PATH = [0, 4, 3]
	DESCRIPTION = Left Click at 'View'
	TEXT = Compound Action =
		Move mouse to (225.5, 120.5).
		Press Mouse Button BUTTON1
		Release Mouse Button BUTTON1

ExecutedAction [15]: 
 @Action ConcreteID = AC1w9dpd4803916538986 AbstractID = AA1w9dpd4803916538986
 ConcreteID CUSTOM = ConcreteID CUSTOM not available AbstractID CUSTOM = AA1jwyeh37e3349611507
 @State ConcreteID = SC1tfjx5n1d62286416824 AbstractID = SRuxvih1ba2513313992
 ConcreteID CUSTOM = SC13yz79o1d51511726327 AbstractID CUSTOM = SA1e0xkku1d417380732

	ROLE = LeftClickAt
	TARGET =
		WIDGET = WC12b45x51c517775489, WR17v7k2nb1067391859, WT1qe89j4f2180189081, WP10d1byf183180104482
		ROLE = UIAMenuItem
		TITLE = Help
		SHAPE = Rect [x:245.0 y:111.0 w:39.0 h:19.0]
		CHILDREN = 0
		PATH = [0, 3, 4]
	DESCRIPTION = Left Click at 'Help'
	TEXT = Compound Action =
		Move mouse to (264.5, 120.5).
		Press Mouse Button BUTTON1
		Release Mouse Button BUTTON1

ExecutedAction [16]: 
 @Action ConcreteID = ACkhuyyf7e799076171 AbstractID = AAkhuyyf7e799076171
 ConcreteID CUSTOM = ConcreteID CUSTOM not available AbstractID CUSTOM = AA17d7wyq802965282443
 @State ConcreteID = SCl1po4y221562352122 AbstractID = SR1p2iogu2092294951997
 ConcreteID CUSTOM = SC6l1dfc227146541563 AbstractID CUSTOM = SA19xk86e21f1597656056

	ROLE = LeftClickAt
	TARGET =
		WIDGET = WC2sd5c9251817436895, WR17v7k2nb1067391859, WT1wv077z18170180715, WP1v116zb21698957785
		ROLE = UIAMenuItem
		TITLE = About Notepad
		SHAPE = Rect [x:248.0 y:184.0 w:166.0 h:22.0]
		CHILDREN = 0
		PATH = [0, 0, 2]
	DESCRIPTION = Left Click at 'About Notepad'
	TEXT = Compound Action =
		Move mouse to (331.0, 195.0).
		Press Mouse Button BUTTON1
		Release Mouse Button BUTTON1

ExecutedAction [17]: 
 @Action ConcreteID = AC6zr3ls7f4059757078 AbstractID = AA6zr3ls7f4059757078
 ConcreteID CUSTOM = ConcreteID CUSTOM not available AbstractID CUSTOM = AAddb9277d3709592361
 @State ConcreteID = SCdi89v92d92224828686 AbstractID = SR9z8pzo2ae1627457717
 ConcreteID CUSTOM = SC5h5f672d83378919016 AbstractID CUSTOM = SAanktvk2d643465284

	ROLE = LeftClickAt
	TARGET =
		WIDGET = WC15twxtj183412041097, WR1h6ibpb92248851252, WTzj707vb935461581, WPaxrmo5142767186721
		ROLE = UIAButton
		TITLE = OK
		SHAPE = Rect [x:501.0 y:553.0 w:75.0 h:23.0]
		CHILDREN = 0
		PATH = [0, 0, 8]
	DESCRIPTION = Left Click at 'OK'
	TEXT = Compound Action =
		Move mouse to (538.5, 564.5).
		Press Mouse Button BUTTON1
		Release Mouse Button BUTTON1

ExecutedAction [18]: 
 @Action ConcreteID = ACshrqiw8087116043 AbstractID = AAshrqiw8087116043
 ConcreteID CUSTOM = ConcreteID CUSTOM not available AbstractID CUSTOM = AAg5cfmv7e736620178
 @State ConcreteID = SC1tfjx5n1d62286416824 AbstractID = SRuxvih1ba2513313992
 ConcreteID CUSTOM = SC13yz79o1d51511726327 AbstractID CUSTOM = SA1e0xkku1d417380732

	ROLE = LeftClickAt
	TARGET =
		WIDGET = WCdfgprn1c4116076503, WR17v7k2nb1067391859, WT1qe6brdf138512687, WP1hwpd4x181691246414
		ROLE = UIAMenuItem
		TITLE = Edit
		SHAPE = Rect [x:120.0 y:111.0 w:34.0 h:19.0]
		CHILDREN = 0
		PATH = [0, 3, 1]
	DESCRIPTION = Left Click at 'Edit'
	TEXT = Compound Action =
		Move mouse to (137.0, 120.5).
		Press Mouse Button BUTTON1
		Release Mouse Button BUTTON1

ExecutedAction [19]: 
 @Action ConcreteID = AC85w9t27f1941935642 AbstractID = AA85w9t27f1941935642
 ConcreteID CUSTOM = ConcreteID CUSTOM not available AbstractID CUSTOM = AAbk95pi7f2286715191
 @State ConcreteID = SCh2rm4f2ea3019389570 AbstractID = SR1hpakru2d13589890082
 ConcreteID CUSTOM = SC1bei4hm2f2163526829 AbstractID CUSTOM = SA32r9dy2e72639583375

	ROLE = LeftClickAt
	TARGET =
		WIDGET = WC12bnyii1c2902228113, WR17v7k2nb1067391859, WT1qe89j4f2180189081, WP10dl4js18262952754
		ROLE = UIAMenuItem
		TITLE = Help
		SHAPE = Rect [x:245.0 y:111.0 w:39.0 h:19.0]
		CHILDREN = 0
		PATH = [0, 4, 4]
	DESCRIPTION = Left Click at 'Help'
	TEXT = Compound Action =
		Move mouse to (264.5, 120.5).
		Press Mouse Button BUTTON1
		Release Mouse Button BUTTON1

ExecutedAction [20]: 
 @Action ConcreteID = AC55ay5k801537238223 AbstractID = AA55ay5k801537238223
 ConcreteID CUSTOM = ConcreteID CUSTOM not available AbstractID CUSTOM = AA1rtzp8n7e1970717526
 @State ConcreteID = SC1tfjx5n1d62286416824 AbstractID = SRuxvih1ba2513313992
 ConcreteID CUSTOM = SC13yz79o1d51511726327 AbstractID CUSTOM = SA1e0xkku1d417380732

	ROLE = LeftClickAt
	TARGET =
		WIDGET = WC1fqsh0i1c2124881114, WR17v7k2nb1067391859, WT1qe72ijf99311909, WPjboygg183884664251
		ROLE = UIAMenuItem
		TITLE = File
		SHAPE = Rect [x:88.0 y:111.0 w:32.0 h:19.0]
		CHILDREN = 0
		PATH = [0, 3, 0]
	DESCRIPTION = Left Click at 'File'
	TEXT = Compound Action =
		Move mouse to (104.0, 120.5).
		Press Mouse Button BUTTON1
		Release Mouse Button BUTTON1

ExecutedAction [21]: 
 @Action ConcreteID = AC14m145ie12086910381 AbstractID = AAg0ytmid52037418124
 ConcreteID CUSTOM = ConcreteID CUSTOM not available AbstractID CUSTOM = AA1dgtovpd41373358711
 @State ConcreteID = SC1u2xtb728a4166763649 AbstractID = SRml6io426d3670816528
 ConcreteID CUSTOM = SC1tfhe0828c2295417247 AbstractID CUSTOM = SAbduj6h2823690180780

	ROLE = ClickTypeInto
	TARGET =
		WIDGET = WCh9rmbw1c1979157806, WR4n0dlj72701565195, WTei4yvd121088706799, WP1p79f7i182977098622
		ROLE = UIAEdit
		TITLE = Text Editor
		SHAPE = Rect [x:88.0 y:131.0 w:1227.0 h:412.0]
		CHILDREN = 1
		PATH = [0, 1]
	DESCRIPTION = Type '????' into 'Text Editor
	TEXT = Compound Action =
		Compound Action =
		Move mouse to (701.5, 337.0).
		Press Mouse Button BUTTON1
		Release Mouse Button BUTTON1
		Press Key 17
		Press Key 65
		Release Key 65
		Release Key 17
		Type text '????'

ExecutedAction [22]: 
 @Action ConcreteID = AC18msqap802855195791 AbstractID = AA18msqap802855195791
 ConcreteID CUSTOM = ConcreteID CUSTOM not available AbstractID CUSTOM = AA1jwyeh37e3349611507
 @State ConcreteID = SC1yzeu8p1d52712633537 AbstractID = SRuxvih1ba2513313992
 ConcreteID CUSTOM = SC33fbch1d53440726360 AbstractID CUSTOM = SA1e0xkku1d417380732

	ROLE = LeftClickAt
	TARGET =
		WIDGET = WC12b45x51c517775489, WR17v7k2nb1067391859, WT1qe89j4f2180189081, WP10d1byf183180104482
		ROLE = UIAMenuItem
		TITLE = Help
		SHAPE = Rect [x:245.0 y:111.0 w:39.0 h:19.0]
		CHILDREN = 0
		PATH = [0, 3, 4]
	DESCRIPTION = Left Click at 'Help'
	TEXT = Compound Action =
		Move mouse to (264.5, 120.5).
		Press Mouse Button BUTTON1
		Release Mouse Button BUTTON1

ExecutedAction [23]: 
 @Action ConcreteID = AC1vd6x147f1157810475 AbstractID = AA1vd6x147f1157810475
 ConcreteID CUSTOM = ConcreteID CUSTOM not available AbstractID CUSTOM = AA1unrc580357184674
 @State ConcreteID = SCnxlzj42203241437556 AbstractID = SR1p2iogu2092294951997
 ConcreteID CUSTOM = SC1yzcrs2272111801852 AbstractID CUSTOM = SA19xk86e21f1597656056

	ROLE = LeftClickAt
	TARGET =
		WIDGET = WC1frc9lv1c3431448778, WR17v7k2nb1067391859, WT1qe72ijf99311909, WPjc8r1t181437309355
		ROLE = UIAMenuItem
		TITLE = File
		SHAPE = Rect [x:88.0 y:111.0 w:32.0 h:19.0]
		CHILDREN = 0
		PATH = [0, 4, 0]
	DESCRIPTION = Left Click at 'File'
	TEXT = Compound Action =
		Move mouse to (104.0, 120.5).
		Press Mouse Button BUTTON1
		Release Mouse Button BUTTON1

ExecutedAction [24]: 
 @Action ConcreteID = AC1gju12980419370026 AbstractID = AA1gju12980419370026
 ConcreteID CUSTOM = ConcreteID CUSTOM not available AbstractID CUSTOM = AA1rtzp8n7e1970717526
 @State ConcreteID = SC1yzeu8p1d52712633537 AbstractID = SRuxvih1ba2513313992
 ConcreteID CUSTOM = SC33fbch1d53440726360 AbstractID CUSTOM = SA1e0xkku1d417380732

	ROLE = LeftClickAt
	TARGET =
		WIDGET = WC1fqsh0i1c2124881114, WR17v7k2nb1067391859, WT1qe72ijf99311909, WPjboygg183884664251
		ROLE = UIAMenuItem
		TITLE = File
		SHAPE = Rect [x:88.0 y:111.0 w:32.0 h:19.0]
		CHILDREN = 0
		PATH = [0, 3, 0]
	DESCRIPTION = Left Click at 'File'
	TEXT = Compound Action =
		Move mouse to (104.0, 120.5).
		Press Mouse Button BUTTON1
		Release Mouse Button BUTTON1

ExecutedAction [25]: 
 @Action ConcreteID = ACf7wavn7f1000070391 AbstractID = AAf7wavn7f1000070391
 ConcreteID CUSTOM = ConcreteID CUSTOM not available AbstractID CUSTOM = AAs9x0k07f461001160
 @State ConcreteID = SCpdwp8v2893362115229 AbstractID = SRml6io426d3670816528
 ConcreteID CUSTOM = SC1otfdco28c4256353176 AbstractID CUSTOM = SAbduj6h2823690180780

	ROLE = LeftClickAt
	TARGET =
		WIDGET = WCdszybb1c22406618, WR17v7k2nb1067391859, WT1qeha5gf2005531835, WPk77bd1182459370466
		ROLE = UIAMenuItem
		TITLE = View
		SHAPE = Rect [x:206.0 y:111.0 w:39.0 h:19.0]
		CHILDREN = 0
		PATH = [0, 4, 3]
	DESCRIPTION = Left Click at 'View'
	TEXT = Compound Action =
		Move mouse to (225.5, 120.5).
		Press Mouse Button BUTTON1
		Release Mouse Button BUTTON1

ExecutedAction [26]: 
 @Action ConcreteID = ACldoh4s80760060870 AbstractID = AAldoh4s80760060870
 ConcreteID CUSTOM = ConcreteID CUSTOM not available AbstractID CUSTOM = AAwnu5b67e1086606522
 @State ConcreteID = SC1yzeu8p1d52712633537 AbstractID = SRuxvih1ba2513313992
 ConcreteID CUSTOM = SC33fbch1d53440726360 AbstractID CUSTOM = SA1e0xkku1d417380732

	ROLE = LeftClickAt
	TARGET =
		WIDGET = WCdsg5py1c3010804170, WR17v7k2nb1067391859, WT1qeha5gf2005531835, WPk6niro18548921330
		ROLE = UIAMenuItem
		TITLE = View
		SHAPE = Rect [x:206.0 y:111.0 w:39.0 h:19.0]
		CHILDREN = 0
		PATH = [0, 3, 3]
	DESCRIPTION = Left Click at 'View'
	TEXT = Compound Action =
		Move mouse to (225.5, 120.5).
		Press Mouse Button BUTTON1
		Release Mouse Button BUTTON1

ExecutedAction [27]: 
 @Action ConcreteID = AC1h9texq7f1691220926 AbstractID = AA1h9texq7f1691220926
 ConcreteID CUSTOM = ConcreteID CUSTOM not available AbstractID CUSTOM = AAishno802890877558
 @State ConcreteID = SC1ldes2320a562013714 AbstractID = SRhdom0g1f51351705365
 ConcreteID CUSTOM = SCghtccz211181537358 AbstractID CUSTOM = SA1odsafd20b3326211211

	ROLE = LeftClickAt
	TARGET =
		WIDGET = WC12bnyii1c2902228113, WR17v7k2nb1067391859, WT1qe89j4f2180189081, WP10dl4js18262952754
		ROLE = UIAMenuItem
		TITLE = Help
		SHAPE = Rect [x:245.0 y:111.0 w:39.0 h:19.0]
		CHILDREN = 0
		PATH = [0, 4, 4]
	DESCRIPTION = Left Click at 'Help'
	TEXT = Compound Action =
		Move mouse to (264.5, 120.5).
		Press Mouse Button BUTTON1
		Release Mouse Button BUTTON1

ExecutedAction [28]: 
 @Action ConcreteID = AC18msqap802855195791 AbstractID = AA18msqap802855195791
 ConcreteID CUSTOM = ConcreteID CUSTOM not available AbstractID CUSTOM = AA1jwyeh37e3349611507
 @State ConcreteID = SC1yzeu8p1d52712633537 AbstractID = SRuxvih1ba2513313992
 ConcreteID CUSTOM = SC33fbch1d53440726360 AbstractID CUSTOM = SA1e0xkku1d417380732

	ROLE = LeftClickAt
	TARGET =
		WIDGET = WC12b45x51c517775489, WR17v7k2nb1067391859, WT1qe89j4f2180189081, WP10d1byf183180104482
		ROLE = UIAMenuItem
		TITLE = Help
		SHAPE = Rect [x:245.0 y:111.0 w:39.0 h:19.0]
		CHILDREN = 0
		PATH = [0, 3, 4]
	DESCRIPTION = Left Click at 'Help'
	TEXT = Compound Action =
		Move mouse to (264.5, 120.5).
		Press Mouse Button BUTTON1
		Release Mouse Button BUTTON1

ExecutedAction [29]: 
 @Action ConcreteID = AC1ng5m9k7f4157802894 AbstractID = AA1ng5m9k7f4157802894
 ConcreteID CUSTOM = ConcreteID CUSTOM not available AbstractID CUSTOM = AA1syqijp802812015623
 @State ConcreteID = SCnxlzj42203241437556 AbstractID = SR1p2iogu2092294951997
 ConcreteID CUSTOM = SC1yzcrs2272111801852 AbstractID CUSTOM = SA19xk86e21f1597656056

	ROLE = LeftClickAt
	TARGET =
		WIDGET = WC12bnyii1c2902228113, WR17v7k2nb1067391859, WT1qe89j4f2180189081, WP10dl4js18262952754
		ROLE = UIAMenuItem
		TITLE = Help
		SHAPE = Rect [x:245.0 y:111.0 w:39.0 h:19.0]
		CHILDREN = 0
		PATH = [0, 4, 4]
	DESCRIPTION = Left Click at 'Help'
	TEXT = Compound Action =
		Move mouse to (264.5, 120.5).
		Press Mouse Button BUTTON1
		Release Mouse Button BUTTON1

ExecutedAction [30]: 
 @Action ConcreteID = AC18msqap802855195791 AbstractID = AA18msqap802855195791
 ConcreteID CUSTOM = ConcreteID CUSTOM not available AbstractID CUSTOM = AA1jwyeh37e3349611507
 @State ConcreteID = SC1yzeu8p1d52712633537 AbstractID = SRuxvih1ba2513313992
 ConcreteID CUSTOM = SC33fbch1d53440726360 AbstractID CUSTOM = SA1e0xkku1d417380732

	ROLE = LeftClickAt
	TARGET =
		WIDGET = WC12b45x51c517775489, WR17v7k2nb1067391859, WT1qe89j4f2180189081, WP10d1byf183180104482
		ROLE = UIAMenuItem
		TITLE = Help
		SHAPE = Rect [x:245.0 y:111.0 w:39.0 h:19.0]
		CHILDREN = 0
		PATH = [0, 3, 4]
	DESCRIPTION = Left Click at 'Help'
	TEXT = Compound Action =
		Move mouse to (264.5, 120.5).
		Press Mouse Button BUTTON1
		Release Mouse Button BUTTON1

ExecutedAction [31]: 
 @Action ConcreteID = AC1071d3n7f1890600647 AbstractID = AA1071d3n7f1890600647
 ConcreteID CUSTOM = ConcreteID CUSTOM not available AbstractID CUSTOM = AA15pm9ds80553171790
 @State ConcreteID = SCnxlzj42203241437556 AbstractID = SR1p2iogu2092294951997
 ConcreteID CUSTOM = SC1yzcrs2272111801852 AbstractID CUSTOM = SA19xk86e21f1597656056

	ROLE = LeftClickAt
	TARGET =
		WIDGET = WCdszybb1c22406618, WR17v7k2nb1067391859, WT1qeha5gf2005531835, WPk77bd1182459370466
		ROLE = UIAMenuItem
		TITLE = View
		SHAPE = Rect [x:206.0 y:111.0 w:39.0 h:19.0]
		CHILDREN = 0
		PATH = [0, 4, 3]
	DESCRIPTION = Left Click at 'View'
	TEXT = Compound Action =
		Move mouse to (225.5, 120.5).
		Press Mouse Button BUTTON1
		Release Mouse Button BUTTON1

ExecutedAction [32]: 
 @Action ConcreteID = AC1vhtnxp803245153218 AbstractID = AA1vhtnxp803245153218
 ConcreteID CUSTOM = ConcreteID CUSTOM not available AbstractID CUSTOM = AA7qva4z7e2900675774
 @State ConcreteID = SC1yzeu8p1d52712633537 AbstractID = SRuxvih1ba2513313992
 ConcreteID CUSTOM = SC33fbch1d53440726360 AbstractID CUSTOM = SA1e0xkku1d417380732

	ROLE = LeftClickAt
	TARGET =
		WIDGET = WC3rq8hx1e869414367, WR17v7k2nb1067391859, WTaz2n92112307194186, WPablb9v1a985931869
		ROLE = UIAMenuItem
		TITLE = Format
		SHAPE = Rect [x:154.0 y:111.0 w:52.0 h:19.0]
		CHILDREN = 0
		PATH = [0, 3, 2]
	DESCRIPTION = Left Click at 'Format'
	TEXT = Compound Action =
		Move mouse to (180.0, 120.5).
		Press Mouse Button BUTTON1
		Release Mouse Button BUTTON1

ExecutedAction [33]: 
 @Action ConcreteID = AC1l7h3rz7f1672838286 AbstractID = AA1l7h3rz7f1672838286
 ConcreteID CUSTOM = ConcreteID CUSTOM not available AbstractID CUSTOM = AAvsaksk801074767639
 @State ConcreteID = SChxi0i120c2036366902 AbstractID = SRhdom0g1f51351705365
 ConcreteID CUSTOM = SCvt3g652123505648296 AbstractID CUSTOM = SA1odsafd20b3326211211

	ROLE = LeftClickAt
	TARGET =
		WIDGET = WCdg0id01c1198951367, WR17v7k2nb1067391859, WT1qe6brdf138512687, WP1hx95qa183605955422
		ROLE = UIAMenuItem
		TITLE = Edit
		SHAPE = Rect [x:120.0 y:111.0 w:34.0 h:19.0]
		CHILDREN = 0
		PATH = [0, 4, 1]
	DESCRIPTION = Left Click at 'Edit'
	TEXT = Compound Action =
		Move mouse to (137.0, 120.5).
		Press Mouse Button BUTTON1
		Release Mouse Button BUTTON1

ExecutedAction [34]: 
 @Action ConcreteID = AC1pkwuld12c586184912 AbstractID = AA1aalsspd53554734614
 ConcreteID CUSTOM = ConcreteID CUSTOM not available AbstractID CUSTOM = AAxboh0jd34135412219
 @State ConcreteID = SC1yzeu8p1d52712633537 AbstractID = SRuxvih1ba2513313992
 ConcreteID CUSTOM = SC33fbch1d53440726360 AbstractID CUSTOM = SA1e0xkku1d417380732

	ROLE = ClickTypeInto
	TARGET =
		WIDGET = WCh9rmb11c1827454063, WR4n0dlj72701565195, WTei4yvd121088706799, WP1p79f6n182825509439
		ROLE = UIAEdit
		TITLE = Text Editor
		SHAPE = Rect [x:88.0 y:131.0 w:1227.0 h:412.0]
		CHILDREN = 1
		PATH = [0, 0]
	DESCRIPTION = Type '<a href="\xE2\x8...' into 'Text Editor
	TEXT = Compound Action =
		Compound Action =
		Move mouse to (701.5, 337.0).
		Press Mouse Button BUTTON1
		Release Mouse Button BUTTON1
		Press Key 17
		Press Key 65
		Release Key 65
		Release Key 17
		Type text '<a href="\xE2\x81\x9Fjavascript:javascript:alert(1)" id="fuzzelement1">test</a>'

ExecutedAction [35]: 
 @Action ConcreteID = ACxyo34h802947112106 AbstractID = AAxyo34h802947112106
 ConcreteID CUSTOM = ConcreteID CUSTOM not available AbstractID CUSTOM = AAg5cfmv7e736620178
 @State ConcreteID = SC1bv8vfk1d52288164974 AbstractID = SRuxvih1ba2513313992
 ConcreteID CUSTOM = SC4ghwo31d51306287882 AbstractID CUSTOM = SA1e0xkku1d417380732

	ROLE = LeftClickAt
	TARGET =
		WIDGET = WCdfgprn1c4116076503, WR17v7k2nb1067391859, WT1qe6brdf138512687, WP1hwpd4x181691246414
		ROLE = UIAMenuItem
		TITLE = Edit
		SHAPE = Rect [x:120.0 y:111.0 w:34.0 h:19.0]
		CHILDREN = 0
		PATH = [0, 3, 1]
	DESCRIPTION = Left Click at 'Edit'
	TEXT = Compound Action =
		Move mouse to (137.0, 120.5).
		Press Mouse Button BUTTON1
		Release Mouse Button BUTTON1

ExecutedAction [36]: 
 @Action ConcreteID = AC1vs9c3b801692460049 AbstractID = AA1vs9c3b801692460049
 ConcreteID CUSTOM = ConcreteID CUSTOM not available AbstractID CUSTOM = AA134qhk67f4237819092
 @State ConcreteID = SC11mggpy2e93375636871 AbstractID = SR1hpakru2d13589890082
 ConcreteID CUSTOM = SCoivx982f2145624378 AbstractID CUSTOM = SA32r9dy2e72639583375

	ROLE = LeftClickAt
	TARGET =
		WIDGET = WCdlg1xo244186859347, WR17v7k2nb1067391859, WT6xmx7v172237674255, WPzxxdei20528169726
		ROLE = UIAMenuItem
		TITLE = Paste	Ctrl+V
		SHAPE = Rect [x:123.0 y:206.0 w:225.0 h:22.0]
		CHILDREN = 0
		PATH = [0, 0, 3]
	DESCRIPTION = Left Click at 'Paste	Ctrl+V'
	TEXT = Compound Action =
		Move mouse to (235.5, 217.0).
		Press Mouse Button BUTTON1
		Release Mouse Button BUTTON1

ExecutedAction [37]: 
 @Action ConcreteID = AC6qxs09e62161191866 AbstractID = AA1p13wvyd52581739329
 ConcreteID CUSTOM = ConcreteID CUSTOM not available AbstractID CUSTOM = AAxboh0jd34135412219
 @State ConcreteID = SC1949son1d62731276293 AbstractID = SRuxvih1ba2513313992
 ConcreteID CUSTOM = SC1f9miws1d52649699013 AbstractID CUSTOM = SA1e0xkku1d417380732

	ROLE = ClickTypeInto
	TARGET =
		WIDGET = WCh9rmb11c1827454063, WR4n0dlj72701565195, WTei4yvd121088706799, WP1p79f6n182825509439
		ROLE = UIAEdit
		TITLE = Text Editor
		SHAPE = Rect [x:88.0 y:131.0 w:1227.0 h:412.0]
		CHILDREN = 1
		PATH = [0, 0]
	DESCRIPTION = Type '(?? ? ??)' into 'Text Editor
	TEXT = Compound Action =
		Compound Action =
		Move mouse to (701.5, 337.0).
		Press Mouse Button BUTTON1
		Release Mouse Button BUTTON1
		Press Key 17
		Press Key 65
		Release Key 65
		Release Key 17
		Type text '(?? ? ??)'

ExecutedAction [38]: 
 @Action ConcreteID = AC1gv6udd80293977246 AbstractID = AA1gv6udd80293977246
 ConcreteID CUSTOM = ConcreteID CUSTOM not available AbstractID CUSTOM = AAg5cfmv7e736620178
 @State ConcreteID = SC13ehkaj1d61532943046 AbstractID = SRuxvih1ba2513313992
 ConcreteID CUSTOM = SC1b1x2ep1d4531800293 AbstractID CUSTOM = SA1e0xkku1d417380732

	ROLE = LeftClickAt
	TARGET =
		WIDGET = WCdfgprn1c4116076503, WR17v7k2nb1067391859, WT1qe6brdf138512687, WP1hwpd4x181691246414
		ROLE = UIAMenuItem
		TITLE = Edit
		SHAPE = Rect [x:120.0 y:111.0 w:34.0 h:19.0]
		CHILDREN = 0
		PATH = [0, 3, 1]
	DESCRIPTION = Left Click at 'Edit'
	TEXT = Compound Action =
		Move mouse to (137.0, 120.5).
		Press Mouse Button BUTTON1
		Release Mouse Button BUTTON1

ExecutedAction [39]: 
 @Action ConcreteID = AC116e03x803167253408 AbstractID = AA116e03x803167253408
 ConcreteID CUSTOM = ConcreteID CUSTOM not available AbstractID CUSTOM = AA1nc8yip7f254791294
 @State ConcreteID = SC1d6k8tk2e93494132106 AbstractID = SR1hpakru2d13589890082
 ConcreteID CUSTOM = SCxe1h6g2f22670207728 AbstractID CUSTOM = SA32r9dy2e72639583375

	ROLE = LeftClickAt
	TARGET =
		WIDGET = WCdszybb1c22406618, WR17v7k2nb1067391859, WT1qeha5gf2005531835, WPk77bd1182459370466
		ROLE = UIAMenuItem
		TITLE = View
		SHAPE = Rect [x:206.0 y:111.0 w:39.0 h:19.0]
		CHILDREN = 0
		PATH = [0, 4, 3]
	DESCRIPTION = Left Click at 'View'
	TEXT = Compound Action =
		Move mouse to (225.5, 120.5).
		Press Mouse Button BUTTON1
		Release Mouse Button BUTTON1

ExecutedAction [40]: 
 @Action ConcreteID = AC1xdok1o802057707190 AbstractID = AA1xdok1o802057707190
 ConcreteID CUSTOM = ConcreteID CUSTOM not available AbstractID CUSTOM = AAwnu5b67e1086606522
 @State ConcreteID = SC13ehkaj1d61532943046 AbstractID = SRuxvih1ba2513313992
 ConcreteID CUSTOM = SC1b1x2ep1d4531800293 AbstractID CUSTOM = SA1e0xkku1d417380732

	ROLE = LeftClickAt
	TARGET =
		WIDGET = WCdsg5py1c3010804170, WR17v7k2nb1067391859, WT1qeha5gf2005531835, WPk6niro18548921330
		ROLE = UIAMenuItem
		TITLE = View
		SHAPE = Rect [x:206.0 y:111.0 w:39.0 h:19.0]
		CHILDREN = 0
		PATH = [0, 3, 3]
	DESCRIPTION = Left Click at 'View'
	TEXT = Compound Action =
		Move mouse to (225.5, 120.5).
		Press Mouse Button BUTTON1
		Release Mouse Button BUTTON1

ExecutedAction [41]: 
 @Action ConcreteID = ACjmkhtf7f1074375049 AbstractID = AAjmkhtf7f1074375049
 ConcreteID CUSTOM = ConcreteID CUSTOM not available AbstractID CUSTOM = AA1casagv80724305215
 @State ConcreteID = SCpgsa9s20a2658407712 AbstractID = SRhdom0g1f51351705365
 ConcreteID CUSTOM = SC73eppd2113911619092 AbstractID CUSTOM = SA1odsafd20b3326211211

	ROLE = LeftClickAt
	TARGET =
		WIDGET = WCdszybb1c22406618, WR17v7k2nb1067391859, WT1qeha5gf2005531835, WPk77bd1182459370466
		ROLE = UIAMenuItem
		TITLE = View
		SHAPE = Rect [x:206.0 y:111.0 w:39.0 h:19.0]
		CHILDREN = 0
		PATH = [0, 4, 3]
	DESCRIPTION = Left Click at 'View'
	TEXT = Compound Action =
		Move mouse to (225.5, 120.5).
		Press Mouse Button BUTTON1
		Release Mouse Button BUTTON1

ExecutedAction [42]: 
 @Action ConcreteID = ACllor8h804257567231 AbstractID = AAllor8h804257567231
 ConcreteID CUSTOM = ConcreteID CUSTOM not available AbstractID CUSTOM = AA1jwyeh37e3349611507
 @State ConcreteID = SC13ehkaj1d61532943046 AbstractID = SRuxvih1ba2513313992
 ConcreteID CUSTOM = SC1b1x2ep1d4531800293 AbstractID CUSTOM = SA1e0xkku1d417380732

	ROLE = LeftClickAt
	TARGET =
		WIDGET = WC12b45x51c517775489, WR17v7k2nb1067391859, WT1qe89j4f2180189081, WP10d1byf183180104482
		ROLE = UIAMenuItem
		TITLE = Help
		SHAPE = Rect [x:245.0 y:111.0 w:39.0 h:19.0]
		CHILDREN = 0
		PATH = [0, 3, 4]
	DESCRIPTION = Left Click at 'Help'
	TEXT = Compound Action =
		Move mouse to (264.5, 120.5).
		Press Mouse Button BUTTON1
		Release Mouse Button BUTTON1

ExecutedAction [43]: 
 @Action ConcreteID = ACw65n82801570352633 AbstractID = AAw65n82801570352633
 ConcreteID CUSTOM = ConcreteID CUSTOM not available AbstractID CUSTOM = AA15pm9ds80553171790
 @State ConcreteID = SC1r23jpx2202118113862 AbstractID = SR1p2iogu2092294951997
 ConcreteID CUSTOM = SC1rlos3a2272653622694 AbstractID CUSTOM = SA19xk86e21f1597656056

	ROLE = LeftClickAt
	TARGET =
		WIDGET = WCdszybb1c22406618, WR17v7k2nb1067391859, WT1qeha5gf2005531835, WPk77bd1182459370466
		ROLE = UIAMenuItem
		TITLE = View
		SHAPE = Rect [x:206.0 y:111.0 w:39.0 h:19.0]
		CHILDREN = 0
		PATH = [0, 4, 3]
	DESCRIPTION = Left Click at 'View'
	TEXT = Compound Action =
		Move mouse to (225.5, 120.5).
		Press Mouse Button BUTTON1
		Release Mouse Button BUTTON1

ExecutedAction [44]: 
 @Action ConcreteID = ACllor8h804257567231 AbstractID = AAllor8h804257567231
 ConcreteID CUSTOM = ConcreteID CUSTOM not available AbstractID CUSTOM = AA1jwyeh37e3349611507
 @State ConcreteID = SC13ehkaj1d61532943046 AbstractID = SRuxvih1ba2513313992
 ConcreteID CUSTOM = SC1b1x2ep1d4531800293 AbstractID CUSTOM = SA1e0xkku1d417380732

	ROLE = LeftClickAt
	TARGET =
		WIDGET = WC12b45x51c517775489, WR17v7k2nb1067391859, WT1qe89j4f2180189081, WP10d1byf183180104482
		ROLE = UIAMenuItem
		TITLE = Help
		SHAPE = Rect [x:245.0 y:111.0 w:39.0 h:19.0]
		CHILDREN = 0
		PATH = [0, 3, 4]
	DESCRIPTION = Left Click at 'Help'
	TEXT = Compound Action =
		Move mouse to (264.5, 120.5).
		Press Mouse Button BUTTON1
		Release Mouse Button BUTTON1

ExecutedAction [45]: 
 @Action ConcreteID = AC1x7zb95ef1032359210 AbstractID = AA1yt14tvd53239521673
 ConcreteID CUSTOM = ConcreteID CUSTOM not available AbstractID CUSTOM = AA1cw396td51305289836
 @State ConcreteID = SC1r23jpx2202118113862 AbstractID = SR1p2iogu2092294951997
 ConcreteID CUSTOM = SC1rlos3a2272653622694 AbstractID CUSTOM = SA19xk86e21f1597656056

	ROLE = ClickTypeInto
	TARGET =
		WIDGET = WCh9rmbw1c1979157806, WR4n0dlj72701565195, WTei4yvd121088706799, WP1p79f7i182977098622
		ROLE = UIAEdit
		TITLE = Text Editor
		SHAPE = Rect [x:88.0 y:131.0 w:1227.0 h:412.0]
		CHILDREN = 1
		PATH = [0, 1]
	DESCRIPTION = Type '0xffffffffffffff...' into 'Text Editor
	TEXT = Compound Action =
		Compound Action =
		Move mouse to (701.5, 337.0).
		Press Mouse Button BUTTON1
		Release Mouse Button BUTTON1
		Press Key 17
		Press Key 65
		Release Key 65
		Release Key 17
		Type text '0xffffffffffffffff'

ExecutedAction [46]: 
 @Action ConcreteID = AC1kmffzm7d2466744473 AbstractID = AA1kmffzm7d2466744473
 ConcreteID CUSTOM = ConcreteID CUSTOM not available AbstractID CUSTOM = AAg5cfmv7e736620178
 @State ConcreteID = SCml91xb1d635297680 AbstractID = SRuxvih1ba2513313992
 ConcreteID CUSTOM = SC19vkveh1d53977880770 AbstractID CUSTOM = SA1e0xkku1d417380732

	ROLE = LeftClickAt
	TARGET =
		WIDGET = WCdfgprn1c4116076503, WR17v7k2nb1067391859, WT1qe6brdf138512687, WP1hwpd4x181691246414
		ROLE = UIAMenuItem
		TITLE = Edit
		SHAPE = Rect [x:120.0 y:111.0 w:34.0 h:19.0]
		CHILDREN = 0
		PATH = [0, 3, 1]
	DESCRIPTION = Left Click at 'Edit'
	TEXT = Compound Action =
		Move mouse to (137.0, 120.5).
		Press Mouse Button BUTTON1
		Release Mouse Button BUTTON1

ExecutedAction [47]: 
 @Action ConcreteID = AC1wfrfmu7f3948669473 AbstractID = AA1wfrfmu7f3948669473
 ConcreteID CUSTOM = ConcreteID CUSTOM not available AbstractID CUSTOM = AA1y5pqaq7f1219710013
 @State ConcreteID = SC4n52r52ea3478516707 AbstractID = SR1hpakru2d13589890082
 ConcreteID CUSTOM = SC1f5xttr2f11450303541 AbstractID CUSTOM = SA32r9dy2e72639583375

	ROLE = LeftClickAt
	TARGET =
		WIDGET = WC1b6cg9e2e2740816840, WR17v7k2nb1067391859, WTegevvk211768697895, WPz2xb8g2a3977213408
		ROLE = UIAMenuItem
		TITLE = Find Previous	Shift+F3
		SHAPE = Rect [x:123.0 y:323.0 w:225.0 h:22.0]
		CHILDREN = 0
		PATH = [0, 0, 8]
	DESCRIPTION = Left Click at 'Find Previous	Shift+F3'
	TEXT = Compound Action =
		Move mouse to (235.5, 334.0).
		Press Mouse Button BUTTON1
		Release Mouse Button BUTTON1

ExecutedAction [48]: 
 @Action ConcreteID = AC1hk7py1803046880665 AbstractID = AA1hk7py1803046880665
 ConcreteID CUSTOM = ConcreteID CUSTOM not available AbstractID CUSTOM = AAl838q27f2873815019
 @State ConcreteID = SC1uvxh4k2c31325093944 AbstractID = SR4ddoxt29f766351808
 ConcreteID CUSTOM = SC1f189q22c91977692717 AbstractID CUSTOM = SA75if752c42522409749

	ROLE = LeftClickAt
	TARGET =
		WIDGET = WC3sa13a1e2180180431, WR17v7k2nb1067391859, WTaz2n92112307194186, WPac53v81a2296708173
		ROLE = UIAMenuItem
		TITLE = Format
		SHAPE = Rect [x:154.0 y:111.0 w:52.0 h:19.0]
		CHILDREN = 0
		PATH = [0, 4, 2]
	DESCRIPTION = Left Click at 'Format'
	TEXT = Compound Action =
		Move mouse to (180.0, 120.5).
		Press Mouse Button BUTTON1
		Release Mouse Button BUTTON1

ExecutedAction [49]: 
 @Action ConcreteID = AC1rgsuan8066892904 AbstractID = AA1rgsuan8066892904
 ConcreteID CUSTOM = ConcreteID CUSTOM not available AbstractID CUSTOM = AAjeadac7f3875402334
 @State ConcreteID = SC1cx7jse3022251242619 AbstractID = SR1thh6cy2da2922162793
 ConcreteID CUSTOM = SC1fvdais3021723091955 AbstractID CUSTOM = SAycs8tn2f61145996036

	ROLE = LeftClickAt
	TARGET =
		WIDGET = WCdtjqwo1c1010158698, WR17v7k2nb1067391859, WT1qeha5gf2005531835, WPk7r3ye182952211026
		ROLE = UIAMenuItem
		TITLE = View
		SHAPE = Rect [x:206.0 y:111.0 w:39.0 h:19.0]
		CHILDREN = 0
		PATH = [0, 5, 3]
	DESCRIPTION = Left Click at 'View'
	TEXT = Compound Action =
		Move mouse to (225.5, 120.5).
		Press Mouse Button BUTTON1
		Release Mouse Button BUTTON1

ExecutedAction [50]: 
 @Action ConcreteID = ACup6sb1803738729172 AbstractID = AAup6sb1803738729172
 ConcreteID CUSTOM = ConcreteID CUSTOM not available AbstractID CUSTOM = AA1xe6d267f3221823654
 @State ConcreteID = SC1uvxh4k2c31325093944 AbstractID = SR4ddoxt29f766351808
 ConcreteID CUSTOM = SC1f189q22c91977692717 AbstractID CUSTOM = SA75if752c42522409749

	ROLE = LeftClickAt
	TARGET =
		WIDGET = WC12bnyii1c2902228113, WR17v7k2nb1067391859, WT1qe89j4f2180189081, WP10dl4js18262952754
		ROLE = UIAMenuItem
		TITLE = Help
		SHAPE = Rect [x:245.0 y:111.0 w:39.0 h:19.0]
		CHILDREN = 0
		PATH = [0, 4, 4]
	DESCRIPTION = Left Click at 'Help'
	TEXT = Compound Action =
		Move mouse to (264.5, 120.5).
		Press Mouse Button BUTTON1
		Release Mouse Button BUTTON1

ExecutedAction [51]: 
 @Action ConcreteID = ACmllplo7f4131587768 AbstractID = AAmllplo7f4131587768
 ConcreteID CUSTOM = ConcreteID CUSTOM not available AbstractID CUSTOM = AAt99hr6803330679802
 @State ConcreteID = SCas4jvp3161894052853 AbstractID = SRa54v6o2ee1453963913
 ConcreteID CUSTOM = SC1fuk09x3174273684681 AbstractID CUSTOM = SA190ugp430a1484144126

	ROLE = LeftClickAt
	TARGET =
		WIDGET = WC1w5yv5m1c1062774716, WR1h6ibpb92248851252, WT1vjbvvdf3603144044, WP8jwv48183885969904
		ROLE = UIAButton
		TITLE = Cancel
		SHAPE = Rect [x:414.0 y:318.0 w:75.0 h:23.0]
		CHILDREN = 0
		PATH = [0, 1, 8]
	DESCRIPTION = Left Click at 'Cancel'
	TEXT = Compound Action =
		Move mouse to (451.5, 329.5).
		Press Mouse Button BUTTON1
		Release Mouse Button BUTTON1

ExecutedAction [52]: 
 @Action ConcreteID = ACx9ynma7d3449202013 AbstractID = AAx9ynma7d3449202013
 ConcreteID CUSTOM = ConcreteID CUSTOM not available AbstractID CUSTOM = AA1rtzp8n7e1970717526
 @State ConcreteID = SCml91xb1d635297680 AbstractID = SRuxvih1ba2513313992
 ConcreteID CUSTOM = SC19vkveh1d53977880770 AbstractID CUSTOM = SA1e0xkku1d417380732

	ROLE = LeftClickAt
	TARGET =
		WIDGET = WC1fqsh0i1c2124881114, WR17v7k2nb1067391859, WT1qe72ijf99311909, WPjboygg183884664251
		ROLE = UIAMenuItem
		TITLE = File
		SHAPE = Rect [x:88.0 y:111.0 w:32.0 h:19.0]
		CHILDREN = 0
		PATH = [0, 3, 0]
	DESCRIPTION = Left Click at 'File'
	TEXT = Compound Action =
		Move mouse to (104.0, 120.5).
		Press Mouse Button BUTTON1
		Release Mouse Button BUTTON1

ExecutedAction [53]: 
 @Action ConcreteID = AC11r4ixse24199247547 AbstractID = AAqfy35id53358083527
 ConcreteID CUSTOM = ConcreteID CUSTOM not available AbstractID CUSTOM = AA1dgtovpd41373358711
 @State ConcreteID = SC1hnb9xx28a2230717920 AbstractID = SRml6io426d3670816528
 ConcreteID CUSTOM = SC16kxa4x28b2249596897 AbstractID CUSTOM = SAbduj6h2823690180780

	ROLE = ClickTypeInto
	TARGET =
		WIDGET = WCh9rmbw1c1979157806, WR4n0dlj72701565195, WTei4yvd121088706799, WP1p79f7i182977098622
		ROLE = UIAEdit
		TITLE = Text Editor
		SHAPE = Rect [x:88.0 y:131.0 w:1227.0 h:412.0]
		CHILDREN = 1
		PATH = [0, 1]
	DESCRIPTION = Type '-1.00' into 'Text Editor
	TEXT = Compound Action =
		Compound Action =
		Move mouse to (701.5, 337.0).
		Press Mouse Button BUTTON1
		Release Mouse Button BUTTON1
		Press Key 17
		Press Key 65
		Release Key 65
		Release Key 17
		Type text '-1.00'

ExecutedAction [54]: 
 @Action ConcreteID = AC2lg9mt80533565013 AbstractID = AA2lg9mt80533565013
 ConcreteID CUSTOM = ConcreteID CUSTOM not available AbstractID CUSTOM = AAwnu5b67e1086606522
 @State ConcreteID = SC16whw2c1d53779984702 AbstractID = SRuxvih1ba2513313992
 ConcreteID CUSTOM = SCttafxc1d44127149231 AbstractID CUSTOM = SA1e0xkku1d417380732

	ROLE = LeftClickAt
	TARGET =
		WIDGET = WCdsg5py1c3010804170, WR17v7k2nb1067391859, WT1qeha5gf2005531835, WPk6niro18548921330
		ROLE = UIAMenuItem
		TITLE = View
		SHAPE = Rect [x:206.0 y:111.0 w:39.0 h:19.0]
		CHILDREN = 0
		PATH = [0, 3, 3]
	DESCRIPTION = Left Click at 'View'
	TEXT = Compound Action =
		Move mouse to (225.5, 120.5).
		Press Mouse Button BUTTON1
		Release Mouse Button BUTTON1

ExecutedAction [55]: 
 @Action ConcreteID = AC8zofrw7f861398371 AbstractID = AA8zofrw7f861398371
 ConcreteID CUSTOM = ConcreteID CUSTOM not available AbstractID CUSTOM = AA8ftsf880513706707
 @State ConcreteID = SCnu2btf20a3172219597 AbstractID = SRhdom0g1f51351705365
 ConcreteID CUSTOM = SC1jpbpna2113974503784 AbstractID CUSTOM = SA1odsafd20b3326211211

	ROLE = LeftClickAt
	TARGET =
		WIDGET = WC1frc9lv1c3431448778, WR17v7k2nb1067391859, WT1qe72ijf99311909, WPjc8r1t181437309355
		ROLE = UIAMenuItem
		TITLE = File
		SHAPE = Rect [x:88.0 y:111.0 w:32.0 h:19.0]
		CHILDREN = 0
		PATH = [0, 4, 0]
	DESCRIPTION = Left Click at 'File'
	TEXT = Compound Action =
		Move mouse to (104.0, 120.5).
		Press Mouse Button BUTTON1
		Release Mouse Button BUTTON1

ExecutedAction [56]: 
 @Action ConcreteID = AC1cplgfq804092399185 AbstractID = AA1cplgfq804092399185
 ConcreteID CUSTOM = ConcreteID CUSTOM not available AbstractID CUSTOM = AA7qva4z7e2900675774
 @State ConcreteID = SC16whw2c1d53779984702 AbstractID = SRuxvih1ba2513313992
 ConcreteID CUSTOM = SCttafxc1d44127149231 AbstractID CUSTOM = SA1e0xkku1d417380732

	ROLE = LeftClickAt
	TARGET =
		WIDGET = WC3rq8hx1e869414367, WR17v7k2nb1067391859, WTaz2n92112307194186, WPablb9v1a985931869
		ROLE = UIAMenuItem
		TITLE = Format
		SHAPE = Rect [x:154.0 y:111.0 w:52.0 h:19.0]
		CHILDREN = 0
		PATH = [0, 3, 2]
	DESCRIPTION = Left Click at 'Format'
	TEXT = Compound Action =
		Move mouse to (180.0, 120.5).
		Press Mouse Button BUTTON1
		Release Mouse Button BUTTON1

ExecutedAction [57]: 
 @Action ConcreteID = AC19w9o0e803374150731 AbstractID = AA19w9o0e803374150731
 ConcreteID CUSTOM = ConcreteID CUSTOM not available AbstractID CUSTOM = AAvsaksk801074767639
 @State ConcreteID = SC1jf9m8h20c3842761449 AbstractID = SRhdom0g1f51351705365
 ConcreteID CUSTOM = SC1z0ltgg212919070094 AbstractID CUSTOM = SA1odsafd20b3326211211

	ROLE = LeftClickAt
	TARGET =
		WIDGET = WCdg0id01c1198951367, WR17v7k2nb1067391859, WT1qe6brdf138512687, WP1hx95qa183605955422
		ROLE = UIAMenuItem
		TITLE = Edit
		SHAPE = Rect [x:120.0 y:111.0 w:34.0 h:19.0]
		CHILDREN = 0
		PATH = [0, 4, 1]
	DESCRIPTION = Left Click at 'Edit'
	TEXT = Compound Action =
		Move mouse to (137.0, 120.5).
		Press Mouse Button BUTTON1
		Release Mouse Button BUTTON1

ExecutedAction [58]: 
 @Action ConcreteID = ACpukisq802561589532 AbstractID = AApukisq802561589532
 ConcreteID CUSTOM = ConcreteID CUSTOM not available AbstractID CUSTOM = AA1jwyeh37e3349611507
 @State ConcreteID = SC16whw2c1d53779984702 AbstractID = SRuxvih1ba2513313992
 ConcreteID CUSTOM = SCttafxc1d44127149231 AbstractID CUSTOM = SA1e0xkku1d417380732

	ROLE = LeftClickAt
	TARGET =
		WIDGET = WC12b45x51c517775489, WR17v7k2nb1067391859, WT1qe89j4f2180189081, WP10d1byf183180104482
		ROLE = UIAMenuItem
		TITLE = Help
		SHAPE = Rect [x:245.0 y:111.0 w:39.0 h:19.0]
		CHILDREN = 0
		PATH = [0, 3, 4]
	DESCRIPTION = Left Click at 'Help'
	TEXT = Compound Action =
		Move mouse to (264.5, 120.5).
		Press Mouse Button BUTTON1
		Release Mouse Button BUTTON1

ExecutedAction [59]: 
 @Action ConcreteID = ACzu7iq7803979952466 AbstractID = AAzu7iq7803979952466
 ConcreteID CUSTOM = ConcreteID CUSTOM not available AbstractID CUSTOM = AAgsne7l803436723018
 @State ConcreteID = SC1pfdl9k2201566569899 AbstractID = SR1p2iogu2092294951997
 ConcreteID CUSTOM = SC156hq232272615910106 AbstractID CUSTOM = SA19xk86e21f1597656056

	ROLE = LeftClickAt
	TARGET =
		WIDGET = WC3sa13a1e2180180431, WR17v7k2nb1067391859, WTaz2n92112307194186, WPac53v81a2296708173
		ROLE = UIAMenuItem
		TITLE = Format
		SHAPE = Rect [x:154.0 y:111.0 w:52.0 h:19.0]
		CHILDREN = 0
		PATH = [0, 4, 2]
	DESCRIPTION = Left Click at 'Format'
	TEXT = Compound Action =
		Move mouse to (180.0, 120.5).
		Press Mouse Button BUTTON1
		Release Mouse Button BUTTON1

ExecutedAction [60]: 
 @Action ConcreteID = AC1l42lxm801961766013 AbstractID = AA1l42lxm801961766013
 ConcreteID CUSTOM = ConcreteID CUSTOM not available AbstractID CUSTOM = AAg5cfmv7e736620178
 @State ConcreteID = SC16whw2c1d53779984702 AbstractID = SRuxvih1ba2513313992
 ConcreteID CUSTOM = SCttafxc1d44127149231 AbstractID CUSTOM = SA1e0xkku1d417380732

	ROLE = LeftClickAt
	TARGET =
		WIDGET = WCdfgprn1c4116076503, WR17v7k2nb1067391859, WT1qe6brdf138512687, WP1hwpd4x181691246414
		ROLE = UIAMenuItem
		TITLE = Edit
		SHAPE = Rect [x:120.0 y:111.0 w:34.0 h:19.0]
		CHILDREN = 0
		PATH = [0, 3, 1]
	DESCRIPTION = Left Click at 'Edit'
	TEXT = Compound Action =
		Move mouse to (137.0, 120.5).
		Press Mouse Button BUTTON1
		Release Mouse Button BUTTON1

ExecutedAction [61]: 
 @Action ConcreteID = AChiqx6a802734988958 AbstractID = AAhiqx6a802734988958
 ConcreteID CUSTOM = ConcreteID CUSTOM not available AbstractID CUSTOM = AA1noz2qf7f913414063
 @State ConcreteID = SC1bjuad72e94079228519 AbstractID = SR1hpakru2d13589890082
 ConcreteID CUSTOM = SCayuf592f22598940044 AbstractID CUSTOM = SA32r9dy2e72639583375

	ROLE = LeftClickAt
	TARGET =
		WIDGET = WC1gv822j263919704325, WR17v7k2nb1067391859, WT1ynd82h19783827069, WPviwqmh221970347924
		ROLE = UIAMenuItem
		TITLE = Find...	Ctrl+F
		SHAPE = Rect [x:123.0 y:279.0 w:225.0 h:22.0]
		CHILDREN = 0
		PATH = [0, 0, 6]
	DESCRIPTION = Left Click at 'Find...	Ctrl+F'
	TEXT = Compound Action =
		Move mouse to (235.5, 290.0).
		Press Mouse Button BUTTON1
		Release Mouse Button BUTTON1

ExecutedAction [62]: 
 @Action ConcreteID = ACl046k80149877398 AbstractID = AAl046k80149877398
 ConcreteID CUSTOM = ConcreteID CUSTOM not available AbstractID CUSTOM = AA6a3lum7f1926815747
 @State ConcreteID = SC13ppi4q2c22273581045 AbstractID = SR4ddoxt29f766351808
 ConcreteID CUSTOM = SC4e1iu22ca3919761576 AbstractID CUSTOM = SA75if752c42522409749

	ROLE = LeftClickAt
	TARGET =
		WIDGET = WC1frc9lv1c3431448778, WR17v7k2nb1067391859, WT1qe72ijf99311909, WPjc8r1t181437309355
		ROLE = UIAMenuItem
		TITLE = File
		SHAPE = Rect [x:88.0 y:111.0 w:32.0 h:19.0]
		CHILDREN = 0
		PATH = [0, 4, 0]
	DESCRIPTION = Left Click at 'File'
	TEXT = Compound Action =
		Move mouse to (104.0, 120.5).
		Press Mouse Button BUTTON1
		Release Mouse Button BUTTON1

ExecutedAction [63]: 
 @Action ConcreteID = AC13zz9gw7f625484888 AbstractID = AA13zz9gw7f625484888
 ConcreteID CUSTOM = ConcreteID CUSTOM not available AbstractID CUSTOM = AA4936qj7f2476533520
 @State ConcreteID = SC7w8wux37e2313957295 AbstractID = SRlcucxy3524002342856
 ConcreteID CUSTOM = SC1pdu4737b4095438641 AbstractID CUSTOM = SAl4puqh36d3536599012

	ROLE = LeftClickAt
	TARGET =
		WIDGET = WC1w5yv5m1c1062774716, WR1h6ibpb92248851252, WT1vjbvvdf3603144044, WP8jwv48183885969904
		ROLE = UIAButton
		TITLE = Cancel
		SHAPE = Rect [x:414.0 y:318.0 w:75.0 h:23.0]
		CHILDREN = 0
		PATH = [0, 1, 8]
	DESCRIPTION = Left Click at 'Cancel'
	TEXT = Compound Action =
		Move mouse to (451.5, 329.5).
		Press Mouse Button BUTTON1
		Release Mouse Button BUTTON1

ExecutedAction [64]: 
 @Action ConcreteID = AC1l42lxm801961766013 AbstractID = AA1l42lxm801961766013
 ConcreteID CUSTOM = ConcreteID CUSTOM not available AbstractID CUSTOM = AAg5cfmv7e736620178
 @State ConcreteID = SC16whw2c1d53779984702 AbstractID = SRuxvih1ba2513313992
 ConcreteID CUSTOM = SCttafxc1d44127149231 AbstractID CUSTOM = SA1e0xkku1d417380732

	ROLE = LeftClickAt
	TARGET =
		WIDGET = WCdfgprn1c4116076503, WR17v7k2nb1067391859, WT1qe6brdf138512687, WP1hwpd4x181691246414
		ROLE = UIAMenuItem
		TITLE = Edit
		SHAPE = Rect [x:120.0 y:111.0 w:34.0 h:19.0]
		CHILDREN = 0
		PATH = [0, 3, 1]
	DESCRIPTION = Left Click at 'Edit'
	TEXT = Compound Action =
		Move mouse to (137.0, 120.5).
		Press Mouse Button BUTTON1
		Release Mouse Button BUTTON1

ExecutedAction [65]: 
 @Action ConcreteID = AC1cc6cw1802951235747 AbstractID = AA1cc6cw1802951235747
 ConcreteID CUSTOM = ConcreteID CUSTOM not available AbstractID CUSTOM = AAjhagh27f983384466
 @State ConcreteID = SC1bjuad72e94079228519 AbstractID = SR1hpakru2d13589890082
 ConcreteID CUSTOM = SCayuf592f22598940044 AbstractID CUSTOM = SA32r9dy2e72639583375

	ROLE = LeftClickAt
	TARGET =
		WIDGET = WC1frc9lv1c3431448778, WR17v7k2nb1067391859, WT1qe72ijf99311909, WPjc8r1t181437309355
		ROLE = UIAMenuItem
		TITLE = File
		SHAPE = Rect [x:88.0 y:111.0 w:32.0 h:19.0]
		CHILDREN = 0
		PATH = [0, 4, 0]
	DESCRIPTION = Left Click at 'File'
	TEXT = Compound Action =
		Move mouse to (104.0, 120.5).
		Press Mouse Button BUTTON1
		Release Mouse Button BUTTON1

ExecutedAction [66]: 
 @Action ConcreteID = ACxrltka80712966585 AbstractID = AAxrltka80712966585
 ConcreteID CUSTOM = ConcreteID CUSTOM not available AbstractID CUSTOM = AA1rtzp8n7e1970717526
 @State ConcreteID = SC16whw2c1d53779984702 AbstractID = SRuxvih1ba2513313992
 ConcreteID CUSTOM = SCttafxc1d44127149231 AbstractID CUSTOM = SA1e0xkku1d417380732

	ROLE = LeftClickAt
	TARGET =
		WIDGET = WC1fqsh0i1c2124881114, WR17v7k2nb1067391859, WT1qe72ijf99311909, WPjboygg183884664251
		ROLE = UIAMenuItem
		TITLE = File
		SHAPE = Rect [x:88.0 y:111.0 w:32.0 h:19.0]
		CHILDREN = 0
		PATH = [0, 3, 0]
	DESCRIPTION = Left Click at 'File'
	TEXT = Compound Action =
		Move mouse to (104.0, 120.5).
		Press Mouse Button BUTTON1
		Release Mouse Button BUTTON1

ExecutedAction [67]: 
 @Action ConcreteID = ACsumftj801680834562 AbstractID = AAsumftj801680834562
 ConcreteID CUSTOM = ConcreteID CUSTOM not available AbstractID CUSTOM = AA7o2qr27f2102556230
 @State ConcreteID = SC1qvoazb2891410224706 AbstractID = SRml6io426d3670816528
 ConcreteID CUSTOM = SCsztonv28c461823166 AbstractID CUSTOM = SAbduj6h2823690180780

	ROLE = LeftClickAt
	TARGET =
		WIDGET = WC1hu1e84223620388792, WR17v7k2nb1067391859, WT1otgxiu151058087525, WP1dvs8421e3158620222
		ROLE = UIAMenuItem
		TITLE = New	Ctrl+N
		SHAPE = Rect [x:91.0 y:133.0 w:223.0 h:22.0]
		CHILDREN = 0
		PATH = [0, 0, 0]
	DESCRIPTION = Left Click at 'New	Ctrl+N'
	TEXT = Compound Action =
		Move mouse to (202.5, 144.0).
		Press Mouse Button BUTTON1
		Release Mouse Button BUTTON1

ExecutedAction [68]: 
 @Action ConcreteID = AC9amjdv81396711698 AbstractID = AA9amjdv81396711698
 ConcreteID CUSTOM = ConcreteID CUSTOM not available AbstractID CUSTOM = AAlw8qcz822328405483
 @State ConcreteID = SCnjvlnd25f1101485399 AbstractID = SR1wh82la2422780807981
 ConcreteID CUSTOM = SC195qlti261392644538 AbstractID CUSTOM = SA1wzwftm25e1874330336

	ROLE = LeftClickAt
	TARGET =
		WIDGET = WC1w5f2fy1c3788265415, WR1h6ibpb92248851252, WT1vjbvvdf3603144044, WP8jd2ek18957071755
		ROLE = UIAButton
		TITLE = Cancel
		SHAPE = Rect [x:1765.0 y:1029.0 w:72.0 h:23.0]
		CHILDREN = 0
		PATH = [0, 0, 3]
	DESCRIPTION = Left Click at 'Cancel'
	TEXT = Compound Action =
		Move mouse to (1801.0, 1040.5).
		Press Mouse Button BUTTON1
		Release Mouse Button BUTTON1

ExecutedAction [69]: 
 @Action ConcreteID = ACpukisq802561589532 AbstractID = AApukisq802561589532
 ConcreteID CUSTOM = ConcreteID CUSTOM not available AbstractID CUSTOM = AA1jwyeh37e3349611507
 @State ConcreteID = SC16whw2c1d53779984702 AbstractID = SRuxvih1ba2513313992
 ConcreteID CUSTOM = SCttafxc1d44127149231 AbstractID CUSTOM = SA1e0xkku1d417380732

	ROLE = LeftClickAt
	TARGET =
		WIDGET = WC12b45x51c517775489, WR17v7k2nb1067391859, WT1qe89j4f2180189081, WP10d1byf183180104482
		ROLE = UIAMenuItem
		TITLE = Help
		SHAPE = Rect [x:245.0 y:111.0 w:39.0 h:19.0]
		CHILDREN = 0
		PATH = [0, 3, 4]
	DESCRIPTION = Left Click at 'Help'
	TEXT = Compound Action =
		Move mouse to (264.5, 120.5).
		Press Mouse Button BUTTON1
		Release Mouse Button BUTTON1

ExecutedAction [70]: 
 @Action ConcreteID = AC188oo83801782211454 AbstractID = AA188oo83801782211454
 ConcreteID CUSTOM = ConcreteID CUSTOM not available AbstractID CUSTOM = AAp74jph801272650086
 @State ConcreteID = SC1pfdl9k2201566569899 AbstractID = SR1p2iogu2092294951997
 ConcreteID CUSTOM = SC156hq232272615910106 AbstractID CUSTOM = SA19xk86e21f1597656056

	ROLE = LeftClickAt
	TARGET =
		WIDGET = WCdg0id01c1198951367, WR17v7k2nb1067391859, WT1qe6brdf138512687, WP1hx95qa183605955422
		ROLE = UIAMenuItem
		TITLE = Edit
		SHAPE = Rect [x:120.0 y:111.0 w:34.0 h:19.0]
		CHILDREN = 0
		PATH = [0, 4, 1]
	DESCRIPTION = Left Click at 'Edit'
	TEXT = Compound Action =
		Move mouse to (137.0, 120.5).
		Press Mouse Button BUTTON1
		Release Mouse Button BUTTON1

ExecutedAction [71]: 
 @Action ConcreteID = ACpukisq802561589532 AbstractID = AApukisq802561589532
 ConcreteID CUSTOM = ConcreteID CUSTOM not available AbstractID CUSTOM = AA1jwyeh37e3349611507
 @State ConcreteID = SC16whw2c1d53779984702 AbstractID = SRuxvih1ba2513313992
 ConcreteID CUSTOM = SCttafxc1d44127149231 AbstractID CUSTOM = SA1e0xkku1d417380732

	ROLE = LeftClickAt
	TARGET =
		WIDGET = WC12b45x51c517775489, WR17v7k2nb1067391859, WT1qe89j4f2180189081, WP10d1byf183180104482
		ROLE = UIAMenuItem
		TITLE = Help
		SHAPE = Rect [x:245.0 y:111.0 w:39.0 h:19.0]
		CHILDREN = 0
		PATH = [0, 3, 4]
	DESCRIPTION = Left Click at 'Help'
	TEXT = Compound Action =
		Move mouse to (264.5, 120.5).
		Press Mouse Button BUTTON1
		Release Mouse Button BUTTON1

ExecutedAction [72]: 
 @Action ConcreteID = ACqzdcpk1052372434218 AbstractID = AA1845t7rd54208242008
 ConcreteID CUSTOM = ConcreteID CUSTOM not available AbstractID CUSTOM = AA1cw396td51305289836
 @State ConcreteID = SC1pfdl9k2201566569899 AbstractID = SR1p2iogu2092294951997
 ConcreteID CUSTOM = SC156hq232272615910106 AbstractID CUSTOM = SA19xk86e21f1597656056

	ROLE = ClickTypeInto
	TARGET =
		WIDGET = WCh9rmbw1c1979157806, WR4n0dlj72701565195, WTei4yvd121088706799, WP1p79f7i182977098622
		ROLE = UIAEdit
		TITLE = Text Editor
		SHAPE = Rect [x:88.0 y:131.0 w:1227.0 h:412.0]
		CHILDREN = 1
		PATH = [0, 1]
	DESCRIPTION = Type '<i onwheel=alert...' into 'Text Editor
	TEXT = Compound Action =
		Compound Action =
		Move mouse to (701.5, 337.0).
		Press Mouse Button BUTTON1
		Release Mouse Button BUTTON1
		Press Key 17
		Press Key 65
		Release Key 65
		Release Key 17
		Type text '<i onwheel=alert(1)> Scroll over me </i>'

ExecutedAction [73]: 
 @Action ConcreteID = AC1qppcep7f4182288462 AbstractID = AA1qppcep7f4182288462
 ConcreteID CUSTOM = ConcreteID CUSTOM not available AbstractID CUSTOM = AA7qva4z7e2900675774
 @State ConcreteID = SCrgsiiv1d54000390966 AbstractID = SRuxvih1ba2513313992
 ConcreteID CUSTOM = SCl3dg6y1d53241870541 AbstractID CUSTOM = SA1e0xkku1d417380732

	ROLE = LeftClickAt
	TARGET =
		WIDGET = WC3rq8hx1e869414367, WR17v7k2nb1067391859, WTaz2n92112307194186, WPablb9v1a985931869
		ROLE = UIAMenuItem
		TITLE = Format
		SHAPE = Rect [x:154.0 y:111.0 w:52.0 h:19.0]
		CHILDREN = 0
		PATH = [0, 3, 2]
	DESCRIPTION = Left Click at 'Format'
	TEXT = Compound Action =
		Move mouse to (180.0, 120.5).
		Press Mouse Button BUTTON1
		Release Mouse Button BUTTON1

ExecutedAction [74]: 
 @Action ConcreteID = AC1h0pkk97f189940821 AbstractID = AA1h0pkk97f189940821
 ConcreteID CUSTOM = ConcreteID CUSTOM not available AbstractID CUSTOM = AA1casagv80724305215
 @State ConcreteID = SC713ati20d2868957426 AbstractID = SRhdom0g1f51351705365
 ConcreteID CUSTOM = SC17ddkj6211790690163 AbstractID CUSTOM = SA1odsafd20b3326211211

	ROLE = LeftClickAt
	TARGET =
		WIDGET = WCdszybb1c22406618, WR17v7k2nb1067391859, WT1qeha5gf2005531835, WPk77bd1182459370466
		ROLE = UIAMenuItem
		TITLE = View
		SHAPE = Rect [x:206.0 y:111.0 w:39.0 h:19.0]
		CHILDREN = 0
		PATH = [0, 4, 3]
	DESCRIPTION = Left Click at 'View'
	TEXT = Compound Action =
		Move mouse to (225.5, 120.5).
		Press Mouse Button BUTTON1
		Release Mouse Button BUTTON1

ExecutedAction [75]: 
 @Action ConcreteID = AC1qppcep7f4182288462 AbstractID = AA1qppcep7f4182288462
 ConcreteID CUSTOM = ConcreteID CUSTOM not available AbstractID CUSTOM = AA7qva4z7e2900675774
 @State ConcreteID = SCrgsiiv1d54000390966 AbstractID = SRuxvih1ba2513313992
 ConcreteID CUSTOM = SCl3dg6y1d53241870541 AbstractID CUSTOM = SA1e0xkku1d417380732

	ROLE = LeftClickAt
	TARGET =
		WIDGET = WC3rq8hx1e869414367, WR17v7k2nb1067391859, WTaz2n92112307194186, WPablb9v1a985931869
		ROLE = UIAMenuItem
		TITLE = Format
		SHAPE = Rect [x:154.0 y:111.0 w:52.0 h:19.0]
		CHILDREN = 0
		PATH = [0, 3, 2]
	DESCRIPTION = Left Click at 'Format'
	TEXT = Compound Action =
		Move mouse to (180.0, 120.5).
		Press Mouse Button BUTTON1
		Release Mouse Button BUTTON1

ExecutedAction [76]: 
 @Action ConcreteID = AC1fxd0zb7f1707779975 AbstractID = AA1fxd0zb7f1707779975
 ConcreteID CUSTOM = ConcreteID CUSTOM not available AbstractID CUSTOM = AA1b7fqvx801169483501
 @State ConcreteID = SC713ati20d2868957426 AbstractID = SRhdom0g1f51351705365
 ConcreteID CUSTOM = SC17ddkj6211790690163 AbstractID CUSTOM = SA1odsafd20b3326211211

	ROLE = LeftClickAt
	TARGET =
		WIDGET = WC1u4fdmh214152205479, WR17v7k2nb1067391859, WTxuhgyp144189972595, WP1dm09vr1d3477249161
		ROLE = UIAMenuItem
		TITLE = Word Wrap
		SHAPE = Rect [x:157.0 y:133.0 w:144.0 h:22.0]
		CHILDREN = 0
		PATH = [0, 0, 0]
	DESCRIPTION = Left Click at 'Word Wrap'
	TEXT = Compound Action =
		Move mouse to (229.0, 144.0).
		Press Mouse Button BUTTON1
		Release Mouse Button BUTTON1

ExecutedAction [77]: 
 @Action ConcreteID = AC1i7w7pg7f629150613 AbstractID = AA1i7w7pg7f629150613
 ConcreteID CUSTOM = ConcreteID CUSTOM not available AbstractID CUSTOM = AA16r13ma7f614556885
 @State ConcreteID = SCx0ucmv2212689415416 AbstractID = SR1hca8yg2083573223560
 ConcreteID CUSTOM = SC158qwm82221728645543 AbstractID CUSTOM = SAtloevc21f2668501822

	ROLE = LeftClickAt
	TARGET =
		WIDGET = WC3rq8hx1e869414367, WR17v7k2nb1067391859, WTaz2n92112307194186, WPablb9v1a985931869
		ROLE = UIAMenuItem
		TITLE = Format
		SHAPE = Rect [x:154.0 y:111.0 w:52.0 h:19.0]
		CHILDREN = 0
		PATH = [0, 3, 2]
	DESCRIPTION = Left Click at 'Format'
	TEXT = Compound Action =
		Move mouse to (180.0, 120.5).
		Press Mouse Button BUTTON1
		Release Mouse Button BUTTON1

ExecutedAction [78]: 
 @Action ConcreteID = AC163hmg1801613239787 AbstractID = AA163hmg1801613239787
 ConcreteID CUSTOM = ConcreteID CUSTOM not available AbstractID CUSTOM = AA18evwpa7f2138355397
 @State ConcreteID = SC16ietoe25e3052410987 AbstractID = SRj5frjz243105811488
 ConcreteID CUSTOM = SC1qs9u322621845386684 AbstractID CUSTOM = SA1k5pjmd25b739509799

	ROLE = LeftClickAt
	TARGET =
		WIDGET = WC1084jd1f2874738980, WR17v7k2nb1067391859, WT1k0pzz412734516100, WPdmv4jr1b3951525617
		ROLE = UIAMenuItem
		TITLE = Font...
		SHAPE = Rect [x:157.0 y:155.0 w:144.0 h:22.0]
		CHILDREN = 0
		PATH = [0, 0, 1]
	DESCRIPTION = Left Click at 'Font...'
	TEXT = Compound Action =
		Move mouse to (229.0, 166.0).
		Press Mouse Button BUTTON1
		Release Mouse Button BUTTON1

ExecutedAction [79]: 
 @Action ConcreteID = AC7vqq8w7f170459854 AbstractID = AA7vqq8w7f170459854
 ConcreteID CUSTOM = ConcreteID CUSTOM not available AbstractID CUSTOM = AA1x8auyl802807216334
 @State ConcreteID = SCau4fxu6871075695189 AbstractID = SRdwtcoc63d2608603672
 ConcreteID CUSTOM = SC14z29au6981996748606 AbstractID CUSTOM = SA13h9d2q6864147623809

	ROLE = LeftClickAt
	TARGET =
		WIDGET = WC6fa34h22743648695, WR52qhb2b3065858412, WTq22ksjf2912385765, WPl0h6hr1e4237094975
		ROLE = UIAListItem
		TITLE = Bold
		SHAPE = Rect [x:321.0 y:355.0 w:109.0 h:19.0]
		CHILDREN = 0
		PATH = [0, 0, 3, 0, 3]
	DESCRIPTION = Left Click at 'Bold'
	TEXT = Compound Action =
		Move mouse to (375.5, 364.5).
		Press Mouse Button BUTTON1
		Release Mouse Button BUTTON1

ExecutedAction [80]: 
 @Action ConcreteID = AC13xggao7f4188113067 AbstractID = AA13xggao7f4188113067
 ConcreteID CUSTOM = ConcreteID CUSTOM not available AbstractID CUSTOM = AAu8wj19801423585963
 @State ConcreteID = SCau4fxu6871075695189 AbstractID = SRdwtcoc63d2608603672
 ConcreteID CUSTOM = SC14z29au6981996748606 AbstractID CUSTOM = SA13h9d2q6864147623809

	ROLE = LeftClickAt
	TARGET =
		WIDGET = WC11hoya227860655646, WR16s6p21c140494670, WTdtcs8f142835715827, WP6m4wns232708476707
		ROLE = UIAScrollBar
		TITLE = Vertical
		SHAPE = Rect [x:284.0 y:317.0 w:17.0 h:114.0]
		CHILDREN = 5
		PATH = [0, 0, 1, 0, 0]
	DESCRIPTION = Left Click at 'Vertical'
	TEXT = Compound Action =
		Move mouse to (292.5, 374.0).
		Press Mouse Button BUTTON1
		Release Mouse Button BUTTON1

ExecutedAction [81]: 
 @Action ConcreteID = AC1mfexxa7f884878434 AbstractID = AA1mfexxa7f884878434
 ConcreteID CUSTOM = ConcreteID CUSTOM not available AbstractID CUSTOM = AA1cqv0nv802579863138
 @State ConcreteID = SCau4fxu6871075695189 AbstractID = SRdwtcoc63d2608603672
 ConcreteID CUSTOM = SC14z29au6981996748606 AbstractID CUSTOM = SA13h9d2q6864147623809

	ROLE = LeftClickAt
	TARGET =
		WIDGET = WC1jf7b8s1f2199453133, WR17qbaneb3904637586, WT1oe7pvp1243228967, WP1lvuol61b2004616232
		ROLE = UIAComboBox
		TITLE = Script:
		SHAPE = Rect [x:319.0 y:554.0 w:210.0 h:22.0]
		CHILDREN = 1
		PATH = [0, 0, 9]
	DESCRIPTION = Left Click at 'Script:'
	TEXT = Compound Action =
		Move mouse to (424.0, 565.0).
		Press Mouse Button BUTTON1
		Release Mouse Button BUTTON1

ExecutedAction [82]: 
 @Action ConcreteID = AC1wblnyb7e202380694 AbstractID = AA1wblnyb7e202380694
 ConcreteID CUSTOM = ConcreteID CUSTOM not available AbstractID CUSTOM = AAk3va67d2648587087
 @State ConcreteID = SCeu03527cc691099059 AbstractID = SRq1t8gk76d1205341672
 ConcreteID CUSTOM = SCkrl3om7e21683827388 AbstractID CUSTOM = SAl0yrtm7c374009076

	ROLE = LeftClickAt
	TARGET =
		WIDGET = WCeiauts20336961919, WR52qhb2b3065858412, WT1bx8b1ad2721479724, WPq6tn8e1c3897934773
		ROLE = UIAListItem
		TITLE = 22
		SHAPE = Rect [x:468.0 y:407.0 w:42.0 h:15.0]
		CHILDREN = 0
		PATH = [0, 0, 5, 0, 7]
	DESCRIPTION = Left Click at '22'
	TEXT = Compound Action =
		Move mouse to (489.0, 414.5).
		Press Mouse Button BUTTON1
		Release Mouse Button BUTTON1

ExecutedAction [83]: 
 @Action ConcreteID = ACe0msok110493523666 AbstractID = AA1utiij5d4109941625
 ConcreteID CUSTOM = ConcreteID CUSTOM not available AbstractID CUSTOM = AA1jekoesd53740034617
 @State ConcreteID = SCau4fxu6871075695189 AbstractID = SRdwtcoc63d2608603672
 ConcreteID CUSTOM = SC14z29au6981996748606 AbstractID CUSTOM = SA13h9d2q6864147623809

	ROLE = ClickTypeInto
	TARGET =
		WIDGET = WC1c9f37u1c900160808, WR4n0dlj72701565195, WT4tp51ec4080314411, WP1rwf5vg183341526434
		ROLE = UIAEdit
		TITLE = Size:
		SHAPE = Rect [x:469.0 y:296.0 w:57.0 h:16.0]
		CHILDREN = 0
		PATH = [0, 0, 5, 1]
	DESCRIPTION = Type '"`'><script>\xE2...' into 'Size:
	TEXT = Compound Action =
		Compound Action =
		Move mouse to (497.5, 304.0).
		Press Mouse Button BUTTON1
		Release Mouse Button BUTTON1
		Press Key 17
		Press Key 65
		Release Key 65
		Release Key 17
		Type text '"`'><script>\xE2\x80\xA8javascript:alert(1)</script>'

ExecutedAction [84]: 
 @Action ConcreteID = AC13mobde80698714942 AbstractID = AA13mobde80698714942
 ConcreteID CUSTOM = ConcreteID CUSTOM not available AbstractID CUSTOM = AAcp5x8e7f4057027487
 @State ConcreteID = SC1uwv9z06794070906845 AbstractID = SR16d6oid6291658365938
 ConcreteID CUSTOM = SC1qj75tg684258946895 AbstractID CUSTOM = SA50burn6702198454742

	ROLE = LeftClickAt
	TARGET =
		WIDGET = WC1in6gpd263040361230, WR1h6ibpb92248851252, WTbcxonh101439247762, WPe8i4xv22705428407
		ROLE = UIAButton
		TITLE = Page up
		SHAPE = Rect [x:284.0 y:334.0 w:17.0 h:39.0]
		CHILDREN = 0
		PATH = [0, 0, 1, 0, 0, 1]
	DESCRIPTION = Left Click at 'Page up'
	TEXT = Compound Action =
		Move mouse to (292.5, 353.5).
		Press Mouse Button BUTTON1
		Release Mouse Button BUTTON1

ExecutedAction [85]: 
 @Action ConcreteID = AC1wka79z7e4043355149 AbstractID = AA1wka79z7e4043355149
 ConcreteID CUSTOM = ConcreteID CUSTOM not available AbstractID CUSTOM = AAyz1zsr7f2753911650
 @State ConcreteID = SCiyq6an67a849638609 AbstractID = SR16d6oid6291658365938
 ConcreteID CUSTOM = SC187ham6843521503437 AbstractID CUSTOM = SA50burn6702198454742

	ROLE = LeftClickAt
	TARGET =
		WIDGET = WC1wirvse204063465224, WR52qhb2b3065858412, WT1bx8b0hd1618512602, WP1lyajcs1c4047880340
		ROLE = UIAListItem
		TITLE = 14
		SHAPE = Rect [x:468.0 y:392.0 w:42.0 h:15.0]
		CHILDREN = 0
		PATH = [0, 0, 5, 0, 6]
	DESCRIPTION = Left Click at '14'
	TEXT = Compound Action =
		Move mouse to (489.0, 399.5).
		Press Mouse Button BUTTON1
		Release Mouse Button BUTTON1

ExecutedAction [86]: 
 @Action ConcreteID = ACtau1iz7e783001976 AbstractID = AAtau1iz7e783001976
 ConcreteID CUSTOM = ConcreteID CUSTOM not available AbstractID CUSTOM = AA1uqpw0v7f2072921623
 @State ConcreteID = SCiyq6an67a849638609 AbstractID = SR16d6oid6291658365938
 ConcreteID CUSTOM = SC187ham6843521503437 AbstractID CUSTOM = SA50burn6702198454742

	ROLE = LeftClickAt
	TARGET =
		WIDGET = WC1grpg081d601422470, WR1h6ibpb92248851252, WT1vjbvvdf3603144044, WP1fkwu62191550463147
		ROLE = UIAButton
		TITLE = Cancel
		SHAPE = Rect [x:452.0 y:666.0 w:79.0 h:26.0]
		CHILDREN = 0
		PATH = [0, 0, 12]
	DESCRIPTION = Left Click at 'Cancel'
	TEXT = Compound Action =
		Move mouse to (491.5, 679.0).
		Press Mouse Button BUTTON1
		Release Mouse Button BUTTON1

ExecutedAction [87]: 
 @Action ConcreteID = ACvcva2g7f1321458904 AbstractID = AAvcva2g7f1321458904
 ConcreteID CUSTOM = ConcreteID CUSTOM not available AbstractID CUSTOM = AAjw05za7f1340255128
 @State ConcreteID = SCx0ucmv2212689415416 AbstractID = SR1hca8yg2083573223560
 ConcreteID CUSTOM = SC158qwm82221728645543 AbstractID CUSTOM = SAtloevc21f2668501822

	ROLE = LeftClickAt
	TARGET =
		WIDGET = WC12b45x51c517775489, WR17v7k2nb1067391859, WT1qe89j4f2180189081, WP10d1byf183180104482
		ROLE = UIAMenuItem
		TITLE = Help
		SHAPE = Rect [x:245.0 y:111.0 w:39.0 h:19.0]
		CHILDREN = 0
		PATH = [0, 3, 4]
	DESCRIPTION = Left Click at 'Help'
	TEXT = Compound Action =
		Move mouse to (264.5, 120.5).
		Press Mouse Button BUTTON1
		Release Mouse Button BUTTON1

ExecutedAction [88]: 
 @Action ConcreteID = AC1q8ei2l7f2525890741 AbstractID = AA1q8ei2l7f2525890741
 ConcreteID CUSTOM = ConcreteID CUSTOM not available AbstractID CUSTOM = AA8wgd598093805904
 @State ConcreteID = SC14lk7th272667214494 AbstractID = SR16prhrh2572136073137
 ConcreteID CUSTOM = SCqe6s492772273562778 AbstractID CUSTOM = SA1vjl86q26f2973890247

	ROLE = LeftClickAt
	TARGET =
		WIDGET = WC1frc9lv1c3431448778, WR17v7k2nb1067391859, WT1qe72ijf99311909, WPjc8r1t181437309355
		ROLE = UIAMenuItem
		TITLE = File
		SHAPE = Rect [x:88.0 y:111.0 w:32.0 h:19.0]
		CHILDREN = 0
		PATH = [0, 4, 0]
	DESCRIPTION = Left Click at 'File'
	TEXT = Compound Action =
		Move mouse to (104.0, 120.5).
		Press Mouse Button BUTTON1
		Release Mouse Button BUTTON1

ExecutedAction [89]: 
 @Action ConcreteID = AC83r0wj7f3382743953 AbstractID = AA83r0wj7f3382743953
 ConcreteID CUSTOM = ConcreteID CUSTOM not available AbstractID CUSTOM = AA1vnzysh7f3363955921
 @State ConcreteID = SCx0ucmv2212689415416 AbstractID = SR1hca8yg2083573223560
 ConcreteID CUSTOM = SC158qwm82221728645543 AbstractID CUSTOM = SAtloevc21f2668501822

	ROLE = LeftClickAt
	TARGET =
		WIDGET = WCdsg5py1c3010804170, WR17v7k2nb1067391859, WT1qeha5gf2005531835, WPk6niro18548921330
		ROLE = UIAMenuItem
		TITLE = View
		SHAPE = Rect [x:206.0 y:111.0 w:39.0 h:19.0]
		CHILDREN = 0
		PATH = [0, 3, 3]
	DESCRIPTION = Left Click at 'View'
	TEXT = Compound Action =
		Move mouse to (225.5, 120.5).
		Press Mouse Button BUTTON1
		Release Mouse Button BUTTON1

ExecutedAction [90]: 
 @Action ConcreteID = AC188df8z7e739260229 AbstractID = AA188df8z7e739260229
 ConcreteID CUSTOM = ConcreteID CUSTOM not available AbstractID CUSTOM = AA17vwvv97f3520020911
 @State ConcreteID = SCl09lsu25c454869893 AbstractID = SRj5frjz243105811488
 ConcreteID CUSTOM = SCavoipk2613964921998 AbstractID CUSTOM = SA1k5pjmd25b739509799

	ROLE = LeftClickAt
	TARGET =
		WIDGET = WC6pcuad223805616873, WR17v7k2nb1067391859, WT1mzygsk152008856611, WPp3o8pv1e1944084836
		ROLE = UIAMenuItem
		TITLE = Status Bar
		SHAPE = Rect [x:209.0 y:155.0 w:136.0 h:22.0]
		CHILDREN = 0
		PATH = [0, 0, 1]
	DESCRIPTION = Left Click at 'Status Bar'
	TEXT = Compound Action =
		Move mouse to (277.0, 166.0).
		Press Mouse Button BUTTON1
		Release Mouse Button BUTTON1

ExecutedAction [91]: 
 @Action ConcreteID = ACmc4o8v7f2246353835 AbstractID = AAmc4o8v7f2246353835
 ConcreteID CUSTOM = ConcreteID CUSTOM not available AbstractID CUSTOM = AA4g7y9v803091338716
 @State ConcreteID = SChve7991a52297490568 AbstractID = SR1gydz1119c2959523811
 ConcreteID CUSTOM = SC16kzdya1a84119272850 AbstractID CUSTOM = SA1aqq8rz1a11129740462

	ROLE = LeftClickAt
	TARGET =
		WIDGET = WC12akdbs1c599558449, WR17v7k2nb1067391859, WT1qe89j4f2180189081, WP10chjd2182162991762
		ROLE = UIAMenuItem
		TITLE = Help
		SHAPE = Rect [x:245.0 y:111.0 w:39.0 h:19.0]
		CHILDREN = 0
		PATH = [0, 2, 4]
	DESCRIPTION = Left Click at 'Help'
	TEXT = Compound Action =
		Move mouse to (264.5, 120.5).
		Press Mouse Button BUTTON1
		Release Mouse Button BUTTON1

ExecutedAction [92]: 
 @Action ConcreteID = ACi9y9r802432667482 AbstractID = AAi9y9r802432667482
 ConcreteID CUSTOM = ConcreteID CUSTOM not available AbstractID CUSTOM = AA1wicoxm802831566868
 @State ConcreteID = SC17c8hzb1f92208690291 AbstractID = SR15rve5m1eb2170388304
 ConcreteID CUSTOM = SC1ot52w81fd2135115634 AbstractID CUSTOM = SA1glj4zh1f81349090628

	ROLE = LeftClickAt
	TARGET =
		WIDGET = WCdsg5py1c3010804170, WR17v7k2nb1067391859, WT1qeha5gf2005531835, WPk6niro18548921330
		ROLE = UIAMenuItem
		TITLE = View
		SHAPE = Rect [x:206.0 y:111.0 w:39.0 h:19.0]
		CHILDREN = 0
		PATH = [0, 3, 3]
	DESCRIPTION = Left Click at 'View'
	TEXT = Compound Action =
		Move mouse to (225.5, 120.5).
		Press Mouse Button BUTTON1
		Release Mouse Button BUTTON1

ExecutedAction [93]: 
 @Action ConcreteID = ACu95z0f7f926245646 AbstractID = AAu95z0f7f926245646
 ConcreteID CUSTOM = ConcreteID CUSTOM not available AbstractID CUSTOM = AAcd991f80177460601
 @State ConcreteID = SChve7991a52297490568 AbstractID = SR1gydz1119c2959523811
 ConcreteID CUSTOM = SC16kzdya1a84119272850 AbstractID CUSTOM = SA1aqq8rz1a11129740462

	ROLE = LeftClickAt
	TARGET =
		WIDGET = WC1fq8of51c1137128810, WR17v7k2nb1067391859, WT1qe72ijf99311909, WPjb55v3183672861707
		ROLE = UIAMenuItem
		TITLE = File
		SHAPE = Rect [x:88.0 y:111.0 w:32.0 h:19.0]
		CHILDREN = 0
		PATH = [0, 2, 0]
	DESCRIPTION = Left Click at 'File'
	TEXT = Compound Action =
		Move mouse to (104.0, 120.5).
		Press Mouse Button BUTTON1
		Release Mouse Button BUTTON1

ExecutedAction [94]: 
 @Action ConcreteID = ACxo5j077f2612849562 AbstractID = AAxo5j077f2612849562
 ConcreteID CUSTOM = ConcreteID CUSTOM not available AbstractID CUSTOM = AA1mmicvq802337130532
 @State ConcreteID = SCg991762622018269970 AbstractID = SR1p61lw024f1054640609
 ConcreteID CUSTOM = SCkwgsme2623806734525 AbstractID CUSTOM = SA1kawl8s25b1536758883

	ROLE = LeftClickAt
	TARGET =
		WIDGET = WCdfgprn1c4116076503, WR17v7k2nb1067391859, WT1qe6brdf138512687, WP1hwpd4x181691246414
		ROLE = UIAMenuItem
		TITLE = Edit
		SHAPE = Rect [x:120.0 y:111.0 w:34.0 h:19.0]
		CHILDREN = 0
		PATH = [0, 3, 1]
	DESCRIPTION = Left Click at 'Edit'
	TEXT = Compound Action =
		Move mouse to (137.0, 120.5).
		Press Mouse Button BUTTON1
		Release Mouse Button BUTTON1

ExecutedAction [95]: 
 @Action ConcreteID = AC1y44h227f42462434 AbstractID = AA1y44h227f42462434
 ConcreteID CUSTOM = ConcreteID CUSTOM not available AbstractID CUSTOM = AA1g87r32801059150485
 @State ConcreteID = SChve7991a52297490568 AbstractID = SR1gydz1119c2959523811
 ConcreteID CUSTOM = SC16kzdya1a84119272850 AbstractID CUSTOM = SA1aqq8rz1a11129740462

	ROLE = LeftClickAt
	TARGET =
		WIDGET = WCdrwd4l1c2383745146, WR17v7k2nb1067391859, WT1qeha5gf2005531835, WPk63q6b18500692546
		ROLE = UIAMenuItem
		TITLE = View
		SHAPE = Rect [x:206.0 y:111.0 w:39.0 h:19.0]
		CHILDREN = 0
		PATH = [0, 2, 3]
	DESCRIPTION = Left Click at 'View'
	TEXT = Compound Action =
		Move mouse to (225.5, 120.5).
		Press Mouse Button BUTTON1
		Release Mouse Button BUTTON1

ExecutedAction [96]: 
 @Action ConcreteID = AC1pwi4ax7f3836217251 AbstractID = AA1pwi4ax7f3836217251
 ConcreteID CUSTOM = ConcreteID CUSTOM not available AbstractID CUSTOM = AAj8vnpe7f2023715823
 @State ConcreteID = SCd9xsie1e33561015904 AbstractID = SRkd1vuk1d72078707989
 ConcreteID CUSTOM = SCkarh6r1e7581603629 AbstractID CUSTOM = SA1tmnb3u1e4170101503

	ROLE = LeftClickAt
	TARGET =
		WIDGET = WC12b45x51c517775489, WR17v7k2nb1067391859, WT1qe89j4f2180189081, WP10d1byf183180104482
		ROLE = UIAMenuItem
		TITLE = Help
		SHAPE = Rect [x:245.0 y:111.0 w:39.0 h:19.0]
		CHILDREN = 0
		PATH = [0, 3, 4]
	DESCRIPTION = Left Click at 'Help'
	TEXT = Compound Action =
		Move mouse to (264.5, 120.5).
		Press Mouse Button BUTTON1
		Release Mouse Button BUTTON1

ExecutedAction [97]: 
 @Action ConcreteID = AC1hlmrdr7f1772375754 AbstractID = AA1hlmrdr7f1772375754
 ConcreteID CUSTOM = ConcreteID CUSTOM not available AbstractID CUSTOM = AAzpq1er801409480893
 @State ConcreteID = SChve7991a52297490568 AbstractID = SR1gydz1119c2959523811
 ConcreteID CUSTOM = SC16kzdya1a84119272850 AbstractID CUSTOM = SA1aqq8rz1a11129740462

	ROLE = LeftClickAt
	TARGET =
		WIDGET = WCdewx6a1c3359014503, WR17v7k2nb1067391859, WT1qe6brdf138512687, WP1hw5kjk181504605950
		ROLE = UIAMenuItem
		TITLE = Edit
		SHAPE = Rect [x:120.0 y:111.0 w:34.0 h:19.0]
		CHILDREN = 0
		PATH = [0, 2, 1]
	DESCRIPTION = Left Click at 'Edit'
	TEXT = Compound Action =
		Move mouse to (137.0, 120.5).
		Press Mouse Button BUTTON1
		Release Mouse Button BUTTON1

ExecutedAction [98]: 
 @Action ConcreteID = ACr4cn077f1512718167 AbstractID = AAr4cn077f1512718167
 ConcreteID CUSTOM = ConcreteID CUSTOM not available AbstractID CUSTOM = AAojoj9f802105263172
 @State ConcreteID = SCdkcfo72c53064424511 AbstractID = SRt7d60m2b32620441957
 ConcreteID CUSTOM = SCbd8apy2c83944856750 AbstractID CUSTOM = SA19711cy2c01010645405

	ROLE = LeftClickAt
	TARGET =
		WIDGET = WCdsg5py1c3010804170, WR17v7k2nb1067391859, WT1qeha5gf2005531835, WPk6niro18548921330
		ROLE = UIAMenuItem
		TITLE = View
		SHAPE = Rect [x:206.0 y:111.0 w:39.0 h:19.0]
		CHILDREN = 0
		PATH = [0, 3, 3]
	DESCRIPTION = Left Click at 'View'
	TEXT = Compound Action =
		Move mouse to (225.5, 120.5).
		Press Mouse Button BUTTON1
		Release Mouse Button BUTTON1

ExecutedAction [99]: 
 @Action ConcreteID = AC1mqem22f74136850275 AbstractID = AAw5k3v4d43810755951
 ConcreteID CUSTOM = ConcreteID CUSTOM not available AbstractID CUSTOM = AA1ay5aj0d53839357387
 @State ConcreteID = SChve7991a52297490568 AbstractID = SR1gydz1119c2959523811
 ConcreteID CUSTOM = SC16kzdya1a84119272850 AbstractID CUSTOM = SA1aqq8rz1a11129740462

	ROLE = ClickTypeInto
	TARGET =
		WIDGET = WCh9rmb11c1827454063, WR4n0dlj72701565195, WTei4yvd121088706799, WP1p79f6n182825509439
		ROLE = UIAEdit
		TITLE = Text Editor
		SHAPE = Rect [x:88.0 y:131.0 w:1227.0 h:435.0]
		CHILDREN = 3
		PATH = [0, 0]
	DESCRIPTION = Type '?script?alert(12...' into 'Text Editor
	TEXT = Compound Action =
		Compound Action =
		Move mouse to (701.5, 348.5).
		Press Mouse Button BUTTON1
		Release Mouse Button BUTTON1
		Press Key 17
		Press Key 65
		Release Key 65
		Release Key 17
		Type text '?script?alert(123)?/script?'

ExecutedAction [100]: 
 @Action ConcreteID = AC1975lvv7f4003949798 AbstractID = AA1975lvv7f4003949798
 ConcreteID CUSTOM = ConcreteID CUSTOM not available AbstractID CUSTOM = AArb8vwv803540114065
 @State ConcreteID = SChve7991a52297490568 AbstractID = SR1gydz1119c2959523811
 ConcreteID CUSTOM = SC16kzdya1a84119272850 AbstractID CUSTOM = SA1aqq8rz1a11129740462

	ROLE = LeftClickAt
	TARGET =
		WIDGET = WC3r6fwk1e246553711, WR17v7k2nb1067391859, WTaz2n92112307194186, WPab1ioi1a128190957
		ROLE = UIAMenuItem
		TITLE = Format
		SHAPE = Rect [x:154.0 y:111.0 w:52.0 h:19.0]
		CHILDREN = 0
		PATH = [0, 2, 2]
	DESCRIPTION = Left Click at 'Format'
	TEXT = Compound Action =
		Move mouse to (180.0, 120.5).
		Press Mouse Button BUTTON1
		Release Mouse Button BUTTON1

Sequence 1 finished.
Copying generated sequence ("sequence372") to output directory...
Copying classified sequence ("sequence372") to sequences_ok folder...
