Starting sequence 1 (output as: sequence1405)

ExecutedAction [1]: 
 @Action ConcreteID = AC1b0hv1e7f3442342112 AbstractID = AA1b0hv1e7f3442342112
 ConcreteID CUSTOM = ConcreteID CUSTOM not available AbstractID CUSTOM = AAicffnq7f14454690
 @State ConcreteID = SCwfxala110d255554347 AbstractID = SR17pinye10551350320501
 ConcreteID CUSTOM = SCfnoig811183450199255 AbstractID CUSTOM = SAi14wl7110a780925081

	ROLE = LeftClickAt
	TARGET =
		WIDGET = WC1t2g1oe1f1600108252, WR17v7k2nb1067391859, WT1q6069m122944502186, WP1rt5mq41b2104094276
		ROLE = UIAMenuItem
		TITLE = Project
		SHAPE = Rect [x:448.0 y:187.0 w:51.0 h:19.0]
		CHILDREN = 0
		PATH = [0, 4, 6]
	DESCRIPTION = Left Click at 'Project'
	TEXT = Compound Action =
		Move mouse to (473.5, 196.5).
		Press Mouse Button BUTTON1
		Release Mouse Button BUTTON1

ExecutedAction [2]: 
 @Action ConcreteID = AC10n5icl811963547217 AbstractID = AA10n5icl811963547217
 ConcreteID CUSTOM = ConcreteID CUSTOM not available AbstractID CUSTOM = AAcx2ore80266595592
 @State ConcreteID = SC1nueml511d02042571264 AbstractID = SR11hlgxp111c714466292
 ConcreteID CUSTOM = SCpiqnhk11cf1959958170 AbstractID CUSTOM = SA1qpvwei11ba526137724

	ROLE = LeftClickAt
	TARGET =
		WIDGET = WCdn79in2b4290233061, WR17v7k2nb1067391859, WT1j81rxg1e2169992065, WP1sxbdml27172506880
		ROLE = UIAMenuItem
		TITLE = Generate Javadoc...
		SHAPE = Rect [x:451.0 y:377.0 w:222.0 h:22.0]
		CHILDREN = 0
		PATH = [0, 0, 7]
	DESCRIPTION = Left Click at 'Generate Javadoc...'
	TEXT = Compound Action =
		Move mouse to (562.0, 388.0).
		Press Mouse Button BUTTON1
		Release Mouse Button BUTTON1

ExecutedAction [3]: 
 @Action ConcreteID = ACdgp4xi803416123512 AbstractID = AAdgp4xi803416123512
 ConcreteID CUSTOM = ConcreteID CUSTOM not available AbstractID CUSTOM = AAw3i22e802230714901
 @State ConcreteID = SCacl05a158a2793231818 AbstractID = SR1piugfm14982381395393
 ConcreteID CUSTOM = SC16c11w415874204983390 AbstractID CUSTOM = SAet3u2x15741795479061

	ROLE = LeftClickAt
	TARGET =
		WIDGET = WCpq0tsn3a2499734669, WR17qbaneb3904637586, WTn3g9v1b8504008, WP1jp83ol361233947214
		ROLE = UIAComboBox
		TITLE = Javadoc command:
		SHAPE = Rect [x:378.0 y:292.0 w:483.0 h:23.0]
		CHILDREN = 2
		PATH = [0, 0, 0, 0, 0, 1, 0, 0, 1]
	DESCRIPTION = Left Click at 'Javadoc command:'
	TEXT = Compound Action =
		Move mouse to (619.5, 303.5).
		Press Mouse Button BUTTON1
		Release Mouse Button BUTTON1

ExecutedAction [4]: 
 @Action ConcreteID = AC82pbtt80938154283 AbstractID = AA82pbtt80938154283
 ConcreteID CUSTOM = ConcreteID CUSTOM not available AbstractID CUSTOM = AAqpi8yp802021716806
 @State ConcreteID = SCacl05a158a2793231818 AbstractID = SR1piugfm14982381395393
 ConcreteID CUSTOM = SC16c11w415874204983390 AbstractID CUSTOM = SAet3u2x15741795479061

	ROLE = LeftClickAt
	TARGET =
		WIDGET = WC1xirgs6344170569583, WRa3fnoge3263686876, WTcfziiu151478747352, WP1q6s3k4303450242316
		ROLE = UIARadioButton
		TITLE = Package
		SHAPE = Rect [x:520.0 y:492.0 w:143.0 h:16.0]
		CHILDREN = 0
		PATH = [0, 0, 0, 0, 0, 1, 0, 3, 2]
	DESCRIPTION = Left Click at 'Package'
	TEXT = Compound Action =
		Move mouse to (591.5, 500.0).
		Press Mouse Button BUTTON1
		Release Mouse Button BUTTON1

ExecutedAction [5]: 
 @Action ConcreteID = AC1cx7gt680917990135 AbstractID = AA1cx7gt680917990135
 ConcreteID CUSTOM = ConcreteID CUSTOM not available AbstractID CUSTOM = AA162ywvl803981353664
 @State ConcreteID = SCs26xqd154e1399933413 AbstractID = SR15k61wc145c968308487
 ConcreteID CUSTOM = SCoi2ghl15473875146045 AbstractID CUSTOM = SA1igv48l1537258606397

	ROLE = LeftClickAt
	TARGET =
		WIDGET = WC1la8yr5333337068192, WRa3fnoge3263686876, WTc5v9k9142749741005, WP17i0ddr2f1267594650
		ROLE = UIARadioButton
		TITLE = Public
		SHAPE = Rect [x:823.0 y:492.0 w:135.0 h:16.0]
		CHILDREN = 0
		PATH = [0, 0, 0, 0, 0, 1, 0, 3, 4]
	DESCRIPTION = Left Click at 'Public'
	TEXT = Compound Action =
		Move mouse to (890.5, 500.0).
		Press Mouse Button BUTTON1
		Release Mouse Button BUTTON1

ExecutedAction [6]: 
 @Action ConcreteID = AC1cc9v7c81295861823 AbstractID = AA1cc9v7c81295861823
 ConcreteID CUSTOM = ConcreteID CUSTOM not available AbstractID CUSTOM = AAjw0k8h802827728220
 @State ConcreteID = SC16o2vvf154d2416076606 AbstractID = SR15k61wc145c968308487
 ConcreteID CUSTOM = SC106wp6n15494206016343 AbstractID CUSTOM = SA1igv48l1537258606397

	ROLE = LeftClickAt
	TARGET =
		WIDGET = WCp7qd0y342188614631, WR1h6ibpb92248851252, WT1am5a93151993403728, WP61e6o030867374889
		ROLE = UIAButton
		TITLE = Configure...
		SHAPE = Rect [x:866.0 y:291.0 w:92.0 h:25.0]
		CHILDREN = 0
		PATH = [0, 0, 0, 0, 0, 1, 0, 0, 2]
	DESCRIPTION = Left Click at 'Configure...'
	TEXT = Compound Action =
		Move mouse to (912.0, 303.5).
		Press Mouse Button BUTTON1
		Release Mouse Button BUTTON1

ExecutedAction [7]: 
 @Action ConcreteID = AC1yb017fea3457153777 AbstractID = AA1huarcwd63973338112
 ConcreteID CUSTOM = ConcreteID CUSTOM not available AbstractID CUSTOM = AAq0m0ewd62502067881
 @State ConcreteID = SC143ildx24131146434285 AbstractID = SRfvj4l622712659059264
 ConcreteID CUSTOM = SCrjuypq241e1830021624 AbstractID CUSTOM = SA19hd1im24181905068888

	ROLE = ClickTypeInto
	TARGET =
		WIDGET = WCly3m6c312825263218, WR4n0dlj72701565195, WT1zxxt0143148666118, WP2ii7ki2d2863308980
		ROLE = UIAEdit
		TITLE = Date modified
		SHAPE = Rect [x:808.0 y:678.0 w:144.0 h:22.0]
		CHILDREN = 0
		PATH = [0, 0, 0, 0, 2, 0, 20, 2]
	DESCRIPTION = Type 'Œ„´‰ˇÁ¨ˆØ∏”’' into 'Date modified
	TEXT = Compound Action =
		Compound Action =
		Move mouse to (880.0, 689.0).
		Press Mouse Button BUTTON1
		Release Mouse Button BUTTON1
		Press Key 17
		Press Key 65
		Release Key 65
		Release Key 17
		Type text 'Œ„´‰ˇÁ¨ˆØ∏”’'

ExecutedAction [8]: 
 @Action ConcreteID = ACaj31on804267890367 AbstractID = AAaj31on804267890367
 ConcreteID CUSTOM = ConcreteID CUSTOM not available AbstractID CUSTOM = AA1l67bt1802212441594
 @State ConcreteID = SC1oj12zt2418713462603 AbstractID = SR1h9ofsc22711976139189
 ConcreteID CUSTOM = SCuamu1h2420138449951 AbstractID CUSTOM = SAjukhh924172946341217

	ROLE = LeftClickAt
	TARGET =
		WIDGET = WCji1k5d263848701840, WR4na8ob72534219213, WT9u39i4103619495140, WP1695hrn221541982779
		ROLE = UIATree
		TITLE = Tree View
		SHAPE = Rect [x:376.0 y:290.0 w:156.0 h:490.0]
		CHILDREN = 2
		PATH = [0, 0, 0, 0, 1, 0]
	DESCRIPTION = Left Click at 'Tree View'
	TEXT = Compound Action =
		Move mouse to (454.0, 535.0).
		Press Mouse Button BUTTON1
		Release Mouse Button BUTTON1

ExecutedAction [9]: 
 @Action ConcreteID = ACibhsp80687720242 AbstractID = AAibhsp80687720242
 ConcreteID CUSTOM = ConcreteID CUSTOM not available AbstractID CUSTOM = AA1b5frx3801430273143
 @State ConcreteID = SC1oj12zt2418713462603 AbstractID = SR1h9ofsc22711976139189
 ConcreteID CUSTOM = SCuamu1h2420138449951 AbstractID CUSTOM = SAjukhh924172946341217

	ROLE = LeftClickAt
	TARGET =
		WIDGET = WChfzpkw2b2860511581, WR52qhb2b3065858412, WT1kgmhpx12620634847, WPl64l1q273465708023
		ROLE = UIAListItem
		TITLE = net.dll
		SHAPE = Rect [x:550.0 y:300.0 w:598.0 h:22.0]
		CHILDREN = 4
		PATH = [0, 0, 0, 0, 2, 0, 3]
	DESCRIPTION = Left Click at 'net.dll'
	TEXT = Compound Action =
		Move mouse to (849.0, 311.0).
		Press Mouse Button BUTTON1
		Release Mouse Button BUTTON1

ExecutedAction [10]: 
 @Action ConcreteID = ACylgpth811823432760 AbstractID = AAylgpth811823432760
 ConcreteID CUSTOM = ConcreteID CUSTOM not available AbstractID CUSTOM = AA1e82tg6811417617505
 @State ConcreteID = SC1tv3gne248e2444046126 AbstractID = SR1p6pi8622e43306595338
 ConcreteID CUSTOM = SCt51flo249b235190972 AbstractID CUSTOM = SA1swwfmf24901480556523

	ROLE = LeftClickAt
	TARGET =
		WIDGET = WCphzff72c1754260719, WR1h6ibpb92248851252, WTbcxonh101439247762, WPbem2md282827937291
		ROLE = UIAButton
		TITLE = Page up
		SHAPE = Rect [x:968.0 y:307.0 w:17.0 h:286.0]
		CHILDREN = 0
		PATH = [0, 0, 0, 0, 2, 0, 1, 1]
	DESCRIPTION = Left Click at 'Page up'
	TEXT = Compound Action =
		Move mouse to (976.5, 450.0).
		Press Mouse Button BUTTON1
		Release Mouse Button BUTTON1

ExecutedAction [11]: 
 @Action ConcreteID = AC1gd66gu7f3970792756 AbstractID = AA1gd66gu7f3970792756
 ConcreteID CUSTOM = ConcreteID CUSTOM not available AbstractID CUSTOM = AA1ie1bb8813419032331
 @State ConcreteID = SCntvvce2488826679971 AbstractID = SR1p6pi8622e43306595338
 ConcreteID CUSTOM = SC1n706d224942541362677 AbstractID CUSTOM = SA1swwfmf24901480556523

	ROLE = LeftClickAt
	TARGET =
		WIDGET = WC19763lo2e4009524100, WR5quxi6b4097176690, WT1dc7d13123152781878, WP18j3gry2a2987089620
		ROLE = UIATreeItem
		TITLE = This PC
		SHAPE = Rect [x:419.0 y:466.0 w:43.0 h:24.0]
		CHILDREN = 0
		PATH = [0, 0, 0, 0, 1, 0, 1, 1]
	DESCRIPTION = Left Click at 'This PC'
	TEXT = Compound Action =
		Move mouse to (440.5, 478.0).
		Press Mouse Button BUTTON1
		Release Mouse Button BUTTON1

ExecutedAction [12]: 
 @Action ConcreteID = ACvcsbdu81953998790 AbstractID = AAvcsbdu81953998790
 ConcreteID CUSTOM = ConcreteID CUSTOM not available AbstractID CUSTOM = AA17c756b804020245596
 @State ConcreteID = SC1scrcb51d3f3550044988 AbstractID = SRi9h5s31bfb3400950624
 ConcreteID CUSTOM = SCe03k171d432874970362 AbstractID CUSTOM = SAowmox71d3c4157543393

	ROLE = LeftClickAt
	TARGET =
		WIDGET = WC19763lo2e4009524100, WR5quxi6b4097176690, WT1dc7d13123152781878, WP18j3gry2a2987089620
		ROLE = UIATreeItem
		TITLE = This PC
		SHAPE = Rect [x:419.0 y:466.0 w:43.0 h:24.0]
		CHILDREN = 0
		PATH = [0, 0, 0, 0, 1, 0, 1, 1]
	DESCRIPTION = Left Click at 'This PC'
	TEXT = Compound Action =
		Move mouse to (440.5, 478.0).
		Press Mouse Button BUTTON1
		Release Mouse Button BUTTON1

ExecutedAction [13]: 
 @Action ConcreteID = ACycny5g7c2176931706 AbstractID = AAycny5g7c2176931706
 ConcreteID CUSTOM = ConcreteID CUSTOM not available AbstractID CUSTOM = AAifk5vd7d823981601
 @State ConcreteID = SCzio9121d422459284891 AbstractID = SR6oes6i1bfa2790012521
 ConcreteID CUSTOM = SCm936bq1d423192774304 AbstractID CUSTOM = SA1oj0v961d3c2080937528

	ROLE = LeftClickAt
	TARGET =
		WIDGET = WCsphgey2b3333922522, WR5quxi6b4097176690, WTqbgpb2121408045107, WP93ch0o273155997436
		ROLE = UIATreeItem
		TITLE = Desktop
		SHAPE = Rect [x:0.0 y:0.0 w:0.0 h:0.0]
		CHILDREN = 3
		PATH = [0, 0, 0, 0, 1, 0, 1]
	DESCRIPTION = Left Click at 'Desktop'
	TEXT = Compound Action =
		Move mouse to (0.0, 0.0).
		Press Mouse Button BUTTON1
		Release Mouse Button BUTTON1

Forcing SUT activation (bring to foreground) action
ExecutedAction [14]: 
 @Action ConcreteID = ACrv1hjr3a4031023347 AbstractID = AArv1hjr3a4031023347
 ConcreteID CUSTOM = ConcreteID CUSTOM not available AbstractID CUSTOM = AAhdduih391851646340
 @State ConcreteID = SC1ycrcaa1d423784763715 AbstractID = SRi9h5s31bfb3400950624
 ConcreteID CUSTOM = SC4omyuy1d424232017825 AbstractID CUSTOM = SAowmox71d3c4157543393

	DESCRIPTION = Bring the system to the foreground.
	TEXT = Bring the system to the foreground.

Forcing SUT activation (bring to foreground) action
ExecutedAction [15]: 
 @Action ConcreteID = ACrv1hjr3a4031023347 AbstractID = AArv1hjr3a4031023347
 ConcreteID CUSTOM = ConcreteID CUSTOM not available AbstractID CUSTOM = AAhdduih391851646340
 @State ConcreteID = SC1ycrcaa1d423784763715 AbstractID = SRi9h5s31bfb3400950624
 ConcreteID CUSTOM = SC4omyuy1d424232017825 AbstractID CUSTOM = SAowmox71d3c4157543393

	DESCRIPTION = Bring the system to the foreground.
	TEXT = Bring the system to the foreground.

ExecutedAction [16]: 
 @Action ConcreteID = ACw6y8zh813869508506 AbstractID = AAw6y8zh813869508506
 ConcreteID CUSTOM = ConcreteID CUSTOM not available AbstractID CUSTOM = AA1bx2pln804207617201
 @State ConcreteID = SC1ycrcaa1d423784763715 AbstractID = SRi9h5s31bfb3400950624
 ConcreteID CUSTOM = SC4omyuy1d424232017825 AbstractID CUSTOM = SAowmox71d3c4157543393

	ROLE = LeftClickAt
	TARGET =
		WIDGET = WC9gt308382398892405, WR5quxi6b4097176690, WTxcvv3q1c1737673325, WPekslii342527012224
		ROLE = UIATreeItem
		TITLE = Pictures (pinned)
		SHAPE = Rect [x:427.0 y:402.0 w:46.0 h:24.0]
		CHILDREN = 0
		PATH = [0, 0, 0, 0, 1, 0, 0, 3]
	DESCRIPTION = Left Click at 'Pictures (pinned)'
	TEXT = Compound Action =
		Move mouse to (450.0, 414.0).
		Press Mouse Button BUTTON1
		Release Mouse Button BUTTON1

ExecutedAction [17]: 
 @Action ConcreteID = ACztrku17d2165581939 AbstractID = AAztrku17d2165581939
 ConcreteID CUSTOM = ConcreteID CUSTOM not available AbstractID CUSTOM = AA1ve3pqx7c922490438
 @State ConcreteID = SC1m1ke1z1a901706478970 AbstractID = SRb60ryd196d2945377655
 ConcreteID CUSTOM = SClo9eg41a92966495802 AbstractID CUSTOM = SAuooe421a8c4207615303

	ROLE = LeftClickAt
	TARGET =
		WIDGET = WCsphgey2b3333922522, WR5quxi6b4097176690, WTqbgpb2121408045107, WP93ch0o273155997436
		ROLE = UIATreeItem
		TITLE = Desktop
		SHAPE = Rect [x:0.0 y:0.0 w:0.0 h:0.0]
		CHILDREN = 3
		PATH = [0, 0, 0, 0, 1, 0, 1]
	DESCRIPTION = Left Click at 'Desktop'
	TEXT = Compound Action =
		Move mouse to (0.0, 0.0).
		Press Mouse Button BUTTON1
		Release Mouse Button BUTTON1

Forcing SUT activation (bring to foreground) action
ExecutedAction [18]: 
 @Action ConcreteID = ACw73pbm391982016612 AbstractID = AAw73pbm391982016612
 ConcreteID CUSTOM = ConcreteID CUSTOM not available AbstractID CUSTOM = AAk2s4gq391065016294
 @State ConcreteID = SC1116jjr1a8f565208846 AbstractID = SRfd6utk196e816880848
 ConcreteID CUSTOM = SCtrowr61a932755525228 AbstractID CUSTOM = SAd8dhwf1a8c3003977956

	DESCRIPTION = Bring the system to the foreground.
	TEXT = Bring the system to the foreground.

Forcing SUT activation (bring to foreground) action
ExecutedAction [19]: 
 @Action ConcreteID = ACw73pbm391982016612 AbstractID = AAw73pbm391982016612
 ConcreteID CUSTOM = ConcreteID CUSTOM not available AbstractID CUSTOM = AAk2s4gq391065016294
 @State ConcreteID = SC1116jjr1a8f565208846 AbstractID = SRfd6utk196e816880848
 ConcreteID CUSTOM = SCtrowr61a932755525228 AbstractID CUSTOM = SAd8dhwf1a8c3003977956

	DESCRIPTION = Bring the system to the foreground.
	TEXT = Bring the system to the foreground.

ExecutedAction [20]: 
 @Action ConcreteID = AC1mh6zn2801549383359 AbstractID = AA1mh6zn2801549383359
 ConcreteID CUSTOM = ConcreteID CUSTOM not available AbstractID CUSTOM = AAqmjghy801120851343
 @State ConcreteID = SC1116jjr1a8f565208846 AbstractID = SRfd6utk196e816880848
 ConcreteID CUSTOM = SCtrowr61a932755525228 AbstractID CUSTOM = SAd8dhwf1a8c3003977956

	ROLE = LeftClickAt
	TARGET =
		WIDGET = WC1uybx6q3c817029594, WR1h6ibpb92248851252, WTngaobn20130826684, WPsd2oc4381176994530
		ROLE = UIAButton
		TITLE = Refresh "Pictures" (F5)
		SHAPE = Rect [x:738.0 y:230.0 w:20.0 h:22.0]
		CHILDREN = 0
		PATH = [0, 0, 0, 7, 2, 0, 1, 1]
	DESCRIPTION = Left Click at 'Refresh "Pictures" (F5)'
	TEXT = Compound Action =
		Move mouse to (748.0, 241.0).
		Press Mouse Button BUTTON1
		Release Mouse Button BUTTON1

ExecutedAction [21]: 
 @Action ConcreteID = ACztrku17d2165581939 AbstractID = AAztrku17d2165581939
 ConcreteID CUSTOM = ConcreteID CUSTOM not available AbstractID CUSTOM = AA1ve3pqx7c922490438
 @State ConcreteID = SC1m1ke1z1a901706478970 AbstractID = SRb60ryd196d2945377655
 ConcreteID CUSTOM = SClo9eg41a92966495802 AbstractID CUSTOM = SAuooe421a8c4207615303

	ROLE = LeftClickAt
	TARGET =
		WIDGET = WCsphgey2b3333922522, WR5quxi6b4097176690, WTqbgpb2121408045107, WP93ch0o273155997436
		ROLE = UIATreeItem
		TITLE = Desktop
		SHAPE = Rect [x:0.0 y:0.0 w:0.0 h:0.0]
		CHILDREN = 3
		PATH = [0, 0, 0, 0, 1, 0, 1]
	DESCRIPTION = Left Click at 'Desktop'
	TEXT = Compound Action =
		Move mouse to (0.0, 0.0).
		Press Mouse Button BUTTON1
		Release Mouse Button BUTTON1

Forcing SUT activation (bring to foreground) action
ExecutedAction [22]: 
 @Action ConcreteID = ACw73pbm391982016612 AbstractID = AAw73pbm391982016612
 ConcreteID CUSTOM = ConcreteID CUSTOM not available AbstractID CUSTOM = AAk2s4gq391065016294
 @State ConcreteID = SC1116jjr1a8f565208846 AbstractID = SRfd6utk196e816880848
 ConcreteID CUSTOM = SCtrowr61a932755525228 AbstractID CUSTOM = SAd8dhwf1a8c3003977956

	DESCRIPTION = Bring the system to the foreground.
	TEXT = Bring the system to the foreground.

Forcing SUT activation (bring to foreground) action
ExecutedAction [23]: 
 @Action ConcreteID = ACw73pbm391982016612 AbstractID = AAw73pbm391982016612
 ConcreteID CUSTOM = ConcreteID CUSTOM not available AbstractID CUSTOM = AAk2s4gq391065016294
 @State ConcreteID = SC1116jjr1a8f565208846 AbstractID = SRfd6utk196e816880848
 ConcreteID CUSTOM = SCtrowr61a932755525228 AbstractID CUSTOM = SAd8dhwf1a8c3003977956

	DESCRIPTION = Bring the system to the foreground.
	TEXT = Bring the system to the foreground.

ExecutedAction [24]: 
 @Action ConcreteID = AC975qq5802892946530 AbstractID = AA975qq5802892946530
 ConcreteID CUSTOM = ConcreteID CUSTOM not available AbstractID CUSTOM = AA1cdm9k5803002711890
 @State ConcreteID = SC1116jjr1a8f565208846 AbstractID = SRfd6utk196e816880848
 ConcreteID CUSTOM = SCtrowr61a932755525228 AbstractID CUSTOM = SAd8dhwf1a8c3003977956

	ROLE = LeftClickAt
	TARGET =
		WIDGET = WC3xctjb322346195306, WR1h6ibpb92248851252, WThz0sl419562620132, WPzu8qj92e794549832
		ROLE = UIAButton
		TITLE = Recent locations
		SHAPE = Rect [x:440.0 y:226.0 w:15.0 h:30.0]
		CHILDREN = 0
		PATH = [0, 0, 0, 7, 0, 0, 2]
	DESCRIPTION = Left Click at 'Recent locations'
	TEXT = Compound Action =
		Move mouse to (447.5, 241.0).
		Press Mouse Button BUTTON1
		Release Mouse Button BUTTON1

ExecutedAction [25]: 
 @Action ConcreteID = ACtsa83z812244775794 AbstractID = AAtsa83z812244775794
 ConcreteID CUSTOM = ConcreteID CUSTOM not available AbstractID CUSTOM = AA1f6ogfn803239914045
 @State ConcreteID = SC13c1bi61af41332801150 AbstractID = SRnj8zrv19d13304943566
 ConcreteID CUSTOM = SCy2mgbv1afb2977671301 AbstractID CUSTOM = SAfboosf1aee4258367490

	ROLE = LeftClickAt
	TARGET =
		WIDGET = WCdsg9gy391271937108, WR5quxi6b4097176690, WT2e4uof1d1330212510, WPxgit4435708453309
		ROLE = UIATreeItem
		TITLE = Documents (pinned)
		SHAPE = Rect [x:427.0 y:378.0 w:65.0 h:24.0]
		CHILDREN = 0
		PATH = [0, 0, 0, 0, 1, 0, 0, 2]
	DESCRIPTION = Left Click at 'Documents (pinned)'
	TEXT = Compound Action =
		Move mouse to (459.5, 390.0).
		Press Mouse Button BUTTON1
		Release Mouse Button BUTTON1

ExecutedAction [26]: 
 @Action ConcreteID = AC1a1pueu801437194273 AbstractID = AA1a1pueu801437194273
 ConcreteID CUSTOM = ConcreteID CUSTOM not available AbstractID CUSTOM = AA1epy3wh80129550293
 @State ConcreteID = SCtlrmxe1bc11719215956 AbstractID = SRk7zc3f1a904118532906
 ConcreteID CUSTOM = SC9n4hqj1bc0197690778 AbstractID CUSTOM = SAyr0e8d1bb64174554614

	ROLE = LeftClickAt
	TARGET =
		WIDGET = WC1knxnu273899592887, WR1h6ibpb92248851252, WT4keizt112994300114, WP1sqtz18231704183273
		ROLE = UIAButton
		TITLE = Organise
		SHAPE = Rect [x:379.0 y:261.0 w:91.0 h:26.0]
		CHILDREN = 0
		PATH = [0, 0, 0, 0, 0, 3]
	DESCRIPTION = Left Click at 'Organise'
	TEXT = Compound Action =
		Move mouse to (424.5, 274.0).
		Press Mouse Button BUTTON1
		Release Mouse Button BUTTON1

ExecutedAction [27]: 
 @Action ConcreteID = ACrremyi804135919008 AbstractID = AArremyi804135919008
 ConcreteID CUSTOM = ConcreteID CUSTOM not available AbstractID CUSTOM = AArkzcfb801852808977
 @State ConcreteID = SCdlsbwk1cdf2325833269 AbstractID = SRdq9kts1ba71025283656
 ConcreteID CUSTOM = SC1fz6d6a1cdf2226258528 AbstractID CUSTOM = SAb2uj5o1cce1027840282

	ROLE = LeftClickAt
	TARGET =
		WIDGET = WC1l8uspd2e172071463, WR1e04pz3e358922214, WTk9hkmi122706926849, WP1rkftc32a656826774
		ROLE = UIASplitButton
		TITLE = Name
		SHAPE = Rect [x:536.0 y:290.0 w:272.0 h:25.0]
		CHILDREN = 1
		PATH = [0, 0, 0, 0, 2, 0, 1, 0]
	DESCRIPTION = Left Click at 'Name'
	TEXT = Compound Action =
		Move mouse to (672.0, 302.5).
		Press Mouse Button BUTTON1
		Release Mouse Button BUTTON1

ExecutedAction [28]: 
 @Action ConcreteID = ACo9kacf801918924550 AbstractID = AAo9kacf801918924550
 ConcreteID CUSTOM = ConcreteID CUSTOM not available AbstractID CUSTOM = AAsxsju280544303346
 @State ConcreteID = SCtlrmxe1bc11719215956 AbstractID = SRk7zc3f1a904118532906
 ConcreteID CUSTOM = SC9n4hqj1bc0197690778 AbstractID CUSTOM = SAyr0e8d1bb64174554614

	ROLE = LeftClickAt
	TARGET =
		WIDGET = WCrzgnyo371272361271, WR5quxi6b4097176690, WT7wiqy31b4267075581, WPjcv77m33133840418
		ROLE = UIATreeItem
		TITLE = Desktop (pinned)
		SHAPE = Rect [x:427.0 y:330.0 w:47.0 h:24.0]
		CHILDREN = 0
		PATH = [0, 0, 0, 0, 1, 0, 0, 0]
	DESCRIPTION = Left Click at 'Desktop (pinned)'
	TEXT = Compound Action =
		Move mouse to (450.5, 342.0).
		Press Mouse Button BUTTON1
		Release Mouse Button BUTTON1

ExecutedAction [29]: 
 @Action ConcreteID = AC1n7ubku81609086265 AbstractID = AA1n7ubku81609086265
 ConcreteID CUSTOM = ConcreteID CUSTOM not available AbstractID CUSTOM = AA346t7j801817255835
 @State ConcreteID = SC1i4rknl1d4b2761778235 AbstractID = SRjdund71c0c2764771737
 ConcreteID CUSTOM = SClja1lu1d551686722346 AbstractID CUSTOM = SAij0o0o1d483364543399

	ROLE = LeftClickAt
	TARGET =
		WIDGET = WCrzgnyo371272361271, WR5quxi6b4097176690, WT7wiqy31b4267075581, WPjcv77m33133840418
		ROLE = UIATreeItem
		TITLE = Desktop (pinned)
		SHAPE = Rect [x:427.0 y:330.0 w:47.0 h:24.0]
		CHILDREN = 0
		PATH = [0, 0, 0, 0, 1, 0, 0, 0]
	DESCRIPTION = Left Click at 'Desktop (pinned)'
	TEXT = Compound Action =
		Move mouse to (450.5, 342.0).
		Press Mouse Button BUTTON1
		Release Mouse Button BUTTON1

ExecutedAction [30]: 
 @Action ConcreteID = AC7qx4e27f1432125646 AbstractID = AA7qx4e27f1432125646
 ConcreteID CUSTOM = ConcreteID CUSTOM not available AbstractID CUSTOM = AA13ot0kd802217117530
 @State ConcreteID = SC3q1s61d4d3097820660 AbstractID = SRjdund71c0c2764771737
 ConcreteID CUSTOM = SC1xgw9a61d563105807755 AbstractID CUSTOM = SAij0o0o1d483364543399

	ROLE = LeftClickAt
	TARGET =
		WIDGET = WC1iyyfnk342220414458, WR1e04pz3e358922214, WT1cbtaql152853632760, WPzlhuha301943311605
		ROLE = UIASplitButton
		TITLE = Desktop
		SHAPE = Rect [x:580.0 y:230.0 w:66.0 h:21.0]
		CHILDREN = 0
		PATH = [0, 0, 0, 7, 2, 0, 0, 0, 2]
	DESCRIPTION = Left Click at 'Desktop'
	TEXT = Compound Action =
		Move mouse to (613.0, 240.5).
		Press Mouse Button BUTTON1
		Release Mouse Button BUTTON1

ExecutedAction [31]: 
 @Action ConcreteID = AC1qb7i797f3875676667 AbstractID = AA1qb7i797f3875676667
 ConcreteID CUSTOM = ConcreteID CUSTOM not available AbstractID CUSTOM = AAn7zceg80913843823
 @State ConcreteID = SC3q1s61d4d3097820660 AbstractID = SRjdund71c0c2764771737
 ConcreteID CUSTOM = SC1xgw9a61d563105807755 AbstractID CUSTOM = SAij0o0o1d483364543399

	ROLE = LeftClickAt
	TARGET =
		WIDGET = WC1281vyc301660632901, WR5quxi6b4097176690, WT158yrsl171516135311, WPrnvvwy2c3900324127
		ROLE = UIATreeItem
		TITLE = Quick access
		SHAPE = Rect [x:419.0 y:306.0 w:72.0 h:24.0]
		CHILDREN = 4
		PATH = [0, 0, 0, 0, 1, 0, 0]
	DESCRIPTION = Left Click at 'Quick access'
	TEXT = Compound Action =
		Move mouse to (455.0, 318.0).
		Press Mouse Button BUTTON1
		Release Mouse Button BUTTON1

ExecutedAction [32]: 
 @Action ConcreteID = ACxm1to8802163211102 AbstractID = AAxm1to8802163211102
 ConcreteID CUSTOM = ConcreteID CUSTOM not available AbstractID CUSTOM = AAtrwlw1803637425589
 @State ConcreteID = SC1nh7rl31be4446816979 AbstractID = SRtmakbe1ab24238371402
 ConcreteID CUSTOM = SCdffeke1bec42049741 AbstractID CUSTOM = SAyczicp1bdf3607239326

	ROLE = LeftClickAt
	TARGET =
		WIDGET = WC19763lo2e4009524100, WR5quxi6b4097176690, WT1dc7d13123152781878, WP18j3gry2a2987089620
		ROLE = UIATreeItem
		TITLE = This PC
		SHAPE = Rect [x:419.0 y:466.0 w:43.0 h:24.0]
		CHILDREN = 0
		PATH = [0, 0, 0, 0, 1, 0, 1, 1]
	DESCRIPTION = Left Click at 'This PC'
	TEXT = Compound Action =
		Move mouse to (440.5, 478.0).
		Press Mouse Button BUTTON1
		Release Mouse Button BUTTON1

ExecutedAction [33]: 
 @Action ConcreteID = ACldc9j7811656688357 AbstractID = AAldc9j7811656688357
 ConcreteID CUSTOM = ConcreteID CUSTOM not available AbstractID CUSTOM = AA93vbg27f1142318275
 @State ConcreteID = SC1249eho1d2d3558443877 AbstractID = SR1ybw1x61be71148566312
 ConcreteID CUSTOM = SC13d130i1d313838007469 AbstractID CUSTOM = SAnqsjci1d29496572957

	ROLE = LeftClickAt
	TARGET =
		WIDGET = WCyrphof2d4112790735, WR1h6ibpb92248851252, WTnbm3rx14926922420, WP64d4b1293785052319
		ROLE = UIAButton
		TITLE = View Slider
		SHAPE = Rect [x:884.0 y:261.0 w:18.0 h:26.0]
		CHILDREN = 0
		PATH = [0, 0, 0, 0, 0, 2, 0]
	DESCRIPTION = Left Click at 'View Slider'
	TEXT = Compound Action =
		Move mouse to (893.0, 274.0).
		Press Mouse Button BUTTON1
		Release Mouse Button BUTTON1

ExecutedAction [34]: 
 @Action ConcreteID = AC12fr29812593847144 AbstractID = AA12fr29812593847144
 ConcreteID CUSTOM = ConcreteID CUSTOM not available AbstractID CUSTOM = AA1tgrrqy7f3842764263
 @State ConcreteID = SC14sbckr1edc3869646076 AbstractID = SRbt71fu1d891374258378
 ConcreteID CUSTOM = SC6utjxg1ecd3795732144 AbstractID CUSTOM = SAx071e11ecb275246831

	ROLE = LeftClickAt
	TARGET =
		WIDGET = WCdkia022e321013500, WR52qhb2b3065858412, WT89ehpa121926470894, WPmdaums2a1367202188
		ROLE = UIAListItem
		TITLE = Desktop
		SHAPE = Rect [x:550.0 y:380.0 w:250.0 h:52.0]
		CHILDREN = 2
		PATH = [0, 0, 0, 1, 2, 0, 1, 2]
	DESCRIPTION = Left Click at 'Desktop'
	TEXT = Compound Action =
		Move mouse to (675.0, 406.0).
		Press Mouse Button BUTTON1
		Release Mouse Button BUTTON1

Forcing SUT activation (bring to foreground) action
ExecutedAction [35]: 
 @Action ConcreteID = AC1gwqeme3a2470943958 AbstractID = AA1gwqeme3a2470943958
 ConcreteID CUSTOM = ConcreteID CUSTOM not available AbstractID CUSTOM = AA1mffb3r383862241334
 @State ConcreteID = SC1249eho1d2d3558443877 AbstractID = SR1ybw1x61be71148566312
 ConcreteID CUSTOM = SC13d130i1d313838007469 AbstractID CUSTOM = SAnqsjci1d29496572957

	DESCRIPTION = Bring the system to the foreground.
	TEXT = Bring the system to the foreground.

Forcing SUT activation (bring to foreground) action
ExecutedAction [36]: 
 @Action ConcreteID = AC1gwqeme3a2470943958 AbstractID = AA1gwqeme3a2470943958
 ConcreteID CUSTOM = ConcreteID CUSTOM not available AbstractID CUSTOM = AA1mffb3r383862241334
 @State ConcreteID = SC1249eho1d2d3558443877 AbstractID = SR1ybw1x61be71148566312
 ConcreteID CUSTOM = SC13d130i1d313838007469 AbstractID CUSTOM = SAnqsjci1d29496572957

	DESCRIPTION = Bring the system to the foreground.
	TEXT = Bring the system to the foreground.

ExecutedAction [37]: 
 @Action ConcreteID = AClj6db681271448890 AbstractID = AAlj6db681271448890
 ConcreteID CUSTOM = ConcreteID CUSTOM not available AbstractID CUSTOM = AA99pf817f914657564
 @State ConcreteID = SC1249eho1d2d3558443877 AbstractID = SR1ybw1x61be71148566312
 ConcreteID CUSTOM = SC13d130i1d313838007469 AbstractID CUSTOM = SAnqsjci1d29496572957

	ROLE = LeftClickAt
	TARGET =
		WIDGET = WC1pqmbwo313916088738, WR17v7k2nb1067391859, WT190ukwm121633021669, WPuws36e2d615690408
		ROLE = UIAMenuItem
		TITLE = This PC
		SHAPE = Rect [x:518.0 y:230.0 w:47.0 h:21.0]
		CHILDREN = 0
		PATH = [0, 0, 0, 7, 2, 0, 0, 0, 1]
	DESCRIPTION = Left Click at 'This PC'
	TEXT = Compound Action =
		Move mouse to (541.5, 240.5).
		Press Mouse Button BUTTON1
		Release Mouse Button BUTTON1

ExecutedAction [38]: 
 @Action ConcreteID = AC1wcdrpd80531639754 AbstractID = AA1wcdrpd80531639754
 ConcreteID CUSTOM = ConcreteID CUSTOM not available AbstractID CUSTOM = AA1d2ymcz7f2297302499
 @State ConcreteID = SCsa2qft1d2e1979093254 AbstractID = SR1ybw1x61be71148566312
 ConcreteID CUSTOM = SC10y32bl1d32668677035 AbstractID CUSTOM = SAnqsjci1d29496572957

	ROLE = LeftClickAt
	TARGET =
		WIDGET = WCxkt0q12c2787168775, WR52qhb2b3065858412, WTqm50o7103377784008, WP1xambbv281367051352
		ROLE = UIAListItem
		TITLE = Music
		SHAPE = Rect [x:550.0 y:548.0 w:250.0 h:52.0]
		CHILDREN = 2
		PATH = [0, 0, 0, 0, 2, 0, 1, 5]
	DESCRIPTION = Left Click at 'Music'
	TEXT = Compound Action =
		Move mouse to (675.0, 574.0).
		Press Mouse Button BUTTON1
		Release Mouse Button BUTTON1

ExecutedAction [39]: 
 @Action ConcreteID = AC9xgzuu801352363608 AbstractID = AA9xgzuu801352363608
 ConcreteID CUSTOM = ConcreteID CUSTOM not available AbstractID CUSTOM = AA1ae1det81259405861
 @State ConcreteID = SC1sh3p5p1d2e116772318 AbstractID = SR1i6mivn1be63682306036
 ConcreteID CUSTOM = SC1iij9sd1d321705613994 AbstractID CUSTOM = SA1nd6poh1d292522783684

	ROLE = LeftClickAt
	TARGET =
		WIDGET = WC1k0muyc201659803712, WR1h6ibpb92248851252, WT1gjzbmxd1262302430, WPkelrlu1c136107357
		ROLE = UIAButton
		TITLE = Open
		SHAPE = Rect [x:952.0 y:790.0 w:15.0 h:21.0]
		CHILDREN = 0
		PATH = [0, 0, 0, 3, 0]
	DESCRIPTION = Left Click at 'Open'
	TEXT = Compound Action =
		Move mouse to (959.5, 800.5).
		Press Mouse Button BUTTON1
		Release Mouse Button BUTTON1

ExecutedAction [40]: 
 @Action ConcreteID = ACr4y3ui7f2012025880 AbstractID = AAr4y3ui7f2012025880
 ConcreteID CUSTOM = ConcreteID CUSTOM not available AbstractID CUSTOM = AApi2t7w812460819677
 @State ConcreteID = SCjvz8uw1d7b631371895 AbstractID = SR1pd2hhb1c323923779914
 ConcreteID CUSTOM = SC236rfa1d841401684694 AbstractID CUSTOM = SA1qlr8191d784134848694

	ROLE = LeftClickAt
	TARGET =
		WIDGET = WCwtp73s421070568894, WR1h6ibpb92248851252, WT14x6f1k29289470678, WP18vxc063e3175917450
		ROLE = UIAButton
		TITLE = Up to "Desktop" (Alt + Up Arrow)
		SHAPE = Rect [x:457.0 y:229.0 w:24.0 h:24.0]
		CHILDREN = 0
		PATH = [0, 0, 0, 7, 1, 0, 0]
	DESCRIPTION = Left Click at 'Up to "Desktop" (Alt + Up Arrow)'
	TEXT = Compound Action =
		Move mouse to (469.0, 241.0).
		Press Mouse Button BUTTON1
		Release Mouse Button BUTTON1

ExecutedAction [41]: 
 @Action ConcreteID = AC15v46ug802897730220 AbstractID = AA15v46ug802897730220
 ConcreteID CUSTOM = ConcreteID CUSTOM not available AbstractID CUSTOM = AA7akifb814082797777
 @State ConcreteID = SC1sh3p5p1d2e116772318 AbstractID = SR1i6mivn1be63682306036
 ConcreteID CUSTOM = SC1iij9sd1d321705613994 AbstractID CUSTOM = SA1nd6poh1d292522783684

	ROLE = LeftClickAt
	TARGET =
		WIDGET = WCyrphof2d4112790735, WR1h6ibpb92248851252, WTnbm3rx14926922420, WP64d4b1293785052319
		ROLE = UIAButton
		TITLE = View Slider
		SHAPE = Rect [x:884.0 y:261.0 w:18.0 h:26.0]
		CHILDREN = 0
		PATH = [0, 0, 0, 0, 0, 2, 0]
	DESCRIPTION = Left Click at 'View Slider'
	TEXT = Compound Action =
		Move mouse to (893.0, 274.0).
		Press Mouse Button BUTTON1
		Release Mouse Button BUTTON1

ExecutedAction [42]: 
 @Action ConcreteID = AC1pkav6l81307696357 AbstractID = AA1pkav6l81307696357
 ConcreteID CUSTOM = ConcreteID CUSTOM not available AbstractID CUSTOM = AAqu69e67f936817756
 @State ConcreteID = SC1f5uccb1edb3062777452 AbstractID = SRbt71fu1d891374258378
 ConcreteID CUSTOM = SC1t388vh1ece2932834035 AbstractID CUSTOM = SAx071e11ecb275246831

	ROLE = LeftClickAt
	TARGET =
		WIDGET = WC1m4ilag31567540390, WR52qhb2b3065858412, WT1re04ir151295098703, WP1838vui2d2396533877
		ROLE = UIAListItem
		TITLE = 3D Objects
		SHAPE = Rect [x:550.0 y:324.0 w:250.0 h:52.0]
		CHILDREN = 2
		PATH = [0, 0, 0, 1, 2, 0, 1, 1]
	DESCRIPTION = Left Click at '3D Objects'
	TEXT = Compound Action =
		Move mouse to (675.0, 350.0).
		Press Mouse Button BUTTON1
		Release Mouse Button BUTTON1

Forcing SUT activation (bring to foreground) action
ExecutedAction [43]: 
 @Action ConcreteID = AC9xroq1393982177283 AbstractID = AA9xroq1393982177283
 ConcreteID CUSTOM = ConcreteID CUSTOM not available AbstractID CUSTOM = AA1mffb3r383862241334
 @State ConcreteID = SCsa2qft1d2e1979093254 AbstractID = SR1ybw1x61be71148566312
 ConcreteID CUSTOM = SC10y32bl1d32668677035 AbstractID CUSTOM = SAnqsjci1d29496572957

	DESCRIPTION = Bring the system to the foreground.
	TEXT = Bring the system to the foreground.

Forcing SUT activation (bring to foreground) action
ExecutedAction [44]: 
 @Action ConcreteID = AC9xroq1393982177283 AbstractID = AA9xroq1393982177283
 ConcreteID CUSTOM = ConcreteID CUSTOM not available AbstractID CUSTOM = AA1mffb3r383862241334
 @State ConcreteID = SCsa2qft1d2e1979093254 AbstractID = SR1ybw1x61be71148566312
 ConcreteID CUSTOM = SC10y32bl1d32668677035 AbstractID CUSTOM = SAnqsjci1d29496572957

	DESCRIPTION = Bring the system to the foreground.
	TEXT = Bring the system to the foreground.

ExecutedAction [45]: 
 @Action ConcreteID = AC13wkqt9804152901446 AbstractID = AA13wkqt9804152901446
 ConcreteID CUSTOM = ConcreteID CUSTOM not available AbstractID CUSTOM = AAkn5lgv7f1624645487
 @State ConcreteID = SCsa2qft1d2e1979093254 AbstractID = SR1ybw1x61be71148566312
 ConcreteID CUSTOM = SC10y32bl1d32668677035 AbstractID CUSTOM = SAnqsjci1d29496572957

	ROLE = LeftClickAt
	TARGET =
		WIDGET = WC1uhigtl313168541648, WR52qhb2b3065858412, WT1re04ir151295098703, WP1gg8rdn2d332911875
		ROLE = UIAListItem
		TITLE = 3D Objects
		SHAPE = Rect [x:550.0 y:324.0 w:250.0 h:52.0]
		CHILDREN = 2
		PATH = [0, 0, 0, 0, 2, 0, 1, 1]
	DESCRIPTION = Left Click at '3D Objects'
	TEXT = Compound Action =
		Move mouse to (675.0, 350.0).
		Press Mouse Button BUTTON1
		Release Mouse Button BUTTON1

ExecutedAction [46]: 
 @Action ConcreteID = AC18qvhx880649723516 AbstractID = AA18qvhx880649723516
 ConcreteID CUSTOM = ConcreteID CUSTOM not available AbstractID CUSTOM = AAphgcku7f2984762965
 @State ConcreteID = SCsa2qft1d2e1979093254 AbstractID = SR1ybw1x61be71148566312
 ConcreteID CUSTOM = SC10y32bl1d32668677035 AbstractID CUSTOM = SAnqsjci1d29496572957

	ROLE = LeftClickAt
	TARGET =
		WIDGET = WC1e7on6n3a3191861991, WR1e04pz3e358922214, WT1c4o4m81b2311801335, WP1dxorzh361313160057
		ROLE = UIASplitButton
		TITLE = All locations
		SHAPE = Rect [x:483.0 y:230.0 w:35.0 h:21.0]
		CHILDREN = 0
		PATH = [0, 0, 0, 7, 2, 0, 0, 0, 0]
	DESCRIPTION = Left Click at 'All locations'
	TEXT = Compound Action =
		Move mouse to (500.5, 240.5).
		Press Mouse Button BUTTON1
		Release Mouse Button BUTTON1

ExecutedAction [47]: 
 @Action ConcreteID = AC1vqgzze801908147248 AbstractID = AA1vqgzze801908147248
 ConcreteID CUSTOM = ConcreteID CUSTOM not available AbstractID CUSTOM = AA1121jts80394898352
 @State ConcreteID = SCwfc9b91d072272075682 AbstractID = SR1cg3jch1bc0815867818
 ConcreteID CUSTOM = SC1sm921c1d0b1656921106 AbstractID CUSTOM = SAr0fqzr1d013417649060

	ROLE = LeftClickAt
	TARGET =
		WIDGET = WC1kw40o1363787371516, WR52qhb2b3065858412, WTka3gd61a1189661280, WP4wy85v32159516454
		ROLE = UIAListItem
		TITLE = Local Disk (C:)
		SHAPE = Rect [x:550.0 y:743.0 w:250.0 h:52.0]
		CHILDREN = 4
		PATH = [0, 0, 0, 0, 2, 0, 2, 1]
	DESCRIPTION = Left Click at 'Local Disk (C:)'
	TEXT = Compound Action =
		Move mouse to (675.0, 769.0).
		Press Mouse Button BUTTON1
		Release Mouse Button BUTTON1

ExecutedAction [48]: 
 @Action ConcreteID = AC18bs7x1813882172780 AbstractID = AA18bs7x1813882172780
 ConcreteID CUSTOM = ConcreteID CUSTOM not available AbstractID CUSTOM = AA1o1woj7804211762759
 @State ConcreteID = SC1ycrcaa1d423784763715 AbstractID = SRi9h5s31bfb3400950624
 ConcreteID CUSTOM = SC4omyuy1d424232017825 AbstractID CUSTOM = SAowmox71d3c4157543393

	ROLE = LeftClickAt
	TARGET =
		WIDGET = WC14z3yfa444110740901, WR1h6ibpb92248851252, WTlnub172b1806996768, WP1imq638403567949383
		ROLE = UIAButton
		TITLE = Back to This PC (Alt + Left Arrow)
		SHAPE = Rect [x:380.0 y:226.0 w:30.0 h:30.0]
		CHILDREN = 0
		PATH = [0, 0, 0, 7, 0, 0, 0]
	DESCRIPTION = Left Click at 'Back to This PC (Alt + Left Arrow)'
	TEXT = Compound Action =
		Move mouse to (395.0, 241.0).
		Press Mouse Button BUTTON1
		Release Mouse Button BUTTON1

ExecutedAction [49]: 
 @Action ConcreteID = ACgayv01811761998239 AbstractID = AAgayv01811761998239
 ConcreteID CUSTOM = ConcreteID CUSTOM not available AbstractID CUSTOM = AA115a9u3804179308255
 @State ConcreteID = SC1yyflpk1d2c3702164384 AbstractID = SR1ybw1x61be71148566312
 ConcreteID CUSTOM = SC1myydg61d303373941849 AbstractID CUSTOM = SAklyl031d292997486433

	ROLE = LeftClickAt
	TARGET =
		WIDGET = WCji1k5d263848701840, WR4na8ob72534219213, WT9u39i4103619495140, WP1695hrn221541982779
		ROLE = UIATree
		TITLE = Tree View
		SHAPE = Rect [x:376.0 y:290.0 w:156.0 h:490.0]
		CHILDREN = 2
		PATH = [0, 0, 0, 0, 1, 0]
	DESCRIPTION = Left Click at 'Tree View'
	TEXT = Compound Action =
		Move mouse to (454.0, 535.0).
		Press Mouse Button BUTTON1
		Release Mouse Button BUTTON1

ExecutedAction [50]: 
 @Action ConcreteID = AC1op5wm7812440305452 AbstractID = AA1op5wm7812440305452
 ConcreteID CUSTOM = ConcreteID CUSTOM not available AbstractID CUSTOM = AA1wyo4s1802470941514
 @State ConcreteID = SC104cigc1d2c2947143544 AbstractID = SR1i6mivn1be63682306036
 ConcreteID CUSTOM = SC5iaixu1d302338909528 AbstractID CUSTOM = SA1k8crc21d29963479224

	ROLE = LeftClickAt
	TARGET =
		WIDGET = WC1pbddu3361627256377, WR1h6ibpb92248851252, WT1fpuitn172907996335, WPocum1l323057298285
		ROLE = UIAButton
		TITLE = Collapse Group
		SHAPE = Rect [x:540.0 y:717.0 w:15.0 h:21.0]
		CHILDREN = 0
		PATH = [0, 0, 0, 0, 2, 0, 2, 0, 0]
	DESCRIPTION = Left Click at 'Collapse Group'
	TEXT = Compound Action =
		Move mouse to (547.5, 727.5).
		Press Mouse Button BUTTON1
		Release Mouse Button BUTTON1

ExecutedAction [51]: 
 @Action ConcreteID = AC1mr3mq57c2678014955 AbstractID = AA1mr3mq57c2678014955
 ConcreteID CUSTOM = ConcreteID CUSTOM not available AbstractID CUSTOM = AA74vz7z7c3921740646
 @State ConcreteID = SC1vtl76s1c5c213562660 AbstractID = SReu4xxi1b251819848006
 ConcreteID CUSTOM = SC1h4ktm81c5a4009181756 AbstractID CUSTOM = SAcbnby01c593730617924

	ROLE = LeftClickAt
	TARGET =
		WIDGET = WCsphgey2b3333922522, WR5quxi6b4097176690, WTqbgpb2121408045107, WP93ch0o273155997436
		ROLE = UIATreeItem
		TITLE = Desktop
		SHAPE = Rect [x:0.0 y:0.0 w:0.0 h:0.0]
		CHILDREN = 3
		PATH = [0, 0, 0, 0, 1, 0, 1]
	DESCRIPTION = Left Click at 'Desktop'
	TEXT = Compound Action =
		Move mouse to (0.0, 0.0).
		Press Mouse Button BUTTON1
		Release Mouse Button BUTTON1

Forcing SUT activation (bring to foreground) action
ExecutedAction [52]: 
 @Action ConcreteID = AC1e4f5po393337236553 AbstractID = AA1e4f5po393337236553
 ConcreteID CUSTOM = ConcreteID CUSTOM not available AbstractID CUSTOM = AAddrkw3a2909731942
 @State ConcreteID = SCvmk8gw1c5c2142890492 AbstractID = SR1m3ny3r1b261638754978
 ConcreteID CUSTOM = SCzk4m5g1c5a2894457661 AbstractID CUSTOM = SA1bqd7l51c591436234653

	DESCRIPTION = Bring the system to the foreground.
	TEXT = Bring the system to the foreground.

Forcing SUT activation (bring to foreground) action
ExecutedAction [53]: 
 @Action ConcreteID = AC1e4f5po393337236553 AbstractID = AA1e4f5po393337236553
 ConcreteID CUSTOM = ConcreteID CUSTOM not available AbstractID CUSTOM = AAddrkw3a2909731942
 @State ConcreteID = SCvmk8gw1c5c2142890492 AbstractID = SR1m3ny3r1b261638754978
 ConcreteID CUSTOM = SCzk4m5g1c5a2894457661 AbstractID CUSTOM = SA1bqd7l51c591436234653

	DESCRIPTION = Bring the system to the foreground.
	TEXT = Bring the system to the foreground.

ExecutedAction [54]: 
 @Action ConcreteID = AC1si404a801293428057 AbstractID = AA1si404a801293428057
 ConcreteID CUSTOM = ConcreteID CUSTOM not available AbstractID CUSTOM = AAe5dqsm812459084559
 @State ConcreteID = SCvmk8gw1c5c2142890492 AbstractID = SR1m3ny3r1b261638754978
 ConcreteID CUSTOM = SCzk4m5g1c5a2894457661 AbstractID CUSTOM = SA1bqd7l51c591436234653

	ROLE = LeftClickAt
	TARGET =
		WIDGET = WC1ugyo88312176594528, WR52qhb2b3065858412, WT1re04ir151295098703, WP1gfoysa2d783809715
		ROLE = UIAListItem
		TITLE = 3D Objects
		SHAPE = Rect [x:550.0 y:324.0 w:250.0 h:52.0]
		CHILDREN = 2
		PATH = [0, 0, 0, 0, 2, 0, 0, 1]
	DESCRIPTION = Left Click at '3D Objects'
	TEXT = Compound Action =
		Move mouse to (675.0, 350.0).
		Press Mouse Button BUTTON1
		Release Mouse Button BUTTON1

ExecutedAction [55]: 
 @Action ConcreteID = ACm5ghs803891242561 AbstractID = AAm5ghs803891242561
 ConcreteID CUSTOM = ConcreteID CUSTOM not available AbstractID CUSTOM = AAlaj95881946152471
 @State ConcreteID = SCvmk8gw1c5c2142890492 AbstractID = SR1m3ny3r1b261638754978
 ConcreteID CUSTOM = SCzk4m5g1c5a2894457661 AbstractID CUSTOM = SA1bqd7l51c591436234653

	ROLE = LeftClickAt
	TARGET =
		WIDGET = WC1y88jo52d3544118075, WR52qhb2b3065858412, WT1bsme5211706248952, WP1nafpjb293721073592
		ROLE = UIAListItem
		TITLE = Videos
		SHAPE = Rect [x:550.0 y:660.0 w:250.0 h:52.0]
		CHILDREN = 2
		PATH = [0, 0, 0, 0, 2, 0, 0, 7]
	DESCRIPTION = Left Click at 'Videos'
	TEXT = Compound Action =
		Move mouse to (675.0, 686.0).
		Press Mouse Button BUTTON1
		Release Mouse Button BUTTON1

ExecutedAction [56]: 
 @Action ConcreteID = AC1n36twf80932501272 AbstractID = AA1n36twf80932501272
 ConcreteID CUSTOM = ConcreteID CUSTOM not available AbstractID CUSTOM = AA8qgkkr813894302030
 @State ConcreteID = SCvmk8gw1c5c2142890492 AbstractID = SR1m3ny3r1b261638754978
 ConcreteID CUSTOM = SCzk4m5g1c5a2894457661 AbstractID CUSTOM = SA1bqd7l51c591436234653

	ROLE = LeftClickAt
	TARGET =
		WIDGET = WCo17exf2f3456302809, WR52qhb2b3065858412, WTdysgoj13420361687, WPysbgw52b906723759
		ROLE = UIAListItem
		TITLE = Pictures
		SHAPE = Rect [x:550.0 y:604.0 w:250.0 h:52.0]
		CHILDREN = 2
		PATH = [0, 0, 0, 0, 2, 0, 0, 6]
	DESCRIPTION = Left Click at 'Pictures'
	TEXT = Compound Action =
		Move mouse to (675.0, 630.0).
		Press Mouse Button BUTTON1
		Release Mouse Button BUTTON1

ExecutedAction [57]: 
 @Action ConcreteID = AC174y12w802435790933 AbstractID = AA174y12w802435790933
 ConcreteID CUSTOM = ConcreteID CUSTOM not available AbstractID CUSTOM = AA1rtbtqc811319483907
 @State ConcreteID = SCvmk8gw1c5c2142890492 AbstractID = SR1m3ny3r1b261638754978
 ConcreteID CUSTOM = SCzk4m5g1c5a2894457661 AbstractID CUSTOM = SA1bqd7l51c591436234653

	ROLE = LeftClickAt
	TARGET =
		WIDGET = WCa0kvy482390749551, WR1h6ibpb92248851252, WTw5hfaa2f1452805696, WPsz9x8s441373565678
		ROLE = UIAButton
		TITLE = Forward to This PC (Alt + Right Arrow)
		SHAPE = Rect [x:410.0 y:226.0 w:30.0 h:30.0]
		CHILDREN = 0
		PATH = [0, 0, 0, 7, 0, 0, 1]
	DESCRIPTION = Left Click at 'Forward to This PC (Alt + Right Arrow)'
	TEXT = Compound Action =
		Move mouse to (425.0, 241.0).
		Press Mouse Button BUTTON1
		Release Mouse Button BUTTON1

ExecutedAction [58]: 
 @Action ConcreteID = AC7t5ndj814209287812 AbstractID = AA7t5ndj814209287812
 ConcreteID CUSTOM = ConcreteID CUSTOM not available AbstractID CUSTOM = AAnja3zp803867903407
 @State ConcreteID = SC1ycrcaa1d423784763715 AbstractID = SRi9h5s31bfb3400950624
 ConcreteID CUSTOM = SC4omyuy1d424232017825 AbstractID CUSTOM = SAowmox71d3c4157543393

	ROLE = LeftClickAt
	TARGET =
		WIDGET = WCo1r7is2f4083341161, WR52qhb2b3065858412, WTdysgoj13420361687, WPysv9hi2b191604767
		ROLE = UIAListItem
		TITLE = Pictures
		SHAPE = Rect [x:550.0 y:585.0 w:250.0 h:52.0]
		CHILDREN = 2
		PATH = [0, 0, 0, 0, 2, 0, 1, 6]
	DESCRIPTION = Left Click at 'Pictures'
	TEXT = Compound Action =
		Move mouse to (675.0, 611.0).
		Press Mouse Button BUTTON1
		Release Mouse Button BUTTON1

ExecutedAction [59]: 
 @Action ConcreteID = AC1iykrty802749663726 AbstractID = AA1iykrty802749663726
 ConcreteID CUSTOM = ConcreteID CUSTOM not available AbstractID CUSTOM = AAtjnbsr812560966340
 @State ConcreteID = SCzio9121d422459284891 AbstractID = SR6oes6i1bfa2790012521
 ConcreteID CUSTOM = SCm936bq1d423192774304 AbstractID CUSTOM = SA1oj0v961d3c2080937528

	ROLE = LeftClickAt
	TARGET =
		WIDGET = WCo1r7is2f4083341161, WR52qhb2b3065858412, WTdysgoj13420361687, WPysv9hi2b191604767
		ROLE = UIAListItem
		TITLE = Pictures
		SHAPE = Rect [x:550.0 y:585.0 w:250.0 h:52.0]
		CHILDREN = 2
		PATH = [0, 0, 0, 0, 2, 0, 1, 6]
	DESCRIPTION = Left Click at 'Pictures'
	TEXT = Compound Action =
		Move mouse to (675.0, 611.0).
		Press Mouse Button BUTTON1
		Release Mouse Button BUTTON1

ExecutedAction [60]: 
 @Action ConcreteID = AC82ds7u803451959527 AbstractID = AA82ds7u803451959527
 ConcreteID CUSTOM = ConcreteID CUSTOM not available AbstractID CUSTOM = AA1hoke5r814135653325
 @State ConcreteID = SCzio9121d422459284891 AbstractID = SR6oes6i1bfa2790012521
 ConcreteID CUSTOM = SCm936bq1d423192774304 AbstractID CUSTOM = SA1oj0v961d3c2080937528

	ROLE = LeftClickAt
	TARGET =
		WIDGET = WChhd79t29587018591, WR1e04pz3e358922214, WT1o1rmsv132406183479, WP1jzud1f25815357387
		ROLE = UIASplitButton
		TITLE = Views
		SHAPE = Rect [x:857.0 y:261.0 w:55.0 h:26.0]
		CHILDREN = 1
		PATH = [0, 0, 0, 0, 0, 2]
	DESCRIPTION = Left Click at 'Views'
	TEXT = Compound Action =
		Move mouse to (884.5, 274.0).
		Press Mouse Button BUTTON1
		Release Mouse Button BUTTON1

ExecutedAction [61]: 
 @Action ConcreteID = ACed2jxy81103038621 AbstractID = AAed2jxy81103038621
 ConcreteID CUSTOM = ConcreteID CUSTOM not available AbstractID CUSTOM = AA8b17fl811195279276
 @State ConcreteID = SC1h67yv81ef03091819189 AbstractID = SRj2b45v1d9d1293600879
 ConcreteID CUSTOM = SC2s4xzz1ee32598932350 AbstractID CUSTOM = SA11qyo2c1ee01483238047

	ROLE = LeftClickAt
	TARGET =
		WIDGET = WC51ul4w2d883616527, WR1h6ibpb92248851252, WTnbm3rx14926922420, WP1bfm9qm29538283871
		ROLE = UIAButton
		TITLE = View Slider
		SHAPE = Rect [x:884.0 y:261.0 w:18.0 h:26.0]
		CHILDREN = 0
		PATH = [0, 0, 0, 1, 0, 2, 0]
	DESCRIPTION = Left Click at 'View Slider'
	TEXT = Compound Action =
		Move mouse to (893.0, 274.0).
		Press Mouse Button BUTTON1
		Release Mouse Button BUTTON1

ExecutedAction [62]: 
 @Action ConcreteID = AC1tqkes681703039113 AbstractID = AA1tqkes681703039113
 ConcreteID CUSTOM = ConcreteID CUSTOM not available AbstractID CUSTOM = AA1noj29t811761426360
 @State ConcreteID = SC1h67yv81ef03091819189 AbstractID = SRj2b45v1d9d1293600879
 ConcreteID CUSTOM = SC2s4xzz1ee32598932350 AbstractID CUSTOM = SA11qyo2c1ee01483238047

	ROLE = LeftClickAt
	TARGET =
		WIDGET = WCjmgsfj373604566081, WR5quxi6b4097176690, WT7wiqy31b4267075581, WPazvboh332599804756
		ROLE = UIATreeItem
		TITLE = Desktop (pinned)
		SHAPE = Rect [x:427.0 y:330.0 w:47.0 h:24.0]
		CHILDREN = 0
		PATH = [0, 0, 0, 1, 1, 0, 0, 0]
	DESCRIPTION = Left Click at 'Desktop (pinned)'
	TEXT = Compound Action =
		Move mouse to (450.5, 342.0).
		Press Mouse Button BUTTON1
		Release Mouse Button BUTTON1

Forcing SUT activation (bring to foreground) action
ExecutedAction [63]: 
 @Action ConcreteID = AC134ps3g3a3601376351 AbstractID = AA134ps3g3a3601376351
 ConcreteID CUSTOM = ConcreteID CUSTOM not available AbstractID CUSTOM = AA1tlch1m393498272302
 @State ConcreteID = SC147uzuq1d4d1116801825 AbstractID = SRjdund71c0c2764771737
 ConcreteID CUSTOM = SCif4eox1d552471425213 AbstractID CUSTOM = SAij0o0o1d483364543399

	DESCRIPTION = Bring the system to the foreground.
	TEXT = Bring the system to the foreground.

Forcing SUT activation (bring to foreground) action
ExecutedAction [64]: 
 @Action ConcreteID = AC1t1hz6q3a3651617693 AbstractID = AA1t1hz6q3a3651617693
 ConcreteID CUSTOM = ConcreteID CUSTOM not available AbstractID CUSTOM = AAn4eqkg392582008491
 @State ConcreteID = SC156aghf1d4b3311467634 AbstractID = SR1l0kqo21c0d1997084251
 ConcreteID CUSTOM = SC1jk4b851d552368545265 AbstractID CUSTOM = SA12prt11d482169296388

	DESCRIPTION = Bring the system to the foreground.
	TEXT = Bring the system to the foreground.

ExecutedAction [65]: 
 @Action ConcreteID = ACnrbs1g81245402898 AbstractID = AAnrbs1g81245402898
 ConcreteID CUSTOM = ConcreteID CUSTOM not available AbstractID CUSTOM = AA14i0v2u804198398624
 @State ConcreteID = SC156aghf1d4b3311467634 AbstractID = SR1l0kqo21c0d1997084251
 ConcreteID CUSTOM = SC1jk4b851d552368545265 AbstractID CUSTOM = SA12prt11d482169296388

	ROLE = LeftClickAt
	TARGET =
		WIDGET = WC12au51e373000323228, WR1e04pz3e358922214, WTlsfet81b800750866, WPbmm5x0333660228822
		ROLE = UIASplitButton
		TITLE = Date modified
		SHAPE = Rect [x:808.0 y:290.0 w:144.0 h:25.0]
		CHILDREN = 1
		PATH = [0, 0, 0, 0, 2, 0, 1, 1]
	DESCRIPTION = Left Click at 'Date modified'
	TEXT = Compound Action =
		Move mouse to (880.0, 302.5).
		Press Mouse Button BUTTON1
		Release Mouse Button BUTTON1

ExecutedAction [66]: 
 @Action ConcreteID = ACu15me8802247429099 AbstractID = AAu15me8802247429099
 ConcreteID CUSTOM = ConcreteID CUSTOM not available AbstractID CUSTOM = AA1piti30804222769880
 @State ConcreteID = SC1g0mz7a1d4c894591914 AbstractID = SR1l0kqo21c0d1997084251
 ConcreteID CUSTOM = SCgjoai81d592028004884 AbstractID CUSTOM = SA12prt11d482169296388

	ROLE = LeftClickAt
	TARGET =
		WIDGET = WC19763lo2e4009524100, WR5quxi6b4097176690, WT1dc7d13123152781878, WP18j3gry2a2987089620
		ROLE = UIATreeItem
		TITLE = This PC
		SHAPE = Rect [x:419.0 y:466.0 w:43.0 h:24.0]
		CHILDREN = 0
		PATH = [0, 0, 0, 0, 1, 0, 1, 1]
	DESCRIPTION = Left Click at 'This PC'
	TEXT = Compound Action =
		Move mouse to (440.5, 478.0).
		Press Mouse Button BUTTON1
		Release Mouse Button BUTTON1

ExecutedAction [67]: 
 @Action ConcreteID = AC5egsrw7f2550405219 AbstractID = AA5egsrw7f2550405219
 ConcreteID CUSTOM = ConcreteID CUSTOM not available AbstractID CUSTOM = AAphgcku7f2984762965
 @State ConcreteID = SCh9gtel1d2e178776331 AbstractID = SR1ybw1x61be71148566312
 ConcreteID CUSTOM = SC1lep7p81d333900446239 AbstractID CUSTOM = SAnqsjci1d29496572957

	ROLE = LeftClickAt
	TARGET =
		WIDGET = WC1e7on6n3a3191861991, WR1e04pz3e358922214, WT1c4o4m81b2311801335, WP1dxorzh361313160057
		ROLE = UIASplitButton
		TITLE = All locations
		SHAPE = Rect [x:483.0 y:230.0 w:35.0 h:21.0]
		CHILDREN = 0
		PATH = [0, 0, 0, 7, 2, 0, 0, 0, 0]
	DESCRIPTION = Left Click at 'All locations'
	TEXT = Compound Action =
		Move mouse to (500.5, 240.5).
		Press Mouse Button BUTTON1
		Release Mouse Button BUTTON1

ExecutedAction [68]: 
 @Action ConcreteID = AC4emr737f833709287 AbstractID = AA4emr737f833709287
 ConcreteID CUSTOM = ConcreteID CUSTOM not available AbstractID CUSTOM = AA17nclni803283375542
 @State ConcreteID = SCcmdjxd1d07324923632 AbstractID = SR1cg3jch1bc0815867818
 ConcreteID CUSTOM = SC1ldyvcl1d0c3085238965 AbstractID CUSTOM = SAr0fqzr1d013417649060

	ROLE = LeftClickAt
	TARGET =
		WIDGET = WC1pbddu3361627256377, WR1h6ibpb92248851252, WT1fpuitn172907996335, WPocum1l323057298285
		ROLE = UIAButton
		TITLE = Collapse Group
		SHAPE = Rect [x:540.0 y:717.0 w:15.0 h:21.0]
		CHILDREN = 0
		PATH = [0, 0, 0, 0, 2, 0, 2, 0, 0]
	DESCRIPTION = Left Click at 'Collapse Group'
	TEXT = Compound Action =
		Move mouse to (547.5, 727.5).
		Press Mouse Button BUTTON1
		Release Mouse Button BUTTON1

ExecutedAction [69]: 
 @Action ConcreteID = AC1ip7wbc81594523984 AbstractID = AA1ip7wbc81594523984
 ConcreteID CUSTOM = ConcreteID CUSTOM not available AbstractID CUSTOM = AA1b6sel37f3085018096
 @State ConcreteID = SC1g6kift1c373306831988 AbstractID = SR17umgzu1aff3635817017
 ConcreteID CUSTOM = SCwe70u31c361811201717 AbstractID CUSTOM = SAe4lry91c31474917836

	ROLE = LeftClickAt
	TARGET =
		WIDGET = WC1jtywjh303332353310, WR52qhb2b3065858412, WT15jjwvu14569738581, WPt6py9b2c181664691
		ROLE = UIAListItem
		TITLE = Documents
		SHAPE = Rect [x:550.0 y:436.0 w:250.0 h:52.0]
		CHILDREN = 2
		PATH = [0, 0, 0, 0, 2, 0, 0, 3]
	DESCRIPTION = Left Click at 'Documents'
	TEXT = Compound Action =
		Move mouse to (675.0, 462.0).
		Press Mouse Button BUTTON1
		Release Mouse Button BUTTON1

ExecutedAction [70]: 
 @Action ConcreteID = AC1j4sjzb80620387330 AbstractID = AA1j4sjzb80620387330
 ConcreteID CUSTOM = ConcreteID CUSTOM not available AbstractID CUSTOM = AA1k32zx780250468214
 @State ConcreteID = SCexegih1c5e2726192687 AbstractID = SReu4xxi1b251819848006
 ConcreteID CUSTOM = SC12fzx001c5d1261707093 AbstractID CUSTOM = SAvuraex1c591025391783

	ROLE = LeftClickAt
	TARGET =
		WIDGET = WC1bpqanu421230979373, WR10fgh33101836453781, WT4hv7bn264259317288, WPxnpuuk3e2757968987
		ROLE = UIACustomControl
		TITLE = Devices and drives (2)
		SHAPE = Rect [x:536.0 y:715.0 w:449.0 h:27.0]
		CHILDREN = 3
		PATH = [0, 0, 0, 0, 2, 0, 1, 0]
	DESCRIPTION = Left Click at 'Devices and drives (2)'
	TEXT = Compound Action =
		Move mouse to (760.5, 728.5).
		Press Mouse Button BUTTON1
		Release Mouse Button BUTTON1

ExecutedAction [71]: 
 @Action ConcreteID = ACkpg4no802149490618 AbstractID = AAkpg4no802149490618
 ConcreteID CUSTOM = ConcreteID CUSTOM not available AbstractID CUSTOM = AAlnqklk802852721870
 @State ConcreteID = SCexegih1c5e2726192687 AbstractID = SReu4xxi1b251819848006
 ConcreteID CUSTOM = SC12fzx001c5d1261707093 AbstractID CUSTOM = SAvuraex1c591025391783

	ROLE = LeftClickAt
	TARGET =
		WIDGET = WC1e7on6n3a3191861991, WR1e04pz3e358922214, WT1c4o4m81b2311801335, WP1dxorzh361313160057
		ROLE = UIASplitButton
		TITLE = All locations
		SHAPE = Rect [x:483.0 y:230.0 w:35.0 h:21.0]
		CHILDREN = 0
		PATH = [0, 0, 0, 7, 2, 0, 0, 0, 0]
	DESCRIPTION = Left Click at 'All locations'
	TEXT = Compound Action =
		Move mouse to (500.5, 240.5).
		Press Mouse Button BUTTON1
		Release Mouse Button BUTTON1

ExecutedAction [72]: 
 @Action ConcreteID = AC1sqafyw813238568423 AbstractID = AA1sqafyw813238568423
 ConcreteID CUSTOM = ConcreteID CUSTOM not available AbstractID CUSTOM = AA1l7uy8n7f1434891591
 @State ConcreteID = SC1g6kift1c373306831988 AbstractID = SR17umgzu1aff3635817017
 ConcreteID CUSTOM = SCwe70u31c361811201717 AbstractID CUSTOM = SAe4lry91c31474917836

	ROLE = LeftClickAt
	TARGET =
		WIDGET = WC14rl8ll1d1705281507, WR1h6ibpb92248851252, WT1gjzbmxd1262302430, WP13i51ob191916169551
		ROLE = UIAButton
		TITLE = Open
		SHAPE = Rect [x:780.0 y:818.0 w:88.0 h:26.0]
		CHILDREN = 0
		PATH = [0, 0, 0, 4]
	DESCRIPTION = Left Click at 'Open'
	TEXT = Compound Action =
		Move mouse to (824.0, 831.0).
		Press Mouse Button BUTTON1
		Release Mouse Button BUTTON1

ExecutedAction [73]: 
 @Action ConcreteID = AC1qoyf2y801600246074 AbstractID = AA1qoyf2y801600246074
 ConcreteID CUSTOM = ConcreteID CUSTOM not available AbstractID CUSTOM = AA1jwboo08055132324
 @State ConcreteID = SCqoveev1d4f1689805917 AbstractID = SRjdund71c0c2764771737
 ConcreteID CUSTOM = SC1rz2ljs1d5a1013450225 AbstractID CUSTOM = SAij0o0o1d483364543399

	ROLE = LeftClickAt
	TARGET =
		WIDGET = WC1otf64g382365068644, WR1h6ibpb92248851252, WT1epqnef192624198131, WPt159ji344258185460
		ROLE = UIAButton
		TITLE = Filter drop-down
		SHAPE = Rect [x:792.0 y:290.0 w:15.0 h:25.0]
		CHILDREN = 0
		PATH = [0, 0, 0, 0, 2, 0, 1, 0, 0]
	DESCRIPTION = Left Click at 'Filter drop-down'
	TEXT = Compound Action =
		Move mouse to (799.5, 302.5).
		Press Mouse Button BUTTON1
		Release Mouse Button BUTTON1

ExecutedAction [74]: 
 @Action ConcreteID = AC1riw73u802643372187 AbstractID = AA1riw73u802643372187
 ConcreteID CUSTOM = ConcreteID CUSTOM not available AbstractID CUSTOM = AAn0g08f804219425184
 @State ConcreteID = SC186p5hw1df5656400352 AbstractID = SRnl1ow31c8f3278651641
 ConcreteID CUSTOM = SC13t8hwe1deb3360724390 AbstractID CUSTOM = SA1qagj541dd3633878074

	ROLE = LeftClickAt
	TARGET =
		WIDGET = WC1uk8b5j1f1008819147, WR1h6ibpb92248851252, WT1vjbvvdf3603144044, WP1ooe8h51b1740264760
		ROLE = UIAButton
		TITLE = Cancel
		SHAPE = Rect [x:880.0 y:818.0 w:88.0 h:26.0]
		CHILDREN = 0
		PATH = [0, 0, 0, 6]
	DESCRIPTION = Left Click at 'Cancel'
	TEXT = Compound Action =
		Move mouse to (924.0, 831.0).
		Press Mouse Button BUTTON1
		Release Mouse Button BUTTON1

ExecutedAction [75]: 
 @Action ConcreteID = AC1bk8pzr813485491410 AbstractID = AA1bk8pzr813485491410
 ConcreteID CUSTOM = ConcreteID CUSTOM not available AbstractID CUSTOM = AAj3zf0w801995025329
 @State ConcreteID = SC16o2vvf154d2416076606 AbstractID = SR15k61wc145c968308487
 ConcreteID CUSTOM = SC106wp6n15494206016343 AbstractID CUSTOM = SA1igv48l1537258606397

	ROLE = LeftClickAt
	TARGET =
		WIDGET = WCnq3v4i402556960524, WRa3fnoge3263686876, WT18oauz1213727828902, WP1p50v1c3c386249919
		ROLE = UIARadioButton
		TITLE = Use standard doclet
		SHAPE = Rect [x:378.0 y:539.0 w:580.0 h:16.0]
		CHILDREN = 0
		PATH = [0, 0, 0, 0, 0, 1, 0, 4, 0]
	DESCRIPTION = Left Click at 'Use standard doclet'
	TEXT = Compound Action =
		Move mouse to (668.0, 547.0).
		Press Mouse Button BUTTON1
		Release Mouse Button BUTTON1

ExecutedAction [76]: 
 @Action ConcreteID = AC142ziakeb1463179947 AbstractID = AA1ehdlvxd52523825131
 ConcreteID CUSTOM = ConcreteID CUSTOM not available AbstractID CUSTOM = AA1xqcmxyd53311665669
 @State ConcreteID = SCish0ee158e1074356093 AbstractID = SRh58zlt14931009173281
 ConcreteID CUSTOM = SC7teduv15812970475411 AbstractID CUSTOM = SA6b5uma15764007207793

	ROLE = ClickTypeInto
	TARGET =
		WIDGET = WC1as67sn171262567449, WR4n0dlj72701565195, WT4n0dlj72701565195, WPskqlm11351567044
		ROLE = UIAEdit
		TITLE = 
		SHAPE = Rect [x:389.0 y:226.0 w:504.0 h:33.0]
		CHILDREN = 0
		PATH = [0, 0, 0, 4]
	DESCRIPTION = Type 'Super Bowl XXX' into '
	TEXT = Compound Action =
		Compound Action =
		Move mouse to (641.0, 242.5).
		Press Mouse Button BUTTON1
		Release Mouse Button BUTTON1
		Press Key 17
		Press Key 65
		Release Key 65
		Release Key 17
		Type text 'Super Bowl XXX'

ExecutedAction [77]: 
 @Action ConcreteID = AC15l15s5801195863962 AbstractID = AA15l15s5801195863962
 ConcreteID CUSTOM = ConcreteID CUSTOM not available AbstractID CUSTOM = AA16ohebw802902781237
 @State ConcreteID = SCish0ee158e1074356093 AbstractID = SRh58zlt14931009173281
 ConcreteID CUSTOM = SC7teduv15812970475411 AbstractID CUSTOM = SA6b5uma15764007207793

	ROLE = LeftClickAt
	TARGET =
		WIDGET = WCkh84o9243333389591, WR88rmk0b1934231702, WT88rmk0b1934231702, WP1bocjuf201538219083
		ROLE = UIACheckBox
		TITLE = 
		SHAPE = Rect [x:379.0 y:680.0 w:31.0 h:30.0]
		CHILDREN = 0
		PATH = [0, 0, 0, 0, 1, 0, 0]
	DESCRIPTION = Left Click at ''
	TEXT = Compound Action =
		Move mouse to (394.5, 695.0).
		Press Mouse Button BUTTON1
		Release Mouse Button BUTTON1

ExecutedAction [78]: 
 @Action ConcreteID = AC17f7idg803512105714 AbstractID = AA17f7idg803512105714
 ConcreteID CUSTOM = ConcreteID CUSTOM not available AbstractID CUSTOM = AA1ocbcp5802471344724
 @State ConcreteID = SCdavodt158e1377776477 AbstractID = SRh58zlt14931009173281
 ConcreteID CUSTOM = SC11yq3zq1581216562223 AbstractID CUSTOM = SA6b5uma15764007207793

	ROLE = LeftClickAt
	TARGET =
		WIDGET = WCanc1u3e1378121298, WRa3fnoge3263686876, WT137nis91f2276169897, WP1udg7tc3a4021575062
		ROLE = UIARadioButton
		TITLE = Use custom doclet
		SHAPE = Rect [x:378.0 y:590.0 w:580.0 h:16.0]
		CHILDREN = 0
		PATH = [0, 0, 0, 0, 0, 1, 0, 4, 4]
	DESCRIPTION = Left Click at 'Use custom doclet'
	TEXT = Compound Action =
		Move mouse to (668.0, 598.0).
		Press Mouse Button BUTTON1
		Release Mouse Button BUTTON1

ExecutedAction [79]: 
 @Action ConcreteID = AC81lv3z81496706192 AbstractID = AA81lv3z81496706192
 ConcreteID CUSTOM = ConcreteID CUSTOM not available AbstractID CUSTOM = AA5crh7x80753143090
 @State ConcreteID = SC1tllc4u158d3738669148 AbstractID = SRh58zlt14931009173281
 ConcreteID CUSTOM = SC7teduv15812970475411 AbstractID CUSTOM = SAq2e0th15783213221287

	ROLE = LeftClickAt
	TARGET =
		WIDGET = WCpq0tsn3a2499734669, WR17qbaneb3904637586, WTn3g9v1b8504008, WP1jp83ol361233947214
		ROLE = UIAComboBox
		TITLE = Javadoc command:
		SHAPE = Rect [x:378.0 y:292.0 w:483.0 h:23.0]
		CHILDREN = 2
		PATH = [0, 0, 0, 0, 0, 1, 0, 0, 1]
	DESCRIPTION = Left Click at 'Javadoc command:'
	TEXT = Compound Action =
		Move mouse to (619.5, 303.5).
		Press Mouse Button BUTTON1
		Release Mouse Button BUTTON1

ExecutedAction [80]: 
 @Action ConcreteID = AC4knrvp813874231142 AbstractID = AA4knrvp813874231142
 ConcreteID CUSTOM = ConcreteID CUSTOM not available AbstractID CUSTOM = AA1vtdzn803616750788
 @State ConcreteID = SC1tllc4u158d3738669148 AbstractID = SRh58zlt14931009173281
 ConcreteID CUSTOM = SC7teduv15812970475411 AbstractID CUSTOM = SAq2e0th15783213221287

	ROLE = LeftClickAt
	TARGET =
		WIDGET = WC11urwpr281308528198, WR1h6ibpb92248851252, WT1vjbvvdf3603144044, WPcnqa3x242089400793
		ROLE = UIAButton
		TITLE = Cancel
		SHAPE = Rect [x:865.0 y:683.0 w:92.0 h:25.0]
		CHILDREN = 0
		PATH = [0, 0, 0, 0, 1, 1, 2]
	DESCRIPTION = Left Click at 'Cancel'
	TEXT = Compound Action =
		Move mouse to (911.0, 695.5).
		Press Mouse Button BUTTON1
		Release Mouse Button BUTTON1

ExecutedAction [81]: 
 @Action ConcreteID = AC1cek6pw801250738048 AbstractID = AA1cek6pw801250738048
 ConcreteID CUSTOM = ConcreteID CUSTOM not available AbstractID CUSTOM = AAc1tlnk803532877387
 @State ConcreteID = SCwfxala110d255554347 AbstractID = SR17pinye10551350320501
 ConcreteID CUSTOM = SCfnoig811183450199255 AbstractID CUSTOM = SAi14wl7110a780925081

	ROLE = LeftClickAt
	TARGET =
		WIDGET = WC12m2uxc3384406248, WR17qbaneb3904637586, WT17qbaneb3904637586, WP1dbizya2f3589387951
		ROLE = UIAComboBox
		TITLE = 
		SHAPE = Rect [x:929.0 y:387.0 w:203.0 h:23.0]
		CHILDREN = 2
		PATH = [0, 0, 0, 1, 2, 0, 0, 0, 0, 0, 2, 1]
	DESCRIPTION = Left Click at ''
	TEXT = Compound Action =
		Move mouse to (1030.5, 398.5).
		Press Mouse Button BUTTON1
		Release Mouse Button BUTTON1

ExecutedAction [82]: 
 @Action ConcreteID = AC1ax3i9r803744756450 AbstractID = AA1ax3i9r803744756450
 ConcreteID CUSTOM = ConcreteID CUSTOM not available AbstractID CUSTOM = AAzafkpf7f358064869
 @State ConcreteID = SCcqqomx10e93996076024 AbstractID = SRpgbmzm102d1289784473
 ConcreteID CUSTOM = SC10esrrp10ec4199082510 AbstractID CUSTOM = SA9km33u10e0657197805

	ROLE = LeftClickAt
	TARGET =
		WIDGET = WC1d3hkqb3d3794169660, WR88rmk0b1934231702, WTwegaa91b3021749952, WP2y5d139672315044
		ROLE = UIACheckBox
		TITLE = Link with Editor
		SHAPE = Rect [x:264.0 y:267.0 w:23.0 h:22.0]
		CHILDREN = 0
		PATH = [0, 0, 0, 0, 0, 0, 0, 1, 0, 1]
	DESCRIPTION = Left Click at 'Link with Editor'
	TEXT = Compound Action =
		Move mouse to (275.5, 278.0).
		Press Mouse Button BUTTON1
		Release Mouse Button BUTTON1

ExecutedAction [83]: 
 @Action ConcreteID = ACtsfzy77f2799176407 AbstractID = AAtsfzy77f2799176407
 ConcreteID CUSTOM = ConcreteID CUSTOM not available AbstractID CUSTOM = AA14dkkj7f1797881237
 @State ConcreteID = SCwfxala110d255554347 AbstractID = SR17pinye10551350320501
 ConcreteID CUSTOM = SCfnoig811183450199255 AbstractID CUSTOM = SAi14wl7110a780925081

	ROLE = LeftClickAt
	TARGET =
		WIDGET = WCbti2du341461597146, WR1h6ibpb92248851252, WT17n94sl212370609578, WPwu3q8301069655146
		ROLE = UIAButton
		TITLE = Open Type (Ctrl+Shift+T)
		SHAPE = Rect [x:509.0 y:212.0 w:23.0 h:22.0]
		CHILDREN = 0
		PATH = [0, 1, 4, 0, 0]
	DESCRIPTION = Left Click at 'Open Type (Ctrl+Shift+T)'
	TEXT = Compound Action =
		Move mouse to (520.5, 223.0).
		Press Mouse Button BUTTON1
		Release Mouse Button BUTTON1

ExecutedAction [84]: 
 @Action ConcreteID = ACt92nph81797159050 AbstractID = AAt92nph81797159050
 ConcreteID CUSTOM = ConcreteID CUSTOM not available AbstractID CUSTOM = AAkhldtw7e365417697
 @State ConcreteID = SC1rtsdiw11e44272950189 AbstractID = SR1q66ej911291959281098
 ConcreteID CUSTOM = SC1t5ihzb11e53359582413 AbstractID CUSTOM = SAzb4sor11d391098326

	ROLE = LeftClickAt
	TARGET =
		WIDGET = WC1p15j521b3556669635, WR1h6ibpb92248851252, WTzj7080b316331869, WPaep0go173936385609
		ROLE = UIAButton
		TITLE = No
		SHAPE = Rect [x:823.0 y:551.0 w:92.0 h:25.0]
		CHILDREN = 0
		PATH = [0, 0, 3, 1]
	DESCRIPTION = Left Click at 'No'
	TEXT = Compound Action =
		Move mouse to (869.0, 563.5).
		Press Mouse Button BUTTON1
		Release Mouse Button BUTTON1

ExecutedAction [85]: 
 @Action ConcreteID = ACsiden802967068808 AbstractID = AAsiden802967068808
 ConcreteID CUSTOM = ConcreteID CUSTOM not available AbstractID CUSTOM = AA1o6yhtf7f2059022479
 @State ConcreteID = SCcqqomx10e93996076024 AbstractID = SRpgbmzm102d1289784473
 ConcreteID CUSTOM = SC10esrrp10ec4199082510 AbstractID CUSTOM = SA9km33u10e0657197805

	ROLE = LeftClickAt
	TARGET =
		WIDGET = WC1ynhi0231389914742, WR1k8fo0ra1109144095, WT97bnkv152356888552, WP1fit5qs2d1831772818
		ROLE = UIATabItem
		TITLE = Declaration
		SHAPE = Rect [x:508.0 y:729.0 w:109.0 h:24.0]
		CHILDREN = 0
		PATH = [0, 0, 0, 0, 0, 0, 4, 5]
	DESCRIPTION = Left Click at 'Declaration'
	TEXT = Compound Action =
		Move mouse to (562.5, 741.0).
		Press Mouse Button BUTTON1
		Release Mouse Button BUTTON1

ExecutedAction [86]: 
 @Action ConcreteID = AC30m54z81721328069 AbstractID = AA30m54z81721328069
 ConcreteID CUSTOM = ConcreteID CUSTOM not available AbstractID CUSTOM = AA1wookhb803025166774
 @State ConcreteID = SCcqqomx10e93996076024 AbstractID = SRpgbmzm102d1289784473
 ConcreteID CUSTOM = SC10esrrp10ec4199082510 AbstractID CUSTOM = SA9km33u10e0657197805

	ROLE = LeftClickAt
	TARGET =
		WIDGET = WCxyyx5o251924676189, WR88rmk0b1934231702, WT1nvx9gyf2324308261, WPrncfny214140945860
		ROLE = UIACheckBox
		TITLE = Java
		SHAPE = Rect [x:1141.0 y:213.0 w:23.0 h:22.0]
		CHILDREN = 0
		PATH = [0, 1, 8, 0, 0, 1]
	DESCRIPTION = Left Click at 'Java'
	TEXT = Compound Action =
		Move mouse to (1152.5, 224.0).
		Press Mouse Button BUTTON1
		Release Mouse Button BUTTON1

ExecutedAction [87]: 
 @Action ConcreteID = AC75p83f80484714907 AbstractID = AA75p83f80484714907
 ConcreteID CUSTOM = ConcreteID CUSTOM not available AbstractID CUSTOM = AA1uk5ci77f3599235484
 @State ConcreteID = SCcqqomx10e93996076024 AbstractID = SRpgbmzm102d1289784473
 ConcreteID CUSTOM = SC10esrrp10ec4199082510 AbstractID CUSTOM = SA9km33u10e0657197805

	ROLE = LeftClickAt
	TARGET =
		WIDGET = WCigh9qf452783513370, WR4na8ob72534219213, WT17lsren111380118329, WP9h48l5413798627507
		ROLE = UIATree
		TITLE = Expandable
		SHAPE = Rect [x:935.0 y:445.0 w:11.0 h:11.0]
		CHILDREN = 0
		PATH = [0, 0, 0, 1, 2, 0, 0, 0, 0, 0, 3, 0, 0, 0, 0, 0]
	DESCRIPTION = Left Click at 'Expandable'
	TEXT = Compound Action =
		Move mouse to (940.5, 450.5).
		Press Mouse Button BUTTON1
		Release Mouse Button BUTTON1

ExecutedAction [88]: 
 @Action ConcreteID = AC14gljp880215187343 AbstractID = AA14gljp880215187343
 ConcreteID CUSTOM = ConcreteID CUSTOM not available AbstractID CUSTOM = AA1r5ee9r803774411045
 @State ConcreteID = SC4hkktt10bf2521236126 AbstractID = SRftydni10073233612696
 ConcreteID CUSTOM = SC1wbyl7n10c4418180722 AbstractID CUSTOM = SAoplpa710b72968245449

	ROLE = LeftClickAt
	TARGET =
		WIDGET = WC1dbcr711b1873034447, WR17v7k2nb1067391859, WTdgwhpoe4144656729, WP1a283f173212671413
		ROLE = UIAMenuItem
		TITLE = Run
		SHAPE = Rect [x:391.0 y:187.0 w:35.0 h:19.0]
		CHILDREN = 0
		PATH = [0, 4, 5]
	DESCRIPTION = Left Click at 'Run'
	TEXT = Compound Action =
		Move mouse to (408.5, 196.5).
		Press Mouse Button BUTTON1
		Release Mouse Button BUTTON1

ExecutedAction [89]: 
 @Action ConcreteID = AC1wmmwfm802903281997 AbstractID = AA1wmmwfm802903281997
 ConcreteID CUSTOM = ConcreteID CUSTOM not available AbstractID CUSTOM = AAgtvawm811064847496
 @State ConcreteID = SCdsj9tq13242945837478 AbstractID = SRvmz7tb12723875255150
 ConcreteID CUSTOM = SC1buabzx13212418204474 AbstractID CUSTOM = SA1l7715p13094018233346

	ROLE = LeftClickAt
	TARGET =
		WIDGET = WCqi5d3c213157257041, WR17v7k2nb1067391859, WTgsaru914191322665, WPvbomvq1d4062139363
		ROLE = UIAMenuItem
		TITLE = Debug	F11
		SHAPE = Rect [x:394.0 y:231.0 w:332.0 h:22.0]
		CHILDREN = 0
		PATH = [0, 0, 1]
	DESCRIPTION = Left Click at 'Debug	F11'
	TEXT = Compound Action =
		Move mouse to (560.0, 242.0).
		Press Mouse Button BUTTON1
		Release Mouse Button BUTTON1

ExecutedAction [90]: 
 @Action ConcreteID = AC1wfrxxs802999780134 AbstractID = AA1wfrxxs802999780134
 ConcreteID CUSTOM = ConcreteID CUSTOM not available AbstractID CUSTOM = AAfxsi66813582068036
 @State ConcreteID = SChhhy0h11804132478488 AbstractID = SR1p62lgs10c73684948747
 ConcreteID CUSTOM = SC1em2qi9117f2085042728 AbstractID CUSTOM = SA1cfbai3116d4176413645

	ROLE = LeftClickAt
	TARGET =
		WIDGET = WCk5myv61b2015160918, WR1h6ibpb92248851252, WTzj707vb935461581, WPyo48hg17494111517
		ROLE = UIAButton
		TITLE = OK
		SHAPE = Rect [x:823.0 y:547.0 w:92.0 h:25.0]
		CHILDREN = 0
		PATH = [0, 0, 3, 0]
	DESCRIPTION = Left Click at 'OK'
	TEXT = Compound Action =
		Move mouse to (869.0, 559.5).
		Press Mouse Button BUTTON1
		Release Mouse Button BUTTON1

ExecutedAction [91]: 
 @Action ConcreteID = AC148k7m2e62522541261 AbstractID = AA20srefd62396457756
 ConcreteID CUSTOM = ConcreteID CUSTOM not available AbstractID CUSTOM = AA1bmnry2d64190769504
 @State ConcreteID = SC4hkktt10bf2521236126 AbstractID = SRftydni10073233612696
 ConcreteID CUSTOM = SC1wbyl7n10c4418180722 AbstractID CUSTOM = SAoplpa710b72968245449

	ROLE = ClickTypeInto
	TARGET =
		WIDGET = WCymssd4232302942008, WR4n0dlj72701565195, WT1upk7m6131955154019, WP13vq13e1f3983547
		ROLE = UIAEdit
		TITLE = Quick Access
		SHAPE = Rect [x:996.0 y:212.0 w:96.0 h:21.0]
		CHILDREN = 0
		PATH = [0, 1, 7, 0]
	DESCRIPTION = Type '"''''"'"' into 'Quick Access
	TEXT = Compound Action =
		Compound Action =
		Move mouse to (1044.0, 222.5).
		Press Mouse Button BUTTON1
		Release Mouse Button BUTTON1
		Press Key 17
		Press Key 65
		Release Key 65
		Release Key 17
		Type text '"''''"'"'

ExecutedAction [92]: 
 @Action ConcreteID = AC1xo465580692844440 AbstractID = AA1xo465580692844440
 ConcreteID CUSTOM = ConcreteID CUSTOM not available AbstractID CUSTOM = AAwmlust813155766932
 @State ConcreteID = SC1ijcic01109559707219 AbstractID = SR1bt789l1052468017879
 ConcreteID CUSTOM = SCuxfpxb1101798596032 AbstractID CUSTOM = SA1gbgh8c10ef3672782213

	ROLE = LeftClickAt
	TARGET =
		WIDGET = WC1lbicqq3e4249105706, WR1h6ibpb92248851252, WTtbaw051c1143779680, WP1wpprp03a1397907362
		ROLE = UIAButton
		TITLE = Synchronize Changed
		SHAPE = Rect [x:863.0 y:297.0 w:23.0 h:22.0]
		CHILDREN = 0
		PATH = [0, 1, 0, 0, 0, 0, 2, 1, 0, 7]
	DESCRIPTION = Left Click at 'Synchronize Changed'
	TEXT = Compound Action =
		Move mouse to (874.5, 308.0).
		Press Mouse Button BUTTON1
		Release Mouse Button BUTTON1

ExecutedAction [93]: 
 @Action ConcreteID = AC25ho2g80119234660 AbstractID = AA25ho2g80119234660
 ConcreteID CUSTOM = ConcreteID CUSTOM not available AbstractID CUSTOM = AA1053ep8812454305128
 @State ConcreteID = SC1ijcic01109559707219 AbstractID = SR1bt789l1052468017879
 ConcreteID CUSTOM = SCuxfpxb1101798596032 AbstractID CUSTOM = SA1gbgh8c10ef3672782213

	ROLE = LeftClickAt
	TARGET =
		WIDGET = WC12om3y62d2026188999, WR1k8fo0ra1109144095, WTdnxji3112124294269, WP8h5tv42948191257
		ROLE = UIATabItem
		TITLE = Javadoc
		SHAPE = Rect [x:437.0 y:729.0 w:71.0 h:24.0]
		CHILDREN = 0
		PATH = [0, 1, 0, 0, 0, 0, 4, 4]
	DESCRIPTION = Left Click at 'Javadoc'
	TEXT = Compound Action =
		Move mouse to (472.5, 741.0).
		Press Mouse Button BUTTON1
		Release Mouse Button BUTTON1

ExecutedAction [94]: 
 @Action ConcreteID = ACityzf3812315458196 AbstractID = AAityzf3812315458196
 ConcreteID CUSTOM = ConcreteID CUSTOM not available AbstractID CUSTOM = AAgtrb4181878078164
 @State ConcreteID = SC10qkevg10eb1088150852 AbstractID = SRbg1wdk102c4164909505
 ConcreteID CUSTOM = SCdeia7810f13038491981 AbstractID CUSTOM = SA1qed4ln10e43841022208

	ROLE = LeftClickAt
	TARGET =
		WIDGET = WCp3fuu33c2584013317, WR4na8ob72534219213, WT17lsren111380118329, WP1yus5ux382975996680
		ROLE = UIATree
		TITLE = Expandable
		SHAPE = Rect [x:929.0 y:420.0 w:11.0 h:11.0]
		CHILDREN = 0
		PATH = [0, 0, 0, 1, 2, 0, 0, 0, 0, 0, 2, 3, 0]
	DESCRIPTION = Left Click at 'Expandable'
	TEXT = Compound Action =
		Move mouse to (934.5, 425.5).
		Press Mouse Button BUTTON1
		Release Mouse Button BUTTON1

ExecutedAction [95]: 
 @Action ConcreteID = AC6gekca7e1964113570 AbstractID = AA6gekca7e1964113570
 ConcreteID CUSTOM = ConcreteID CUSTOM not available AbstractID CUSTOM = AA1m3do4o80203973835
 @State ConcreteID = SCosfrny113e60351369 AbstractID = SR9zenxu1077312076456
 ConcreteID CUSTOM = SC1apszh8113f4067114845 AbstractID CUSTOM = SAxgcgtc11351125762093

	ROLE = LeftClickAt
	TARGET =
		WIDGET = WCvzqlwi343809403643, WR1h6ibpb92248851252, WT7xh7vf123396096274, WPvv9xhw30913649289
		ROLE = UIAButton
		TITLE = View Menu
		SHAPE = Rect [x:886.0 y:512.0 w:23.0 h:22.0]
		CHILDREN = 0
		PATH = [0, 0, 0, 0, 0, 0, 3, 1, 1, 0]
	DESCRIPTION = Left Click at 'View Menu'
	TEXT = Compound Action =
		Move mouse to (897.5, 523.0).
		Press Mouse Button BUTTON1
		Release Mouse Button BUTTON1

ExecutedAction [96]: 
 @Action ConcreteID = AChc4nrd823554602696 AbstractID = AAhc4nrd823554602696
 ConcreteID CUSTOM = ConcreteID CUSTOM not available AbstractID CUSTOM = AA1hv4vs4811987802105
 @State ConcreteID = SC1f7w6xy11671971455359 AbstractID = SR17125qx109e1170313482
 ConcreteID CUSTOM = SC1hgzj4211684133528913 AbstractID CUSTOM = SA1o9d8t115b1072867408

	ROLE = LeftClickAt
	TARGET =
		WIDGET = WC1j57qb42f435484828, WR1h6ibpb92248851252, WT1y7s3s5192983196421, WP1sfiyjm2b2740450335
		ROLE = UIAButton
		TITLE = Open Perspective
		SHAPE = Rect [x:1110.0 y:213.0 w:23.0 h:22.0]
		CHILDREN = 0
		PATH = [0, 1, 8, 0, 0, 0]
	DESCRIPTION = Left Click at 'Open Perspective'
	TEXT = Compound Action =
		Move mouse to (1121.5, 224.0).
		Press Mouse Button BUTTON1
		Release Mouse Button BUTTON1

ExecutedAction [97]: 
 @Action ConcreteID = AC1y4r7a2e8544958514 AbstractID = AA1w2iw6ud31220007829
 ConcreteID CUSTOM = ConcreteID CUSTOM not available AbstractID CUSTOM = AA1sh54cod51440330908
 @State ConcreteID = SCgecnin13a668984830 AbstractID = SRpaiqiw12c12166183979
 ConcreteID CUSTOM = SC1pbmpjm13a8220834483 AbstractID CUSTOM = SA9el30113952767385791

	ROLE = ClickTypeInto
	TARGET =
		WIDGET = WCdwx9d251930606082, WR4n9zi27465102038, WTialraxc2427932679, WP1uyeb3j211337956207
		ROLE = UIAText
		TITLE = Debug
		SHAPE = Rect [x:514.0 y:280.0 w:129.0 h:19.0]
		CHILDREN = 0
		PATH = [0, 0, 0, 0, 0, 0, 0]
	DESCRIPTION = Type '' OR 1=1 -- 1' into 'Debug
	TEXT = Compound Action =
		Compound Action =
		Move mouse to (578.5, 289.5).
		Press Mouse Button BUTTON1
		Release Mouse Button BUTTON1
		Press Key 17
		Press Key 65
		Release Key 65
		Release Key 17
		Type text '' OR 1=1 -- 1'

ExecutedAction [98]: 
 @Action ConcreteID = AC1p5mg7s812610039886 AbstractID = AA1p5mg7s812610039886
 ConcreteID CUSTOM = ConcreteID CUSTOM not available AbstractID CUSTOM = AAz85s3u802587025680
 @State ConcreteID = SC1pk26c313ba3750172682 AbstractID = SRt5xoqt12d33303197451
 ConcreteID CUSTOM = SC149cpib13bc2244002070 AbstractID CUSTOM = SAhh96d613a82395008270

	ROLE = LeftClickAt
	TARGET =
		WIDGET = WC1cookbl224260643772, WR1h6ibpb92248851252, WT1vjbvvdf3603144044, WP1haaawf1e3005802796
		ROLE = UIAButton
		TITLE = Cancel
		SHAPE = Rect [x:737.0 y:648.0 w:92.0 h:25.0]
		CHILDREN = 0
		PATH = [0, 0, 0, 1, 1]
	DESCRIPTION = Left Click at 'Cancel'
	TEXT = Compound Action =
		Move mouse to (783.0, 660.5).
		Press Mouse Button BUTTON1
		Release Mouse Button BUTTON1

ExecutedAction [99]: 
 @Action ConcreteID = AC1ypvap7e2149356948 AbstractID = AA1ypvap7e2149356948
 ConcreteID CUSTOM = ConcreteID CUSTOM not available AbstractID CUSTOM = AA1hloz33804179955709
 @State ConcreteID = SCosfrny113e60351369 AbstractID = SR9zenxu1077312076456
 ConcreteID CUSTOM = SC1apszh8113f4067114845 AbstractID CUSTOM = SAxgcgtc11351125762093

	ROLE = LeftClickAt
	TARGET =
		WIDGET = WC1dbcr711b1873034447, WR17v7k2nb1067391859, WTdgwhpoe4144656729, WP1a283f173212671413
		ROLE = UIAMenuItem
		TITLE = Run
		SHAPE = Rect [x:391.0 y:187.0 w:35.0 h:19.0]
		CHILDREN = 0
		PATH = [0, 4, 5]
	DESCRIPTION = Left Click at 'Run'
	TEXT = Compound Action =
		Move mouse to (408.5, 196.5).
		Press Mouse Button BUTTON1
		Release Mouse Button BUTTON1

ExecutedAction [100]: 
 @Action ConcreteID = ACc85x9m811025650679 AbstractID = AAc85x9m811025650679
 ConcreteID CUSTOM = ConcreteID CUSTOM not available AbstractID CUSTOM = AA1vmfhia802498122806
 @State ConcreteID = SC1vuglsv13a32097659647 AbstractID = SRih9o4j12e23229307744
 ConcreteID CUSTOM = SCpr440213a03590559225 AbstractID CUSTOM = SAbo9rsu13842456728126

	ROLE = LeftClickAt
	TARGET =
		WIDGET = WCazhzdg3691938148, WR1k8fo0ra1109144095, WTvx93041a1599598058, WPv57kxy32226442407
		ROLE = UIATabItem
		TITLE = Package Explorer
		SHAPE = Rect [x:166.0 y:240.0 w:125.0 h:24.0]
		CHILDREN = 0
		PATH = [0, 1, 0, 0, 0, 0, 0, 3]
	DESCRIPTION = Left Click at 'Package Explorer'
	TEXT = Compound Action =
		Move mouse to (228.5, 252.0).
		Press Mouse Button BUTTON1
		Release Mouse Button BUTTON1

Sequence 1 finished.
Copying generated sequence ("sequence1405") to output directory...
Copying classified sequence ("sequence1405") to sequences_ok folder...
