Starting sequence 1 (output as: sequence2708)

ExecutedAction [1]: 
 @Action ConcreteID = AC1sijsf17f4121824480 AbstractID = AA1sijsf17f4121824480
 ConcreteID CUSTOM = ConcreteID CUSTOM not available AbstractID CUSTOM = AA165uh3j803113870653
 @State ConcreteID = SCbws786dbd2310704444 AbstractID = SR10665mpd262413247906
 ConcreteID CUSTOM = SC1bdalhcdca110223358 AbstractID CUSTOM = SA1apozdvdaa3670648036

	ROLE = LeftClickAt
	TARGET =
		WIDGET = WC1s708962010933524, WR17v7k2nb1067391859, WT1omh7n413746922249, WP2hrons1c2276822195
		ROLE = UIAMenuItem
		TITLE = Navigate
		SHAPE = Rect [x:442.0 y:291.0 w:61.0 h:19.0]
		CHILDREN = 0
		PATH = [0, 4, 4]
	DESCRIPTION = Left Click at 'Navigate'
	TEXT = Compound Action =
		Move mouse to (472.5, 300.5).
		Press Mouse Button BUTTON1
		Release Mouse Button BUTTON1

ExecutedAction [2]: 
 @Action ConcreteID = ACaaao1i802874220350 AbstractID = AAaaao1i802874220350
 ConcreteID CUSTOM = ConcreteID CUSTOM not available AbstractID CUSTOM = AAfgz1em802809937884
 @State ConcreteID = SC1i94ez4fd72861080805 AbstractID = SRae1bi0f41247275261
 ConcreteID CUSTOM = SCso7bhkfcf1801910121 AbstractID CUSTOM = SA130ej46fcd2034456694

	ROLE = LeftClickAt
	TARGET =
		WIDGET = WC1ta42kb20839475271, WR17v7k2nb1067391859, WTdu1ltt132131939509, WPylwle11c3362793074
		ROLE = UIAMenuItem
		TITLE = Refactor
		SHAPE = Rect [x:384.0 y:291.0 w:58.0 h:19.0]
		CHILDREN = 0
		PATH = [0, 5, 3]
	DESCRIPTION = Left Click at 'Refactor'
	TEXT = Compound Action =
		Move mouse to (413.0, 300.5).
		Press Mouse Button BUTTON1
		Release Mouse Button BUTTON1

ExecutedAction [3]: 
 @Action ConcreteID = AC2gu0yf80581014795 AbstractID = AA2gu0yf80581014795
 ConcreteID CUSTOM = ConcreteID CUSTOM not available AbstractID CUSTOM = AAx4aj7h7f3378936210
 @State ConcreteID = SC12pzyg9dfb2281024180 AbstractID = SR4wn62hd622788114368
 ConcreteID CUSTOM = SC1jpp8le082568792764 AbstractID CUSTOM = SA8ays3pde81974312150

	ROLE = LeftClickAt
	TARGET =
		WIDGET = WC1xidtqt523278166425, WR1h6ibpb92248851252, WTehicr6303086359913, WPsajljb4e2864892972
		ROLE = UIAButton
		TITLE = Collapse All (Ctrl+Shift+Numpad_Divide)
		SHAPE = Rect [x:409.0 y:371.0 w:23.0 h:22.0]
		CHILDREN = 0
		PATH = [0, 0, 0, 0, 0, 0, 0, 1, 0, 0]
	DESCRIPTION = Left Click at 'Collapse All (Ctrl+Shift+Numpad_Divide)'
	TEXT = Compound Action =
		Move mouse to (420.5, 382.0).
		Press Mouse Button BUTTON1
		Release Mouse Button BUTTON1

ExecutedAction [4]: 
 @Action ConcreteID = AC4ba3kd80641751158 AbstractID = AA4ba3kd80641751158
 ConcreteID CUSTOM = ConcreteID CUSTOM not available AbstractID CUSTOM = AAlolwez813731800566
 @State ConcreteID = SCbws786dbd2310704444 AbstractID = SR10665mpd262413247906
 ConcreteID CUSTOM = SC1bdalhcdca110223358 AbstractID CUSTOM = SA1apozdvdaa3670648036

	ROLE = LeftClickAt
	TARGET =
		WIDGET = WCvzqlwi343809403643, WR1h6ibpb92248851252, WT7xh7vf123396096274, WPvv9xhw30913649289
		ROLE = UIAButton
		TITLE = View Menu
		SHAPE = Rect [x:1245.0 y:616.0 w:23.0 h:22.0]
		CHILDREN = 0
		PATH = [0, 0, 0, 0, 0, 0, 3, 1, 1, 0]
	DESCRIPTION = Left Click at 'View Menu'
	TEXT = Compound Action =
		Move mouse to (1256.5, 627.0).
		Press Mouse Button BUTTON1
		Release Mouse Button BUTTON1

ExecutedAction [5]: 
 @Action ConcreteID = AC79172f7f1515278503 AbstractID = AA79172f7f1515278503
 ConcreteID CUSTOM = ConcreteID CUSTOM not available AbstractID CUSTOM = AA1rojlco80362439364
 @State ConcreteID = SC4ild1ddc2170917068 AbstractID = SR7zj8f2d253579241991
 ConcreteID CUSTOM = SCa25egndc71697166372 AbstractID CUSTOM = SA3dhgt1da63985460633

	ROLE = LeftClickAt
	TARGET =
		WIDGET = WC1as7urz2f1704320327, WR1h6ibpb92248851252, WT1y7s3s5192983196421, WP1k2j30h2b3744911812
		ROLE = UIAButton
		TITLE = Open Perspective
		SHAPE = Rect [x:1214.0 y:317.0 w:23.0 h:22.0]
		CHILDREN = 0
		PATH = [0, 2, 8, 0, 0, 0]
	DESCRIPTION = Left Click at 'Open Perspective'
	TEXT = Compound Action =
		Move mouse to (1225.5, 328.0).
		Press Mouse Button BUTTON1
		Release Mouse Button BUTTON1

ExecutedAction [6]: 
 @Action ConcreteID = ACs2uoep801871692503 AbstractID = AAs2uoep801871692503
 ConcreteID CUSTOM = ConcreteID CUSTOM not available AbstractID CUSTOM = AA13o1n98813119806730
 @State ConcreteID = SCszex7j10021794164207 AbstractID = SR4ger7hf482304474861
 ConcreteID CUSTOM = SCu7883offe2189295555 AbstractID CUSTOM = SA1q5l4n210052598079580

	ROLE = LeftClickAt
	TARGET =
		WIDGET = WCtb1o0n243666391391, WR52qhb2b3065858412, WT1szwvkke3160747539, WP19av5c9201863174373
		ROLE = UIAListItem
		TITLE = Git
		SHAPE = Rect [x:614.0 y:403.0 w:133.0 h:19.0]
		CHILDREN = 1
		PATH = [0, 0, 0, 0, 0, 1]
	DESCRIPTION = Left Click at 'Git'
	TEXT = Compound Action =
		Move mouse to (680.5, 412.5).
		Press Mouse Button BUTTON1
		Release Mouse Button BUTTON1

ExecutedAction [7]: 
 @Action ConcreteID = AC12v4g8880149373215 AbstractID = AA12v4g8880149373215
 ConcreteID CUSTOM = ConcreteID CUSTOM not available AbstractID CUSTOM = AA1rr85ro803269224791
 @State ConcreteID = SCsd766z10161071041301 AbstractID = SRrmj2jkf5a3289991790
 ConcreteID CUSTOM = SC1j43eab10121116896440 AbstractID CUSTOM = SAnmsych10181917693558

	ROLE = LeftClickAt
	TARGET =
		WIDGET = WC56be2h262390575670, WR52qhb2b3065858412, WTqgwb85101755545893, WPlvq0yz22844261582
		ROLE = UIAListItem
		TITLE = Debug
		SHAPE = Rect [x:614.0 y:384.0 w:133.0 h:19.0]
		CHILDREN = 1
		PATH = [0, 0, 0, 0, 0, 0]
	DESCRIPTION = Left Click at 'Debug'
	TEXT = Compound Action =
		Move mouse to (680.5, 393.5).
		Press Mouse Button BUTTON1
		Release Mouse Button BUTTON1

ExecutedAction [8]: 
 @Action ConcreteID = AC13act04802648075764 AbstractID = AA13act04802648075764
 ConcreteID CUSTOM = ConcreteID CUSTOM not available AbstractID CUSTOM = AA1s6gijk801475167676
 @State ConcreteID = SCsd766z10161071041301 AbstractID = SRrmj2jkf5a3289991790
 ConcreteID CUSTOM = SC1j43eab10121116896440 AbstractID CUSTOM = SAnmsych10181917693558

	ROLE = LeftClickAt
	TARGET =
		WIDGET = WC1q38lwl332856261978, WR52qhb2b3065858412, WTvdlmi01d3557683564, WPxto8gn2f4156342363
		ROLE = UIAListItem
		TITLE = Team Synchronizing
		SHAPE = Rect [x:614.0 y:517.0 w:133.0 h:19.0]
		CHILDREN = 1
		PATH = [0, 0, 0, 0, 0, 7]
	DESCRIPTION = Left Click at 'Team Synchronizing'
	TEXT = Compound Action =
		Move mouse to (680.5, 526.5).
		Press Mouse Button BUTTON1
		Release Mouse Button BUTTON1

ExecutedAction [9]: 
 @Action ConcreteID = AC12v4g8880149373215 AbstractID = AA12v4g8880149373215
 ConcreteID CUSTOM = ConcreteID CUSTOM not available AbstractID CUSTOM = AA1rr85ro803269224791
 @State ConcreteID = SCsd766z10161071041301 AbstractID = SRrmj2jkf5a3289991790
 ConcreteID CUSTOM = SC1j43eab10121116896440 AbstractID CUSTOM = SAnmsych10181917693558

	ROLE = LeftClickAt
	TARGET =
		WIDGET = WC56be2h262390575670, WR52qhb2b3065858412, WTqgwb85101755545893, WPlvq0yz22844261582
		ROLE = UIAListItem
		TITLE = Debug
		SHAPE = Rect [x:614.0 y:384.0 w:133.0 h:19.0]
		CHILDREN = 1
		PATH = [0, 0, 0, 0, 0, 0]
	DESCRIPTION = Left Click at 'Debug'
	TEXT = Compound Action =
		Move mouse to (680.5, 393.5).
		Press Mouse Button BUTTON1
		Release Mouse Button BUTTON1

ExecutedAction [10]: 
 @Action ConcreteID = AC843dlb802860138493 AbstractID = AA843dlb802860138493
 ConcreteID CUSTOM = ConcreteID CUSTOM not available AbstractID CUSTOM = AAx0734r801614878645
 @State ConcreteID = SCsd766z10161071041301 AbstractID = SRrmj2jkf5a3289991790
 ConcreteID CUSTOM = SC1j43eab10121116896440 AbstractID CUSTOM = SAnmsych10181917693558

	ROLE = LeftClickAt
	TARGET =
		WIDGET = WCefhplm291552643548, WR52qhb2b3065858412, WT1kygnmj131122739681, WP1sh6bw253211256420
		ROLE = UIAListItem
		TITLE = Planning
		SHAPE = Rect [x:614.0 y:479.0 w:133.0 h:19.0]
		CHILDREN = 1
		PATH = [0, 0, 0, 0, 0, 5]
	DESCRIPTION = Left Click at 'Planning'
	TEXT = Compound Action =
		Move mouse to (680.5, 488.5).
		Press Mouse Button BUTTON1
		Release Mouse Button BUTTON1

ExecutedAction [11]: 
 @Action ConcreteID = AC3hkvyr803111162252 AbstractID = AA3hkvyr803111162252
 ConcreteID CUSTOM = ConcreteID CUSTOM not available AbstractID CUSTOM = AA1j1pxqc813191190949
 @State ConcreteID = SCl1be4d10023566725505 AbstractID = SR4ger7hf482304474861
 ConcreteID CUSTOM = SCu7883offe2189295555 AbstractID CUSTOM = SA1u8b41g10041831199931

	ROLE = LeftClickAt
	TARGET =
		WIDGET = WCtb1o0n243666391391, WR52qhb2b3065858412, WT1szwvkke3160747539, WP19av5c9201863174373
		ROLE = UIAListItem
		TITLE = Git
		SHAPE = Rect [x:614.0 y:403.0 w:133.0 h:19.0]
		CHILDREN = 1
		PATH = [0, 0, 0, 0, 0, 1]
	DESCRIPTION = Left Click at 'Git'
	TEXT = Compound Action =
		Move mouse to (680.5, 412.5).
		Press Mouse Button BUTTON1
		Release Mouse Button BUTTON1

ExecutedAction [12]: 
 @Action ConcreteID = AC1y1dvn1804200595666 AbstractID = AA1y1dvn1804200595666
 ConcreteID CUSTOM = ConcreteID CUSTOM not available AbstractID CUSTOM = AAnwdj7d80811280538
 @State ConcreteID = SCsd766z10161071041301 AbstractID = SRrmj2jkf5a3289991790
 ConcreteID CUSTOM = SC1j43eab10121116896440 AbstractID CUSTOM = SAnmsych10181917693558

	ROLE = LeftClickAt
	TARGET =
		WIDGET = WC11d1n6a2f1952011925, WR52qhb2b3065858412, WTjkigs0192673559985, WPhvu4qs2b2844549886
		ROLE = UIAListItem
		TITLE = Java (default)
		SHAPE = Rect [x:614.0 y:422.0 w:133.0 h:19.0]
		CHILDREN = 1
		PATH = [0, 0, 0, 0, 0, 2]
	DESCRIPTION = Left Click at 'Java (default)'
	TEXT = Compound Action =
		Move mouse to (680.5, 431.5).
		Press Mouse Button BUTTON1
		Release Mouse Button BUTTON1

ExecutedAction [13]: 
 @Action ConcreteID = AC5k82s2803424308723 AbstractID = AA5k82s2803424308723
 ConcreteID CUSTOM = ConcreteID CUSTOM not available AbstractID CUSTOM = AAugbsbi80102884795
 @State ConcreteID = SCsd766z10161071041301 AbstractID = SRrmj2jkf5a3289991790
 ConcreteID CUSTOM = SC1j43eab10121116896440 AbstractID CUSTOM = SAnmsych10181917693558

	ROLE = LeftClickAt
	TARGET =
		WIDGET = WC1vy131r34529170423, WR52qhb2b3065858412, WTx79kzz1e1330630462, WP1469h5t301215471073
		ROLE = UIAListItem
		TITLE = Java Type Hierarchy
		SHAPE = Rect [x:614.0 y:460.0 w:133.0 h:19.0]
		CHILDREN = 1
		PATH = [0, 0, 0, 0, 0, 4]
	DESCRIPTION = Left Click at 'Java Type Hierarchy'
	TEXT = Compound Action =
		Move mouse to (680.5, 469.5).
		Press Mouse Button BUTTON1
		Release Mouse Button BUTTON1

ExecutedAction [14]: 
 @Action ConcreteID = AC1haedqk803934231664 AbstractID = AA1haedqk803934231664
 ConcreteID CUSTOM = ConcreteID CUSTOM not available AbstractID CUSTOM = AA75e1aw80541373496
 @State ConcreteID = SCsd766z10161071041301 AbstractID = SRrmj2jkf5a3289991790
 ConcreteID CUSTOM = SC1j43eab10121116896440 AbstractID CUSTOM = SAnmsych10181917693558

	ROLE = LeftClickAt
	TARGET =
		WIDGET = WC1cookbl224260643772, WR1h6ibpb92248851252, WT1vjbvvdf3603144044, WP1haaawf1e3005802796
		ROLE = UIAButton
		TITLE = Cancel
		SHAPE = Rect [x:841.0 y:752.0 w:92.0 h:25.0]
		CHILDREN = 0
		PATH = [0, 0, 0, 1, 1]
	DESCRIPTION = Left Click at 'Cancel'
	TEXT = Compound Action =
		Move mouse to (887.0, 764.5).
		Press Mouse Button BUTTON1
		Release Mouse Button BUTTON1

ExecutedAction [15]: 
 @Action ConcreteID = AC1dyew43812077316335 AbstractID = AA1dyew43812077316335
 ConcreteID CUSTOM = ConcreteID CUSTOM not available AbstractID CUSTOM = AA1wlf5ot803562716592
 @State ConcreteID = SC1xyxa7ld991334862367 AbstractID = SRssiwitcfe470558501
 ConcreteID CUSTOM = SC187c90zd9e3024084470 AbstractID CUSTOM = SArdcc6ad803165046034

	ROLE = LeftClickAt
	TARGET =
		WIDGET = WC1trj5dr381562706468, WR88rmk0b1934231702, WTq71wij16501672612, WP1b9rckx34686146509
		ROLE = UIACheckBox
		TITLE = Categorized
		SHAPE = Rect [x:1143.0 y:371.0 w:23.0 h:22.0]
		CHILDREN = 0
		PATH = [0, 0, 0, 0, 0, 0, 2, 1, 0, 1]
	DESCRIPTION = Left Click at 'Categorized'
	TEXT = Compound Action =
		Move mouse to (1154.5, 382.0).
		Press Mouse Button BUTTON1
		Release Mouse Button BUTTON1

ExecutedAction [16]: 
 @Action ConcreteID = ACdurh0u803255437882 AbstractID = AAdurh0u803255437882
 ConcreteID CUSTOM = ConcreteID CUSTOM not available AbstractID CUSTOM = AA1lzo5ro7f1140332947
 @State ConcreteID = SC1xyxa7ld991334862367 AbstractID = SRssiwitcfe470558501
 ConcreteID CUSTOM = SC187c90zd9e3024084470 AbstractID CUSTOM = SArdcc6ad803165046034

	ROLE = LeftClickAt
	TARGET =
		WIDGET = WC1snqtkk2e1661780130, WR1k8fo0ra1109144095, WT1pfi7n3123142606374, WP2gbk862a363479783
		ROLE = UIATabItem
		TITLE = Problems
		SHAPE = Rect [x:525.0 y:833.0 w:100.0 h:24.0]
		CHILDREN = 0
		PATH = [0, 0, 0, 0, 0, 0, 4, 3]
	DESCRIPTION = Left Click at 'Problems'
	TEXT = Compound Action =
		Move mouse to (575.0, 845.0).
		Press Mouse Button BUTTON1
		Release Mouse Button BUTTON1

ExecutedAction [17]: 
 @Action ConcreteID = AC1qg73cw81856186766 AbstractID = AA1qg73cw81856186766
 ConcreteID CUSTOM = ConcreteID CUSTOM not available AbstractID CUSTOM = AAa23ayi802625877713
 @State ConcreteID = SC1xyxa7ld991334862367 AbstractID = SRssiwitcfe470558501
 ConcreteID CUSTOM = SC187c90zd9e3024084470 AbstractID CUSTOM = SArdcc6ad803165046034

	ROLE = LeftClickAt
	TARGET =
		WIDGET = WC1vy74te361668172135, WR1h6ibpb92248851252, WTogc9bu141497257592, WP1tn0l5g322748446610
		ROLE = UIAButton
		TITLE = &Filters...
		SHAPE = Rect [x:1142.0 y:834.0 w:23.0 h:22.0]
		CHILDREN = 0
		PATH = [0, 0, 0, 0, 0, 0, 4, 0, 0, 0]
	DESCRIPTION = Left Click at '&Filters...'
	TEXT = Compound Action =
		Move mouse to (1153.5, 845.0).
		Press Mouse Button BUTTON1
		Release Mouse Button BUTTON1

ExecutedAction [18]: 
 @Action ConcreteID = AC1iu6405801811450485 AbstractID = AA1iu6405801811450485
 ConcreteID CUSTOM = ConcreteID CUSTOM not available AbstractID CUSTOM = AA3qtn66803438270993
 @State ConcreteID = SC13s44w314f9443805527 AbstractID = SR1bji9ts1400534990510
 ConcreteID CUSTOM = SCbfq09514f82487593264 AbstractID CUSTOM = SAp7cdq414f03439229200

	ROLE = LeftClickAt
	TARGET =
		WIDGET = WCvivb8c3e4259365898, WR88rmk0b1934231702, WT9m9ji0102129742601, WPkcuhla3a50511710
		ROLE = UIACheckBox
		TITLE = Error
		SHAPE = Rect [x:868.0 y:516.0 w:46.0 h:16.0]
		CHILDREN = 0
		PATH = [0, 0, 0, 0, 0, 1, 2, 0, 0, 0, 1, 2, 1, 1]
	DESCRIPTION = Left Click at 'Error'
	TEXT = Compound Action =
		Move mouse to (891.0, 524.0).
		Press Mouse Button BUTTON1
		Release Mouse Button BUTTON1

ExecutedAction [19]: 
 @Action ConcreteID = ACu4nbv1813494016536 AbstractID = AAu4nbv1813494016536
 ConcreteID CUSTOM = ConcreteID CUSTOM not available AbstractID CUSTOM = AA8xe1ic812587542537
 @State ConcreteID = SC13s44w314f9443805527 AbstractID = SR1bji9ts1400534990510
 ConcreteID CUSTOM = SCbfq09514f82487593264 AbstractID CUSTOM = SAp7cdq414f03439229200

	ROLE = LeftClickAt
	TARGET =
		WIDGET = WCtuxpdq443857171804, WR1h6ibpb92248851252, WT1ov9f24132873152388, WPmxs3gs404224905076
		ROLE = UIAButton
		TITLE = Select All
		SHAPE = Rect [x:1004.0 y:580.0 w:92.0 h:25.0]
		CHILDREN = 0
		PATH = [0, 0, 0, 0, 0, 1, 2, 0, 0, 0, 2, 2, 0, 1, 0]
	DESCRIPTION = Left Click at 'Select All'
	TEXT = Compound Action =
		Move mouse to (1050.0, 592.5).
		Press Mouse Button BUTTON1
		Release Mouse Button BUTTON1

ExecutedAction [20]: 
 @Action ConcreteID = AChf0dkr801809245508 AbstractID = AAhf0dkr801809245508
 ConcreteID CUSTOM = ConcreteID CUSTOM not available AbstractID CUSTOM = AA11crypw803435246880
 @State ConcreteID = SC13s44w314f9443805527 AbstractID = SR1bji9ts1400534990510
 ConcreteID CUSTOM = SCbfq09514f82487593264 AbstractID CUSTOM = SAp7cdq414f03439229200

	ROLE = LeftClickAt
	TARGET =
		WIDGET = WCx7qbvf472904813481, WR16s6p21c140494670, WTddzkv1164284674305, WP1owz9bd43740216126
		ROLE = UIAScrollBar
		TITLE = Horizontal
		SHAPE = Rect [x:771.0 y:688.0 w:209.0 h:17.0]
		CHILDREN = 4
		PATH = [0, 0, 0, 0, 0, 1, 2, 0, 0, 0, 2, 2, 0, 0, 1]
	DESCRIPTION = Left Click at 'Horizontal'
	TEXT = Compound Action =
		Move mouse to (875.5, 696.5).
		Press Mouse Button BUTTON1
		Release Mouse Button BUTTON1

ExecutedAction [21]: 
 @Action ConcreteID = AChodlus801094920935 AbstractID = AAhodlus801094920935
 ConcreteID CUSTOM = ConcreteID CUSTOM not available AbstractID CUSTOM = AA11m56zx803864296067
 @State ConcreteID = SC13s44w314f9443805527 AbstractID = SR1bji9ts1400534990510
 ConcreteID CUSTOM = SCbfq09514f82487593264 AbstractID CUSTOM = SAp7cdq414f03439229200

	ROLE = LeftClickAt
	TARGET =
		WIDGET = WCbn6o705f299459659, WR88rmk0b1934231702, WTwn1kno2e3938175987, WP21tz2i5b3806307972
		ROLE = UIACheckBox
		TITLE = Gradle Project Configuration Marker
		SHAPE = Rect [x:808.0 y:685.0 w:172.0 h:3.0]
		CHILDREN = 0
		PATH = [0, 0, 0, 0, 0, 1, 2, 0, 0, 0, 2, 2, 0, 0, 9]
	DESCRIPTION = Left Click at 'Gradle Project Configuration Marker'
	TEXT = Compound Action =
		Move mouse to (894.0, 686.5).
		Press Mouse Button BUTTON1
		Release Mouse Button BUTTON1

ExecutedAction [22]: 
 @Action ConcreteID = AC1sjlduh12c2978664588 AbstractID = AA1oatv0ad63295785309
 ConcreteID CUSTOM = ConcreteID CUSTOM not available AbstractID CUSTOM = AArxqr0jd6275907822
 @State ConcreteID = SC13s44w314f9443805527 AbstractID = SR1bji9ts1400534990510
 ConcreteID CUSTOM = SCbfq09514f82487593264 AbstractID CUSTOM = SAp7cdq414f03439229200

	ROLE = ClickTypeInto
	TARGET =
		WIDGET = WC1rfr4d5353695057610, WR4n0dlj72701565195, WT4n0dlj72701565195, WP1mzrn7v313266006335
		ROLE = UIAEdit
		TITLE = 
		SHAPE = Rect [x:917.0 y:481.0 w:179.0 h:21.0]
		CHILDREN = 0
		PATH = [0, 0, 0, 0, 0, 1, 2, 0, 0, 0, 1, 2, 0, 2]
	DESCRIPTION = Type '𝚃𝚑𝚎 𝚚𝚞𝚒𝚌?...' into '
	TEXT = Compound Action =
		Compound Action =
		Move mouse to (1006.5, 491.5).
		Press Mouse Button BUTTON1
		Release Mouse Button BUTTON1
		Press Key 17
		Press Key 65
		Release Key 65
		Release Key 17
		Type text '𝚃𝚑𝚎 𝚚𝚞𝚒𝚌𝚔 𝚋𝚛𝚘𝚠𝚗 𝚏𝚘𝚡 𝚓𝚞𝚖𝚙𝚜 𝚘𝚟𝚎𝚛 𝚝𝚑𝚎 𝚕𝚊𝚣𝚢 𝚍𝚘𝚐'

ExecutedAction [23]: 
 @Action ConcreteID = AC1yvo2pt812978739310 AbstractID = AA1yvo2pt812978739310
 ConcreteID CUSTOM = ConcreteID CUSTOM not available AbstractID CUSTOM = AAr7npkt803485638215
 @State ConcreteID = SC1a7ucdi150c3095315249 AbstractID = SRnde4p1414672425911
 ConcreteID CUSTOM = SCyz4cvn150f1619545307 AbstractID CUSTOM = SAunrhx015051877382509

	ROLE = LeftClickAt
	TARGET =
		WIDGET = WC1dudnbc5b781556046, WR88rmk0b1934231702, WT14qzbbc2a951882437, WP121paty571675673145
		ROLE = UIACheckBox
		TITLE = JRE Compiler Compliance Problem
		SHAPE = Rect [x:808.0 y:685.0 w:172.0 h:3.0]
		CHILDREN = 0
		PATH = [0, 0, 0, 0, 0, 1, 2, 0, 0, 0, 2, 2, 0, 0, 9]
	DESCRIPTION = Left Click at 'JRE Compiler Compliance Problem'
	TEXT = Compound Action =
		Move mouse to (894.0, 686.5).
		Press Mouse Button BUTTON1
		Release Mouse Button BUTTON1

ExecutedAction [24]: 
 @Action ConcreteID = AC1gcjv3u812711257832 AbstractID = AA1gcjv3u812711257832
 ConcreteID CUSTOM = ConcreteID CUSTOM not available AbstractID CUSTOM = AA8ojhyu803755206849
 @State ConcreteID = SC1a7ucdi150c3095315249 AbstractID = SRnde4p1414672425911
 ConcreteID CUSTOM = SCyz4cvn150f1619545307 AbstractID CUSTOM = SAunrhx015051877382509

	ROLE = LeftClickAt
	TARGET =
		WIDGET = WC1mgb6r4351478489809, WR4na8ob72534219213, WT4na8ob72534219213, WPi91mci31237732971
		ROLE = UIATree
		TITLE = 
		SHAPE = Rect [x:769.0 y:575.0 w:230.0 h:132.0]
		CHILDREN = 10
		PATH = [0, 0, 0, 0, 0, 1, 2, 0, 0, 0, 2, 2, 0, 0]
	DESCRIPTION = Left Click at ''
	TEXT = Compound Action =
		Move mouse to (884.0, 641.0).
		Press Mouse Button BUTTON1
		Release Mouse Button BUTTON1

ExecutedAction [25]: 
 @Action ConcreteID = ACemsc17801047150493 AbstractID = AAemsc17801047150493
 ConcreteID CUSTOM = ConcreteID CUSTOM not available AbstractID CUSTOM = AA1c6mh2v803910133237
 @State ConcreteID = SCyu25mw150e2520688382 AbstractID = SRnde4p1414672425911
 ConcreteID CUSTOM = SCqf0ovg150d863503231 AbstractID CUSTOM = SAunrhx015051877382509

	ROLE = LeftClickAt
	TARGET =
		WIDGET = WC16a6faz2e851653596, WR88rmk0b1934231702, WTz3ppep153617495572, WPvxg2fd2a2952627657
		ROLE = UIACheckBox
		TITLE = Use limits
		SHAPE = Rect [x:431.0 y:745.0 w:72.0 h:16.0]
		CHILDREN = 0
		PATH = [0, 0, 0, 0, 0, 2, 0]
	DESCRIPTION = Left Click at 'Use limits'
	TEXT = Compound Action =
		Move mouse to (467.0, 753.0).
		Press Mouse Button BUTTON1
		Release Mouse Button BUTTON1

ExecutedAction [26]: 
 @Action ConcreteID = ACjoej5h813526703096 AbstractID = AAjoej5h813526703096
 ConcreteID CUSTOM = ConcreteID CUSTOM not available AbstractID CUSTOM = AAk19q5d813856200922
 @State ConcreteID = SC1nkyd9k150d3761351187 AbstractID = SRnde4p1414672425911
 ConcreteID CUSTOM = SCqf0ovg150d863503231 AbstractID CUSTOM = SA13srzf715042412929525

	ROLE = LeftClickAt
	TARGET =
		WIDGET = WC3gi0ja462694015958, WR1h6ibpb92248851252, WT1cknvro121926923266, WP1upskh4423966485411
		ROLE = UIAButton
		TITLE = Page down
		SHAPE = Rect [x:980.0 y:626.0 w:17.0 h:45.0]
		CHILDREN = 0
		PATH = [0, 0, 0, 0, 0, 1, 2, 0, 0, 0, 2, 2, 0, 0, 0, 3]
	DESCRIPTION = Left Click at 'Page down'
	TEXT = Compound Action =
		Move mouse to (988.5, 648.5).
		Press Mouse Button BUTTON1
		Release Mouse Button BUTTON1

ExecutedAction [27]: 
 @Action ConcreteID = AC2ev2aq7f3491716219 AbstractID = AA2ev2aq7f3491716219
 ConcreteID CUSTOM = ConcreteID CUSTOM not available AbstractID CUSTOM = AA7wphfh812446112839
 @State ConcreteID = SCv16dnn150e766892055 AbstractID = SRnde4p1414672425911
 ConcreteID CUSTOM = SC1t6dbt515103357047914 AbstractID CUSTOM = SA13srzf715042412929525

	ROLE = LeftClickAt
	TARGET =
		WIDGET = WC1lgpvji23394660413, WR4n4ygb71694219017, WT4n4ygb71694219017, WP1wax8801f185613210
		ROLE = UIAList
		TITLE = 
		SHAPE = Rect [x:439.0 y:299.0 w:201.0 h:418.0]
		CHILDREN = 4
		PATH = [0, 0, 0, 0, 0, 1, 0, 0]
	DESCRIPTION = Left Click at ''
	TEXT = Compound Action =
		Move mouse to (539.5, 508.0).
		Press Mouse Button BUTTON1
		Release Mouse Button BUTTON1

ExecutedAction [28]: 
 @Action ConcreteID = AC1cqitxm7f1998492135 AbstractID = AA1cqitxm7f1998492135
 ConcreteID CUSTOM = ConcreteID CUSTOM not available AbstractID CUSTOM = AA1i8d92d81919434715
 @State ConcreteID = SCv16dnn150e766892055 AbstractID = SRnde4p1414672425911
 ConcreteID CUSTOM = SC1t6dbt515103357047914 AbstractID CUSTOM = SA13srzf715042412929525

	ROLE = LeftClickAt
	TARGET =
		WIDGET = WC1nmimro39231994651, WR4na8ob72534219213, WT17lsren111380118329, WP1tzhtiu352881729726
		ROLE = UIATree
		TITLE = Expandable
		SHAPE = Rect [x:759.0 y:302.0 w:11.0 h:11.0]
		CHILDREN = 0
		PATH = [0, 0, 0, 0, 0, 1, 2, 0, 0, 0, 0, 0]
	DESCRIPTION = Left Click at 'Expandable'
	TEXT = Compound Action =
		Move mouse to (764.5, 307.5).
		Press Mouse Button BUTTON1
		Release Mouse Button BUTTON1

ExecutedAction [29]: 
 @Action ConcreteID = AC13curai814123659361 AbstractID = AA13curai814123659361
 ConcreteID CUSTOM = ConcreteID CUSTOM not available AbstractID CUSTOM = AA1mqygip801117289450
 @State ConcreteID = SC1vxocvd14e31763419780 AbstractID = SR1eegly913ec3636018956
 ConcreteID CUSTOM = SCkirctd14e23634006928 AbstractID CUSTOM = SArhc84414e11194402413

	ROLE = LeftClickAt
	TARGET =
		WIDGET = WC1mfuev43f1266400501, WR17qbaneb3904637586, WTksaixp112129689314, WPa18aia3b1417961456
		ROLE = UIAComboBox
		TITLE = Text: 
		SHAPE = Rect [x:801.0 y:347.0 w:111.0 h:23.0]
		CHILDREN = 1
		PATH = [0, 0, 0, 0, 0, 1, 2, 0, 0, 0, 1, 2, 0, 1]
	DESCRIPTION = Left Click at 'Text: '
	TEXT = Compound Action =
		Move mouse to (856.5, 358.5).
		Press Mouse Button BUTTON1
		Release Mouse Button BUTTON1

ExecutedAction [30]: 
 @Action ConcreteID = AC1gjqpm6812480537370 AbstractID = AA1gjqpm6812480537370
 ConcreteID CUSTOM = ConcreteID CUSTOM not available AbstractID CUSTOM = AA1g5v33d803540432826
 @State ConcreteID = SC191lqun155d2464806184 AbstractID = SRx1igjl145e1867016888
 ConcreteID CUSTOM = SC1dk0npf155d2726499641 AbstractID CUSTOM = SA54fwus15571295025080

	ROLE = LeftClickAt
	TARGET =
		WIDGET = WC1qbaml8242242348062, WR52qhb2b3065858412, WT1q02l7c1a998371243, WP13pnb2m203999325744
		ROLE = UIAListItem
		TITLE = doesn't contain
		SHAPE = Rect [x:802.0 y:386.0 w:109.0 h:15.0]
		CHILDREN = 0
		PATH = [1, 1]
	DESCRIPTION = Left Click at 'doesn't contain'
	TEXT = Compound Action =
		Move mouse to (856.5, 393.5).
		Press Mouse Button BUTTON1
		Release Mouse Button BUTTON1

ExecutedAction [31]: 
 @Action ConcreteID = ACxc9u0781675027612 AbstractID = AAxc9u0781675027612
 ConcreteID CUSTOM = ConcreteID CUSTOM not available AbstractID CUSTOM = AA1gqdj8e802674814231
 @State ConcreteID = SC1vxocvd14e31763419780 AbstractID = SR1eegly913ec3636018956
 ConcreteID CUSTOM = SCkirctd14e23634006928 AbstractID CUSTOM = SArhc84414e11194402413

	ROLE = LeftClickAt
	TARGET =
		WIDGET = WC1j07va0482247516888, WR1h6ibpb92248851252, WTmroimq144285515309, WPzzlrii443661471987
		ROLE = UIAButton
		TITLE = Column left
		SHAPE = Rect [x:771.0 y:688.0 w:17.0 h:17.0]
		CHILDREN = 0
		PATH = [0, 0, 0, 0, 0, 1, 2, 0, 0, 0, 2, 2, 0, 0, 1, 0]
	DESCRIPTION = Left Click at 'Column left'
	TEXT = Compound Action =
		Move mouse to (779.5, 696.5).
		Press Mouse Button BUTTON1
		Release Mouse Button BUTTON1

ExecutedAction [32]: 
 @Action ConcreteID = AC1xuhfzc824074261155 AbstractID = AA1xuhfzc824074261155
 ConcreteID CUSTOM = ConcreteID CUSTOM not available AbstractID CUSTOM = AAvpno9d812282046076
 @State ConcreteID = SC1vxocvd14e31763419780 AbstractID = SR1eegly913ec3636018956
 ConcreteID CUSTOM = SCkirctd14e23634006928 AbstractID CUSTOM = SArhc84414e11194402413

	ROLE = LeftClickAt
	TARGET =
		WIDGET = WCtuxpdq443857171804, WR1h6ibpb92248851252, WT1ov9f24132873152388, WPmxs3gs404224905076
		ROLE = UIAButton
		TITLE = Select All
		SHAPE = Rect [x:1004.0 y:447.0 w:92.0 h:25.0]
		CHILDREN = 0
		PATH = [0, 0, 0, 0, 0, 1, 2, 0, 0, 0, 2, 2, 0, 1, 0]
	DESCRIPTION = Left Click at 'Select All'
	TEXT = Compound Action =
		Move mouse to (1050.0, 459.5).
		Press Mouse Button BUTTON1
		Release Mouse Button BUTTON1

ExecutedAction [33]: 
 @Action ConcreteID = ACz2oxq7813515890802 AbstractID = AAz2oxq7813515890802
 ConcreteID CUSTOM = ConcreteID CUSTOM not available AbstractID CUSTOM = AA1igsmye801724009465
 @State ConcreteID = SC1vxocvd14e31763419780 AbstractID = SR1eegly913ec3636018956
 ConcreteID CUSTOM = SCkirctd14e23634006928 AbstractID CUSTOM = SArhc84414e11194402413

	ROLE = LeftClickAt
	TARGET =
		WIDGET = WC1lxz7e4411098657098, WR52qhb2b3065858412, WT1x7ljvw224166989255, WPqft08q3d832800536
		ROLE = UIAListItem
		TITLE = All Errors on Workspace
		SHAPE = Rect [x:441.0 y:361.0 w:187.0 h:20.0]
		CHILDREN = 1
		PATH = [0, 0, 0, 0, 0, 1, 0, 0, 3]
	DESCRIPTION = Left Click at 'All Errors on Workspace'
	TEXT = Compound Action =
		Move mouse to (534.5, 371.0).
		Press Mouse Button BUTTON1
		Release Mouse Button BUTTON1

ExecutedAction [34]: 
 @Action ConcreteID = ACovszkq811522992845 AbstractID = AAovszkq811522992845
 ConcreteID CUSTOM = ConcreteID CUSTOM not available AbstractID CUSTOM = AApcbioj80957873127
 @State ConcreteID = SC1q3nvqq14f71390570574 AbstractID = SR1h53cfc13ff3888611520
 ConcreteID CUSTOM = SC16wki2s14f82174665694 AbstractID CUSTOM = SAl5ru4y14f61354300412

	ROLE = LeftClickAt
	TARGET =
		WIDGET = WCbn6o705f299459659, WR88rmk0b1934231702, WTwn1kno2e3938175987, WP21tz2i5b3806307972
		ROLE = UIACheckBox
		TITLE = Gradle Project Configuration Marker
		SHAPE = Rect [x:808.0 y:552.0 w:172.0 h:18.0]
		CHILDREN = 0
		PATH = [0, 0, 0, 0, 0, 1, 2, 0, 0, 0, 2, 2, 0, 0, 9]
	DESCRIPTION = Left Click at 'Gradle Project Configuration Marker'
	TEXT = Compound Action =
		Move mouse to (894.0, 561.0).
		Press Mouse Button BUTTON1
		Release Mouse Button BUTTON1

ExecutedAction [35]: 
 @Action ConcreteID = AC1cojg44813112761375 AbstractID = AA1cojg44813112761375
 ConcreteID CUSTOM = ConcreteID CUSTOM not available AbstractID CUSTOM = AA1d51z7x803663201589
 @State ConcreteID = SC1q3nvqq14f71390570574 AbstractID = SR1h53cfc13ff3888611520
 ConcreteID CUSTOM = SC16wki2s14f82174665694 AbstractID CUSTOM = SAl5ru4y14f61354300412

	ROLE = LeftClickAt
	TARGET =
		WIDGET = WC1lrd4hj482695234931, WR88rmk0b1934231702, WThwatmn174043716095, WPkkgyf9443715972859
		ROLE = UIACheckBox
		TITLE = APT Problems
		SHAPE = Rect [x:808.0 y:444.0 w:78.0 h:18.0]
		CHILDREN = 0
		PATH = [0, 0, 0, 0, 0, 1, 2, 0, 0, 0, 2, 2, 0, 0, 3]
	DESCRIPTION = Left Click at 'APT Problems'
	TEXT = Compound Action =
		Move mouse to (847.0, 453.0).
		Press Mouse Button BUTTON1
		Release Mouse Button BUTTON1

ExecutedAction [36]: 
 @Action ConcreteID = ACmj1sag821317433779 AbstractID = AAmj1sag821317433779
 ConcreteID CUSTOM = ConcreteID CUSTOM not available AbstractID CUSTOM = AA10r08kf812505992344
 @State ConcreteID = SC1q3nvqq14f71390570574 AbstractID = SR1h53cfc13ff3888611520
 ConcreteID CUSTOM = SC16wki2s14f82174665694 AbstractID CUSTOM = SAl5ru4y14f61354300412

	ROLE = LeftClickAt
	TARGET =
		WIDGET = WC1sa0t283d491645803, WR88rmk0b1934231702, WT1nvwvr2f1041888928, WP16hnsb6392298940733
		ROLE = UIACheckBox
		TITLE = Info
		SHAPE = Rect [x:988.0 y:383.0 w:42.0 h:16.0]
		CHILDREN = 0
		PATH = [0, 0, 0, 0, 0, 1, 2, 0, 0, 0, 1, 2, 1, 3]
	DESCRIPTION = Left Click at 'Info'
	TEXT = Compound Action =
		Move mouse to (1009.0, 391.0).
		Press Mouse Button BUTTON1
		Release Mouse Button BUTTON1

ExecutedAction [37]: 
 @Action ConcreteID = ACevbzzt813209404259 AbstractID = AAevbzzt813209404259
 ConcreteID CUSTOM = ConcreteID CUSTOM not available AbstractID CUSTOM = AAfbuj3m803701170761
 @State ConcreteID = SC1q3nvqq14f71390570574 AbstractID = SR1h53cfc13ff3888611520
 ConcreteID CUSTOM = SC16wki2s14f82174665694 AbstractID CUSTOM = SAl5ru4y14f61354300412

	ROLE = LeftClickAt
	TARGET =
		WIDGET = WC9a3l6o553321054320, WR88rmk0b1934231702, WT1eodbtb233661262825, WP2p2ctu512295419194
		ROLE = UIACheckBox
		TITLE = Java Build Path Problems
		SHAPE = Rect [x:808.0 y:588.0 w:136.0 h:18.0]
		CHILDREN = 0
		PATH = [0, 0, 0, 0, 0, 1, 2, 0, 0, 0, 2, 2, 0, 0, 11]
	DESCRIPTION = Left Click at 'Java Build Path Problems'
	TEXT = Compound Action =
		Move mouse to (876.0, 597.0).
		Press Mouse Button BUTTON1
		Release Mouse Button BUTTON1

ExecutedAction [38]: 
 @Action ConcreteID = AC1379em2813328610753 AbstractID = AA1379em2813328610753
 ConcreteID CUSTOM = ConcreteID CUSTOM not available AbstractID CUSTOM = AA13nrxpv802780196075
 @State ConcreteID = SC1q3nvqq14f71390570574 AbstractID = SR1h53cfc13ff3888611520
 ConcreteID CUSTOM = SC16wki2s14f82174665694 AbstractID CUSTOM = SAl5ru4y14f61354300412

	ROLE = LeftClickAt
	TARGET =
		WIDGET = WC1bvncak442166193518, WR88rmk0b1934231702, WTsobonj12332954533, WP4loyum402688740635
		ROLE = UIACheckBox
		TITLE = Problem
		SHAPE = Rect [x:808.0 y:660.0 w:49.0 h:18.0]
		CHILDREN = 0
		PATH = [0, 0, 0, 0, 0, 1, 2, 0, 0, 0, 2, 2, 0, 0, 15]
	DESCRIPTION = Left Click at 'Problem'
	TEXT = Compound Action =
		Move mouse to (832.5, 669.0).
		Press Mouse Button BUTTON1
		Release Mouse Button BUTTON1

ExecutedAction [39]: 
 @Action ConcreteID = AC1angq8t81902592889 AbstractID = AA1angq8t81902592889
 ConcreteID CUSTOM = ConcreteID CUSTOM not available AbstractID CUSTOM = AA1b3z9cm801444709459
 @State ConcreteID = SC1q3nvqq14f71390570574 AbstractID = SR1h53cfc13ff3888611520
 ConcreteID CUSTOM = SC16wki2s14f82174665694 AbstractID CUSTOM = SAl5ru4y14f61354300412

	ROLE = LeftClickAt
	TARGET =
		WIDGET = WC1sep4no4996965352, WR1h6ibpb92248851252, WT1ungvu9153002714154, WP2g469y452962467720
		ROLE = UIAButton
		TITLE = Column right
		SHAPE = Rect [x:963.0 y:688.0 w:17.0 h:17.0]
		CHILDREN = 0
		PATH = [0, 0, 0, 0, 0, 1, 2, 0, 0, 0, 2, 2, 0, 0, 1, 3]
	DESCRIPTION = Left Click at 'Column right'
	TEXT = Compound Action =
		Move mouse to (971.5, 696.5).
		Press Mouse Button BUTTON1
		Release Mouse Button BUTTON1

ExecutedAction [40]: 
 @Action ConcreteID = AC188bval81164019010 AbstractID = AA188bval81164019010
 ConcreteID CUSTOM = ConcreteID CUSTOM not available AbstractID CUSTOM = AA134gxno812766901386
 @State ConcreteID = SCge7v1y150d3505091316 AbstractID = SR1k0oshr14132202439696
 ConcreteID CUSTOM = SC14eapn0150b196424687 AbstractID CUSTOM = SAisai42150a3299246164

	ROLE = LeftClickAt
	TARGET =
		WIDGET = WCxrx4e4461979467280, WR1h6ibpb92248851252, WT1h0ajul15995510404, WP1sbve16422116407055
		ROLE = UIAButton
		TITLE = Deselect All
		SHAPE = Rect [x:1004.0 y:477.0 w:92.0 h:25.0]
		CHILDREN = 0
		PATH = [0, 0, 0, 0, 0, 1, 2, 0, 0, 0, 2, 2, 0, 1, 1]
	DESCRIPTION = Left Click at 'Deselect All'
	TEXT = Compound Action =
		Move mouse to (1050.0, 489.5).
		Press Mouse Button BUTTON1
		Release Mouse Button BUTTON1

ExecutedAction [41]: 
 @Action ConcreteID = ACwjlmo5801531618915 AbstractID = AAwjlmo5801531618915
 ConcreteID CUSTOM = ConcreteID CUSTOM not available AbstractID CUSTOM = AA9gsm3y80300492809
 @State ConcreteID = SCge7v1y150d3505091316 AbstractID = SR1k0oshr14132202439696
 ConcreteID CUSTOM = SC14eapn0150b196424687 AbstractID CUSTOM = SAisai42150a3299246164

	ROLE = LeftClickAt
	TARGET =
		WIDGET = WC16a6faz2e851653596, WR88rmk0b1934231702, WTz3ppep153617495572, WPvxg2fd2a2952627657
		ROLE = UIACheckBox
		TITLE = Use limits
		SHAPE = Rect [x:431.0 y:745.0 w:72.0 h:16.0]
		CHILDREN = 0
		PATH = [0, 0, 0, 0, 0, 2, 0]
	DESCRIPTION = Left Click at 'Use limits'
	TEXT = Compound Action =
		Move mouse to (467.0, 753.0).
		Press Mouse Button BUTTON1
		Release Mouse Button BUTTON1

ExecutedAction [42]: 
 @Action ConcreteID = AC93q4elac3263327473 AbstractID = AA93q4elac3263327473
 ConcreteID CUSTOM = ConcreteID CUSTOM not available AbstractID CUSTOM = AA109exw2ab576005788
 @State ConcreteID = SC1qofpee150e2799992345 AbstractID = SR1k0oshr14132202439696
 ConcreteID CUSTOM = SC14eapn0150b196424687 AbstractID CUSTOM = SAjmha6r150b1586257329

	ROLE = LeftDrag
	DESCRIPTION = Drag (847.3478260869565, 699.0) To (958.0, 699.0)
	TEXT = Compound Action =
		Move mouse to (847.3478260869565, 699.0).
		Press Mouse Button BUTTON1
		Move mouse to (958.0, 699.0).
		Release Mouse Button BUTTON1

ExecutedAction [43]: 
 @Action ConcreteID = ACj3n96h803328595617 AbstractID = AAj3n96h803328595617
 ConcreteID CUSTOM = ConcreteID CUSTOM not available AbstractID CUSTOM = AA1l1iwwl801546499445
 @State ConcreteID = SC5ews3514f83467452961 AbstractID = SRv51pme13ff1927435938
 ConcreteID CUSTOM = SCec3g8m14f83571529513 AbstractID CUSTOM = SAljtndf14f73136319013

	ROLE = LeftClickAt
	TARGET =
		WIDGET = WC1sep4no4996965352, WR1h6ibpb92248851252, WT1ungvu9153002714154, WP2g469y452962467720
		ROLE = UIAButton
		TITLE = Column right
		SHAPE = Rect [x:963.0 y:688.0 w:17.0 h:17.0]
		CHILDREN = 0
		PATH = [0, 0, 0, 0, 0, 1, 2, 0, 0, 0, 2, 2, 0, 0, 1, 3]
	DESCRIPTION = Left Click at 'Column right'
	TEXT = Compound Action =
		Move mouse to (971.5, 696.5).
		Press Mouse Button BUTTON1
		Release Mouse Button BUTTON1

ExecutedAction [44]: 
 @Action ConcreteID = AC13hgmaee71476875404 AbstractID = AAzyjs4ud5695097024
 ConcreteID CUSTOM = ConcreteID CUSTOM not available AbstractID CUSTOM = AA1yxtx3md51513204889
 @State ConcreteID = SC5ews3514f83467452961 AbstractID = SRv51pme13ff1927435938
 ConcreteID CUSTOM = SCec3g8m14f83571529513 AbstractID CUSTOM = SAljtndf14f73136319013

	ROLE = ClickTypeInto
	TARGET =
		WIDGET = WC1bdrtbu43977791528, WR4n9zi27465102038, WTgulc6v214251140927, WPvhgsdo3f2922780274
		ROLE = UIAText
		TITLE = Errors/Warnings on Project
		SHAPE = Rect [x:467.0 y:301.0 w:161.0 h:20.0]
		CHILDREN = 0
		PATH = [0, 0, 0, 0, 0, 1, 0, 0, 0, 0]
	DESCRIPTION = Type '%s%s%s%s%s' into 'Errors/Warnings on Project
	TEXT = Compound Action =
		Compound Action =
		Move mouse to (547.5, 311.0).
		Press Mouse Button BUTTON1
		Release Mouse Button BUTTON1
		Press Key 17
		Press Key 65
		Release Key 65
		Release Key 17
		Type text '%s%s%s%s%s'

ExecutedAction [45]: 
 @Action ConcreteID = ACuvwdz78097646637 AbstractID = AAuvwdz78097646637
 ConcreteID CUSTOM = ConcreteID CUSTOM not available AbstractID CUSTOM = AA1u7cm3s804274530721
 @State ConcreteID = SCbkqu3614f84270973423 AbstractID = SR1h53cfc13ff3888611520
 ConcreteID CUSTOM = SC16wki2s14f82174665694 AbstractID CUSTOM = SAr7hxf714f72077281655

	ROLE = LeftClickAt
	TARGET =
		WIDGET = WC1ylj8gc461439535451, WR52qhb2b3065858412, WT6rmeby273548029102, WP1tqc5p642504531229
		ROLE = UIAListItem
		TITLE = Errors/Warnings on Selection
		SHAPE = Rect [x:441.0 y:321.0 w:187.0 h:20.0]
		CHILDREN = 1
		PATH = [0, 0, 0, 0, 0, 1, 0, 0, 1]
	DESCRIPTION = Left Click at 'Errors/Warnings on Selection'
	TEXT = Compound Action =
		Move mouse to (534.5, 331.0).
		Press Mouse Button BUTTON1
		Release Mouse Button BUTTON1

ExecutedAction [46]: 
 @Action ConcreteID = ACqab6aw811742866009 AbstractID = AAqab6aw811742866009
 ConcreteID CUSTOM = ConcreteID CUSTOM not available AbstractID CUSTOM = AA1jolcmb812199376003
 @State ConcreteID = SCbkqu3614f84270973423 AbstractID = SR1h53cfc13ff3888611520
 ConcreteID CUSTOM = SC16wki2s14f82174665694 AbstractID CUSTOM = SAr7hxf714f72077281655

	ROLE = LeftClickAt
	TARGET =
		WIDGET = WCtuxpdq443857171804, WR1h6ibpb92248851252, WT1ov9f24132873152388, WPmxs3gs404224905076
		ROLE = UIAButton
		TITLE = Select All
		SHAPE = Rect [x:1004.0 y:447.0 w:92.0 h:25.0]
		CHILDREN = 0
		PATH = [0, 0, 0, 0, 0, 1, 2, 0, 0, 0, 2, 2, 0, 1, 0]
	DESCRIPTION = Left Click at 'Select All'
	TEXT = Compound Action =
		Move mouse to (1050.0, 459.5).
		Press Mouse Button BUTTON1
		Release Mouse Button BUTTON1

ExecutedAction [47]: 
 @Action ConcreteID = AC1anq7ag80559111138 AbstractID = AA1anq7ag80559111138
 ConcreteID CUSTOM = ConcreteID CUSTOM not available AbstractID CUSTOM = AAay2dfx803662318190
 @State ConcreteID = SCbkqu3614f84270973423 AbstractID = SR1h53cfc13ff3888611520
 ConcreteID CUSTOM = SC16wki2s14f82174665694 AbstractID CUSTOM = SAr7hxf714f72077281655

	ROLE = LeftClickAt
	TARGET =
		WIDGET = WC13cofr2552901834398, WR88rmk0b1934231702, WTyxjcen231902919323, WPmvzcc0512194266695
		ROLE = UIACheckBox
		TITLE = Maven Dependency Problem
		SHAPE = Rect [x:808.0 y:624.0 w:157.0 h:18.0]
		CHILDREN = 0
		PATH = [0, 0, 0, 0, 0, 1, 2, 0, 0, 0, 2, 2, 0, 0, 13]
	DESCRIPTION = Left Click at 'Maven Dependency Problem'
	TEXT = Compound Action =
		Move mouse to (886.5, 633.0).
		Press Mouse Button BUTTON1
		Release Mouse Button BUTTON1

ExecutedAction [48]: 
 @Action ConcreteID = ACul362z801920627997 AbstractID = AAul362z801920627997
 ConcreteID CUSTOM = ConcreteID CUSTOM not available AbstractID CUSTOM = AA1twje7k802305008785
 @State ConcreteID = SCbkqu3614f84270973423 AbstractID = SR1h53cfc13ff3888611520
 ConcreteID CUSTOM = SC16wki2s14f82174665694 AbstractID CUSTOM = SAr7hxf714f72077281655

	ROLE = LeftClickAt
	TARGET =
		WIDGET = WC13gss9g531758545821, WR88rmk0b1934231702, WT1ghjcn2224183075575, WP1yvh9lu4f275608565
		ROLE = UIACheckBox
		TITLE = Faceted Project Problem
		SHAPE = Rect [x:808.0 y:516.0 w:133.0 h:18.0]
		CHILDREN = 0
		PATH = [0, 0, 0, 0, 0, 1, 2, 0, 0, 0, 2, 2, 0, 0, 7]
	DESCRIPTION = Left Click at 'Faceted Project Problem'
	TEXT = Compound Action =
		Move mouse to (874.5, 525.0).
		Press Mouse Button BUTTON1
		Release Mouse Button BUTTON1

ExecutedAction [49]: 
 @Action ConcreteID = AChehio7801015732556 AbstractID = AAhehio7801015732556
 ConcreteID CUSTOM = ConcreteID CUSTOM not available AbstractID CUSTOM = AA1gpxqss803348302016
 @State ConcreteID = SCbkqu3614f84270973423 AbstractID = SR1h53cfc13ff3888611520
 ConcreteID CUSTOM = SC16wki2s14f82174665694 AbstractID CUSTOM = SAr7hxf714f72077281655

	ROLE = LeftClickAt
	TARGET =
		WIDGET = WChrt2ky4a2003098243, WR88rmk0b1934231702, WT17qeayq18406679121, WP1uhzg3o463154996256
		ROLE = UIACheckBox
		TITLE = Java Problems
		SHAPE = Rect [x:808.0 y:606.0 w:79.0 h:18.0]
		CHILDREN = 0
		PATH = [0, 0, 0, 0, 0, 1, 2, 0, 0, 0, 2, 2, 0, 0, 12]
	DESCRIPTION = Left Click at 'Java Problems'
	TEXT = Compound Action =
		Move mouse to (847.5, 615.0).
		Press Mouse Button BUTTON1
		Release Mouse Button BUTTON1

ExecutedAction [50]: 
 @Action ConcreteID = ACcnlrih802748000072 AbstractID = AAcnlrih802748000072
 ConcreteID CUSTOM = ConcreteID CUSTOM not available AbstractID CUSTOM = AA1bz1zn2801490220740
 @State ConcreteID = SCbkqu3614f84270973423 AbstractID = SR1h53cfc13ff3888611520
 ConcreteID CUSTOM = SC16wki2s14f82174665694 AbstractID CUSTOM = SAr7hxf714f72077281655

	ROLE = LeftClickAt
	TARGET =
		WIDGET = WC9a3l6o553321054320, WR88rmk0b1934231702, WT1eodbtb233661262825, WP2p2ctu512295419194
		ROLE = UIACheckBox
		TITLE = Java Build Path Problems
		SHAPE = Rect [x:808.0 y:588.0 w:136.0 h:18.0]
		CHILDREN = 0
		PATH = [0, 0, 0, 0, 0, 1, 2, 0, 0, 0, 2, 2, 0, 0, 11]
	DESCRIPTION = Left Click at 'Java Build Path Problems'
	TEXT = Compound Action =
		Move mouse to (876.0, 597.0).
		Press Mouse Button BUTTON1
		Release Mouse Button BUTTON1

ExecutedAction [51]: 
 @Action ConcreteID = AC1uf53ik801820269656 AbstractID = AA1uf53ik801820269656
 ConcreteID CUSTOM = ConcreteID CUSTOM not available AbstractID CUSTOM = AAuph9o1802540096980
 @State ConcreteID = SCbkqu3614f84270973423 AbstractID = SR1h53cfc13ff3888611520
 ConcreteID CUSTOM = SC16wki2s14f82174665694 AbstractID CUSTOM = SAr7hxf714f72077281655

	ROLE = LeftClickAt
	TARGET =
		WIDGET = WC1jewm0h46279493411, WR1h6ibpb92248851252, WT493d5b122119396097, WP10xwqjn42529369723
		ROLE = UIAButton
		TITLE = Line down
		SHAPE = Rect [x:980.0 y:671.0 w:17.0 h:17.0]
		CHILDREN = 0
		PATH = [0, 0, 0, 0, 0, 1, 2, 0, 0, 0, 2, 2, 0, 0, 0, 3]
	DESCRIPTION = Left Click at 'Line down'
	TEXT = Compound Action =
		Move mouse to (988.5, 679.5).
		Press Mouse Button BUTTON1
		Release Mouse Button BUTTON1

ExecutedAction [52]: 
 @Action ConcreteID = AC1jy9u9f81766630221 AbstractID = AA1jy9u9f81766630221
 ConcreteID CUSTOM = ConcreteID CUSTOM not available AbstractID CUSTOM = AAxnnhrm7f2522818950
 @State ConcreteID = SC1oowx6s150a2814348442 AbstractID = SR3zdn3l1413860543760
 ConcreteID CUSTOM = SC1e7s2bl150f4006805906 AbstractID CUSTOM = SAu0whct150c878134024

	ROLE = LeftClickAt
	TARGET =
		WIDGET = WC1j2pl763e969114514, WR1h6ibpb92248851252, WT1gjzbmxd1262302430, WPrkspgg3a3362050564
		ROLE = UIAButton
		TITLE = Open
		SHAPE = Rect [x:896.0 y:348.0 w:15.0 h:21.0]
		CHILDREN = 0
		PATH = [0, 0, 0, 0, 0, 1, 2, 0, 0, 0, 1, 2, 0, 1, 0]
	DESCRIPTION = Left Click at 'Open'
	TEXT = Compound Action =
		Move mouse to (903.5, 358.5).
		Press Mouse Button BUTTON1
		Release Mouse Button BUTTON1

ExecutedAction [53]: 
 @Action ConcreteID = AC1upni2u821957259690 AbstractID = AA1upni2u821957259690
 ConcreteID CUSTOM = ConcreteID CUSTOM not available AbstractID CUSTOM = AA4qx8e1811193458036
 @State ConcreteID = SC11tx9h215842960164032 AbstractID = SRjivifl14851099839670
 ConcreteID CUSTOM = SC1g33gif158a3455534965 AbstractID CUSTOM = SAbzskyn15823718666315

	ROLE = LeftClickAt
	TARGET =
		WIDGET = WC1cp8czj223341012265, WR1h6ibpb92248851252, WT1vjbvvdf3603144044, WP1hau3kd1e2315216825
		ROLE = UIAButton
		TITLE = Cancel
		SHAPE = Rect [x:1026.0 y:812.0 w:92.0 h:25.0]
		CHILDREN = 0
		PATH = [0, 0, 0, 2, 4]
	DESCRIPTION = Left Click at 'Cancel'
	TEXT = Compound Action =
		Move mouse to (1072.0, 824.5).
		Press Mouse Button BUTTON1
		Release Mouse Button BUTTON1

ExecutedAction [54]: 
 @Action ConcreteID = AC1645p8x812061076933 AbstractID = AA1645p8x812061076933
 ConcreteID CUSTOM = ConcreteID CUSTOM not available AbstractID CUSTOM = AAjtjcr47f3241638158
 @State ConcreteID = SC1oowx6s150a2814348442 AbstractID = SR3zdn3l1413860543760
 ConcreteID CUSTOM = SC1e7s2bl150f4006805906 AbstractID CUSTOM = SAu0whct150c878134024

	ROLE = LeftClickAt
	TARGET =
		WIDGET = WCxrhozx441339868547, WR1h6ibpb92248851252, WTrko51k10351550260, WPll7akf404101804798
		ROLE = UIAButton
		TITLE = Line up
		SHAPE = Rect [x:980.0 y:444.0 w:17.0 h:17.0]
		CHILDREN = 0
		PATH = [0, 0, 0, 0, 0, 1, 2, 0, 0, 0, 2, 2, 0, 0, 0, 0]
	DESCRIPTION = Left Click at 'Line up'
	TEXT = Compound Action =
		Move mouse to (988.5, 452.5).
		Press Mouse Button BUTTON1
		Release Mouse Button BUTTON1

ExecutedAction [55]: 
 @Action ConcreteID = ACyhsvgj803150248514 AbstractID = AAyhsvgj803150248514
 ConcreteID CUSTOM = ConcreteID CUSTOM not available AbstractID CUSTOM = AA1xt93l4801088236494
 @State ConcreteID = SCbkqu3614f84270973423 AbstractID = SR1h53cfc13ff3888611520
 ConcreteID CUSTOM = SC16wki2s14f82174665694 AbstractID CUSTOM = SAr7hxf714f72077281655

	ROLE = LeftClickAt
	TARGET =
		WIDGET = WC19zp3yn402967386499, WR88rmk0b1934231702, WT1ge3158122222009259, WPlwigqp3c2572523779
		ROLE = UIACheckBox
		TITLE = Warning
		SHAPE = Rect [x:918.0 y:383.0 w:66.0 h:16.0]
		CHILDREN = 0
		PATH = [0, 0, 0, 0, 0, 1, 2, 0, 0, 0, 1, 2, 1, 2]
	DESCRIPTION = Left Click at 'Warning'
	TEXT = Compound Action =
		Move mouse to (951.0, 391.0).
		Press Mouse Button BUTTON1
		Release Mouse Button BUTTON1

ExecutedAction [56]: 
 @Action ConcreteID = AC1xwigtu802784462715 AbstractID = AA1xwigtu802784462715
 ConcreteID CUSTOM = ConcreteID CUSTOM not available AbstractID CUSTOM = AAy6umzb801592678135
 @State ConcreteID = SCbkqu3614f84270973423 AbstractID = SR1h53cfc13ff3888611520
 ConcreteID CUSTOM = SC16wki2s14f82174665694 AbstractID CUSTOM = SAr7hxf714f72077281655

	ROLE = LeftClickAt
	TARGET =
		WIDGET = WC1nmimro39231994651, WR4na8ob72534219213, WT17lsren111380118329, WP1tzhtiu352881729726
		ROLE = UIATree
		TITLE = Expandable
		SHAPE = Rect [x:759.0 y:302.0 w:11.0 h:11.0]
		CHILDREN = 0
		PATH = [0, 0, 0, 0, 0, 1, 2, 0, 0, 0, 0, 0]
	DESCRIPTION = Left Click at 'Expandable'
	TEXT = Compound Action =
		Move mouse to (764.5, 307.5).
		Press Mouse Button BUTTON1
		Release Mouse Button BUTTON1

ExecutedAction [57]: 
 @Action ConcreteID = AC1omgzzg11c2466803365 AbstractID = AAsksjx2d51686859558
 ConcreteID CUSTOM = ConcreteID CUSTOM not available AbstractID CUSTOM = AA1pwisvhd53691920965
 @State ConcreteID = SC13s44w314f9443805527 AbstractID = SR1bji9ts1400534990510
 ConcreteID CUSTOM = SCbfq09514f82487593264 AbstractID CUSTOM = SAp7cdq414f03439229200

	ROLE = ClickTypeInto
	TARGET =
		WIDGET = WC170wyhz301203341654, WR4n0dlj72701565195, WT1pgwzmd17316526200, WP16q5iwl2c1513456945
		ROLE = UIAEdit
		TITLE = Items per group:
		SHAPE = Rect [x:538.0 y:771.0 w:72.0 h:21.0]
		CHILDREN = 0
		PATH = [0, 0, 0, 0, 0, 3, 1]
	DESCRIPTION = Type '<script\x0Atype=...' into 'Items per group:
	TEXT = Compound Action =
		Compound Action =
		Move mouse to (574.0, 781.5).
		Press Mouse Button BUTTON1
		Release Mouse Button BUTTON1
		Press Key 17
		Press Key 65
		Release Key 65
		Release Key 17
		Type text '<script\x0Atype="text/javascript">javascript:alert(1);</script>'

ExecutedAction [58]: 
 @Action ConcreteID = AC12ncdcu801737380181 AbstractID = AA12ncdcu801737380181
 ConcreteID CUSTOM = ConcreteID CUSTOM not available AbstractID CUSTOM = AA1ml3yhz803231252785
 @State ConcreteID = SC13s44w314f9443805527 AbstractID = SR1bji9ts1400534990510
 ConcreteID CUSTOM = SCbfq09514f82487593264 AbstractID CUSTOM = SAp7cdq414f03439229200

	ROLE = LeftClickAt
	TARGET =
		WIDGET = WC16a6faz2e851653596, WR88rmk0b1934231702, WTz3ppep153617495572, WPvxg2fd2a2952627657
		ROLE = UIACheckBox
		TITLE = Use limits
		SHAPE = Rect [x:431.0 y:745.0 w:72.0 h:16.0]
		CHILDREN = 0
		PATH = [0, 0, 0, 0, 0, 2, 0]
	DESCRIPTION = Left Click at 'Use limits'
	TEXT = Compound Action =
		Move mouse to (467.0, 753.0).
		Press Mouse Button BUTTON1
		Release Mouse Button BUTTON1

ExecutedAction [59]: 
 @Action ConcreteID = AC1lmiyru81571613030 AbstractID = AA1lmiyru81571613030
 ConcreteID CUSTOM = ConcreteID CUSTOM not available AbstractID CUSTOM = AA1wh909k802408323999
 @State ConcreteID = SC17e3cpv14f83138260900 AbstractID = SR1bji9ts1400534990510
 ConcreteID CUSTOM = SCbfq09514f82487593264 AbstractID CUSTOM = SA59zrst14ef1408983211

	ROLE = LeftClickAt
	TARGET =
		WIDGET = WC1mgb6r4351478489809, WR4na8ob72534219213, WT4na8ob72534219213, WPi91mci31237732971
		ROLE = UIATree
		TITLE = 
		SHAPE = Rect [x:769.0 y:575.0 w:230.0 h:132.0]
		CHILDREN = 10
		PATH = [0, 0, 0, 0, 0, 1, 2, 0, 0, 0, 2, 2, 0, 0]
	DESCRIPTION = Left Click at ''
	TEXT = Compound Action =
		Move mouse to (884.0, 641.0).
		Press Mouse Button BUTTON1
		Release Mouse Button BUTTON1

ExecutedAction [60]: 
 @Action ConcreteID = ACyh0f33812964703929 AbstractID = AAyh0f33812964703929
 ConcreteID CUSTOM = ConcreteID CUSTOM not available AbstractID CUSTOM = AA19bqgkt80489410112
 @State ConcreteID = SC17e3cpv14f83138260900 AbstractID = SR1bji9ts1400534990510
 ConcreteID CUSTOM = SCbfq09514f82487593264 AbstractID CUSTOM = SA59zrst14ef1408983211

	ROLE = LeftClickAt
	TARGET =
		WIDGET = WCg3hc4j3f3769536623, WR52qhb2b3065858412, WT1p8n8ra204023046640, WP1rneghd3b3470131209
		ROLE = UIAListItem
		TITLE = Warnings on Selection
		SHAPE = Rect [x:441.0 y:341.0 w:187.0 h:20.0]
		CHILDREN = 1
		PATH = [0, 0, 0, 0, 0, 1, 0, 0, 2]
	DESCRIPTION = Left Click at 'Warnings on Selection'
	TEXT = Compound Action =
		Move mouse to (534.5, 351.0).
		Press Mouse Button BUTTON1
		Release Mouse Button BUTTON1

ExecutedAction [61]: 
 @Action ConcreteID = AC1eukdwi81176147479 AbstractID = AA1eukdwi81176147479
 ConcreteID CUSTOM = ConcreteID CUSTOM not available AbstractID CUSTOM = AA1ppafe8802816592110
 @State ConcreteID = SC17e3cpv14f83138260900 AbstractID = SR1bji9ts1400534990510
 ConcreteID CUSTOM = SCbfq09514f82487593264 AbstractID CUSTOM = SA59zrst14ef1408983211

	ROLE = LeftClickAt
	TARGET =
		WIDGET = WC1f0pdw22f3876091681, WR88rmk0b1934231702, WTyfue5q191189942457, WP1scm6pw2b2623157246
		ROLE = UIACheckBox
		TITLE = Show all items
		SHAPE = Rect [x:426.0 y:253.0 w:97.0 h:16.0]
		CHILDREN = 0
		PATH = [0, 0, 0, 0, 0, 0]
	DESCRIPTION = Left Click at 'Show all items'
	TEXT = Compound Action =
		Move mouse to (474.5, 261.0).
		Press Mouse Button BUTTON1
		Release Mouse Button BUTTON1

ExecutedAction [62]: 
 @Action ConcreteID = ACyh0f33812964703929 AbstractID = AAyh0f33812964703929
 ConcreteID CUSTOM = ConcreteID CUSTOM not available AbstractID CUSTOM = AA19bqgkt80489410112
 @State ConcreteID = SC17e3cpv14f83138260900 AbstractID = SR1bji9ts1400534990510
 ConcreteID CUSTOM = SCbfq09514f82487593264 AbstractID CUSTOM = SA59zrst14ef1408983211

	ROLE = LeftClickAt
	TARGET =
		WIDGET = WCg3hc4j3f3769536623, WR52qhb2b3065858412, WT1p8n8ra204023046640, WP1rneghd3b3470131209
		ROLE = UIAListItem
		TITLE = Warnings on Selection
		SHAPE = Rect [x:441.0 y:341.0 w:187.0 h:20.0]
		CHILDREN = 1
		PATH = [0, 0, 0, 0, 0, 1, 0, 0, 2]
	DESCRIPTION = Left Click at 'Warnings on Selection'
	TEXT = Compound Action =
		Move mouse to (534.5, 351.0).
		Press Mouse Button BUTTON1
		Release Mouse Button BUTTON1

ExecutedAction [63]: 
 @Action ConcreteID = AC176sz6581832997117 AbstractID = AA176sz6581832997117
 ConcreteID CUSTOM = ConcreteID CUSTOM not available AbstractID CUSTOM = AA1i1j0nv802620948996
 @State ConcreteID = SC17e3cpv14f83138260900 AbstractID = SR1bji9ts1400534990510
 ConcreteID CUSTOM = SCbfq09514f82487593264 AbstractID CUSTOM = SA59zrst14ef1408983211

	ROLE = LeftClickAt
	TARGET =
		WIDGET = WCdm5k9i4f3941617327, WR88rmk0b1934231702, WTczx2uz1e1155639847, WP1hiil2c4b1154114983
		ROLE = UIACheckBox
		TITLE = Gradle Error Marker
		SHAPE = Rect [x:808.0 y:667.0 w:106.0 h:18.0]
		CHILDREN = 0
		PATH = [0, 0, 0, 0, 0, 1, 2, 0, 0, 0, 2, 2, 0, 0, 8]
	DESCRIPTION = Left Click at 'Gradle Error Marker'
	TEXT = Compound Action =
		Move mouse to (861.0, 676.0).
		Press Mouse Button BUTTON1
		Release Mouse Button BUTTON1

ExecutedAction [64]: 
 @Action ConcreteID = ACouq5y9812359969183 AbstractID = AAouq5y9812359969183
 ConcreteID CUSTOM = ConcreteID CUSTOM not available AbstractID CUSTOM = AAzpg7fz80557072742
 @State ConcreteID = SC17e3cpv14f83138260900 AbstractID = SR1bji9ts1400534990510
 ConcreteID CUSTOM = SCbfq09514f82487593264 AbstractID CUSTOM = SA59zrst14ef1408983211

	ROLE = LeftClickAt
	TARGET =
		WIDGET = WC1ymragd552315233774, WRa3fnoge3263686876, WT9c0vbi2a1883039071, WPed6ghn511055247960
		ROLE = UIARadioButton
		TITLE = No filter, show all elements
		SHAPE = Rect [x:764.0 y:322.0 w:164.0 h:16.0]
		CHILDREN = 0
		PATH = [0, 0, 0, 0, 0, 1, 2, 0, 0, 0, 0, 2, 0]
	DESCRIPTION = Left Click at 'No filter, show all elements'
	TEXT = Compound Action =
		Move mouse to (846.0, 330.0).
		Press Mouse Button BUTTON1
		Release Mouse Button BUTTON1

ExecutedAction [65]: 
 @Action ConcreteID = ACa857di813116569639 AbstractID = AAa857di813116569639
 ConcreteID CUSTOM = ConcreteID CUSTOM not available AbstractID CUSTOM = AAl2v8v880341643486
 @State ConcreteID = SC17e3cpv14f83138260900 AbstractID = SR1bji9ts1400534990510
 ConcreteID CUSTOM = SCbfq09514f82487593264 AbstractID CUSTOM = SA59zrst14ef1408983211

	ROLE = LeftClickAt
	TARGET =
		WIDGET = WCsgfd8j3d2620023095, WR1h6ibpb92248851252, WT6jo2cz124004370363, WPnxkfip394065389996
		ROLE = UIAButton
		TITLE = Select...
		SHAPE = Rect [x:784.0 y:417.0 w:92.0 h:25.0]
		CHILDREN = 0
		PATH = [0, 0, 0, 0, 0, 1, 2, 0, 0, 0, 0, 2, 5]
	DESCRIPTION = Left Click at 'Select...'
	TEXT = Compound Action =
		Move mouse to (830.0, 429.5).
		Press Mouse Button BUTTON1
		Release Mouse Button BUTTON1

ExecutedAction [66]: 
 @Action ConcreteID = AC1hiohq7f20289844 AbstractID = AA1hiohq7f20289844
 ConcreteID CUSTOM = ConcreteID CUSTOM not available AbstractID CUSTOM = AA1pbjbl9812277364239
 @State ConcreteID = SC1gwqp6v177393618133 AbstractID = SRi2cbef16693339749127
 ConcreteID CUSTOM = SC1haj8tx17754271765798 AbstractID CUSTOM = SA15qqeu117741634417001

	ROLE = LeftClickAt
	TARGET =
		WIDGET = WC11urwow281725160837, WR1h6ibpb92248851252, WT1vjbvvdf3603144044, WPcnqa32241470425626
		ROLE = UIAButton
		TITLE = Cancel
		SHAPE = Rect [x:855.0 y:639.0 w:92.0 h:25.0]
		CHILDREN = 0
		PATH = [0, 0, 0, 0, 1, 1, 1]
	DESCRIPTION = Left Click at 'Cancel'
	TEXT = Compound Action =
		Move mouse to (901.0, 651.5).
		Press Mouse Button BUTTON1
		Release Mouse Button BUTTON1

ExecutedAction [67]: 
 @Action ConcreteID = ACxndxux811591141605 AbstractID = AAxndxux811591141605
 ConcreteID CUSTOM = ConcreteID CUSTOM not available AbstractID CUSTOM = AA18i3zcn804081639452
 @State ConcreteID = SC17e3cpv14f83138260900 AbstractID = SR1bji9ts1400534990510
 ConcreteID CUSTOM = SCbfq09514f82487593264 AbstractID CUSTOM = SA59zrst14ef1408983211

	ROLE = LeftClickAt
	TARGET =
		WIDGET = WC16uylo35e314446803, WRa3fnoge3263686876, WT5ezg1x33318936485, WP14sk2rl5a1944989916
		ROLE = UIARadioButton
		TITLE = On selected elements and its children
		SHAPE = Rect [x:764.0 y:379.0 w:218.0 h:16.0]
		CHILDREN = 0
		PATH = [0, 0, 0, 0, 0, 1, 2, 0, 0, 0, 0, 2, 3]
	DESCRIPTION = Left Click at 'On selected elements and its children'
	TEXT = Compound Action =
		Move mouse to (873.0, 387.0).
		Press Mouse Button BUTTON1
		Release Mouse Button BUTTON1

ExecutedAction [68]: 
 @Action ConcreteID = AC1o8cxap811281332131 AbstractID = AA1o8cxap811281332131
 ConcreteID CUSTOM = ConcreteID CUSTOM not available AbstractID CUSTOM = AA1ywtb803787560794
 @State ConcreteID = SC17e3cpv14f83138260900 AbstractID = SR1bji9ts1400534990510
 ConcreteID CUSTOM = SCbfq09514f82487593264 AbstractID CUSTOM = SA59zrst14ef1408983211

	ROLE = LeftClickAt
	TARGET =
		WIDGET = WC1yd3hda593510300993, WRa3fnoge3263686876, WT1y1j5kc2e1430525071, WPl1a9do552672902557
		ROLE = UIARadioButton
		TITLE = On elements in selected projects
		SHAPE = Rect [x:764.0 y:341.0 w:192.0 h:16.0]
		CHILDREN = 0
		PATH = [0, 0, 0, 0, 0, 1, 2, 0, 0, 0, 0, 2, 1]
	DESCRIPTION = Left Click at 'On elements in selected projects'
	TEXT = Compound Action =
		Move mouse to (860.0, 349.0).
		Press Mouse Button BUTTON1
		Release Mouse Button BUTTON1

ExecutedAction [69]: 
 @Action ConcreteID = ACyh0f33812964703929 AbstractID = AAyh0f33812964703929
 ConcreteID CUSTOM = ConcreteID CUSTOM not available AbstractID CUSTOM = AA19bqgkt80489410112
 @State ConcreteID = SC17e3cpv14f83138260900 AbstractID = SR1bji9ts1400534990510
 ConcreteID CUSTOM = SCbfq09514f82487593264 AbstractID CUSTOM = SA59zrst14ef1408983211

	ROLE = LeftClickAt
	TARGET =
		WIDGET = WCg3hc4j3f3769536623, WR52qhb2b3065858412, WT1p8n8ra204023046640, WP1rneghd3b3470131209
		ROLE = UIAListItem
		TITLE = Warnings on Selection
		SHAPE = Rect [x:441.0 y:341.0 w:187.0 h:20.0]
		CHILDREN = 1
		PATH = [0, 0, 0, 0, 0, 1, 0, 0, 2]
	DESCRIPTION = Left Click at 'Warnings on Selection'
	TEXT = Compound Action =
		Move mouse to (534.5, 351.0).
		Press Mouse Button BUTTON1
		Release Mouse Button BUTTON1

ExecutedAction [70]: 
 @Action ConcreteID = ACk03e1f812617889215 AbstractID = AAk03e1f812617889215
 ConcreteID CUSTOM = ConcreteID CUSTOM not available AbstractID CUSTOM = AAuutfj580832034118
 @State ConcreteID = SC17e3cpv14f83138260900 AbstractID = SR1bji9ts1400534990510
 ConcreteID CUSTOM = SCbfq09514f82487593264 AbstractID CUSTOM = SA59zrst14ef1408983211

	ROLE = LeftClickAt
	TARGET =
		WIDGET = WCpivud52c500708007, WR1h6ibpb92248851252, WT29quub193353596121, WPp33cxz282394169488
		ROLE = UIAButton
		TITLE = Restore Defaults
		SHAPE = Rect [x:427.0 y:812.0 w:97.0 h:25.0]
		CHILDREN = 0
		PATH = [0, 0, 0, 2, 0]
	DESCRIPTION = Left Click at 'Restore Defaults'
	TEXT = Compound Action =
		Move mouse to (475.5, 824.5).
		Press Mouse Button BUTTON1
		Release Mouse Button BUTTON1

ExecutedAction [71]: 
 @Action ConcreteID = ACcy0i0n7f167378753 AbstractID = AAcy0i0n7f167378753
 ConcreteID CUSTOM = ConcreteID CUSTOM not available AbstractID CUSTOM = AAohxna9811884231616
 @State ConcreteID = SCzd9pv91500820876432 AbstractID = SR1bji9ts1400534990510
 ConcreteID CUSTOM = SCbfq09514f82487593264 AbstractID CUSTOM = SA1huutmu14f21174434215

	ROLE = LeftClickAt
	TARGET =
		WIDGET = WCx3ccoa451949162433, WR16s6p21c140494670, WTdtcs8f142835715827, WP10j101k411663327100
		ROLE = UIAScrollBar
		TITLE = Vertical
		SHAPE = Rect [x:980.0 y:577.0 w:17.0 h:111.0]
		CHILDREN = 4
		PATH = [0, 0, 0, 0, 0, 1, 2, 0, 0, 0, 2, 2, 0, 0, 0]
	DESCRIPTION = Left Click at 'Vertical'
	TEXT = Compound Action =
		Move mouse to (988.5, 632.5).
		Press Mouse Button BUTTON1
		Release Mouse Button BUTTON1

ExecutedAction [72]: 
 @Action ConcreteID = ACea8vv87f3548255663 AbstractID = AAea8vv87f3548255663
 ConcreteID CUSTOM = ConcreteID CUSTOM not available AbstractID CUSTOM = AApu614u812865298734
 @State ConcreteID = SCzd9pv91500820876432 AbstractID = SR1bji9ts1400534990510
 ConcreteID CUSTOM = SCbfq09514f82487593264 AbstractID CUSTOM = SA1huutmu14f21174434215

	ROLE = LeftClickAt
	TARGET =
		WIDGET = WCxrhozx441339868547, WR1h6ibpb92248851252, WTrko51k10351550260, WPll7akf404101804798
		ROLE = UIAButton
		TITLE = Line up
		SHAPE = Rect [x:980.0 y:577.0 w:17.0 h:17.0]
		CHILDREN = 0
		PATH = [0, 0, 0, 0, 0, 1, 2, 0, 0, 0, 2, 2, 0, 0, 0, 0]
	DESCRIPTION = Left Click at 'Line up'
	TEXT = Compound Action =
		Move mouse to (988.5, 585.5).
		Press Mouse Button BUTTON1
		Release Mouse Button BUTTON1

ExecutedAction [73]: 
 @Action ConcreteID = ACndq44z7f3990231439 AbstractID = AAndq44z7f3990231439
 ConcreteID CUSTOM = ConcreteID CUSTOM not available AbstractID CUSTOM = AAyxn9el812489381134
 @State ConcreteID = SCzd9pv91500820876432 AbstractID = SR1bji9ts1400534990510
 ConcreteID CUSTOM = SCbfq09514f82487593264 AbstractID CUSTOM = SA1huutmu14f21174434215

	ROLE = LeftClickAt
	TARGET =
		WIDGET = WC1nvncn4442058667946, WR52qhb2b3065858412, WTwwuuqj253753901550, WPcick9a402696470713
		ROLE = UIAListItem
		TITLE = Errors/Warnings on Project
		SHAPE = Rect [x:441.0 y:301.0 w:187.0 h:20.0]
		CHILDREN = 1
		PATH = [0, 0, 0, 0, 0, 1, 0, 0, 0]
	DESCRIPTION = Left Click at 'Errors/Warnings on Project'
	TEXT = Compound Action =
		Move mouse to (534.5, 311.0).
		Press Mouse Button BUTTON1
		Release Mouse Button BUTTON1

ExecutedAction [74]: 
 @Action ConcreteID = AC1hs9rw9804089001258 AbstractID = AA1hs9rw9804089001258
 ConcreteID CUSTOM = ConcreteID CUSTOM not available AbstractID CUSTOM = AA2oxb2a801420715342
 @State ConcreteID = SC13s44w314f9443805527 AbstractID = SR1bji9ts1400534990510
 ConcreteID CUSTOM = SCbfq09514f82487593264 AbstractID CUSTOM = SAp7cdq414f03439229200

	ROLE = LeftClickAt
	TARGET =
		WIDGET = WCt6gdpq471528340738, WR1h6ibpb92248851252, WTecs5t6133953252360, WPhy8lwg433098527040
		ROLE = UIAButton
		TITLE = Page right
		SHAPE = Rect [x:946.0 y:688.0 w:17.0 h:17.0]
		CHILDREN = 0
		PATH = [0, 0, 0, 0, 0, 1, 2, 0, 0, 0, 2, 2, 0, 0, 1, 2]
	DESCRIPTION = Left Click at 'Page right'
	TEXT = Compound Action =
		Move mouse to (954.5, 696.5).
		Press Mouse Button BUTTON1
		Release Mouse Button BUTTON1

ExecutedAction [75]: 
 @Action ConcreteID = AC1fkdvej7f963259466 AbstractID = AA1fkdvej7f963259466
 ConcreteID CUSTOM = ConcreteID CUSTOM not available AbstractID CUSTOM = AAzj0ms27f2179840723
 @State ConcreteID = SCxma2w214f9709831833 AbstractID = SRpjgn0u14002328271052
 ConcreteID CUSTOM = SC1hwd0e314f83241827783 AbstractID CUSTOM = SAjjo3oc14f0232708674

	ROLE = LeftClickAt
	TARGET =
		WIDGET = WC3gkyu6463928000375, WR1h6ibpb92248851252, WT1cksruh12339931985, WP1by1nps423849471081
		ROLE = UIAButton
		TITLE = Page left
		SHAPE = Rect [x:788.0 y:688.0 w:17.0 h:17.0]
		CHILDREN = 0
		PATH = [0, 0, 0, 0, 0, 1, 2, 0, 0, 0, 2, 2, 0, 0, 1, 1]
	DESCRIPTION = Left Click at 'Page left'
	TEXT = Compound Action =
		Move mouse to (796.5, 696.5).
		Press Mouse Button BUTTON1
		Release Mouse Button BUTTON1

ExecutedAction [76]: 
 @Action ConcreteID = ACwil1vb802803852085 AbstractID = AAwil1vb802803852085
 ConcreteID CUSTOM = ConcreteID CUSTOM not available AbstractID CUSTOM = AA1ggcn0g80537425
 @State ConcreteID = SC13s44w314f9443805527 AbstractID = SR1bji9ts1400534990510
 ConcreteID CUSTOM = SCbfq09514f82487593264 AbstractID CUSTOM = SAp7cdq414f03439229200

	ROLE = LeftClickAt
	TARGET =
		WIDGET = WC1nbrehd471776993085, WR88rmk0b1934231702, WTx1rmr16163677133, WP87or4v432540033794
		ROLE = UIACheckBox
		TITLE = DTD Problem
		SHAPE = Rect [x:808.0 y:613.0 w:73.0 h:18.0]
		CHILDREN = 0
		PATH = [0, 0, 0, 0, 0, 1, 2, 0, 0, 0, 2, 2, 0, 0, 5]
	DESCRIPTION = Left Click at 'DTD Problem'
	TEXT = Compound Action =
		Move mouse to (844.5, 622.0).
		Press Mouse Button BUTTON1
		Release Mouse Button BUTTON1

ExecutedAction [77]: 
 @Action ConcreteID = ACmrzotl803397605152 AbstractID = AAmrzotl803397605152
 ConcreteID CUSTOM = ConcreteID CUSTOM not available AbstractID CUSTOM = AA16pr9yq801838417732
 @State ConcreteID = SC13s44w314f9443805527 AbstractID = SR1bji9ts1400534990510
 ConcreteID CUSTOM = SCbfq09514f82487593264 AbstractID CUSTOM = SAp7cdq414f03439229200

	ROLE = LeftClickAt
	TARGET =
		WIDGET = WCsgfd8j3d2620023095, WR1h6ibpb92248851252, WT6jo2cz124004370363, WPnxkfip394065389996
		ROLE = UIAButton
		TITLE = Select...
		SHAPE = Rect [x:784.0 y:417.0 w:92.0 h:25.0]
		CHILDREN = 0
		PATH = [0, 0, 0, 0, 0, 1, 2, 0, 0, 0, 0, 2, 5]
	DESCRIPTION = Left Click at 'Select...'
	TEXT = Compound Action =
		Move mouse to (830.0, 429.5).
		Press Mouse Button BUTTON1
		Release Mouse Button BUTTON1

ExecutedAction [78]: 
 @Action ConcreteID = AC15ezx5g812948848175 AbstractID = AA15ezx5g812948848175
 ConcreteID CUSTOM = ConcreteID CUSTOM not available AbstractID CUSTOM = AA68bh9a802235158768
 @State ConcreteID = SC1qhxiaj17732820781170 AbstractID = SRi2cbef16693339749127
 ConcreteID CUSTOM = SC1haj8tx17754271765798 AbstractID CUSTOM = SAuxto4r17752907601876

	ROLE = LeftClickAt
	TARGET =
		WIDGET = WC16atyp381916245681, WR52qhb2b3065858412, WTddsrv51c4079489827, WPjcdlb7343125070581
		ROLE = UIAListItem
		TITLE = Java Main Sources
		SHAPE = Rect [x:599.0 y:382.0 w:142.0 h:19.0]
		CHILDREN = 1
		PATH = [0, 0, 0, 0, 0, 4, 0, 0]
	DESCRIPTION = Left Click at 'Java Main Sources'
	TEXT = Compound Action =
		Move mouse to (670.0, 391.5).
		Press Mouse Button BUTTON1
		Release Mouse Button BUTTON1

ExecutedAction [79]: 
 @Action ConcreteID = AC1j5mqfv802027412175 AbstractID = AA1j5mqfv802027412175
 ConcreteID CUSTOM = ConcreteID CUSTOM not available AbstractID CUSTOM = AAw5q2zc813396080063
 @State ConcreteID = SCjvfcn117723073673845 AbstractID = SRi2cbef16693339749127
 ConcreteID CUSTOM = SC1haj8tx17754271765798 AbstractID CUSTOM = SA1y8rkvj17742996652117

	ROLE = LeftClickAt
	TARGET =
		WIDGET = WC1f4i0xt332293777053, WRa3fnoge3263686876, WTcpig671d861242377, WP14xtnsj2f890393151
		ROLE = UIARadioButton
		TITLE = No Working Sets
		SHAPE = Rect [x:597.0 y:332.0 w:350.0 h:16.0]
		CHILDREN = 0
		PATH = [0, 0, 0, 0, 0, 2]
	DESCRIPTION = Left Click at 'No Working Sets'
	TEXT = Compound Action =
		Move mouse to (772.0, 340.0).
		Press Mouse Button BUTTON1
		Release Mouse Button BUTTON1

ExecutedAction [80]: 
 @Action ConcreteID = ACp705bo802084040695 AbstractID = AAp705bo802084040695
 ConcreteID CUSTOM = ConcreteID CUSTOM not available AbstractID CUSTOM = AA273hv5813465290887
 @State ConcreteID = SCjvfcn117723073673845 AbstractID = SRi2cbef16693339749127
 ConcreteID CUSTOM = SC1haj8tx17754271765798 AbstractID CUSTOM = SA1y8rkvj17742996652117

	ROLE = LeftClickAt
	TARGET =
		WIDGET = WCkh84o9243333389591, WR88rmk0b1934231702, WT88rmk0b1934231702, WP1bocjuf201538219083
		ROLE = UIACheckBox
		TITLE = 
		SHAPE = Rect [x:597.0 y:636.0 w:31.0 h:30.0]
		CHILDREN = 0
		PATH = [0, 0, 0, 0, 1, 0, 0]
	DESCRIPTION = Left Click at ''
	TEXT = Compound Action =
		Move mouse to (612.5, 651.0).
		Press Mouse Button BUTTON1
		Release Mouse Button BUTTON1

ExecutedAction [81]: 
 @Action ConcreteID = AC7fc1ya813431716600 AbstractID = AA7fc1ya813431716600
 ConcreteID CUSTOM = ConcreteID CUSTOM not available AbstractID CUSTOM = AA6t41n2812804517943
 @State ConcreteID = SC1nydy37197e1526873374 AbstractID = SR1h9xkc718574006666862
 ConcreteID CUSTOM = SCqx24jt1987280360952 AbstractID CUSTOM = SA18r94xn19833654889188

	ROLE = LeftClickAt
	TARGET =
		WIDGET = WCfgt5362b254734864, WR1h6ibpb92248851252, WT3o2yhvf3897902382, WP1uz3uno271789532411
		ROLE = UIAButton
		TITLE = Remove
		SHAPE = Rect [x:855.0 y:446.0 w:92.0 h:25.0]
		CHILDREN = 0
		PATH = [0, 0, 0, 0, 0, 4, 1, 2]
	DESCRIPTION = Left Click at 'Remove'
	TEXT = Compound Action =
		Move mouse to (901.0, 458.5).
		Press Mouse Button BUTTON1
		Release Mouse Button BUTTON1

ExecutedAction [82]: 
 @Action ConcreteID = AC1semofq813685534607 AbstractID = AA1semofq813685534607
 ConcreteID CUSTOM = ConcreteID CUSTOM not available AbstractID CUSTOM = AAvq0h9481852658562
 @State ConcreteID = SC16tpc2f19571001060465 AbstractID = SRh2o5dx18322058318583
 ConcreteID CUSTOM = SC1t61ffy19611526985803 AbstractID CUSTOM = SA1x0f83e195b3622667814

	ROLE = LeftClickAt
	TARGET =
		WIDGET = WCkh84o9243333389591, WR88rmk0b1934231702, WT88rmk0b1934231702, WP1bocjuf201538219083
		ROLE = UIACheckBox
		TITLE = 
		SHAPE = Rect [x:597.0 y:642.0 w:31.0 h:30.0]
		CHILDREN = 0
		PATH = [0, 0, 0, 0, 1, 0, 0]
	DESCRIPTION = Left Click at ''
	TEXT = Compound Action =
		Move mouse to (612.5, 657.0).
		Press Mouse Button BUTTON1
		Release Mouse Button BUTTON1

ExecutedAction [83]: 
 @Action ConcreteID = AColr9op80866129863 AbstractID = AAolr9op80866129863
 ConcreteID CUSTOM = ConcreteID CUSTOM not available AbstractID CUSTOM = AA1mrguvy813530139656
 @State ConcreteID = SC1yosrkt174b140838670 AbstractID = SR1pudreb16443346504284
 ConcreteID CUSTOM = SC9fzo174f1110290331 AbstractID CUSTOM = SA1guavk6174c3364226102

	ROLE = LeftClickAt
	TARGET =
		WIDGET = WC11kmaov242548563172, WR1h6ibpb92248851252, WTzj707vb935461581, WP1c6vl65204070990846
		ROLE = UIAButton
		TITLE = OK
		SHAPE = Rect [x:757.0 y:639.0 w:92.0 h:25.0]
		CHILDREN = 0
		PATH = [0, 0, 0, 0, 1, 1, 0]
	DESCRIPTION = Left Click at 'OK'
	TEXT = Compound Action =
		Move mouse to (803.0, 651.5).
		Press Mouse Button BUTTON1
		Release Mouse Button BUTTON1

ExecutedAction [84]: 
 @Action ConcreteID = AC1v8iwah813924302537 AbstractID = AA1v8iwah813924302537
 ConcreteID CUSTOM = ConcreteID CUSTOM not available AbstractID CUSTOM = AA1nnwx2880185428333
 @State ConcreteID = SC1iynaw714f91947634584 AbstractID = SR1bji9ts1400534990510
 ConcreteID CUSTOM = SC1xy1k0514f84022359988 AbstractID CUSTOM = SAp7cdq414f03439229200

	ROLE = LeftClickAt
	TARGET =
		WIDGET = WCxrhozx441339868547, WR1h6ibpb92248851252, WTrko51k10351550260, WPll7akf404101804798
		ROLE = UIAButton
		TITLE = Line up
		SHAPE = Rect [x:980.0 y:577.0 w:17.0 h:17.0]
		CHILDREN = 0
		PATH = [0, 0, 0, 0, 0, 1, 2, 0, 0, 0, 2, 2, 0, 0, 0, 0]
	DESCRIPTION = Left Click at 'Line up'
	TEXT = Compound Action =
		Move mouse to (988.5, 585.5).
		Press Mouse Button BUTTON1
		Release Mouse Button BUTTON1

ExecutedAction [85]: 
 @Action ConcreteID = ACgkaojh812919220694 AbstractID = AAgkaojh812919220694
 ConcreteID CUSTOM = ConcreteID CUSTOM not available AbstractID CUSTOM = AA8zopb8801327150706
 @State ConcreteID = SC1iynaw714f91947634584 AbstractID = SR1bji9ts1400534990510
 ConcreteID CUSTOM = SC1xy1k0514f84022359988 AbstractID CUSTOM = SAp7cdq414f03439229200

	ROLE = LeftClickAt
	TARGET =
		WIDGET = WC1ti4y5o633038439154, WRa3fnoge3263686876, WT1tmuxez384047851883, WP7dxfwa5f1207714035
		ROLE = UIARadioButton
		TITLE = On working set:  <no working set selected>
		SHAPE = Rect [x:764.0 y:398.0 w:337.0 h:16.0]
		CHILDREN = 0
		PATH = [0, 0, 0, 0, 0, 1, 2, 0, 0, 0, 0, 2, 4]
	DESCRIPTION = Left Click at 'On working set:  <no working set selected>'
	TEXT = Compound Action =
		Move mouse to (932.5, 406.0).
		Press Mouse Button BUTTON1
		Release Mouse Button BUTTON1

ExecutedAction [86]: 
 @Action ConcreteID = AC13wnlfh811051629743 AbstractID = AA13wnlfh811051629743
 ConcreteID CUSTOM = ConcreteID CUSTOM not available AbstractID CUSTOM = AAwc1m78803695962891
 @State ConcreteID = SC1iynaw714f91947634584 AbstractID = SR1bji9ts1400534990510
 ConcreteID CUSTOM = SC1xy1k0514f84022359988 AbstractID CUSTOM = SAp7cdq414f03439229200

	ROLE = LeftClickAt
	TARGET =
		WIDGET = WCxh487c523757347859, WRa3fnoge3263686876, WT1rysmj5273024703704, WP126kn6e4e1905818518
		ROLE = UIARadioButton
		TITLE = On selected elements only
		SHAPE = Rect [x:764.0 y:360.0 w:160.0 h:16.0]
		CHILDREN = 0
		PATH = [0, 0, 0, 0, 0, 1, 2, 0, 0, 0, 0, 2, 2]
	DESCRIPTION = Left Click at 'On selected elements only'
	TEXT = Compound Action =
		Move mouse to (844.0, 368.0).
		Press Mouse Button BUTTON1
		Release Mouse Button BUTTON1

ExecutedAction [87]: 
 @Action ConcreteID = AC196r6868178711079 AbstractID = AA196r6868178711079
 ConcreteID CUSTOM = ConcreteID CUSTOM not available AbstractID CUSTOM = AA11m56zx803864296067
 @State ConcreteID = SC1iynaw714f91947634584 AbstractID = SR1bji9ts1400534990510
 ConcreteID CUSTOM = SC1xy1k0514f84022359988 AbstractID CUSTOM = SAp7cdq414f03439229200

	ROLE = LeftClickAt
	TARGET =
		WIDGET = WCbn6o705f299459659, WR88rmk0b1934231702, WTwn1kno2e3938175987, WP21tz2i5b3806307972
		ROLE = UIACheckBox
		TITLE = Gradle Project Configuration Marker
		SHAPE = Rect [x:808.0 y:685.0 w:172.0 h:3.0]
		CHILDREN = 0
		PATH = [0, 0, 0, 0, 0, 1, 2, 0, 0, 0, 2, 2, 0, 0, 9]
	DESCRIPTION = Left Click at 'Gradle Project Configuration Marker'
	TEXT = Compound Action =
		Move mouse to (894.0, 686.5).
		Press Mouse Button BUTTON1
		Release Mouse Button BUTTON1

ExecutedAction [88]: 
 @Action ConcreteID = ACas3fg4812393984218 AbstractID = AAas3fg4812393984218
 ConcreteID CUSTOM = ConcreteID CUSTOM not available AbstractID CUSTOM = AA37hg7v801817460606
 @State ConcreteID = SC1iynaw714f91947634584 AbstractID = SR1bji9ts1400534990510
 ConcreteID CUSTOM = SC1xy1k0514f84022359988 AbstractID CUSTOM = SAp7cdq414f03439229200

	ROLE = LeftClickAt
	TARGET =
		WIDGET = WCzpoio6472854316025, WR88rmk0b1934231702, WT572n0t161023598249, WPdso5hw43106025576
		ROLE = UIACheckBox
		TITLE = EMF Problem
		SHAPE = Rect [x:808.0 y:631.0 w:75.0 h:18.0]
		CHILDREN = 0
		PATH = [0, 0, 0, 0, 0, 1, 2, 0, 0, 0, 2, 2, 0, 0, 6]
	DESCRIPTION = Left Click at 'EMF Problem'
	TEXT = Compound Action =
		Move mouse to (845.5, 640.0).
		Press Mouse Button BUTTON1
		Release Mouse Button BUTTON1

ExecutedAction [89]: 
 @Action ConcreteID = AC1uvomqm813676966195 AbstractID = AA1uvomqm813676966195
 ConcreteID CUSTOM = ConcreteID CUSTOM not available AbstractID CUSTOM = AAqyahas803847705060
 @State ConcreteID = SC1u2c6te150c1578352255 AbstractID = SRnde4p1414672425911
 ConcreteID CUSTOM = SCx9v01j150f1176093668 AbstractID CUSTOM = SAunrhx015051877382509

	ROLE = LeftClickAt
	TARGET =
		WIDGET = WCx7qbvf472904813481, WR16s6p21c140494670, WTddzkv1164284674305, WP1owz9bd43740216126
		ROLE = UIAScrollBar
		TITLE = Horizontal
		SHAPE = Rect [x:771.0 y:688.0 w:209.0 h:17.0]
		CHILDREN = 4
		PATH = [0, 0, 0, 0, 0, 1, 2, 0, 0, 0, 2, 2, 0, 0, 1]
	DESCRIPTION = Left Click at 'Horizontal'
	TEXT = Compound Action =
		Move mouse to (875.5, 696.5).
		Press Mouse Button BUTTON1
		Release Mouse Button BUTTON1

ExecutedAction [90]: 
 @Action ConcreteID = AC1f7rlxj812414033107 AbstractID = AA1f7rlxj812414033107
 ConcreteID CUSTOM = ConcreteID CUSTOM not available AbstractID CUSTOM = AAbadghp802979947524
 @State ConcreteID = SC1u2c6te150c1578352255 AbstractID = SRnde4p1414672425911
 ConcreteID CUSTOM = SCx9v01j150f1176093668 AbstractID CUSTOM = SAunrhx015051877382509

	ROLE = LeftClickAt
	TARGET =
		WIDGET = WC1yd3hda593510300993, WRa3fnoge3263686876, WT1y1j5kc2e1430525071, WPl1a9do552672902557
		ROLE = UIARadioButton
		TITLE = On elements in selected projects
		SHAPE = Rect [x:764.0 y:341.0 w:192.0 h:16.0]
		CHILDREN = 0
		PATH = [0, 0, 0, 0, 0, 1, 2, 0, 0, 0, 0, 2, 1]
	DESCRIPTION = Left Click at 'On elements in selected projects'
	TEXT = Compound Action =
		Move mouse to (860.0, 349.0).
		Press Mouse Button BUTTON1
		Release Mouse Button BUTTON1

ExecutedAction [91]: 
 @Action ConcreteID = AC46p5sl81865025037 AbstractID = AA46p5sl81865025037
 ConcreteID CUSTOM = ConcreteID CUSTOM not available AbstractID CUSTOM = AAzaf2bv80233988314
 @State ConcreteID = SC1u2c6te150c1578352255 AbstractID = SRnde4p1414672425911
 ConcreteID CUSTOM = SCx9v01j150f1176093668 AbstractID CUSTOM = SAunrhx015051877382509

	ROLE = LeftClickAt
	TARGET =
		WIDGET = WClntjht44270971143, WR1h6ibpb92248851252, WTbcxonh101439247762, WPjbtwbn403498031494
		ROLE = UIAButton
		TITLE = Page up
		SHAPE = Rect [x:980.0 y:594.0 w:17.0 h:4.0]
		CHILDREN = 0
		PATH = [0, 0, 0, 0, 0, 1, 2, 0, 0, 0, 2, 2, 0, 0, 0, 1]
	DESCRIPTION = Left Click at 'Page up'
	TEXT = Compound Action =
		Move mouse to (988.5, 596.0).
		Press Mouse Button BUTTON1
		Release Mouse Button BUTTON1

ExecutedAction [92]: 
 @Action ConcreteID = AC1u5pxq881578581141 AbstractID = AA1u5pxq881578581141
 ConcreteID CUSTOM = ConcreteID CUSTOM not available AbstractID CUSTOM = AA1ml3yhz803231252785
 @State ConcreteID = SC1iynaw714f91947634584 AbstractID = SR1bji9ts1400534990510
 ConcreteID CUSTOM = SC1xy1k0514f84022359988 AbstractID CUSTOM = SAp7cdq414f03439229200

	ROLE = LeftClickAt
	TARGET =
		WIDGET = WC16a6faz2e851653596, WR88rmk0b1934231702, WTz3ppep153617495572, WPvxg2fd2a2952627657
		ROLE = UIACheckBox
		TITLE = Use limits
		SHAPE = Rect [x:431.0 y:745.0 w:72.0 h:16.0]
		CHILDREN = 0
		PATH = [0, 0, 0, 0, 0, 2, 0]
	DESCRIPTION = Left Click at 'Use limits'
	TEXT = Compound Action =
		Move mouse to (467.0, 753.0).
		Press Mouse Button BUTTON1
		Release Mouse Button BUTTON1

ExecutedAction [93]: 
 @Action ConcreteID = AC1jup81y813010273010 AbstractID = AA1jup81y813010273010
 ConcreteID CUSTOM = ConcreteID CUSTOM not available AbstractID CUSTOM = AAuutfj580832034118
 @State ConcreteID = SC1mkmipz14f83580586859 AbstractID = SR1bji9ts1400534990510
 ConcreteID CUSTOM = SC1xy1k0514f84022359988 AbstractID CUSTOM = SA59zrst14ef1408983211

	ROLE = LeftClickAt
	TARGET =
		WIDGET = WCpivud52c500708007, WR1h6ibpb92248851252, WT29quub193353596121, WPp33cxz282394169488
		ROLE = UIAButton
		TITLE = Restore Defaults
		SHAPE = Rect [x:427.0 y:812.0 w:97.0 h:25.0]
		CHILDREN = 0
		PATH = [0, 0, 0, 2, 0]
	DESCRIPTION = Left Click at 'Restore Defaults'
	TEXT = Compound Action =
		Move mouse to (475.5, 824.5).
		Press Mouse Button BUTTON1
		Release Mouse Button BUTTON1

ExecutedAction [94]: 
 @Action ConcreteID = AC1oeevku80858369288 AbstractID = AA1oeevku80858369288
 ConcreteID CUSTOM = ConcreteID CUSTOM not available AbstractID CUSTOM = AA1usbqcy821247754914
 @State ConcreteID = SCfnpg2y14ff810404992 AbstractID = SR1bji9ts1400534990510
 ConcreteID CUSTOM = SC1xy1k0514f84022359988 AbstractID CUSTOM = SA1huutmu14f21174434215

	ROLE = LeftClickAt
	TARGET =
		WIDGET = WC1cp8czj223341012265, WR1h6ibpb92248851252, WT1vjbvvdf3603144044, WP1hau3kd1e2315216825
		ROLE = UIAButton
		TITLE = Cancel
		SHAPE = Rect [x:1026.0 y:812.0 w:92.0 h:25.0]
		CHILDREN = 0
		PATH = [0, 0, 0, 2, 4]
	DESCRIPTION = Left Click at 'Cancel'
	TEXT = Compound Action =
		Move mouse to (1072.0, 824.5).
		Press Mouse Button BUTTON1
		Release Mouse Button BUTTON1

ExecutedAction [95]: 
 @Action ConcreteID = AC1hgl4sq8047109488 AbstractID = AA1hgl4sq8047109488
 ConcreteID CUSTOM = ConcreteID CUSTOM not available AbstractID CUSTOM = AAqkdrkg7f2201798361
 @State ConcreteID = SC1xyxa7ld991334862367 AbstractID = SRssiwitcfe470558501
 ConcreteID CUSTOM = SC187c90zd9e3024084470 AbstractID CUSTOM = SArdcc6ad803165046034

	ROLE = LeftClickAt
	TARGET =
		WIDGET = WC1htg5v6292941965271, WR1e04pz3e358922214, WT1irvxqf16925407563, WP18492tc252712378354
		ROLE = UIASplitButton
		TITLE = Coverage
		SHAPE = Rect [x:438.0 y:316.0 w:38.0 h:22.0]
		CHILDREN = 0
		PATH = [0, 2, 1, 0, 2]
	DESCRIPTION = Left Click at 'Coverage'
	TEXT = Compound Action =
		Move mouse to (457.0, 327.0).
		Press Mouse Button BUTTON1
		Release Mouse Button BUTTON1

ExecutedAction [96]: 
 @Action ConcreteID = AC1puowzh802066725715 AbstractID = AA1puowzh802066725715
 ConcreteID CUSTOM = ConcreteID CUSTOM not available AbstractID CUSTOM = AA2c1ghw7f1243153362
 @State ConcreteID = SC14a1rvae5a2690951628 AbstractID = SRo7y367dbe3311014249
 ConcreteID CUSTOM = SC1ptwoqwe5415011699 AbstractID CUSTOM = SApi3108e572126437616

	ROLE = LeftClickAt
	TARGET =
		WIDGET = WCk5myv61b2015160918, WR1h6ibpb92248851252, WTzj707vb935461581, WPyo48hg17494111517
		ROLE = UIAButton
		TITLE = OK
		SHAPE = Rect [x:927.0 y:651.0 w:92.0 h:25.0]
		CHILDREN = 0
		PATH = [0, 0, 3, 0]
	DESCRIPTION = Left Click at 'OK'
	TEXT = Compound Action =
		Move mouse to (973.0, 663.5).
		Press Mouse Button BUTTON1
		Release Mouse Button BUTTON1

ExecutedAction [97]: 
 @Action ConcreteID = ACz69pk9801029959495 AbstractID = AAz69pk9801029959495
 ConcreteID CUSTOM = ConcreteID CUSTOM not available AbstractID CUSTOM = AA8a2cbz7f3163684078
 @State ConcreteID = SC1xyxa7ld991334862367 AbstractID = SRssiwitcfe470558501
 ConcreteID CUSTOM = SC187c90zd9e3024084470 AbstractID CUSTOM = SArdcc6ad803165046034

	ROLE = LeftClickAt
	TARGET =
		WIDGET = WC1ynhi0231389914742, WR1k8fo0ra1109144095, WT97bnkv152356888552, WP1fit5qs2d1831772818
		ROLE = UIATabItem
		TITLE = Declaration
		SHAPE = Rect [x:696.0 y:833.0 w:89.0 h:24.0]
		CHILDREN = 0
		PATH = [0, 0, 0, 0, 0, 0, 4, 5]
	DESCRIPTION = Left Click at 'Declaration'
	TEXT = Compound Action =
		Move mouse to (740.5, 845.0).
		Press Mouse Button BUTTON1
		Release Mouse Button BUTTON1

ExecutedAction [98]: 
 @Action ConcreteID = ACjbas5x801069758114 AbstractID = AAjbas5x801069758114
 ConcreteID CUSTOM = ConcreteID CUSTOM not available AbstractID CUSTOM = AA1a1ohzs802662355356
 @State ConcreteID = SC6t7joyd442045137426 AbstractID = SRwcieafcb9581367477
 ConcreteID CUSTOM = SC1as4dhbd471956071188 AbstractID CUSTOM = SA12t7ypgd2e821107134

	ROLE = LeftClickAt
	TARGET =
		WIDGET = WC9qho283e2123576818, WR88rmk0b1934231702, WTq72q261c2588824796, WPb9fy823a2225743871
		ROLE = UIACheckBox
		TITLE = Focus on Workweek
		SHAPE = Rect [x:1197.0 y:371.0 w:23.0 h:22.0]
		CHILDREN = 0
		PATH = [0, 0, 0, 0, 0, 0, 2, 1, 0, 3]
	DESCRIPTION = Left Click at 'Focus on Workweek'
	TEXT = Compound Action =
		Move mouse to (1208.5, 382.0).
		Press Mouse Button BUTTON1
		Release Mouse Button BUTTON1

ExecutedAction [99]: 
 @Action ConcreteID = ACu26xxa7f146199967 AbstractID = AAu26xxa7f146199967
 ConcreteID CUSTOM = ConcreteID CUSTOM not available AbstractID CUSTOM = AA1fa834o80123771305
 @State ConcreteID = SCxms6fhd4f2108553715 AbstractID = SR9g4cewccc4230230344
 ConcreteID CUSTOM = SC8dl7qwd49479993749 AbstractID CUSTOM = SA1hjg96rd4f1928380461

	ROLE = LeftClickAt
	TARGET =
		WIDGET = WCo3l9bn291859390487, WR1e04pz3e358922214, WT1irvxqf16925407563, WPeee69t251613055026
		ROLE = UIASplitButton
		TITLE = Coverage
		SHAPE = Rect [x:438.0 y:316.0 w:38.0 h:22.0]
		CHILDREN = 0
		PATH = [0, 3, 1, 0, 2]
	DESCRIPTION = Left Click at 'Coverage'
	TEXT = Compound Action =
		Move mouse to (457.0, 327.0).
		Press Mouse Button BUTTON1
		Release Mouse Button BUTTON1

ExecutedAction [100]: 
 @Action ConcreteID = ACih3jin803120015063 AbstractID = AAih3jin803120015063
 ConcreteID CUSTOM = ConcreteID CUSTOM not available AbstractID CUSTOM = AA1dmrn8j7f855937285
 @State ConcreteID = SC1o81bw1e043774758594 AbstractID = SR1usx8d5d783339248947
 ConcreteID CUSTOM = SC1sk2ymre031725734880 AbstractID CUSTOM = SA1mba57he08744937423

	ROLE = LeftClickAt
	TARGET =
		WIDGET = WCk5myv61b2015160918, WR1h6ibpb92248851252, WTzj707vb935461581, WPyo48hg17494111517
		ROLE = UIAButton
		TITLE = OK
		SHAPE = Rect [x:927.0 y:651.0 w:92.0 h:25.0]
		CHILDREN = 0
		PATH = [0, 0, 3, 0]
	DESCRIPTION = Left Click at 'OK'
	TEXT = Compound Action =
		Move mouse to (973.0, 663.5).
		Press Mouse Button BUTTON1
		Release Mouse Button BUTTON1

Sequence 1 finished.
Copying generated sequence ("sequence2708") to output directory...
Copying classified sequence ("sequence2708") to sequences_ok folder...
