Starting sequence 1 (output as: sequence2044)

ExecutedAction [1]: 
 @Action ConcreteID = ACn905g7803310903552 AbstractID = AAn905g7803310903552
 ConcreteID CUSTOM = ConcreteID CUSTOM not available AbstractID CUSTOM = AAnrq7al801468243831
 @State ConcreteID = SC1nc411o4961529421974 AbstractID = SRx1ik4a474333690124
 ConcreteID CUSTOM = SC1n8pk4e495298478986 AbstractID CUSTOM = SA12laes84902498637855

	ROLE = LeftClickAt
	TARGET =
		WIDGET = WC1u4yxgu201001852223, WR4na8ob72534219213, WT4na8ob72534219213, WP3shum41c2253840902
		ROLE = UIATree
		TITLE = 
		SHAPE = Rect [x:660.0 y:416.0 w:180.0 h:178.0]
		CHILDREN = 8
		PATH = [0, 2, 0, 0, 3, 1, 1]
	DESCRIPTION = Left Click at ''
	TEXT = Compound Action =
		Move mouse to (750.0, 505.0).
		Press Mouse Button BUTTON1
		Release Mouse Button BUTTON1

ExecutedAction [2]: 
 @Action ConcreteID = ACzxteuj804055115504 AbstractID = AAzxteuj804055115504
 ConcreteID CUSTOM = ConcreteID CUSTOM not available AbstractID CUSTOM = AAs0aujg801310742439
 @State ConcreteID = SC1jx4ull5503715761135 AbstractID = SR1sdj6cz51f2314341141
 ConcreteID CUSTOM = SCw7973s5492495189628 AbstractID CUSTOM = SA1yjj6az5412082435609

	ROLE = LeftClickAt
	TARGET =
		WIDGET = WC1fbb2e920939640774, WR10fgh33101836453781, WT10fgh33101836453781, WPdopdxv1c2306111470
		ROLE = UIACustomControl
		TITLE = 
		SHAPE = Rect [x:660.0 y:391.0 w:600.0 h:339.0]
		CHILDREN = 4
		PATH = [0, 2, 0, 0]
	DESCRIPTION = Left Click at ''
	TEXT = Compound Action =
		Move mouse to (960.0, 560.5).
		Press Mouse Button BUTTON1
		Release Mouse Button BUTTON1

ExecutedAction [3]: 
 @Action ConcreteID = ACgxayij812412431808 AbstractID = AAgxayij812412431808
 ConcreteID CUSTOM = ConcreteID CUSTOM not available AbstractID CUSTOM = AA1j6rove812054855142
 @State ConcreteID = SC1jx4ull5503715761135 AbstractID = SR1sdj6cz51f2314341141
 ConcreteID CUSTOM = SCw7973s5492495189628 AbstractID CUSTOM = SA1yjj6az5412082435609

	ROLE = LeftClickAt
	TARGET =
		WIDGET = WC1qs18f826210102959, WR10fgh33101836453781, WT10fgh33101836453781, WP1bkbbdi221874895209
		ROLE = UIACustomControl
		TITLE = 
		SHAPE = Rect [x:845.0 y:416.0 w:415.0 h:311.0]
		CHILDREN = 1
		PATH = [0, 2, 0, 0, 3, 0]
	DESCRIPTION = Left Click at ''
	TEXT = Compound Action =
		Move mouse to (1052.5, 571.5).
		Press Mouse Button BUTTON1
		Release Mouse Button BUTTON1

ExecutedAction [4]: 
 @Action ConcreteID = AC1ejyays811727882097 AbstractID = AA1ejyays811727882097
 ConcreteID CUSTOM = ConcreteID CUSTOM not available AbstractID CUSTOM = AAhsazcj812471310167
 @State ConcreteID = SC1jx4ull5503715761135 AbstractID = SR1sdj6cz51f2314341141
 ConcreteID CUSTOM = SCw7973s5492495189628 AbstractID CUSTOM = SA1yjj6az5412082435609

	ROLE = LeftClickAt
	TARGET =
		WIDGET = WC1lihb1f353463924856, WR52qhb2b3065858412, WT1ehdin9193769657901, WP1hv9ogl312993138492
		ROLE = UIAListItem
		TITLE = New folder (8)
		SHAPE = Rect [x:963.0 y:704.0 w:116.0 h:143.0]
		CHILDREN = 0
		PATH = [0, 2, 0, 0, 3, 0, 0, 7]
	DESCRIPTION = Left Click at 'New folder (8)'
	TEXT = Compound Action =
		Move mouse to (1021.0, 775.5).
		Press Mouse Button BUTTON1
		Release Mouse Button BUTTON1

ExecutedAction [5]: 
 @Action ConcreteID = AC1a4o9y802187821076 AbstractID = AA1a4o9y802187821076
 ConcreteID CUSTOM = ConcreteID CUSTOM not available AbstractID CUSTOM = AA1sdq5xz801039397187
 @State ConcreteID = SC1jx4ull5503715761135 AbstractID = SR1sdj6cz51f2314341141
 ConcreteID CUSTOM = SCw7973s5492495189628 AbstractID CUSTOM = SA1yjj6az5412082435609

	ROLE = LeftClickAt
	TARGET =
		WIDGET = WC1krj4mj351676548957, WR52qhb2b3065858412, WT1ehdijt191275405601, WP1fte87x312847331674
		ROLE = UIAListItem
		TITLE = New folder (4)
		SHAPE = Rect [x:847.0 y:561.0 w:116.0 h:143.0]
		CHILDREN = 0
		PATH = [0, 2, 0, 0, 3, 0, 0, 3]
	DESCRIPTION = Left Click at 'New folder (4)'
	TEXT = Compound Action =
		Move mouse to (905.0, 632.5).
		Press Mouse Button BUTTON1
		Release Mouse Button BUTTON1

ExecutedAction [6]: 
 @Action ConcreteID = ACap7bc6801000569904 AbstractID = AAap7bc6801000569904
 ConcreteID CUSTOM = ConcreteID CUSTOM not available AbstractID CUSTOM = AA2ror13802218200423
 @State ConcreteID = SC1jx4ull5503715761135 AbstractID = SR1sdj6cz51f2314341141
 ConcreteID CUSTOM = SCw7973s5492495189628 AbstractID CUSTOM = SA1yjj6az5412082435609

	ROLE = LeftClickAt
	TARGET =
		WIDGET = WC1lbqrfp351513671168, WR52qhb2b3065858412, WT1ehdime191730705122, WP1hcstef31647417063
		ROLE = UIAListItem
		TITLE = New folder (7)
		SHAPE = Rect [x:847.0 y:704.0 w:116.0 h:143.0]
		CHILDREN = 0
		PATH = [0, 2, 0, 0, 3, 0, 0, 6]
	DESCRIPTION = Left Click at 'New folder (7)'
	TEXT = Compound Action =
		Move mouse to (905.0, 775.5).
		Press Mouse Button BUTTON1
		Release Mouse Button BUTTON1

ExecutedAction [7]: 
 @Action ConcreteID = ACgxayij812412431808 AbstractID = AAgxayij812412431808
 ConcreteID CUSTOM = ConcreteID CUSTOM not available AbstractID CUSTOM = AA1j6rove812054855142
 @State ConcreteID = SC1jx4ull5503715761135 AbstractID = SR1sdj6cz51f2314341141
 ConcreteID CUSTOM = SCw7973s5492495189628 AbstractID CUSTOM = SA1yjj6az5412082435609

	ROLE = LeftClickAt
	TARGET =
		WIDGET = WC1qs18f826210102959, WR10fgh33101836453781, WT10fgh33101836453781, WP1bkbbdi221874895209
		ROLE = UIACustomControl
		TITLE = 
		SHAPE = Rect [x:845.0 y:416.0 w:415.0 h:311.0]
		CHILDREN = 1
		PATH = [0, 2, 0, 0, 3, 0]
	DESCRIPTION = Left Click at ''
	TEXT = Compound Action =
		Move mouse to (1052.5, 571.5).
		Press Mouse Button BUTTON1
		Release Mouse Button BUTTON1

ExecutedAction [8]: 
 @Action ConcreteID = AC9c264k802040650268 AbstractID = AA9c264k802040650268
 ConcreteID CUSTOM = ConcreteID CUSTOM not available AbstractID CUSTOM = AA1ejlth803325406027
 @State ConcreteID = SC1jx4ull5503715761135 AbstractID = SR1sdj6cz51f2314341141
 ConcreteID CUSTOM = SCw7973s5492495189628 AbstractID CUSTOM = SA1yjj6az5412082435609

	ROLE = LeftClickAt
	TARGET =
		WIDGET = WC161068t233096303716, WR10fgh33101836453781, WT10fgh33101836453781, WP9t9obv1f1249502342
		ROLE = UIACustomControl
		TITLE = 
		SHAPE = Rect [x:660.0 y:394.0 w:307.0 h:22.0]
		CHILDREN = 1
		PATH = [0, 2, 0, 0, 0]
	DESCRIPTION = Left Click at ''
	TEXT = Compound Action =
		Move mouse to (813.5, 405.0).
		Press Mouse Button BUTTON1
		Release Mouse Button BUTTON1

ExecutedAction [9]: 
 @Action ConcreteID = AC1m7i5je8074999822 AbstractID = AA1m7i5je8074999822
 ConcreteID CUSTOM = ConcreteID CUSTOM not available AbstractID CUSTOM = AA1e9zl8b803152812377
 @State ConcreteID = SC1jx4ull5503715761135 AbstractID = SR1sdj6cz51f2314341141
 ConcreteID CUSTOM = SCw7973s5492495189628 AbstractID CUSTOM = SA1yjj6az5412082435609

	ROLE = LeftClickAt
	TARGET =
		WIDGET = WCkthkkb1d3341998097, WR10fgh33101836453781, WT10fgh33101836453781, WP34gkvd19258008662
		ROLE = UIACustomControl
		TITLE = 
		SHAPE = Rect [x:660.0 y:756.0 w:600.0 h:34.0]
		CHILDREN = 11
		PATH = [0, 2, 2]
	DESCRIPTION = Left Click at ''
	TEXT = Compound Action =
		Move mouse to (960.0, 773.0).
		Press Mouse Button BUTTON1
		Release Mouse Button BUTTON1

ExecutedAction [10]: 
 @Action ConcreteID = AC38zxjg803118296669 AbstractID = AA38zxjg803118296669
 ConcreteID CUSTOM = ConcreteID CUSTOM not available AbstractID CUSTOM = AA1uclf7h80105455370
 @State ConcreteID = SC1jx4ull5503715761135 AbstractID = SR1sdj6cz51f2314341141
 ConcreteID CUSTOM = SCw7973s5492495189628 AbstractID CUSTOM = SA1yjj6az5412082435609

	ROLE = LeftClickAt
	TARGET =
		WIDGET = WC1cj90xv241472876304, WR1e04pz3e358922214, WT1e04pz3e358922214, WP163y8ad202550790949
		ROLE = UIASplitButton
		TITLE = 
		SHAPE = Rect [x:660.0 y:416.0 w:180.0 h:311.0]
		CHILDREN = 3
		PATH = [0, 2, 0, 0, 3, 1]
	DESCRIPTION = Left Click at ''
	TEXT = Compound Action =
		Move mouse to (750.0, 571.5).
		Press Mouse Button BUTTON1
		Release Mouse Button BUTTON1

ExecutedAction [11]: 
 @Action ConcreteID = AChwh7m0804171855281 AbstractID = AAhwh7m0804171855281
 ConcreteID CUSTOM = ConcreteID CUSTOM not available AbstractID CUSTOM = AA9yynax801195181286
 @State ConcreteID = SC1jx4ull5503715761135 AbstractID = SR1sdj6cz51f2314341141
 ConcreteID CUSTOM = SCw7973s5492495189628 AbstractID CUSTOM = SA1yjj6az5412082435609

	ROLE = LeftClickAt
	TARGET =
		WIDGET = WCsnsigw192276258709, WR1h6ibpb92248851252, WT1h6ibpb92248851252, WP8rujqq15811043737
		ROLE = UIAButton
		TITLE = 
		SHAPE = Rect [x:707.0 y:760.0 w:26.0 h:26.0]
		CHILDREN = 0
		PATH = [0, 2, 2, 3]
	DESCRIPTION = Left Click at ''
	TEXT = Compound Action =
		Move mouse to (720.0, 773.0).
		Press Mouse Button BUTTON1
		Release Mouse Button BUTTON1

ExecutedAction [12]: 
 @Action ConcreteID = ACfvph8o803492010112 AbstractID = AAfvph8o803492010112
 ConcreteID CUSTOM = ConcreteID CUSTOM not available AbstractID CUSTOM = AA7y6wxl801874307543
 @State ConcreteID = SC1jx4ull5503715761135 AbstractID = SR1sdj6cz51f2314341141
 ConcreteID CUSTOM = SCw7973s5492495189628 AbstractID CUSTOM = SA1yjj6az5412082435609

	ROLE = LeftClickAt
	TARGET =
		WIDGET = WCb8ooqm274034031447, WR5quxi6b4097176690, WT5quxi6b4097176690, WP1sol9dc231909804025
		ROLE = UIATreeItem
		TITLE = 
		SHAPE = Rect [x:665.0 y:542.0 w:158.0 h:26.0]
		CHILDREN = 0
		PATH = [0, 2, 0, 0, 3, 1, 1, 5]
	DESCRIPTION = Left Click at ''
	TEXT = Compound Action =
		Move mouse to (744.0, 555.0).
		Press Mouse Button BUTTON1
		Release Mouse Button BUTTON1

ExecutedAction [13]: 
 @Action ConcreteID = ACb9xigh7f2144307954 AbstractID = AAb9xigh7f2144307954
 ConcreteID CUSTOM = ConcreteID CUSTOM not available AbstractID CUSTOM = AAn9ewc880825635936
 @State ConcreteID = SCymvp8q5504040161130 AbstractID = SR1sdj6cz51f2314341141
 ConcreteID CUSTOM = SCtqdbmj54a3520664557 AbstractID CUSTOM = SA1yjj6az5412082435609

	ROLE = LeftClickAt
	TARGET =
		WIDGET = WC1nr18z02a2229818547, WR1h6ibpb92248851252, WT1igj3ey14183154147, WPubp6se262598438425
		ROLE = UIAButton
		TITLE = My Pictures
		SHAPE = Rect [x:660.0 y:394.0 w:15.0 h:22.0]
		CHILDREN = 0
		PATH = [0, 2, 0, 0, 0, 0]
	DESCRIPTION = Left Click at 'My Pictures'
	TEXT = Compound Action =
		Move mouse to (667.5, 405.0).
		Press Mouse Button BUTTON1
		Release Mouse Button BUTTON1

ExecutedAction [14]: 
 @Action ConcreteID = ACp2afpy7f105666997 AbstractID = AAp2afpy7f105666997
 ConcreteID CUSTOM = ConcreteID CUSTOM not available AbstractID CUSTOM = AA111rtlp801219880743
 @State ConcreteID = SCymvp8q5504040161130 AbstractID = SR1sdj6cz51f2314341141
 ConcreteID CUSTOM = SCtqdbmj54a3520664557 AbstractID CUSTOM = SA1yjj6az5412082435609

	ROLE = LeftClickAt
	TARGET =
		WIDGET = WCb8oomb272365954834, WR5quxi6b4097176690, WT5quxi6b4097176690, WP1sol99123211992508
		ROLE = UIATreeItem
		TITLE = 
		SHAPE = Rect [x:660.0 y:416.0 w:163.0 h:26.0]
		CHILDREN = 0
		PATH = [0, 2, 0, 0, 3, 1, 1, 0]
	DESCRIPTION = Left Click at ''
	TEXT = Compound Action =
		Move mouse to (741.5, 429.0).
		Press Mouse Button BUTTON1
		Release Mouse Button BUTTON1

ExecutedAction [15]: 
 @Action ConcreteID = AC8myc9g80354940028 AbstractID = AA8myc9g80354940028
 ConcreteID CUSTOM = ConcreteID CUSTOM not available AbstractID CUSTOM = AA95oe3u802281441803
 @State ConcreteID = SC1nc411o4961529421974 AbstractID = SRx1ik4a474333690124
 ConcreteID CUSTOM = SC1n8pk4e495298478986 AbstractID CUSTOM = SA12laes84902498637855

	ROLE = LeftClickAt
	TARGET =
		WIDGET = WCb8oopr273915996694, WR5quxi6b4097176690, WT5quxi6b4097176690, WP1sol9ch231758362296
		ROLE = UIATreeItem
		TITLE = 
		SHAPE = Rect [x:665.0 y:516.0 w:158.0 h:26.0]
		CHILDREN = 0
		PATH = [0, 2, 0, 0, 3, 1, 1, 4]
	DESCRIPTION = Left Click at ''
	TEXT = Compound Action =
		Move mouse to (744.0, 529.0).
		Press Mouse Button BUTTON1
		Release Mouse Button BUTTON1

ExecutedAction [16]: 
 @Action ConcreteID = ACiccau5804236345769 AbstractID = AAiccau5804236345769
 ConcreteID CUSTOM = ConcreteID CUSTOM not available AbstractID CUSTOM = AA4to60m80315494216
 @State ConcreteID = SC1gyvywc54d4015274360 AbstractID = SR1sdj6cz51f2314341141
 ConcreteID CUSTOM = SCe948uv54a341962533 AbstractID CUSTOM = SA1yjj6az5412082435609

	ROLE = LeftClickAt
	TARGET =
		WIDGET = WCsnsig1192662843092, WR1h6ibpb92248851252, WT1h6ibpb92248851252, WP8rujpv15692894424
		ROLE = UIAButton
		TITLE = 
		SHAPE = Rect [x:663.0 y:757.0 w:32.0 h:32.0]
		CHILDREN = 0
		PATH = [0, 2, 2, 2]
	DESCRIPTION = Left Click at ''
	TEXT = Compound Action =
		Move mouse to (679.0, 773.0).
		Press Mouse Button BUTTON1
		Release Mouse Button BUTTON1

ExecutedAction [17]: 
 @Action ConcreteID = AC4nu7mo80428436481 AbstractID = AA4nu7mo80428436481
 ConcreteID CUSTOM = ConcreteID CUSTOM not available AbstractID CUSTOM = AA1q6a4s9804157006560
 @State ConcreteID = SC1gyvywc54d4015274360 AbstractID = SR1sdj6cz51f2314341141
 ConcreteID CUSTOM = SCe948uv54a341962533 AbstractID CUSTOM = SA1yjj6az5412082435609

	ROLE = LeftClickAt
	TARGET =
		WIDGET = WC16jbmg11a1783434451, WR10fgh33101836453781, WT10fgh33101836453781, WP1guga8j162634643805
		ROLE = UIACustomControl
		TITLE = 
		SHAPE = Rect [x:660.0 y:391.0 w:600.0 h:399.0]
		CHILDREN = 3
		PATH = [0, 2]
	DESCRIPTION = Left Click at ''
	TEXT = Compound Action =
		Move mouse to (960.0, 590.5).
		Press Mouse Button BUTTON1
		Release Mouse Button BUTTON1

ExecutedAction [18]: 
 @Action ConcreteID = ACgacvum801786282886 AbstractID = AAgacvum801786282886
 ConcreteID CUSTOM = ConcreteID CUSTOM not available AbstractID CUSTOM = AA2ror13802218200423
 @State ConcreteID = SC1gyvywc54d4015274360 AbstractID = SR1sdj6cz51f2314341141
 ConcreteID CUSTOM = SCe948uv54a341962533 AbstractID CUSTOM = SA1yjj6az5412082435609

	ROLE = LeftClickAt
	TARGET =
		WIDGET = WC1l507uu351717053704, WR52qhb2b3065858412, WT1ehdilj192117289891, WP1gubyd4313247139440
		ROLE = UIAListItem
		TITLE = New folder (6)
		SHAPE = Rect [x:847.0 y:704.0 w:116.0 h:143.0]
		CHILDREN = 0
		PATH = [0, 2, 0, 0, 3, 0, 0, 6]
	DESCRIPTION = Left Click at 'New folder (6)'
	TEXT = Compound Action =
		Move mouse to (905.0, 775.5).
		Press Mouse Button BUTTON1
		Release Mouse Button BUTTON1

ExecutedAction [19]: 
 @Action ConcreteID = AC2ye4wt801983627765 AbstractID = AA2ye4wt801983627765
 ConcreteID CUSTOM = ConcreteID CUSTOM not available AbstractID CUSTOM = AA1ogu22e802557759252
 @State ConcreteID = SC1gyvywc54d4015274360 AbstractID = SR1sdj6cz51f2314341141
 ConcreteID CUSTOM = SCe948uv54a341962533 AbstractID CUSTOM = SA1yjj6az5412082435609

	ROLE = LeftClickAt
	TARGET =
		WIDGET = WCezylrw213754510323, WR1e04pz3e358922214, WT1e04pz3e358922214, WP1y99m6i1d2845979881
		ROLE = UIASplitButton
		TITLE = 
		SHAPE = Rect [x:977.0 y:394.0 w:23.0 h:22.0]
		CHILDREN = 0
		PATH = [0, 2, 0, 0, 1]
	DESCRIPTION = Left Click at ''
	TEXT = Compound Action =
		Move mouse to (988.5, 405.0).
		Press Mouse Button BUTTON1
		Release Mouse Button BUTTON1

ExecutedAction [20]: 
 @Action ConcreteID = AC1ji9zkg7e3545809241 AbstractID = AA1ji9zkg7e3545809241
 ConcreteID CUSTOM = ConcreteID CUSTOM not available AbstractID CUSTOM = AA4bbn9w7e3578942695
 @State ConcreteID = SCoe43kl8c4868532114 AbstractID = SR1iu9aac8793407060352
 ConcreteID CUSTOM = SC1j7kg998df1610730115 AbstractID CUSTOM = SAsdovo58d1116708607

	ROLE = LeftClickAt
	TARGET =
		WIDGET = WCv2iyh7231187149563, WR17v7k2nb1067391859, WT12et6eo161830467638, WP186y9jt1f939178242
		ROLE = UIAMenuItem
		TITLE = Media Alt+M
		SHAPE = Rect [x:660.0 y:370.0 w:50.0 h:20.0]
		CHILDREN = 0
		PATH = [0, 1, 0]
	DESCRIPTION = Left Click at 'Media Alt+M'
	TEXT = Compound Action =
		Move mouse to (685.0, 380.0).
		Press Mouse Button BUTTON1
		Release Mouse Button BUTTON1

ExecutedAction [21]: 
 @Action ConcreteID = ACy9i3ud7f667178988 AbstractID = AAy9i3ud7f667178988
 ConcreteID CUSTOM = ConcreteID CUSTOM not available AbstractID CUSTOM = AA532het7f1566392836
 @State ConcreteID = SCq5blgqa042420822677 AbstractID = SR1b1or6b9b82703891049
 ConcreteID CUSTOM = SC8t8hr6a203056659763 AbstractID CUSTOM = SAvt80xja0d2419547945

	ROLE = LeftClickAt
	TARGET =
		WIDGET = WC14be3lw2c3295589572, WR17v7k2nb1067391859, WTgu98jq223603722422, WP1d8u8xi282623544097
		ROLE = UIAMenuItem
		TITLE = Open Recent Media Alt+R
		SHAPE = Rect [x:663.0 y:547.0 w:310.0 h:22.0]
		CHILDREN = 0
		PATH = [1, 7]
	DESCRIPTION = Left Click at 'Open Recent Media Alt+R'
	TEXT = Compound Action =
		Move mouse to (818.0, 558.0).
		Press Mouse Button BUTTON1
		Release Mouse Button BUTTON1

ExecutedAction [22]: 
 @Action ConcreteID = ACn9hvd2801639267328 AbstractID = AAn9hvd2801639267328
 ConcreteID CUSTOM = ConcreteID CUSTOM not available AbstractID CUSTOM = AA1pg1csg80552787599
 @State ConcreteID = SCdsyx4xb0b3581682260 AbstractID = SR1mggiv8abb1493221453
 ConcreteID CUSTOM = SC1d49za7b2b3877674192 AbstractID CUSTOM = SAa5yn77b182894433165

	ROLE = LeftClickAt
	TARGET =
		WIDGET = WCr05x5l281209006178, WR5quxi6b4097176690, WT5quxi6b4097176690, WP1dzmfaf242044776873
		ROLE = UIATreeItem
		TITLE = 
		SHAPE = Rect [x:1046.0 y:528.0 w:80.0 h:22.0]
		CHILDREN = 0
		PATH = [0, 2, 0, 0, 3, 0, 9, 16]
	DESCRIPTION = Left Click at ''
	TEXT = Compound Action =
		Move mouse to (1086.0, 539.0).
		Press Mouse Button BUTTON1
		Release Mouse Button BUTTON1

ExecutedAction [23]: 
 @Action ConcreteID = ACpfspdf7e3781123593 AbstractID = AApfspdf7e3781123593
 ConcreteID CUSTOM = ConcreteID CUSTOM not available AbstractID CUSTOM = AA199yf1z7e3881159607
 @State ConcreteID = SCoe43kl8c4868532114 AbstractID = SR1iu9aac8793407060352
 ConcreteID CUSTOM = SC1j7kg998df1610730115 AbstractID CUSTOM = SAsdovo58d1116708607

	ROLE = LeftClickAt
	TARGET =
		WIDGET = WCsnsig1192662843092, WR1h6ibpb92248851252, WT1h6ibpb92248851252, WP8rujpv15692894424
		ROLE = UIAButton
		TITLE = 
		SHAPE = Rect [x:663.0 y:757.0 w:32.0 h:32.0]
		CHILDREN = 0
		PATH = [0, 2, 2, 2]
	DESCRIPTION = Left Click at ''
	TEXT = Compound Action =
		Move mouse to (679.0, 773.0).
		Press Mouse Button BUTTON1
		Release Mouse Button BUTTON1

ExecutedAction [24]: 
 @Action ConcreteID = ACdyqnbo7e3462569986 AbstractID = AAdyqnbo7e3462569986
 ConcreteID CUSTOM = ConcreteID CUSTOM not available AbstractID CUSTOM = AAxswd087e3362272700
 @State ConcreteID = SCoe43kl8c4868532114 AbstractID = SR1iu9aac8793407060352
 ConcreteID CUSTOM = SC1j7kg998df1610730115 AbstractID CUSTOM = SAsdovo58d1116708607

	ROLE = LeftClickAt
	TARGET =
		WIDGET = WCrjt1po321758290055, WR52qhb2b3065858412, WT1ehdiiy1954834150, WP1bh1dq22e821706835
		ROLE = UIAListItem
		TITLE = New folder (3)
		SHAPE = Rect [x:847.0 y:561.0 w:116.0 h:143.0]
		CHILDREN = 0
		PATH = [0, 2, 0, 0, 3, 0, 3]
	DESCRIPTION = Left Click at 'New folder (3)'
	TEXT = Compound Action =
		Move mouse to (905.0, 632.5).
		Press Mouse Button BUTTON1
		Release Mouse Button BUTTON1

ExecutedAction [25]: 
 @Action ConcreteID = ACdyqnbo7e3462569986 AbstractID = AAdyqnbo7e3462569986
 ConcreteID CUSTOM = ConcreteID CUSTOM not available AbstractID CUSTOM = AAxswd087e3362272700
 @State ConcreteID = SCoe43kl8c4868532114 AbstractID = SR1iu9aac8793407060352
 ConcreteID CUSTOM = SC1j7kg998df1610730115 AbstractID CUSTOM = SAsdovo58d1116708607

	ROLE = LeftClickAt
	TARGET =
		WIDGET = WCrjt1po321758290055, WR52qhb2b3065858412, WT1ehdiiy1954834150, WP1bh1dq22e821706835
		ROLE = UIAListItem
		TITLE = New folder (3)
		SHAPE = Rect [x:847.0 y:561.0 w:116.0 h:143.0]
		CHILDREN = 0
		PATH = [0, 2, 0, 0, 3, 0, 3]
	DESCRIPTION = Left Click at 'New folder (3)'
	TEXT = Compound Action =
		Move mouse to (905.0, 632.5).
		Press Mouse Button BUTTON1
		Release Mouse Button BUTTON1

ExecutedAction [26]: 
 @Action ConcreteID = AC1yqm3ta7f2605157587 AbstractID = AA1yqm3ta7f2605157587
 ConcreteID CUSTOM = ConcreteID CUSTOM not available AbstractID CUSTOM = AA1afiq6i7f3080198349
 @State ConcreteID = SCoe43kl8c4868532114 AbstractID = SR1iu9aac8793407060352
 ConcreteID CUSTOM = SC1j7kg998df1610730115 AbstractID CUSTOM = SAsdovo58d1116708607

	ROLE = LeftClickAt
	TARGET =
		WIDGET = WCr05ym4281621524431, WR5quxi6b4097176690, WT5quxi6b4097176690, WP1dzmgqy241363760644
		ROLE = UIATreeItem
		TITLE = 
		SHAPE = Rect [x:1126.0 y:660.0 w:116.0 h:22.0]
		CHILDREN = 0
		PATH = [0, 2, 0, 0, 3, 0, 9, 35]
	DESCRIPTION = Left Click at ''
	TEXT = Compound Action =
		Move mouse to (1184.0, 671.0).
		Press Mouse Button BUTTON1
		Release Mouse Button BUTTON1

ExecutedAction [27]: 
 @Action ConcreteID = ACskbgae7e2619799702 AbstractID = AAskbgae7e2619799702
 ConcreteID CUSTOM = ConcreteID CUSTOM not available AbstractID CUSTOM = AA1ceh5yy7e2586602792
 @State ConcreteID = SCoe43kl8c4868532114 AbstractID = SR1iu9aac8793407060352
 ConcreteID CUSTOM = SC1j7kg998df1610730115 AbstractID CUSTOM = SAsdovo58d1116708607

	ROLE = LeftClickAt
	TARGET =
		WIDGET = WCb8ooqm274034031447, WR5quxi6b4097176690, WT5quxi6b4097176690, WP1sol9dc231909804025
		ROLE = UIATreeItem
		TITLE = 
		SHAPE = Rect [x:665.0 y:542.0 w:158.0 h:26.0]
		CHILDREN = 0
		PATH = [0, 2, 0, 0, 3, 1, 1, 5]
	DESCRIPTION = Left Click at ''
	TEXT = Compound Action =
		Move mouse to (744.0, 555.0).
		Press Mouse Button BUTTON1
		Release Mouse Button BUTTON1

ExecutedAction [28]: 
 @Action ConcreteID = ACa65wx8803609992075 AbstractID = AAa65wx8803609992075
 ConcreteID CUSTOM = ConcreteID CUSTOM not available AbstractID CUSTOM = AAjp5sak7e1316478374
 @State ConcreteID = SC1vthp9q8c63177276794 AbstractID = SR1iu9aac8793407060352
 ConcreteID CUSTOM = SCpjjgu08de1338932596 AbstractID CUSTOM = SAsdovo58d1116708607

	ROLE = LeftClickAt
	TARGET =
		WIDGET = WCkthkkb1d3341998097, WR10fgh33101836453781, WT10fgh33101836453781, WP34gkvd19258008662
		ROLE = UIACustomControl
		TITLE = 
		SHAPE = Rect [x:660.0 y:756.0 w:600.0 h:34.0]
		CHILDREN = 11
		PATH = [0, 2, 2]
	DESCRIPTION = Left Click at ''
	TEXT = Compound Action =
		Move mouse to (960.0, 773.0).
		Press Mouse Button BUTTON1
		Release Mouse Button BUTTON1

ExecutedAction [29]: 
 @Action ConcreteID = AClo8umc801899919086 AbstractID = AAlo8umc801899919086
 ConcreteID CUSTOM = ConcreteID CUSTOM not available AbstractID CUSTOM = AAv78pzo7e3898978499
 @State ConcreteID = SC1vthp9q8c63177276794 AbstractID = SR1iu9aac8793407060352
 ConcreteID CUSTOM = SCpjjgu08de1338932596 AbstractID CUSTOM = SAsdovo58d1116708607

	ROLE = LeftClickAt
	TARGET =
		WIDGET = WCsnsikc193821024913, WR1h6ibpb92248851252, WT1h6ibpb92248851252, WP8ruju6151413172893
		ROLE = UIAButton
		TITLE = 
		SHAPE = Rect [x:823.0 y:760.0 w:26.0 h:26.0]
		CHILDREN = 0
		PATH = [0, 2, 2, 7]
	DESCRIPTION = Left Click at ''
	TEXT = Compound Action =
		Move mouse to (836.0, 773.0).
		Press Mouse Button BUTTON1
		Release Mouse Button BUTTON1

ExecutedAction [30]: 
 @Action ConcreteID = AC3clmjb7f3156185218 AbstractID = AA3clmjb7f3156185218
 ConcreteID CUSTOM = ConcreteID CUSTOM not available AbstractID CUSTOM = AAcs1qow7f1127684056
 @State ConcreteID = SCuyuhmv2ed1671011042 AbstractID = SRrwz38n2e02745166178
 ConcreteID CUSTOM = SCilua512e62032480990 AbstractID CUSTOM = SA66n57f2eb1498926942

	ROLE = LeftClickAt
	TARGET =
		WIDGET = WCv2iyh7231187149563, WR17v7k2nb1067391859, WT12et6eo161830467638, WP186y9jt1f939178242
		ROLE = UIAMenuItem
		TITLE = Media Alt+M
		SHAPE = Rect [x:660.0 y:370.0 w:50.0 h:20.0]
		CHILDREN = 0
		PATH = [0, 1, 0]
	DESCRIPTION = Left Click at 'Media Alt+M'
	TEXT = Compound Action =
		Move mouse to (685.0, 380.0).
		Press Mouse Button BUTTON1
		Release Mouse Button BUTTON1

ExecutedAction [31]: 
 @Action ConcreteID = AC1mory9y7f2557908913 AbstractID = AA1mory9y7f2557908913
 ConcreteID CUSTOM = ConcreteID CUSTOM not available AbstractID CUSTOM = AAvd5zt580670521468
 @State ConcreteID = SC10pwf0y42d432121721 AbstractID = SR18q15hk41f343873901
 ConcreteID CUSTOM = SC1sgaqao4272713786576 AbstractID CUSTOM = SA1t6oovx4271585827999

	ROLE = LeftClickAt
	TARGET =
		WIDGET = WCsnsihr193371001170, WR1h6ibpb92248851252, WT1h6ibpb92248851252, WP8rujrl152132155742
		ROLE = UIAButton
		TITLE = 
		SHAPE = Rect [x:733.0 y:451.0 w:26.0 h:26.0]
		CHILDREN = 0
		PATH = [0, 2, 2, 4]
	DESCRIPTION = Left Click at ''
	TEXT = Compound Action =
		Move mouse to (746.0, 464.0).
		Press Mouse Button BUTTON1
		Release Mouse Button BUTTON1

ExecutedAction [32]: 
 @Action ConcreteID = AC1c4hig17f3938255614 AbstractID = AA1c4hig17f3938255614
 ConcreteID CUSTOM = ConcreteID CUSTOM not available AbstractID CUSTOM = AAt7o96f7e531941529
 @State ConcreteID = SCbr56u76273665201830 AbstractID = SR26c9xw5fa3341946956
 ConcreteID CUSTOM = SC16d3ryb6301278037811 AbstractID CUSTOM = SA6hw4fx61b589806244

	ROLE = LeftClickAt
	TARGET =
		WIDGET = WC7we31i2f1385792260, WR88rmk0b1934231702, WT117n6mp221646335527, WP15nl1ys2b2130256768
		ROLE = UIACheckBox
		TITLE = Show more options Alt+m
		SHAPE = Rect [x:649.0 y:550.0 w:31.0 h:17.0]
		CHILDREN = 0
		PATH = [0, 0, 3]
	DESCRIPTION = Left Click at 'Show more options Alt+m'
	TEXT = Compound Action =
		Move mouse to (664.5, 558.5).
		Press Mouse Button BUTTON1
		Release Mouse Button BUTTON1

ExecutedAction [33]: 
 @Action ConcreteID = AC1w0u3un109669996620 AbstractID = AA1mesgqwd52369255704
 ConcreteID CUSTOM = ConcreteID CUSTOM not available AbstractID CUSTOM = AA16n51mrd41684063060
 @State ConcreteID = SC11pbckr71b4118888730 AbstractID = SRuqixzq6db2176406102
 ConcreteID CUSTOM = SCdjra3q723879677751 AbstractID CUSTOM = SAhhbni870f2557088293

	ROLE = ClickTypeInto
	TARGET =
		WIDGET = WC13v0ow3232390279424, WR4n0dlj72701565195, WT4n0dlj72701565195, WP6t8elx1f3646464647
		ROLE = UIAEdit
		TITLE = 
		SHAPE = Rect [x:682.0 y:371.0 w:321.0 h:12.0]
		CHILDREN = 0
		PATH = [0, 0, 1, 0, 0, 0, 7, 0]
	DESCRIPTION = Type '"`'><script>\x00...' into '
	TEXT = Compound Action =
		Compound Action =
		Move mouse to (842.5, 377.0).
		Press Mouse Button BUTTON1
		Release Mouse Button BUTTON1
		Press Key 17
		Press Key 65
		Release Key 65
		Release Key 17
		Type text '"`'><script>\x00javascript:alert(1)</script>'

ExecutedAction [34]: 
 @Action ConcreteID = AC174ca1h801753769591 AbstractID = AA174ca1h801753769591
 ConcreteID CUSTOM = ConcreteID CUSTOM not available AbstractID CUSTOM = AA12916wq7f899268490
 @State ConcreteID = SC11pbckr71b4118888730 AbstractID = SRuqixzq6db2176406102
 ConcreteID CUSTOM = SCdjra3q723879677751 AbstractID CUSTOM = SAhhbni870f2557088293

	ROLE = LeftClickAt
	TARGET =
		WIDGET = WCksdzcq1d2531252402, WR10fgh33101836453781, WT10fgh33101836453781, WP33czns191586358005
		ROLE = UIACustomControl
		TITLE = 
		SHAPE = Rect [x:649.0 y:254.0 w:506.0 h:273.0]
		CHILDREN = 2
		PATH = [0, 0, 1]
	DESCRIPTION = Left Click at ''
	TEXT = Compound Action =
		Move mouse to (902.0, 390.5).
		Press Mouse Button BUTTON1
		Release Mouse Button BUTTON1

ExecutedAction [35]: 
 @Action ConcreteID = AC90xtst8031428011 AbstractID = AA90xtst8031428011
 ConcreteID CUSTOM = ConcreteID CUSTOM not available AbstractID CUSTOM = AA45mqo27f1557025878
 @State ConcreteID = SC11pbckr71b4118888730 AbstractID = SRuqixzq6db2176406102
 ConcreteID CUSTOM = SCdjra3q723879677751 AbstractID CUSTOM = SAhhbni870f2557088293

	ROLE = LeftClickAt
	TARGET =
		WIDGET = WC1gjm73x312406263983, WR88rmk0b1934231702, WTx0qee018216947507, WP7f9w0b2d1447268998
		ROLE = UIACheckBox
		TITLE = No disc menus
		SHAPE = Rect [x:676.0 y:336.0 w:27.0 h:17.0]
		CHILDREN = 0
		PATH = [0, 0, 1, 0, 0, 0, 4]
	DESCRIPTION = Left Click at 'No disc menus'
	TEXT = Compound Action =
		Move mouse to (689.5, 344.5).
		Press Mouse Button BUTTON1
		Release Mouse Button BUTTON1

ExecutedAction [36]: 
 @Action ConcreteID = AC8e9sk6802556099548 AbstractID = AA8e9sk6802556099548
 ConcreteID CUSTOM = ConcreteID CUSTOM not available AbstractID CUSTOM = AA3iypff7f3310035489
 @State ConcreteID = SC11pbckr71b4118888730 AbstractID = SRuqixzq6db2176406102
 ConcreteID CUSTOM = SCdjra3q723879677751 AbstractID CUSTOM = SAhhbni870f2557088293

	ROLE = LeftClickAt
	TARGET =
		WIDGET = WC13v96no372260100037, WR10fgh33101836453781, WTk74npc1e823098449, WP8na6de332503792124
		ROLE = UIACustomControl
		TITLE = Disc Selection
		SHAPE = Rect [x:786.0 y:359.0 w:346.0 h:3.0]
		CHILDREN = 0
		PATH = [0, 0, 1, 0, 0, 0, 5]
	DESCRIPTION = Left Click at 'Disc Selection'
	TEXT = Compound Action =
		Move mouse to (959.0, 360.5).
		Press Mouse Button BUTTON1
		Release Mouse Button BUTTON1

ExecutedAction [37]: 
 @Action ConcreteID = ACvu8dje812252596854 AbstractID = AAvu8dje812252596854
 ConcreteID CUSTOM = ConcreteID CUSTOM not available AbstractID CUSTOM = AAmxwsed801158838542
 @State ConcreteID = SC11pbckr71b4118888730 AbstractID = SRuqixzq6db2176406102
 ConcreteID CUSTOM = SCdjra3q723879677751 AbstractID CUSTOM = SAhhbni870f2557088293

	ROLE = LeftClickAt
	TARGET =
		WIDGET = WC1ma0oxq23152088416, WR1cs7rxoa2579320938, WT47vwcf13999526862, WPeglohc1f4179146627
		ROLE = UIASpinner
		TITLE = Stop Time
		SHAPE = Rect [x:987.0 y:592.0 w:158.0 h:20.0]
		CHILDREN = 0
		PATH = [0, 0, 4, 9]
	DESCRIPTION = Left Click at 'Stop Time'
	TEXT = Compound Action =
		Move mouse to (1066.0, 602.0).
		Press Mouse Button BUTTON1
		Release Mouse Button BUTTON1

ExecutedAction [38]: 
 @Action ConcreteID = ACu3hx7h802662014828 AbstractID = AAu3hx7h802662014828
 ConcreteID CUSTOM = ConcreteID CUSTOM not available AbstractID CUSTOM = AAp86u2q7f3283797649
 @State ConcreteID = SC11pbckr71b4118888730 AbstractID = SRuqixzq6db2176406102
 ConcreteID CUSTOM = SCdjra3q723879677751 AbstractID CUSTOM = SAhhbni870f2557088293

	ROLE = LeftClickAt
	TARGET =
		WIDGET = WCfa77yf272596519276, WR1k8fo0ra1109144095, WT1ijnmeq141972293189, WP70s50523798406968
		ROLE = UIATabItem
		TITLE = Disc Alt+D
		SHAPE = Rect [x:699.0 y:254.0 w:44.0 h:24.0]
		CHILDREN = 0
		PATH = [0, 0, 1, 1, 1]
	DESCRIPTION = Left Click at 'Disc Alt+D'
	TEXT = Compound Action =
		Move mouse to (721.0, 266.0).
		Press Mouse Button BUTTON1
		Release Mouse Button BUTTON1

ExecutedAction [39]: 
 @Action ConcreteID = ACzge0hh80772019328 AbstractID = AAzge0hh80772019328
 ConcreteID CUSTOM = ConcreteID CUSTOM not available AbstractID CUSTOM = AAul2xcq7f1930808701
 @State ConcreteID = SC11pbckr71b4118888730 AbstractID = SRuqixzq6db2176406102
 ConcreteID CUSTOM = SCdjra3q723879677751 AbstractID CUSTOM = SAhhbni870f2557088293

	ROLE = LeftClickAt
	TARGET =
		WIDGET = WCshaxk52e3256538856, WR1cs7rxoa2579320938, WTnsq5rp151242735682, WPdfe8xf2a2292711977
		ROLE = UIASpinner
		TITLE = Audio track
		SHAPE = Rect [x:863.0 y:484.0 w:25.0 h:20.0]
		CHILDREN = 0
		PATH = [0, 0, 1, 0, 0, 2, 1]
	DESCRIPTION = Left Click at 'Audio track'
	TEXT = Compound Action =
		Move mouse to (875.5, 494.0).
		Press Mouse Button BUTTON1
		Release Mouse Button BUTTON1

ExecutedAction [40]: 
 @Action ConcreteID = AC1ync4vz803944651323 AbstractID = AA1ync4vz803944651323
 ConcreteID CUSTOM = ConcreteID CUSTOM not available AbstractID CUSTOM = AA1ts11r87f3054453702
 @State ConcreteID = SC11pbckr71b4118888730 AbstractID = SRuqixzq6db2176406102
 ConcreteID CUSTOM = SCdjra3q723879677751 AbstractID CUSTOM = SAhhbni870f2557088293

	ROLE = LeftClickAt
	TARGET =
		WIDGET = WC7we31i2f1385792260, WR88rmk0b1934231702, WT117n6mp221646335527, WP15nl1ys2b2130256768
		ROLE = UIACheckBox
		TITLE = Show more options Alt+m
		SHAPE = Rect [x:649.0 y:533.0 w:31.0 h:17.0]
		CHILDREN = 0
		PATH = [0, 0, 3]
	DESCRIPTION = Left Click at 'Show more options Alt+m'
	TEXT = Compound Action =
		Move mouse to (664.5, 541.5).
		Press Mouse Button BUTTON1
		Release Mouse Button BUTTON1

ExecutedAction [41]: 
 @Action ConcreteID = AC1kbvqvy7f2501911609 AbstractID = AA1kbvqvy7f2501911609
 ConcreteID CUSTOM = ConcreteID CUSTOM not available AbstractID CUSTOM = AA11f2hmc7e1613360734
 @State ConcreteID = SCbr56u76273665201830 AbstractID = SR26c9xw5fa3341946956
 ConcreteID CUSTOM = SC16d3ryb6301278037811 AbstractID CUSTOM = SA6hw4fx61b589806244

	ROLE = LeftClickAt
	TARGET =
		WIDGET = WC1n98eey23743137595, WR10fgh33101836453781, WT10fgh33101836453781, WPr1hwi01f3737083353
		ROLE = UIACustomControl
		TITLE = 
		SHAPE = Rect [x:651.0 y:279.0 w:500.0 h:256.0]
		CHILDREN = 3
		PATH = [0, 0, 1, 0, 0]
	DESCRIPTION = Left Click at ''
	TEXT = Compound Action =
		Move mouse to (901.0, 407.0).
		Press Mouse Button BUTTON1
		Release Mouse Button BUTTON1

ExecutedAction [42]: 
 @Action ConcreteID = ACe400gm11c1744589241 AbstractID = AA1wq63ahd4574115307
 ConcreteID CUSTOM = ConcreteID CUSTOM not available AbstractID CUSTOM = AA1k2zcwjd32219084110
 @State ConcreteID = SCbr56u76273665201830 AbstractID = SR26c9xw5fa3341946956
 ConcreteID CUSTOM = SC16d3ryb6301278037811 AbstractID CUSTOM = SA6hw4fx61b589806244

	ROLE = ClickTypeInto
	TARGET =
		WIDGET = WC13v0ow3232390279424, WR4n0dlj72701565195, WT4n0dlj72701565195, WP6t8elx1f3646464647
		ROLE = UIAEdit
		TITLE = 
		SHAPE = Rect [x:682.0 y:378.0 w:321.0 h:14.0]
		CHILDREN = 0
		PATH = [0, 0, 1, 0, 0, 0, 7, 0]
	DESCRIPTION = Type 'ABC<div style="x...' into '
	TEXT = Compound Action =
		Compound Action =
		Move mouse to (842.5, 385.0).
		Press Mouse Button BUTTON1
		Release Mouse Button BUTTON1
		Press Key 17
		Press Key 65
		Release Key 65
		Release Key 17
		Type text 'ABC<div style="x:\xE2\x80\x87expression(javascript:alert(1)">DEF'

ExecutedAction [43]: 
 @Action ConcreteID = AC1mn607y803458997832 AbstractID = AA1mn607y803458997832
 ConcreteID CUSTOM = ConcreteID CUSTOM not available AbstractID CUSTOM = AA14mvgqw7f487580537
 @State ConcreteID = SCbr56u76273665201830 AbstractID = SR26c9xw5fa3341946956
 ConcreteID CUSTOM = SC16d3ryb6301278037811 AbstractID CUSTOM = SA6hw4fx61b589806244

	ROLE = LeftClickAt
	TARGET =
		WIDGET = WCk0fjrq2a34104178, WR1cs7rxoa2579320938, WT1sz1rpd111030485349, WP1r3bdwk261032006473
		ROLE = UIASpinner
		TITLE = Chapter
		SHAPE = Rect [x:1107.0 y:436.0 w:25.0 h:20.0]
		CHILDREN = 0
		PATH = [0, 0, 1, 0, 0, 1, 3]
	DESCRIPTION = Left Click at 'Chapter'
	TEXT = Compound Action =
		Move mouse to (1119.5, 446.0).
		Press Mouse Button BUTTON1
		Release Mouse Button BUTTON1

ExecutedAction [44]: 
 @Action ConcreteID = AC1mn607y803458997832 AbstractID = AA1mn607y803458997832
 ConcreteID CUSTOM = ConcreteID CUSTOM not available AbstractID CUSTOM = AA14mvgqw7f487580537
 @State ConcreteID = SCbr56u76273665201830 AbstractID = SR26c9xw5fa3341946956
 ConcreteID CUSTOM = SC16d3ryb6301278037811 AbstractID CUSTOM = SA6hw4fx61b589806244

	ROLE = LeftClickAt
	TARGET =
		WIDGET = WCk0fjrq2a34104178, WR1cs7rxoa2579320938, WT1sz1rpd111030485349, WP1r3bdwk261032006473
		ROLE = UIASpinner
		TITLE = Chapter
		SHAPE = Rect [x:1107.0 y:436.0 w:25.0 h:20.0]
		CHILDREN = 0
		PATH = [0, 0, 1, 0, 0, 1, 3]
	DESCRIPTION = Left Click at 'Chapter'
	TEXT = Compound Action =
		Move mouse to (1119.5, 446.0).
		Press Mouse Button BUTTON1
		Release Mouse Button BUTTON1

ExecutedAction [45]: 
 @Action ConcreteID = AC12w93h87f3846093083 AbstractID = AA12w93h87f3846093083
 ConcreteID CUSTOM = ConcreteID CUSTOM not available AbstractID CUSTOM = AAjzfu7m7e272069500
 @State ConcreteID = SCbr56u76273665201830 AbstractID = SR26c9xw5fa3341946956
 ConcreteID CUSTOM = SC16d3ryb6301278037811 AbstractID CUSTOM = SA6hw4fx61b589806244

	ROLE = LeftClickAt
	TARGET =
		WIDGET = WC1kg82vz274276399617, WR1k8fo0ra1109144095, WThpb1sr141497262569, WP1t2h5yl23617122819
		ROLE = UIATabItem
		TITLE = File Alt+F
		SHAPE = Rect [x:649.0 y:254.0 w:50.0 h:24.0]
		CHILDREN = 0
		PATH = [0, 0, 1, 1, 0]
	DESCRIPTION = Left Click at 'File Alt+F'
	TEXT = Compound Action =
		Move mouse to (674.0, 266.0).
		Press Mouse Button BUTTON1
		Release Mouse Button BUTTON1

ExecutedAction [46]: 
 @Action ConcreteID = AC1cdoyqj803316804200 AbstractID = AA1cdoyqj803316804200
 ConcreteID CUSTOM = ConcreteID CUSTOM not available AbstractID CUSTOM = AA15dbeno811770160627
 @State ConcreteID = SCm1nbih50e3589495012 AbstractID = SR1uel1c4f33214456077
 ConcreteID CUSTOM = SC1ain1ty5113130018907 AbstractID CUSTOM = SA1sm31b05021536889475

	ROLE = LeftClickAt
	TARGET =
		WIDGET = WChmn2qq254204820437, WR1h6ibpb92248851252, WT179pbei153540817138, WP1mssmc4214192218010
		ROLE = UIAButton
		TITLE = Cancel Alt+C
		SHAPE = Rect [x:1080.0 y:568.0 w:75.0 h:23.0]
		CHILDREN = 0
		PATH = [0, 0, 4, 0]
	DESCRIPTION = Left Click at 'Cancel Alt+C'
	TEXT = Compound Action =
		Move mouse to (1117.5, 579.5).
		Press Mouse Button BUTTON1
		Release Mouse Button BUTTON1

ExecutedAction [47]: 
 @Action ConcreteID = AC1gz1at97f2263807018 AbstractID = AA1gz1at97f2263807018
 ConcreteID CUSTOM = ConcreteID CUSTOM not available AbstractID CUSTOM = AA1qeheyu7f2043048816
 @State ConcreteID = SCuyuhmv2ed1671011042 AbstractID = SRrwz38n2e02745166178
 ConcreteID CUSTOM = SCilua512e62032480990 AbstractID CUSTOM = SA66n57f2eb1498926942

	ROLE = LeftClickAt
	TARGET =
		WIDGET = WCsnsil7191683499614, WR1h6ibpb92248851252, WT1h6ibpb92248851252, WP8rujv1153550696018
		ROLE = UIAButton
		TITLE = 
		SHAPE = Rect [x:849.0 y:451.0 w:26.0 h:26.0]
		CHILDREN = 0
		PATH = [0, 2, 2, 8]
	DESCRIPTION = Left Click at ''
	TEXT = Compound Action =
		Move mouse to (862.0, 464.0).
		Press Mouse Button BUTTON1
		Release Mouse Button BUTTON1

ExecutedAction [48]: 
 @Action ConcreteID = ACuvcumb7f674531905 AbstractID = AAuvcumb7f674531905
 ConcreteID CUSTOM = ConcreteID CUSTOM not available AbstractID CUSTOM = AA1adsi9g7f212406493
 @State ConcreteID = SC1n3jdzk685659288480 AbstractID = SR1v1j63f6634211323176
 ConcreteID CUSTOM = SC1bar8mz69a923647836 AbstractID CUSTOM = SAeniukh6863528667707

	ROLE = LeftClickAt
	TARGET =
		WIDGET = WCoa5w6c233122696270, WR17v7k2nb1067391859, WT1faw5jq16422026351, WPzrter61f3097932180
		ROLE = UIAMenuItem
		TITLE = Audio Alt+A
		SHAPE = Rect [x:774.0 y:370.0 w:49.0 h:20.0]
		CHILDREN = 0
		PATH = [0, 2, 2]
	DESCRIPTION = Left Click at 'Audio Alt+A'
	TEXT = Compound Action =
		Move mouse to (798.5, 380.0).
		Press Mouse Button BUTTON1
		Release Mouse Button BUTTON1

ExecutedAction [49]: 
 @Action ConcreteID = ACcfx7g87f112374195 AbstractID = AAcfx7g87f112374195
 ConcreteID CUSTOM = ConcreteID CUSTOM not available AbstractID CUSTOM = AA3gcjh80187788728
 @State ConcreteID = SC538ohz74b3616773653 AbstractID = SR1ss2ewi72a2947583231
 ConcreteID CUSTOM = SCikydrn75e1294429418 AbstractID CUSTOM = SA1wicjb174d2702709856

	ROLE = LeftClickAt
	TARGET =
		WIDGET = WC1kvrl7a241388749283, WR1h6ibpb92248851252, WTfj8swh143379978768, WP12mswso201927676573
		ROLE = UIAButton
		TITLE = Close Enter
		SHAPE = Rect [x:494.0 y:762.0 w:75.0 h:23.0]
		CHILDREN = 0
		PATH = [0, 0, 2, 1]
	DESCRIPTION = Left Click at 'Close Enter'
	TEXT = Compound Action =
		Move mouse to (531.5, 773.5).
		Press Mouse Button BUTTON1
		Release Mouse Button BUTTON1

ExecutedAction [50]: 
 @Action ConcreteID = AC1gz1at97f2263807018 AbstractID = AA1gz1at97f2263807018
 ConcreteID CUSTOM = ConcreteID CUSTOM not available AbstractID CUSTOM = AA1qeheyu7f2043048816
 @State ConcreteID = SCuyuhmv2ed1671011042 AbstractID = SRrwz38n2e02745166178
 ConcreteID CUSTOM = SCilua512e62032480990 AbstractID CUSTOM = SA66n57f2eb1498926942

	ROLE = LeftClickAt
	TARGET =
		WIDGET = WCsnsil7191683499614, WR1h6ibpb92248851252, WT1h6ibpb92248851252, WP8rujv1153550696018
		ROLE = UIAButton
		TITLE = 
		SHAPE = Rect [x:849.0 y:451.0 w:26.0 h:26.0]
		CHILDREN = 0
		PATH = [0, 2, 2, 8]
	DESCRIPTION = Left Click at ''
	TEXT = Compound Action =
		Move mouse to (862.0, 464.0).
		Press Mouse Button BUTTON1
		Release Mouse Button BUTTON1

ExecutedAction [51]: 
 @Action ConcreteID = AC4faa1r7f1831578663 AbstractID = AA4faa1r7f1831578663
 ConcreteID CUSTOM = ConcreteID CUSTOM not available AbstractID CUSTOM = AAjxpxow7f1236678331
 @State ConcreteID = SC1n3jdzk685659288480 AbstractID = SR1v1j63f6634211323176
 ConcreteID CUSTOM = SC1bar8mz69a923647836 AbstractID CUSTOM = SAeniukh6863528667707

	ROLE = LeftClickAt
	TARGET =
		WIDGET = WC1pmpjm1233635091165, WR17v7k2nb1067391859, WT1p8hf68161996799177, WP19o0bpz1f64902350
		ROLE = UIAMenuItem
		TITLE = Video Alt+V
		SHAPE = Rect [x:823.0 y:370.0 w:47.0 h:20.0]
		CHILDREN = 0
		PATH = [0, 2, 3]
	DESCRIPTION = Left Click at 'Video Alt+V'
	TEXT = Compound Action =
		Move mouse to (846.5, 380.0).
		Press Mouse Button BUTTON1
		Release Mouse Button BUTTON1

ExecutedAction [52]: 
 @Action ConcreteID = ACjf7gt47e591030072 AbstractID = AAjf7gt47e591030072
 ConcreteID CUSTOM = ConcreteID CUSTOM not available AbstractID CUSTOM = AA10qug1080560174244
 @State ConcreteID = SCka2sn87b1252352770 AbstractID = SR1oh6v078e96308376
 ConcreteID CUSTOM = SC1sji5s67c83373100642 AbstractID CUSTOM = SA16w40947b24266701136

	ROLE = LeftClickAt
	TARGET =
		WIDGET = WC1lhezj3191258746635, WR1h6ibpb92248851252, WT1h6ibpb92248851252, WP11lh0sx154244474631
		ROLE = UIAButton
		TITLE = 
		SHAPE = Rect [x:707.0 y:451.0 w:26.0 h:26.0]
		CHILDREN = 0
		PATH = [0, 3, 2, 3]
	DESCRIPTION = Left Click at ''
	TEXT = Compound Action =
		Move mouse to (720.0, 464.0).
		Press Mouse Button BUTTON1
		Release Mouse Button BUTTON1

ExecutedAction [53]: 
 @Action ConcreteID = ACuvcumb7f674531905 AbstractID = AAuvcumb7f674531905
 ConcreteID CUSTOM = ConcreteID CUSTOM not available AbstractID CUSTOM = AA1adsi9g7f212406493
 @State ConcreteID = SC1n3jdzk685659288480 AbstractID = SR1v1j63f6634211323176
 ConcreteID CUSTOM = SC1bar8mz69a923647836 AbstractID CUSTOM = SAeniukh6863528667707

	ROLE = LeftClickAt
	TARGET =
		WIDGET = WCoa5w6c233122696270, WR17v7k2nb1067391859, WT1faw5jq16422026351, WPzrter61f3097932180
		ROLE = UIAMenuItem
		TITLE = Audio Alt+A
		SHAPE = Rect [x:774.0 y:370.0 w:49.0 h:20.0]
		CHILDREN = 0
		PATH = [0, 2, 2]
	DESCRIPTION = Left Click at 'Audio Alt+A'
	TEXT = Compound Action =
		Move mouse to (798.5, 380.0).
		Press Mouse Button BUTTON1
		Release Mouse Button BUTTON1

ExecutedAction [54]: 
 @Action ConcreteID = AC1lufgbc7f1918525575 AbstractID = AA1lufgbc7f1918525575
 ConcreteID CUSTOM = ConcreteID CUSTOM not available AbstractID CUSTOM = AA19hylel802144976012
 @State ConcreteID = SC538ohz74b3616773653 AbstractID = SR1ss2ewi72a2947583231
 ConcreteID CUSTOM = SCikydrn75e1294429418 AbstractID CUSTOM = SA1wicjb174d2702709856

	ROLE = LeftClickAt
	TARGET =
		WIDGET = WC1lhezkt19492590221, WR1h6ibpb92248851252, WT1h6ibpb92248851252, WP11lh0un152863082625
		ROLE = UIAButton
		TITLE = 
		SHAPE = Rect [x:759.0 y:451.0 w:26.0 h:26.0]
		CHILDREN = 0
		PATH = [0, 3, 2, 5]
	DESCRIPTION = Left Click at ''
	TEXT = Compound Action =
		Move mouse to (772.0, 464.0).
		Press Mouse Button BUTTON1
		Release Mouse Button BUTTON1

ExecutedAction [55]: 
 @Action ConcreteID = ACuvcumb7f674531905 AbstractID = AAuvcumb7f674531905
 ConcreteID CUSTOM = ConcreteID CUSTOM not available AbstractID CUSTOM = AA1adsi9g7f212406493
 @State ConcreteID = SC1n3jdzk685659288480 AbstractID = SR1v1j63f6634211323176
 ConcreteID CUSTOM = SC1bar8mz69a923647836 AbstractID CUSTOM = SAeniukh6863528667707

	ROLE = LeftClickAt
	TARGET =
		WIDGET = WCoa5w6c233122696270, WR17v7k2nb1067391859, WT1faw5jq16422026351, WPzrter61f3097932180
		ROLE = UIAMenuItem
		TITLE = Audio Alt+A
		SHAPE = Rect [x:774.0 y:370.0 w:49.0 h:20.0]
		CHILDREN = 0
		PATH = [0, 2, 2]
	DESCRIPTION = Left Click at 'Audio Alt+A'
	TEXT = Compound Action =
		Move mouse to (798.5, 380.0).
		Press Mouse Button BUTTON1
		Release Mouse Button BUTTON1

ExecutedAction [56]: 
 @Action ConcreteID = AC1wyugky7f1964419052 AbstractID = AA1wyugky7f1964419052
 ConcreteID CUSTOM = ConcreteID CUSTOM not available AbstractID CUSTOM = AA1kmdlo7802023062503
 @State ConcreteID = SC538ohz74b3616773653 AbstractID = SR1ss2ewi72a2947583231
 ConcreteID CUSTOM = SCikydrn75e1294429418 AbstractID CUSTOM = SA1wicjb174d2702709856

	ROLE = LeftClickAt
	TARGET =
		WIDGET = WCzxkocd2a3149847004, WR1k8fo0ra1109144095, WT1q6qccd17734633670, WP1ysyxhn261539884999
		ROLE = UIATabItem
		TITLE = Audio Effects
		SHAPE = Rect [x:250.0 y:372.0 w:35.0 h:21.0]
		CHILDREN = 0
		PATH = [0, 0, 1, 1, 0]
	DESCRIPTION = Left Click at 'Audio Effects'
	TEXT = Compound Action =
		Move mouse to (267.5, 382.5).
		Press Mouse Button BUTTON1
		Release Mouse Button BUTTON1

ExecutedAction [57]: 
 @Action ConcreteID = AC1hkx6fn7f795786678 AbstractID = AA1hkx6fn7f795786678
 ConcreteID CUSTOM = ConcreteID CUSTOM not available AbstractID CUSTOM = AA1x3cu2s7f200484650
 @State ConcreteID = SC1n3jdzk685659288480 AbstractID = SR1v1j63f6634211323176
 ConcreteID CUSTOM = SC1bar8mz69a923647836 AbstractID CUSTOM = SAeniukh6863528667707

	ROLE = LeftClickAt
	TARGET =
		WIDGET = WC1kvrl7a241388749283, WR1h6ibpb92248851252, WTfj8swh143379978768, WP12mswso201927676573
		ROLE = UIAButton
		TITLE = Close Enter
		SHAPE = Rect [x:494.0 y:762.0 w:75.0 h:23.0]
		CHILDREN = 0
		PATH = [0, 0, 2, 1]
	DESCRIPTION = Left Click at 'Close Enter'
	TEXT = Compound Action =
		Move mouse to (531.5, 773.5).
		Press Mouse Button BUTTON1
		Release Mouse Button BUTTON1

ExecutedAction [58]: 
 @Action ConcreteID = AC1odxiyb7f2499815128 AbstractID = AA1odxiyb7f2499815128
 ConcreteID CUSTOM = ConcreteID CUSTOM not available AbstractID CUSTOM = AA1xtdn3w7f1781047682
 @State ConcreteID = SCuyuhmv2ed1671011042 AbstractID = SRrwz38n2e02745166178
 ConcreteID CUSTOM = SCilua512e62032480990 AbstractID CUSTOM = SA66n57f2eb1498926942

	ROLE = LeftClickAt
	TARGET =
		WIDGET = WC117me3u22367970642, WR17v7k2nb1067391859, WT1y895rf152412617792, WP15oh92w1e2024737031
		ROLE = UIAMenuItem
		TITLE = View Alt+i
		SHAPE = Rect [x:972.0 y:370.0 w:41.0 h:20.0]
		CHILDREN = 0
		PATH = [0, 1, 6]
	DESCRIPTION = Left Click at 'View Alt+i'
	TEXT = Compound Action =
		Move mouse to (992.5, 380.0).
		Press Mouse Button BUTTON1
		Release Mouse Button BUTTON1

ExecutedAction [59]: 
 @Action ConcreteID = ACsk3tin7f4074024002 AbstractID = AAsk3tin7f4074024002
 ConcreteID CUSTOM = ConcreteID CUSTOM not available AbstractID CUSTOM = AAyrd3x7803251818141
 @State ConcreteID = SChqpojn4194058195125 AbstractID = SRlgodq640b316168717
 ConcreteID CUSTOM = SC1606h4r4172188029270 AbstractID CUSTOM = SA17g009c4143267707644

	ROLE = LeftClickAt
	TARGET =
		WIDGET = WC1wr6twp233179607085, WR17v7k2nb1067391859, WTwtxn65161410781764, WPzq9smv1f824583798
		ROLE = UIAMenuItem
		TITLE = Tools Alt+s
		SHAPE = Rect [x:927.0 y:370.0 w:45.0 h:20.0]
		CHILDREN = 0
		PATH = [0, 1, 5]
	DESCRIPTION = Left Click at 'Tools Alt+s'
	TEXT = Compound Action =
		Move mouse to (949.5, 380.0).
		Press Mouse Button BUTTON1
		Release Mouse Button BUTTON1

ExecutedAction [60]: 
 @Action ConcreteID = AC1t7fdwe804058501648 AbstractID = AA1t7fdwe804058501648
 ConcreteID CUSTOM = ConcreteID CUSTOM not available AbstractID CUSTOM = AA2cqotx802057716349
 @State ConcreteID = SCuyuhmv2ed1671011042 AbstractID = SRrwz38n2e02745166178
 ConcreteID CUSTOM = SCilua512e62032480990 AbstractID CUSTOM = SA66n57f2eb1498926942

	ROLE = LeftClickAt
	TARGET =
		WIDGET = WCig1ffy22236015574, WR17v7k2nb1067391859, WT1e6tvxi153323975668, WP1lxqkho1e3332536470
		ROLE = UIAMenuItem
		TITLE = Help Alt+H
		SHAPE = Rect [x:1013.0 y:370.0 w:42.0 h:20.0]
		CHILDREN = 0
		PATH = [0, 1, 7]
	DESCRIPTION = Left Click at 'Help Alt+H'
	TEXT = Compound Action =
		Move mouse to (1034.0, 380.0).
		Press Mouse Button BUTTON1
		Release Mouse Button BUTTON1

ExecutedAction [61]: 
 @Action ConcreteID = AC6i4qci804084486218 AbstractID = AA6i4qci804084486218
 ConcreteID CUSTOM = ConcreteID CUSTOM not available AbstractID CUSTOM = AA1us2hde803876887414
 @State ConcreteID = SC1p00f8234f3394638113 AbstractID = SRtt96ho3433248047772
 ConcreteID CUSTOM = SC11svhps3483043115949 AbstractID CUSTOM = SA1jabezf34f3086789404

	ROLE = LeftClickAt
	TARGET =
		WIDGET = WCsnsig1192662843092, WR1h6ibpb92248851252, WT1h6ibpb92248851252, WP8rujpv15692894424
		ROLE = UIAButton
		TITLE = 
		SHAPE = Rect [x:663.0 y:448.0 w:32.0 h:32.0]
		CHILDREN = 0
		PATH = [0, 2, 2, 2]
	DESCRIPTION = Left Click at ''
	TEXT = Compound Action =
		Move mouse to (679.0, 464.0).
		Press Mouse Button BUTTON1
		Release Mouse Button BUTTON1

ExecutedAction [62]: 
 @Action ConcreteID = ACbqnsbz7f2746938632 AbstractID = AAbqnsbz7f2746938632
 ConcreteID CUSTOM = ConcreteID CUSTOM not available AbstractID CUSTOM = AAl63whk7f1553101394
 @State ConcreteID = SCuyuhmv2ed1671011042 AbstractID = SRrwz38n2e02745166178
 ConcreteID CUSTOM = SCilua512e62032480990 AbstractID CUSTOM = SA66n57f2eb1498926942

	ROLE = LeftClickAt
	TARGET =
		WIDGET = WCo9m3kz234253084318, WR17v7k2nb1067391859, WT1faw5jq16422026351, WPzr9m5t1f4278635332
		ROLE = UIAMenuItem
		TITLE = Audio Alt+A
		SHAPE = Rect [x:774.0 y:370.0 w:49.0 h:20.0]
		CHILDREN = 0
		PATH = [0, 1, 2]
	DESCRIPTION = Left Click at 'Audio Alt+A'
	TEXT = Compound Action =
		Move mouse to (798.5, 380.0).
		Press Mouse Button BUTTON1
		Release Mouse Button BUTTON1

ExecutedAction [63]: 
 @Action ConcreteID = AC1hi7ic17f2671263459 AbstractID = AA1hi7ic17f2671263459
 ConcreteID CUSTOM = ConcreteID CUSTOM not available AbstractID CUSTOM = AA1r2ad6d7e3626824917
 @State ConcreteID = SCh7s1223b3584162152 AbstractID = SRxbiiyc3a72636515567
 ConcreteID CUSTOM = SC17nygpb3aa2053433905 AbstractID CUSTOM = SAbwm0wr3b233773613

	ROLE = LeftClickAt
	TARGET =
		WIDGET = WCig1ffy22236015574, WR17v7k2nb1067391859, WT1e6tvxi153323975668, WP1lxqkho1e3332536470
		ROLE = UIAMenuItem
		TITLE = Help Alt+H
		SHAPE = Rect [x:1013.0 y:370.0 w:42.0 h:20.0]
		CHILDREN = 0
		PATH = [0, 1, 7]
	DESCRIPTION = Left Click at 'Help Alt+H'
	TEXT = Compound Action =
		Move mouse to (1034.0, 380.0).
		Press Mouse Button BUTTON1
		Release Mouse Button BUTTON1

ExecutedAction [64]: 
 @Action ConcreteID = ACzbmijn80587173165 AbstractID = AAzbmijn80587173165
 ConcreteID CUSTOM = ConcreteID CUSTOM not available AbstractID CUSTOM = AA17i1vga802847808832
 @State ConcreteID = SCuyuhmv2ed1671011042 AbstractID = SRrwz38n2e02745166178
 ConcreteID CUSTOM = SCilua512e62032480990 AbstractID CUSTOM = SA66n57f2eb1498926942

	ROLE = LeftClickAt
	TARGET =
		WIDGET = WC5xpkbv1c2341201004, WR1p34e3y91942684430, WT1p34e3y91942684430, WP1apngjd183937737785
		ROLE = UIASlider
		TITLE = 
		SHAPE = Rect [x:1047.0 y:454.0 w:85.0 h:26.0]
		CHILDREN = 0
		PATH = [0, 2, 2, 0, 1]
	DESCRIPTION = Left Click at ''
	TEXT = Compound Action =
		Move mouse to (1089.5, 467.0).
		Press Mouse Button BUTTON1
		Release Mouse Button BUTTON1

ExecutedAction [65]: 
 @Action ConcreteID = AC1phmilk801971911634 AbstractID = AA1phmilk801971911634
 ConcreteID CUSTOM = ConcreteID CUSTOM not available AbstractID CUSTOM = AA1xo1vi7804274613183
 @State ConcreteID = SCuyuhmv2ed1671011042 AbstractID = SRrwz38n2e02745166178
 ConcreteID CUSTOM = SCilua512e62032480990 AbstractID CUSTOM = SA66n57f2eb1498926942

	ROLE = LeftClickAt
	TARGET =
		WIDGET = WC1fcenkz201119982758, WR10fgh33101836453781, WT10fgh33101836453781, WPdpsz4l1c4088669326
		ROLE = UIACustomControl
		TITLE = 
		SHAPE = Rect [x:1031.0 y:448.0 w:101.0 h:32.0]
		CHILDREN = 2
		PATH = [0, 2, 2, 0]
	DESCRIPTION = Left Click at ''
	TEXT = Compound Action =
		Move mouse to (1081.5, 464.0).
		Press Mouse Button BUTTON1
		Release Mouse Button BUTTON1

ExecutedAction [66]: 
 @Action ConcreteID = AC1phmilk801971911634 AbstractID = AA1phmilk801971911634
 ConcreteID CUSTOM = ConcreteID CUSTOM not available AbstractID CUSTOM = AA1xo1vi7804274613183
 @State ConcreteID = SCuyuhmv2ed1671011042 AbstractID = SRrwz38n2e02745166178
 ConcreteID CUSTOM = SCilua512e62032480990 AbstractID CUSTOM = SA66n57f2eb1498926942

	ROLE = LeftClickAt
	TARGET =
		WIDGET = WC1fcenkz201119982758, WR10fgh33101836453781, WT10fgh33101836453781, WPdpsz4l1c4088669326
		ROLE = UIACustomControl
		TITLE = 
		SHAPE = Rect [x:1031.0 y:448.0 w:101.0 h:32.0]
		CHILDREN = 2
		PATH = [0, 2, 2, 0]
	DESCRIPTION = Left Click at ''
	TEXT = Compound Action =
		Move mouse to (1081.5, 464.0).
		Press Mouse Button BUTTON1
		Release Mouse Button BUTTON1

ExecutedAction [67]: 
 @Action ConcreteID = AC166mgd07f1208563569 AbstractID = AA166mgd07f1208563569
 ConcreteID CUSTOM = ConcreteID CUSTOM not available AbstractID CUSTOM = AA1fm2kil7f3072438315
 @State ConcreteID = SCuyuhmv2ed1671011042 AbstractID = SRrwz38n2e02745166178
 ConcreteID CUSTOM = SCilua512e62032480990 AbstractID CUSTOM = SA66n57f2eb1498926942

	ROLE = LeftClickAt
	TARGET =
		WIDGET = WC19h71zr1c2745612408, WR88rmk0b1934231702, WT88rmk0b1934231702, WPqaifmt183472837339
		ROLE = UIACheckBox
		TITLE = 
		SHAPE = Rect [x:913.0 y:451.0 w:26.0 h:26.0]
		CHILDREN = 0
		PATH = [0, 2, 2, 10]
	DESCRIPTION = Left Click at ''
	TEXT = Compound Action =
		Move mouse to (926.0, 464.0).
		Press Mouse Button BUTTON1
		Release Mouse Button BUTTON1

ExecutedAction [68]: 
 @Action ConcreteID = ACyixkig7f724442075 AbstractID = AAyixkig7f724442075
 ConcreteID CUSTOM = ConcreteID CUSTOM not available AbstractID CUSTOM = AA17ydoo17f3557203073
 @State ConcreteID = SCuyuhmv2ed1671011042 AbstractID = SRrwz38n2e02745166178
 ConcreteID CUSTOM = SCilua512e62032480990 AbstractID CUSTOM = SA66n57f2eb1498926942

	ROLE = LeftClickAt
	TARGET =
		WIDGET = WCqo6bfv1b3993562100, WR88rmk0b1934231702, WT88rmk0b1934231702, WP5fia59171780392929
		ROLE = UIACheckBox
		TITLE = 
		SHAPE = Rect [x:887.0 y:451.0 w:26.0 h:26.0]
		CHILDREN = 0
		PATH = [0, 2, 2, 9]
	DESCRIPTION = Left Click at ''
	TEXT = Compound Action =
		Move mouse to (900.0, 464.0).
		Press Mouse Button BUTTON1
		Release Mouse Button BUTTON1

ExecutedAction [69]: 
 @Action ConcreteID = ACc3x5nd7f856408441 AbstractID = AAc3x5nd7f856408441
 ConcreteID CUSTOM = ConcreteID CUSTOM not available AbstractID CUSTOM = AAljd9sy7f3424863779
 @State ConcreteID = SCuyuhmv2ed1671011042 AbstractID = SRrwz38n2e02745166178
 ConcreteID CUSTOM = SCilua512e62032480990 AbstractID CUSTOM = SA66n57f2eb1498926942

	ROLE = LeftClickAt
	TARGET =
		WIDGET = WCsnsig1192662843092, WR1h6ibpb92248851252, WT1h6ibpb92248851252, WP8rujpv15692894424
		ROLE = UIAButton
		TITLE = 
		SHAPE = Rect [x:663.0 y:448.0 w:32.0 h:32.0]
		CHILDREN = 0
		PATH = [0, 2, 2, 2]
	DESCRIPTION = Left Click at ''
	TEXT = Compound Action =
		Move mouse to (679.0, 464.0).
		Press Mouse Button BUTTON1
		Release Mouse Button BUTTON1

ExecutedAction [70]: 
 @Action ConcreteID = ACzuir2s7f1831470308 AbstractID = AAzuir2s7f1831470308
 ConcreteID CUSTOM = ConcreteID CUSTOM not available AbstractID CUSTOM = AA199yv8d7f2449638334
 @State ConcreteID = SCuyuhmv2ed1671011042 AbstractID = SRrwz38n2e02745166178
 ConcreteID CUSTOM = SCilua512e62032480990 AbstractID CUSTOM = SA66n57f2eb1498926942

	ROLE = LeftClickAt
	TARGET =
		WIDGET = WCkthkjg1d3961490386, WR10fgh33101836453781, WT10fgh33101836453781, WP34gkui19609072533
		ROLE = UIACustomControl
		TITLE = 
		SHAPE = Rect [x:660.0 y:421.0 w:485.0 h:26.0]
		CHILDREN = 3
		PATH = [0, 2, 1]
	DESCRIPTION = Left Click at ''
	TEXT = Compound Action =
		Move mouse to (902.5, 434.0).
		Press Mouse Button BUTTON1
		Release Mouse Button BUTTON1

ExecutedAction [71]: 
 @Action ConcreteID = AC166mgd07f1208563569 AbstractID = AA166mgd07f1208563569
 ConcreteID CUSTOM = ConcreteID CUSTOM not available AbstractID CUSTOM = AA1fm2kil7f3072438315
 @State ConcreteID = SCuyuhmv2ed1671011042 AbstractID = SRrwz38n2e02745166178
 ConcreteID CUSTOM = SCilua512e62032480990 AbstractID CUSTOM = SA66n57f2eb1498926942

	ROLE = LeftClickAt
	TARGET =
		WIDGET = WC19h71zr1c2745612408, WR88rmk0b1934231702, WT88rmk0b1934231702, WPqaifmt183472837339
		ROLE = UIACheckBox
		TITLE = 
		SHAPE = Rect [x:913.0 y:451.0 w:26.0 h:26.0]
		CHILDREN = 0
		PATH = [0, 2, 2, 10]
	DESCRIPTION = Left Click at ''
	TEXT = Compound Action =
		Move mouse to (926.0, 464.0).
		Press Mouse Button BUTTON1
		Release Mouse Button BUTTON1

ExecutedAction [72]: 
 @Action ConcreteID = ACo5jtxx7f4264162145 AbstractID = AAo5jtxx7f4264162145
 ConcreteID CUSTOM = ConcreteID CUSTOM not available AbstractID CUSTOM = AAxkzy3i7f16872507
 @State ConcreteID = SCuyuhmv2ed1671011042 AbstractID = SRrwz38n2e02745166178
 ConcreteID CUSTOM = SCilua512e62032480990 AbstractID CUSTOM = SA66n57f2eb1498926942

	ROLE = LeftClickAt
	TARGET =
		WIDGET = WC11132ie26988553567, WR17v7k2nb1067391859, WT7kxrdw19266625713, WP1rp2dz8223396690116
		ROLE = UIAMenuItem
		TITLE = Playback Alt+l
		SHAPE = Rect [x:710.0 y:370.0 w:64.0 h:20.0]
		CHILDREN = 0
		PATH = [0, 1, 1]
	DESCRIPTION = Left Click at 'Playback Alt+l'
	TEXT = Compound Action =
		Move mouse to (742.0, 380.0).
		Press Mouse Button BUTTON1
		Release Mouse Button BUTTON1

ExecutedAction [73]: 
 @Action ConcreteID = ACa7kso7801662906792 AbstractID = AAa7kso7801662906792
 ConcreteID CUSTOM = ConcreteID CUSTOM not available AbstractID CUSTOM = AA1rdxkix7f505798333
 @State ConcreteID = SC1ghp6d04683200048254 AbstractID = SR18ms7xy45b1899580270
 ConcreteID CUSTOM = SC1n2kftu4672940547814 AbstractID CUSTOM = SAw45vb14641346421932

	ROLE = LeftClickAt
	TARGET =
		WIDGET = WC1wr6twp233179607085, WR17v7k2nb1067391859, WTwtxn65161410781764, WPzq9smv1f824583798
		ROLE = UIAMenuItem
		TITLE = Tools Alt+s
		SHAPE = Rect [x:927.0 y:370.0 w:45.0 h:20.0]
		CHILDREN = 0
		PATH = [0, 1, 5]
	DESCRIPTION = Left Click at 'Tools Alt+s'
	TEXT = Compound Action =
		Move mouse to (949.5, 380.0).
		Press Mouse Button BUTTON1
		Release Mouse Button BUTTON1

ExecutedAction [74]: 
 @Action ConcreteID = ACyixkig7f724442075 AbstractID = AAyixkig7f724442075
 ConcreteID CUSTOM = ConcreteID CUSTOM not available AbstractID CUSTOM = AA17ydoo17f3557203073
 @State ConcreteID = SCuyuhmv2ed1671011042 AbstractID = SRrwz38n2e02745166178
 ConcreteID CUSTOM = SCilua512e62032480990 AbstractID CUSTOM = SA66n57f2eb1498926942

	ROLE = LeftClickAt
	TARGET =
		WIDGET = WCqo6bfv1b3993562100, WR88rmk0b1934231702, WT88rmk0b1934231702, WP5fia59171780392929
		ROLE = UIACheckBox
		TITLE = 
		SHAPE = Rect [x:887.0 y:451.0 w:26.0 h:26.0]
		CHILDREN = 0
		PATH = [0, 2, 2, 9]
	DESCRIPTION = Left Click at ''
	TEXT = Compound Action =
		Move mouse to (900.0, 464.0).
		Press Mouse Button BUTTON1
		Release Mouse Button BUTTON1

ExecutedAction [75]: 
 @Action ConcreteID = AC1gz1at97f2263807018 AbstractID = AA1gz1at97f2263807018
 ConcreteID CUSTOM = ConcreteID CUSTOM not available AbstractID CUSTOM = AA1qeheyu7f2043048816
 @State ConcreteID = SCuyuhmv2ed1671011042 AbstractID = SRrwz38n2e02745166178
 ConcreteID CUSTOM = SCilua512e62032480990 AbstractID CUSTOM = SA66n57f2eb1498926942

	ROLE = LeftClickAt
	TARGET =
		WIDGET = WCsnsil7191683499614, WR1h6ibpb92248851252, WT1h6ibpb92248851252, WP8rujv1153550696018
		ROLE = UIAButton
		TITLE = 
		SHAPE = Rect [x:849.0 y:451.0 w:26.0 h:26.0]
		CHILDREN = 0
		PATH = [0, 2, 2, 8]
	DESCRIPTION = Left Click at ''
	TEXT = Compound Action =
		Move mouse to (862.0, 464.0).
		Press Mouse Button BUTTON1
		Release Mouse Button BUTTON1

ExecutedAction [76]: 
 @Action ConcreteID = AC1t6ff197f428534998 AbstractID = AA1t6ff197f428534998
 ConcreteID CUSTOM = ConcreteID CUSTOM not available AbstractID CUSTOM = AA9nr0pa7f1024947786
 @State ConcreteID = SC1n3jdzk685659288480 AbstractID = SR1v1j63f6634211323176
 ConcreteID CUSTOM = SC1bar8mz69a923647836 AbstractID CUSTOM = SAeniukh6863528667707

	ROLE = LeftClickAt
	TARGET =
		WIDGET = WCx2xd4b312174155616, WR1k8fo0ra1109144095, WT1xn65vr151465452121, WP1kvj3bx2d3413647731
		ROLE = UIATabItem
		TITLE = Spatializer
		SHAPE = Rect [x:328.0 y:403.0 w:28.0 h:21.0]
		CHILDREN = 0
		PATH = [0, 0, 1, 0, 0, 0, 1, 2]
	DESCRIPTION = Left Click at 'Spatializer'
	TEXT = Compound Action =
		Move mouse to (342.0, 413.5).
		Press Mouse Button BUTTON1
		Release Mouse Button BUTTON1

ExecutedAction [77]: 
 @Action ConcreteID = ACestjf7803418920464 AbstractID = AAestjf7803418920464
 ConcreteID CUSTOM = ConcreteID CUSTOM not available AbstractID CUSTOM = AA1ho5sz180126786913
 @State ConcreteID = SC1vlgzbj52f4004619030 AbstractID = SR1u5imdv51f176007976
 ConcreteID CUSTOM = SCuatpl853e493811318 AbstractID CUSTOM = SA1o4fk8452c1289263770

	ROLE = LeftClickAt
	TARGET =
		WIDGET = WC1pmpjm1233635091165, WR17v7k2nb1067391859, WT1p8hf68161996799177, WP19o0bpz1f64902350
		ROLE = UIAMenuItem
		TITLE = Video Alt+V
		SHAPE = Rect [x:823.0 y:370.0 w:47.0 h:20.0]
		CHILDREN = 0
		PATH = [0, 2, 3]
	DESCRIPTION = Left Click at 'Video Alt+V'
	TEXT = Compound Action =
		Move mouse to (846.5, 380.0).
		Press Mouse Button BUTTON1
		Release Mouse Button BUTTON1

ExecutedAction [78]: 
 @Action ConcreteID = ACqkqwqk804031397686 AbstractID = AAqkqwqk804031397686
 ConcreteID CUSTOM = ConcreteID CUSTOM not available AbstractID CUSTOM = AA6b2gpb7f1750647573
 @State ConcreteID = SC1w3jx6r65b3215651540 AbstractID = SRh4mjsk64a4084786565
 ConcreteID CUSTOM = SCg5k71366c161526285 AbstractID CUSTOM = SAdylo176582603714557

	ROLE = LeftClickAt
	TARGET =
		WIDGET = WCn3dwpy303975885943, WR88rmk0b1934231702, WTdz99qr112908560843, WP4d5dx02c3869919282
		ROLE = UIACheckBox
		TITLE = Enable
		SHAPE = Rect [x:272.0 y:434.0 w:352.0 h:299.0]
		CHILDREN = 6
		PATH = [0, 0, 1, 0, 0, 0, 0, 0, 0]
	DESCRIPTION = Left Click at 'Enable'
	TEXT = Compound Action =
		Move mouse to (448.0, 583.5).
		Press Mouse Button BUTTON1
		Release Mouse Button BUTTON1

ExecutedAction [79]: 
 @Action ConcreteID = AC1b8mll0804203077535 AbstractID = AA1b8mll0804203077535
 ConcreteID CUSTOM = ConcreteID CUSTOM not available AbstractID CUSTOM = AAf2ut5q80918803694
 @State ConcreteID = SC1vlgzbj52f4004619030 AbstractID = SR1u5imdv51f176007976
 ConcreteID CUSTOM = SCuatpl853e493811318 AbstractID CUSTOM = SA1o4fk8452c1289263770

	ROLE = LeftClickAt
	TARGET =
		WIDGET = WCn3dwpy303975885943, WR88rmk0b1934231702, WTdz99qr112908560843, WP4d5dx02c3869919282
		ROLE = UIACheckBox
		TITLE = Enable
		SHAPE = Rect [x:272.0 y:434.0 w:352.0 h:299.0]
		CHILDREN = 6
		PATH = [0, 0, 1, 0, 0, 0, 0, 0, 0]
	DESCRIPTION = Left Click at 'Enable'
	TEXT = Compound Action =
		Move mouse to (448.0, 583.5).
		Press Mouse Button BUTTON1
		Release Mouse Button BUTTON1

ExecutedAction [80]: 
 @Action ConcreteID = AC1m8kvje801155082336 AbstractID = AA1m8kvje801155082336
 ConcreteID CUSTOM = ConcreteID CUSTOM not available AbstractID CUSTOM = AAq2t344802292130577
 @State ConcreteID = SC1vlgzbj52f4004619030 AbstractID = SR1u5imdv51f176007976
 ConcreteID CUSTOM = SCuatpl853e493811318 AbstractID CUSTOM = SA1o4fk8452c1289263770

	ROLE = LeftClickAt
	TARGET =
		WIDGET = WCzh8ir72c3690954354, WR1k8fo0ra1109144095, WT1nm4611192860587041, WP16x9qdd282568739354
		ROLE = UIATabItem
		TITLE = Synchronization
		SHAPE = Rect [x:326.0 y:372.0 w:28.0 h:21.0]
		CHILDREN = 0
		PATH = [0, 0, 1, 1, 2]
	DESCRIPTION = Left Click at 'Synchronization'
	TEXT = Compound Action =
		Move mouse to (340.0, 382.5).
		Press Mouse Button BUTTON1
		Release Mouse Button BUTTON1

ExecutedAction [81]: 
 @Action ConcreteID = AC3g71eh7e360217486 AbstractID = AA3g71eh7e360217486
 ConcreteID CUSTOM = ConcreteID CUSTOM not available AbstractID CUSTOM = AAaypvwv7e3987817942
 @State ConcreteID = SC1j485kc50a35563360 AbstractID = SRp2mmls4eb1947782464
 ConcreteID CUSTOM = SC12d4ftj5162681309153 AbstractID CUSTOM = SA351vdo502152840732

	ROLE = LeftClickAt
	TARGET =
		WIDGET = WCku1d4t1d3514802786, WR10fgh33101836453781, WT10fgh33101836453781, WP350dfv19422419493
		ROLE = UIACustomControl
		TITLE = 
		SHAPE = Rect [x:660.0 y:421.0 w:485.0 h:26.0]
		CHILDREN = 3
		PATH = [0, 3, 1]
	DESCRIPTION = Left Click at ''
	TEXT = Compound Action =
		Move mouse to (902.5, 434.0).
		Press Mouse Button BUTTON1
		Release Mouse Button BUTTON1

ExecutedAction [82]: 
 @Action ConcreteID = AC1jax1mh7f1559758889 AbstractID = AA1jax1mh7f1559758889
 ConcreteID CUSTOM = ConcreteID CUSTOM not available AbstractID CUSTOM = AA44p3k37f967842001
 @State ConcreteID = SC1j485kc50a35563360 AbstractID = SRp2mmls4eb1947782464
 ConcreteID CUSTOM = SC12d4ftj5162681309153 AbstractID CUSTOM = SA351vdo502152840732

	ROLE = LeftClickAt
	TARGET =
		WIDGET = WCigl81b221236350214, WR17v7k2nb1067391859, WT1e6tvxi153323975668, WP1lyad311e2164392518
		ROLE = UIAMenuItem
		TITLE = Help Alt+H
		SHAPE = Rect [x:1013.0 y:370.0 w:42.0 h:20.0]
		CHILDREN = 0
		PATH = [0, 2, 7]
	DESCRIPTION = Left Click at 'Help Alt+H'
	TEXT = Compound Action =
		Move mouse to (1034.0, 380.0).
		Press Mouse Button BUTTON1
		Release Mouse Button BUTTON1

ExecutedAction [83]: 
 @Action ConcreteID = ACvk7skd801280824083 AbstractID = AAvk7skd801280824083
 ConcreteID CUSTOM = ConcreteID CUSTOM not available AbstractID CUSTOM = AA84xrn9801477108886
 @State ConcreteID = SC11x5t1p56c2124215755 AbstractID = SRub2e3z54e2433647125
 ConcreteID CUSTOM = SCl5c0i65783323056684 AbstractID CUSTOM = SA17tpdpu5662253979249

	ROLE = LeftClickAt
	TARGET =
		WIDGET = WC1n98eey23743137595, WR10fgh33101836453781, WT10fgh33101836453781, WPr1hwi01f3737083353
		ROLE = UIACustomControl
		TITLE = 
		SHAPE = Rect [x:252.0 y:394.0 w:394.0 h:361.0]
		CHILDREN = 3
		PATH = [0, 0, 1, 0, 0]
	DESCRIPTION = Left Click at ''
	TEXT = Compound Action =
		Move mouse to (449.0, 574.5).
		Press Mouse Button BUTTON1
		Release Mouse Button BUTTON1

ExecutedAction [84]: 
 @Action ConcreteID = AC1vksu3f7e3021909558 AbstractID = AA1vksu3f7e3021909558
 ConcreteID CUSTOM = ConcreteID CUSTOM not available AbstractID CUSTOM = AA427mmp7e1289195630
 @State ConcreteID = SC1j485kc50a35563360 AbstractID = SRp2mmls4eb1947782464
 ConcreteID CUSTOM = SC12d4ftj5162681309153 AbstractID CUSTOM = SA351vdo502152840732

	ROLE = LeftClickAt
	TARGET =
		WIDGET = WC16jbmgw1a1935031698, WR10fgh33101836453781, WT10fgh33101836453781, WP1guga9e162215790620
		ROLE = UIACustomControl
		TITLE = 
		SHAPE = Rect [x:660.0 y:391.0 w:485.0 h:90.0]
		CHILDREN = 3
		PATH = [0, 3]
	DESCRIPTION = Left Click at ''
	TEXT = Compound Action =
		Move mouse to (902.5, 436.0).
		Press Mouse Button BUTTON1
		Release Mouse Button BUTTON1

ExecutedAction [85]: 
 @Action ConcreteID = ACrzlta07e3981597106 AbstractID = AArzlta07e3981597106
 ConcreteID CUSTOM = ConcreteID CUSTOM not available AbstractID CUSTOM = AAzi4nse7e362506218
 @State ConcreteID = SC1j485kc50a35563360 AbstractID = SRp2mmls4eb1947782464
 ConcreteID CUSTOM = SC12d4ftj5162681309153 AbstractID CUSTOM = SA351vdo502152840732

	ROLE = LeftClickAt
	TARGET =
		WIDGET = WC11866p7221380889474, WR17v7k2nb1067391859, WT1y895rf152412617792, WP15p11o91e1057977303
		ROLE = UIAMenuItem
		TITLE = View Alt+i
		SHAPE = Rect [x:972.0 y:370.0 w:41.0 h:20.0]
		CHILDREN = 0
		PATH = [0, 2, 6]
	DESCRIPTION = Left Click at 'View Alt+i'
	TEXT = Compound Action =
		Move mouse to (992.5, 380.0).
		Press Mouse Button BUTTON1
		Release Mouse Button BUTTON1

ExecutedAction [86]: 
 @Action ConcreteID = ACo3kbrz802922274325 AbstractID = AAo3kbrz802922274325
 ConcreteID CUSTOM = ConcreteID CUSTOM not available AbstractID CUSTOM = AAgqxt4r7e2048942354
 @State ConcreteID = SC1r04mpq6362476485036 AbstractID = SR1crna6p6163577835264
 ConcreteID CUSTOM = SC182akkd6472873824710 AbstractID CUSTOM = SAtsvh5962b967575814

	ROLE = LeftClickAt
	TARGET =
		WIDGET = WCqqe6m232677147213, WR1cs7rxoa2579320938, WTqnwiqj193662825705, WPor7vig2e183522680
		ROLE = UIASpinner
		TITLE = Subtitles/Video
		SHAPE = Rect [x:452.0 y:716.0 w:175.0 h:20.0]
		CHILDREN = 0
		PATH = [0, 0, 1, 0, 0, 1, 5]
	DESCRIPTION = Left Click at 'Subtitles/Video'
	TEXT = Compound Action =
		Move mouse to (539.5, 726.0).
		Press Mouse Button BUTTON1
		Release Mouse Button BUTTON1

ExecutedAction [87]: 
 @Action ConcreteID = AC1xzeo8w7e1903606852 AbstractID = AA1xzeo8w7e1903606852
 ConcreteID CUSTOM = ConcreteID CUSTOM not available AbstractID CUSTOM = AA6gtgs67e2311029276
 @State ConcreteID = SC1j485kc50a35563360 AbstractID = SRp2mmls4eb1947782464
 ConcreteID CUSTOM = SC12d4ftj5162681309153 AbstractID CUSTOM = SA351vdo502152840732

	ROLE = LeftClickAt
	TARGET =
		WIDGET = WC1kvrl6f241272811682, WR1h6ibpb92248851252, WTfj8swh143379978768, WP12mswrt201811755996
		ROLE = UIAButton
		TITLE = Close Enter
		SHAPE = Rect [x:575.0 y:762.0 w:75.0 h:23.0]
		CHILDREN = 0
		PATH = [0, 0, 2, 0]
	DESCRIPTION = Left Click at 'Close Enter'
	TEXT = Compound Action =
		Move mouse to (612.5, 773.5).
		Press Mouse Button BUTTON1
		Release Mouse Button BUTTON1

ExecutedAction [88]: 
 @Action ConcreteID = AC1tt59ix7f2254610850 AbstractID = AA1tt59ix7f2254610850
 ConcreteID CUSTOM = ConcreteID CUSTOM not available AbstractID CUSTOM = AA47hbpe7f2034902776
 @State ConcreteID = SCuyuhmv2ed1671011042 AbstractID = SRrwz38n2e02745166178
 ConcreteID CUSTOM = SCilua512e62032480990 AbstractID CUSTOM = SA66n57f2eb1498926942

	ROLE = LeftClickAt
	TARGET =
		WIDGET = WC1fbb2e920939640774, WR10fgh33101836453781, WT10fgh33101836453781, WPdopdxv1c2306111470
		ROLE = UIACustomControl
		TITLE = 
		SHAPE = Rect [x:660.0 y:391.0 w:485.0 h:30.0]
		CHILDREN = 0
		PATH = [0, 2, 0, 0]
	DESCRIPTION = Left Click at ''
	TEXT = Compound Action =
		Move mouse to (902.5, 406.0).
		Press Mouse Button BUTTON1
		Release Mouse Button BUTTON1

ExecutedAction [89]: 
 @Action ConcreteID = ACzuir2s7f1831470308 AbstractID = AAzuir2s7f1831470308
 ConcreteID CUSTOM = ConcreteID CUSTOM not available AbstractID CUSTOM = AA199yv8d7f2449638334
 @State ConcreteID = SCuyuhmv2ed1671011042 AbstractID = SRrwz38n2e02745166178
 ConcreteID CUSTOM = SCilua512e62032480990 AbstractID CUSTOM = SA66n57f2eb1498926942

	ROLE = LeftClickAt
	TARGET =
		WIDGET = WCkthkjg1d3961490386, WR10fgh33101836453781, WT10fgh33101836453781, WP34gkui19609072533
		ROLE = UIACustomControl
		TITLE = 
		SHAPE = Rect [x:660.0 y:421.0 w:485.0 h:26.0]
		CHILDREN = 3
		PATH = [0, 2, 1]
	DESCRIPTION = Left Click at ''
	TEXT = Compound Action =
		Move mouse to (902.5, 434.0).
		Press Mouse Button BUTTON1
		Release Mouse Button BUTTON1

ExecutedAction [90]: 
 @Action ConcreteID = AC1t7fdwe804058501648 AbstractID = AA1t7fdwe804058501648
 ConcreteID CUSTOM = ConcreteID CUSTOM not available AbstractID CUSTOM = AA2cqotx802057716349
 @State ConcreteID = SCuyuhmv2ed1671011042 AbstractID = SRrwz38n2e02745166178
 ConcreteID CUSTOM = SCilua512e62032480990 AbstractID CUSTOM = SA66n57f2eb1498926942

	ROLE = LeftClickAt
	TARGET =
		WIDGET = WCig1ffy22236015574, WR17v7k2nb1067391859, WT1e6tvxi153323975668, WP1lxqkho1e3332536470
		ROLE = UIAMenuItem
		TITLE = Help Alt+H
		SHAPE = Rect [x:1013.0 y:370.0 w:42.0 h:20.0]
		CHILDREN = 0
		PATH = [0, 1, 7]
	DESCRIPTION = Left Click at 'Help Alt+H'
	TEXT = Compound Action =
		Move mouse to (1034.0, 380.0).
		Press Mouse Button BUTTON1
		Release Mouse Button BUTTON1

ExecutedAction [91]: 
 @Action ConcreteID = AC16abijb804011482418 AbstractID = AA16abijb804011482418
 ConcreteID CUSTOM = ConcreteID CUSTOM not available AbstractID CUSTOM = AAvj57l3804219115022
 @State ConcreteID = SC1p00f8234f3394638113 AbstractID = SRtt96ho3433248047772
 ConcreteID CUSTOM = SC11svhps3483043115949 AbstractID CUSTOM = SA1jabezf34f3086789404

	ROLE = LeftClickAt
	TARGET =
		WIDGET = WC1ulc3am262005825686, WR17v7k2nb1067391859, WTpcm71l192027518401, WPtkzlz0223118695362
		ROLE = UIAMenuItem
		TITLE = Subtitle Alt+t
		SHAPE = Rect [x:870.0 y:370.0 w:57.0 h:20.0]
		CHILDREN = 0
		PATH = [0, 1, 4]
	DESCRIPTION = Left Click at 'Subtitle Alt+t'
	TEXT = Compound Action =
		Move mouse to (898.5, 380.0).
		Press Mouse Button BUTTON1
		Release Mouse Button BUTTON1

ExecutedAction [92]: 
 @Action ConcreteID = ACh97mxo7f1727580887 AbstractID = AAh97mxo7f1727580887
 ConcreteID CUSTOM = ConcreteID CUSTOM not available AbstractID CUSTOM = AAqonr397f2580565389
 @State ConcreteID = SCuyuhmv2ed1671011042 AbstractID = SRrwz38n2e02745166178
 ConcreteID CUSTOM = SCilua512e62032480990 AbstractID CUSTOM = SA66n57f2eb1498926942

	ROLE = LeftClickAt
	TARGET =
		WIDGET = WCsnsigw192276258709, WR1h6ibpb92248851252, WT1h6ibpb92248851252, WP8rujqq15811043737
		ROLE = UIAButton
		TITLE = 
		SHAPE = Rect [x:707.0 y:451.0 w:26.0 h:26.0]
		CHILDREN = 0
		PATH = [0, 2, 2, 3]
	DESCRIPTION = Left Click at ''
	TEXT = Compound Action =
		Move mouse to (720.0, 464.0).
		Press Mouse Button BUTTON1
		Release Mouse Button BUTTON1

ExecutedAction [93]: 
 @Action ConcreteID = AC1t7fdwe804058501648 AbstractID = AA1t7fdwe804058501648
 ConcreteID CUSTOM = ConcreteID CUSTOM not available AbstractID CUSTOM = AA2cqotx802057716349
 @State ConcreteID = SCuyuhmv2ed1671011042 AbstractID = SRrwz38n2e02745166178
 ConcreteID CUSTOM = SCilua512e62032480990 AbstractID CUSTOM = SA66n57f2eb1498926942

	ROLE = LeftClickAt
	TARGET =
		WIDGET = WCig1ffy22236015574, WR17v7k2nb1067391859, WT1e6tvxi153323975668, WP1lxqkho1e3332536470
		ROLE = UIAMenuItem
		TITLE = Help Alt+H
		SHAPE = Rect [x:1013.0 y:370.0 w:42.0 h:20.0]
		CHILDREN = 0
		PATH = [0, 1, 7]
	DESCRIPTION = Left Click at 'Help Alt+H'
	TEXT = Compound Action =
		Move mouse to (1034.0, 380.0).
		Press Mouse Button BUTTON1
		Release Mouse Button BUTTON1

ExecutedAction [94]: 
 @Action ConcreteID = AC16abijb804011482418 AbstractID = AA16abijb804011482418
 ConcreteID CUSTOM = ConcreteID CUSTOM not available AbstractID CUSTOM = AAvj57l3804219115022
 @State ConcreteID = SC1p00f8234f3394638113 AbstractID = SRtt96ho3433248047772
 ConcreteID CUSTOM = SC11svhps3483043115949 AbstractID CUSTOM = SA1jabezf34f3086789404

	ROLE = LeftClickAt
	TARGET =
		WIDGET = WC1ulc3am262005825686, WR17v7k2nb1067391859, WTpcm71l192027518401, WPtkzlz0223118695362
		ROLE = UIAMenuItem
		TITLE = Subtitle Alt+t
		SHAPE = Rect [x:870.0 y:370.0 w:57.0 h:20.0]
		CHILDREN = 0
		PATH = [0, 1, 4]
	DESCRIPTION = Left Click at 'Subtitle Alt+t'
	TEXT = Compound Action =
		Move mouse to (898.5, 380.0).
		Press Mouse Button BUTTON1
		Release Mouse Button BUTTON1

ExecutedAction [95]: 
 @Action ConcreteID = AC3clmjb7f3156185218 AbstractID = AA3clmjb7f3156185218
 ConcreteID CUSTOM = ConcreteID CUSTOM not available AbstractID CUSTOM = AAcs1qow7f1127684056
 @State ConcreteID = SCuyuhmv2ed1671011042 AbstractID = SRrwz38n2e02745166178
 ConcreteID CUSTOM = SCilua512e62032480990 AbstractID CUSTOM = SA66n57f2eb1498926942

	ROLE = LeftClickAt
	TARGET =
		WIDGET = WCv2iyh7231187149563, WR17v7k2nb1067391859, WT12et6eo161830467638, WP186y9jt1f939178242
		ROLE = UIAMenuItem
		TITLE = Media Alt+M
		SHAPE = Rect [x:660.0 y:370.0 w:50.0 h:20.0]
		CHILDREN = 0
		PATH = [0, 1, 0]
	DESCRIPTION = Left Click at 'Media Alt+M'
	TEXT = Compound Action =
		Move mouse to (685.0, 380.0).
		Press Mouse Button BUTTON1
		Release Mouse Button BUTTON1

ExecutedAction [96]: 
 @Action ConcreteID = AC1g2hi2u7f23235288 AbstractID = AA1g2hi2u7f23235288
 ConcreteID CUSTOM = ConcreteID CUSTOM not available AbstractID CUSTOM = AAoqvjm1803202565397
 @State ConcreteID = SC10pwf0y42d432121721 AbstractID = SR18q15hk41f343873901
 ConcreteID CUSTOM = SC1sgaqao4272713786576 AbstractID CUSTOM = SA1t6oovx4271585827999

	ROLE = LeftClickAt
	TARGET =
		WIDGET = WC14be3lw2c3295589572, WR17v7k2nb1067391859, WTgu98jq223603722422, WP1d8u8xi282623544097
		ROLE = UIAMenuItem
		TITLE = Open Recent Media Alt+R
		SHAPE = Rect [x:663.0 y:547.0 w:310.0 h:22.0]
		CHILDREN = 0
		PATH = [1, 7]
	DESCRIPTION = Left Click at 'Open Recent Media Alt+R'
	TEXT = Compound Action =
		Move mouse to (818.0, 558.0).
		Press Mouse Button BUTTON1
		Release Mouse Button BUTTON1

ExecutedAction [97]: 
 @Action ConcreteID = AC16h3dec813488701253 AbstractID = AA16h3dec813488701253
 ConcreteID CUSTOM = ConcreteID CUSTOM not available AbstractID CUSTOM = AA151guh5813728891268
 @State ConcreteID = SC1wrvpcr5343293733242 AbstractID = SRdi22f5224183254222
 ConcreteID CUSTOM = SCn1o6bn5321992764152 AbstractID CUSTOM = SA1ik8zll5324077388646

	ROLE = LeftClickAt
	TARGET =
		WIDGET = WCybbknz4d3573258266, WR17v7k2nb1067391859, WT1q9c4pq432343056005, WP1xj751t492567676142
		ROLE = UIAMenuItem
		TITLE = 6: dvd:///C:/Users/guyth/Desktop/testar/tYSON gAY Ctrl+6
		SHAPE = Rect [x:973.0 y:660.0 w:529.0 h:22.0]
		CHILDREN = 0
		PATH = [2, 5]
	DESCRIPTION = Left Click at '6: dvd:///C:/Users/guyth/Desktop/testar/tYSON gAY Ctrl+6'
	TEXT = Compound Action =
		Move mouse to (1237.5, 671.0).
		Press Mouse Button BUTTON1
		Release Mouse Button BUTTON1

Detected fault: severity: 9.0E-8 info: Discovered suspicious widget title: 'Errors'.
ExecutedAction [98]: 
 @Action ConcreteID = AC1nma3cn7f3315177407 AbstractID = AA1nma3cn7f3315177407
 ConcreteID CUSTOM = ConcreteID CUSTOM not available AbstractID CUSTOM = AAbo9iy280922497852
 @State ConcreteID = SCauxpva3f13657203403 AbstractID = SR1nvmwn73de589693780
 ConcreteID CUSTOM = SC1r9nvrr3fe3209968017 AbstractID CUSTOM = SA1h23x0q3e72042216538

	ROLE = LeftClickAt
	TARGET =
		WIDGET = WCv32r2k2323202859, WR17v7k2nb1067391859, WT12et6eo161830467638, WP187i2561f1884996562
		ROLE = UIAMenuItem
		TITLE = Media Alt+M
		SHAPE = Rect [x:660.0 y:370.0 w:50.0 h:20.0]
		CHILDREN = 0
		PATH = [0, 2, 0]
	DESCRIPTION = Left Click at 'Media Alt+M'
	TEXT = Compound Action =
		Move mouse to (685.0, 380.0).
		Press Mouse Button BUTTON1
		Release Mouse Button BUTTON1

Detected fault: severity: 9.0E-8 info: Discovered suspicious widget title: 'Errors'.
ExecutedAction [99]: 
 @Action ConcreteID = AC1iavxee7f1170062640 AbstractID = AA1iavxee7f1170062640
 ConcreteID CUSTOM = ConcreteID CUSTOM not available AbstractID CUSTOM = AA6cvczt803067615667
 @State ConcreteID = SCauxpva3f13657203403 AbstractID = SR1nvmwn73de589693780
 ConcreteID CUSTOM = SC1r9nvrr3fe3209968017 AbstractID CUSTOM = SA1h23x0q3e72042216538

	ROLE = LeftClickAt
	TARGET =
		WIDGET = WC1lhezmj19795489807, WR1h6ibpb92248851252, WT1h6ibpb92248851252, WP11lh0wd152559659523
		ROLE = UIAButton
		TITLE = 
		SHAPE = Rect [x:823.0 y:451.0 w:26.0 h:26.0]
		CHILDREN = 0
		PATH = [0, 3, 2, 7]
	DESCRIPTION = Left Click at ''
	TEXT = Compound Action =
		Move mouse to (836.0, 464.0).
		Press Mouse Button BUTTON1
		Release Mouse Button BUTTON1

Detected fault: severity: 9.0E-8 info: Discovered suspicious widget title: 'Errors'.
ExecutedAction [100]: 
 @Action ConcreteID = AC1jyg8yl7f1006928169 AbstractID = AA1jyg8yl7f1006928169
 ConcreteID CUSTOM = ConcreteID CUSTOM not available AbstractID CUSTOM = AA80fok0803479250346
 @State ConcreteID = SCauxpva3f13657203403 AbstractID = SR1nvmwn73de589693780
 ConcreteID CUSTOM = SC1r9nvrr3fe3209968017 AbstractID CUSTOM = SA1h23x0q3e72042216538

	ROLE = LeftClickAt
	TARGET =
		WIDGET = WC11uh6f12a384878162, WR88rmk0b1934231702, WT1e6lp961d1684350887, WPsype2z26936821339
		ROLE = UIACheckBox
		TITLE = Hide future errors
		SHAPE = Rect [x:663.0 y:544.0 w:47.0 h:17.0]
		CHILDREN = 0
		PATH = [0, 0, 3]
	DESCRIPTION = Left Click at 'Hide future errors'
	TEXT = Compound Action =
		Move mouse to (686.5, 552.5).
		Press Mouse Button BUTTON1
		Release Mouse Button BUTTON1

Sequence 1 finished.
Sequence contained faults!
Copying generated sequence ("sequence2044") to output directory...
Copying classified sequence ("sequence2044") to sequences_suspicioustitle folder...
