Starting sequence 1 (output as: sequence1390)

ExecutedAction [1]: 
 @Action ConcreteID = AC1e74jjk803783310634 AbstractID = AA1e74jjk803783310634
 ConcreteID CUSTOM = ConcreteID CUSTOM not available AbstractID CUSTOM = AA1epuldy801935360861
 @State ConcreteID = SC1nc411o4961529421974 AbstractID = SRx1ik4a474333690124
 ConcreteID CUSTOM = SC1n8pk4e495298478986 AbstractID CUSTOM = SA12laes84902498637855

	ROLE = LeftClickAt
	TARGET =
		WIDGET = WCsnsiim193522581523, WR1h6ibpb92248851252, WT1h6ibpb92248851252, WP8rujsg151712139295
		ROLE = UIAButton
		TITLE = 
		SHAPE = Rect [x:759.0 y:760.0 w:26.0 h:26.0]
		CHILDREN = 0
		PATH = [0, 2, 2, 5]
	DESCRIPTION = Left Click at ''
	TEXT = Compound Action =
		Move mouse to (772.0, 773.0).
		Press Mouse Button BUTTON1
		Release Mouse Button BUTTON1

ExecutedAction [2]: 
 @Action ConcreteID = AC1p1lndz802433711318 AbstractID = AA1p1lndz802433711318
 ConcreteID CUSTOM = ConcreteID CUSTOM not available AbstractID CUSTOM = AA1pkbp8d8064258721
 @State ConcreteID = SC1nc411o4961529421974 AbstractID = SRx1ik4a474333690124
 ConcreteID CUSTOM = SC1n8pk4e495298478986 AbstractID CUSTOM = SA12laes84902498637855

	ROLE = LeftClickAt
	TARGET =
		WIDGET = WC1ulc3am262005825686, WR17v7k2nb1067391859, WTpcm71l192027518401, WPtkzlz0223118695362
		ROLE = UIAMenuItem
		TITLE = Subtitle Alt+t
		SHAPE = Rect [x:866.0 y:370.0 w:56.0 h:20.0]
		CHILDREN = 0
		PATH = [0, 1, 4]
	DESCRIPTION = Left Click at 'Subtitle Alt+t'
	TEXT = Compound Action =
		Move mouse to (894.0, 380.0).
		Press Mouse Button BUTTON1
		Release Mouse Button BUTTON1

ExecutedAction [3]: 
 @Action ConcreteID = ACv3ty947f3700692891 AbstractID = AAv3ty947f3700692891
 ConcreteID CUSTOM = ConcreteID CUSTOM not available AbstractID CUSTOM = AAtwulvk801057665903
 @State ConcreteID = SCsrnkwr4d23027281739 AbstractID = SR1bssthd4af4070864674
 ConcreteID CUSTOM = SCjvpltw4d13733213086 AbstractID CUSTOM = SA1db9m964cb1988601731

	ROLE = LeftClickAt
	TARGET =
		WIDGET = WCsnsikc193821024913, WR1h6ibpb92248851252, WT1h6ibpb92248851252, WP8ruju6151413172893
		ROLE = UIAButton
		TITLE = 
		SHAPE = Rect [x:823.0 y:760.0 w:26.0 h:26.0]
		CHILDREN = 0
		PATH = [0, 2, 2, 7]
	DESCRIPTION = Left Click at ''
	TEXT = Compound Action =
		Move mouse to (836.0, 773.0).
		Press Mouse Button BUTTON1
		Release Mouse Button BUTTON1

ExecutedAction [4]: 
 @Action ConcreteID = AC1gz1at97f2263807018 AbstractID = AA1gz1at97f2263807018
 ConcreteID CUSTOM = ConcreteID CUSTOM not available AbstractID CUSTOM = AA1qeheyu7f2043048816
 @State ConcreteID = SCuyuhmv2ed1671011042 AbstractID = SRrwz38n2e02745166178
 ConcreteID CUSTOM = SCilua512e62032480990 AbstractID CUSTOM = SA66n57f2eb1498926942

	ROLE = LeftClickAt
	TARGET =
		WIDGET = WCsnsil7191683499614, WR1h6ibpb92248851252, WT1h6ibpb92248851252, WP8rujv1153550696018
		ROLE = UIAButton
		TITLE = 
		SHAPE = Rect [x:849.0 y:451.0 w:26.0 h:26.0]
		CHILDREN = 0
		PATH = [0, 2, 2, 8]
	DESCRIPTION = Left Click at ''
	TEXT = Compound Action =
		Move mouse to (862.0, 464.0).
		Press Mouse Button BUTTON1
		Release Mouse Button BUTTON1

ExecutedAction [5]: 
 @Action ConcreteID = ACqqjzvr7f2708939686 AbstractID = AAqqjzvr7f2708939686
 ConcreteID CUSTOM = ConcreteID CUSTOM not available AbstractID CUSTOM = AAiege8t802883509292
 @State ConcreteID = SC19r8yws795222797174 AbstractID = SR4xt67l75f2930513966
 ConcreteID CUSTOM = SC1ee3edn7b21901514642 AbstractID CUSTOM = SA1jm3rni7a21371765722

	ROLE = LeftClickAt
	TARGET =
		WIDGET = WCydso8g2b2233273822, WR1p34e3y91942684430, WT1p34e3y91942684430, WP1oepz8i27741266446
		ROLE = UIASlider
		TITLE = 
		SHAPE = Rect [x:414.0 y:471.0 w:27.0 h:225.0]
		CHILDREN = 0
		PATH = [0, 0, 1, 0, 0, 0, 0, 0, 6, 9]
	DESCRIPTION = Left Click at ''
	TEXT = Compound Action =
		Move mouse to (427.5, 583.5).
		Press Mouse Button BUTTON1
		Release Mouse Button BUTTON1

ExecutedAction [6]: 
 @Action ConcreteID = AC1qhrpqp7f3708912252 AbstractID = AA1qhrpqp7f3708912252
 ConcreteID CUSTOM = ConcreteID CUSTOM not available AbstractID CUSTOM = AA1i5o43r803619192310
 @State ConcreteID = SC19r8yws795222797174 AbstractID = SR4xt67l75f2930513966
 ConcreteID CUSTOM = SC1ee3edn7b21901514642 AbstractID CUSTOM = SA1jm3rni7a21371765722

	ROLE = LeftClickAt
	TARGET =
		WIDGET = WC1d5m79h302986083547, WR1k8fo0ra1109144095, WT6q4ghs144174538512, WP1k24m9j2c793105210
		ROLE = UIATabItem
		TITLE = Compressor
		SHAPE = Rect [x:328.0 y:403.0 w:81.0 h:21.0]
		CHILDREN = 0
		PATH = [0, 0, 1, 0, 0, 0, 1, 1]
	DESCRIPTION = Left Click at 'Compressor'
	TEXT = Compound Action =
		Move mouse to (368.5, 413.5).
		Press Mouse Button BUTTON1
		Release Mouse Button BUTTON1

ExecutedAction [7]: 
 @Action ConcreteID = ACmb0w0n7f3333204716 AbstractID = AAmb0w0n7f3333204716
 ConcreteID CUSTOM = ConcreteID CUSTOM not available AbstractID CUSTOM = AAjx5rkw7f134043409
 @State ConcreteID = SC1omytbm661319086556 AbstractID = SR1hy3xc8631703498369
 ConcreteID CUSTOM = SCwdn8lu66e2726983907 AbstractID CUSTOM = SAiy9x8965d2017609048

	ROLE = LeftClickAt
	TARGET =
		WIDGET = WCudm5vj2e1662650780, WR1k8fo0ra1109144095, WT1u6eeu5122310558738, WP1ennb5d2a2628714310
		ROLE = UIATabItem
		TITLE = Advanced
		SHAPE = Rect [x:581.0 y:403.0 w:72.0 h:21.0]
		CHILDREN = 0
		PATH = [0, 0, 1, 0, 0, 0, 1, 4]
	DESCRIPTION = Left Click at 'Advanced'
	TEXT = Compound Action =
		Move mouse to (617.0, 413.5).
		Press Mouse Button BUTTON1
		Release Mouse Button BUTTON1

ExecutedAction [8]: 
 @Action ConcreteID = AC14ie234801993370111 AbstractID = AA14ie234801993370111
 ConcreteID CUSTOM = ConcreteID CUSTOM not available AbstractID CUSTOM = AAupmprq7f3392755750
 @State ConcreteID = SC1gbwa6050c1632652928 AbstractID = SR1tmk5924f61878647202
 ConcreteID CUSTOM = SCpvusjl5153453152412 AbstractID CUSTOM = SA1rz8s95044140448975

	ROLE = LeftClickAt
	TARGET =
		WIDGET = WCoa5w6c233122696270, WR17v7k2nb1067391859, WT1faw5jq16422026351, WPzrter61f3097932180
		ROLE = UIAMenuItem
		TITLE = Audio Alt+A
		SHAPE = Rect [x:772.0 y:370.0 w:48.0 h:20.0]
		CHILDREN = 0
		PATH = [0, 2, 2]
	DESCRIPTION = Left Click at 'Audio Alt+A'
	TEXT = Compound Action =
		Move mouse to (796.0, 380.0).
		Press Mouse Button BUTTON1
		Release Mouse Button BUTTON1

ExecutedAction [9]: 
 @Action ConcreteID = ACmkmm1c7e2971534343 AbstractID = AAmkmm1c7e2971534343
 ConcreteID CUSTOM = ConcreteID CUSTOM not available AbstractID CUSTOM = AA1aq8wz67f4181288058
 @State ConcreteID = SC1go9i95d2189362132 AbstractID = SR176twbj5bd2422922683
 ConcreteID CUSTOM = SC1qayo215d9615755620 AbstractID CUSTOM = SAv5jg6t5cb3984664305

	ROLE = LeftClickAt
	TARGET =
		WIDGET = WCudm5vj2e1662650780, WR1k8fo0ra1109144095, WT1u6eeu5122310558738, WP1ennb5d2a2628714310
		ROLE = UIATabItem
		TITLE = Advanced
		SHAPE = Rect [x:581.0 y:403.0 w:72.0 h:21.0]
		CHILDREN = 0
		PATH = [0, 0, 1, 0, 0, 0, 1, 4]
	DESCRIPTION = Left Click at 'Advanced'
	TEXT = Compound Action =
		Move mouse to (617.0, 413.5).
		Press Mouse Button BUTTON1
		Release Mouse Button BUTTON1

ExecutedAction [10]: 
 @Action ConcreteID = AC21szmh802237607799 AbstractID = AA21szmh802237607799
 ConcreteID CUSTOM = ConcreteID CUSTOM not available AbstractID CUSTOM = AA1ra5pa77f968236718
 @State ConcreteID = SC1gbwa6050c1632652928 AbstractID = SR1tmk5924f61878647202
 ConcreteID CUSTOM = SCpvusjl5153453152412 AbstractID CUSTOM = SA1rz8s95044140448975

	ROLE = LeftClickAt
	TARGET =
		WIDGET = WC1lhezkt19492590221, WR1h6ibpb92248851252, WT1h6ibpb92248851252, WP11lh0un152863082625
		ROLE = UIAButton
		TITLE = 
		SHAPE = Rect [x:759.0 y:451.0 w:26.0 h:26.0]
		CHILDREN = 0
		PATH = [0, 3, 2, 5]
	DESCRIPTION = Left Click at ''
	TEXT = Compound Action =
		Move mouse to (772.0, 464.0).
		Press Mouse Button BUTTON1
		Release Mouse Button BUTTON1

ExecutedAction [11]: 
 @Action ConcreteID = AC1euxije802525319956 AbstractID = AA1euxije802525319956
 ConcreteID CUSTOM = ConcreteID CUSTOM not available AbstractID CUSTOM = AA15266807f711746253
 @State ConcreteID = SC1gbwa6050c1632652928 AbstractID = SR1tmk5924f61878647202
 ConcreteID CUSTOM = SCpvusjl5153453152412 AbstractID CUSTOM = SA1rz8s95044140448975

	ROLE = LeftClickAt
	TARGET =
		WIDGET = WC1d5m79h302986083547, WR1k8fo0ra1109144095, WT6q4ghs144174538512, WP1k24m9j2c793105210
		ROLE = UIATabItem
		TITLE = Compressor
		SHAPE = Rect [x:328.0 y:403.0 w:81.0 h:21.0]
		CHILDREN = 0
		PATH = [0, 0, 1, 0, 0, 0, 1, 1]
	DESCRIPTION = Left Click at 'Compressor'
	TEXT = Compound Action =
		Move mouse to (368.5, 413.5).
		Press Mouse Button BUTTON1
		Release Mouse Button BUTTON1

ExecutedAction [12]: 
 @Action ConcreteID = AC1tgst2x7f1874357377 AbstractID = AA1tgst2x7f1874357377
 ConcreteID CUSTOM = ConcreteID CUSTOM not available AbstractID CUSTOM = AA1r2xon67f2934542716
 @State ConcreteID = SC1omytbm661319086556 AbstractID = SR1hy3xc8631703498369
 ConcreteID CUSTOM = SCwdn8lu66e2726983907 AbstractID CUSTOM = SAiy9x8965d2017609048

	ROLE = LeftClickAt
	TARGET =
		WIDGET = WC3ov4pj2a1543854926, WR1k8fo0ra1109144095, WTip8fqa174052975287, WP1yyvwf9262005146579
		ROLE = UIATabItem
		TITLE = Video Effects
		SHAPE = Rect [x:338.0 y:372.0 w:87.0 h:21.0]
		CHILDREN = 0
		PATH = [0, 0, 1, 1, 1]
	DESCRIPTION = Left Click at 'Video Effects'
	TEXT = Compound Action =
		Move mouse to (381.5, 382.5).
		Press Mouse Button BUTTON1
		Release Mouse Button BUTTON1

ExecutedAction [13]: 
 @Action ConcreteID = AC12rmt7f801159985057 AbstractID = AA12rmt7f801159985057
 ConcreteID CUSTOM = ConcreteID CUSTOM not available AbstractID CUSTOM = AA13i6l3l80712834743
 @State ConcreteID = SC1ob795c6581465150632 AbstractID = SRub0jw465b4149366454
 ConcreteID CUSTOM = SCg5c57566f3545858192 AbstractID CUSTOM = SA1utk4ql65c1077248494

	ROLE = LeftClickAt
	TARGET =
		WIDGET = WC1fc4x4e391749473311, WR88rmk0b1934231702, WTuh4wnd1a3624492292, WP1ofdo58351799442439
		ROLE = UIACheckBox
		TITLE = Banding removal
		SHAPE = Rect [x:477.0 y:535.0 w:171.0 h:96.0]
		CHILDREN = 2
		PATH = [0, 0, 1, 0, 0, 0, 0, 0, 2]
	DESCRIPTION = Left Click at 'Banding removal'
	TEXT = Compound Action =
		Move mouse to (562.5, 583.0).
		Press Mouse Button BUTTON1
		Release Mouse Button BUTTON1

ExecutedAction [14]: 
 @Action ConcreteID = AC14atg6n802478760477 AbstractID = AA14atg6n802478760477
 ConcreteID CUSTOM = ConcreteID CUSTOM not available AbstractID CUSTOM = AA151d82t804242664203
 @State ConcreteID = SC1ob795c6581465150632 AbstractID = SRub0jw465b4149366454
 ConcreteID CUSTOM = SCg5c57566f3545858192 AbstractID CUSTOM = SA1utk4ql65c1077248494

	ROLE = LeftClickAt
	TARGET =
		WIDGET = WC1wrqmi2234196699901, WR17v7k2nb1067391859, WTwtxn65161410781764, WPzqtl881f1988517030
		ROLE = UIAMenuItem
		TITLE = Tools Alt+s
		SHAPE = Rect [x:922.0 y:370.0 w:43.0 h:20.0]
		CHILDREN = 0
		PATH = [0, 2, 5]
	DESCRIPTION = Left Click at 'Tools Alt+s'
	TEXT = Compound Action =
		Move mouse to (943.5, 380.0).
		Press Mouse Button BUTTON1
		Release Mouse Button BUTTON1

ExecutedAction [15]: 
 @Action ConcreteID = ACvlf7ms801769202754 AbstractID = AAvlf7ms801769202754
 ConcreteID CUSTOM = ConcreteID CUSTOM not available AbstractID CUSTOM = AAhai0oe7f3462635394
 @State ConcreteID = SC14cgyek747589685453 AbstractID = SRooqofp74a3405132308
 ConcreteID CUSTOM = SC1a3wn137611116752686 AbstractID CUSTOM = SAa3r9zm749501260331

	ROLE = LeftClickAt
	TARGET =
		WIDGET = WC195wtvf2d3574304775, WR17v7k2nb1067391859, WT750jko233243750048, WP1l67ewd293563415049
		ROLE = UIAMenuItem
		TITLE = Media Information Ctrl+I
		SHAPE = Rect [x:925.0 y:437.0 w:257.0 h:22.0]
		CHILDREN = 0
		PATH = [1, 2]
	DESCRIPTION = Left Click at 'Media Information Ctrl+I'
	TEXT = Compound Action =
		Move mouse to (1053.5, 448.0).
		Press Mouse Button BUTTON1
		Release Mouse Button BUTTON1

ExecutedAction [16]: 
 @Action ConcreteID = AChn9yuie94027826811 AbstractID = AA1201z01d52559037104
 ConcreteID CUSTOM = ConcreteID CUSTOM not available AbstractID CUSTOM = AAvecgqcd61091538251
 @State ConcreteID = SCfbc7bxa083394926974 AbstractID = SR91318c9d93191136285
 ConcreteID CUSTOM = SC1h57jdya252800449677 AbstractID CUSTOM = SA1hz8w3ra1a1967687008

	ROLE = ClickTypeInto
	TARGET =
		WIDGET = WCnggn5x1b1844762779, WR4n0dlj72701565195, WT4n0dlj72701565195, WPoyl54n172728000917
		ROLE = UIAEdit
		TITLE = 
		SHAPE = Rect [x:1172.0 y:494.0 w:64.0 h:20.0]
		CHILDREN = 0
		PATH = [1, 1, 0, 0, 13]
	DESCRIPTION = Type '(??????? ???' into '
	TEXT = Compound Action =
		Compound Action =
		Move mouse to (1204.0, 504.0).
		Press Mouse Button BUTTON1
		Release Mouse Button BUTTON1
		Press Key 17
		Press Key 65
		Release Key 65
		Release Key 17
		Type text '(??????? ???'

ExecutedAction [17]: 
 @Action ConcreteID = AC1khw88881271899993 AbstractID = AA1khw88881271899993
 ConcreteID CUSTOM = ConcreteID CUSTOM not available AbstractID CUSTOM = AA13mz4hu8064457332
 @State ConcreteID = SC191pnnva1d2007412301 AbstractID = SR3kf3ph9ed2301824000
 ConcreteID CUSTOM = SCxpkctza3a672642158 AbstractID CUSTOM = SArl7xuia2f1871159627

	ROLE = LeftClickAt
	TARGET =
		WIDGET = WC1b8yprg1c1241856940, WR1p34e3y91942684430, WT1p34e3y91942684430, WPgzsjzu18725337081
		ROLE = UIASlider
		TITLE = 
		SHAPE = Rect [x:1047.0 y:454.0 w:85.0 h:26.0]
		CHILDREN = 0
		PATH = [0, 3, 2, 0, 1]
	DESCRIPTION = Left Click at ''
	TEXT = Compound Action =
		Move mouse to (1089.5, 467.0).
		Press Mouse Button BUTTON1
		Release Mouse Button BUTTON1

ExecutedAction [18]: 
 @Action ConcreteID = AC1yvgy82801462337280 AbstractID = AA1yvgy82801462337280
 ConcreteID CUSTOM = ConcreteID CUSTOM not available AbstractID CUSTOM = AA1w1el9k7f3638952984
 @State ConcreteID = SC191pnnva1d2007412301 AbstractID = SR3kf3ph9ed2301824000
 ConcreteID CUSTOM = SCxpkctza3a672642158 AbstractID CUSTOM = SArl7xuia2f1871159627

	ROLE = LeftClickAt
	TARGET =
		WIDGET = WCudm5we2e2046900445, WR1k8fo0ra1109144095, WT1u6eeu5122310558738, WP1ennb682a2243284487
		ROLE = UIATabItem
		TITLE = Advanced
		SHAPE = Rect [x:561.0 y:403.0 w:72.0 h:21.0]
		CHILDREN = 0
		PATH = [0, 0, 1, 0, 0, 0, 1, 5]
	DESCRIPTION = Left Click at 'Advanced'
	TEXT = Compound Action =
		Move mouse to (597.0, 413.5).
		Press Mouse Button BUTTON1
		Release Mouse Button BUTTON1

ExecutedAction [19]: 
 @Action ConcreteID = ACqn6839802642798801 AbstractID = AAqn6839802642798801
 ConcreteID CUSTOM = ConcreteID CUSTOM not available AbstractID CUSTOM = AAxzappm80429954849
 @State ConcreteID = SC1m161vhab61035530492 AbstractID = SR1q4yb4ca5d1778348592
 ConcreteID CUSTOM = SC1qy355ea903728961042 AbstractID CUSTOM = SA1571kpva9f2634484655

	ROLE = LeftClickAt
	TARGET =
		WIDGET = WC1pc8o7l2a3441043477, WR1k8fo0ra1109144095, WT1kbveb41a1216190760, WPu6ljib264208153976
		ROLE = UIATabItem
		TITLE = Statistics Alt+t
		SHAPE = Rect [x:856.0 y:351.0 w:67.0 h:21.0]
		CHILDREN = 0
		PATH = [0, 1, 1, 3]
	DESCRIPTION = Left Click at 'Statistics Alt+t'
	TEXT = Compound Action =
		Move mouse to (889.5, 361.5).
		Press Mouse Button BUTTON1
		Release Mouse Button BUTTON1

ExecutedAction [20]: 
 @Action ConcreteID = ACm53qpu802321882011 AbstractID = AAm53qpu802321882011
 ConcreteID CUSTOM = ConcreteID CUSTOM not available AbstractID CUSTOM = AAth88c780239101035
 @State ConcreteID = SC1m161vhab61035530492 AbstractID = SR1q4yb4ca5d1778348592
 ConcreteID CUSTOM = SC1qy355ea903728961042 AbstractID CUSTOM = SA1571kpva9f2634484655

	ROLE = LeftClickAt
	TARGET =
		WIDGET = WC89ckhi37680230562, WR88rmk0b1934231702, WTf4tzjx182941246635, WP1dj6wzo3346277584
		ROLE = UIACheckBox
		TITLE = Motion detect
		SHAPE = Rect [x:424.0 y:714.0 w:87.0 h:17.0]
		CHILDREN = 0
		PATH = [1, 0, 1, 0, 0, 0, 0, 0, 5]
	DESCRIPTION = Left Click at 'Motion detect'
	TEXT = Compound Action =
		Move mouse to (467.5, 722.5).
		Press Mouse Button BUTTON1
		Release Mouse Button BUTTON1

ExecutedAction [21]: 
 @Action ConcreteID = ACdew5dvde2136949548 AbstractID = AAouy67od41439779091
 ConcreteID CUSTOM = ConcreteID CUSTOM not available AbstractID CUSTOM = AAkq6xtdd43533837404
 @State ConcreteID = SC1h9scebab6322499131 AbstractID = SR1q4yb4ca5d1778348592
 ConcreteID CUSTOM = SC1qy355ea903728961042 AbstractID CUSTOM = SAyysnaba9f3024597380

	ROLE = ClickTypeInto
	TARGET =
		WIDGET = WC17hjsmb1a290696519, WR4n0dlj72701565195, WT4n0dlj72701565195, WP19ts775163336780401
		ROLE = UIAEdit
		TITLE = 
		SHAPE = Rect [x:682.0 y:395.0 w:554.0 h:20.0]
		CHILDREN = 0
		PATH = [0, 1, 0, 0, 1]
	DESCRIPTION = Type '-,' into '
	TEXT = Compound Action =
		Compound Action =
		Move mouse to (959.0, 405.0).
		Press Mouse Button BUTTON1
		Release Mouse Button BUTTON1
		Press Key 17
		Press Key 65
		Release Key 65
		Release Key 17
		Type text '-,'

ExecutedAction [22]: 
 @Action ConcreteID = AC1c30moe802927834973 AbstractID = AA1c30moe802927834973
 ConcreteID CUSTOM = ConcreteID CUSTOM not available AbstractID CUSTOM = AA86ifwr801959204098
 @State ConcreteID = SC1h9scebab6322499131 AbstractID = SR1q4yb4ca5d1778348592
 ConcreteID CUSTOM = SC1qy355ea903728961042 AbstractID CUSTOM = SAyysnaba9f3024597380

	ROLE = LeftClickAt
	TARGET =
		WIDGET = WC1etrvgw1e1005111775, WR1h6ibpb92248851252, WTfj8swh143379978768, WPt1l3lu1a602287281
		ROLE = UIAButton
		TITLE = Close Enter
		SHAPE = Rect [x:1174.0 y:787.0 w:75.0 h:23.0]
		CHILDREN = 0
		PATH = [0, 5]
	DESCRIPTION = Left Click at 'Close Enter'
	TEXT = Compound Action =
		Move mouse to (1211.5, 798.5).
		Press Mouse Button BUTTON1
		Release Mouse Button BUTTON1

ExecutedAction [23]: 
 @Action ConcreteID = ACuxz7hx801107971270 AbstractID = AAuxz7hx801107971270
 ConcreteID CUSTOM = ConcreteID CUSTOM not available AbstractID CUSTOM = AA1iiyuy3802134830528
 @State ConcreteID = SC1nt8io96d81011624266 AbstractID = SR70e07t6cb3045160329
 ConcreteID CUSTOM = SC5affsw6ea4071572217 AbstractID CUSTOM = SA19o2otj6cf2206972316

	ROLE = LeftClickAt
	TARGET =
		WIDGET = WC111mv3r262102156175, WR17v7k2nb1067391859, WT7kxrdw19266625713, WP1rpm6kl222379553300
		ROLE = UIAMenuItem
		TITLE = Playback Alt+l
		SHAPE = Rect [x:709.0 y:370.0 w:63.0 h:20.0]
		CHILDREN = 0
		PATH = [0, 2, 1]
	DESCRIPTION = Left Click at 'Playback Alt+l'
	TEXT = Compound Action =
		Move mouse to (740.5, 380.0).
		Press Mouse Button BUTTON1
		Release Mouse Button BUTTON1

ExecutedAction [24]: 
 @Action ConcreteID = AC1xr74397f1235525014 AbstractID = AA1xr74397f1235525014
 ConcreteID CUSTOM = ConcreteID CUSTOM not available AbstractID CUSTOM = AAgslwfi803577236972
 @State ConcreteID = SC1daz8up851582496505 AbstractID = SR4zpbqq8461560875803
 ConcreteID CUSTOM = SC6gwkfz86b4246942898 AbstractID CUSTOM = SA19kvwfk8491188295819

	ROLE = LeftClickAt
	TARGET =
		WIDGET = WC1lhezjy1971787980, WR1h6ibpb92248851252, WT1h6ibpb92248851252, WP11lh0ts153015450048
		ROLE = UIAButton
		TITLE = 
		SHAPE = Rect [x:733.0 y:451.0 w:26.0 h:26.0]
		CHILDREN = 0
		PATH = [0, 3, 2, 4]
	DESCRIPTION = Left Click at ''
	TEXT = Compound Action =
		Move mouse to (746.0, 464.0).
		Press Mouse Button BUTTON1
		Release Mouse Button BUTTON1

ExecutedAction [25]: 
 @Action ConcreteID = AC1dwayi87f3119447754 AbstractID = AA1dwayi87f3119447754
 ConcreteID CUSTOM = ConcreteID CUSTOM not available AbstractID CUSTOM = AA1vytstl80628240048
 @State ConcreteID = SC1daz8up851582496505 AbstractID = SR4zpbqq8461560875803
 ConcreteID CUSTOM = SC6gwkfz86b4246942898 AbstractID CUSTOM = SA19kvwfk8491188295819

	ROLE = LeftClickAt
	TARGET =
		WIDGET = WC1pmpjm1233635091165, WR17v7k2nb1067391859, WT1p8hf68161996799177, WP19o0bpz1f64902350
		ROLE = UIAMenuItem
		TITLE = Video Alt+V
		SHAPE = Rect [x:820.0 y:370.0 w:46.0 h:20.0]
		CHILDREN = 0
		PATH = [0, 2, 3]
	DESCRIPTION = Left Click at 'Video Alt+V'
	TEXT = Compound Action =
		Move mouse to (843.0, 380.0).
		Press Mouse Button BUTTON1
		Release Mouse Button BUTTON1

ExecutedAction [26]: 
 @Action ConcreteID = AC1pt61ag802133601268 AbstractID = AA1pt61ag802133601268
 ConcreteID CUSTOM = ConcreteID CUSTOM not available AbstractID CUSTOM = AAed1mri801108904690
 @State ConcreteID = SC1nt8io96d81011624266 AbstractID = SR70e07t6cb3045160329
 ConcreteID CUSTOM = SC5affsw6ea4071572217 AbstractID CUSTOM = SA19o2otj6cf2206972316

	ROLE = LeftClickAt
	TARGET =
		WIDGET = WCy94u8f2c1159628575, WR1k8fo0ra1109144095, WT1phqcvf102241997960, WPbp82rl284229651176
		ROLE = UIATabItem
		TITLE = Colors
		SHAPE = Rect [x:374.0 y:403.0 w:54.0 h:21.0]
		CHILDREN = 0
		PATH = [0, 0, 1, 0, 0, 0, 1, 2]
	DESCRIPTION = Left Click at 'Colors'
	TEXT = Compound Action =
		Move mouse to (401.0, 413.5).
		Press Mouse Button BUTTON1
		Release Mouse Button BUTTON1

ExecutedAction [27]: 
 @Action ConcreteID = ACgi0ixk80541077495 AbstractID = AAgi0ixk80541077495
 ConcreteID CUSTOM = ConcreteID CUSTOM not available AbstractID CUSTOM = AA183y0m4803321837698
 @State ConcreteID = SC1rzb8za6544041082328 AbstractID = SR1g0b9y86421899565992
 ConcreteID CUSTOM = SC5qcn1d65b1921000372 AbstractID CUSTOM = SA13s1xv66492806713458

	ROLE = LeftClickAt
	TARGET =
		WIDGET = WCzh8ir72c3690954354, WR1k8fo0ra1109144095, WT1nm4611192860587041, WP16x9qdd282568739354
		ROLE = UIATabItem
		TITLE = Synchronization
		SHAPE = Rect [x:425.0 y:372.0 w:100.0 h:21.0]
		CHILDREN = 0
		PATH = [0, 0, 1, 1, 2]
	DESCRIPTION = Left Click at 'Synchronization'
	TEXT = Compound Action =
		Move mouse to (475.0, 382.5).
		Press Mouse Button BUTTON1
		Release Mouse Button BUTTON1

ExecutedAction [28]: 
 @Action ConcreteID = ACevvntn7e1540696617 AbstractID = AAevvntn7e1540696617
 ConcreteID CUSTOM = ConcreteID CUSTOM not available AbstractID CUSTOM = AAmeeic17e2736526449
 @State ConcreteID = SC1j485kc50a35563360 AbstractID = SRp2mmls4eb1947782464
 ConcreteID CUSTOM = SC12d4ftj5162681309153 AbstractID CUSTOM = SA351vdo502152840732

	ROLE = LeftClickAt
	TARGET =
		WIDGET = WCoa5w6c233122696270, WR17v7k2nb1067391859, WT1faw5jq16422026351, WPzrter61f3097932180
		ROLE = UIAMenuItem
		TITLE = Audio Alt+A
		SHAPE = Rect [x:772.0 y:370.0 w:48.0 h:20.0]
		CHILDREN = 0
		PATH = [0, 2, 2]
	DESCRIPTION = Left Click at 'Audio Alt+A'
	TEXT = Compound Action =
		Move mouse to (796.0, 380.0).
		Press Mouse Button BUTTON1
		Release Mouse Button BUTTON1

ExecutedAction [29]: 
 @Action ConcreteID = ACas6zil803207607208 AbstractID = AAas6zil803207607208
 ConcreteID CUSTOM = ConcreteID CUSTOM not available AbstractID CUSTOM = AA1f6qbh8803095240881
 @State ConcreteID = SC189txjp5d03205948812 AbstractID = SR1yqy7gn5b23760235027
 ConcreteID CUSTOM = SCuvnp3j5da744397964 AbstractID CUSTOM = SA17gc3h45c91778138744

	ROLE = LeftClickAt
	TARGET =
		WIDGET = WCoa5w6c233122696270, WR17v7k2nb1067391859, WT1faw5jq16422026351, WPzrter61f3097932180
		ROLE = UIAMenuItem
		TITLE = Audio Alt+A
		SHAPE = Rect [x:772.0 y:370.0 w:48.0 h:20.0]
		CHILDREN = 0
		PATH = [0, 2, 2]
	DESCRIPTION = Left Click at 'Audio Alt+A'
	TEXT = Compound Action =
		Move mouse to (796.0, 380.0).
		Press Mouse Button BUTTON1
		Release Mouse Button BUTTON1

ExecutedAction [30]: 
 @Action ConcreteID = ACaphxu57e3672049420 AbstractID = AAaphxu57e3672049420
 ConcreteID CUSTOM = ConcreteID CUSTOM not available AbstractID CUSTOM = AAi80scj7e571881812
 @State ConcreteID = SC1j485kc50a35563360 AbstractID = SRp2mmls4eb1947782464
 ConcreteID CUSTOM = SC12d4ftj5162681309153 AbstractID CUSTOM = SA351vdo502152840732

	ROLE = LeftClickAt
	TARGET =
		WIDGET = WCksdzcq1d2531252402, WR10fgh33101836453781, WT10fgh33101836453781, WP33czns191586358005
		ROLE = UIACustomControl
		TITLE = 
		SHAPE = Rect [x:250.0 y:372.0 w:424.0 h:387.0]
		CHILDREN = 2
		PATH = [0, 0, 1]
	DESCRIPTION = Left Click at ''
	TEXT = Compound Action =
		Move mouse to (462.0, 565.5).
		Press Mouse Button BUTTON1
		Release Mouse Button BUTTON1

ExecutedAction [31]: 
 @Action ConcreteID = AC1jvzz8h7e514504125 AbstractID = AA1jvzz8h7e514504125
 ConcreteID CUSTOM = ConcreteID CUSTOM not available AbstractID CUSTOM = AA1reitqv7e3865283557
 @State ConcreteID = SC1j485kc50a35563360 AbstractID = SRp2mmls4eb1947782464
 ConcreteID CUSTOM = SC12d4ftj5162681309153 AbstractID CUSTOM = SA351vdo502152840732

	ROLE = LeftClickAt
	TARGET =
		WIDGET = WC1lhezj3191258746635, WR1h6ibpb92248851252, WT1h6ibpb92248851252, WP11lh0sx154244474631
		ROLE = UIAButton
		TITLE = 
		SHAPE = Rect [x:707.0 y:451.0 w:26.0 h:26.0]
		CHILDREN = 0
		PATH = [0, 3, 2, 3]
	DESCRIPTION = Left Click at ''
	TEXT = Compound Action =
		Move mouse to (720.0, 464.0).
		Press Mouse Button BUTTON1
		Release Mouse Button BUTTON1

ExecutedAction [32]: 
 @Action ConcreteID = ACevvntn7e1540696617 AbstractID = AAevvntn7e1540696617
 ConcreteID CUSTOM = ConcreteID CUSTOM not available AbstractID CUSTOM = AAmeeic17e2736526449
 @State ConcreteID = SC1j485kc50a35563360 AbstractID = SRp2mmls4eb1947782464
 ConcreteID CUSTOM = SC12d4ftj5162681309153 AbstractID CUSTOM = SA351vdo502152840732

	ROLE = LeftClickAt
	TARGET =
		WIDGET = WCoa5w6c233122696270, WR17v7k2nb1067391859, WT1faw5jq16422026351, WPzrter61f3097932180
		ROLE = UIAMenuItem
		TITLE = Audio Alt+A
		SHAPE = Rect [x:772.0 y:370.0 w:48.0 h:20.0]
		CHILDREN = 0
		PATH = [0, 2, 2]
	DESCRIPTION = Left Click at 'Audio Alt+A'
	TEXT = Compound Action =
		Move mouse to (796.0, 380.0).
		Press Mouse Button BUTTON1
		Release Mouse Button BUTTON1

ExecutedAction [33]: 
 @Action ConcreteID = AC15z60c0801148778937 AbstractID = AA15z60c0801148778937
 ConcreteID CUSTOM = ConcreteID CUSTOM not available AbstractID CUSTOM = AAbclabj801127574176
 @State ConcreteID = SC189txjp5d03205948812 AbstractID = SR1yqy7gn5b23760235027
 ConcreteID CUSTOM = SCuvnp3j5da744397964 AbstractID CUSTOM = SA17gc3h45c91778138744

	ROLE = LeftClickAt
	TARGET =
		WIDGET = WC1kvrl6f241272811682, WR1h6ibpb92248851252, WTfj8swh143379978768, WP12mswrt201811755996
		ROLE = UIAButton
		TITLE = Close Enter
		SHAPE = Rect [x:599.0 y:762.0 w:75.0 h:23.0]
		CHILDREN = 0
		PATH = [0, 0, 2, 0]
	DESCRIPTION = Left Click at 'Close Enter'
	TEXT = Compound Action =
		Move mouse to (636.5, 773.5).
		Press Mouse Button BUTTON1
		Release Mouse Button BUTTON1

ExecutedAction [34]: 
 @Action ConcreteID = AC1x2bik67f1010547213 AbstractID = AA1x2bik67f1010547213
 ConcreteID CUSTOM = ConcreteID CUSTOM not available AbstractID CUSTOM = AA7gnkqn7f3272818007
 @State ConcreteID = SCuyuhmv2ed1671011042 AbstractID = SRrwz38n2e02745166178
 ConcreteID CUSTOM = SCilua512e62032480990 AbstractID CUSTOM = SA66n57f2eb1498926942

	ROLE = LeftClickAt
	TARGET =
		WIDGET = WCsnsikc193821024913, WR1h6ibpb92248851252, WT1h6ibpb92248851252, WP8ruju6151413172893
		ROLE = UIAButton
		TITLE = 
		SHAPE = Rect [x:823.0 y:451.0 w:26.0 h:26.0]
		CHILDREN = 0
		PATH = [0, 2, 2, 7]
	DESCRIPTION = Left Click at ''
	TEXT = Compound Action =
		Move mouse to (836.0, 464.0).
		Press Mouse Button BUTTON1
		Release Mouse Button BUTTON1

ExecutedAction [35]: 
 @Action ConcreteID = ACu8uxxs802572296332 AbstractID = AAu8uxxs802572296332
 ConcreteID CUSTOM = ConcreteID CUSTOM not available AbstractID CUSTOM = AAurkzs680193584891
 @State ConcreteID = SC1nc411o4961529421974 AbstractID = SRx1ik4a474333690124
 ConcreteID CUSTOM = SC1n8pk4e495298478986 AbstractID CUSTOM = SA12laes84902498637855

	ROLE = LeftClickAt
	TARGET =
		WIDGET = WCb8ooow272787690705, WR5quxi6b4097176690, WT5quxi6b4097176690, WP1sol9bm23663743615
		ROLE = UIATreeItem
		TITLE = 
		SHAPE = Rect [x:665.0 y:490.0 w:158.0 h:26.0]
		CHILDREN = 0
		PATH = [0, 2, 0, 0, 3, 1, 1, 3]
	DESCRIPTION = Left Click at ''
	TEXT = Compound Action =
		Move mouse to (744.0, 503.0).
		Press Mouse Button BUTTON1
		Release Mouse Button BUTTON1

ExecutedAction [36]: 
 @Action ConcreteID = AC12otnya804113405896 AbstractID = AA12otnya804113405896
 ConcreteID CUSTOM = ConcreteID CUSTOM not available AbstractID CUSTOM = AA1doezw17f1190723848
 @State ConcreteID = SC1hgqqo15253665352858 AbstractID = SR1y50l034f93962283893
 ConcreteID CUSTOM = SCffmgof51f3629848326 AbstractID CUSTOM = SApg2bg551a2807774304

	ROLE = LeftClickAt
	TARGET =
		WIDGET = WCsnsigw192276258709, WR1h6ibpb92248851252, WT1h6ibpb92248851252, WP8rujqq15811043737
		ROLE = UIAButton
		TITLE = 
		SHAPE = Rect [x:707.0 y:760.0 w:26.0 h:26.0]
		CHILDREN = 0
		PATH = [0, 2, 2, 3]
	DESCRIPTION = Left Click at ''
	TEXT = Compound Action =
		Move mouse to (720.0, 773.0).
		Press Mouse Button BUTTON1
		Release Mouse Button BUTTON1

ExecutedAction [37]: 
 @Action ConcreteID = ACm20jb5812787017914 AbstractID = AAm20jb5812787017914
 ConcreteID CUSTOM = ConcreteID CUSTOM not available AbstractID CUSTOM = AA7jtjhu801036620444
 @State ConcreteID = SC1hgqqo15253665352858 AbstractID = SR1y50l034f93962283893
 ConcreteID CUSTOM = SCffmgof51f3629848326 AbstractID CUSTOM = SApg2bg551a2807774304

	ROLE = LeftClickAt
	TARGET =
		WIDGET = WCtl4gge202358536203, WR4n4ygb71694219017, WT4n4ygb71694219017, WP5xk0s1c1898872370
		ROLE = UIAList
		TITLE = 
		SHAPE = Rect [x:845.0 y:416.0 w:415.0 h:311.0]
		CHILDREN = 7
		PATH = [0, 2, 0, 0, 3, 0, 0]
	DESCRIPTION = Left Click at ''
	TEXT = Compound Action =
		Move mouse to (1052.5, 571.5).
		Press Mouse Button BUTTON1
		Release Mouse Button BUTTON1

ExecutedAction [38]: 
 @Action ConcreteID = AC10ii5uj80222414583 AbstractID = AA10ii5uj80222414583
 ConcreteID CUSTOM = ConcreteID CUSTOM not available AbstractID CUSTOM = AA1bi3hsa7f3197456439
 @State ConcreteID = SC1hgqqo15253665352858 AbstractID = SR1y50l034f93962283893
 ConcreteID CUSTOM = SCffmgof51f3629848326 AbstractID CUSTOM = SApg2bg551a2807774304

	ROLE = LeftClickAt
	TARGET =
		WIDGET = WCo9m3kz234253084318, WR17v7k2nb1067391859, WT1faw5jq16422026351, WPzr9m5t1f4278635332
		ROLE = UIAMenuItem
		TITLE = Audio Alt+A
		SHAPE = Rect [x:772.0 y:370.0 w:48.0 h:20.0]
		CHILDREN = 0
		PATH = [0, 1, 2]
	DESCRIPTION = Left Click at 'Audio Alt+A'
	TEXT = Compound Action =
		Move mouse to (796.0, 380.0).
		Press Mouse Button BUTTON1
		Release Mouse Button BUTTON1

ExecutedAction [39]: 
 @Action ConcreteID = AC1mxau0w804145691620 AbstractID = AA1mxau0w804145691620
 ConcreteID CUSTOM = ConcreteID CUSTOM not available AbstractID CUSTOM = AA13payjf802232211378
 @State ConcreteID = SC1tl505w5eb846397104 AbstractID = SR19drtly5c04257547741
 ConcreteID CUSTOM = SC1n86lf95e3308954878 AbstractID CUSTOM = SA1t16k55e12777489215

	ROLE = LeftClickAt
	TARGET =
		WIDGET = WC1fcenkz201119982758, WR10fgh33101836453781, WT10fgh33101836453781, WPdpsz4l1c4088669326
		ROLE = UIACustomControl
		TITLE = 
		SHAPE = Rect [x:1146.0 y:757.0 w:101.0 h:32.0]
		CHILDREN = 2
		PATH = [0, 2, 2, 0]
	DESCRIPTION = Left Click at ''
	TEXT = Compound Action =
		Move mouse to (1196.5, 773.0).
		Press Mouse Button BUTTON1
		Release Mouse Button BUTTON1

ExecutedAction [40]: 
 @Action ConcreteID = ACjv13gi801171681742 AbstractID = AAjv13gi801171681742
 ConcreteID CUSTOM = ConcreteID CUSTOM not available AbstractID CUSTOM = AAuumfe97f4127385358
 @State ConcreteID = SC1hgqqo15253665352858 AbstractID = SR1y50l034f93962283893
 ConcreteID CUSTOM = SCffmgof51f3629848326 AbstractID CUSTOM = SApg2bg551a2807774304

	ROLE = LeftClickAt
	TARGET =
		WIDGET = WC16jbmg11a1783434451, WR10fgh33101836453781, WT10fgh33101836453781, WP1guga8j162634643805
		ROLE = UIACustomControl
		TITLE = 
		SHAPE = Rect [x:660.0 y:391.0 w:600.0 h:399.0]
		CHILDREN = 3
		PATH = [0, 2]
	DESCRIPTION = Left Click at ''
	TEXT = Compound Action =
		Move mouse to (960.0, 590.5).
		Press Mouse Button BUTTON1
		Release Mouse Button BUTTON1

ExecutedAction [41]: 
 @Action ConcreteID = AC7yqjwk80167545463 AbstractID = AA7yqjwk80167545463
 ConcreteID CUSTOM = ConcreteID CUSTOM not available AbstractID CUSTOM = AAiybvub7f3123190967
 @State ConcreteID = SC1hgqqo15253665352858 AbstractID = SR1y50l034f93962283893
 ConcreteID CUSTOM = SCffmgof51f3629848326 AbstractID CUSTOM = SApg2bg551a2807774304

	ROLE = LeftClickAt
	TARGET =
		WIDGET = WCkthkkb1d3341998097, WR10fgh33101836453781, WT10fgh33101836453781, WP34gkvd19258008662
		ROLE = UIACustomControl
		TITLE = 
		SHAPE = Rect [x:660.0 y:756.0 w:600.0 h:34.0]
		CHILDREN = 11
		PATH = [0, 2, 2]
	DESCRIPTION = Left Click at ''
	TEXT = Compound Action =
		Move mouse to (960.0, 773.0).
		Press Mouse Button BUTTON1
		Release Mouse Button BUTTON1

ExecutedAction [42]: 
 @Action ConcreteID = AC1dkpxc2802755508205 AbstractID = AA1dkpxc2802755508205
 ConcreteID CUSTOM = ConcreteID CUSTOM not available AbstractID CUSTOM = AA1okb99t7f401154349
 @State ConcreteID = SC1hgqqo15253665352858 AbstractID = SR1y50l034f93962283893
 ConcreteID CUSTOM = SCffmgof51f3629848326 AbstractID CUSTOM = SApg2bg551a2807774304

	ROLE = LeftClickAt
	TARGET =
		WIDGET = WCb8oorh273680451732, WR5quxi6b4097176690, WT5quxi6b4097176690, WP1sol9e7231526208570
		ROLE = UIATreeItem
		TITLE = 
		SHAPE = Rect [x:660.0 y:568.0 w:163.0 h:22.0]
		CHILDREN = 0
		PATH = [0, 2, 0, 0, 3, 1, 1, 6]
	DESCRIPTION = Left Click at ''
	TEXT = Compound Action =
		Move mouse to (741.5, 579.0).
		Press Mouse Button BUTTON1
		Release Mouse Button BUTTON1

ExecutedAction [43]: 
 @Action ConcreteID = AC16pil33802423802226 AbstractID = AA16pil33802423802226
 ConcreteID CUSTOM = ConcreteID CUSTOM not available AbstractID CUSTOM = AA1hp3x0u7f598532018
 @State ConcreteID = SC1hgqqo15253665352858 AbstractID = SR1y50l034f93962283893
 ConcreteID CUSTOM = SCffmgof51f3629848326 AbstractID CUSTOM = SApg2bg551a2807774304

	ROLE = LeftClickAt
	TARGET =
		WIDGET = WCb8oon6272485037651, WR5quxi6b4097176690, WT5quxi6b4097176690, WP1sol99w23364482301
		ROLE = UIATreeItem
		TITLE = 
		SHAPE = Rect [x:660.0 y:442.0 w:163.0 h:26.0]
		CHILDREN = 0
		PATH = [0, 2, 0, 0, 3, 1, 1, 1]
	DESCRIPTION = Left Click at ''
	TEXT = Compound Action =
		Move mouse to (741.5, 455.0).
		Press Mouse Button BUTTON1
		Release Mouse Button BUTTON1

ExecutedAction [44]: 
 @Action ConcreteID = ACii61fi7e3722626965 AbstractID = AAii61fi7e3722626965
 ConcreteID CUSTOM = ConcreteID CUSTOM not available AbstractID CUSTOM = AA67jliw802015355745
 @State ConcreteID = SCgnmptf495567776262 AbstractID = SRx1ik4a474333690124
 ConcreteID CUSTOM = SC6r4qfq4943573535199 AbstractID CUSTOM = SA12laes84902498637855

	ROLE = LeftClickAt
	TARGET =
		WIDGET = WC11132ie26988553567, WR17v7k2nb1067391859, WT7kxrdw19266625713, WP1rp2dz8223396690116
		ROLE = UIAMenuItem
		TITLE = Playback Alt+l
		SHAPE = Rect [x:709.0 y:370.0 w:63.0 h:20.0]
		CHILDREN = 0
		PATH = [0, 1, 1]
	DESCRIPTION = Left Click at 'Playback Alt+l'
	TEXT = Compound Action =
		Move mouse to (740.5, 380.0).
		Press Mouse Button BUTTON1
		Release Mouse Button BUTTON1

ExecutedAction [45]: 
 @Action ConcreteID = AC11zmiej80844108633 AbstractID = AA11zmiej80844108633
 ConcreteID CUSTOM = ConcreteID CUSTOM not available AbstractID CUSTOM = AA1eimhlv804106538789
 @State ConcreteID = SC1xdkpuo6103975860726 AbstractID = SRvaqup55ef939570318
 ConcreteID CUSTOM = SC1jewpcz6152710738416 AbstractID CUSTOM = SA17d7do66091207492349

	ROLE = LeftClickAt
	TARGET =
		WIDGET = WCv2iyh7231187149563, WR17v7k2nb1067391859, WT12et6eo161830467638, WP186y9jt1f939178242
		ROLE = UIAMenuItem
		TITLE = Media Alt+M
		SHAPE = Rect [x:660.0 y:370.0 w:49.0 h:20.0]
		CHILDREN = 0
		PATH = [0, 1, 0]
	DESCRIPTION = Left Click at 'Media Alt+M'
	TEXT = Compound Action =
		Move mouse to (684.5, 380.0).
		Press Mouse Button BUTTON1
		Release Mouse Button BUTTON1

ExecutedAction [46]: 
 @Action ConcreteID = ACdhc9r37e1954475211 AbstractID = AAdhc9r37e1954475211
 ConcreteID CUSTOM = ConcreteID CUSTOM not available AbstractID CUSTOM = AA16ptuh803515074623
 @State ConcreteID = SCgnmptf495567776262 AbstractID = SRx1ik4a474333690124
 ConcreteID CUSTOM = SC6r4qfq4943573535199 AbstractID CUSTOM = SA12laes84902498637855

	ROLE = LeftClickAt
	TARGET =
		WIDGET = WCv2iyh7231187149563, WR17v7k2nb1067391859, WT12et6eo161830467638, WP186y9jt1f939178242
		ROLE = UIAMenuItem
		TITLE = Media Alt+M
		SHAPE = Rect [x:660.0 y:370.0 w:49.0 h:20.0]
		CHILDREN = 0
		PATH = [0, 1, 0]
	DESCRIPTION = Left Click at 'Media Alt+M'
	TEXT = Compound Action =
		Move mouse to (684.5, 380.0).
		Press Mouse Button BUTTON1
		Release Mouse Button BUTTON1

ExecutedAction [47]: 
 @Action ConcreteID = AC14nrv0780142058546 AbstractID = AA14nrv0780142058546
 ConcreteID CUSTOM = ConcreteID CUSTOM not available AbstractID CUSTOM = AA1wuaamf7d2038520105
 @State ConcreteID = SC1o7xwn25d51095740486 AbstractID = SRaw47975b31360147480
 ConcreteID CUSTOM = SCggr49t5d53457066199 AbstractID CUSTOM = SAywxx25cc688007488

	ROLE = LeftClickAt
	TARGET =
		WIDGET = WCb8oosc273259239893, WR5quxi6b4097176690, WT5quxi6b4097176690, WP1sol9f2231138960763
		ROLE = UIATreeItem
		TITLE = 
		SHAPE = Rect [x:665.0 y:590.0 w:158.0 h:26.0]
		CHILDREN = 0
		PATH = [0, 2, 0, 0, 3, 1, 1, 7]
	DESCRIPTION = Left Click at ''
	TEXT = Compound Action =
		Move mouse to (744.0, 603.0).
		Press Mouse Button BUTTON1
		Release Mouse Button BUTTON1

ExecutedAction [48]: 
 @Action ConcreteID = ACc4nnqe802036359612 AbstractID = AAc4nnqe802036359612
 ConcreteID CUSTOM = ConcreteID CUSTOM not available AbstractID CUSTOM = AA8zzuda7e3677891468
 @State ConcreteID = SC1fm57z86b91526533765 AbstractID = SR1ggskm36873146154243
 ConcreteID CUSTOM = SC16756xl6be3482873752 AbstractID CUSTOM = SA1mm1m106a640835205

	ROLE = LeftClickAt
	TARGET =
		WIDGET = WC1n98eey23743137595, WR10fgh33101836453781, WT10fgh33101836453781, WPr1hwi01f3737083353
		ROLE = UIACustomControl
		TITLE = 
		SHAPE = Rect [x:709.0 y:431.0 w:500.0 h:268.0]
		CHILDREN = 2
		PATH = [0, 0, 1, 0, 0]
	DESCRIPTION = Left Click at ''
	TEXT = Compound Action =
		Move mouse to (959.0, 565.0).
		Press Mouse Button BUTTON1
		Release Mouse Button BUTTON1

ExecutedAction [49]: 
 @Action ConcreteID = ACrri0d9803418493643 AbstractID = AArri0d9803418493643
 ConcreteID CUSTOM = ConcreteID CUSTOM not available AbstractID CUSTOM = AAomu7057e1771723003
 @State ConcreteID = SC1fm57z86b91526533765 AbstractID = SR1ggskm36873146154243
 ConcreteID CUSTOM = SC16756xl6be3482873752 AbstractID CUSTOM = SA1mm1m106a640835205

	ROLE = LeftClickAt
	TARGET =
		WIDGET = WC7we31i2f1385792260, WR88rmk0b1934231702, WT117n6mp221646335527, WP15nl1ys2b2130256768
		ROLE = UIACheckBox
		TITLE = Show more options Alt+m
		SHAPE = Rect [x:707.0 y:709.0 w:112.0 h:17.0]
		CHILDREN = 0
		PATH = [0, 0, 3]
	DESCRIPTION = Left Click at 'Show more options Alt+m'
	TEXT = Compound Action =
		Move mouse to (763.0, 717.5).
		Press Mouse Button BUTTON1
		Release Mouse Button BUTTON1

ExecutedAction [50]: 
 @Action ConcreteID = ACs5kz2i7f1583385611 AbstractID = AAs5kz2i7f1583385611
 ConcreteID CUSTOM = ConcreteID CUSTOM not available AbstractID CUSTOM = AAud6i2m80285523874
 @State ConcreteID = SCslcpie7ad4245256021 AbstractID = SR4w6zd76862951751
 ConcreteID CUSTOM = SC1aow7og7b13656618525 AbstractID CUSTOM = SA1sj5osn79a2902438579

	ROLE = LeftClickAt
	TARGET =
		WIDGET = WCksdzcq1d2531252402, WR10fgh33101836453781, WT10fgh33101836453781, WP33czns191586358005
		ROLE = UIACustomControl
		TITLE = 
		SHAPE = Rect [x:707.0 y:406.0 w:506.0 h:284.0]
		CHILDREN = 2
		PATH = [0, 0, 1]
	DESCRIPTION = Left Click at ''
	TEXT = Compound Action =
		Move mouse to (960.0, 548.0).
		Press Mouse Button BUTTON1
		Release Mouse Button BUTTON1

ExecutedAction [51]: 
 @Action ConcreteID = ACuuxxu47f3322327621 AbstractID = AAuuxxu47f3322327621
 ConcreteID CUSTOM = ConcreteID CUSTOM not available AbstractID CUSTOM = AAx2jgu8802304934380
 @State ConcreteID = SCslcpie7ad4245256021 AbstractID = SR4w6zd76862951751
 ConcreteID CUSTOM = SC1aow7og7b13656618525 AbstractID CUSTOM = SA1sj5osn79a2902438579

	ROLE = LeftClickAt
	TARGET =
		WIDGET = WCqisqrd2a3332639964, WR1k8fo0ra1109144095, WT1mhrni7173027994741, WP1pyj32f263185019282
		ROLE = UIATabItem
		TITLE = Network Alt+N
		SHAPE = Rect [x:830.0 y:406.0 w:84.0 h:24.0]
		CHILDREN = 0
		PATH = [0, 0, 1, 1, 2]
	DESCRIPTION = Left Click at 'Network Alt+N'
	TEXT = Compound Action =
		Move mouse to (872.0, 418.0).
		Press Mouse Button BUTTON1
		Release Mouse Button BUTTON1

ExecutedAction [52]: 
 @Action ConcreteID = AC196juem7f881050133 AbstractID = AA196juem7f881050133
 ConcreteID CUSTOM = ConcreteID CUSTOM not available AbstractID CUSTOM = AA55cu117f3404671414
 @State ConcreteID = SCojo68i7711185951638 AbstractID = SRiez4cj7291667683299
 ConcreteID CUSTOM = SCztfnw97742713688766 AbstractID CUSTOM = SA1eem1oh75f478814985

	ROLE = LeftClickAt
	TARGET =
		WIDGET = WC1v5960q214022449680, WR1cs7rxoa2579320938, WT1poooab111876854206, WP10hm2ss1d1331599196
		ROLE = UIASpinner
		TITLE = Caching
		SHAPE = Rect [x:791.0 y:729.0 w:71.0 h:20.0]
		CHILDREN = 0
		PATH = [0, 0, 4, 1]
	DESCRIPTION = Left Click at 'Caching'
	TEXT = Compound Action =
		Move mouse to (826.5, 739.0).
		Press Mouse Button BUTTON1
		Release Mouse Button BUTTON1

ExecutedAction [53]: 
 @Action ConcreteID = AC1eahdt11092771327030 AbstractID = AA16e5f7nd52046866609
 ConcreteID CUSTOM = ConcreteID CUSTOM not available AbstractID CUSTOM = AAzu5tuid51079573561
 @State ConcreteID = SCojo68i7711185951638 AbstractID = SRiez4cj7291667683299
 ConcreteID CUSTOM = SCztfnw97742713688766 AbstractID CUSTOM = SA1eem1oh75f478814985

	ROLE = ClickTypeInto
	TARGET =
		WIDGET = WCi9etf61a2562303218, WR4n0dlj72701565195, WT1epjmz4a1362971598, WP1g8k6as163987483179
		ROLE = UIAEdit
		TITLE = MRL
		SHAPE = Rect [x:799.0 y:816.0 w:404.0 h:20.0]
		CHILDREN = 0
		PATH = [0, 0, 4, 6]
	DESCRIPTION = Type '<SCRIPT SRC=http...' into 'MRL
	TEXT = Compound Action =
		Compound Action =
		Move mouse to (1001.0, 826.0).
		Press Mouse Button BUTTON1
		Release Mouse Button BUTTON1
		Press Key 17
		Press Key 65
		Release Key 65
		Release Key 17
		Type text '<SCRIPT SRC=http://ha.ckers.org/xss.js?< B >'

ExecutedAction [54]: 
 @Action ConcreteID = ACph26ym7f2446080481 AbstractID = AAph26ym7f2446080481
 ConcreteID CUSTOM = ConcreteID CUSTOM not available AbstractID CUSTOM = AA1kgz8k57f1872810562
 @State ConcreteID = SCojo68i7711185951638 AbstractID = SRiez4cj7291667683299
 ConcreteID CUSTOM = SCztfnw97742713688766 AbstractID CUSTOM = SA1eem1oh75f478814985

	ROLE = LeftClickAt
	TARGET =
		WIDGET = WC7we31i2f1385792260, WR88rmk0b1934231702, WT117n6mp221646335527, WP15nl1ys2b2130256768
		ROLE = UIACheckBox
		TITLE = Show more options Alt+m
		SHAPE = Rect [x:707.0 y:696.0 w:112.0 h:17.0]
		CHILDREN = 0
		PATH = [0, 0, 3]
	DESCRIPTION = Left Click at 'Show more options Alt+m'
	TEXT = Compound Action =
		Move mouse to (763.0, 704.5).
		Press Mouse Button BUTTON1
		Release Mouse Button BUTTON1

ExecutedAction [55]: 
 @Action ConcreteID = ACau04ya7f93856332 AbstractID = AAau04ya7f93856332
 ConcreteID CUSTOM = ConcreteID CUSTOM not available AbstractID CUSTOM = AAxlzsyt811773816359
 @State ConcreteID = SCyozxcg67d425132384 AbstractID = SR15ln7k1648976394295
 ConcreteID CUSTOM = SCtnb04g6811185185108 AbstractID CUSTOM = SA1rqpm3o66b2479274051

	ROLE = LeftClickAt
	TARGET =
		WIDGET = WChmn2qq254204820437, WR1h6ibpb92248851252, WT179pbei153540817138, WP1mssmc4214192218010
		ROLE = UIAButton
		TITLE = Cancel Alt+C
		SHAPE = Rect [x:1138.0 y:725.0 w:75.0 h:23.0]
		CHILDREN = 0
		PATH = [0, 0, 4, 0]
	DESCRIPTION = Left Click at 'Cancel Alt+C'
	TEXT = Compound Action =
		Move mouse to (1175.5, 736.5).
		Press Mouse Button BUTTON1
		Release Mouse Button BUTTON1

ExecutedAction [56]: 
 @Action ConcreteID = AC1ksl34d7e555918681 AbstractID = AA1ksl34d7e555918681
 ConcreteID CUSTOM = ConcreteID CUSTOM not available AbstractID CUSTOM = AA18hyn7r802229240237
 @State ConcreteID = SCgnmptf495567776262 AbstractID = SRx1ik4a474333690124
 ConcreteID CUSTOM = SC6r4qfq4943573535199 AbstractID CUSTOM = SA12laes84902498637855

	ROLE = LeftClickAt
	TARGET =
		WIDGET = WC1cj90xv241472876304, WR1e04pz3e358922214, WT1e04pz3e358922214, WP163y8ad202550790949
		ROLE = UIASplitButton
		TITLE = 
		SHAPE = Rect [x:660.0 y:416.0 w:180.0 h:311.0]
		CHILDREN = 3
		PATH = [0, 2, 0, 0, 3, 1]
	DESCRIPTION = Left Click at ''
	TEXT = Compound Action =
		Move mouse to (750.0, 571.5).
		Press Mouse Button BUTTON1
		Release Mouse Button BUTTON1

ExecutedAction [57]: 
 @Action ConcreteID = ACeyb7t7e1616297653 AbstractID = AAeyb7t7e1616297653
 ConcreteID CUSTOM = ConcreteID CUSTOM not available AbstractID CUSTOM = AA1n5fxab803316357697
 @State ConcreteID = SCgnmptf495567776262 AbstractID = SRx1ik4a474333690124
 ConcreteID CUSTOM = SC6r4qfq4943573535199 AbstractID CUSTOM = SA12laes84902498637855

	ROLE = LeftClickAt
	TARGET =
		WIDGET = WCsnsigw192276258709, WR1h6ibpb92248851252, WT1h6ibpb92248851252, WP8rujqq15811043737
		ROLE = UIAButton
		TITLE = 
		SHAPE = Rect [x:707.0 y:760.0 w:26.0 h:26.0]
		CHILDREN = 0
		PATH = [0, 2, 2, 3]
	DESCRIPTION = Left Click at ''
	TEXT = Compound Action =
		Move mouse to (720.0, 773.0).
		Press Mouse Button BUTTON1
		Release Mouse Button BUTTON1

ExecutedAction [58]: 
 @Action ConcreteID = ACp6i5ar7f3825509328 AbstractID = AAp6i5ar7f3825509328
 ConcreteID CUSTOM = ConcreteID CUSTOM not available AbstractID CUSTOM = AA1y7us2h811584490737
 @State ConcreteID = SCgnmptf495567776262 AbstractID = SRx1ik4a474333690124
 ConcreteID CUSTOM = SC6r4qfq4943573535199 AbstractID CUSTOM = SA12laes84902498637855

	ROLE = LeftClickAt
	TARGET =
		WIDGET = WC5xpkbv1c2341201004, WR1p34e3y91942684430, WT1p34e3y91942684430, WP1apngjd183937737785
		ROLE = UIASlider
		TITLE = 
		SHAPE = Rect [x:1162.0 y:763.0 w:85.0 h:26.0]
		CHILDREN = 0
		PATH = [0, 2, 2, 0, 1]
	DESCRIPTION = Left Click at ''
	TEXT = Compound Action =
		Move mouse to (1204.5, 776.0).
		Press Mouse Button BUTTON1
		Release Mouse Button BUTTON1

ExecutedAction [59]: 
 @Action ConcreteID = AC1orcxxk7e2980891766 AbstractID = AA1orcxxk7e2980891766
 ConcreteID CUSTOM = ConcreteID CUSTOM not available AbstractID CUSTOM = AA1cgqi0y80340912258
 @State ConcreteID = SCgnmptf495567776262 AbstractID = SRx1ik4a474333690124
 ConcreteID CUSTOM = SC6r4qfq4943573535199 AbstractID CUSTOM = SA12laes84902498637855

	ROLE = LeftClickAt
	TARGET =
		WIDGET = WCb8ooo1273207854480, WR5quxi6b4097176690, WT5quxi6b4097176690, WP1sol9ar231049943358
		ROLE = UIATreeItem
		TITLE = 
		SHAPE = Rect [x:660.0 y:468.0 w:163.0 h:22.0]
		CHILDREN = 0
		PATH = [0, 2, 0, 0, 3, 1, 1, 2]
	DESCRIPTION = Left Click at ''
	TEXT = Compound Action =
		Move mouse to (741.5, 479.0).
		Press Mouse Button BUTTON1
		Release Mouse Button BUTTON1

ExecutedAction [60]: 
 @Action ConcreteID = ACtzgqpk7f199872763 AbstractID = AAtzgqpk7f199872763
 ConcreteID CUSTOM = ConcreteID CUSTOM not available AbstractID CUSTOM = AA3zpbi6812979797978
 @State ConcreteID = SCgnmptf495567776262 AbstractID = SRx1ik4a474333690124
 ConcreteID CUSTOM = SC6r4qfq4943573535199 AbstractID CUSTOM = SA12laes84902498637855

	ROLE = LeftClickAt
	TARGET =
		WIDGET = WC1fcenkz201119982758, WR10fgh33101836453781, WT10fgh33101836453781, WPdpsz4l1c4088669326
		ROLE = UIACustomControl
		TITLE = 
		SHAPE = Rect [x:1146.0 y:757.0 w:101.0 h:32.0]
		CHILDREN = 2
		PATH = [0, 2, 2, 0]
	DESCRIPTION = Left Click at ''
	TEXT = Compound Action =
		Move mouse to (1196.5, 773.0).
		Press Mouse Button BUTTON1
		Release Mouse Button BUTTON1

ExecutedAction [61]: 
 @Action ConcreteID = ACr1jusf7e2418886858 AbstractID = AAr1jusf7e2418886858
 ConcreteID CUSTOM = ConcreteID CUSTOM not available AbstractID CUSTOM = AAeqxevt80902851646
 @State ConcreteID = SCgnmptf495567776262 AbstractID = SRx1ik4a474333690124
 ConcreteID CUSTOM = SC6r4qfq4943573535199 AbstractID CUSTOM = SA12laes84902498637855

	ROLE = LeftClickAt
	TARGET =
		WIDGET = WC1pm5r0o232668325901, WR17v7k2nb1067391859, WT1p8hf68161996799177, WP19ngj4m1f1149120030
		ROLE = UIAMenuItem
		TITLE = Video Alt+V
		SHAPE = Rect [x:820.0 y:370.0 w:46.0 h:20.0]
		CHILDREN = 0
		PATH = [0, 1, 3]
	DESCRIPTION = Left Click at 'Video Alt+V'
	TEXT = Compound Action =
		Move mouse to (843.0, 380.0).
		Press Mouse Button BUTTON1
		Release Mouse Button BUTTON1

ExecutedAction [62]: 
 @Action ConcreteID = AC134vrjs80482607323 AbstractID = AA134vrjs80482607323
 ConcreteID CUSTOM = ConcreteID CUSTOM not available AbstractID CUSTOM = AAvmbk7o8151026207
 @State ConcreteID = SCo5r8vd5c13154113801 AbstractID = SR1puplip59f2046217050
 ConcreteID CUSTOM = SC12gwr8d5c23162418027 AbstractID CUSTOM = SA1cdyq6f5bc1088529850

	ROLE = LeftClickAt
	TARGET =
		WIDGET = WCig1ffy22236015574, WR17v7k2nb1067391859, WT1e6tvxi153323975668, WP1lxqkho1e3332536470
		ROLE = UIAMenuItem
		TITLE = Help Alt+H
		SHAPE = Rect [x:1006.0 y:370.0 w:41.0 h:20.0]
		CHILDREN = 0
		PATH = [0, 1, 7]
	DESCRIPTION = Left Click at 'Help Alt+H'
	TEXT = Compound Action =
		Move mouse to (1026.5, 380.0).
		Press Mouse Button BUTTON1
		Release Mouse Button BUTTON1

ExecutedAction [63]: 
 @Action ConcreteID = ACrhrhil7e1876843892 AbstractID = AArhrhil7e1876843892
 ConcreteID CUSTOM = ConcreteID CUSTOM not available AbstractID CUSTOM = AAf751lz803391322496
 @State ConcreteID = SCgnmptf495567776262 AbstractID = SRx1ik4a474333690124
 ConcreteID CUSTOM = SC6r4qfq4943573535199 AbstractID CUSTOM = SA12laes84902498637855

	ROLE = LeftClickAt
	TARGET =
		WIDGET = WCb8oomb272365954834, WR5quxi6b4097176690, WT5quxi6b4097176690, WP1sol99123211992508
		ROLE = UIATreeItem
		TITLE = 
		SHAPE = Rect [x:660.0 y:416.0 w:163.0 h:26.0]
		CHILDREN = 0
		PATH = [0, 2, 0, 0, 3, 1, 1, 0]
	DESCRIPTION = Left Click at ''
	TEXT = Compound Action =
		Move mouse to (741.5, 429.0).
		Press Mouse Button BUTTON1
		Release Mouse Button BUTTON1

ExecutedAction [64]: 
 @Action ConcreteID = AClzqwhte1262069970 AbstractID = AA6ebdp7d64046217783
 ConcreteID CUSTOM = ConcreteID CUSTOM not available AbstractID CUSTOM = AAq7r0c1d6337257087
 @State ConcreteID = SC1nc411o4961529421974 AbstractID = SRx1ik4a474333690124
 ConcreteID CUSTOM = SC1n8pk4e495298478986 AbstractID CUSTOM = SA12laes84902498637855

	ROLE = ClickTypeInto
	TARGET =
		WIDGET = WCdrow3n1a2744948869, WR4n0dlj72701565195, WT4n0dlj72701565195, WPg3xaoh161949044659
		ROLE = UIAEdit
		TITLE = 
		SHAPE = Rect [x:1010.0 y:395.0 w:250.0 h:20.0]
		CHILDREN = 0
		PATH = [0, 2, 0, 0, 2]
	DESCRIPTION = Type 'AUX' into '
	TEXT = Compound Action =
		Compound Action =
		Move mouse to (1135.0, 405.0).
		Press Mouse Button BUTTON1
		Release Mouse Button BUTTON1
		Press Key 17
		Press Key 65
		Release Key 65
		Release Key 17
		Type text 'AUX'

ExecutedAction [65]: 
 @Action ConcreteID = ACi4wkc17f2124060140 AbstractID = AAi4wkc17f2124060140
 ConcreteID CUSTOM = ConcreteID CUSTOM not available AbstractID CUSTOM = AAfm7ypz7f2963355083
 @State ConcreteID = SCkyxbrr4ab4067878914 AbstractID = SR1kqyar4881326621654
 ConcreteID CUSTOM = SCo3jsha4aa788825155 AbstractID CUSTOM = SAeopr5m4a42929056100

	ROLE = LeftClickAt
	TARGET =
		WIDGET = WCkthkjg1d3961490386, WR10fgh33101836453781, WT10fgh33101836453781, WP34gkui19609072533
		ROLE = UIACustomControl
		TITLE = 
		SHAPE = Rect [x:660.0 y:730.0 w:600.0 h:26.0]
		CHILDREN = 3
		PATH = [0, 2, 1]
	DESCRIPTION = Left Click at ''
	TEXT = Compound Action =
		Move mouse to (960.0, 743.0).
		Press Mouse Button BUTTON1
		Release Mouse Button BUTTON1

ExecutedAction [66]: 
 @Action ConcreteID = AC1cr8nnz7f3672022091 AbstractID = AA1cr8nnz7f3672022091
 ConcreteID CUSTOM = ConcreteID CUSTOM not available AbstractID CUSTOM = AA1a8k21x7f350567532
 @State ConcreteID = SCkyxbrr4ab4067878914 AbstractID = SR1kqyar4881326621654
 ConcreteID CUSTOM = SCo3jsha4aa788825155 AbstractID CUSTOM = SAeopr5m4a42929056100

	ROLE = LeftClickAt
	TARGET =
		WIDGET = WC1qqm783271893777594, WR1h6ibpb92248851252, WTdvnelt111718843361, WP191nc79233433652978
		ROLE = UIAButton
		TITLE = Playlist
		SHAPE = Rect [x:660.0 y:394.0 w:51.0 h:22.0]
		CHILDREN = 0
		PATH = [0, 2, 0, 0, 0, 0]
	DESCRIPTION = Left Click at 'Playlist'
	TEXT = Compound Action =
		Move mouse to (685.5, 405.0).
		Press Mouse Button BUTTON1
		Release Mouse Button BUTTON1

ExecutedAction [67]: 
 @Action ConcreteID = AC1cr8nnz7f3672022091 AbstractID = AA1cr8nnz7f3672022091
 ConcreteID CUSTOM = ConcreteID CUSTOM not available AbstractID CUSTOM = AA1a8k21x7f350567532
 @State ConcreteID = SCkyxbrr4ab4067878914 AbstractID = SR1kqyar4881326621654
 ConcreteID CUSTOM = SCo3jsha4aa788825155 AbstractID CUSTOM = SAeopr5m4a42929056100

	ROLE = LeftClickAt
	TARGET =
		WIDGET = WC1qqm783271893777594, WR1h6ibpb92248851252, WTdvnelt111718843361, WP191nc79233433652978
		ROLE = UIAButton
		TITLE = Playlist
		SHAPE = Rect [x:660.0 y:394.0 w:51.0 h:22.0]
		CHILDREN = 0
		PATH = [0, 2, 0, 0, 0, 0]
	DESCRIPTION = Left Click at 'Playlist'
	TEXT = Compound Action =
		Move mouse to (685.5, 405.0).
		Press Mouse Button BUTTON1
		Release Mouse Button BUTTON1

ExecutedAction [68]: 
 @Action ConcreteID = ACg0jts97f2905613847 AbstractID = AAg0jts97f2905613847
 ConcreteID CUSTOM = ConcreteID CUSTOM not available AbstractID CUSTOM = AAdhv8677f1661699632
 @State ConcreteID = SCkyxbrr4ab4067878914 AbstractID = SR1kqyar4881326621654
 ConcreteID CUSTOM = SCo3jsha4aa788825155 AbstractID CUSTOM = SAeopr5m4a42929056100

	ROLE = LeftClickAt
	TARGET =
		WIDGET = WCb8oon6272485037651, WR5quxi6b4097176690, WT5quxi6b4097176690, WP1sol99w23364482301
		ROLE = UIATreeItem
		TITLE = 
		SHAPE = Rect [x:660.0 y:442.0 w:163.0 h:26.0]
		CHILDREN = 0
		PATH = [0, 2, 0, 0, 3, 1, 1, 1]
	DESCRIPTION = Left Click at ''
	TEXT = Compound Action =
		Move mouse to (741.5, 455.0).
		Press Mouse Button BUTTON1
		Release Mouse Button BUTTON1

ExecutedAction [69]: 
 @Action ConcreteID = ACbmd18v801158632956 AbstractID = AAbmd18v801158632956
 ConcreteID CUSTOM = ConcreteID CUSTOM not available AbstractID CUSTOM = AA103rum07f4129664757
 @State ConcreteID = SC1cpufyo4aa4182247713 AbstractID = SR1kqyar4881326621654
 ConcreteID CUSTOM = SC1xt7p24a92760895792 AbstractID CUSTOM = SAeopr5m4a42929056100

	ROLE = LeftClickAt
	TARGET =
		WIDGET = WC1pm5r0o232668325901, WR17v7k2nb1067391859, WT1p8hf68161996799177, WP19ngj4m1f1149120030
		ROLE = UIAMenuItem
		TITLE = Video Alt+V
		SHAPE = Rect [x:820.0 y:370.0 w:46.0 h:20.0]
		CHILDREN = 0
		PATH = [0, 1, 3]
	DESCRIPTION = Left Click at 'Video Alt+V'
	TEXT = Compound Action =
		Move mouse to (843.0, 380.0).
		Press Mouse Button BUTTON1
		Release Mouse Button BUTTON1

ExecutedAction [70]: 
 @Action ConcreteID = AC13zf9rx802688491335 AbstractID = AA13zf9rx802688491335
 ConcreteID CUSTOM = ConcreteID CUSTOM not available AbstractID CUSTOM = AA18y6fg4803495373776
 @State ConcreteID = SC9r6p3u5d61112955347 AbstractID = SR1lq66wq5b32032940856
 ConcreteID CUSTOM = SCth4wpb5d72102888014 AbstractID CUSTOM = SA1m5v1t55d0908575610

	ROLE = LeftClickAt
	TARGET =
		WIDGET = WC5xpkbv1c2341201004, WR1p34e3y91942684430, WT1p34e3y91942684430, WP1apngjd183937737785
		ROLE = UIASlider
		TITLE = 
		SHAPE = Rect [x:1162.0 y:763.0 w:85.0 h:26.0]
		CHILDREN = 0
		PATH = [0, 2, 2, 0, 1]
	DESCRIPTION = Left Click at ''
	TEXT = Compound Action =
		Move mouse to (1204.5, 776.0).
		Press Mouse Button BUTTON1
		Release Mouse Button BUTTON1

ExecutedAction [71]: 
 @Action ConcreteID = AC1i03ta1802650672818 AbstractID = AA1i03ta1802650672818
 ConcreteID CUSTOM = ConcreteID CUSTOM not available AbstractID CUSTOM = AA7geko27f785708475
 @State ConcreteID = SC1cpufyo4aa4182247713 AbstractID = SR1kqyar4881326621654
 ConcreteID CUSTOM = SC1xt7p24a92760895792 AbstractID CUSTOM = SAeopr5m4a42929056100

	ROLE = LeftClickAt
	TARGET =
		WIDGET = WCb8ooqm274034031447, WR5quxi6b4097176690, WT5quxi6b4097176690, WP1sol9dc231909804025
		ROLE = UIATreeItem
		TITLE = 
		SHAPE = Rect [x:665.0 y:542.0 w:158.0 h:26.0]
		CHILDREN = 0
		PATH = [0, 2, 0, 0, 3, 1, 1, 5]
	DESCRIPTION = Left Click at ''
	TEXT = Compound Action =
		Move mouse to (744.0, 555.0).
		Press Mouse Button BUTTON1
		Release Mouse Button BUTTON1

ExecutedAction [72]: 
 @Action ConcreteID = AC11nfrej7e1810550377 AbstractID = AA11nfrej7e1810550377
 ConcreteID CUSTOM = ConcreteID CUSTOM not available AbstractID CUSTOM = AA7ausxn7f4264692149
 @State ConcreteID = SC1bb4q6b4ab52635234 AbstractID = SR1kqyar4881326621654
 ConcreteID CUSTOM = SC14fkl0f4a91324060506 AbstractID CUSTOM = SAeopr5m4a42929056100

	ROLE = LeftClickAt
	TARGET =
		WIDGET = WCo9m3kz234253084318, WR17v7k2nb1067391859, WT1faw5jq16422026351, WPzr9m5t1f4278635332
		ROLE = UIAMenuItem
		TITLE = Audio Alt+A
		SHAPE = Rect [x:772.0 y:370.0 w:48.0 h:20.0]
		CHILDREN = 0
		PATH = [0, 1, 2]
	DESCRIPTION = Left Click at 'Audio Alt+A'
	TEXT = Compound Action =
		Move mouse to (796.0, 380.0).
		Press Mouse Button BUTTON1
		Release Mouse Button BUTTON1

ExecutedAction [73]: 
 @Action ConcreteID = AC1lkk7ax7f3886952327 AbstractID = AA1lkk7ax7f3886952327
 ConcreteID CUSTOM = ConcreteID CUSTOM not available AbstractID CUSTOM = AA18k082p7f1407773928
 @State ConcreteID = SC2e2a525713078735537 AbstractID = SR1k7n4vk54f3656754872
 ConcreteID CUSTOM = SCahpvc556d2059947288 AbstractID CUSTOM = SAdb2b3u56b2066875902

	ROLE = LeftClickAt
	TARGET =
		WIDGET = WC161068t233096303716, WR10fgh33101836453781, WT10fgh33101836453781, WP9t9obv1f1249502342
		ROLE = UIACustomControl
		TITLE = 
		SHAPE = Rect [x:660.0 y:394.0 w:307.0 h:22.0]
		CHILDREN = 1
		PATH = [0, 2, 0, 0, 0]
	DESCRIPTION = Left Click at ''
	TEXT = Compound Action =
		Move mouse to (813.5, 405.0).
		Press Mouse Button BUTTON1
		Release Mouse Button BUTTON1

ExecutedAction [74]: 
 @Action ConcreteID = AC1s47if17f1311517979 AbstractID = AA1s47if17f1311517979
 ConcreteID CUSTOM = ConcreteID CUSTOM not available AbstractID CUSTOM = AA1f3nj6t7f4201311860
 @State ConcreteID = SC2e2a525713078735537 AbstractID = SR1k7n4vk54f3656754872
 ConcreteID CUSTOM = SCahpvc556d2059947288 AbstractID CUSTOM = SAdb2b3u56b2066875902

	ROLE = LeftClickAt
	TARGET =
		WIDGET = WCb8ooqm274034031447, WR5quxi6b4097176690, WT5quxi6b4097176690, WP1sol9dc231909804025
		ROLE = UIATreeItem
		TITLE = 
		SHAPE = Rect [x:665.0 y:542.0 w:158.0 h:26.0]
		CHILDREN = 0
		PATH = [0, 2, 0, 0, 3, 1, 1, 5]
	DESCRIPTION = Left Click at ''
	TEXT = Compound Action =
		Move mouse to (744.0, 555.0).
		Press Mouse Button BUTTON1
		Release Mouse Button BUTTON1

ExecutedAction [75]: 
 @Action ConcreteID = ACbfwc057e1571085292 AbstractID = AAbfwc057e1571085292
 ConcreteID CUSTOM = ConcreteID CUSTOM not available AbstractID CUSTOM = AA1g4ffid7f3363576880
 @State ConcreteID = SC1bb4q6b4ab52635234 AbstractID = SR1kqyar4881326621654
 ConcreteID CUSTOM = SC14fkl0f4a91324060506 AbstractID CUSTOM = SAeopr5m4a42929056100

	ROLE = LeftClickAt
	TARGET =
		WIDGET = WCb8ooow272787690705, WR5quxi6b4097176690, WT5quxi6b4097176690, WP1sol9bm23663743615
		ROLE = UIATreeItem
		TITLE = 
		SHAPE = Rect [x:665.0 y:490.0 w:158.0 h:26.0]
		CHILDREN = 0
		PATH = [0, 2, 0, 0, 3, 1, 1, 3]
	DESCRIPTION = Left Click at ''
	TEXT = Compound Action =
		Move mouse to (744.0, 503.0).
		Press Mouse Button BUTTON1
		Release Mouse Button BUTTON1

ExecutedAction [76]: 
 @Action ConcreteID = AC1gwo1967f4283887503 AbstractID = AA1gwo1967f4283887503
 ConcreteID CUSTOM = ConcreteID CUSTOM not available AbstractID CUSTOM = AAcy21898060612249
 @State ConcreteID = SC85j8u653a657122553 AbstractID = SR1xhh6i250d462457090
 ConcreteID CUSTOM = SChp1z8f5343773700523 AbstractID CUSTOM = SAmlaezb52e3145236748

	ROLE = LeftClickAt
	TARGET =
		WIDGET = WC1ky9o8935282029714, WR52qhb2b3065858412, WT1ehdiko191428034656, WP1gbv3a33132171274
		ROLE = UIAListItem
		TITLE = New folder (5)
		SHAPE = Rect [x:963.0 y:561.0 w:116.0 h:143.0]
		CHILDREN = 0
		PATH = [0, 2, 0, 0, 3, 0, 0, 4]
	DESCRIPTION = Left Click at 'New folder (5)'
	TEXT = Compound Action =
		Move mouse to (1021.0, 632.5).
		Press Mouse Button BUTTON1
		Release Mouse Button BUTTON1

ExecutedAction [77]: 
 @Action ConcreteID = ACdp692q7e4166786244 AbstractID = AAdp692q7e4166786244
 ConcreteID CUSTOM = ConcreteID CUSTOM not available AbstractID CUSTOM = AA1oj05rn7f2347071135
 @State ConcreteID = SC85j8u653a657122553 AbstractID = SR1xhh6i250d462457090
 ConcreteID CUSTOM = SChp1z8f5343773700523 AbstractID CUSTOM = SAmlaezb52e3145236748

	ROLE = LeftClickAt
	TARGET =
		WIDGET = WCsnsigw192276258709, WR1h6ibpb92248851252, WT1h6ibpb92248851252, WP8rujqq15811043737
		ROLE = UIAButton
		TITLE = 
		SHAPE = Rect [x:707.0 y:760.0 w:26.0 h:26.0]
		CHILDREN = 0
		PATH = [0, 2, 2, 3]
	DESCRIPTION = Left Click at ''
	TEXT = Compound Action =
		Move mouse to (720.0, 773.0).
		Press Mouse Button BUTTON1
		Release Mouse Button BUTTON1

ExecutedAction [78]: 
 @Action ConcreteID = AC1rcmfqt7e784795852 AbstractID = AA1rcmfqt7e784795852
 ConcreteID CUSTOM = ConcreteID CUSTOM not available AbstractID CUSTOM = AA135cagm7f1568563863
 @State ConcreteID = SC85j8u653a657122553 AbstractID = SR1xhh6i250d462457090
 ConcreteID CUSTOM = SChp1z8f5343773700523 AbstractID CUSTOM = SAmlaezb52e3145236748

	ROLE = LeftClickAt
	TARGET =
		WIDGET = WCezyltm213992921457, WR1e04pz3e358922214, WT1e04pz3e358922214, WP1y99m881d2610189931
		ROLE = UIASplitButton
		TITLE = 
		SHAPE = Rect [x:660.0 y:416.0 w:600.0 h:311.0]
		CHILDREN = 3
		PATH = [0, 2, 0, 0, 3]
	DESCRIPTION = Left Click at ''
	TEXT = Compound Action =
		Move mouse to (960.0, 571.5).
		Press Mouse Button BUTTON1
		Release Mouse Button BUTTON1

ExecutedAction [79]: 
 @Action ConcreteID = AC1dezwyb7e407511609 AbstractID = AA1dezwyb7e407511609
 ConcreteID CUSTOM = ConcreteID CUSTOM not available AbstractID CUSTOM = AAp7pro47f1811105890
 @State ConcreteID = SC85j8u653a657122553 AbstractID = SR1xhh6i250d462457090
 ConcreteID CUSTOM = SChp1z8f5343773700523 AbstractID CUSTOM = SAmlaezb52e3145236748

	ROLE = LeftClickAt
	TARGET =
		WIDGET = WCsnsil7191683499614, WR1h6ibpb92248851252, WT1h6ibpb92248851252, WP8rujv1153550696018
		ROLE = UIAButton
		TITLE = 
		SHAPE = Rect [x:849.0 y:760.0 w:26.0 h:26.0]
		CHILDREN = 0
		PATH = [0, 2, 2, 8]
	DESCRIPTION = Left Click at ''
	TEXT = Compound Action =
		Move mouse to (862.0, 773.0).
		Press Mouse Button BUTTON1
		Release Mouse Button BUTTON1

ExecutedAction [80]: 
 @Action ConcreteID = AC1ijh2as812921936976 AbstractID = AA1ijh2as812921936976
 ConcreteID CUSTOM = ConcreteID CUSTOM not available AbstractID CUSTOM = AA1gcob95812044121864
 @State ConcreteID = SC1oofoyn8af1634861560 AbstractID = SR1p4w3fl85e1450937721
 ConcreteID CUSTOM = SC1i2y9ca8bb367018882 AbstractID CUSTOM = SA16ohov58a13335559848

	ROLE = LeftClickAt
	TARGET =
		WIDGET = WC1if1cw3262441743321, WR10fgh33101836453781, WT10fgh33101836453781, WP137bfud224073668639
		ROLE = UIACustomControl
		TITLE = 
		SHAPE = Rect [x:845.0 y:416.0 w:415.0 h:311.0]
		CHILDREN = 1
		PATH = [0, 3, 0, 0, 3, 0]
	DESCRIPTION = Left Click at ''
	TEXT = Compound Action =
		Move mouse to (1052.5, 571.5).
		Press Mouse Button BUTTON1
		Release Mouse Button BUTTON1

ExecutedAction [81]: 
 @Action ConcreteID = ACphnrzb812903784856 AbstractID = AAphnrzb812903784856
 ConcreteID CUSTOM = ConcreteID CUSTOM not available AbstractID CUSTOM = AAnav0xo812062276288
 @State ConcreteID = SC1oofoyn8af1634861560 AbstractID = SR1p4w3fl85e1450937721
 ConcreteID CUSTOM = SC1i2y9ca8bb367018882 AbstractID CUSTOM = SA16ohov58a13335559848

	ROLE = LeftClickAt
	TARGET =
		WIDGET = WC1dte28c352863708258, WR52qhb2b3065858412, WT1ehdiiy1954834150, WP18jiuda31218735739
		ROLE = UIAListItem
		TITLE = New folder (3)
		SHAPE = Rect [x:1079.0 y:418.0 w:116.0 h:143.0]
		CHILDREN = 0
		PATH = [0, 3, 0, 0, 3, 0, 0, 2]
	DESCRIPTION = Left Click at 'New folder (3)'
	TEXT = Compound Action =
		Move mouse to (1137.0, 489.5).
		Press Mouse Button BUTTON1
		Release Mouse Button BUTTON1

ExecutedAction [82]: 
 @Action ConcreteID = AC10n1pi5813255986578 AbstractID = AA10n1pi5813255986578
 ConcreteID CUSTOM = ConcreteID CUSTOM not available AbstractID CUSTOM = AAyg8ygi81367887050
 @State ConcreteID = SC1oofoyn8af1634861560 AbstractID = SR1p4w3fl85e1450937721
 ConcreteID CUSTOM = SC1i2y9ca8bb367018882 AbstractID CUSTOM = SA16ohov58a13335559848

	ROLE = LeftClickAt
	TARGET =
		WIDGET = WC1b8yprg1c1241856940, WR1p34e3y91942684430, WT1p34e3y91942684430, WPgzsjzu18725337081
		ROLE = UIASlider
		TITLE = 
		SHAPE = Rect [x:1162.0 y:763.0 w:85.0 h:26.0]
		CHILDREN = 0
		PATH = [0, 3, 2, 0, 1]
	DESCRIPTION = Left Click at ''
	TEXT = Compound Action =
		Move mouse to (1204.5, 776.0).
		Press Mouse Button BUTTON1
		Release Mouse Button BUTTON1

ExecutedAction [83]: 
 @Action ConcreteID = AC1ev6925801822841092 AbstractID = AA1ev6925801822841092
 ConcreteID CUSTOM = ConcreteID CUSTOM not available AbstractID CUSTOM = AAdwn1k802661281765
 @State ConcreteID = SC1oofoyn8af1634861560 AbstractID = SR1p4w3fl85e1450937721
 ConcreteID CUSTOM = SC1i2y9ca8bb367018882 AbstractID CUSTOM = SA16ohov58a13335559848

	ROLE = LeftClickAt
	TARGET =
		WIDGET = WC1ve1mkf552034308382, WR52qhb2b3065858412, WTf8529t392528353257, WP171zkhd513175786920
		ROLE = UIAListItem
		TITLE = vlc-record-2019-10-19-14h24m45s-screen___-.avi
		SHAPE = Rect [x:847.0 y:704.0 w:116.0 h:143.0]
		CHILDREN = 0
		PATH = [0, 3, 0, 0, 3, 0, 0, 6]
	DESCRIPTION = Left Click at 'vlc-record-2019-10-19-14h24m45s-screen___-.avi'
	TEXT = Compound Action =
		Move mouse to (905.0, 775.5).
		Press Mouse Button BUTTON1
		Release Mouse Button BUTTON1

ExecutedAction [84]: 
 @Action ConcreteID = AC1g2lves80515147409 AbstractID = AA1g2lves80515147409
 ConcreteID CUSTOM = ConcreteID CUSTOM not available AbstractID CUSTOM = AA1lc9e7803968675952
 @State ConcreteID = SC1oofoyn8af1634861560 AbstractID = SR1p4w3fl85e1450937721
 ConcreteID CUSTOM = SC1i2y9ca8bb367018882 AbstractID CUSTOM = SA16ohov58a13335559848

	ROLE = LeftClickAt
	TARGET =
		WIDGET = WCdrk02m343723220059, WR1k8fo0ra1109144095, WTxko2cb18914322636, WP13nivk303854828260
		ROLE = UIATabItem
		TITLE = Stereo Widener
		SHAPE = Rect [x:482.0 y:403.0 w:99.0 h:21.0]
		CHILDREN = 0
		PATH = [0, 0, 1, 0, 0, 0, 1, 3]
	DESCRIPTION = Left Click at 'Stereo Widener'
	TEXT = Compound Action =
		Move mouse to (531.5, 413.5).
		Press Mouse Button BUTTON1
		Release Mouse Button BUTTON1

ExecutedAction [85]: 
 @Action ConcreteID = AC1bha0e27d3045309484 AbstractID = AA1bha0e27d3045309484
 ConcreteID CUSTOM = ConcreteID CUSTOM not available AbstractID CUSTOM = AA1gm9d137e567260624
 @State ConcreteID = SCbsm5pn7f848554084 AbstractID = SR1gqe6uh7b669585781
 ConcreteID CUSTOM = SC1ycuhkp8002852243645 AbstractID CUSTOM = SAzdltw47ec742840277

	ROLE = LeftClickAt
	TARGET =
		WIDGET = WC4ha5up274051276053, WR5quxi6b4097176690, WT5quxi6b4097176690, WP1lx6qhf231893643707
		ROLE = UIATreeItem
		TITLE = 
		SHAPE = Rect [x:660.0 y:442.0 w:163.0 h:26.0]
		CHILDREN = 0
		PATH = [0, 3, 0, 0, 3, 1, 1, 1]
	DESCRIPTION = Left Click at ''
	TEXT = Compound Action =
		Move mouse to (741.5, 455.0).
		Press Mouse Button BUTTON1
		Release Mouse Button BUTTON1

ExecutedAction [86]: 
 @Action ConcreteID = AC1qbcsxz80827108309 AbstractID = AA1qbcsxz80827108309
 ConcreteID CUSTOM = ConcreteID CUSTOM not available AbstractID CUSTOM = AA1r0g7o803765537363
 @State ConcreteID = SC1iuido876a1413390107 AbstractID = SR5o2mos7312512285302
 ConcreteID CUSTOM = SCvhwvmp7732261663711 AbstractID CUSTOM = SA1u7i38q7611438837506

	ROLE = LeftClickAt
	TARGET =
		WIDGET = WC4ha5zv272804102803, WR5quxi6b4097176690, WT5quxi6b4097176690, WP1lx6qml23646189629
		ROLE = UIATreeItem
		TITLE = 
		SHAPE = Rect [x:665.0 y:590.0 w:158.0 h:26.0]
		CHILDREN = 0
		PATH = [0, 3, 0, 0, 3, 1, 1, 7]
	DESCRIPTION = Left Click at ''
	TEXT = Compound Action =
		Move mouse to (744.0, 603.0).
		Press Mouse Button BUTTON1
		Release Mouse Button BUTTON1

ExecutedAction [87]: 
 @Action ConcreteID = AC1qrwtpq803695665694 AbstractID = AA1qrwtpq803695665694
 ConcreteID CUSTOM = ConcreteID CUSTOM not available AbstractID CUSTOM = AA27kgzf80226116504
 @State ConcreteID = SC1iuido876a1413390107 AbstractID = SR5o2mos7312512285302
 ConcreteID CUSTOM = SCvhwvmp7732261663711 AbstractID CUSTOM = SA1u7i38q7611438837506

	ROLE = LeftClickAt
	TARGET =
		WIDGET = WCksdzcq1d2531252402, WR10fgh33101836453781, WT10fgh33101836453781, WP33czns191586358005
		ROLE = UIACustomControl
		TITLE = 
		SHAPE = Rect [x:250.0 y:372.0 w:424.0 h:387.0]
		CHILDREN = 2
		PATH = [0, 0, 1]
	DESCRIPTION = Left Click at ''
	TEXT = Compound Action =
		Move mouse to (462.0, 565.5).
		Press Mouse Button BUTTON1
		Release Mouse Button BUTTON1

ExecutedAction [88]: 
 @Action ConcreteID = ACxqwbt980923343666 AbstractID = AAxqwbt980923343666
 ConcreteID CUSTOM = ConcreteID CUSTOM not available AbstractID CUSTOM = AA187o122803862182580
 @State ConcreteID = SC1iuido876a1413390107 AbstractID = SR5o2mos7312512285302
 ConcreteID CUSTOM = SCvhwvmp7732261663711 AbstractID CUSTOM = SA1u7i38q7611438837506

	ROLE = LeftClickAt
	TARGET =
		WIDGET = WChhkzxr203155281532, WR4na8ob72534219213, WT4na8ob72534219213, WPq67z251c32516421
		ROLE = UIATree
		TITLE = 
		SHAPE = Rect [x:660.0 y:416.0 w:180.0 h:178.0]
		CHILDREN = 8
		PATH = [0, 3, 0, 0, 3, 1, 1]
	DESCRIPTION = Left Click at ''
	TEXT = Compound Action =
		Move mouse to (750.0, 505.0).
		Press Mouse Button BUTTON1
		Release Mouse Button BUTTON1

ExecutedAction [89]: 
 @Action ConcreteID = ACrwelt27e719848380 AbstractID = AArwelt27e719848380
 ConcreteID CUSTOM = ConcreteID CUSTOM not available AbstractID CUSTOM = AA194mdop7f2658660738
 @State ConcreteID = SCbsm5pn7f848554084 AbstractID = SR1gqe6uh7b669585781
 ConcreteID CUSTOM = SC1ycuhkp8002852243645 AbstractID CUSTOM = SAzdltw47ec742840277

	ROLE = LeftClickAt
	TARGET =
		WIDGET = WC1if1cw3262441743321, WR10fgh33101836453781, WT10fgh33101836453781, WP137bfud224073668639
		ROLE = UIACustomControl
		TITLE = 
		SHAPE = Rect [x:845.0 y:416.0 w:415.0 h:311.0]
		CHILDREN = 1
		PATH = [0, 3, 0, 0, 3, 0]
	DESCRIPTION = Left Click at ''
	TEXT = Compound Action =
		Move mouse to (1052.5, 571.5).
		Press Mouse Button BUTTON1
		Release Mouse Button BUTTON1

ExecutedAction [90]: 
 @Action ConcreteID = AC1g3zb737e2048611625 AbstractID = AA1g3zb737e2048611625
 ConcreteID CUSTOM = ConcreteID CUSTOM not available AbstractID CUSTOM = AA1xc732q7f3464800023
 @State ConcreteID = SCbsm5pn7f848554084 AbstractID = SR1gqe6uh7b669585781
 ConcreteID CUSTOM = SC1ycuhkp8002852243645 AbstractID CUSTOM = SAzdltw47ec742840277

	ROLE = LeftClickAt
	TARGET =
		WIDGET = WC1e6v5fs351973966292, WR52qhb2b3065858412, WT1ehdiko191428034656, WP19kgkhm311687019084
		ROLE = UIAListItem
		TITLE = New folder (5)
		SHAPE = Rect [x:963.0 y:561.0 w:116.0 h:143.0]
		CHILDREN = 0
		PATH = [0, 3, 0, 0, 3, 0, 0, 4]
	DESCRIPTION = Left Click at 'New folder (5)'
	TEXT = Compound Action =
		Move mouse to (1021.0, 632.5).
		Press Mouse Button BUTTON1
		Release Mouse Button BUTTON1

ExecutedAction [91]: 
 @Action ConcreteID = AC12p7u337d289878410 AbstractID = AA12p7u337d289878410
 ConcreteID CUSTOM = ConcreteID CUSTOM not available AbstractID CUSTOM = AA17u76q47e2232105078
 @State ConcreteID = SCbsm5pn7f848554084 AbstractID = SR1gqe6uh7b669585781
 ConcreteID CUSTOM = SC1ycuhkp8002852243645 AbstractID CUSTOM = SAzdltw47ec742840277

	ROLE = LeftClickAt
	TARGET =
		WIDGET = WC11866p7221380889474, WR17v7k2nb1067391859, WT1y895rf152412617792, WP15p11o91e1057977303
		ROLE = UIAMenuItem
		TITLE = View Alt+i
		SHAPE = Rect [x:965.0 y:370.0 w:41.0 h:20.0]
		CHILDREN = 0
		PATH = [0, 2, 6]
	DESCRIPTION = Left Click at 'View Alt+i'
	TEXT = Compound Action =
		Move mouse to (985.5, 380.0).
		Press Mouse Button BUTTON1
		Release Mouse Button BUTTON1

ExecutedAction [92]: 
 @Action ConcreteID = ACinl9237e78950225 AbstractID = AAinl9237e78950225
 ConcreteID CUSTOM = ConcreteID CUSTOM not available AbstractID CUSTOM = AA1qcz9is804152661935
 @State ConcreteID = SCx18pml924155621822 AbstractID = SR19qnew88e11864777458
 ConcreteID CUSTOM = SCvorvcv931301729145 AbstractID CUSTOM = SA1hp0zid9151404743851

	ROLE = LeftClickAt
	TARGET =
		WIDGET = WCx2xd4b312174155616, WR1k8fo0ra1109144095, WT1xn65vr151465452121, WP1kvj3bx2d3413647731
		ROLE = UIATabItem
		TITLE = Spatializer
		SHAPE = Rect [x:409.0 y:403.0 w:73.0 h:21.0]
		CHILDREN = 0
		PATH = [0, 0, 1, 0, 0, 0, 1, 2]
	DESCRIPTION = Left Click at 'Spatializer'
	TEXT = Compound Action =
		Move mouse to (445.5, 413.5).
		Press Mouse Button BUTTON1
		Release Mouse Button BUTTON1

ExecutedAction [93]: 
 @Action ConcreteID = ACd8cq417e273740579 AbstractID = AAd8cq417e273740579
 ConcreteID CUSTOM = ConcreteID CUSTOM not available AbstractID CUSTOM = AA1upo6j7f4218085563
 @State ConcreteID = SCxvd1a8322558406007 AbstractID = SRy0ldox7ee3140630019
 ConcreteID CUSTOM = SCx6xfla83a2979798506 AbstractID CUSTOM = SA7s7y5w8282021278763

	ROLE = LeftClickAt
	TARGET =
		WIDGET = WC1ve1mkf552034308382, WR52qhb2b3065858412, WTf8529t392528353257, WP171zkhd513175786920
		ROLE = UIAListItem
		TITLE = vlc-record-2019-10-19-14h24m45s-screen___-.avi
		SHAPE = Rect [x:847.0 y:704.0 w:116.0 h:143.0]
		CHILDREN = 0
		PATH = [0, 3, 0, 0, 3, 0, 0, 6]
	DESCRIPTION = Left Click at 'vlc-record-2019-10-19-14h24m45s-screen___-.avi'
	TEXT = Compound Action =
		Move mouse to (905.0, 775.5).
		Press Mouse Button BUTTON1
		Release Mouse Button BUTTON1

ExecutedAction [94]: 
 @Action ConcreteID = AC10i75lwf61689045722 AbstractID = AAvj124hd4476258489
 ConcreteID CUSTOM = ConcreteID CUSTOM not available AbstractID CUSTOM = AA14neha3d51246432892
 @State ConcreteID = SCxvd1a8322558406007 AbstractID = SRy0ldox7ee3140630019
 ConcreteID CUSTOM = SCx6xfla83a2979798506 AbstractID CUSTOM = SA7s7y5w8282021278763

	ROLE = ClickTypeInto
	TARGET =
		WIDGET = WC1j2y1j81a1645365061, WR4n0dlj72701565195, WT4n0dlj72701565195, WP1lf6g42163047346291
		ROLE = UIAEdit
		TITLE = 
		SHAPE = Rect [x:1010.0 y:395.0 w:250.0 h:20.0]
		CHILDREN = 1
		PATH = [0, 3, 0, 0, 2]
	DESCRIPTION = Type 'eval("puts 'hell...' into '
	TEXT = Compound Action =
		Compound Action =
		Move mouse to (1135.0, 405.0).
		Press Mouse Button BUTTON1
		Release Mouse Button BUTTON1
		Press Key 17
		Press Key 65
		Release Key 65
		Release Key 17
		Type text 'eval("puts 'hello world'")'

ExecutedAction [95]: 
 @Action ConcreteID = AC1mpb8dd7f219388285 AbstractID = AA1mpb8dd7f219388285
 ConcreteID CUSTOM = ConcreteID CUSTOM not available AbstractID CUSTOM = AAsoe6rd7f1828162205
 @State ConcreteID = SCuumgve7a24048952045 AbstractID = SRgy6ev87691283881230
 ConcreteID CUSTOM = SC1cudhqc7ac4294261782 AbstractID CUSTOM = SAynjg9679d1688007175

	ROLE = LeftClickAt
	TARGET =
		WIDGET = WCfl317c1c3034426427, WR88rmk0b1934231702, WT88rmk0b1934231702, WP1vfigti183649330840
		ROLE = UIACheckBox
		TITLE = 
		SHAPE = Rect [x:913.0 y:760.0 w:26.0 h:26.0]
		CHILDREN = 0
		PATH = [0, 3, 2, 10]
	DESCRIPTION = Left Click at ''
	TEXT = Compound Action =
		Move mouse to (926.0, 773.0).
		Press Mouse Button BUTTON1
		Release Mouse Button BUTTON1

ExecutedAction [96]: 
 @Action ConcreteID = ACey3ug97f2467922653 AbstractID = AAey3ug97f2467922653
 ConcreteID CUSTOM = ConcreteID CUSTOM not available AbstractID CUSTOM = AA1jyautd7f4076704061
 @State ConcreteID = SCuumgve7a24048952045 AbstractID = SRgy6ev87691283881230
 ConcreteID CUSTOM = SC1cudhqc7ac4294261782 AbstractID CUSTOM = SAynjg9679d1688007175

	ROLE = LeftClickAt
	TARGET =
		WIDGET = WC16jbmgw1a1935031698, WR10fgh33101836453781, WT10fgh33101836453781, WP1guga9e162215790620
		ROLE = UIACustomControl
		TITLE = 
		SHAPE = Rect [x:660.0 y:391.0 w:600.0 h:399.0]
		CHILDREN = 3
		PATH = [0, 3]
	DESCRIPTION = Left Click at ''
	TEXT = Compound Action =
		Move mouse to (960.0, 590.5).
		Press Mouse Button BUTTON1
		Release Mouse Button BUTTON1

ExecutedAction [97]: 
 @Action ConcreteID = AC18nsobt7f1928479998 AbstractID = AA18nsobt7f1928479998
 ConcreteID CUSTOM = ConcreteID CUSTOM not available AbstractID CUSTOM = AAemvmpt7f320231198
 @State ConcreteID = SCuumgve7a24048952045 AbstractID = SRgy6ev87691283881230
 ConcreteID CUSTOM = SC1cudhqc7ac4294261782 AbstractID CUSTOM = SAynjg9679d1688007175

	ROLE = LeftClickAt
	TARGET =
		WIDGET = WC4ha5z0273191343058, WR5quxi6b4097176690, WT5quxi6b4097176690, WP1lx6qlq231067393916
		ROLE = UIATreeItem
		TITLE = 
		SHAPE = Rect [x:660.0 y:568.0 w:163.0 h:22.0]
		CHILDREN = 0
		PATH = [0, 3, 0, 0, 3, 1, 1, 6]
	DESCRIPTION = Left Click at ''
	TEXT = Compound Action =
		Move mouse to (741.5, 579.0).
		Press Mouse Button BUTTON1
		Release Mouse Button BUTTON1

ExecutedAction [98]: 
 @Action ConcreteID = AC1auadhb7f935999141 AbstractID = AA1auadhb7f935999141
 ConcreteID CUSTOM = ConcreteID CUSTOM not available AbstractID CUSTOM = AAgtdbvb7f1445864773
 @State ConcreteID = SCuumgve7a24048952045 AbstractID = SRgy6ev87691283881230
 ConcreteID CUSTOM = SC1cudhqc7ac4294261782 AbstractID CUSTOM = SAynjg9679d1688007175

	ROLE = LeftClickAt
	TARGET =
		WIDGET = WCv32r2k2323202859, WR17v7k2nb1067391859, WT12et6eo161830467638, WP187i2561f1884996562
		ROLE = UIAMenuItem
		TITLE = Media Alt+M
		SHAPE = Rect [x:660.0 y:370.0 w:49.0 h:20.0]
		CHILDREN = 0
		PATH = [0, 2, 0]
	DESCRIPTION = Left Click at 'Media Alt+M'
	TEXT = Compound Action =
		Move mouse to (684.5, 380.0).
		Press Mouse Button BUTTON1
		Release Mouse Button BUTTON1

ExecutedAction [99]: 
 @Action ConcreteID = AC1wsh9kk7e2624722637 AbstractID = AA1wsh9kk7e2624722637
 ConcreteID CUSTOM = ConcreteID CUSTOM not available AbstractID CUSTOM = AA1w70874803259839022
 @State ConcreteID = SCzjsuj8e22230412726 AbstractID = SRyrwvvz8a82169646246
 ConcreteID CUSTOM = SCpnn3gl8ed4187266019 AbstractID CUSTOM = SA1bvd4428d91689327622

	ROLE = LeftClickAt
	TARGET =
		WIDGET = WC111mv3r262102156175, WR17v7k2nb1067391859, WT7kxrdw19266625713, WP1rpm6kl222379553300
		ROLE = UIAMenuItem
		TITLE = Playback Alt+l
		SHAPE = Rect [x:709.0 y:370.0 w:63.0 h:20.0]
		CHILDREN = 0
		PATH = [0, 2, 1]
	DESCRIPTION = Left Click at 'Playback Alt+l'
	TEXT = Compound Action =
		Move mouse to (740.5, 380.0).
		Press Mouse Button BUTTON1
		Release Mouse Button BUTTON1

ExecutedAction [100]: 
 @Action ConcreteID = AC1ar4w5o7f3911587053 AbstractID = AA1ar4w5o7f3911587053
 ConcreteID CUSTOM = ConcreteID CUSTOM not available AbstractID CUSTOM = AAgq7ujo7f2294417165
 @State ConcreteID = SCuumgve7a24048952045 AbstractID = SRgy6ev87691283881230
 ConcreteID CUSTOM = SC1cudhqc7ac4294261782 AbstractID CUSTOM = SAynjg9679d1688007175

	ROLE = LeftClickAt
	TARGET =
		WIDGET = WCx2xd4b312174155616, WR1k8fo0ra1109144095, WT1xn65vr151465452121, WP1kvj3bx2d3413647731
		ROLE = UIATabItem
		TITLE = Spatializer
		SHAPE = Rect [x:409.0 y:403.0 w:73.0 h:21.0]
		CHILDREN = 0
		PATH = [0, 0, 1, 0, 0, 0, 1, 2]
	DESCRIPTION = Left Click at 'Spatializer'
	TEXT = Compound Action =
		Move mouse to (445.5, 413.5).
		Press Mouse Button BUTTON1
		Release Mouse Button BUTTON1

Sequence 1 finished.
Copying generated sequence ("sequence1390") to output directory...
Copying classified sequence ("sequence1390") to sequences_ok folder...
