Starting sequence 1 (output as: sequence1312)

ExecutedAction [1]: 
 @Action ConcreteID = ACmny0al7f4254984480 AbstractID = AAmny0al7f4254984480
 ConcreteID CUSTOM = ConcreteID CUSTOM not available AbstractID CUSTOM = AAnzczwr7d2678816993
 @State ConcreteID = SC14yrgk44031933115141 AbstractID = SR1jumdpu3ea1420136284
 ConcreteID CUSTOM = SCrceh6d3fe629244999 AbstractID CUSTOM = SAylrvaj3f6384252902

	ROLE = LeftClickAt
	TARGET =
		WIDGET = WCwkswyr1e3256360177, WR17v7k2nb1067391859, WTaz2n92112307194186, WP134nzqp1a3406694771
		ROLE = UIAMenuItem
		TITLE = Format
		SHAPE = Rect [x:126.0 y:58.0 w:52.0 h:19.0]
		CHILDREN = 0
		PATH = [1, 2, 2]
	DESCRIPTION = Left Click at 'Format'
	TEXT = Compound Action =
		Move mouse to (152.0, 67.5).
		Press Mouse Button BUTTON1
		Release Mouse Button BUTTON1

ExecutedAction [2]: 
 @Action ConcreteID = AC130p59d7f4139492135 AbstractID = AA130p59d7f4139492135
 ConcreteID CUSTOM = ConcreteID CUSTOM not available AbstractID CUSTOM = AA1iw15hv803701671405
 @State ConcreteID = SCiw1x0b43e2739384885 AbstractID = SRgj7g0p4251755097958
 ConcreteID CUSTOM = SC159ssa4402065082791 AbstractID CUSTOM = SA1whcouh43a1233960764

	ROLE = LeftClickAt
	TARGET =
		WIDGET = WC1mnh2nr1f3917221465, WR17v7k2nb1067391859, WT1k0pzz412734516100, WP900p11b2845997452
		ROLE = UIAMenuItem
		TITLE = Font...
		SHAPE = Rect [x:129.0 y:102.0 w:144.0 h:22.0]
		CHILDREN = 0
		PATH = [2, 0, 1]
	DESCRIPTION = Left Click at 'Font...'
	TEXT = Compound Action =
		Move mouse to (201.0, 113.0).
		Press Mouse Button BUTTON1
		Release Mouse Button BUTTON1

ExecutedAction [3]: 
 @Action ConcreteID = ACidu9q97e2302475440 AbstractID = AAidu9q97e2302475440
 ConcreteID CUSTOM = ConcreteID CUSTOM not available AbstractID CUSTOM = AA1yp5bb27f3787561273
 @State ConcreteID = SCk8jxxv86f741088775 AbstractID = SR11q40qu81f3400166835
 ConcreteID CUSTOM = SC2dgsc86c2731792652 AbstractID CUSTOM = SA7bgc9d8741697598047

	ROLE = LeftClickAt
	TARGET =
		WIDGET = WC161c7e21f3242064560, WR17qbaneb3904637586, WT1oe7pvp1243228967, WP18hzkqg1b895026005
		ROLE = UIAComboBox
		TITLE = Script:
		SHAPE = Rect [x:291.0 y:501.0 w:210.0 h:22.0]
		CHILDREN = 1
		PATH = [2, 0, 9]
	DESCRIPTION = Left Click at 'Script:'
	TEXT = Compound Action =
		Move mouse to (396.0, 512.0).
		Press Mouse Button BUTTON1
		Release Mouse Button BUTTON1

ExecutedAction [4]: 
 @Action ConcreteID = ACzj47p17f387582781 AbstractID = AAzj47p17f387582781
 ConcreteID CUSTOM = ConcreteID CUSTOM not available AbstractID CUSTOM = AA251t15803915536305
 @State ConcreteID = SC7xhkco9af2525456619 AbstractID = SR67xrw694f2232476750
 ConcreteID CUSTOM = SC10bp8a99b32711836844 AbstractID CUSTOM = SA1d1ewrq9b51948973560

	ROLE = LeftClickAt
	TARGET =
		WIDGET = WCor61jd203947242893, WR52qhb2b3065858412, WT1bx8b0ld1775159025, WP7ggphz1c2619638834
		ROLE = UIAListItem
		TITLE = 18
		SHAPE = Rect [x:440.0 y:324.0 w:42.0 h:15.0]
		CHILDREN = 0
		PATH = [2, 0, 5, 0, 5]
	DESCRIPTION = Left Click at '18'
	TEXT = Compound Action =
		Move mouse to (461.0, 331.5).
		Press Mouse Button BUTTON1
		Release Mouse Button BUTTON1

ExecutedAction [5]: 
 @Action ConcreteID = AC4md1oi7e4247806091 AbstractID = AA4md1oi7e4247806091
 ConcreteID CUSTOM = ConcreteID CUSTOM not available AbstractID CUSTOM = AA1kxo39b7f2513241346
 @State ConcreteID = SCk8jxxv86f741088775 AbstractID = SR11q40qu81f3400166835
 ConcreteID CUSTOM = SC2dgsc86c2731792652 AbstractID CUSTOM = SA7bgc9d8741697598047

	ROLE = LeftClickAt
	TARGET =
		WIDGET = WCor61jd203947242893, WR52qhb2b3065858412, WT1bx8b0ld1775159025, WP7ggphz1c2619638834
		ROLE = UIAListItem
		TITLE = 18
		SHAPE = Rect [x:440.0 y:324.0 w:42.0 h:15.0]
		CHILDREN = 0
		PATH = [2, 0, 5, 0, 5]
	DESCRIPTION = Left Click at '18'
	TEXT = Compound Action =
		Move mouse to (461.0, 331.5).
		Press Mouse Button BUTTON1
		Release Mouse Button BUTTON1

ExecutedAction [6]: 
 @Action ConcreteID = AC1nalaa17e1346514869 AbstractID = AA1nalaa17e1346514869
 ConcreteID CUSTOM = ConcreteID CUSTOM not available AbstractID CUSTOM = AA14ks9vq7f952060476
 @State ConcreteID = SCk8jxxv86f741088775 AbstractID = SR11q40qu81f3400166835
 ConcreteID CUSTOM = SC2dgsc86c2731792652 AbstractID CUSTOM = SA7bgc9d8741697598047

	ROLE = LeftClickAt
	TARGET =
		WIDGET = WC129z33g203953483691, WR52qhb2b3065858412, WT1bx8b0jd2390158326, WPocdquy1c2780644312
		ROLE = UIAListItem
		TITLE = 16
		SHAPE = Rect [x:440.0 y:309.0 w:42.0 h:15.0]
		CHILDREN = 0
		PATH = [2, 0, 5, 0, 4]
	DESCRIPTION = Left Click at '16'
	TEXT = Compound Action =
		Move mouse to (461.0, 316.5).
		Press Mouse Button BUTTON1
		Release Mouse Button BUTTON1

ExecutedAction [7]: 
 @Action ConcreteID = AC1holxel7e898522237 AbstractID = AA1holxel7e898522237
 ConcreteID CUSTOM = ConcreteID CUSTOM not available AbstractID CUSTOM = AAyysx0a7f1567832564
 @State ConcreteID = SCk8jxxv86f741088775 AbstractID = SR11q40qu81f3400166835
 ConcreteID CUSTOM = SC2dgsc86c2731792652 AbstractID CUSTOM = SA7bgc9d8741697598047

	ROLE = LeftClickAt
	TARGET =
		WIDGET = WC14vqtgb282431095868, WR52qhb2b3065858412, WTjcuw6y152297092711, WP1w1c3c9242474665132
		ROLE = UIAListItem
		TITLE = Constantia
		SHAPE = Rect [x:105.0 y:283.0 w:151.0 h:19.0]
		CHILDREN = 0
		PATH = [2, 0, 1, 0, 2]
	DESCRIPTION = Left Click at 'Constantia'
	TEXT = Compound Action =
		Move mouse to (180.5, 292.5).
		Press Mouse Button BUTTON1
		Release Mouse Button BUTTON1

ExecutedAction [8]: 
 @Action ConcreteID = ACzcru677d1359600239 AbstractID = AAzcru677d1359600239
 ConcreteID CUSTOM = ConcreteID CUSTOM not available AbstractID CUSTOM = AAy386gg7f1346984676
 @State ConcreteID = SCmekmwm87092886981 AbstractID = SR11q40qu81f3400166835
 ConcreteID CUSTOM = SCmih8l486c613322429 AbstractID CUSTOM = SA7bgc9d8741697598047

	ROLE = LeftClickAt
	TARGET =
		WIDGET = WCl21ndi251081427127, WR52qhb2b3065858412, WTh6zdq12834902686, WPmdf3z8211479858419
		ROLE = UIAListItem
		TITLE = Regular
		SHAPE = Rect [x:293.0 y:264.0 w:109.0 h:19.0]
		CHILDREN = 0
		PATH = [2, 0, 3, 0, 1]
	DESCRIPTION = Left Click at 'Regular'
	TEXT = Compound Action =
		Move mouse to (347.5, 273.5).
		Press Mouse Button BUTTON1
		Release Mouse Button BUTTON1

ExecutedAction [9]: 
 @Action ConcreteID = ACsav5k57d1453042649 AbstractID = AAsav5k57d1453042649
 ConcreteID CUSTOM = ConcreteID CUSTOM not available AbstractID CUSTOM = AAr1bhue7f1473981266
 @State ConcreteID = SCmekmwm87092886981 AbstractID = SR11q40qu81f3400166835
 ConcreteID CUSTOM = SCmih8l486c613322429 AbstractID CUSTOM = SA7bgc9d8741697598047

	ROLE = LeftClickAt
	TARGET =
		WIDGET = WC13mtp7c221917237997, WR4n4ygb71694219017, WTlv9l4f121129438802, WP1o9av9m1e3653432574
		ROLE = UIAList
		TITLE = Font style:
		SHAPE = Rect [x:291.0 y:262.0 w:130.0 h:118.0]
		CHILDREN = 5
		PATH = [2, 0, 3, 0]
	DESCRIPTION = Left Click at 'Font style:'
	TEXT = Compound Action =
		Move mouse to (356.0, 321.0).
		Press Mouse Button BUTTON1
		Release Mouse Button BUTTON1

ExecutedAction [10]: 
 @Action ConcreteID = AC1nyqso97d1708475017 AbstractID = AA1nyqso97d1708475017
 ConcreteID CUSTOM = ConcreteID CUSTOM not available AbstractID CUSTOM = AA1mp74yi7f1687536130
 @State ConcreteID = SCmekmwm87092886981 AbstractID = SR11q40qu81f3400166835
 ConcreteID CUSTOM = SCmih8l486c613322429 AbstractID CUSTOM = SA7bgc9d8741697598047

	ROLE = LeftClickAt
	TARGET =
		WIDGET = WC1a5mb0628558195960, WR1h6ibpb92248851252, WT493d5b122119396097, WP1dxozoo243153963158
		ROLE = UIAButton
		TITLE = Line down
		SHAPE = Rect [x:482.0 y:352.0 w:17.0 h:17.0]
		CHILDREN = 0
		PATH = [2, 0, 5, 0, 0, 4]
	DESCRIPTION = Left Click at 'Line down'
	TEXT = Compound Action =
		Move mouse to (490.5, 360.5).
		Press Mouse Button BUTTON1
		Release Mouse Button BUTTON1

Sequence 1 finished.
Copying generated sequence ("sequence1312") to output directory...
Copying classified sequence ("sequence1312") to sequences_ok folder...
