Starting sequence 1 (output as: sequence2314)

ExecutedAction [1]: 
 @Action ConcreteID = ACuog3p98025306310 AbstractID = AAuog3p98025306310
 ConcreteID CUSTOM = ConcreteID CUSTOM not available AbstractID CUSTOM = AAh8ptb7e3984842889
 @State ConcreteID = SC14yrgk44031933115141 AbstractID = SR1jumdpu3ea1420136284
 ConcreteID CUSTOM = SCrceh6d3fe629244999 AbstractID CUSTOM = SAylrvaj3f6384252902

	ROLE = LeftClickAt
	TARGET =
		WIDGET = WCd8ggh31e2616419048, WR1h6ibpb92248851252, WT1oq4bf6111982837149, WPccaalx1a4013466679
		ROLE = UIAButton
		TITLE = Maximise
		SHAPE = Rect [x:1041.0 y:28.0 w:46.0 h:30.0]
		CHILDREN = 0
		PATH = [0, 1, 2]
	DESCRIPTION = Left Click at 'Maximise'
	TEXT = Compound Action =
		Move mouse to (1064.0, 43.0).
		Press Mouse Button BUTTON1
		Release Mouse Button BUTTON1

ExecutedAction [2]: 
 @Action ConcreteID = ACuqp4ge124469979068 AbstractID = AA1d333w3d54235174914
 ConcreteID CUSTOM = ConcreteID CUSTOM not available AbstractID CUSTOM = AA4ke5n8d3507449376
 @State ConcreteID = SC11umjgk4032590869821 AbstractID = SR1jumdpu3ea1420136284
 ConcreteID CUSTOM = SC12dt55t3fc3486166086 AbstractID CUSTOM = SAylrvaj3f6384252902

	ROLE = ClickTypeInto
	TARGET =
		WIDGET = WChav7hr1c372043535, WR4n0dlj72701565195, WTei4yvd121088706799, WP1p8d0dd183534326111
		ROLE = UIAEdit
		TITLE = Text Editor
		SHAPE = Rect [x:0.0 y:43.0 w:1680.0 h:967.0]
		CHILDREN = 1
		PATH = [2, 0]
	DESCRIPTION = Type '<a href="\x1Ejav...' into 'Text Editor
	TEXT = Compound Action =
		Compound Action =
		Move mouse to (840.0, 526.5).
		Press Mouse Button BUTTON1
		Release Mouse Button BUTTON1
		Press Key 17
		Press Key 65
		Release Key 65
		Release Key 17
		Type text '<a href="\x1Ejavascript:javascript:alert(1)" id="fuzzelement1">test</a>'

Forcing SUT activation (bring to foreground) action
ExecutedAction [3]: 
 @Action ConcreteID = ACsc3pes392055546517 AbstractID = AAsc3pes392055546517
 ConcreteID CUSTOM = ConcreteID CUSTOM not available AbstractID CUSTOM = AA10e3n2d372616431800
 @State ConcreteID = SC11umjgk4032590869821 AbstractID = SR1jumdpu3ea1420136284
 ConcreteID CUSTOM = SC12dt55t3fc3486166086 AbstractID CUSTOM = SAylrvaj3f6384252902

	DESCRIPTION = Bring the system to the foreground.
	TEXT = Bring the system to the foreground.

Forcing SUT activation (bring to foreground) action
ExecutedAction [4]: 
 @Action ConcreteID = ACsc3pes392055546517 AbstractID = AAsc3pes392055546517
 ConcreteID CUSTOM = ConcreteID CUSTOM not available AbstractID CUSTOM = AA10e3n2d372616431800
 @State ConcreteID = SC11umjgk4032590869821 AbstractID = SR1jumdpu3ea1420136284
 ConcreteID CUSTOM = SC12dt55t3fc3486166086 AbstractID CUSTOM = SAylrvaj3f6384252902

	DESCRIPTION = Bring the system to the foreground.
	TEXT = Bring the system to the foreground.

Forcing SUT activation (bring to foreground) action
ExecutedAction [5]: 
 @Action ConcreteID = ACsc3pes392055546517 AbstractID = AAsc3pes392055546517
 ConcreteID CUSTOM = ConcreteID CUSTOM not available AbstractID CUSTOM = AA10e3n2d372616431800
 @State ConcreteID = SC11umjgk4032590869821 AbstractID = SR1jumdpu3ea1420136284
 ConcreteID CUSTOM = SC12dt55t3fc3486166086 AbstractID CUSTOM = SAylrvaj3f6384252902

	DESCRIPTION = Bring the system to the foreground.
	TEXT = Bring the system to the foreground.

Forcing SUT activation (bring to foreground) action
ExecutedAction [6]: 
 @Action ConcreteID = ACqtum5z381051969309 AbstractID = AAqtum5z381051969309
 ConcreteID CUSTOM = ConcreteID CUSTOM not available AbstractID CUSTOM = AA10e3n2d372616431800
 @State ConcreteID = SClgo7cp4044055860464 AbstractID = SR1jumdpu3ea1420136284
 ConcreteID CUSTOM = SC15u561m3fc717293989 AbstractID CUSTOM = SAylrvaj3f6384252902

	DESCRIPTION = Bring the system to the foreground.
	TEXT = Bring the system to the foreground.

ExecutedAction [7]: 
 @Action ConcreteID = ACgkv53y7d1708850115 AbstractID = AAgkv53y7d1708850115
 ConcreteID CUSTOM = ConcreteID CUSTOM not available AbstractID CUSTOM = AAvifvkg7c2224758551
 @State ConcreteID = SClgo7cp4044055860464 AbstractID = SR1jumdpu3ea1420136284
 ConcreteID CUSTOM = SC15u561m3fc717293989 AbstractID CUSTOM = SAylrvaj3f6384252902

	ROLE = LeftClickAt
	TARGET =
		WIDGET = WC1pefe0y1e1284971282, WR17v7k2nb1067391859, WTaz2n92112307194186, WP1vyagsw1a1166085776
		ROLE = UIAMenuItem
		TITLE = Format
		SHAPE = Rect [x:66.0 y:23.0 w:52.0 h:19.0]
		CHILDREN = 0
		PATH = [2, 2, 2]
	DESCRIPTION = Left Click at 'Format'
	TEXT = Compound Action =
		Move mouse to (92.0, 32.5).
		Press Mouse Button BUTTON1
		Release Mouse Button BUTTON1

ExecutedAction [8]: 
 @Action ConcreteID = ACj41jdw11c92785315 AbstractID = AAvbl1dld43602464383
 ConcreteID CUSTOM = ConcreteID CUSTOM not available AbstractID CUSTOM = AAfb0ywd51545609099
 @State ConcreteID = SC4lz48e43f3821145326 AbstractID = SRgj7g0p4251755097958
 ConcreteID CUSTOM = SC1s10m6k43f4005784062 AbstractID CUSTOM = SA1whcouh43a1233960764

	ROLE = ClickTypeInto
	TARGET =
		WIDGET = WChav7im1c255319630, WR4n0dlj72701565195, WTei4yvd121088706799, WP1p8d0e8183417487390
		ROLE = UIAEdit
		TITLE = Text Editor
		SHAPE = Rect [x:0.0 y:43.0 w:1680.0 h:967.0]
		CHILDREN = 1
		PATH = [2, 1]
	DESCRIPTION = Type 'ABC<div style="x...' into 'Text Editor
	TEXT = Compound Action =
		Compound Action =
		Move mouse to (840.0, 526.5).
		Press Mouse Button BUTTON1
		Release Mouse Button BUTTON1
		Press Key 17
		Press Key 65
		Release Key 65
		Release Key 17
		Type text 'ABC<div style="x:\xE2\x80\x85expression(javascript:alert(1)">DEF'

Forcing SUT activation (bring to foreground) action
ExecutedAction [9]: 
 @Action ConcreteID = ACqtum5z381051969309 AbstractID = AAqtum5z381051969309
 ConcreteID CUSTOM = ConcreteID CUSTOM not available AbstractID CUSTOM = AA10e3n2d372616431800
 @State ConcreteID = SClgo7cp4044055860464 AbstractID = SR1jumdpu3ea1420136284
 ConcreteID CUSTOM = SC15u561m3fc717293989 AbstractID CUSTOM = SAylrvaj3f6384252902

	DESCRIPTION = Bring the system to the foreground.
	TEXT = Bring the system to the foreground.

Forcing SUT activation (bring to foreground) action
ExecutedAction [10]: 
 @Action ConcreteID = ACqtum5z381051969309 AbstractID = AAqtum5z381051969309
 ConcreteID CUSTOM = ConcreteID CUSTOM not available AbstractID CUSTOM = AA10e3n2d372616431800
 @State ConcreteID = SClgo7cp4044055860464 AbstractID = SR1jumdpu3ea1420136284
 ConcreteID CUSTOM = SC15u561m3fc717293989 AbstractID CUSTOM = SAylrvaj3f6384252902

	DESCRIPTION = Bring the system to the foreground.
	TEXT = Bring the system to the foreground.

Sequence 1 finished.
Copying generated sequence ("sequence2314") to output directory...
Copying classified sequence ("sequence2314") to sequences_ok folder...
