Starting sequence 1 (output as: sequence2761)

ExecutedAction [1]: 
 @Action ConcreteID = AC14zwhlb803044155689 AbstractID = AA14zwhlb803044155689
 ConcreteID CUSTOM = ConcreteID CUSTOM not available AbstractID CUSTOM = AA1md8afx811297922217
 @State ConcreteID = SCbws786dbd2310704444 AbstractID = SR10665mpd262413247906
 ConcreteID CUSTOM = SC1bdalhcdca110223358 AbstractID CUSTOM = SA1apozdvdaa3670648036

	ROLE = LeftClickAt
	TARGET =
		WIDGET = WC1vy74te361668172135, WR1h6ibpb92248851252, WTogc9bu141497257592, WP1tn0l5g322748446610
		ROLE = UIAButton
		TITLE = &Filters...
		SHAPE = Rect [x:1142.0 y:834.0 w:23.0 h:22.0]
		CHILDREN = 0
		PATH = [0, 0, 0, 0, 0, 0, 4, 0, 0, 0]
	DESCRIPTION = Left Click at '&Filters...'
	TEXT = Compound Action =
		Move mouse to (1153.5, 845.0).
		Press Mouse Button BUTTON1
		Release Mouse Button BUTTON1

ExecutedAction [2]: 
 @Action ConcreteID = ACwjxvhi804014576312 AbstractID = AAwjxvhi804014576312
 ConcreteID CUSTOM = ConcreteID CUSTOM not available AbstractID CUSTOM = AA1ghpgmn801214169820
 @State ConcreteID = SC13s44w314f9443805527 AbstractID = SR1bji9ts1400534990510
 ConcreteID CUSTOM = SCbfq09514f82487593264 AbstractID CUSTOM = SAp7cdq414f03439229200

	ROLE = LeftClickAt
	TARGET =
		WIDGET = WCpivud52c500708007, WR1h6ibpb92248851252, WT29quub193353596121, WPp33cxz282394169488
		ROLE = UIAButton
		TITLE = Restore Defaults
		SHAPE = Rect [x:427.0 y:812.0 w:97.0 h:25.0]
		CHILDREN = 0
		PATH = [0, 0, 0, 2, 0]
	DESCRIPTION = Left Click at 'Restore Defaults'
	TEXT = Compound Action =
		Move mouse to (475.5, 824.5).
		Press Mouse Button BUTTON1
		Release Mouse Button BUTTON1

ExecutedAction [3]: 
 @Action ConcreteID = AC1qdu3fy811229630944 AbstractID = AA1qdu3fy811229630944
 ConcreteID CUSTOM = ConcreteID CUSTOM not available AbstractID CUSTOM = AAkz6xt5801189859141
 @State ConcreteID = SC1bnsiem153a2037269140 AbstractID = SR3rqyl2143c2978072195
 ConcreteID CUSTOM = SCq26le315341211447028 AbstractID CUSTOM = SAol4u9r152f3210619654

	ROLE = LeftClickAt
	TARGET =
		WIDGET = WC1ylj8gc461439535451, WR52qhb2b3065858412, WT6rmeby273548029102, WP1tqc5p642504531229
		ROLE = UIAListItem
		TITLE = Errors/Warnings on Selection
		SHAPE = Rect [x:441.0 y:321.0 w:187.0 h:20.0]
		CHILDREN = 1
		PATH = [0, 0, 0, 0, 0, 1, 0, 0, 1]
	DESCRIPTION = Left Click at 'Errors/Warnings on Selection'
	TEXT = Compound Action =
		Move mouse to (534.5, 331.0).
		Press Mouse Button BUTTON1
		Release Mouse Button BUTTON1

ExecutedAction [4]: 
 @Action ConcreteID = AC1grdsc9801334537493 AbstractID = AA1grdsc9801334537493
 ConcreteID CUSTOM = ConcreteID CUSTOM not available AbstractID CUSTOM = AAebrz5e813075006296
 @State ConcreteID = SC7ds2ju15332503634917 AbstractID = SR3rqyl2143c2978072195
 ConcreteID CUSTOM = SCq26le315341211447028 AbstractID CUSTOM = SA1k55qb9152d4045267486

	ROLE = LeftClickAt
	TARGET =
		WIDGET = WC13gss9g531758545821, WR88rmk0b1934231702, WT1ghjcn2224183075575, WP1yvh9lu4f275608565
		ROLE = UIACheckBox
		TITLE = Faceted Project Problem
		SHAPE = Rect [x:808.0 y:649.0 w:133.0 h:18.0]
		CHILDREN = 0
		PATH = [0, 0, 0, 0, 0, 1, 2, 0, 0, 0, 2, 2, 0, 0, 7]
	DESCRIPTION = Left Click at 'Faceted Project Problem'
	TEXT = Compound Action =
		Move mouse to (874.5, 658.0).
		Press Mouse Button BUTTON1
		Release Mouse Button BUTTON1

ExecutedAction [5]: 
 @Action ConcreteID = AC11uv306803261640060 AbstractID = AA11uv306803261640060
 ConcreteID CUSTOM = ConcreteID CUSTOM not available AbstractID CUSTOM = AA1lsmo5b801702886680
 @State ConcreteID = SC13s44w314f9443805527 AbstractID = SR1bji9ts1400534990510
 ConcreteID CUSTOM = SCbfq09514f82487593264 AbstractID CUSTOM = SAp7cdq414f03439229200

	ROLE = LeftClickAt
	TARGET =
		WIDGET = WC1lrd4hj482695234931, WR88rmk0b1934231702, WThwatmn174043716095, WPkkgyf9443715972859
		ROLE = UIACheckBox
		TITLE = APT Problems
		SHAPE = Rect [x:808.0 y:577.0 w:78.0 h:18.0]
		CHILDREN = 0
		PATH = [0, 0, 0, 0, 0, 1, 2, 0, 0, 0, 2, 2, 0, 0, 3]
	DESCRIPTION = Left Click at 'APT Problems'
	TEXT = Compound Action =
		Move mouse to (847.0, 586.0).
		Press Mouse Button BUTTON1
		Release Mouse Button BUTTON1

ExecutedAction [6]: 
 @Action ConcreteID = ACcea123802069674863 AbstractID = AAcea123802069674863
 ConcreteID CUSTOM = ConcreteID CUSTOM not available AbstractID CUSTOM = AAwc1m78803695962891
 @State ConcreteID = SC13s44w314f9443805527 AbstractID = SR1bji9ts1400534990510
 ConcreteID CUSTOM = SCbfq09514f82487593264 AbstractID CUSTOM = SAp7cdq414f03439229200

	ROLE = LeftClickAt
	TARGET =
		WIDGET = WCxh487c523757347859, WRa3fnoge3263686876, WT1rysmj5273024703704, WP126kn6e4e1905818518
		ROLE = UIARadioButton
		TITLE = On selected elements only
		SHAPE = Rect [x:764.0 y:360.0 w:160.0 h:16.0]
		CHILDREN = 0
		PATH = [0, 0, 0, 0, 0, 1, 2, 0, 0, 0, 0, 2, 2]
	DESCRIPTION = Left Click at 'On selected elements only'
	TEXT = Compound Action =
		Move mouse to (844.0, 368.0).
		Press Mouse Button BUTTON1
		Release Mouse Button BUTTON1

ExecutedAction [7]: 
 @Action ConcreteID = AC1fydkm8802089633478 AbstractID = AA1fydkm8802089633478
 ConcreteID CUSTOM = ConcreteID CUSTOM not available AbstractID CUSTOM = AAv13s9803684308642
 @State ConcreteID = SC13s44w314f9443805527 AbstractID = SR1bji9ts1400534990510
 ConcreteID CUSTOM = SCbfq09514f82487593264 AbstractID CUSTOM = SAp7cdq414f03439229200

	ROLE = LeftClickAt
	TARGET =
		WIDGET = WC19zp3yn402967386499, WR88rmk0b1934231702, WT1ge3158122222009259, WPlwigqp3c2572523779
		ROLE = UIACheckBox
		TITLE = Warning
		SHAPE = Rect [x:918.0 y:516.0 w:66.0 h:16.0]
		CHILDREN = 0
		PATH = [0, 0, 0, 0, 0, 1, 2, 0, 0, 0, 1, 2, 1, 2]
	DESCRIPTION = Left Click at 'Warning'
	TEXT = Compound Action =
		Move mouse to (951.0, 524.0).
		Press Mouse Button BUTTON1
		Release Mouse Button BUTTON1

ExecutedAction [8]: 
 @Action ConcreteID = AC1iatx1u803410194202 AbstractID = AA1iatx1u803410194202
 ConcreteID CUSTOM = ConcreteID CUSTOM not available AbstractID CUSTOM = AA37hg7v801817460606
 @State ConcreteID = SC13s44w314f9443805527 AbstractID = SR1bji9ts1400534990510
 ConcreteID CUSTOM = SCbfq09514f82487593264 AbstractID CUSTOM = SAp7cdq414f03439229200

	ROLE = LeftClickAt
	TARGET =
		WIDGET = WCzpoio6472854316025, WR88rmk0b1934231702, WT572n0t161023598249, WPdso5hw43106025576
		ROLE = UIACheckBox
		TITLE = EMF Problem
		SHAPE = Rect [x:808.0 y:631.0 w:75.0 h:18.0]
		CHILDREN = 0
		PATH = [0, 0, 0, 0, 0, 1, 2, 0, 0, 0, 2, 2, 0, 0, 6]
	DESCRIPTION = Left Click at 'EMF Problem'
	TEXT = Compound Action =
		Move mouse to (845.5, 640.0).
		Press Mouse Button BUTTON1
		Release Mouse Button BUTTON1

ExecutedAction [9]: 
 @Action ConcreteID = ACi0rwls124280809699 AbstractID = AA1dg22zrd51051667032
 ConcreteID CUSTOM = ConcreteID CUSTOM not available AbstractID CUSTOM = AAbqo9z2d52250931003
 @State ConcreteID = SC13s44w314f9443805527 AbstractID = SR1bji9ts1400534990510
 ConcreteID CUSTOM = SCbfq09514f82487593264 AbstractID CUSTOM = SAp7cdq414f03439229200

	ROLE = ClickTypeInto
	TARGET =
		WIDGET = WCvxvxf2454202094480, WR4n9zi27465102038, WT1j269yi231736501415, WPrmf0tc412250328073
		ROLE = UIAText
		TITLE = Errors/Warnings on Selection
		SHAPE = Rect [x:467.0 y:321.0 w:161.0 h:20.0]
		CHILDREN = 0
		PATH = [0, 0, 0, 0, 0, 1, 0, 0, 1, 0]
	DESCRIPTION = Type '<a href="\x20jav...' into 'Errors/Warnings on Selection
	TEXT = Compound Action =
		Compound Action =
		Move mouse to (547.5, 331.0).
		Press Mouse Button BUTTON1
		Release Mouse Button BUTTON1
		Press Key 17
		Press Key 65
		Release Key 65
		Release Key 17
		Type text '<a href="\x20javascript:javascript:alert(1)" id="fuzzelement1">test</a>'

ExecutedAction [10]: 
 @Action ConcreteID = AC13q5bx3802887399689 AbstractID = AA13q5bx3802887399689
 ConcreteID CUSTOM = ConcreteID CUSTOM not available AbstractID CUSTOM = AA1nnwx2880185428333
 @State ConcreteID = SC13s44w314f9443805527 AbstractID = SR1bji9ts1400534990510
 ConcreteID CUSTOM = SCbfq09514f82487593264 AbstractID CUSTOM = SAp7cdq414f03439229200

	ROLE = LeftClickAt
	TARGET =
		WIDGET = WCxrhozx441339868547, WR1h6ibpb92248851252, WTrko51k10351550260, WPll7akf404101804798
		ROLE = UIAButton
		TITLE = Line up
		SHAPE = Rect [x:980.0 y:577.0 w:17.0 h:17.0]
		CHILDREN = 0
		PATH = [0, 0, 0, 0, 0, 1, 2, 0, 0, 0, 2, 2, 0, 0, 0, 0]
	DESCRIPTION = Left Click at 'Line up'
	TEXT = Compound Action =
		Move mouse to (988.5, 585.5).
		Press Mouse Button BUTTON1
		Release Mouse Button BUTTON1

ExecutedAction [11]: 
 @Action ConcreteID = ACet8wv9f2660997523 AbstractID = AAet8wv9f2660997523
 ConcreteID CUSTOM = ConcreteID CUSTOM not available AbstractID CUSTOM = AA13z0aye9f1499172596
 @State ConcreteID = SC13s44w314f9443805527 AbstractID = SR1bji9ts1400534990510
 ConcreteID CUSTOM = SCbfq09514f82487593264 AbstractID CUSTOM = SAp7cdq414f03439229200

	ROLE = LeftDrag
	DESCRIPTION = Drag (991.0, 619.0) To (991.0, 611.0)
	TEXT = Compound Action =
		Move mouse to (991.0, 619.0).
		Press Mouse Button BUTTON1
		Move mouse to (991.0, 611.0).
		Release Mouse Button BUTTON1

ExecutedAction [12]: 
 @Action ConcreteID = AChctz6f803437967513 AbstractID = AAhctz6f803437967513
 ConcreteID CUSTOM = ConcreteID CUSTOM not available AbstractID CUSTOM = AAlynhna802961586327
 @State ConcreteID = SCa5edfz150f3675687868 AbstractID = SRnde4p1414672425911
 ConcreteID CUSTOM = SC18lb95115104204181715 AbstractID CUSTOM = SAunrhx015051877382509

	ROLE = LeftClickAt
	TARGET =
		WIDGET = WC1jewm1c461609117156, WR1h6ibpb92248851252, WT493d5b122119396097, WP10xwqki421355553980
		ROLE = UIAButton
		TITLE = Line down
		SHAPE = Rect [x:980.0 y:671.0 w:17.0 h:17.0]
		CHILDREN = 0
		PATH = [0, 0, 0, 0, 0, 1, 2, 0, 0, 0, 2, 2, 0, 0, 0, 4]
	DESCRIPTION = Left Click at 'Line down'
	TEXT = Compound Action =
		Move mouse to (988.5, 679.5).
		Press Mouse Button BUTTON1
		Release Mouse Button BUTTON1

ExecutedAction [13]: 
 @Action ConcreteID = ACo3shl0814148054648 AbstractID = AAo3shl0814148054648
 ConcreteID CUSTOM = ConcreteID CUSTOM not available AbstractID CUSTOM = AA1mcwnwv80473137545
 @State ConcreteID = SC1gwvfw7150f4067700192 AbstractID = SRnde4p1414672425911
 ConcreteID CUSTOM = SC11rmz4l150d2834176271 AbstractID CUSTOM = SAunrhx015051877382509

	ROLE = LeftClickAt
	TARGET =
		WIDGET = WC1nvncn4442058667946, WR52qhb2b3065858412, WTwwuuqj253753901550, WPcick9a402696470713
		ROLE = UIAListItem
		TITLE = Errors/Warnings on Project
		SHAPE = Rect [x:441.0 y:301.0 w:187.0 h:20.0]
		CHILDREN = 1
		PATH = [0, 0, 0, 0, 0, 1, 0, 0, 0]
	DESCRIPTION = Left Click at 'Errors/Warnings on Project'
	TEXT = Compound Action =
		Move mouse to (534.5, 311.0).
		Press Mouse Button BUTTON1
		Release Mouse Button BUTTON1

ExecutedAction [14]: 
 @Action ConcreteID = ACfwqr8j804153349908 AbstractID = AAfwqr8j804153349908
 ConcreteID CUSTOM = ConcreteID CUSTOM not available AbstractID CUSTOM = AAzuicdo801352157040
 @State ConcreteID = SC13s44w314f9443805527 AbstractID = SR1bji9ts1400534990510
 ConcreteID CUSTOM = SCbfq09514f82487593264 AbstractID CUSTOM = SAp7cdq414f03439229200

	ROLE = LeftClickAt
	TARGET =
		WIDGET = WC1nmimro39231994651, WR4na8ob72534219213, WT17lsren111380118329, WP1tzhtiu352881729726
		ROLE = UIATree
		TITLE = Expandable
		SHAPE = Rect [x:759.0 y:302.0 w:11.0 h:11.0]
		CHILDREN = 0
		PATH = [0, 0, 0, 0, 0, 1, 2, 0, 0, 0, 0, 0]
	DESCRIPTION = Left Click at 'Expandable'
	TEXT = Compound Action =
		Move mouse to (764.5, 307.5).
		Press Mouse Button BUTTON1
		Release Mouse Button BUTTON1

ExecutedAction [15]: 
 @Action ConcreteID = ACtxnma8802345530868 AbstractID = AAtxnma8802345530868
 ConcreteID CUSTOM = ConcreteID CUSTOM not available AbstractID CUSTOM = AA1t93uet801892951160
 @State ConcreteID = SCbkqu3614f84270973423 AbstractID = SR1h53cfc13ff3888611520
 ConcreteID CUSTOM = SC16wki2s14f82174665694 AbstractID CUSTOM = SAr7hxf714f72077281655

	ROLE = LeftClickAt
	TARGET =
		WIDGET = WC1mgb6r4351478489809, WR4na8ob72534219213, WT4na8ob72534219213, WPi91mci31237732971
		ROLE = UIATree
		TITLE = 
		SHAPE = Rect [x:769.0 y:442.0 w:230.0 h:265.0]
		CHILDREN = 17
		PATH = [0, 0, 0, 0, 0, 1, 2, 0, 0, 0, 2, 2, 0, 0]
	DESCRIPTION = Left Click at ''
	TEXT = Compound Action =
		Move mouse to (884.0, 574.5).
		Press Mouse Button BUTTON1
		Release Mouse Button BUTTON1

ExecutedAction [16]: 
 @Action ConcreteID = ACxdajvu801892447401 AbstractID = AAxdajvu801892447401
 ConcreteID CUSTOM = ConcreteID CUSTOM not available AbstractID CUSTOM = AA1woqs0f802346034469
 @State ConcreteID = SCbkqu3614f84270973423 AbstractID = SR1h53cfc13ff3888611520
 ConcreteID CUSTOM = SC16wki2s14f82174665694 AbstractID CUSTOM = SAr7hxf714f72077281655

	ROLE = LeftClickAt
	TARGET =
		WIDGET = WC1mfuev43f1266400501, WR17qbaneb3904637586, WTksaixp112129689314, WPa18aia3b1417961456
		ROLE = UIAComboBox
		TITLE = Text: 
		SHAPE = Rect [x:801.0 y:347.0 w:111.0 h:23.0]
		CHILDREN = 1
		PATH = [0, 0, 0, 0, 0, 1, 2, 0, 0, 0, 1, 2, 0, 1]
	DESCRIPTION = Left Click at 'Text: '
	TEXT = Compound Action =
		Move mouse to (856.5, 358.5).
		Press Mouse Button BUTTON1
		Release Mouse Button BUTTON1

ExecutedAction [17]: 
 @Action ConcreteID = AC12ngo5n813270522079 AbstractID = AA12ngo5n813270522079
 ConcreteID CUSTOM = ConcreteID CUSTOM not available AbstractID CUSTOM = AAqr6l8p801671536182
 @State ConcreteID = SC1hf9vd015723992360853 AbstractID = SRj8ilqg14713696194964
 ConcreteID CUSTOM = SCkz3lgu15731044598628 AbstractID CUSTOM = SA1uwtmup156d586114526

	ROLE = LeftClickAt
	TARGET =
		WIDGET = WC13cofr2552901834398, WR88rmk0b1934231702, WTyxjcen231902919323, WPmvzcc0512194266695
		ROLE = UIACheckBox
		TITLE = Maven Dependency Problem
		SHAPE = Rect [x:808.0 y:624.0 w:157.0 h:18.0]
		CHILDREN = 0
		PATH = [0, 0, 0, 0, 0, 1, 2, 0, 0, 0, 2, 2, 0, 0, 13]
	DESCRIPTION = Left Click at 'Maven Dependency Problem'
	TEXT = Compound Action =
		Move mouse to (886.5, 633.0).
		Press Mouse Button BUTTON1
		Release Mouse Button BUTTON1

ExecutedAction [18]: 
 @Action ConcreteID = ACnkup6y8049695463 AbstractID = AAnkup6y8049695463
 ConcreteID CUSTOM = ConcreteID CUSTOM not available AbstractID CUSTOM = AA1mwaxbj804193229675
 @State ConcreteID = SCbkqu3614f84270973423 AbstractID = SR1h53cfc13ff3888611520
 ConcreteID CUSTOM = SC16wki2s14f82174665694 AbstractID CUSTOM = SAr7hxf714f72077281655

	ROLE = LeftClickAt
	TARGET =
		WIDGET = WC1lgpvji23394660413, WR4n4ygb71694219017, WT4n4ygb71694219017, WP1wax8801f185613210
		ROLE = UIAList
		TITLE = 
		SHAPE = Rect [x:439.0 y:299.0 w:201.0 h:418.0]
		CHILDREN = 4
		PATH = [0, 0, 0, 0, 0, 1, 0, 0]
	DESCRIPTION = Left Click at ''
	TEXT = Compound Action =
		Move mouse to (539.5, 508.0).
		Press Mouse Button BUTTON1
		Release Mouse Button BUTTON1

ExecutedAction [19]: 
 @Action ConcreteID = ACqab6aw811742866009 AbstractID = AAqab6aw811742866009
 ConcreteID CUSTOM = ConcreteID CUSTOM not available AbstractID CUSTOM = AA1jolcmb812199376003
 @State ConcreteID = SCbkqu3614f84270973423 AbstractID = SR1h53cfc13ff3888611520
 ConcreteID CUSTOM = SC16wki2s14f82174665694 AbstractID CUSTOM = SAr7hxf714f72077281655

	ROLE = LeftClickAt
	TARGET =
		WIDGET = WCtuxpdq443857171804, WR1h6ibpb92248851252, WT1ov9f24132873152388, WPmxs3gs404224905076
		ROLE = UIAButton
		TITLE = Select All
		SHAPE = Rect [x:1004.0 y:447.0 w:92.0 h:25.0]
		CHILDREN = 0
		PATH = [0, 0, 0, 0, 0, 1, 2, 0, 0, 0, 2, 2, 0, 1, 0]
	DESCRIPTION = Left Click at 'Select All'
	TEXT = Compound Action =
		Move mouse to (1050.0, 459.5).
		Press Mouse Button BUTTON1
		Release Mouse Button BUTTON1

ExecutedAction [20]: 
 @Action ConcreteID = ACqab6aw811742866009 AbstractID = AAqab6aw811742866009
 ConcreteID CUSTOM = ConcreteID CUSTOM not available AbstractID CUSTOM = AA1jolcmb812199376003
 @State ConcreteID = SCbkqu3614f84270973423 AbstractID = SR1h53cfc13ff3888611520
 ConcreteID CUSTOM = SC16wki2s14f82174665694 AbstractID CUSTOM = SAr7hxf714f72077281655

	ROLE = LeftClickAt
	TARGET =
		WIDGET = WCtuxpdq443857171804, WR1h6ibpb92248851252, WT1ov9f24132873152388, WPmxs3gs404224905076
		ROLE = UIAButton
		TITLE = Select All
		SHAPE = Rect [x:1004.0 y:447.0 w:92.0 h:25.0]
		CHILDREN = 0
		PATH = [0, 0, 0, 0, 0, 1, 2, 0, 0, 0, 2, 2, 0, 1, 0]
	DESCRIPTION = Left Click at 'Select All'
	TEXT = Compound Action =
		Move mouse to (1050.0, 459.5).
		Press Mouse Button BUTTON1
		Release Mouse Button BUTTON1

ExecutedAction [21]: 
 @Action ConcreteID = ACyhsvgj803150248514 AbstractID = AAyhsvgj803150248514
 ConcreteID CUSTOM = ConcreteID CUSTOM not available AbstractID CUSTOM = AA1xt93l4801088236494
 @State ConcreteID = SCbkqu3614f84270973423 AbstractID = SR1h53cfc13ff3888611520
 ConcreteID CUSTOM = SC16wki2s14f82174665694 AbstractID CUSTOM = SAr7hxf714f72077281655

	ROLE = LeftClickAt
	TARGET =
		WIDGET = WC19zp3yn402967386499, WR88rmk0b1934231702, WT1ge3158122222009259, WPlwigqp3c2572523779
		ROLE = UIACheckBox
		TITLE = Warning
		SHAPE = Rect [x:918.0 y:383.0 w:66.0 h:16.0]
		CHILDREN = 0
		PATH = [0, 0, 0, 0, 0, 1, 2, 0, 0, 0, 1, 2, 1, 2]
	DESCRIPTION = Left Click at 'Warning'
	TEXT = Compound Action =
		Move mouse to (951.0, 391.0).
		Press Mouse Button BUTTON1
		Release Mouse Button BUTTON1

ExecutedAction [22]: 
 @Action ConcreteID = AC1uf53ik801820269656 AbstractID = AA1uf53ik801820269656
 ConcreteID CUSTOM = ConcreteID CUSTOM not available AbstractID CUSTOM = AAuph9o1802540096980
 @State ConcreteID = SCbkqu3614f84270973423 AbstractID = SR1h53cfc13ff3888611520
 ConcreteID CUSTOM = SC16wki2s14f82174665694 AbstractID CUSTOM = SAr7hxf714f72077281655

	ROLE = LeftClickAt
	TARGET =
		WIDGET = WC1jewm0h46279493411, WR1h6ibpb92248851252, WT493d5b122119396097, WP10xwqjn42529369723
		ROLE = UIAButton
		TITLE = Line down
		SHAPE = Rect [x:980.0 y:671.0 w:17.0 h:17.0]
		CHILDREN = 0
		PATH = [0, 0, 0, 0, 0, 1, 2, 0, 0, 0, 2, 2, 0, 0, 0, 3]
	DESCRIPTION = Left Click at 'Line down'
	TEXT = Compound Action =
		Move mouse to (988.5, 679.5).
		Press Mouse Button BUTTON1
		Release Mouse Button BUTTON1

ExecutedAction [23]: 
 @Action ConcreteID = ACaw0qohe3143510737 AbstractID = AA1uzm9ikd63470805815
 ConcreteID CUSTOM = ConcreteID CUSTOM not available AbstractID CUSTOM = AA1fixnt9d44116293536
 @State ConcreteID = SC1oowx6s150a2814348442 AbstractID = SR3zdn3l1413860543760
 ConcreteID CUSTOM = SC1e7s2bl150f4006805906 AbstractID CUSTOM = SAu0whct150c878134024

	ROLE = ClickTypeInto
	TARGET =
		WIDGET = WCvxvxf2454202094480, WR4n9zi27465102038, WT1j269yi231736501415, WPrmf0tc412250328073
		ROLE = UIAText
		TITLE = Errors/Warnings on Selection
		SHAPE = Rect [x:467.0 y:321.0 w:161.0 h:20.0]
		CHILDREN = 0
		PATH = [0, 0, 0, 0, 0, 1, 0, 0, 1, 0]
	DESCRIPTION = Type 'FALSE' into 'Errors/Warnings on Selection
	TEXT = Compound Action =
		Compound Action =
		Move mouse to (547.5, 331.0).
		Press Mouse Button BUTTON1
		Release Mouse Button BUTTON1
		Press Key 17
		Press Key 65
		Release Key 65
		Release Key 17
		Type text 'FALSE'

ExecutedAction [24]: 
 @Action ConcreteID = AC10zj64q803672517098 AbstractID = AA10zj64q803672517098
 ConcreteID CUSTOM = ConcreteID CUSTOM not available AbstractID CUSTOM = AA19vca780570423398
 @State ConcreteID = SCbkqu3614f84270973423 AbstractID = SR1h53cfc13ff3888611520
 ConcreteID CUSTOM = SC16wki2s14f82174665694 AbstractID CUSTOM = SAr7hxf714f72077281655

	ROLE = LeftClickAt
	TARGET =
		WIDGET = WC1bvncak442166193518, WR88rmk0b1934231702, WTsobonj12332954533, WP4loyum402688740635
		ROLE = UIACheckBox
		TITLE = Problem
		SHAPE = Rect [x:808.0 y:660.0 w:49.0 h:18.0]
		CHILDREN = 0
		PATH = [0, 0, 0, 0, 0, 1, 2, 0, 0, 0, 2, 2, 0, 0, 15]
	DESCRIPTION = Left Click at 'Problem'
	TEXT = Compound Action =
		Move mouse to (832.5, 669.0).
		Press Mouse Button BUTTON1
		Release Mouse Button BUTTON1

ExecutedAction [25]: 
 @Action ConcreteID = ACdo16y80967734571 AbstractID = AAdo16y80967734571
 ConcreteID CUSTOM = ConcreteID CUSTOM not available AbstractID CUSTOM = AAzp49bj803266815143
 @State ConcreteID = SCbkqu3614f84270973423 AbstractID = SR1h53cfc13ff3888611520
 ConcreteID CUSTOM = SC16wki2s14f82174665694 AbstractID CUSTOM = SAr7hxf714f72077281655

	ROLE = LeftClickAt
	TARGET =
		WIDGET = WCx7qbvf472904813481, WR16s6p21c140494670, WTddzkv1164284674305, WP1owz9bd43740216126
		ROLE = UIAScrollBar
		TITLE = Horizontal
		SHAPE = Rect [x:771.0 y:688.0 w:209.0 h:17.0]
		CHILDREN = 4
		PATH = [0, 0, 0, 0, 0, 1, 2, 0, 0, 0, 2, 2, 0, 0, 1]
	DESCRIPTION = Left Click at 'Horizontal'
	TEXT = Compound Action =
		Move mouse to (875.5, 696.5).
		Press Mouse Button BUTTON1
		Release Mouse Button BUTTON1

ExecutedAction [26]: 
 @Action ConcreteID = ACowkjc8813794143307 AbstractID = AAowkjc8813794143307
 ConcreteID CUSTOM = ConcreteID CUSTOM not available AbstractID CUSTOM = AA1iaupnn81114548369
 @State ConcreteID = SCbkqu3614f84270973423 AbstractID = SR1h53cfc13ff3888611520
 ConcreteID CUSTOM = SC16wki2s14f82174665694 AbstractID CUSTOM = SAr7hxf714f72077281655

	ROLE = LeftClickAt
	TARGET =
		WIDGET = WC1sa0t283d491645803, WR88rmk0b1934231702, WT1nvwvr2f1041888928, WP16hnsb6392298940733
		ROLE = UIACheckBox
		TITLE = Info
		SHAPE = Rect [x:988.0 y:383.0 w:42.0 h:16.0]
		CHILDREN = 0
		PATH = [0, 0, 0, 0, 0, 1, 2, 0, 0, 0, 1, 2, 1, 3]
	DESCRIPTION = Left Click at 'Info'
	TEXT = Compound Action =
		Move mouse to (1009.0, 391.0).
		Press Mouse Button BUTTON1
		Release Mouse Button BUTTON1

ExecutedAction [27]: 
 @Action ConcreteID = AC193ia3n803319946943 AbstractID = AA193ia3n803319946943
 ConcreteID CUSTOM = ConcreteID CUSTOM not available AbstractID CUSTOM = AA9dug94801056673587
 @State ConcreteID = SCbkqu3614f84270973423 AbstractID = SR1h53cfc13ff3888611520
 ConcreteID CUSTOM = SC16wki2s14f82174665694 AbstractID CUSTOM = SAr7hxf714f72077281655

	ROLE = LeftClickAt
	TARGET =
		WIDGET = WC5omch34b1656717011, WR88rmk0b1934231702, WT16j8yjd193138431732, WPwrssux471395030182
		ROLE = UIACheckBox
		TITLE = Maven Problems
		SHAPE = Rect [x:808.0 y:642.0 w:93.0 h:18.0]
		CHILDREN = 0
		PATH = [0, 0, 0, 0, 0, 1, 2, 0, 0, 0, 2, 2, 0, 0, 14]
	DESCRIPTION = Left Click at 'Maven Problems'
	TEXT = Compound Action =
		Move mouse to (854.5, 651.0).
		Press Mouse Button BUTTON1
		Release Mouse Button BUTTON1

ExecutedAction [28]: 
 @Action ConcreteID = ACxdajvu801892447401 AbstractID = AAxdajvu801892447401
 ConcreteID CUSTOM = ConcreteID CUSTOM not available AbstractID CUSTOM = AA1woqs0f802346034469
 @State ConcreteID = SCbkqu3614f84270973423 AbstractID = SR1h53cfc13ff3888611520
 ConcreteID CUSTOM = SC16wki2s14f82174665694 AbstractID CUSTOM = SAr7hxf714f72077281655

	ROLE = LeftClickAt
	TARGET =
		WIDGET = WC1mfuev43f1266400501, WR17qbaneb3904637586, WTksaixp112129689314, WPa18aia3b1417961456
		ROLE = UIAComboBox
		TITLE = Text: 
		SHAPE = Rect [x:801.0 y:347.0 w:111.0 h:23.0]
		CHILDREN = 1
		PATH = [0, 0, 0, 0, 0, 1, 2, 0, 0, 0, 1, 2, 0, 1]
	DESCRIPTION = Left Click at 'Text: '
	TEXT = Compound Action =
		Move mouse to (856.5, 358.5).
		Press Mouse Button BUTTON1
		Release Mouse Button BUTTON1

ExecutedAction [29]: 
 @Action ConcreteID = ACsz9mzx81960841431 AbstractID = AAsz9mzx81960841431
 ConcreteID CUSTOM = ConcreteID CUSTOM not available AbstractID CUSTOM = AAh2zk2z802551508030
 @State ConcreteID = SC1hf9vd015723992360853 AbstractID = SRj8ilqg14713696194964
 ConcreteID CUSTOM = SCkz3lgu15731044598628 AbstractID CUSTOM = SA1uwtmup156d586114526

	ROLE = LeftClickAt
	TARGET =
		WIDGET = WC1bvncak442166193518, WR88rmk0b1934231702, WTsobonj12332954533, WP4loyum402688740635
		ROLE = UIACheckBox
		TITLE = Problem
		SHAPE = Rect [x:808.0 y:660.0 w:49.0 h:18.0]
		CHILDREN = 0
		PATH = [0, 0, 0, 0, 0, 1, 2, 0, 0, 0, 2, 2, 0, 0, 15]
	DESCRIPTION = Left Click at 'Problem'
	TEXT = Compound Action =
		Move mouse to (832.5, 669.0).
		Press Mouse Button BUTTON1
		Release Mouse Button BUTTON1

ExecutedAction [30]: 
 @Action ConcreteID = AC18fqhrh80692896082 AbstractID = AA18fqhrh80692896082
 ConcreteID CUSTOM = ConcreteID CUSTOM not available AbstractID CUSTOM = AA8q2nwy803528790238
 @State ConcreteID = SCbkqu3614f84270973423 AbstractID = SR1h53cfc13ff3888611520
 ConcreteID CUSTOM = SC16wki2s14f82174665694 AbstractID CUSTOM = SAr7hxf714f72077281655

	ROLE = LeftClickAt
	TARGET =
		WIDGET = WC1sep4no4996965352, WR1h6ibpb92248851252, WT1ungvu9153002714154, WP2g469y452962467720
		ROLE = UIAButton
		TITLE = Column right
		SHAPE = Rect [x:963.0 y:688.0 w:17.0 h:17.0]
		CHILDREN = 0
		PATH = [0, 0, 0, 0, 0, 1, 2, 0, 0, 0, 2, 2, 0, 0, 1, 3]
	DESCRIPTION = Left Click at 'Column right'
	TEXT = Compound Action =
		Move mouse to (971.5, 696.5).
		Press Mouse Button BUTTON1
		Release Mouse Button BUTTON1

ExecutedAction [31]: 
 @Action ConcreteID = AC1qahy76811948118171 AbstractID = AA1qahy76811948118171
 ConcreteID CUSTOM = ConcreteID CUSTOM not available AbstractID CUSTOM = AA1jtbq65802201219091
 @State ConcreteID = SC1qofpee150e2799992345 AbstractID = SR1k0oshr14132202439696
 ConcreteID CUSTOM = SC14eapn0150b196424687 AbstractID CUSTOM = SAjmha6r150b1586257329

	ROLE = LeftClickAt
	TARGET =
		WIDGET = WCxrhozx441339868547, WR1h6ibpb92248851252, WTrko51k10351550260, WPll7akf404101804798
		ROLE = UIAButton
		TITLE = Line up
		SHAPE = Rect [x:980.0 y:444.0 w:17.0 h:17.0]
		CHILDREN = 0
		PATH = [0, 0, 0, 0, 0, 1, 2, 0, 0, 0, 2, 2, 0, 0, 0, 0]
	DESCRIPTION = Left Click at 'Line up'
	TEXT = Compound Action =
		Move mouse to (988.5, 452.5).
		Press Mouse Button BUTTON1
		Release Mouse Button BUTTON1

ExecutedAction [32]: 
 @Action ConcreteID = AC171j7z0811251453400 AbstractID = AA171j7z0811251453400
 ConcreteID CUSTOM = ConcreteID CUSTOM not available AbstractID CUSTOM = AA10kczxz803183064400
 @State ConcreteID = SC1qofpee150e2799992345 AbstractID = SR1k0oshr14132202439696
 ConcreteID CUSTOM = SC14eapn0150b196424687 AbstractID CUSTOM = SAjmha6r150b1586257329

	ROLE = LeftClickAt
	TARGET =
		WIDGET = WC1lxz7e4411098657098, WR52qhb2b3065858412, WT1x7ljvw224166989255, WPqft08q3d832800536
		ROLE = UIAListItem
		TITLE = All Errors on Workspace
		SHAPE = Rect [x:441.0 y:361.0 w:187.0 h:20.0]
		CHILDREN = 1
		PATH = [0, 0, 0, 0, 0, 1, 0, 0, 3]
	DESCRIPTION = Left Click at 'All Errors on Workspace'
	TEXT = Compound Action =
		Move mouse to (534.5, 371.0).
		Press Mouse Button BUTTON1
		Release Mouse Button BUTTON1

ExecutedAction [33]: 
 @Action ConcreteID = ACdo16y80967734571 AbstractID = AAdo16y80967734571
 ConcreteID CUSTOM = ConcreteID CUSTOM not available AbstractID CUSTOM = AAzp49bj803266815143
 @State ConcreteID = SCbkqu3614f84270973423 AbstractID = SR1h53cfc13ff3888611520
 ConcreteID CUSTOM = SC16wki2s14f82174665694 AbstractID CUSTOM = SAr7hxf714f72077281655

	ROLE = LeftClickAt
	TARGET =
		WIDGET = WCx7qbvf472904813481, WR16s6p21c140494670, WTddzkv1164284674305, WP1owz9bd43740216126
		ROLE = UIAScrollBar
		TITLE = Horizontal
		SHAPE = Rect [x:771.0 y:688.0 w:209.0 h:17.0]
		CHILDREN = 4
		PATH = [0, 0, 0, 0, 0, 1, 2, 0, 0, 0, 2, 2, 0, 0, 1]
	DESCRIPTION = Left Click at 'Horizontal'
	TEXT = Compound Action =
		Move mouse to (875.5, 696.5).
		Press Mouse Button BUTTON1
		Release Mouse Button BUTTON1

ExecutedAction [34]: 
 @Action ConcreteID = ACul362z801920627997 AbstractID = AAul362z801920627997
 ConcreteID CUSTOM = ConcreteID CUSTOM not available AbstractID CUSTOM = AA1twje7k802305008785
 @State ConcreteID = SCbkqu3614f84270973423 AbstractID = SR1h53cfc13ff3888611520
 ConcreteID CUSTOM = SC16wki2s14f82174665694 AbstractID CUSTOM = SAr7hxf714f72077281655

	ROLE = LeftClickAt
	TARGET =
		WIDGET = WC13gss9g531758545821, WR88rmk0b1934231702, WT1ghjcn2224183075575, WP1yvh9lu4f275608565
		ROLE = UIACheckBox
		TITLE = Faceted Project Problem
		SHAPE = Rect [x:808.0 y:516.0 w:133.0 h:18.0]
		CHILDREN = 0
		PATH = [0, 0, 0, 0, 0, 1, 2, 0, 0, 0, 2, 2, 0, 0, 7]
	DESCRIPTION = Left Click at 'Faceted Project Problem'
	TEXT = Compound Action =
		Move mouse to (874.5, 525.0).
		Press Mouse Button BUTTON1
		Release Mouse Button BUTTON1

ExecutedAction [35]: 
 @Action ConcreteID = ACvsa7t1803234506054 AbstractID = AAvsa7t1803234506054
 ConcreteID CUSTOM = ConcreteID CUSTOM not available AbstractID CUSTOM = AA1v3qfxm801003713738
 @State ConcreteID = SCbkqu3614f84270973423 AbstractID = SR1h53cfc13ff3888611520
 ConcreteID CUSTOM = SC16wki2s14f82174665694 AbstractID CUSTOM = SAr7hxf714f72077281655

	ROLE = LeftClickAt
	TARGET =
		WIDGET = WC1nvncn4442058667946, WR52qhb2b3065858412, WTwwuuqj253753901550, WPcick9a402696470713
		ROLE = UIAListItem
		TITLE = Errors/Warnings on Project
		SHAPE = Rect [x:441.0 y:301.0 w:187.0 h:20.0]
		CHILDREN = 1
		PATH = [0, 0, 0, 0, 0, 1, 0, 0, 0]
	DESCRIPTION = Left Click at 'Errors/Warnings on Project'
	TEXT = Compound Action =
		Move mouse to (534.5, 311.0).
		Press Mouse Button BUTTON1
		Release Mouse Button BUTTON1

ExecutedAction [36]: 
 @Action ConcreteID = AC1sczp63804200243420 AbstractID = AA1sczp63804200243420
 ConcreteID CUSTOM = ConcreteID CUSTOM not available AbstractID CUSTOM = AAsnbvbk8021197136
 @State ConcreteID = SCbkqu3614f84270973423 AbstractID = SR1h53cfc13ff3888611520
 ConcreteID CUSTOM = SC16wki2s14f82174665694 AbstractID CUSTOM = SAr7hxf714f72077281655

	ROLE = LeftClickAt
	TARGET =
		WIDGET = WCzpoio6472854316025, WR88rmk0b1934231702, WT572n0t161023598249, WPdso5hw43106025576
		ROLE = UIACheckBox
		TITLE = EMF Problem
		SHAPE = Rect [x:808.0 y:498.0 w:75.0 h:18.0]
		CHILDREN = 0
		PATH = [0, 0, 0, 0, 0, 1, 2, 0, 0, 0, 2, 2, 0, 0, 6]
	DESCRIPTION = Left Click at 'EMF Problem'
	TEXT = Compound Action =
		Move mouse to (845.5, 507.0).
		Press Mouse Button BUTTON1
		Release Mouse Button BUTTON1

ExecutedAction [37]: 
 @Action ConcreteID = AC1agt7ms802768781364 AbstractID = AA1agt7ms802768781364
 ConcreteID CUSTOM = ConcreteID CUSTOM not available AbstractID CUSTOM = AAar5ds9801578209720
 @State ConcreteID = SCbkqu3614f84270973423 AbstractID = SR1h53cfc13ff3888611520
 ConcreteID CUSTOM = SC16wki2s14f82174665694 AbstractID CUSTOM = SAr7hxf714f72077281655

	ROLE = LeftClickAt
	TARGET =
		WIDGET = WC1lrd4hj482695234931, WR88rmk0b1934231702, WThwatmn174043716095, WPkkgyf9443715972859
		ROLE = UIACheckBox
		TITLE = APT Problems
		SHAPE = Rect [x:808.0 y:444.0 w:78.0 h:18.0]
		CHILDREN = 0
		PATH = [0, 0, 0, 0, 0, 1, 2, 0, 0, 0, 2, 2, 0, 0, 3]
	DESCRIPTION = Left Click at 'APT Problems'
	TEXT = Compound Action =
		Move mouse to (847.0, 453.0).
		Press Mouse Button BUTTON1
		Release Mouse Button BUTTON1

ExecutedAction [38]: 
 @Action ConcreteID = ACtxnma8802345530868 AbstractID = AAtxnma8802345530868
 ConcreteID CUSTOM = ConcreteID CUSTOM not available AbstractID CUSTOM = AA1t93uet801892951160
 @State ConcreteID = SCbkqu3614f84270973423 AbstractID = SR1h53cfc13ff3888611520
 ConcreteID CUSTOM = SC16wki2s14f82174665694 AbstractID CUSTOM = SAr7hxf714f72077281655

	ROLE = LeftClickAt
	TARGET =
		WIDGET = WC1mgb6r4351478489809, WR4na8ob72534219213, WT4na8ob72534219213, WPi91mci31237732971
		ROLE = UIATree
		TITLE = 
		SHAPE = Rect [x:769.0 y:442.0 w:230.0 h:265.0]
		CHILDREN = 17
		PATH = [0, 0, 0, 0, 0, 1, 2, 0, 0, 0, 2, 2, 0, 0]
	DESCRIPTION = Left Click at ''
	TEXT = Compound Action =
		Move mouse to (884.0, 574.5).
		Press Mouse Button BUTTON1
		Release Mouse Button BUTTON1

ExecutedAction [39]: 
 @Action ConcreteID = ACey7g1d9f3706624371 AbstractID = AAey7g1d9f3706624371
 ConcreteID CUSTOM = ConcreteID CUSTOM not available AbstractID CUSTOM = AA1v71kxwa03705616802
 @State ConcreteID = SCze38na15052049826378 AbstractID = SR3ag2vz141383742220
 ConcreteID CUSTOM = SClgjrzr1506557547881 AbstractID CUSTOM = SA1xs3yrs15001620627421

	ROLE = LeftDrag
	DESCRIPTION = Drag (991.0, 486.0) To (991.0, 666.0)
	TEXT = Compound Action =
		Move mouse to (991.0, 486.0).
		Press Mouse Button BUTTON1
		Move mouse to (991.0, 666.0).
		Release Mouse Button BUTTON1

ExecutedAction [40]: 
 @Action ConcreteID = AC1i9n6cc813255184020 AbstractID = AA1i9n6cc813255184020
 ConcreteID CUSTOM = ConcreteID CUSTOM not available AbstractID CUSTOM = AAwca4fu801833672072
 @State ConcreteID = SC1o0305l14e43125828996 AbstractID = SR1eegly913ec3636018956
 ConcreteID CUSTOM = SCkirctd14e23634006928 AbstractID CUSTOM = SAwmf97714e22581864002

	ROLE = LeftClickAt
	TARGET =
		WIDGET = WC1yy5ah24f832660914, WR88rmk0b1934231702, WTtj88rd1d4219604979, WPpg21144b1483158060
		ROLE = UIACheckBox
		TITLE = XML Schema Problem
		SHAPE = Rect [x:808.0 y:660.0 w:121.0 h:18.0]
		CHILDREN = 0
		PATH = [0, 0, 0, 0, 0, 1, 2, 0, 0, 0, 2, 2, 0, 0, 15]
	DESCRIPTION = Left Click at 'XML Schema Problem'
	TEXT = Compound Action =
		Move mouse to (868.5, 669.0).
		Press Mouse Button BUTTON1
		Release Mouse Button BUTTON1

ExecutedAction [41]: 
 @Action ConcreteID = AC1bs3ppd81626481855 AbstractID = AA1bs3ppd81626481855
 ConcreteID CUSTOM = ConcreteID CUSTOM not available AbstractID CUSTOM = AApuqnsv802317020579
 @State ConcreteID = SC1o0305l14e43125828996 AbstractID = SR1eegly913ec3636018956
 ConcreteID CUSTOM = SCkirctd14e23634006928 AbstractID CUSTOM = SAwmf97714e22581864002

	ROLE = LeftClickAt
	TARGET =
		WIDGET = WCbn6o1u5f3946220737, WR88rmk0b1934231702, WTwn1kno2e3938175987, WP21tyxc5b405818894
		ROLE = UIACheckBox
		TITLE = Gradle Project Configuration Marker
		SHAPE = Rect [x:808.0 y:444.0 w:172.0 h:18.0]
		CHILDREN = 0
		PATH = [0, 0, 0, 0, 0, 1, 2, 0, 0, 0, 2, 2, 0, 0, 3]
	DESCRIPTION = Left Click at 'Gradle Project Configuration Marker'
	TEXT = Compound Action =
		Move mouse to (894.0, 453.0).
		Press Mouse Button BUTTON1
		Release Mouse Button BUTTON1

ExecutedAction [42]: 
 @Action ConcreteID = ACb2mvwx80443374842 AbstractID = AAb2mvwx80443374842
 ConcreteID CUSTOM = ConcreteID CUSTOM not available AbstractID CUSTOM = AAzrrhx6801852898523
 @State ConcreteID = SC12xqath14ef133989402 AbstractID = SRgtkfii1400766202030
 ConcreteID CUSTOM = SC1wm0cag14ee3087131701 AbstractID CUSTOM = SAe8sh8h14ec2165561750

	ROLE = LeftClickAt
	TARGET =
		WIDGET = WC1f6koln41605754892, WR52qhb2b3065858412, WT1x7ljvw224166989255, WPjoehg93d1422179422
		ROLE = UIAListItem
		TITLE = All Errors on Workspace
		SHAPE = Rect [x:441.0 y:361.0 w:187.0 h:20.0]
		CHILDREN = 1
		PATH = [0, 0, 1, 0, 0, 1, 0, 0, 3]
	DESCRIPTION = Left Click at 'All Errors on Workspace'
	TEXT = Compound Action =
		Move mouse to (534.5, 371.0).
		Press Mouse Button BUTTON1
		Release Mouse Button BUTTON1

ExecutedAction [43]: 
 @Action ConcreteID = ACuvwdz78097646637 AbstractID = AAuvwdz78097646637
 ConcreteID CUSTOM = ConcreteID CUSTOM not available AbstractID CUSTOM = AA1u7cm3s804274530721
 @State ConcreteID = SCbkqu3614f84270973423 AbstractID = SR1h53cfc13ff3888611520
 ConcreteID CUSTOM = SC16wki2s14f82174665694 AbstractID CUSTOM = SAr7hxf714f72077281655

	ROLE = LeftClickAt
	TARGET =
		WIDGET = WC1ylj8gc461439535451, WR52qhb2b3065858412, WT6rmeby273548029102, WP1tqc5p642504531229
		ROLE = UIAListItem
		TITLE = Errors/Warnings on Selection
		SHAPE = Rect [x:441.0 y:321.0 w:187.0 h:20.0]
		CHILDREN = 1
		PATH = [0, 0, 0, 0, 0, 1, 0, 0, 1]
	DESCRIPTION = Left Click at 'Errors/Warnings on Selection'
	TEXT = Compound Action =
		Move mouse to (534.5, 331.0).
		Press Mouse Button BUTTON1
		Release Mouse Button BUTTON1

ExecutedAction [44]: 
 @Action ConcreteID = AC193ia3n803319946943 AbstractID = AA193ia3n803319946943
 ConcreteID CUSTOM = ConcreteID CUSTOM not available AbstractID CUSTOM = AA9dug94801056673587
 @State ConcreteID = SCbkqu3614f84270973423 AbstractID = SR1h53cfc13ff3888611520
 ConcreteID CUSTOM = SC16wki2s14f82174665694 AbstractID CUSTOM = SAr7hxf714f72077281655

	ROLE = LeftClickAt
	TARGET =
		WIDGET = WC5omch34b1656717011, WR88rmk0b1934231702, WT16j8yjd193138431732, WPwrssux471395030182
		ROLE = UIACheckBox
		TITLE = Maven Problems
		SHAPE = Rect [x:808.0 y:642.0 w:93.0 h:18.0]
		CHILDREN = 0
		PATH = [0, 0, 0, 0, 0, 1, 2, 0, 0, 0, 2, 2, 0, 0, 14]
	DESCRIPTION = Left Click at 'Maven Problems'
	TEXT = Compound Action =
		Move mouse to (854.5, 651.0).
		Press Mouse Button BUTTON1
		Release Mouse Button BUTTON1

ExecutedAction [45]: 
 @Action ConcreteID = ACrcpmlj802906284628 AbstractID = AArcpmlj802906284628
 ConcreteID CUSTOM = ConcreteID CUSTOM not available AbstractID CUSTOM = AA1qo5uq4801445180376
 @State ConcreteID = SCbkqu3614f84270973423 AbstractID = SR1h53cfc13ff3888611520
 ConcreteID CUSTOM = SC16wki2s14f82174665694 AbstractID CUSTOM = SAr7hxf714f72077281655

	ROLE = LeftClickAt
	TARGET =
		WIDGET = WC1j07va0482247516888, WR1h6ibpb92248851252, WTmroimq144285515309, WPzzlrii443661471987
		ROLE = UIAButton
		TITLE = Column left
		SHAPE = Rect [x:771.0 y:688.0 w:17.0 h:17.0]
		CHILDREN = 0
		PATH = [0, 0, 0, 0, 0, 1, 2, 0, 0, 0, 2, 2, 0, 0, 1, 0]
	DESCRIPTION = Left Click at 'Column left'
	TEXT = Compound Action =
		Move mouse to (779.5, 696.5).
		Press Mouse Button BUTTON1
		Release Mouse Button BUTTON1

ExecutedAction [46]: 
 @Action ConcreteID = AC175vwbief2358000431 AbstractID = AA1fqaegod53808855120
 ConcreteID CUSTOM = ConcreteID CUSTOM not available AbstractID CUSTOM = AAknd6szd51352059862
 @State ConcreteID = SCbkqu3614f84270973423 AbstractID = SR1h53cfc13ff3888611520
 ConcreteID CUSTOM = SC16wki2s14f82174665694 AbstractID CUSTOM = SAr7hxf714f72077281655

	ROLE = ClickTypeInto
	TARGET =
		WIDGET = WCvxvxf2454202094480, WR4n9zi27465102038, WT1j269yi231736501415, WPrmf0tc412250328073
		ROLE = UIAText
		TITLE = Errors/Warnings on Selection
		SHAPE = Rect [x:467.0 y:321.0 w:161.0 h:20.0]
		CHILDREN = 0
		PATH = [0, 0, 0, 0, 0, 1, 0, 0, 1, 0]
	DESCRIPTION = Type '🇺🇸🇷🇺🇸🇦🇫🇦...' into 'Errors/Warnings on Selection
	TEXT = Compound Action =
		Compound Action =
		Move mouse to (547.5, 331.0).
		Press Mouse Button BUTTON1
		Release Mouse Button BUTTON1
		Press Key 17
		Press Key 65
		Release Key 65
		Release Key 17
		Type text '🇺🇸🇷🇺🇸🇦🇫🇦🇲'

ExecutedAction [47]: 
 @Action ConcreteID = AC1agt7ms802768781364 AbstractID = AA1agt7ms802768781364
 ConcreteID CUSTOM = ConcreteID CUSTOM not available AbstractID CUSTOM = AAar5ds9801578209720
 @State ConcreteID = SCbkqu3614f84270973423 AbstractID = SR1h53cfc13ff3888611520
 ConcreteID CUSTOM = SC16wki2s14f82174665694 AbstractID CUSTOM = SAr7hxf714f72077281655

	ROLE = LeftClickAt
	TARGET =
		WIDGET = WC1lrd4hj482695234931, WR88rmk0b1934231702, WThwatmn174043716095, WPkkgyf9443715972859
		ROLE = UIACheckBox
		TITLE = APT Problems
		SHAPE = Rect [x:808.0 y:444.0 w:78.0 h:18.0]
		CHILDREN = 0
		PATH = [0, 0, 0, 0, 0, 1, 2, 0, 0, 0, 2, 2, 0, 0, 3]
	DESCRIPTION = Left Click at 'APT Problems'
	TEXT = Compound Action =
		Move mouse to (847.0, 453.0).
		Press Mouse Button BUTTON1
		Release Mouse Button BUTTON1

ExecutedAction [48]: 
 @Action ConcreteID = AC19kxdyc801760424274 AbstractID = AA19kxdyc801760424274
 ConcreteID CUSTOM = ConcreteID CUSTOM not available AbstractID CUSTOM = AA9v9k3t802482249950
 @State ConcreteID = SCbkqu3614f84270973423 AbstractID = SR1h53cfc13ff3888611520
 ConcreteID CUSTOM = SC16wki2s14f82174665694 AbstractID CUSTOM = SAr7hxf714f72077281655

	ROLE = LeftClickAt
	TARGET =
		WIDGET = WCx3ccoa451949162433, WR16s6p21c140494670, WTdtcs8f142835715827, WP10j101k411663327100
		ROLE = UIAScrollBar
		TITLE = Vertical
		SHAPE = Rect [x:980.0 y:444.0 w:17.0 h:244.0]
		CHILDREN = 4
		PATH = [0, 0, 0, 0, 0, 1, 2, 0, 0, 0, 2, 2, 0, 0, 0]
	DESCRIPTION = Left Click at 'Vertical'
	TEXT = Compound Action =
		Move mouse to (988.5, 566.0).
		Press Mouse Button BUTTON1
		Release Mouse Button BUTTON1

ExecutedAction [49]: 
 @Action ConcreteID = ACtzik5d802441943505 AbstractID = AAtzik5d802441943505
 ConcreteID CUSTOM = ConcreteID CUSTOM not available AbstractID CUSTOM = AA1tays9y801788135517
 @State ConcreteID = SCbkqu3614f84270973423 AbstractID = SR1h53cfc13ff3888611520
 ConcreteID CUSTOM = SC16wki2s14f82174665694 AbstractID CUSTOM = SAr7hxf714f72077281655

	ROLE = LeftClickAt
	TARGET =
		WIDGET = WCg3hc4j3f3769536623, WR52qhb2b3065858412, WT1p8n8ra204023046640, WP1rneghd3b3470131209
		ROLE = UIAListItem
		TITLE = Warnings on Selection
		SHAPE = Rect [x:441.0 y:341.0 w:187.0 h:20.0]
		CHILDREN = 1
		PATH = [0, 0, 0, 0, 0, 1, 0, 0, 2]
	DESCRIPTION = Left Click at 'Warnings on Selection'
	TEXT = Compound Action =
		Move mouse to (534.5, 351.0).
		Press Mouse Button BUTTON1
		Release Mouse Button BUTTON1

ExecutedAction [50]: 
 @Action ConcreteID = ACnkup6y8049695463 AbstractID = AAnkup6y8049695463
 ConcreteID CUSTOM = ConcreteID CUSTOM not available AbstractID CUSTOM = AA1mwaxbj804193229675
 @State ConcreteID = SCbkqu3614f84270973423 AbstractID = SR1h53cfc13ff3888611520
 ConcreteID CUSTOM = SC16wki2s14f82174665694 AbstractID CUSTOM = SAr7hxf714f72077281655

	ROLE = LeftClickAt
	TARGET =
		WIDGET = WC1lgpvji23394660413, WR4n4ygb71694219017, WT4n4ygb71694219017, WP1wax8801f185613210
		ROLE = UIAList
		TITLE = 
		SHAPE = Rect [x:439.0 y:299.0 w:201.0 h:418.0]
		CHILDREN = 4
		PATH = [0, 0, 0, 0, 0, 1, 0, 0]
	DESCRIPTION = Left Click at ''
	TEXT = Compound Action =
		Move mouse to (539.5, 508.0).
		Press Mouse Button BUTTON1
		Release Mouse Button BUTTON1

ExecutedAction [51]: 
 @Action ConcreteID = AC1xwigtu802784462715 AbstractID = AA1xwigtu802784462715
 ConcreteID CUSTOM = ConcreteID CUSTOM not available AbstractID CUSTOM = AAy6umzb801592678135
 @State ConcreteID = SCbkqu3614f84270973423 AbstractID = SR1h53cfc13ff3888611520
 ConcreteID CUSTOM = SC16wki2s14f82174665694 AbstractID CUSTOM = SAr7hxf714f72077281655

	ROLE = LeftClickAt
	TARGET =
		WIDGET = WC1nmimro39231994651, WR4na8ob72534219213, WT17lsren111380118329, WP1tzhtiu352881729726
		ROLE = UIATree
		TITLE = Expandable
		SHAPE = Rect [x:759.0 y:302.0 w:11.0 h:11.0]
		CHILDREN = 0
		PATH = [0, 0, 0, 0, 0, 1, 2, 0, 0, 0, 0, 0]
	DESCRIPTION = Left Click at 'Expandable'
	TEXT = Compound Action =
		Move mouse to (764.5, 307.5).
		Press Mouse Button BUTTON1
		Release Mouse Button BUTTON1

ExecutedAction [52]: 
 @Action ConcreteID = AC1mxyuvr801070552205 AbstractID = AA1mxyuvr801070552205
 ConcreteID CUSTOM = ConcreteID CUSTOM not available AbstractID CUSTOM = AA7ume1s802564293865
 @State ConcreteID = SC13s44w314f9443805527 AbstractID = SR1bji9ts1400534990510
 ConcreteID CUSTOM = SCbfq09514f82487593264 AbstractID CUSTOM = SAp7cdq414f03439229200

	ROLE = LeftClickAt
	TARGET =
		WIDGET = WC1nn2fd139817093803, WR4na8ob72534219213, WT17lsren111380118329, WP1u01m47352527304974
		ROLE = UIATree
		TITLE = Expandable
		SHAPE = Rect [x:759.0 y:455.0 w:11.0 h:11.0]
		CHILDREN = 0
		PATH = [0, 0, 0, 0, 0, 1, 2, 0, 0, 0, 1, 0]
	DESCRIPTION = Left Click at 'Expandable'
	TEXT = Compound Action =
		Move mouse to (764.5, 460.5).
		Press Mouse Button BUTTON1
		Release Mouse Button BUTTON1

ExecutedAction [53]: 
 @Action ConcreteID = AC1bh4535802048156481 AbstractID = AA1bh4535802048156481
 ConcreteID CUSTOM = ConcreteID CUSTOM not available AbstractID CUSTOM = AA1uwr7mq801309808739
 @State ConcreteID = SCjmjeqh146e2691959261 AbstractID = SRhsezqb137b1569190389
 ConcreteID CUSTOM = SC103o0et14683941240230 AbstractID CUSTOM = SA1bds4pm1466142810673

	ROLE = LeftClickAt
	TARGET =
		WIDGET = WCxh487c523757347859, WRa3fnoge3263686876, WT1rysmj5273024703704, WP126kn6e4e1905818518
		ROLE = UIARadioButton
		TITLE = On selected elements only
		SHAPE = Rect [x:764.0 y:360.0 w:160.0 h:16.0]
		CHILDREN = 0
		PATH = [0, 0, 0, 0, 0, 1, 2, 0, 0, 0, 0, 2, 2]
	DESCRIPTION = Left Click at 'On selected elements only'
	TEXT = Compound Action =
		Move mouse to (844.0, 368.0).
		Press Mouse Button BUTTON1
		Release Mouse Button BUTTON1

ExecutedAction [54]: 
 @Action ConcreteID = AC1dnevei802622545113 AbstractID = AA1dnevei802622545113
 ConcreteID CUSTOM = ConcreteID CUSTOM not available AbstractID CUSTOM = AA1x31xy3802824251387
 @State ConcreteID = SCjmjeqh146e2691959261 AbstractID = SRhsezqb137b1569190389
 ConcreteID CUSTOM = SC103o0et14683941240230 AbstractID CUSTOM = SA1bds4pm1466142810673

	ROLE = LeftClickAt
	TARGET =
		WIDGET = WCzpoio6472854316025, WR88rmk0b1934231702, WT572n0t161023598249, WPdso5hw43106025576
		ROLE = UIACheckBox
		TITLE = EMF Problem
		SHAPE = Rect [x:808.0 y:556.0 w:75.0 h:18.0]
		CHILDREN = 0
		PATH = [0, 0, 0, 0, 0, 1, 2, 0, 0, 0, 2, 2, 0, 0, 6]
	DESCRIPTION = Left Click at 'EMF Problem'
	TEXT = Compound Action =
		Move mouse to (845.5, 565.0).
		Press Mouse Button BUTTON1
		Release Mouse Button BUTTON1

ExecutedAction [55]: 
 @Action ConcreteID = ACrv607z802706074721 AbstractID = AArv607z802706074721
 ConcreteID CUSTOM = ConcreteID CUSTOM not available AbstractID CUSTOM = AA1bat2rk802504857411
 @State ConcreteID = SCjmjeqh146e2691959261 AbstractID = SRhsezqb137b1569190389
 ConcreteID CUSTOM = SC103o0et14683941240230 AbstractID CUSTOM = SA1bds4pm1466142810673

	ROLE = LeftClickAt
	TARGET =
		WIDGET = WC1nbrehd471776993085, WR88rmk0b1934231702, WTx1rmr16163677133, WP87or4v432540033794
		ROLE = UIACheckBox
		TITLE = DTD Problem
		SHAPE = Rect [x:808.0 y:538.0 w:73.0 h:18.0]
		CHILDREN = 0
		PATH = [0, 0, 0, 0, 0, 1, 2, 0, 0, 0, 2, 2, 0, 0, 5]
	DESCRIPTION = Left Click at 'DTD Problem'
	TEXT = Compound Action =
		Move mouse to (844.5, 547.0).
		Press Mouse Button BUTTON1
		Release Mouse Button BUTTON1

ExecutedAction [56]: 
 @Action ConcreteID = ACcvcm8s802482695431 AbstractID = AAcvcm8s802482695431
 ConcreteID CUSTOM = ConcreteID CUSTOM not available AbstractID CUSTOM = AAwazosd802818348581
 @State ConcreteID = SCjmjeqh146e2691959261 AbstractID = SRhsezqb137b1569190389
 ConcreteID CUSTOM = SC103o0et14683941240230 AbstractID CUSTOM = SA1bds4pm1466142810673

	ROLE = LeftClickAt
	TARGET =
		WIDGET = WC1nvncn4442058667946, WR52qhb2b3065858412, WTwwuuqj253753901550, WPcick9a402696470713
		ROLE = UIAListItem
		TITLE = Errors/Warnings on Project
		SHAPE = Rect [x:441.0 y:301.0 w:187.0 h:20.0]
		CHILDREN = 1
		PATH = [0, 0, 0, 0, 0, 1, 0, 0, 0]
	DESCRIPTION = Left Click at 'Errors/Warnings on Project'
	TEXT = Compound Action =
		Move mouse to (534.5, 311.0).
		Press Mouse Button BUTTON1
		Release Mouse Button BUTTON1

ExecutedAction [57]: 
 @Action ConcreteID = AC1dnevei802622545113 AbstractID = AA1dnevei802622545113
 ConcreteID CUSTOM = ConcreteID CUSTOM not available AbstractID CUSTOM = AA1x31xy3802824251387
 @State ConcreteID = SCjmjeqh146e2691959261 AbstractID = SRhsezqb137b1569190389
 ConcreteID CUSTOM = SC103o0et14683941240230 AbstractID CUSTOM = SA1bds4pm1466142810673

	ROLE = LeftClickAt
	TARGET =
		WIDGET = WCzpoio6472854316025, WR88rmk0b1934231702, WT572n0t161023598249, WPdso5hw43106025576
		ROLE = UIACheckBox
		TITLE = EMF Problem
		SHAPE = Rect [x:808.0 y:556.0 w:75.0 h:18.0]
		CHILDREN = 0
		PATH = [0, 0, 0, 0, 0, 1, 2, 0, 0, 0, 2, 2, 0, 0, 6]
	DESCRIPTION = Left Click at 'EMF Problem'
	TEXT = Compound Action =
		Move mouse to (845.5, 565.0).
		Press Mouse Button BUTTON1
		Release Mouse Button BUTTON1

ExecutedAction [58]: 
 @Action ConcreteID = ACa8yhcy80752779212 AbstractID = AAa8yhcy80752779212
 ConcreteID CUSTOM = ConcreteID CUSTOM not available AbstractID CUSTOM = AAtoljwj80416810222
 @State ConcreteID = SCjmjeqh146e2691959261 AbstractID = SRhsezqb137b1569190389
 ConcreteID CUSTOM = SC103o0et14683941240230 AbstractID CUSTOM = SA1bds4pm1466142810673

	ROLE = LeftClickAt
	TARGET =
		WIDGET = WC16uylo35e314446803, WRa3fnoge3263686876, WT5ezg1x33318936485, WP14sk2rl5a1944989916
		ROLE = UIARadioButton
		TITLE = On selected elements and its children
		SHAPE = Rect [x:764.0 y:379.0 w:218.0 h:16.0]
		CHILDREN = 0
		PATH = [0, 0, 0, 0, 0, 1, 2, 0, 0, 0, 0, 2, 3]
	DESCRIPTION = Left Click at 'On selected elements and its children'
	TEXT = Compound Action =
		Move mouse to (873.0, 387.0).
		Press Mouse Button BUTTON1
		Release Mouse Button BUTTON1

ExecutedAction [59]: 
 @Action ConcreteID = ACo0jrj7804162489955 AbstractID = AAo0jrj7804162489955
 ConcreteID CUSTOM = ConcreteID CUSTOM not available AbstractID CUSTOM = AA17g6u2s803424449857
 @State ConcreteID = SCjmjeqh146e2691959261 AbstractID = SRhsezqb137b1569190389
 ConcreteID CUSTOM = SC103o0et14683941240230 AbstractID CUSTOM = SA1bds4pm1466142810673

	ROLE = LeftClickAt
	TARGET =
		WIDGET = WC9a3l6o553321054320, WR88rmk0b1934231702, WT1eodbtb233661262825, WP2p2ctu512295419194
		ROLE = UIACheckBox
		TITLE = Java Build Path Problems
		SHAPE = Rect [x:808.0 y:646.0 w:136.0 h:18.0]
		CHILDREN = 0
		PATH = [0, 0, 0, 0, 0, 1, 2, 0, 0, 0, 2, 2, 0, 0, 11]
	DESCRIPTION = Left Click at 'Java Build Path Problems'
	TEXT = Compound Action =
		Move mouse to (876.0, 655.0).
		Press Mouse Button BUTTON1
		Release Mouse Button BUTTON1

ExecutedAction [60]: 
 @Action ConcreteID = AC2owowm803275491448 AbstractID = AA2owowm803275491448
 ConcreteID CUSTOM = ConcreteID CUSTOM not available AbstractID CUSTOM = AAm4jrg7804147802970
 @State ConcreteID = SCjmjeqh146e2691959261 AbstractID = SRhsezqb137b1569190389
 ConcreteID CUSTOM = SC103o0et14683941240230 AbstractID CUSTOM = SA1bds4pm1466142810673

	ROLE = LeftClickAt
	TARGET =
		WIDGET = WChrt2ky4a2003098243, WR88rmk0b1934231702, WT17qeayq18406679121, WP1uhzg3o463154996256
		ROLE = UIACheckBox
		TITLE = Java Problems
		SHAPE = Rect [x:808.0 y:664.0 w:79.0 h:18.0]
		CHILDREN = 0
		PATH = [0, 0, 0, 0, 0, 1, 2, 0, 0, 0, 2, 2, 0, 0, 12]
	DESCRIPTION = Left Click at 'Java Problems'
	TEXT = Compound Action =
		Move mouse to (847.5, 673.0).
		Press Mouse Button BUTTON1
		Release Mouse Button BUTTON1

ExecutedAction [61]: 
 @Action ConcreteID = ACpisw78802054981907 AbstractID = AApisw78802054981907
 ConcreteID CUSTOM = ConcreteID CUSTOM not available AbstractID CUSTOM = AA18yfyqt801316680241
 @State ConcreteID = SCjmjeqh146e2691959261 AbstractID = SRhsezqb137b1569190389
 ConcreteID CUSTOM = SC103o0et14683941240230 AbstractID CUSTOM = SA1bds4pm1466142810673

	ROLE = LeftClickAt
	TARGET =
		WIDGET = WC1sep4no4996965352, WR1h6ibpb92248851252, WT1ungvu9153002714154, WP2g469y452962467720
		ROLE = UIAButton
		TITLE = Column right
		SHAPE = Rect [x:963.0 y:688.0 w:17.0 h:17.0]
		CHILDREN = 0
		PATH = [0, 0, 0, 0, 0, 1, 2, 0, 0, 0, 2, 2, 0, 0, 1, 3]
	DESCRIPTION = Left Click at 'Column right'
	TEXT = Compound Action =
		Move mouse to (971.5, 696.5).
		Press Mouse Button BUTTON1
		Release Mouse Button BUTTON1

ExecutedAction [62]: 
 @Action ConcreteID = ACp5x8c9811198778775 AbstractID = AAp5x8c9811198778775
 ConcreteID CUSTOM = ConcreteID CUSTOM not available AbstractID CUSTOM = AA1qhgm1y816112922
 @State ConcreteID = SC1m1h0v114842029793917 AbstractID = SR6xagsa138f4127544601
 ConcreteID CUSTOM = SCzf8d97147b2908529203 AbstractID CUSTOM = SA1p7b6be147a3252456772

	ROLE = LeftClickAt
	TARGET =
		WIDGET = WC16uylo35e314446803, WRa3fnoge3263686876, WT5ezg1x33318936485, WP14sk2rl5a1944989916
		ROLE = UIARadioButton
		TITLE = On selected elements and its children
		SHAPE = Rect [x:764.0 y:379.0 w:218.0 h:16.0]
		CHILDREN = 0
		PATH = [0, 0, 0, 0, 0, 1, 2, 0, 0, 0, 0, 2, 3]
	DESCRIPTION = Left Click at 'On selected elements and its children'
	TEXT = Compound Action =
		Move mouse to (873.0, 387.0).
		Press Mouse Button BUTTON1
		Release Mouse Button BUTTON1

ExecutedAction [63]: 
 @Action ConcreteID = AC862wa681407053675 AbstractID = AA862wa681407053675
 ConcreteID CUSTOM = ConcreteID CUSTOM not available AbstractID CUSTOM = AA19hm9zv811601014374
 @State ConcreteID = SC1m1h0v114842029793917 AbstractID = SR6xagsa138f4127544601
 ConcreteID CUSTOM = SCzf8d97147b2908529203 AbstractID CUSTOM = SA1p7b6be147a3252456772

	ROLE = LeftClickAt
	TARGET =
		WIDGET = WCx3ccoa451949162433, WR16s6p21c140494670, WTdtcs8f142835715827, WP10j101k411663327100
		ROLE = UIAScrollBar
		TITLE = Vertical
		SHAPE = Rect [x:980.0 y:502.0 w:17.0 h:186.0]
		CHILDREN = 4
		PATH = [0, 0, 0, 0, 0, 1, 2, 0, 0, 0, 2, 2, 0, 0, 0]
	DESCRIPTION = Left Click at 'Vertical'
	TEXT = Compound Action =
		Move mouse to (988.5, 595.0).
		Press Mouse Button BUTTON1
		Release Mouse Button BUTTON1

ExecutedAction [64]: 
 @Action ConcreteID = ACrsbd83814166482780 AbstractID = AArsbd83814166482780
 ConcreteID CUSTOM = ConcreteID CUSTOM not available AbstractID CUSTOM = AA1t3uqxs813212432465
 @State ConcreteID = SC1m1h0v114842029793917 AbstractID = SR6xagsa138f4127544601
 ConcreteID CUSTOM = SCzf8d97147b2908529203 AbstractID CUSTOM = SA1p7b6be147a3252456772

	ROLE = LeftClickAt
	TARGET =
		WIDGET = WC1nvncn4442058667946, WR52qhb2b3065858412, WTwwuuqj253753901550, WPcick9a402696470713
		ROLE = UIAListItem
		TITLE = Errors/Warnings on Project
		SHAPE = Rect [x:441.0 y:301.0 w:187.0 h:20.0]
		CHILDREN = 1
		PATH = [0, 0, 0, 0, 0, 1, 0, 0, 0]
	DESCRIPTION = Left Click at 'Errors/Warnings on Project'
	TEXT = Compound Action =
		Move mouse to (534.5, 311.0).
		Press Mouse Button BUTTON1
		Release Mouse Button BUTTON1

ExecutedAction [65]: 
 @Action ConcreteID = ACm36a4z81864294938 AbstractID = AAm36a4z81864294938
 ConcreteID CUSTOM = ConcreteID CUSTOM not available AbstractID CUSTOM = AA1kb5176813872415621
 @State ConcreteID = SCjmjeqh146e2691959261 AbstractID = SRhsezqb137b1569190389
 ConcreteID CUSTOM = SC103o0et14683941240230 AbstractID CUSTOM = SA1bds4pm1466142810673

	ROLE = LeftClickAt
	TARGET =
		WIDGET = WC1cp8czj223341012265, WR1h6ibpb92248851252, WT1vjbvvdf3603144044, WP1hau3kd1e2315216825
		ROLE = UIAButton
		TITLE = Cancel
		SHAPE = Rect [x:1026.0 y:812.0 w:92.0 h:25.0]
		CHILDREN = 0
		PATH = [0, 0, 0, 2, 4]
	DESCRIPTION = Left Click at 'Cancel'
	TEXT = Compound Action =
		Move mouse to (1072.0, 824.5).
		Press Mouse Button BUTTON1
		Release Mouse Button BUTTON1

ExecutedAction [66]: 
 @Action ConcreteID = AC10jei96801993113741 AbstractID = AA10jei96801993113741
 ConcreteID CUSTOM = ConcreteID CUSTOM not available AbstractID CUSTOM = AA9n750w7f4148073252
 @State ConcreteID = SC1xyxa7ld991334862367 AbstractID = SRssiwitcfe470558501
 ConcreteID CUSTOM = SC187c90zd9e3024084470 AbstractID CUSTOM = SArdcc6ad803165046034

	ROLE = LeftClickAt
	TARGET =
		WIDGET = WC1s7087g201459384978, WR17v7k2nb1067391859, WT1omh7n413746922249, WP2hrom21c3522112309
		ROLE = UIAMenuItem
		TITLE = Navigate
		SHAPE = Rect [x:334.0 y:291.0 w:61.0 h:19.0]
		CHILDREN = 0
		PATH = [0, 4, 2]
	DESCRIPTION = Left Click at 'Navigate'
	TEXT = Compound Action =
		Move mouse to (364.5, 300.5).
		Press Mouse Button BUTTON1
		Release Mouse Button BUTTON1

ExecutedAction [67]: 
 @Action ConcreteID = AC1hn2xv9812380945226 AbstractID = AA1hn2xv9812380945226
 ConcreteID CUSTOM = ConcreteID CUSTOM not available AbstractID CUSTOM = AA16zlwcf7f3694281675
 @State ConcreteID = SC1h9p9hcf252301816857 AbstractID = SR1syliqie8d3889138725
 ConcreteID CUSTOM = SC1ics4iuf1c4293010101 AbstractID CUSTOM = SA3uzuzaf16774065936

	ROLE = LeftClickAt
	TARGET =
		WIDGET = WC1wgnzup362222190576, WR1h6ibpb92248851252, WTogc9bu141497257592, WP1u5hg6r321154240773
		ROLE = UIAButton
		TITLE = &Filters...
		SHAPE = Rect [x:1142.0 y:834.0 w:23.0 h:22.0]
		CHILDREN = 0
		PATH = [0, 1, 0, 0, 0, 0, 4, 0, 0, 0]
	DESCRIPTION = Left Click at '&Filters...'
	TEXT = Compound Action =
		Move mouse to (1153.5, 845.0).
		Press Mouse Button BUTTON1
		Release Mouse Button BUTTON1

ExecutedAction [68]: 
 @Action ConcreteID = AC1fydkm8802089633478 AbstractID = AA1fydkm8802089633478
 ConcreteID CUSTOM = ConcreteID CUSTOM not available AbstractID CUSTOM = AAv13s9803684308642
 @State ConcreteID = SC13s44w314f9443805527 AbstractID = SR1bji9ts1400534990510
 ConcreteID CUSTOM = SCbfq09514f82487593264 AbstractID CUSTOM = SAp7cdq414f03439229200

	ROLE = LeftClickAt
	TARGET =
		WIDGET = WC19zp3yn402967386499, WR88rmk0b1934231702, WT1ge3158122222009259, WPlwigqp3c2572523779
		ROLE = UIACheckBox
		TITLE = Warning
		SHAPE = Rect [x:918.0 y:516.0 w:66.0 h:16.0]
		CHILDREN = 0
		PATH = [0, 0, 0, 0, 0, 1, 2, 0, 0, 0, 1, 2, 1, 2]
	DESCRIPTION = Left Click at 'Warning'
	TEXT = Compound Action =
		Move mouse to (951.0, 524.0).
		Press Mouse Button BUTTON1
		Release Mouse Button BUTTON1

ExecutedAction [69]: 
 @Action ConcreteID = ACfwqr8j804153349908 AbstractID = AAfwqr8j804153349908
 ConcreteID CUSTOM = ConcreteID CUSTOM not available AbstractID CUSTOM = AAzuicdo801352157040
 @State ConcreteID = SC13s44w314f9443805527 AbstractID = SR1bji9ts1400534990510
 ConcreteID CUSTOM = SCbfq09514f82487593264 AbstractID CUSTOM = SAp7cdq414f03439229200

	ROLE = LeftClickAt
	TARGET =
		WIDGET = WC1nmimro39231994651, WR4na8ob72534219213, WT17lsren111380118329, WP1tzhtiu352881729726
		ROLE = UIATree
		TITLE = Expandable
		SHAPE = Rect [x:759.0 y:302.0 w:11.0 h:11.0]
		CHILDREN = 0
		PATH = [0, 0, 0, 0, 0, 1, 2, 0, 0, 0, 0, 0]
	DESCRIPTION = Left Click at 'Expandable'
	TEXT = Compound Action =
		Move mouse to (764.5, 307.5).
		Press Mouse Button BUTTON1
		Release Mouse Button BUTTON1

ExecutedAction [70]: 
 @Action ConcreteID = AC3akbdae81039752444 AbstractID = AA314e9gd5100123936
 ConcreteID CUSTOM = ConcreteID CUSTOM not available AbstractID CUSTOM = AA16zb8kvd53060239014
 @State ConcreteID = SCbkqu3614f84270973423 AbstractID = SR1h53cfc13ff3888611520
 ConcreteID CUSTOM = SC16wki2s14f82174665694 AbstractID CUSTOM = SAr7hxf714f72077281655

	ROLE = ClickTypeInto
	TARGET =
		WIDGET = WC1s6k2l2403955805353, WR4n9zi27465102038, WTicswpc1e1656000223, WPslfbwo3c1487450914
		ROLE = UIAText
		TITLE = All Errors on Workspace
		SHAPE = Rect [x:467.0 y:361.0 w:161.0 h:20.0]
		CHILDREN = 0
		PATH = [0, 0, 0, 0, 0, 1, 0, 0, 3, 0]
	DESCRIPTION = Type 'åß∂ƒ©˙∆˚¬…æ' into 'All Errors on Workspace
	TEXT = Compound Action =
		Compound Action =
		Move mouse to (547.5, 371.0).
		Press Mouse Button BUTTON1
		Release Mouse Button BUTTON1
		Press Key 17
		Press Key 65
		Release Key 65
		Release Key 17
		Type text 'åß∂ƒ©˙∆˚¬…æ'

ExecutedAction [71]: 
 @Action ConcreteID = ACu4eu1d80561696592 AbstractID = AAu4eu1d80561696592
 ConcreteID CUSTOM = ConcreteID CUSTOM not available AbstractID CUSTOM = AA1tfv25y803663929052
 @State ConcreteID = SCbkqu3614f84270973423 AbstractID = SR1h53cfc13ff3888611520
 ConcreteID CUSTOM = SC16wki2s14f82174665694 AbstractID CUSTOM = SAr7hxf714f72077281655

	ROLE = LeftClickAt
	TARGET =
		WIDGET = WC1hidqca5c2295496600, WR88rmk0b1934231702, WT14qzbbc2a951882437, WP16yz98s581191112224
		ROLE = UIACheckBox
		TITLE = JRE Compiler Compliance Problem
		SHAPE = Rect [x:808.0 y:570.0 w:172.0 h:18.0]
		CHILDREN = 0
		PATH = [0, 0, 0, 0, 0, 1, 2, 0, 0, 0, 2, 2, 0, 0, 10]
	DESCRIPTION = Left Click at 'JRE Compiler Compliance Problem'
	TEXT = Compound Action =
		Move mouse to (894.0, 579.0).
		Press Mouse Button BUTTON1
		Release Mouse Button BUTTON1

ExecutedAction [72]: 
 @Action ConcreteID = AC1q67lk7801031033201 AbstractID = AA1q67lk7801031033201
 ConcreteID CUSTOM = ConcreteID CUSTOM not available AbstractID CUSTOM = AAqgjrpo803329065213
 @State ConcreteID = SCbkqu3614f84270973423 AbstractID = SR1h53cfc13ff3888611520
 ConcreteID CUSTOM = SC16wki2s14f82174665694 AbstractID CUSTOM = SAr7hxf714f72077281655

	ROLE = LeftClickAt
	TARGET =
		WIDGET = WC1j2pl763e969114514, WR1h6ibpb92248851252, WT1gjzbmxd1262302430, WPrkspgg3a3362050564
		ROLE = UIAButton
		TITLE = Open
		SHAPE = Rect [x:896.0 y:348.0 w:15.0 h:21.0]
		CHILDREN = 0
		PATH = [0, 0, 0, 0, 0, 1, 2, 0, 0, 0, 1, 2, 0, 1, 0]
	DESCRIPTION = Left Click at 'Open'
	TEXT = Compound Action =
		Move mouse to (903.5, 358.5).
		Press Mouse Button BUTTON1
		Release Mouse Button BUTTON1

ExecutedAction [73]: 
 @Action ConcreteID = ACm45awk813269042285 AbstractID = AAm45awk813269042285
 ConcreteID CUSTOM = ConcreteID CUSTOM not available AbstractID CUSTOM = AAa7v7zm801669859972
 @State ConcreteID = SC1hf9vd015723992360853 AbstractID = SRj8ilqg14713696194964
 ConcreteID CUSTOM = SCkz3lgu15731044598628 AbstractID CUSTOM = SA1uwtmup156d586114526

	ROLE = LeftClickAt
	TARGET =
		WIDGET = WC1hidqca5c2295496600, WR88rmk0b1934231702, WT14qzbbc2a951882437, WP16yz98s581191112224
		ROLE = UIACheckBox
		TITLE = JRE Compiler Compliance Problem
		SHAPE = Rect [x:808.0 y:570.0 w:172.0 h:18.0]
		CHILDREN = 0
		PATH = [0, 0, 0, 0, 0, 1, 2, 0, 0, 0, 2, 2, 0, 0, 10]
	DESCRIPTION = Left Click at 'JRE Compiler Compliance Problem'
	TEXT = Compound Action =
		Move mouse to (894.0, 579.0).
		Press Mouse Button BUTTON1
		Release Mouse Button BUTTON1

ExecutedAction [74]: 
 @Action ConcreteID = ACcnlrih802748000072 AbstractID = AAcnlrih802748000072
 ConcreteID CUSTOM = ConcreteID CUSTOM not available AbstractID CUSTOM = AA1bz1zn2801490220740
 @State ConcreteID = SCbkqu3614f84270973423 AbstractID = SR1h53cfc13ff3888611520
 ConcreteID CUSTOM = SC16wki2s14f82174665694 AbstractID CUSTOM = SAr7hxf714f72077281655

	ROLE = LeftClickAt
	TARGET =
		WIDGET = WC9a3l6o553321054320, WR88rmk0b1934231702, WT1eodbtb233661262825, WP2p2ctu512295419194
		ROLE = UIACheckBox
		TITLE = Java Build Path Problems
		SHAPE = Rect [x:808.0 y:588.0 w:136.0 h:18.0]
		CHILDREN = 0
		PATH = [0, 0, 0, 0, 0, 1, 2, 0, 0, 0, 2, 2, 0, 0, 11]
	DESCRIPTION = Left Click at 'Java Build Path Problems'
	TEXT = Compound Action =
		Move mouse to (876.0, 597.0).
		Press Mouse Button BUTTON1
		Release Mouse Button BUTTON1

ExecutedAction [75]: 
 @Action ConcreteID = AC1cc3gjp801780220409 AbstractID = AA1cc3gjp801780220409
 ConcreteID CUSTOM = ConcreteID CUSTOM not available AbstractID CUSTOM = AAcmfmp6802433077365
 @State ConcreteID = SCbkqu3614f84270973423 AbstractID = SR1h53cfc13ff3888611520
 ConcreteID CUSTOM = SC16wki2s14f82174665694 AbstractID CUSTOM = SAr7hxf714f72077281655

	ROLE = LeftClickAt
	TARGET =
		WIDGET = WCxrhozx441339868547, WR1h6ibpb92248851252, WTrko51k10351550260, WPll7akf404101804798
		ROLE = UIAButton
		TITLE = Line up
		SHAPE = Rect [x:980.0 y:444.0 w:17.0 h:17.0]
		CHILDREN = 0
		PATH = [0, 0, 0, 0, 0, 1, 2, 0, 0, 0, 2, 2, 0, 0, 0, 0]
	DESCRIPTION = Left Click at 'Line up'
	TEXT = Compound Action =
		Move mouse to (988.5, 452.5).
		Press Mouse Button BUTTON1
		Release Mouse Button BUTTON1

ExecutedAction [76]: 
 @Action ConcreteID = ACxdajvu801892447401 AbstractID = AAxdajvu801892447401
 ConcreteID CUSTOM = ConcreteID CUSTOM not available AbstractID CUSTOM = AA1woqs0f802346034469
 @State ConcreteID = SCbkqu3614f84270973423 AbstractID = SR1h53cfc13ff3888611520
 ConcreteID CUSTOM = SC16wki2s14f82174665694 AbstractID CUSTOM = SAr7hxf714f72077281655

	ROLE = LeftClickAt
	TARGET =
		WIDGET = WC1mfuev43f1266400501, WR17qbaneb3904637586, WTksaixp112129689314, WPa18aia3b1417961456
		ROLE = UIAComboBox
		TITLE = Text: 
		SHAPE = Rect [x:801.0 y:347.0 w:111.0 h:23.0]
		CHILDREN = 1
		PATH = [0, 0, 0, 0, 0, 1, 2, 0, 0, 0, 1, 2, 0, 1]
	DESCRIPTION = Left Click at 'Text: '
	TEXT = Compound Action =
		Move mouse to (856.5, 358.5).
		Press Mouse Button BUTTON1
		Release Mouse Button BUTTON1

ExecutedAction [77]: 
 @Action ConcreteID = AC1mevkdr812413589349 AbstractID = AA1mevkdr812413589349
 ConcreteID CUSTOM = ConcreteID CUSTOM not available AbstractID CUSTOM = AA1ailhgt80781048204
 @State ConcreteID = SC1hf9vd015723992360853 AbstractID = SRj8ilqg14713696194964
 ConcreteID CUSTOM = SCkz3lgu15731044598628 AbstractID CUSTOM = SA1uwtmup156d586114526

	ROLE = LeftClickAt
	TARGET =
		WIDGET = WC1jewm0h46279493411, WR1h6ibpb92248851252, WT493d5b122119396097, WP10xwqjn42529369723
		ROLE = UIAButton
		TITLE = Line down
		SHAPE = Rect [x:980.0 y:671.0 w:17.0 h:17.0]
		CHILDREN = 0
		PATH = [0, 0, 0, 0, 0, 1, 2, 0, 0, 0, 2, 2, 0, 0, 0, 3]
	DESCRIPTION = Left Click at 'Line down'
	TEXT = Compound Action =
		Move mouse to (988.5, 679.5).
		Press Mouse Button BUTTON1
		Release Mouse Button BUTTON1

ExecutedAction [78]: 
 @Action ConcreteID = AC11dleug802897295089 AbstractID = AA11dleug802897295089
 ConcreteID CUSTOM = ConcreteID CUSTOM not available AbstractID CUSTOM = AA1nxkzx801470687101
 @State ConcreteID = SCbkqu3614f84270973423 AbstractID = SR1h53cfc13ff3888611520
 ConcreteID CUSTOM = SC16wki2s14f82174665694 AbstractID CUSTOM = SAr7hxf714f72077281655

	ROLE = LeftClickAt
	TARGET =
		WIDGET = WCvivb8c3e4259365898, WR88rmk0b1934231702, WT9m9ji0102129742601, WPkcuhla3a50511710
		ROLE = UIACheckBox
		TITLE = Error
		SHAPE = Rect [x:868.0 y:383.0 w:46.0 h:16.0]
		CHILDREN = 0
		PATH = [0, 0, 0, 0, 0, 1, 2, 0, 0, 0, 1, 2, 1, 1]
	DESCRIPTION = Left Click at 'Error'
	TEXT = Compound Action =
		Move mouse to (891.0, 391.0).
		Press Mouse Button BUTTON1
		Release Mouse Button BUTTON1

ExecutedAction [79]: 
 @Action ConcreteID = AC1477eru81839670100 AbstractID = AA1477eru81839670100
 ConcreteID CUSTOM = ConcreteID CUSTOM not available AbstractID CUSTOM = AA1xlhl39813606679438
 @State ConcreteID = SCbkqu3614f84270973423 AbstractID = SR1h53cfc13ff3888611520
 ConcreteID CUSTOM = SC16wki2s14f82174665694 AbstractID CUSTOM = SAr7hxf714f72077281655

	ROLE = LeftClickAt
	TARGET =
		WIDGET = WC1cp8czj223341012265, WR1h6ibpb92248851252, WT1vjbvvdf3603144044, WP1hau3kd1e2315216825
		ROLE = UIAButton
		TITLE = Cancel
		SHAPE = Rect [x:1026.0 y:812.0 w:92.0 h:25.0]
		CHILDREN = 0
		PATH = [0, 0, 0, 2, 4]
	DESCRIPTION = Left Click at 'Cancel'
	TEXT = Compound Action =
		Move mouse to (1072.0, 824.5).
		Press Mouse Button BUTTON1
		Release Mouse Button BUTTON1

ExecutedAction [80]: 
 @Action ConcreteID = AC1drc4vb804206487800 AbstractID = AA1drc4vb804206487800
 ConcreteID CUSTOM = ConcreteID CUSTOM not available AbstractID CUSTOM = AAmv4rn17f2068577105
 @State ConcreteID = SC1xyxa7ld991334862367 AbstractID = SRssiwitcfe470558501
 ConcreteID CUSTOM = SC187c90zd9e3024084470 AbstractID CUSTOM = SArdcc6ad803165046034

	ROLE = LeftClickAt
	TARGET =
		WIDGET = WCxo6dd51e3781355840, WR17v7k2nb1067391859, WTixgq3z113705304648, WP1mqnbef1a3817243629
		ROLE = UIAMenuItem
		TITLE = Window
		SHAPE = Rect [x:530.0 y:291.0 w:58.0 h:19.0]
		CHILDREN = 0
		PATH = [0, 4, 6]
	DESCRIPTION = Left Click at 'Window'
	TEXT = Compound Action =
		Move mouse to (559.0, 300.5).
		Press Mouse Button BUTTON1
		Release Mouse Button BUTTON1

ExecutedAction [81]: 
 @Action ConcreteID = ACyl9vbz813147926938 AbstractID = AAyl9vbz813147926938
 ConcreteID CUSTOM = ConcreteID CUSTOM not available AbstractID CUSTOM = AA1xfxd4g7f2576208400
 @State ConcreteID = SC1yrulbje334232514278 AbstractID = SR1lgyxo2d9d1049564813
 ConcreteID CUSTOM = SC1jl7llse263535590672 AbstractID CUSTOM = SAx52wxte27772238666

	ROLE = LeftClickAt
	TARGET =
		WIDGET = WCh8z63e252480340720, WR88rmk0b1934231702, WT1nvx9gyf2324308261, WPaxcolo21398398825
		ROLE = UIACheckBox
		TITLE = Java
		SHAPE = Rect [x:1245.0 y:317.0 w:23.0 h:22.0]
		CHILDREN = 0
		PATH = [0, 3, 8, 0, 0, 1]
	DESCRIPTION = Left Click at 'Java'
	TEXT = Compound Action =
		Move mouse to (1256.5, 328.0).
		Press Mouse Button BUTTON1
		Release Mouse Button BUTTON1

ExecutedAction [82]: 
 @Action ConcreteID = ACsmmkqk813465247514 AbstractID = AAsmmkqk813465247514
 ConcreteID CUSTOM = ConcreteID CUSTOM not available AbstractID CUSTOM = AA1b9muba801627427397
 @State ConcreteID = SC1xyxa7ld991334862367 AbstractID = SRssiwitcfe470558501
 ConcreteID CUSTOM = SC187c90zd9e3024084470 AbstractID CUSTOM = SArdcc6ad803165046034

	ROLE = LeftClickAt
	TARGET =
		WIDGET = WCplz1mj25249110406, WR88rmk0b1934231702, WT1nvx9gyf2324308261, WPjack4t212326852639
		ROLE = UIACheckBox
		TITLE = Java
		SHAPE = Rect [x:1245.0 y:317.0 w:23.0 h:22.0]
		CHILDREN = 0
		PATH = [0, 2, 8, 0, 0, 1]
	DESCRIPTION = Left Click at 'Java'
	TEXT = Compound Action =
		Move mouse to (1256.5, 328.0).
		Press Mouse Button BUTTON1
		Release Mouse Button BUTTON1

ExecutedAction [83]: 
 @Action ConcreteID = AC19rd2uh801718083395 AbstractID = AA19rd2uh801718083395
 ConcreteID CUSTOM = ConcreteID CUSTOM not available AbstractID CUSTOM = AAiv5pm77f3885354218
 @State ConcreteID = SC1xyxa7ld991334862367 AbstractID = SRssiwitcfe470558501
 ConcreteID CUSTOM = SC187c90zd9e3024084470 AbstractID CUSTOM = SArdcc6ad803165046034

	ROLE = LeftClickAt
	TARGET =
		WIDGET = WCob4qr8343292093634, WR1h6ibpb92248851252, WT17n94sl212370609578, WPdegs3m302900806514
		ROLE = UIAButton
		TITLE = Open Type (Ctrl+Shift+T)
		SHAPE = Rect [x:585.0 y:316.0 w:23.0 h:22.0]
		CHILDREN = 0
		PATH = [0, 2, 3, 0, 0]
	DESCRIPTION = Left Click at 'Open Type (Ctrl+Shift+T)'
	TEXT = Compound Action =
		Move mouse to (596.5, 327.0).
		Press Mouse Button BUTTON1
		Release Mouse Button BUTTON1

ExecutedAction [84]: 
 @Action ConcreteID = AC1f45wmb7f1115282739 AbstractID = AA1f45wmb7f1115282739
 ConcreteID CUSTOM = ConcreteID CUSTOM not available AbstractID CUSTOM = AAe4401p803774213989
 @State ConcreteID = SC16rzqlue70649687821 AbstractID = SRshkluudd2155777285
 ConcreteID CUSTOM = SCzbwjt5e682940927857 AbstractID CUSTOM = SA1n0iyzue6c2956262637

	ROLE = LeftClickAt
	TARGET =
		WIDGET = WCsnaojz1c3125247144, WR1h6ibpb92248851252, WT102cl9kc3980420586, WP1f9rnlt181810638922
		ROLE = UIAButton
		TITLE = Yes
		SHAPE = Rect [x:829.0 y:655.0 w:92.0 h:25.0]
		CHILDREN = 0
		PATH = [0, 0, 3, 0]
	DESCRIPTION = Left Click at 'Yes'
	TEXT = Compound Action =
		Move mouse to (875.0, 667.5).
		Press Mouse Button BUTTON1
		Release Mouse Button BUTTON1

ExecutedAction [85]: 
 @Action ConcreteID = AC643ox2812657531402 AbstractID = AA643ox2812657531402
 ConcreteID CUSTOM = ConcreteID CUSTOM not available AbstractID CUSTOM = AAi7q91280837006450
 @State ConcreteID = SC1vu2i8c10ba1056104994 AbstractID = SR16zoqwlffd1368107583
 ConcreteID CUSTOM = SCwcscuz10b62861474676 AbstractID CUSTOM = SAz1y7mj10b32314603202

	ROLE = LeftClickAt
	TARGET =
		WIDGET = WCkh84o9243333389591, WR88rmk0b1934231702, WT88rmk0b1934231702, WP1bocjuf201538219083
		ROLE = UIACheckBox
		TITLE = 
		SHAPE = Rect [x:529.0 y:793.0 w:31.0 h:30.0]
		CHILDREN = 0
		PATH = [0, 0, 0, 0, 1, 0, 0]
	DESCRIPTION = Left Click at ''
	TEXT = Compound Action =
		Move mouse to (544.5, 808.0).
		Press Mouse Button BUTTON1
		Release Mouse Button BUTTON1

ExecutedAction [86]: 
 @Action ConcreteID = ACxb7gat811141180473 AbstractID = AAxb7gat811141180473
 ConcreteID CUSTOM = ConcreteID CUSTOM not available AbstractID CUSTOM = AAamr8db803646756400
 @State ConcreteID = SC16zjfze12d02088174731 AbstractID = SRrkcfc11fc1236497581
 ConcreteID CUSTOM = SC5o7w2l12ce3931233941 AbstractID CUSTOM = SA1a4ts2b12dc835576216

	ROLE = LeftClickAt
	TARGET =
		WIDGET = WCaxf98u2f2169426299, WR4na8ob72534219213, WT4na8ob72534219213, WP10gvo8w2b4226796862
		ROLE = UIATree
		TITLE = 
		SHAPE = Rect [x:528.0 y:497.0 w:489.0 h:220.0]
		CHILDREN = 5
		PATH = [0, 0, 0, 0, 0, 1, 0, 1, 0, 0, 1, 0]
	DESCRIPTION = Left Click at ''
	TEXT = Compound Action =
		Move mouse to (772.5, 607.0).
		Press Mouse Button BUTTON1
		Release Mouse Button BUTTON1

ExecutedAction [87]: 
 @Action ConcreteID = ACrfg4ar80924083964 AbstractID = AArfg4ar80924083964
 ConcreteID CUSTOM = ConcreteID CUSTOM not available AbstractID CUSTOM = AA3vq2oa803391005391
 @State ConcreteID = SCh4ewqd12d02952126741 AbstractID = SRrkcfc11fc1236497581
 ConcreteID CUSTOM = SC13iv6ry12ce3765333060 AbstractID CUSTOM = SA1a4ts2b12dc835576216

	ROLE = LeftClickAt
	TARGET =
		WIDGET = WCerpip3d1633888554, WR5quxi6b4097176690, WT1y9sp9m122493850589, WP1ohr0hr392140675346
		ROLE = UIATreeItem
		TITLE = General
		SHAPE = Rect [x:568.0 y:499.0 w:44.0 h:18.0]
		CHILDREN = 0
		PATH = [0, 0, 0, 0, 0, 1, 0, 1, 0, 0, 1, 0, 0]
	DESCRIPTION = Left Click at 'General'
	TEXT = Compound Action =
		Move mouse to (590.0, 508.0).
		Press Mouse Button BUTTON1
		Release Mouse Button BUTTON1

ExecutedAction [88]: 
 @Action ConcreteID = AC1nbfyry802585566327 AbstractID = AA1nbfyry802585566327
 ConcreteID CUSTOM = ConcreteID CUSTOM not available AbstractID CUSTOM = AAzrpx5h801729517636
 @State ConcreteID = SCh4ewqd12d02952126741 AbstractID = SRrkcfc11fc1236497581
 ConcreteID CUSTOM = SC13iv6ry12ce3765333060 AbstractID CUSTOM = SA1a4ts2b12dc835576216

	ROLE = LeftClickAt
	TARGET =
		WIDGET = WC70hf3k3e3193276698, WR5quxi6b4097176690, WT1dm2lxj13367077303, WP48m2ym3a2723576459
		ROLE = UIATreeItem
		TITLE = Examples
		SHAPE = Rect [x:568.0 y:571.0 w:54.0 h:18.0]
		CHILDREN = 0
		PATH = [0, 0, 0, 0, 0, 1, 0, 1, 0, 0, 1, 0, 4]
	DESCRIPTION = Left Click at 'Examples'
	TEXT = Compound Action =
		Move mouse to (595.0, 580.0).
		Press Mouse Button BUTTON1
		Release Mouse Button BUTTON1

ExecutedAction [89]: 
 @Action ConcreteID = AC1r7s97d802495139322 AbstractID = AA1r7s97d802495139322
 ConcreteID CUSTOM = ConcreteID CUSTOM not available AbstractID CUSTOM = AA13o27kw801773275593
 @State ConcreteID = SCh4ewqd12d02952126741 AbstractID = SRrkcfc11fc1236497581
 ConcreteID CUSTOM = SC13iv6ry12ce3765333060 AbstractID CUSTOM = SA1a4ts2b12dc835576216

	ROLE = LeftClickAt
	TARGET =
		WIDGET = WC1bwph53a4225092085, WR5quxi6b4097176690, WT1kgmhk0f3023179332, WPidiurr361446966784
		ROLE = UIATreeItem
		TITLE = Java
		SHAPE = Rect [x:568.0 y:535.0 w:26.0 h:18.0]
		CHILDREN = 0
		PATH = [0, 0, 0, 0, 0, 1, 0, 1, 0, 0, 1, 0, 2]
	DESCRIPTION = Left Click at 'Java'
	TEXT = Compound Action =
		Move mouse to (581.0, 544.0).
		Press Mouse Button BUTTON1
		Release Mouse Button BUTTON1

ExecutedAction [90]: 
 @Action ConcreteID = ACrfg4ar80924083964 AbstractID = AArfg4ar80924083964
 ConcreteID CUSTOM = ConcreteID CUSTOM not available AbstractID CUSTOM = AA3vq2oa803391005391
 @State ConcreteID = SCh4ewqd12d02952126741 AbstractID = SRrkcfc11fc1236497581
 ConcreteID CUSTOM = SC13iv6ry12ce3765333060 AbstractID CUSTOM = SA1a4ts2b12dc835576216

	ROLE = LeftClickAt
	TARGET =
		WIDGET = WCerpip3d1633888554, WR5quxi6b4097176690, WT1y9sp9m122493850589, WP1ohr0hr392140675346
		ROLE = UIATreeItem
		TITLE = General
		SHAPE = Rect [x:568.0 y:499.0 w:44.0 h:18.0]
		CHILDREN = 0
		PATH = [0, 0, 0, 0, 0, 1, 0, 1, 0, 0, 1, 0, 0]
	DESCRIPTION = Left Click at 'General'
	TEXT = Compound Action =
		Move mouse to (590.0, 508.0).
		Press Mouse Button BUTTON1
		Release Mouse Button BUTTON1

ExecutedAction [91]: 
 @Action ConcreteID = AC1nbfyry802585566327 AbstractID = AA1nbfyry802585566327
 ConcreteID CUSTOM = ConcreteID CUSTOM not available AbstractID CUSTOM = AAzrpx5h801729517636
 @State ConcreteID = SCh4ewqd12d02952126741 AbstractID = SRrkcfc11fc1236497581
 ConcreteID CUSTOM = SC13iv6ry12ce3765333060 AbstractID CUSTOM = SA1a4ts2b12dc835576216

	ROLE = LeftClickAt
	TARGET =
		WIDGET = WC70hf3k3e3193276698, WR5quxi6b4097176690, WT1dm2lxj13367077303, WP48m2ym3a2723576459
		ROLE = UIATreeItem
		TITLE = Examples
		SHAPE = Rect [x:568.0 y:571.0 w:54.0 h:18.0]
		CHILDREN = 0
		PATH = [0, 0, 0, 0, 0, 1, 0, 1, 0, 0, 1, 0, 4]
	DESCRIPTION = Left Click at 'Examples'
	TEXT = Compound Action =
		Move mouse to (595.0, 580.0).
		Press Mouse Button BUTTON1
		Release Mouse Button BUTTON1

ExecutedAction [92]: 
 @Action ConcreteID = AC1l4olw8804070879038 AbstractID = AA1l4olw8804070879038
 ConcreteID CUSTOM = ConcreteID CUSTOM not available AbstractID CUSTOM = AAxkyk9r80263088909
 @State ConcreteID = SCh4ewqd12d02952126741 AbstractID = SRrkcfc11fc1236497581
 ConcreteID CUSTOM = SC13iv6ry12ce3765333060 AbstractID CUSTOM = SA1a4ts2b12dc835576216

	ROLE = LeftClickAt
	TARGET =
		WIDGET = WCkh84o9243333389591, WR88rmk0b1934231702, WT88rmk0b1934231702, WP1bocjuf201538219083
		ROLE = UIACheckBox
		TITLE = 
		SHAPE = Rect [x:529.0 y:793.0 w:31.0 h:30.0]
		CHILDREN = 0
		PATH = [0, 0, 0, 0, 1, 0, 0]
	DESCRIPTION = Left Click at ''
	TEXT = Compound Action =
		Move mouse to (544.5, 808.0).
		Press Mouse Button BUTTON1
		Release Mouse Button BUTTON1

ExecutedAction [93]: 
 @Action ConcreteID = AC1bn3pf281900858864 AbstractID = AA1bn3pf281900858864
 ConcreteID CUSTOM = ConcreteID CUSTOM not available AbstractID CUSTOM = AA7j1wrn81133993175
 @State ConcreteID = SC11ux4s810a71456632189 AbstractID = SR8y1sowfea3176303255
 ConcreteID CUSTOM = SCobiln510a11851866806 AbstractID CUSTOM = SA1kp9ba6109f4120701309

	ROLE = LeftClickAt
	TARGET =
		WIDGET = WCerpip3d1633888554, WR5quxi6b4097176690, WT1y9sp9m122493850589, WP1ohr0hr392140675346
		ROLE = UIATreeItem
		TITLE = General
		SHAPE = Rect [x:568.0 y:499.0 w:44.0 h:18.0]
		CHILDREN = 0
		PATH = [0, 0, 0, 0, 0, 1, 0, 1, 0, 0, 1, 0, 0]
	DESCRIPTION = Left Click at 'General'
	TEXT = Compound Action =
		Move mouse to (590.0, 508.0).
		Press Mouse Button BUTTON1
		Release Mouse Button BUTTON1

ExecutedAction [94]: 
 @Action ConcreteID = ACjjluan811189976459 AbstractID = AAjjluan811189976459
 ConcreteID CUSTOM = ConcreteID CUSTOM not available AbstractID CUSTOM = AA1oyw6lz812639239854
 @State ConcreteID = SC188z8oz10a71095990032 AbstractID = SR8y1sowfea3176303255
 ConcreteID CUSTOM = SC15ns5s010a12107682954 AbstractID CUSTOM = SA1kp9ba6109f4120701309

	ROLE = LeftClickAt
	TARGET =
		WIDGET = WC1x1a42d3c4250716483, WR5quxi6b4097176690, WT1q174sl112520769526, WP1t4pzab384021152106
		ROLE = UIATreeItem
		TITLE = Gradle
		SHAPE = Rect [x:568.0 y:517.0 w:38.0 h:18.0]
		CHILDREN = 0
		PATH = [0, 0, 0, 0, 0, 1, 0, 1, 0, 0, 1, 0, 1]
	DESCRIPTION = Left Click at 'Gradle'
	TEXT = Compound Action =
		Move mouse to (587.0, 526.0).
		Press Mouse Button BUTTON1
		Release Mouse Button BUTTON1

ExecutedAction [95]: 
 @Action ConcreteID = AC1bbz4xi812113400550 AbstractID = AA1bbz4xi812113400550
 ConcreteID CUSTOM = ConcreteID CUSTOM not available AbstractID CUSTOM = AAhq5f9q812790649283
 @State ConcreteID = SC188z8oz10a71095990032 AbstractID = SR8y1sowfea3176303255
 ConcreteID CUSTOM = SC15ns5s010a12107682954 AbstractID CUSTOM = SA1kp9ba6109f4120701309

	ROLE = LeftClickAt
	TARGET =
		WIDGET = WC1fjguvf3b3778638474, WR5quxi6b4097176690, WT19mb6rx103745582401, WP1d1kb2x371021364131
		ROLE = UIATreeItem
		TITLE = Maven
		SHAPE = Rect [x:568.0 y:553.0 w:40.0 h:18.0]
		CHILDREN = 0
		PATH = [0, 0, 0, 0, 0, 1, 0, 1, 0, 0, 1, 0, 3]
	DESCRIPTION = Left Click at 'Maven'
	TEXT = Compound Action =
		Move mouse to (588.0, 562.0).
		Press Mouse Button BUTTON1
		Release Mouse Button BUTTON1

ExecutedAction [96]: 
 @Action ConcreteID = ACnx33rh813434909753 AbstractID = AAnx33rh813434909753
 ConcreteID CUSTOM = ConcreteID CUSTOM not available AbstractID CUSTOM = AA1tcdg2t81387879708
 @State ConcreteID = SC188z8oz10a71095990032 AbstractID = SR8y1sowfea3176303255
 ConcreteID CUSTOM = SC15ns5s010a12107682954 AbstractID CUSTOM = SA1kp9ba6109f4120701309

	ROLE = LeftClickAt
	TARGET =
		WIDGET = WC11urwpr281308528198, WR1h6ibpb92248851252, WT1vjbvvdf3603144044, WPcnqa3x242089400793
		ROLE = UIAButton
		TITLE = Cancel
		SHAPE = Rect [x:924.0 y:796.0 w:92.0 h:25.0]
		CHILDREN = 0
		PATH = [0, 0, 0, 0, 1, 1, 2]
	DESCRIPTION = Left Click at 'Cancel'
	TEXT = Compound Action =
		Move mouse to (970.0, 808.5).
		Press Mouse Button BUTTON1
		Release Mouse Button BUTTON1

ExecutedAction [97]: 
 @Action ConcreteID = AC10jei96801993113741 AbstractID = AA10jei96801993113741
 ConcreteID CUSTOM = ConcreteID CUSTOM not available AbstractID CUSTOM = AA9n750w7f4148073252
 @State ConcreteID = SC1xyxa7ld991334862367 AbstractID = SRssiwitcfe470558501
 ConcreteID CUSTOM = SC187c90zd9e3024084470 AbstractID CUSTOM = SArdcc6ad803165046034

	ROLE = LeftClickAt
	TARGET =
		WIDGET = WC1s7087g201459384978, WR17v7k2nb1067391859, WT1omh7n413746922249, WP2hrom21c3522112309
		ROLE = UIAMenuItem
		TITLE = Navigate
		SHAPE = Rect [x:334.0 y:291.0 w:61.0 h:19.0]
		CHILDREN = 0
		PATH = [0, 4, 2]
	DESCRIPTION = Left Click at 'Navigate'
	TEXT = Compound Action =
		Move mouse to (364.5, 300.5).
		Press Mouse Button BUTTON1
		Release Mouse Button BUTTON1

ExecutedAction [98]: 
 @Action ConcreteID = AC1gmbaf811100721927 AbstractID = AA1gmbaf811100721927
 ConcreteID CUSTOM = ConcreteID CUSTOM not available AbstractID CUSTOM = AA1pu9bqp7f272874374
 @State ConcreteID = SC1h9p9hcf252301816857 AbstractID = SR1syliqie8d3889138725
 ConcreteID CUSTOM = SC1ics4iuf1c4293010101 AbstractID CUSTOM = SA3uzuzaf16774065936

	ROLE = LeftClickAt
	TARGET =
		WIDGET = WCyb6v0f362809950853, WR88rmk0b1934231702, WTd5rxjx14935243443, WP1ot3ze9323627562879
		ROLE = UIACheckBox
		TITLE = Scheduled
		SHAPE = Rect [x:1166.0 y:371.0 w:23.0 h:22.0]
		CHILDREN = 0
		PATH = [0, 1, 0, 0, 0, 0, 2, 1, 0, 2]
	DESCRIPTION = Left Click at 'Scheduled'
	TEXT = Compound Action =
		Move mouse to (1177.5, 382.0).
		Press Mouse Button BUTTON1
		Release Mouse Button BUTTON1

ExecutedAction [99]: 
 @Action ConcreteID = AC1kp6up9802669618767 AbstractID = AA1kp6up9802669618767
 ConcreteID CUSTOM = ConcreteID CUSTOM not available AbstractID CUSTOM = AA1a75io5802178434501
 @State ConcreteID = SC1ubnpseedc947699633 AbstractID = SRh66h9he341298541509
 ConcreteID CUSTOM = SCn0tphbede3924495490 AbstractID CUSTOM = SAnobjewec52564823480

	ROLE = LeftClickAt
	TARGET =
		WIDGET = WC1vy74te361668172135, WR1h6ibpb92248851252, WTogc9bu141497257592, WP1tn0l5g322748446610
		ROLE = UIAButton
		TITLE = &Filters...
		SHAPE = Rect [x:1142.0 y:834.0 w:23.0 h:22.0]
		CHILDREN = 0
		PATH = [0, 0, 0, 0, 0, 0, 4, 0, 0, 0]
	DESCRIPTION = Left Click at '&Filters...'
	TEXT = Compound Action =
		Move mouse to (1153.5, 845.0).
		Press Mouse Button BUTTON1
		Release Mouse Button BUTTON1

ExecutedAction [100]: 
 @Action ConcreteID = AC1m5zvt9803678003740 AbstractID = AA1m5zvt9803678003740
 ConcreteID CUSTOM = ConcreteID CUSTOM not available AbstractID CUSTOM = AA10ox144813692622790
 @State ConcreteID = SC1fcinvl163b375920439 AbstractID = SR17z4rsw15363381800214
 ConcreteID CUSTOM = SC1hkbb6l163e1122385229 AbstractID CUSTOM = SA1b9zoi516332310303554

	ROLE = LeftClickAt
	TARGET =
		WIDGET = WC1nmimro39231994651, WR4na8ob72534219213, WT17lsren111380118329, WP1tzhtiu352881729726
		ROLE = UIATree
		TITLE = Expandable
		SHAPE = Rect [x:759.0 y:302.0 w:11.0 h:11.0]
		CHILDREN = 0
		PATH = [0, 0, 0, 0, 0, 1, 2, 0, 0, 0, 0, 0]
	DESCRIPTION = Left Click at 'Expandable'
	TEXT = Compound Action =
		Move mouse to (764.5, 307.5).
		Press Mouse Button BUTTON1
		Release Mouse Button BUTTON1

Sequence 1 finished.
Copying generated sequence ("sequence2761") to output directory...
Copying classified sequence ("sequence2761") to sequences_ok folder...
