Starting sequence 1 (output as: sequence374)

ExecutedAction [1]: 
 @Action ConcreteID = AC12sapnm7f1670814104 AbstractID = AA12sapnm7f1670814104
 ConcreteID CUSTOM = ConcreteID CUSTOM not available AbstractID CUSTOM = AA47yq5i7f827913137
 @State ConcreteID = SC1vfifyx4ad740625235 AbstractID = SR1c93ckp4722174874075
 ConcreteID CUSTOM = SC18i76z4b6396937683 AbstractID CUSTOM = SAh4wk614b32326080043

	ROLE = LeftClickAt
	TARGET =
		WIDGET = WC1v4qmzc1c3530989599, WR17v7k2nb1067391859, WT1qe89j4f2180189081, WP1t6nt0m181898351548
		ROLE = UIAMenuItem
		TITLE = Help
		SHAPE = Rect [x:412.0 y:265.0 w:39.0 h:19.0]
		CHILDREN = 0
		PATH = [1, 3, 4]
	DESCRIPTION = Left Click at 'Help'
	TEXT = Compound Action =
		Move mouse to (431.5, 274.5).
		Press Mouse Button BUTTON1
		Release Mouse Button BUTTON1

ExecutedAction [2]: 
 @Action ConcreteID = ACdn2w7f802613320798 AbstractID = AAdn2w7f802613320798
 ConcreteID CUSTOM = ConcreteID CUSTOM not available AbstractID CUSTOM = AA1bhgd37f3327296035
 @State ConcreteID = SC1ci8jfy5001281495596 AbstractID = SRehhbsc4c13048075511
 ConcreteID CUSTOM = SC147xd464fe808163732 AbstractID CUSTOM = SAriou4i5022684859534

	ROLE = LeftClickAt
	TARGET =
		WIDGET = WCvlzmeg252700730945, WR17v7k2nb1067391859, WT1wv077z18170180715, WPotjm2e213842195271
		ROLE = UIAMenuItem
		TITLE = About Notepad
		SHAPE = Rect [x:415.0 y:338.0 w:166.0 h:22.0]
		CHILDREN = 0
		PATH = [1, 0, 2]
	DESCRIPTION = Left Click at 'About Notepad'
	TEXT = Compound Action =
		Move mouse to (498.0, 349.0).
		Press Mouse Button BUTTON1
		Release Mouse Button BUTTON1

ExecutedAction [3]: 
 @Action ConcreteID = AC1hj3r6q80292953389 AbstractID = AA1hj3r6q80292953389
 ConcreteID CUSTOM = ConcreteID CUSTOM not available AbstractID CUSTOM = AA1086ucr7c50853786
 @State ConcreteID = SC1lhdgm55b32861762574 AbstractID = SRdehnoi566928283976
 ConcreteID CUSTOM = SC13g3vb65b51633022126 AbstractID CUSTOM = SAupf5lz5b98958188

	ROLE = LeftClickAt
	TARGET =
		WIDGET = WCdsg5py1c3010804170, WR17v7k2nb1067391859, WT1qeha5gf2005531835, WPk6niro18548921330
		ROLE = UIAMenuItem
		TITLE = View
		SHAPE = Rect [x:373.0 y:265.0 w:39.0 h:19.0]
		CHILDREN = 0
		PATH = [0, 3, 3]
	DESCRIPTION = Left Click at 'View'
	TEXT = Compound Action =
		Move mouse to (392.5, 274.5).
		Press Mouse Button BUTTON1
		Release Mouse Button BUTTON1

ExecutedAction [4]: 
 @Action ConcreteID = ACb3ihrw802326479376 AbstractID = AAb3ihrw802326479376
 ConcreteID CUSTOM = ConcreteID CUSTOM not available AbstractID CUSTOM = AA1stpmx17c2564466855
 @State ConcreteID = SC1lhdgm55b32861762574 AbstractID = SRdehnoi566928283976
 ConcreteID CUSTOM = SC13g3vb65b51633022126 AbstractID CUSTOM = SAupf5lz5b98958188

	ROLE = LeftClickAt
	TARGET =
		WIDGET = WCdfgprn1c4116076503, WR17v7k2nb1067391859, WT1qe6brdf138512687, WP1hwpd4x181691246414
		ROLE = UIAMenuItem
		TITLE = Edit
		SHAPE = Rect [x:287.0 y:265.0 w:34.0 h:19.0]
		CHILDREN = 0
		PATH = [0, 3, 1]
	DESCRIPTION = Left Click at 'Edit'
	TEXT = Compound Action =
		Move mouse to (304.0, 274.5).
		Press Mouse Button BUTTON1
		Release Mouse Button BUTTON1

ExecutedAction [5]: 
 @Action ConcreteID = AC1n2kd3580670155600 AbstractID = AA1n2kd3580670155600
 ConcreteID CUSTOM = ConcreteID CUSTOM not available AbstractID CUSTOM = AA15rng967c897591783
 @State ConcreteID = SC1lhdgm55b32861762574 AbstractID = SRdehnoi566928283976
 ConcreteID CUSTOM = SC13g3vb65b51633022126 AbstractID CUSTOM = SAupf5lz5b98958188

	ROLE = LeftClickAt
	TARGET =
		WIDGET = WC1ynjevq18133537047, WR1h6ibpb92248851252, WTzj707vb935461581, WP13re3qc141749412799
		ROLE = UIAButton
		TITLE = OK
		SHAPE = Rect [x:668.0 y:707.0 w:75.0 h:23.0]
		CHILDREN = 0
		PATH = [1, 0, 8]
	DESCRIPTION = Left Click at 'OK'
	TEXT = Compound Action =
		Move mouse to (705.5, 718.5).
		Press Mouse Button BUTTON1
		Release Mouse Button BUTTON1

ExecutedAction [6]: 
 @Action ConcreteID = ACed6owz7f3538244733 AbstractID = AAed6owz7f3538244733
 ConcreteID CUSTOM = ConcreteID CUSTOM not available AbstractID CUSTOM = AA1etyrdz7f2150317652
 @State ConcreteID = SC1vfifyx4ad740625235 AbstractID = SR1c93ckp4722174874075
 ConcreteID CUSTOM = SC18i76z4b6396937683 AbstractID CUSTOM = SAh4wk614b32326080043

	ROLE = LeftClickAt
	TARGET =
		WIDGET = WC3rq8hx1e869414367, WR17v7k2nb1067391859, WTaz2n92112307194186, WPablb9v1a985931869
		ROLE = UIAMenuItem
		TITLE = Format
		SHAPE = Rect [x:321.0 y:265.0 w:52.0 h:19.0]
		CHILDREN = 0
		PATH = [0, 3, 2]
	DESCRIPTION = Left Click at 'Format'
	TEXT = Compound Action =
		Move mouse to (347.0, 274.5).
		Press Mouse Button BUTTON1
		Release Mouse Button BUTTON1

ExecutedAction [7]: 
 @Action ConcreteID = ACmzulxl7f1355813264 AbstractID = AAmzulxl7f1355813264
 ConcreteID CUSTOM = ConcreteID CUSTOM not available AbstractID CUSTOM = AAs3iufd7f3958368894
 @State ConcreteID = SC6r4jgj4eb3182568201 AbstractID = SR1puz85a4ad2697664837
 ConcreteID CUSTOM = SC22ai594ed3873920824 AbstractID CUSTOM = SAyxsfn34ef1080679078

	ROLE = LeftClickAt
	TARGET =
		WIDGET = WC9juooy1c2998356, WR17v7k2nb1067391859, WT1qe72ijf99311909, WP1c5v840182567018805
		ROLE = UIAMenuItem
		TITLE = File
		SHAPE = Rect [x:255.0 y:265.0 w:32.0 h:19.0]
		CHILDREN = 0
		PATH = [1, 4, 0]
	DESCRIPTION = Left Click at 'File'
	TEXT = Compound Action =
		Move mouse to (271.0, 274.5).
		Press Mouse Button BUTTON1
		Release Mouse Button BUTTON1

ExecutedAction [8]: 
 @Action ConcreteID = ACr12tlr802642046561 AbstractID = AAr12tlr802642046561
 ConcreteID CUSTOM = ConcreteID CUSTOM not available AbstractID CUSTOM = AAkzg2mz803751426151
 @State ConcreteID = SC1vfifyx4ad740625235 AbstractID = SR1c93ckp4722174874075
 ConcreteID CUSTOM = SC18i76z4b6396937683 AbstractID CUSTOM = SAh4wk614b32326080043

	ROLE = LeftClickAt
	TARGET =
		WIDGET = WC1n1r5m4202250858034, WR1h6ibpb92248851252, WTrko51k10351550260, WP1dzw1b21c239148232
		ROLE = UIAButton
		TITLE = Line up
		SHAPE = Rect [x:1482.0 y:285.0 w:17.0 h:17.0]
		CHILDREN = 0
		PATH = [0, 0, 0, 0]
	DESCRIPTION = Left Click at 'Line up'
	TEXT = Compound Action =
		Move mouse to (1490.5, 293.5).
		Press Mouse Button BUTTON1
		Release Mouse Button BUTTON1

ExecutedAction [9]: 
 @Action ConcreteID = AC16svga37f4252744776 AbstractID = AA16svga37f4252744776
 ConcreteID CUSTOM = ConcreteID CUSTOM not available AbstractID CUSTOM = AA88jgrz7f2947929697
 @State ConcreteID = SC1vfifyx4ad740625235 AbstractID = SR1c93ckp4722174874075
 ConcreteID CUSTOM = SC18i76z4b6396937683 AbstractID CUSTOM = SAh4wk614b32326080043

	ROLE = LeftClickAt
	TARGET =
		WIDGET = WC1dzutbg231172063261, WR1h6ibpb92248851252, WTecs5t6133953252360, WP1s3nece1f2710215135
		ROLE = UIAButton
		TITLE = Page right
		SHAPE = Rect [x:496.0 y:923.0 w:969.0 h:17.0]
		CHILDREN = 0
		PATH = [0, 0, 1, 3]
	DESCRIPTION = Left Click at 'Page right'
	TEXT = Compound Action =
		Move mouse to (980.5, 931.5).
		Press Mouse Button BUTTON1
		Release Mouse Button BUTTON1

ExecutedAction [10]: 
 @Action ConcreteID = AC110n1ts801268551459 AbstractID = AA110n1ts801268551459
 ConcreteID CUSTOM = ConcreteID CUSTOM not available AbstractID CUSTOM = AAuz0av080159176997
 @State ConcreteID = SC1vfifyx4ad740625235 AbstractID = SR1c93ckp4722174874075
 ConcreteID CUSTOM = SC18i76z4b6396937683 AbstractID CUSTOM = SAh4wk614b32326080043

	ROLE = LeftClickAt
	TARGET =
		WIDGET = WCvzoo6u221758964379, WR1h6ibpb92248851252, WT1cknvro121926923266, WPv5fug81e1979559078
		ROLE = UIAButton
		TITLE = Page down
		SHAPE = Rect [x:1482.0 y:418.0 w:17.0 h:488.0]
		CHILDREN = 0
		PATH = [0, 0, 0, 2]
	DESCRIPTION = Left Click at 'Page down'
	TEXT = Compound Action =
		Move mouse to (1490.5, 662.0).
		Press Mouse Button BUTTON1
		Release Mouse Button BUTTON1

ExecutedAction [11]: 
 @Action ConcreteID = AC11vx6o5803764748362 AbstractID = AA11vx6o5803764748362
 ConcreteID CUSTOM = ConcreteID CUSTOM not available AbstractID CUSTOM = AAvuafpd802726680140
 @State ConcreteID = SC1vfifyx4ad740625235 AbstractID = SR1c93ckp4722174874075
 ConcreteID CUSTOM = SC18i76z4b6396937683 AbstractID CUSTOM = SAh4wk614b32326080043

	ROLE = LeftClickAt
	TARGET =
		WIDGET = WC1a1jope251143864249, WR1h6ibpb92248851252, WT1ungvu9153002714154, WPj6r6pw213221602085
		ROLE = UIAButton
		TITLE = Column right
		SHAPE = Rect [x:1465.0 y:923.0 w:17.0 h:17.0]
		CHILDREN = 0
		PATH = [0, 0, 1, 4]
	DESCRIPTION = Left Click at 'Column right'
	TEXT = Compound Action =
		Move mouse to (1473.5, 931.5).
		Press Mouse Button BUTTON1
		Release Mouse Button BUTTON1

ExecutedAction [12]: 
 @Action ConcreteID = AC104cotr803517413063 AbstractID = AA104cotr803517413063
 ConcreteID CUSTOM = ConcreteID CUSTOM not available AbstractID CUSTOM = AAu2pxuz802470912193
 @State ConcreteID = SC1vfifyx4ad740625235 AbstractID = SR1c93ckp4722174874075
 ConcreteID CUSTOM = SC18i76z4b6396937683 AbstractID CUSTOM = SAh4wk614b32326080043

	ROLE = LeftClickAt
	TARGET =
		WIDGET = WCkinj9s223081433268, WR1h6ibpb92248851252, WT493d5b122119396097, WP7do3sy1e1402063273
		ROLE = UIAButton
		TITLE = Line down
		SHAPE = Rect [x:1482.0 y:906.0 w:17.0 h:17.0]
		CHILDREN = 0
		PATH = [0, 0, 0, 3]
	DESCRIPTION = Left Click at 'Line down'
	TEXT = Compound Action =
		Move mouse to (1490.5, 914.5).
		Press Mouse Button BUTTON1
		Release Mouse Button BUTTON1

ExecutedAction [13]: 
 @Action ConcreteID = AC1u6dje57f2580327897 AbstractID = AA1u6dje57f2580327897
 ConcreteID CUSTOM = ConcreteID CUSTOM not available AbstractID CUSTOM = AAvm1jw17f3405957104
 @State ConcreteID = SC1vfifyx4ad740625235 AbstractID = SR1c93ckp4722174874075
 ConcreteID CUSTOM = SC18i76z4b6396937683 AbstractID CUSTOM = SAh4wk614b32326080043

	ROLE = LeftClickAt
	TARGET =
		WIDGET = WCit2f07243614029648, WR1h6ibpb92248851252, WTmroimq144285515309, WPbgwpnt201643095126
		ROLE = UIAButton
		TITLE = Column left
		SHAPE = Rect [x:255.0 y:923.0 w:17.0 h:17.0]
		CHILDREN = 0
		PATH = [0, 0, 1, 0]
	DESCRIPTION = Left Click at 'Column left'
	TEXT = Compound Action =
		Move mouse to (263.5, 931.5).
		Press Mouse Button BUTTON1
		Release Mouse Button BUTTON1

ExecutedAction [14]: 
 @Action ConcreteID = AC6s92z67f1764745407 AbstractID = AA6s92z67f1764745407
 ConcreteID CUSTOM = ConcreteID CUSTOM not available AbstractID CUSTOM = AA17915g67f1004636822
 @State ConcreteID = SC1vfifyx4ad740625235 AbstractID = SR1c93ckp4722174874075
 ConcreteID CUSTOM = SC18i76z4b6396937683 AbstractID CUSTOM = SAh4wk614b32326080043

	ROLE = LeftClickAt
	TARGET =
		WIDGET = WCyz2j3x222061021683, WR1h6ibpb92248851252, WT1cksruh12339931985, WP14ewzzj1e38349162
		ROLE = UIAButton
		TITLE = Page left
		SHAPE = Rect [x:272.0 y:923.0 w:26.0 h:17.0]
		CHILDREN = 0
		PATH = [0, 0, 1, 1]
	DESCRIPTION = Left Click at 'Page left'
	TEXT = Compound Action =
		Move mouse to (285.0, 931.5).
		Press Mouse Button BUTTON1
		Release Mouse Button BUTTON1

ExecutedAction [15]: 
 @Action ConcreteID = AC1lbi6l7f3320903083 AbstractID = AA1lbi6l7f3320903083
 ConcreteID CUSTOM = ConcreteID CUSTOM not available AbstractID CUSTOM = AA1223knl7f2537463682
 @State ConcreteID = SC1vfifyx4ad740625235 AbstractID = SR1c93ckp4722174874075
 ConcreteID CUSTOM = SC18i76z4b6396937683 AbstractID CUSTOM = SAh4wk614b32326080043

	ROLE = LeftClickAt
	TARGET =
		WIDGET = WC9jaw3l1c2987203652, WR17v7k2nb1067391859, WT1qe72ijf99311909, WP1c5bfin18723600677
		ROLE = UIAMenuItem
		TITLE = File
		SHAPE = Rect [x:255.0 y:265.0 w:32.0 h:19.0]
		CHILDREN = 0
		PATH = [1, 3, 0]
	DESCRIPTION = Left Click at 'File'
	TEXT = Compound Action =
		Move mouse to (271.0, 274.5).
		Press Mouse Button BUTTON1
		Release Mouse Button BUTTON1

ExecutedAction [16]: 
 @Action ConcreteID = ACg7zf3a7e2662788553 AbstractID = AAg7zf3a7e2662788553
 ConcreteID CUSTOM = ConcreteID CUSTOM not available AbstractID CUSTOM = AA1vcdsxo7f1176410494
 @State ConcreteID = SCg7pcx6561470321491 AbstractID = SRuknd765251867408478
 ConcreteID CUSTOM = SCvtsu905653672086902 AbstractID CUSTOM = SAf4uc2a5644204488468

	ROLE = LeftClickAt
	TARGET =
		WIDGET = WCi6s47l251344177256, WR17v7k2nb1067391859, WT1mkt3k3184259406525, WP19841wf213011897423
		ROLE = UIAMenuItem
		TITLE = Page Setup...
		SHAPE = Rect [x:258.0 y:404.0 w:223.0 h:22.0]
		CHILDREN = 0
		PATH = [1, 0, 5]
	DESCRIPTION = Left Click at 'Page Setup...'
	TEXT = Compound Action =
		Move mouse to (369.5, 415.0).
		Press Mouse Button BUTTON1
		Release Mouse Button BUTTON1

ExecutedAction [17]: 
 @Action ConcreteID = ACdwcmf9803303442272 AbstractID = AAdwcmf9803303442272
 ConcreteID CUSTOM = ConcreteID CUSTOM not available AbstractID CUSTOM = AAj8jh0y802105478727
 @State ConcreteID = SC1spts6c75f3653231602 AbstractID = SR1mjd1pz6f42053461276
 ConcreteID CUSTOM = SC19aqlg27623378405606 AbstractID CUSTOM = SA1irvddz7603053809229

	ROLE = LeftClickAt
	TARGET =
		WIDGET = WChhl2yo1f1800854193, WR17qbaneb3904637586, WT1u4k19x12231763435, WPouok9a1b1768965281
		ROLE = UIAComboBox
		TITLE = Source:
		SHAPE = Rect [x:359.0 y:384.0 w:240.0 h:21.0]
		CHILDREN = 1
		PATH = [1, 0, 4]
	DESCRIPTION = Left Click at 'Source:'
	TEXT = Compound Action =
		Move mouse to (479.0, 394.5).
		Press Mouse Button BUTTON1
		Release Mouse Button BUTTON1

ExecutedAction [18]: 
 @Action ConcreteID = ACsd9uyj7f79185248 AbstractID = AAsd9uyj7f79185248
 ConcreteID CUSTOM = ConcreteID CUSTOM not available AbstractID CUSTOM = AA114nyte7f553786369
 @State ConcreteID = SCjz9dqz7b22240291842 AbstractID = SR12axp1t7403521141554
 ConcreteID CUSTOM = SC77q72q7af2209704212 AbstractID CUSTOM = SAwy9muq7b14056334564

	ROLE = LeftClickAt
	TARGET =
		WIDGET = WC18qmodk1d1642002439, WR17qbaneb3904637586, WTpv0tsf103871849437, WPkax5py192089381093
		ROLE = UIAComboBox
		TITLE = Size:
		SHAPE = Rect [x:359.0 y:353.0 w:240.0 h:21.0]
		CHILDREN = 1
		PATH = [1, 0, 2]
	DESCRIPTION = Left Click at 'Size:'
	TEXT = Compound Action =
		Move mouse to (479.0, 363.5).
		Press Mouse Button BUTTON1
		Release Mouse Button BUTTON1

ExecutedAction [19]: 
 @Action ConcreteID = ACkv7vlr803262915560 AbstractID = AAkv7vlr803262915560
 ConcreteID CUSTOM = ConcreteID CUSTOM not available AbstractID CUSTOM = AAq7eq7g802078649039
 @State ConcreteID = SC1spts6c75f3653231602 AbstractID = SR1mjd1pz6f42053461276
 ConcreteID CUSTOM = SC19aqlg27623378405606 AbstractID CUSTOM = SA1irvddz7603053809229

	ROLE = LeftClickAt
	TARGET =
		WIDGET = WC1c9sd7b242335290910, WRa3fnoge3263686876, WTjezmd7174119221906, WP18pu7mt202134796862
		ROLE = UIARadioButton
		TITLE = Landscape
		SHAPE = Rect [x:287.0 y:483.0 w:78.0 h:20.0]
		CHILDREN = 0
		PATH = [1, 0, 7]
	DESCRIPTION = Left Click at 'Landscape'
	TEXT = Compound Action =
		Move mouse to (326.0, 493.0).
		Press Mouse Button BUTTON1
		Release Mouse Button BUTTON1

ExecutedAction [20]: 
 @Action ConcreteID = AC1ygrex802027581386 AbstractID = AA1ygrex802027581386
 ConcreteID CUSTOM = ConcreteID CUSTOM not available AbstractID CUSTOM = AA7anm0m803242452717
 @State ConcreteID = SC1spts6c75f3653231602 AbstractID = SR1mjd1pz6f42053461276
 ConcreteID CUSTOM = SC19aqlg27623378405606 AbstractID CUSTOM = SA1irvddz7603053809229

	ROLE = LeftClickAt
	TARGET =
		WIDGET = WC1nb30ig231922590060, WRa3fnoge3263686876, WTu95paz162645246549, WP1iji6jq1f146792260
		ROLE = UIARadioButton
		TITLE = Portrait
		SHAPE = Rect [x:287.0 y:449.0 w:78.0 h:20.0]
		CHILDREN = 0
		PATH = [1, 0, 6]
	DESCRIPTION = Left Click at 'Portrait'
	TEXT = Compound Action =
		Move mouse to (326.0, 459.0).
		Press Mouse Button BUTTON1
		Release Mouse Button BUTTON1

ExecutedAction [21]: 
 @Action ConcreteID = AC1mrt3ib80225408781 AbstractID = AA1mrt3ib80225408781
 ConcreteID CUSTOM = ConcreteID CUSTOM not available AbstractID CUSTOM = AA1s3zy40803036085802
 @State ConcreteID = SC1spts6c75f3653231602 AbstractID = SR1mjd1pz6f42053461276
 ConcreteID CUSTOM = SC19aqlg27623378405606 AbstractID CUSTOM = SA1irvddz7603053809229

	ROLE = LeftClickAt
	TARGET =
		WIDGET = WCmvlfzd1d805200349, WR1h6ibpb92248851252, WT1vjbvvdf3603144044, WPlosu57191347202032
		ROLE = UIAButton
		TITLE = Cancel
		SHAPE = Rect [x:710.0 y:599.0 w:75.0 h:23.0]
		CHILDREN = 0
		PATH = [1, 0, 23]
	DESCRIPTION = Left Click at 'Cancel'
	TEXT = Compound Action =
		Move mouse to (747.5, 610.5).
		Press Mouse Button BUTTON1
		Release Mouse Button BUTTON1

ExecutedAction [22]: 
 @Action ConcreteID = AC11vx6o5803764748362 AbstractID = AA11vx6o5803764748362
 ConcreteID CUSTOM = ConcreteID CUSTOM not available AbstractID CUSTOM = AAvuafpd802726680140
 @State ConcreteID = SC1vfifyx4ad740625235 AbstractID = SR1c93ckp4722174874075
 ConcreteID CUSTOM = SC18i76z4b6396937683 AbstractID CUSTOM = SAh4wk614b32326080043

	ROLE = LeftClickAt
	TARGET =
		WIDGET = WC1a1jope251143864249, WR1h6ibpb92248851252, WT1ungvu9153002714154, WPj6r6pw213221602085
		ROLE = UIAButton
		TITLE = Column right
		SHAPE = Rect [x:1465.0 y:923.0 w:17.0 h:17.0]
		CHILDREN = 0
		PATH = [0, 0, 1, 4]
	DESCRIPTION = Left Click at 'Column right'
	TEXT = Compound Action =
		Move mouse to (1473.5, 931.5).
		Press Mouse Button BUTTON1
		Release Mouse Button BUTTON1

ExecutedAction [23]: 
 @Action ConcreteID = AC18w1yoaa04149331824 AbstractID = AA18w1yoaa04149331824
 ConcreteID CUSTOM = ConcreteID CUSTOM not available AbstractID CUSTOM = AA1pm09mua017627451
 @State ConcreteID = SC1vfifyx4ad740625235 AbstractID = SR1c93ckp4722174874075
 ConcreteID CUSTOM = SC18i76z4b6396937683 AbstractID CUSTOM = SAh4wk614b32326080043

	ROLE = LeftDrag
	DESCRIPTION = Drag (1491.0, 329.0) To (1491.0, 899.0)
	TEXT = Compound Action =
		Move mouse to (1491.0, 329.0).
		Press Mouse Button BUTTON1
		Move mouse to (1491.0, 899.0).
		Release Mouse Button BUTTON1

ExecutedAction [24]: 
 @Action ConcreteID = ACmsoy1ade1074181519 AbstractID = AA1pg19rkd43553859221
 ConcreteID CUSTOM = ConcreteID CUSTOM not available AbstractID CUSTOM = AAzvtui4d41405253347
 @State ConcreteID = SC1vfifyx4ad740625235 AbstractID = SR1c93ckp4722174874075
 ConcreteID CUSTOM = SC18i76z4b6396937683 AbstractID CUSTOM = SAh4wk614b32326080043

	ROLE = ClickTypeInto
	TARGET =
		WIDGET = WCh9rmb11c1827454063, WR4n0dlj72701565195, WTei4yvd121088706799, WP1p79f6n182825509439
		ROLE = UIAEdit
		TITLE = Text Editor
		SHAPE = Rect [x:255.0 y:285.0 w:1244.0 h:655.0]
		CHILDREN = 3
		PATH = [0, 0]
	DESCRIPTION = Type '?' into 'Text Editor
	TEXT = Compound Action =
		Compound Action =
		Move mouse to (877.0, 612.5).
		Press Mouse Button BUTTON1
		Release Mouse Button BUTTON1
		Press Key 17
		Press Key 65
		Release Key 65
		Release Key 17
		Type text '?'

ExecutedAction [25]: 
 @Action ConcreteID = AC1g93ocr7e2683554613 AbstractID = AA1g93ocr7e2683554613
 ConcreteID CUSTOM = ConcreteID CUSTOM not available AbstractID CUSTOM = AAzhgtae7f3045327307
 @State ConcreteID = SCflxdjx4ad166461475 AbstractID = SR1c93ckp4722174874075
 ConcreteID CUSTOM = SC1pne6az4b8912849559 AbstractID CUSTOM = SAh4wk614b32326080043

	ROLE = LeftClickAt
	TARGET =
		WIDGET = WC16936tu1c972838729, WR17v7k2nb1067391859, WT1qe6brdf138512687, WPbp7s80182825150416
		ROLE = UIAMenuItem
		TITLE = Edit
		SHAPE = Rect [x:287.0 y:265.0 w:34.0 h:19.0]
		CHILDREN = 0
		PATH = [1, 3, 1]
	DESCRIPTION = Left Click at 'Edit'
	TEXT = Compound Action =
		Move mouse to (304.0, 274.5).
		Press Mouse Button BUTTON1
		Release Mouse Button BUTTON1

ExecutedAction [26]: 
 @Action ConcreteID = AC1s3bb9z801722475265 AbstractID = AA1s3bb9z801722475265
 ConcreteID CUSTOM = ConcreteID CUSTOM not available AbstractID CUSTOM = AAj8wgss802488298002
 @State ConcreteID = SC1v10wtf5cb3826629665 AbstractID = SR1m6y9mg5893121578986
 ConcreteID CUSTOM = SC1gyzc865cc2995237664 AbstractID CUSTOM = SA1e2iuny5c91093804532

	ROLE = LeftClickAt
	TARGET =
		WIDGET = WC15s7y61233073084136, WR17v7k2nb1067391859, WTjnn3a816964194539, WP1qtmft31f17661421
		ROLE = UIAMenuItem
		TITLE = Undo	Ctrl+Z
		SHAPE = Rect [x:290.0 y:287.0 w:225.0 h:22.0]
		CHILDREN = 0
		PATH = [1, 0, 0]
	DESCRIPTION = Left Click at 'Undo	Ctrl+Z'
	TEXT = Compound Action =
		Move mouse to (402.5, 298.0).
		Press Mouse Button BUTTON1
		Release Mouse Button BUTTON1

ExecutedAction [27]: 
 @Action ConcreteID = AC1moxucea03748822120 AbstractID = AA1moxucea03748822120
 ConcreteID CUSTOM = ConcreteID CUSTOM not available AbstractID CUSTOM = AA8pbnlxa03107347267
 @State ConcreteID = SCfyaonf4ac1678548621 AbstractID = SR1c93ckp4722174874075
 ConcreteID CUSTOM = SCh3pzod4b71493485533 AbstractID CUSTOM = SAh4wk614b32326080043

	ROLE = LeftDrag
	DESCRIPTION = Drag (1491.0, 329.0) To (1491.0, 670.8)
	TEXT = Compound Action =
		Move mouse to (1491.0, 329.0).
		Press Mouse Button BUTTON1
		Move mouse to (1491.0, 670.8).
		Release Mouse Button BUTTON1

ExecutedAction [28]: 
 @Action ConcreteID = ACgadfqs802021128622 AbstractID = AAgadfqs802021128622
 ConcreteID CUSTOM = ConcreteID CUSTOM not available AbstractID CUSTOM = AAkzg2mz803751426151
 @State ConcreteID = SCfyaonf4ac1678548621 AbstractID = SR1c93ckp4722174874075
 ConcreteID CUSTOM = SCh3pzod4b71493485533 AbstractID CUSTOM = SAh4wk614b32326080043

	ROLE = LeftClickAt
	TARGET =
		WIDGET = WC1n1r5m4202250858034, WR1h6ibpb92248851252, WTrko51k10351550260, WP1dzw1b21c239148232
		ROLE = UIAButton
		TITLE = Line up
		SHAPE = Rect [x:1482.0 y:285.0 w:17.0 h:17.0]
		CHILDREN = 0
		PATH = [0, 0, 0, 0]
	DESCRIPTION = Left Click at 'Line up'
	TEXT = Compound Action =
		Move mouse to (1490.5, 293.5).
		Press Mouse Button BUTTON1
		Release Mouse Button BUTTON1

ExecutedAction [29]: 
 @Action ConcreteID = ACkjupttdd2917650838 AbstractID = AAe7tltxd43230760431
 ConcreteID CUSTOM = ConcreteID CUSTOM not available AbstractID CUSTOM = AAzvtui4d41405253347
 @State ConcreteID = SCfyaonf4ac1678548621 AbstractID = SR1c93ckp4722174874075
 ConcreteID CUSTOM = SCh3pzod4b71493485533 AbstractID CUSTOM = SAh4wk614b32326080043

	ROLE = ClickTypeInto
	TARGET =
		WIDGET = WCh9rmb11c1827454063, WR4n0dlj72701565195, WTei4yvd121088706799, WP1p79f6n182825509439
		ROLE = UIAEdit
		TITLE = Text Editor
		SHAPE = Rect [x:255.0 y:285.0 w:1244.0 h:655.0]
		CHILDREN = 3
		PATH = [0, 0]
	DESCRIPTION = Type '?' into 'Text Editor
	TEXT = Compound Action =
		Compound Action =
		Move mouse to (877.0, 612.5).
		Press Mouse Button BUTTON1
		Release Mouse Button BUTTON1
		Press Key 17
		Press Key 65
		Release Key 65
		Release Key 17
		Type text '?'

ExecutedAction [30]: 
 @Action ConcreteID = ACgadfqs802021128622 AbstractID = AAgadfqs802021128622
 ConcreteID CUSTOM = ConcreteID CUSTOM not available AbstractID CUSTOM = AAkzg2mz803751426151
 @State ConcreteID = SCfyaonf4ac1678548621 AbstractID = SR1c93ckp4722174874075
 ConcreteID CUSTOM = SCh3pzod4b71493485533 AbstractID CUSTOM = SAh4wk614b32326080043

	ROLE = LeftClickAt
	TARGET =
		WIDGET = WC1n1r5m4202250858034, WR1h6ibpb92248851252, WTrko51k10351550260, WP1dzw1b21c239148232
		ROLE = UIAButton
		TITLE = Line up
		SHAPE = Rect [x:1482.0 y:285.0 w:17.0 h:17.0]
		CHILDREN = 0
		PATH = [0, 0, 0, 0]
	DESCRIPTION = Left Click at 'Line up'
	TEXT = Compound Action =
		Move mouse to (1490.5, 293.5).
		Press Mouse Button BUTTON1
		Release Mouse Button BUTTON1

ExecutedAction [31]: 
 @Action ConcreteID = ACn6ntda7f181180080 AbstractID = AAn6ntda7f181180080
 ConcreteID CUSTOM = ConcreteID CUSTOM not available AbstractID CUSTOM = AA1etyrdz7f2150317652
 @State ConcreteID = SCfyaonf4ac1678548621 AbstractID = SR1c93ckp4722174874075
 ConcreteID CUSTOM = SCh3pzod4b71493485533 AbstractID CUSTOM = SAh4wk614b32326080043

	ROLE = LeftClickAt
	TARGET =
		WIDGET = WCwlcpk41e4286068033, WR17v7k2nb1067391859, WTaz2n92112307194186, WP1357sc21a4134412483
		ROLE = UIAMenuItem
		TITLE = Format
		SHAPE = Rect [x:321.0 y:265.0 w:52.0 h:19.0]
		CHILDREN = 0
		PATH = [1, 3, 2]
	DESCRIPTION = Left Click at 'Format'
	TEXT = Compound Action =
		Move mouse to (347.0, 274.5).
		Press Mouse Button BUTTON1
		Release Mouse Button BUTTON1

ExecutedAction [32]: 
 @Action ConcreteID = AC1pth3lw803160174590 AbstractID = AA1pth3lw803160174590
 ConcreteID CUSTOM = ConcreteID CUSTOM not available AbstractID CUSTOM = AA1uv4sw27f3493143630
 @State ConcreteID = SC1kv3yet4ea3809114856 AbstractID = SR1puz85a4ad2697664837
 ConcreteID CUSTOM = SCizww174ee1967312844 AbstractID CUSTOM = SAyxsfn34ef1080679078

	ROLE = LeftClickAt
	TARGET =
		WIDGET = WCnwxspk211003987001, WR17v7k2nb1067391859, WTxuhgyp144189972595, WP7eioyu1d65575959
		ROLE = UIAMenuItem
		TITLE = Word Wrap
		SHAPE = Rect [x:324.0 y:287.0 w:144.0 h:22.0]
		CHILDREN = 0
		PATH = [1, 0, 0]
	DESCRIPTION = Left Click at 'Word Wrap'
	TEXT = Compound Action =
		Move mouse to (396.0, 298.0).
		Press Mouse Button BUTTON1
		Release Mouse Button BUTTON1

ExecutedAction [33]: 
 @Action ConcreteID = ACcbnh86812838051979 AbstractID = AAcbnh86812838051979
 ConcreteID CUSTOM = ConcreteID CUSTOM not available AbstractID CUSTOM = AAzu09jf803432271320
 @State ConcreteID = SC14ji4l545d3537935770 AbstractID = SR1eivhwm4242111831426
 ConcreteID CUSTOM = SC14xpgl24692499250091 AbstractID CUSTOM = SAlbrqmq45d1573545789

	ROLE = LeftClickAt
	TARGET =
		WIDGET = WC1a1jope251143864249, WR1h6ibpb92248851252, WT1ungvu9153002714154, WPj6r6pw213221602085
		ROLE = UIAButton
		TITLE = Column right
		SHAPE = Rect [x:1465.0 y:923.0 w:17.0 h:17.0]
		CHILDREN = 0
		PATH = [0, 0, 1, 4]
	DESCRIPTION = Left Click at 'Column right'
	TEXT = Compound Action =
		Move mouse to (1473.5, 931.5).
		Press Mouse Button BUTTON1
		Release Mouse Button BUTTON1

ExecutedAction [34]: 
 @Action ConcreteID = AC10tj5x3ac854729605 AbstractID = AA10tj5x3ac854729605
 ConcreteID CUSTOM = ConcreteID CUSTOM not available AbstractID CUSTOM = AAmrnghuab3796707742
 @State ConcreteID = SC14ji4l545d3537935770 AbstractID = SR1eivhwm4242111831426
 ConcreteID CUSTOM = SC14xpgl24692499250091 AbstractID CUSTOM = SAlbrqmq45d1573545789

	ROLE = LeftDrag
	DESCRIPTION = Drag (329.4960156122947, 932.0) To (1458.0, 932.0)
	TEXT = Compound Action =
		Move mouse to (329.4960156122947, 932.0).
		Press Mouse Button BUTTON1
		Move mouse to (1458.0, 932.0).
		Release Mouse Button BUTTON1

ExecutedAction [35]: 
 @Action ConcreteID = ACak2zds812565589510 AbstractID = AAak2zds812565589510
 ConcreteID CUSTOM = ConcreteID CUSTOM not available AbstractID CUSTOM = AAy2frp1804250319701
 @State ConcreteID = SC14ji4l545d3537935770 AbstractID = SR1eivhwm4242111831426
 ConcreteID CUSTOM = SC14xpgl24692499250091 AbstractID CUSTOM = SAlbrqmq45d1573545789

	ROLE = LeftClickAt
	TARGET =
		WIDGET = WCkinj9s223081433268, WR1h6ibpb92248851252, WT493d5b122119396097, WP7do3sy1e1402063273
		ROLE = UIAButton
		TITLE = Line down
		SHAPE = Rect [x:1482.0 y:906.0 w:17.0 h:17.0]
		CHILDREN = 0
		PATH = [0, 0, 0, 3]
	DESCRIPTION = Left Click at 'Line down'
	TEXT = Compound Action =
		Move mouse to (1490.5, 914.5).
		Press Mouse Button BUTTON1
		Release Mouse Button BUTTON1

ExecutedAction [36]: 
 @Action ConcreteID = AC1bi1yfr801500297273 AbstractID = AA1bi1yfr801500297273
 ConcreteID CUSTOM = ConcreteID CUSTOM not available AbstractID CUSTOM = AA1lfb0rm7f1422142817
 @State ConcreteID = SC14ji4l545d3537935770 AbstractID = SR1eivhwm4242111831426
 ConcreteID CUSTOM = SC14xpgl24692499250091 AbstractID CUSTOM = SAlbrqmq45d1573545789

	ROLE = LeftClickAt
	TARGET =
		WIDGET = WCdsg5py1c3010804170, WR17v7k2nb1067391859, WT1qeha5gf2005531835, WPk6niro18548921330
		ROLE = UIAMenuItem
		TITLE = View
		SHAPE = Rect [x:373.0 y:265.0 w:39.0 h:19.0]
		CHILDREN = 0
		PATH = [0, 3, 3]
	DESCRIPTION = Left Click at 'View'
	TEXT = Compound Action =
		Move mouse to (392.5, 274.5).
		Press Mouse Button BUTTON1
		Release Mouse Button BUTTON1

ExecutedAction [37]: 
 @Action ConcreteID = ACds5u787f2987066742 AbstractID = AAds5u787f2987066742
 ConcreteID CUSTOM = ConcreteID CUSTOM not available AbstractID CUSTOM = AAacn2gf802055255751
 @State ConcreteID = SC1mt63gw493801367538 AbstractID = SR1gnu27v45f2894831782
 ConcreteID CUSTOM = SCf3l0z149a3661275544 AbstractID CUSTOM = SA15yyyvp49f3308089527

	ROLE = LeftClickAt
	TARGET =
		WIDGET = WC1n7js7b1c106007059, WR17v7k2nb1067391859, WT1qejys2f1046425153, WP1psv0ph18657761217
		ROLE = UIAMenuItem
		TITLE = Zoom
		SHAPE = Rect [x:376.0 y:287.0 w:136.0 h:22.0]
		CHILDREN = 0
		PATH = [1, 0, 0]
	DESCRIPTION = Left Click at 'Zoom'
	TEXT = Compound Action =
		Move mouse to (444.0, 298.0).
		Press Mouse Button BUTTON1
		Release Mouse Button BUTTON1

ExecutedAction [38]: 
 @Action ConcreteID = ACqaxlpx802072743599 AbstractID = AAqaxlpx802072743599
 ConcreteID CUSTOM = ConcreteID CUSTOM not available AbstractID CUSTOM = AA1l00szo7f924276689
 @State ConcreteID = SC1lv2di14e62177604475 AbstractID = SR1opvdkc4ae2489882928
 ConcreteID CUSTOM = SC1l22oxp4ea804572368 AbstractID CUSTOM = SA1ctkbce4e9848069943

	ROLE = LeftClickAt
	TARGET =
		WIDGET = WCzjj3xx22320811975, WR17v7k2nb1067391859, WT1mzygsk152008856611, WP1hxuidf1e2183809098
		ROLE = UIAMenuItem
		TITLE = Status Bar
		SHAPE = Rect [x:376.0 y:309.0 w:136.0 h:22.0]
		CHILDREN = 0
		PATH = [1, 1, 1]
	DESCRIPTION = Left Click at 'Status Bar'
	TEXT = Compound Action =
		Move mouse to (444.0, 320.0).
		Press Mouse Button BUTTON1
		Release Mouse Button BUTTON1

ExecutedAction [39]: 
 @Action ConcreteID = AC1qye5p2b83502668814 AbstractID = AA1qye5p2b83502668814
 ConcreteID CUSTOM = ConcreteID CUSTOM not available AbstractID CUSTOM = AAtb00glb82585427658
 @State ConcreteID = SC109wfhm3e52634176660 AbstractID = SR1q4anab3b8713826937
 ConcreteID CUSTOM = SCsna8x43e5159237103 AbstractID CUSTOM = SA1nl21hv3e01606391449

	ROLE = LeftDrag
	DESCRIPTION = Drag (329.4960156122947, 932.0) To (486.33333333333337, 932.0)
	TEXT = Compound Action =
		Move mouse to (329.4960156122947, 932.0).
		Press Mouse Button BUTTON1
		Move mouse to (486.33333333333337, 932.0).
		Release Mouse Button BUTTON1

ExecutedAction [40]: 
 @Action ConcreteID = AC1b9uwuh80925439203 AbstractID = AA1b9uwuh80925439203
 ConcreteID CUSTOM = ConcreteID CUSTOM not available AbstractID CUSTOM = AA12ewafc801624585664
 @State ConcreteID = SC109wfhm3e52634176660 AbstractID = SR1q4anab3b8713826937
 ConcreteID CUSTOM = SCsna8x43e5159237103 AbstractID CUSTOM = SA1nl21hv3e01606391449

	ROLE = LeftClickAt
	TARGET =
		WIDGET = WC3rq8hx1e869414367, WR17v7k2nb1067391859, WTaz2n92112307194186, WPablb9v1a985931869
		ROLE = UIAMenuItem
		TITLE = Format
		SHAPE = Rect [x:321.0 y:265.0 w:52.0 h:19.0]
		CHILDREN = 0
		PATH = [0, 3, 2]
	DESCRIPTION = Left Click at 'Format'
	TEXT = Compound Action =
		Move mouse to (347.0, 274.5).
		Press Mouse Button BUTTON1
		Release Mouse Button BUTTON1

ExecutedAction [41]: 
 @Action ConcreteID = ACd7rztr7f4172517931 AbstractID = AAd7rztr7f4172517931
 ConcreteID CUSTOM = ConcreteID CUSTOM not available AbstractID CUSTOM = AAm24o2v7f3454615255
 @State ConcreteID = SC9vkpsy4231073167821 AbstractID = SR1t535883f32434536095
 ConcreteID CUSTOM = SC1cfdz7h42d3965452653 AbstractID CUSTOM = SAuzqmwm4244281759217

	ROLE = LeftClickAt
	TARGET =
		WIDGET = WCttullk1f1743980986, WR17v7k2nb1067391859, WT1k0pzz412734516100, WP16ghlly1b657292911
		ROLE = UIAMenuItem
		TITLE = Font...
		SHAPE = Rect [x:324.0 y:309.0 w:144.0 h:22.0]
		CHILDREN = 0
		PATH = [1, 0, 1]
	DESCRIPTION = Left Click at 'Font...'
	TEXT = Compound Action =
		Move mouse to (396.0, 320.0).
		Press Mouse Button BUTTON1
		Release Mouse Button BUTTON1

ExecutedAction [42]: 
 @Action ConcreteID = AC1gmzx5j7f3732295621 AbstractID = AA1gmzx5j7f3732295621
 ConcreteID CUSTOM = ConcreteID CUSTOM not available AbstractID CUSTOM = AA1ilu2h180314007587
 @State ConcreteID = SC2jcaqa8541344771072 AbstractID = SRcxxh7p7ed1859173204
 ConcreteID CUSTOM = SCzpr39v855877705559 AbstractID CUSTOM = SA161w9oe85f1951919698

	ROLE = LeftClickAt
	TARGET =
		WIDGET = WCtf1iwn251007968620, WR52qhb2b3065858412, WTh6zdq12834902686, WPuqezid21609615144
		ROLE = UIAListItem
		TITLE = Regular
		SHAPE = Rect [x:488.0 y:471.0 w:109.0 h:19.0]
		CHILDREN = 0
		PATH = [1, 0, 3, 0, 1]
	DESCRIPTION = Left Click at 'Regular'
	TEXT = Compound Action =
		Move mouse to (542.5, 480.5).
		Press Mouse Button BUTTON1
		Release Mouse Button BUTTON1

ExecutedAction [43]: 
 @Action ConcreteID = AC1lk24pa7f2147974405 AbstractID = AA1lk24pa7f2147974405
 ConcreteID CUSTOM = ConcreteID CUSTOM not available AbstractID CUSTOM = AA1niwa0s801288065763
 @State ConcreteID = SC2jcaqa8541344771072 AbstractID = SRcxxh7p7ed1859173204
 ConcreteID CUSTOM = SCzpr39v855877705559 AbstractID CUSTOM = SA161w9oe85f1951919698

	ROLE = LeftClickAt
	TARGET =
		WIDGET = WC3fqtpi232959284406, WR17qbaneb3904637586, WT1p15swg161714730526, WP1u16t2s1f888882020
		ROLE = UIAComboBox
		TITLE = Font style:
		SHAPE = Rect [x:486.0 y:447.0 w:130.0 h:143.0]
		CHILDREN = 2
		PATH = [1, 0, 3]
	DESCRIPTION = Left Click at 'Font style:'
	TEXT = Compound Action =
		Move mouse to (551.0, 518.5).
		Press Mouse Button BUTTON1
		Release Mouse Button BUTTON1

ExecutedAction [44]: 
 @Action ConcreteID = AC1rthtb77f3879857345 AbstractID = AA1rthtb77f3879857345
 ConcreteID CUSTOM = ConcreteID CUSTOM not available AbstractID CUSTOM = AA1tsbymp80729858855
 @State ConcreteID = SC2jcaqa8541344771072 AbstractID = SRcxxh7p7ed1859173204
 ConcreteID CUSTOM = SCzpr39v855877705559 AbstractID CUSTOM = SA161w9oe85f1951919698

	ROLE = LeftClickAt
	TARGET =
		WIDGET = WC65azan202300198921, WR52qhb2b3065858412, WT1bx8b1ad2721479724, WPhttrp91c1968841411
		ROLE = UIAListItem
		TITLE = 22
		SHAPE = Rect [x:635.0 y:561.0 w:42.0 h:15.0]
		CHILDREN = 0
		PATH = [1, 0, 5, 0, 7]
	DESCRIPTION = Left Click at '22'
	TEXT = Compound Action =
		Move mouse to (656.0, 568.5).
		Press Mouse Button BUTTON1
		Release Mouse Button BUTTON1

ExecutedAction [45]: 
 @Action ConcreteID = AC11hvfxm7f2281584450 AbstractID = AA11hvfxm7f2281584450
 ConcreteID CUSTOM = ConcreteID CUSTOM not available AbstractID CUSTOM = AA13gpl94801262426276
 @State ConcreteID = SC2jcaqa8541344771072 AbstractID = SRcxxh7p7ed1859173204
 ConcreteID CUSTOM = SCzpr39v855877705559 AbstractID CUSTOM = SA161w9oe85f1951919698

	ROLE = LeftClickAt
	TARGET =
		WIDGET = WCgbpdav1d3893434253, WR17qbaneb3904637586, WTpnz3gh10593155151, WP1ioc5ph191966505842
		ROLE = UIAComboBox
		TITLE = Font:
		SHAPE = Rect [x:298.0 y:447.0 w:172.0 h:140.0]
		CHILDREN = 2
		PATH = [1, 0, 1]
	DESCRIPTION = Left Click at 'Font:'
	TEXT = Compound Action =
		Move mouse to (384.0, 517.0).
		Press Mouse Button BUTTON1
		Release Mouse Button BUTTON1

ExecutedAction [46]: 
 @Action ConcreteID = AC1h141yq7f3479507050 AbstractID = AA1h141yq7f3479507050
 ConcreteID CUSTOM = ConcreteID CUSTOM not available AbstractID CUSTOM = AA1sczfik80852858505
 @State ConcreteID = SC5x1wmx8692737121339 AbstractID = SRsxipmk7ff883485096
 ConcreteID CUSTOM = SC13tgn6h86c1543414939 AbstractID CUSTOM = SA1favxv18732124471216

	ROLE = LeftClickAt
	TARGET =
		WIDGET = WC1hmmxgu201780173388, WR52qhb2b3065858412, WT1bx8b29d3158346100, WP6fptbw1c352044933
		ROLE = UIAListItem
		TITLE = 36
		SHAPE = Rect [x:635.0 y:531.0 w:42.0 h:15.0]
		CHILDREN = 0
		PATH = [1, 0, 5, 0, 5]
	DESCRIPTION = Left Click at '36'
	TEXT = Compound Action =
		Move mouse to (656.0, 538.5).
		Press Mouse Button BUTTON1
		Release Mouse Button BUTTON1

ExecutedAction [47]: 
 @Action ConcreteID = AC4zhe2r7f673194604 AbstractID = AA4zhe2r7f673194604
 ConcreteID CUSTOM = ConcreteID CUSTOM not available AbstractID CUSTOM = AAgbcrml803583026319
 @State ConcreteID = SC5x1wmx8692737121339 AbstractID = SRsxipmk7ff883485096
 ConcreteID CUSTOM = SC13tgn6h86c1543414939 AbstractID CUSTOM = SA1favxv18732124471216

	ROLE = LeftClickAt
	TARGET =
		WIDGET = WC1mo0jwd233116139095, WR52qhb2b3065858412, WTqldbbs101864145525, WP2tfksr1f2915213519
		ROLE = UIAListItem
		TITLE = Light
		SHAPE = Rect [x:488.0 y:471.0 w:109.0 h:19.0]
		CHILDREN = 0
		PATH = [1, 0, 3, 0, 1]
	DESCRIPTION = Left Click at 'Light'
	TEXT = Compound Action =
		Move mouse to (542.5, 480.5).
		Press Mouse Button BUTTON1
		Release Mouse Button BUTTON1

ExecutedAction [48]: 
 @Action ConcreteID = AC199kdey7f3626172960 AbstractID = AA199kdey7f3626172960
 ConcreteID CUSTOM = ConcreteID CUSTOM not available AbstractID CUSTOM = AA1klfqys80630424771
 @State ConcreteID = SC5x1wmx8692737121339 AbstractID = SRsxipmk7ff883485096
 ConcreteID CUSTOM = SC13tgn6h86c1543414939 AbstractID CUSTOM = SA1favxv18732124471216

	ROLE = LeftClickAt
	TARGET =
		WIDGET = WCrv4y9v293644432688, WR52qhb2b3065858412, WT7gg8y5164076938408, WP1g73byp252807277410
		ROLE = UIAListItem
		TITLE = Bold Italic
		SHAPE = Rect [x:488.0 y:566.0 w:109.0 h:19.0]
		CHILDREN = 0
		PATH = [1, 0, 3, 0, 6]
	DESCRIPTION = Left Click at 'Bold Italic'
	TEXT = Compound Action =
		Move mouse to (542.5, 575.5).
		Press Mouse Button BUTTON1
		Release Mouse Button BUTTON1

ExecutedAction [49]: 
 @Action ConcreteID = AC16pp2lp7f3975012399 AbstractID = AA16pp2lp7f3975012399
 ConcreteID CUSTOM = ConcreteID CUSTOM not available AbstractID CUSTOM = AA1i1kg5j80291333836
 @State ConcreteID = SC5x1wmx8692737121339 AbstractID = SRsxipmk7ff883485096
 ConcreteID CUSTOM = SC13tgn6h86c1543414939 AbstractID CUSTOM = SA1favxv18732124471216

	ROLE = LeftClickAt
	TARGET =
		WIDGET = WC1x3e9m6223875957575, WR52qhb2b3065858412, WTq22ksjf2912385765, WPcnhb0c1e937014991
		ROLE = UIAListItem
		TITLE = Bold
		SHAPE = Rect [x:488.0 y:547.0 w:109.0 h:19.0]
		CHILDREN = 0
		PATH = [1, 0, 3, 0, 5]
	DESCRIPTION = Left Click at 'Bold'
	TEXT = Compound Action =
		Move mouse to (542.5, 556.5).
		Press Mouse Button BUTTON1
		Release Mouse Button BUTTON1

ExecutedAction [50]: 
 @Action ConcreteID = AC1ssdlxr7f1582092284 AbstractID = AA1ssdlxr7f1582092284
 ConcreteID CUSTOM = ConcreteID CUSTOM not available AbstractID CUSTOM = AA534xih802751219999
 @State ConcreteID = SC5x1wmx8692737121339 AbstractID = SRsxipmk7ff883485096
 ConcreteID CUSTOM = SC13tgn6h86c1543414939 AbstractID CUSTOM = SA1favxv18732124471216

	ROLE = LeftClickAt
	TARGET =
		WIDGET = WCzc46uc292032462063, WR52qhb2b3065858412, WT1oehc7j16143327502, WP1qp2r8y253423532693
		ROLE = UIAListItem
		TITLE = Courier New
		SHAPE = Rect [x:300.0 y:547.0 w:151.0 h:19.0]
		CHILDREN = 0
		PATH = [1, 0, 1, 0, 5]
	DESCRIPTION = Left Click at 'Courier New'
	TEXT = Compound Action =
		Move mouse to (375.5, 556.5).
		Press Mouse Button BUTTON1
		Release Mouse Button BUTTON1

ExecutedAction [51]: 
 @Action ConcreteID = AC1rjo84l7f2972631132 AbstractID = AA1rjo84l7f2972631132
 ConcreteID CUSTOM = ConcreteID CUSTOM not available AbstractID CUSTOM = AA18x4k6c803367809089
 @State ConcreteID = SCcf7r9a8411904258527 AbstractID = SR16l19ek7d93368604442
 ConcreteID CUSTOM = SC11gvxvf8432337757549 AbstractID CUSTOM = SA1h7wcjc84b3130046227

	ROLE = LeftClickAt
	TARGET =
		WIDGET = WC5zsj6a26849277005, WR1h6ibpb92248851252, WTbcxonh101439247762, WP10m89dw222913808628
		ROLE = UIAButton
		TITLE = Page up
		SHAPE = Rect [x:451.0 y:488.0 w:17.0 h:7.0]
		CHILDREN = 0
		PATH = [1, 0, 1, 0, 0, 1]
	DESCRIPTION = Left Click at 'Page up'
	TEXT = Compound Action =
		Move mouse to (459.5, 491.5).
		Press Mouse Button BUTTON1
		Release Mouse Button BUTTON1

ExecutedAction [52]: 
 @Action ConcreteID = AC3l81nu7f1904426954 AbstractID = AA3l81nu7f1904426954
 ConcreteID CUSTOM = ConcreteID CUSTOM not available AbstractID CUSTOM = AAvwby1n802204875178
 @State ConcreteID = SCtulwus8441340038986 AbstractID = SR16l19ek7d93368604442
 ConcreteID CUSTOM = SC1szvkeq8414188323781 AbstractID CUSTOM = SA1h7wcjc84b3130046227

	ROLE = LeftClickAt
	TARGET =
		WIDGET = WC1e4sy0f202744872532, WR52qhb2b3065858412, WT1bx8b1ed2774251573, WP1j33qt91c3305614144
		ROLE = UIAListItem
		TITLE = 26
		SHAPE = Rect [x:635.0 y:501.0 w:42.0 h:15.0]
		CHILDREN = 0
		PATH = [1, 0, 5, 0, 3]
	DESCRIPTION = Left Click at '26'
	TEXT = Compound Action =
		Move mouse to (656.0, 508.5).
		Press Mouse Button BUTTON1
		Release Mouse Button BUTTON1

ExecutedAction [53]: 
 @Action ConcreteID = ACrrpgcx7f3765986822 AbstractID = AArrpgcx7f3765986822
 ConcreteID CUSTOM = ConcreteID CUSTOM not available AbstractID CUSTOM = AA1k2tcqq80311484518
 @State ConcreteID = SCtulwus8441340038986 AbstractID = SR16l19ek7d93368604442
 ConcreteID CUSTOM = SC1szvkeq8414188323781 AbstractID CUSTOM = SA1h7wcjc84b3130046227

	ROLE = LeftClickAt
	TARGET =
		WIDGET = WCd7pqbv1f1337130323, WR17qbaneb3904637586, WT1oe7pvp1243228967, WPfod3o91b3151365302
		ROLE = UIAComboBox
		TITLE = Script:
		SHAPE = Rect [x:486.0 y:708.0 w:210.0 h:22.0]
		CHILDREN = 1
		PATH = [1, 0, 9]
	DESCRIPTION = Left Click at 'Script:'
	TEXT = Compound Action =
		Move mouse to (591.0, 719.0).
		Press Mouse Button BUTTON1
		Release Mouse Button BUTTON1

ExecutedAction [54]: 
 @Action ConcreteID = ACl6w8du7f124238649 AbstractID = AAl6w8du7f124238649
 ConcreteID CUSTOM = ConcreteID CUSTOM not available AbstractID CUSTOM = AA13am0fu7f2885764208
 @State ConcreteID = SCko1ct59d81275986932 AbstractID = SR7ym74e9551811471088
 ConcreteID CUSTOM = SC1olrs9l9ce1115292759 AbstractID CUSTOM = SA7upf7n9e21198589910

	ROLE = LeftClickAt
	TARGET =
		WIDGET = WCi45t1i2a3673183611, WR52qhb2b3065858412, WT1cjazvz173786828615, WP5ee4us263982417051
		ROLE = UIAListItem
		TITLE = Cambria Math
		SHAPE = Rect [x:300.0 y:509.0 w:151.0 h:19.0]
		CHILDREN = 0
		PATH = [1, 0, 1, 0, 3]
	DESCRIPTION = Left Click at 'Cambria Math'
	TEXT = Compound Action =
		Move mouse to (375.5, 518.5).
		Press Mouse Button BUTTON1
		Release Mouse Button BUTTON1

ExecutedAction [55]: 
 @Action ConcreteID = ACw2k6c7f3856653878 AbstractID = AAw2k6c7f3856653878
 ConcreteID CUSTOM = ConcreteID CUSTOM not available AbstractID CUSTOM = AAt76gk580389503062
 @State ConcreteID = SCtulwus8441340038986 AbstractID = SR16l19ek7d93368604442
 ConcreteID CUSTOM = SC1szvkeq8414188323781 AbstractID CUSTOM = SA1h7wcjc84b3130046227

	ROLE = LeftClickAt
	TARGET =
		WIDGET = WCnmgwc42070895404, WR52qhb2b3065858412, WT1bx8b5ld3745613929, WP1mpcbya1c2180304463
		ROLE = UIAListItem
		TITLE = 72
		SHAPE = Rect [x:635.0 y:561.0 w:42.0 h:15.0]
		CHILDREN = 0
		PATH = [1, 0, 5, 0, 7]
	DESCRIPTION = Left Click at '72'
	TEXT = Compound Action =
		Move mouse to (656.0, 568.5).
		Press Mouse Button BUTTON1
		Release Mouse Button BUTTON1

ExecutedAction [56]: 
 @Action ConcreteID = ACfsc5nm7f1506232715 AbstractID = AAfsc5nm7f1506232715
 ConcreteID CUSTOM = ConcreteID CUSTOM not available AbstractID CUSTOM = AA183g21f802872037355
 @State ConcreteID = SCtulwus8441340038986 AbstractID = SR16l19ek7d93368604442
 ConcreteID CUSTOM = SC1szvkeq8414188323781 AbstractID CUSTOM = SA1h7wcjc84b3130046227

	ROLE = LeftClickAt
	TARGET =
		WIDGET = WC1yk49jx252546709965, WR52qhb2b3065858412, WT1qmh7sp123059383769, WP1or8e23214049803440
		ROLE = UIAListItem
		TITLE = Cambria
		SHAPE = Rect [x:300.0 y:490.0 w:151.0 h:19.0]
		CHILDREN = 0
		PATH = [1, 0, 1, 0, 2]
	DESCRIPTION = Left Click at 'Cambria'
	TEXT = Compound Action =
		Move mouse to (375.5, 499.5).
		Press Mouse Button BUTTON1
		Release Mouse Button BUTTON1

ExecutedAction [57]: 
 @Action ConcreteID = AC1i435a87f3056356751 AbstractID = AA1i435a87f3056356751
 ConcreteID CUSTOM = ConcreteID CUSTOM not available AbstractID CUSTOM = AAbe2zox801153747951
 @State ConcreteID = SCtulwus8441340038986 AbstractID = SR16l19ek7d93368604442
 ConcreteID CUSTOM = SC1szvkeq8414188323781 AbstractID CUSTOM = SA1h7wcjc84b3130046227

	ROLE = LeftClickAt
	TARGET =
		WIDGET = WC17lnvbg20824825008, WR52qhb2b3065858412, WT1bx8b36d347681460, WPbxiwey1c1069948582
		ROLE = UIAListItem
		TITLE = 48
		SHAPE = Rect [x:635.0 y:546.0 w:42.0 h:15.0]
		CHILDREN = 0
		PATH = [1, 0, 5, 0, 6]
	DESCRIPTION = Left Click at '48'
	TEXT = Compound Action =
		Move mouse to (656.0, 553.5).
		Press Mouse Button BUTTON1
		Release Mouse Button BUTTON1

ExecutedAction [58]: 
 @Action ConcreteID = AC1g2c6ox7f2655679149 AbstractID = AA1g2c6ox7f2655679149
 ConcreteID CUSTOM = ConcreteID CUSTOM not available AbstractID CUSTOM = AA9cc13m801822618829
 @State ConcreteID = SCtulwus8441340038986 AbstractID = SR16l19ek7d93368604442
 ConcreteID CUSTOM = SC1szvkeq8414188323781 AbstractID CUSTOM = SA1h7wcjc84b3130046227

	ROLE = LeftClickAt
	TARGET =
		WIDGET = WCkq38vo261003197229, WR52qhb2b3065858412, WTgncbem133408135534, WP11rdv5u222951732889
		ROLE = UIAListItem
		TITLE = Consolas
		SHAPE = Rect [x:300.0 y:566.0 w:151.0 h:19.0]
		CHILDREN = 0
		PATH = [1, 0, 1, 0, 6]
	DESCRIPTION = Left Click at 'Consolas'
	TEXT = Compound Action =
		Move mouse to (375.5, 575.5).
		Press Mouse Button BUTTON1
		Release Mouse Button BUTTON1

ExecutedAction [59]: 
 @Action ConcreteID = AC73mil97f3140297834 AbstractID = AA73mil97f3140297834
 ConcreteID CUSTOM = ConcreteID CUSTOM not available AbstractID CUSTOM = AAzeqez2801237688842
 @State ConcreteID = SCtulwus8441340038986 AbstractID = SR16l19ek7d93368604442
 ConcreteID CUSTOM = SC1szvkeq8414188323781 AbstractID CUSTOM = SA1h7wcjc84b3130046227

	ROLE = LeftClickAt
	TARGET =
		WIDGET = WCt4p2qx272923655528, WR16s6p21c140494670, WTdtcs8f142835715827, WP1xa933r231015018069
		ROLE = UIAScrollBar
		TITLE = Vertical
		SHAPE = Rect [x:451.0 y:471.0 w:17.0 h:114.0]
		CHILDREN = 5
		PATH = [1, 0, 1, 0, 0]
	DESCRIPTION = Left Click at 'Vertical'
	TEXT = Compound Action =
		Move mouse to (459.5, 528.0).
		Press Mouse Button BUTTON1
		Release Mouse Button BUTTON1

ExecutedAction [60]: 
 @Action ConcreteID = AC1uvrfdh7f641693595 AbstractID = AA1uvrfdh7f641693595
 ConcreteID CUSTOM = ConcreteID CUSTOM not available AbstractID CUSTOM = AA1c97rf8801605175174
 @State ConcreteID = SCcf7r9a8411904258527 AbstractID = SR16l19ek7d93368604442
 ConcreteID CUSTOM = SC11gvxvf8432337757549 AbstractID CUSTOM = SA1h7wcjc84b3130046227

	ROLE = LeftClickAt
	TARGET =
		WIDGET = WC10lzwgc204112692212, WR52qhb2b3065858412, WT1bx8b1gd1122211122, WP1276pga1c2865023788
		ROLE = UIAListItem
		TITLE = 28
		SHAPE = Rect [x:635.0 y:516.0 w:42.0 h:15.0]
		CHILDREN = 0
		PATH = [1, 0, 5, 0, 4]
	DESCRIPTION = Left Click at '28'
	TEXT = Compound Action =
		Move mouse to (656.0, 523.5).
		Press Mouse Button BUTTON1
		Release Mouse Button BUTTON1

ExecutedAction [61]: 
 @Action ConcreteID = ACkb9sm47f2691432162 AbstractID = AAkb9sm47f2691432162
 ConcreteID CUSTOM = ConcreteID CUSTOM not available AbstractID CUSTOM = AA1oq4nv803657010943
 @State ConcreteID = SCcf7r9a8411904258527 AbstractID = SR16l19ek7d93368604442
 ConcreteID CUSTOM = SC11gvxvf8432337757549 AbstractID CUSTOM = SA1h7wcjc84b3130046227

	ROLE = LeftClickAt
	TARGET =
		WIDGET = WC7kxyk424495881409, WR52qhb2b3065858412, WT12wb7k1114053343689, WP1fopb0i203289497498
		ROLE = UIAListItem
		TITLE = Corbel
		SHAPE = Rect [x:300.0 y:509.0 w:151.0 h:19.0]
		CHILDREN = 0
		PATH = [1, 0, 1, 0, 3]
	DESCRIPTION = Left Click at 'Corbel'
	TEXT = Compound Action =
		Move mouse to (375.5, 518.5).
		Press Mouse Button BUTTON1
		Release Mouse Button BUTTON1

ExecutedAction [62]: 
 @Action ConcreteID = AC1q8ib4i7f2594391260 AbstractID = AA1q8ib4i7f2594391260
 ConcreteID CUSTOM = ConcreteID CUSTOM not available AbstractID CUSTOM = AA2j9mp8801729348159
 @State ConcreteID = SC5x1wmx8692737121339 AbstractID = SRsxipmk7ff883485096
 ConcreteID CUSTOM = SC13tgn6h86c1543414939 AbstractID CUSTOM = SA1favxv18732124471216

	ROLE = LeftClickAt
	TARGET =
		WIDGET = WCdiw679252080178870, WR52qhb2b3065858412, WT1xdsb3j123030504758, WPvm5yr7212469017680
		ROLE = UIAListItem
		TITLE = Courier
		SHAPE = Rect [x:300.0 y:528.0 w:151.0 h:19.0]
		CHILDREN = 0
		PATH = [1, 0, 1, 0, 4]
	DESCRIPTION = Left Click at 'Courier'
	TEXT = Compound Action =
		Move mouse to (375.5, 537.5).
		Press Mouse Button BUTTON1
		Release Mouse Button BUTTON1

ExecutedAction [63]: 
 @Action ConcreteID = AC11j902z7e611539893 AbstractID = AA11j902z7e611539893
 ConcreteID CUSTOM = ConcreteID CUSTOM not available AbstractID CUSTOM = AAsq0lya802878649617
 @State ConcreteID = SCamrelk7dc845536514 AbstractID = SRzuk5s1779233608694
 ConcreteID CUSTOM = SCt401th7dc3038841022 AbstractID CUSTOM = SA14xqxa97e23976831935

	ROLE = LeftClickAt
	TARGET =
		WIDGET = WCr7o7ei261997001592, WR52qhb2b3065858412, WT1bqzmyj132256915856, WPlax360222533259805
		ROLE = UIAListItem
		TITLE = Standard
		SHAPE = Rect [x:488.0 y:471.0 w:109.0 h:19.0]
		CHILDREN = 0
		PATH = [1, 0, 3, 0, 1]
	DESCRIPTION = Left Click at 'Standard'
	TEXT = Compound Action =
		Move mouse to (542.5, 480.5).
		Press Mouse Button BUTTON1
		Release Mouse Button BUTTON1

ExecutedAction [64]: 
 @Action ConcreteID = AC1vrs73q7e1440655201 AbstractID = AA1vrs73q7e1440655201
 ConcreteID CUSTOM = ConcreteID CUSTOM not available AbstractID CUSTOM = AA1myjsz1803661187525
 @State ConcreteID = SCamrelk7dc845536514 AbstractID = SRzuk5s1779233608694
 ConcreteID CUSTOM = SCt401th7dc3038841022 AbstractID CUSTOM = SA14xqxa97e23976831935

	ROLE = LeftClickAt
	TARGET =
		WIDGET = WCqcre96203948612177, WR52qhb2b3065858412, WT1bx8b0md516552295, WP7di2bc1c1463157049
		ROLE = UIAListItem
		TITLE = 19
		SHAPE = Rect [x:635.0 y:516.0 w:42.0 h:15.0]
		CHILDREN = 0
		PATH = [1, 0, 5, 0, 4]
	DESCRIPTION = Left Click at '19'
	TEXT = Compound Action =
		Move mouse to (656.0, 523.5).
		Press Mouse Button BUTTON1
		Release Mouse Button BUTTON1

ExecutedAction [65]: 
 @Action ConcreteID = AC1fewdq57e2300057933 AbstractID = AA1fewdq57e2300057933
 ConcreteID CUSTOM = ConcreteID CUSTOM not available AbstractID CUSTOM = AA16lnzlg80117438441
 @State ConcreteID = SCamrelk7dc845536514 AbstractID = SRzuk5s1779233608694
 ConcreteID CUSTOM = SCt401th7dc3038841022 AbstractID CUSTOM = SA14xqxa97e23976831935

	ROLE = LeftClickAt
	TARGET =
		WIDGET = WC1hedhe7201999413629, WR52qhb2b3065858412, WT1bx8b0id394246732, WP155c5251c3210036278
		ROLE = UIAListItem
		TITLE = 15
		SHAPE = Rect [x:635.0 y:501.0 w:42.0 h:15.0]
		CHILDREN = 0
		PATH = [1, 0, 5, 0, 3]
	DESCRIPTION = Left Click at '15'
	TEXT = Compound Action =
		Move mouse to (656.0, 508.5).
		Press Mouse Button BUTTON1
		Release Mouse Button BUTTON1

ExecutedAction [66]: 
 @Action ConcreteID = AC1rm0hpx7e2707189516 AbstractID = AA1rm0hpx7e2707189516
 ConcreteID CUSTOM = ConcreteID CUSTOM not available AbstractID CUSTOM = AA1iss3l880784040360
 @State ConcreteID = SCamrelk7dc845536514 AbstractID = SRzuk5s1779233608694
 ConcreteID CUSTOM = SCt401th7dc3038841022 AbstractID CUSTOM = SA14xqxa97e23976831935

	ROLE = LeftClickAt
	TARGET =
		WIDGET = WC1d8qozg283968250343, WR52qhb2b3065858412, WTjcuw6y152297092711, WP5d7wwa244024516983
		ROLE = UIAListItem
		TITLE = Constantia
		SHAPE = Rect [x:300.0 y:490.0 w:151.0 h:19.0]
		CHILDREN = 0
		PATH = [1, 0, 1, 0, 2]
	DESCRIPTION = Left Click at 'Constantia'
	TEXT = Compound Action =
		Move mouse to (375.5, 499.5).
		Press Mouse Button BUTTON1
		Release Mouse Button BUTTON1

ExecutedAction [67]: 
 @Action ConcreteID = AC1wy4c527f4014441671 AbstractID = AA1wy4c527f4014441671
 ConcreteID CUSTOM = ConcreteID CUSTOM not available AbstractID CUSTOM = AA1w8nr2j7f1544868294
 @State ConcreteID = SC1f1ui22843495809903 AbstractID = SR40gdu67d92437955745
 ConcreteID CUSTOM = SC1p6vaou8441858298606 AbstractID CUSTOM = SA4xrb3f84d3844803040

	ROLE = LeftClickAt
	TARGET =
		WIDGET = WC1o5s099201866231422, WR52qhb2b3065858412, WT1bx8b0hd1618512602, WP1dlantn1c1816797666
		ROLE = UIAListItem
		TITLE = 14
		SHAPE = Rect [x:635.0 y:546.0 w:42.0 h:15.0]
		CHILDREN = 0
		PATH = [1, 0, 5, 0, 6]
	DESCRIPTION = Left Click at '14'
	TEXT = Compound Action =
		Move mouse to (656.0, 553.5).
		Press Mouse Button BUTTON1
		Release Mouse Button BUTTON1

ExecutedAction [68]: 
 @Action ConcreteID = ACt7v6go7f3010160653 AbstractID = AAt7v6go7f3010160653
 ConcreteID CUSTOM = ConcreteID CUSTOM not available AbstractID CUSTOM = AAsiele57f3685644
 @State ConcreteID = SC1f1ui22843495809903 AbstractID = SR40gdu67d92437955745
 ConcreteID CUSTOM = SC1p6vaou8441858298606 AbstractID CUSTOM = SA4xrb3f84d3844803040

	ROLE = LeftClickAt
	TARGET =
		WIDGET = WC1t6qo6x1f1225923203, WR52qhb2b3065858412, WTfaksm2c3199387433, WPqz7ww71b517686409
		ROLE = UIAListItem
		TITLE = 8
		SHAPE = Rect [x:635.0 y:471.0 w:42.0 h:15.0]
		CHILDREN = 0
		PATH = [1, 0, 5, 0, 1]
	DESCRIPTION = Left Click at '8'
	TEXT = Compound Action =
		Move mouse to (656.0, 478.5).
		Press Mouse Button BUTTON1
		Release Mouse Button BUTTON1

ExecutedAction [69]: 
 @Action ConcreteID = AC19kqzu97f2623869848 AbstractID = AA19kqzu97f2623869848
 ConcreteID CUSTOM = ConcreteID CUSTOM not available AbstractID CUSTOM = AA18vaerq7f792086169
 @State ConcreteID = SC1f1ui22843495809903 AbstractID = SR40gdu67d92437955745
 ConcreteID CUSTOM = SC1p6vaou8441858298606 AbstractID CUSTOM = SA4xrb3f84d3844803040

	ROLE = LeftClickAt
	TARGET =
		WIDGET = WC1mfc5fb1f123236870, WR52qhb2b3065858412, WTfaksm3c3384145855, WPij9e851b2610857691
		ROLE = UIAListItem
		TITLE = 9
		SHAPE = Rect [x:635.0 y:486.0 w:42.0 h:15.0]
		CHILDREN = 0
		PATH = [1, 0, 5, 0, 2]
	DESCRIPTION = Left Click at '9'
	TEXT = Compound Action =
		Move mouse to (656.0, 493.5).
		Press Mouse Button BUTTON1
		Release Mouse Button BUTTON1

ExecutedAction [70]: 
 @Action ConcreteID = AC8jot6e7f2987241232 AbstractID = AA8jot6e7f2987241232
 ConcreteID CUSTOM = ConcreteID CUSTOM not available AbstractID CUSTOM = AA7u883v7f23001617
 @State ConcreteID = SC1f1ui22843495809903 AbstractID = SR40gdu67d92437955745
 ConcreteID CUSTOM = SC1p6vaou8441858298606 AbstractID CUSTOM = SA4xrb3f84d3844803040

	ROLE = LeftClickAt
	TARGET =
		WIDGET = WCmpuldy244162083745, WR52qhb2b3065858412, WT15t19m611856301530, WP1eewnis201046876593
		ROLE = UIAListItem
		TITLE = Italic
		SHAPE = Rect [x:488.0 y:490.0 w:109.0 h:19.0]
		CHILDREN = 0
		PATH = [1, 0, 3, 0, 2]
	DESCRIPTION = Left Click at 'Italic'
	TEXT = Compound Action =
		Move mouse to (542.5, 499.5).
		Press Mouse Button BUTTON1
		Release Mouse Button BUTTON1

ExecutedAction [71]: 
 @Action ConcreteID = AC1uwddjr7f3340876773 AbstractID = AA1uwddjr7f3340876773
 ConcreteID CUSTOM = ConcreteID CUSTOM not available AbstractID CUSTOM = AA1u6wsh87f1953689316
 @State ConcreteID = SC1f1ui22843495809903 AbstractID = SR40gdu67d92437955745
 ConcreteID CUSTOM = SC1p6vaou8441858298606 AbstractID CUSTOM = SA4xrb3f84d3844803040

	ROLE = LeftClickAt
	TARGET =
		WIDGET = WCwrq83w24580147071, WR52qhb2b3065858412, WT13n9a06111701651249, WPiy3hsq203951506973
		ROLE = UIAListItem
		TITLE = Ebrima
		SHAPE = Rect [x:300.0 y:566.0 w:151.0 h:19.0]
		CHILDREN = 0
		PATH = [1, 0, 1, 0, 6]
	DESCRIPTION = Left Click at 'Ebrima'
	TEXT = Compound Action =
		Move mouse to (375.5, 575.5).
		Press Mouse Button BUTTON1
		Release Mouse Button BUTTON1

ExecutedAction [72]: 
 @Action ConcreteID = AC1y5s92x7f4101258848 AbstractID = AA1y5s92x7f4101258848
 ConcreteID CUSTOM = ConcreteID CUSTOM not available AbstractID CUSTOM = AAir2e7m80311765312
 @State ConcreteID = SCra1jcw8551545204854 AbstractID = SRcxxh7p7ed1859173204
 ConcreteID CUSTOM = SC1nqqwn5856146811568 AbstractID CUSTOM = SA161w9oe85f1951919698

	ROLE = LeftClickAt
	TARGET =
		WIDGET = WCr6wbjy2a3049748727, WR52qhb2b3065858412, WTqr3zqs171083766660, WP40rtfw26281301263
		ROLE = UIAListItem
		TITLE = Bold Oblique
		SHAPE = Rect [x:488.0 y:528.0 w:109.0 h:19.0]
		CHILDREN = 0
		PATH = [1, 0, 3, 0, 4]
	DESCRIPTION = Left Click at 'Bold Oblique'
	TEXT = Compound Action =
		Move mouse to (542.5, 537.5).
		Press Mouse Button BUTTON1
		Release Mouse Button BUTTON1

ExecutedAction [73]: 
 @Action ConcreteID = AC1t7z2dz7f2247855063 AbstractID = AA1t7z2dz7f2247855063
 ConcreteID CUSTOM = ConcreteID CUSTOM not available AbstractID CUSTOM = AAdt97io801662688503
 @State ConcreteID = SCra1jcw8551545204854 AbstractID = SRcxxh7p7ed1859173204
 ConcreteID CUSTOM = SC1nqqwn5856146811568 AbstractID CUSTOM = SA161w9oe85f1951919698

	ROLE = LeftClickAt
	TARGET =
		WIDGET = WC2ngztd203643380009, WR52qhb2b3065858412, WT1bx8b0fd2300260335, WP1uh7p5r1c233646724
		ROLE = UIAListItem
		TITLE = 12
		SHAPE = Rect [x:635.0 y:516.0 w:42.0 h:15.0]
		CHILDREN = 0
		PATH = [1, 0, 5, 0, 4]
	DESCRIPTION = Left Click at '12'
	TEXT = Compound Action =
		Move mouse to (656.0, 523.5).
		Press Mouse Button BUTTON1
		Release Mouse Button BUTTON1

ExecutedAction [74]: 
 @Action ConcreteID = AC1cv390e7f1497183739 AbstractID = AA1cv390e7f1497183739
 ConcreteID CUSTOM = ConcreteID CUSTOM not available AbstractID CUSTOM = AA1whhg47803218875099
 @State ConcreteID = SCra1jcw8551545204854 AbstractID = SRcxxh7p7ed1859173204
 ConcreteID CUSTOM = SC1nqqwn5856146811568 AbstractID CUSTOM = SA161w9oe85f1951919698

	ROLE = LeftClickAt
	TARGET =
		WIDGET = WC9evikz20968968740, WR52qhb2b3065858412, WT1bx8b0ed269647445, WP3w25up1c1801717937
		ROLE = UIAListItem
		TITLE = 11
		SHAPE = Rect [x:635.0 y:501.0 w:42.0 h:15.0]
		CHILDREN = 0
		PATH = [1, 0, 5, 0, 3]
	DESCRIPTION = Left Click at '11'
	TEXT = Compound Action =
		Move mouse to (656.0, 508.5).
		Press Mouse Button BUTTON1
		Release Mouse Button BUTTON1

ExecutedAction [75]: 
 @Action ConcreteID = AC1vlwy9o7f2970496381 AbstractID = AA1vlwy9o7f2970496381
 ConcreteID CUSTOM = ConcreteID CUSTOM not available AbstractID CUSTOM = AAg773ed801475295837
 @State ConcreteID = SCra1jcw8551545204854 AbstractID = SRcxxh7p7ed1859173204
 ConcreteID CUSTOM = SC1nqqwn5856146811568 AbstractID CUSTOM = SA161w9oe85f1951919698

	ROLE = LeftClickAt
	TARGET =
		WIDGET = WC9p7eyo252057750724, WR52qhb2b3065858412, WTq4iqsz124266912943, WPjs4wni211204804044
		ROLE = UIAListItem
		TITLE = Oblique
		SHAPE = Rect [x:488.0 y:509.0 w:109.0 h:19.0]
		CHILDREN = 0
		PATH = [1, 0, 3, 0, 3]
	DESCRIPTION = Left Click at 'Oblique'
	TEXT = Compound Action =
		Move mouse to (542.5, 518.5).
		Press Mouse Button BUTTON1
		Release Mouse Button BUTTON1

ExecutedAction [76]: 
 @Action ConcreteID = AC1a5xriw7f3445740551 AbstractID = AA1a5xriw7f3445740551
 ConcreteID CUSTOM = ConcreteID CUSTOM not available AbstractID CUSTOM = AA1tsbymp80729858855
 @State ConcreteID = SCra1jcw8551545204854 AbstractID = SRcxxh7p7ed1859173204
 ConcreteID CUSTOM = SC1nqqwn5856146811568 AbstractID CUSTOM = SA161w9oe85f1951919698

	ROLE = LeftClickAt
	TARGET =
		WIDGET = WCx45x48202769380052, WR52qhb2b3065858412, WT1bx8b0ld1775159025, WPftgl2u1c3530802027
		ROLE = UIAListItem
		TITLE = 18
		SHAPE = Rect [x:635.0 y:561.0 w:42.0 h:15.0]
		CHILDREN = 0
		PATH = [1, 0, 5, 0, 7]
	DESCRIPTION = Left Click at '18'
	TEXT = Compound Action =
		Move mouse to (656.0, 568.5).
		Press Mouse Button BUTTON1
		Release Mouse Button BUTTON1

ExecutedAction [77]: 
 @Action ConcreteID = ACscuano7f2660386750 AbstractID = AAscuano7f2660386750
 ConcreteID CUSTOM = ConcreteID CUSTOM not available AbstractID CUSTOM = AA1bz8hrh802020823198
 @State ConcreteID = SCra1jcw8551545204854 AbstractID = SRcxxh7p7ed1859173204
 ConcreteID CUSTOM = SC1nqqwn5856146811568 AbstractID CUSTOM = SA161w9oe85f1951919698

	ROLE = LeftClickAt
	TARGET =
		WIDGET = WC1amyyob202784106738, WR52qhb2b3065858412, WT1bx8b0jd2390158326, WPwpdmft1c3957982337
		ROLE = UIAListItem
		TITLE = 16
		SHAPE = Rect [x:635.0 y:546.0 w:42.0 h:15.0]
		CHILDREN = 0
		PATH = [1, 0, 5, 0, 6]
	DESCRIPTION = Left Click at '16'
	TEXT = Compound Action =
		Move mouse to (656.0, 553.5).
		Press Mouse Button BUTTON1
		Release Mouse Button BUTTON1

ExecutedAction [78]: 
 @Action ConcreteID = AC4zgycv7f3987788001 AbstractID = AA4zgycv7f3987788001
 ConcreteID CUSTOM = ConcreteID CUSTOM not available AbstractID CUSTOM = AAolv5go80189908929
 @State ConcreteID = SCra1jcw8551545204854 AbstractID = SRcxxh7p7ed1859173204
 ConcreteID CUSTOM = SC1nqqwn5856146811568 AbstractID CUSTOM = SA161w9oe85f1951919698

	ROLE = LeftClickAt
	TARGET =
		WIDGET = WCg6a1cl201170030627, WR52qhb2b3065858412, WT1bx8b0dd1729449667, WPcc0oir1c3692537953
		ROLE = UIAListItem
		TITLE = 10
		SHAPE = Rect [x:635.0 y:486.0 w:42.0 h:15.0]
		CHILDREN = 0
		PATH = [1, 0, 5, 0, 2]
	DESCRIPTION = Left Click at '10'
	TEXT = Compound Action =
		Move mouse to (656.0, 493.5).
		Press Mouse Button BUTTON1
		Release Mouse Button BUTTON1

ExecutedAction [79]: 
 @Action ConcreteID = ACrmkxox802455178568 AbstractID = AArmkxox802455178568
 ConcreteID CUSTOM = ConcreteID CUSTOM not available AbstractID CUSTOM = AA1vnwm60812850016407
 @State ConcreteID = SCra1jcw8551545204854 AbstractID = SRcxxh7p7ed1859173204
 ConcreteID CUSTOM = SC1nqqwn5856146811568 AbstractID CUSTOM = SA161w9oe85f1951919698

	ROLE = LeftClickAt
	TARGET =
		WIDGET = WC1n1r5m4202250858034, WR1h6ibpb92248851252, WTrko51k10351550260, WP1dzw1b21c239148232
		ROLE = UIAButton
		TITLE = Line up
		SHAPE = Rect [x:1482.0 y:285.0 w:17.0 h:17.0]
		CHILDREN = 0
		PATH = [0, 0, 0, 0]
	DESCRIPTION = Left Click at 'Line up'
	TEXT = Compound Action =
		Move mouse to (1490.5, 293.5).
		Press Mouse Button BUTTON1
		Release Mouse Button BUTTON1

ExecutedAction [80]: 
 @Action ConcreteID = ACtdqu8t7f2977974975 AbstractID = AAtdqu8t7f2977974975
 ConcreteID CUSTOM = ConcreteID CUSTOM not available AbstractID CUSTOM = AA1d051cm801465998751
 @State ConcreteID = SCra1jcw8551545204854 AbstractID = SRcxxh7p7ed1859173204
 ConcreteID CUSTOM = SC1nqqwn5856146811568 AbstractID CUSTOM = SA161w9oe85f1951919698

	ROLE = LeftClickAt
	TARGET =
		WIDGET = WC1xcolqv223953450220, WR4n4ygb71694219017, WTlv9l4f121129438802, WPiy1pu11e1075876607
		ROLE = UIAList
		TITLE = Font style:
		SHAPE = Rect [x:486.0 y:469.0 w:130.0 h:118.0]
		CHILDREN = 5
		PATH = [1, 0, 3, 0]
	DESCRIPTION = Left Click at 'Font style:'
	TEXT = Compound Action =
		Move mouse to (551.0, 528.0).
		Press Mouse Button BUTTON1
		Release Mouse Button BUTTON1

ExecutedAction [81]: 
 @Action ConcreteID = AC1pg44l9b71740583971 AbstractID = AA1pg44l9b71740583971
 ConcreteID CUSTOM = ConcreteID CUSTOM not available AbstractID CUSTOM = AAa1aeuub84249833759
 @State ConcreteID = SCra1jcw8551545204854 AbstractID = SRcxxh7p7ed1859173204
 ConcreteID CUSTOM = SC1nqqwn5856146811568 AbstractID CUSTOM = SA161w9oe85f1951919698

	ROLE = LeftDrag
	DESCRIPTION = Drag (329.4960156122947, 932.0) To (1072.3333333333335, 932.0)
	TEXT = Compound Action =
		Move mouse to (329.4960156122947, 932.0).
		Press Mouse Button BUTTON1
		Move mouse to (1072.3333333333335, 932.0).
		Release Mouse Button BUTTON1

ExecutedAction [82]: 
 @Action ConcreteID = AC10104eeb6348659109 AbstractID = AA10104eeb6348659109
 ConcreteID CUSTOM = ConcreteID CUSTOM not available AbstractID CUSTOM = AA1izoq7hb71528731428
 @State ConcreteID = SCra1jcw8551545204854 AbstractID = SRcxxh7p7ed1859173204
 ConcreteID CUSTOM = SC1nqqwn5856146811568 AbstractID CUSTOM = SA161w9oe85f1951919698

	ROLE = LeftDrag
	DESCRIPTION = Drag (462.0, 517.2368421052631) To (462.0, 536.8461538461538)
	TEXT = Compound Action =
		Move mouse to (462.0, 517.2368421052631).
		Press Mouse Button BUTTON1
		Move mouse to (462.0, 536.8461538461538).
		Release Mouse Button BUTTON1

ExecutedAction [83]: 
 @Action ConcreteID = ACtzxkzr7f3558445174 AbstractID = AAtzxkzr7f3558445174
 ConcreteID CUSTOM = ConcreteID CUSTOM not available AbstractID CUSTOM = AA129vmqf803847099790
 @State ConcreteID = SCx2ev8w8582193954317 AbstractID = SRcxxh7p7ed1859173204
 ConcreteID CUSTOM = SCxnvubf85868964424 AbstractID CUSTOM = SA161w9oe85f1951919698

	ROLE = LeftClickAt
	TARGET =
		WIDGET = WC10fn6zg2d3724983580, WR52qhb2b3065858412, WTqyfsbd1a1007487430, WP12u8hka294116250581
		ROLE = UIAListItem
		TITLE = Franklin Gothic
		SHAPE = Rect [x:300.0 y:509.0 w:151.0 h:19.0]
		CHILDREN = 0
		PATH = [1, 0, 1, 0, 3]
	DESCRIPTION = Left Click at 'Franklin Gothic'
	TEXT = Compound Action =
		Move mouse to (375.5, 518.5).
		Press Mouse Button BUTTON1
		Release Mouse Button BUTTON1

ExecutedAction [84]: 
 @Action ConcreteID = AC9c8y3x7f1076842181 AbstractID = AA9c8y3x7f1076842181
 ConcreteID CUSTOM = ConcreteID CUSTOM not available AbstractID CUSTOM = AA1mlx0rx80624524105
 @State ConcreteID = SC1iafmv4859182310990 AbstractID = SRcxxh7p7ed1859173204
 ConcreteID CUSTOM = SCcyooi9857348890491 AbstractID CUSTOM = SA161w9oe85f1951919698

	ROLE = LeftClickAt
	TARGET =
		WIDGET = WC68dcvr2b2835477345, WR52qhb2b3065858412, WTjl6od918505288088, WP1d1wsw5272081167260
		ROLE = UIAListItem
		TITLE = Medium Italic
		SHAPE = Rect [x:488.0 y:490.0 w:109.0 h:19.0]
		CHILDREN = 0
		PATH = [1, 0, 3, 0, 2]
	DESCRIPTION = Left Click at 'Medium Italic'
	TEXT = Compound Action =
		Move mouse to (542.5, 499.5).
		Press Mouse Button BUTTON1
		Release Mouse Button BUTTON1

ExecutedAction [85]: 
 @Action ConcreteID = AC1voxiha7f889412144 AbstractID = AA1voxiha7f889412144
 ConcreteID CUSTOM = ConcreteID CUSTOM not available AbstractID CUSTOM = AA19xhj66801343582140
 @State ConcreteID = SC1iafmv4859182310990 AbstractID = SRcxxh7p7ed1859173204
 ConcreteID CUSTOM = SCcyooi9857348890491 AbstractID CUSTOM = SA161w9oe85f1951919698

	ROLE = LeftClickAt
	TARGET =
		WIDGET = WC1svigk225414800686, WR52qhb2b3065858412, WT1g8id40123920658104, WPqdvfs0213363977846
		ROLE = UIAListItem
		TITLE = Georgia
		SHAPE = Rect [x:300.0 y:566.0 w:151.0 h:19.0]
		CHILDREN = 0
		PATH = [1, 0, 1, 0, 6]
	DESCRIPTION = Left Click at 'Georgia'
	TEXT = Compound Action =
		Move mouse to (375.5, 575.5).
		Press Mouse Button BUTTON1
		Release Mouse Button BUTTON1

ExecutedAction [86]: 
 @Action ConcreteID = ACnq6jg2801668289804 AbstractID = AAnq6jg2801668289804
 ConcreteID CUSTOM = ConcreteID CUSTOM not available AbstractID CUSTOM = AA14tqxjo802687764115
 @State ConcreteID = SC1p18a5r8582074510087 AbstractID = SRcxxh7p7ed1859173204
 ConcreteID CUSTOM = SCqchs3q8588983491 AbstractID CUSTOM = SA161w9oe85f1951919698

	ROLE = LeftClickAt
	TARGET =
		WIDGET = WC1yv59u92645308492, WR52qhb2b3065858412, WT1qtbbpf13885618562, WP1twfcnz223684637
		ROLE = UIAListItem
		TITLE = Gabriola
		SHAPE = Rect [x:300.0 y:528.0 w:151.0 h:19.0]
		CHILDREN = 0
		PATH = [1, 0, 1, 0, 4]
	DESCRIPTION = Left Click at 'Gabriola'
	TEXT = Compound Action =
		Move mouse to (375.5, 537.5).
		Press Mouse Button BUTTON1
		Release Mouse Button BUTTON1

ExecutedAction [87]: 
 @Action ConcreteID = ACmt9n717e3892529528 AbstractID = AAmt9n717e3892529528
 ConcreteID CUSTOM = ConcreteID CUSTOM not available AbstractID CUSTOM = AA1tsbymp80729858855
 @State ConcreteID = SCw8kjx5858410886547 AbstractID = SRcxxh7p7ed1859173204
 ConcreteID CUSTOM = SCwz0a1b8572050897572 AbstractID CUSTOM = SA161w9oe85f1951919698

	ROLE = LeftClickAt
	TARGET =
		WIDGET = WCjo40vl201137981061, WR52qhb2b3065858412, WT1bx8b18d1278745856, WPypqt331c4076472224
		ROLE = UIAListItem
		TITLE = 20
		SHAPE = Rect [x:635.0 y:561.0 w:42.0 h:15.0]
		CHILDREN = 0
		PATH = [1, 0, 5, 0, 7]
	DESCRIPTION = Left Click at '20'
	TEXT = Compound Action =
		Move mouse to (656.0, 568.5).
		Press Mouse Button BUTTON1
		Release Mouse Button BUTTON1

ExecutedAction [88]: 
 @Action ConcreteID = AC11pj8ob7e1411112645 AbstractID = AA11pj8ob7e1411112645
 ConcreteID CUSTOM = ConcreteID CUSTOM not available AbstractID CUSTOM = AA9nhi4v802543342746
 @State ConcreteID = SCw8kjx5858410886547 AbstractID = SRcxxh7p7ed1859173204
 ConcreteID CUSTOM = SCwz0a1b8572050897572 AbstractID CUSTOM = SA161w9oe85f1951919698

	ROLE = LeftClickAt
	TARGET =
		WIDGET = WC1x5csan264262047417, WR52qhb2b3065858412, WTjke9sn132556118657, WPca2byl222014027327
		ROLE = UIAListItem
		TITLE = Fixedsys
		SHAPE = Rect [x:300.0 y:490.0 w:151.0 h:19.0]
		CHILDREN = 0
		PATH = [1, 0, 1, 0, 2]
	DESCRIPTION = Left Click at 'Fixedsys'
	TEXT = Compound Action =
		Move mouse to (375.5, 499.5).
		Press Mouse Button BUTTON1
		Release Mouse Button BUTTON1

ExecutedAction [89]: 
 @Action ConcreteID = AC1697cw87f3355999095 AbstractID = AA1697cw87f3355999095
 ConcreteID CUSTOM = ConcreteID CUSTOM not available AbstractID CUSTOM = AA130294g802333903056
 @State ConcreteID = SCpenqko7a22499303615 AbstractID = SRhmg2307402732184254
 ConcreteID CUSTOM = SCggzsdy7a32042520775 AbstractID CUSTOM = SA1drd84z7a32403695702

	ROLE = LeftClickAt
	TARGET =
		WIDGET = WC1dt18bs241031888391, WR52qhb2b3065858412, WT14kk157114219456005, WP15ls306201983675508
		ROLE = UIAListItem
		TITLE = Gadugi
		SHAPE = Rect [x:300.0 y:547.0 w:151.0 h:19.0]
		CHILDREN = 0
		PATH = [1, 0, 1, 0, 5]
	DESCRIPTION = Left Click at 'Gadugi'
	TEXT = Compound Action =
		Move mouse to (375.5, 556.5).
		Press Mouse Button BUTTON1
		Release Mouse Button BUTTON1

ExecutedAction [90]: 
 @Action ConcreteID = ACyp5b0z803674729726 AbstractID = AAyp5b0z803674729726
 ConcreteID CUSTOM = ConcreteID CUSTOM not available AbstractID CUSTOM = AA1whhg47803218875099
 @State ConcreteID = SC1yemeqq85a3620367935 AbstractID = SRcxxh7p7ed1859173204
 ConcreteID CUSTOM = SCafvjeg857668667206 AbstractID CUSTOM = SA161w9oe85f1951919698

	ROLE = LeftClickAt
	TARGET =
		WIDGET = WC1rnlzld201767184600, WR52qhb2b3065858412, WT1bx8b1cd1263917337, WPxwq7z1c1118277155
		ROLE = UIAListItem
		TITLE = 24
		SHAPE = Rect [x:635.0 y:501.0 w:42.0 h:15.0]
		CHILDREN = 0
		PATH = [1, 0, 5, 0, 3]
	DESCRIPTION = Left Click at '24'
	TEXT = Compound Action =
		Move mouse to (656.0, 508.5).
		Press Mouse Button BUTTON1
		Release Mouse Button BUTTON1

ExecutedAction [91]: 
 @Action ConcreteID = AC1fa6bft801333062463 AbstractID = AA1fa6bft801333062463
 ConcreteID CUSTOM = ConcreteID CUSTOM not available AbstractID CUSTOM = AAe1eejx80732898586
 @State ConcreteID = SC1yemeqq85a3620367935 AbstractID = SRcxxh7p7ed1859173204
 ConcreteID CUSTOM = SCafvjeg857668667206 AbstractID CUSTOM = SA161w9oe85f1951919698

	ROLE = LeftClickAt
	TARGET =
		WIDGET = WCd35t3r283660886114, WR1h6ibpb92248851252, WT1cknvro121926923266, WPk82snd24920727240
		ROLE = UIAButton
		TITLE = Page down
		SHAPE = Rect [x:451.0 y:507.0 w:17.0 h:61.0]
		CHILDREN = 0
		PATH = [1, 0, 1, 0, 0, 3]
	DESCRIPTION = Left Click at 'Page down'
	TEXT = Compound Action =
		Move mouse to (459.5, 537.5).
		Press Mouse Button BUTTON1
		Release Mouse Button BUTTON1

ExecutedAction [92]: 
 @Action ConcreteID = AC31less7e522248648 AbstractID = AA31less7e522248648
 ConcreteID CUSTOM = ConcreteID CUSTOM not available AbstractID CUSTOM = AA129vmqf803847099790
 @State ConcreteID = SCg9y9vx858549923689 AbstractID = SRcxxh7p7ed1859173204
 ConcreteID CUSTOM = SC15ly7vq855539452803 AbstractID CUSTOM = SA161w9oe85f1951919698

	ROLE = LeftClickAt
	TARGET =
		WIDGET = WCj96yc124655815644, WR52qhb2b3065858412, WT15pg1z8113350930637, WPiakhwf201675299927
		ROLE = UIAListItem
		TITLE = Impact
		SHAPE = Rect [x:300.0 y:509.0 w:151.0 h:19.0]
		CHILDREN = 0
		PATH = [1, 0, 1, 0, 3]
	DESCRIPTION = Left Click at 'Impact'
	TEXT = Compound Action =
		Move mouse to (375.5, 518.5).
		Press Mouse Button BUTTON1
		Release Mouse Button BUTTON1

ExecutedAction [93]: 
 @Action ConcreteID = ACe8b2w27e3390583985 AbstractID = AAe8b2w27e3390583985
 ConcreteID CUSTOM = ConcreteID CUSTOM not available AbstractID CUSTOM = AA183g21f802872037355
 @State ConcreteID = SC10tue6u84158587163 AbstractID = SR16l19ek7d93368604442
 ConcreteID CUSTOM = SC1jmcyey8421634565552 AbstractID CUSTOM = SA1h7wcjc84b3130046227

	ROLE = LeftClickAt
	TARGET =
		WIDGET = WC9ldd1m321787860292, WR52qhb2b3065858412, WT8mkrfw1f1909189275, WPoaee8o2e4275421381
		ROLE = UIAListItem
		TITLE = HoloLens MDL2 Assets
		SHAPE = Rect [x:300.0 y:490.0 w:151.0 h:19.0]
		CHILDREN = 0
		PATH = [1, 0, 1, 0, 2]
	DESCRIPTION = Left Click at 'HoloLens MDL2 Assets'
	TEXT = Compound Action =
		Move mouse to (375.5, 499.5).
		Press Mouse Button BUTTON1
		Release Mouse Button BUTTON1

ExecutedAction [94]: 
 @Action ConcreteID = AC1iqs0c77e339323927 AbstractID = AA1iqs0c77e339323927
 ConcreteID CUSTOM = ConcreteID CUSTOM not available AbstractID CUSTOM = AA6sgqad801483478722
 @State ConcreteID = SCiwm6b8422496815883 AbstractID = SR16l19ek7d93368604442
 ConcreteID CUSTOM = SCjd7jqi8423213508857 AbstractID CUSTOM = SA1h7wcjc84b3130046227

	ROLE = LeftClickAt
	TARGET =
		WIDGET = WC1j4dtf32b2141931100, WR52qhb2b3065858412, WTf8syg4183484948735, WP1modqil271799713848
		ROLE = UIAListItem
		TITLE = Javanese Text
		SHAPE = Rect [x:300.0 y:547.0 w:151.0 h:19.0]
		CHILDREN = 0
		PATH = [1, 0, 1, 0, 5]
	DESCRIPTION = Left Click at 'Javanese Text'
	TEXT = Compound Action =
		Move mouse to (375.5, 556.5).
		Press Mouse Button BUTTON1
		Release Mouse Button BUTTON1

ExecutedAction [95]: 
 @Action ConcreteID = AC1g6wpiy7e3503695671 AbstractID = AA1g6wpiy7e3503695671
 ConcreteID CUSTOM = ConcreteID CUSTOM not available AbstractID CUSTOM = AA48lfh4802625871330
 @State ConcreteID = SCiwm6b8422496815883 AbstractID = SR16l19ek7d93368604442
 ConcreteID CUSTOM = SCjd7jqi8423213508857 AbstractID CUSTOM = SA1h7wcjc84b3130046227

	ROLE = LeftClickAt
	TARGET =
		WIDGET = WCcbj6i826596893829, WR52qhb2b3065858412, WTu4yx8k132295801889, WP6giewu222577226789
		ROLE = UIAListItem
		TITLE = Ink Free
		SHAPE = Rect [x:300.0 y:528.0 w:151.0 h:19.0]
		CHILDREN = 0
		PATH = [1, 0, 1, 0, 4]
	DESCRIPTION = Left Click at 'Ink Free'
	TEXT = Compound Action =
		Move mouse to (375.5, 537.5).
		Press Mouse Button BUTTON1
		Release Mouse Button BUTTON1

ExecutedAction [96]: 
 @Action ConcreteID = AC1lanb5g7e553078296 AbstractID = AA1lanb5g7e553078296
 ConcreteID CUSTOM = ConcreteID CUSTOM not available AbstractID CUSTOM = AA9cc13m801822618829
 @State ConcreteID = SCiwm6b8422496815883 AbstractID = SR16l19ek7d93368604442
 ConcreteID CUSTOM = SCjd7jqi8423213508857 AbstractID CUSTOM = SA1h7wcjc84b3130046227

	ROLE = LeftClickAt
	TARGET =
		WIDGET = WC12a4k52b3159958302, WR52qhb2b3065858412, WT1pvgn0d182719769546, WPioeyxv272135939483
		ROLE = UIAListItem
		TITLE = Leelawadee UI
		SHAPE = Rect [x:300.0 y:566.0 w:151.0 h:19.0]
		CHILDREN = 0
		PATH = [1, 0, 1, 0, 6]
	DESCRIPTION = Left Click at 'Leelawadee UI'
	TEXT = Compound Action =
		Move mouse to (375.5, 575.5).
		Press Mouse Button BUTTON1
		Release Mouse Button BUTTON1

ExecutedAction [97]: 
 @Action ConcreteID = AC1v905wo7e728085405 AbstractID = AA1v905wo7e728085405
 ConcreteID CUSTOM = ConcreteID CUSTOM not available AbstractID CUSTOM = AA1fhp5ca803585273324
 @State ConcreteID = SCq7i7ur868468100698 AbstractID = SRsxipmk7ff883485096
 ConcreteID CUSTOM = SC39t7tj86e837333041 AbstractID CUSTOM = SA1favxv18732124471216

	ROLE = LeftClickAt
	TARGET =
		WIDGET = WC4qvian30248686334, WR52qhb2b3065858412, WT11abalv1d1047954820, WP93s7592c2193721332
		ROLE = UIAListItem
		TITLE = Semi Light Oblique
		SHAPE = Rect [x:488.0 y:528.0 w:109.0 h:19.0]
		CHILDREN = 0
		PATH = [1, 0, 3, 0, 4]
	DESCRIPTION = Left Click at 'Semi Light Oblique'
	TEXT = Compound Action =
		Move mouse to (542.5, 537.5).
		Press Mouse Button BUTTON1
		Release Mouse Button BUTTON1

ExecutedAction [98]: 
 @Action ConcreteID = ACw2ns6z7e726137598 AbstractID = AAw2ns6z7e726137598
 ConcreteID CUSTOM = ConcreteID CUSTOM not available AbstractID CUSTOM = AAgbcrml803583026319
 @State ConcreteID = SCq7i7ur868468100698 AbstractID = SRsxipmk7ff883485096
 ConcreteID CUSTOM = SC39t7tj86e837333041 AbstractID CUSTOM = SA1favxv18732124471216

	ROLE = LeftClickAt
	TARGET =
		WIDGET = WC18qyomj273059590173, WR52qhb2b3065858412, WTe9h9m2141556835041, WPpg3ji1234083353141
		ROLE = UIAListItem
		TITLE = Semilight
		SHAPE = Rect [x:488.0 y:471.0 w:109.0 h:19.0]
		CHILDREN = 0
		PATH = [1, 0, 3, 0, 1]
	DESCRIPTION = Left Click at 'Semilight'
	TEXT = Compound Action =
		Move mouse to (542.5, 480.5).
		Press Mouse Button BUTTON1
		Release Mouse Button BUTTON1

ExecutedAction [99]: 
 @Action ConcreteID = AC1i5cbj17e2582041901 AbstractID = AA1i5cbj17e2582041901
 ConcreteID CUSTOM = ConcreteID CUSTOM not available AbstractID CUSTOM = AA12e1ayn801731300188
 @State ConcreteID = SCq7i7ur868468100698 AbstractID = SRsxipmk7ff883485096
 ConcreteID CUSTOM = SC39t7tj86e837333041 AbstractID CUSTOM = SA1favxv18732124471216

	ROLE = LeftClickAt
	TARGET =
		WIDGET = WC1svigfr251475923433, WR52qhb2b3065858412, WT1g8id40123920658104, WPqdvfnp212277747889
		ROLE = UIAListItem
		TITLE = Georgia
		SHAPE = Rect [x:300.0 y:471.0 w:151.0 h:19.0]
		CHILDREN = 0
		PATH = [1, 0, 1, 0, 1]
	DESCRIPTION = Left Click at 'Georgia'
	TEXT = Compound Action =
		Move mouse to (375.5, 480.5).
		Press Mouse Button BUTTON1
		Release Mouse Button BUTTON1

ExecutedAction [100]: 
 @Action ConcreteID = ACaqb2p8a04147249479 AbstractID = AAaqb2p8a04147249479
 ConcreteID CUSTOM = ConcreteID CUSTOM not available AbstractID CUSTOM = AA1tfsf1ha12543017639
 @State ConcreteID = SC1orh5nd842297972935 AbstractID = SR16l19ek7d93368604442
 ConcreteID CUSTOM = SCo8nhm78433332426033 AbstractID CUSTOM = SA1h7wcjc84b3130046227

	ROLE = LeftDrag
	DESCRIPTION = Drag (1491.0, 329.0) To (1491.0, 437.6)
	TEXT = Compound Action =
		Move mouse to (1491.0, 329.0).
		Press Mouse Button BUTTON1
		Move mouse to (1491.0, 437.6).
		Release Mouse Button BUTTON1

Sequence 1 finished.
Copying generated sequence ("sequence374") to output directory...
Copying classified sequence ("sequence374") to sequences_ok folder...
