Starting sequence 1 (output as: sequence1712)

ExecutedAction [1]: 
 @Action ConcreteID = AC1snur2m7e374207640 AbstractID = AA1snur2m7e374207640
 ConcreteID CUSTOM = ConcreteID CUSTOM not available AbstractID CUSTOM = AA8dkzfj7f3091514188
 @State ConcreteID = SCgzc7da156971168975 AbstractID = SR1nd9x6414e2307877123
 ConcreteID CUSTOM = SC7wbama1574139556117 AbstractID CUSTOM = SAy1qna91502839197419

	ROLE = LeftClickAt
	TARGET =
		WIDGET = WCdrwd4l1c2383745146, WR17v7k2nb1067391859, WT1qeha5gf2005531835, WPk63q6b18500692546
		ROLE = UIAMenuItem
		TITLE = View
		SHAPE = Rect [x:786.0 y:641.0 w:39.0 h:19.0]
		CHILDREN = 0
		PATH = [0, 2, 3]
	DESCRIPTION = Left Click at 'View'
	TEXT = Compound Action =
		Move mouse to (805.5, 650.5).
		Press Mouse Button BUTTON1
		Release Mouse Button BUTTON1

ExecutedAction [2]: 
 @Action ConcreteID = AC1yu3un27e201812503 AbstractID = AA1yu3un27e201812503
 ConcreteID CUSTOM = ConcreteID CUSTOM not available AbstractID CUSTOM = AAln6jaq801889376124
 @State ConcreteID = SChc2fl2192973515393 AbstractID = SRit234j1891698045338
 ConcreteID CUSTOM = SC7city81983014622932 AbstractID CUSTOM = SA19jxkpv1951946094867

	ROLE = LeftClickAt
	TARGET =
		WIDGET = WCudxb541c3405482637, WR17v7k2nb1067391859, WT1qejys2f1046425153, WPwz8jna183953042271
		ROLE = UIAMenuItem
		TITLE = Zoom
		SHAPE = Rect [x:789.0 y:663.0 w:136.0 h:22.0]
		CHILDREN = 0
		PATH = [0, 0, 0]
	DESCRIPTION = Left Click at 'Zoom'
	TEXT = Compound Action =
		Move mouse to (857.0, 674.0).
		Press Mouse Button BUTTON1
		Release Mouse Button BUTTON1

ExecutedAction [3]: 
 @Action ConcreteID = AC1e31qwi80406500647 AbstractID = AA1e31qwi80406500647
 ConcreteID CUSTOM = ConcreteID CUSTOM not available AbstractID CUSTOM = AA1m0lci27f3708618730
 @State ConcreteID = SC13k9clm1e43461984335 AbstractID = SR18p0c8i1d81929763734
 ConcreteID CUSTOM = SC1k4dxz31ea2742053564 AbstractID CUSTOM = SAl45cd71e12408328218

	ROLE = LeftClickAt
	TARGET =
		WIDGET = WC6pwmvq223753194329, WR17v7k2nb1067391859, WT1mzygsk152008856611, WPp481b81e1317030100
		ROLE = UIAMenuItem
		TITLE = Status Bar
		SHAPE = Rect [x:789.0 y:685.0 w:136.0 h:22.0]
		CHILDREN = 0
		PATH = [0, 1, 1]
	DESCRIPTION = Left Click at 'Status Bar'
	TEXT = Compound Action =
		Move mouse to (857.0, 696.0).
		Press Mouse Button BUTTON1
		Release Mouse Button BUTTON1

ExecutedAction [4]: 
 @Action ConcreteID = AC167ausc7e3689673508 AbstractID = AA167ausc7e3689673508
 ConcreteID CUSTOM = ConcreteID CUSTOM not available AbstractID CUSTOM = AArixbal7e123564459
 @State ConcreteID = SC6w2h61d63505289064 AbstractID = SRuxvih1ba2513313992
 ConcreteID CUSTOM = SC22ddoh1d53711883251 AbstractID CUSTOM = SA1e0xkku1d417380732

	ROLE = LeftClickAt
	TARGET =
		WIDGET = WC3rq8hx1e869414367, WR17v7k2nb1067391859, WTaz2n92112307194186, WPablb9v1a985931869
		ROLE = UIAMenuItem
		TITLE = Format
		SHAPE = Rect [x:734.0 y:641.0 w:52.0 h:19.0]
		CHILDREN = 0
		PATH = [0, 3, 2]
	DESCRIPTION = Left Click at 'Format'
	TEXT = Compound Action =
		Move mouse to (760.0, 650.5).
		Press Mouse Button BUTTON1
		Release Mouse Button BUTTON1

ExecutedAction [5]: 
 @Action ConcreteID = AC1n7wpwh802822499842 AbstractID = AA1n7wpwh802822499842
 ConcreteID CUSTOM = ConcreteID CUSTOM not available AbstractID CUSTOM = AA1n6loxj80875757270
 @State ConcreteID = SC1t3h04d20d3763755446 AbstractID = SRhdom0g1f51351705365
 ConcreteID CUSTOM = SCyu6wed212968771561 AbstractID CUSTOM = SA1odsafd20b3326211211

	ROLE = LeftClickAt
	TARGET =
		WIDGET = WC1084jd1f2874738980, WR17v7k2nb1067391859, WT1k0pzz412734516100, WPdmv4jr1b3951525617
		ROLE = UIAMenuItem
		TITLE = Font...
		SHAPE = Rect [x:737.0 y:685.0 w:144.0 h:22.0]
		CHILDREN = 0
		PATH = [0, 0, 1]
	DESCRIPTION = Left Click at 'Font...'
	TEXT = Compound Action =
		Move mouse to (809.0, 696.0).
		Press Mouse Button BUTTON1
		Release Mouse Button BUTTON1

ExecutedAction [6]: 
 @Action ConcreteID = AC1bhvdm57f3948539911 AbstractID = AA1bhvdm57f3948539911
 ConcreteID CUSTOM = ConcreteID CUSTOM not available AbstractID CUSTOM = AA1hpwfzy802359855826
 @State ConcreteID = SCwc54ce6383041590847 AbstractID = SR3zizz15ef1087786320
 ConcreteID CUSTOM = SCg1jyrm646796497059 AbstractID CUSTOM = SA1wvmbj46361290932907

	ROLE = LeftClickAt
	TARGET =
		WIDGET = WCbs94q631736823066, WR52qhb2b3065858412, WT6soznq1e4129722413, WPic1fgc2d1240679018
		ROLE = UIAListItem
		TITLE = Lucida Sans Unicode
		SHAPE = Rect [x:713.0 y:839.0 w:151.0 h:19.0]
		CHILDREN = 0
		PATH = [0, 0, 1, 0, 5]
	DESCRIPTION = Left Click at 'Lucida Sans Unicode'
	TEXT = Compound Action =
		Move mouse to (788.5, 848.5).
		Press Mouse Button BUTTON1
		Release Mouse Button BUTTON1

ExecutedAction [7]: 
 @Action ConcreteID = AC13ywl61801389304676 AbstractID = AA13ywl61801389304676
 ConcreteID CUSTOM = ConcreteID CUSTOM not available AbstractID CUSTOM = AAjshh4o812752629829
 @State ConcreteID = SCwc54ce6383041590847 AbstractID = SR3zizz15ef1087786320
 ConcreteID CUSTOM = SCg1jyrm646796497059 AbstractID CUSTOM = SA1wvmbj46361290932907

	ROLE = LeftClickAt
	TARGET =
		WIDGET = WCzht69203139137385, WR52qhb2b3065858412, WT1bx8b1cd1263917337, WP9awlrz1c2431252882
		ROLE = UIAListItem
		TITLE = 24
		SHAPE = Rect [x:1048.0 y:808.0 w:42.0 h:15.0]
		CHILDREN = 0
		PATH = [0, 0, 5, 0, 4]
	DESCRIPTION = Left Click at '24'
	TEXT = Compound Action =
		Move mouse to (1069.0, 815.5).
		Press Mouse Button BUTTON1
		Release Mouse Button BUTTON1

ExecutedAction [8]: 
 @Action ConcreteID = ACjhy2k6811590924613 AbstractID = AAjhy2k6811590924613
 ConcreteID CUSTOM = ConcreteID CUSTOM not available AbstractID CUSTOM = AAx8y35z82306994124
 @State ConcreteID = SCwc54ce6383041590847 AbstractID = SR3zizz15ef1087786320
 ConcreteID CUSTOM = SCg1jyrm646796497059 AbstractID CUSTOM = SA1wvmbj46361290932907

	ROLE = LeftClickAt
	TARGET =
		WIDGET = WC1jf7b8s1f2199453133, WR17qbaneb3904637586, WT1oe7pvp1243228967, WP1lvuol61b2004616232
		ROLE = UIAComboBox
		TITLE = Script:
		SHAPE = Rect [x:899.0 y:1000.0 w:210.0 h:22.0]
		CHILDREN = 1
		PATH = [0, 0, 9]
	DESCRIPTION = Left Click at 'Script:'
	TEXT = Compound Action =
		Move mouse to (1004.0, 1011.0).
		Press Mouse Button BUTTON1
		Release Mouse Button BUTTON1

ExecutedAction [9]: 
 @Action ConcreteID = ACk1zsze7f1447587130 AbstractID = AAk1zsze7f1447587130
 ConcreteID CUSTOM = ConcreteID CUSTOM not available AbstractID CUSTOM = AA14m962i803717927624
 @State ConcreteID = SCxq53yh77c3683887170 AbstractID = SR1rr54mp71f3961301903
 ConcreteID CUSTOM = SC1v9ndsh7904252275262 AbstractID CUSTOM = SA1ghr4sk7733713332720

	ROLE = LeftClickAt
	TARGET =
		WIDGET = WCkoj1ys263287020982, WR52qhb2b3065858412, WTu4yx8k132295801889, WPetiade222045069590
		ROLE = UIAListItem
		TITLE = Ink Free
		SHAPE = Rect [x:713.0 y:763.0 w:151.0 h:19.0]
		CHILDREN = 0
		PATH = [0, 0, 1, 0, 1]
	DESCRIPTION = Left Click at 'Ink Free'
	TEXT = Compound Action =
		Move mouse to (788.5, 772.5).
		Press Mouse Button BUTTON1
		Release Mouse Button BUTTON1

ExecutedAction [10]: 
 @Action ConcreteID = AC17kyqic7f3091603206 AbstractID = AA17kyqic7f3091603206
 ConcreteID CUSTOM = ConcreteID CUSTOM not available AbstractID CUSTOM = AA1dszsw5803753338323
 @State ConcreteID = SCwc54ce6383041590847 AbstractID = SR3zizz15ef1087786320
 ConcreteID CUSTOM = SCg1jyrm646796497059 AbstractID CUSTOM = SA1wvmbj46361290932907

	ROLE = LeftClickAt
	TARGET =
		WIDGET = WC1mj6y7s1d616240915, WR17qbaneb3904637586, WTpnz3gh10593155151, WPpupona193114041324
		ROLE = UIAComboBox
		TITLE = Font:
		SHAPE = Rect [x:711.0 y:739.0 w:172.0 h:140.0]
		CHILDREN = 2
		PATH = [0, 0, 1]
	DESCRIPTION = Left Click at 'Font:'
	TEXT = Compound Action =
		Move mouse to (797.0, 809.0).
		Press Mouse Button BUTTON1
		Release Mouse Button BUTTON1

ExecutedAction [11]: 
 @Action ConcreteID = AC84hold7f2570558258 AbstractID = AA84hold7f2570558258
 ConcreteID CUSTOM = ConcreteID CUSTOM not available AbstractID CUSTOM = AAz81wnw801576714983
 @State ConcreteID = SCz562jf64c3331036163 AbstractID = SRvcbtys6011881916210
 ConcreteID CUSTOM = SC1khi6wz6601212726313 AbstractID CUSTOM = SA1kf7zeo6481217417219

	ROLE = LeftClickAt
	TARGET =
		WIDGET = WC1pqjqmu281569880865, WR1h6ibpb92248851252, WT1cknvro121926923266, WP1wvgq6g242974279051
		ROLE = UIAButton
		TITLE = Page down
		SHAPE = Rect [x:864.0 y:807.0 w:17.0 h:53.0]
		CHILDREN = 0
		PATH = [0, 0, 1, 0, 0, 3]
	DESCRIPTION = Left Click at 'Page down'
	TEXT = Compound Action =
		Move mouse to (872.5, 833.5).
		Press Mouse Button BUTTON1
		Release Mouse Button BUTTON1

ExecutedAction [12]: 
 @Action ConcreteID = AC16844vk7f1450477654 AbstractID = AA16844vk7f1450477654
 ConcreteID CUSTOM = ConcreteID CUSTOM not available AbstractID CUSTOM = AA1ugc4i6811711536729
 @State ConcreteID = SCm3gvor651526335549 AbstractID = SRvcbtys6011881916210
 ConcreteID CUSTOM = SC1oaaojc65c2330559090 AbstractID CUSTOM = SA1kf7zeo6481217417219

	ROLE = LeftClickAt
	TARGET =
		WIDGET = WCeiauom201112475385, WR52qhb2b3065858412, WT1bx8b1ad2721479724, WPq6tn381c3188679731
		ROLE = UIAListItem
		TITLE = 22
		SHAPE = Rect [x:1048.0 y:763.0 w:42.0 h:15.0]
		CHILDREN = 0
		PATH = [0, 0, 5, 0, 1]
	DESCRIPTION = Left Click at '22'
	TEXT = Compound Action =
		Move mouse to (1069.0, 770.5).
		Press Mouse Button BUTTON1
		Release Mouse Button BUTTON1

ExecutedAction [13]: 
 @Action ConcreteID = ACk769s77f640163384 AbstractID = AAk769s77f640163384
 ConcreteID CUSTOM = ConcreteID CUSTOM not available AbstractID CUSTOM = AA18fe9et81375352375
 @State ConcreteID = SCm3gvor651526335549 AbstractID = SRvcbtys6011881916210
 ConcreteID CUSTOM = SC1oaaojc65c2330559090 AbstractID CUSTOM = SA1kf7zeo6481217417219

	ROLE = LeftClickAt
	TARGET =
		WIDGET = WCi7byp7192515450361, WR1h6ibpb92248851252, WTzj707vb935461581, WP1iyc4pp151301029461
		ROLE = UIAButton
		TITLE = OK
		SHAPE = Rect [x:946.0 y:1112.0 w:79.0 h:26.0]
		CHILDREN = 0
		PATH = [0, 0, 11]
	DESCRIPTION = Left Click at 'OK'
	TEXT = Compound Action =
		Move mouse to (985.5, 1125.0).
		Press Mouse Button BUTTON1
		Release Mouse Button BUTTON1

ExecutedAction [14]: 
 @Action ConcreteID = AC1h6ernf7e494232555 AbstractID = AA1h6ernf7e494232555
 ConcreteID CUSTOM = ConcreteID CUSTOM not available AbstractID CUSTOM = AA12i185o7e3250839908
 @State ConcreteID = SC6w2h61d63505289064 AbstractID = SRuxvih1ba2513313992
 ConcreteID CUSTOM = SC22ddoh1d53711883251 AbstractID CUSTOM = SA1e0xkku1d417380732

	ROLE = LeftClickAt
	TARGET =
		WIDGET = WC1fqsh0i1c2124881114, WR17v7k2nb1067391859, WT1qe72ijf99311909, WPjboygg183884664251
		ROLE = UIAMenuItem
		TITLE = File
		SHAPE = Rect [x:668.0 y:641.0 w:32.0 h:19.0]
		CHILDREN = 0
		PATH = [0, 3, 0]
	DESCRIPTION = Left Click at 'File'
	TEXT = Compound Action =
		Move mouse to (684.0, 650.5).
		Press Mouse Button BUTTON1
		Release Mouse Button BUTTON1

ExecutedAction [15]: 
 @Action ConcreteID = AC1lapi7c803675575818 AbstractID = AA1lapi7c803675575818
 ConcreteID CUSTOM = ConcreteID CUSTOM not available AbstractID CUSTOM = AAdd3ien7f1626424403
 @State ConcreteID = SC14j9imr28a3294422702 AbstractID = SRml6io426d3670816528
 ConcreteID CUSTOM = SCoupvnk28c2420503617 AbstractID CUSTOM = SAbduj6h2823690180780

	ROLE = LeftClickAt
	TARGET =
		WIDGET = WC1oe9p4i252629076214, WR17v7k2nb1067391859, WT1mkt3k3184259406525, WPgehku8212133846225
		ROLE = UIAMenuItem
		TITLE = Page Setup...
		SHAPE = Rect [x:671.0 y:780.0 w:223.0 h:22.0]
		CHILDREN = 0
		PATH = [0, 0, 5]
	DESCRIPTION = Left Click at 'Page Setup...'
	TEXT = Compound Action =
		Move mouse to (782.5, 791.0).
		Press Mouse Button BUTTON1
		Release Mouse Button BUTTON1

ExecutedAction [16]: 
 @Action ConcreteID = ACxmild7801464643551 AbstractID = AAxmild7801464643551
 ConcreteID CUSTOM = ConcreteID CUSTOM not available AbstractID CUSTOM = AAe4sn4h7c3448545408
 @State ConcreteID = SC1gv0lt247f1962980505 AbstractID = SR9msvzd43c3778389333
 ConcreteID CUSTOM = SC1guzztm4841984551391 AbstractID CUSTOM = SAr428348157730185

	ROLE = LeftClickAt
	TARGET =
		WIDGET = WC1np2nvl1f2818365999, WR17qbaneb3904637586, WT1u4k19x12231763435, WP1v265671b2782544959
		ROLE = UIAComboBox
		TITLE = Source:
		SHAPE = Rect [x:772.0 y:760.0 w:240.0 h:21.0]
		CHILDREN = 1
		PATH = [0, 0, 4]
	DESCRIPTION = Left Click at 'Source:'
	TEXT = Compound Action =
		Move mouse to (892.0, 770.5).
		Press Mouse Button BUTTON1
		Release Mouse Button BUTTON1

ExecutedAction [17]: 
 @Action ConcreteID = ACsq61rz7f1511637124 AbstractID = AAsq61rz7f1511637124
 ConcreteID CUSTOM = ConcreteID CUSTOM not available AbstractID CUSTOM = AA6lj9507f848060188
 @State ConcreteID = SCm6zl3d4d11290850501 AbstractID = SR1sshk154883897869669
 ConcreteID CUSTOM = SCluabfz4d4884808955 AbstractID CUSTOM = SArku3i94cf1855003065

	ROLE = LeftClickAt
	TARGET =
		WIDGET = WCjg5w54241201387136, WRa3fnoge3263686876, WTjezmd7174119221906, WPfw7qkm203012848288
		ROLE = UIARadioButton
		TITLE = Landscape
		SHAPE = Rect [x:700.0 y:859.0 w:78.0 h:20.0]
		CHILDREN = 0
		PATH = [0, 0, 7]
	DESCRIPTION = Left Click at 'Landscape'
	TEXT = Compound Action =
		Move mouse to (739.0, 869.0).
		Press Mouse Button BUTTON1
		Release Mouse Button BUTTON1

ExecutedAction [18]: 
 @Action ConcreteID = AC1y7ubvs813920165018 AbstractID = AA1y7ubvs813920165018
 ConcreteID CUSTOM = ConcreteID CUSTOM not available AbstractID CUSTOM = AAy7ea6a7d317093104
 @State ConcreteID = SC1gv0lt247f1962980505 AbstractID = SR9msvzd43c3778389333
 ConcreteID CUSTOM = SC1guzztm4841984551391 AbstractID CUSTOM = SAr428348157730185

	ROLE = LeftClickAt
	TARGET =
		WIDGET = WC1grpgrs1d948270494, WR1h6ibpb92248851252, WT1vjbvvdf3603144044, WP1fkwuxm191194835891
		ROLE = UIAButton
		TITLE = Cancel
		SHAPE = Rect [x:1123.0 y:975.0 w:75.0 h:23.0]
		CHILDREN = 0
		PATH = [0, 0, 23]
	DESCRIPTION = Left Click at 'Cancel'
	TEXT = Compound Action =
		Move mouse to (1160.5, 986.5).
		Press Mouse Button BUTTON1
		Release Mouse Button BUTTON1

ExecutedAction [19]: 
 @Action ConcreteID = ACjc9x5c7e2892327098 AbstractID = AAjc9x5c7e2892327098
 ConcreteID CUSTOM = ConcreteID CUSTOM not available AbstractID CUSTOM = AA4nwdnl7e1892936245
 @State ConcreteID = SC6w2h61d63505289064 AbstractID = SRuxvih1ba2513313992
 ConcreteID CUSTOM = SC22ddoh1d53711883251 AbstractID CUSTOM = SA1e0xkku1d417380732

	ROLE = LeftClickAt
	TARGET =
		WIDGET = WC12b45x51c517775489, WR17v7k2nb1067391859, WT1qe89j4f2180189081, WP10d1byf183180104482
		ROLE = UIAMenuItem
		TITLE = Help
		SHAPE = Rect [x:825.0 y:641.0 w:39.0 h:19.0]
		CHILDREN = 0
		PATH = [0, 3, 4]
	DESCRIPTION = Left Click at 'Help'
	TEXT = Compound Action =
		Move mouse to (844.5, 650.5).
		Press Mouse Button BUTTON1
		Release Mouse Button BUTTON1

ExecutedAction [20]: 
 @Action ConcreteID = ACgf52yj7f2209335762 AbstractID = AAgf52yj7f2209335762
 ConcreteID CUSTOM = ConcreteID CUSTOM not available AbstractID CUSTOM = AAi6opxj801961418770
 @State ConcreteID = SCiqbf6u2214275623817 AbstractID = SR1p2iogu2092294951997
 ConcreteID CUSTOM = SC18iu7be2271352204780 AbstractID CUSTOM = SA19xk86e21f1597656056

	ROLE = LeftClickAt
	TARGET =
		WIDGET = WC2sd5c9251817436895, WR17v7k2nb1067391859, WT1wv077z18170180715, WP1v116zb21698957785
		ROLE = UIAMenuItem
		TITLE = About Notepad
		SHAPE = Rect [x:828.0 y:714.0 w:166.0 h:22.0]
		CHILDREN = 0
		PATH = [0, 0, 2]
	DESCRIPTION = Left Click at 'About Notepad'
	TEXT = Compound Action =
		Move mouse to (911.0, 725.0).
		Press Mouse Button BUTTON1
		Release Mouse Button BUTTON1

ExecutedAction [21]: 
 @Action ConcreteID = AC1fvttco802922008808 AbstractID = AA1fvttco802922008808
 ConcreteID CUSTOM = ConcreteID CUSTOM not available AbstractID CUSTOM = AA17kurj17f2082747833
 @State ConcreteID = SCj520f12d8337081224 AbstractID = SR9z8pzo2ae1627457717
 ConcreteID CUSTOM = SC1680ymo2d91755841064 AbstractID CUSTOM = SAanktvk2d643465284

	ROLE = LeftClickAt
	TARGET =
		WIDGET = WC15twxtj183412041097, WR1h6ibpb92248851252, WTzj707vb935461581, WPaxrmo5142767186721
		ROLE = UIAButton
		TITLE = OK
		SHAPE = Rect [x:1081.0 y:1083.0 w:75.0 h:23.0]
		CHILDREN = 0
		PATH = [0, 0, 8]
	DESCRIPTION = Left Click at 'OK'
	TEXT = Compound Action =
		Move mouse to (1118.5, 1094.5).
		Press Mouse Button BUTTON1
		Release Mouse Button BUTTON1

ExecutedAction [22]: 
 @Action ConcreteID = AC1els0a87e3851832879 AbstractID = AA1els0a87e3851832879
 ConcreteID CUSTOM = ConcreteID CUSTOM not available AbstractID CUSTOM = AAzxegsh7e958450848
 @State ConcreteID = SC6w2h61d63505289064 AbstractID = SRuxvih1ba2513313992
 ConcreteID CUSTOM = SC22ddoh1d53711883251 AbstractID CUSTOM = SA1e0xkku1d417380732

	ROLE = LeftClickAt
	TARGET =
		WIDGET = WCdfgprn1c4116076503, WR17v7k2nb1067391859, WT1qe6brdf138512687, WP1hwpd4x181691246414
		ROLE = UIAMenuItem
		TITLE = Edit
		SHAPE = Rect [x:700.0 y:641.0 w:34.0 h:19.0]
		CHILDREN = 0
		PATH = [0, 3, 1]
	DESCRIPTION = Left Click at 'Edit'
	TEXT = Compound Action =
		Move mouse to (717.0, 650.5).
		Press Mouse Button BUTTON1
		Release Mouse Button BUTTON1

ExecutedAction [23]: 
 @Action ConcreteID = ACmrdqfr7f2926975281 AbstractID = AAmrdqfr7f2926975281
 ConcreteID CUSTOM = ConcreteID CUSTOM not available AbstractID CUSTOM = AA15g5ezm802331856994
 @State ConcreteID = SCxwy49k2ea3106800804 AbstractID = SR1hpakru2d13589890082
 ConcreteID CUSTOM = SCnfn61e2f289313879 AbstractID CUSTOM = SA1c9p4fq2eb3622676143

	ROLE = LeftClickAt
	TARGET =
		WIDGET = WC15uqtry2a3639049637, WR17v7k2nb1067391859, WT1uqmzu61c233198249, WPwdsxm8262533183897
		ROLE = UIAMenuItem
		TITLE = Select All	Ctrl+A
		SHAPE = Rect [x:703.0 y:926.0 w:225.0 h:22.0]
		CHILDREN = 0
		PATH = [0, 0, 11]
	DESCRIPTION = Left Click at 'Select All	Ctrl+A'
	TEXT = Compound Action =
		Move mouse to (815.5, 937.0).
		Press Mouse Button BUTTON1
		Release Mouse Button BUTTON1

ExecutedAction [24]: 
 @Action ConcreteID = AC1h6ernf7e494232555 AbstractID = AA1h6ernf7e494232555
 ConcreteID CUSTOM = ConcreteID CUSTOM not available AbstractID CUSTOM = AA12i185o7e3250839908
 @State ConcreteID = SC6w2h61d63505289064 AbstractID = SRuxvih1ba2513313992
 ConcreteID CUSTOM = SC22ddoh1d53711883251 AbstractID CUSTOM = SA1e0xkku1d417380732

	ROLE = LeftClickAt
	TARGET =
		WIDGET = WC1fqsh0i1c2124881114, WR17v7k2nb1067391859, WT1qe72ijf99311909, WPjboygg183884664251
		ROLE = UIAMenuItem
		TITLE = File
		SHAPE = Rect [x:668.0 y:641.0 w:32.0 h:19.0]
		CHILDREN = 0
		PATH = [0, 3, 0]
	DESCRIPTION = Left Click at 'File'
	TEXT = Compound Action =
		Move mouse to (684.0, 650.5).
		Press Mouse Button BUTTON1
		Release Mouse Button BUTTON1

ExecutedAction [25]: 
 @Action ConcreteID = ACigu6cs80865572537 AbstractID = AAigu6cs80865572537
 ConcreteID CUSTOM = ConcreteID CUSTOM not available AbstractID CUSTOM = AA19kc8j77f2289173728
 @State ConcreteID = SC14j9imr28a3294422702 AbstractID = SRml6io426d3670816528
 ConcreteID CUSTOM = SCoupvnk28c2420503617 AbstractID CUSTOM = SAbduj6h2823690180780

	ROLE = LeftClickAt
	TARGET =
		WIDGET = WC14xs6gq2f3779382685, WR17v7k2nb1067391859, WTts8vz223311468155, WPgc50qw2b1861849647
		ROLE = UIAMenuItem
		TITLE = New Window	Ctrl+Shift+N
		SHAPE = Rect [x:671.0 y:685.0 w:223.0 h:22.0]
		CHILDREN = 0
		PATH = [0, 0, 1]
	DESCRIPTION = Left Click at 'New Window	Ctrl+Shift+N'
	TEXT = Compound Action =
		Move mouse to (782.5, 696.0).
		Press Mouse Button BUTTON1
		Release Mouse Button BUTTON1

ExecutedAction [26]: 
 @Action ConcreteID = AC2cddr17f958483400 AbstractID = AA2cddr17f958483400
 ConcreteID CUSTOM = ConcreteID CUSTOM not available AbstractID CUSTOM = AAabgcgd7f2448657283
 @State ConcreteID = SC1i9a0ec331251650504 AbstractID = SRshmnbb3082076716113
 ConcreteID CUSTOM = SC703wvo32b3546486169 AbstractID CUSTOM = SA1bs1aqf326396239944

	ROLE = LeftClickAt
	TARGET =
		WIDGET = WCdfgprn1c4116076503, WR17v7k2nb1067391859, WT1qe6brdf138512687, WP1hwpd4x181691246414
		ROLE = UIAMenuItem
		TITLE = Edit
		SHAPE = Rect [x:700.0 y:641.0 w:34.0 h:19.0]
		CHILDREN = 0
		PATH = [0, 3, 1]
	DESCRIPTION = Left Click at 'Edit'
	TEXT = Compound Action =
		Move mouse to (717.0, 650.5).
		Press Mouse Button BUTTON1
		Release Mouse Button BUTTON1

ExecutedAction [27]: 
 @Action ConcreteID = AC1vplt2u7f138558636 AbstractID = AA1vplt2u7f138558636
 ConcreteID CUSTOM = ConcreteID CUSTOM not available AbstractID CUSTOM = AA1ruiqel7f32151903
 @State ConcreteID = SCixyyzj4501362897217 AbstractID = SR1dtx40m41f2813194337
 ConcreteID CUSTOM = SC1l686wp452362635246 AbstractID CUSTOM = SAc3v6c24482706798315

	ROLE = LeftClickAt
	TARGET =
		WIDGET = WCjns6uw291135758710, WR17v7k2nb1067391859, WT1ia206w1c1487822300, WPrr7rly254082628280
		ROLE = UIAMenuItem
		TITLE = Replace...	Ctrl+H
		SHAPE = Rect [x:703.0 y:875.0 w:225.0 h:22.0]
		CHILDREN = 0
		PATH = [1, 0, 9]
	DESCRIPTION = Left Click at 'Replace...	Ctrl+H'
	TEXT = Compound Action =
		Move mouse to (815.5, 886.0).
		Press Mouse Button BUTTON1
		Release Mouse Button BUTTON1

ExecutedAction [28]: 
 @Action ConcreteID = AC4vapkb803621302803 AbstractID = AA4vapkb803621302803
 ConcreteID CUSTOM = ConcreteID CUSTOM not available AbstractID CUSTOM = AA1utxxdm8046837609
 @State ConcreteID = SC125tiqg4382273522920 AbstractID = SR1vq95544024020294002
 ConcreteID CUSTOM = SCg8o4rg4413660679845 AbstractID CUSTOM = SA1yhlplo4343729229290

	ROLE = LeftClickAt
	TARGET =
		WIDGET = WCy0k5h6224261624982, WR88rmk0b1934231702, WTn10erf151057493661, WPu40gso1e1311217222
		ROLE = UIACheckBox
		TITLE = Match case
		SHAPE = Rect [x:736.0 y:865.0 w:89.0 h:20.0]
		CHILDREN = 0
		PATH = [1, 0, 4]
	DESCRIPTION = Left Click at 'Match case'
	TEXT = Compound Action =
		Move mouse to (780.5, 875.0).
		Press Mouse Button BUTTON1
		Release Mouse Button BUTTON1

ExecutedAction [29]: 
 @Action ConcreteID = AC7fm5f981168563104 AbstractID = AA7fm5f981168563104
 ConcreteID CUSTOM = ConcreteID CUSTOM not available AbstractID CUSTOM = AAafkebq813121191839
 @State ConcreteID = SC125tiqg4382273522920 AbstractID = SR1vq95544024020294002
 ConcreteID CUSTOM = SCg8o4rg4413660679845 AbstractID CUSTOM = SA1yhlplo4343729229290

	ROLE = LeftClickAt
	TARGET =
		WIDGET = WC3irx5k1f2569467012, WR1h6ibpb92248851252, WT1523ifv122562923779, WP1aw1skm1b1835374051
		ROLE = UIAButton
		TITLE = Find Next
		SHAPE = Rect [x:991.0 y:771.0 w:75.0 h:23.0]
		CHILDREN = 0
		PATH = [1, 0, 6]
	DESCRIPTION = Left Click at 'Find Next'
	TEXT = Compound Action =
		Move mouse to (1028.5, 782.5).
		Press Mouse Button BUTTON1
		Release Mouse Button BUTTON1

ExecutedAction [30]: 
 @Action ConcreteID = AC1zb30o7f3372764657 AbstractID = AA1zb30o7f3372764657
 ConcreteID CUSTOM = ConcreteID CUSTOM not available AbstractID CUSTOM = AAkk51yl803599645013
 @State ConcreteID = SC18nt1yb4b1623356573 AbstractID = SRsok6jw4753514698353
 ConcreteID CUSTOM = SC1laowqd4b44187010561 AbstractID CUSTOM = SA1m5hk2m4ac1364192099

	ROLE = LeftClickAt
	TARGET =
		WIDGET = WC16936tu1c972838729, WR17v7k2nb1067391859, WT1qe6brdf138512687, WPbp7s80182825150416
		ROLE = UIAMenuItem
		TITLE = Edit
		SHAPE = Rect [x:700.0 y:641.0 w:34.0 h:19.0]
		CHILDREN = 0
		PATH = [1, 3, 1]
	DESCRIPTION = Left Click at 'Edit'
	TEXT = Compound Action =
		Move mouse to (717.0, 650.5).
		Press Mouse Button BUTTON1
		Release Mouse Button BUTTON1

ExecutedAction [31]: 
 @Action ConcreteID = AC19192987f4278745868 AbstractID = AA19192987f4278745868
 ConcreteID CUSTOM = ConcreteID CUSTOM not available AbstractID CUSTOM = AA1h3e9ta803509704982
 @State ConcreteID = SCr5vphd5cb4255287817 AbstractID = SR113o4fd58c3222792346
 ConcreteID CUSTOM = SCjyz2br5c41544436614 AbstractID CUSTOM = SA1nhezvg5c01039945031

	ROLE = LeftClickAt
	TARGET =
		WIDGET = WC1fl5lmb32446759764, WR17v7k2nb1067391859, WT3dz2jl252072595598, WPvdy2o12e947229051
		ROLE = UIAMenuItem
		TITLE = Search with Bing...	Ctrl+E
		SHAPE = Rect [x:703.0 y:787.0 w:225.0 h:22.0]
		CHILDREN = 0
		PATH = [1, 0, 5]
	DESCRIPTION = Left Click at 'Search with Bing...	Ctrl+E'
	TEXT = Compound Action =
		Move mouse to (815.5, 798.0).
		Press Mouse Button BUTTON1
		Release Mouse Button BUTTON1

ExecutedAction [32]: 
 @Action ConcreteID = AC4jxudv7f837509173 AbstractID = AA4jxudv7f837509173
 ConcreteID CUSTOM = ConcreteID CUSTOM not available AbstractID CUSTOM = AAn4rtbs80778900625
 @State ConcreteID = SC18nt1yb4b1623356573 AbstractID = SRsok6jw4753514698353
 ConcreteID CUSTOM = SC1laowqd4b44187010561 AbstractID CUSTOM = SA1m5hk2m4ac1364192099

	ROLE = LeftClickAt
	TARGET =
		WIDGET = WC1fqsh0i1c2124881114, WR17v7k2nb1067391859, WT1qe72ijf99311909, WPjboygg183884664251
		ROLE = UIAMenuItem
		TITLE = File
		SHAPE = Rect [x:668.0 y:641.0 w:32.0 h:19.0]
		CHILDREN = 0
		PATH = [0, 3, 0]
	DESCRIPTION = Left Click at 'File'
	TEXT = Compound Action =
		Move mouse to (684.0, 650.5).
		Press Mouse Button BUTTON1
		Release Mouse Button BUTTON1

Forcing SUT activation (bring to foreground) action
ExecutedAction [33]: 
 @Action ConcreteID = ACmh20cd3864828816 AbstractID = AAmh20cd3864828816
 ConcreteID CUSTOM = ConcreteID CUSTOM not available AbstractID CUSTOM = AA1sbe8c8393131848501
 @State ConcreteID = SC18nt1yb4b1623356573 AbstractID = SRsok6jw4753514698353
 ConcreteID CUSTOM = SC1laowqd4b44187010561 AbstractID CUSTOM = SA1m5hk2m4ac1364192099

	DESCRIPTION = Bring the system to the foreground.
	TEXT = Bring the system to the foreground.

Forcing SUT activation (bring to foreground) action
ExecutedAction [34]: 
 @Action ConcreteID = AC1no137f382455180847 AbstractID = AA1no137f382455180847
 ConcreteID CUSTOM = ConcreteID CUSTOM not available AbstractID CUSTOM = AAalfjqx3948092556
 @State ConcreteID = SC7thm1o4a12778939962 AbstractID = SRrvmlp64752120908480
 ConcreteID CUSTOM = SC3himtr4ad110165556 AbstractID CUSTOM = SA145yvx04b13731564636

	DESCRIPTION = Bring the system to the foreground.
	TEXT = Bring the system to the foreground.

Forcing SUT activation (bring to foreground) action
ExecutedAction [35]: 
 @Action ConcreteID = AC1no137f382455180847 AbstractID = AA1no137f382455180847
 ConcreteID CUSTOM = ConcreteID CUSTOM not available AbstractID CUSTOM = AAalfjqx3948092556
 @State ConcreteID = SC7thm1o4a12778939962 AbstractID = SRrvmlp64752120908480
 ConcreteID CUSTOM = SC3himtr4ad110165556 AbstractID CUSTOM = SA145yvx04b13731564636

	DESCRIPTION = Bring the system to the foreground.
	TEXT = Bring the system to the foreground.

ExecutedAction [36]: 
 @Action ConcreteID = AC13xw4f8e22819517216 AbstractID = AA1ac4g9vd61890873786
 ConcreteID CUSTOM = ConcreteID CUSTOM not available AbstractID CUSTOM = AA1ysu0ptd72753613221
 @State ConcreteID = SC7thm1o4a12778939962 AbstractID = SRrvmlp64752120908480
 ConcreteID CUSTOM = SC3himtr4ad110165556 AbstractID CUSTOM = SA145yvx04b13731564636

	ROLE = ClickTypeInto
	TARGET =
		WIDGET = WCh9rmbw1c1979157806, WR4n0dlj72701565195, WTei4yvd121088706799, WP1p79f7i182977098622
		ROLE = UIAEdit
		TITLE = Text Editor
		SHAPE = Rect [x:668.0 y:661.0 w:1881.0 h:901.0]
		CHILDREN = 1
		PATH = [0, 1]
	DESCRIPTION = Type '????' into 'Text Editor
	TEXT = Compound Action =
		Compound Action =
		Move mouse to (1608.5, 1111.5).
		Press Mouse Button BUTTON1
		Release Mouse Button BUTTON1
		Press Key 17
		Press Key 65
		Release Key 65
		Release Key 17
		Type text '????'

ExecutedAction [37]: 
 @Action ConcreteID = AC6f6q6y7f3655931579 AbstractID = AA6f6q6y7f3655931579
 ConcreteID CUSTOM = ConcreteID CUSTOM not available AbstractID CUSTOM = AA1qktnzg80982807013
 @State ConcreteID = SC8bm0j34a13341781544 AbstractID = SRrvmlp64752120908480
 ConcreteID CUSTOM = SC13w132e4ae2179092217 AbstractID CUSTOM = SA145yvx04b13731564636

	ROLE = LeftClickAt
	TARGET =
		WIDGET = WC12b45x51c517775489, WR17v7k2nb1067391859, WT1qe89j4f2180189081, WP10d1byf183180104482
		ROLE = UIAMenuItem
		TITLE = Help
		SHAPE = Rect [x:825.0 y:641.0 w:39.0 h:19.0]
		CHILDREN = 0
		PATH = [0, 3, 4]
	DESCRIPTION = Left Click at 'Help'
	TEXT = Compound Action =
		Move mouse to (844.5, 650.5).
		Press Mouse Button BUTTON1
		Release Mouse Button BUTTON1

ExecutedAction [38]: 
 @Action ConcreteID = ACgl9492801133981920 AbstractID = AAgl9492801133981920
 ConcreteID CUSTOM = ConcreteID CUSTOM not available AbstractID CUSTOM = AA17l7n8g7d2504546125
 @State ConcreteID = SC167ln674f51420965515 AbstractID = SR1vsibsl4c4363322818
 ConcreteID CUSTOM = SC177o2s54fa1845457273 AbstractID CUSTOM = SAe5rut500640106809

	ROLE = LeftClickAt
	TARGET =
		WIDGET = WCwlwi5h1e1297672529, WR17v7k2nb1067391859, WTaz2n92112307194186, WP135rkxf1a1146027219
		ROLE = UIAMenuItem
		TITLE = Format
		SHAPE = Rect [x:734.0 y:641.0 w:52.0 h:19.0]
		CHILDREN = 0
		PATH = [1, 4, 2]
	DESCRIPTION = Left Click at 'Format'
	TEXT = Compound Action =
		Move mouse to (760.0, 650.5).
		Press Mouse Button BUTTON1
		Release Mouse Button BUTTON1

ExecutedAction [39]: 
 @Action ConcreteID = AC149bkp17f1761156586 AbstractID = AA149bkp17f1761156586
 ConcreteID CUSTOM = ConcreteID CUSTOM not available AbstractID CUSTOM = AApdugif802340715188
 @State ConcreteID = SC8bm0j34a13341781544 AbstractID = SRrvmlp64752120908480
 ConcreteID CUSTOM = SC13w132e4ae2179092217 AbstractID CUSTOM = SA145yvx04b13731564636

	ROLE = LeftClickAt
	TARGET =
		WIDGET = WC1fqsh0i1c2124881114, WR17v7k2nb1067391859, WT1qe72ijf99311909, WPjboygg183884664251
		ROLE = UIAMenuItem
		TITLE = File
		SHAPE = Rect [x:668.0 y:641.0 w:32.0 h:19.0]
		CHILDREN = 0
		PATH = [0, 3, 0]
	DESCRIPTION = Left Click at 'File'
	TEXT = Compound Action =
		Move mouse to (684.0, 650.5).
		Press Mouse Button BUTTON1
		Release Mouse Button BUTTON1

ExecutedAction [40]: 
 @Action ConcreteID = AC1a4n9hm803793510878 AbstractID = AA1a4n9hm803793510878
 ConcreteID CUSTOM = ConcreteID CUSTOM not available AbstractID CUSTOM = AA1p9euue7f409618343
 @State ConcreteID = SC16l6z4v5561891819125 AbstractID = SRy9lm8r528953766680
 ConcreteID CUSTOM = SC1dserej5611633790918 AbstractID CUSTOM = SAf18l055621414990960

	ROLE = LeftClickAt
	TARGET =
		WIDGET = WCbmjtb722459325222, WR17v7k2nb1067391859, WT1otgxiu151058087525, WP7oan751e1894693024
		ROLE = UIAMenuItem
		TITLE = New	Ctrl+N
		SHAPE = Rect [x:671.0 y:663.0 w:223.0 h:22.0]
		CHILDREN = 0
		PATH = [1, 0, 0]
	DESCRIPTION = Left Click at 'New	Ctrl+N'
	TEXT = Compound Action =
		Move mouse to (782.5, 674.0).
		Press Mouse Button BUTTON1
		Release Mouse Button BUTTON1

ExecutedAction [41]: 
 @Action ConcreteID = AC5a4mlr7f3867519491 AbstractID = AA5a4mlr7f3867519491
 ConcreteID CUSTOM = ConcreteID CUSTOM not available AbstractID CUSTOM = AA2l8rid804090299329
 @State ConcreteID = SC1lw3htz52f878996895 AbstractID = SRxx3mvh4fd2247658847
 ConcreteID CUSTOM = SCyaz06m5362099582418 AbstractID CUSTOM = SA1lw3vlg5421730300312

	ROLE = LeftClickAt
	TARGET =
		WIDGET = WCdfgprn1c4116076503, WR17v7k2nb1067391859, WT1qe6brdf138512687, WP1hwpd4x181691246414
		ROLE = UIAMenuItem
		TITLE = Edit
		SHAPE = Rect [x:700.0 y:641.0 w:34.0 h:19.0]
		CHILDREN = 0
		PATH = [0, 3, 1]
	DESCRIPTION = Left Click at 'Edit'
	TEXT = Compound Action =
		Move mouse to (717.0, 650.5).
		Press Mouse Button BUTTON1
		Release Mouse Button BUTTON1

ExecutedAction [42]: 
 @Action ConcreteID = AC5a4mlr7f3867519491 AbstractID = AA5a4mlr7f3867519491
 ConcreteID CUSTOM = ConcreteID CUSTOM not available AbstractID CUSTOM = AA2l8rid804090299329
 @State ConcreteID = SC1lw3htz52f878996895 AbstractID = SRxx3mvh4fd2247658847
 ConcreteID CUSTOM = SCyaz06m5362099582418 AbstractID CUSTOM = SA1lw3vlg5421730300312

	ROLE = LeftClickAt
	TARGET =
		WIDGET = WCdfgprn1c4116076503, WR17v7k2nb1067391859, WT1qe6brdf138512687, WP1hwpd4x181691246414
		ROLE = UIAMenuItem
		TITLE = Edit
		SHAPE = Rect [x:700.0 y:641.0 w:34.0 h:19.0]
		CHILDREN = 0
		PATH = [0, 3, 1]
	DESCRIPTION = Left Click at 'Edit'
	TEXT = Compound Action =
		Move mouse to (717.0, 650.5).
		Press Mouse Button BUTTON1
		Release Mouse Button BUTTON1

ExecutedAction [43]: 
 @Action ConcreteID = AC7urdyy7f510035911 AbstractID = AA7urdyy7f510035911
 ConcreteID CUSTOM = ConcreteID CUSTOM not available AbstractID CUSTOM = AA55vivk80187575813
 @State ConcreteID = SC1lw3htz52f878996895 AbstractID = SRxx3mvh4fd2247658847
 ConcreteID CUSTOM = SCyaz06m5362099582418 AbstractID CUSTOM = SA1lw3vlg5421730300312

	ROLE = LeftClickAt
	TARGET =
		WIDGET = WC1fqsh0i1c2124881114, WR17v7k2nb1067391859, WT1qe72ijf99311909, WPjboygg183884664251
		ROLE = UIAMenuItem
		TITLE = File
		SHAPE = Rect [x:668.0 y:641.0 w:32.0 h:19.0]
		CHILDREN = 0
		PATH = [0, 3, 0]
	DESCRIPTION = Left Click at 'File'
	TEXT = Compound Action =
		Move mouse to (684.0, 650.5).
		Press Mouse Button BUTTON1
		Release Mouse Button BUTTON1

ExecutedAction [44]: 
 @Action ConcreteID = AC1vwrj2z7f3640137480 AbstractID = AA1vwrj2z7f3640137480
 ConcreteID CUSTOM = ConcreteID CUSTOM not available AbstractID CUSTOM = AA1t7vnzl803450912458
 @State ConcreteID = SC1lw3htz52f878996895 AbstractID = SRxx3mvh4fd2247658847
 ConcreteID CUSTOM = SCyaz06m5362099582418 AbstractID CUSTOM = SA1lw3vlg5421730300312

	ROLE = LeftClickAt
	TARGET =
		WIDGET = WC3rq8hx1e869414367, WR17v7k2nb1067391859, WTaz2n92112307194186, WPablb9v1a985931869
		ROLE = UIAMenuItem
		TITLE = Format
		SHAPE = Rect [x:734.0 y:641.0 w:52.0 h:19.0]
		CHILDREN = 0
		PATH = [0, 3, 2]
	DESCRIPTION = Left Click at 'Format'
	TEXT = Compound Action =
		Move mouse to (760.0, 650.5).
		Press Mouse Button BUTTON1
		Release Mouse Button BUTTON1

ExecutedAction [45]: 
 @Action ConcreteID = AC7urdyy7f510035911 AbstractID = AA7urdyy7f510035911
 ConcreteID CUSTOM = ConcreteID CUSTOM not available AbstractID CUSTOM = AA55vivk80187575813
 @State ConcreteID = SC1lw3htz52f878996895 AbstractID = SRxx3mvh4fd2247658847
 ConcreteID CUSTOM = SCyaz06m5362099582418 AbstractID CUSTOM = SA1lw3vlg5421730300312

	ROLE = LeftClickAt
	TARGET =
		WIDGET = WC1fqsh0i1c2124881114, WR17v7k2nb1067391859, WT1qe72ijf99311909, WPjboygg183884664251
		ROLE = UIAMenuItem
		TITLE = File
		SHAPE = Rect [x:668.0 y:641.0 w:32.0 h:19.0]
		CHILDREN = 0
		PATH = [0, 3, 0]
	DESCRIPTION = Left Click at 'File'
	TEXT = Compound Action =
		Move mouse to (684.0, 650.5).
		Press Mouse Button BUTTON1
		Release Mouse Button BUTTON1

ExecutedAction [46]: 
 @Action ConcreteID = AC5a4mlr7f3867519491 AbstractID = AA5a4mlr7f3867519491
 ConcreteID CUSTOM = ConcreteID CUSTOM not available AbstractID CUSTOM = AA2l8rid804090299329
 @State ConcreteID = SC1lw3htz52f878996895 AbstractID = SRxx3mvh4fd2247658847
 ConcreteID CUSTOM = SCyaz06m5362099582418 AbstractID CUSTOM = SA1lw3vlg5421730300312

	ROLE = LeftClickAt
	TARGET =
		WIDGET = WCdfgprn1c4116076503, WR17v7k2nb1067391859, WT1qe6brdf138512687, WP1hwpd4x181691246414
		ROLE = UIAMenuItem
		TITLE = Edit
		SHAPE = Rect [x:700.0 y:641.0 w:34.0 h:19.0]
		CHILDREN = 0
		PATH = [0, 3, 1]
	DESCRIPTION = Left Click at 'Edit'
	TEXT = Compound Action =
		Move mouse to (717.0, 650.5).
		Press Mouse Button BUTTON1
		Release Mouse Button BUTTON1

ExecutedAction [47]: 
 @Action ConcreteID = AC3ywbn9804133210001 AbstractID = AA3ywbn9804133210001
 ConcreteID CUSTOM = ConcreteID CUSTOM not available AbstractID CUSTOM = AA1qlonof812200186020
 @State ConcreteID = SC1lw3htz52f878996895 AbstractID = SRxx3mvh4fd2247658847
 ConcreteID CUSTOM = SCyaz06m5362099582418 AbstractID CUSTOM = SA1lw3vlg5421730300312

	ROLE = LeftClickAt
	TARGET =
		WIDGET = WCpxxhj11c761681753, WR1h6ibpb92248851252, WT1vjbvvdf3603144044, WP11czjgr184121018645
		ROLE = UIAButton
		TITLE = Cancel
		SHAPE = Rect [x:1045.0 y:579.0 w:72.0 h:23.0]
		CHILDREN = 0
		PATH = [1, 0, 3]
	DESCRIPTION = Left Click at 'Cancel'
	TEXT = Compound Action =
		Move mouse to (1081.0, 590.5).
		Press Mouse Button BUTTON1
		Release Mouse Button BUTTON1

ExecutedAction [48]: 
 @Action ConcreteID = AC149bkp17f1761156586 AbstractID = AA149bkp17f1761156586
 ConcreteID CUSTOM = ConcreteID CUSTOM not available AbstractID CUSTOM = AApdugif802340715188
 @State ConcreteID = SC8bm0j34a13341781544 AbstractID = SRrvmlp64752120908480
 ConcreteID CUSTOM = SC13w132e4ae2179092217 AbstractID CUSTOM = SA145yvx04b13731564636

	ROLE = LeftClickAt
	TARGET =
		WIDGET = WC1fqsh0i1c2124881114, WR17v7k2nb1067391859, WT1qe72ijf99311909, WPjboygg183884664251
		ROLE = UIAMenuItem
		TITLE = File
		SHAPE = Rect [x:668.0 y:641.0 w:32.0 h:19.0]
		CHILDREN = 0
		PATH = [0, 3, 0]
	DESCRIPTION = Left Click at 'File'
	TEXT = Compound Action =
		Move mouse to (684.0, 650.5).
		Press Mouse Button BUTTON1
		Release Mouse Button BUTTON1

ExecutedAction [49]: 
 @Action ConcreteID = ACfwf4du802704819341 AbstractID = AAfwf4du802704819341
 ConcreteID CUSTOM = ConcreteID CUSTOM not available AbstractID CUSTOM = AAv16pqm7f1531863796
 @State ConcreteID = SC16l6z4v5561891819125 AbstractID = SRy9lm8r528953766680
 ConcreteID CUSTOM = SC1dserej5611633790918 AbstractID CUSTOM = SAf18l055621414990960

	ROLE = LeftClickAt
	TARGET =
		WIDGET = WCwlwi5h1e1297672529, WR17v7k2nb1067391859, WTaz2n92112307194186, WP135rkxf1a1146027219
		ROLE = UIAMenuItem
		TITLE = Format
		SHAPE = Rect [x:734.0 y:641.0 w:52.0 h:19.0]
		CHILDREN = 0
		PATH = [1, 4, 2]
	DESCRIPTION = Left Click at 'Format'
	TEXT = Compound Action =
		Move mouse to (760.0, 650.5).
		Press Mouse Button BUTTON1
		Release Mouse Button BUTTON1

ExecutedAction [50]: 
 @Action ConcreteID = ACta7nty7f2926021925 AbstractID = AAta7nty7f2926021925
 ConcreteID CUSTOM = ConcreteID CUSTOM not available AbstractID CUSTOM = AAeeqjnc801293609595
 @State ConcreteID = SC8bm0j34a13341781544 AbstractID = SRrvmlp64752120908480
 ConcreteID CUSTOM = SC13w132e4ae2179092217 AbstractID CUSTOM = SA145yvx04b13731564636

	ROLE = LeftClickAt
	TARGET =
		WIDGET = WC3rq8hx1e869414367, WR17v7k2nb1067391859, WTaz2n92112307194186, WPablb9v1a985931869
		ROLE = UIAMenuItem
		TITLE = Format
		SHAPE = Rect [x:734.0 y:641.0 w:52.0 h:19.0]
		CHILDREN = 0
		PATH = [0, 3, 2]
	DESCRIPTION = Left Click at 'Format'
	TEXT = Compound Action =
		Move mouse to (760.0, 650.5).
		Press Mouse Button BUTTON1
		Release Mouse Button BUTTON1

ExecutedAction [51]: 
 @Action ConcreteID = AC5wp2hz7f3690780056 AbstractID = AA5wp2hz7f3690780056
 ConcreteID CUSTOM = ConcreteID CUSTOM not available AbstractID CUSTOM = AArmrwj7f1343525039
 @State ConcreteID = SCbx7fns4e03969430755 AbstractID = SRhjnqrr4b01270319366
 ConcreteID CUSTOM = SCw9esfo4e9902638943 AbstractID CUSTOM = SAkgls0a4ed3870756669

	ROLE = LeftClickAt
	TARGET =
		WIDGET = WCnwxspk211003987001, WR17v7k2nb1067391859, WTxuhgyp144189972595, WP7eioyu1d65575959
		ROLE = UIAMenuItem
		TITLE = Word Wrap
		SHAPE = Rect [x:737.0 y:663.0 w:144.0 h:22.0]
		CHILDREN = 0
		PATH = [1, 0, 0]
	DESCRIPTION = Left Click at 'Word Wrap'
	TEXT = Compound Action =
		Move mouse to (809.0, 674.0).
		Press Mouse Button BUTTON1
		Release Mouse Button BUTTON1

ExecutedAction [52]: 
 @Action ConcreteID = AC1rdd8f37e4217556233 AbstractID = AA1rdd8f37e4217556233
 ConcreteID CUSTOM = ConcreteID CUSTOM not available AbstractID CUSTOM = AA1u38ndd7f953822863
 @State ConcreteID = SC2yt2iu4f6280808256 AbstractID = SR18rrze14c3322750612
 ConcreteID CUSTOM = SClskqai5003282485280 AbstractID CUSTOM = SApyfnp74fb1301179640

	ROLE = LeftClickAt
	TARGET =
		WIDGET = WC9jaw3l1c2987203652, WR17v7k2nb1067391859, WT1qe72ijf99311909, WP1c5bfin18723600677
		ROLE = UIAMenuItem
		TITLE = File
		SHAPE = Rect [x:668.0 y:641.0 w:32.0 h:19.0]
		CHILDREN = 0
		PATH = [1, 3, 0]
	DESCRIPTION = Left Click at 'File'
	TEXT = Compound Action =
		Move mouse to (684.0, 650.5).
		Press Mouse Button BUTTON1
		Release Mouse Button BUTTON1

ExecutedAction [53]: 
 @Action ConcreteID = ACyo1y280247714218 AbstractID = AAyo1y280247714218
 ConcreteID CUSTOM = ConcreteID CUSTOM not available AbstractID CUSTOM = AA1nhc3f07f2537648114
 @State ConcreteID = SC1cuv9065a12205619150 AbstractID = SR15q8l9m5763896350507
 ConcreteID CUSTOM = SCe1tae65ad3916688444 AbstractID CUSTOM = SA22ou0b5b13074907314

	ROLE = LeftClickAt
	TARGET =
		WIDGET = WC1xrenix2f770624771, WR17v7k2nb1067391859, WTts8vz223311468155, WP195rht32b2723386033
		ROLE = UIAMenuItem
		TITLE = New Window	Ctrl+Shift+N
		SHAPE = Rect [x:671.0 y:685.0 w:223.0 h:22.0]
		CHILDREN = 0
		PATH = [1, 0, 1]
	DESCRIPTION = Left Click at 'New Window	Ctrl+Shift+N'
	TEXT = Compound Action =
		Move mouse to (782.5, 696.0).
		Press Mouse Button BUTTON1
		Release Mouse Button BUTTON1

ExecutedAction [54]: 
 @Action ConcreteID = AClmsokd1262218327036 AbstractID = AAr2efhed72365569147
 ConcreteID CUSTOM = ConcreteID CUSTOM not available AbstractID CUSTOM = AA1axfbtcd71127363502
 @State ConcreteID = SC147ktiy64a2857043662 AbstractID = SR10frwa96112296087800
 ConcreteID CUSTOM = SCwm361p6512704233745 AbstractID CUSTOM = SA13hyd7e64f2906048575

	ROLE = ClickTypeInto
	TARGET =
		WIDGET = WCh9rmbw1c1979157806, WR4n0dlj72701565195, WTei4yvd121088706799, WP1p79f7i182977098622
		ROLE = UIAEdit
		TITLE = Text Editor
		SHAPE = Rect [x:668.0 y:661.0 w:1881.0 h:901.0]
		CHILDREN = 1
		PATH = [0, 1]
	DESCRIPTION = Type '<a href="\x0Fjav...' into 'Text Editor
	TEXT = Compound Action =
		Compound Action =
		Move mouse to (1608.5, 1111.5).
		Press Mouse Button BUTTON1
		Release Mouse Button BUTTON1
		Press Key 17
		Press Key 65
		Release Key 65
		Release Key 17
		Type text '<a href="\x0Fjavascript:javascript:alert(1)" id="fuzzelement1">test</a>'

ExecutedAction [55]: 
 @Action ConcreteID = AC6802c981593297981 AbstractID = AA6802c981593297981
 ConcreteID CUSTOM = ConcreteID CUSTOM not available AbstractID CUSTOM = AAaaeh9e811512260929
 @State ConcreteID = SC1mxcv6p64a2895346148 AbstractID = SR10frwa96112296087800
 ConcreteID CUSTOM = SCvp2j5x6521299787206 AbstractID CUSTOM = SA13hyd7e64f2906048575

	ROLE = LeftClickAt
	TARGET =
		WIDGET = WCk3zl331b1069322374, WR1h6ibpb92248851252, WTzj707vb935461581, WPymgupd171523839437
		ROLE = UIAButton
		TITLE = OK
		SHAPE = Rect [x:994.0 y:650.0 w:75.0 h:23.0]
		CHILDREN = 0
		PATH = [0, 0, 0, 0]
	DESCRIPTION = Left Click at 'OK'
	TEXT = Compound Action =
		Move mouse to (1031.5, 661.5).
		Press Mouse Button BUTTON1
		Release Mouse Button BUTTON1

ExecutedAction [56]: 
 @Action ConcreteID = ACtxvooh802624319424 AbstractID = AAtxvooh802624319424
 ConcreteID CUSTOM = ConcreteID CUSTOM not available AbstractID CUSTOM = AAgboebs801049901001
 @State ConcreteID = SC1mxcv6p64a2895346148 AbstractID = SR10frwa96112296087800
 ConcreteID CUSTOM = SCvp2j5x6521299787206 AbstractID CUSTOM = SA13hyd7e64f2906048575

	ROLE = LeftClickAt
	TARGET =
		WIDGET = WC1fqsh0i1c2124881114, WR17v7k2nb1067391859, WT1qe72ijf99311909, WPjboygg183884664251
		ROLE = UIAMenuItem
		TITLE = File
		SHAPE = Rect [x:668.0 y:641.0 w:32.0 h:19.0]
		CHILDREN = 0
		PATH = [0, 3, 0]
	DESCRIPTION = Left Click at 'File'
	TEXT = Compound Action =
		Move mouse to (684.0, 650.5).
		Press Mouse Button BUTTON1
		Release Mouse Button BUTTON1

ExecutedAction [57]: 
 @Action ConcreteID = ACafqio67f882022223 AbstractID = AAafqio67f882022223
 ConcreteID CUSTOM = ConcreteID CUSTOM not available AbstractID CUSTOM = AA1qgv8oy7e1012585496
 @State ConcreteID = SC4z5xjj7013892367866 AbstractID = SR1hnv8ck6c43411945788
 ConcreteID CUSTOM = SC94dgd07111123179092 AbstractID CUSTOM = SA5ojjls70a231450368

	ROLE = LeftClickAt
	TARGET =
		WIDGET = WC9jaw3l1c2987203652, WR17v7k2nb1067391859, WT1qe72ijf99311909, WP1c5bfin18723600677
		ROLE = UIAMenuItem
		TITLE = File
		SHAPE = Rect [x:668.0 y:641.0 w:32.0 h:19.0]
		CHILDREN = 0
		PATH = [1, 3, 0]
	DESCRIPTION = Left Click at 'File'
	TEXT = Compound Action =
		Move mouse to (684.0, 650.5).
		Press Mouse Button BUTTON1
		Release Mouse Button BUTTON1

ExecutedAction [58]: 
 @Action ConcreteID = AC17vqmzl802853743576 AbstractID = AA17vqmzl802853743576
 ConcreteID CUSTOM = ConcreteID CUSTOM not available AbstractID CUSTOM = AAu9jcmw80149386193
 @State ConcreteID = SC1mxcv6p64a2895346148 AbstractID = SR10frwa96112296087800
 ConcreteID CUSTOM = SCvp2j5x6521299787206 AbstractID CUSTOM = SA13hyd7e64f2906048575

	ROLE = LeftClickAt
	TARGET =
		WIDGET = WC16m2ms51c2145335636, WR17v7k2nb1067391859, WT1qeha5gf2005531835, WP1d09ztv183961380716
		ROLE = UIAMenuItem
		TITLE = View
		SHAPE = Rect [x:786.0 y:641.0 w:39.0 h:19.0]
		CHILDREN = 0
		PATH = [1, 3, 3]
	DESCRIPTION = Left Click at 'View'
	TEXT = Compound Action =
		Move mouse to (805.5, 650.5).
		Press Mouse Button BUTTON1
		Release Mouse Button BUTTON1

ExecutedAction [59]: 
 @Action ConcreteID = AC1q06xj1804023566976 AbstractID = AA1q06xj1804023566976
 ConcreteID CUSTOM = ConcreteID CUSTOM not available AbstractID CUSTOM = AAjirdg87f3368305311
 @State ConcreteID = SC1tcgmt66851889274076 AbstractID = SRrygj8w64c3835796294
 ConcreteID CUSTOM = SCd53ucz696786808460 AbstractID CUSTOM = SA50rnh46933023001398

	ROLE = LeftClickAt
	TARGET =
		WIDGET = WCox922f1c1559865340, WR17v7k2nb1067391859, WT1qe89j4f2180189081, WPmz683p184289301599
		ROLE = UIAMenuItem
		TITLE = Help
		SHAPE = Rect [x:825.0 y:641.0 w:39.0 h:19.0]
		CHILDREN = 0
		PATH = [2, 3, 4]
	DESCRIPTION = Left Click at 'Help'
	TEXT = Compound Action =
		Move mouse to (844.5, 650.5).
		Press Mouse Button BUTTON1
		Release Mouse Button BUTTON1

ExecutedAction [60]: 
 @Action ConcreteID = ACtxvooh802624319424 AbstractID = AAtxvooh802624319424
 ConcreteID CUSTOM = ConcreteID CUSTOM not available AbstractID CUSTOM = AAgboebs801049901001
 @State ConcreteID = SC1mxcv6p64a2895346148 AbstractID = SR10frwa96112296087800
 ConcreteID CUSTOM = SCvp2j5x6521299787206 AbstractID CUSTOM = SA13hyd7e64f2906048575

	ROLE = LeftClickAt
	TARGET =
		WIDGET = WC9jaw3l1c2987203652, WR17v7k2nb1067391859, WT1qe72ijf99311909, WP1c5bfin18723600677
		ROLE = UIAMenuItem
		TITLE = File
		SHAPE = Rect [x:668.0 y:641.0 w:32.0 h:19.0]
		CHILDREN = 0
		PATH = [1, 3, 0]
	DESCRIPTION = Left Click at 'File'
	TEXT = Compound Action =
		Move mouse to (684.0, 650.5).
		Press Mouse Button BUTTON1
		Release Mouse Button BUTTON1

ExecutedAction [61]: 
 @Action ConcreteID = AC1yhqns77f4060874624 AbstractID = AA1yhqns77f4060874624
 ConcreteID CUSTOM = ConcreteID CUSTOM not available AbstractID CUSTOM = AA1fhrbtv7e4207166679
 @State ConcreteID = SC4z5xjj7013892367866 AbstractID = SR1hnv8ck6c43411945788
 ConcreteID CUSTOM = SC94dgd07111123179092 AbstractID CUSTOM = SA5ojjls70a231450368

	ROLE = LeftClickAt
	TARGET =
		WIDGET = WC3rq8hx1e869414367, WR17v7k2nb1067391859, WTaz2n92112307194186, WPablb9v1a985931869
		ROLE = UIAMenuItem
		TITLE = Format
		SHAPE = Rect [x:734.0 y:641.0 w:52.0 h:19.0]
		CHILDREN = 0
		PATH = [0, 3, 2]
	DESCRIPTION = Left Click at 'Format'
	TEXT = Compound Action =
		Move mouse to (760.0, 650.5).
		Press Mouse Button BUTTON1
		Release Mouse Button BUTTON1

ExecutedAction [62]: 
 @Action ConcreteID = ACiyrrte801526038287 AbstractID = AAiyrrte801526038287
 ConcreteID CUSTOM = ConcreteID CUSTOM not available AbstractID CUSTOM = AA5ckhgp804161447686
 @State ConcreteID = SC1mxcv6p64a2895346148 AbstractID = SR10frwa96112296087800
 ConcreteID CUSTOM = SCvp2j5x6521299787206 AbstractID CUSTOM = SA13hyd7e64f2906048575

	ROLE = LeftClickAt
	TARGET =
		WIDGET = WCwlcpk41e4286068033, WR17v7k2nb1067391859, WTaz2n92112307194186, WP1357sc21a4134412483
		ROLE = UIAMenuItem
		TITLE = Format
		SHAPE = Rect [x:734.0 y:641.0 w:52.0 h:19.0]
		CHILDREN = 0
		PATH = [1, 3, 2]
	DESCRIPTION = Left Click at 'Format'
	TEXT = Compound Action =
		Move mouse to (760.0, 650.5).
		Press Mouse Button BUTTON1
		Release Mouse Button BUTTON1

ExecutedAction [63]: 
 @Action ConcreteID = AC136kbn37e1955043316 AbstractID = AA136kbn37e1955043316
 ConcreteID CUSTOM = ConcreteID CUSTOM not available AbstractID CUSTOM = AA1es9gl47f2167890954
 @State ConcreteID = SC1svwi3268540566594 AbstractID = SRrygj8w64c3835796294
 ConcreteID CUSTOM = SC11zm02u6941679418069 AbstractID CUSTOM = SA50rnh46933023001398

	ROLE = LeftClickAt
	TARGET =
		WIDGET = WC1llwx1c3077787818, WR17v7k2nb1067391859, WT1qe6brdf138512687, WP14iu9a718652957747
		ROLE = UIAMenuItem
		TITLE = Edit
		SHAPE = Rect [x:700.0 y:641.0 w:34.0 h:19.0]
		CHILDREN = 0
		PATH = [2, 3, 1]
	DESCRIPTION = Left Click at 'Edit'
	TEXT = Compound Action =
		Move mouse to (717.0, 650.5).
		Press Mouse Button BUTTON1
		Release Mouse Button BUTTON1

ExecutedAction [64]: 
 @Action ConcreteID = ACtxvooh802624319424 AbstractID = AAtxvooh802624319424
 ConcreteID CUSTOM = ConcreteID CUSTOM not available AbstractID CUSTOM = AAgboebs801049901001
 @State ConcreteID = SC1mxcv6p64a2895346148 AbstractID = SR10frwa96112296087800
 ConcreteID CUSTOM = SCvp2j5x6521299787206 AbstractID CUSTOM = SA13hyd7e64f2906048575

	ROLE = LeftClickAt
	TARGET =
		WIDGET = WC9jaw3l1c2987203652, WR17v7k2nb1067391859, WT1qe72ijf99311909, WP1c5bfin18723600677
		ROLE = UIAMenuItem
		TITLE = File
		SHAPE = Rect [x:668.0 y:641.0 w:32.0 h:19.0]
		CHILDREN = 0
		PATH = [1, 3, 0]
	DESCRIPTION = Left Click at 'File'
	TEXT = Compound Action =
		Move mouse to (684.0, 650.5).
		Press Mouse Button BUTTON1
		Release Mouse Button BUTTON1

ExecutedAction [65]: 
 @Action ConcreteID = AC1yhqns77f4060874624 AbstractID = AA1yhqns77f4060874624
 ConcreteID CUSTOM = ConcreteID CUSTOM not available AbstractID CUSTOM = AA1fhrbtv7e4207166679
 @State ConcreteID = SC4z5xjj7013892367866 AbstractID = SR1hnv8ck6c43411945788
 ConcreteID CUSTOM = SC94dgd07111123179092 AbstractID CUSTOM = SA5ojjls70a231450368

	ROLE = LeftClickAt
	TARGET =
		WIDGET = WCwlcpk41e4286068033, WR17v7k2nb1067391859, WTaz2n92112307194186, WP1357sc21a4134412483
		ROLE = UIAMenuItem
		TITLE = Format
		SHAPE = Rect [x:734.0 y:641.0 w:52.0 h:19.0]
		CHILDREN = 0
		PATH = [1, 3, 2]
	DESCRIPTION = Left Click at 'Format'
	TEXT = Compound Action =
		Move mouse to (760.0, 650.5).
		Press Mouse Button BUTTON1
		Release Mouse Button BUTTON1

ExecutedAction [66]: 
 @Action ConcreteID = AC17vqmzl802853743576 AbstractID = AA17vqmzl802853743576
 ConcreteID CUSTOM = ConcreteID CUSTOM not available AbstractID CUSTOM = AAu9jcmw80149386193
 @State ConcreteID = SC1mxcv6p64a2895346148 AbstractID = SR10frwa96112296087800
 ConcreteID CUSTOM = SCvp2j5x6521299787206 AbstractID CUSTOM = SA13hyd7e64f2906048575

	ROLE = LeftClickAt
	TARGET =
		WIDGET = WCdsg5py1c3010804170, WR17v7k2nb1067391859, WT1qeha5gf2005531835, WPk6niro18548921330
		ROLE = UIAMenuItem
		TITLE = View
		SHAPE = Rect [x:786.0 y:641.0 w:39.0 h:19.0]
		CHILDREN = 0
		PATH = [0, 3, 3]
	DESCRIPTION = Left Click at 'View'
	TEXT = Compound Action =
		Move mouse to (805.5, 650.5).
		Press Mouse Button BUTTON1
		Release Mouse Button BUTTON1

ExecutedAction [67]: 
 @Action ConcreteID = ACot7q20801589823953 AbstractID = AAot7q20801589823953
 ConcreteID CUSTOM = ConcreteID CUSTOM not available AbstractID CUSTOM = AA1hcw7yb7f2043955662
 @State ConcreteID = SC1tcgmt66851889274076 AbstractID = SRrygj8w64c3835796294
 ConcreteID CUSTOM = SCd53ucz696786808460 AbstractID CUSTOM = SA50rnh46933023001398

	ROLE = LeftClickAt
	TARGET =
		WIDGET = WC9jaw3l1c2987203652, WR17v7k2nb1067391859, WT1qe72ijf99311909, WP1c5bfin18723600677
		ROLE = UIAMenuItem
		TITLE = File
		SHAPE = Rect [x:668.0 y:641.0 w:32.0 h:19.0]
		CHILDREN = 0
		PATH = [1, 3, 0]
	DESCRIPTION = Left Click at 'File'
	TEXT = Compound Action =
		Move mouse to (684.0, 650.5).
		Press Mouse Button BUTTON1
		Release Mouse Button BUTTON1

ExecutedAction [68]: 
 @Action ConcreteID = ACrd8xba801686684164 AbstractID = AArd8xba801686684164
 ConcreteID CUSTOM = ConcreteID CUSTOM not available AbstractID CUSTOM = AAdr1myl803329694221
 @State ConcreteID = SC1mxcv6p64a2895346148 AbstractID = SR10frwa96112296087800
 ConcreteID CUSTOM = SCvp2j5x6521299787206 AbstractID CUSTOM = SA13hyd7e64f2906048575

	ROLE = LeftClickAt
	TARGET =
		WIDGET = WC11tbk1c2316531994, WR17v7k2nb1067391859, WT1qe6brdf138512687, WP14iagou18462123395
		ROLE = UIAMenuItem
		TITLE = Edit
		SHAPE = Rect [x:700.0 y:641.0 w:34.0 h:19.0]
		CHILDREN = 0
		PATH = [2, 2, 1]
	DESCRIPTION = Left Click at 'Edit'
	TEXT = Compound Action =
		Move mouse to (717.0, 650.5).
		Press Mouse Button BUTTON1
		Release Mouse Button BUTTON1

ExecutedAction [69]: 
 @Action ConcreteID = AC1cj6nvj803721020906 AbstractID = AA1cj6nvj803721020906
 ConcreteID CUSTOM = ConcreteID CUSTOM not available AbstractID CUSTOM = AAcslq1x7f4266224215
 @State ConcreteID = SC1w924m57622477347868 AbstractID = SR11y98oa728652604528
 ConcreteID CUSTOM = SC1q6tbfq7722328827935 AbstractID CUSTOM = SAi8valv76e3010078014

	ROLE = LeftClickAt
	TARGET =
		WIDGET = WC1yluf8823967085323, WR17v7k2nb1067391859, WTjnn3a816964194539, WPkm4uw61f2407692814
		ROLE = UIAMenuItem
		TITLE = Undo	Ctrl+Z
		SHAPE = Rect [x:703.0 y:663.0 w:225.0 h:22.0]
		CHILDREN = 0
		PATH = [2, 0, 0]
	DESCRIPTION = Left Click at 'Undo	Ctrl+Z'
	TEXT = Compound Action =
		Move mouse to (815.5, 674.0).
		Press Mouse Button BUTTON1
		Release Mouse Button BUTTON1

ExecutedAction [70]: 
 @Action ConcreteID = AC1iembkc12e1549950886 AbstractID = AA1m2rscnd7313485539
 ConcreteID CUSTOM = ConcreteID CUSTOM not available AbstractID CUSTOM = AA1axfbtcd71127363502
 @State ConcreteID = SC1mxcv6p64a2895346148 AbstractID = SR10frwa96112296087800
 ConcreteID CUSTOM = SCvp2j5x6521299787206 AbstractID CUSTOM = SA13hyd7e64f2906048575

	ROLE = ClickTypeInto
	TARGET =
		WIDGET = WCh9rmbw1c1979157806, WR4n0dlj72701565195, WTei4yvd121088706799, WP1p79f7i182977098622
		ROLE = UIAEdit
		TITLE = Text Editor
		SHAPE = Rect [x:668.0 y:661.0 w:1881.0 h:901.0]
		CHILDREN = 1
		PATH = [0, 1]
	DESCRIPTION = Type '<a href="\xE2\x8...' into 'Text Editor
	TEXT = Compound Action =
		Compound Action =
		Move mouse to (1608.5, 1111.5).
		Press Mouse Button BUTTON1
		Release Mouse Button BUTTON1
		Press Key 17
		Press Key 65
		Release Key 65
		Release Key 17
		Type text '<a href="\xE2\x80\xAFjavascript:javascript:alert(1)" id="fuzzelement1">test</a>'

ExecutedAction [71]: 
 @Action ConcreteID = AC6802c981593297981 AbstractID = AA6802c981593297981
 ConcreteID CUSTOM = ConcreteID CUSTOM not available AbstractID CUSTOM = AAaaeh9e811512260929
 @State ConcreteID = SC1mxcv6p64a2895346148 AbstractID = SR10frwa96112296087800
 ConcreteID CUSTOM = SCvp2j5x6521299787206 AbstractID CUSTOM = SA13hyd7e64f2906048575

	ROLE = LeftClickAt
	TARGET =
		WIDGET = WCk3zl331b1069322374, WR1h6ibpb92248851252, WTzj707vb935461581, WPymgupd171523839437
		ROLE = UIAButton
		TITLE = OK
		SHAPE = Rect [x:994.0 y:650.0 w:75.0 h:23.0]
		CHILDREN = 0
		PATH = [0, 0, 0, 0]
	DESCRIPTION = Left Click at 'OK'
	TEXT = Compound Action =
		Move mouse to (1031.5, 661.5).
		Press Mouse Button BUTTON1
		Release Mouse Button BUTTON1

ExecutedAction [72]: 
 @Action ConcreteID = ACtxvooh802624319424 AbstractID = AAtxvooh802624319424
 ConcreteID CUSTOM = ConcreteID CUSTOM not available AbstractID CUSTOM = AAgboebs801049901001
 @State ConcreteID = SC1mxcv6p64a2895346148 AbstractID = SR10frwa96112296087800
 ConcreteID CUSTOM = SCvp2j5x6521299787206 AbstractID CUSTOM = SA13hyd7e64f2906048575

	ROLE = LeftClickAt
	TARGET =
		WIDGET = WC12cdkkf1c31601175, WR17v7k2nb1067391859, WT1qe72ijf99311909, WP5xa20d182563664758
		ROLE = UIAMenuItem
		TITLE = File
		SHAPE = Rect [x:668.0 y:641.0 w:32.0 h:19.0]
		CHILDREN = 0
		PATH = [2, 2, 0]
	DESCRIPTION = Left Click at 'File'
	TEXT = Compound Action =
		Move mouse to (684.0, 650.5).
		Press Mouse Button BUTTON1
		Release Mouse Button BUTTON1

ExecutedAction [73]: 
 @Action ConcreteID = ACtouqwv7f2972197587 AbstractID = AAtouqwv7f2972197587
 ConcreteID CUSTOM = ConcreteID CUSTOM not available AbstractID CUSTOM = AAaoveyj7e3118489988
 @State ConcreteID = SC4z5xjj7013892367866 AbstractID = SR1hnv8ck6c43411945788
 ConcreteID CUSTOM = SC94dgd07111123179092 AbstractID CUSTOM = SA5ojjls70a231450368

	ROLE = LeftClickAt
	TARGET =
		WIDGET = WC14g6ade222515515589, WR17v7k2nb1067391859, WT1otgxiu151058087525, WP10hx49c1e4267818819
		ROLE = UIAMenuItem
		TITLE = New	Ctrl+N
		SHAPE = Rect [x:671.0 y:663.0 w:223.0 h:22.0]
		CHILDREN = 0
		PATH = [2, 0, 0]
	DESCRIPTION = Left Click at 'New	Ctrl+N'
	TEXT = Compound Action =
		Move mouse to (782.5, 674.0).
		Press Mouse Button BUTTON1
		Release Mouse Button BUTTON1

ExecutedAction [74]: 
 @Action ConcreteID = ACjaxkm51974055165299 AbstractID = AA87quj3d52251836157
 ConcreteID CUSTOM = ConcreteID CUSTOM not available AbstractID CUSTOM = AA19sidbd62106604803
 @State ConcreteID = SColf5h6d83052483501 AbstractID = SR143j4bu6991380970439
 ConcreteID CUSTOM = SC503ijn6e72611936559 AbstractID CUSTOM = SAgbdyhy6e84011767364

	ROLE = ClickTypeInto
	TARGET =
		WIDGET = WChabex91c1217897630, WR4n0dlj72701565195, WTei4yvd121088706799, WP1p7t7sv182350039758
		ROLE = UIAEdit
		TITLE = Text Editor
		SHAPE = Rect [x:668.0 y:661.0 w:1881.0 h:878.0]
		CHILDREN = 3
		PATH = [1, 1]
	DESCRIPTION = Type '?? ??? ???? ????...' into 'Text Editor
	TEXT = Compound Action =
		Compound Action =
		Move mouse to (1608.5, 1100.0).
		Press Mouse Button BUTTON1
		Release Mouse Button BUTTON1
		Press Key 17
		Press Key 65
		Release Key 65
		Release Key 17
		Type text '?? ??? ???? ??????????, ?????? ???????? ?? ???. ?? ???? ?????? ?????? ???. ???? ???????? ????????-????? ?? ???. ??????? ??????? ??? ??, ???? ?????? ?? ???, ?????? ??????? ??????? ?? ???.'

ExecutedAction [75]: 
 @Action ConcreteID = AC8hykm47e2408969098 AbstractID = AA8hykm47e2408969098
 ConcreteID CUSTOM = ConcreteID CUSTOM not available AbstractID CUSTOM = AAl5n4nr801688393619
 @State ConcreteID = SC5rza38a08830225665 AbstractID = SRtybpu99a355954330
 ConcreteID CUSTOM = SCajg1vca0e2453961582 AbstractID CUSTOM = SA11rocrua114037865771

	ROLE = LeftClickAt
	TARGET =
		WIDGET = WCnlhg7p272229587628, WR1h6ibpb92248851252, WTr86vn2171065048969, WP19b5qdj233329363065
		ROLE = UIAButton
		TITLE = Browse Folders
		SHAPE = Rect [x:686.0 y:787.0 w:103.0 h:22.0]
		CHILDREN = 0
		PATH = [2, 0, 1, 0]
	DESCRIPTION = Left Click at 'Browse Folders'
	TEXT = Compound Action =
		Move mouse to (737.5, 798.0).
		Press Mouse Button BUTTON1
		Release Mouse Button BUTTON1

ExecutedAction [76]: 
 @Action ConcreteID = AC9i7oni801185756206 AbstractID = AA9i7oni801185756206
 ConcreteID CUSTOM = ConcreteID CUSTOM not available AbstractID CUSTOM = AA16ekvek81359259132
 @State ConcreteID = SCtf9q4ia811944477436 AbstractID = SR10fan2ba1a3884411228
 ConcreteID CUSTOM = SCgjw79wa862052244365 AbstractID CUSTOM = SA1s6kal6a8a4039035125

	ROLE = LeftClickAt
	TARGET =
		WIDGET = WC1vd648s363585424983, WR1h6ibpb92248851252, WThhyjfb1d749248776, WP16uusei322151715592
		ROLE = UIAButton
		TITLE = Refresh "Music" (F5)
		SHAPE = Rect [x:1253.0 y:683.0 w:20.0 h:22.0]
		CHILDREN = 0
		PATH = [2, 0, 7, 2, 0, 1, 1]
	DESCRIPTION = Left Click at 'Refresh "Music" (F5)'
	TEXT = Compound Action =
		Move mouse to (1263.0, 694.0).
		Press Mouse Button BUTTON1
		Release Mouse Button BUTTON1

ExecutedAction [77]: 
 @Action ConcreteID = AC1laf4lr7f4240759683 AbstractID = AA1laf4lr7f4240759683
 ConcreteID CUSTOM = ConcreteID CUSTOM not available AbstractID CUSTOM = AA1aw6rq9802344106353
 @State ConcreteID = SCtf9q4ia811944477436 AbstractID = SR10fan2ba1a3884411228
 ConcreteID CUSTOM = SCgjw79wa862052244365 AbstractID CUSTOM = SA1s6kal6a8a4039035125

	ROLE = LeftClickAt
	TARGET =
		WIDGET = WC1bvp740312050410944, WR1e04pz3e358922214, WTbfwhi151108363517, WPjq8zaq2d3872109217
		ROLE = UIASplitButton
		TITLE = This PC
		SHAPE = Rect [x:818.0 y:683.0 w:62.0 h:21.0]
		CHILDREN = 0
		PATH = [2, 0, 7, 2, 0, 0, 0, 1]
	DESCRIPTION = Left Click at 'This PC'
	TEXT = Compound Action =
		Move mouse to (849.0, 693.5).
		Press Mouse Button BUTTON1
		Release Mouse Button BUTTON1

ExecutedAction [78]: 
 @Action ConcreteID = AC1nw5qzd813813116981 AbstractID = AA1nw5qzd813813116981
 ConcreteID CUSTOM = ConcreteID CUSTOM not available AbstractID CUSTOM = AA1gpoohy803550251052
 @State ConcreteID = SC1bnz2v1a5a3576663399 AbstractID = SRgmpqdl9f33452038463
 ConcreteID CUSTOM = SC1jribfta60651276381 AbstractID CUSTOM = SA9lhwjaa611576261325

	ROLE = LeftClickAt
	TARGET =
		WIDGET = WC97q6h02a1712110189, WR1h6ibpb92248851252, WTnbm3rx14926922420, WP1parcmu261780296960
		ROLE = UIAButton
		TITLE = View Slider
		SHAPE = Rect [x:1427.0 y:714.0 w:18.0 h:26.0]
		CHILDREN = 0
		PATH = [2, 0, 0, 0, 1, 0]
	DESCRIPTION = Left Click at 'View Slider'
	TEXT = Compound Action =
		Move mouse to (1436.0, 727.0).
		Press Mouse Button BUTTON1
		Release Mouse Button BUTTON1

ExecutedAction [79]: 
 @Action ConcreteID = ACkidpq68185576540 AbstractID = AAkidpq68185576540
 ConcreteID CUSTOM = ConcreteID CUSTOM not available AbstractID CUSTOM = AA11ot83f803341586246
 @State ConcreteID = SC1uletrjbfa3390183760 AbstractID = SR13iz4akb962363506011
 ConcreteID CUSTOM = SCye2n0zc09267799499 AbstractID CUSTOM = SA1un5lnoc0a767992337

	ROLE = LeftClickAt
	TARGET =
		WIDGET = WC15uah23231032242516, WR1h6ibpb92248851252, WT1eet75v102292835249, WP174kwbt1f92239354
		ROLE = UIAButton
		TITLE = Details
		SHAPE = Rect [x:1460.0 y:686.0 w:135.0 h:24.0]
		CHILDREN = 0
		PATH = [2, 0, 0, 6, 0]
	DESCRIPTION = Left Click at 'Details'
	TEXT = Compound Action =
		Move mouse to (1527.5, 698.0).
		Press Mouse Button BUTTON1
		Release Mouse Button BUTTON1

ExecutedAction [80]: 
 @Action ConcreteID = AC1bpwtra80809189075 AbstractID = AA1bpwtra80809189075
 ConcreteID CUSTOM = ConcreteID CUSTOM not available AbstractID CUSTOM = AA1bhknvd7f1589694012
 @State ConcreteID = SC1bnz2v1a5a3576663399 AbstractID = SRgmpqdl9f33452038463
 ConcreteID CUSTOM = SC1jribfta60651276381 AbstractID CUSTOM = SA9lhwjaa611576261325

	ROLE = LeftClickAt
	TARGET =
		WIDGET = WC1h6uto43f4250396955, WR1h6ibpb92248851252, WT14x6f1k29289470678, WPxboy3q3b3072463187
		ROLE = UIAButton
		TITLE = Up to "Desktop" (Alt + Up Arrow)
		SHAPE = Rect [x:757.0 y:682.0 w:24.0 h:24.0]
		CHILDREN = 0
		PATH = [2, 0, 7, 1, 0, 0]
	DESCRIPTION = Left Click at 'Up to "Desktop" (Alt + Up Arrow)'
	TEXT = Compound Action =
		Move mouse to (769.0, 694.0).
		Press Mouse Button BUTTON1
		Release Mouse Button BUTTON1

ExecutedAction [81]: 
 @Action ConcreteID = ACjbr9xw802126658369 AbstractID = AAjbr9xw802126658369
 ConcreteID CUSTOM = ConcreteID CUSTOM not available AbstractID CUSTOM = AA15930j4802857645659
 @State ConcreteID = SCxljojya573714685584 AbstractID = SR19rgz8j9f42971696944
 ConcreteID CUSTOM = SCbren0da604011069227 AbstractID CUSTOM = SAyr5shda613387418159

	ROLE = LeftClickAt
	TARGET =
		WIDGET = WConi3z9382854669817, WR1h6ibpb92248851252, WTpuvf2m1f1222113589, WP1sttgfn341802166080
		ROLE = UIAButton
		TITLE = Refresh "Desktop" (F5)
		SHAPE = Rect [x:1253.0 y:683.0 w:20.0 h:22.0]
		CHILDREN = 0
		PATH = [2, 0, 7, 2, 0, 1, 1]
	DESCRIPTION = Left Click at 'Refresh "Desktop" (F5)'
	TEXT = Compound Action =
		Move mouse to (1263.0, 694.0).
		Press Mouse Button BUTTON1
		Release Mouse Button BUTTON1

ExecutedAction [82]: 
 @Action ConcreteID = AC1xsnip67f166713945 AbstractID = AA1xsnip67f166713945
 ConcreteID CUSTOM = ConcreteID CUSTOM not available AbstractID CUSTOM = AAd7xeha7f617751098
 @State ConcreteID = SCxljojya573714685584 AbstractID = SR19rgz8j9f42971696944
 ConcreteID CUSTOM = SCbren0da604011069227 AbstractID CUSTOM = SAyr5shda613387418159

	ROLE = LeftClickAt
	TARGET =
		WIDGET = WC1ab5emj372545371812, WR1e04pz3e358922214, WT1c4o4m81b2311801335, WP1lpizel331531208011
		ROLE = UIASplitButton
		TITLE = All locations
		SHAPE = Rect [x:783.0 y:683.0 w:86.0 h:21.0]
		CHILDREN = 0
		PATH = [2, 0, 7, 2, 0, 0, 0, 0]
	DESCRIPTION = Left Click at 'All locations'
	TEXT = Compound Action =
		Move mouse to (826.0, 693.5).
		Press Mouse Button BUTTON1
		Release Mouse Button BUTTON1

ExecutedAction [83]: 
 @Action ConcreteID = AC55fspn801364931796 AbstractID = AA55fspn801364931796
 ConcreteID CUSTOM = ConcreteID CUSTOM not available AbstractID CUSTOM = AAx161n6801307637811
 @State ConcreteID = SC1v3dopaa421781936059 AbstractID = SR1vsw82i9e11738045074
 ConcreteID CUSTOM = SClolp69a4c3357942095 AbstractID CUSTOM = SA1y8aivra4e4163475829

	ROLE = LeftClickAt
	TARGET =
		WIDGET = WCtd11rh244066339496, WR1h6ibpb92248851252, WT4keizt112994300114, WP152n3ej201510622307
		ROLE = UIAButton
		TITLE = Organise
		SHAPE = Rect [x:679.0 y:714.0 w:91.0 h:26.0]
		CHILDREN = 0
		PATH = [2, 0, 0, 0, 2]
	DESCRIPTION = Left Click at 'Organise'
	TEXT = Compound Action =
		Move mouse to (724.5, 727.0).
		Press Mouse Button BUTTON1
		Release Mouse Button BUTTON1

ExecutedAction [84]: 
 @Action ConcreteID = ACiqpimo7f724637906 AbstractID = AAiqpimo7f724637906
 ConcreteID CUSTOM = ConcreteID CUSTOM not available AbstractID CUSTOM = AAx73gdw7f101507249
 @State ConcreteID = SCxljojya573714685584 AbstractID = SR19rgz8j9f42971696944
 ConcreteID CUSTOM = SCbren0da604011069227 AbstractID CUSTOM = SAyr5shda613387418159

	ROLE = LeftClickAt
	TARGET =
		WIDGET = WCcfi0js413275400698, WR1h6ibpb92248851252, WTlnub172b1806996768, WP1quo5ve3d1163238989
		ROLE = UIAButton
		TITLE = Back to This PC (Alt + Left Arrow)
		SHAPE = Rect [x:680.0 y:679.0 w:30.0 h:30.0]
		CHILDREN = 0
		PATH = [2, 0, 7, 0, 0, 0]
	DESCRIPTION = Left Click at 'Back to This PC (Alt + Left Arrow)'
	TEXT = Compound Action =
		Move mouse to (695.0, 694.0).
		Press Mouse Button BUTTON1
		Release Mouse Button BUTTON1

ExecutedAction [85]: 
 @Action ConcreteID = AC1f0xqy0801301270255 AbstractID = AA1f0xqy0801301270255
 ConcreteID CUSTOM = ConcreteID CUSTOM not available AbstractID CUSTOM = AA15ww8dz7e3065956872
 @State ConcreteID = SC112j5j4a5b766338165 AbstractID = SRgmpqdl9f33452038463
 ConcreteID CUSTOM = SCmli5d9a5f3699135217 AbstractID CUSTOM = SAvk91vka6270444337

	ROLE = LeftClickAt
	TARGET =
		WIDGET = WC168tcjs26226826272, WR1e04pz3e358922214, WT1o1rmsv132406183479, WPgxdndi222394181586
		ROLE = UIASplitButton
		TITLE = Views
		SHAPE = Rect [x:1400.0 y:714.0 w:55.0 h:26.0]
		CHILDREN = 1
		PATH = [2, 0, 0, 0, 1]
	DESCRIPTION = Left Click at 'Views'
	TEXT = Compound Action =
		Move mouse to (1427.5, 727.0).
		Press Mouse Button BUTTON1
		Release Mouse Button BUTTON1

ExecutedAction [86]: 
 @Action ConcreteID = ACpesvbz812149095619 AbstractID = AApesvbz812149095619
 ConcreteID CUSTOM = ConcreteID CUSTOM not available AbstractID CUSTOM = AAmfxct480109839120
 @State ConcreteID = SC1v5v0njbfa3946568243 AbstractID = SR13iz4akb962363506011
 ConcreteID CUSTOM = SC4xpqo8c081792057761 AbstractID CUSTOM = SAx37a3kc0b3761040344

	ROLE = LeftClickAt
	TARGET =
		WIDGET = WC1vrkk2i25727312737, WR17qbaneb3904637586, WTtg2d9x1567061077, WPxl12fg211989764070
		ROLE = UIAComboBox
		TITLE = File name:
		SHAPE = Rect [x:801.0 y:754.0 w:694.0 h:23.0]
		CHILDREN = 2
		PATH = [2, 0, 1, 2]
	DESCRIPTION = Left Click at 'File name:'
	TEXT = Compound Action =
		Move mouse to (1148.0, 765.5).
		Press Mouse Button BUTTON1
		Release Mouse Button BUTTON1

Forcing SUT activation (bring to foreground) action
ExecutedAction [87]: 
 @Action ConcreteID = AC1de9gd8374152055474 AbstractID = AA1de9gd8374152055474
 ConcreteID CUSTOM = ConcreteID CUSTOM not available AbstractID CUSTOM = AA84rzlt392837733242
 @State ConcreteID = SCindaqfa5a278078014 AbstractID = SRrfmyw9f41071293139
 ConcreteID CUSTOM = SC1xe4yoza602102358805 AbstractID CUSTOM = SA1vlea37a634163761607

	DESCRIPTION = Bring the system to the foreground.
	TEXT = Bring the system to the foreground.

Forcing SUT activation (bring to foreground) action
ExecutedAction [88]: 
 @Action ConcreteID = ACnm7xaa392371909683 AbstractID = AAnm7xaa392371909683
 ConcreteID CUSTOM = ConcreteID CUSTOM not available AbstractID CUSTOM = AAbktvhu39293419391
 @State ConcreteID = SC1wmj9kua5a2738283065 AbstractID = SR1ejc6tu9f44132843984
 ConcreteID CUSTOM = SC87kke6a68205977514 AbstractID CUSTOM = SA1yr0tu5a612378798892

	DESCRIPTION = Bring the system to the foreground.
	TEXT = Bring the system to the foreground.

ExecutedAction [89]: 
 @Action ConcreteID = AC1fp25g9811300992608 AbstractID = AA1fp25g9811300992608
 ConcreteID CUSTOM = ConcreteID CUSTOM not available AbstractID CUSTOM = AAz9zxxl812908818314
 @State ConcreteID = SC1wmj9kua5a2738283065 AbstractID = SR1ejc6tu9f44132843984
 ConcreteID CUSTOM = SC87kke6a68205977514 AbstractID CUSTOM = SA1yr0tu5a612378798892

	ROLE = LeftClickAt
	TARGET =
		WIDGET = WCrimvxq283892984916, WR1h6ibpb92248851252, WT44wytjf874873785, WPbjd94s243481503940
		ROLE = UIAButton
		TITLE = Search
		SHAPE = Rect [x:1466.0 y:682.0 w:16.0 h:24.0]
		CHILDREN = 0
		PATH = [1, 0, 7, 4, 0, 0, 1]
	DESCRIPTION = Left Click at 'Search'
	TEXT = Compound Action =
		Move mouse to (1474.0, 694.0).
		Press Mouse Button BUTTON1
		Release Mouse Button BUTTON1

ExecutedAction [90]: 
 @Action ConcreteID = AC6cf8st802024403107 AbstractID = AA6cf8st802024403107
 ConcreteID CUSTOM = ConcreteID CUSTOM not available AbstractID CUSTOM = AA1pgzx8x813746932581
 @State ConcreteID = SCebrg6da591210610838 AbstractID = SR1ejc6tu9f44132843984
 ConcreteID CUSTOM = SCw8l0xta683942195122 AbstractID CUSTOM = SA1yr0tu5a612378798892

	ROLE = LeftClickAt
	TARGET =
		WIDGET = WC18dj90x212853141076, WR1h6ibpb92248851252, WT1tvopige1890384806, WPgxo88v1d595082359
		ROLE = UIAButton
		TITLE = &Help
		SHAPE = Rect [x:1463.0 y:714.0 w:28.0 h:26.0]
		CHILDREN = 0
		PATH = [1, 0, 0, 0, 0]
	DESCRIPTION = Left Click at '&Help'
	TEXT = Compound Action =
		Move mouse to (1477.0, 727.0).
		Press Mouse Button BUTTON1
		Release Mouse Button BUTTON1

ExecutedAction [91]: 
 @Action ConcreteID = AC1xzf8ll7f2559861075 AbstractID = AA1xzf8ll7f2559861075
 ConcreteID CUSTOM = ConcreteID CUSTOM not available AbstractID CUSTOM = AAnn7cp18065390263
 @State ConcreteID = SCebrg6da591210610838 AbstractID = SR1ejc6tu9f44132843984
 ConcreteID CUSTOM = SCw8l0xta683942195122 AbstractID CUSTOM = SA1yr0tu5a612378798892

	ROLE = LeftClickAt
	TARGET =
		WIDGET = WCnd79jg25299494193, WR1h6ibpb92248851252, WT1en5qg615612038324, WP1k6qiri21782769487
		ROLE = UIAButton
		TITLE = Hide Folders
		SHAPE = Rect [x:686.0 y:808.0 w:90.0 h:22.0]
		CHILDREN = 0
		PATH = [1, 0, 1, 0]
	DESCRIPTION = Left Click at 'Hide Folders'
	TEXT = Compound Action =
		Move mouse to (731.0, 819.0).
		Press Mouse Button BUTTON1
		Release Mouse Button BUTTON1

ExecutedAction [92]: 
 @Action ConcreteID = ACjh6qzh7f1802241086 AbstractID = AAjh6qzh7f1802241086
 ConcreteID CUSTOM = ConcreteID CUSTOM not available AbstractID CUSTOM = AA1862x21804028474330
 @State ConcreteID = SCebrg6da591210610838 AbstractID = SR1ejc6tu9f44132843984
 ConcreteID CUSTOM = SCw8l0xta683942195122 AbstractID CUSTOM = SA1yr0tu5a612378798892

	ROLE = LeftClickAt
	TARGET =
		WIDGET = WC1394jo73f1860254108, WR1h6ibpb92248851252, WTcjvmp729217435792, WPxxmgax3b1844773473
		ROLE = UIAButton
		TITLE = Back to Music (Alt + Left Arrow)
		SHAPE = Rect [x:680.0 y:679.0 w:30.0 h:30.0]
		CHILDREN = 0
		PATH = [1, 0, 7, 0, 0, 0]
	DESCRIPTION = Left Click at 'Back to Music (Alt + Left Arrow)'
	TEXT = Compound Action =
		Move mouse to (695.0, 694.0).
		Press Mouse Button BUTTON1
		Release Mouse Button BUTTON1

ExecutedAction [93]: 
 @Action ConcreteID = AC15jo93l811506729318 AbstractID = AA15jo93l811506729318
 ConcreteID CUSTOM = ConcreteID CUSTOM not available AbstractID CUSTOM = AAq823fv811891803080
 @State ConcreteID = SC1hfk2rja5a3788710941 AbstractID = SR1ejc6tu9f44132843984
 ConcreteID CUSTOM = SC3kks6ya68139695818 AbstractID CUSTOM = SA1yr0tu5a612378798892

	ROLE = LeftClickAt
	TARGET =
		WIDGET = WCdroarx384117886771, WR1h6ibpb92248851252, WT1a8fz6v1f4035439926, WP5s6bq3342237868946
		ROLE = UIAButton
		TITLE = Refresh "This PC" (F5)
		SHAPE = Rect [x:1253.0 y:683.0 w:20.0 h:22.0]
		CHILDREN = 0
		PATH = [1, 0, 7, 2, 0, 1, 1]
	DESCRIPTION = Left Click at 'Refresh "This PC" (F5)'
	TEXT = Compound Action =
		Move mouse to (1263.0, 694.0).
		Press Mouse Button BUTTON1
		Release Mouse Button BUTTON1

ExecutedAction [94]: 
 @Action ConcreteID = AC1o2xiog7f1045862488 AbstractID = AA1o2xiog7f1045862488
 ConcreteID CUSTOM = ConcreteID CUSTOM not available AbstractID CUSTOM = AAdqpmrw802770812860
 @State ConcreteID = SCebrg6da591210610838 AbstractID = SR1ejc6tu9f44132843984
 ConcreteID CUSTOM = SCw8l0xta683942195122 AbstractID CUSTOM = SA1yr0tu5a612378798892

	ROLE = LeftClickAt
	TARGET =
		WIDGET = WC1asry8y2f827761739, WR1h6ibpb92248851252, WThz0sl419562620132, WP1l3jbis2b4149732123
		ROLE = UIAButton
		TITLE = Recent locations
		SHAPE = Rect [x:740.0 y:679.0 w:15.0 h:30.0]
		CHILDREN = 0
		PATH = [1, 0, 7, 0, 0, 2]
	DESCRIPTION = Left Click at 'Recent locations'
	TEXT = Compound Action =
		Move mouse to (747.5, 694.0).
		Press Mouse Button BUTTON1
		Release Mouse Button BUTTON1

ExecutedAction [95]: 
 @Action ConcreteID = AC18tag0c803765406091 AbstractID = AA18tag0c803765406091
 ConcreteID CUSTOM = ConcreteID CUSTOM not available AbstractID CUSTOM = AAswr2hc811200873037
 @State ConcreteID = SCebrg6da591210610838 AbstractID = SR1ejc6tu9f44132843984
 ConcreteID CUSTOM = SCw8l0xta683942195122 AbstractID CUSTOM = SA1yr0tu5a612378798892

	ROLE = LeftClickAt
	TARGET =
		WIDGET = WC1kpbw0p213947463890, WR17qbaneb3904637586, WTs0888t14412445231, WPf19xk71d2365014221
		ROLE = UIAComboBox
		TITLE = Encoding:
		SHAPE = Rect [x:1133.0 y:804.0 w:150.0 h:23.0]
		CHILDREN = 1
		PATH = [1, 0, 3]
	DESCRIPTION = Left Click at 'Encoding:'
	TEXT = Compound Action =
		Move mouse to (1208.0, 815.5).
		Press Mouse Button BUTTON1
		Release Mouse Button BUTTON1

ExecutedAction [96]: 
 @Action ConcreteID = AC14laqet7f388487894 AbstractID = AA14laqet7f388487894
 ConcreteID CUSTOM = ConcreteID CUSTOM not available AbstractID CUSTOM = AA1ta6whd802354478386
 @State ConcreteID = SCebrg6da591210610838 AbstractID = SR1ejc6tu9f44132843984
 ConcreteID CUSTOM = SCw8l0xta683942195122 AbstractID CUSTOM = SA1yr0tu5a612378798892

	ROLE = LeftClickAt
	TARGET =
		WIDGET = WCvy5lw4452453428355, WR1h6ibpb92248851252, WT1y1qvt52f2272535069, WPxqaow641398050525
		ROLE = UIAButton
		TITLE = Forward to Desktop (Alt + Right Arrow)
		SHAPE = Rect [x:710.0 y:679.0 w:30.0 h:30.0]
		CHILDREN = 0
		PATH = [1, 0, 7, 0, 0, 1]
	DESCRIPTION = Left Click at 'Forward to Desktop (Alt + Right Arrow)'
	TEXT = Compound Action =
		Move mouse to (725.0, 694.0).
		Press Mouse Button BUTTON1
		Release Mouse Button BUTTON1

ExecutedAction [97]: 
 @Action ConcreteID = AC1m4j5id803090969503 AbstractID = AA1m4j5id803090969503
 ConcreteID CUSTOM = ConcreteID CUSTOM not available AbstractID CUSTOM = AA167zrzd81532685913
 @State ConcreteID = SCebrg6da591210610838 AbstractID = SR1ejc6tu9f44132843984
 ConcreteID CUSTOM = SCw8l0xta683942195122 AbstractID CUSTOM = SA1yr0tu5a612378798892

	ROLE = LeftClickAt
	TARGET =
		WIDGET = WC1h068w1343224121768, WR1h6ibpb92248851252, WTtisx9w1b1830715340, WPcyalhr30582640590
		ROLE = UIAButton
		TITLE = Previous Locations
		SHAPE = Rect [x:1233.0 y:683.0 w:20.0 h:22.0]
		CHILDREN = 0
		PATH = [1, 0, 7, 2, 0, 1, 0]
	DESCRIPTION = Left Click at 'Previous Locations'
	TEXT = Compound Action =
		Move mouse to (1243.0, 694.0).
		Press Mouse Button BUTTON1
		Release Mouse Button BUTTON1

ExecutedAction [98]: 
 @Action ConcreteID = AC1el0j7d7f2269928381 AbstractID = AA1el0j7d7f2269928381
 ConcreteID CUSTOM = ConcreteID CUSTOM not available AbstractID CUSTOM = AA48snat80473824345
 @State ConcreteID = SCebrg6da591210610838 AbstractID = SR1ejc6tu9f44132843984
 ConcreteID CUSTOM = SCw8l0xta683942195122 AbstractID CUSTOM = SA1yr0tu5a612378798892

	ROLE = LeftClickAt
	TARGET =
		WIDGET = WC46su8v2e137706790, WR17v7k2nb1067391859, WT190ukwm121633021669, WP1mh21ld2a3034773409
		ROLE = UIAMenuItem
		TITLE = This PC
		SHAPE = Rect [x:818.0 y:683.0 w:47.0 h:21.0]
		CHILDREN = 0
		PATH = [1, 0, 7, 2, 0, 0, 0, 1]
	DESCRIPTION = Left Click at 'This PC'
	TEXT = Compound Action =
		Move mouse to (841.5, 693.5).
		Press Mouse Button BUTTON1
		Release Mouse Button BUTTON1

ExecutedAction [99]: 
 @Action ConcreteID = AC1o2xiog7f1045862488 AbstractID = AA1o2xiog7f1045862488
 ConcreteID CUSTOM = ConcreteID CUSTOM not available AbstractID CUSTOM = AAdqpmrw802770812860
 @State ConcreteID = SCebrg6da591210610838 AbstractID = SR1ejc6tu9f44132843984
 ConcreteID CUSTOM = SCw8l0xta683942195122 AbstractID CUSTOM = SA1yr0tu5a612378798892

	ROLE = LeftClickAt
	TARGET =
		WIDGET = WC1asry8y2f827761739, WR1h6ibpb92248851252, WThz0sl419562620132, WP1l3jbis2b4149732123
		ROLE = UIAButton
		TITLE = Recent locations
		SHAPE = Rect [x:740.0 y:679.0 w:15.0 h:30.0]
		CHILDREN = 0
		PATH = [1, 0, 7, 0, 0, 2]
	DESCRIPTION = Left Click at 'Recent locations'
	TEXT = Compound Action =
		Move mouse to (747.5, 694.0).
		Press Mouse Button BUTTON1
		Release Mouse Button BUTTON1

ExecutedAction [100]: 
 @Action ConcreteID = ACjh6qzh7f1802241086 AbstractID = AAjh6qzh7f1802241086
 ConcreteID CUSTOM = ConcreteID CUSTOM not available AbstractID CUSTOM = AA1862x21804028474330
 @State ConcreteID = SCebrg6da591210610838 AbstractID = SR1ejc6tu9f44132843984
 ConcreteID CUSTOM = SCw8l0xta683942195122 AbstractID CUSTOM = SA1yr0tu5a612378798892

	ROLE = LeftClickAt
	TARGET =
		WIDGET = WC1394jo73f1860254108, WR1h6ibpb92248851252, WTcjvmp729217435792, WPxxmgax3b1844773473
		ROLE = UIAButton
		TITLE = Back to Music (Alt + Left Arrow)
		SHAPE = Rect [x:680.0 y:679.0 w:30.0 h:30.0]
		CHILDREN = 0
		PATH = [1, 0, 7, 0, 0, 0]
	DESCRIPTION = Left Click at 'Back to Music (Alt + Left Arrow)'
	TEXT = Compound Action =
		Move mouse to (695.0, 694.0).
		Press Mouse Button BUTTON1
		Release Mouse Button BUTTON1

Sequence 1 finished.
Copying generated sequence ("sequence1712") to output directory...
Copying classified sequence ("sequence1712") to sequences_ok folder...
