Starting sequence 1 (output as: sequence2161)

ExecutedAction [1]: 
 @Action ConcreteID = AC1kly52l802147141895 AbstractID = AA1kly52l802147141895
 ConcreteID CUSTOM = ConcreteID CUSTOM not available AbstractID CUSTOM = AA1l4o6wz803978377072
 @State ConcreteID = SC1nc411o4961529421974 AbstractID = SRx1ik4a474333690124
 ConcreteID CUSTOM = SC1n8pk4e495298478986 AbstractID CUSTOM = SA12laes84902498637855

	ROLE = LeftClickAt
	TARGET =
		WIDGET = WCb8ooqm274034031447, WR5quxi6b4097176690, WT5quxi6b4097176690, WP1sol9dc231909804025
		ROLE = UIATreeItem
		TITLE = 
		SHAPE = Rect [x:665.0 y:542.0 w:158.0 h:26.0]
		CHILDREN = 0
		PATH = [0, 2, 0, 0, 3, 1, 1, 5]
	DESCRIPTION = Left Click at ''
	TEXT = Compound Action =
		Move mouse to (744.0, 555.0).
		Press Mouse Button BUTTON1
		Release Mouse Button BUTTON1

ExecutedAction [2]: 
 @Action ConcreteID = AC1dsl51o7f1393019566 AbstractID = AA1dsl51o7f1393019566
 ConcreteID CUSTOM = ConcreteID CUSTOM not available AbstractID CUSTOM = AA1ps2ixf80503215164
 @State ConcreteID = SCymvp8q5504040161130 AbstractID = SR1sdj6cz51f2314341141
 ConcreteID CUSTOM = SCtqdbmj54a3520664557 AbstractID CUSTOM = SA1yjj6az5412082435609

	ROLE = LeftClickAt
	TARGET =
		WIDGET = WCsnsikc193821024913, WR1h6ibpb92248851252, WT1h6ibpb92248851252, WP8ruju6151413172893
		ROLE = UIAButton
		TITLE = 
		SHAPE = Rect [x:823.0 y:760.0 w:26.0 h:26.0]
		CHILDREN = 0
		PATH = [0, 2, 2, 7]
	DESCRIPTION = Left Click at ''
	TEXT = Compound Action =
		Move mouse to (836.0, 773.0).
		Press Mouse Button BUTTON1
		Release Mouse Button BUTTON1

ExecutedAction [3]: 
 @Action ConcreteID = AC1odxiyb7f2499815128 AbstractID = AA1odxiyb7f2499815128
 ConcreteID CUSTOM = ConcreteID CUSTOM not available AbstractID CUSTOM = AA1xtdn3w7f1781047682
 @State ConcreteID = SCuyuhmv2ed1671011042 AbstractID = SRrwz38n2e02745166178
 ConcreteID CUSTOM = SCilua512e62032480990 AbstractID CUSTOM = SA66n57f2eb1498926942

	ROLE = LeftClickAt
	TARGET =
		WIDGET = WC117me3u22367970642, WR17v7k2nb1067391859, WT1y895rf152412617792, WP15oh92w1e2024737031
		ROLE = UIAMenuItem
		TITLE = View Alt+i
		SHAPE = Rect [x:972.0 y:370.0 w:41.0 h:20.0]
		CHILDREN = 0
		PATH = [0, 1, 6]
	DESCRIPTION = Left Click at 'View Alt+i'
	TEXT = Compound Action =
		Move mouse to (992.5, 380.0).
		Press Mouse Button BUTTON1
		Release Mouse Button BUTTON1

ExecutedAction [4]: 
 @Action ConcreteID = AC13mfi2v7f2576570808 AbstractID = AA13mfi2v7f2576570808
 ConcreteID CUSTOM = ConcreteID CUSTOM not available AbstractID CUSTOM = AA19toshf802861906791
 @State ConcreteID = SChqpojn4194058195125 AbstractID = SRlgodq640b316168717
 ConcreteID CUSTOM = SC1606h4r4172188029270 AbstractID CUSTOM = SA17g009c4143267707644

	ROLE = LeftClickAt
	TARGET =
		WIDGET = WCsnsiim193522581523, WR1h6ibpb92248851252, WT1h6ibpb92248851252, WP8rujsg151712139295
		ROLE = UIAButton
		TITLE = 
		SHAPE = Rect [x:759.0 y:451.0 w:26.0 h:26.0]
		CHILDREN = 0
		PATH = [0, 2, 2, 5]
	DESCRIPTION = Left Click at ''
	TEXT = Compound Action =
		Move mouse to (772.0, 464.0).
		Press Mouse Button BUTTON1
		Release Mouse Button BUTTON1

ExecutedAction [5]: 
 @Action ConcreteID = ACowwis87f3688534367 AbstractID = AAowwis87f3688534367
 ConcreteID CUSTOM = ConcreteID CUSTOM not available AbstractID CUSTOM = AAyccmxt7f619845125
 @State ConcreteID = SCuyuhmv2ed1671011042 AbstractID = SRrwz38n2e02745166178
 ConcreteID CUSTOM = SCilua512e62032480990 AbstractID CUSTOM = SA66n57f2eb1498926942

	ROLE = LeftClickAt
	TARGET =
		WIDGET = WCsnsihr193371001170, WR1h6ibpb92248851252, WT1h6ibpb92248851252, WP8rujrl152132155742
		ROLE = UIAButton
		TITLE = 
		SHAPE = Rect [x:733.0 y:451.0 w:26.0 h:26.0]
		CHILDREN = 0
		PATH = [0, 2, 2, 4]
	DESCRIPTION = Left Click at ''
	TEXT = Compound Action =
		Move mouse to (746.0, 464.0).
		Press Mouse Button BUTTON1
		Release Mouse Button BUTTON1

ExecutedAction [6]: 
 @Action ConcreteID = AC1odxiyb7f2499815128 AbstractID = AA1odxiyb7f2499815128
 ConcreteID CUSTOM = ConcreteID CUSTOM not available AbstractID CUSTOM = AA1xtdn3w7f1781047682
 @State ConcreteID = SCuyuhmv2ed1671011042 AbstractID = SRrwz38n2e02745166178
 ConcreteID CUSTOM = SCilua512e62032480990 AbstractID CUSTOM = SA66n57f2eb1498926942

	ROLE = LeftClickAt
	TARGET =
		WIDGET = WC117me3u22367970642, WR17v7k2nb1067391859, WT1y895rf152412617792, WP15oh92w1e2024737031
		ROLE = UIAMenuItem
		TITLE = View Alt+i
		SHAPE = Rect [x:972.0 y:370.0 w:41.0 h:20.0]
		CHILDREN = 0
		PATH = [0, 1, 6]
	DESCRIPTION = Left Click at 'View Alt+i'
	TEXT = Compound Action =
		Move mouse to (992.5, 380.0).
		Press Mouse Button BUTTON1
		Release Mouse Button BUTTON1

ExecutedAction [7]: 
 @Action ConcreteID = AC1w5qa3r802620519777 AbstractID = AA1w5qa3r802620519777
 ConcreteID CUSTOM = ConcreteID CUSTOM not available AbstractID CUSTOM = AA1bbe2pn812322480198
 @State ConcreteID = SChqpojn4194058195125 AbstractID = SRlgodq640b316168717
 ConcreteID CUSTOM = SC1606h4r4172188029270 AbstractID CUSTOM = SA17g009c4143267707644

	ROLE = LeftClickAt
	TARGET =
		WIDGET = WC1n3etg2273398152658, WR17v7k2nb1067391859, WT1tnghm71d1960928547, WP17tkz5w232350419595
		ROLE = UIAMenuItem
		TITLE = Playlist View Mode
		SHAPE = Rect [x:975.0 y:437.0 w:220.0 h:22.0]
		CHILDREN = 0
		PATH = [1, 2]
	DESCRIPTION = Left Click at 'Playlist View Mode'
	TEXT = Compound Action =
		Move mouse to (1085.0, 448.0).
		Press Mouse Button BUTTON1
		Release Mouse Button BUTTON1

ExecutedAction [8]: 
 @Action ConcreteID = AC10278ar7f1313876351 AbstractID = AA10278ar7f1313876351
 ConcreteID CUSTOM = ConcreteID CUSTOM not available AbstractID CUSTOM = AA1tueh677f1288267574
 @State ConcreteID = SC1tznd6t47f251255352 AbstractID = SR1yhivgr46e1038087832
 ConcreteID CUSTOM = SCac37rq479708780754 AbstractID CUSTOM = SAu56u7b47a1614873688

	ROLE = LeftClickAt
	TARGET =
		WIDGET = WCsnsil7191683499614, WR1h6ibpb92248851252, WT1h6ibpb92248851252, WP8rujv1153550696018
		ROLE = UIAButton
		TITLE = 
		SHAPE = Rect [x:849.0 y:451.0 w:26.0 h:26.0]
		CHILDREN = 0
		PATH = [0, 2, 2, 8]
	DESCRIPTION = Left Click at ''
	TEXT = Compound Action =
		Move mouse to (862.0, 464.0).
		Press Mouse Button BUTTON1
		Release Mouse Button BUTTON1

ExecutedAction [9]: 
 @Action ConcreteID = AC1v0t04i7f2766910280 AbstractID = AA1v0t04i7f2766910280
 ConcreteID CUSTOM = ConcreteID CUSTOM not available AbstractID CUSTOM = AAbi4lsj7f2155227604
 @State ConcreteID = SC1n3jdzk685659288480 AbstractID = SR1v1j63f6634211323176
 ConcreteID CUSTOM = SC1bar8mz69a923647836 AbstractID CUSTOM = SAeniukh6863528667707

	ROLE = LeftClickAt
	TARGET =
		WIDGET = WC1ulvvvz26808321606, WR17v7k2nb1067391859, WTpcm71l192027518401, WPtljekd224265867538
		ROLE = UIAMenuItem
		TITLE = Subtitle Alt+t
		SHAPE = Rect [x:870.0 y:370.0 w:57.0 h:20.0]
		CHILDREN = 0
		PATH = [0, 2, 4]
	DESCRIPTION = Left Click at 'Subtitle Alt+t'
	TEXT = Compound Action =
		Move mouse to (898.5, 380.0).
		Press Mouse Button BUTTON1
		Release Mouse Button BUTTON1

ExecutedAction [10]: 
 @Action ConcreteID = ACha3x117f2128114306 AbstractID = AAha3x117f2128114306
 ConcreteID CUSTOM = ConcreteID CUSTOM not available AbstractID CUSTOM = AAb30t4t80975391825
 @State ConcreteID = SCk9tmix6c13263566015 AbstractID = SR3le51o69e1099677296
 ConcreteID CUSTOM = SCpu05776d63642752069 AbstractID CUSTOM = SA1wqi73f6c12815571709

	ROLE = LeftClickAt
	TARGET =
		WIDGET = WC1d5m79h302986083547, WR1k8fo0ra1109144095, WT6q4ghs144174538512, WP1k24m9j2c793105210
		ROLE = UIATabItem
		TITLE = Compressor
		SHAPE = Rect [x:289.0 y:403.0 w:39.0 h:21.0]
		CHILDREN = 0
		PATH = [0, 0, 1, 0, 0, 0, 1, 1]
	DESCRIPTION = Left Click at 'Compressor'
	TEXT = Compound Action =
		Move mouse to (308.5, 413.5).
		Press Mouse Button BUTTON1
		Release Mouse Button BUTTON1

ExecutedAction [11]: 
 @Action ConcreteID = AC1uhv9aq801269834280 AbstractID = AA1uhv9aq801269834280
 ConcreteID CUSTOM = ConcreteID CUSTOM not available AbstractID CUSTOM = AA923pl280792986345
 @State ConcreteID = SC1rppf8056b4221507511 AbstractID = SR29zr58559973020937
 ConcreteID CUSTOM = SC121log357c592486067 AbstractID CUSTOM = SA1wctv3v5691354844496

	ROLE = LeftClickAt
	TARGET =
		WIDGET = WCdrk02m343723220059, WR1k8fo0ra1109144095, WTxko2cb18914322636, WP13nivk303854828260
		ROLE = UIATabItem
		TITLE = Stereo Widener
		SHAPE = Rect [x:356.0 y:403.0 w:35.0 h:21.0]
		CHILDREN = 0
		PATH = [0, 0, 1, 0, 0, 0, 1, 3]
	DESCRIPTION = Left Click at 'Stereo Widener'
	TEXT = Compound Action =
		Move mouse to (373.5, 413.5).
		Press Mouse Button BUTTON1
		Release Mouse Button BUTTON1

ExecutedAction [12]: 
 @Action ConcreteID = AC1bpsyup802489497777 AbstractID = AA1bpsyup802489497777
 ConcreteID CUSTOM = ConcreteID CUSTOM not available AbstractID CUSTOM = AA1anxpi8802902661707
 @State ConcreteID = SC78kpuy5442185903813 AbstractID = SR2ad42n52f2585666099
 ConcreteID CUSTOM = SC4tlob65511878769406 AbstractID CUSTOM = SA70jc8h5422418645298

	ROLE = LeftClickAt
	TARGET =
		WIDGET = WC94x2o2202389414968, WR10fgh33101836453781, WT10fgh33101836453781, WP16jfg6s1c1058939920
		ROLE = UIACustomControl
		TITLE = 
		SHAPE = Rect [x:1031.0 y:448.0 w:101.0 h:32.0]
		CHILDREN = 2
		PATH = [0, 3, 2, 0]
	DESCRIPTION = Left Click at ''
	TEXT = Compound Action =
		Move mouse to (1081.5, 464.0).
		Press Mouse Button BUTTON1
		Release Mouse Button BUTTON1

ExecutedAction [13]: 
 @Action ConcreteID = AC1amfjho7f452102186 AbstractID = AA1amfjho7f452102186
 ConcreteID CUSTOM = ConcreteID CUSTOM not available AbstractID CUSTOM = AAnoc2al7f2028187849
 @State ConcreteID = SC78kpuy5442185903813 AbstractID = SR2ad42n52f2585666099
 ConcreteID CUSTOM = SC4tlob65511878769406 AbstractID CUSTOM = SA70jc8h5422418645298

	ROLE = LeftClickAt
	TARGET =
		WIDGET = WC111mv3r262102156175, WR17v7k2nb1067391859, WT7kxrdw19266625713, WP1rpm6kl222379553300
		ROLE = UIAMenuItem
		TITLE = Playback Alt+l
		SHAPE = Rect [x:710.0 y:370.0 w:64.0 h:20.0]
		CHILDREN = 0
		PATH = [0, 2, 1]
	DESCRIPTION = Left Click at 'Playback Alt+l'
	TEXT = Compound Action =
		Move mouse to (742.0, 380.0).
		Press Mouse Button BUTTON1
		Release Mouse Button BUTTON1

ExecutedAction [14]: 
 @Action ConcreteID = AC1eskgcf7f277576674 AbstractID = AA1eskgcf7f277576674
 ConcreteID CUSTOM = ConcreteID CUSTOM not available AbstractID CUSTOM = AA3my32b7f4206254183
 @State ConcreteID = SCl1isx36bf3936038332 AbstractID = SR1t31m606aa3002095024
 ConcreteID CUSTOM = SC10v8lo36d21349899189 AbstractID CUSTOM = SA10tf6dr6bb399361600

	ROLE = LeftClickAt
	TARGET =
		WIDGET = WC1lspv4o201586908026, WR17v7k2nb1067391859, WT938kzs153781594333, WP1ho7fom1c3039033869
		ROLE = UIAMenuItem
		TITLE = Next Alt+x
		SHAPE = Rect [x:713.0 y:693.0 w:231.0 h:22.0]
		CHILDREN = 0
		PATH = [1, 16]
	DESCRIPTION = Left Click at 'Next Alt+x'
	TEXT = Compound Action =
		Move mouse to (828.5, 704.0).
		Press Mouse Button BUTTON1
		Release Mouse Button BUTTON1

ExecutedAction [15]: 
 @Action ConcreteID = AC1sni5wr7f2899463226 AbstractID = AA1sni5wr7f2899463226
 ConcreteID CUSTOM = ConcreteID CUSTOM not available AbstractID CUSTOM = AA15peopo7f3468915929
 @State ConcreteID = SC78kpuy5442185903813 AbstractID = SR2ad42n52f2585666099
 ConcreteID CUSTOM = SC4tlob65511878769406 AbstractID CUSTOM = SA70jc8h5422418645298

	ROLE = LeftClickAt
	TARGET =
		WIDGET = WCfl317c1c3034426427, WR88rmk0b1934231702, WT88rmk0b1934231702, WP1vfigti183649330840
		ROLE = UIACheckBox
		TITLE = 
		SHAPE = Rect [x:913.0 y:451.0 w:26.0 h:26.0]
		CHILDREN = 0
		PATH = [0, 3, 2, 10]
	DESCRIPTION = Left Click at ''
	TEXT = Compound Action =
		Move mouse to (926.0, 464.0).
		Press Mouse Button BUTTON1
		Release Mouse Button BUTTON1

ExecutedAction [16]: 
 @Action ConcreteID = AC1bds8bz7f1057090068 AbstractID = AA1bds8bz7f1057090068
 ConcreteID CUSTOM = ConcreteID CUSTOM not available AbstractID CUSTOM = AAofor4w7f1561383671
 @State ConcreteID = SC78kpuy5442185903813 AbstractID = SR2ad42n52f2585666099
 ConcreteID CUSTOM = SC4tlob65511878769406 AbstractID CUSTOM = SA70jc8h5422418645298

	ROLE = LeftClickAt
	TARGET =
		WIDGET = WC1lhezjy1971787980, WR1h6ibpb92248851252, WT1h6ibpb92248851252, WP11lh0ts153015450048
		ROLE = UIAButton
		TITLE = 
		SHAPE = Rect [x:733.0 y:451.0 w:26.0 h:26.0]
		CHILDREN = 0
		PATH = [0, 3, 2, 4]
	DESCRIPTION = Left Click at ''
	TEXT = Compound Action =
		Move mouse to (746.0, 464.0).
		Press Mouse Button BUTTON1
		Release Mouse Button BUTTON1

ExecutedAction [17]: 
 @Action ConcreteID = AC1few7cd7f681028119 AbstractID = AA1few7cd7f681028119
 ConcreteID CUSTOM = ConcreteID CUSTOM not available AbstractID CUSTOM = AAsgsq5a7f1250333428
 @State ConcreteID = SC78kpuy5442185903813 AbstractID = SR2ad42n52f2585666099
 ConcreteID CUSTOM = SC4tlob65511878769406 AbstractID CUSTOM = SA70jc8h5422418645298

	ROLE = LeftClickAt
	TARGET =
		WIDGET = WC16jbmgw1a1935031698, WR10fgh33101836453781, WT10fgh33101836453781, WP1guga9e162215790620
		ROLE = UIACustomControl
		TITLE = 
		SHAPE = Rect [x:660.0 y:391.0 w:485.0 h:90.0]
		CHILDREN = 3
		PATH = [0, 3]
	DESCRIPTION = Left Click at ''
	TEXT = Compound Action =
		Move mouse to (902.5, 436.0).
		Press Mouse Button BUTTON1
		Release Mouse Button BUTTON1

ExecutedAction [18]: 
 @Action ConcreteID = AC1479zgz7f859038122 AbstractID = AA1479zgz7f859038122
 ConcreteID CUSTOM = ConcreteID CUSTOM not available AbstractID CUSTOM = AAh96i9w7f1361238345
 @State ConcreteID = SC78kpuy5442185903813 AbstractID = SR2ad42n52f2585666099
 ConcreteID CUSTOM = SC4tlob65511878769406 AbstractID CUSTOM = SA70jc8h5422418645298

	ROLE = LeftClickAt
	TARGET =
		WIDGET = WCn3dwpy303975885943, WR88rmk0b1934231702, WTdz99qr112908560843, WP4d5dx02c3869919282
		ROLE = UIACheckBox
		TITLE = Enable
		SHAPE = Rect [x:272.0 y:434.0 w:352.0 h:299.0]
		CHILDREN = 7
		PATH = [0, 0, 1, 0, 0, 0, 0, 0, 0]
	DESCRIPTION = Left Click at 'Enable'
	TEXT = Compound Action =
		Move mouse to (448.0, 583.5).
		Press Mouse Button BUTTON1
		Release Mouse Button BUTTON1

ExecutedAction [19]: 
 @Action ConcreteID = AC16ex0uo7f866103275 AbstractID = AA16ex0uo7f866103275
 ConcreteID CUSTOM = ConcreteID CUSTOM not available AbstractID CUSTOM = AAjgtjnl7f1368299272
 @State ConcreteID = SC78kpuy5442185903813 AbstractID = SR2ad42n52f2585666099
 ConcreteID CUSTOM = SC4tlob65511878769406 AbstractID CUSTOM = SA70jc8h5422418645298

	ROLE = LeftClickAt
	TARGET =
		WIDGET = WCzxkocd2a3149847004, WR1k8fo0ra1109144095, WT1q6qccd17734633670, WP1ysyxhn261539884999
		ROLE = UIATabItem
		TITLE = Audio Effects
		SHAPE = Rect [x:250.0 y:372.0 w:35.0 h:21.0]
		CHILDREN = 0
		PATH = [0, 0, 1, 1, 0]
	DESCRIPTION = Left Click at 'Audio Effects'
	TEXT = Compound Action =
		Move mouse to (267.5, 382.5).
		Press Mouse Button BUTTON1
		Release Mouse Button BUTTON1

ExecutedAction [20]: 
 @Action ConcreteID = AC16ex0uo7f866103275 AbstractID = AA16ex0uo7f866103275
 ConcreteID CUSTOM = ConcreteID CUSTOM not available AbstractID CUSTOM = AAjgtjnl7f1368299272
 @State ConcreteID = SC78kpuy5442185903813 AbstractID = SR2ad42n52f2585666099
 ConcreteID CUSTOM = SC4tlob65511878769406 AbstractID CUSTOM = SA70jc8h5422418645298

	ROLE = LeftClickAt
	TARGET =
		WIDGET = WCzxkocd2a3149847004, WR1k8fo0ra1109144095, WT1q6qccd17734633670, WP1ysyxhn261539884999
		ROLE = UIATabItem
		TITLE = Audio Effects
		SHAPE = Rect [x:250.0 y:372.0 w:35.0 h:21.0]
		CHILDREN = 0
		PATH = [0, 0, 1, 1, 0]
	DESCRIPTION = Left Click at 'Audio Effects'
	TEXT = Compound Action =
		Move mouse to (267.5, 382.5).
		Press Mouse Button BUTTON1
		Release Mouse Button BUTTON1

ExecutedAction [21]: 
 @Action ConcreteID = AC13q3chf7f2183377308 AbstractID = AA13q3chf7f2183377308
 ConcreteID CUSTOM = ConcreteID CUSTOM not available AbstractID CUSTOM = AAgrzvac7f3761408383
 @State ConcreteID = SC78kpuy5442185903813 AbstractID = SR2ad42n52f2585666099
 ConcreteID CUSTOM = SC4tlob65511878769406 AbstractID CUSTOM = SA70jc8h5422418645298

	ROLE = LeftClickAt
	TARGET =
		WIDGET = WC1lhezj3191258746635, WR1h6ibpb92248851252, WT1h6ibpb92248851252, WP11lh0sx154244474631
		ROLE = UIAButton
		TITLE = 
		SHAPE = Rect [x:707.0 y:451.0 w:26.0 h:26.0]
		CHILDREN = 0
		PATH = [0, 3, 2, 3]
	DESCRIPTION = Left Click at ''
	TEXT = Compound Action =
		Move mouse to (720.0, 464.0).
		Press Mouse Button BUTTON1
		Release Mouse Button BUTTON1

ExecutedAction [22]: 
 @Action ConcreteID = AC160fbvk7f1101076098 AbstractID = AA160fbvk7f1101076098
 ConcreteID CUSTOM = ConcreteID CUSTOM not available AbstractID CUSTOM = AAj2buoh7f598748769
 @State ConcreteID = SC78kpuy5442185903813 AbstractID = SR2ad42n52f2585666099
 ConcreteID CUSTOM = SC4tlob65511878769406 AbstractID CUSTOM = SA70jc8h5422418645298

	ROLE = LeftClickAt
	TARGET =
		WIDGET = WCksdzcq1d2531252402, WR10fgh33101836453781, WT10fgh33101836453781, WP33czns191586358005
		ROLE = UIACustomControl
		TITLE = 
		SHAPE = Rect [x:250.0 y:372.0 w:400.0 h:387.0]
		CHILDREN = 2
		PATH = [0, 0, 1]
	DESCRIPTION = Left Click at ''
	TEXT = Compound Action =
		Move mouse to (450.0, 565.5).
		Press Mouse Button BUTTON1
		Release Mouse Button BUTTON1

ExecutedAction [23]: 
 @Action ConcreteID = AC1yczndx7f3418273610 AbstractID = AA1yczndx7f3418273610
 ConcreteID CUSTOM = ConcreteID CUSTOM not available AbstractID CUSTOM = AA1bew66u7f2846855081
 @State ConcreteID = SC78kpuy5442185903813 AbstractID = SR2ad42n52f2585666099
 ConcreteID CUSTOM = SC4tlob65511878769406 AbstractID CUSTOM = SA70jc8h5422418645298

	ROLE = LeftClickAt
	TARGET =
		WIDGET = WC1ulvvvz26808321606, WR17v7k2nb1067391859, WTpcm71l192027518401, WPtljekd224265867538
		ROLE = UIAMenuItem
		TITLE = Subtitle Alt+t
		SHAPE = Rect [x:870.0 y:370.0 w:57.0 h:20.0]
		CHILDREN = 0
		PATH = [0, 2, 4]
	DESCRIPTION = Left Click at 'Subtitle Alt+t'
	TEXT = Compound Action =
		Move mouse to (898.5, 380.0).
		Press Mouse Button BUTTON1
		Release Mouse Button BUTTON1

ExecutedAction [24]: 
 @Action ConcreteID = AC1v54ckr7e915803187 AbstractID = AA1v54ckr7e915803187
 ConcreteID CUSTOM = ConcreteID CUSTOM not available AbstractID CUSTOM = AA108z5au801629551803
 @State ConcreteID = SCvskb2p580940210090 AbstractID = SR1i2yits56a3370880623
 ConcreteID CUSTOM = SCyava0q58d4024201026 AbstractID CUSTOM = SA13qjv1757d1637637382

	ROLE = LeftClickAt
	TARGET =
		WIDGET = WCksdzcq1d2531252402, WR10fgh33101836453781, WT10fgh33101836453781, WP33czns191586358005
		ROLE = UIACustomControl
		TITLE = 
		SHAPE = Rect [x:250.0 y:372.0 w:400.0 h:387.0]
		CHILDREN = 2
		PATH = [0, 0, 1]
	DESCRIPTION = Left Click at ''
	TEXT = Compound Action =
		Move mouse to (450.0, 565.5).
		Press Mouse Button BUTTON1
		Release Mouse Button BUTTON1

ExecutedAction [25]: 
 @Action ConcreteID = ACljsyss803272986190 AbstractID = AAljsyss803272986190
 ConcreteID CUSTOM = ConcreteID CUSTOM not available AbstractID CUSTOM = AAkhxpgb804201934004
 @State ConcreteID = SC78kpuy5442185903813 AbstractID = SR2ad42n52f2585666099
 ConcreteID CUSTOM = SC4tlob65511878769406 AbstractID CUSTOM = SA70jc8h5422418645298

	ROLE = LeftClickAt
	TARGET =
		WIDGET = WC1b8yprg1c1241856940, WR1p34e3y91942684430, WT1p34e3y91942684430, WPgzsjzu18725337081
		ROLE = UIASlider
		TITLE = 
		SHAPE = Rect [x:1047.0 y:454.0 w:85.0 h:26.0]
		CHILDREN = 0
		PATH = [0, 3, 2, 0, 1]
	DESCRIPTION = Left Click at ''
	TEXT = Compound Action =
		Move mouse to (1089.5, 467.0).
		Press Mouse Button BUTTON1
		Release Mouse Button BUTTON1

ExecutedAction [26]: 
 @Action ConcreteID = AC1l2bj5d7f2517555280 AbstractID = AA1l2bj5d7f2517555280
 ConcreteID CUSTOM = ConcreteID CUSTOM not available AbstractID CUSTOM = AAy481ya7f4095729843
 @State ConcreteID = SC78kpuy5442185903813 AbstractID = SR2ad42n52f2585666099
 ConcreteID CUSTOM = SC4tlob65511878769406 AbstractID CUSTOM = SA70jc8h5422418645298

	ROLE = LeftClickAt
	TARGET =
		WIDGET = WC1d5m79h302986083547, WR1k8fo0ra1109144095, WT6q4ghs144174538512, WP1k24m9j2c793105210
		ROLE = UIATabItem
		TITLE = Compressor
		SHAPE = Rect [x:289.0 y:403.0 w:39.0 h:21.0]
		CHILDREN = 0
		PATH = [0, 0, 1, 0, 0, 0, 1, 1]
	DESCRIPTION = Left Click at 'Compressor'
	TEXT = Compound Action =
		Move mouse to (308.5, 413.5).
		Press Mouse Button BUTTON1
		Release Mouse Button BUTTON1

ExecutedAction [27]: 
 @Action ConcreteID = AC1b1t7ks813841180759 AbstractID = AA1b1t7ks813841180759
 ConcreteID CUSTOM = ConcreteID CUSTOM not available AbstractID CUSTOM = AA168wluw81150258257
 @State ConcreteID = SC1rppf8056b4221507511 AbstractID = SR29zr58559973020937
 ConcreteID CUSTOM = SC121log357c592486067 AbstractID CUSTOM = SA1wctv3v5691354844496

	ROLE = LeftClickAt
	TARGET =
		WIDGET = WC94x2o2202389414968, WR10fgh33101836453781, WT10fgh33101836453781, WP16jfg6s1c1058939920
		ROLE = UIACustomControl
		TITLE = 
		SHAPE = Rect [x:1031.0 y:448.0 w:101.0 h:32.0]
		CHILDREN = 2
		PATH = [0, 3, 2, 0]
	DESCRIPTION = Left Click at ''
	TEXT = Compound Action =
		Move mouse to (1081.5, 464.0).
		Press Mouse Button BUTTON1
		Release Mouse Button BUTTON1

ExecutedAction [28]: 
 @Action ConcreteID = ACxk7pbf803478847877 AbstractID = AAxk7pbf803478847877
 ConcreteID CUSTOM = ConcreteID CUSTOM not available AbstractID CUSTOM = AA1b5k7kv802880381252
 @State ConcreteID = SC1rppf8056b4221507511 AbstractID = SR29zr58559973020937
 ConcreteID CUSTOM = SC121log357c592486067 AbstractID CUSTOM = SA1wctv3v5691354844496

	ROLE = LeftClickAt
	TARGET =
		WIDGET = WC1lhezkt19492590221, WR1h6ibpb92248851252, WT1h6ibpb92248851252, WP11lh0un152863082625
		ROLE = UIAButton
		TITLE = 
		SHAPE = Rect [x:759.0 y:451.0 w:26.0 h:26.0]
		CHILDREN = 0
		PATH = [0, 3, 2, 5]
	DESCRIPTION = Left Click at ''
	TEXT = Compound Action =
		Move mouse to (772.0, 464.0).
		Press Mouse Button BUTTON1
		Release Mouse Button BUTTON1

ExecutedAction [29]: 
 @Action ConcreteID = AC1b1t7ks813841180759 AbstractID = AA1b1t7ks813841180759
 ConcreteID CUSTOM = ConcreteID CUSTOM not available AbstractID CUSTOM = AA168wluw81150258257
 @State ConcreteID = SC1rppf8056b4221507511 AbstractID = SR29zr58559973020937
 ConcreteID CUSTOM = SC121log357c592486067 AbstractID CUSTOM = SA1wctv3v5691354844496

	ROLE = LeftClickAt
	TARGET =
		WIDGET = WC94x2o2202389414968, WR10fgh33101836453781, WT10fgh33101836453781, WP16jfg6s1c1058939920
		ROLE = UIACustomControl
		TITLE = 
		SHAPE = Rect [x:1031.0 y:448.0 w:101.0 h:32.0]
		CHILDREN = 2
		PATH = [0, 3, 2, 0]
	DESCRIPTION = Left Click at ''
	TEXT = Compound Action =
		Move mouse to (1081.5, 464.0).
		Press Mouse Button BUTTON1
		Release Mouse Button BUTTON1

ExecutedAction [30]: 
 @Action ConcreteID = AC1n9iysk80880609685 AbstractID = AA1n9iysk80880609685
 ConcreteID CUSTOM = ConcreteID CUSTOM not available AbstractID CUSTOM = AA1trf2w801351166292
 @State ConcreteID = SC1rppf8056b4221507511 AbstractID = SR29zr58559973020937
 ConcreteID CUSTOM = SC121log357c592486067 AbstractID CUSTOM = SA1wctv3v5691354844496

	ROLE = LeftClickAt
	TARGET =
		WIDGET = WC1jhssi21b581102442, WR88rmk0b1934231702, WT88rmk0b1934231702, WPy94r7g172796856191
		ROLE = UIACheckBox
		TITLE = 
		SHAPE = Rect [x:887.0 y:451.0 w:26.0 h:26.0]
		CHILDREN = 0
		PATH = [0, 3, 2, 9]
	DESCRIPTION = Left Click at ''
	TEXT = Compound Action =
		Move mouse to (900.0, 464.0).
		Press Mouse Button BUTTON1
		Release Mouse Button BUTTON1

ExecutedAction [31]: 
 @Action ConcreteID = AC10uijxh80744018743 AbstractID = AA10uijxh80744018743
 ConcreteID CUSTOM = ConcreteID CUSTOM not available AbstractID CUSTOM = AA1efv26x801219294198
 @State ConcreteID = SC1rppf8056b4221507511 AbstractID = SR29zr58559973020937
 ConcreteID CUSTOM = SC121log357c592486067 AbstractID CUSTOM = SA1wctv3v5691354844496

	ROLE = LeftClickAt
	TARGET =
		WIDGET = WC1lhezi8191377681994, WR1h6ibpb92248851252, WT1h6ibpb92248851252, WP11lh0s2153857103430
		ROLE = UIAButton
		TITLE = 
		SHAPE = Rect [x:663.0 y:448.0 w:32.0 h:32.0]
		CHILDREN = 0
		PATH = [0, 3, 2, 2]
	DESCRIPTION = Left Click at ''
	TEXT = Compound Action =
		Move mouse to (679.0, 464.0).
		Press Mouse Button BUTTON1
		Release Mouse Button BUTTON1

ExecutedAction [32]: 
 @Action ConcreteID = AC1ol45cw801920538282 AbstractID = AA1ol45cw801920538282
 ConcreteID CUSTOM = ConcreteID CUSTOM not available AbstractID CUSTOM = AA35cln880378353259
 @State ConcreteID = SC1rppf8056b4221507511 AbstractID = SR29zr58559973020937
 ConcreteID CUSTOM = SC121log357c592486067 AbstractID CUSTOM = SA1wctv3v5691354844496

	ROLE = LeftClickAt
	TARGET =
		WIDGET = WCku1d4t1d3514802786, WR10fgh33101836453781, WT10fgh33101836453781, WP350dfv19422419493
		ROLE = UIACustomControl
		TITLE = 
		SHAPE = Rect [x:660.0 y:421.0 w:485.0 h:26.0]
		CHILDREN = 3
		PATH = [0, 3, 1]
	DESCRIPTION = Left Click at ''
	TEXT = Compound Action =
		Move mouse to (902.5, 434.0).
		Press Mouse Button BUTTON1
		Release Mouse Button BUTTON1

ExecutedAction [33]: 
 @Action ConcreteID = ACkvt7iv813011818152 AbstractID = AAkvt7iv813011818152
 ConcreteID CUSTOM = ConcreteID CUSTOM not available AbstractID CUSTOM = AAg2wlsz811602466990
 @State ConcreteID = SC1rppf8056b4221507511 AbstractID = SR29zr58559973020937
 ConcreteID CUSTOM = SC121log357c592486067 AbstractID CUSTOM = SA1wctv3v5691354844496

	ROLE = LeftClickAt
	TARGET =
		WIDGET = WC1b8yprg1c1241856940, WR1p34e3y91942684430, WT1p34e3y91942684430, WPgzsjzu18725337081
		ROLE = UIASlider
		TITLE = 
		SHAPE = Rect [x:1047.0 y:454.0 w:85.0 h:26.0]
		CHILDREN = 0
		PATH = [0, 3, 2, 0, 1]
	DESCRIPTION = Left Click at ''
	TEXT = Compound Action =
		Move mouse to (1089.5, 467.0).
		Press Mouse Button BUTTON1
		Release Mouse Button BUTTON1

ExecutedAction [34]: 
 @Action ConcreteID = ACa16m1j804193698080 AbstractID = AAa16m1j804193698080
 ConcreteID CUSTOM = ConcreteID CUSTOM not available AbstractID CUSTOM = AAnmj4az802634211809
 @State ConcreteID = SC1rppf8056b4221507511 AbstractID = SR29zr58559973020937
 ConcreteID CUSTOM = SC121log357c592486067 AbstractID CUSTOM = SA1wctv3v5691354844496

	ROLE = LeftClickAt
	TARGET =
		WIDGET = WC1pmpjm1233635091165, WR17v7k2nb1067391859, WT1p8hf68161996799177, WP19o0bpz1f64902350
		ROLE = UIAMenuItem
		TITLE = Video Alt+V
		SHAPE = Rect [x:823.0 y:370.0 w:47.0 h:20.0]
		CHILDREN = 0
		PATH = [0, 2, 3]
	DESCRIPTION = Left Click at 'Video Alt+V'
	TEXT = Compound Action =
		Move mouse to (846.5, 380.0).
		Press Mouse Button BUTTON1
		Release Mouse Button BUTTON1

ExecutedAction [35]: 
 @Action ConcreteID = ACzlfzwp7f1153941812 AbstractID = AAzlfzwp7f1153941812
 ConcreteID CUSTOM = ConcreteID CUSTOM not available AbstractID CUSTOM = AAdfqmpc7f367864788
 @State ConcreteID = SCaiej446972230810452 AbstractID = SR58y9jh6843925480998
 ConcreteID CUSTOM = SCyilh1q6aa1545769308 AbstractID CUSTOM = SA1688yc6952214635368

	ROLE = LeftClickAt
	TARGET =
		WIDGET = WCzxkocd2a3149847004, WR1k8fo0ra1109144095, WT1q6qccd17734633670, WP1ysyxhn261539884999
		ROLE = UIATabItem
		TITLE = Audio Effects
		SHAPE = Rect [x:250.0 y:372.0 w:35.0 h:21.0]
		CHILDREN = 0
		PATH = [0, 0, 1, 1, 0]
	DESCRIPTION = Left Click at 'Audio Effects'
	TEXT = Compound Action =
		Move mouse to (267.5, 382.5).
		Press Mouse Button BUTTON1
		Release Mouse Button BUTTON1

ExecutedAction [36]: 
 @Action ConcreteID = ACjqhv7t801079121878 AbstractID = AAjqhv7t801079121878
 ConcreteID CUSTOM = ConcreteID CUSTOM not available AbstractID CUSTOM = AAxbudh980614872855
 @State ConcreteID = SC1rppf8056b4221507511 AbstractID = SR29zr58559973020937
 ConcreteID CUSTOM = SC121log357c592486067 AbstractID CUSTOM = SA1wctv3v5691354844496

	ROLE = LeftClickAt
	TARGET =
		WIDGET = WC1n98eey23743137595, WR10fgh33101836453781, WT10fgh33101836453781, WPr1hwi01f3737083353
		ROLE = UIACustomControl
		TITLE = 
		SHAPE = Rect [x:252.0 y:394.0 w:394.0 h:361.0]
		CHILDREN = 1
		PATH = [0, 0, 1, 0, 0]
	DESCRIPTION = Left Click at ''
	TEXT = Compound Action =
		Move mouse to (449.0, 574.5).
		Press Mouse Button BUTTON1
		Release Mouse Button BUTTON1

ExecutedAction [37]: 
 @Action ConcreteID = ACjimltx802570171372 AbstractID = AAjimltx802570171372
 ConcreteID CUSTOM = ConcreteID CUSTOM not available AbstractID CUSTOM = AAx3z43d804257583917
 @State ConcreteID = SC1rppf8056b4221507511 AbstractID = SR29zr58559973020937
 ConcreteID CUSTOM = SC121log357c592486067 AbstractID CUSTOM = SA1wctv3v5691354844496

	ROLE = LeftClickAt
	TARGET =
		WIDGET = WC93thhc204104898392, WR10fgh33101836453781, WT10fgh33101836453781, WP16ibv021c1172207472
		ROLE = UIACustomControl
		TITLE = 
		SHAPE = Rect [x:660.0 y:391.0 w:485.0 h:30.0]
		CHILDREN = 0
		PATH = [0, 3, 0, 0]
	DESCRIPTION = Left Click at ''
	TEXT = Compound Action =
		Move mouse to (902.5, 406.0).
		Press Mouse Button BUTTON1
		Release Mouse Button BUTTON1

ExecutedAction [38]: 
 @Action ConcreteID = AC1n9iysk80880609685 AbstractID = AA1n9iysk80880609685
 ConcreteID CUSTOM = ConcreteID CUSTOM not available AbstractID CUSTOM = AA1trf2w801351166292
 @State ConcreteID = SC1rppf8056b4221507511 AbstractID = SR29zr58559973020937
 ConcreteID CUSTOM = SC121log357c592486067 AbstractID CUSTOM = SA1wctv3v5691354844496

	ROLE = LeftClickAt
	TARGET =
		WIDGET = WC1jhssi21b581102442, WR88rmk0b1934231702, WT88rmk0b1934231702, WPy94r7g172796856191
		ROLE = UIACheckBox
		TITLE = 
		SHAPE = Rect [x:887.0 y:451.0 w:26.0 h:26.0]
		CHILDREN = 0
		PATH = [0, 3, 2, 9]
	DESCRIPTION = Left Click at ''
	TEXT = Compound Action =
		Move mouse to (900.0, 464.0).
		Press Mouse Button BUTTON1
		Release Mouse Button BUTTON1

ExecutedAction [39]: 
 @Action ConcreteID = AC16gzo7c803367733423 AbstractID = AA16gzo7c803367733423
 ConcreteID CUSTOM = ConcreteID CUSTOM not available AbstractID CUSTOM = AA1k2c6gs802890901614
 @State ConcreteID = SC1rppf8056b4221507511 AbstractID = SR29zr58559973020937
 ConcreteID CUSTOM = SC121log357c592486067 AbstractID CUSTOM = SA1wctv3v5691354844496

	ROLE = LeftClickAt
	TARGET =
		WIDGET = WCs92yw42c3361510070, WR10fgh33101836453781, WT10fgh33101836453781, WP1teka3a283331709745
		ROLE = UIACustomControl
		TITLE = 
		SHAPE = Rect [x:263.0 y:425.0 w:370.0 h:317.0]
		CHILDREN = 1
		PATH = [0, 0, 1, 0, 0, 0, 0, 0]
	DESCRIPTION = Left Click at ''
	TEXT = Compound Action =
		Move mouse to (448.0, 583.5).
		Press Mouse Button BUTTON1
		Release Mouse Button BUTTON1

ExecutedAction [40]: 
 @Action ConcreteID = ACa16m1j804193698080 AbstractID = AAa16m1j804193698080
 ConcreteID CUSTOM = ConcreteID CUSTOM not available AbstractID CUSTOM = AAnmj4az802634211809
 @State ConcreteID = SC1rppf8056b4221507511 AbstractID = SR29zr58559973020937
 ConcreteID CUSTOM = SC121log357c592486067 AbstractID CUSTOM = SA1wctv3v5691354844496

	ROLE = LeftClickAt
	TARGET =
		WIDGET = WC1pmpjm1233635091165, WR17v7k2nb1067391859, WT1p8hf68161996799177, WP19o0bpz1f64902350
		ROLE = UIAMenuItem
		TITLE = Video Alt+V
		SHAPE = Rect [x:823.0 y:370.0 w:47.0 h:20.0]
		CHILDREN = 0
		PATH = [0, 2, 3]
	DESCRIPTION = Left Click at 'Video Alt+V'
	TEXT = Compound Action =
		Move mouse to (846.5, 380.0).
		Press Mouse Button BUTTON1
		Release Mouse Button BUTTON1

ExecutedAction [41]: 
 @Action ConcreteID = AC1pp51cp7f25658891 AbstractID = AA1pp51cp7f25658891
 ConcreteID CUSTOM = ConcreteID CUSTOM not available AbstractID CUSTOM = AA13jfo5c7f1353542891
 @State ConcreteID = SCaiej446972230810452 AbstractID = SR58y9jh6843925480998
 ConcreteID CUSTOM = SCyilh1q6aa1545769308 AbstractID CUSTOM = SA1688yc6952214635368

	ROLE = LeftClickAt
	TARGET =
		WIDGET = WCx2xd4b312174155616, WR1k8fo0ra1109144095, WT1xn65vr151465452121, WP1kvj3bx2d3413647731
		ROLE = UIATabItem
		TITLE = Spatializer
		SHAPE = Rect [x:328.0 y:403.0 w:28.0 h:21.0]
		CHILDREN = 0
		PATH = [0, 0, 1, 0, 0, 0, 1, 2]
	DESCRIPTION = Left Click at 'Spatializer'
	TEXT = Compound Action =
		Move mouse to (342.0, 413.5).
		Press Mouse Button BUTTON1
		Release Mouse Button BUTTON1

ExecutedAction [42]: 
 @Action ConcreteID = ACbg5khx802877534548 AbstractID = AAbg5khx802877534548
 ConcreteID CUSTOM = ConcreteID CUSTOM not available AbstractID CUSTOM = AA1ebhu1r801741011493
 @State ConcreteID = SC1vlgzbj52f4004619030 AbstractID = SR1u5imdv51f176007976
 ConcreteID CUSTOM = SCuatpl853e493811318 AbstractID CUSTOM = SA1o4fk8452c1289263770

	ROLE = LeftClickAt
	TARGET =
		WIDGET = WC1lhezne192834442944, WR1h6ibpb92248851252, WT1h6ibpb92248851252, WP11lh0x815520704716
		ROLE = UIAButton
		TITLE = 
		SHAPE = Rect [x:849.0 y:451.0 w:26.0 h:26.0]
		CHILDREN = 0
		PATH = [0, 3, 2, 8]
	DESCRIPTION = Left Click at ''
	TEXT = Compound Action =
		Move mouse to (862.0, 464.0).
		Press Mouse Button BUTTON1
		Release Mouse Button BUTTON1

ExecutedAction [43]: 
 @Action ConcreteID = AC8tmb1b7f3490190283 AbstractID = AA8tmb1b7f3490190283
 ConcreteID CUSTOM = ConcreteID CUSTOM not available AbstractID CUSTOM = AAi92f6w7f790664337
 @State ConcreteID = SCuyuhmv2ed1671011042 AbstractID = SRrwz38n2e02745166178
 ConcreteID CUSTOM = SCilua512e62032480990 AbstractID CUSTOM = SA66n57f2eb1498926942

	ROLE = LeftClickAt
	TARGET =
		WIDGET = WCsnsiim193522581523, WR1h6ibpb92248851252, WT1h6ibpb92248851252, WP8rujsg151712139295
		ROLE = UIAButton
		TITLE = 
		SHAPE = Rect [x:759.0 y:451.0 w:26.0 h:26.0]
		CHILDREN = 0
		PATH = [0, 2, 2, 5]
	DESCRIPTION = Left Click at ''
	TEXT = Compound Action =
		Move mouse to (772.0, 464.0).
		Press Mouse Button BUTTON1
		Release Mouse Button BUTTON1

ExecutedAction [44]: 
 @Action ConcreteID = ACowwis87f3688534367 AbstractID = AAowwis87f3688534367
 ConcreteID CUSTOM = ConcreteID CUSTOM not available AbstractID CUSTOM = AAyccmxt7f619845125
 @State ConcreteID = SCuyuhmv2ed1671011042 AbstractID = SRrwz38n2e02745166178
 ConcreteID CUSTOM = SCilua512e62032480990 AbstractID CUSTOM = SA66n57f2eb1498926942

	ROLE = LeftClickAt
	TARGET =
		WIDGET = WCsnsihr193371001170, WR1h6ibpb92248851252, WT1h6ibpb92248851252, WP8rujrl152132155742
		ROLE = UIAButton
		TITLE = 
		SHAPE = Rect [x:733.0 y:451.0 w:26.0 h:26.0]
		CHILDREN = 0
		PATH = [0, 2, 2, 4]
	DESCRIPTION = Left Click at ''
	TEXT = Compound Action =
		Move mouse to (746.0, 464.0).
		Press Mouse Button BUTTON1
		Release Mouse Button BUTTON1

ExecutedAction [45]: 
 @Action ConcreteID = ACc3x5nd7f856408441 AbstractID = AAc3x5nd7f856408441
 ConcreteID CUSTOM = ConcreteID CUSTOM not available AbstractID CUSTOM = AAljd9sy7f3424863779
 @State ConcreteID = SCuyuhmv2ed1671011042 AbstractID = SRrwz38n2e02745166178
 ConcreteID CUSTOM = SCilua512e62032480990 AbstractID CUSTOM = SA66n57f2eb1498926942

	ROLE = LeftClickAt
	TARGET =
		WIDGET = WCsnsig1192662843092, WR1h6ibpb92248851252, WT1h6ibpb92248851252, WP8rujpv15692894424
		ROLE = UIAButton
		TITLE = 
		SHAPE = Rect [x:663.0 y:448.0 w:32.0 h:32.0]
		CHILDREN = 0
		PATH = [0, 2, 2, 2]
	DESCRIPTION = Left Click at ''
	TEXT = Compound Action =
		Move mouse to (679.0, 464.0).
		Press Mouse Button BUTTON1
		Release Mouse Button BUTTON1

ExecutedAction [46]: 
 @Action ConcreteID = AC1tt59ix7f2254610850 AbstractID = AA1tt59ix7f2254610850
 ConcreteID CUSTOM = ConcreteID CUSTOM not available AbstractID CUSTOM = AA47hbpe7f2034902776
 @State ConcreteID = SCuyuhmv2ed1671011042 AbstractID = SRrwz38n2e02745166178
 ConcreteID CUSTOM = SCilua512e62032480990 AbstractID CUSTOM = SA66n57f2eb1498926942

	ROLE = LeftClickAt
	TARGET =
		WIDGET = WC1fbb2e920939640774, WR10fgh33101836453781, WT10fgh33101836453781, WPdopdxv1c2306111470
		ROLE = UIACustomControl
		TITLE = 
		SHAPE = Rect [x:660.0 y:391.0 w:485.0 h:30.0]
		CHILDREN = 0
		PATH = [0, 2, 0, 0]
	DESCRIPTION = Left Click at ''
	TEXT = Compound Action =
		Move mouse to (902.5, 406.0).
		Press Mouse Button BUTTON1
		Release Mouse Button BUTTON1

ExecutedAction [47]: 
 @Action ConcreteID = AC1tt59ix7f2254610850 AbstractID = AA1tt59ix7f2254610850
 ConcreteID CUSTOM = ConcreteID CUSTOM not available AbstractID CUSTOM = AA47hbpe7f2034902776
 @State ConcreteID = SCuyuhmv2ed1671011042 AbstractID = SRrwz38n2e02745166178
 ConcreteID CUSTOM = SCilua512e62032480990 AbstractID CUSTOM = SA66n57f2eb1498926942

	ROLE = LeftClickAt
	TARGET =
		WIDGET = WC1fbb2e920939640774, WR10fgh33101836453781, WT10fgh33101836453781, WPdopdxv1c2306111470
		ROLE = UIACustomControl
		TITLE = 
		SHAPE = Rect [x:660.0 y:391.0 w:485.0 h:30.0]
		CHILDREN = 0
		PATH = [0, 2, 0, 0]
	DESCRIPTION = Left Click at ''
	TEXT = Compound Action =
		Move mouse to (902.5, 406.0).
		Press Mouse Button BUTTON1
		Release Mouse Button BUTTON1

ExecutedAction [48]: 
 @Action ConcreteID = AC1phmilk801971911634 AbstractID = AA1phmilk801971911634
 ConcreteID CUSTOM = ConcreteID CUSTOM not available AbstractID CUSTOM = AA1xo1vi7804274613183
 @State ConcreteID = SCuyuhmv2ed1671011042 AbstractID = SRrwz38n2e02745166178
 ConcreteID CUSTOM = SCilua512e62032480990 AbstractID CUSTOM = SA66n57f2eb1498926942

	ROLE = LeftClickAt
	TARGET =
		WIDGET = WC1fcenkz201119982758, WR10fgh33101836453781, WT10fgh33101836453781, WPdpsz4l1c4088669326
		ROLE = UIACustomControl
		TITLE = 
		SHAPE = Rect [x:1031.0 y:448.0 w:101.0 h:32.0]
		CHILDREN = 2
		PATH = [0, 2, 2, 0]
	DESCRIPTION = Left Click at ''
	TEXT = Compound Action =
		Move mouse to (1081.5, 464.0).
		Press Mouse Button BUTTON1
		Release Mouse Button BUTTON1

ExecutedAction [49]: 
 @Action ConcreteID = AC8tmb1b7f3490190283 AbstractID = AA8tmb1b7f3490190283
 ConcreteID CUSTOM = ConcreteID CUSTOM not available AbstractID CUSTOM = AAi92f6w7f790664337
 @State ConcreteID = SCuyuhmv2ed1671011042 AbstractID = SRrwz38n2e02745166178
 ConcreteID CUSTOM = SCilua512e62032480990 AbstractID CUSTOM = SA66n57f2eb1498926942

	ROLE = LeftClickAt
	TARGET =
		WIDGET = WCsnsiim193522581523, WR1h6ibpb92248851252, WT1h6ibpb92248851252, WP8rujsg151712139295
		ROLE = UIAButton
		TITLE = 
		SHAPE = Rect [x:759.0 y:451.0 w:26.0 h:26.0]
		CHILDREN = 0
		PATH = [0, 2, 2, 5]
	DESCRIPTION = Left Click at ''
	TEXT = Compound Action =
		Move mouse to (772.0, 464.0).
		Press Mouse Button BUTTON1
		Release Mouse Button BUTTON1

ExecutedAction [50]: 
 @Action ConcreteID = ACowwis87f3688534367 AbstractID = AAowwis87f3688534367
 ConcreteID CUSTOM = ConcreteID CUSTOM not available AbstractID CUSTOM = AAyccmxt7f619845125
 @State ConcreteID = SCuyuhmv2ed1671011042 AbstractID = SRrwz38n2e02745166178
 ConcreteID CUSTOM = SCilua512e62032480990 AbstractID CUSTOM = SA66n57f2eb1498926942

	ROLE = LeftClickAt
	TARGET =
		WIDGET = WCsnsihr193371001170, WR1h6ibpb92248851252, WT1h6ibpb92248851252, WP8rujrl152132155742
		ROLE = UIAButton
		TITLE = 
		SHAPE = Rect [x:733.0 y:451.0 w:26.0 h:26.0]
		CHILDREN = 0
		PATH = [0, 2, 2, 4]
	DESCRIPTION = Left Click at ''
	TEXT = Compound Action =
		Move mouse to (746.0, 464.0).
		Press Mouse Button BUTTON1
		Release Mouse Button BUTTON1

ExecutedAction [51]: 
 @Action ConcreteID = AC1wseog77f3142575665 AbstractID = AA1wseog77f3142575665
 ConcreteID CUSTOM = ConcreteID CUSTOM not available AbstractID CUSTOM = AA76qqmo7f1147625835
 @State ConcreteID = SCuyuhmv2ed1671011042 AbstractID = SRrwz38n2e02745166178
 ConcreteID CUSTOM = SCilua512e62032480990 AbstractID CUSTOM = SA66n57f2eb1498926942

	ROLE = LeftClickAt
	TARGET =
		WIDGET = WC1wr6twp233179607085, WR17v7k2nb1067391859, WTwtxn65161410781764, WPzq9smv1f824583798
		ROLE = UIAMenuItem
		TITLE = Tools Alt+s
		SHAPE = Rect [x:927.0 y:370.0 w:45.0 h:20.0]
		CHILDREN = 0
		PATH = [0, 1, 5]
	DESCRIPTION = Left Click at 'Tools Alt+s'
	TEXT = Compound Action =
		Move mouse to (949.5, 380.0).
		Press Mouse Button BUTTON1
		Release Mouse Button BUTTON1

ExecutedAction [52]: 
 @Action ConcreteID = ACf2n999811500500645 AbstractID = AAf2n999811500500645
 ConcreteID CUSTOM = ConcreteID CUSTOM not available AbstractID CUSTOM = AAgbcokf7f2306884364
 @State ConcreteID = SC1sdsafn3dc3087426913 AbstractID = SR1q7hin23cf1640540744
 ConcreteID CUSTOM = SC14ccjwt3d83926045419 AbstractID CUSTOM = SAxs9xpw3d8188395937

	ROLE = LeftClickAt
	TARGET =
		WIDGET = WC1165aap224110579901, WR17v7k2nb1067391859, WTavm335181973414585, WPj4zx771e3325081522
		ROLE = UIAMenuItem
		TITLE = Program Guide
		SHAPE = Rect [x:930.0 y:503.0 w:258.0 h:22.0]
		CHILDREN = 0
		PATH = [1, 5]
	DESCRIPTION = Left Click at 'Program Guide'
	TEXT = Compound Action =
		Move mouse to (1059.0, 514.0).
		Press Mouse Button BUTTON1
		Release Mouse Button BUTTON1

ExecutedAction [53]: 
 @Action ConcreteID = AC1748o6c523800764615 AbstractID = AApiib6p4f2953154531
 ConcreteID CUSTOM = ConcreteID CUSTOM not available AbstractID CUSTOM = AAiowcmm4f3996977789
 @State ConcreteID = SC12xcc7q132886820983 AbstractID = SRcdsw3v131647691508
 ConcreteID CUSTOM = SC1b36epe144248305048 AbstractID CUSTOM = SA1bz2hpn142482645638

	ROLE = HitKey
	DESCRIPTION = Hit Key 27
	TEXT = Compound Action =
		Press Key 27
		Release Key 27
		No Operation

Detected fault: severity: 0.99999999 info: System is offline! I assume it crashed!
Forcing SUT activation (bring to foreground) action
ExecutedAction [54]: 
 @Action ConcreteID = AC11c670r28698917028 AbstractID = AA11c670r28698917028
 ConcreteID CUSTOM = ConcreteID CUSTOM not available AbstractID CUSTOM = AA1vuutft283032135670
 @State ConcreteID = SC000 AbstractID = SR000
 ConcreteID CUSTOM = SC000 AbstractID CUSTOM = SA000

	DESCRIPTION = Bring the system to the foreground.
	TEXT = Bring the system to the foreground.

Sequence 1 finished.
Sequence contained faults!
Copying generated sequence ("sequence2161") to output directory...
Copying classified sequence ("sequence2161") to sequences_unexpectedclose folder...
