Starting sequence 1 (output as: sequence1736)

ExecutedAction [1]: 
 @Action ConcreteID = ACtiq6nd423403437506 AbstractID = AAo2qet83f1874612542
 ConcreteID CUSTOM = ConcreteID CUSTOM not available AbstractID CUSTOM = AAcub8zi3f3640301471
 @State ConcreteID = SC000 AbstractID = SR000
 ConcreteID CUSTOM = SC000 AbstractID CUSTOM = SA000

	ROLE = HitKey
	DESCRIPTION = Hit Key 27
	TEXT = Compound Action =
		Press Key 27
		Release Key 27
		No Operation

ExecutedAction [2]: 
 @Action ConcreteID = ACixefdi7f1284063101 AbstractID = AAixefdi7f1284063101
 ConcreteID CUSTOM = ConcreteID CUSTOM not available AbstractID CUSTOM = AAs4awm77f3136332700
 @State ConcreteID = SClz55nwd932049894217 AbstractID = SR1ye4obxd061277319117
 ConcreteID CUSTOM = SC1o86i7ad9b2867743164 AbstractID CUSTOM = SAdykrxqd8a1147119587

	ROLE = LeftClickAt
	TARGET =
		WIDGET = WC1xidtqt523278166425, WR1h6ibpb92248851252, WTehicr6303086359913, WPsajljb4e2864892972
		ROLE = UIAButton
		TITLE = Collapse All (Ctrl+Shift+Numpad_Divide)
		SHAPE = Rect [x:409.0 y:371.0 w:23.0 h:22.0]
		CHILDREN = 0
		PATH = [0, 0, 0, 0, 0, 0, 0, 1, 0, 0]
	DESCRIPTION = Left Click at 'Collapse All (Ctrl+Shift+Numpad_Divide)'
	TEXT = Compound Action =
		Move mouse to (420.5, 382.0).
		Press Mouse Button BUTTON1
		Release Mouse Button BUTTON1

ExecutedAction [3]: 
 @Action ConcreteID = AC15u29hk803576839154 AbstractID = AA15u29hk803576839154
 ConcreteID CUSTOM = ConcreteID CUSTOM not available AbstractID CUSTOM = AA16nkw2n8046764160
 @State ConcreteID = SClz55nwd932049894217 AbstractID = SR1ye4obxd061277319117
 ConcreteID CUSTOM = SC1o86i7ad9b2867743164 AbstractID CUSTOM = SAdykrxqd8a1147119587

	ROLE = LeftClickAt
	TARGET =
		WIDGET = WCiari8e40518218568, WR88rmk0b1934231702, WTyzw7s81e1562031213, WPymg35s3c4143781841
		ROLE = UIACheckBox
		TITLE = Link with Selection
		SHAPE = Rect [x:1153.0 y:834.0 w:23.0 h:22.0]
		CHILDREN = 0
		PATH = [0, 0, 0, 0, 0, 0, 4, 0, 0, 2]
	DESCRIPTION = Left Click at 'Link with Selection'
	TEXT = Compound Action =
		Move mouse to (1164.5, 845.0).
		Press Mouse Button BUTTON1
		Release Mouse Button BUTTON1

ExecutedAction [4]: 
 @Action ConcreteID = AC1xt5s9h811322093250 AbstractID = AA1xt5s9h811322093250
 ConcreteID CUSTOM = ConcreteID CUSTOM not available AbstractID CUSTOM = AA6pk8cn7f458373238
 @State ConcreteID = SC1egxk4uda93982733105 AbstractID = SR14mb547d1a1714164347
 ConcreteID CUSTOM = SCg9a2s1dab1345614070 AbstractID CUSTOM = SArncfted9d748242118

	ROLE = LeftClickAt
	TARGET =
		WIDGET = WCxspzz4361080153106, WR88rmk0b1934231702, WTd5rxjx14935243443, WP1oan4cy321059426792
		ROLE = UIACheckBox
		TITLE = Scheduled
		SHAPE = Rect [x:1166.0 y:371.0 w:23.0 h:22.0]
		CHILDREN = 0
		PATH = [0, 0, 0, 0, 0, 0, 2, 1, 0, 2]
	DESCRIPTION = Left Click at 'Scheduled'
	TEXT = Compound Action =
		Move mouse to (1177.5, 382.0).
		Press Mouse Button BUTTON1
		Release Mouse Button BUTTON1

ExecutedAction [5]: 
 @Action ConcreteID = ACi28s6h811737796554 AbstractID = AAi28s6h811737796554
 ConcreteID CUSTOM = ConcreteID CUSTOM not available AbstractID CUSTOM = AA1j6juop7e440787682
 @State ConcreteID = SC1pjbf7seb31155182390 AbstractID = SR1gole9he144171541748
 ConcreteID CUSTOM = SCc19z1reae3323116209 AbstractID CUSTOM = SAzn18e1ea571235929

	ROLE = LeftClickAt
	TARGET =
		WIDGET = WC1qaafjh4a4265859456, WR1h6ibpb92248851252, WTrko51k10351550260, WP11fpjz461202511024
		ROLE = UIAButton
		TITLE = Line up
		SHAPE = Rect [x:1256.0 y:477.0 w:17.0 h:17.0]
		CHILDREN = 0
		PATH = [0, 0, 0, 0, 0, 0, 2, 2, 0, 0, 0, 0, 1, 0, 0, 0, 0, 0]
	DESCRIPTION = Left Click at 'Line up'
	TEXT = Compound Action =
		Move mouse to (1264.5, 485.5).
		Press Mouse Button BUTTON1
		Release Mouse Button BUTTON1

ExecutedAction [6]: 
 @Action ConcreteID = ACex8qo881921787966 AbstractID = AAex8qo881921787966
 ConcreteID CUSTOM = ConcreteID CUSTOM not available AbstractID CUSTOM = AA1g1jt6g7e1260394262
 @State ConcreteID = SC1pjbf7seb31155182390 AbstractID = SR1gole9he144171541748
 ConcreteID CUSTOM = SCc19z1reae3323116209 AbstractID CUSTOM = SAzn18e1ea571235929

	ROLE = LeftClickAt
	TARGET =
		WIDGET = WCczp7yp4c2275581094, WR1h6ibpb92248851252, WT493d5b122119396097, WP1u1p3pf481737400123
		ROLE = UIAButton
		TITLE = Line down
		SHAPE = Rect [x:1256.0 y:564.0 w:17.0 h:17.0]
		CHILDREN = 0
		PATH = [0, 0, 0, 0, 0, 0, 2, 2, 0, 0, 0, 0, 1, 0, 0, 0, 0, 3]
	DESCRIPTION = Left Click at 'Line down'
	TEXT = Compound Action =
		Move mouse to (1264.5, 572.5).
		Press Mouse Button BUTTON1
		Release Mouse Button BUTTON1

ExecutedAction [7]: 
 @Action ConcreteID = AC1ko1gnb7e882676604 AbstractID = AA1ko1gnb7e882676604
 ConcreteID CUSTOM = ConcreteID CUSTOM not available AbstractID CUSTOM = AA8m5jjx803321691261
 @State ConcreteID = SC7oggvxed9542562265 AbstractID = SRyurexve3c584580916
 ConcreteID CUSTOM = SCpvazx8ed73204208431 AbstractID CUSTOM = SA14qw6jxece3862758668

	ROLE = LeftClickAt
	TARGET =
		WIDGET = WC19g0mqn2d497159041, WR1k8fo0ra1109144095, WTdnxji3112124294269, WPf8kcnl291740139615
		ROLE = UIATabItem
		TITLE = Javadoc
		SHAPE = Rect [x:605.0 y:833.0 w:91.0 h:24.0]
		CHILDREN = 0
		PATH = [0, 0, 0, 0, 0, 0, 4, 4]
	DESCRIPTION = Left Click at 'Javadoc'
	TEXT = Compound Action =
		Move mouse to (650.5, 845.0).
		Press Mouse Button BUTTON1
		Release Mouse Button BUTTON1

ExecutedAction [8]: 
 @Action ConcreteID = ACom56pm7f1973335125 AbstractID = AAom56pm7f1973335125
 ConcreteID CUSTOM = ConcreteID CUSTOM not available AbstractID CUSTOM = AAqn0u9w8140428716
 @State ConcreteID = SC7oggvxed9542562265 AbstractID = SRyurexve3c584580916
 ConcreteID CUSTOM = SCpvazx8ed73204208431 AbstractID CUSTOM = SA14qw6jxece3862758668

	ROLE = LeftClickAt
	TARGET =
		WIDGET = WC1x8kstd2f3363887863, WR1k8fo0ra1109144095, WT708py613944091805, WPyejvwz2b2070950208
		ROLE = UIATabItem
		TITLE = Task List
		SHAPE = Rect [x:1090.0 y:344.0 w:93.0 h:24.0]
		CHILDREN = 0
		PATH = [0, 0, 0, 0, 0, 0, 2, 3]
	DESCRIPTION = Left Click at 'Task List'
	TEXT = Compound Action =
		Move mouse to (1136.5, 356.0).
		Press Mouse Button BUTTON1
		Release Mouse Button BUTTON1

ExecutedAction [9]: 
 @Action ConcreteID = AC1ekqtbs7e450180333 AbstractID = AA1ekqtbs7e450180333
 ConcreteID CUSTOM = ConcreteID CUSTOM not available AbstractID CUSTOM = AA1g3toiy7f3092098526
 @State ConcreteID = SCgtvqcee41685496907 AbstractID = SRp77x8se50374992312
 ConcreteID CUSTOM = SCxenl3oedd146619383 AbstractID CUSTOM = SAx6haa0eda1792987249

	ROLE = LeftClickAt
	TARGET =
		WIDGET = WC1dbwjse1b1388582271, WR17v7k2nb1067391859, WTdgwhpoe4144656729, WP1am0os172182959109
		ROLE = UIAMenuItem
		TITLE = Run
		SHAPE = Rect [x:495.0 y:291.0 w:35.0 h:19.0]
		CHILDREN = 0
		PATH = [0, 5, 5]
	DESCRIPTION = Left Click at 'Run'
	TEXT = Compound Action =
		Move mouse to (512.5, 300.5).
		Press Mouse Button BUTTON1
		Release Mouse Button BUTTON1

ExecutedAction [10]: 
 @Action ConcreteID = ACejif1x814236540943 AbstractID = AAejif1x814236540943
 ConcreteID CUSTOM = ConcreteID CUSTOM not available AbstractID CUSTOM = AA5wkgo1803436808958
 @State ConcreteID = SC1hcuel9113e2433123856 AbstractID = SR4jsa4y10a7549616970
 ConcreteID CUSTOM = SC1r4fgl0113d1806822404 AbstractID CUSTOM = SAjzpmpe112f2092359639

	ROLE = LeftClickAt
	TARGET =
		WIDGET = WCsw51jw241155224487, WR17v7k2nb1067391859, WT1nekrv161772793375, WP10vj6vi202097615996
		ROLE = UIAMenuItem
		TITLE = Coverage As
		SHAPE = Rect [x:498.0 y:554.0 w:332.0 h:22.0]
		CHILDREN = 0
		PATH = [0, 0, 10]
	DESCRIPTION = Left Click at 'Coverage As'
	TEXT = Compound Action =
		Move mouse to (664.0, 565.0).
		Press Mouse Button BUTTON1
		Release Mouse Button BUTTON1

ExecutedAction [11]: 
 @Action ConcreteID = AC1nzh5se812269436551 AbstractID = AA1nzh5se812269436551
 ConcreteID CUSTOM = ConcreteID CUSTOM not available AbstractID CUSTOM = AAupot7c824057074360
 @State ConcreteID = SCcccclp11671788637251 AbstractID = SR1xzkn6d10ce3862780491
 ConcreteID CUSTOM = SCmo3pp911763054896538 AbstractID CUSTOM = SA14j8o7011883471955989

	ROLE = LeftClickAt
	TARGET =
		WIDGET = WC1jprr8f2f38710395, WR1k8fo0ra1109144095, WT708py613944091805, WPkvquc12b2982037452
		ROLE = UIATabItem
		TITLE = Task List
		SHAPE = Rect [x:1090.0 y:344.0 w:93.0 h:24.0]
		CHILDREN = 0
		PATH = [0, 2, 0, 0, 0, 0, 2, 3]
	DESCRIPTION = Left Click at 'Task List'
	TEXT = Compound Action =
		Move mouse to (1136.5, 356.0).
		Press Mouse Button BUTTON1
		Release Mouse Button BUTTON1

ExecutedAction [12]: 
 @Action ConcreteID = AC1abkdva7f2527866394 AbstractID = AA1abkdva7f2527866394
 ConcreteID CUSTOM = ConcreteID CUSTOM not available AbstractID CUSTOM = AA1ccg1fk813780804323
 @State ConcreteID = SC7oggvxed9542562265 AbstractID = SRyurexve3c584580916
 ConcreteID CUSTOM = SCpvazx8ed73204208431 AbstractID CUSTOM = SA14qw6jxece3862758668

	ROLE = LeftClickAt
	TARGET =
		WIDGET = WCuky6ek412928803089, WR88rmk0b1934231702, WTt8lv8r1f3964487852, WPz469ge3d3286050059
		ROLE = UIACheckBox
		TITLE = Hide Completed Tasks
		SHAPE = Rect [x:1097.0 y:401.0 w:23.0 h:22.0]
		CHILDREN = 0
		PATH = [0, 0, 0, 0, 0, 0, 2, 1, 0, 4]
	DESCRIPTION = Left Click at 'Hide Completed Tasks'
	TEXT = Compound Action =
		Move mouse to (1108.5, 412.0).
		Press Mouse Button BUTTON1
		Release Mouse Button BUTTON1

ExecutedAction [13]: 
 @Action ConcreteID = ACv5h7527e184644042 AbstractID = AAv5h7527e184644042
 ConcreteID CUSTOM = ConcreteID CUSTOM not available AbstractID CUSTOM = AA1i4pc0s804200668875
 @State ConcreteID = SC7oggvxed9542562265 AbstractID = SRyurexve3c584580916
 ConcreteID CUSTOM = SCpvazx8ed73204208431 AbstractID CUSTOM = SA14qw6jxece3862758668

	ROLE = LeftClickAt
	TARGET =
		WIDGET = WC1s7087g201459384978, WR17v7k2nb1067391859, WT1omh7n413746922249, WP2hrom21c3522112309
		ROLE = UIAMenuItem
		TITLE = Navigate
		SHAPE = Rect [x:334.0 y:291.0 w:61.0 h:19.0]
		CHILDREN = 0
		PATH = [0, 4, 2]
	DESCRIPTION = Left Click at 'Navigate'
	TEXT = Compound Action =
		Move mouse to (364.5, 300.5).
		Press Mouse Button BUTTON1
		Release Mouse Button BUTTON1

ExecutedAction [14]: 
 @Action ConcreteID = ACfifphr823142709106 AbstractID = AAfifphr823142709106
 ConcreteID CUSTOM = ConcreteID CUSTOM not available AbstractID CUSTOM = AAo4hrmd823081560347
 @State ConcreteID = SC1h3wff310642886661849 AbstractID = SRra9fvcfcb2802679497
 ConcreteID CUSTOM = SCwewvcp10633777781438 AbstractID CUSTOM = SA1upjgq410521907574239

	ROLE = LeftClickAt
	TARGET =
		WIDGET = WCjj79am504204704566, WR5quxi6b4097176690, WT379kw7194271240502, WPeb34s4c2776072004
		ROLE = UIATreeItem
		TITLE = Next Wednesday
		SHAPE = Rect [x:1142.0 y:549.0 w:93.0 h:18.0]
		CHILDREN = 0
		PATH = [0, 1, 0, 0, 0, 0, 2, 2, 0, 0, 0, 0, 1, 0, 0, 0, 5]
	DESCRIPTION = Left Click at 'Next Wednesday'
	TEXT = Compound Action =
		Move mouse to (1188.5, 558.0).
		Press Mouse Button BUTTON1
		Release Mouse Button BUTTON1

ExecutedAction [15]: 
 @Action ConcreteID = AC193ir3a7e81756693 AbstractID = AA193ir3a7e81756693
 ConcreteID CUSTOM = ConcreteID CUSTOM not available AbstractID CUSTOM = AA1w2qvz0804122995988
 @State ConcreteID = SC7oggvxed9542562265 AbstractID = SRyurexve3c584580916
 ConcreteID CUSTOM = SCpvazx8ed73204208431 AbstractID CUSTOM = SA14qw6jxece3862758668

	ROLE = LeftClickAt
	TARGET =
		WIDGET = WCcwq7rc2e3085343107, WR1e04pz3e358922214, WTaocbwu1b2980317179, WP1rdavbq2a3062713049
		ROLE = UIASplitButton
		TITLE = Run Last Tool
		SHAPE = Rect [x:504.0 y:316.0 w:38.0 h:22.0]
		CHILDREN = 0
		PATH = [0, 1, 2, 0, 3]
	DESCRIPTION = Left Click at 'Run Last Tool'
	TEXT = Compound Action =
		Move mouse to (523.0, 327.0).
		Press Mouse Button BUTTON1
		Release Mouse Button BUTTON1

ExecutedAction [16]: 
 @Action ConcreteID = ACvk0npdff285525331 AbstractID = AA1f1f9cvd62585349745
 ConcreteID CUSTOM = ConcreteID CUSTOM not available AbstractID CUSTOM = AA1hbju3sd558604442
 @State ConcreteID = SC1hjwksw13e32830023155 AbstractID = SR1dvf8nq12fd2158198876
 ConcreteID CUSTOM = SC1iojxyq13d82836059655 AbstractID CUSTOM = SAqc8oez13c21288580862

	ROLE = ClickTypeInto
	TARGET =
		WIDGET = WC1saf9fa42509173950, WR4n0dlj72701565195, WTy11x3a172944709664, WP1maffes3e965217445
		ROLE = UIAEdit
		TITLE = type filter text
		SHAPE = Rect [x:391.0 y:352.0 w:169.0 h:21.0]
		CHILDREN = 1
		PATH = [0, 0, 0, 0, 0, 1, 0, 0, 0, 1, 0, 0, 0]
	DESCRIPTION = Type '"><script>alert(...' into 'type filter text
	TEXT = Compound Action =
		Compound Action =
		Move mouse to (475.5, 362.5).
		Press Mouse Button BUTTON1
		Release Mouse Button BUTTON1
		Press Key 17
		Press Key 65
		Release Key 65
		Release Key 17
		Type text '"><script>alert(123);</script x="'

ExecutedAction [17]: 
 @Action ConcreteID = ACv3bpjof41587845987 AbstractID = AA1yk25i3d62285828548
 ConcreteID CUSTOM = ConcreteID CUSTOM not available AbstractID CUSTOM = AA1c57p09d52980279111
 @State ConcreteID = SC1kfnny213bc1537736002 AbstractID = SRvcu1zq12d735348606
 ConcreteID CUSTOM = SC1c7jvf113af612799548 AbstractID CUSTOM = SA1haj4kl139b372747844

	ROLE = ClickTypeInto
	TARGET =
		WIDGET = WC1as67rs1767163870, WR4n0dlj72701565195, WT4n0dlj72701565195, WPskqll6131280528131
		ROLE = UIAEdit
		TITLE = 
		SHAPE = Rect [x:391.0 y:282.0 w:698.0 h:33.0]
		CHILDREN = 0
		PATH = [0, 0, 0, 3]
	DESCRIPTION = Type 'Dr. Herman I. Li...' into '
	TEXT = Compound Action =
		Compound Action =
		Move mouse to (740.0, 298.5).
		Press Mouse Button BUTTON1
		Release Mouse Button BUTTON1
		Press Key 17
		Press Key 65
		Release Key 65
		Release Key 17
		Type text 'Dr. Herman I. Libshitz'

ExecutedAction [18]: 
 @Action ConcreteID = AC1rst0il812405650611 AbstractID = AA1rst0il812405650611
 ConcreteID CUSTOM = ConcreteID CUSTOM not available AbstractID CUSTOM = AAmsxm3j801104123178
 @State ConcreteID = SC1kfnny213bc1537736002 AbstractID = SRvcu1zq12d735348606
 ConcreteID CUSTOM = SC1c7jvf113af612799548 AbstractID CUSTOM = SA1haj4kl139b372747844

	ROLE = LeftClickAt
	TARGET =
		WIDGET = WC15mc989463138000849, WR1ca707tc1438424989, WTjo89s21a356895357, WPsoz6sr421884576366
		ROLE = UIAHyperLink
		TITLE = 'Perspectives'
		SHAPE = Rect [x:826.0 y:638.0 w:71.0 h:15.0]
		CHILDREN = 0
		PATH = [0, 0, 0, 0, 0, 1, 0, 1, 0, 0, 0, 12, 0]
	DESCRIPTION = Left Click at ''Perspectives''
	TEXT = Compound Action =
		Move mouse to (861.5, 645.5).
		Press Mouse Button BUTTON1
		Release Mouse Button BUTTON1

ExecutedAction [19]: 
 @Action ConcreteID = AC4mxj0e802334841025 AbstractID = AA4mxj0e802334841025
 ConcreteID CUSTOM = ConcreteID CUSTOM not available AbstractID CUSTOM = AA133dced7f2427758105
 @State ConcreteID = SC1vsjieh1a9d279733526 AbstractID = SRlcl0651952810509724
 ConcreteID CUSTOM = SC5su5j71aac286243915 AbstractID CUSTOM = SA88mfac1aa1163864795

	ROLE = LeftClickAt
	TARGET =
		WIDGET = WC1ecgu9s1f2284765222, WR1h6ibpb92248851252, WT1h6ibpb92248851252, WP1m990aa1b2805518944
		ROLE = UIAButton
		TITLE = 
		SHAPE = Rect [x:447.0 y:828.0 w:31.0 h:30.0]
		CHILDREN = 0
		PATH = [0, 0, 0, 2, 0, 1]
	DESCRIPTION = Left Click at ''
	TEXT = Compound Action =
		Move mouse to (462.5, 843.0).
		Press Mouse Button BUTTON1
		Release Mouse Button BUTTON1

ExecutedAction [20]: 
 @Action ConcreteID = AC1cy6xx480699713786 AbstractID = AA1cy6xx480699713786
 ConcreteID CUSTOM = ConcreteID CUSTOM not available AbstractID CUSTOM = AAxkcdvh801698422951
 @State ConcreteID = SC1qt9ib1e0f2025870083 AbstractID = SRo4oevl1ca01971322724
 ConcreteID CUSTOM = SCxh3wjs1e24134714169 AbstractID CUSTOM = SAt5ibi41e303836795609

	ROLE = LeftClickAt
	TARGET =
		WIDGET = WC6cf5fg2b3392424961, WR1h6ibpb92248851252, WT1vjbvvdf3603144044, WP1jukisu271646131030
		ROLE = UIAButton
		TITLE = Cancel
		SHAPE = Rect [x:924.0 y:671.0 w:92.0 h:25.0]
		CHILDREN = 0
		PATH = [0, 0, 0, 0, 0, 1, 1, 1]
	DESCRIPTION = Left Click at 'Cancel'
	TEXT = Compound Action =
		Move mouse to (970.0, 683.5).
		Press Mouse Button BUTTON1
		Release Mouse Button BUTTON1

ExecutedAction [21]: 
 @Action ConcreteID = ACc4ke41812677228256 AbstractID = AAc4ke41812677228256
 ConcreteID CUSTOM = ConcreteID CUSTOM not available AbstractID CUSTOM = AAethvii80394299000
 @State ConcreteID = SC1vsjieh1a9d279733526 AbstractID = SRlcl0651952810509724
 ConcreteID CUSTOM = SC5su5j71aac286243915 AbstractID CUSTOM = SA88mfac1aa1163864795

	ROLE = LeftClickAt
	TARGET =
		WIDGET = WC1n051f4333447468820, WR1h6ibpb92248851252, WT1ub8x67e219175306, WP18o491a2f2726915768
		ROLE = UIAButton
		TITLE = Apply
		SHAPE = Rect [x:1043.0 y:786.0 w:92.0 h:25.0]
		CHILDREN = 0
		PATH = [0, 0, 0, 0, 3, 2, 0, 0, 0, 7, 1]
	DESCRIPTION = Left Click at 'Apply'
	TEXT = Compound Action =
		Move mouse to (1089.0, 798.5).
		Press Mouse Button BUTTON1
		Release Mouse Button BUTTON1

ExecutedAction [22]: 
 @Action ConcreteID = ACcryi3081808502194 AbstractID = AAcryi3081808502194
 ConcreteID CUSTOM = ConcreteID CUSTOM not available AbstractID CUSTOM = AAfgvzhh803089303338
 @State ConcreteID = SC1vsjieh1a9d279733526 AbstractID = SRlcl0651952810509724
 ConcreteID CUSTOM = SC5su5j71aac286243915 AbstractID CUSTOM = SA88mfac1aa1163864795

	ROLE = LeftClickAt
	TARGET =
		WIDGET = WCfp95ko383499523227, WR1h6ibpb92248851252, WT1gjzbmxd1262302430, WPutr4ue34587974169
		ROLE = UIAButton
		TITLE = Open
		SHAPE = Rect [x:1114.0 y:479.0 w:15.0 h:21.0]
		CHILDREN = 0
		PATH = [0, 0, 0, 0, 3, 2, 0, 0, 0, 6, 1, 3, 0]
	DESCRIPTION = Left Click at 'Open'
	TEXT = Compound Action =
		Move mouse to (1121.5, 489.5).
		Press Mouse Button BUTTON1
		Release Mouse Button BUTTON1

ExecutedAction [23]: 
 @Action ConcreteID = ACcvqqsz803472362731 AbstractID = AAcvqqsz803472362731
 ConcreteID CUSTOM = ConcreteID CUSTOM not available AbstractID CUSTOM = AAdjt7aq801482413742
 @State ConcreteID = SC2twh0g1c541323586746 AbstractID = SR3nhhh51af41706005367
 ConcreteID CUSTOM = SC7uz63u1c723726542145 AbstractID CUSTOM = SA1drrtd71c65287905931

	ROLE = LeftClickAt
	TARGET =
		WIDGET = WC1yudxr3411923365474, WR5quxi6b4097176690, WT67d1i8163749295876, WP1b9y9v13d3493728813
		ROLE = UIATreeItem
		TITLE = Gradle Task
		SHAPE = Rect [x:647.0 y:496.0 w:63.0 h:18.0]
		CHILDREN = 0
		PATH = [0, 0, 0, 0, 3, 2, 0, 0, 0, 6, 0, 1, 1]
	DESCRIPTION = Left Click at 'Gradle Task'
	TEXT = Compound Action =
		Move mouse to (678.5, 505.0).
		Press Mouse Button BUTTON1
		Release Mouse Button BUTTON1

ExecutedAction [24]: 
 @Action ConcreteID = AC4mxj0e802334841025 AbstractID = AA4mxj0e802334841025
 ConcreteID CUSTOM = ConcreteID CUSTOM not available AbstractID CUSTOM = AA133dced7f2427758105
 @State ConcreteID = SC1vsjieh1a9d279733526 AbstractID = SRlcl0651952810509724
 ConcreteID CUSTOM = SC5su5j71aac286243915 AbstractID CUSTOM = SA88mfac1aa1163864795

	ROLE = LeftClickAt
	TARGET =
		WIDGET = WC1ecgu9s1f2284765222, WR1h6ibpb92248851252, WT1h6ibpb92248851252, WP1m990aa1b2805518944
		ROLE = UIAButton
		TITLE = 
		SHAPE = Rect [x:447.0 y:828.0 w:31.0 h:30.0]
		CHILDREN = 0
		PATH = [0, 0, 0, 2, 0, 1]
	DESCRIPTION = Left Click at ''
	TEXT = Compound Action =
		Move mouse to (462.5, 843.0).
		Press Mouse Button BUTTON1
		Release Mouse Button BUTTON1

ExecutedAction [25]: 
 @Action ConcreteID = AC1cy6xx480699713786 AbstractID = AA1cy6xx480699713786
 ConcreteID CUSTOM = ConcreteID CUSTOM not available AbstractID CUSTOM = AAxkcdvh801698422951
 @State ConcreteID = SC1qt9ib1e0f2025870083 AbstractID = SRo4oevl1ca01971322724
 ConcreteID CUSTOM = SCxh3wjs1e24134714169 AbstractID CUSTOM = SAt5ibi41e303836795609

	ROLE = LeftClickAt
	TARGET =
		WIDGET = WC6cf5fg2b3392424961, WR1h6ibpb92248851252, WT1vjbvvdf3603144044, WP1jukisu271646131030
		ROLE = UIAButton
		TITLE = Cancel
		SHAPE = Rect [x:924.0 y:671.0 w:92.0 h:25.0]
		CHILDREN = 0
		PATH = [0, 0, 0, 0, 0, 1, 1, 1]
	DESCRIPTION = Left Click at 'Cancel'
	TEXT = Compound Action =
		Move mouse to (970.0, 683.5).
		Press Mouse Button BUTTON1
		Release Mouse Button BUTTON1

ExecutedAction [26]: 
 @Action ConcreteID = ACcupm3g801690057142 AbstractID = AAcupm3g801690057142
 ConcreteID CUSTOM = ConcreteID CUSTOM not available AbstractID CUSTOM = AA1bb5fhf7f2132952942
 @State ConcreteID = SC1vsjieh1a9d279733526 AbstractID = SRlcl0651952810509724
 ConcreteID CUSTOM = SC5su5j71aac286243915 AbstractID CUSTOM = SA88mfac1aa1163864795

	ROLE = LeftClickAt
	TARGET =
		WIDGET = WC1qknqtu21381850606, WR88rmk0b1934231702, WT88rmk0b1934231702, WP1sbp18k1d3189024849
		ROLE = UIACheckBox
		TITLE = 
		SHAPE = Rect [x:416.0 y:828.0 w:31.0 h:30.0]
		CHILDREN = 0
		PATH = [0, 0, 0, 2, 0, 0]
	DESCRIPTION = Left Click at ''
	TEXT = Compound Action =
		Move mouse to (431.5, 843.0).
		Press Mouse Button BUTTON1
		Release Mouse Button BUTTON1

ExecutedAction [27]: 
 @Action ConcreteID = ACci1ykp80835995019 AbstractID = AAci1ykp80835995019
 ConcreteID CUSTOM = ConcreteID CUSTOM not available AbstractID CUSTOM = AAq5wi8m813702841466
 @State ConcreteID = SCbilruo1d463532288248 AbstractID = SR1k50v3p1bd02697055685
 ConcreteID CUSTOM = SCvunxuq1d54201350737 AbstractID CUSTOM = SA1tk7fqs1d5b3000774181

	ROLE = LeftClickAt
	TARGET =
		WIDGET = WC1l8e5ol3c1944037809, WRa3fnoge3263686876, WTc4g7j8144206818792, WPiknsfr38671944449
		ROLE = UIARadioButton
		TITLE = Prompt
		SHAPE = Rect [x:736.0 y:314.0 w:61.0 h:16.0]
		CHILDREN = 0
		PATH = [0, 0, 0, 0, 3, 2, 0, 0, 0, 2, 0, 2]
	DESCRIPTION = Left Click at 'Prompt'
	TEXT = Compound Action =
		Move mouse to (766.5, 322.0).
		Press Mouse Button BUTTON1
		Release Mouse Button BUTTON1

ExecutedAction [28]: 
 @Action ConcreteID = AC9ujgz3801559775294 AbstractID = AA9ujgz3801559775294
 ConcreteID CUSTOM = ConcreteID CUSTOM not available AbstractID CUSTOM = AAn454gg812155850850
 @State ConcreteID = SC1wzncoh1d49661707246 AbstractID = SR1k50v3p1bd02697055685
 ConcreteID CUSTOM = SC1ugbq4l1d572543685820 AbstractID CUSTOM = SA1tk7fqs1d5b3000774181

	ROLE = LeftClickAt
	TARGET =
		WIDGET = WC1j42sup3c3006177072, WRa3fnoge3263686876, WT4xlz9r141056286155, WP15f2u0z381983176264
		ROLE = UIARadioButton
		TITLE = Always
		SHAPE = Rect [x:610.0 y:363.0 w:58.0 h:16.0]
		CHILDREN = 0
		PATH = [0, 0, 0, 0, 3, 2, 0, 0, 0, 3, 0, 0]
	DESCRIPTION = Left Click at 'Always'
	TEXT = Compound Action =
		Move mouse to (639.0, 371.0).
		Press Mouse Button BUTTON1
		Release Mouse Button BUTTON1

ExecutedAction [29]: 
 @Action ConcreteID = AC18jei49802840156742 AbstractID = AA18jei49802840156742
 ConcreteID CUSTOM = ConcreteID CUSTOM not available AbstractID CUSTOM = AA1lt05lm811976483354
 @State ConcreteID = SC1wzncoh1d49661707246 AbstractID = SR1k50v3p1bd02697055685
 ConcreteID CUSTOM = SC1ugbq4l1d572543685820 AbstractID CUSTOM = SA1tk7fqs1d5b3000774181

	ROLE = LeftClickAt
	TARGET =
		WIDGET = WC1ecgubi1f3122176676, WR1h6ibpb92248851252, WT1h6ibpb92248851252, WP1m990c01b2500767970
		ROLE = UIAButton
		TITLE = 
		SHAPE = Rect [x:509.0 y:828.0 w:31.0 h:30.0]
		CHILDREN = 0
		PATH = [0, 0, 0, 2, 0, 3]
	DESCRIPTION = Left Click at ''
	TEXT = Compound Action =
		Move mouse to (524.5, 843.0).
		Press Mouse Button BUTTON1
		Release Mouse Button BUTTON1

ExecutedAction [30]: 
 @Action ConcreteID = ACl7nl02801849081333 AbstractID = AAl7nl02801849081333
 ConcreteID CUSTOM = ConcreteID CUSTOM not available AbstractID CUSTOM = AA1lt05lm811976483354
 @State ConcreteID = SC32yzlw1d462550175821 AbstractID = SR1k50v3p1bd02697055685
 ConcreteID CUSTOM = SC1e1akmb1d531322559180 AbstractID CUSTOM = SA1tk7fqs1d5b3000774181

	ROLE = LeftClickAt
	TARGET =
		WIDGET = WC1mzo0e9524154624961, WR1h6ibpb92248851252, WT174n2bm3c2880315354, WPjj01df4e3130319668
		ROLE = UIAButton
		TITLE = Oomph preference recorder disabled - Push to enable
		SHAPE = Rect [x:509.0 y:828.0 w:31.0 h:30.0]
		CHILDREN = 0
		PATH = [0, 0, 0, 2, 0, 3]
	DESCRIPTION = Left Click at 'Oomph preference recorder disabled - Push to enable'
	TEXT = Compound Action =
		Move mouse to (524.5, 843.0).
		Press Mouse Button BUTTON1
		Release Mouse Button BUTTON1

ExecutedAction [31]: 
 @Action ConcreteID = AC13hfp9x802825829152 AbstractID = AA13hfp9x802825829152
 ConcreteID CUSTOM = ConcreteID CUSTOM not available AbstractID CUSTOM = AA1h5a8xu811158553297
 @State ConcreteID = SCbilruo1d463532288248 AbstractID = SR1k50v3p1bd02697055685
 ConcreteID CUSTOM = SCvunxuq1d54201350737 AbstractID CUSTOM = SA1tk7fqs1d5b3000774181

	ROLE = LeftClickAt
	TARGET =
		WIDGET = WC1lliep73b927517717, WR5quxi6b4097176690, WT19kfzbk101372256793, WP1h5k9bt371852329803
		ROLE = UIATreeItem
		TITLE = JUnit
		SHAPE = Rect [x:647.0 y:568.0 w:30.0 h:18.0]
		CHILDREN = 0
		PATH = [0, 0, 0, 0, 3, 2, 0, 0, 0, 6, 0, 1, 5]
	DESCRIPTION = Left Click at 'JUnit'
	TEXT = Compound Action =
		Move mouse to (662.0, 577.0).
		Press Mouse Button BUTTON1
		Release Mouse Button BUTTON1

ExecutedAction [32]: 
 @Action ConcreteID = AC1cdujii801769774666 AbstractID = AA1cdujii801769774666
 ConcreteID CUSTOM = ConcreteID CUSTOM not available AbstractID CUSTOM = AA125phks80569687489
 @State ConcreteID = SCoimpai1d0a3090520048 AbstractID = SRo1egi81b962765343971
 ConcreteID CUSTOM = SC1jn56h81d1c3208550175 AbstractID CUSTOM = SAmg3wp71d1f1772755605

	ROLE = LeftClickAt
	TARGET =
		WIDGET = WC1h4wf81413995525424, WR5quxi6b4097176690, WT67d4h9161433932333, WP1nxrz6n3d1724852675
		ROLE = UIATreeItem
		TITLE = Gradle Test
		SHAPE = Rect [x:647.0 y:514.0 w:61.0 h:18.0]
		CHILDREN = 0
		PATH = [0, 0, 0, 0, 3, 2, 0, 0, 0, 6, 0, 1, 2]
	DESCRIPTION = Left Click at 'Gradle Test'
	TEXT = Compound Action =
		Move mouse to (677.5, 523.0).
		Press Mouse Button BUTTON1
		Release Mouse Button BUTTON1

ExecutedAction [33]: 
 @Action ConcreteID = AC5iy2ei813501941405 AbstractID = AA5iy2ei813501941405
 ConcreteID CUSTOM = ConcreteID CUSTOM not available AbstractID CUSTOM = AA1pn10h5822998597798
 @State ConcreteID = SC1wzncoh1d49661707246 AbstractID = SR1k50v3p1bd02697055685
 ConcreteID CUSTOM = SC1ugbq4l1d572543685820 AbstractID CUSTOM = SA1tk7fqs1d5b3000774181

	ROLE = LeftClickAt
	TARGET =
		WIDGET = WCfp95ko383499523227, WR1h6ibpb92248851252, WT1gjzbmxd1262302430, WPutr4ue34587974169
		ROLE = UIAButton
		TITLE = Open
		SHAPE = Rect [x:1114.0 y:479.0 w:15.0 h:21.0]
		CHILDREN = 0
		PATH = [0, 0, 0, 0, 3, 2, 0, 0, 0, 6, 1, 3, 0]
	DESCRIPTION = Left Click at 'Open'
	TEXT = Compound Action =
		Move mouse to (1121.5, 489.5).
		Press Mouse Button BUTTON1
		Release Mouse Button BUTTON1

ExecutedAction [34]: 
 @Action ConcreteID = AC1ny08c481695890515 AbstractID = AA1ny08c481695890515
 ConcreteID CUSTOM = ConcreteID CUSTOM not available AbstractID CUSTOM = AAkoa7mm821730336210
 @State ConcreteID = SCy8pud01f004136035079 AbstractID = SRyekn631d721426239402
 ConcreteID CUSTOM = SCcjcld41f1d1655036511 AbstractID CUSTOM = SA1rg4zgb1f1f1165094983

	ROLE = LeftClickAt
	TARGET =
		WIDGET = WC8usc1d412498164396, WR52qhb2b3065858412, WT1kygnmj131122739681, WP13b1ffn3d887791647
		ROLE = UIAListItem
		TITLE = Planning
		SHAPE = Rect [x:907.0 y:607.0 w:222.0 h:15.0]
		CHILDREN = 0
		PATH = [0, 0, 0, 0, 3, 2, 0, 0, 0, 6, 1, 3, 0, 7]
	DESCRIPTION = Left Click at 'Planning'
	TEXT = Compound Action =
		Move mouse to (1018.0, 614.5).
		Press Mouse Button BUTTON1
		Release Mouse Button BUTTON1

ExecutedAction [35]: 
 @Action ConcreteID = AC1mudqo812906210410 AbstractID = AA1mudqo812906210410
 ConcreteID CUSTOM = ConcreteID CUSTOM not available AbstractID CUSTOM = AA1lqxbtb823476609617
 @State ConcreteID = SC1wzncoh1d49661707246 AbstractID = SR1k50v3p1bd02697055685
 ConcreteID CUSTOM = SC1ugbq4l1d572543685820 AbstractID CUSTOM = SA1tk7fqs1d5b3000774181

	ROLE = LeftClickAt
	TARGET =
		WIDGET = WCfqcqre381607895355, WR1h6ibpb92248851252, WT1gjzbmxd1262302430, WPuuuq14342890609593
		ROLE = UIAButton
		TITLE = Open
		SHAPE = Rect [x:1114.0 y:507.0 w:15.0 h:21.0]
		CHILDREN = 0
		PATH = [0, 0, 0, 0, 3, 2, 0, 0, 0, 6, 1, 5, 0]
	DESCRIPTION = Left Click at 'Open'
	TEXT = Compound Action =
		Move mouse to (1121.5, 517.5).
		Press Mouse Button BUTTON1
		Release Mouse Button BUTTON1

ExecutedAction [36]: 
 @Action ConcreteID = AC19i3p181950433242 AbstractID = AA19i3p181950433242
 ConcreteID CUSTOM = ConcreteID CUSTOM not available AbstractID CUSTOM = AA17jdu8a802243803468
 @State ConcreteID = SCuo7ffe1f033335047872 AbstractID = SR1u7u00p1d723855146364
 ConcreteID CUSTOM = SC6126u11f152744680103 AbstractID CUSTOM = SAz8a9di1f20248231212

	ROLE = LeftClickAt
	TARGET =
		WIDGET = WC1j1pfmt4c2258594767, WR52qhb2b3065858412, WTx79kzz1e1330630462, WP129pql3481670313804
		ROLE = UIAListItem
		TITLE = Java Type Hierarchy
		SHAPE = Rect [x:907.0 y:605.0 w:222.0 h:15.0]
		CHILDREN = 0
		PATH = [0, 0, 0, 0, 3, 2, 0, 0, 0, 6, 1, 5, 0, 5]
	DESCRIPTION = Left Click at 'Java Type Hierarchy'
	TEXT = Compound Action =
		Move mouse to (1018.0, 612.5).
		Press Mouse Button BUTTON1
		Release Mouse Button BUTTON1

ExecutedAction [37]: 
 @Action ConcreteID = ACpwkmnq801276349015 AbstractID = AApwkmnq801276349015
 ConcreteID CUSTOM = ConcreteID CUSTOM not available AbstractID CUSTOM = AA1366a53812425646603
 @State ConcreteID = SC1wzncoh1d49661707246 AbstractID = SR1k50v3p1bd02697055685
 ConcreteID CUSTOM = SC1ugbq4l1d572543685820 AbstractID CUSTOM = SA1tk7fqs1d5b3000774181

	ROLE = LeftClickAt
	TARGET =
		WIDGET = WCvcjoh6423773323509, WR5quxi6b4097176690, WT1lplk34171681821011, WPn6jjlk3e3472214948
		ROLE = UIATreeItem
		TITLE = Launch Group
		SHAPE = Rect [x:647.0 y:586.0 w:79.0 h:18.0]
		CHILDREN = 0
		PATH = [0, 0, 0, 0, 3, 2, 0, 0, 0, 6, 0, 1, 6]
	DESCRIPTION = Left Click at 'Launch Group'
	TEXT = Compound Action =
		Move mouse to (686.5, 595.0).
		Press Mouse Button BUTTON1
		Release Mouse Button BUTTON1

ExecutedAction [38]: 
 @Action ConcreteID = AC8zsh9q811668774300 AbstractID = AA8zsh9q811668774300
 ConcreteID CUSTOM = ConcreteID CUSTOM not available AbstractID CUSTOM = AA1t3vfcd8224568743
 @State ConcreteID = SC1wzncoh1d49661707246 AbstractID = SR1k50v3p1bd02697055685
 ConcreteID CUSTOM = SC1ugbq4l1d572543685820 AbstractID CUSTOM = SA1tk7fqs1d5b3000774181

	ROLE = LeftClickAt
	TARGET =
		WIDGET = WCso3pec371349166960, WR17qbaneb3904637586, WT162souxf3547793938, WP1rf916u332501890802
		ROLE = UIAComboBox
		TITLE = Run:
		SHAPE = Rect [x:906.0 y:506.0 w:224.0 h:23.0]
		CHILDREN = 1
		PATH = [0, 0, 0, 0, 3, 2, 0, 0, 0, 6, 1, 5]
	DESCRIPTION = Left Click at 'Run:'
	TEXT = Compound Action =
		Move mouse to (1018.0, 517.5).
		Press Mouse Button BUTTON1
		Release Mouse Button BUTTON1

ExecutedAction [39]: 
 @Action ConcreteID = ACxgqttl812883994460 AbstractID = AAxgqttl812883994460
 ConcreteID CUSTOM = ConcreteID CUSTOM not available AbstractID CUSTOM = AA4piidq80385716170
 @State ConcreteID = SCuo7ffe1f033335047872 AbstractID = SR1u7u00p1d723855146364
 ConcreteID CUSTOM = SC6126u11f152744680103 AbstractID CUSTOM = SAz8a9di1f20248231212

	ROLE = LeftClickAt
	TARGET =
		WIDGET = WCso3pec371349166960, WR17qbaneb3904637586, WT162souxf3547793938, WP1rf916u332501890802
		ROLE = UIAComboBox
		TITLE = Run:
		SHAPE = Rect [x:906.0 y:506.0 w:224.0 h:23.0]
		CHILDREN = 2
		PATH = [0, 0, 0, 0, 3, 2, 0, 0, 0, 6, 1, 5]
	DESCRIPTION = Left Click at 'Run:'
	TEXT = Compound Action =
		Move mouse to (1018.0, 517.5).
		Press Mouse Button BUTTON1
		Release Mouse Button BUTTON1

ExecutedAction [40]: 
 @Action ConcreteID = ACagy09l81234695634 AbstractID = AAagy09l81234695634
 ConcreteID CUSTOM = ConcreteID CUSTOM not available AbstractID CUSTOM = AA1ul0yc8821878831593
 @State ConcreteID = SC1wzncoh1d49661707246 AbstractID = SR1k50v3p1bd02697055685
 ConcreteID CUSTOM = SC1ugbq4l1d572543685820 AbstractID CUSTOM = SA1tk7fqs1d5b3000774181

	ROLE = LeftClickAt
	TARGET =
		WIDGET = WC161obdn253829880921, WR1h6ibpb92248851252, WT1vjbvvdf3603144044, WP1t7g365213269012091
		ROLE = UIAButton
		TITLE = Cancel
		SHAPE = Rect [x:1031.0 y:831.0 w:98.0 h:25.0]
		CHILDREN = 0
		PATH = [0, 0, 0, 2, 1, 1]
	DESCRIPTION = Left Click at 'Cancel'
	TEXT = Compound Action =
		Move mouse to (1080.0, 843.5).
		Press Mouse Button BUTTON1
		Release Mouse Button BUTTON1

ExecutedAction [41]: 
 @Action ConcreteID = ACn8aw8i7e2268314873 AbstractID = AAn8aw8i7e2268314873
 ConcreteID CUSTOM = ConcreteID CUSTOM not available AbstractID CUSTOM = AA1qmurb80966232201
 @State ConcreteID = SC91c3zy13b854114209 AbstractID = SRvcu1zq12d735348606
 ConcreteID CUSTOM = SCrskzul13a9940698638 AbstractID CUSTOM = SA1haj4kl139b372747844

	ROLE = LeftClickAt
	TARGET =
		WIDGET = WCtkp79f5b3903799467, WR1h6ibpb92248851252, WTz0tl0z364273144617, WP1c79zkh572252673112
		ROLE = UIAButton
		TITLE = Collapses all expanded launch configurations.
		SHAPE = Rect [x:509.0 y:323.0 w:23.0 h:22.0]
		CHILDREN = 0
		PATH = [0, 0, 0, 0, 0, 1, 0, 0, 0, 0, 5]
	DESCRIPTION = Left Click at 'Collapses all expanded launch configurations.'
	TEXT = Compound Action =
		Move mouse to (520.5, 334.0).
		Press Mouse Button BUTTON1
		Release Mouse Button BUTTON1

ExecutedAction [42]: 
 @Action ConcreteID = AC1c05lro81857304166 AbstractID = AA1c05lro81857304166
 ConcreteID CUSTOM = ConcreteID CUSTOM not available AbstractID CUSTOM = AA70a7cm804256541183
 @State ConcreteID = SC1kfnny213bc1537736002 AbstractID = SRvcu1zq12d735348606
 ConcreteID CUSTOM = SC1c7jvf113af612799548 AbstractID CUSTOM = SA1haj4kl139b372747844

	ROLE = LeftClickAt
	TARGET =
		WIDGET = WCkh84o9243333389591, WR88rmk0b1934231702, WT88rmk0b1934231702, WP1bocjuf201538219083
		ROLE = UIACheckBox
		TITLE = 
		SHAPE = Rect [x:391.0 y:809.0 w:31.0 h:30.0]
		CHILDREN = 0
		PATH = [0, 0, 0, 0, 1, 0, 0]
	DESCRIPTION = Left Click at ''
	TEXT = Compound Action =
		Move mouse to (406.5, 824.0).
		Press Mouse Button BUTTON1
		Release Mouse Button BUTTON1

ExecutedAction [43]: 
 @Action ConcreteID = ACw64hjo1263549903816 AbstractID = AA1ptwxgbd73489041919
 ConcreteID CUSTOM = ConcreteID CUSTOM not available AbstractID CUSTOM = AAu5ippvd6476487019
 @State ConcreteID = SC1coqybw16744195193442 AbstractID = SR1fwiqz51567775070767
 ConcreteID CUSTOM = SC1yltsnb166f2972851542 AbstractID CUSTOM = SA4srnpc166a3464851360

	ROLE = ClickTypeInto
	TARGET =
		WIDGET = WCtcur4b441929406730, WR4n9zi27465102038, WT7t8epw19942021747, WP1bp728p401666969582
		ROLE = UIAText
		TITLE = Preparing to Debug
		SHAPE = Rect [x:1197.0 y:608.0 w:104.0 h:15.0]
		CHILDREN = 0
		PATH = [0, 0, 4, 2, 0, 0, 2, 0, 0, 0, 1, 0, 6]
	DESCRIPTION = Type '<a href="\x06jav...' into 'Preparing to Debug
	TEXT = Compound Action =
		Compound Action =
		Move mouse to (1249.0, 615.5).
		Press Mouse Button BUTTON1
		Release Mouse Button BUTTON1
		Press Key 17
		Press Key 65
		Release Key 65
		Release Key 17
		Type text '<a href="\x06javascript:javascript:alert(1)" id="fuzzelement1">test</a>'

ExecutedAction [44]: 
 @Action ConcreteID = AC11hwmw27f487007039 AbstractID = AA11hwmw27f487007039
 ConcreteID CUSTOM = ConcreteID CUSTOM not available AbstractID CUSTOM = AA113yx1g82782531071
 @State ConcreteID = SC843scu176c58075967 AbstractID = SR1jhsju216542204095521
 ConcreteID CUSTOM = SCyst69y175e2442497197 AbstractID CUSTOM = SA1feej1b17573082172146

	ROLE = LeftClickAt
	TARGET =
		WIDGET = WC1h7uw7z11b581437880, WR52qhb2b3065858412, WT1m0ixnlea2599503741, WP1b2zfn11174097417810
		ROLE = UIAListItem
		TITLE = Where possible, do not put multiple statements on a single line, because some debugger features operate on a line basis. For example, you cannot step over or set line breakpoints on more than one statement on the same line.
		SHAPE = Rect [x:1219.0 y:580.0 w:154.0 h:202.0]
		CHILDREN = 1
		PATH = [0, 0, 4, 2, 0, 0, 1, 0, 0, 0, 0, 0, 0, 9, 0]
	DESCRIPTION = Left Click at 'Where possible, do not put multiple statements on a single line, because some debugger features operate on a line basis. For example, you cannot step over or set line breakpoints on more than one statement on the same line.'
	TEXT = Compound Action =
		Move mouse to (1296.0, 681.0).
		Press Mouse Button BUTTON1
		Release Mouse Button BUTTON1

ExecutedAction [45]: 
 @Action ConcreteID = AC126ul4v7f3347183853 AbstractID = AA126ul4v7f3347183853
 ConcreteID CUSTOM = ConcreteID CUSTOM not available AbstractID CUSTOM = AA11swva9824095910445
 @State ConcreteID = SC843scu176c58075967 AbstractID = SR1jhsju216542204095521
 ConcreteID CUSTOM = SCyst69y175e2442497197 AbstractID CUSTOM = SA1feej1b17573082172146

	ROLE = LeftClickAt
	TARGET =
		WIDGET = WCn3zut455161194959, WR1ca707tc1438424989, WT1bvnf69272660390963, WP1x4ps1651184590311
		ROLE = UIAHyperLink
		TITLE = Java development user guide
		SHAPE = Rect [x:1179.0 y:344.0 w:154.0 h:16.0]
		CHILDREN = 1
		PATH = [0, 0, 4, 2, 0, 0, 1, 0, 0, 0, 0, 0, 0, 0]
	DESCRIPTION = Left Click at 'Java development user guide'
	TEXT = Compound Action =
		Move mouse to (1256.0, 352.0).
		Press Mouse Button BUTTON1
		Release Mouse Button BUTTON1

ExecutedAction [46]: 
 @Action ConcreteID = ACzujcwf811047887347 AbstractID = AAzujcwf811047887347
 ConcreteID CUSTOM = ConcreteID CUSTOM not available AbstractID CUSTOM = AA1ck65kf81997430219
 @State ConcreteID = SC6glm6k172f1808237563 AbstractID = SR16i6imw16204111695935
 ConcreteID CUSTOM = SC1d1jty31728224558047 AbstractID CUSTOM = SA1jf8otj1713155093092

	ROLE = LeftClickAt
	TARGET =
		WIDGET = WCus8qag451247900026, WR5quxi6b4097176690, WT1txwd9v292551803471, WPavccga412062285548
		ROLE = UIATreeItem
		TITLE = Eclipse Marketplace User Guide
		SHAPE = Rect [x:1209.0 y:568.0 w:168.0 h:18.0]
		CHILDREN = 0
		PATH = [0, 0, 4, 2, 0, 0, 3, 4]
	DESCRIPTION = Left Click at 'Eclipse Marketplace User Guide'
	TEXT = Compound Action =
		Move mouse to (1293.0, 577.0).
		Press Mouse Button BUTTON1
		Release Mouse Button BUTTON1

ExecutedAction [47]: 
 @Action ConcreteID = ACanek0i822260583769 AbstractID = AAanek0i822260583769
 ConcreteID CUSTOM = ConcreteID CUSTOM not available AbstractID CUSTOM = AAdjgosl812696584020
 @State ConcreteID = SC1d10kln17934216751607 AbstractID = SR1jh3q7y167f750522119
 ConcreteID CUSTOM = SC17vtxi6178d1953773006 AbstractID CUSTOM = SAgt3z0s17763969875091

	ROLE = LeftClickAt
	TARGET =
		WIDGET = WC1udh2pv331797457633, WR1h6ibpb92248851252, WTmroimq144285515309, WPibxsnl2f3361131882
		ROLE = UIAButton
		TITLE = Column left
		SHAPE = Rect [x:1171.0 y:828.0 w:17.0 h:17.0]
		CHILDREN = 0
		PATH = [0, 0, 4, 2, 0, 0, 3, 0, 0]
	DESCRIPTION = Left Click at 'Column left'
	TEXT = Compound Action =
		Move mouse to (1179.5, 836.5).
		Press Mouse Button BUTTON1
		Release Mouse Button BUTTON1

ExecutedAction [48]: 
 @Action ConcreteID = AC46rir1822782008560 AbstractID = AA46rir1822782008560
 ConcreteID CUSTOM = ConcreteID CUSTOM not available AbstractID CUSTOM = AA72tnj4812211793661
 @State ConcreteID = SC1d10kln17934216751607 AbstractID = SR1jh3q7y167f750522119
 ConcreteID CUSTOM = SC17vtxi6178d1953773006 AbstractID CUSTOM = SAgt3z0s17763969875091

	ROLE = LeftClickAt
	TARGET =
		WIDGET = WCqeoequ332731140467, WR5quxi6b4097176690, WTw4iua5144252953513, WPls95ys2f442480139
		ROLE = UIATreeItem
		TITLE = Reference
		SHAPE = Rect [x:1225.0 y:478.0 w:56.0 h:18.0]
		CHILDREN = 0
		PATH = [0, 0, 4, 2, 0, 0, 3, 2, 4]
	DESCRIPTION = Left Click at 'Reference'
	TEXT = Compound Action =
		Move mouse to (1253.0, 487.0).
		Press Mouse Button BUTTON1
		Release Mouse Button BUTTON1

ExecutedAction [49]: 
 @Action ConcreteID = ACbcmzw7811457503809 AbstractID = AAbcmzw7811457503809
 ConcreteID CUSTOM = ConcreteID CUSTOM not available AbstractID CUSTOM = AA10pq9ew821663986043
 @State ConcreteID = SC27yo4u18712611641177 AbstractID = SRkpb6fp17534114809805
 ConcreteID CUSTOM = SC1s7tmxh1876354921604 AbstractID CUSTOM = SA1u1au6b18564152457454

	ROLE = LeftClickAt
	TARGET =
		WIDGET = WCro4lli413842141643, WR5quxi6b4097176690, WT1ryz4ek1e2184001747, WPhnjelg3d2183471845
		ROLE = UIATreeItem
		TITLE = Wizards and Dialogs
		SHAPE = Rect [x:1241.0 y:676.0 w:110.0 h:18.0]
		CHILDREN = 0
		PATH = [0, 0, 4, 2, 0, 0, 3, 4, 4, 10]
	DESCRIPTION = Left Click at 'Wizards and Dialogs'
	TEXT = Compound Action =
		Move mouse to (1296.0, 685.0).
		Press Mouse Button BUTTON1
		Release Mouse Button BUTTON1

ExecutedAction [50]: 
 @Action ConcreteID = AC18hl6sl82116800646 AbstractID = AA18hl6sl82116800646
 ConcreteID CUSTOM = ConcreteID CUSTOM not available AbstractID CUSTOM = AAdkyqyh811796477444
 @State ConcreteID = SC1rdxqg118712872242028 AbstractID = SR1wzi11x17533424535463
 ConcreteID CUSTOM = SC178yd8m1874369387063 AbstractID CUSTOM = SA7igcix18583853308481

	ROLE = LeftClickAt
	TARGET =
		WIDGET = WC1xdx6jf433832960633, WR5quxi6b4097176690, WT137epoe242890677586, WP1e0ymqx3f4248042954
		ROLE = UIATreeItem
		TITLE = Java development overview
		SHAPE = Rect [x:1225.0 y:406.0 w:149.0 h:18.0]
		CHILDREN = 0
		PATH = [0, 0, 4, 2, 0, 0, 3, 4, 0]
	DESCRIPTION = Left Click at 'Java development overview'
	TEXT = Compound Action =
		Move mouse to (1299.5, 415.0).
		Press Mouse Button BUTTON1
		Release Mouse Button BUTTON1

ExecutedAction [51]: 
 @Action ConcreteID = ACnv3shx803816501381 AbstractID = AAnv3shx803816501381
 ConcreteID CUSTOM = ConcreteID CUSTOM not available AbstractID CUSTOM = AA1vj7kri821508932316
 @State ConcreteID = SC7chb7o16ef818620433 AbstractID = SRsg2nrn15e3574525019
 ConcreteID CUSTOM = SC1h5hum116ed2698396976 AbstractID CUSTOM = SA1hi0xhf16dc3782854937

	ROLE = LeftClickAt
	TARGET =
		WIDGET = WCu2cdu348772418666, WR1ca707tc1438424989, WTnf1rux1a3624353671, WPr40pz144806009555
		ROLE = UIAHyperLink
		TITLE = Basic tutorial
		SHAPE = Rect [x:1230.0 y:805.0 w:85.0 h:19.0]
		CHILDREN = 1
		PATH = [0, 0, 4, 2, 0, 0, 1, 0, 0, 0, 0, 0, 0, 5]
	DESCRIPTION = Left Click at 'Basic tutorial'
	TEXT = Compound Action =
		Move mouse to (1272.5, 814.5).
		Press Mouse Button BUTTON1
		Release Mouse Button BUTTON1

ExecutedAction [52]: 
 @Action ConcreteID = ACud14b281681215004 AbstractID = AAud14b281681215004
 ConcreteID CUSTOM = ConcreteID CUSTOM not available AbstractID CUSTOM = AA1fh3te4812975118111
 @State ConcreteID = SC1ood01x16c82604415026 AbstractID = SRl6dqx15bf4168723558
 ConcreteID CUSTOM = SC1h7q0hk16c42578548794 AbstractID CUSTOM = SA1l1clc516b43895459393

	ROLE = LeftClickAt
	TARGET =
		WIDGET = WCkh84o9243333389591, WR88rmk0b1934231702, WT88rmk0b1934231702, WP1bocjuf201538219083
		ROLE = UIACheckBox
		TITLE = 
		SHAPE = Rect [x:391.0 y:809.0 w:31.0 h:30.0]
		CHILDREN = 0
		PATH = [0, 0, 0, 0, 1, 0, 0]
	DESCRIPTION = Left Click at ''
	TEXT = Compound Action =
		Move mouse to (406.5, 824.0).
		Press Mouse Button BUTTON1
		Release Mouse Button BUTTON1

ExecutedAction [53]: 
 @Action ConcreteID = AC19gn0mg803822150843 AbstractID = AA19gn0mg803822150843
 ConcreteID CUSTOM = ConcreteID CUSTOM not available AbstractID CUSTOM = AA1danit1804187939141
 @State ConcreteID = SCeltrc513bc3018187120 AbstractID = SRvcu1zq12d735348606
 ConcreteID CUSTOM = SC1bx35ge13af3978723926 AbstractID CUSTOM = SA1haj4kl139b372747844

	ROLE = LeftClickAt
	TARGET =
		WIDGET = WCoku33m32940728805, WR4na8ob72534219213, WT4na8ob72534219213, WPgwkikg2e166060183
		ROLE = UIATree
		TITLE = 
		SHAPE = Rect [x:391.0 y:378.0 w:169.0 h:390.0]
		CHILDREN = 0
		PATH = [0, 0, 0, 0, 0, 1, 0, 0, 0, 1, 0, 1, 0]
	DESCRIPTION = Left Click at ''
	TEXT = Compound Action =
		Move mouse to (475.5, 573.0).
		Press Mouse Button BUTTON1
		Release Mouse Button BUTTON1

ExecutedAction [54]: 
 @Action ConcreteID = ACj9ev8z81926033116 AbstractID = AAj9ev8z81926033116
 ConcreteID CUSTOM = ConcreteID CUSTOM not available AbstractID CUSTOM = AA1danit1804187939141
 @State ConcreteID = SC1kfnny213bc1537736002 AbstractID = SRvcu1zq12d735348606
 ConcreteID CUSTOM = SC1c7jvf113af612799548 AbstractID CUSTOM = SA1haj4kl139b372747844

	ROLE = LeftClickAt
	TARGET =
		WIDGET = WCoku33m32940728805, WR4na8ob72534219213, WT4na8ob72534219213, WPgwkikg2e166060183
		ROLE = UIATree
		TITLE = 
		SHAPE = Rect [x:391.0 y:378.0 w:169.0 h:390.0]
		CHILDREN = 0
		PATH = [0, 0, 0, 0, 0, 1, 0, 0, 0, 1, 0, 1, 0]
	DESCRIPTION = Left Click at ''
	TEXT = Compound Action =
		Move mouse to (475.5, 573.0).
		Press Mouse Button BUTTON1
		Release Mouse Button BUTTON1

ExecutedAction [55]: 
 @Action ConcreteID = AC9z8cridf2418913664 AbstractID = AAufcbmdd62631957551
 ConcreteID CUSTOM = ConcreteID CUSTOM not available AbstractID CUSTOM = AA80hv4jd52776495788
 @State ConcreteID = SC1kfnny213bc1537736002 AbstractID = SRvcu1zq12d735348606
 ConcreteID CUSTOM = SC1c7jvf113af612799548 AbstractID CUSTOM = SA1haj4kl139b372747844

	ROLE = ClickTypeInto
	TARGET =
		WIDGET = WC18l1ka74b2097890828, WR4n0dlj72701565195, WT1ginu25203418413853, WP1cwwdkt471589023896
		ROLE = UIAEdit
		TITLE = ><script>alert 0 matches.
		SHAPE = Rect [x:391.0 y:352.0 w:169.0 h:21.0]
		CHILDREN = 1
		PATH = [0, 0, 0, 0, 0, 1, 0, 0, 0, 1, 0, 0, 0]
	DESCRIPTION = Type '-' into '><script>alert 0 matches.
	TEXT = Compound Action =
		Compound Action =
		Move mouse to (475.5, 362.5).
		Press Mouse Button BUTTON1
		Release Mouse Button BUTTON1
		Press Key 17
		Press Key 65
		Release Key 65
		Release Key 17
		Type text '-'

ExecutedAction [56]: 
 @Action ConcreteID = AC9smmxf10a2876778655 AbstractID = AAx9sin0d63282605779
 ConcreteID CUSTOM = ConcreteID CUSTOM not available AbstractID CUSTOM = AA80hv4jd52776495788
 @State ConcreteID = SC1xarb3d13bc3840655349 AbstractID = SRvcu1zq12d735348606
 ConcreteID CUSTOM = SC1vthmtc13af3061528264 AbstractID CUSTOM = SA1haj4kl139b372747844

	ROLE = ClickTypeInto
	TARGET =
		WIDGET = WC12hscpz3e1290817695, WR4n0dlj72701565195, WT1laoo6t131279339564, WPrusqid3a1561139697
		ROLE = UIAEdit
		TITLE = - 0 matches.
		SHAPE = Rect [x:391.0 y:352.0 w:169.0 h:21.0]
		CHILDREN = 1
		PATH = [0, 0, 0, 0, 0, 1, 0, 0, 0, 1, 0, 0, 0]
	DESCRIPTION = Type '"`'><script>\x00...' into '- 0 matches.
	TEXT = Compound Action =
		Compound Action =
		Move mouse to (475.5, 362.5).
		Press Mouse Button BUTTON1
		Release Mouse Button BUTTON1
		Press Key 17
		Press Key 65
		Release Key 65
		Release Key 17
		Type text '"`'><script>\x00javascript:alert(1)</script>'

ExecutedAction [57]: 
 @Action ConcreteID = ACt6efe9f74092365767 AbstractID = AA1lp1zwld52413412565
 ConcreteID CUSTOM = ConcreteID CUSTOM not available AbstractID CUSTOM = AA1c57p09d52980279111
 @State ConcreteID = SCnbftlc13ba2234066795 AbstractID = SRvcu1zq12d735348606
 ConcreteID CUSTOM = SCh7hwie13ac3798214218 AbstractID CUSTOM = SA1haj4kl139b372747844

	ROLE = ClickTypeInto
	TARGET =
		WIDGET = WC1as67rs1767163870, WR4n0dlj72701565195, WT4n0dlj72701565195, WPskqll6131280528131
		ROLE = UIAEdit
		TITLE = 
		SHAPE = Rect [x:391.0 y:282.0 w:698.0 h:33.0]
		CHILDREN = 0
		PATH = [0, 0, 0, 3]
	DESCRIPTION = Type 'Z̮̞̠͙͔ͅḀ̗̞͈̻̗Ḷ͙͎...' into '
	TEXT = Compound Action =
		Compound Action =
		Move mouse to (740.0, 298.5).
		Press Mouse Button BUTTON1
		Release Mouse Button BUTTON1
		Press Key 17
		Press Key 65
		Release Key 65
		Release Key 17
		Type text 'Z̮̞̠͙͔ͅḀ̗̞͈̻̗Ḷ͙͎̯̹̞͓G̻O̭̗̮'

ExecutedAction [58]: 
 @Action ConcreteID = AC660dje802200077880 AbstractID = AA660dje802200077880
 ConcreteID CUSTOM = ConcreteID CUSTOM not available AbstractID CUSTOM = AA70a7cm804256541183
 @State ConcreteID = SCnbftlc13ba2234066795 AbstractID = SRvcu1zq12d735348606
 ConcreteID CUSTOM = SCh7hwie13ac3798214218 AbstractID CUSTOM = SA1haj4kl139b372747844

	ROLE = LeftClickAt
	TARGET =
		WIDGET = WCkh84o9243333389591, WR88rmk0b1934231702, WT88rmk0b1934231702, WP1bocjuf201538219083
		ROLE = UIACheckBox
		TITLE = 
		SHAPE = Rect [x:391.0 y:809.0 w:31.0 h:30.0]
		CHILDREN = 0
		PATH = [0, 0, 0, 0, 1, 0, 0]
	DESCRIPTION = Left Click at ''
	TEXT = Compound Action =
		Move mouse to (406.5, 824.0).
		Press Mouse Button BUTTON1
		Release Mouse Button BUTTON1

ExecutedAction [59]: 
 @Action ConcreteID = AClb1o2ue62348821342 AbstractID = AAj6iclrd53456167849
 ConcreteID CUSTOM = ConcreteID CUSTOM not available AbstractID CUSTOM = AAokkrc9d53469850234
 @State ConcreteID = SCiby9pe16724142200337 AbstractID = SR1fwiqz51567775070767
 ConcreteID CUSTOM = SCkdoosw166c717600953 AbstractID CUSTOM = SA4srnpc166a3464851360

	ROLE = ClickTypeInto
	TARGET =
		WIDGET = WCtt3pn666703531622, WR4n0dlj72701565195, WT1i5uxii3b3711751238, WPxpppeo621301861
		ROLE = UIAEdit
		TITLE = 0><script>\x00javascript:alert1)</script> 0 matches.
		SHAPE = Rect [x:391.0 y:352.0 w:169.0 h:21.0]
		CHILDREN = 1
		PATH = [0, 0, 0, 0, 0, 1, 0, 0, 0, 1, 0, 0, 0]
	DESCRIPTION = Type '__ﾛ(,_,*)' into '0><script>\x00javascript:alert1)</script> 0 matches.
	TEXT = Compound Action =
		Compound Action =
		Move mouse to (475.5, 362.5).
		Press Mouse Button BUTTON1
		Release Mouse Button BUTTON1
		Press Key 17
		Press Key 65
		Release Key 65
		Release Key 17
		Type text '__ﾛ(,_,*)'

ExecutedAction [60]: 
 @Action ConcreteID = AC1j0yemn1241949161337 AbstractID = AA1qdnu6dd53870818120
 ConcreteID CUSTOM = ConcreteID CUSTOM not available AbstractID CUSTOM = AA1spal7zd53658429329
 @State ConcreteID = SCrvohvm16744048184038 AbstractID = SR1fwiqz51567775070767
 ConcreteID CUSTOM = SC19q0wn3166f132679416 AbstractID CUSTOM = SA4srnpc166a3464851360

	ROLE = ClickTypeInto
	TARGET =
		WIDGET = WC1as67rs1767163870, WR4n0dlj72701565195, WT4n0dlj72701565195, WPskqll6131280528131
		ROLE = UIAEdit
		TITLE = 
		SHAPE = Rect [x:391.0 y:282.0 w:698.0 h:33.0]
		CHILDREN = 0
		PATH = [0, 0, 0, 3]
	DESCRIPTION = Type '<a href="\x01jav...' into '
	TEXT = Compound Action =
		Compound Action =
		Move mouse to (740.0, 298.5).
		Press Mouse Button BUTTON1
		Release Mouse Button BUTTON1
		Press Key 17
		Press Key 65
		Release Key 65
		Release Key 17
		Type text '<a href="\x01javascript:javascript:alert(1)" id="fuzzelement1">test</a>'

ExecutedAction [61]: 
 @Action ConcreteID = ACbj1822803216455351 AbstractID = AAbj1822803216455351
 ConcreteID CUSTOM = ConcreteID CUSTOM not available AbstractID CUSTOM = AAonq06880491618939
 @State ConcreteID = SCrvohvm16744048184038 AbstractID = SR1fwiqz51567775070767
 ConcreteID CUSTOM = SC19q0wn3166f132679416 AbstractID CUSTOM = SA4srnpc166a3464851360

	ROLE = LeftClickAt
	TARGET =
		WIDGET = WCkh84o9243333389591, WR88rmk0b1934231702, WT88rmk0b1934231702, WP1bocjuf201538219083
		ROLE = UIACheckBox
		TITLE = 
		SHAPE = Rect [x:391.0 y:809.0 w:31.0 h:30.0]
		CHILDREN = 0
		PATH = [0, 0, 0, 0, 1, 0, 0]
	DESCRIPTION = Left Click at ''
	TEXT = Compound Action =
		Move mouse to (406.5, 824.0).
		Press Mouse Button BUTTON1
		Release Mouse Button BUTTON1

ExecutedAction [62]: 
 @Action ConcreteID = AC1cdu08ne2302240442 AbstractID = AA1j9vnt5d4833300319
 ConcreteID CUSTOM = ConcreteID CUSTOM not available AbstractID CUSTOM = AA1c57p09d52980279111
 @State ConcreteID = SCd2yifk13bc847103548 AbstractID = SRvcu1zq12d735348606
 ConcreteID CUSTOM = SCsamxuv13af854594631 AbstractID CUSTOM = SA1haj4kl139b372747844

	ROLE = ClickTypeInto
	TARGET =
		WIDGET = WC1as67rs1767163870, WR4n0dlj72701565195, WT4n0dlj72701565195, WPskqll6131280528131
		ROLE = UIAEdit
		TITLE = 
		SHAPE = Rect [x:391.0 y:282.0 w:698.0 h:33.0]
		CHILDREN = 0
		PATH = [0, 0, 0, 3]
	DESCRIPTION = Type '-1#IND' into '
	TEXT = Compound Action =
		Compound Action =
		Move mouse to (740.0, 298.5).
		Press Mouse Button BUTTON1
		Release Mouse Button BUTTON1
		Press Key 17
		Press Key 65
		Release Key 65
		Release Key 17
		Type text '-1#IND'

ExecutedAction [63]: 
 @Action ConcreteID = AC1pkg1w0811973498955 AbstractID = AA1pkg1w0811973498955
 ConcreteID CUSTOM = ConcreteID CUSTOM not available AbstractID CUSTOM = AA1danit1804187939141
 @State ConcreteID = SC1iwsf1h13bc3661617678 AbstractID = SRvcu1zq12d735348606
 ConcreteID CUSTOM = SCsl3nti13af4216324653 AbstractID CUSTOM = SA1haj4kl139b372747844

	ROLE = LeftClickAt
	TARGET =
		WIDGET = WCoku33m32940728805, WR4na8ob72534219213, WT4na8ob72534219213, WPgwkikg2e166060183
		ROLE = UIATree
		TITLE = 
		SHAPE = Rect [x:391.0 y:378.0 w:169.0 h:390.0]
		CHILDREN = 0
		PATH = [0, 0, 0, 0, 0, 1, 0, 0, 0, 1, 0, 1, 0]
	DESCRIPTION = Left Click at ''
	TEXT = Compound Action =
		Move mouse to (475.5, 573.0).
		Press Mouse Button BUTTON1
		Release Mouse Button BUTTON1

ExecutedAction [64]: 
 @Action ConcreteID = AC1pkg1w0811973498955 AbstractID = AA1pkg1w0811973498955
 ConcreteID CUSTOM = ConcreteID CUSTOM not available AbstractID CUSTOM = AA1danit1804187939141
 @State ConcreteID = SC1iwsf1h13bc3661617678 AbstractID = SRvcu1zq12d735348606
 ConcreteID CUSTOM = SCsl3nti13af4216324653 AbstractID CUSTOM = SA1haj4kl139b372747844

	ROLE = LeftClickAt
	TARGET =
		WIDGET = WCoku33m32940728805, WR4na8ob72534219213, WT4na8ob72534219213, WPgwkikg2e166060183
		ROLE = UIATree
		TITLE = 
		SHAPE = Rect [x:391.0 y:378.0 w:169.0 h:390.0]
		CHILDREN = 0
		PATH = [0, 0, 0, 0, 0, 1, 0, 0, 0, 1, 0, 1, 0]
	DESCRIPTION = Left Click at ''
	TEXT = Compound Action =
		Move mouse to (475.5, 573.0).
		Press Mouse Button BUTTON1
		Release Mouse Button BUTTON1

ExecutedAction [65]: 
 @Action ConcreteID = ACja2qfl811904901361 AbstractID = AAja2qfl811904901361
 ConcreteID CUSTOM = ConcreteID CUSTOM not available AbstractID CUSTOM = AA70a7cm804256541183
 @State ConcreteID = SC1iwsf1h13bc3661617678 AbstractID = SRvcu1zq12d735348606
 ConcreteID CUSTOM = SCsl3nti13af4216324653 AbstractID CUSTOM = SA1haj4kl139b372747844

	ROLE = LeftClickAt
	TARGET =
		WIDGET = WCkh84o9243333389591, WR88rmk0b1934231702, WT88rmk0b1934231702, WP1bocjuf201538219083
		ROLE = UIACheckBox
		TITLE = 
		SHAPE = Rect [x:391.0 y:809.0 w:31.0 h:30.0]
		CHILDREN = 0
		PATH = [0, 0, 0, 0, 1, 0, 0]
	DESCRIPTION = Left Click at ''
	TEXT = Compound Action =
		Move mouse to (406.5, 824.0).
		Press Mouse Button BUTTON1
		Release Mouse Button BUTTON1

ExecutedAction [66]: 
 @Action ConcreteID = AC1lpkeqd10b1182437794 AbstractID = AA18mzykd782648094
 ConcreteID CUSTOM = ConcreteID CUSTOM not available AbstractID CUSTOM = AA1o72dhvd63649161748
 @State ConcreteID = SC1tmf36c16742099111109 AbstractID = SR1fwiqz51567775070767
 ConcreteID CUSTOM = SC1pnbah71670706604970 AbstractID CUSTOM = SA4srnpc166a3464851360

	ROLE = ClickTypeInto
	TARGET =
		WIDGET = WC14uxdor47218828238, WR4n9zi27465102038, WTgh2hxm1c3882395291, WP1xkifa1433193161258
		ROLE = UIAText
		TITLE = Running and Debugging
		SHAPE = Rect [x:1197.0 y:461.0 w:131.0 h:15.0]
		CHILDREN = 0
		PATH = [0, 0, 4, 2, 0, 0, 2, 0, 0, 0, 1, 0, 0]
	DESCRIPTION = Type '"`'><script>\x7E...' into 'Running and Debugging
	TEXT = Compound Action =
		Compound Action =
		Move mouse to (1262.5, 468.5).
		Press Mouse Button BUTTON1
		Release Mouse Button BUTTON1
		Press Key 17
		Press Key 65
		Release Key 65
		Release Key 17
		Type text '"`'><script>\x7Ejavascript:alert(1)</script>'

ExecutedAction [67]: 
 @Action ConcreteID = AC162n88ea11998499341 AbstractID = AA162n88ea11998499341
 ConcreteID CUSTOM = ConcreteID CUSTOM not available AbstractID CUSTOM = AAwde4k1a13267973576
 @State ConcreteID = SC12sc5r01706351997626 AbstractID = SRtmw29d15f62324936987
 ConcreteID CUSTOM = SC1p2ksza17003126016388 AbstractID CUSTOM = SA1n32wsb16ef313376099

	ROLE = LeftDrag
	DESCRIPTION = Drag (1390.0, 384.0) To (1390.0, 592.5)
	TEXT = Compound Action =
		Move mouse to (1390.0, 384.0).
		Press Mouse Button BUTTON1
		Move mouse to (1390.0, 592.5).
		Release Mouse Button BUTTON1

ExecutedAction [68]: 
 @Action ConcreteID = AC16dgqd3822898936091 AbstractID = AA16dgqd3822898936091
 ConcreteID CUSTOM = ConcreteID CUSTOM not available AbstractID CUSTOM = AA1osvmk812016686825
 @State ConcreteID = SC1dncs2518a53662833803 AbstractID = SR7lo2zd17893392764475
 ConcreteID CUSTOM = SC1o6uioh18aa4124478562 AbstractID CUSTOM = SA8lbhdd189d2069942893

	ROLE = LeftClickAt
	TARGET =
		WIDGET = WC14a7vk14d4088296831, WR1ca707tc1438424989, WT1ccue9v1e2621097375, WPz1xt1r49166401405
		ROLE = UIAHyperLink
		TITLE = Preparing to debug
		SHAPE = Rect [x:1179.0 y:627.0 w:122.0 h:19.0]
		CHILDREN = 1
		PATH = [0, 0, 4, 2, 0, 0, 1, 0, 0, 0, 0, 0, 0, 10]
	DESCRIPTION = Left Click at 'Preparing to debug'
	TEXT = Compound Action =
		Move mouse to (1240.0, 636.5).
		Press Mouse Button BUTTON1
		Release Mouse Button BUTTON1

ExecutedAction [69]: 
 @Action ConcreteID = AC1qo3sou813331895247 AbstractID = AA1qo3sou813331895247
 ConcreteID CUSTOM = ConcreteID CUSTOM not available AbstractID CUSTOM = AA124lmjf823598576297
 @State ConcreteID = SC10viz5l176c849828916 AbstractID = SR1jhsju216542204095521
 ConcreteID CUSTOM = SC4fri71175e579210296 AbstractID CUSTOM = SA1feej1b17573082172146

	ROLE = LeftClickAt
	TARGET =
		WIDGET = WC1wf6x592d4144046307, WR1h6ibpb92248851252, WT1k0epja1a503128032, WPea4vx7292381464437
		ROLE = UIAButton
		TITLE = Bookmark document
		SHAPE = Rect [x:1275.0 y:249.0 w:23.0 h:22.0]
		CHILDREN = 0
		PATH = [0, 0, 4, 0, 3]
	DESCRIPTION = Left Click at 'Bookmark document'
	TEXT = Compound Action =
		Move mouse to (1286.5, 260.0).
		Press Mouse Button BUTTON1
		Release Mouse Button BUTTON1

ExecutedAction [70]: 
 @Action ConcreteID = AC1oytoc0a12811335081 AbstractID = AA1oytoc0a12811335081
 ConcreteID CUSTOM = ConcreteID CUSTOM not available AbstractID CUSTOM = AAmbl13ha2416813893
 @State ConcreteID = SC10viz5l176c849828916 AbstractID = SR1jhsju216542204095521
 ConcreteID CUSTOM = SC4fri71175e579210296 AbstractID CUSTOM = SA1feej1b17573082172146

	ROLE = LeftDrag
	DESCRIPTION = Drag (1390.0, 384.0) To (1390.0, 804.0)
	TEXT = Compound Action =
		Move mouse to (1390.0, 384.0).
		Press Mouse Button BUTTON1
		Move mouse to (1390.0, 804.0).
		Release Mouse Button BUTTON1

ExecutedAction [71]: 
 @Action ConcreteID = AC23i8tc82954270526 AbstractID = AA23i8tc82954270526
 ConcreteID CUSTOM = ConcreteID CUSTOM not available AbstractID CUSTOM = AAzi0sup823176873067
 @State ConcreteID = SC19cg1sy17e53016940498 AbstractID = SR1qxon6q16c82703847816
 ConcreteID CUSTOM = SC1a3a3ls17e3777799065 AbstractID CUSTOM = SA1o51kzn17cd1004481150

	ROLE = LeftClickAt
	TARGET =
		WIDGET = WC12qtkzs332802996869, WR1h6ibpb92248851252, WT19ol5bi201271121736, WP5h7c2e2f384579118
		ROLE = UIAButton
		TITLE = Show in external window
		SHAPE = Rect [x:1206.0 y:249.0 w:23.0 h:22.0]
		CHILDREN = 0
		PATH = [0, 0, 4, 0, 0]
	DESCRIPTION = Left Click at 'Show in external window'
	TEXT = Compound Action =
		Move mouse to (1217.5, 260.0).
		Press Mouse Button BUTTON1
		Release Mouse Button BUTTON1

ExecutedAction [72]: 
 @Action ConcreteID = AC1lwdgdw824137194017 AbstractID = AA1lwdgdw824137194017
 ConcreteID CUSTOM = ConcreteID CUSTOM not available AbstractID CUSTOM = AAk9ryg5821931652468
 @State ConcreteID = SC19cg1sy17e53016940498 AbstractID = SR1qxon6q16c82703847816
 ConcreteID CUSTOM = SC1a3a3ls17e3777799065 AbstractID CUSTOM = SA1o51kzn17cd1004481150

	ROLE = LeftClickAt
	TARGET =
		WIDGET = WCt7sp1f492960922160, WR1ca707tc1438424989, WT1fqubmo1b1997128821, WP19t0hh451578646902
		ROLE = UIAHyperLink
		TITLE = Local debugging
		SHAPE = Rect [x:1179.0 y:590.0 w:108.0 h:18.0]
		CHILDREN = 1
		PATH = [0, 0, 4, 2, 0, 0, 1, 0, 0, 0, 0, 0, 0, 4]
	DESCRIPTION = Left Click at 'Local debugging'
	TEXT = Compound Action =
		Move mouse to (1233.0, 599.0).
		Press Mouse Button BUTTON1
		Release Mouse Button BUTTON1

ExecutedAction [73]: 
 @Action ConcreteID = AC19gomds813602877665 AbstractID = AA19gomds813602877665
 ConcreteID CUSTOM = ConcreteID CUSTOM not available AbstractID CUSTOM = AAzt38oh81307825536
 @State ConcreteID = SC1gk1j8530b23812478599 AbstractID = SR1f57esj2ddb1352642035
 ConcreteID CUSTOM = SC1k82vc530ab1055430448 AbstractID CUSTOM = SA1234rol30994250398590

	ROLE = LeftClickAt
	TARGET =
		WIDGET = WCivfses6a3091688617, WR5quxi6b4097176690, WT1odp5t2202731111336, WPdgeefa661424856692
		ROLE = UIATreeItem
		TITLE = Running and Debugging
		SHAPE = Rect [x:322.0 y:578.0 w:152.0 h:16.0]
		CHILDREN = 2
		PATH = [1, 0, 0, 0, 0, 0, 0, 0, 1, 0, 0, 0, 0, 0, 0, 0, 1, 0, 0, 0, 4, 7, 13]
	DESCRIPTION = Left Click at 'Running and Debugging'
	TEXT = Compound Action =
		Move mouse to (398.0, 586.0).
		Press Mouse Button BUTTON1
		Release Mouse Button BUTTON1

ExecutedAction [74]: 
 @Action ConcreteID = ACr07yay801825380328 AbstractID = AAr07yay801825380328
 ConcreteID CUSTOM = ConcreteID CUSTOM not available AbstractID CUSTOM = AA6s3jw1801220950178
 @State ConcreteID = SCljgbwg320c2312121068 AbstractID = SR1ntnjt12f333545035984
 ConcreteID CUSTOM = SC9bwdr9321f1246839109 AbstractID CUSTOM = SA86e6br32022998284693

	ROLE = LeftClickAt
	TARGET =
		WIDGET = WC2bcqby3c5328659, WRceq816b3820106996, WTceq816b3820106996, WP1df800s381004891486
		ROLE = UIADataItem
		TITLE = 
		SHAPE = Rect [x:320.0 y:291.0 w:192.0 h:18.0]
		CHILDREN = 1
		PATH = [1, 0, 0, 0, 0, 0, 0, 0, 0, 0, 0, 0, 0, 0, 1]
	DESCRIPTION = Left Click at ''
	TEXT = Compound Action =
		Move mouse to (416.0, 300.0).
		Press Mouse Button BUTTON1
		Release Mouse Button BUTTON1

ExecutedAction [75]: 
 @Action ConcreteID = AC50wb3k801011850615 AbstractID = AA50wb3k801011850615
 ConcreteID CUSTOM = ConcreteID CUSTOM not available AbstractID CUSTOM = AA1rtcwmp803834622704
 @State ConcreteID = SC1u3ksiw320d202186404 AbstractID = SR1ntnjt12f333545035984
 ConcreteID CUSTOM = SC5pl1qn32203070512721 AbstractID CUSTOM = SA86e6br32022998284693

	ROLE = LeftClickAt
	TARGET =
		WIDGET = WCfq5omt451265943328, WR1ca707tc1438424989, WT1novpcq14409147519, WPqp43ib412708758068
		ROLE = UIAHyperLink
		TITLE = Debugger
		SHAPE = Rect [x:746.0 y:569.0 w:63.0 h:18.0]
		CHILDREN = 1
		PATH = [1, 0, 0, 0, 0, 0, 0, 0, 1, 0, 1, 0, 1, 0, 7]
	DESCRIPTION = Left Click at 'Debugger'
	TEXT = Compound Action =
		Move mouse to (777.5, 578.0).
		Press Mouse Button BUTTON1
		Release Mouse Button BUTTON1

ExecutedAction [76]: 
 @Action ConcreteID = ACvij6nv813805898020 AbstractID = AAvij6nv813805898020
 ConcreteID CUSTOM = ConcreteID CUSTOM not available AbstractID CUSTOM = AAzr23by822300527270
 @State ConcreteID = SCsnamj3310f1096020496 AbstractID = SRvobo412e3a2537023199
 ConcreteID CUSTOM = SCoqjgly311f3225572624 AbstractID CUSTOM = SA1tfiout30ef2463976452

	ROLE = LeftClickAt
	TARGET =
		WIDGET = WCsy9d2843393682401, WR1ca707tc1438424989, WT1ca707tc1438424989, WPcfvi263f3411091774
		ROLE = UIAHyperLink
		TITLE = 
		SHAPE = Rect [x:435.0 y:1112.0 w:16.0 h:16.0]
		CHILDREN = 1
		PATH = [1, 0, 0, 0, 0, 0, 0, 0, 1, 0, 0, 0, 1, 0, 0, 2, 0]
	DESCRIPTION = Left Click at ''
	TEXT = Compound Action =
		Move mouse to (443.0, 1120.0).
		Press Mouse Button BUTTON1
		Release Mouse Button BUTTON1

ExecutedAction [77]: 
 @Action ConcreteID = AC15hv7pl813863088471 AbstractID = AA15hv7pl813863088471
 ConcreteID CUSTOM = ConcreteID CUSTOM not available AbstractID CUSTOM = AA8ptlmr801004230492
 @State ConcreteID = SC13zgyde2c741828050936 AbstractID = SRmu0w5r29e43366137126
 ConcreteID CUSTOM = SCir9mh62c7a3336807807 AbstractID CUSTOM = SA1laehw2c622072185063

	ROLE = LeftClickAt
	TARGET =
		WIDGET = WC1m03gev623627132809, WR5quxi6b4097176690, WT17yq8te1e2699347445, WP1ylte155e1452236593
		ROLE = UIATreeItem
		TITLE = dependent artifacts
		SHAPE = Rect [x:273.0 y:630.0 w:112.0 h:16.0]
		CHILDREN = 1
		PATH = [1, 0, 0, 0, 0, 0, 0, 0, 1, 0, 0, 0, 0, 0, 0, 0, 1, 0, 1, 0, 10]
	DESCRIPTION = Left Click at 'dependent artifacts'
	TEXT = Compound Action =
		Move mouse to (329.0, 638.0).
		Press Mouse Button BUTTON1
		Release Mouse Button BUTTON1

ExecutedAction [78]: 
 @Action ConcreteID = AC1c74q2x812876570035 AbstractID = AA1c74q2x812876570035
 ConcreteID CUSTOM = ConcreteID CUSTOM not available AbstractID CUSTOM = AAff3403801995285432
 @State ConcreteID = SC13zgyde2c741828050936 AbstractID = SRmu0w5r29e43366137126
 ConcreteID CUSTOM = SCir9mh62c7a3336807807 AbstractID CUSTOM = SA1laehw2c622072185063

	ROLE = LeftClickAt
	TARGET =
		WIDGET = WC12cxpde5a2225609498, WR5quxi6b4097176690, WT1altz2v132691621941, WP1c8bl3456777757966
		ROLE = UIATreeItem
		TITLE = creating
		SHAPE = Rect [x:291.0 y:817.0 w:45.0 h:16.0]
		CHILDREN = 1
		PATH = [1, 0, 0, 0, 0, 0, 0, 0, 1, 0, 0, 0, 0, 0, 0, 0, 1, 0, 1, 0, 21, 0]
	DESCRIPTION = Left Click at 'creating'
	TEXT = Compound Action =
		Move mouse to (313.5, 825.0).
		Press Mouse Button BUTTON1
		Release Mouse Button BUTTON1

ExecutedAction [79]: 
 @Action ConcreteID = AC1wu8fbd801358390872 AbstractID = AA1wu8fbd801358390872
 ConcreteID CUSTOM = ConcreteID CUSTOM not available AbstractID CUSTOM = AAemqbor812050861679
 @State ConcreteID = SCm08eti2cc52142434681 AbstractID = SR1a868pw2a12603736455
 ConcreteID CUSTOM = SC18cqhmu2cc7923269608 AbstractID CUSTOM = SA1aeyx4n2cb71419266013

	ROLE = LeftClickAt
	TARGET =
		WIDGET = WC1xwn5ey604058422435, WR5quxi6b4097176690, WTbtyuiw1d926488260, WPsw2ovs5c2657472656
		ROLE = UIATreeItem
		TITLE = character encoding
		SHAPE = Rect [x:273.0 y:478.0 w:110.0 h:16.0]
		CHILDREN = 1
		PATH = [1, 0, 0, 0, 0, 0, 0, 0, 1, 0, 0, 0, 0, 0, 0, 0, 1, 0, 1, 0, 4]
	DESCRIPTION = Left Click at 'character encoding'
	TEXT = Compound Action =
		Move mouse to (328.0, 486.0).
		Press Mouse Button BUTTON1
		Release Mouse Button BUTTON1

Forcing SUT activation (bring to foreground) action
ExecutedAction [80]: 
 @Action ConcreteID = AC5sbo4c392488064311 AbstractID = AA5sbo4c392488064311
 ConcreteID CUSTOM = ConcreteID CUSTOM not available AbstractID CUSTOM = AAqr5pfe3a3102769307
 @State ConcreteID = SCm08eti2cc52142434681 AbstractID = SR1a868pw2a12603736455
 ConcreteID CUSTOM = SC18cqhmu2cc7923269608 AbstractID CUSTOM = SA1aeyx4n2cb71419266013

	DESCRIPTION = Bring the system to the foreground.
	TEXT = Bring the system to the foreground.

Forcing SUT activation (bring to foreground) action
ExecutedAction [81]: 
 @Action ConcreteID = AC5sbo4c392488064311 AbstractID = AA5sbo4c392488064311
 ConcreteID CUSTOM = ConcreteID CUSTOM not available AbstractID CUSTOM = AAqr5pfe3a3102769307
 @State ConcreteID = SCm08eti2cc52142434681 AbstractID = SR1a868pw2a12603736455
 ConcreteID CUSTOM = SC18cqhmu2cc7923269608 AbstractID CUSTOM = SA1aeyx4n2cb71419266013

	DESCRIPTION = Bring the system to the foreground.
	TEXT = Bring the system to the foreground.

ExecutedAction [82]: 
 @Action ConcreteID = AC1i78vi802250061427 AbstractID = AA1i78vi802250061427
 ConcreteID CUSTOM = ConcreteID CUSTOM not available AbstractID CUSTOM = AAibt780812899835460
 @State ConcreteID = SCm08eti2cc52142434681 AbstractID = SR1a868pw2a12603736455
 ConcreteID CUSTOM = SC18cqhmu2cc7923269608 AbstractID CUSTOM = SA1aeyx4n2cb71419266013

	ROLE = LeftClickAt
	TARGET =
		WIDGET = WCg8wsn46744136796, WR1ca707tc1438424989, WT1t5u3z3123271931671, WPg431fd421836089647
		ROLE = UIAHyperLink
		TITLE = Scope:
		SHAPE = Rect [x:530.0 y:292.0 w:50.0 h:16.0]
		CHILDREN = 1
		PATH = [1, 0, 0, 0, 0, 0, 0, 0, 0, 0, 0, 0, 0, 0, 3, 0]
	DESCRIPTION = Left Click at 'Scope:'
	TEXT = Compound Action =
		Move mouse to (555.0, 300.0).
		Press Mouse Button BUTTON1
		Release Mouse Button BUTTON1

ExecutedAction [83]: 
 @Action ConcreteID = ACojg3507f3187444311 AbstractID = AAojg3507f3187444311
 ConcreteID CUSTOM = ConcreteID CUSTOM not available AbstractID CUSTOM = AAupj90t81479656590
 @State ConcreteID = SCcii9oe2f94408601194 AbstractID = SR1yiun5g2cc11466430428
 ConcreteID CUSTOM = SC1ywft2o2f8f2976581869 AbstractID CUSTOM = SA1rxwj712f862221990877

	ROLE = LeftClickAt
	TARGET =
		WIDGET = WCcumb4d553610394715, WRa3fnoge3263686876, WT1xcfht32d2183240952, WP168oyin511453407184
		ROLE = UIARadioButton
		TITLE = Show only the following topics:
		SHAPE = Rect [x:914.0 y:130.0 w:13.0 h:13.0]
		CHILDREN = 0
		PATH = [1, 0, 0, 0, 0, 0, 0, 0, 0, 0, 1, 0]
	DESCRIPTION = Left Click at 'Show only the following topics:'
	TEXT = Compound Action =
		Move mouse to (920.5, 136.5).
		Press Mouse Button BUTTON1
		Release Mouse Button BUTTON1

ExecutedAction [84]: 
 @Action ConcreteID = AC1r2ll4t7f2827096835 AbstractID = AA1r2ll4t7f2827096835
 ConcreteID CUSTOM = ConcreteID CUSTOM not available AbstractID CUSTOM = AAypoaxb811240959020
 @State ConcreteID = SC1ndyeca2f931798778 AbstractID = SR1yiun5g2cc11466430428
 ConcreteID CUSTOM = SC1ywft2o2f8f2976581869 AbstractID CUSTOM = SAtl8qx52f851774201830

	ROLE = LeftClickAt
	TARGET =
		WIDGET = WC6b0gpd36358011896, WRceq816b3820106996, WTceq816b3820106996, WPv5y4f3324037585322
		ROLE = UIADataItem
		TITLE = 
		SHAPE = Rect [x:1138.0 y:375.0 w:70.0 h:34.0]
		CHILDREN = 1
		PATH = [1, 0, 0, 0, 0, 0, 0, 0, 0, 3, 0, 0, 1]
	DESCRIPTION = Left Click at ''
	TEXT = Compound Action =
		Move mouse to (1173.0, 392.0).
		Press Mouse Button BUTTON1
		Release Mouse Button BUTTON1

ExecutedAction [85]: 
 @Action ConcreteID = AC1urk1x881743364431 AbstractID = AA1urk1x881743364431
 ConcreteID CUSTOM = ConcreteID CUSTOM not available AbstractID CUSTOM = AAy9wzq9822066870375
 @State ConcreteID = SCepe8tp2cc42937743896 AbstractID = SR1a868pw2a12603736455
 ConcreteID CUSTOM = SCp9mutq2cc72392397780 AbstractID CUSTOM = SA1aeyx4n2cb71419266013

	ROLE = LeftClickAt
	TARGET =
		WIDGET = WCu4kpdy384149904262, WR4n4ygb71694219017, WT4n4ygb71694219017, WP1pb8g5w342186195094
		ROLE = UIAList
		TITLE = 
		SHAPE = Rect [x:746.0 y:540.0 w:1096.0 h:147.0]
		CHILDREN = 7
		PATH = [1, 0, 0, 0, 0, 0, 0, 0, 1, 0, 1, 0, 1, 0, 5]
	DESCRIPTION = Left Click at ''
	TEXT = Compound Action =
		Move mouse to (1294.0, 613.5).
		Press Mouse Button BUTTON1
		Release Mouse Button BUTTON1

ExecutedAction [86]: 
 @Action ConcreteID = AC1j200ei803798392672 AbstractID = AA1j200ei803798392672
 ConcreteID CUSTOM = ConcreteID CUSTOM not available AbstractID CUSTOM = AA1i09pvp814126462484
 @State ConcreteID = SCepe8tp2cc42937743896 AbstractID = SR1a868pw2a12603736455
 ConcreteID CUSTOM = SCp9mutq2cc72392397780 AbstractID CUSTOM = SA1aeyx4n2cb71419266013

	ROLE = LeftClickAt
	TARGET =
		WIDGET = WC182s3hh594084307203, WR5quxi6b4097176690, WTp9m8pj131887713567, WP1srnpjr553058636465
		ROLE = UIATreeItem
		TITLE = overview
		SHAPE = Rect [x:291.0 y:563.0 w:49.0 h:16.0]
		CHILDREN = 1
		PATH = [1, 0, 0, 0, 0, 0, 0, 0, 1, 0, 0, 0, 0, 0, 0, 0, 1, 0, 1, 0, 7, 1]
	DESCRIPTION = Left Click at 'overview'
	TEXT = Compound Action =
		Move mouse to (315.5, 571.0).
		Press Mouse Button BUTTON1
		Release Mouse Button BUTTON1

ExecutedAction [87]: 
 @Action ConcreteID = ACquaogq80329321711 AbstractID = AAquaogq80329321711
 ConcreteID CUSTOM = ConcreteID CUSTOM not available AbstractID CUSTOM = AAtbnob1812727448040
 @State ConcreteID = SCtxjfts2d3e2271431897 AbstractID = SR1r04e7z2a771764668615
 ConcreteID CUSTOM = SCj4psd22d491382488670 AbstractID CUSTOM = SA1drw8no2d341296831314

	ROLE = LeftClickAt
	TARGET =
		WIDGET = WC1x9jgaq5e2673446405, WR5quxi6b4097176690, WTjkz939172800190593, WP19kdxqo5a3115978149
		ROLE = UIATreeItem
		TITLE = editor icons
		SHAPE = Rect [x:291.0 y:851.0 w:64.0 h:16.0]
		CHILDREN = 1
		PATH = [1, 0, 0, 0, 0, 0, 0, 0, 1, 0, 0, 0, 0, 0, 0, 0, 1, 0, 1, 0, 21, 2]
	DESCRIPTION = Left Click at 'editor icons'
	TEXT = Compound Action =
		Move mouse to (323.0, 859.0).
		Press Mouse Button BUTTON1
		Release Mouse Button BUTTON1

ExecutedAction [88]: 
 @Action ConcreteID = ACizlsp9a13785955525 AbstractID = AAizlsp9a13785955525
 ConcreteID CUSTOM = ConcreteID CUSTOM not available AbstractID CUSTOM = AA13o7ia6a21264996045
 @State ConcreteID = SC8otvny2d4c2651136102 AbstractID = SR1ptn0lc2aaa4218161469
 ConcreteID CUSTOM = SCxka0r42d5a3284371997 AbstractID CUSTOM = SA1x9qc8j2d3a3292827110

	ROLE = LeftDrag
	DESCRIPTION = Drag (1390.0, 785.0) To (1390.0, 371.0)
	TEXT = Compound Action =
		Move mouse to (1390.0, 785.0).
		Press Mouse Button BUTTON1
		Move mouse to (1390.0, 371.0).
		Release Mouse Button BUTTON1

ExecutedAction [89]: 
 @Action ConcreteID = ACxfiz4x801456447381 AbstractID = AAxfiz4x801456447381
 ConcreteID CUSTOM = ConcreteID CUSTOM not available AbstractID CUSTOM = AAs2mysu81389601303
 @State ConcreteID = SC8xfoxw2d4d1489198624 AbstractID = SR1ptn0lc2aaa4218161469
 ConcreteID CUSTOM = SCs2ilzd2d5a3276803596 AbstractID CUSTOM = SA1x9qc8j2d3a3292827110

	ROLE = LeftClickAt
	TARGET =
		WIDGET = WCeqs0d4633955697291, WR5quxi6b4097176690, WTu7fk9x1f3754154760, WPkm86a25f3462014024
		ROLE = UIATreeItem
		TITLE = DOCTYPE declarations
		SHAPE = Rect [x:273.0 y:664.0 w:128.0 h:16.0]
		CHILDREN = 1
		PATH = [1, 0, 0, 0, 0, 0, 0, 0, 1, 0, 0, 0, 0, 0, 0, 0, 1, 0, 1, 0, 12]
	DESCRIPTION = Left Click at 'DOCTYPE declarations'
	TEXT = Compound Action =
		Move mouse to (337.0, 672.0).
		Press Mouse Button BUTTON1
		Release Mouse Button BUTTON1

ExecutedAction [90]: 
 @Action ConcreteID = AC4tqjz3803809671047 AbstractID = AA4tqjz3803809671047
 ConcreteID CUSTOM = ConcreteID CUSTOM not available AbstractID CUSTOM = AA1yhylm4812732961797
 @State ConcreteID = SC8xfoxw2d4d1489198624 AbstractID = SR1ptn0lc2aaa4218161469
 ConcreteID CUSTOM = SCs2ilzd2d5a3276803596 AbstractID CUSTOM = SA1x9qc8j2d3a3292827110

	ROLE = LeftClickAt
	TARGET =
		WIDGET = WC3vmj1y531896374304, WR1h6ibpb92248851252, WT1gapiwz104133395096, WP19091g4f147543909
		ROLE = UIAButton
		TITLE = Display
		SHAPE = Rect [x:685.0 y:371.0 w:43.0 h:17.0]
		CHILDREN = 0
		PATH = [1, 0, 0, 0, 0, 0, 0, 0, 1, 0, 0, 0, 0, 0, 0, 0, 1, 0, 0, 2, 0]
	DESCRIPTION = Left Click at 'Display'
	TEXT = Compound Action =
		Move mouse to (706.5, 379.5).
		Press Mouse Button BUTTON1
		Release Mouse Button BUTTON1

ExecutedAction [91]: 
 @Action ConcreteID = ACarohk580855273565 AbstractID = AAarohk580855273565
 ConcreteID CUSTOM = ConcreteID CUSTOM not available AbstractID CUSTOM = AA5esh82811930246111
 @State ConcreteID = SC8xfoxw2d4d1489198624 AbstractID = SR1ptn0lc2aaa4218161469
 ConcreteID CUSTOM = SCs2ilzd2d5a3276803596 AbstractID CUSTOM = SA1x9qc8j2d3a3292827110

	ROLE = LeftClickAt
	TARGET =
		WIDGET = WCh1nbyd524129672752, WR5quxi6b4097176690, WT1w9padye1453505927, WP1tzhak74e138234764
		ROLE = UIATreeItem
		TITLE = DTD
		SHAPE = Rect [x:273.0 y:732.0 w:27.0 h:16.0]
		CHILDREN = 1
		PATH = [1, 0, 0, 0, 0, 0, 0, 0, 1, 0, 0, 0, 0, 0, 0, 0, 1, 0, 1, 0, 16]
	DESCRIPTION = Left Click at 'DTD'
	TEXT = Compound Action =
		Move mouse to (286.5, 740.0).
		Press Mouse Button BUTTON1
		Release Mouse Button BUTTON1

ExecutedAction [92]: 
 @Action ConcreteID = AC1os931k801936645685 AbstractID = AA1os931k801936645685
 ConcreteID CUSTOM = ConcreteID CUSTOM not available AbstractID CUSTOM = AA1jfd2ph81848927159
 @State ConcreteID = SC8xfoxw2d4d1489198624 AbstractID = SR1ptn0lc2aaa4218161469
 ConcreteID CUSTOM = SCs2ilzd2d5a3276803596 AbstractID CUSTOM = SA1x9qc8j2d3a3292827110

	ROLE = LeftClickAt
	TARGET =
		WIDGET = WC12cxpde5a2225609498, WR5quxi6b4097176690, WT1altz2v132691621941, WP1c8bl3456777757966
		ROLE = UIATreeItem
		TITLE = creating
		SHAPE = Rect [x:291.0 y:817.0 w:45.0 h:16.0]
		CHILDREN = 1
		PATH = [1, 0, 0, 0, 0, 0, 0, 0, 1, 0, 0, 0, 0, 0, 0, 0, 1, 0, 1, 0, 21, 0]
	DESCRIPTION = Left Click at 'creating'
	TEXT = Compound Action =
		Move mouse to (313.5, 825.0).
		Press Mouse Button BUTTON1
		Release Mouse Button BUTTON1

ExecutedAction [93]: 
 @Action ConcreteID = AC5kq8a5802758709338 AbstractID = AA5kq8a5802758709338
 ConcreteID CUSTOM = ConcreteID CUSTOM not available AbstractID CUSTOM = AA2r9j5f813060774534
 @State ConcreteID = SC1bxjvjj2cc4224925514 AbstractID = SR1a868pw2a12603736455
 ConcreteID CUSTOM = SC1556z3r2cc41767097080 AbstractID CUSTOM = SA1aeyx4n2cb71419266013

	ROLE = LeftClickAt
	TARGET =
		WIDGET = WC3ofqyj634203084914, WR5quxi6b4097176690, WT6eg2oi1d1344188842, WPvxq52l5f2863474431
		ROLE = UIATreeItem
		TITLE = keyboard shortcuts
		SHAPE = Rect [x:291.0 y:410.0 w:111.0 h:16.0]
		CHILDREN = 1
		PATH = [1, 0, 0, 0, 0, 0, 0, 0, 1, 0, 0, 0, 0, 0, 0, 0, 1, 0, 1, 0, 1, 0]
	DESCRIPTION = Left Click at 'keyboard shortcuts'
	TEXT = Compound Action =
		Move mouse to (346.5, 418.0).
		Press Mouse Button BUTTON1
		Release Mouse Button BUTTON1

ExecutedAction [94]: 
 @Action ConcreteID = AC110i4j9801821014613 AbstractID = AA110i4j9801821014613
 ConcreteID CUSTOM = ConcreteID CUSTOM not available AbstractID CUSTOM = AAy71fej812123062409
 @State ConcreteID = SC1bxjvjj2cc4224925514 AbstractID = SR1a868pw2a12603736455
 ConcreteID CUSTOM = SC1556z3r2cc41767097080 AbstractID CUSTOM = SA1aeyx4n2cb71419266013

	ROLE = LeftClickAt
	TARGET =
		WIDGET = WC11c6cj9561469314681, WR5quxi6b4097176690, WT4o9jus124193108904, WPmp5j6v523348174767
		ROLE = UIATreeItem
		TITLE = drawers
		SHAPE = Rect [x:273.0 y:698.0 w:47.0 h:16.0]
		CHILDREN = 1
		PATH = [1, 0, 0, 0, 0, 0, 0, 0, 1, 0, 0, 0, 0, 0, 0, 0, 1, 0, 1, 0, 14]
	DESCRIPTION = Left Click at 'drawers'
	TEXT = Compound Action =
		Move mouse to (296.5, 706.0).
		Press Mouse Button BUTTON1
		Release Mouse Button BUTTON1

ExecutedAction [95]: 
 @Action ConcreteID = ACtg8j63812414984096 AbstractID = AAtg8j63812414984096
 ConcreteID CUSTOM = ConcreteID CUSTOM not available AbstractID CUSTOM = AAd3yy2t828791161
 @State ConcreteID = SC1bxjvjj2cc4224925514 AbstractID = SR1a868pw2a12603736455
 ConcreteID CUSTOM = SC1556z3r2cc41767097080 AbstractID CUSTOM = SA1aeyx4n2cb71419266013

	ROLE = LeftClickAt
	TARGET =
		WIDGET = WCsobynm4b82481412, WRceq816b3820106996, WTceq816b3820106996, WP19c8w4k47470029476
		ROLE = UIADataItem
		TITLE = 
		SHAPE = Rect [x:502.0 y:1083.0 w:228.0 h:21.0]
		CHILDREN = 1
		PATH = [1, 0, 0, 0, 0, 0, 0, 0, 1, 0, 0, 0, 0, 0, 0, 0, 1, 0, 2, 1]
	DESCRIPTION = Left Click at ''
	TEXT = Compound Action =
		Move mouse to (616.0, 1093.5).
		Press Mouse Button BUTTON1
		Release Mouse Button BUTTON1

ExecutedAction [96]: 
 @Action ConcreteID = ACuzqg8s813347434951 AbstractID = AAuzqg8s813347434951
 ConcreteID CUSTOM = ConcreteID CUSTOM not available AbstractID CUSTOM = AA1j9un6i822131927556
 @State ConcreteID = SCm08eti2cc52142434681 AbstractID = SR1a868pw2a12603736455
 ConcreteID CUSTOM = SC18cqhmu2cc7923269608 AbstractID CUSTOM = SA1aeyx4n2cb71419266013

	ROLE = LeftClickAt
	TARGET =
		WIDGET = WC1k11wmb6d3618919119, WR52qhb2b3065858412, WToojd6e393767255708, WP1yva9jp693903063370
		ROLE = UIAListItem
		TITLE = Create a project to contain the DTD if needed.
		SHAPE = Rect [x:786.0 y:540.0 w:1056.0 h:19.0]
		CHILDREN = 1
		PATH = [1, 0, 0, 0, 0, 0, 0, 0, 1, 0, 1, 0, 1, 0, 5, 0]
	DESCRIPTION = Left Click at 'Create a project to contain the DTD if needed.'
	TEXT = Compound Action =
		Move mouse to (1314.0, 549.5).
		Press Mouse Button BUTTON1
		Release Mouse Button BUTTON1

ExecutedAction [97]: 
 @Action ConcreteID = AC1uxzx3e802211472768 AbstractID = AA1uxzx3e802211472768
 ConcreteID CUSTOM = ConcreteID CUSTOM not available AbstractID CUSTOM = AAcqhtgs812837096887
 @State ConcreteID = SCm08eti2cc52142434681 AbstractID = SR1a868pw2a12603736455
 ConcreteID CUSTOM = SC18cqhmu2cc7923269608 AbstractID CUSTOM = SA1aeyx4n2cb71419266013

	ROLE = LeftClickAt
	TARGET =
		WIDGET = WCeqs0d4633955697291, WR5quxi6b4097176690, WTu7fk9x1f3754154760, WPkm86a25f3462014024
		ROLE = UIATreeItem
		TITLE = DOCTYPE declarations
		SHAPE = Rect [x:273.0 y:664.0 w:128.0 h:16.0]
		CHILDREN = 1
		PATH = [1, 0, 0, 0, 0, 0, 0, 0, 1, 0, 0, 0, 0, 0, 0, 0, 1, 0, 1, 0, 12]
	DESCRIPTION = Left Click at 'DOCTYPE declarations'
	TEXT = Compound Action =
		Move mouse to (337.0, 672.0).
		Press Mouse Button BUTTON1
		Release Mouse Button BUTTON1

ExecutedAction [98]: 
 @Action ConcreteID = AC1rlmi1i813807955835 AbstractID = AA1rlmi1i813807955835
 ConcreteID CUSTOM = ConcreteID CUSTOM not available AbstractID CUSTOM = AAgumn04821517266104
 @State ConcreteID = SCm08eti2cc52142434681 AbstractID = SR1a868pw2a12603736455
 ConcreteID CUSTOM = SC18cqhmu2cc7923269608 AbstractID CUSTOM = SA1aeyx4n2cb71419266013

	ROLE = LeftClickAt
	TARGET =
		WIDGET = WC1wb7e9a3f3880657751, WRceq816b3820106996, WTceq816b3820106996, WPi0uvds3b4105309258
		ROLE = UIADataItem
		TITLE = 
		SHAPE = Rect [x:501.0 y:1109.0 w:1.0 h:21.0]
		CHILDREN = 0
		PATH = [1, 0, 0, 0, 0, 0, 0, 0, 1, 0, 0, 0, 1, 0, 0, 3]
	DESCRIPTION = Left Click at ''
	TEXT = Compound Action =
		Move mouse to (501.5, 1119.5).
		Press Mouse Button BUTTON1
		Release Mouse Button BUTTON1

ExecutedAction [99]: 
 @Action ConcreteID = AC116nrj7803745390115 AbstractID = AA116nrj7803745390115
 ConcreteID CUSTOM = ConcreteID CUSTOM not available AbstractID CUSTOM = AA1i09pvp814126462484
 @State ConcreteID = SCm08eti2cc52142434681 AbstractID = SR1a868pw2a12603736455
 ConcreteID CUSTOM = SC18cqhmu2cc7923269608 AbstractID CUSTOM = SA1aeyx4n2cb71419266013

	ROLE = LeftClickAt
	TARGET =
		WIDGET = WC182s3hh594084307203, WR5quxi6b4097176690, WTp9m8pj131887713567, WP1srnpjr553058636465
		ROLE = UIATreeItem
		TITLE = overview
		SHAPE = Rect [x:291.0 y:563.0 w:49.0 h:16.0]
		CHILDREN = 1
		PATH = [1, 0, 0, 0, 0, 0, 0, 0, 1, 0, 0, 0, 0, 0, 0, 0, 1, 0, 1, 0, 7, 1]
	DESCRIPTION = Left Click at 'overview'
	TEXT = Compound Action =
		Move mouse to (315.5, 571.0).
		Press Mouse Button BUTTON1
		Release Mouse Button BUTTON1

ExecutedAction [100]: 
 @Action ConcreteID = AC1rxm9cm804016007284 AbstractID = AA1rxm9cm804016007284
 ConcreteID CUSTOM = ConcreteID CUSTOM not available AbstractID CUSTOM = AA1uez96x811584392563
 @State ConcreteID = SCtxjfts2d3e2271431897 AbstractID = SR1r04e7z2a771764668615
 ConcreteID CUSTOM = SCj4psd22d491382488670 AbstractID CUSTOM = SA1drw8no2d341296831314

	ROLE = LeftClickAt
	TARGET =
		WIDGET = WC19e0jam561991789022, WRceq816b3820106996, WT9ah3go10818305855, WPrdf7og521678817133
		ROLE = UIADataItem
		TITLE = Index
		SHAPE = Rect [x:278.0 y:318.0 w:37.0 h:18.0]
		CHILDREN = 1
		PATH = [1, 0, 0, 0, 0, 0, 0, 0, 1, 0, 0, 0, 0, 0, 0, 0, 0, 0, 0, 0, 0, 0]
	DESCRIPTION = Left Click at 'Index'
	TEXT = Compound Action =
		Move mouse to (296.5, 327.0).
		Press Mouse Button BUTTON1
		Release Mouse Button BUTTON1

Sequence 1 finished.
Copying generated sequence ("sequence1736") to output directory...
Copying classified sequence ("sequence1736") to sequences_ok folder...
