Starting sequence 1 (output as: sequence976)

ExecutedAction [1]: 
 @Action ConcreteID = AC1hs3bf1811002020924 AbstractID = AA1hs3bf1811002020924
 ConcreteID CUSTOM = ConcreteID CUSTOM not available AbstractID CUSTOM = AA1c8abu280206769779
 @State ConcreteID = SC2w435i40a1127961207 AbstractID = SRpvk3mn3ea969637031
 ConcreteID CUSTOM = SC1yi4a5d40c2836719311 AbstractID CUSTOM = SAt7r38h401868234099

	ROLE = LeftClickAt
	TARGET =
		WIDGET = WCigl81b221236350214, WR17v7k2nb1067391859, WT1e6tvxi153323975668, WP1lyad311e2164392518
		ROLE = UIAMenuItem
		TITLE = Help Alt+H
		SHAPE = Rect [x:1050.0 y:1020.0 w:41.0 h:20.0]
		CHILDREN = 0
		PATH = [0, 2, 7]
	DESCRIPTION = Left Click at 'Help Alt+H'
	TEXT = Compound Action =
		Move mouse to (1070.5, 1030.0).
		Press Mouse Button BUTTON1
		Release Mouse Button BUTTON1

ExecutedAction [2]: 
 @Action ConcreteID = ACub8o0de12159380725 AbstractID = AAnkk028d52372985123
 ConcreteID CUSTOM = ConcreteID CUSTOM not available AbstractID CUSTOM = AA1idby38d62316642946
 @State ConcreteID = SCrksnez457755779293 AbstractID = SR81kw174392745467370
 ConcreteID CUSTOM = SC1neoboh4583357310388 AbstractID CUSTOM = SAhbvsb445a4279833954

	ROLE = ClickTypeInto
	TARGET =
		WIDGET = WCdrow3n1a2744948869, WR4n0dlj72701565195, WT4n0dlj72701565195, WPg3xaoh161949044659
		ROLE = UIAEdit
		TITLE = 
		SHAPE = Rect [x:1054.0 y:1045.0 w:250.0 h:20.0]
		CHILDREN = 0
		PATH = [0, 2, 0, 0, 2]
	DESCRIPTION = Type '-1E2' into '
	TEXT = Compound Action =
		Compound Action =
		Move mouse to (1179.0, 1055.0).
		Press Mouse Button BUTTON1
		Release Mouse Button BUTTON1
		Press Key 17
		Press Key 65
		Release Key 65
		Release Key 17
		Type text '-1E2'

ExecutedAction [3]: 
 @Action ConcreteID = AC1ay6cad823021083499 AbstractID = AA1ay6cad823021083499
 ConcreteID CUSTOM = ConcreteID CUSTOM not available AbstractID CUSTOM = AA14edyuz822197618755
 @State ConcreteID = SC1jkpmio3f52508856159 AbstractID = SRwthb063d64156856816
 ConcreteID CUSTOM = SC1nuvzwm3f61362163721 AbstractID CUSTOM = SA1kq15zk3f64097391204

	ROLE = LeftClickAt
	TARGET =
		WIDGET = WC1fbb2e920939640774, WR10fgh33101836453781, WT10fgh33101836453781, WPdopdxv1c2306111470
		ROLE = UIACustomControl
		TITLE = 
		SHAPE = Rect [x:704.0 y:1041.0 w:600.0 h:318.0]
		CHILDREN = 4
		PATH = [0, 2, 0, 0]
	DESCRIPTION = Left Click at ''
	TEXT = Compound Action =
		Move mouse to (1004.0, 1200.0).
		Press Mouse Button BUTTON1
		Release Mouse Button BUTTON1

ExecutedAction [4]: 
 @Action ConcreteID = ACwtal4b82374920051 AbstractID = AAwtal4b82374920051
 ConcreteID CUSTOM = ConcreteID CUSTOM not available AbstractID CUSTOM = AAlzwc048180374747
 @State ConcreteID = SC17fxnxc4fb1539829715 AbstractID = SR8sa0ao4d4800810075
 ConcreteID CUSTOM = SCr4ntje4fa1292553895 AbstractID CUSTOM = SAozxfdy5072358601375

	ROLE = LeftClickAt
	TARGET =
		WIDGET = WC1b9nwi5223267055432, WR17v7k2nb1067391859, WT1e6tvxi153323975668, WPfq8zkr1e168327176
		ROLE = UIAMenuItem
		TITLE = Help Alt+H
		SHAPE = Rect [x:1050.0 y:1020.0 w:41.0 h:20.0]
		CHILDREN = 0
		PATH = [1, 1, 7]
	DESCRIPTION = Left Click at 'Help Alt+H'
	TEXT = Compound Action =
		Move mouse to (1070.5, 1030.0).
		Press Mouse Button BUTTON1
		Release Mouse Button BUTTON1

ExecutedAction [5]: 
 @Action ConcreteID = AC17bpdc811450017265 AbstractID = AA17bpdc811450017265
 ConcreteID CUSTOM = ConcreteID CUSTOM not available AbstractID CUSTOM = AA4mhf0t822680257494
 @State ConcreteID = SCpp35ta55c2693414125 AbstractID = SRaceozv5374070413513
 ConcreteID CUSTOM = SCfqvnhi55d83212410 AbstractID CUSTOM = SA1v1rva256e3948137754

	ROLE = LeftClickAt
	TARGET =
		WIDGET = WC6myqah211894827015, WR1e04pz3e358922214, WT1e04pz3e358922214, WP1pw9qp31d110868253
		ROLE = UIASplitButton
		TITLE = 
		SHAPE = Rect [x:704.0 y:1066.0 w:600.0 h:290.0]
		CHILDREN = 3
		PATH = [1, 2, 0, 0, 3]
	DESCRIPTION = Left Click at ''
	TEXT = Compound Action =
		Move mouse to (1004.0, 1211.0).
		Press Mouse Button BUTTON1
		Release Mouse Button BUTTON1

ExecutedAction [6]: 
 @Action ConcreteID = AC1v58zg4824055304800 AbstractID = AA1v58zg4824055304800
 ConcreteID CUSTOM = ConcreteID CUSTOM not available AbstractID CUSTOM = AA1kbuqbx813810898632
 @State ConcreteID = SC17fxnxc4fb1539829715 AbstractID = SR8sa0ao4d4800810075
 ConcreteID CUSTOM = SCr4ntje4fa1292553895 AbstractID CUSTOM = SAozxfdy5072358601375

	ROLE = LeftClickAt
	TARGET =
		WIDGET = WC6myq8r211120315013, WR1e04pz3e358922214, WT1e04pz3e358922214, WP1pw9qnd1d883807647
		ROLE = UIASplitButton
		TITLE = 
		SHAPE = Rect [x:1021.0 y:1044.0 w:23.0 h:22.0]
		CHILDREN = 0
		PATH = [1, 2, 0, 0, 1]
	DESCRIPTION = Left Click at ''
	TEXT = Compound Action =
		Move mouse to (1032.5, 1055.0).
		Press Mouse Button BUTTON1
		Release Mouse Button BUTTON1

ExecutedAction [7]: 
 @Action ConcreteID = AC1ww2vfk12e60795975 AbstractID = AA1z0wib9d7561741230
 ConcreteID CUSTOM = ConcreteID CUSTOM not available AbstractID CUSTOM = AA1gfa3agd71376999411
 @State ConcreteID = SC1ka1b5p4be2223819865 AbstractID = SRwd399p4982496724102
 ConcreteID CUSTOM = SC12yo9si4bd2307635069 AbstractID CUSTOM = SA1y6rer04c83750762940

	ROLE = ClickTypeInto
	TARGET =
		WIDGET = WC1r58o3h111813662865, WR4n9zi27465102038, WT4n9zi27465102038, WP8xq0ofd2785159493
		ROLE = UIAText
		TITLE = 
		SHAPE = Rect [x:1441.0 y:816.0 w:478.0 h:399.0]
		CHILDREN = 2
		PATH = [0, 1]
	DESCRIPTION = Type '<a href="\xE1\xA...' into '
	TEXT = Compound Action =
		Compound Action =
		Move mouse to (1680.0, 1015.5).
		Press Mouse Button BUTTON1
		Release Mouse Button BUTTON1
		Press Key 17
		Press Key 65
		Release Key 65
		Release Key 17
		Type text '<a href="\xE1\xA0\x8Ejavascript:javascript:alert(1)" id="fuzzelement1">test</a>'

ExecutedAction [8]: 
 @Action ConcreteID = AC1dypiyj811810435747 AbstractID = AA1dypiyj811810435747
 ConcreteID CUSTOM = ConcreteID CUSTOM not available AbstractID CUSTOM = AAsw9ht9823524615141
 @State ConcreteID = SCsy7kog4c21099135219 AbstractID = SRw46eyz498605172504
 ConcreteID CUSTOM = SC6ojjgo4ba1338252678 AbstractID CUSTOM = SA1brb30d4bc3475816956

	ROLE = LeftClickAt
	TARGET =
		WIDGET = WC117me3u22367970642, WR17v7k2nb1067391859, WT1y895rf152412617792, WP15oh92w1e2024737031
		ROLE = UIAMenuItem
		TITLE = View Alt+i
		SHAPE = Rect [x:1009.0 y:1020.0 w:41.0 h:20.0]
		CHILDREN = 0
		PATH = [0, 1, 6]
	DESCRIPTION = Left Click at 'View Alt+i'
	TEXT = Compound Action =
		Move mouse to (1029.5, 1030.0).
		Press Mouse Button BUTTON1
		Release Mouse Button BUTTON1

ExecutedAction [9]: 
 @Action ConcreteID = AC6tfe3z814198654860 AbstractID = AA6tfe3z814198654860
 ConcreteID CUSTOM = ConcreteID CUSTOM not available AbstractID CUSTOM = AA1cc0ksg811890630909
 @State ConcreteID = SCx90dpq5eb3651194769 AbstractID = SRp7407u5c33665790162
 ConcreteID CUSTOM = SC1py1zon5eb4217928487 AbstractID CUSTOM = SAkqmzl85fa1312060350

	ROLE = LeftClickAt
	TARGET =
		WIDGET = WCuheqwi2c4111770471, WR17v7k2nb1067391859, WTxdzuqc22467020781, WPxupg2s283540109624
		ROLE = UIAMenuItem
		TITLE = Advanced Controls Alt+A
		SHAPE = Rect [x:1012.0 y:1193.0 w:219.0 h:22.0]
		CHILDREN = 0
		PATH = [2, 8]
	DESCRIPTION = Left Click at 'Advanced Controls Alt+A'
	TEXT = Compound Action =
		Move mouse to (1121.5, 1204.0).
		Press Mouse Button BUTTON1
		Release Mouse Button BUTTON1

ExecutedAction [10]: 
 @Action ConcreteID = ACcrlbzx822598030773 AbstractID = AAcrlbzx822598030773
 ConcreteID CUSTOM = ConcreteID CUSTOM not available AbstractID CUSTOM = AA7ebn3e822372482381
 @State ConcreteID = SC1ka1b5p4be2223819865 AbstractID = SRwd399p4982496724102
 ConcreteID CUSTOM = SC12yo9si4bd2307635069 AbstractID CUSTOM = SA1y6rer04c83750762940

	ROLE = LeftClickAt
	TARGET =
		WIDGET = WCllg5uq204186904582, WR10fgh33101836453781, WT10fgh33101836453781, WP1izyjdg1c1224386606
		ROLE = UIACustomControl
		TITLE = 
		SHAPE = Rect [x:704.0 y:1041.0 w:600.0 h:318.0]
		CHILDREN = 4
		PATH = [1, 2, 0, 0]
	DESCRIPTION = Left Click at ''
	TEXT = Compound Action =
		Move mouse to (1004.0, 1200.0).
		Press Mouse Button BUTTON1
		Release Mouse Button BUTTON1

ExecutedAction [11]: 
 @Action ConcreteID = AC1j9myoq823587872897 AbstractID = AA1j9myoq823587872897
 ConcreteID CUSTOM = ConcreteID CUSTOM not available AbstractID CUSTOM = AA1dwd9s7823261685881
 @State ConcreteID = SC1ka1b5p4be2223819865 AbstractID = SRwd399p4982496724102
 ConcreteID CUSTOM = SC12yo9si4bd2307635069 AbstractID CUSTOM = SA1y6rer04c83750762940

	ROLE = LeftClickAt
	TARGET =
		WIDGET = WC1xyhvbz191321451586, WR1h6ibpb92248851252, WT1h6ibpb92248851252, WP1e2jwlt154181243982
		ROLE = UIAButton
		TITLE = 
		SHAPE = Rect [x:1010.0 y:1363.0 w:26.0 h:26.0]
		CHILDREN = 0
		PATH = [1, 2, 1, 4]
	DESCRIPTION = Left Click at ''
	TEXT = Compound Action =
		Move mouse to (1023.0, 1376.0).
		Press Mouse Button BUTTON1
		Release Mouse Button BUTTON1

ExecutedAction [12]: 
 @Action ConcreteID = AC14b2kdr813566594003 AbstractID = AA14b2kdr813566594003
 ConcreteID CUSTOM = ConcreteID CUSTOM not available AbstractID CUSTOM = AA1vmoq5e813503512653
 @State ConcreteID = SC1ka1b5p4be2223819865 AbstractID = SRwd399p4982496724102
 ConcreteID CUSTOM = SC12yo9si4bd2307635069 AbstractID CUSTOM = SA1y6rer04c83750762940

	ROLE = LeftClickAt
	TARGET =
		WIDGET = WCxo0apo23629291282, WR10fgh33101836453781, WT10fgh33101836453781, WP1g9ssq1f3614836208
		ROLE = UIACustomControl
		TITLE = 
		SHAPE = Rect [x:704.0 y:1044.0 w:307.0 h:22.0]
		CHILDREN = 1
		PATH = [1, 2, 0, 0, 0]
	DESCRIPTION = Left Click at ''
	TEXT = Compound Action =
		Move mouse to (857.5, 1055.0).
		Press Mouse Button BUTTON1
		Release Mouse Button BUTTON1

ExecutedAction [13]: 
 @Action ConcreteID = AC1jdssoi82527720068 AbstractID = AA1jdssoi82527720068
 ConcreteID CUSTOM = ConcreteID CUSTOM not available AbstractID CUSTOM = AA1e0j3rz82147302012
 @State ConcreteID = SC1ka1b5p4be2223819865 AbstractID = SRwd399p4982496724102
 ConcreteID CUSTOM = SC12yo9si4bd2307635069 AbstractID CUSTOM = SA1y6rer04c83750762940

	ROLE = LeftClickAt
	TARGET =
		WIDGET = WC1b9nwi5223267055432, WR17v7k2nb1067391859, WT1e6tvxi153323975668, WPfq8zkr1e168327176
		ROLE = UIAMenuItem
		TITLE = Help Alt+H
		SHAPE = Rect [x:1050.0 y:1020.0 w:41.0 h:20.0]
		CHILDREN = 0
		PATH = [1, 1, 7]
	DESCRIPTION = Left Click at 'Help Alt+H'
	TEXT = Compound Action =
		Move mouse to (1070.5, 1030.0).
		Press Mouse Button BUTTON1
		Release Mouse Button BUTTON1

ExecutedAction [14]: 
 @Action ConcreteID = ACx63vr6812005093115 AbstractID = AAx63vr6812005093115
 ConcreteID CUSTOM = ConcreteID CUSTOM not available AbstractID CUSTOM = AA1xbw96w822169249012
 @State ConcreteID = SC1gembsf51f277211424 AbstractID = SR1c1xquw4fb2824417132
 ConcreteID CUSTOM = SCh1qt2u5201907887634 AbstractID CUSTOM = SA1ky7y7s52f2091014705

	ROLE = LeftClickAt
	TARGET =
		WIDGET = WCmtpxnx203925037901, WR4n4ygb71694219017, WT4n4ygb71694219017, WP1sfn37f1c340346228
		ROLE = UIAList
		TITLE = 
		SHAPE = Rect [x:889.0 y:1066.0 w:415.0 h:290.0]
		CHILDREN = 0
		PATH = [1, 2, 0, 0, 3, 0, 0]
	DESCRIPTION = Left Click at ''
	TEXT = Compound Action =
		Move mouse to (1096.5, 1211.0).
		Press Mouse Button BUTTON1
		Release Mouse Button BUTTON1

ExecutedAction [15]: 
 @Action ConcreteID = ACjpfvqc812564890086 AbstractID = AAjpfvqc812564890086
 ConcreteID CUSTOM = ConcreteID CUSTOM not available AbstractID CUSTOM = AA1b121hz812628232824
 @State ConcreteID = SC1ka1b5p4be2223819865 AbstractID = SRwd399p4982496724102
 ConcreteID CUSTOM = SC12yo9si4bd2307635069 AbstractID CUSTOM = SA1y6rer04c83750762940

	ROLE = LeftClickAt
	TARGET =
		WIDGET = WC1ywz5dw243496772691, WR1e04pz3e358922214, WT1e04pz3e358922214, WP1shocqe20531574886
		ROLE = UIASplitButton
		TITLE = 
		SHAPE = Rect [x:704.0 y:1066.0 w:180.0 h:290.0]
		CHILDREN = 3
		PATH = [1, 2, 0, 0, 3, 1]
	DESCRIPTION = Left Click at ''
	TEXT = Compound Action =
		Move mouse to (794.0, 1211.0).
		Press Mouse Button BUTTON1
		Release Mouse Button BUTTON1

ExecutedAction [16]: 
 @Action ConcreteID = ACueo5yq802503259065 AbstractID = AAueo5yq802503259065
 ConcreteID CUSTOM = ConcreteID CUSTOM not available AbstractID CUSTOM = AAuyneev802541690870
 @State ConcreteID = SCplj2wq5342088258166 AbstractID = SR130ylhp50a4208343881
 ConcreteID CUSTOM = SCw3t7ru5351291318667 AbstractID CUSTOM = SAtsu5at5441239662377

	ROLE = LeftClickAt
	TARGET =
		WIDGET = WC1ndkeod201590703737, WR4na8ob72534219213, WT4na8ob72534219213, WP1w27dsr1c3811694912
		ROLE = UIATree
		TITLE = 
		SHAPE = Rect [x:704.0 y:1066.0 w:180.0 h:157.0]
		CHILDREN = 7
		PATH = [1, 2, 0, 0, 3, 1, 1]
	DESCRIPTION = Left Click at ''
	TEXT = Compound Action =
		Move mouse to (794.0, 1144.5).
		Press Mouse Button BUTTON1
		Release Mouse Button BUTTON1

ExecutedAction [17]: 
 @Action ConcreteID = ACgrht4j821118774225 AbstractID = AAgrht4j821118774225
 ConcreteID CUSTOM = ConcreteID CUSTOM not available AbstractID CUSTOM = AA11622oc822629510793
 @State ConcreteID = SC19bpcfd4d14243278840 AbstractID = SRtdr2qy4ab2361709263
 ConcreteID CUSTOM = SC6i38jj4d43151154449 AbstractID CUSTOM = SA1vs3ej04dd2321249822

	ROLE = LeftClickAt
	TARGET =
		WIDGET = WCmtpxnx203925037901, WR4n4ygb71694219017, WT4n4ygb71694219017, WP1sfn37f1c340346228
		ROLE = UIAList
		TITLE = 
		SHAPE = Rect [x:889.0 y:1066.0 w:415.0 h:290.0]
		CHILDREN = 1
		PATH = [1, 2, 0, 0, 3, 0, 0]
	DESCRIPTION = Left Click at ''
	TEXT = Compound Action =
		Move mouse to (1096.5, 1211.0).
		Press Mouse Button BUTTON1
		Release Mouse Button BUTTON1

ExecutedAction [18]: 
 @Action ConcreteID = AC16zitvx814115453842 AbstractID = AA16zitvx814115453842
 ConcreteID CUSTOM = ConcreteID CUSTOM not available AbstractID CUSTOM = AAkqcdas811524058751
 @State ConcreteID = SC19bpcfd4d14243278840 AbstractID = SRtdr2qy4ab2361709263
 ConcreteID CUSTOM = SC6i38jj4d43151154449 AbstractID CUSTOM = SA1vs3ej04dd2321249822

	ROLE = LeftClickAt
	TARGET =
		WIDGET = WC1tupjkl264131791297, WR17v7k2nb1067391859, WT7kxrdw19266625713, WPlhkt2b22115302490
		ROLE = UIAMenuItem
		TITLE = Playback Alt+l
		SHAPE = Rect [x:753.0 y:1020.0 w:63.0 h:20.0]
		CHILDREN = 0
		PATH = [1, 1, 1]
	DESCRIPTION = Left Click at 'Playback Alt+l'
	TEXT = Compound Action =
		Move mouse to (784.5, 1030.0).
		Press Mouse Button BUTTON1
		Release Mouse Button BUTTON1

ExecutedAction [19]: 
 @Action ConcreteID = ACx9jth4801552784163 AbstractID = AAx9jth4801552784163
 ConcreteID CUSTOM = ConcreteID CUSTOM not available AbstractID CUSTOM = AA1d7m8s2814035665585
 @State ConcreteID = SCy9x2ol6541268530977 AbstractID = SR1g6sgo56263600296365
 ConcreteID CUSTOM = SC16sal3m6583921678986 AbstractID CUSTOM = SA1h6a0el6592138082782

	ROLE = LeftClickAt
	TARGET =
		WIDGET = WCjeo63r231403088019, WR17v7k2nb1067391859, WT1p8hf68161996799177, WP3fyy7p1f2295606912
		ROLE = UIAMenuItem
		TITLE = Video Alt+V
		SHAPE = Rect [x:864.0 y:1020.0 w:46.0 h:20.0]
		CHILDREN = 0
		PATH = [1, 1, 3]
	DESCRIPTION = Left Click at 'Video Alt+V'
	TEXT = Compound Action =
		Move mouse to (887.0, 1030.0).
		Press Mouse Button BUTTON1
		Release Mouse Button BUTTON1

ExecutedAction [20]: 
 @Action ConcreteID = AC54wqt381750709903 AbstractID = AA54wqt381750709903
 ConcreteID CUSTOM = ConcreteID CUSTOM not available AbstractID CUSTOM = AA1hwuc72812200269154
 @State ConcreteID = SC19bpcfd4d14243278840 AbstractID = SRtdr2qy4ab2361709263
 ConcreteID CUSTOM = SC6i38jj4d43151154449 AbstractID CUSTOM = SA1vs3ej04dd2321249822

	ROLE = LeftClickAt
	TARGET =
		WIDGET = WCvtsb2b27258818183, WR5quxi6b4097176690, WT5quxi6b4097176690, WPe8ktpx232395628585
		ROLE = UIATreeItem
		TITLE = 
		SHAPE = Rect [x:704.0 y:1092.0 w:163.0 h:26.0]
		CHILDREN = 0
		PATH = [1, 2, 0, 0, 3, 1, 1, 1]
	DESCRIPTION = Left Click at ''
	TEXT = Compound Action =
		Move mouse to (785.5, 1105.0).
		Press Mouse Button BUTTON1
		Release Mouse Button BUTTON1

ExecutedAction [21]: 
 @Action ConcreteID = AC18ckrwv821619949452 AbstractID = AA18ckrwv821619949452
 ConcreteID CUSTOM = ConcreteID CUSTOM not available AbstractID CUSTOM = AA14mm6h682774951755
 @State ConcreteID = SC1cni6o54be4120180697 AbstractID = SRwd399p4982496724102
 ConcreteID CUSTOM = SC1tt2gk34be3019820833 AbstractID CUSTOM = SA1y6rer04c83750762940

	ROLE = LeftClickAt
	TARGET =
		WIDGET = WC1dn41ln1d548768588, WR10fgh33101836453781, WT10fgh33101836453781, WPvy31wp193907499275
		ROLE = UIACustomControl
		TITLE = 
		SHAPE = Rect [x:704.0 y:1359.0 w:600.0 h:34.0]
		CHILDREN = 6
		PATH = [1, 2, 1]
	DESCRIPTION = Left Click at ''
	TEXT = Compound Action =
		Move mouse to (1004.0, 1376.0).
		Press Mouse Button BUTTON1
		Release Mouse Button BUTTON1

ExecutedAction [22]: 
 @Action ConcreteID = AC1nerhaw813419614672 AbstractID = AA1nerhaw813419614672
 ConcreteID CUSTOM = ConcreteID CUSTOM not available AbstractID CUSTOM = AA10dket9811911864882
 @State ConcreteID = SC1cni6o54be4120180697 AbstractID = SRwd399p4982496724102
 ConcreteID CUSTOM = SC1tt2gk34be3019820833 AbstractID CUSTOM = SA1y6rer04c83750762940

	ROLE = LeftClickAt
	TARGET =
		WIDGET = WCqjp8zs231898902707, WR17v7k2nb1067391859, WTwtxn65161410781764, WP1sjw9p21f4253820648
		ROLE = UIAMenuItem
		TITLE = Tools Alt+s
		SHAPE = Rect [x:966.0 y:1020.0 w:43.0 h:20.0]
		CHILDREN = 0
		PATH = [1, 1, 5]
	DESCRIPTION = Left Click at 'Tools Alt+s'
	TEXT = Compound Action =
		Move mouse to (987.5, 1030.0).
		Press Mouse Button BUTTON1
		Release Mouse Button BUTTON1

ExecutedAction [23]: 
 @Action ConcreteID = AC195e1c781610863659 AbstractID = AA195e1c781610863659
 ConcreteID CUSTOM = ConcreteID CUSTOM not available AbstractID CUSTOM = AA40bht7f3777379255
 @State ConcreteID = SC1uccsqc5af2118488427 AbstractID = SRx992y5871992663839
 ConcreteID CUSTOM = SC1lt0fds5b12492899156 AbstractID CUSTOM = SAzmdfcr5bb251642454

	ROLE = LeftClickAt
	TARGET =
		WIDGET = WCxo0apo23629291282, WR10fgh33101836453781, WT10fgh33101836453781, WP1g9ssq1f3614836208
		ROLE = UIACustomControl
		TITLE = 
		SHAPE = Rect [x:704.0 y:1044.0 w:307.0 h:22.0]
		CHILDREN = 1
		PATH = [1, 2, 0, 0, 0]
	DESCRIPTION = Left Click at ''
	TEXT = Compound Action =
		Move mouse to (857.5, 1055.0).
		Press Mouse Button BUTTON1
		Release Mouse Button BUTTON1

ExecutedAction [24]: 
 @Action ConcreteID = ACx30pfd812835688218 AbstractID = AAx30pfd812835688218
 ConcreteID CUSTOM = ConcreteID CUSTOM not available AbstractID CUSTOM = AAa1tmxq81321042680
 @State ConcreteID = SC1cni6o54be4120180697 AbstractID = SRwd399p4982496724102
 ConcreteID CUSTOM = SC1tt2gk34be3019820833 AbstractID CUSTOM = SA1y6rer04c83750762940

	ROLE = LeftClickAt
	TARGET =
		WIDGET = WCoduidp263139729416, WR17v7k2nb1067391859, WTpcm71l192027518401, WP1mem317221967752028
		ROLE = UIAMenuItem
		TITLE = Subtitle Alt+t
		SHAPE = Rect [x:910.0 y:1020.0 w:56.0 h:20.0]
		CHILDREN = 0
		PATH = [1, 1, 4]
	DESCRIPTION = Left Click at 'Subtitle Alt+t'
	TEXT = Compound Action =
		Move mouse to (938.0, 1030.0).
		Press Mouse Button BUTTON1
		Release Mouse Button BUTTON1

ExecutedAction [25]: 
 @Action ConcreteID = AC1ubk3l6813168753412 AbstractID = AA1ubk3l6813168753412
 ConcreteID CUSTOM = ConcreteID CUSTOM not available AbstractID CUSTOM = AA16t4qej823031387654
 @State ConcreteID = SC6yt26g4f92256634357 AbstractID = SRpal0dm4d31069405660
 ConcreteID CUSTOM = SCmgqr1v4fa2725017139 AbstractID CUSTOM = SA1xyxsxq5043379328825

	ROLE = LeftClickAt
	TARGET =
		WIDGET = WC1b9nwi5223267055432, WR17v7k2nb1067391859, WT1e6tvxi153323975668, WPfq8zkr1e168327176
		ROLE = UIAMenuItem
		TITLE = Help Alt+H
		SHAPE = Rect [x:1050.0 y:1020.0 w:41.0 h:20.0]
		CHILDREN = 0
		PATH = [1, 1, 7]
	DESCRIPTION = Left Click at 'Help Alt+H'
	TEXT = Compound Action =
		Move mouse to (1070.5, 1030.0).
		Press Mouse Button BUTTON1
		Release Mouse Button BUTTON1

ExecutedAction [26]: 
 @Action ConcreteID = ACm0vg4582613133898 AbstractID = AAm0vg4582613133898
 ConcreteID CUSTOM = ConcreteID CUSTOM not available AbstractID CUSTOM = AAiawuog821781861005
 @State ConcreteID = SC1cni6o54be4120180697 AbstractID = SRwd399p4982496724102
 ConcreteID CUSTOM = SC1tt2gk34be3019820833 AbstractID CUSTOM = SA1y6rer04c83750762940

	ROLE = LeftClickAt
	TARGET =
		WIDGET = WC16jvf1e1a1462576483, WR10fgh33101836453781, WT10fgh33101836453781, WP1gv02tw162691256557
		ROLE = UIACustomControl
		TITLE = 
		SHAPE = Rect [x:704.0 y:1041.0 w:600.0 h:352.0]
		CHILDREN = 2
		PATH = [1, 2]
	DESCRIPTION = Left Click at ''
	TEXT = Compound Action =
		Move mouse to (1004.0, 1217.0).
		Press Mouse Button BUTTON1
		Release Mouse Button BUTTON1

ExecutedAction [27]: 
 @Action ConcreteID = AC1qgfuin812636768350 AbstractID = AA1qgfuin812636768350
 ConcreteID CUSTOM = ConcreteID CUSTOM not available AbstractID CUSTOM = AA13f8s1081655259580
 @State ConcreteID = SC1cni6o54be4120180697 AbstractID = SRwd399p4982496724102
 ConcreteID CUSTOM = SC1tt2gk34be3019820833 AbstractID CUSTOM = SA1y6rer04c83750762940

	ROLE = LeftClickAt
	TARGET =
		WIDGET = WCvtsb3627608179012, WR5quxi6b4097176690, WT5quxi6b4097176690, WPe8ktqs232783393770
		ROLE = UIATreeItem
		TITLE = 
		SHAPE = Rect [x:704.0 y:1118.0 w:163.0 h:22.0]
		CHILDREN = 0
		PATH = [1, 2, 0, 0, 3, 1, 1, 2]
	DESCRIPTION = Left Click at ''
	TEXT = Compound Action =
		Move mouse to (785.5, 1129.0).
		Press Mouse Button BUTTON1
		Release Mouse Button BUTTON1

ExecutedAction [28]: 
 @Action ConcreteID = AC8bkrvjea307082725 AbstractID = AA161ii4jd72796059287
 ConcreteID CUSTOM = ConcreteID CUSTOM not available AbstractID CUSTOM = AA1gfa3agd71376999411
 @State ConcreteID = SC1cni6o54be4120180697 AbstractID = SRwd399p4982496724102
 ConcreteID CUSTOM = SC1tt2gk34be3019820833 AbstractID CUSTOM = SA1y6rer04c83750762940

	ROLE = ClickTypeInto
	TARGET =
		WIDGET = WC1r58o3h111813662865, WR4n9zi27465102038, WT4n9zi27465102038, WP8xq0ofd2785159493
		ROLE = UIAText
		TITLE = 
		SHAPE = Rect [x:1441.0 y:816.0 w:478.0 h:399.0]
		CHILDREN = 2
		PATH = [0, 1]
	DESCRIPTION = Type 'εί?ƒ©???¬…ζ' into '
	TEXT = Compound Action =
		Compound Action =
		Move mouse to (1680.0, 1015.5).
		Press Mouse Button BUTTON1
		Release Mouse Button BUTTON1
		Press Key 17
		Press Key 65
		Release Key 65
		Release Key 17
		Type text 'εί?ƒ©???¬…ζ'

ExecutedAction [29]: 
 @Action ConcreteID = AC154du1f801680048634 AbstractID = AA154du1f801680048634
 ConcreteID CUSTOM = ConcreteID CUSTOM not available AbstractID CUSTOM = AAht9q3m811308246176
 @State ConcreteID = SCgtls6f4c11040892022 AbstractID = SRw46eyz498605172504
 ConcreteID CUSTOM = SC105hnty4b92890926728 AbstractID CUSTOM = SA1brb30d4bc3475816956

	ROLE = LeftClickAt
	TARGET =
		WIDGET = WCv2iyh7231187149563, WR17v7k2nb1067391859, WT12et6eo161830467638, WP186y9jt1f939178242
		ROLE = UIAMenuItem
		TITLE = Media Alt+M
		SHAPE = Rect [x:704.0 y:1020.0 w:49.0 h:20.0]
		CHILDREN = 0
		PATH = [0, 1, 0]
	DESCRIPTION = Left Click at 'Media Alt+M'
	TEXT = Compound Action =
		Move mouse to (728.5, 1030.0).
		Press Mouse Button BUTTON1
		Release Mouse Button BUTTON1

ExecutedAction [30]: 
 @Action ConcreteID = AC14rg47i801450658245 AbstractID = AA14rg47i801450658245
 ConcreteID CUSTOM = ConcreteID CUSTOM not available AbstractID CUSTOM = AA1l9uaw2813561213316
 @State ConcreteID = SCt97dsa6004255252693 AbstractID = SR1m5p9no5d71250902283
 ConcreteID CUSTOM = SCkmtsbe602766625733 AbstractID CUSTOM = SA1koh7id60b3311895482

	ROLE = LeftClickAt
	TARGET =
		WIDGET = WCbjs2l321722193028, WR17v7k2nb1067391859, WT3m45wc28841880447, WPhi4xxr2e3542003805
		ROLE = UIAMenuItem
		TITLE = Open Capture Device... Ctrl+C
		SHAPE = Rect [x:707.0 y:1153.0 w:309.0 h:22.0]
		CHILDREN = 0
		PATH = [2, 5]
	DESCRIPTION = Left Click at 'Open Capture Device... Ctrl+C'
	TEXT = Compound Action =
		Move mouse to (861.5, 1164.0).
		Press Mouse Button BUTTON1
		Release Mouse Button BUTTON1

ExecutedAction [31]: 
 @Action ConcreteID = AC1wk3fot81947541983 AbstractID = AA1wk3fot81947541983
 ConcreteID CUSTOM = ConcreteID CUSTOM not available AbstractID CUSTOM = AA167wxhh82548385664
 @State ConcreteID = SCn1x0bw75a4060320145 AbstractID = SR13og3qw71d3779406535
 ConcreteID CUSTOM = SC88j39w7543297438730 AbstractID CUSTOM = SA19ryykw7591436536056

	ROLE = LeftClickAt
	TARGET =
		WIDGET = WCh3j6e93d1155276079, WR17qbaneb3904637586, WT10mukap213637332440, WPep8kk3392176060483
		ROLE = UIAComboBox
		TITLE = Audio device name Down
		SHAPE = Rect [x:1008.0 y:1156.0 w:226.0 h:25.0]
		CHILDREN = 0
		PATH = [1, 0, 1, 0, 0, 3, 0, 3]
	DESCRIPTION = Left Click at 'Audio device name Down'
	TEXT = Compound Action =
		Move mouse to (1121.0, 1168.5).
		Press Mouse Button BUTTON1
		Release Mouse Button BUTTON1

ExecutedAction [32]: 
 @Action ConcreteID = ACr1u62v813364754771 AbstractID = AAr1u62v813364754771
 ConcreteID CUSTOM = ConcreteID CUSTOM not available AbstractID CUSTOM = AAwnj12r82791938210
 @State ConcreteID = SCy4hfj97bf2918221067 AbstractID = SR1wm3iw877c95214693
 ConcreteID CUSTOM = SC19sbn7w7b81940782814 AbstractID CUSTOM = SA1ksiywo7bd3333659155

	ROLE = LeftClickAt
	TARGET =
		WIDGET = WCoj6x7432837151087, WR1h6ibpb92248851252, WTh9vhxr1c1988180597, WP16vciyq2e2455308577
		ROLE = UIAButton
		TITLE = Advanced options...
		SHAPE = Rect [x:1128.0 y:1293.0 w:116.0 h:23.0]
		CHILDREN = 0
		PATH = [1, 0, 1, 0, 0, 5]
	DESCRIPTION = Left Click at 'Advanced options...'
	TEXT = Compound Action =
		Move mouse to (1186.0, 1304.5).
		Press Mouse Button BUTTON1
		Release Mouse Button BUTTON1

ExecutedAction [33]: 
 @Action ConcreteID = AC1mcla9te11378752029 AbstractID = AAe4jl9d6258898798
 ConcreteID CUSTOM = ConcreteID CUSTOM not available AbstractID CUSTOM = AA1onamjyd663691897
 @State ConcreteID = SC16594zcac4710784587 AbstractID = SRfa4siga58706306204
 ConcreteID CUSTOM = SC1ulhr3bab63669061292 AbstractID CUSTOM = SAwfwdm3ac31059001225

	ROLE = ClickTypeInto
	TARGET =
		WIDGET = WC1vszssp382020841695, WR4n0dlj72701565195, WT1k7mgs01f2043249713, WPtgp8wn341970164096
		ROLE = UIAEdit
		TITLE = Picture aspect-ratio n:m
		SHAPE = Rect [x:1036.0 y:1046.0 w:116.0 h:20.0]
		CHILDREN = 0
		PATH = [1, 0, 0, 1, 0, 0, 1]
	DESCRIPTION = Type '1/0' into 'Picture aspect-ratio n:m
	TEXT = Compound Action =
		Compound Action =
		Move mouse to (1094.0, 1056.0).
		Press Mouse Button BUTTON1
		Release Mouse Button BUTTON1
		Press Key 17
		Press Key 65
		Release Key 65
		Release Key 17
		Type text '1/0'

ExecutedAction [34]: 
 @Action ConcreteID = ACnawn9g811646607123 AbstractID = AAnawn9g811646607123
 ConcreteID CUSTOM = ConcreteID CUSTOM not available AbstractID CUSTOM = AA17ft67781466797971
 @State ConcreteID = SC16594zcac4710784587 AbstractID = SRfa4siga58706306204
 ConcreteID CUSTOM = SC1ulhr3bab63669061292 AbstractID CUSTOM = SAwfwdm3ac31059001225

	ROLE = LeftClickAt
	TARGET =
		WIDGET = WC1ib38xm332015170647, WR1cs7rxoa2579320938, WTp5dw7e191106884407, WPo80xd82f4039331836
		ROLE = UIASpinner
		TITLE = Tuner Frequency
		SHAPE = Rect [x:1062.0 y:1196.0 w:90.0 h:20.0]
		CHILDREN = 0
		PATH = [1, 0, 0, 1, 0, 0, 11]
	DESCRIPTION = Left Click at 'Tuner Frequency'
	TEXT = Compound Action =
		Move mouse to (1107.0, 1206.0).
		Press Mouse Button BUTTON1
		Release Mouse Button BUTTON1

ExecutedAction [35]: 
 @Action ConcreteID = AC1ufp7pz814184443787 AbstractID = AA1ufp7pz814184443787
 ConcreteID CUSTOM = ConcreteID CUSTOM not available AbstractID CUSTOM = AAfjhoom812157868299
 @State ConcreteID = SC16594zcac4710784587 AbstractID = SRfa4siga58706306204
 ConcreteID CUSTOM = SC1ulhr3bab63669061292 AbstractID CUSTOM = SAwfwdm3ac31059001225

	ROLE = LeftClickAt
	TARGET =
		WIDGET = WCyzb9qb202729520698, WR10fgh33101836453781, WT10fgh33101836453781, WP1wdtn911c331652626
		ROLE = UIACustomControl
		TITLE = 
		SHAPE = Rect [x:830.0 y:1036.0 w:349.0 h:312.0]
		CHILDREN = 2
		PATH = [1, 0, 0, 1]
	DESCRIPTION = Left Click at ''
	TEXT = Compound Action =
		Move mouse to (1004.5, 1192.0).
		Press Mouse Button BUTTON1
		Release Mouse Button BUTTON1

ExecutedAction [36]: 
 @Action ConcreteID = AC1tuwrb9813904433874 AbstractID = AA1tuwrb9813904433874
 ConcreteID CUSTOM = ConcreteID CUSTOM not available AbstractID CUSTOM = AAeyp89w812437877842
 @State ConcreteID = SC16594zcac4710784587 AbstractID = SRfa4siga58706306204
 ConcreteID CUSTOM = SC1ulhr3bab63669061292 AbstractID CUSTOM = SAwfwdm3ac31059001225

	ROLE = LeftClickAt
	TARGET =
		WIDGET = WC130iemz39359891323, WR1cs7rxoa2579320938, WT1ut2tju201159341179, WPkv299l351573508512
		ROLE = UIASpinner
		TITLE = Video input frame rate
		SHAPE = Rect [x:1062.0 y:1098.0 w:90.0 h:20.0]
		CHILDREN = 0
		PATH = [1, 0, 0, 1, 0, 0, 5]
	DESCRIPTION = Left Click at 'Video input frame rate'
	TEXT = Compound Action =
		Move mouse to (1107.0, 1108.0).
		Press Mouse Button BUTTON1
		Release Mouse Button BUTTON1

ExecutedAction [37]: 
 @Action ConcreteID = ACimpzrw811756964721 AbstractID = AAimpzrw811756964721
 ConcreteID CUSTOM = ConcreteID CUSTOM not available AbstractID CUSTOM = AA12rmipn81290380273
 @State ConcreteID = SC16594zcac4710784587 AbstractID = SRfa4siga58706306204
 ConcreteID CUSTOM = SC1ulhr3bab63669061292 AbstractID CUSTOM = SAwfwdm3ac31059001225

	ROLE = LeftClickAt
	TARGET =
		WIDGET = WC1pitjsy384267198246, WR17qbaneb3904637586, WT11v7mfq1e2798135319, WPgueovo34227283221
		ROLE = UIAComboBox
		TITLE = Video standard Down
		SHAPE = Rect [x:1052.0 y:1248.0 w:100.0 h:20.0]
		CHILDREN = 0
		PATH = [1, 0, 0, 1, 0, 0, 15]
	DESCRIPTION = Left Click at 'Video standard Down'
	TEXT = Compound Action =
		Move mouse to (1102.0, 1258.0).
		Press Mouse Button BUTTON1
		Release Mouse Button BUTTON1

ExecutedAction [38]: 
 @Action ConcreteID = AC1h1mziv81306913839 AbstractID = AA1h1mziv81306913839
 ConcreteID CUSTOM = ConcreteID CUSTOM not available AbstractID CUSTOM = AAexwveq823616478076
 @State ConcreteID = SCpp68tvbb81745920173 AbstractID = SR16wu27vb3c592332807
 ConcreteID CUSTOM = SC1ne4tuibaa593318924 AbstractID CUSTOM = SA14a6pc5bbb4169025636

	ROLE = LeftClickAt
	TARGET =
		WIDGET = WCkcr8ug30962119032, WR52qhb2b3065858412, WTqmudy8103291478923, WP1kgii9m2c3238351217
		ROLE = UIAListItem
		TITLE = PAL_B
		SHAPE = Rect [x:1053.0 y:1320.0 w:81.0 h:13.0]
		CHILDREN = 0
		PATH = [1, 0, 0, 1, 0, 0, 15, 0, 4]
	DESCRIPTION = Left Click at 'PAL_B'
	TEXT = Compound Action =
		Move mouse to (1093.5, 1326.5).
		Press Mouse Button BUTTON1
		Release Mouse Button BUTTON1

ExecutedAction [39]: 
 @Action ConcreteID = AC96h44k814204977350 AbstractID = AA96h44k814204977350
 ConcreteID CUSTOM = ConcreteID CUSTOM not available AbstractID CUSTOM = AA221wyi812951595716
 @State ConcreteID = SCtrf4ibb8d3954759381 AbstractID = SR8ovcqgb161588075826
 ConcreteID CUSTOM = SC1v5pkrdb822420516408 AbstractID CUSTOM = SApqla4mb882228843045

	ROLE = LeftClickAt
	TARGET =
		WIDGET = WC14c8hdt22660330522, WR1h6ibpb92248851252, WT1vjbvvdf3603144044, WP18xu7yn1e1770484362
		ROLE = UIAButton
		TITLE = Cancel
		SHAPE = Rect [x:1104.0 y:1354.0 w:75.0 h:23.0]
		CHILDREN = 0
		PATH = [1, 0, 0, 2, 1]
	DESCRIPTION = Left Click at 'Cancel'
	TEXT = Compound Action =
		Move mouse to (1141.5, 1365.5).
		Press Mouse Button BUTTON1
		Release Mouse Button BUTTON1

ExecutedAction [40]: 
 @Action ConcreteID = AC1m49jko811278546072 AbstractID = AA1m49jko811278546072
 ConcreteID CUSTOM = ConcreteID CUSTOM not available AbstractID CUSTOM = AA1qrn1bt81371519562
 @State ConcreteID = SCwkeape7981482675855 AbstractID = SR79mwzl7563684603976
 ConcreteID CUSTOM = SC18dt77v7911632281294 AbstractID CUSTOM = SAkh2pnd7971527380692

	ROLE = LeftClickAt
	TARGET =
		WIDGET = WC1hr4kx4382969715812, WR1h6ibpb92248851252, WTzm1q7b223172615435, WP22bfx6341520674729
		ROLE = UIAButton
		TITLE = Advanced options... Enter
		SHAPE = Rect [x:1128.0 y:1293.0 w:116.0 h:23.0]
		CHILDREN = 0
		PATH = [1, 0, 1, 0, 0, 5]
	DESCRIPTION = Left Click at 'Advanced options... Enter'
	TEXT = Compound Action =
		Move mouse to (1186.0, 1304.5).
		Press Mouse Button BUTTON1
		Release Mouse Button BUTTON1

ExecutedAction [41]: 
 @Action ConcreteID = AC4ea9tm81789996110 AbstractID = AA4ea9tm81789996110
 ConcreteID CUSTOM = ConcreteID CUSTOM not available AbstractID CUSTOM = AAoj6srd811457626318
 @State ConcreteID = SC16594zcac4710784587 AbstractID = SRfa4siga58706306204
 ConcreteID CUSTOM = SC1ulhr3bab63669061292 AbstractID CUSTOM = SAwfwdm3ac31059001225

	ROLE = LeftClickAt
	TARGET =
		WIDGET = WC1qfdg94241420859418, WR1h6ibpb92248851252, WT11dcrar11573257584, WP1pd5lcm201580908942
		ROLE = UIAButton
		TITLE = OK Enter
		SHAPE = Rect [x:1023.0 y:1354.0 w:75.0 h:23.0]
		CHILDREN = 0
		PATH = [1, 0, 0, 2, 0]
	DESCRIPTION = Left Click at 'OK Enter'
	TEXT = Compound Action =
		Move mouse to (1060.5, 1365.5).
		Press Mouse Button BUTTON1
		Release Mouse Button BUTTON1

ExecutedAction [42]: 
 @Action ConcreteID = AC1m49jko811278546072 AbstractID = AA1m49jko811278546072
 ConcreteID CUSTOM = ConcreteID CUSTOM not available AbstractID CUSTOM = AA1qrn1bt81371519562
 @State ConcreteID = SCwkeape7981482675855 AbstractID = SR79mwzl7563684603976
 ConcreteID CUSTOM = SC18dt77v7911632281294 AbstractID CUSTOM = SAkh2pnd7971527380692

	ROLE = LeftClickAt
	TARGET =
		WIDGET = WC1hr4kx4382969715812, WR1h6ibpb92248851252, WTzm1q7b223172615435, WP22bfx6341520674729
		ROLE = UIAButton
		TITLE = Advanced options... Enter
		SHAPE = Rect [x:1128.0 y:1293.0 w:116.0 h:23.0]
		CHILDREN = 0
		PATH = [1, 0, 1, 0, 0, 5]
	DESCRIPTION = Left Click at 'Advanced options... Enter'
	TEXT = Compound Action =
		Move mouse to (1186.0, 1304.5).
		Press Mouse Button BUTTON1
		Release Mouse Button BUTTON1

ExecutedAction [43]: 
 @Action ConcreteID = AC1tuwrb9813904433874 AbstractID = AA1tuwrb9813904433874
 ConcreteID CUSTOM = ConcreteID CUSTOM not available AbstractID CUSTOM = AAeyp89w812437877842
 @State ConcreteID = SC16594zcac4710784587 AbstractID = SRfa4siga58706306204
 ConcreteID CUSTOM = SC1ulhr3bab63669061292 AbstractID CUSTOM = SAwfwdm3ac31059001225

	ROLE = LeftClickAt
	TARGET =
		WIDGET = WC130iemz39359891323, WR1cs7rxoa2579320938, WT1ut2tju201159341179, WPkv299l351573508512
		ROLE = UIASpinner
		TITLE = Video input frame rate
		SHAPE = Rect [x:1062.0 y:1098.0 w:90.0 h:20.0]
		CHILDREN = 0
		PATH = [1, 0, 0, 1, 0, 0, 5]
	DESCRIPTION = Left Click at 'Video input frame rate'
	TEXT = Compound Action =
		Move mouse to (1107.0, 1108.0).
		Press Mouse Button BUTTON1
		Release Mouse Button BUTTON1

ExecutedAction [44]: 
 @Action ConcreteID = AC1tuwrb9813904433874 AbstractID = AA1tuwrb9813904433874
 ConcreteID CUSTOM = ConcreteID CUSTOM not available AbstractID CUSTOM = AAeyp89w812437877842
 @State ConcreteID = SC16594zcac4710784587 AbstractID = SRfa4siga58706306204
 ConcreteID CUSTOM = SC1ulhr3bab63669061292 AbstractID CUSTOM = SAwfwdm3ac31059001225

	ROLE = LeftClickAt
	TARGET =
		WIDGET = WC130iemz39359891323, WR1cs7rxoa2579320938, WT1ut2tju201159341179, WPkv299l351573508512
		ROLE = UIASpinner
		TITLE = Video input frame rate
		SHAPE = Rect [x:1062.0 y:1098.0 w:90.0 h:20.0]
		CHILDREN = 0
		PATH = [1, 0, 0, 1, 0, 0, 5]
	DESCRIPTION = Left Click at 'Video input frame rate'
	TEXT = Compound Action =
		Move mouse to (1107.0, 1108.0).
		Press Mouse Button BUTTON1
		Release Mouse Button BUTTON1

ExecutedAction [45]: 
 @Action ConcreteID = AC80dk6a812833324299 AbstractID = AA80dk6a812833324299
 ConcreteID CUSTOM = ConcreteID CUSTOM not available AbstractID CUSTOM = AAs5a341813507939211
 @State ConcreteID = SC16594zcac4710784587 AbstractID = SRfa4siga58706306204
 ConcreteID CUSTOM = SC1ulhr3bab63669061292 AbstractID CUSTOM = SAwfwdm3ac31059001225

	ROLE = LeftClickAt
	TARGET =
		WIDGET = WCqedkjc343683923438, WR1cs7rxoa2579320938, WTpe6j2f1a3051699133, WPou19d630394538446
		ROLE = UIASpinner
		TITLE = Video output pin
		SHAPE = Rect [x:1062.0 y:1326.0 w:90.0 h:20.0]
		CHILDREN = 0
		PATH = [1, 0, 0, 1, 0, 0, 21]
	DESCRIPTION = Left Click at 'Video output pin'
	TEXT = Compound Action =
		Move mouse to (1107.0, 1336.0).
		Press Mouse Button BUTTON1
		Release Mouse Button BUTTON1

ExecutedAction [46]: 
 @Action ConcreteID = ACydgrb3812425500785 AbstractID = AAydgrb3812425500785
 ConcreteID CUSTOM = ConcreteID CUSTOM not available AbstractID CUSTOM = AA1iida8u813915762417
 @State ConcreteID = SC16594zcac4710784587 AbstractID = SRfa4siga58706306204
 ConcreteID CUSTOM = SC1ulhr3bab63669061292 AbstractID CUSTOM = SAwfwdm3ac31059001225

	ROLE = LeftClickAt
	TARGET =
		WIDGET = WCzc7z21343829112560, WR1cs7rxoa2579320938, WT1kalbyk1a890663430, WP1rj8a3v301108652880
		ROLE = UIASpinner
		TITLE = Audio output pin
		SHAPE = Rect [x:1062.0 y:1378.0 w:90.0 h:20.0]
		CHILDREN = 0
		PATH = [1, 0, 0, 1, 0, 0, 25]
	DESCRIPTION = Left Click at 'Audio output pin'
	TEXT = Compound Action =
		Move mouse to (1107.0, 1388.0).
		Press Mouse Button BUTTON1
		Release Mouse Button BUTTON1

ExecutedAction [47]: 
 @Action ConcreteID = AC1ssivr813569680318 AbstractID = AA1ssivr813569680318
 ConcreteID CUSTOM = ConcreteID CUSTOM not available AbstractID CUSTOM = AAlxp1ti812905801022
 @State ConcreteID = SC16594zcac4710784587 AbstractID = SRfa4siga58706306204
 ConcreteID CUSTOM = SC1ulhr3bab63669061292 AbstractID CUSTOM = SAwfwdm3ac31059001225

	ROLE = LeftClickAt
	TARGET =
		WIDGET = WC1pb112f284206753867, WR1h6ibpb92248851252, WT18r8gvl152070534729, WPive2yd241130578428
		ROLE = UIAButton
		TITLE = Context help
		SHAPE = Rect [x:1097.0 y:995.0 w:47.0 h:30.0]
		CHILDREN = 0
		PATH = [1, 0, 0, 0, 1]
	DESCRIPTION = Left Click at 'Context help'
	TEXT = Compound Action =
		Move mouse to (1120.5, 1010.0).
		Press Mouse Button BUTTON1
		Release Mouse Button BUTTON1

ExecutedAction [48]: 
 @Action ConcreteID = ACegbmjb811060860848 AbstractID = AAegbmjb811060860848
 ConcreteID CUSTOM = ConcreteID CUSTOM not available AbstractID CUSTOM = AAyl85h2811187810608
 @State ConcreteID = SC16594zcac4710784587 AbstractID = SRfa4siga58706306204
 ConcreteID CUSTOM = SC1ulhr3bab63669061292 AbstractID CUSTOM = SAwfwdm3ac31059001225

	ROLE = LeftClickAt
	TARGET =
		WIDGET = WCjq4m622615409387, WR16s6p21c140494670, WT16s6p21c140494670, WPyy6jps1e3268881319
		ROLE = UIAScrollBar
		TITLE = 
		SHAPE = Rect [x:1161.0 y:1037.0 w:17.0 h:310.0]
		CHILDREN = 0
		PATH = [1, 0, 0, 1, 1, 0]
	DESCRIPTION = Left Click at ''
	TEXT = Compound Action =
		Move mouse to (1169.5, 1192.0).
		Press Mouse Button BUTTON1
		Release Mouse Button BUTTON1

ExecutedAction [49]: 
 @Action ConcreteID = ACgwvljtdf1747855948 AbstractID = AAe4jl9d6258898798
 ConcreteID CUSTOM = ConcreteID CUSTOM not available AbstractID CUSTOM = AA1onamjyd663691897
 @State ConcreteID = SC16594zcac4710784587 AbstractID = SRfa4siga58706306204
 ConcreteID CUSTOM = SC1ulhr3bab63669061292 AbstractID CUSTOM = SAwfwdm3ac31059001225

	ROLE = ClickTypeInto
	TARGET =
		WIDGET = WC1vszssp382020841695, WR4n0dlj72701565195, WT1k7mgs01f2043249713, WPtgp8wn341970164096
		ROLE = UIAEdit
		TITLE = Picture aspect-ratio n:m
		SHAPE = Rect [x:1036.0 y:1046.0 w:116.0 h:20.0]
		CHILDREN = 0
		PATH = [1, 0, 0, 1, 0, 0, 1]
	DESCRIPTION = Type '?' into 'Picture aspect-ratio n:m
	TEXT = Compound Action =
		Compound Action =
		Move mouse to (1094.0, 1056.0).
		Press Mouse Button BUTTON1
		Release Mouse Button BUTTON1
		Press Key 17
		Press Key 65
		Release Key 65
		Release Key 17
		Type text '?'

ExecutedAction [50]: 
 @Action ConcreteID = ACnxxhhp80288918094 AbstractID = AAnxxhhp80288918094
 ConcreteID CUSTOM = ConcreteID CUSTOM not available AbstractID CUSTOM = AAffd3wu80981380679
 @State ConcreteID = SC16594zcac4710784587 AbstractID = SRfa4siga58706306204
 ConcreteID CUSTOM = SC1ulhr3bab63669061292 AbstractID CUSTOM = SAwfwdm3ac31059001225

	ROLE = LeftClickAt
	TARGET =
		WIDGET = WC1w6wppm341129659115, WR88rmk0b1934231702, WT74qrah1b155490897, WP1kpxy7s303715211850
		ROLE = UIACheckBox
		TITLE = Tuner properties
		SHAPE = Rect [x:840.0 y:1147.0 w:101.0 h:17.0]
		CHILDREN = 0
		PATH = [1, 0, 0, 1, 0, 0, 7]
	DESCRIPTION = Left Click at 'Tuner properties'
	TEXT = Compound Action =
		Move mouse to (890.5, 1155.5).
		Press Mouse Button BUTTON1
		Release Mouse Button BUTTON1

ExecutedAction [51]: 
 @Action ConcreteID = ACeiggeb802854826899 AbstractID = AAeiggeb802854826899
 ConcreteID CUSTOM = ConcreteID CUSTOM not available AbstractID CUSTOM = AA5zw2tg802171541402
 @State ConcreteID = SC16594zcac4710784587 AbstractID = SRfa4siga58706306204
 ConcreteID CUSTOM = SC1ulhr3bab63669061292 AbstractID CUSTOM = SAwfwdm3ac31059001225

	ROLE = LeftClickAt
	TARGET =
		WIDGET = WCm35uez231083091299, WR10fgh33101836453781, WT10fgh33101836453781, WP1owjeh51f2994378113
		ROLE = UIACustomControl
		TITLE = 
		SHAPE = Rect [x:831.0 y:1037.0 w:330.0 h:310.0]
		CHILDREN = 1
		PATH = [1, 0, 0, 1, 0]
	DESCRIPTION = Left Click at ''
	TEXT = Compound Action =
		Move mouse to (996.0, 1192.0).
		Press Mouse Button BUTTON1
		Release Mouse Button BUTTON1

ExecutedAction [52]: 
 @Action ConcreteID = ACj750pa802182070902 AbstractID = AAj750pa802182070902
 ConcreteID CUSTOM = ConcreteID CUSTOM not available AbstractID CUSTOM = AAaokn4f802840192639
 @State ConcreteID = SC16594zcac4710784587 AbstractID = SRfa4siga58706306204
 ConcreteID CUSTOM = SC1ulhr3bab63669061292 AbstractID CUSTOM = SAwfwdm3ac31059001225

	ROLE = LeftClickAt
	TARGET =
		WIDGET = WC1bb0w07352637307178, WR88rmk0b1934231702, WTypjb591c25758953, WPdi48r9314151331965
		ROLE = UIACheckBox
		TITLE = Device properties
		SHAPE = Rect [x:840.0 y:1124.0 w:105.0 h:17.0]
		CHILDREN = 0
		PATH = [1, 0, 0, 1, 0, 0, 6]
	DESCRIPTION = Left Click at 'Device properties'
	TEXT = Compound Action =
		Move mouse to (892.5, 1132.5).
		Press Mouse Button BUTTON1
		Release Mouse Button BUTTON1

ExecutedAction [53]: 
 @Action ConcreteID = ACnawn9g811646607123 AbstractID = AAnawn9g811646607123
 ConcreteID CUSTOM = ConcreteID CUSTOM not available AbstractID CUSTOM = AA17ft67781466797971
 @State ConcreteID = SC16594zcac4710784587 AbstractID = SRfa4siga58706306204
 ConcreteID CUSTOM = SC1ulhr3bab63669061292 AbstractID CUSTOM = SAwfwdm3ac31059001225

	ROLE = LeftClickAt
	TARGET =
		WIDGET = WC1ib38xm332015170647, WR1cs7rxoa2579320938, WTp5dw7e191106884407, WPo80xd82f4039331836
		ROLE = UIASpinner
		TITLE = Tuner Frequency
		SHAPE = Rect [x:1062.0 y:1196.0 w:90.0 h:20.0]
		CHILDREN = 0
		PATH = [1, 0, 0, 1, 0, 0, 11]
	DESCRIPTION = Left Click at 'Tuner Frequency'
	TEXT = Compound Action =
		Move mouse to (1107.0, 1206.0).
		Press Mouse Button BUTTON1
		Release Mouse Button BUTTON1

ExecutedAction [54]: 
 @Action ConcreteID = AC14wxej2e11928053159 AbstractID = AAczf53ad61420664748
 ConcreteID CUSTOM = ConcreteID CUSTOM not available AbstractID CUSTOM = AA27h62vd61476933819
 @State ConcreteID = SC16594zcac4710784587 AbstractID = SRfa4siga58706306204
 ConcreteID CUSTOM = SC1ulhr3bab63669061292 AbstractID CUSTOM = SAwfwdm3ac31059001225

	ROLE = ClickTypeInto
	TARGET =
		WIDGET = WC4dn2vc39139463819, WR4n0dlj72701565195, WT1czda6n201021764884, WP1bf7wra35750562297
		ROLE = UIAEdit
		TITLE = Video input chroma format
		SHAPE = Rect [x:1036.0 y:1072.0 w:116.0 h:20.0]
		CHILDREN = 0
		PATH = [1, 0, 0, 1, 0, 0, 3]
	DESCRIPTION = Type 'PRN' into 'Video input chroma format
	TEXT = Compound Action =
		Compound Action =
		Move mouse to (1094.0, 1082.0).
		Press Mouse Button BUTTON1
		Release Mouse Button BUTTON1
		Press Key 17
		Press Key 65
		Release Key 65
		Release Key 17
		Type text 'PRN'

ExecutedAction [55]: 
 @Action ConcreteID = AC1ssivr813569680318 AbstractID = AA1ssivr813569680318
 ConcreteID CUSTOM = ConcreteID CUSTOM not available AbstractID CUSTOM = AAlxp1ti812905801022
 @State ConcreteID = SC16594zcac4710784587 AbstractID = SRfa4siga58706306204
 ConcreteID CUSTOM = SC1ulhr3bab63669061292 AbstractID CUSTOM = SAwfwdm3ac31059001225

	ROLE = LeftClickAt
	TARGET =
		WIDGET = WC1pb112f284206753867, WR1h6ibpb92248851252, WT18r8gvl152070534729, WPive2yd241130578428
		ROLE = UIAButton
		TITLE = Context help
		SHAPE = Rect [x:1097.0 y:995.0 w:47.0 h:30.0]
		CHILDREN = 0
		PATH = [1, 0, 0, 0, 1]
	DESCRIPTION = Left Click at 'Context help'
	TEXT = Compound Action =
		Move mouse to (1120.5, 1010.0).
		Press Mouse Button BUTTON1
		Release Mouse Button BUTTON1

ExecutedAction [56]: 
 @Action ConcreteID = AC1tuwrb9813904433874 AbstractID = AA1tuwrb9813904433874
 ConcreteID CUSTOM = ConcreteID CUSTOM not available AbstractID CUSTOM = AAeyp89w812437877842
 @State ConcreteID = SC16594zcac4710784587 AbstractID = SRfa4siga58706306204
 ConcreteID CUSTOM = SC1ulhr3bab63669061292 AbstractID CUSTOM = SAwfwdm3ac31059001225

	ROLE = LeftClickAt
	TARGET =
		WIDGET = WC130iemz39359891323, WR1cs7rxoa2579320938, WT1ut2tju201159341179, WPkv299l351573508512
		ROLE = UIASpinner
		TITLE = Video input frame rate
		SHAPE = Rect [x:1062.0 y:1098.0 w:90.0 h:20.0]
		CHILDREN = 0
		PATH = [1, 0, 0, 1, 0, 0, 5]
	DESCRIPTION = Left Click at 'Video input frame rate'
	TEXT = Compound Action =
		Move mouse to (1107.0, 1108.0).
		Press Mouse Button BUTTON1
		Release Mouse Button BUTTON1

ExecutedAction [57]: 
 @Action ConcreteID = AC9bjh7910e3229152853 AbstractID = AAczf53ad61420664748
 ConcreteID CUSTOM = ConcreteID CUSTOM not available AbstractID CUSTOM = AA27h62vd61476933819
 @State ConcreteID = SC16594zcac4710784587 AbstractID = SRfa4siga58706306204
 ConcreteID CUSTOM = SC1ulhr3bab63669061292 AbstractID CUSTOM = SAwfwdm3ac31059001225

	ROLE = ClickTypeInto
	TARGET =
		WIDGET = WC4dn2vc39139463819, WR4n0dlj72701565195, WT1czda6n201021764884, WP1bf7wra35750562297
		ROLE = UIAEdit
		TITLE = Video input chroma format
		SHAPE = Rect [x:1036.0 y:1072.0 w:116.0 h:20.0]
		CHILDREN = 0
		PATH = [1, 0, 0, 1, 0, 0, 3]
	DESCRIPTION = Type '"`'><script>\xC2...' into 'Video input chroma format
	TEXT = Compound Action =
		Compound Action =
		Move mouse to (1094.0, 1082.0).
		Press Mouse Button BUTTON1
		Release Mouse Button BUTTON1
		Press Key 17
		Press Key 65
		Release Key 65
		Release Key 17
		Type text '"`'><script>\xC2\x85javascript:alert(1)</script>'

ExecutedAction [58]: 
 @Action ConcreteID = AC5tpts7812206269347 AbstractID = AA5tpts7812206269347
 ConcreteID CUSTOM = ConcreteID CUSTOM not available AbstractID CUSTOM = AAjrwkuh822425913339
 @State ConcreteID = SCaxejezac41097988703 AbstractID = SRwy0z0ka5a3810913442
 ConcreteID CUSTOM = SC1k1y6mqab8528372594 AbstractID CUSTOM = SA1pezs9iac02058755626

	ROLE = LeftClickAt
	TARGET =
		WIDGET = WCxtotlu333115480054, WR1cs7rxoa2579320938, WT11fsvsn1a676994373, WPy6o4ds2f1839781481
		ROLE = UIASpinner
		TITLE = Tuner TV Channel
		SHAPE = Rect [x:1062.0 y:1006.0 w:90.0 h:20.0]
		CHILDREN = 0
		PATH = [1, 0, 0, 1, 0, 0, 1]
	DESCRIPTION = Left Click at 'Tuner TV Channel'
	TEXT = Compound Action =
		Move mouse to (1107.0, 1016.0).
		Press Mouse Button BUTTON1
		Release Mouse Button BUTTON1

ExecutedAction [59]: 
 @Action ConcreteID = AC51z29p812332965144 AbstractID = AA51z29p812332965144
 ConcreteID CUSTOM = ConcreteID CUSTOM not available AbstractID CUSTOM = AAj05tbz822551626048
 @State ConcreteID = SCaxejezac41097988703 AbstractID = SRwy0z0ka5a3810913442
 ConcreteID CUSTOM = SC1k1y6mqab8528372594 AbstractID CUSTOM = SA1pezs9iac02058755626

	ROLE = LeftClickAt
	TARGET =
		WIDGET = WCjq4m622615409387, WR16s6p21c140494670, WT16s6p21c140494670, WPyy6jps1e3268881319
		ROLE = UIAScrollBar
		TITLE = 
		SHAPE = Rect [x:1161.0 y:1037.0 w:17.0 h:310.0]
		CHILDREN = 0
		PATH = [1, 0, 0, 1, 1, 0]
	DESCRIPTION = Left Click at ''
	TEXT = Compound Action =
		Move mouse to (1169.5, 1192.0).
		Press Mouse Button BUTTON1
		Release Mouse Button BUTTON1

ExecutedAction [60]: 
 @Action ConcreteID = AC1a9rpkz813447307730 AbstractID = AA1a9rpkz813447307730
 ConcreteID CUSTOM = ConcreteID CUSTOM not available AbstractID CUSTOM = AA1o7ygn9823730914698
 @State ConcreteID = SCaxejezac41097988703 AbstractID = SRwy0z0ka5a3810913442
 ConcreteID CUSTOM = SC1k1y6mqab8528372594 AbstractID CUSTOM = SA1pezs9iac02058755626

	ROLE = LeftClickAt
	TARGET =
		WIDGET = WC15r4d493c1444360224, WR1cs7rxoa2579320938, WTolzfjs221160943152, WP1uoczmj38442310403
		ROLE = UIASpinner
		TITLE = Number of audio channels
		SHAPE = Rect [x:1062.0 y:1266.0 w:90.0 h:20.0]
		CHILDREN = 0
		PATH = [1, 0, 0, 1, 0, 0, 21]
	DESCRIPTION = Left Click at 'Number of audio channels'
	TEXT = Compound Action =
		Move mouse to (1107.0, 1276.0).
		Press Mouse Button BUTTON1
		Release Mouse Button BUTTON1

ExecutedAction [61]: 
 @Action ConcreteID = AC1hspmlc813293496208 AbstractID = AA1hspmlc813293496208
 ConcreteID CUSTOM = ConcreteID CUSTOM not available AbstractID CUSTOM = AA1vqwdnm823612754888
 @State ConcreteID = SCaxejezac41097988703 AbstractID = SRwy0z0ka5a3810913442
 ConcreteID CUSTOM = SC1k1y6mqab8528372594 AbstractID CUSTOM = SA1pezs9iac02058755626

	ROLE = LeftClickAt
	TARGET =
		WIDGET = WC1kqrmst321669450434, WR1cs7rxoa2579320938, WTp5dw7e191106884407, WP7nlbsr2e3045361434
		ROLE = UIASpinner
		TITLE = Tuner Frequency
		SHAPE = Rect [x:1062.0 y:1032.0 w:90.0 h:20.0]
		CHILDREN = 0
		PATH = [1, 0, 0, 1, 0, 0, 3]
	DESCRIPTION = Left Click at 'Tuner Frequency'
	TEXT = Compound Action =
		Move mouse to (1107.0, 1042.0).
		Press Mouse Button BUTTON1
		Release Mouse Button BUTTON1

ExecutedAction [62]: 
 @Action ConcreteID = AC1vvob9b81817403952 AbstractID = AA1vvob9b81817403952
 ConcreteID CUSTOM = ConcreteID CUSTOM not available AbstractID CUSTOM = AAasr0ch82597694568
 @State ConcreteID = SCaxejezac41097988703 AbstractID = SRwy0z0ka5a3810913442
 ConcreteID CUSTOM = SC1k1y6mqab8528372594 AbstractID CUSTOM = SA1pezs9iac02058755626

	ROLE = LeftClickAt
	TARGET =
		WIDGET = WC172io3b373167271606, WR17qbaneb3904637586, WT1lww0en1d209005727, WP14b2ktl332742302194
		ROLE = UIAComboBox
		TITLE = AM Tuner mode Down
		SHAPE = Rect [x:1062.0 y:1240.0 w:90.0 h:20.0]
		CHILDREN = 0
		PATH = [1, 0, 0, 1, 0, 0, 19]
	DESCRIPTION = Left Click at 'AM Tuner mode Down'
	TEXT = Compound Action =
		Move mouse to (1107.0, 1250.0).
		Press Mouse Button BUTTON1
		Release Mouse Button BUTTON1

ExecutedAction [63]: 
 @Action ConcreteID = AC1jr0g3n812331987381 AbstractID = AA1jr0g3n812331987381
 ConcreteID CUSTOM = ConcreteID CUSTOM not available AbstractID CUSTOM = AA1tccgxi821736650973
 @State ConcreteID = SCfrghxwb531833204427 AbstractID = SR11hivnuadf2476108723
 ConcreteID CUSTOM = SC1tajcl2b462920295908 AbstractID CUSTOM = SA1ke2kxsb4b1704841580

	ROLE = LeftClickAt
	TARGET =
		WIDGET = WC14c8hdt22660330522, WR1h6ibpb92248851252, WT1vjbvvdf3603144044, WP18xu7yn1e1770484362
		ROLE = UIAButton
		TITLE = Cancel
		SHAPE = Rect [x:1104.0 y:1354.0 w:75.0 h:23.0]
		CHILDREN = 0
		PATH = [1, 0, 0, 2, 1]
	DESCRIPTION = Left Click at 'Cancel'
	TEXT = Compound Action =
		Move mouse to (1141.5, 1365.5).
		Press Mouse Button BUTTON1
		Release Mouse Button BUTTON1

ExecutedAction [64]: 
 @Action ConcreteID = AC1uq7si2803497656986 AbstractID = AA1uq7si2803497656986
 ConcreteID CUSTOM = ConcreteID CUSTOM not available AbstractID CUSTOM = AAl1v5qh803292908388
 @State ConcreteID = SCwkeape7981482675855 AbstractID = SR79mwzl7563684603976
 ConcreteID CUSTOM = SC18dt77v7911632281294 AbstractID CUSTOM = SAkh2pnd7971527380692

	ROLE = LeftClickAt
	TARGET =
		WIDGET = WC1c387cu271676365687, WR1k8fo0ra1109144095, WThpb1sr141497262569, WP1kphafg233116854645
		ROLE = UIATabItem
		TITLE = File Alt+F
		SHAPE = Rect [x:751.0 y:1032.0 w:60.0 h:24.0]
		CHILDREN = 0
		PATH = [1, 0, 1, 1, 0]
	DESCRIPTION = Left Click at 'File Alt+F'
	TEXT = Compound Action =
		Move mouse to (781.0, 1044.0).
		Press Mouse Button BUTTON1
		Release Mouse Button BUTTON1

ExecutedAction [65]: 
 @Action ConcreteID = AC1yl3w8b803638976038 AbstractID = AA1yl3w8b803638976038
 ConcreteID CUSTOM = ConcreteID CUSTOM not available AbstractID CUSTOM = AA1f7hjdt7f1591563668
 @State ConcreteID = SC4rr68m6e62980154618 AbstractID = SR14lf9ca6ab2074053191
 ConcreteID CUSTOM = SC1awoz3y6d9165075864 AbstractID CUSTOM = SApybgdm6e3184781976

	ROLE = LeftClickAt
	TARGET =
		WIDGET = WC6x7cfa27130833434, WR1k8fo0ra1109144095, WT1ijnmeq141972293189, WP1xowbg4232996394062
		ROLE = UIATabItem
		TITLE = Disc Alt+D
		SHAPE = Rect [x:811.0 y:1032.0 w:63.0 h:24.0]
		CHILDREN = 0
		PATH = [1, 0, 1, 1, 1]
	DESCRIPTION = Left Click at 'Disc Alt+D'
	TEXT = Compound Action =
		Move mouse to (842.5, 1044.0).
		Press Mouse Button BUTTON1
		Release Mouse Button BUTTON1

ExecutedAction [66]: 
 @Action ConcreteID = AC19ywtjt814044749488 AbstractID = AA19ywtjt814044749488
 ConcreteID CUSTOM = ConcreteID CUSTOM not available AbstractID CUSTOM = AA82jvig80700325679
 @State ConcreteID = SCwroz1c7f83434520882 AbstractID = SRu77azo7b21429583651
 ConcreteID CUSTOM = SC4y91h87f73455922938 AbstractID CUSTOM = SAiwejd57f8382606964

	ROLE = LeftClickAt
	TARGET =
		WIDGET = WC1kpcobm212429184721, WR1h6ibpb92248851252, WTfh0b4q142849730282, WPpqja401d2718484217
		ROLE = UIAButton
		TITLE = Close Alt+C
		SHAPE = Rect [x:1844.0 y:1221.0 w:75.0 h:23.0]
		CHILDREN = 0
		PATH = [0, 2, 0]
	DESCRIPTION = Left Click at 'Close Alt+C'
	TEXT = Compound Action =
		Move mouse to (1881.5, 1232.5).
		Press Mouse Button BUTTON1
		Release Mouse Button BUTTON1

ExecutedAction [67]: 
 @Action ConcreteID = AC1cvyjo3811162240909 AbstractID = AA1cvyjo3811162240909
 ConcreteID CUSTOM = ConcreteID CUSTOM not available AbstractID CUSTOM = AApcuwoj821602600738
 @State ConcreteID = SCpf8pzz6f21459250297 AbstractID = SR4gc4xi6b42570583766
 ConcreteID CUSTOM = SCmtfk1f6f91075451729 AbstractID CUSTOM = SA1u8k41t6e71260843048

	ROLE = LeftClickAt
	TARGET =
		WIDGET = WChmn2qq254204820437, WR1h6ibpb92248851252, WT179pbei153540817138, WP1mssmc4214192218010
		ROLE = UIAButton
		TITLE = Cancel Alt+C
		SHAPE = Rect [x:1182.0 y:1358.0 w:75.0 h:23.0]
		CHILDREN = 0
		PATH = [0, 0, 4, 0]
	DESCRIPTION = Left Click at 'Cancel Alt+C'
	TEXT = Compound Action =
		Move mouse to (1219.5, 1369.5).
		Press Mouse Button BUTTON1
		Release Mouse Button BUTTON1

ExecutedAction [68]: 
 @Action ConcreteID = AC4nflgo7f311554852 AbstractID = AA4nflgo7f311554852
 ConcreteID CUSTOM = ConcreteID CUSTOM not available AbstractID CUSTOM = AAeedysc803190885914
 @State ConcreteID = SCkm09tx3b6933814668 AbstractID = SReblvoj39a4110896717
 ConcreteID CUSTOM = SC1qx5xqu3b73913635703 AbstractID CUSTOM = SA6raqf93b64265445569

	ROLE = LeftClickAt
	TARGET =
		WIDGET = WCb8oopr273915996694, WR5quxi6b4097176690, WT5quxi6b4097176690, WP1sol9ch231758362296
		ROLE = UIATreeItem
		TITLE = 
		SHAPE = Rect [x:709.0 y:1166.0 w:158.0 h:26.0]
		CHILDREN = 0
		PATH = [0, 2, 0, 0, 3, 1, 1, 4]
	DESCRIPTION = Left Click at ''
	TEXT = Compound Action =
		Move mouse to (788.0, 1179.0).
		Press Mouse Button BUTTON1
		Release Mouse Button BUTTON1

ExecutedAction [69]: 
 @Action ConcreteID = AC24mm6o7f2341620568 AbstractID = AA24mm6o7f2341620568
 ConcreteID CUSTOM = ConcreteID CUSTOM not available AbstractID CUSTOM = AA1903k34813380197097
 @State ConcreteID = SCdwsgbn433661812149 AbstractID = SRdg2l6r40c16363732
 ConcreteID CUSTOM = SC1uyo9k94301168813662 AbstractID CUSTOM = SA1d08ohs42d1486696945

	ROLE = LeftClickAt
	TARGET =
		WIDGET = WCo9m3kz234253084318, WR17v7k2nb1067391859, WT1faw5jq16422026351, WPzr9m5t1f4278635332
		ROLE = UIAMenuItem
		TITLE = Audio Alt+A
		SHAPE = Rect [x:816.0 y:1020.0 w:48.0 h:20.0]
		CHILDREN = 0
		PATH = [0, 1, 2]
	DESCRIPTION = Left Click at 'Audio Alt+A'
	TEXT = Compound Action =
		Move mouse to (840.0, 1030.0).
		Press Mouse Button BUTTON1
		Release Mouse Button BUTTON1

ExecutedAction [70]: 
 @Action ConcreteID = ACl5lxte813801384220 AbstractID = AAl5lxte813801384220
 ConcreteID CUSTOM = ConcreteID CUSTOM not available AbstractID CUSTOM = AA19369i5801634628632
 @State ConcreteID = SC1kqxofq4f93957690491 AbstractID = SRkq5bps4d34079724523
 ConcreteID CUSTOM = SCfd6srn4f42136813697 AbstractID CUSTOM = SAxncydc4f41903513959

	ROLE = LeftClickAt
	TARGET =
		WIDGET = WCb8oomb272365954834, WR5quxi6b4097176690, WT5quxi6b4097176690, WP1sol99123211992508
		ROLE = UIATreeItem
		TITLE = 
		SHAPE = Rect [x:704.0 y:1066.0 w:163.0 h:26.0]
		CHILDREN = 0
		PATH = [0, 2, 0, 0, 3, 1, 1, 0]
	DESCRIPTION = Left Click at ''
	TEXT = Compound Action =
		Move mouse to (785.5, 1079.0).
		Press Mouse Button BUTTON1
		Release Mouse Button BUTTON1

ExecutedAction [71]: 
 @Action ConcreteID = AClkeg897f3274402515 AbstractID = AAlkeg897f3274402515
 ConcreteID CUSTOM = ConcreteID CUSTOM not available AbstractID CUSTOM = AA11bgqon801504430269
 @State ConcreteID = SC4cgnyq3b7484622800 AbstractID = SReblvoj39a4110896717
 ConcreteID CUSTOM = SC1j67h203b81652811606 AbstractID CUSTOM = SA6raqf93b64265445569

	ROLE = LeftClickAt
	TARGET =
		WIDGET = WC11132ie26988553567, WR17v7k2nb1067391859, WT7kxrdw19266625713, WP1rp2dz8223396690116
		ROLE = UIAMenuItem
		TITLE = Playback Alt+l
		SHAPE = Rect [x:753.0 y:1020.0 w:63.0 h:20.0]
		CHILDREN = 0
		PATH = [0, 1, 1]
	DESCRIPTION = Left Click at 'Playback Alt+l'
	TEXT = Compound Action =
		Move mouse to (784.5, 1030.0).
		Press Mouse Button BUTTON1
		Release Mouse Button BUTTON1

ExecutedAction [72]: 
 @Action ConcreteID = ACxo4w3q811818511165 AbstractID = AAxo4w3q811818511165
 ConcreteID CUSTOM = ConcreteID CUSTOM not available AbstractID CUSTOM = AAlul486801098151805
 @State ConcreteID = SC1q5eh8f5323261463152 AbstractID = SRu87pbm51585657160
 ConcreteID CUSTOM = SCbi1ov95393797477457 AbstractID CUSTOM = SA18sjcyr52f275921149

	ROLE = LeftClickAt
	TARGET =
		WIDGET = WCb8oon6272485037651, WR5quxi6b4097176690, WT5quxi6b4097176690, WP1sol99w23364482301
		ROLE = UIATreeItem
		TITLE = 
		SHAPE = Rect [x:704.0 y:1092.0 w:163.0 h:26.0]
		CHILDREN = 0
		PATH = [0, 2, 0, 0, 3, 1, 1, 1]
	DESCRIPTION = Left Click at ''
	TEXT = Compound Action =
		Move mouse to (785.5, 1105.0).
		Press Mouse Button BUTTON1
		Release Mouse Button BUTTON1

ExecutedAction [73]: 
 @Action ConcreteID = AC9jwjoq812095592944 AbstractID = AA9jwjoq812095592944
 ConcreteID CUSTOM = ConcreteID CUSTOM not available AbstractID CUSTOM = AA1wrgtsa801375208880
 @State ConcreteID = SC1q5eh8f5323261463152 AbstractID = SRu87pbm51585657160
 ConcreteID CUSTOM = SCbi1ov95393797477457 AbstractID CUSTOM = SA18sjcyr52f275921149

	ROLE = LeftClickAt
	TARGET =
		WIDGET = WC1qqm783271893777594, WR1h6ibpb92248851252, WTdvnelt111718843361, WP191nc79233433652978
		ROLE = UIAButton
		TITLE = Playlist
		SHAPE = Rect [x:704.0 y:1044.0 w:51.0 h:22.0]
		CHILDREN = 0
		PATH = [0, 2, 0, 0, 0, 0]
	DESCRIPTION = Left Click at 'Playlist'
	TEXT = Compound Action =
		Move mouse to (729.5, 1055.0).
		Press Mouse Button BUTTON1
		Release Mouse Button BUTTON1

ExecutedAction [74]: 
 @Action ConcreteID = AClkeg897f3274402515 AbstractID = AAlkeg897f3274402515
 ConcreteID CUSTOM = ConcreteID CUSTOM not available AbstractID CUSTOM = AA11bgqon801504430269
 @State ConcreteID = SC4cgnyq3b7484622800 AbstractID = SReblvoj39a4110896717
 ConcreteID CUSTOM = SC1j67h203b81652811606 AbstractID CUSTOM = SA6raqf93b64265445569

	ROLE = LeftClickAt
	TARGET =
		WIDGET = WC11132ie26988553567, WR17v7k2nb1067391859, WT7kxrdw19266625713, WP1rp2dz8223396690116
		ROLE = UIAMenuItem
		TITLE = Playback Alt+l
		SHAPE = Rect [x:753.0 y:1020.0 w:63.0 h:20.0]
		CHILDREN = 0
		PATH = [0, 1, 1]
	DESCRIPTION = Left Click at 'Playback Alt+l'
	TEXT = Compound Action =
		Move mouse to (784.5, 1030.0).
		Press Mouse Button BUTTON1
		Release Mouse Button BUTTON1

ExecutedAction [75]: 
 @Action ConcreteID = AC17m5mf481605734181 AbstractID = AA17m5mf481605734181
 ConcreteID CUSTOM = ConcreteID CUSTOM not available AbstractID CUSTOM = AAvslujk80151713125
 @State ConcreteID = SC1q5eh8f5323261463152 AbstractID = SRu87pbm51585657160
 ConcreteID CUSTOM = SCbi1ov95393797477457 AbstractID CUSTOM = SA18sjcyr52f275921149

	ROLE = LeftClickAt
	TARGET =
		WIDGET = WCsn8pvj193222047045, WR1h6ibpb92248851252, WT1h6ibpb92248851252, WP8rar5d152012737865
		ROLE = UIAButton
		TITLE = 
		SHAPE = Rect [x:984.0 y:1363.0 w:26.0 h:26.0]
		CHILDREN = 0
		PATH = [0, 2, 1, 3]
	DESCRIPTION = Left Click at ''
	TEXT = Compound Action =
		Move mouse to (997.0, 1376.0).
		Press Mouse Button BUTTON1
		Release Mouse Button BUTTON1

ExecutedAction [76]: 
 @Action ConcreteID = AC11gx2in804251888527 AbstractID = AA11gx2in804251888527
 ConcreteID CUSTOM = ConcreteID CUSTOM not available AbstractID CUSTOM = AAsk3osx811476290418
 @State ConcreteID = SC4cgnyq3b7484622800 AbstractID = SReblvoj39a4110896717
 ConcreteID CUSTOM = SC1j67h203b81652811606 AbstractID CUSTOM = SA6raqf93b64265445569

	ROLE = LeftClickAt
	TARGET =
		WIDGET = WC16jbmg11a1783434451, WR10fgh33101836453781, WT10fgh33101836453781, WP1guga8j162634643805
		ROLE = UIACustomControl
		TITLE = 
		SHAPE = Rect [x:704.0 y:1041.0 w:600.0 h:352.0]
		CHILDREN = 2
		PATH = [0, 2]
	DESCRIPTION = Left Click at ''
	TEXT = Compound Action =
		Move mouse to (1004.0, 1217.0).
		Press Mouse Button BUTTON1
		Release Mouse Button BUTTON1

ExecutedAction [77]: 
 @Action ConcreteID = AC1r1ulhz801128412522 AbstractID = AA1r1ulhz801128412522
 ConcreteID CUSTOM = ConcreteID CUSTOM not available AbstractID CUSTOM = AA1i517s9813922917783
 @State ConcreteID = SC4cgnyq3b7484622800 AbstractID = SReblvoj39a4110896717
 ConcreteID CUSTOM = SC1j67h203b81652811606 AbstractID CUSTOM = SA6raqf93b64265445569

	ROLE = LeftClickAt
	TARGET =
		WIDGET = WCtl4gge202358536203, WR4n4ygb71694219017, WT4n4ygb71694219017, WP5xk0s1c1898872370
		ROLE = UIAList
		TITLE = 
		SHAPE = Rect [x:889.0 y:1066.0 w:415.0 h:290.0]
		CHILDREN = 0
		PATH = [0, 2, 0, 0, 3, 0, 0]
	DESCRIPTION = Left Click at ''
	TEXT = Compound Action =
		Move mouse to (1096.5, 1211.0).
		Press Mouse Button BUTTON1
		Release Mouse Button BUTTON1

ExecutedAction [78]: 
 @Action ConcreteID = AC1iqwf4j7f450449870 AbstractID = AA1iqwf4j7f450449870
 ConcreteID CUSTOM = ConcreteID CUSTOM not available AbstractID CUSTOM = AA1yhypkx802153378720
 @State ConcreteID = SC4cgnyq3b7484622800 AbstractID = SReblvoj39a4110896717
 ConcreteID CUSTOM = SC1j67h203b81652811606 AbstractID CUSTOM = SA6raqf93b64265445569

	ROLE = LeftClickAt
	TARGET =
		WIDGET = WCb8oon6272485037651, WR5quxi6b4097176690, WT5quxi6b4097176690, WP1sol99w23364482301
		ROLE = UIATreeItem
		TITLE = 
		SHAPE = Rect [x:704.0 y:1092.0 w:163.0 h:26.0]
		CHILDREN = 0
		PATH = [0, 2, 0, 0, 3, 1, 1, 1]
	DESCRIPTION = Left Click at ''
	TEXT = Compound Action =
		Move mouse to (785.5, 1105.0).
		Press Mouse Button BUTTON1
		Release Mouse Button BUTTON1

ExecutedAction [79]: 
 @Action ConcreteID = ACagyfnp802519980580 AbstractID = AAagyfnp802519980580
 ConcreteID CUSTOM = ConcreteID CUSTOM not available AbstractID CUSTOM = AAsk3osx811476290418
 @State ConcreteID = SCkm09tx3b6933814668 AbstractID = SReblvoj39a4110896717
 ConcreteID CUSTOM = SC1qx5xqu3b73913635703 AbstractID CUSTOM = SA6raqf93b64265445569

	ROLE = LeftClickAt
	TARGET =
		WIDGET = WC16jbmg11a1783434451, WR10fgh33101836453781, WT10fgh33101836453781, WP1guga8j162634643805
		ROLE = UIACustomControl
		TITLE = 
		SHAPE = Rect [x:704.0 y:1041.0 w:600.0 h:352.0]
		CHILDREN = 2
		PATH = [0, 2]
	DESCRIPTION = Left Click at ''
	TEXT = Compound Action =
		Move mouse to (1004.0, 1217.0).
		Press Mouse Button BUTTON1
		Release Mouse Button BUTTON1

ExecutedAction [80]: 
 @Action ConcreteID = ACug1rs67f1061464869 AbstractID = AAug1rs67f1061464869
 ConcreteID CUSTOM = ConcreteID CUSTOM not available AbstractID CUSTOM = AA147053u802481215003
 @State ConcreteID = SCkm09tx3b6933814668 AbstractID = SReblvoj39a4110896717
 ConcreteID CUSTOM = SC1qx5xqu3b73913635703 AbstractID CUSTOM = SA6raqf93b64265445569

	ROLE = LeftClickAt
	TARGET =
		WIDGET = WC1u4yxgu201001852223, WR4na8ob72534219213, WT4na8ob72534219213, WP3shum41c2253840902
		ROLE = UIATree
		TITLE = 
		SHAPE = Rect [x:704.0 y:1066.0 w:180.0 h:157.0]
		CHILDREN = 7
		PATH = [0, 2, 0, 0, 3, 1, 1]
	DESCRIPTION = Left Click at ''
	TEXT = Compound Action =
		Move mouse to (794.0, 1144.5).
		Press Mouse Button BUTTON1
		Release Mouse Button BUTTON1

ExecutedAction [81]: 
 @Action ConcreteID = ACrkr6b5813396626388 AbstractID = AArkr6b5813396626388
 ConcreteID CUSTOM = ConcreteID CUSTOM not available AbstractID CUSTOM = AA1gi2kgf824011489683
 @State ConcreteID = SC7my0zf3cb4029979087 AbstractID = SR5s3c383ad1850753933
 ConcreteID CUSTOM = SC6ravfd3cc2180150725 AbstractID CUSTOM = SA1w8u6i63ca3426348078

	ROLE = LeftClickAt
	TARGET =
		WIDGET = WC1fbb2e920939640774, WR10fgh33101836453781, WT10fgh33101836453781, WPdopdxv1c2306111470
		ROLE = UIACustomControl
		TITLE = 
		SHAPE = Rect [x:704.0 y:1041.0 w:600.0 h:318.0]
		CHILDREN = 4
		PATH = [0, 2, 0, 0]
	DESCRIPTION = Left Click at ''
	TEXT = Compound Action =
		Move mouse to (1004.0, 1200.0).
		Press Mouse Button BUTTON1
		Release Mouse Button BUTTON1

ExecutedAction [82]: 
 @Action ConcreteID = AC48zq6q802384532577 AbstractID = AA48zq6q802384532577
 ConcreteID CUSTOM = ConcreteID CUSTOM not available AbstractID CUSTOM = AAwjsdh0812414736339
 @State ConcreteID = SC7my0zf3cb4029979087 AbstractID = SR5s3c383ad1850753933
 ConcreteID CUSTOM = SC6ravfd3cc2180150725 AbstractID CUSTOM = SA1w8u6i63ca3426348078

	ROLE = LeftClickAt
	TARGET =
		WIDGET = WCb8ooow272787690705, WR5quxi6b4097176690, WT5quxi6b4097176690, WP1sol9bm23663743615
		ROLE = UIATreeItem
		TITLE = 
		SHAPE = Rect [x:709.0 y:1140.0 w:158.0 h:26.0]
		CHILDREN = 0
		PATH = [0, 2, 0, 0, 3, 1, 1, 3]
	DESCRIPTION = Left Click at ''
	TEXT = Compound Action =
		Move mouse to (788.0, 1153.0).
		Press Mouse Button BUTTON1
		Release Mouse Button BUTTON1

ExecutedAction [83]: 
 @Action ConcreteID = ACxhszcf812822057462 AbstractID = AAxhszcf812822057462
 ConcreteID CUSTOM = ConcreteID CUSTOM not available AbstractID CUSTOM = AA1mf4dhp822371564465
 @State ConcreteID = SC7my0zf3cb4029979087 AbstractID = SR5s3c383ad1850753933
 ConcreteID CUSTOM = SC6ravfd3cc2180150725 AbstractID CUSTOM = SA1w8u6i63ca3426348078

	ROLE = LeftClickAt
	TARGET =
		WIDGET = WCezylrw213754510323, WR1e04pz3e358922214, WT1e04pz3e358922214, WP1y99m6i1d2845979881
		ROLE = UIASplitButton
		TITLE = 
		SHAPE = Rect [x:1021.0 y:1044.0 w:23.0 h:22.0]
		CHILDREN = 0
		PATH = [0, 2, 0, 0, 1]
	DESCRIPTION = Left Click at ''
	TEXT = Compound Action =
		Move mouse to (1032.5, 1055.0).
		Press Mouse Button BUTTON1
		Release Mouse Button BUTTON1

ExecutedAction [84]: 
 @Action ConcreteID = ACbc56v580961437734 AbstractID = AAbc56v580961437734
 ConcreteID CUSTOM = ConcreteID CUSTOM not available AbstractID CUSTOM = AArmcof9813639348241
 @State ConcreteID = SCj4o6ss3e01062288214 AbstractID = SRs7hd7b3c03707207909
 ConcreteID CUSTOM = SC1ud105a3e0303263888 AbstractID CUSTOM = SA100vsae3de1541076236

	ROLE = LeftClickAt
	TARGET =
		WIDGET = WC41bsun282622999846, WR1h6ibpb92248851252, WT1u0ptgt12975207968, WP1bkhc8x242086074223
		ROLE = UIAButton
		TITLE = My Videos
		SHAPE = Rect [x:704.0 y:1044.0 w:67.0 h:22.0]
		CHILDREN = 0
		PATH = [0, 2, 0, 0, 0, 0]
	DESCRIPTION = Left Click at 'My Videos'
	TEXT = Compound Action =
		Move mouse to (737.5, 1055.0).
		Press Mouse Button BUTTON1
		Release Mouse Button BUTTON1

ExecutedAction [85]: 
 @Action ConcreteID = ACoq8h4i811665225240 AbstractID = AAoq8h4i811665225240
 ConcreteID CUSTOM = ConcreteID CUSTOM not available AbstractID CUSTOM = AAwaw7m6823676132731
 @State ConcreteID = SCj4o6ss3e01062288214 AbstractID = SRs7hd7b3c03707207909
 ConcreteID CUSTOM = SC1ud105a3e0303263888 AbstractID CUSTOM = SA100vsae3de1541076236

	ROLE = LeftClickAt
	TARGET =
		WIDGET = WC16jbmg11a1783434451, WR10fgh33101836453781, WT10fgh33101836453781, WP1guga8j162634643805
		ROLE = UIACustomControl
		TITLE = 
		SHAPE = Rect [x:704.0 y:1041.0 w:600.0 h:352.0]
		CHILDREN = 2
		PATH = [0, 2]
	DESCRIPTION = Left Click at ''
	TEXT = Compound Action =
		Move mouse to (1004.0, 1217.0).
		Press Mouse Button BUTTON1
		Release Mouse Button BUTTON1

ExecutedAction [86]: 
 @Action ConcreteID = AC10l11ln803017801790 AbstractID = AA10l11ln803017801790
 ConcreteID CUSTOM = ConcreteID CUSTOM not available AbstractID CUSTOM = AA1gv8j5r811380084745
 @State ConcreteID = SCj4o6ss3e01062288214 AbstractID = SRs7hd7b3c03707207909
 ConcreteID CUSTOM = SC1ud105a3e0303263888 AbstractID CUSTOM = SA100vsae3de1541076236

	ROLE = LeftClickAt
	TARGET =
		WIDGET = WC1wr6twp233179607085, WR17v7k2nb1067391859, WTwtxn65161410781764, WPzq9smv1f824583798
		ROLE = UIAMenuItem
		TITLE = Tools Alt+s
		SHAPE = Rect [x:966.0 y:1020.0 w:43.0 h:20.0]
		CHILDREN = 0
		PATH = [0, 1, 5]
	DESCRIPTION = Left Click at 'Tools Alt+s'
	TEXT = Compound Action =
		Move mouse to (987.5, 1030.0).
		Press Mouse Button BUTTON1
		Release Mouse Button BUTTON1

ExecutedAction [87]: 
 @Action ConcreteID = AC8o06dt81535547838 AbstractID = AA8o06dt81535547838
 ConcreteID CUSTOM = ConcreteID CUSTOM not available AbstractID CUSTOM = AAh55f5y80881281058
 @State ConcreteID = SC16pwue84cf2775507620 AbstractID = SR14a2emm4af1996207339
 ConcreteID CUSTOM = SC17s8ohi4d21724745718 AbstractID CUSTOM = SAtlexdp4cb4119757733

	ROLE = LeftClickAt
	TARGET =
		WIDGET = WCb8oomb272365954834, WR5quxi6b4097176690, WT5quxi6b4097176690, WP1sol99123211992508
		ROLE = UIATreeItem
		TITLE = 
		SHAPE = Rect [x:704.0 y:1066.0 w:163.0 h:26.0]
		CHILDREN = 0
		PATH = [0, 2, 0, 0, 3, 1, 1, 0]
	DESCRIPTION = Left Click at ''
	TEXT = Compound Action =
		Move mouse to (785.5, 1079.0).
		Press Mouse Button BUTTON1
		Release Mouse Button BUTTON1

ExecutedAction [88]: 
 @Action ConcreteID = AC1jl1w9x7f4131336342 AbstractID = AA1jl1w9x7f4131336342
 ConcreteID CUSTOM = ConcreteID CUSTOM not available AbstractID CUSTOM = AAb04r7801824494328
 @State ConcreteID = SC4cgnyq3b7484622800 AbstractID = SReblvoj39a4110896717
 ConcreteID CUSTOM = SC1j67h203b81652811606 AbstractID CUSTOM = SA6raqf93b64265445569

	ROLE = LeftClickAt
	TARGET =
		WIDGET = WCo9m3kz234253084318, WR17v7k2nb1067391859, WT1faw5jq16422026351, WPzr9m5t1f4278635332
		ROLE = UIAMenuItem
		TITLE = Audio Alt+A
		SHAPE = Rect [x:816.0 y:1020.0 w:48.0 h:20.0]
		CHILDREN = 0
		PATH = [0, 1, 2]
	DESCRIPTION = Left Click at 'Audio Alt+A'
	TEXT = Compound Action =
		Move mouse to (840.0, 1030.0).
		Press Mouse Button BUTTON1
		Release Mouse Button BUTTON1

ExecutedAction [89]: 
 @Action ConcreteID = AC1l948c0802910420923 AbstractID = AA1l948c0802910420923
 ConcreteID CUSTOM = ConcreteID CUSTOM not available AbstractID CUSTOM = AA17zj7qt803266715993
 @State ConcreteID = SC1cknsx147d872195919 AbstractID = SR1e90jow4611357769617
 ConcreteID CUSTOM = SChrzpaq47c2709957772 AbstractID CUSTOM = SAo9zpl147d4232323023

	ROLE = LeftClickAt
	TARGET =
		WIDGET = WCb8ooo1273207854480, WR5quxi6b4097176690, WT5quxi6b4097176690, WP1sol9ar231049943358
		ROLE = UIATreeItem
		TITLE = 
		SHAPE = Rect [x:704.0 y:1118.0 w:163.0 h:22.0]
		CHILDREN = 0
		PATH = [0, 2, 0, 0, 3, 1, 1, 2]
	DESCRIPTION = Left Click at ''
	TEXT = Compound Action =
		Move mouse to (785.5, 1129.0).
		Press Mouse Button BUTTON1
		Release Mouse Button BUTTON1

ExecutedAction [90]: 
 @Action ConcreteID = ACwhdnyv802020859501 AbstractID = AAwhdnyv802020859501
 ConcreteID CUSTOM = ConcreteID CUSTOM not available AbstractID CUSTOM = AAnkka95813538096784
 @State ConcreteID = SC4cgnyq3b7484622800 AbstractID = SReblvoj39a4110896717
 ConcreteID CUSTOM = SC1j67h203b81652811606 AbstractID CUSTOM = SA6raqf93b64265445569

	ROLE = LeftClickAt
	TARGET =
		WIDGET = WCezylrw213754510323, WR1e04pz3e358922214, WT1e04pz3e358922214, WP1y99m6i1d2845979881
		ROLE = UIASplitButton
		TITLE = 
		SHAPE = Rect [x:1021.0 y:1044.0 w:23.0 h:22.0]
		CHILDREN = 0
		PATH = [0, 2, 0, 0, 1]
	DESCRIPTION = Left Click at ''
	TEXT = Compound Action =
		Move mouse to (1032.5, 1055.0).
		Press Mouse Button BUTTON1
		Release Mouse Button BUTTON1

ExecutedAction [91]: 
 @Action ConcreteID = AC3vyzgy813579626140 AbstractID = AA3vyzgy813579626140
 ConcreteID CUSTOM = ConcreteID CUSTOM not available AbstractID CUSTOM = AAoar49881956636214
 @State ConcreteID = SC1jkpmio3f52508856159 AbstractID = SRwthb063d64156856816
 ConcreteID CUSTOM = SC1nuvzwm3f61362163721 AbstractID CUSTOM = SA1kq15zk3f64097391204

	ROLE = LeftClickAt
	TARGET =
		WIDGET = WCb8oopr273915996694, WR5quxi6b4097176690, WT5quxi6b4097176690, WP1sol9ch231758362296
		ROLE = UIATreeItem
		TITLE = 
		SHAPE = Rect [x:709.0 y:1166.0 w:158.0 h:26.0]
		CHILDREN = 0
		PATH = [0, 2, 0, 0, 3, 1, 1, 4]
	DESCRIPTION = Left Click at ''
	TEXT = Compound Action =
		Move mouse to (788.0, 1179.0).
		Press Mouse Button BUTTON1
		Release Mouse Button BUTTON1

ExecutedAction [92]: 
 @Action ConcreteID = AC1ym9o9x824111825886 AbstractID = AA1ym9o9x824111825886
 ConcreteID CUSTOM = ConcreteID CUSTOM not available AbstractID CUSTOM = AA16n362d7f398575536
 @State ConcreteID = SC1a74qi86f31904443679 AbstractID = SR1006gwm6a82120033863
 ConcreteID CUSTOM = SC178gekb6f72850556911 AbstractID CUSTOM = SAc5ggrj6ed29833720

	ROLE = LeftClickAt
	TARGET =
		WIDGET = WC117me3u22367970642, WR17v7k2nb1067391859, WT1y895rf152412617792, WP15oh92w1e2024737031
		ROLE = UIAMenuItem
		TITLE = View Alt+i
		SHAPE = Rect [x:1009.0 y:1020.0 w:41.0 h:20.0]
		CHILDREN = 0
		PATH = [0, 1, 6]
	DESCRIPTION = Left Click at 'View Alt+i'
	TEXT = Compound Action =
		Move mouse to (1029.5, 1030.0).
		Press Mouse Button BUTTON1
		Release Mouse Button BUTTON1

ExecutedAction [93]: 
 @Action ConcreteID = AC1t39r5a812136636021 AbstractID = AA1t39r5a812136636021
 ConcreteID CUSTOM = ConcreteID CUSTOM not available AbstractID CUSTOM = AA19p7fp181656425968
 @State ConcreteID = SCx74grw81f2392581452 AbstractID = SR1waf2i57d33337022545
 ConcreteID CUSTOM = SCapi9lh8281182936966 AbstractID CUSTOM = SAr8dq6s8163106588639

	ROLE = LeftClickAt
	TARGET =
		WIDGET = WCxdhj622d4046090061, WR5quxi6b4097176690, WT195glen10103067908, WP1jkoec8291839220875
		ROLE = UIATreeItem
		TITLE = 00:03
		SHAPE = Rect [x:1090.0 y:1112.0 w:80.0 h:22.0]
		CHILDREN = 0
		PATH = [0, 2, 0, 0, 3, 0, 14, 7]
	DESCRIPTION = Left Click at '00:03'
	TEXT = Compound Action =
		Move mouse to (1130.0, 1123.0).
		Press Mouse Button BUTTON1
		Release Mouse Button BUTTON1

ExecutedAction [94]: 
 @Action ConcreteID = ACbfonhc8126173688 AbstractID = AAbfonhc8126173688
 ConcreteID CUSTOM = ConcreteID CUSTOM not available AbstractID CUSTOM = AAqklvgw7e1833507377
 @State ConcreteID = SC1a74qi86f31904443679 AbstractID = SR1006gwm6a82120033863
 ConcreteID CUSTOM = SC178gekb6f72850556911 AbstractID CUSTOM = SAc5ggrj6ed29833720

	ROLE = LeftClickAt
	TARGET =
		WIDGET = WC11132ie26988553567, WR17v7k2nb1067391859, WT7kxrdw19266625713, WP1rp2dz8223396690116
		ROLE = UIAMenuItem
		TITLE = Playback Alt+l
		SHAPE = Rect [x:753.0 y:1020.0 w:63.0 h:20.0]
		CHILDREN = 0
		PATH = [0, 1, 1]
	DESCRIPTION = Left Click at 'Playback Alt+l'
	TEXT = Compound Action =
		Move mouse to (784.5, 1030.0).
		Press Mouse Button BUTTON1
		Release Mouse Button BUTTON1

ExecutedAction [95]: 
 @Action ConcreteID = AC1qffqmj821147098222 AbstractID = AA1qffqmj821147098222
 ConcreteID CUSTOM = ConcreteID CUSTOM not available AbstractID CUSTOM = AA1slhjmr803978788076
 @State ConcreteID = SC1byn1ul86e1771030699 AbstractID = SRshqasl8233496511440
 ConcreteID CUSTOM = SC1eobj7y8781788444930 AbstractID CUSTOM = SAlulpmp866498196050

	ROLE = LeftClickAt
	TARGET =
		WIDGET = WChqbh0c7b1538821146, WR5quxi6b4097176690, WT9bqrmx5d2715086797, WPxtawr2773020526643
		ROLE = UIATreeItem
		TITLE = vlc-record-2019-09-01-00h31m51s-vlc-record-2019-08-31-15h51m01s-dshow___-.wav-.wav
		SHAPE = Rect [x:910.0 y:1200.0 w:180.0 h:22.0]
		CHILDREN = 0
		PATH = [0, 2, 0, 0, 3, 0, 14, 18]
	DESCRIPTION = Left Click at 'vlc-record-2019-09-01-00h31m51s-vlc-record-2019-08-31-15h51m01s-dshow___-.wav-.wav'
	TEXT = Compound Action =
		Move mouse to (1000.0, 1211.0).
		Press Mouse Button BUTTON1
		Release Mouse Button BUTTON1

ExecutedAction [96]: 
 @Action ConcreteID = AC18mrhy6822134173896 AbstractID = AA18mrhy6822134173896
 ConcreteID CUSTOM = ConcreteID CUSTOM not available AbstractID CUSTOM = AAgnkzqm7f2648724646
 @State ConcreteID = SC1a74qi86f31904443679 AbstractID = SR1006gwm6a82120033863
 ConcreteID CUSTOM = SC178gekb6f72850556911 AbstractID CUSTOM = SAc5ggrj6ed29833720

	ROLE = LeftClickAt
	TARGET =
		WIDGET = WC1nnlixh563959323527, WR5quxi6b4097176690, WTevswgt381946455505, WP1ebsrd3523565019325
		ROLE = UIATreeItem
		TITLE = vlc-record-2019-09-01-03h26m34s-dshow___-.wav
		SHAPE = Rect [x:910.0 y:1244.0 w:180.0 h:22.0]
		CHILDREN = 0
		PATH = [0, 2, 0, 0, 3, 0, 14, 24]
	DESCRIPTION = Left Click at 'vlc-record-2019-09-01-03h26m34s-dshow___-.wav'
	TEXT = Compound Action =
		Move mouse to (1000.0, 1255.0).
		Press Mouse Button BUTTON1
		Release Mouse Button BUTTON1

ExecutedAction [97]: 
 @Action ConcreteID = AC134lycf824182547505 AbstractID = AA134lycf824182547505
 ConcreteID CUSTOM = ConcreteID CUSTOM not available AbstractID CUSTOM = AAb5fg4v7f462954591
 @State ConcreteID = SC1a74qi86f31904443679 AbstractID = SR1006gwm6a82120033863
 ConcreteID CUSTOM = SC178gekb6f72850556911 AbstractID CUSTOM = SAc5ggrj6ed29833720

	ROLE = LeftClickAt
	TARGET =
		WIDGET = WCsn8pwe192404196226, WR1h6ibpb92248851252, WT1h6ibpb92248851252, WP8rar6815951478158
		ROLE = UIAButton
		TITLE = 
		SHAPE = Rect [x:1010.0 y:1363.0 w:26.0 h:26.0]
		CHILDREN = 0
		PATH = [0, 2, 1, 4]
	DESCRIPTION = Left Click at ''
	TEXT = Compound Action =
		Move mouse to (1023.0, 1376.0).
		Press Mouse Button BUTTON1
		Release Mouse Button BUTTON1

ExecutedAction [98]: 
 @Action ConcreteID = ACtws9zg811825765276 AbstractID = AAtws9zg811825765276
 ConcreteID CUSTOM = ConcreteID CUSTOM not available AbstractID CUSTOM = AA191phz07e1346901
 @State ConcreteID = SC1a74qi86f31904443679 AbstractID = SR1006gwm6a82120033863
 ConcreteID CUSTOM = SC178gekb6f72850556911 AbstractID CUSTOM = SAc5ggrj6ed29833720

	ROLE = LeftClickAt
	TARGET =
		WIDGET = WCb8ooo1273207854480, WR5quxi6b4097176690, WT5quxi6b4097176690, WP1sol9ar231049943358
		ROLE = UIATreeItem
		TITLE = 
		SHAPE = Rect [x:704.0 y:1118.0 w:163.0 h:22.0]
		CHILDREN = 0
		PATH = [0, 2, 0, 0, 3, 1, 1, 2]
	DESCRIPTION = Left Click at ''
	TEXT = Compound Action =
		Move mouse to (785.5, 1129.0).
		Press Mouse Button BUTTON1
		Release Mouse Button BUTTON1

ExecutedAction [99]: 
 @Action ConcreteID = AC7j5j8o821360066245 AbstractID = AA7j5j8o821360066245
 ConcreteID CUSTOM = ConcreteID CUSTOM not available AbstractID CUSTOM = AA1el33087f3015985835
 @State ConcreteID = SC1a74qi86f31904443679 AbstractID = SR1006gwm6a82120033863
 ConcreteID CUSTOM = SC178gekb6f72850556911 AbstractID CUSTOM = SAc5ggrj6ed29833720

	ROLE = LeftClickAt
	TARGET =
		WIDGET = WC16jbmg11a1783434451, WR10fgh33101836453781, WT10fgh33101836453781, WP1guga8j162634643805
		ROLE = UIACustomControl
		TITLE = 
		SHAPE = Rect [x:704.0 y:1041.0 w:600.0 h:352.0]
		CHILDREN = 2
		PATH = [0, 2]
	DESCRIPTION = Left Click at ''
	TEXT = Compound Action =
		Move mouse to (1004.0, 1217.0).
		Press Mouse Button BUTTON1
		Release Mouse Button BUTTON1

ExecutedAction [100]: 
 @Action ConcreteID = AC1n0wr7i822857251894 AbstractID = AA1n0wr7i822857251894
 ConcreteID CUSTOM = ConcreteID CUSTOM not available AbstractID CUSTOM = AAv1q8zy7f1218087000
 @State ConcreteID = SC1a74qi86f31904443679 AbstractID = SR1006gwm6a82120033863
 ConcreteID CUSTOM = SC178gekb6f72850556911 AbstractID CUSTOM = SAc5ggrj6ed29833720

	ROLE = LeftClickAt
	TARGET =
		WIDGET = WC12aknyi552947071355, WR5quxi6b4097176690, WTnwqx5p382331487666, WP1t87deg513394104464
		ROLE = UIATreeItem
		TITLE = vlc-record-2019-08-31-13h19m15s-dshow___-.wav
		SHAPE = Rect [x:910.0 y:1134.0 w:180.0 h:22.0]
		CHILDREN = 0
		PATH = [0, 2, 0, 0, 3, 0, 14, 9]
	DESCRIPTION = Left Click at 'vlc-record-2019-08-31-13h19m15s-dshow___-.wav'
	TEXT = Compound Action =
		Move mouse to (1000.0, 1145.0).
		Press Mouse Button BUTTON1
		Release Mouse Button BUTTON1

Sequence 1 finished.
Copying generated sequence ("sequence976") to output directory...
Copying classified sequence ("sequence976") to sequences_ok folder...
