Starting sequence 1 (output as: sequence874)

ExecutedAction [1]: 
 @Action ConcreteID = AC1p1lndz802433711318 AbstractID = AA1p1lndz802433711318
 ConcreteID CUSTOM = ConcreteID CUSTOM not available AbstractID CUSTOM = AA1pkbp8d8064258721
 @State ConcreteID = SC1nc411o4961529421974 AbstractID = SRx1ik4a474333690124
 ConcreteID CUSTOM = SC1n8pk4e495298478986 AbstractID CUSTOM = SA12laes84902498637855

	ROLE = LeftClickAt
	TARGET =
		WIDGET = WC1ulc3am262005825686, WR17v7k2nb1067391859, WTpcm71l192027518401, WPtkzlz0223118695362
		ROLE = UIAMenuItem
		TITLE = Subtitle Alt+t
		SHAPE = Rect [x:866.0 y:370.0 w:56.0 h:20.0]
		CHILDREN = 0
		PATH = [0, 1, 4]
	DESCRIPTION = Left Click at 'Subtitle Alt+t'
	TEXT = Compound Action =
		Move mouse to (894.0, 380.0).
		Press Mouse Button BUTTON1
		Release Mouse Button BUTTON1

ExecutedAction [2]: 
 @Action ConcreteID = AC1mtrqhd7f2221918686 AbstractID = AA1mtrqhd7f2221918686
 ConcreteID CUSTOM = ConcreteID CUSTOM not available AbstractID CUSTOM = AA1lmse3t801743875370
 @State ConcreteID = SCsrnkwr4d23027281739 AbstractID = SR1bssthd4af4070864674
 ConcreteID CUSTOM = SCjvpltw4d13733213086 AbstractID CUSTOM = SA1db9m964cb1988601731

	ROLE = LeftClickAt
	TARGET =
		WIDGET = WCsnsikc193821024913, WR1h6ibpb92248851252, WT1h6ibpb92248851252, WP8ruju6151413172893
		ROLE = UIAButton
		TITLE = 
		SHAPE = Rect [x:823.0 y:395.0 w:26.0 h:26.0]
		CHILDREN = 0
		PATH = [0, 2, 2, 7]
	DESCRIPTION = Left Click at ''
	TEXT = Compound Action =
		Move mouse to (836.0, 408.0).
		Press Mouse Button BUTTON1
		Release Mouse Button BUTTON1

ExecutedAction [3]: 
 @Action ConcreteID = AC1k7hir97f3270272244 AbstractID = AA1k7hir97f3270272244
 ConcreteID CUSTOM = ConcreteID CUSTOM not available AbstractID CUSTOM = AA1tmxmwu7f1036313518
 @State ConcreteID = SCuyuhmv2ed1671011042 AbstractID = SRrwz38n2e02745166178
 ConcreteID CUSTOM = SCilua512e62032480990 AbstractID CUSTOM = SA66n57f2eb1498926942

	ROLE = LeftClickAt
	TARGET =
		WIDGET = WCkthkjg1d3961490386, WR10fgh33101836453781, WT10fgh33101836453781, WP34gkui19609072533
		ROLE = UIACustomControl
		TITLE = 
		SHAPE = Rect [x:660.0 y:455.0 w:485.0 h:26.0]
		CHILDREN = 3
		PATH = [0, 2, 1]
	DESCRIPTION = Left Click at ''
	TEXT = Compound Action =
		Move mouse to (902.5, 468.0).
		Press Mouse Button BUTTON1
		Release Mouse Button BUTTON1

ExecutedAction [4]: 
 @Action ConcreteID = AC15v69qf7f1661396164 AbstractID = AA15v69qf7f1661396164
 ConcreteID CUSTOM = ConcreteID CUSTOM not available AbstractID CUSTOM = AA1famdw07f2620285854
 @State ConcreteID = SCuyuhmv2ed1671011042 AbstractID = SRrwz38n2e02745166178
 ConcreteID CUSTOM = SCilua512e62032480990 AbstractID CUSTOM = SA66n57f2eb1498926942

	ROLE = LeftClickAt
	TARGET =
		WIDGET = WCsnsil7191683499614, WR1h6ibpb92248851252, WT1h6ibpb92248851252, WP8rujv1153550696018
		ROLE = UIAButton
		TITLE = 
		SHAPE = Rect [x:849.0 y:395.0 w:26.0 h:26.0]
		CHILDREN = 0
		PATH = [0, 2, 2, 8]
	DESCRIPTION = Left Click at ''
	TEXT = Compound Action =
		Move mouse to (862.0, 408.0).
		Press Mouse Button BUTTON1
		Release Mouse Button BUTTON1

ExecutedAction [5]: 
 @Action ConcreteID = AC42qsok7f2574840867 AbstractID = AA42qsok7f2574840867
 ConcreteID CUSTOM = ConcreteID CUSTOM not available AbstractID CUSTOM = AA1urr90q802479950761
 @State ConcreteID = SC19r8yws795222797174 AbstractID = SR4xt67l75f2930513966
 ConcreteID CUSTOM = SC1ee3edn7b21901514642 AbstractID CUSTOM = SA1jm3rni7a21371765722

	ROLE = LeftClickAt
	TARGET =
		WIDGET = WCirnc502f1748013850, WR10fgh33101836453781, WT10fgh33101836453781, WPhqywhu2b1330188361
		ROLE = UIACustomControl
		TITLE = 
		SHAPE = Rect [x:306.0 y:462.0 w:342.0 h:271.0]
		CHILDREN = 30
		PATH = [0, 0, 1, 0, 0, 0, 0, 0, 6]
	DESCRIPTION = Left Click at ''
	TEXT = Compound Action =
		Move mouse to (477.0, 597.5).
		Press Mouse Button BUTTON1
		Release Mouse Button BUTTON1

ExecutedAction [6]: 
 @Action ConcreteID = AC1rrnw187f1215523036 AbstractID = AA1rrnw187f1215523036
 ConcreteID CUSTOM = ConcreteID CUSTOM not available AbstractID CUSTOM = AA1jfkaea801121621846
 @State ConcreteID = SC19r8yws795222797174 AbstractID = SR4xt67l75f2930513966
 ConcreteID CUSTOM = SC1ee3edn7b21901514642 AbstractID CUSTOM = SA1jm3rni7a21371765722

	ROLE = LeftClickAt
	TARGET =
		WIDGET = WCku1d5o1d4199739809, WR10fgh33101836453781, WT10fgh33101836453781, WP350dgq19838914022
		ROLE = UIACustomControl
		TITLE = 
		SHAPE = Rect [x:660.0 y:391.0 w:485.0 h:34.0]
		CHILDREN = 11
		PATH = [0, 3, 2]
	DESCRIPTION = Left Click at ''
	TEXT = Compound Action =
		Move mouse to (902.5, 408.0).
		Press Mouse Button BUTTON1
		Release Mouse Button BUTTON1

ExecutedAction [7]: 
 @Action ConcreteID = AC5v30d07f3357555779 AbstractID = AA5v30d07f3357555779
 ConcreteID CUSTOM = ConcreteID CUSTOM not available AbstractID CUSTOM = AA1wk3gp6803263808457
 @State ConcreteID = SC19r8yws795222797174 AbstractID = SR4xt67l75f2930513966
 ConcreteID CUSTOM = SC1ee3edn7b21901514642 AbstractID CUSTOM = SA1jm3rni7a21371765722

	ROLE = LeftClickAt
	TARGET =
		WIDGET = WC1lhezi8191377681994, WR1h6ibpb92248851252, WT1h6ibpb92248851252, WP11lh0s2153857103430
		ROLE = UIAButton
		TITLE = 
		SHAPE = Rect [x:663.0 y:392.0 w:32.0 h:32.0]
		CHILDREN = 0
		PATH = [0, 3, 2, 2]
	DESCRIPTION = Left Click at ''
	TEXT = Compound Action =
		Move mouse to (679.0, 408.0).
		Press Mouse Button BUTTON1
		Release Mouse Button BUTTON1

ExecutedAction [8]: 
 @Action ConcreteID = AC1ypccag7f2288163398 AbstractID = AA1ypccag7f2288163398
 ConcreteID CUSTOM = ConcreteID CUSTOM not available AbstractID CUSTOM = AA1qd8qni802194367948
 @State ConcreteID = SC19r8yws795222797174 AbstractID = SR4xt67l75f2930513966
 ConcreteID CUSTOM = SC1ee3edn7b21901514642 AbstractID CUSTOM = SA1jm3rni7a21371765722

	ROLE = LeftClickAt
	TARGET =
		WIDGET = WC1n98eey23743137595, WR10fgh33101836453781, WT10fgh33101836453781, WPr1hwi01f3737083353
		ROLE = UIACustomControl
		TITLE = 
		SHAPE = Rect [x:252.0 y:394.0 w:418.0 h:361.0]
		CHILDREN = 1
		PATH = [0, 0, 1, 0, 0]
	DESCRIPTION = Left Click at ''
	TEXT = Compound Action =
		Move mouse to (461.0, 574.5).
		Press Mouse Button BUTTON1
		Release Mouse Button BUTTON1

ExecutedAction [9]: 
 @Action ConcreteID = AC13er2gt80549953145 AbstractID = AA13er2gt80549953145
 ConcreteID CUSTOM = ConcreteID CUSTOM not available AbstractID CUSTOM = AA14u6mxx80510189706
 @State ConcreteID = SC150mbis7951525297240 AbstractID = SR4xt67l75f2930513966
 ConcreteID CUSTOM = SCnix8f87b41804791191 AbstractID CUSTOM = SA1jm3rni7a21371765722

	ROLE = LeftClickAt
	TARGET =
		WIDGET = WCudm5vj2e1662650780, WR1k8fo0ra1109144095, WT1u6eeu5122310558738, WP1ennb5d2a2628714310
		ROLE = UIATabItem
		TITLE = Advanced
		SHAPE = Rect [x:581.0 y:403.0 w:72.0 h:21.0]
		CHILDREN = 0
		PATH = [0, 0, 1, 0, 0, 0, 1, 4]
	DESCRIPTION = Left Click at 'Advanced'
	TEXT = Compound Action =
		Move mouse to (617.0, 413.5).
		Press Mouse Button BUTTON1
		Release Mouse Button BUTTON1

ExecutedAction [10]: 
 @Action ConcreteID = AC193lc4x801220747296 AbstractID = AA193lc4x801220747296
 ConcreteID CUSTOM = ConcreteID CUSTOM not available AbstractID CUSTOM = AAzatztj7f4096397817
 @State ConcreteID = SC1gbwa6050c1632652928 AbstractID = SR1tmk5924f61878647202
 ConcreteID CUSTOM = SCpvusjl5153453152412 AbstractID CUSTOM = SA1rz8s95044140448975

	ROLE = LeftClickAt
	TARGET =
		WIDGET = WC1ulvvvz26808321606, WR17v7k2nb1067391859, WTpcm71l192027518401, WPtljekd224265867538
		ROLE = UIAMenuItem
		TITLE = Subtitle Alt+t
		SHAPE = Rect [x:866.0 y:370.0 w:56.0 h:20.0]
		CHILDREN = 0
		PATH = [0, 2, 4]
	DESCRIPTION = Left Click at 'Subtitle Alt+t'
	TEXT = Compound Action =
		Move mouse to (894.0, 380.0).
		Press Mouse Button BUTTON1
		Release Mouse Button BUTTON1

ExecutedAction [11]: 
 @Action ConcreteID = AC3fwe0z7f804033013 AbstractID = AA3fwe0z7f804033013
 ConcreteID CUSTOM = ConcreteID CUSTOM not available AbstractID CUSTOM = AAhl5gzx7f2531654329
 @State ConcreteID = SCxk3wrj5483088980301 AbstractID = SR17pewsl5312471106688
 ConcreteID CUSTOM = SC1hf0t2h551404428295 AbstractID CUSTOM = SA40ibxf53f3499460912

	ROLE = LeftClickAt
	TARGET =
		WIDGET = WC1n98eey23743137595, WR10fgh33101836453781, WT10fgh33101836453781, WPr1hwi01f3737083353
		ROLE = UIACustomControl
		TITLE = 
		SHAPE = Rect [x:252.0 y:394.0 w:418.0 h:361.0]
		CHILDREN = 1
		PATH = [0, 0, 1, 0, 0]
	DESCRIPTION = Left Click at ''
	TEXT = Compound Action =
		Move mouse to (461.0, 574.5).
		Press Mouse Button BUTTON1
		Release Mouse Button BUTTON1

ExecutedAction [12]: 
 @Action ConcreteID = AC1hiuto8811390560167 AbstractID = AA1hiuto8811390560167
 ConcreteID CUSTOM = ConcreteID CUSTOM not available AbstractID CUSTOM = AAxvrfrm802907816166
 @State ConcreteID = SC1gbwa6050c1632652928 AbstractID = SR1tmk5924f61878647202
 ConcreteID CUSTOM = SCpvusjl5153453152412 AbstractID CUSTOM = SA1rz8s95044140448975

	ROLE = LeftClickAt
	TARGET =
		WIDGET = WC94x2o2202389414968, WR10fgh33101836453781, WT10fgh33101836453781, WP16jfg6s1c1058939920
		ROLE = UIACustomControl
		TITLE = 
		SHAPE = Rect [x:1031.0 y:392.0 w:101.0 h:32.0]
		CHILDREN = 2
		PATH = [0, 3, 2, 0]
	DESCRIPTION = Left Click at ''
	TEXT = Compound Action =
		Move mouse to (1081.5, 408.0).
		Press Mouse Button BUTTON1
		Release Mouse Button BUTTON1

ExecutedAction [13]: 
 @Action ConcreteID = AC1jr3iq5802593417918 AbstractID = AA1jr3iq5802593417918
 ConcreteID CUSTOM = ConcreteID CUSTOM not available AbstractID CUSTOM = AA19yc6er7f645749607
 @State ConcreteID = SC1gbwa6050c1632652928 AbstractID = SR1tmk5924f61878647202
 ConcreteID CUSTOM = SCpvusjl5153453152412 AbstractID CUSTOM = SA1rz8s95044140448975

	ROLE = LeftClickAt
	TARGET =
		WIDGET = WCv32r2k2323202859, WR17v7k2nb1067391859, WT12et6eo161830467638, WP187i2561f1884996562
		ROLE = UIAMenuItem
		TITLE = Media Alt+M
		SHAPE = Rect [x:660.0 y:370.0 w:49.0 h:20.0]
		CHILDREN = 0
		PATH = [0, 2, 0]
	DESCRIPTION = Left Click at 'Media Alt+M'
	TEXT = Compound Action =
		Move mouse to (684.5, 380.0).
		Press Mouse Button BUTTON1
		Release Mouse Button BUTTON1

ExecutedAction [14]: 
 @Action ConcreteID = AC6i79zd80824580946 AbstractID = AA6i79zd80824580946
 ConcreteID CUSTOM = ConcreteID CUSTOM not available AbstractID CUSTOM = AAgxmmqc804271060063
 @State ConcreteID = SC1sul5ax64c3186346122 AbstractID = SR101e2mj635205401444
 ConcreteID CUSTOM = SCj42wgw6563798658225 AbstractID CUSTOM = SA1qs32nl6402873309351

	ROLE = LeftClickAt
	TARGET =
		WIDGET = WC1wrqmi2234196699901, WR17v7k2nb1067391859, WTwtxn65161410781764, WPzqtl881f1988517030
		ROLE = UIAMenuItem
		TITLE = Tools Alt+s
		SHAPE = Rect [x:922.0 y:370.0 w:43.0 h:20.0]
		CHILDREN = 0
		PATH = [0, 2, 5]
	DESCRIPTION = Left Click at 'Tools Alt+s'
	TEXT = Compound Action =
		Move mouse to (943.5, 380.0).
		Press Mouse Button BUTTON1
		Release Mouse Button BUTTON1

ExecutedAction [15]: 
 @Action ConcreteID = AC1jr3iq5802593417918 AbstractID = AA1jr3iq5802593417918
 ConcreteID CUSTOM = ConcreteID CUSTOM not available AbstractID CUSTOM = AA19yc6er7f645749607
 @State ConcreteID = SC1gbwa6050c1632652928 AbstractID = SR1tmk5924f61878647202
 ConcreteID CUSTOM = SCpvusjl5153453152412 AbstractID CUSTOM = SA1rz8s95044140448975

	ROLE = LeftClickAt
	TARGET =
		WIDGET = WCv32r2k2323202859, WR17v7k2nb1067391859, WT12et6eo161830467638, WP187i2561f1884996562
		ROLE = UIAMenuItem
		TITLE = Media Alt+M
		SHAPE = Rect [x:660.0 y:370.0 w:49.0 h:20.0]
		CHILDREN = 0
		PATH = [0, 2, 0]
	DESCRIPTION = Left Click at 'Media Alt+M'
	TEXT = Compound Action =
		Move mouse to (684.5, 380.0).
		Press Mouse Button BUTTON1
		Release Mouse Button BUTTON1

ExecutedAction [16]: 
 @Action ConcreteID = ACxelcgv801222940089 AbstractID = AAxelcgv801222940089
 ConcreteID CUSTOM = ConcreteID CUSTOM not available AbstractID CUSTOM = AA17u0p7u802270280372
 @State ConcreteID = SC1sul5ax64c3186346122 AbstractID = SR101e2mj635205401444
 ConcreteID CUSTOM = SCj42wgw6563798658225 AbstractID CUSTOM = SA1qs32nl6402873309351

	ROLE = LeftClickAt
	TARGET =
		WIDGET = WC1lhezi8191377681994, WR1h6ibpb92248851252, WT1h6ibpb92248851252, WP11lh0s2153857103430
		ROLE = UIAButton
		TITLE = 
		SHAPE = Rect [x:663.0 y:392.0 w:32.0 h:32.0]
		CHILDREN = 0
		PATH = [0, 3, 2, 2]
	DESCRIPTION = Left Click at ''
	TEXT = Compound Action =
		Move mouse to (679.0, 408.0).
		Press Mouse Button BUTTON1
		Release Mouse Button BUTTON1

ExecutedAction [17]: 
 @Action ConcreteID = AC1or9sws7f2396526134 AbstractID = AA1or9sws7f2396526134
 ConcreteID CUSTOM = ConcreteID CUSTOM not available AbstractID CUSTOM = AAxzpf01801732654328
 @State ConcreteID = SCcu1pxucbf2771725600 AbstractID = SRsuthdzc543042786028
 ConcreteID CUSTOM = SCrwpnn9cd43877371663 AbstractID CUSTOM = SA1yw99x0cc74011286263

	ROLE = LeftClickAt
	TARGET =
		WIDGET = WC1enj2p930255832953, WR5quxi6b4097176690, WT1x4vyb114414057999, WP9fhu8v2c2483858260
		ROLE = UIATreeItem
		TITLE = Downloads
		SHAPE = Rect [x:669.0 y:629.0 w:63.0 h:24.0]
		CHILDREN = 0
		PATH = [0, 0, 0, 1, 0, 1, 1, 3]
	DESCRIPTION = Left Click at 'Downloads'
	TEXT = Compound Action =
		Move mouse to (700.5, 641.0).
		Press Mouse Button BUTTON1
		Release Mouse Button BUTTON1

ExecutedAction [18]: 
 @Action ConcreteID = AC1ovd9g181346005947 AbstractID = AA1ovd9g181346005947
 ConcreteID CUSTOM = ConcreteID CUSTOM not available AbstractID CUSTOM = AA10bzovw822521648053
 @State ConcreteID = SCpjpwhccbe2759831662 AbstractID = SRsuthdzc543042786028
 ConcreteID CUSTOM = SC1lqydyhcd44079878854 AbstractID CUSTOM = SA130hgmfcc81329401985

	ROLE = LeftClickAt
	TARGET =
		WIDGET = WC14sotpq1d1645420742, WR1h6ibpb92248851252, WT1gjzbmxd1262302430, WP13j8msg191971440234
		ROLE = UIAButton
		TITLE = Open
		SHAPE = Rect [x:1569.0 y:1086.0 w:15.0 h:22.0]
		CHILDREN = 0
		PATH = [0, 0, 2, 1]
	DESCRIPTION = Left Click at 'Open'
	TEXT = Compound Action =
		Move mouse to (1576.5, 1097.0).
		Press Mouse Button BUTTON1
		Release Mouse Button BUTTON1

ExecutedAction [19]: 
 @Action ConcreteID = AC1xksmzk7f1177236705 AbstractID = AA1xksmzk7f1177236705
 ConcreteID CUSTOM = ConcreteID CUSTOM not available AbstractID CUSTOM = AAe28eri8073367928
 @State ConcreteID = SCwbuc3yce61767492187 AbstractID = SR1vk9d9nc7a3433043955
 ConcreteID CUSTOM = SC1m44ffscfc910633092 AbstractID CUSTOM = SA1mrf2kqcea3984263610

	ROLE = LeftClickAt
	TARGET =
		WIDGET = WC6phy9q312543852073, WR1e04pz3e358922214, WTbfwhi151108363517, WP1dl5sfk2d190669128
		ROLE = UIASplitButton
		TITLE = This PC
		SHAPE = Rect [x:760.0 y:297.0 w:62.0 h:21.0]
		CHILDREN = 0
		PATH = [0, 0, 7, 2, 0, 0, 0, 1]
	DESCRIPTION = Left Click at 'This PC'
	TEXT = Compound Action =
		Move mouse to (791.0, 307.5).
		Press Mouse Button BUTTON1
		Release Mouse Button BUTTON1

ExecutedAction [20]: 
 @Action ConcreteID = ACo1xul9803033774654 AbstractID = AAo1xul9803033774654
 ConcreteID CUSTOM = ConcreteID CUSTOM not available AbstractID CUSTOM = AAbt08pe811858958696
 @State ConcreteID = SCpjpwhccbe2759831662 AbstractID = SRsuthdzc543042786028
 ConcreteID CUSTOM = SC1lqydyhcd44079878854 AbstractID CUSTOM = SA130hgmfcc81329401985

	ROLE = LeftClickAt
	TARGET =
		WIDGET = WCkvcl6x2a994632792, WR88rmk0b1934231702, WTeqocw17155235360, WPbgxdw7261375499993
		ROLE = UIACheckBox
		TITLE = Preview pane
		SHAPE = Rect [x:1729.0 y:328.0 w:28.0 h:26.0]
		CHILDREN = 0
		PATH = [0, 0, 0, 0, 1]
	DESCRIPTION = Left Click at 'Preview pane'
	TEXT = Compound Action =
		Move mouse to (1743.0, 341.0).
		Press Mouse Button BUTTON1
		Release Mouse Button BUTTON1

ExecutedAction [21]: 
 @Action ConcreteID = AC19usiuo80443100274 AbstractID = AA19usiuo80443100274
 ConcreteID CUSTOM = ConcreteID CUSTOM not available AbstractID CUSTOM = AA1xr14sa801849451012
 @State ConcreteID = SC6m46o3cf93580683928 AbstractID = SR1reqnkxc791380992464
 ConcreteID CUSTOM = SCb9dx40cfb4148661091 AbstractID CUSTOM = SA93udq3cf53915423009

	ROLE = LeftClickAt
	TARGET =
		WIDGET = WC1rinjt32f3923836810, WR52qhb2b3065858412, WT1ehdijt191275405601, WParhw8p2b1917561341
		ROLE = UIAListItem
		TITLE = New folder (4)
		SHAPE = Rect [x:792.0 y:459.0 w:747.0 h:49.0]
		CHILDREN = 3
		PATH = [0, 0, 0, 4, 0, 2]
	DESCRIPTION = Left Click at 'New folder (4)'
	TEXT = Compound Action =
		Move mouse to (1165.5, 483.5).
		Press Mouse Button BUTTON1
		Release Mouse Button BUTTON1

ExecutedAction [22]: 
 @Action ConcreteID = ACykeuct812534801189 AbstractID = AAykeuct812534801189
 ConcreteID CUSTOM = ConcreteID CUSTOM not available AbstractID CUSTOM = AAs4db8b8140948166
 @State ConcreteID = SC81qgrkcfa3169733191 AbstractID = SR1reqnkxc791380992464
 ConcreteID CUSTOM = SC1yc42nxcfb1421436934 AbstractID CUSTOM = SA93udq3cf53915423009

	ROLE = LeftClickAt
	TARGET =
		WIDGET = WC1f1iqwd1a1669168585, WR1h6ibpb92248851252, WT1gjzbmxd1262302430, WP1qvfkzf16811796457
		ROLE = UIAButton
		TITLE = Open
		SHAPE = Rect [x:1597.0 y:1114.0 w:88.0 h:26.0]
		CHILDREN = 0
		PATH = [0, 0, 4]
	DESCRIPTION = Left Click at 'Open'
	TEXT = Compound Action =
		Move mouse to (1641.0, 1127.0).
		Press Mouse Button BUTTON1
		Release Mouse Button BUTTON1

ExecutedAction [23]: 
 @Action ConcreteID = ACobqgl6812930803101 AbstractID = AAobqgl6812930803101
 ConcreteID CUSTOM = ConcreteID CUSTOM not available AbstractID CUSTOM = AA1k1zcmt801748880473
 @State ConcreteID = SC1artgurb9c4030257908 AbstractID = SR15usf9db3b907770004
 ConcreteID CUSTOM = SC1nu5eg6b9b3345755242 AbstractID CUSTOM = SAmg14c3ba23434667992

	ROLE = LeftClickAt
	TARGET =
		WIDGET = WCp4l34e244013954802, WR4n4ygb71694219017, WT1oejl68112250296216, WP1rkjvj0201351963081
		ROLE = UIAList
		TITLE = Items View
		SHAPE = Rect [x:778.0 y:357.0 w:761.0 h:719.0]
		CHILDREN = 2
		PATH = [0, 0, 0, 4, 0]
	DESCRIPTION = Left Click at 'Items View'
	TEXT = Compound Action =
		Move mouse to (1158.5, 716.5).
		Press Mouse Button BUTTON1
		Release Mouse Button BUTTON1

ExecutedAction [24]: 
 @Action ConcreteID = AC12wnq4811075798201 AbstractID = AA12wnq4811075798201
 ConcreteID CUSTOM = ConcreteID CUSTOM not available AbstractID CUSTOM = AAwt5jrr802257726845
 @State ConcreteID = SC1artgurb9c4030257908 AbstractID = SR15usf9db3b907770004
 ConcreteID CUSTOM = SC1nu5eg6b9b3345755242 AbstractID CUSTOM = SAmg14c3ba23434667992

	ROLE = LeftClickAt
	TARGET =
		WIDGET = WC13lqytf2b111018795, WR1e04pz3e358922214, WTk9lwex121940210734, WPljgjyp272320213867
		ROLE = UIASplitButton
		TITLE = Type
		SHAPE = Rect [x:1194.0 y:357.0 w:120.0 h:25.0]
		CHILDREN = 1
		PATH = [0, 0, 0, 4, 0, 0, 2]
	DESCRIPTION = Left Click at 'Type'
	TEXT = Compound Action =
		Move mouse to (1254.0, 369.5).
		Press Mouse Button BUTTON1
		Release Mouse Button BUTTON1

ExecutedAction [25]: 
 @Action ConcreteID = ACobqgl6812930803101 AbstractID = AAobqgl6812930803101
 ConcreteID CUSTOM = ConcreteID CUSTOM not available AbstractID CUSTOM = AA1k1zcmt801748880473
 @State ConcreteID = SC1artgurb9c4030257908 AbstractID = SR15usf9db3b907770004
 ConcreteID CUSTOM = SC1nu5eg6b9b3345755242 AbstractID CUSTOM = SAmg14c3ba23434667992

	ROLE = LeftClickAt
	TARGET =
		WIDGET = WCp4l34e244013954802, WR4n4ygb71694219017, WT1oejl68112250296216, WP1rkjvj0201351963081
		ROLE = UIAList
		TITLE = Items View
		SHAPE = Rect [x:778.0 y:357.0 w:761.0 h:719.0]
		CHILDREN = 2
		PATH = [0, 0, 0, 4, 0]
	DESCRIPTION = Left Click at 'Items View'
	TEXT = Compound Action =
		Move mouse to (1158.5, 716.5).
		Press Mouse Button BUTTON1
		Release Mouse Button BUTTON1

ExecutedAction [26]: 
 @Action ConcreteID = ACja0b1h812386133459 AbstractID = AAja0b1h812386133459
 ConcreteID CUSTOM = ConcreteID CUSTOM not available AbstractID CUSTOM = AA1f09734801219808279
 @State ConcreteID = SC1artgurb9c4030257908 AbstractID = SR15usf9db3b907770004
 ConcreteID CUSTOM = SC1nu5eg6b9b3345755242 AbstractID CUSTOM = SAmg14c3ba23434667992

	ROLE = LeftClickAt
	TARGET =
		WIDGET = WC1myt3mx263351678798, WR1e04pz3e358922214, WT1o1rmsv132406183479, WPxndegn221157093564
		ROLE = UIASplitButton
		TITLE = Views
		SHAPE = Rect [x:1674.0 y:328.0 w:55.0 h:26.0]
		CHILDREN = 1
		PATH = [0, 0, 0, 0, 2]
	DESCRIPTION = Left Click at 'Views'
	TEXT = Compound Action =
		Move mouse to (1701.5, 341.0).
		Press Mouse Button BUTTON1
		Release Mouse Button BUTTON1

ExecutedAction [27]: 
 @Action ConcreteID = AC1x1mj8y811649177348 AbstractID = AA1x1mj8y811649177348
 ConcreteID CUSTOM = ConcreteID CUSTOM not available AbstractID CUSTOM = AA17451x0812320486164
 @State ConcreteID = SCw6ngd8d4a1667965623 AbstractID = SR1hoeuabcdd650881460
 ConcreteID CUSTOM = SC1ktt6bhd3c3789408934 AbstractID CUSTOM = SAqcz69yd3b2720396673

	ROLE = LeftClickAt
	TARGET =
		WIDGET = WC14tsevl1d4098417703, WR1h6ibpb92248851252, WT1gjzbmxd1262302430, WP13kc7yb193822718603
		ROLE = UIAButton
		TITLE = Open
		SHAPE = Rect [x:1769.0 y:1086.0 w:15.0 h:21.0]
		CHILDREN = 0
		PATH = [0, 0, 4, 0]
	DESCRIPTION = Left Click at 'Open'
	TEXT = Compound Action =
		Move mouse to (1776.5, 1096.5).
		Press Mouse Button BUTTON1
		Release Mouse Button BUTTON1

Forcing SUT activation (bring to foreground) action
ExecutedAction [28]: 
 @Action ConcreteID = AC1m9rjh7393043875348 AbstractID = AA1m9rjh7393043875348
 ConcreteID CUSTOM = ConcreteID CUSTOM not available AbstractID CUSTOM = AA2jbxjq38705965210
 @State ConcreteID = SC1artgurb9c4030257908 AbstractID = SR15usf9db3b907770004
 ConcreteID CUSTOM = SC1nu5eg6b9b3345755242 AbstractID CUSTOM = SAmg14c3ba23434667992

	DESCRIPTION = Bring the system to the foreground.
	TEXT = Bring the system to the foreground.

Forcing SUT activation (bring to foreground) action
ExecutedAction [29]: 
 @Action ConcreteID = ACp27chx382671858813 AbstractID = AAp27chx382671858813
 ConcreteID CUSTOM = ConcreteID CUSTOM not available AbstractID CUSTOM = AAcr7n7c393559858046
 @State ConcreteID = SCtbxyulbb91833009599 AbstractID = SRe75w6ib4f2067309149
 ConcreteID CUSTOM = SC15uu3qobaa3055869161 AbstractID CUSTOM = SA13kr9jvbad3574527733

	DESCRIPTION = Bring the system to the foreground.
	TEXT = Bring the system to the foreground.

ExecutedAction [30]: 
 @Action ConcreteID = ACs371ba7f2701174461 AbstractID = AAs371ba7f2701174461
 ConcreteID CUSTOM = ConcreteID CUSTOM not available AbstractID CUSTOM = AA1bida6r802096425421
 @State ConcreteID = SCtbxyulbb91833009599 AbstractID = SRe75w6ib4f2067309149
 ConcreteID CUSTOM = SC15uu3qobaa3055869161 AbstractID CUSTOM = SA13kr9jvbad3574527733

	ROLE = LeftClickAt
	TARGET =
		WIDGET = WC1tqaz8i2f621321166, WR1h6ibpb92248851252, WThz0sl419562620132, WP4zyaj82b3809074334
		ROLE = UIAButton
		TITLE = Recent locations
		SHAPE = Rect [x:682.0 y:293.0 w:15.0 h:30.0]
		CHILDREN = 0
		PATH = [0, 0, 8, 0, 0, 2]
	DESCRIPTION = Left Click at 'Recent locations'
	TEXT = Compound Action =
		Move mouse to (689.5, 308.0).
		Press Mouse Button BUTTON1
		Release Mouse Button BUTTON1

ExecutedAction [31]: 
 @Action ConcreteID = ACjfrelo802340390508 AbstractID = AAjfrelo802340390508
 ConcreteID CUSTOM = ConcreteID CUSTOM not available AbstractID CUSTOM = AA13nu31g7f3365025657
 @State ConcreteID = SC1tk2zp1c0b1111948616 AbstractID = SR14vpiutb9e2716912099
 ConcreteID CUSTOM = SCjn6qc7bfc2720329433 AbstractID CUSTOM = SA5pud2hbfb2355723067

	ROLE = LeftClickAt
	TARGET =
		WIDGET = WC1afdwa12b3680618614, WR5quxi6b4097176690, WTv1ysds12973640235, WP8awgaf27629982454
		ROLE = UIATreeItem
		TITLE = Network
		SHAPE = Rect [x:661.0 y:781.0 w:49.0 h:24.0]
		CHILDREN = 0
		PATH = [0, 0, 1, 1, 0, 1, 2]
	DESCRIPTION = Left Click at 'Network'
	TEXT = Compound Action =
		Move mouse to (685.5, 793.0).
		Press Mouse Button BUTTON1
		Release Mouse Button BUTTON1

ExecutedAction [32]: 
 @Action ConcreteID = AC16rdfag7e4202265121 AbstractID = AA16rdfag7e4202265121
 ConcreteID CUSTOM = ConcreteID CUSTOM not available AbstractID CUSTOM = AA5gfzuw7e3618254291
 @State ConcreteID = SCkhbbjxaa8416998020 AbstractID = SR1l9be7ha51788279094
 ConcreteID CUSTOM = SC1wx9ea8aad3216852912 AbstractID CUSTOM = SAwu7fjwaac510907009

	ROLE = LeftClickAt
	TARGET =
		WIDGET = WC1a30sum24170565444, WR1h6ibpb92248851252, WT4keizt112994300114, WP1lsmuho202726277519
		ROLE = UIAButton
		TITLE = Organise
		SHAPE = Rect [x:621.0 y:328.0 w:91.0 h:26.0]
		CHILDREN = 0
		PATH = [0, 0, 0, 0, 3]
	DESCRIPTION = Left Click at 'Organise'
	TEXT = Compound Action =
		Move mouse to (666.5, 341.0).
		Press Mouse Button BUTTON1
		Release Mouse Button BUTTON1

ExecutedAction [33]: 
 @Action ConcreteID = AC5wg2eg803295365770 AbstractID = AA5wg2eg803295365770
 ConcreteID CUSTOM = ConcreteID CUSTOM not available AbstractID CUSTOM = AA1tznifl801688880086
 @State ConcreteID = SCf1ve3dbf11431016613 AbstractID = SRcdhmz0b90933602454
 ConcreteID CUSTOM = SCskhrqlbef1500192272 AbstractID CUSTOM = SA3su2nebf53343525205

	ROLE = LeftClickAt
	TARGET =
		WIDGET = WC18gm6xg563765222452, WR1h6ibpb92248851252, WTqla381464108611497, WP18ialc652819265758
		ROLE = UIAButton
		TITLE = This computer is not connected to a network. Click to connect
		SHAPE = Rect [x:618.0 y:357.0 w:1184.0 h:28.0]
		CHILDREN = 1
		PATH = [0, 0, 0, 1]
	DESCRIPTION = Left Click at 'This computer is not connected to a network. Click to connect'
	TEXT = Compound Action =
		Move mouse to (1210.0, 371.0).
		Press Mouse Button BUTTON1
		Release Mouse Button BUTTON1

ExecutedAction [34]: 
 @Action ConcreteID = AC1aouknw801670713066 AbstractID = AA1aouknw801670713066
 ConcreteID CUSTOM = ConcreteID CUSTOM not available AbstractID CUSTOM = AA1r2f8rm811634957310
 @State ConcreteID = SC3hqwf9b0e1476300577 AbstractID = SRit179iab4639509820
 ConcreteID CUSTOM = SC1mqri6wb0f1750298177 AbstractID CUSTOM = SA1hqrbtnb192577886952

	ROLE = LeftClickAt
	TARGET =
		WIDGET = WC9qieg4293764761652, WR17v7k2nb1067391859, WT1kkstj31f2515813347, WP9vgzrq25782251299
		ROLE = UIAMenuItem
		TITLE = Connect to a network
		SHAPE = Rect [x:1213.0 y:374.0 w:265.0 h:22.0]
		CHILDREN = 0
		PATH = [1, 0]
	DESCRIPTION = Left Click at 'Connect to a network'
	TEXT = Compound Action =
		Move mouse to (1345.5, 385.0).
		Press Mouse Button BUTTON1
		Release Mouse Button BUTTON1

ExecutedAction [35]: 
 @Action ConcreteID = AC17ogdji801955449250 AbstractID = AA17ogdji801955449250
 ConcreteID CUSTOM = ConcreteID CUSTOM not available AbstractID CUSTOM = AAv2jozu7f2539164040
 @State ConcreteID = SC181szspad33433133284 AbstractID = SRrunde5a79447856342
 ConcreteID CUSTOM = SCvoal7yad02849543196 AbstractID CUSTOM = SAgafratade1497937162

	ROLE = LeftClickAt
	TARGET =
		WIDGET = WC16aj764301935578786, WR5quxi6b4097176690, WT1x4vyb114414057999, WP12hypq2c3899494031
		ROLE = UIATreeItem
		TITLE = Downloads
		SHAPE = Rect [x:669.0 y:657.0 w:63.0 h:24.0]
		CHILDREN = 0
		PATH = [0, 0, 0, 2, 0, 1, 1, 3]
	DESCRIPTION = Left Click at 'Downloads'
	TEXT = Compound Action =
		Move mouse to (700.5, 669.0).
		Press Mouse Button BUTTON1
		Release Mouse Button BUTTON1

ExecutedAction [36]: 
 @Action ConcreteID = AC786a4b7f594842404 AbstractID = AA786a4b7f594842404
 ConcreteID CUSTOM = ConcreteID CUSTOM not available AbstractID CUSTOM = AA1ve4ax57f1506263197
 @State ConcreteID = SCfgxltbcfa2854555916 AbstractID = SR1reqnkxc791380992464
 ConcreteID CUSTOM = SC1qya9uhcfc2688562 AbstractID CUSTOM = SA93udq3cf53915423009

	ROLE = LeftClickAt
	TARGET =
		WIDGET = WCmlbeis2b3830427218, WR5quxi6b4097176690, WT1dc7d13123152781878, WP1icanbm272572387703
		ROLE = UIATreeItem
		TITLE = This PC
		SHAPE = Rect [x:661.0 y:533.0 w:43.0 h:24.0]
		CHILDREN = 9
		PATH = [0, 0, 0, 1, 0, 1, 1]
	DESCRIPTION = Left Click at 'This PC'
	TEXT = Compound Action =
		Move mouse to (682.5, 545.0).
		Press Mouse Button BUTTON1
		Release Mouse Button BUTTON1

ExecutedAction [37]: 
 @Action ConcreteID = AClprqi37c2443882869 AbstractID = AAlprqi37c2443882869
 ConcreteID CUSTOM = ConcreteID CUSTOM not available AbstractID CUSTOM = AA1y17w617b1185109709
 @State ConcreteID = SC17ntw9pcf61797344756 AbstractID = SR115svxhc784172145958
 ConcreteID CUSTOM = SC9tcepvcf82946420173 AbstractID CUSTOM = SA1g1rr60cf4846274810

	ROLE = LeftClickAt
	TARGET =
		WIDGET = WC196vr0g283581303482, WR5quxi6b4097176690, WTqbgpb2121408045107, WPpca4j6244058523428
		ROLE = UIATreeItem
		TITLE = Desktop
		SHAPE = Rect [x:0.0 y:0.0 w:0.0 h:0.0]
		CHILDREN = 3
		PATH = [0, 0, 0, 1, 0, 1]
	DESCRIPTION = Left Click at 'Desktop'
	TEXT = Compound Action =
		Move mouse to (0.0, 0.0).
		Press Mouse Button BUTTON1
		Release Mouse Button BUTTON1

Forcing SUT activation (bring to foreground) action
ExecutedAction [38]: 
 @Action ConcreteID = ACymntv0383962858166 AbstractID = AAymntv0383962858166
 ConcreteID CUSTOM = ConcreteID CUSTOM not available AbstractID CUSTOM = AA19r3twm392620452882
 @State ConcreteID = SC1jp70opcf7620576772 AbstractID = SR1iwjm6qc79950100734
 ConcreteID CUSTOM = SC1bg1dl8cf94236539406 AbstractID CUSTOM = SA1am7kubcf22999233771

	DESCRIPTION = Bring the system to the foreground.
	TEXT = Bring the system to the foreground.

Forcing SUT activation (bring to foreground) action
ExecutedAction [39]: 
 @Action ConcreteID = ACymntv0383962858166 AbstractID = AAymntv0383962858166
 ConcreteID CUSTOM = ConcreteID CUSTOM not available AbstractID CUSTOM = AA19r3twm392620452882
 @State ConcreteID = SC1jp70opcf7620576772 AbstractID = SR1iwjm6qc79950100734
 ConcreteID CUSTOM = SC1bg1dl8cf94236539406 AbstractID CUSTOM = SA1am7kubcf22999233771

	DESCRIPTION = Bring the system to the foreground.
	TEXT = Bring the system to the foreground.

ExecutedAction [40]: 
 @Action ConcreteID = AC1h1mdh57f1247467697 AbstractID = AA1h1mdh57f1247467697
 ConcreteID CUSTOM = ConcreteID CUSTOM not available AbstractID CUSTOM = AA1oy4im7803463520605
 @State ConcreteID = SC1jp70opcf7620576772 AbstractID = SR1iwjm6qc79950100734
 ConcreteID CUSTOM = SC1bg1dl8cf94236539406 AbstractID CUSTOM = SA1am7kubcf22999233771

	ROLE = LeftClickAt
	TARGET =
		WIDGET = WC1isdrt62b1181624576, WR5quxi6b4097176690, WTv1ysds12973640235, WPgnwbtk273095602560
		ROLE = UIATreeItem
		TITLE = Network
		SHAPE = Rect [x:661.0 y:781.0 w:49.0 h:24.0]
		CHILDREN = 0
		PATH = [0, 0, 0, 1, 0, 1, 2]
	DESCRIPTION = Left Click at 'Network'
	TEXT = Compound Action =
		Move mouse to (685.5, 793.0).
		Press Mouse Button BUTTON1
		Release Mouse Button BUTTON1

ExecutedAction [41]: 
 @Action ConcreteID = AC10r35b380852250764 AbstractID = AA10r35b380852250764
 ConcreteID CUSTOM = ConcreteID CUSTOM not available AbstractID CUSTOM = AA1gabpdk7e2546590061
 @State ConcreteID = SC1ha8rn5aa81189721573 AbstractID = SR1l9be7ha51788279094
 ConcreteID CUSTOM = SC11pblu0aae1343077636 AbstractID CUSTOM = SAwu7fjwaac510907009

	ROLE = LeftClickAt
	TARGET =
		WIDGET = WCcer6qf2e2205501836, WR17v7k2nb1067391859, WTqqm09b123770081016, WPbfhtxl2a4033768684
		ROLE = UIAMenuItem
		TITLE = Network
		SHAPE = Rect [x:760.0 y:297.0 w:53.0 h:21.0]
		CHILDREN = 0
		PATH = [0, 0, 7, 2, 0, 0, 0, 1]
	DESCRIPTION = Left Click at 'Network'
	TEXT = Compound Action =
		Move mouse to (786.5, 307.5).
		Press Mouse Button BUTTON1
		Release Mouse Button BUTTON1

ExecutedAction [42]: 
 @Action ConcreteID = ACo26cd27f4046592572 AbstractID = AAo26cd27f4046592572
 ConcreteID CUSTOM = ConcreteID CUSTOM not available AbstractID CUSTOM = AAk96xa27f126200373
 @State ConcreteID = SC3l7j4zad43447507056 AbstractID = SRrunde5a79447856342
 ConcreteID CUSTOM = SC1d68nd7ad01900639441 AbstractID CUSTOM = SAgafratade1497937162

	ROLE = LeftClickAt
	TARGET =
		WIDGET = WC1ok7osw2f255966203, WR5quxi6b4097176690, WT5hskmr133779962162, WP1lodk5e2b3995228232
		ROLE = UIATreeItem
		TITLE = Pictures
		SHAPE = Rect [x:669.0 y:704.0 w:46.0 h:24.0]
		CHILDREN = 0
		PATH = [0, 0, 0, 2, 0, 1, 1, 5]
	DESCRIPTION = Left Click at 'Pictures'
	TEXT = Compound Action =
		Move mouse to (692.0, 716.0).
		Press Mouse Button BUTTON1
		Release Mouse Button BUTTON1

ExecutedAction [43]: 
 @Action ConcreteID = AC11rg5x6812260206873 AbstractID = AA11rg5x6812260206873
 ConcreteID CUSTOM = ConcreteID CUSTOM not available AbstractID CUSTOM = AA19d77hq80146607496
 @State ConcreteID = SC1j0b04fd25268666566 AbstractID = SR5mrk15c9f108883400
 ConcreteID CUSTOM = SC1qfeqzrd222585089705 AbstractID CUSTOM = SA23588fd1d222044408

	ROLE = LeftClickAt
	TARGET =
		WIDGET = WC4ukjj7223116588933, WR17qbaneb3904637586, WTtg2d9x1567061077, WP97lf51e1514842448
		ROLE = UIAComboBox
		TITLE = File name:
		SHAPE = Rect [x:807.0 y:1085.0 w:778.0 h:24.0]
		CHILDREN = 2
		PATH = [0, 0, 2]
	DESCRIPTION = Left Click at 'File name:'
	TEXT = Compound Action =
		Move mouse to (1196.0, 1097.0).
		Press Mouse Button BUTTON1
		Release Mouse Button BUTTON1

ExecutedAction [44]: 
 @Action ConcreteID = AC6f2g1z7f2757278568 AbstractID = AA6f2g1z7f2757278568
 ConcreteID CUSTOM = ConcreteID CUSTOM not available AbstractID CUSTOM = AA1jcuyrf7e1215768029
 @State ConcreteID = SC1j0b04fd25268666566 AbstractID = SR5mrk15c9f108883400
 ConcreteID CUSTOM = SC1qfeqzrd222585089705 AbstractID CUSTOM = SA23588fd1d222044408

	ROLE = LeftClickAt
	TARGET =
		WIDGET = WC1tqfxah2f1507700186, WR52qhb2b3065858412, WT1ehdii319442466983, WPoaaxtn2b4134024232
		ROLE = UIAListItem
		TITLE = New folder (2)
		SHAPE = Rect [x:792.0 y:384.0 w:308.0 h:20.0]
		CHILDREN = 2
		PATH = [0, 0, 0, 4, 0, 2]
	DESCRIPTION = Left Click at 'New folder (2)'
	TEXT = Compound Action =
		Move mouse to (946.0, 394.0).
		Press Mouse Button BUTTON1
		Release Mouse Button BUTTON1

ExecutedAction [45]: 
 @Action ConcreteID = AC1vco5rc7f2932363493 AbstractID = AA1vco5rc7f2932363493
 ConcreteID CUSTOM = ConcreteID CUSTOM not available AbstractID CUSTOM = AAo49fwh7e4248281908
 @State ConcreteID = SC8hmflod261242476468 AbstractID = SR5mrk15c9f108883400
 ConcreteID CUSTOM = SCn2mrqid221466311152 AbstractID CUSTOM = SA23588fd1d222044408

	ROLE = LeftClickAt
	TARGET =
		WIDGET = WCyzl3yi36267276636, WR5quxi6b4097176690, WT2e4uof1d1330212510, WP13aa9aw32639803042
		ROLE = UIATreeItem
		TITLE = Documents (pinned)
		SHAPE = Rect [x:669.0 y:445.0 w:65.0 h:24.0]
		CHILDREN = 0
		PATH = [0, 0, 0, 1, 0, 0, 2]
	DESCRIPTION = Left Click at 'Documents (pinned)'
	TEXT = Compound Action =
		Move mouse to (701.5, 457.0).
		Press Mouse Button BUTTON1
		Release Mouse Button BUTTON1

ExecutedAction [46]: 
 @Action ConcreteID = AC1anggfu7f3988785600 AbstractID = AA1anggfu7f3988785600
 ConcreteID CUSTOM = ConcreteID CUSTOM not available AbstractID CUSTOM = AA1ay7jk6802426060694
 @State ConcreteID = SC1qj8h6e133852313577 AbstractID = SR1uxo589d831546478953
 ConcreteID CUSTOM = SC3q8y5re0f2885251884 AbstractID CUSTOM = SA1t9v0bue122180954218

	ROLE = LeftClickAt
	TARGET =
		WIDGET = WC1gmp5q02d4109948037, WR5quxi6b4097176690, WT158yrsl171516135311, WP1bftmsq293975541691
		ROLE = UIATreeItem
		TITLE = Quick access
		SHAPE = Rect [x:661.0 y:373.0 w:72.0 h:24.0]
		CHILDREN = 4
		PATH = [0, 0, 0, 1, 0, 0]
	DESCRIPTION = Left Click at 'Quick access'
	TEXT = Compound Action =
		Move mouse to (697.0, 385.0).
		Press Mouse Button BUTTON1
		Release Mouse Button BUTTON1

ExecutedAction [47]: 
 @Action ConcreteID = ACmo1ilh802801771966 AbstractID = AAmo1ilh802801771966
 ConcreteID CUSTOM = ConcreteID CUSTOM not available AbstractID CUSTOM = AAqcsu2z811398419254
 @State ConcreteID = SC32dfazc393253938354 AbstractID = SR1qkb1jibd03893668797
 ConcreteID CUSTOM = SC15ppeckc3e1363873617 AbstractID CUSTOM = SA1s5k066c423819110303

	ROLE = LeftClickAt
	TARGET =
		WIDGET = WC1myt3mx263351678798, WR1e04pz3e358922214, WT1o1rmsv132406183479, WPxndegn221157093564
		ROLE = UIASplitButton
		TITLE = Views
		SHAPE = Rect [x:1674.0 y:328.0 w:55.0 h:26.0]
		CHILDREN = 1
		PATH = [0, 0, 0, 0, 2]
	DESCRIPTION = Left Click at 'Views'
	TEXT = Compound Action =
		Move mouse to (1701.5, 341.0).
		Press Mouse Button BUTTON1
		Release Mouse Button BUTTON1

ExecutedAction [48]: 
 @Action ConcreteID = ACwvpv907f3066876839 AbstractID = AAwvpv907f3066876839
 ConcreteID CUSTOM = ConcreteID CUSTOM not available AbstractID CUSTOM = AAa312il7f2817922688
 @State ConcreteID = SCmlnwweddf3585690542 AbstractID = SR1137jold5e979388731
 ConcreteID CUSTOM = SCcnm6m8dbe3271727546 AbstractID CUSTOM = SAnflw8cdca4129006549

	ROLE = LeftClickAt
	TARGET =
		WIDGET = WCgi34se231899249826, WR4na8ob72534219213, WT9u39i4103619495140, WP3rbqks1f576509440
		ROLE = UIATree
		TITLE = Tree View
		SHAPE = Rect [x:618.0 y:357.0 w:156.0 h:719.0]
		CHILDREN = 2
		PATH = [0, 0, 1, 1, 0]
	DESCRIPTION = Left Click at 'Tree View'
	TEXT = Compound Action =
		Move mouse to (696.0, 716.5).
		Press Mouse Button BUTTON1
		Release Mouse Button BUTTON1

Forcing SUT activation (bring to foreground) action
ExecutedAction [49]: 
 @Action ConcreteID = ACmjnity393682974906 AbstractID = AAmjnity393682974906
 ConcreteID CUSTOM = ConcreteID CUSTOM not available AbstractID CUSTOM = AA1ah37ff383601040672
 @State ConcreteID = SC1t9c8ezb761513733885 AbstractID = SRtdztscb104138860834
 ConcreteID CUSTOM = SC5weiaub76601117372 AbstractID CUSTOM = SAok1p6cb7a3053880175

	DESCRIPTION = Bring the system to the foreground.
	TEXT = Bring the system to the foreground.

Forcing SUT activation (bring to foreground) action
ExecutedAction [50]: 
 @Action ConcreteID = ACfw88pd39980478938 AbstractID = AAfw88pd39980478938
 ConcreteID CUSTOM = ConcreteID CUSTOM not available AbstractID CUSTOM = AAdg8z6z382806289863
 @State ConcreteID = SC1rwemf2b763072874242 AbstractID = SRr1uxorb111069725955
 ConcreteID CUSTOM = SC714fnub771831636189 AbstractID CUSTOM = SAvrztz1b793991803466

	DESCRIPTION = Bring the system to the foreground.
	TEXT = Bring the system to the foreground.

ExecutedAction [51]: 
 @Action ConcreteID = ACls3qdl80958650955 AbstractID = AAls3qdl80958650955
 ConcreteID CUSTOM = ConcreteID CUSTOM not available AbstractID CUSTOM = AA1gsjzzj7f3652213109
 @State ConcreteID = SC1rwemf2b763072874242 AbstractID = SRr1uxorb111069725955
 ConcreteID CUSTOM = SC714fnub771831636189 AbstractID CUSTOM = SAvrztz1b793991803466

	ROLE = LeftClickAt
	TARGET =
		WIDGET = WC1mpkppb233181264956, WR4na8ob72534219213, WT9u39i4103619495140, WP19ytbhp1f4009154206
		ROLE = UIATree
		TITLE = Tree View
		SHAPE = Rect [x:618.0 y:357.0 w:156.0 h:719.0]
		CHILDREN = 2
		PATH = [0, 0, 0, 1, 0]
	DESCRIPTION = Left Click at 'Tree View'
	TEXT = Compound Action =
		Move mouse to (696.0, 716.5).
		Press Mouse Button BUTTON1
		Release Mouse Button BUTTON1

ExecutedAction [52]: 
 @Action ConcreteID = ACe57kud803907804060 AbstractID = AAe57kud803907804060
 ConcreteID CUSTOM = ConcreteID CUSTOM not available AbstractID CUSTOM = AA1512g8s7f427103115
 @State ConcreteID = SC1d28oopb782385413654 AbstractID = SRtdztscb104138860834
 ConcreteID CUSTOM = SC73cejcb761736944337 AbstractID CUSTOM = SAok1p6cb7a3053880175

	ROLE = LeftClickAt
	TARGET =
		WIDGET = WC1oeuh9a30790087179, WR1e04pz3e358922214, WTepu75j143797240912, WPgxrcgg2c2379297714
		ROLE = UIASplitButton
		TITLE = Videos
		SHAPE = Rect [x:822.0 y:297.0 w:58.0 h:21.0]
		CHILDREN = 0
		PATH = [0, 0, 7, 2, 0, 0, 0, 2]
	DESCRIPTION = Left Click at 'Videos'
	TEXT = Compound Action =
		Move mouse to (851.0, 307.5).
		Press Mouse Button BUTTON1
		Release Mouse Button BUTTON1

ExecutedAction [53]: 
 @Action ConcreteID = AC1tw4i6y7c3127299247 AbstractID = AA1tw4i6y7c3127299247
 ConcreteID CUSTOM = ConcreteID CUSTOM not available AbstractID CUSTOM = AA96xk417b2817842360
 @State ConcreteID = SC1d28oopb782385413654 AbstractID = SRtdztscb104138860834
 ConcreteID CUSTOM = SC73cejcb761736944337 AbstractID CUSTOM = SAok1p6cb7a3053880175

	ROLE = LeftClickAt
	TARGET =
		WIDGET = WC196vr0g283581303482, WR5quxi6b4097176690, WTqbgpb2121408045107, WPpca4j6244058523428
		ROLE = UIATreeItem
		TITLE = Desktop
		SHAPE = Rect [x:0.0 y:0.0 w:0.0 h:0.0]
		CHILDREN = 3
		PATH = [0, 0, 0, 1, 0, 1]
	DESCRIPTION = Left Click at 'Desktop'
	TEXT = Compound Action =
		Move mouse to (0.0, 0.0).
		Press Mouse Button BUTTON1
		Release Mouse Button BUTTON1

Forcing SUT activation (bring to foreground) action
ExecutedAction [54]: 
 @Action ConcreteID = AC1uy0928392366082502 AbstractID = AA1uy0928392366082502
 ConcreteID CUSTOM = ConcreteID CUSTOM not available AbstractID CUSTOM = AAdg8z6z382806289863
 @State ConcreteID = SC1bpb2osb781665101801 AbstractID = SRr1uxorb111069725955
 ConcreteID CUSTOM = SC180b6zcb771584120512 AbstractID CUSTOM = SAvrztz1b793991803466

	DESCRIPTION = Bring the system to the foreground.
	TEXT = Bring the system to the foreground.

Forcing SUT activation (bring to foreground) action
ExecutedAction [55]: 
 @Action ConcreteID = AC1uy0928392366082502 AbstractID = AA1uy0928392366082502
 ConcreteID CUSTOM = ConcreteID CUSTOM not available AbstractID CUSTOM = AAdg8z6z382806289863
 @State ConcreteID = SC1bpb2osb781665101801 AbstractID = SRr1uxorb111069725955
 ConcreteID CUSTOM = SC180b6zcb771584120512 AbstractID CUSTOM = SAvrztz1b793991803466

	DESCRIPTION = Bring the system to the foreground.
	TEXT = Bring the system to the foreground.

ExecutedAction [56]: 
 @Action ConcreteID = AClixanf801149045999 AbstractID = AAlixanf801149045999
 ConcreteID CUSTOM = ConcreteID CUSTOM not available AbstractID CUSTOM = AA98xc3k7f3129354331
 @State ConcreteID = SC1bpb2osb781665101801 AbstractID = SRr1uxorb111069725955
 ConcreteID CUSTOM = SC180b6zcb771584120512 AbstractID CUSTOM = SAvrztz1b793991803466

	ROLE = LeftClickAt
	TARGET =
		WIDGET = WCof1tsx2f3069210376, WR1h6ibpb92248851252, WThz0sl419562620132, WPypt72r2b1894852696
		ROLE = UIAButton
		TITLE = Recent locations
		SHAPE = Rect [x:682.0 y:293.0 w:15.0 h:30.0]
		CHILDREN = 0
		PATH = [0, 0, 7, 0, 0, 2]
	DESCRIPTION = Left Click at 'Recent locations'
	TEXT = Compound Action =
		Move mouse to (689.5, 308.0).
		Press Mouse Button BUTTON1
		Release Mouse Button BUTTON1

ExecutedAction [57]: 
 @Action ConcreteID = ACa7y661803683627383 AbstractID = AAa7y661803683627383
 ConcreteID CUSTOM = ConcreteID CUSTOM not available AbstractID CUSTOM = AAypj4h27f1534451337
 @State ConcreteID = SC1lc64f5c5c2837098341 AbstractID = SR5xe5n8bec3011647064
 ConcreteID CUSTOM = SCpcnt05c582754279940 AbstractID CUSTOM = SA91jx31c521041924236

	ROLE = LeftClickAt
	TARGET =
		WIDGET = WCmlbeis2b3830427218, WR5quxi6b4097176690, WT1dc7d13123152781878, WP1icanbm272572387703
		ROLE = UIATreeItem
		TITLE = This PC
		SHAPE = Rect [x:661.0 y:533.0 w:43.0 h:24.0]
		CHILDREN = 9
		PATH = [0, 0, 0, 1, 0, 1, 1]
	DESCRIPTION = Left Click at 'This PC'
	TEXT = Compound Action =
		Move mouse to (682.5, 545.0).
		Press Mouse Button BUTTON1
		Release Mouse Button BUTTON1

ExecutedAction [58]: 
 @Action ConcreteID = AC17g4fvs7f40080730 AbstractID = AA17g4fvs7f40080730
 ConcreteID CUSTOM = ConcreteID CUSTOM not available AbstractID CUSTOM = AAwkjh3z7e3582112213
 @State ConcreteID = SCossoybcfa1729096779 AbstractID = SR1reqnkxc791380992464
 ConcreteID CUSTOM = SC5ffjw0cfb3188153958 AbstractID CUSTOM = SA5teidocf6271379599

	ROLE = LeftClickAt
	TARGET =
		WIDGET = WCo0xm9c341589750136, WR5quxi6b4097176690, WT7wiqy31b4267075581, WP5jp9a6302526995090
		ROLE = UIATreeItem
		TITLE = Desktop (pinned)
		SHAPE = Rect [x:669.0 y:397.0 w:47.0 h:24.0]
		CHILDREN = 0
		PATH = [0, 0, 0, 1, 0, 0, 0]
	DESCRIPTION = Left Click at 'Desktop (pinned)'
	TEXT = Compound Action =
		Move mouse to (692.5, 409.0).
		Press Mouse Button BUTTON1
		Release Mouse Button BUTTON1

ExecutedAction [59]: 
 @Action ConcreteID = AC1nbjhz7803481699600 AbstractID = AA1nbjhz7803481699600
 ConcreteID CUSTOM = ConcreteID CUSTOM not available AbstractID CUSTOM = AAk1pkxp821370511463
 @State ConcreteID = SCup1qi0de1136903499 AbstractID = SRmkm358d4f3148421104
 ConcreteID CUSTOM = SC1xuuxgkdd3645569564 AbstractID CUSTOM = SA1ba66dgdd63370747536

	ROLE = LeftClickAt
	TARGET =
		WIDGET = WC1w5f2ho1c3080122433, WR1h6ibpb92248851252, WT1vjbvvdf3603144044, WP8jd2ga181867605517
		ROLE = UIAButton
		TITLE = Cancel
		SHAPE = Rect [x:1697.0 y:1114.0 w:88.0 h:26.0]
		CHILDREN = 0
		PATH = [0, 0, 5]
	DESCRIPTION = Left Click at 'Cancel'
	TEXT = Compound Action =
		Move mouse to (1741.0, 1127.0).
		Press Mouse Button BUTTON1
		Release Mouse Button BUTTON1

ExecutedAction [60]: 
 @Action ConcreteID = AC1jr3iq5802593417918 AbstractID = AA1jr3iq5802593417918
 ConcreteID CUSTOM = ConcreteID CUSTOM not available AbstractID CUSTOM = AA19yc6er7f645749607
 @State ConcreteID = SC1gbwa6050c1632652928 AbstractID = SR1tmk5924f61878647202
 ConcreteID CUSTOM = SCpvusjl5153453152412 AbstractID CUSTOM = SA1rz8s95044140448975

	ROLE = LeftClickAt
	TARGET =
		WIDGET = WCv32r2k2323202859, WR17v7k2nb1067391859, WT12et6eo161830467638, WP187i2561f1884996562
		ROLE = UIAMenuItem
		TITLE = Media Alt+M
		SHAPE = Rect [x:660.0 y:370.0 w:49.0 h:20.0]
		CHILDREN = 0
		PATH = [0, 2, 0]
	DESCRIPTION = Left Click at 'Media Alt+M'
	TEXT = Compound Action =
		Move mouse to (684.5, 380.0).
		Press Mouse Button BUTTON1
		Release Mouse Button BUTTON1

ExecutedAction [61]: 
 @Action ConcreteID = AC1rhan6i80870736817 AbstractID = AA1rhan6i80870736817
 ConcreteID CUSTOM = ConcreteID CUSTOM not available AbstractID CUSTOM = AA2vlxyd804233317564
 @State ConcreteID = SC1sul5ax64c3186346122 AbstractID = SR101e2mj635205401444
 ConcreteID CUSTOM = SCj42wgw6563798658225 AbstractID CUSTOM = SA1qs32nl6402873309351

	ROLE = LeftClickAt
	TARGET =
		WIDGET = WCfl317c1c3034426427, WR88rmk0b1934231702, WT88rmk0b1934231702, WP1vfigti183649330840
		ROLE = UIACheckBox
		TITLE = 
		SHAPE = Rect [x:913.0 y:395.0 w:26.0 h:26.0]
		CHILDREN = 0
		PATH = [0, 3, 2, 10]
	DESCRIPTION = Left Click at ''
	TEXT = Compound Action =
		Move mouse to (926.0, 408.0).
		Press Mouse Button BUTTON1
		Release Mouse Button BUTTON1

ExecutedAction [62]: 
 @Action ConcreteID = ACqsldmf812870215916 AbstractID = AAqsldmf812870215916
 ConcreteID CUSTOM = ConcreteID CUSTOM not available AbstractID CUSTOM = AA1m3ots581557928544
 @State ConcreteID = SC19px1vncfa1296030848 AbstractID = SR1reqnkxc791380992464
 ConcreteID CUSTOM = SC1blfb8scfb941124362 AbstractID CUSTOM = SA1u74ivycf41056199287

	ROLE = LeftClickAt
	TARGET =
		WIDGET = WC1gqj4k221922786594, WR1h6ibpb92248851252, WT1tvopige1890384806, WPpao3s01d3195526401
		ROLE = UIAButton
		TITLE = &Help
		SHAPE = Rect [x:1765.0 y:328.0 w:28.0 h:26.0]
		CHILDREN = 0
		PATH = [0, 0, 0, 0, 0]
	DESCRIPTION = Left Click at '&Help'
	TEXT = Compound Action =
		Move mouse to (1779.0, 341.0).
		Press Mouse Button BUTTON1
		Release Mouse Button BUTTON1

Forcing SUT activation (bring to foreground) action
ExecutedAction [63]: 
 @Action ConcreteID = ACts539h392672002398 AbstractID = AAts539h392672002398
 ConcreteID CUSTOM = ConcreteID CUSTOM not available AbstractID CUSTOM = AA8r881e382666989265
 @State ConcreteID = SC19atc2vcfc1039416479 AbstractID = SRg89ro6c7a1825949815
 ConcreteID CUSTOM = SC1s7odlrcfd682837837 AbstractID CUSTOM = SA1fg93kjcf3392554642

	DESCRIPTION = Bring the system to the foreground.
	TEXT = Bring the system to the foreground.

Forcing SUT activation (bring to foreground) action
ExecutedAction [64]: 
 @Action ConcreteID = ACts539h392672002398 AbstractID = AAts539h392672002398
 ConcreteID CUSTOM = ConcreteID CUSTOM not available AbstractID CUSTOM = AA8r881e382666989265
 @State ConcreteID = SC19atc2vcfc1039416479 AbstractID = SRg89ro6c7a1825949815
 ConcreteID CUSTOM = SC1s7odlrcfd682837837 AbstractID CUSTOM = SA1fg93kjcf3392554642

	DESCRIPTION = Bring the system to the foreground.
	TEXT = Bring the system to the foreground.

ExecutedAction [65]: 
 @Action ConcreteID = ACs7aqdi7f2239497640 AbstractID = AAs7aqdi7f2239497640
 ConcreteID CUSTOM = ConcreteID CUSTOM not available AbstractID CUSTOM = AA149ka467f1925465900
 @State ConcreteID = SCh3ccr2d0b2682505020 AbstractID = SR18xeqtpc8e3677195784
 ConcreteID CUSTOM = SC1po14ktd08605778557 AbstractID CUSTOM = SAtkug8qcff4247781889

	ROLE = LeftClickAt
	TARGET =
		WIDGET = WC1fzzxvh361643384121, WR5quxi6b4097176690, WT1ukuwsc1d2633759196, WP1q82rkb323791038757
		ROLE = UIATreeItem
		TITLE = Downloads (pinned)
		SHAPE = Rect [x:669.0 y:421.0 w:63.0 h:24.0]
		CHILDREN = 0
		PATH = [0, 0, 1, 1, 0, 0, 1]
	DESCRIPTION = Left Click at 'Downloads (pinned)'
	TEXT = Compound Action =
		Move mouse to (700.5, 433.0).
		Press Mouse Button BUTTON1
		Release Mouse Button BUTTON1

ExecutedAction [66]: 
 @Action ConcreteID = AC1kf9o9o7f790122702 AbstractID = AA1kf9o9o7f790122702
 ConcreteID CUSTOM = ConcreteID CUSTOM not available AbstractID CUSTOM = AAmtpeqa7f3414473805
 @State ConcreteID = SC6m46o3cf93580683928 AbstractID = SR1reqnkxc791380992464
 ConcreteID CUSTOM = SCb9dx40cfb4148661091 AbstractID CUSTOM = SA93udq3cf53915423009

	ROLE = LeftClickAt
	TARGET =
		WIDGET = WCrv491v33746480809, WR1e04pz3e358922214, WT1h9jp64171887435287, WP1yai8912f4257466319
		ROLE = UIASplitButton
		TITLE = Downloads
		SHAPE = Rect [x:822.0 y:297.0 w:82.0 h:21.0]
		CHILDREN = 0
		PATH = [0, 0, 7, 2, 0, 0, 0, 2]
	DESCRIPTION = Left Click at 'Downloads'
	TEXT = Compound Action =
		Move mouse to (863.0, 307.5).
		Press Mouse Button BUTTON1
		Release Mouse Button BUTTON1

ExecutedAction [67]: 
 @Action ConcreteID = ACf57zx481425271141 AbstractID = AAf57zx481425271141
 ConcreteID CUSTOM = ConcreteID CUSTOM not available AbstractID CUSTOM = AA19lic3y812689310242
 @State ConcreteID = SC6m46o3cf93580683928 AbstractID = SR1reqnkxc791380992464
 ConcreteID CUSTOM = SCb9dx40cfb4148661091 AbstractID CUSTOM = SA93udq3cf53915423009

	ROLE = LeftClickAt
	TARGET =
		WIDGET = WC4ukjj7223116588933, WR17qbaneb3904637586, WTtg2d9x1567061077, WP97lf51e1514842448
		ROLE = UIAComboBox
		TITLE = File name:
		SHAPE = Rect [x:807.0 y:1085.0 w:778.0 h:24.0]
		CHILDREN = 2
		PATH = [0, 0, 2]
	DESCRIPTION = Left Click at 'File name:'
	TEXT = Compound Action =
		Move mouse to (1196.0, 1097.0).
		Press Mouse Button BUTTON1
		Release Mouse Button BUTTON1

ExecutedAction [68]: 
 @Action ConcreteID = AC1xhxf747f2503532373 AbstractID = AA1xhxf747f2503532373
 ConcreteID CUSTOM = ConcreteID CUSTOM not available AbstractID CUSTOM = AAzwd5nq7f1906586582
 @State ConcreteID = SC6m46o3cf93580683928 AbstractID = SR1reqnkxc791380992464
 ConcreteID CUSTOM = SCb9dx40cfb4148661091 AbstractID CUSTOM = SA93udq3cf53915423009

	ROLE = LeftClickAt
	TARGET =
		WIDGET = WC1h22oz72d2889890781, WR5quxi6b4097176690, WT1wzz95i112690705612, WPlxc9k5293199488539
		ROLE = UIATreeItem
		TITLE = Videos
		SHAPE = Rect [x:669.0 y:701.0 w:39.0 h:24.0]
		CHILDREN = 0
		PATH = [0, 0, 0, 1, 0, 1, 1, 6]
	DESCRIPTION = Left Click at 'Videos'
	TEXT = Compound Action =
		Move mouse to (688.5, 713.0).
		Press Mouse Button BUTTON1
		Release Mouse Button BUTTON1

ExecutedAction [69]: 
 @Action ConcreteID = AC1xc51bl802357042710 AbstractID = AA1xc51bl802357042710
 ConcreteID CUSTOM = ConcreteID CUSTOM not available AbstractID CUSTOM = AAbv5b9o801989236042
 @State ConcreteID = SC9gg7tbb772500073097 AbstractID = SRtdztscb104138860834
 ConcreteID CUSTOM = SCetdmsmb752797103157 AbstractID CUSTOM = SAok1p6cb7a3053880175

	ROLE = LeftClickAt
	TARGET =
		WIDGET = WCkvcl6x2a994632792, WR88rmk0b1934231702, WTeqocw17155235360, WPbgxdw7261375499993
		ROLE = UIACheckBox
		TITLE = Preview pane
		SHAPE = Rect [x:1729.0 y:328.0 w:28.0 h:26.0]
		CHILDREN = 0
		PATH = [0, 0, 0, 0, 1]
	DESCRIPTION = Left Click at 'Preview pane'
	TEXT = Compound Action =
		Move mouse to (1743.0, 341.0).
		Press Mouse Button BUTTON1
		Release Mouse Button BUTTON1

ExecutedAction [70]: 
 @Action ConcreteID = ACpsk1kk801436515861 AbstractID = AApsk1kk801436515861
 ConcreteID CUSTOM = ConcreteID CUSTOM not available AbstractID CUSTOM = AA33446s7f3993653185
 @State ConcreteID = SC1kyl365b491055157469 AbstractID = SRfyvntyaeb1516331202
 ConcreteID CUSTOM = SCz5y5qeb4e2741452901 AbstractID CUSTOM = SA14lk8sb4e2527445527

	ROLE = LeftClickAt
	TARGET =
		WIDGET = WChwwzfm351340334909, WR5quxi6b4097176690, WTxcvv3q1c1737673325, WPbbugc0311157804922
		ROLE = UIATreeItem
		TITLE = Pictures (pinned)
		SHAPE = Rect [x:669.0 y:469.0 w:46.0 h:24.0]
		CHILDREN = 0
		PATH = [0, 0, 0, 1, 0, 0, 3]
	DESCRIPTION = Left Click at 'Pictures (pinned)'
	TEXT = Compound Action =
		Move mouse to (692.0, 481.0).
		Press Mouse Button BUTTON1
		Release Mouse Button BUTTON1

ExecutedAction [71]: 
 @Action ConcreteID = ACngztej7f184949666 AbstractID = AAngztej7f184949666
 ConcreteID CUSTOM = ConcreteID CUSTOM not available AbstractID CUSTOM = AA1ckv9ww801694587929
 @State ConcreteID = SC9bmnmpce9525273937 AbstractID = SR1yj2i33c7a1170131911
 ConcreteID CUSTOM = SC5i0qjgcff303861323 AbstractID CUSTOM = SAxfgamdcf21199606431

	ROLE = LeftClickAt
	TARGET =
		WIDGET = WC2jq1kx2f182889312, WR52qhb2b3065858412, WT1ehdime191730705122, WP3v5fub2b1727666677
		ROLE = UIAListItem
		TITLE = New folder (7)
		SHAPE = Rect [x:1101.0 y:405.0 w:308.0 h:20.0]
		CHILDREN = 2
		PATH = [0, 0, 0, 2, 0, 7]
	DESCRIPTION = Left Click at 'New folder (7)'
	TEXT = Compound Action =
		Move mouse to (1255.0, 415.0).
		Press Mouse Button BUTTON1
		Release Mouse Button BUTTON1

ExecutedAction [72]: 
 @Action ConcreteID = ACjba2eh7e725843931 AbstractID = AAjba2eh7e725843931
 ConcreteID CUSTOM = ConcreteID CUSTOM not available AbstractID CUSTOM = AAmex9ys7f1191322444
 @State ConcreteID = SC9bmnmpce9525273937 AbstractID = SR1yj2i33c7a1170131911
 ConcreteID CUSTOM = SC5i0qjgcff303861323 AbstractID CUSTOM = SAxfgamdcf21199606431

	ROLE = LeftClickAt
	TARGET =
		WIDGET = WC4gp6xs2e1845132611, WR5quxi6b4097176690, WTqbgpb2121408045107, WPqkkxjm2a688871077
		ROLE = UIATreeItem
		TITLE = Desktop
		SHAPE = Rect [x:669.0 y:581.0 w:47.0 h:24.0]
		CHILDREN = 0
		PATH = [0, 0, 0, 1, 0, 1, 1, 1]
	DESCRIPTION = Left Click at 'Desktop'
	TEXT = Compound Action =
		Move mouse to (692.5, 593.0).
		Press Mouse Button BUTTON1
		Release Mouse Button BUTTON1

ExecutedAction [73]: 
 @Action ConcreteID = ACkgatv9801269246150 AbstractID = AAkgatv9801269246150
 ConcreteID CUSTOM = ConcreteID CUSTOM not available AbstractID CUSTOM = AA8451v27f3224343752
 @State ConcreteID = SC15dutxtd9e3761653197 AbstractID = SRs2dead2a1210930781
 ConcreteID CUSTOM = SC1i2nry3daf2841773837 AbstractID CUSTOM = SA1vcns75da8742494714

	ROLE = LeftClickAt
	TARGET =
		WIDGET = WC1a30sum24170565444, WR1h6ibpb92248851252, WT4keizt112994300114, WP1lsmuho202726277519
		ROLE = UIAButton
		TITLE = Organise
		SHAPE = Rect [x:621.0 y:328.0 w:91.0 h:26.0]
		CHILDREN = 0
		PATH = [0, 0, 0, 0, 3]
	DESCRIPTION = Left Click at 'Organise'
	TEXT = Compound Action =
		Move mouse to (666.5, 341.0).
		Press Mouse Button BUTTON1
		Release Mouse Button BUTTON1

ExecutedAction [74]: 
 @Action ConcreteID = AC1fuhiny7f1356719153 AbstractID = AA1fuhiny7f1356719153
 ConcreteID CUSTOM = ConcreteID CUSTOM not available AbstractID CUSTOM = AAk78c2z7f2417739149
 @State ConcreteID = SCtdpkxdebc3589696000 AbstractID = SRo60g8je414007640933
 ConcreteID CUSTOM = SC1pxyj6kece1298186840 AbstractID CUSTOM = SAuw4caeebf2638873496

	ROLE = LeftClickAt
	TARGET =
		WIDGET = WChwwzfm351340334909, WR5quxi6b4097176690, WTxcvv3q1c1737673325, WPbbugc0311157804922
		ROLE = UIATreeItem
		TITLE = Pictures (pinned)
		SHAPE = Rect [x:669.0 y:469.0 w:46.0 h:24.0]
		CHILDREN = 0
		PATH = [0, 0, 0, 1, 0, 0, 3]
	DESCRIPTION = Left Click at 'Pictures (pinned)'
	TEXT = Compound Action =
		Move mouse to (692.0, 481.0).
		Press Mouse Button BUTTON1
		Release Mouse Button BUTTON1

ExecutedAction [75]: 
 @Action ConcreteID = AC1eba0jr12d1329057022 AbstractID = AA1lgj2ozd63575369232
 ConcreteID CUSTOM = ConcreteID CUSTOM not available AbstractID CUSTOM = AA199yjz0d52649111990
 @State ConcreteID = SC15dutxtd9e3761653197 AbstractID = SRs2dead2a1210930781
 ConcreteID CUSTOM = SC1i2nry3daf2841773837 AbstractID CUSTOM = SA1vcns75da8742494714

	ROLE = ClickTypeInto
	TARGET =
		WIDGET = WCtc4clh244148901825, WR4n0dlj72701565195, WT9bjwxkb2192773902, WPez7tsj201496922519
		ROLE = UIAEdit
		TITLE = Size
		SHAPE = Rect [x:1314.0 y:472.0 w:80.0 h:22.0]
		CHILDREN = 0
		PATH = [0, 0, 0, 2, 0, 5, 4]
	DESCRIPTION = Type '<a href="\xE2\x8...' into 'Size
	TEXT = Compound Action =
		Compound Action =
		Move mouse to (1354.0, 483.0).
		Press Mouse Button BUTTON1
		Release Mouse Button BUTTON1
		Press Key 17
		Press Key 65
		Release Key 65
		Release Key 17
		Type text '<a href="\xE2\x81\x9Fjavascript:javascript:alert(1)" id="fuzzelement1">test</a>'

ExecutedAction [76]: 
 @Action ConcreteID = AC1rqj16k801581939856 AbstractID = AA1rqj16k801581939856
 ConcreteID CUSTOM = ConcreteID CUSTOM not available AbstractID CUSTOM = AA1fed96d7f3586310302
 @State ConcreteID = SC15dutxtd9e3761653197 AbstractID = SRs2dead2a1210930781
 ConcreteID CUSTOM = SC1i2nry3daf2841773837 AbstractID CUSTOM = SA1vcns75da8742494714

	ROLE = LeftClickAt
	TARGET =
		WIDGET = WC1gmp5q02d4109948037, WR5quxi6b4097176690, WT158yrsl171516135311, WP1bftmsq293975541691
		ROLE = UIATreeItem
		TITLE = Quick access
		SHAPE = Rect [x:661.0 y:373.0 w:72.0 h:24.0]
		CHILDREN = 4
		PATH = [0, 0, 0, 1, 0, 0]
	DESCRIPTION = Left Click at 'Quick access'
	TEXT = Compound Action =
		Move mouse to (697.0, 385.0).
		Press Mouse Button BUTTON1
		Release Mouse Button BUTTON1

ExecutedAction [77]: 
 @Action ConcreteID = AC3as12r7e3270646085 AbstractID = AA3as12r7e3270646085
 ConcreteID CUSTOM = ConcreteID CUSTOM not available AbstractID CUSTOM = AA9jzsub7f565119160
 @State ConcreteID = SCkcv4dic13898229030 AbstractID = SR686z67baa1764661614
 ConcreteID CUSTOM = SCof9mdyc1b1338539177 AbstractID CUSTOM = SAckqaplc1b1839840479

	ROLE = LeftClickAt
	TARGET =
		WIDGET = WCmlbeis2b3830427218, WR5quxi6b4097176690, WT1dc7d13123152781878, WP1icanbm272572387703
		ROLE = UIATreeItem
		TITLE = This PC
		SHAPE = Rect [x:661.0 y:533.0 w:43.0 h:24.0]
		CHILDREN = 9
		PATH = [0, 0, 0, 1, 0, 1, 1]
	DESCRIPTION = Left Click at 'This PC'
	TEXT = Compound Action =
		Move mouse to (682.5, 545.0).
		Press Mouse Button BUTTON1
		Release Mouse Button BUTTON1

ExecutedAction [78]: 
 @Action ConcreteID = AC148lsmm7f2339201642 AbstractID = AA148lsmm7f2339201642
 ConcreteID CUSTOM = ConcreteID CUSTOM not available AbstractID CUSTOM = AA18i7g1z7f2353641480
 @State ConcreteID = SC14l51gycc2104131941 AbstractID = SR8jtqbjc531308614184
 ConcreteID CUSTOM = SC19pczgsccf1161740530 AbstractID CUSTOM = SAsjxq9ecc92230718969

	ROLE = LeftClickAt
	TARGET =
		WIDGET = WC1gmp5q02d4109948037, WR5quxi6b4097176690, WT158yrsl171516135311, WP1bftmsq293975541691
		ROLE = UIATreeItem
		TITLE = Quick access
		SHAPE = Rect [x:661.0 y:373.0 w:72.0 h:24.0]
		CHILDREN = 4
		PATH = [0, 0, 0, 1, 0, 0]
	DESCRIPTION = Left Click at 'Quick access'
	TEXT = Compound Action =
		Move mouse to (697.0, 385.0).
		Press Mouse Button BUTTON1
		Release Mouse Button BUTTON1

ExecutedAction [79]: 
 @Action ConcreteID = AC1mey4il7f2103959138 AbstractID = AA1mey4il7f2103959138
 ConcreteID CUSTOM = ConcreteID CUSTOM not available AbstractID CUSTOM = AAoxkno080790094441
 @State ConcreteID = SCire2uwc151915283735 AbstractID = SRjd54dkbab1077356576
 ConcreteID CUSTOM = SC1qa8p96c1b3953623942 AbstractID CUSTOM = SA1u5v7joc192878692484

	ROLE = LeftClickAt
	TARGET =
		WIDGET = WC54y5s9372049022285, WR1e04pz3e358922214, WT1c4o4m81b2311801335, WPgjbqkb333067261602
		ROLE = UIASplitButton
		TITLE = All locations
		SHAPE = Rect [x:725.0 y:297.0 w:35.0 h:21.0]
		CHILDREN = 0
		PATH = [0, 0, 7, 2, 0, 0, 0, 0]
	DESCRIPTION = Left Click at 'All locations'
	TEXT = Compound Action =
		Move mouse to (742.5, 307.5).
		Press Mouse Button BUTTON1
		Release Mouse Button BUTTON1

ExecutedAction [80]: 
 @Action ConcreteID = ACn3i25681955689339 AbstractID = AAn3i25681955689339
 ConcreteID CUSTOM = ConcreteID CUSTOM not available AbstractID CUSTOM = AAk86dzc823597157159
 @State ConcreteID = SCfamjd5bec3942963694 AbstractID = SRx77lppb842119069840
 ConcreteID CUSTOM = SCzz252obf23816780647 AbstractID CUSTOM = SA1s5y5upbef2517850755

	ROLE = LeftClickAt
	TARGET =
		WIDGET = WC1f1iqwd1a1669168585, WR1h6ibpb92248851252, WT1gjzbmxd1262302430, WP1qvfkzf16811796457
		ROLE = UIAButton
		TITLE = Open
		SHAPE = Rect [x:1597.0 y:1114.0 w:88.0 h:26.0]
		CHILDREN = 0
		PATH = [0, 0, 4]
	DESCRIPTION = Left Click at 'Open'
	TEXT = Compound Action =
		Move mouse to (1641.0, 1127.0).
		Press Mouse Button BUTTON1
		Release Mouse Button BUTTON1

ExecutedAction [81]: 
 @Action ConcreteID = AC1lio3697f62144365 AbstractID = AA1lio3697f62144365
 ConcreteID CUSTOM = ConcreteID CUSTOM not available AbstractID CUSTOM = AA15q4o9p7f3216066293
 @State ConcreteID = SCorfvgwc133564991400 AbstractID = SR686z67baa1764661614
 ConcreteID CUSTOM = SC1a377fac1b3771118305 AbstractID CUSTOM = SAckqaplc1b1839840479

	ROLE = LeftClickAt
	TARGET =
		WIDGET = WC4gp6xs2e1845132611, WR5quxi6b4097176690, WTqbgpb2121408045107, WPqkkxjm2a688871077
		ROLE = UIATreeItem
		TITLE = Desktop
		SHAPE = Rect [x:669.0 y:581.0 w:47.0 h:24.0]
		CHILDREN = 0
		PATH = [0, 0, 0, 1, 0, 1, 1, 1]
	DESCRIPTION = Left Click at 'Desktop'
	TEXT = Compound Action =
		Move mouse to (692.5, 593.0).
		Press Mouse Button BUTTON1
		Release Mouse Button BUTTON1

ExecutedAction [82]: 
 @Action ConcreteID = ACkjfzf5802390368723 AbstractID = AAkjfzf5802390368723
 ConcreteID CUSTOM = ConcreteID CUSTOM not available AbstractID CUSTOM = AA167t1yo802917483174
 @State ConcreteID = SC47wof9d9c1503130097 AbstractID = SRs2dead2a1210930781
 ConcreteID CUSTOM = SC1g29qoddae118876351 AbstractID CUSTOM = SA1vcns75da8742494714

	ROLE = LeftClickAt
	TARGET =
		WIDGET = WC12cvhi4352029843863, WR1h6ibpb92248851252, WT1epqnef192624198131, WP1xt011q312854647210
		ROLE = UIAButton
		TITLE = Filter drop-down
		SHAPE = Rect [x:1378.0 y:357.0 w:15.0 h:25.0]
		CHILDREN = 0
		PATH = [0, 0, 0, 2, 0, 0, 3, 0]
	DESCRIPTION = Left Click at 'Filter drop-down'
	TEXT = Compound Action =
		Move mouse to (1385.5, 369.5).
		Press Mouse Button BUTTON1
		Release Mouse Button BUTTON1

ExecutedAction [83]: 
 @Action ConcreteID = ACcfouhg7f1669869986 AbstractID = AAcfouhg7f1669869986
 ConcreteID CUSTOM = ConcreteID CUSTOM not available AbstractID CUSTOM = AA8xccz27f1909517121
 @State ConcreteID = SCc7dtw0e342264965412 AbstractID = SRymnhvadad1659472056
 ConcreteID CUSTOM = SC1eqkpz8e311522168359 AbstractID CUSTOM = SAzouqige2d1183602397

	ROLE = LeftClickAt
	TARGET =
		WIDGET = WC1tqaz8i2f621321166, WR1h6ibpb92248851252, WThz0sl419562620132, WP4zyaj82b3809074334
		ROLE = UIAButton
		TITLE = Recent locations
		SHAPE = Rect [x:682.0 y:293.0 w:15.0 h:30.0]
		CHILDREN = 0
		PATH = [0, 0, 8, 0, 0, 2]
	DESCRIPTION = Left Click at 'Recent locations'
	TEXT = Compound Action =
		Move mouse to (689.5, 308.0).
		Press Mouse Button BUTTON1
		Release Mouse Button BUTTON1

ExecutedAction [84]: 
 @Action ConcreteID = ACppxta511a3407672497 AbstractID = AAdbio4ld32320641620
 ConcreteID CUSTOM = ConcreteID CUSTOM not available AbstractID CUSTOM = AA7e87rqd54136802092
 @State ConcreteID = SCcfmct8e7c54675199 AbstractID = SRazhv1le052983908687
 ConcreteID CUSTOM = SC47mesue903824885501 AbstractID CUSTOM = SA7szmipe813394942432

	ROLE = ClickTypeInto
	TARGET =
		WIDGET = WCtbkk04243391823473, WR4n0dlj72701565195, WT9bjwxkb2192773902, WPeyo176201683558439
		ROLE = UIAEdit
		TITLE = Size
		SHAPE = Rect [x:1314.0 y:451.0 w:80.0 h:22.0]
		CHILDREN = 0
		PATH = [0, 0, 0, 2, 0, 4, 4]
	DESCRIPTION = Type '<script\x0Atype=...' into 'Size
	TEXT = Compound Action =
		Compound Action =
		Move mouse to (1354.0, 462.0).
		Press Mouse Button BUTTON1
		Release Mouse Button BUTTON1
		Press Key 17
		Press Key 65
		Release Key 65
		Release Key 17
		Type text '<script\x0Atype="text/javascript">javascript:alert(1);</script>'

ExecutedAction [85]: 
 @Action ConcreteID = AC1lr028h7f1342081892 AbstractID = AA1lr028h7f1342081892
 ConcreteID CUSTOM = ConcreteID CUSTOM not available AbstractID CUSTOM = AA1da83827f167395731
 @State ConcreteID = SC47wof9d9c1503130097 AbstractID = SRs2dead2a1210930781
 ConcreteID CUSTOM = SC1g29qoddae118876351 AbstractID CUSTOM = SA1vcns75da8742494714

	ROLE = LeftClickAt
	TARGET =
		WIDGET = WCyzl3yi36267276636, WR5quxi6b4097176690, WT2e4uof1d1330212510, WP13aa9aw32639803042
		ROLE = UIATreeItem
		TITLE = Documents (pinned)
		SHAPE = Rect [x:669.0 y:445.0 w:65.0 h:24.0]
		CHILDREN = 0
		PATH = [0, 0, 0, 1, 0, 0, 2]
	DESCRIPTION = Left Click at 'Documents (pinned)'
	TEXT = Compound Action =
		Move mouse to (701.5, 457.0).
		Press Mouse Button BUTTON1
		Release Mouse Button BUTTON1

ExecutedAction [86]: 
 @Action ConcreteID = AC1oy5bfm803904318876 AbstractID = AA1oy5bfm803904318876
 ConcreteID CUSTOM = ConcreteID CUSTOM not available AbstractID CUSTOM = AAvocbw5811378879120
 @State ConcreteID = SC2tp8fkdd93937405937 AbstractID = SRd0h8ind5e239424258
 ConcreteID CUSTOM = SCati0mydf01340107029 AbstractID CUSTOM = SA1p889x1de51321530568

	ROLE = LeftClickAt
	TARGET =
		WIDGET = WC1uww8no314050560450, WR52qhb2b3065858412, WT2a5plh1a1480931368, WP1bkw2oy2d3383938102
		ROLE = UIAListItem
		TITLE = New folder (11)
		SHAPE = Rect [x:1562.0 y:363.0 w:74.0 h:83.0]
		CHILDREN = 2
		PATH = [0, 0, 0, 2, 0, 10]
	DESCRIPTION = Left Click at 'New folder (11)'
	TEXT = Compound Action =
		Move mouse to (1599.0, 404.5).
		Press Mouse Button BUTTON1
		Release Mouse Button BUTTON1

ExecutedAction [87]: 
 @Action ConcreteID = AC1erh1ox7f1897658298 AbstractID = AA1erh1ox7f1897658298
 ConcreteID CUSTOM = ConcreteID CUSTOM not available AbstractID CUSTOM = AAom47z280637992526
 @State ConcreteID = SC2tp8fkdd93937405937 AbstractID = SRd0h8ind5e239424258
 ConcreteID CUSTOM = SCati0mydf01340107029 AbstractID CUSTOM = SA1p889x1de51321530568

	ROLE = LeftClickAt
	TARGET =
		WIDGET = WC1wx7kc12f1931517472, WR5quxi6b4097176690, WT5hskmr133779962162, WP1u1dfoj2b2453896595
		ROLE = UIATreeItem
		TITLE = Pictures
		SHAPE = Rect [x:669.0 y:677.0 w:46.0 h:24.0]
		CHILDREN = 0
		PATH = [0, 0, 0, 1, 0, 1, 1, 5]
	DESCRIPTION = Left Click at 'Pictures'
	TEXT = Compound Action =
		Move mouse to (692.0, 689.0).
		Press Mouse Button BUTTON1
		Release Mouse Button BUTTON1

ExecutedAction [88]: 
 @Action ConcreteID = ACr8advr80223278214 AbstractID = AAr8advr80223278214
 ConcreteID CUSTOM = ConcreteID CUSTOM not available AbstractID CUSTOM = AA14i4j51803016168615
 @State ConcreteID = SC1dzjyfce92387521278 AbstractID = SR1yj2i33c7a1170131911
 ConcreteID CUSTOM = SC17tn9xscff401695443 AbstractID CUSTOM = SAxfgamdcf21199606431

	ROLE = LeftClickAt
	TARGET =
		WIDGET = WC4rif0l2f3790276077, WR52qhb2b3065858412, WT1ehdiko191428034656, WPhdyhdj2b2650934779
		ROLE = UIAListItem
		TITLE = New folder (5)
		SHAPE = Rect [x:1410.0 y:384.0 w:308.0 h:20.0]
		CHILDREN = 2
		PATH = [0, 0, 0, 2, 0, 5]
	DESCRIPTION = Left Click at 'New folder (5)'
	TEXT = Compound Action =
		Move mouse to (1564.0, 394.0).
		Press Mouse Button BUTTON1
		Release Mouse Button BUTTON1

ExecutedAction [89]: 
 @Action ConcreteID = AC6fuwid7f1938796344 AbstractID = AA6fuwid7f1938796344
 ConcreteID CUSTOM = ConcreteID CUSTOM not available AbstractID CUSTOM = AAts5b937f4051672650
 @State ConcreteID = SC1dzjyfce92387521278 AbstractID = SR1yj2i33c7a1170131911
 ConcreteID CUSTOM = SC17tn9xscff401695443 AbstractID CUSTOM = SAxfgamdcf21199606431

	ROLE = LeftClickAt
	TARGET =
		WIDGET = WC1h22oz72d2889890781, WR5quxi6b4097176690, WT1wzz95i112690705612, WPlxc9k5293199488539
		ROLE = UIATreeItem
		TITLE = Videos
		SHAPE = Rect [x:669.0 y:701.0 w:39.0 h:24.0]
		CHILDREN = 0
		PATH = [0, 0, 0, 1, 0, 1, 1, 6]
	DESCRIPTION = Left Click at 'Videos'
	TEXT = Compound Action =
		Move mouse to (688.5, 713.0).
		Press Mouse Button BUTTON1
		Release Mouse Button BUTTON1

ExecutedAction [90]: 
 @Action ConcreteID = AC65g2fa823389483269 AbstractID = AA65g2fa823389483269
 ConcreteID CUSTOM = ConcreteID CUSTOM not available AbstractID CUSTOM = AAqrn9ek813866317707
 @State ConcreteID = SC14fgpn5b4a3691535065 AbstractID = SRfyvntyaeb1516331202
 ConcreteID CUSTOM = SC10u7u3sb503430117062 AbstractID CUSTOM = SA14lk8sb4e2527445527

	ROLE = LeftClickAt
	TARGET =
		WIDGET = WC4ukjj7223116588933, WR17qbaneb3904637586, WTtg2d9x1567061077, WP97lf51e1514842448
		ROLE = UIAComboBox
		TITLE = File name:
		SHAPE = Rect [x:807.0 y:1085.0 w:778.0 h:24.0]
		CHILDREN = 2
		PATH = [0, 0, 2]
	DESCRIPTION = Left Click at 'File name:'
	TEXT = Compound Action =
		Move mouse to (1196.0, 1097.0).
		Press Mouse Button BUTTON1
		Release Mouse Button BUTTON1

ExecutedAction [91]: 
 @Action ConcreteID = ACxgv81a16d4021918056 AbstractID = AAn09sx9d63445821789
 ConcreteID CUSTOM = ConcreteID CUSTOM not available AbstractID CUSTOM = AAkw7nwjd54045074300
 @State ConcreteID = SC14fgpn5b4a3691535065 AbstractID = SRfyvntyaeb1516331202
 ConcreteID CUSTOM = SC10u7u3sb503430117062 AbstractID CUSTOM = SA14lk8sb4e2527445527

	ROLE = ClickTypeInto
	TARGET =
		WIDGET = WC1m6r8j12a1940071914, WR4n0dlj72701565195, WT1r4sup6111826047676, WP1tvrvzv261582024736
		ROLE = UIAEdit
		TITLE = Search Box
		SHAPE = Rect [x:1594.0 y:300.0 w:170.0 h:15.0]
		CHILDREN = 0
		PATH = [0, 0, 7, 4, 0, 0, 0]
	DESCRIPTION = Type '????I????n???v??...' into 'Search Box
	TEXT = Compound Action =
		Compound Action =
		Move mouse to (1679.0, 307.5).
		Press Mouse Button BUTTON1
		Release Mouse Button BUTTON1
		Press Key 17
		Press Key 65
		Release Key 65
		Release Key 17
		Type text '????I????n???v??ok????i??????n?????g??????? ?t??h??e?? ????f????????l???i????n??????g? ?o???f??? ??????c????????h?????????o???s???????.??????'

ExecutedAction [92]: 
 @Action ConcreteID = AC1v49f9q7f3924739232 AbstractID = AA1v49f9q7f3924739232
 ConcreteID CUSTOM = ConcreteID CUSTOM not available AbstractID CUSTOM = AA1am43ma7f2756480326
 @State ConcreteID = SC1t0v05b491474062664 AbstractID = SRfyvntyaeb1516331202
 ConcreteID CUSTOM = SC13wuinwb504226104206 AbstractID CUSTOM = SA14lk8sb4e2527445527

	ROLE = LeftClickAt
	TARGET =
		WIDGET = WC1gmp5q02d4109948037, WR5quxi6b4097176690, WT158yrsl171516135311, WP1bftmsq293975541691
		ROLE = UIATreeItem
		TITLE = Quick access
		SHAPE = Rect [x:661.0 y:373.0 w:72.0 h:24.0]
		CHILDREN = 4
		PATH = [0, 0, 0, 1, 0, 0]
	DESCRIPTION = Left Click at 'Quick access'
	TEXT = Compound Action =
		Move mouse to (697.0, 385.0).
		Press Mouse Button BUTTON1
		Release Mouse Button BUTTON1

ExecutedAction [93]: 
 @Action ConcreteID = AC67xinh7f665539079 AbstractID = AA67xinh7f665539079
 ConcreteID CUSTOM = ConcreteID CUSTOM not available AbstractID CUSTOM = AA1kqw8z57f1778981857
 @State ConcreteID = SC1t0v05b491474062664 AbstractID = SRfyvntyaeb1516331202
 ConcreteID CUSTOM = SC13wuinwb504226104206 AbstractID CUSTOM = SA14lk8sb4e2527445527

	ROLE = LeftClickAt
	TARGET =
		WIDGET = WC4gp6xs2e1845132611, WR5quxi6b4097176690, WTqbgpb2121408045107, WPqkkxjm2a688871077
		ROLE = UIATreeItem
		TITLE = Desktop
		SHAPE = Rect [x:669.0 y:581.0 w:47.0 h:24.0]
		CHILDREN = 0
		PATH = [0, 0, 0, 1, 0, 1, 1, 1]
	DESCRIPTION = Left Click at 'Desktop'
	TEXT = Compound Action =
		Move mouse to (692.5, 593.0).
		Press Mouse Button BUTTON1
		Release Mouse Button BUTTON1

ExecutedAction [94]: 
 @Action ConcreteID = ACji3erg803718362956 AbstractID = AAji3erg803718362956
 ConcreteID CUSTOM = ConcreteID CUSTOM not available AbstractID CUSTOM = AAnup03l80980767292
 @State ConcreteID = SC8foh1jd9e3350023212 AbstractID = SRs2dead2a1210930781
 ConcreteID CUSTOM = SC1wxmenzdae401675478 AbstractID CUSTOM = SA1vcns75da8742494714

	ROLE = LeftClickAt
	TARGET =
		WIDGET = WC1gqj4k221922786594, WR1h6ibpb92248851252, WT1tvopige1890384806, WPpao3s01d3195526401
		ROLE = UIAButton
		TITLE = &Help
		SHAPE = Rect [x:1765.0 y:328.0 w:28.0 h:26.0]
		CHILDREN = 0
		PATH = [0, 0, 0, 0, 0]
	DESCRIPTION = Left Click at '&Help'
	TEXT = Compound Action =
		Move mouse to (1779.0, 341.0).
		Press Mouse Button BUTTON1
		Release Mouse Button BUTTON1

Forcing SUT activation (bring to foreground) action
ExecutedAction [95]: 
 @Action ConcreteID = ACho7el2373010151206 AbstractID = AAho7el2373010151206
 ConcreteID CUSTOM = ConcreteID CUSTOM not available AbstractID CUSTOM = AA1dce9i2382676988799
 @State ConcreteID = SChtggmid9d804363918 AbstractID = SR1rkij9hd2b4291185401
 ConcreteID CUSTOM = SC1cvsl54dae3731556134 AbstractID CUSTOM = SA1onjj80da7357512651

	DESCRIPTION = Bring the system to the foreground.
	TEXT = Bring the system to the foreground.

Forcing SUT activation (bring to foreground) action
ExecutedAction [96]: 
 @Action ConcreteID = ACho7el2373010151206 AbstractID = AAho7el2373010151206
 ConcreteID CUSTOM = ConcreteID CUSTOM not available AbstractID CUSTOM = AA1dce9i2382676988799
 @State ConcreteID = SChtggmid9d804363918 AbstractID = SR1rkij9hd2b4291185401
 ConcreteID CUSTOM = SC1cvsl54dae3731556134 AbstractID CUSTOM = SA1onjj80da7357512651

	DESCRIPTION = Bring the system to the foreground.
	TEXT = Bring the system to the foreground.

ExecutedAction [97]: 
 @Action ConcreteID = AC7i54qr801539377882 AbstractID = AA7i54qr801539377882
 ConcreteID CUSTOM = ConcreteID CUSTOM not available AbstractID CUSTOM = AA1qzxi8d812903696735
 @State ConcreteID = SCs2pw4hdba1318532065 AbstractID = SR1vmo99qd3f708918622
 ConcreteID CUSTOM = SC1c9e3dvdbb3471619147 AbstractID CUSTOM = SA14ws5q5db12500575606

	ROLE = LeftClickAt
	TARGET =
		WIDGET = WC1oq1tcs353258586980, WR1h6ibpb92248851252, WT1epqnef192624198131, WPl52axa31283154265
		ROLE = UIAButton
		TITLE = Filter drop-down
		SHAPE = Rect [x:1298.0 y:357.0 w:15.0 h:25.0]
		CHILDREN = 0
		PATH = [0, 0, 1, 2, 0, 0, 2, 0]
	DESCRIPTION = Left Click at 'Filter drop-down'
	TEXT = Compound Action =
		Move mouse to (1305.5, 369.5).
		Press Mouse Button BUTTON1
		Release Mouse Button BUTTON1

ExecutedAction [98]: 
 @Action ConcreteID = AC1fw4q3o7e1148492592 AbstractID = AA1fw4q3o7e1148492592
 ConcreteID CUSTOM = ConcreteID CUSTOM not available AbstractID CUSTOM = AA1b29vog7f1248673215
 @State ConcreteID = SChtggmid9d804363918 AbstractID = SR1rkij9hd2b4291185401
 ConcreteID CUSTOM = SC1cvsl54dae3731556134 AbstractID CUSTOM = SA1onjj80da7357512651

	ROLE = LeftClickAt
	TARGET =
		WIDGET = WC1mpkppb233181264956, WR4na8ob72534219213, WT9u39i4103619495140, WP19ytbhp1f4009154206
		ROLE = UIATree
		TITLE = Tree View
		SHAPE = Rect [x:618.0 y:357.0 w:156.0 h:719.0]
		CHILDREN = 2
		PATH = [0, 0, 0, 1, 0]
	DESCRIPTION = Left Click at 'Tree View'
	TEXT = Compound Action =
		Move mouse to (696.0, 716.5).
		Press Mouse Button BUTTON1
		Release Mouse Button BUTTON1

ExecutedAction [99]: 
 @Action ConcreteID = ACfvmxt87f2752556516 AbstractID = AAfvmxt87f2752556516
 ConcreteID CUSTOM = ConcreteID CUSTOM not available AbstractID CUSTOM = AAcbba457f2109739269
 @State ConcreteID = SC1yl68z1b49517243628 AbstractID = SRfyvntyaeb1516331202
 ConcreteID CUSTOM = SC1pa8oqb501339024339 AbstractID CUSTOM = SA14lk8sb4e2527445527

	ROLE = LeftClickAt
	TARGET =
		WIDGET = WCof1tsx2f3069210376, WR1h6ibpb92248851252, WThz0sl419562620132, WPypt72r2b1894852696
		ROLE = UIAButton
		TITLE = Recent locations
		SHAPE = Rect [x:682.0 y:293.0 w:15.0 h:30.0]
		CHILDREN = 0
		PATH = [0, 0, 7, 0, 0, 2]
	DESCRIPTION = Left Click at 'Recent locations'
	TEXT = Compound Action =
		Move mouse to (689.5, 308.0).
		Press Mouse Button BUTTON1
		Release Mouse Button BUTTON1

ExecutedAction [100]: 
 @Action ConcreteID = AC1s6wb4980871520623 AbstractID = AA1s6wb4980871520623
 ConcreteID CUSTOM = ConcreteID CUSTOM not available AbstractID CUSTOM = AA5ggr47f1821916290
 @State ConcreteID = SCrkjx1jc262316287819 AbstractID = SR1ecyzovbc61638481355
 ConcreteID CUSTOM = SCzp1kl5c2d1220964246 AbstractID CUSTOM = SA1d5p8cc27170417776

	ROLE = LeftClickAt
	TARGET =
		WIDGET = WC1myt3mx263351678798, WR1e04pz3e358922214, WT1o1rmsv132406183479, WPxndegn221157093564
		ROLE = UIASplitButton
		TITLE = Views
		SHAPE = Rect [x:1674.0 y:328.0 w:55.0 h:26.0]
		CHILDREN = 1
		PATH = [0, 0, 0, 0, 2]
	DESCRIPTION = Left Click at 'Views'
	TEXT = Compound Action =
		Move mouse to (1701.5, 341.0).
		Press Mouse Button BUTTON1
		Release Mouse Button BUTTON1

Sequence 1 finished.
Copying generated sequence ("sequence874") to output directory...
Copying classified sequence ("sequence874") to sequences_ok folder...
