Starting sequence 1 (output as: sequence2056)

ExecutedAction [1]: 
 @Action ConcreteID = AC1by0g6k802257196789 AbstractID = AA1by0g6k802257196789
 ConcreteID CUSTOM = ConcreteID CUSTOM not available AbstractID CUSTOM = AA1cgqi0y80340912258
 @State ConcreteID = SC1nc411o4961529421974 AbstractID = SRx1ik4a474333690124
 ConcreteID CUSTOM = SC1n8pk4e495298478986 AbstractID CUSTOM = SA12laes84902498637855

	ROLE = LeftClickAt
	TARGET =
		WIDGET = WCb8ooo1273207854480, WR5quxi6b4097176690, WT5quxi6b4097176690, WP1sol9ar231049943358
		ROLE = UIATreeItem
		TITLE = 
		SHAPE = Rect [x:660.0 y:468.0 w:163.0 h:22.0]
		CHILDREN = 0
		PATH = [0, 2, 0, 0, 3, 1, 1, 2]
	DESCRIPTION = Left Click at ''
	TEXT = Compound Action =
		Move mouse to (741.5, 479.0).
		Press Mouse Button BUTTON1
		Release Mouse Button BUTTON1

ExecutedAction [2]: 
 @Action ConcreteID = ACn905g7803310903552 AbstractID = AAn905g7803310903552
 ConcreteID CUSTOM = ConcreteID CUSTOM not available AbstractID CUSTOM = AAnrq7al801468243831
 @State ConcreteID = SC1nc411o4961529421974 AbstractID = SRx1ik4a474333690124
 ConcreteID CUSTOM = SC1n8pk4e495298478986 AbstractID CUSTOM = SA12laes84902498637855

	ROLE = LeftClickAt
	TARGET =
		WIDGET = WC1u4yxgu201001852223, WR4na8ob72534219213, WT4na8ob72534219213, WP3shum41c2253840902
		ROLE = UIATree
		TITLE = 
		SHAPE = Rect [x:660.0 y:416.0 w:180.0 h:178.0]
		CHILDREN = 8
		PATH = [0, 2, 0, 0, 3, 1, 1]
	DESCRIPTION = Left Click at ''
	TEXT = Compound Action =
		Move mouse to (750.0, 505.0).
		Press Mouse Button BUTTON1
		Release Mouse Button BUTTON1

ExecutedAction [3]: 
 @Action ConcreteID = AC1y3sp3c801213371319 AbstractID = AA1y3sp3c801213371319
 ConcreteID CUSTOM = ConcreteID CUSTOM not available AbstractID CUSTOM = AA1q6a4s9804157006560
 @State ConcreteID = SC1jx4ull5503715761135 AbstractID = SR1sdj6cz51f2314341141
 ConcreteID CUSTOM = SCw7973s5492495189628 AbstractID CUSTOM = SA1yjj6az5412082435609

	ROLE = LeftClickAt
	TARGET =
		WIDGET = WC16jbmg11a1783434451, WR10fgh33101836453781, WT10fgh33101836453781, WP1guga8j162634643805
		ROLE = UIACustomControl
		TITLE = 
		SHAPE = Rect [x:660.0 y:391.0 w:600.0 h:399.0]
		CHILDREN = 3
		PATH = [0, 2]
	DESCRIPTION = Left Click at ''
	TEXT = Compound Action =
		Move mouse to (960.0, 590.5).
		Press Mouse Button BUTTON1
		Release Mouse Button BUTTON1

ExecutedAction [4]: 
 @Action ConcreteID = ACgxayij812412431808 AbstractID = AAgxayij812412431808
 ConcreteID CUSTOM = ConcreteID CUSTOM not available AbstractID CUSTOM = AA1j6rove812054855142
 @State ConcreteID = SC1jx4ull5503715761135 AbstractID = SR1sdj6cz51f2314341141
 ConcreteID CUSTOM = SCw7973s5492495189628 AbstractID CUSTOM = SA1yjj6az5412082435609

	ROLE = LeftClickAt
	TARGET =
		WIDGET = WC1qs18f826210102959, WR10fgh33101836453781, WT10fgh33101836453781, WP1bkbbdi221874895209
		ROLE = UIACustomControl
		TITLE = 
		SHAPE = Rect [x:845.0 y:416.0 w:415.0 h:311.0]
		CHILDREN = 1
		PATH = [0, 2, 0, 0, 3, 0]
	DESCRIPTION = Left Click at ''
	TEXT = Compound Action =
		Move mouse to (1052.5, 571.5).
		Press Mouse Button BUTTON1
		Release Mouse Button BUTTON1

ExecutedAction [5]: 
 @Action ConcreteID = ACstvuym803057800981 AbstractID = AAstvuym803057800981
 ConcreteID CUSTOM = ConcreteID CUSTOM not available AbstractID CUSTOM = AAkwdanj80165029442
 @State ConcreteID = SC1jx4ull5503715761135 AbstractID = SR1sdj6cz51f2314341141
 ConcreteID CUSTOM = SCw7973s5492495189628 AbstractID CUSTOM = SA1yjj6az5412082435609

	ROLE = LeftClickAt
	TARGET =
		WIDGET = WC117me3u22367970642, WR17v7k2nb1067391859, WT1y895rf152412617792, WP15oh92w1e2024737031
		ROLE = UIAMenuItem
		TITLE = View Alt+i
		SHAPE = Rect [x:972.0 y:370.0 w:41.0 h:20.0]
		CHILDREN = 0
		PATH = [0, 1, 6]
	DESCRIPTION = Left Click at 'View Alt+i'
	TEXT = Compound Action =
		Move mouse to (992.5, 380.0).
		Press Mouse Button BUTTON1
		Release Mouse Button BUTTON1

ExecutedAction [6]: 
 @Action ConcreteID = ACw6w5fo802385314686 AbstractID = AAw6w5fo802385314686
 ConcreteID CUSTOM = ConcreteID CUSTOM not available AbstractID CUSTOM = AA15j8zm180622096173
 @State ConcreteID = SC1kby6ct67c4132320847 AbstractID = SR1ukzwsc64a2084406865
 ConcreteID CUSTOM = SCqs4dg267a2523808511 AbstractID CUSTOM = SA1qzje3k66a3911047387

	ROLE = LeftClickAt
	TARGET =
		WIDGET = WCsnsiim193522581523, WR1h6ibpb92248851252, WT1h6ibpb92248851252, WP8rujsg151712139295
		ROLE = UIAButton
		TITLE = 
		SHAPE = Rect [x:759.0 y:760.0 w:26.0 h:26.0]
		CHILDREN = 0
		PATH = [0, 2, 2, 5]
	DESCRIPTION = Left Click at ''
	TEXT = Compound Action =
		Move mouse to (772.0, 773.0).
		Press Mouse Button BUTTON1
		Release Mouse Button BUTTON1

ExecutedAction [7]: 
 @Action ConcreteID = AC1rmm7xc803714810540 AbstractID = AA1rmm7xc803714810540
 ConcreteID CUSTOM = ConcreteID CUSTOM not available AbstractID CUSTOM = AA1jp3nm9801660941307
 @State ConcreteID = SC1jx4ull5503715761135 AbstractID = SR1sdj6cz51f2314341141
 ConcreteID CUSTOM = SCw7973s5492495189628 AbstractID CUSTOM = SA1yjj6az5412082435609

	ROLE = LeftClickAt
	TARGET =
		WIDGET = WC11132ie26988553567, WR17v7k2nb1067391859, WT7kxrdw19266625713, WP1rp2dz8223396690116
		ROLE = UIAMenuItem
		TITLE = Playback Alt+l
		SHAPE = Rect [x:710.0 y:370.0 w:64.0 h:20.0]
		CHILDREN = 0
		PATH = [0, 1, 1]
	DESCRIPTION = Left Click at 'Playback Alt+l'
	TEXT = Compound Action =
		Move mouse to (742.0, 380.0).
		Press Mouse Button BUTTON1
		Release Mouse Button BUTTON1

ExecutedAction [8]: 
 @Action ConcreteID = ACqn25p37f1546049578 AbstractID = AAqn25p37f1546049578
 ConcreteID CUSTOM = ConcreteID CUSTOM not available AbstractID CUSTOM = AA1olu4os803648671998
 @State ConcreteID = SCsd1p986cb3999087052 AbstractID = SR1r9wrgk69a3908705590
 ConcreteID CUSTOM = SC1m4fqob6ca3316718038 AbstractID CUSTOM = SA11vux1p6ba1435081954

	ROLE = LeftClickAt
	TARGET =
		WIDGET = WC1ighz2p311585284916, WR52qhb2b3065858412, WTrktj1o154143545019, WPhakt372d2806453661
		ROLE = UIAListItem
		TITLE = New folder
		SHAPE = Rect [x:847.0 y:418.0 w:116.0 h:143.0]
		CHILDREN = 0
		PATH = [0, 2, 0, 0, 3, 0, 0, 0]
	DESCRIPTION = Left Click at 'New folder'
	TEXT = Compound Action =
		Move mouse to (905.0, 489.5).
		Press Mouse Button BUTTON1
		Release Mouse Button BUTTON1

ExecutedAction [9]: 
 @Action ConcreteID = AC1wecmdh80669007427 AbstractID = AA1wecmdh80669007427
 ConcreteID CUSTOM = ConcreteID CUSTOM not available AbstractID CUSTOM = AA1ogu22e802557759252
 @State ConcreteID = SC1jx4ull5503715761135 AbstractID = SR1sdj6cz51f2314341141
 ConcreteID CUSTOM = SCw7973s5492495189628 AbstractID CUSTOM = SA1yjj6az5412082435609

	ROLE = LeftClickAt
	TARGET =
		WIDGET = WCezylrw213754510323, WR1e04pz3e358922214, WT1e04pz3e358922214, WP1y99m6i1d2845979881
		ROLE = UIASplitButton
		TITLE = 
		SHAPE = Rect [x:977.0 y:394.0 w:23.0 h:22.0]
		CHILDREN = 0
		PATH = [0, 2, 0, 0, 1]
	DESCRIPTION = Left Click at ''
	TEXT = Compound Action =
		Move mouse to (988.5, 405.0).
		Press Mouse Button BUTTON1
		Release Mouse Button BUTTON1

ExecutedAction [10]: 
 @Action ConcreteID = AC1jvakvn7e1567917565 AbstractID = AA1jvakvn7e1567917565
 ConcreteID CUSTOM = ConcreteID CUSTOM not available AbstractID CUSTOM = AA17dsmji801898424505
 @State ConcreteID = SCuy3sbh7a0371906197 AbstractID = SR1v7v09s75c696783457
 ConcreteID CUSTOM = SC121a3mr7aa2672107326 AbstractID CUSTOM = SA171g2h57a91039855599

	ROLE = LeftClickAt
	TARGET =
		WIDGET = WCsnsiim193522581523, WR1h6ibpb92248851252, WT1h6ibpb92248851252, WP8rujsg151712139295
		ROLE = UIAButton
		TITLE = 
		SHAPE = Rect [x:759.0 y:760.0 w:26.0 h:26.0]
		CHILDREN = 0
		PATH = [0, 2, 2, 5]
	DESCRIPTION = Left Click at ''
	TEXT = Compound Action =
		Move mouse to (772.0, 773.0).
		Press Mouse Button BUTTON1
		Release Mouse Button BUTTON1

ExecutedAction [11]: 
 @Action ConcreteID = AC1syg1ag7e1522395324 AbstractID = AA1syg1ag7e1522395324
 ConcreteID CUSTOM = ConcreteID CUSTOM not available AbstractID CUSTOM = AA1ggy2yb801995359736
 @State ConcreteID = SCuy3sbh7a0371906197 AbstractID = SR1v7v09s75c696783457
 ConcreteID CUSTOM = SC121a3mr7aa2672107326 AbstractID CUSTOM = SA171g2h57a91039855599

	ROLE = LeftClickAt
	TARGET =
		WIDGET = WCh976we363749253980, WR5quxi6b4097176690, WT19et3zb193687464761, WPuyyoe4322333223164
		ROLE = UIATreeItem
		TITLE = New folder (6)
		SHAPE = Rect [x:866.0 y:550.0 w:180.0 h:22.0]
		CHILDREN = 0
		PATH = [0, 2, 0, 0, 3, 0, 9, 18]
	DESCRIPTION = Left Click at 'New folder (6)'
	TEXT = Compound Action =
		Move mouse to (956.0, 561.0).
		Press Mouse Button BUTTON1
		Release Mouse Button BUTTON1

ExecutedAction [12]: 
 @Action ConcreteID = AC1qa46eo7e3272536528 AbstractID = AA1qa46eo7e3272536528
 ConcreteID CUSTOM = ConcreteID CUSTOM not available AbstractID CUSTOM = AA1dsm82j804015905940
 @State ConcreteID = SCuy3sbh7a0371906197 AbstractID = SR1v7v09s75c696783457
 ConcreteID CUSTOM = SC121a3mr7aa2672107326 AbstractID CUSTOM = SA171g2h57a91039855599

	ROLE = LeftClickAt
	TARGET =
		WIDGET = WCb8ooqm274034031447, WR5quxi6b4097176690, WT5quxi6b4097176690, WP1sol9dc231909804025
		ROLE = UIATreeItem
		TITLE = 
		SHAPE = Rect [x:665.0 y:542.0 w:158.0 h:26.0]
		CHILDREN = 0
		PATH = [0, 2, 0, 0, 3, 1, 1, 5]
	DESCRIPTION = Left Click at ''
	TEXT = Compound Action =
		Move mouse to (744.0, 555.0).
		Press Mouse Button BUTTON1
		Release Mouse Button BUTTON1

ExecutedAction [13]: 
 @Action ConcreteID = AC1jgrkdg811825332580 AbstractID = AA1jgrkdg811825332580
 ConcreteID CUSTOM = ConcreteID CUSTOM not available AbstractID CUSTOM = AA1up7cyc7f696933079
 @State ConcreteID = SC1vthp9q8c63177276794 AbstractID = SR1iu9aac8793407060352
 ConcreteID CUSTOM = SCpjjgu08de1338932596 AbstractID CUSTOM = SAsdovo58d1116708607

	ROLE = LeftClickAt
	TARGET =
		WIDGET = WCr05xvf281633949176, WR5quxi6b4097176690, WT5quxi6b4097176690, WP1dzmg09241351302195
		ROLE = UIATreeItem
		TITLE = 
		SHAPE = Rect [x:1046.0 y:594.0 w:80.0 h:22.0]
		CHILDREN = 0
		PATH = [0, 2, 0, 0, 3, 0, 9, 25]
	DESCRIPTION = Left Click at ''
	TEXT = Compound Action =
		Move mouse to (1086.0, 605.0).
		Press Mouse Button BUTTON1
		Release Mouse Button BUTTON1

ExecutedAction [14]: 
 @Action ConcreteID = AC14c68iq80980744441 AbstractID = AA14c68iq80980744441
 ConcreteID CUSTOM = ConcreteID CUSTOM not available AbstractID CUSTOM = AA1dv63w27e2737782484
 @State ConcreteID = SC1vthp9q8c63177276794 AbstractID = SR1iu9aac8793407060352
 ConcreteID CUSTOM = SCpjjgu08de1338932596 AbstractID CUSTOM = SAsdovo58d1116708607

	ROLE = LeftClickAt
	TARGET =
		WIDGET = WCkfh6b435303332392, WR5quxi6b4097176690, WT19et3vv193215391293, WP1ot97he312087710496
		ROLE = UIATreeItem
		TITLE = New folder (2)
		SHAPE = Rect [x:866.0 y:484.0 w:180.0 h:22.0]
		CHILDREN = 0
		PATH = [0, 2, 0, 0, 3, 0, 9, 9]
	DESCRIPTION = Left Click at 'New folder (2)'
	TEXT = Compound Action =
		Move mouse to (956.0, 495.0).
		Press Mouse Button BUTTON1
		Release Mouse Button BUTTON1

ExecutedAction [15]: 
 @Action ConcreteID = AClo8umc801899919086 AbstractID = AAlo8umc801899919086
 ConcreteID CUSTOM = ConcreteID CUSTOM not available AbstractID CUSTOM = AAv78pzo7e3898978499
 @State ConcreteID = SC1vthp9q8c63177276794 AbstractID = SR1iu9aac8793407060352
 ConcreteID CUSTOM = SCpjjgu08de1338932596 AbstractID CUSTOM = SAsdovo58d1116708607

	ROLE = LeftClickAt
	TARGET =
		WIDGET = WCsnsikc193821024913, WR1h6ibpb92248851252, WT1h6ibpb92248851252, WP8ruju6151413172893
		ROLE = UIAButton
		TITLE = 
		SHAPE = Rect [x:823.0 y:760.0 w:26.0 h:26.0]
		CHILDREN = 0
		PATH = [0, 2, 2, 7]
	DESCRIPTION = Left Click at ''
	TEXT = Compound Action =
		Move mouse to (836.0, 773.0).
		Press Mouse Button BUTTON1
		Release Mouse Button BUTTON1

ExecutedAction [16]: 
 @Action ConcreteID = ACzbmijn80587173165 AbstractID = AAzbmijn80587173165
 ConcreteID CUSTOM = ConcreteID CUSTOM not available AbstractID CUSTOM = AA17i1vga802847808832
 @State ConcreteID = SCuyuhmv2ed1671011042 AbstractID = SRrwz38n2e02745166178
 ConcreteID CUSTOM = SCilua512e62032480990 AbstractID CUSTOM = SA66n57f2eb1498926942

	ROLE = LeftClickAt
	TARGET =
		WIDGET = WC5xpkbv1c2341201004, WR1p34e3y91942684430, WT1p34e3y91942684430, WP1apngjd183937737785
		ROLE = UIASlider
		TITLE = 
		SHAPE = Rect [x:1047.0 y:454.0 w:85.0 h:26.0]
		CHILDREN = 0
		PATH = [0, 2, 2, 0, 1]
	DESCRIPTION = Left Click at ''
	TEXT = Compound Action =
		Move mouse to (1089.5, 467.0).
		Press Mouse Button BUTTON1
		Release Mouse Button BUTTON1

ExecutedAction [17]: 
 @Action ConcreteID = ACyixkig7f724442075 AbstractID = AAyixkig7f724442075
 ConcreteID CUSTOM = ConcreteID CUSTOM not available AbstractID CUSTOM = AA17ydoo17f3557203073
 @State ConcreteID = SCuyuhmv2ed1671011042 AbstractID = SRrwz38n2e02745166178
 ConcreteID CUSTOM = SCilua512e62032480990 AbstractID CUSTOM = SA66n57f2eb1498926942

	ROLE = LeftClickAt
	TARGET =
		WIDGET = WCqo6bfv1b3993562100, WR88rmk0b1934231702, WT88rmk0b1934231702, WP5fia59171780392929
		ROLE = UIACheckBox
		TITLE = 
		SHAPE = Rect [x:887.0 y:451.0 w:26.0 h:26.0]
		CHILDREN = 0
		PATH = [0, 2, 2, 9]
	DESCRIPTION = Left Click at ''
	TEXT = Compound Action =
		Move mouse to (900.0, 464.0).
		Press Mouse Button BUTTON1
		Release Mouse Button BUTTON1

ExecutedAction [18]: 
 @Action ConcreteID = AC1odxiyb7f2499815128 AbstractID = AA1odxiyb7f2499815128
 ConcreteID CUSTOM = ConcreteID CUSTOM not available AbstractID CUSTOM = AA1xtdn3w7f1781047682
 @State ConcreteID = SCuyuhmv2ed1671011042 AbstractID = SRrwz38n2e02745166178
 ConcreteID CUSTOM = SCilua512e62032480990 AbstractID CUSTOM = SA66n57f2eb1498926942

	ROLE = LeftClickAt
	TARGET =
		WIDGET = WC117me3u22367970642, WR17v7k2nb1067391859, WT1y895rf152412617792, WP15oh92w1e2024737031
		ROLE = UIAMenuItem
		TITLE = View Alt+i
		SHAPE = Rect [x:972.0 y:370.0 w:41.0 h:20.0]
		CHILDREN = 0
		PATH = [0, 1, 6]
	DESCRIPTION = Left Click at 'View Alt+i'
	TEXT = Compound Action =
		Move mouse to (992.5, 380.0).
		Press Mouse Button BUTTON1
		Release Mouse Button BUTTON1

ExecutedAction [19]: 
 @Action ConcreteID = AC1tbqrk07f1656050088 AbstractID = AA1tbqrk07f1656050088
 ConcreteID CUSTOM = ConcreteID CUSTOM not available AbstractID CUSTOM = AAhvzzg801370698615
 @State ConcreteID = SChqpojn4194058195125 AbstractID = SRlgodq640b316168717
 ConcreteID CUSTOM = SC1606h4r4172188029270 AbstractID CUSTOM = SA17g009c4143267707644

	ROLE = LeftClickAt
	TARGET =
		WIDGET = WCqo6bfv1b3993562100, WR88rmk0b1934231702, WT88rmk0b1934231702, WP5fia59171780392929
		ROLE = UIACheckBox
		TITLE = 
		SHAPE = Rect [x:887.0 y:451.0 w:26.0 h:26.0]
		CHILDREN = 0
		PATH = [0, 2, 2, 9]
	DESCRIPTION = Left Click at ''
	TEXT = Compound Action =
		Move mouse to (900.0, 464.0).
		Press Mouse Button BUTTON1
		Release Mouse Button BUTTON1

ExecutedAction [20]: 
 @Action ConcreteID = AC1tt59ix7f2254610850 AbstractID = AA1tt59ix7f2254610850
 ConcreteID CUSTOM = ConcreteID CUSTOM not available AbstractID CUSTOM = AA47hbpe7f2034902776
 @State ConcreteID = SCuyuhmv2ed1671011042 AbstractID = SRrwz38n2e02745166178
 ConcreteID CUSTOM = SCilua512e62032480990 AbstractID CUSTOM = SA66n57f2eb1498926942

	ROLE = LeftClickAt
	TARGET =
		WIDGET = WC1fbb2e920939640774, WR10fgh33101836453781, WT10fgh33101836453781, WPdopdxv1c2306111470
		ROLE = UIACustomControl
		TITLE = 
		SHAPE = Rect [x:660.0 y:391.0 w:485.0 h:30.0]
		CHILDREN = 0
		PATH = [0, 2, 0, 0]
	DESCRIPTION = Left Click at ''
	TEXT = Compound Action =
		Move mouse to (902.5, 406.0).
		Press Mouse Button BUTTON1
		Release Mouse Button BUTTON1

ExecutedAction [21]: 
 @Action ConcreteID = ACsy0hsm7f3427586396 AbstractID = AAsy0hsm7f3427586396
 ConcreteID CUSTOM = ConcreteID CUSTOM not available AbstractID CUSTOM = AA12dgly77f862213638
 @State ConcreteID = SCuyuhmv2ed1671011042 AbstractID = SRrwz38n2e02745166178
 ConcreteID CUSTOM = SCilua512e62032480990 AbstractID CUSTOM = SA66n57f2eb1498926942

	ROLE = LeftClickAt
	TARGET =
		WIDGET = WC16jbmg11a1783434451, WR10fgh33101836453781, WT10fgh33101836453781, WP1guga8j162634643805
		ROLE = UIACustomControl
		TITLE = 
		SHAPE = Rect [x:660.0 y:391.0 w:485.0 h:90.0]
		CHILDREN = 3
		PATH = [0, 2]
	DESCRIPTION = Left Click at ''
	TEXT = Compound Action =
		Move mouse to (902.5, 436.0).
		Press Mouse Button BUTTON1
		Release Mouse Button BUTTON1

ExecutedAction [22]: 
 @Action ConcreteID = AC1x2bik67f1010547213 AbstractID = AA1x2bik67f1010547213
 ConcreteID CUSTOM = ConcreteID CUSTOM not available AbstractID CUSTOM = AA7gnkqn7f3272818007
 @State ConcreteID = SCuyuhmv2ed1671011042 AbstractID = SRrwz38n2e02745166178
 ConcreteID CUSTOM = SCilua512e62032480990 AbstractID CUSTOM = SA66n57f2eb1498926942

	ROLE = LeftClickAt
	TARGET =
		WIDGET = WCsnsikc193821024913, WR1h6ibpb92248851252, WT1h6ibpb92248851252, WP8ruju6151413172893
		ROLE = UIAButton
		TITLE = 
		SHAPE = Rect [x:823.0 y:451.0 w:26.0 h:26.0]
		CHILDREN = 0
		PATH = [0, 2, 2, 7]
	DESCRIPTION = Left Click at ''
	TEXT = Compound Action =
		Move mouse to (836.0, 464.0).
		Press Mouse Button BUTTON1
		Release Mouse Button BUTTON1

ExecutedAction [23]: 
 @Action ConcreteID = AC1mxl87h80585127285 AbstractID = AA1mxl87h80585127285
 ConcreteID CUSTOM = ConcreteID CUSTOM not available AbstractID CUSTOM = AA1wgl3kt7e3149632344
 @State ConcreteID = SC1vthp9q8c63177276794 AbstractID = SR1iu9aac8793407060352
 ConcreteID CUSTOM = SCpjjgu08de1338932596 AbstractID CUSTOM = SAsdovo58d1116708607

	ROLE = LeftClickAt
	TARGET =
		WIDGET = WC1fbb2e920939640774, WR10fgh33101836453781, WT10fgh33101836453781, WPdopdxv1c2306111470
		ROLE = UIACustomControl
		TITLE = 
		SHAPE = Rect [x:660.0 y:391.0 w:600.0 h:339.0]
		CHILDREN = 4
		PATH = [0, 2, 0, 0]
	DESCRIPTION = Left Click at ''
	TEXT = Compound Action =
		Move mouse to (960.0, 560.5).
		Press Mouse Button BUTTON1
		Release Mouse Button BUTTON1

ExecutedAction [24]: 
 @Action ConcreteID = ACulvnjt813994631228 AbstractID = AAulvnjt813994631228
 ConcreteID CUSTOM = ConcreteID CUSTOM not available AbstractID CUSTOM = AA15ubg4p7f2875145103
 @State ConcreteID = SC1vthp9q8c63177276794 AbstractID = SR1iu9aac8793407060352
 ConcreteID CUSTOM = SCpjjgu08de1338932596 AbstractID CUSTOM = SAsdovo58d1116708607

	ROLE = LeftClickAt
	TARGET =
		WIDGET = WCr05yl9282042449550, WR5quxi6b4097176690, WT5quxi6b4097176690, WP1dzmgq3241213359941
		ROLE = UIATreeItem
		TITLE = 
		SHAPE = Rect [x:1046.0 y:660.0 w:80.0 h:22.0]
		CHILDREN = 0
		PATH = [0, 2, 0, 0, 3, 0, 9, 34]
	DESCRIPTION = Left Click at ''
	TEXT = Compound Action =
		Move mouse to (1086.0, 671.0).
		Press Mouse Button BUTTON1
		Release Mouse Button BUTTON1

ExecutedAction [25]: 
 @Action ConcreteID = AC1mlsz71803111585417 AbstractID = AA1mlsz71803111585417
 ConcreteID CUSTOM = ConcreteID CUSTOM not available AbstractID CUSTOM = AA1w4sukd7e539803812
 @State ConcreteID = SC1vthp9q8c63177276794 AbstractID = SR1iu9aac8793407060352
 ConcreteID CUSTOM = SCpjjgu08de1338932596 AbstractID CUSTOM = SAsdovo58d1116708607

	ROLE = LeftClickAt
	TARGET =
		WIDGET = WC1yvqnu936284078147, WR5quxi6b4097176690, WT19et3wq192797456252, WP1iaijun322117120114
		ROLE = UIATreeItem
		TITLE = New folder (3)
		SHAPE = Rect [x:866.0 y:506.0 w:180.0 h:22.0]
		CHILDREN = 0
		PATH = [0, 2, 0, 0, 3, 0, 9, 12]
	DESCRIPTION = Left Click at 'New folder (3)'
	TEXT = Compound Action =
		Move mouse to (956.0, 517.0).
		Press Mouse Button BUTTON1
		Release Mouse Button BUTTON1

ExecutedAction [26]: 
 @Action ConcreteID = AC1q20qis81416306210 AbstractID = AA1q20qis81416306210
 ConcreteID CUSTOM = ConcreteID CUSTOM not available AbstractID CUSTOM = AA29ch4k7f1570132881
 @State ConcreteID = SC1vthp9q8c63177276794 AbstractID = SR1iu9aac8793407060352
 ConcreteID CUSTOM = SCpjjgu08de1338932596 AbstractID CUSTOM = SAsdovo58d1116708607

	ROLE = LeftClickAt
	TARGET =
		WIDGET = WCr05x3028897059879, WR5quxi6b4097176690, WT5quxi6b4097176690, WP1dzmf7u2477014508
		ROLE = UIATreeItem
		TITLE = 
		SHAPE = Rect [x:1046.0 y:506.0 w:80.0 h:22.0]
		CHILDREN = 0
		PATH = [0, 2, 0, 0, 3, 0, 9, 13]
	DESCRIPTION = Left Click at ''
	TEXT = Compound Action =
		Move mouse to (1086.0, 517.0).
		Press Mouse Button BUTTON1
		Release Mouse Button BUTTON1

ExecutedAction [27]: 
 @Action ConcreteID = AC1q20qis81416306210 AbstractID = AA1q20qis81416306210
 ConcreteID CUSTOM = ConcreteID CUSTOM not available AbstractID CUSTOM = AA29ch4k7f1570132881
 @State ConcreteID = SC1vthp9q8c63177276794 AbstractID = SR1iu9aac8793407060352
 ConcreteID CUSTOM = SCpjjgu08de1338932596 AbstractID CUSTOM = SAsdovo58d1116708607

	ROLE = LeftClickAt
	TARGET =
		WIDGET = WCr05x3028897059879, WR5quxi6b4097176690, WT5quxi6b4097176690, WP1dzmf7u2477014508
		ROLE = UIATreeItem
		TITLE = 
		SHAPE = Rect [x:1046.0 y:506.0 w:80.0 h:22.0]
		CHILDREN = 0
		PATH = [0, 2, 0, 0, 3, 0, 9, 13]
	DESCRIPTION = Left Click at ''
	TEXT = Compound Action =
		Move mouse to (1086.0, 517.0).
		Press Mouse Button BUTTON1
		Release Mouse Button BUTTON1

ExecutedAction [28]: 
 @Action ConcreteID = AC1ne662h814054303450 AbstractID = AA1ne662h814054303450
 ConcreteID CUSTOM = ConcreteID CUSTOM not available AbstractID CUSTOM = AA1ymlynd7f3034695017
 @State ConcreteID = SC1vthp9q8c63177276794 AbstractID = SR1iu9aac8793407060352
 ConcreteID CUSTOM = SCpjjgu08de1338932596 AbstractID CUSTOM = SAsdovo58d1116708607

	ROLE = LeftClickAt
	TARGET =
		WIDGET = WC1hkkmdk27364057929, WR5quxi6b4097176690, WT5quxi6b4097176690, WPzzd516232484351463
		ROLE = UIATreeItem
		TITLE = 
		SHAPE = Rect [x:1046.0 y:440.0 w:80.0 h:22.0]
		CHILDREN = 0
		PATH = [0, 2, 0, 0, 3, 0, 9, 4]
	DESCRIPTION = Left Click at ''
	TEXT = Compound Action =
		Move mouse to (1086.0, 451.0).
		Press Mouse Button BUTTON1
		Release Mouse Button BUTTON1

ExecutedAction [29]: 
 @Action ConcreteID = AC5ijaz8803117744898 AbstractID = AA5ijaz8803117744898
 ConcreteID CUSTOM = ConcreteID CUSTOM not available AbstractID CUSTOM = AAf1j6ck7e546227503
 @State ConcreteID = SC1vthp9q8c63177276794 AbstractID = SR1iu9aac8793407060352
 ConcreteID CUSTOM = SCpjjgu08de1338932596 AbstractID CUSTOM = SAsdovo58d1116708607

	ROLE = LeftClickAt
	TARGET =
		WIDGET = WC1u4yxgu201001852223, WR4na8ob72534219213, WT4na8ob72534219213, WP3shum41c2253840902
		ROLE = UIATree
		TITLE = 
		SHAPE = Rect [x:660.0 y:416.0 w:180.0 h:178.0]
		CHILDREN = 8
		PATH = [0, 2, 0, 0, 3, 1, 1]
	DESCRIPTION = Left Click at ''
	TEXT = Compound Action =
		Move mouse to (750.0, 505.0).
		Press Mouse Button BUTTON1
		Release Mouse Button BUTTON1

ExecutedAction [30]: 
 @Action ConcreteID = AC1qygbj27f4274555574 AbstractID = AA1qygbj27f4274555574
 ConcreteID CUSTOM = ConcreteID CUSTOM not available AbstractID CUSTOM = AAv1k0yb812404736018
 @State ConcreteID = SCuy3sbh7a0371906197 AbstractID = SR1v7v09s75c696783457
 ConcreteID CUSTOM = SC121a3mr7aa2672107326 AbstractID CUSTOM = SA171g2h57a91039855599

	ROLE = LeftClickAt
	TARGET =
		WIDGET = WC16gmmwq2d3911437259, WR5quxi6b4097176690, WT195glfg104046578025, WP32woco292018087650
		ROLE = UIATreeItem
		TITLE = 00:11
		SHAPE = Rect [x:1046.0 y:616.0 w:80.0 h:22.0]
		CHILDREN = 0
		PATH = [0, 2, 0, 0, 3, 0, 9, 28]
	DESCRIPTION = Left Click at '00:11'
	TEXT = Compound Action =
		Move mouse to (1086.0, 627.0).
		Press Mouse Button BUTTON1
		Release Mouse Button BUTTON1

ExecutedAction [31]: 
 @Action ConcreteID = AC1d4cp9y7f1972504043 AbstractID = AA1d4cp9y7f1972504043
 ConcreteID CUSTOM = ConcreteID CUSTOM not available AbstractID CUSTOM = AAh7gep78168145999
 @State ConcreteID = SCuy3sbh7a0371906197 AbstractID = SR1v7v09s75c696783457
 ConcreteID CUSTOM = SC121a3mr7aa2672107326 AbstractID CUSTOM = SA171g2h57a91039855599

	ROLE = LeftClickAt
	TARGET =
		WIDGET = WC1ghbicw522472202739, WR52qhb2b3065858412, WTf8529t392528353257, WP1xez5z24e3572480348
		ROLE = UIAListItem
		TITLE = vlc-record-2019-10-19-14h24m45s-screen___-.avi
		SHAPE = Rect [x:1079.0 y:704.0 w:116.0 h:143.0]
		CHILDREN = 0
		PATH = [0, 2, 0, 0, 3, 0, 8]
	DESCRIPTION = Left Click at 'vlc-record-2019-10-19-14h24m45s-screen___-.avi'
	TEXT = Compound Action =
		Move mouse to (1137.0, 775.5).
		Press Mouse Button BUTTON1
		Release Mouse Button BUTTON1

ExecutedAction [32]: 
 @Action ConcreteID = ACdn5k327e3130253406 AbstractID = AAdn5k327e3130253406
 ConcreteID CUSTOM = ConcreteID CUSTOM not available AbstractID CUSTOM = AA15nlqx802529217818
 @State ConcreteID = SCuy3sbh7a0371906197 AbstractID = SR1v7v09s75c696783457
 ConcreteID CUSTOM = SC121a3mr7aa2672107326 AbstractID CUSTOM = SA171g2h57a91039855599

	ROLE = LeftClickAt
	TARGET =
		WIDGET = WC12pomjx2e2524802376, WR52qhb2b3065858412, WTrktj1o154143545019, WP1g58f7f2a2981353807
		ROLE = UIAListItem
		TITLE = New folder
		SHAPE = Rect [x:847.0 y:418.0 w:116.0 h:143.0]
		CHILDREN = 0
		PATH = [0, 2, 0, 0, 3, 0, 0]
	DESCRIPTION = Left Click at 'New folder'
	TEXT = Compound Action =
		Move mouse to (905.0, 489.5).
		Press Mouse Button BUTTON1
		Release Mouse Button BUTTON1

ExecutedAction [33]: 
 @Action ConcreteID = ACsx66sa7e2041338327 AbstractID = AAsx66sa7e2041338327
 ConcreteID CUSTOM = ConcreteID CUSTOM not available AbstractID CUSTOM = AAgfo8g5801442804883
 @State ConcreteID = SCuy3sbh7a0371906197 AbstractID = SR1v7v09s75c696783457
 ConcreteID CUSTOM = SC121a3mr7aa2672107326 AbstractID CUSTOM = SA171g2h57a91039855599

	ROLE = LeftClickAt
	TARGET =
		WIDGET = WC1u4yxgu201001852223, WR4na8ob72534219213, WT4na8ob72534219213, WP3shum41c2253840902
		ROLE = UIATree
		TITLE = 
		SHAPE = Rect [x:660.0 y:416.0 w:180.0 h:178.0]
		CHILDREN = 8
		PATH = [0, 2, 0, 0, 3, 1, 1]
	DESCRIPTION = Left Click at ''
	TEXT = Compound Action =
		Move mouse to (750.0, 505.0).
		Press Mouse Button BUTTON1
		Release Mouse Button BUTTON1

ExecutedAction [34]: 
 @Action ConcreteID = AC164077h12b2145643011 AbstractID = AA1nogt9ad4545223689
 ConcreteID CUSTOM = ConcreteID CUSTOM not available AbstractID CUSTOM = AA1eue8jtd63329736335
 @State ConcreteID = SCuy3sbh7a0371906197 AbstractID = SR1v7v09s75c696783457
 ConcreteID CUSTOM = SC121a3mr7aa2672107326 AbstractID CUSTOM = SA171g2h57a91039855599

	ROLE = ClickTypeInto
	TARGET =
		WIDGET = WCdrow3n1a2744948869, WR4n0dlj72701565195, WT4n0dlj72701565195, WPg3xaoh161949044659
		ROLE = UIAEdit
		TITLE = 
		SHAPE = Rect [x:1010.0 y:395.0 w:250.0 h:20.0]
		CHILDREN = 0
		PATH = [0, 2, 0, 0, 2]
	DESCRIPTION = Type '<a href="\xE2\x8...' into '
	TEXT = Compound Action =
		Compound Action =
		Move mouse to (1135.0, 405.0).
		Press Mouse Button BUTTON1
		Release Mouse Button BUTTON1
		Press Key 17
		Press Key 65
		Release Key 65
		Release Key 17
		Type text '<a href="\xE2\x80\x85javascript:javascript:alert(1)" id="fuzzelement1">test</a>'

ExecutedAction [35]: 
 @Action ConcreteID = ACg1ebvo7f620404528 AbstractID = AAg1ebvo7f620404528
 ConcreteID CUSTOM = ConcreteID CUSTOM not available AbstractID CUSTOM = AAtsfuj87f998668297
 @State ConcreteID = SCix27n24e81417269952 AbstractID = SR175vb3k4c42060292993
 ConcreteID CUSTOM = SColmvhs4e82376510929 AbstractID CUSTOM = SAgiu8p14e41526964526

	ROLE = LeftClickAt
	TARGET =
		WIDGET = WCqo6bfv1b3993562100, WR88rmk0b1934231702, WT88rmk0b1934231702, WP5fia59171780392929
		ROLE = UIACheckBox
		TITLE = 
		SHAPE = Rect [x:887.0 y:760.0 w:26.0 h:26.0]
		CHILDREN = 0
		PATH = [0, 2, 2, 9]
	DESCRIPTION = Left Click at ''
	TEXT = Compound Action =
		Move mouse to (900.0, 773.0).
		Press Mouse Button BUTTON1
		Release Mouse Button BUTTON1

ExecutedAction [36]: 
 @Action ConcreteID = ACi3k75e7f159951985 AbstractID = AAi3k75e7f159951985
 ConcreteID CUSTOM = ConcreteID CUSTOM not available AbstractID CUSTOM = AAvulpsy7f385108808
 @State ConcreteID = SCix27n24e81417269952 AbstractID = SR175vb3k4c42060292993
 ConcreteID CUSTOM = SColmvhs4e82376510929 AbstractID CUSTOM = SAgiu8p14e41526964526

	ROLE = LeftClickAt
	TARGET =
		WIDGET = WC1wr6twp233179607085, WR17v7k2nb1067391859, WTwtxn65161410781764, WPzq9smv1f824583798
		ROLE = UIAMenuItem
		TITLE = Tools Alt+s
		SHAPE = Rect [x:927.0 y:370.0 w:45.0 h:20.0]
		CHILDREN = 0
		PATH = [0, 1, 5]
	DESCRIPTION = Left Click at 'Tools Alt+s'
	TEXT = Compound Action =
		Move mouse to (949.5, 380.0).
		Press Mouse Button BUTTON1
		Release Mouse Button BUTTON1

ExecutedAction [37]: 
 @Action ConcreteID = AC1cv3id5812099887591 AbstractID = AA1cv3id5812099887591
 ConcreteID CUSTOM = ConcreteID CUSTOM not available AbstractID CUSTOM = AA1yuz7qw80700459078
 @State ConcreteID = SC1j5he3m5d71499967016 AbstractID = SR1ayfld35b31038983772
 ConcreteID CUSTOM = SCm8wx605da883353334 AbstractID CUSTOM = SA29ilzg5d13729636148

	ROLE = LeftClickAt
	TARGET =
		WIDGET = WCig1ffy22236015574, WR17v7k2nb1067391859, WT1e6tvxi153323975668, WP1lxqkho1e3332536470
		ROLE = UIAMenuItem
		TITLE = Help Alt+H
		SHAPE = Rect [x:1013.0 y:370.0 w:42.0 h:20.0]
		CHILDREN = 0
		PATH = [0, 1, 7]
	DESCRIPTION = Left Click at 'Help Alt+H'
	TEXT = Compound Action =
		Move mouse to (1034.0, 380.0).
		Press Mouse Button BUTTON1
		Release Mouse Button BUTTON1

ExecutedAction [38]: 
 @Action ConcreteID = AC9nknoo7f943484441 AbstractID = AA9nknoo7f943484441
 ConcreteID CUSTOM = ConcreteID CUSTOM not available AbstractID CUSTOM = AAnem6c87f658540832
 @State ConcreteID = SCix27n24e81417269952 AbstractID = SR175vb3k4c42060292993
 ConcreteID CUSTOM = SColmvhs4e82376510929 AbstractID CUSTOM = SAgiu8p14e41526964526

	ROLE = LeftClickAt
	TARGET =
		WIDGET = WCb8oorh273680451732, WR5quxi6b4097176690, WT5quxi6b4097176690, WP1sol9e7231526208570
		ROLE = UIATreeItem
		TITLE = 
		SHAPE = Rect [x:660.0 y:568.0 w:163.0 h:22.0]
		CHILDREN = 0
		PATH = [0, 2, 0, 0, 3, 1, 1, 6]
	DESCRIPTION = Left Click at ''
	TEXT = Compound Action =
		Move mouse to (741.5, 579.0).
		Press Mouse Button BUTTON1
		Release Mouse Button BUTTON1

ExecutedAction [39]: 
 @Action ConcreteID = AC1p8desk7f3894731153 AbstractID = AA1p8desk7f3894731153
 ConcreteID CUSTOM = ConcreteID CUSTOM not available AbstractID CUSTOM = AA3yavh07f4149741224
 @State ConcreteID = SCix27n24e81417269952 AbstractID = SR175vb3k4c42060292993
 ConcreteID CUSTOM = SColmvhs4e82376510929 AbstractID CUSTOM = SAgiu8p14e41526964526

	ROLE = LeftClickAt
	TARGET =
		WIDGET = WC161068t233096303716, WR10fgh33101836453781, WT10fgh33101836453781, WP9t9obv1f1249502342
		ROLE = UIACustomControl
		TITLE = 
		SHAPE = Rect [x:660.0 y:394.0 w:307.0 h:22.0]
		CHILDREN = 1
		PATH = [0, 2, 0, 0, 0]
	DESCRIPTION = Left Click at ''
	TEXT = Compound Action =
		Move mouse to (813.5, 405.0).
		Press Mouse Button BUTTON1
		Release Mouse Button BUTTON1

ExecutedAction [40]: 
 @Action ConcreteID = ACi3k75e7f159951985 AbstractID = AAi3k75e7f159951985
 ConcreteID CUSTOM = ConcreteID CUSTOM not available AbstractID CUSTOM = AAvulpsy7f385108808
 @State ConcreteID = SCix27n24e81417269952 AbstractID = SR175vb3k4c42060292993
 ConcreteID CUSTOM = SColmvhs4e82376510929 AbstractID CUSTOM = SAgiu8p14e41526964526

	ROLE = LeftClickAt
	TARGET =
		WIDGET = WC1wr6twp233179607085, WR17v7k2nb1067391859, WTwtxn65161410781764, WPzq9smv1f824583798
		ROLE = UIAMenuItem
		TITLE = Tools Alt+s
		SHAPE = Rect [x:927.0 y:370.0 w:45.0 h:20.0]
		CHILDREN = 0
		PATH = [0, 1, 5]
	DESCRIPTION = Left Click at 'Tools Alt+s'
	TEXT = Compound Action =
		Move mouse to (949.5, 380.0).
		Press Mouse Button BUTTON1
		Release Mouse Button BUTTON1

ExecutedAction [41]: 
 @Action ConcreteID = AC1gtl601812166862688 AbstractID = AA1gtl601812166862688
 ConcreteID CUSTOM = ConcreteID CUSTOM not available AbstractID CUSTOM = AA3scteo803587057345
 @State ConcreteID = SC1j5he3m5d71499967016 AbstractID = SR1ayfld35b31038983772
 ConcreteID CUSTOM = SCm8wx605da883353334 AbstractID CUSTOM = SA29ilzg5d13729636148

	ROLE = LeftClickAt
	TARGET =
		WIDGET = WCi2nnut31770958884, WR17v7k2nb1067391859, WT1vpuaq1273560173719, WPa0yvhz2d2725544497
		ROLE = UIAMenuItem
		TITLE = Customize Interface... Alt+z
		SHAPE = Rect [x:930.0 y:578.0 w:258.0 h:22.0]
		CHILDREN = 0
		PATH = [1, 9]
	DESCRIPTION = Left Click at 'Customize Interface... Alt+z'
	TEXT = Compound Action =
		Move mouse to (1059.0, 589.0).
		Press Mouse Button BUTTON1
		Release Mouse Button BUTTON1

ExecutedAction [42]: 
 @Action ConcreteID = ACbyxc8x7e3182279391 AbstractID = AAbyxc8x7e3182279391
 ConcreteID CUSTOM = ConcreteID CUSTOM not available AbstractID CUSTOM = AA1ffz6mh7f784370335
 @State ConcreteID = SCrt2wx8ae3102084757 AbstractID = SR1fflssla923725470777
 ConcreteID CUSTOM = SCtwx8feadf361021272 AbstractID CUSTOM = SAbqphn6ae31832635550

	ROLE = LeftClickAt
	TARGET =
		WIDGET = WClkyltn222454727557, WR1h6ibpb92248851252, WT1h6ibpb92248851252, WP6e97ih1e1785143130
		ROLE = UIAButton
		TITLE = 
		SHAPE = Rect [x:719.0 y:480.0 w:26.0 h:26.0]
		CHILDREN = 0
		PATH = [0, 0, 2, 0, 0, 5, 3]
	DESCRIPTION = Left Click at ''
	TEXT = Compound Action =
		Move mouse to (732.0, 493.0).
		Press Mouse Button BUTTON1
		Release Mouse Button BUTTON1

ExecutedAction [43]: 
 @Action ConcreteID = AC198lc5k7e2543263211 AbstractID = AA198lc5k7e2543263211
 ConcreteID CUSTOM = ConcreteID CUSTOM not available AbstractID CUSTOM = AAdoj4k07f83504555
 @State ConcreteID = SCrt2wx8ae3102084757 AbstractID = SR1fflssla923725470777
 ConcreteID CUSTOM = SCtwx8feadf361021272 AbstractID CUSTOM = SAbqphn6ae31832635550

	ROLE = LeftClickAt
	TARGET =
		WIDGET = WC1xn1orm252168610163, WR1h6ibpb92248851252, WT1h6ibpb92248851252, WP1fia2s42167139966
		ROLE = UIAButton
		TITLE = 
		SHAPE = Rect [x:727.0 y:440.0 w:26.0 h:26.0]
		CHILDREN = 0
		PATH = [0, 0, 2, 0, 0, 3, 1, 1]
	DESCRIPTION = Left Click at ''
	TEXT = Compound Action =
		Move mouse to (740.0, 453.0).
		Press Mouse Button BUTTON1
		Release Mouse Button BUTTON1

ExecutedAction [44]: 
 @Action ConcreteID = AC1gk9z367e2215848328 AbstractID = AA1gk9z367e2215848328
 ConcreteID CUSTOM = ConcreteID CUSTOM not available AbstractID CUSTOM = AAl07rhm7f394140104
 @State ConcreteID = SCrt2wx8ae3102084757 AbstractID = SR1fflssla923725470777
 ConcreteID CUSTOM = SCtwx8feadf361021272 AbstractID CUSTOM = SAbqphn6ae31832635550

	ROLE = LeftClickAt
	TARGET =
		WIDGET = WC1nkdbco22985147214, WR52qhb2b3065858412, WTq2djcwf1689682224, WPzi7q4m1e4207356025
		ROLE = UIAListItem
		TITLE = Stop
		SHAPE = Rect [x:603.0 y:610.0 w:447.0 h:32.0]
		CHILDREN = 0
		PATH = [0, 0, 1, 0, 1]
	DESCRIPTION = Left Click at 'Stop'
	TEXT = Compound Action =
		Move mouse to (826.5, 626.0).
		Press Mouse Button BUTTON1
		Release Mouse Button BUTTON1

ExecutedAction [45]: 
 @Action ConcreteID = ACoiza607e2789465112 AbstractID = AAoiza607e2789465112
 ConcreteID CUSTOM = ConcreteID CUSTOM not available AbstractID CUSTOM = AA1s014jk7f892267608
 @State ConcreteID = SCrt2wx8ae3102084757 AbstractID = SR1fflssla923725470777
 ConcreteID CUSTOM = SCtwx8feadf361021272 AbstractID CUSTOM = SAbqphn6ae31832635550

	ROLE = LeftClickAt
	TARGET =
		WIDGET = WClkylw8224012367808, WR1h6ibpb92248851252, WT1h6ibpb92248851252, WP6e97l21e386984735
		ROLE = UIAButton
		TITLE = 
		SHAPE = Rect [x:816.0 y:480.0 w:26.0 h:26.0]
		CHILDREN = 0
		PATH = [0, 0, 2, 0, 0, 5, 6]
	DESCRIPTION = Left Click at ''
	TEXT = Compound Action =
		Move mouse to (829.0, 493.0).
		Press Mouse Button BUTTON1
		Release Mouse Button BUTTON1

ExecutedAction [46]: 
 @Action ConcreteID = AC1y9e6bc7e2543518859 AbstractID = AA1y9e6bc7e2543518859
 ConcreteID CUSTOM = ConcreteID CUSTOM not available AbstractID CUSTOM = AA12pbyps7f83244235
 @State ConcreteID = SCrt2wx8ae3102084757 AbstractID = SR1fflssla923725470777
 ConcreteID CUSTOM = SCtwx8feadf361021272 AbstractID CUSTOM = SAbqphn6ae31832635550

	ROLE = LeftClickAt
	TARGET =
		WIDGET = WCflstnr221853989431, WR52qhb2b3065858412, WTq2bg4yf2204715324, WPx3556d1e3844578253
		ROLE = UIAListItem
		TITLE = Play
		SHAPE = Rect [x:603.0 y:578.0 w:447.0 h:32.0]
		CHILDREN = 0
		PATH = [0, 0, 1, 0, 0]
	DESCRIPTION = Left Click at 'Play'
	TEXT = Compound Action =
		Move mouse to (826.5, 594.0).
		Press Mouse Button BUTTON1
		Release Mouse Button BUTTON1

ExecutedAction [47]: 
 @Action ConcreteID = ACoiza607e2789465112 AbstractID = AAoiza607e2789465112
 ConcreteID CUSTOM = ConcreteID CUSTOM not available AbstractID CUSTOM = AA1s014jk7f892267608
 @State ConcreteID = SCrt2wx8ae3102084757 AbstractID = SR1fflssla923725470777
 ConcreteID CUSTOM = SCtwx8feadf361021272 AbstractID CUSTOM = SAbqphn6ae31832635550

	ROLE = LeftClickAt
	TARGET =
		WIDGET = WClkylw8224012367808, WR1h6ibpb92248851252, WT1h6ibpb92248851252, WP6e97l21e386984735
		ROLE = UIAButton
		TITLE = 
		SHAPE = Rect [x:816.0 y:480.0 w:26.0 h:26.0]
		CHILDREN = 0
		PATH = [0, 0, 2, 0, 0, 5, 6]
	DESCRIPTION = Left Click at ''
	TEXT = Compound Action =
		Move mouse to (829.0, 493.0).
		Press Mouse Button BUTTON1
		Release Mouse Button BUTTON1

ExecutedAction [48]: 
 @Action ConcreteID = AC18695a67e3203818175 AbstractID = AA18695a67e3203818175
 ConcreteID CUSTOM = ConcreteID CUSTOM not available AbstractID CUSTOM = AAcm6xom7f765154047
 @State ConcreteID = SCrt2wx8ae3102084757 AbstractID = SR1fflssla923725470777
 ConcreteID CUSTOM = SCtwx8feadf361021272 AbstractID CUSTOM = SAbqphn6ae31832635550

	ROLE = LeftClickAt
	TARGET =
		WIDGET = WC921juw241467389849, WR52qhb2b3065858412, WT1afcap8114152276536, WP1tc0c9i203281844403
		ROLE = UIAListItem
		TITLE = Slower
		SHAPE = Rect [x:603.0 y:738.0 w:447.0 h:32.0]
		CHILDREN = 0
		PATH = [0, 0, 1, 0, 5]
	DESCRIPTION = Left Click at 'Slower'
	TEXT = Compound Action =
		Move mouse to (826.5, 754.0).
		Press Mouse Button BUTTON1
		Release Mouse Button BUTTON1

ExecutedAction [49]: 
 @Action ConcreteID = AC18695a67e3203818175 AbstractID = AA18695a67e3203818175
 ConcreteID CUSTOM = ConcreteID CUSTOM not available AbstractID CUSTOM = AAcm6xom7f765154047
 @State ConcreteID = SCrt2wx8ae3102084757 AbstractID = SR1fflssla923725470777
 ConcreteID CUSTOM = SCtwx8feadf361021272 AbstractID CUSTOM = SAbqphn6ae31832635550

	ROLE = LeftClickAt
	TARGET =
		WIDGET = WC921juw241467389849, WR52qhb2b3065858412, WT1afcap8114152276536, WP1tc0c9i203281844403
		ROLE = UIAListItem
		TITLE = Slower
		SHAPE = Rect [x:603.0 y:738.0 w:447.0 h:32.0]
		CHILDREN = 0
		PATH = [0, 0, 1, 0, 5]
	DESCRIPTION = Left Click at 'Slower'
	TEXT = Compound Action =
		Move mouse to (826.5, 754.0).
		Press Mouse Button BUTTON1
		Release Mouse Button BUTTON1

ExecutedAction [50]: 
 @Action ConcreteID = ACl38m377f787664177 AbstractID = AAl38m377f787664177
 ConcreteID CUSTOM = ConcreteID CUSTOM not available AbstractID CUSTOM = AA118wu6j801488839057
 @State ConcreteID = SCrt2wx8ae3102084757 AbstractID = SR1fflssla923725470777
 ConcreteID CUSTOM = SCtwx8feadf361021272 AbstractID CUSTOM = SAbqphn6ae31832635550

	ROLE = LeftClickAt
	TARGET =
		WIDGET = WClpm4a02a3987460705, WR10fgh33101836453781, WT10fgh33101836453781, WPwmw7u262616691256
		ROLE = UIACustomControl
		TITLE = 
		SHAPE = Rect [x:1214.0 y:477.0 w:101.0 h:32.0]
		CHILDREN = 2
		PATH = [0, 0, 2, 0, 0, 5, 15]
	DESCRIPTION = Left Click at ''
	TEXT = Compound Action =
		Move mouse to (1264.5, 493.0).
		Press Mouse Button BUTTON1
		Release Mouse Button BUTTON1

ExecutedAction [51]: 
 @Action ConcreteID = AC3r595v7e3774294910 AbstractID = AA3r595v7e3774294910
 ConcreteID CUSTOM = ConcreteID CUSTOM not available AbstractID CUSTOM = AA17873jf7f1939479358
 @State ConcreteID = SCrt2wx8ae3102084757 AbstractID = SR1fflssla923725470777
 ConcreteID CUSTOM = SCtwx8feadf361021272 AbstractID CUSTOM = SAbqphn6ae31832635550

	ROLE = LeftClickAt
	TARGET =
		WIDGET = WClkylui223708927298, WR1h6ibpb92248851252, WT1h6ibpb92248851252, WP6e97jc1e623282589
		ROLE = UIAButton
		TITLE = 
		SHAPE = Rect [x:750.0 y:480.0 w:26.0 h:26.0]
		CHILDREN = 0
		PATH = [0, 0, 2, 0, 0, 5, 4]
	DESCRIPTION = Left Click at ''
	TEXT = Compound Action =
		Move mouse to (763.0, 493.0).
		Press Mouse Button BUTTON1
		Release Mouse Button BUTTON1

ExecutedAction [52]: 
 @Action ConcreteID = AC1gq4gue80775007111 AbstractID = AA1gq4gue80775007111
 ConcreteID CUSTOM = ConcreteID CUSTOM not available AbstractID CUSTOM = AA1dfjr8a7f1775498063
 @State ConcreteID = SC10xp4mdaf72534310699 AbstractID = SR48wk46aa51155574344
 ConcreteID CUSTOM = SCwi904baf3691882750 AbstractID CUSTOM = SAo5ftnjaf62474532183

	ROLE = LeftClickAt
	TARGET =
		WIDGET = WC1nkdbco22985147214, WR52qhb2b3065858412, WTq2djcwf1689682224, WPzi7q4m1e4207356025
		ROLE = UIAListItem
		TITLE = Stop
		SHAPE = Rect [x:603.0 y:578.0 w:447.0 h:32.0]
		CHILDREN = 0
		PATH = [0, 0, 1, 0, 1]
	DESCRIPTION = Left Click at 'Stop'
	TEXT = Compound Action =
		Move mouse to (826.5, 594.0).
		Press Mouse Button BUTTON1
		Release Mouse Button BUTTON1

ExecutedAction [53]: 
 @Action ConcreteID = ACzk8i74813156959033 AbstractID = AAzk8i74813156959033
 ConcreteID CUSTOM = ConcreteID CUSTOM not available AbstractID CUSTOM = AA4hii4s80701757411
 @State ConcreteID = SC10xp4mdaf72534310699 AbstractID = SR48wk46aa51155574344
 ConcreteID CUSTOM = SCwi904baf3691882750 AbstractID CUSTOM = SAo5ftnjaf62474532183

	ROLE = LeftClickAt
	TARGET =
		WIDGET = WC9lys9h161489540676, WR1h6ibpb92248851252, WT1h6ibpb92248851252, WP11591wj121672372516
		ROLE = UIAButton
		TITLE = 
		SHAPE = Rect [x:1306.0 y:354.0 w:23.0 h:22.0]
		CHILDREN = 0
		PATH = [0, 0, 6]
	DESCRIPTION = Left Click at ''
	TEXT = Compound Action =
		Move mouse to (1317.5, 365.0).
		Press Mouse Button BUTTON1
		Release Mouse Button BUTTON1

ExecutedAction [54]: 
 @Action ConcreteID = AC2nfpv1801519794199 AbstractID = AA2nfpv1801519794199
 ConcreteID CUSTOM = ConcreteID CUSTOM not available AbstractID CUSTOM = AA1ydz2817f494166239
 @State ConcreteID = SC10xp4mdaf72534310699 AbstractID = SR48wk46aa51155574344
 ConcreteID CUSTOM = SCwi904baf3691882750 AbstractID CUSTOM = SAo5ftnjaf62474532183

	ROLE = LeftClickAt
	TARGET =
		WIDGET = WClkylss222336955076, WR1h6ibpb92248851252, WT1h6ibpb92248851252, WP6e97hm1e1937518107
		ROLE = UIAButton
		TITLE = 
		SHAPE = Rect [x:688.0 y:480.0 w:26.0 h:26.0]
		CHILDREN = 0
		PATH = [0, 0, 2, 0, 0, 5, 2]
	DESCRIPTION = Left Click at ''
	TEXT = Compound Action =
		Move mouse to (701.0, 493.0).
		Press Mouse Button BUTTON1
		Release Mouse Button BUTTON1

ExecutedAction [55]: 
 @Action ConcreteID = AC6rtdpx814281071629 AbstractID = AA6rtdpx814281071629
 ConcreteID CUSTOM = ConcreteID CUSTOM not available AbstractID CUSTOM = AA1aq7fmp801792233687
 @State ConcreteID = SC10xp4mdaf72534310699 AbstractID = SR48wk46aa51155574344
 ConcreteID CUSTOM = SCwi904baf3691882750 AbstractID CUSTOM = SAo5ftnjaf62474532183

	ROLE = LeftClickAt
	TARGET =
		WIDGET = WChou95125642493333, WR1h6ibpb92248851252, WT179pbei153540817138, WP1muzsqf21621541338
		ROLE = UIAButton
		TITLE = Cancel Alt+C
		SHAPE = Rect [x:1254.0 y:784.0 w:75.0 h:23.0]
		CHILDREN = 0
		PATH = [0, 0, 8, 1]
	DESCRIPTION = Left Click at 'Cancel Alt+C'
	TEXT = Compound Action =
		Move mouse to (1291.5, 795.5).
		Press Mouse Button BUTTON1
		Release Mouse Button BUTTON1

ExecutedAction [56]: 
 @Action ConcreteID = AC1dz1gc9802676265359 AbstractID = AA1dz1gc9802676265359
 ConcreteID CUSTOM = ConcreteID CUSTOM not available AbstractID CUSTOM = AA1e2o6rt803231606112
 @State ConcreteID = SCix27n24e81417269952 AbstractID = SR175vb3k4c42060292993
 ConcreteID CUSTOM = SColmvhs4e82376510929 AbstractID CUSTOM = SAgiu8p14e41526964526

	ROLE = LeftClickAt
	TARGET =
		WIDGET = WC1fcenkz201119982758, WR10fgh33101836453781, WT10fgh33101836453781, WPdpsz4l1c4088669326
		ROLE = UIACustomControl
		TITLE = 
		SHAPE = Rect [x:1146.0 y:757.0 w:101.0 h:32.0]
		CHILDREN = 2
		PATH = [0, 2, 2, 0]
	DESCRIPTION = Left Click at ''
	TEXT = Compound Action =
		Move mouse to (1196.5, 773.0).
		Press Mouse Button BUTTON1
		Release Mouse Button BUTTON1

ExecutedAction [57]: 
 @Action ConcreteID = AC6fda5g7f3557692852 AbstractID = AA6fda5g7f3557692852
 ConcreteID CUSTOM = ConcreteID CUSTOM not available AbstractID CUSTOM = AAk6est07f3413308045
 @State ConcreteID = SCix27n24e81417269952 AbstractID = SR175vb3k4c42060292993
 ConcreteID CUSTOM = SColmvhs4e82376510929 AbstractID CUSTOM = SAgiu8p14e41526964526

	ROLE = LeftClickAt
	TARGET =
		WIDGET = WCsnsihr193371001170, WR1h6ibpb92248851252, WT1h6ibpb92248851252, WP8rujrl152132155742
		ROLE = UIAButton
		TITLE = 
		SHAPE = Rect [x:733.0 y:760.0 w:26.0 h:26.0]
		CHILDREN = 0
		PATH = [0, 2, 2, 4]
	DESCRIPTION = Left Click at ''
	TEXT = Compound Action =
		Move mouse to (746.0, 773.0).
		Press Mouse Button BUTTON1
		Release Mouse Button BUTTON1

ExecutedAction [58]: 
 @Action ConcreteID = AC1pd74dn7f3755775776 AbstractID = AA1pd74dn7f3755775776
 ConcreteID CUSTOM = ConcreteID CUSTOM not available AbstractID CUSTOM = AA434l237f3231739929
 @State ConcreteID = SCix27n24e81417269952 AbstractID = SR175vb3k4c42060292993
 ConcreteID CUSTOM = SColmvhs4e82376510929 AbstractID CUSTOM = SAgiu8p14e41526964526

	ROLE = LeftClickAt
	TARGET =
		WIDGET = WCsnsiim193522581523, WR1h6ibpb92248851252, WT1h6ibpb92248851252, WP8rujsg151712139295
		ROLE = UIAButton
		TITLE = 
		SHAPE = Rect [x:759.0 y:760.0 w:26.0 h:26.0]
		CHILDREN = 0
		PATH = [0, 2, 2, 5]
	DESCRIPTION = Left Click at ''
	TEXT = Compound Action =
		Move mouse to (772.0, 773.0).
		Press Mouse Button BUTTON1
		Release Mouse Button BUTTON1

ExecutedAction [59]: 
 @Action ConcreteID = AC1luxins803849673546 AbstractID = AA1luxins803849673546
 ConcreteID CUSTOM = ConcreteID CUSTOM not available AbstractID CUSTOM = AA13wywod801126099406
 @State ConcreteID = SC15jn7754e91076815088 AbstractID = SR175vb3k4c42060292993
 ConcreteID CUSTOM = SC1kijtm44e93453416963 AbstractID CUSTOM = SA1sb8mbo4e63555504217

	ROLE = LeftClickAt
	TARGET =
		WIDGET = WCqo6bfv1b3993562100, WR88rmk0b1934231702, WT88rmk0b1934231702, WP5fia59171780392929
		ROLE = UIACheckBox
		TITLE = 
		SHAPE = Rect [x:887.0 y:760.0 w:26.0 h:26.0]
		CHILDREN = 0
		PATH = [0, 2, 2, 9]
	DESCRIPTION = Left Click at ''
	TEXT = Compound Action =
		Move mouse to (900.0, 773.0).
		Press Mouse Button BUTTON1
		Release Mouse Button BUTTON1

ExecutedAction [60]: 
 @Action ConcreteID = AC10a35dn802360477411 AbstractID = AA10a35dn802360477411
 ConcreteID CUSTOM = ConcreteID CUSTOM not available AbstractID CUSTOM = AAohxpud7f3671695090
 @State ConcreteID = SC1xincaf31d2739652936 AbstractID = SR10hnve72fe2322686964
 ConcreteID CUSTOM = SCxsaef530c2891655001 AbstractID CUSTOM = SAvkbd7331e3786536624

	ROLE = LeftClickAt
	TARGET =
		WIDGET = WC1pm5r0o232668325901, WR17v7k2nb1067391859, WT1p8hf68161996799177, WP19ngj4m1f1149120030
		ROLE = UIAMenuItem
		TITLE = Video Alt+V
		SHAPE = Rect [x:823.0 y:370.0 w:47.0 h:20.0]
		CHILDREN = 0
		PATH = [0, 1, 3]
	DESCRIPTION = Left Click at 'Video Alt+V'
	TEXT = Compound Action =
		Move mouse to (846.5, 380.0).
		Press Mouse Button BUTTON1
		Release Mouse Button BUTTON1

ExecutedAction [61]: 
 @Action ConcreteID = ACjz92yx7f2115506138 AbstractID = AAjz92yx7f2115506138
 ConcreteID CUSTOM = ConcreteID CUSTOM not available AbstractID CUSTOM = AAqh8e8a7f2802152633
 @State ConcreteID = SC1x453x945b134910834 AbstractID = SRlvue4l43c2450770311
 ConcreteID CUSTOM = SC1iatqyv44f2097967410 AbstractID CUSTOM = SA1fbz75i45d926850019

	ROLE = LeftClickAt
	TARGET =
		WIDGET = WC16lkroz2c2166698641, WR17v7k2nb1067391859, WTmh5rma211563997939, WP1fhy2kh28277252680
		ROLE = UIAMenuItem
		TITLE = Deinterlace mode Alt+D
		SHAPE = Rect [x:826.0 y:596.0 w:159.0 h:22.0]
		CHILDREN = 0
		PATH = [1, 11]
	DESCRIPTION = Left Click at 'Deinterlace mode Alt+D'
	TEXT = Compound Action =
		Move mouse to (905.5, 607.0).
		Press Mouse Button BUTTON1
		Release Mouse Button BUTTON1

ExecutedAction [62]: 
 @Action ConcreteID = AC1chw9777e2463101151 AbstractID = AA1chw9777e2463101151
 ConcreteID CUSTOM = ConcreteID CUSTOM not available AbstractID CUSTOM = AA38d0lb7f834214845
 @State ConcreteID = SC1grtkw54a411846896 AbstractID = SRyce8ie52b3338011939
 ConcreteID CUSTOM = SC1jy3lo5433800728729 AbstractID CUSTOM = SAvp5pxv5532051971730

	ROLE = LeftClickAt
	TARGET =
		WIDGET = WC1bzq6g91f1717374166, WR17v7k2nb1067391859, WTjbv28a15190154522, WPmjn50b1b1420328949
		ROLE = UIAMenuItem
		TITLE = Zoom Alt+Z
		SHAPE = Rect [x:826.0 y:499.0 w:159.0 h:22.0]
		CHILDREN = 0
		PATH = [1, 6]
	DESCRIPTION = Left Click at 'Zoom Alt+Z'
	TEXT = Compound Action =
		Move mouse to (905.5, 510.0).
		Press Mouse Button BUTTON1
		Release Mouse Button BUTTON1

ExecutedAction [63]: 
 @Action ConcreteID = AC1msd43h7f3513451383 AbstractID = AA1msd43h7f3513451383
 ConcreteID CUSTOM = ConcreteID CUSTOM not available AbstractID CUSTOM = AAkgs8bz801502513423
 @State ConcreteID = SC1naohu14bf424720048 AbstractID = SR1dxu8o49f39872378
 ConcreteID CUSTOM = SC1gcwqdv4b04040172487 AbstractID CUSTOM = SA1yao6hj4c32996736729

	ROLE = LeftClickAt
	TARGET =
		WIDGET = WC11132ie26988553567, WR17v7k2nb1067391859, WT7kxrdw19266625713, WP1rp2dz8223396690116
		ROLE = UIAMenuItem
		TITLE = Playback Alt+l
		SHAPE = Rect [x:710.0 y:370.0 w:64.0 h:20.0]
		CHILDREN = 0
		PATH = [0, 1, 1]
	DESCRIPTION = Left Click at 'Playback Alt+l'
	TEXT = Compound Action =
		Move mouse to (742.0, 380.0).
		Press Mouse Button BUTTON1
		Release Mouse Button BUTTON1

ExecutedAction [64]: 
 @Action ConcreteID = ACllsj2d7d2789289162 AbstractID = AAllsj2d7d2789289162
 ConcreteID CUSTOM = ConcreteID CUSTOM not available AbstractID CUSTOM = AA1fmdpx6803346136127
 @State ConcreteID = SCyywc3n33249900364 AbstractID = SR14qi35o311798225834
 ConcreteID CUSTOM = SC18mshn53213614616224 AbstractID CUSTOM = SA1crqwpn3333042803594

	ROLE = LeftClickAt
	TARGET =
		WIDGET = WC1pm5r0o232668325901, WR17v7k2nb1067391859, WT1p8hf68161996799177, WP19ngj4m1f1149120030
		ROLE = UIAMenuItem
		TITLE = Video Alt+V
		SHAPE = Rect [x:823.0 y:370.0 w:47.0 h:20.0]
		CHILDREN = 0
		PATH = [0, 1, 3]
	DESCRIPTION = Left Click at 'Video Alt+V'
	TEXT = Compound Action =
		Move mouse to (846.5, 380.0).
		Press Mouse Button BUTTON1
		Release Mouse Button BUTTON1

ExecutedAction [65]: 
 @Action ConcreteID = ACt0yjte7f1993848181 AbstractID = AAt0yjte7f1993848181
 ConcreteID CUSTOM = ConcreteID CUSTOM not available AbstractID CUSTOM = AAzkwl87f412573812
 @State ConcreteID = SCo5qath45c3196404846 AbstractID = SRlvue4l43c2450770311
 ConcreteID CUSTOM = SCkdsysb4503115275001 AbstractID CUSTOM = SA1fbz75i45d926850019

	ROLE = LeftClickAt
	TARGET =
		WIDGET = WC1pm5r0o232668325901, WR17v7k2nb1067391859, WT1p8hf68161996799177, WP19ngj4m1f1149120030
		ROLE = UIAMenuItem
		TITLE = Video Alt+V
		SHAPE = Rect [x:823.0 y:370.0 w:47.0 h:20.0]
		CHILDREN = 0
		PATH = [0, 1, 3]
	DESCRIPTION = Left Click at 'Video Alt+V'
	TEXT = Compound Action =
		Move mouse to (846.5, 380.0).
		Press Mouse Button BUTTON1
		Release Mouse Button BUTTON1

ExecutedAction [66]: 
 @Action ConcreteID = ACiaqedd7f2569637080 AbstractID = AAiaqedd7f2569637080
 ConcreteID CUSTOM = ConcreteID CUSTOM not available AbstractID CUSTOM = AA1v0x1ql804047082837
 @State ConcreteID = SC1ddrq21332776149268 AbstractID = SR14qi35o311798225834
 ConcreteID CUSTOM = SC1g3t4er320964091907 AbstractID CUSTOM = SA1crqwpn3333042803594

	ROLE = LeftClickAt
	TARGET =
		WIDGET = WC160k18c193676660364, WR1h6ibpb92248851252, WT1h6ibpb92248851252, WPm4m2i6151826495104
		ROLE = UIAButton
		TITLE = 
		SHAPE = Rect [x:823.0 y:921.0 w:26.0 h:26.0]
		CHILDREN = 0
		PATH = [0, 0, 0, 7]
	DESCRIPTION = Left Click at ''
	TEXT = Compound Action =
		Move mouse to (836.0, 934.0).
		Press Mouse Button BUTTON1
		Release Mouse Button BUTTON1

ExecutedAction [67]: 
 @Action ConcreteID = AClqw5117f3599732867 AbstractID = AAlqw5117f3599732867
 ConcreteID CUSTOM = ConcreteID CUSTOM not available AbstractID CUSTOM = AAkvie6q7f2751439611
 @State ConcreteID = SCs1ct7i5d83773470020 AbstractID = SR1c3ttbh59c3578802354
 ConcreteID CUSTOM = SChj6w3e5d24172042732 AbstractID CUSTOM = SAmhmzus5da3783900673

	ROLE = LeftClickAt
	TARGET =
		WIDGET = WCs8sevb27832749752, WR5quxi6b4097176690, WT5quxi6b4097176690, WPankxix232953176086
		ROLE = UIATreeItem
		TITLE = 
		SHAPE = Rect [x:660.0 y:442.0 w:163.0 h:26.0]
		CHILDREN = 0
		PATH = [0, 0, 2, 0, 2, 1, 3, 1]
	DESCRIPTION = Left Click at ''
	TEXT = Compound Action =
		Move mouse to (741.5, 455.0).
		Press Mouse Button BUTTON1
		Release Mouse Button BUTTON1

ExecutedAction [68]: 
 @Action ConcreteID = AC1sdmcc97e2274117598 AbstractID = AA1sdmcc97e2274117598
 ConcreteID CUSTOM = ConcreteID CUSTOM not available AbstractID CUSTOM = AAkvie6q7f2751439611
 @State ConcreteID = SCdib7425d8438885989 AbstractID = SR1c3ttbh59c3578802354
 ConcreteID CUSTOM = SCtpamja5d23662343489 AbstractID CUSTOM = SAmhmzus5da3783900673

	ROLE = LeftClickAt
	TARGET =
		WIDGET = WCs7otol271264751576, WR5quxi6b4097176690, WT5quxi6b4097176690, WPamhcc7233401955190
		ROLE = UIATreeItem
		TITLE = 
		SHAPE = Rect [x:660.0 y:442.0 w:163.0 h:26.0]
		CHILDREN = 0
		PATH = [0, 0, 2, 0, 2, 1, 1, 1]
	DESCRIPTION = Left Click at ''
	TEXT = Compound Action =
		Move mouse to (741.5, 455.0).
		Press Mouse Button BUTTON1
		Release Mouse Button BUTTON1

ExecutedAction [69]: 
 @Action ConcreteID = AC1bydzr37f3803347163 AbstractID = AA1bydzr37f3803347163
 ConcreteID CUSTOM = ConcreteID CUSTOM not available AbstractID CUSTOM = AA1cy4miu802844974969
 @State ConcreteID = SCdib7425d8438885989 AbstractID = SR1c3ttbh59c3578802354
 ConcreteID CUSTOM = SCtpamja5d23662343489 AbstractID CUSTOM = SAmhmzus5da3783900673

	ROLE = LeftClickAt
	TARGET =
		WIDGET = WCig1ffy22236015574, WR17v7k2nb1067391859, WT1e6tvxi153323975668, WP1lxqkho1e3332536470
		ROLE = UIAMenuItem
		TITLE = Help Alt+H
		SHAPE = Rect [x:1013.0 y:370.0 w:42.0 h:20.0]
		CHILDREN = 0
		PATH = [0, 1, 7]
	DESCRIPTION = Left Click at 'Help Alt+H'
	TEXT = Compound Action =
		Move mouse to (1034.0, 380.0).
		Press Mouse Button BUTTON1
		Release Mouse Button BUTTON1

ExecutedAction [70]: 
 @Action ConcreteID = AC1fos53l801100499868 AbstractID = AA1fos53l801100499868
 ConcreteID CUSTOM = ConcreteID CUSTOM not available AbstractID CUSTOM = AA1odmn0b7f3640109889
 @State ConcreteID = SC14l4fmv63a2095317469 AbstractID = SR1pkz2xu5ff1120298582
 ConcreteID CUSTOM = SCs3ga4z6342410622058 AbstractID CUSTOM = SAcwhbby63e4035384240

	ROLE = LeftClickAt
	TARGET =
		WIDGET = WC1av0iff203259980235, WR4na8ob72534219213, WT4na8ob72534219213, WP1jjnhjt1c2142156530
		ROLE = UIATree
		TITLE = 
		SHAPE = Rect [x:660.0 y:416.0 w:180.0 h:178.0]
		CHILDREN = 8
		PATH = [0, 0, 2, 0, 2, 1, 1]
	DESCRIPTION = Left Click at ''
	TEXT = Compound Action =
		Move mouse to (750.0, 505.0).
		Press Mouse Button BUTTON1
		Release Mouse Button BUTTON1

ExecutedAction [71]: 
 @Action ConcreteID = AClqw5117f3599732867 AbstractID = AAlqw5117f3599732867
 ConcreteID CUSTOM = ConcreteID CUSTOM not available AbstractID CUSTOM = AAkvie6q7f2751439611
 @State ConcreteID = SCs1ct7i5d83773470020 AbstractID = SR1c3ttbh59c3578802354
 ConcreteID CUSTOM = SChj6w3e5d24172042732 AbstractID CUSTOM = SAmhmzus5da3783900673

	ROLE = LeftClickAt
	TARGET =
		WIDGET = WCs7otol271264751576, WR5quxi6b4097176690, WT5quxi6b4097176690, WPamhcc7233401955190
		ROLE = UIATreeItem
		TITLE = 
		SHAPE = Rect [x:660.0 y:442.0 w:163.0 h:26.0]
		CHILDREN = 0
		PATH = [0, 0, 2, 0, 2, 1, 1, 1]
	DESCRIPTION = Left Click at ''
	TEXT = Compound Action =
		Move mouse to (741.5, 455.0).
		Press Mouse Button BUTTON1
		Release Mouse Button BUTTON1

ExecutedAction [72]: 
 @Action ConcreteID = AC1ij8ifb7f2036965239 AbstractID = AA1ij8ifb7f2036965239
 ConcreteID CUSTOM = ConcreteID CUSTOM not available AbstractID CUSTOM = AA1jiz57280843659477
 @State ConcreteID = SCdib7425d8438885989 AbstractID = SR1c3ttbh59c3578802354
 ConcreteID CUSTOM = SCtpamja5d23662343489 AbstractID CUSTOM = SAmhmzus5da3783900673

	ROLE = LeftClickAt
	TARGET =
		WIDGET = WC1avkazx202633241178, WR4na8ob72534219213, WT4na8ob72534219213, WP1jk7a4b1c555089251
		ROLE = UIATree
		TITLE = 
		SHAPE = Rect [x:845.0 y:416.0 w:415.0 h:311.0]
		CHILDREN = 3
		PATH = [0, 0, 2, 0, 2, 2, 0]
	DESCRIPTION = Left Click at ''
	TEXT = Compound Action =
		Move mouse to (1052.5, 571.5).
		Press Mouse Button BUTTON1
		Release Mouse Button BUTTON1

ExecutedAction [73]: 
 @Action ConcreteID = AC12z9jwf7e876776812 AbstractID = AA12z9jwf7e876776812
 ConcreteID CUSTOM = ConcreteID CUSTOM not available AbstractID CUSTOM = AA1ui9nq07f271673417
 @State ConcreteID = SCdib7425d8438885989 AbstractID = SR1c3ttbh59c3578802354
 ConcreteID CUSTOM = SCtpamja5d23662343489 AbstractID CUSTOM = SAmhmzus5da3783900673

	ROLE = LeftClickAt
	TARGET =
		WIDGET = WC1p1tb13214004358796, WR1e04pz3e358922214, WT1e04pz3e358922214, WP19a09gl1d2563168662
		ROLE = UIASplitButton
		TITLE = 
		SHAPE = Rect [x:660.0 y:416.0 w:600.0 h:311.0]
		CHILDREN = 3
		PATH = [0, 0, 2, 0, 2]
	DESCRIPTION = Left Click at ''
	TEXT = Compound Action =
		Move mouse to (960.0, 571.5).
		Press Mouse Button BUTTON1
		Release Mouse Button BUTTON1

ExecutedAction [74]: 
 @Action ConcreteID = AC19pg54w7e2746057352 AbstractID = AA19pg54w7e2746057352
 ConcreteID CUSTOM = ConcreteID CUSTOM not available AbstractID CUSTOM = AA27c6zd7f2279499693
 @State ConcreteID = SCdib7425d8438885989 AbstractID = SR1c3ttbh59c3578802354
 ConcreteID CUSTOM = SCtpamja5d23662343489 AbstractID CUSTOM = SAmhmzus5da3783900673

	ROLE = LeftClickAt
	TARGET =
		WIDGET = WC5sz6bq243551009740, WR1e04pz3e358922214, WT1e04pz3e358922214, WP1yesfnc20476819449
		ROLE = UIASplitButton
		TITLE = 
		SHAPE = Rect [x:660.0 y:416.0 w:180.0 h:311.0]
		CHILDREN = 4
		PATH = [0, 0, 2, 0, 2, 1]
	DESCRIPTION = Left Click at ''
	TEXT = Compound Action =
		Move mouse to (750.0, 571.5).
		Press Mouse Button BUTTON1
		Release Mouse Button BUTTON1

ExecutedAction [75]: 
 @Action ConcreteID = AC1sdmcc97e2274117598 AbstractID = AA1sdmcc97e2274117598
 ConcreteID CUSTOM = ConcreteID CUSTOM not available AbstractID CUSTOM = AAkvie6q7f2751439611
 @State ConcreteID = SCdib7425d8438885989 AbstractID = SR1c3ttbh59c3578802354
 ConcreteID CUSTOM = SCtpamja5d23662343489 AbstractID CUSTOM = SAmhmzus5da3783900673

	ROLE = LeftClickAt
	TARGET =
		WIDGET = WCs7otol271264751576, WR5quxi6b4097176690, WT5quxi6b4097176690, WPamhcc7233401955190
		ROLE = UIATreeItem
		TITLE = 
		SHAPE = Rect [x:660.0 y:442.0 w:163.0 h:26.0]
		CHILDREN = 0
		PATH = [0, 0, 2, 0, 2, 1, 1, 1]
	DESCRIPTION = Left Click at ''
	TEXT = Compound Action =
		Move mouse to (741.5, 455.0).
		Press Mouse Button BUTTON1
		Release Mouse Button BUTTON1

ExecutedAction [76]: 
 @Action ConcreteID = AC1bydzr37f3803347163 AbstractID = AA1bydzr37f3803347163
 ConcreteID CUSTOM = ConcreteID CUSTOM not available AbstractID CUSTOM = AA1cy4miu802844974969
 @State ConcreteID = SCdib7425d8438885989 AbstractID = SR1c3ttbh59c3578802354
 ConcreteID CUSTOM = SCtpamja5d23662343489 AbstractID CUSTOM = SAmhmzus5da3783900673

	ROLE = LeftClickAt
	TARGET =
		WIDGET = WCig1ffy22236015574, WR17v7k2nb1067391859, WT1e6tvxi153323975668, WP1lxqkho1e3332536470
		ROLE = UIAMenuItem
		TITLE = Help Alt+H
		SHAPE = Rect [x:1013.0 y:370.0 w:42.0 h:20.0]
		CHILDREN = 0
		PATH = [0, 1, 7]
	DESCRIPTION = Left Click at 'Help Alt+H'
	TEXT = Compound Action =
		Move mouse to (1034.0, 380.0).
		Press Mouse Button BUTTON1
		Release Mouse Button BUTTON1

ExecutedAction [77]: 
 @Action ConcreteID = ACqxa2hz802191552143 AbstractID = AAqxa2hz802191552143
 ConcreteID CUSTOM = ConcreteID CUSTOM not available AbstractID CUSTOM = AAzm4kep7f466587218
 @State ConcreteID = SC14l4fmv63a2095317469 AbstractID = SR1pkz2xu5ff1120298582
 ConcreteID CUSTOM = SCs3ga4z6342410622058 AbstractID CUSTOM = SAcwhbby63e4035384240

	ROLE = LeftClickAt
	TARGET =
		WIDGET = WCs8sezm272128828031, WR5quxi6b4097176690, WT5quxi6b4097176690, WPankxn8234282675921
		ROLE = UIATreeItem
		TITLE = 
		SHAPE = Rect [x:660.0 y:568.0 w:163.0 h:22.0]
		CHILDREN = 0
		PATH = [0, 0, 2, 0, 2, 1, 3, 6]
	DESCRIPTION = Left Click at ''
	TEXT = Compound Action =
		Move mouse to (741.5, 579.0).
		Press Mouse Button BUTTON1
		Release Mouse Button BUTTON1

ExecutedAction [78]: 
 @Action ConcreteID = ACvz2hpb7e754703838 AbstractID = AAvz2hpb7e754703838
 ConcreteID CUSTOM = ConcreteID CUSTOM not available AbstractID CUSTOM = AA1ni2liw7f143145211
 @State ConcreteID = SCdib7425d8438885989 AbstractID = SR1c3ttbh59c3578802354
 ConcreteID CUSTOM = SCtpamja5d23662343489 AbstractID CUSTOM = SAmhmzus5da3783900673

	ROLE = LeftClickAt
	TARGET =
		WIDGET = WCs8sex12760072506, WR5quxi6b4097176690, WT5quxi6b4097176690, WPankxkn232184414868
		ROLE = UIATreeItem
		TITLE = 
		SHAPE = Rect [x:665.0 y:490.0 w:158.0 h:26.0]
		CHILDREN = 0
		PATH = [0, 0, 2, 0, 2, 1, 3, 3]
	DESCRIPTION = Left Click at ''
	TEXT = Compound Action =
		Move mouse to (744.0, 503.0).
		Press Mouse Button BUTTON1
		Release Mouse Button BUTTON1

Forcing SUT activation (bring to foreground) action
ExecutedAction [79]: 
 @Action ConcreteID = AC1qlzyku37103307436 AbstractID = AA1qlzyku37103307436
 ConcreteID CUSTOM = ConcreteID CUSTOM not available AbstractID CUSTOM = AA1vfna8l381876989484
 @State ConcreteID = SCdib7425d8438885989 AbstractID = SR1c3ttbh59c3578802354
 ConcreteID CUSTOM = SCtpamja5d23662343489 AbstractID CUSTOM = SAmhmzus5da3783900673

	DESCRIPTION = Bring the system to the foreground.
	TEXT = Bring the system to the foreground.

Forcing SUT activation (bring to foreground) action
ExecutedAction [80]: 
 @Action ConcreteID = ACfdf37i39715382919 AbstractID = AAfdf37i39715382919
 ConcreteID CUSTOM = ConcreteID CUSTOM not available AbstractID CUSTOM = AA1vfna8l381876989484
 @State ConcreteID = SC1jeeos75d84259165925 AbstractID = SR1c3ttbh59c3578802354
 ConcreteID CUSTOM = SC3e95ok5d4157215054 AbstractID CUSTOM = SAmhmzus5da3783900673

	DESCRIPTION = Bring the system to the foreground.
	TEXT = Bring the system to the foreground.

ExecutedAction [81]: 
 @Action ConcreteID = ACn7fs04803164972087 AbstractID = AAn7fs04803164972087
 ConcreteID CUSTOM = ConcreteID CUSTOM not available AbstractID CUSTOM = AA15s8ah97f3898311143
 @State ConcreteID = SC1jeeos75d84259165925 AbstractID = SR1c3ttbh59c3578802354
 ConcreteID CUSTOM = SC3e95ok5d4157215054 AbstractID CUSTOM = SAmhmzus5da3783900673

	ROLE = LeftClickAt
	TARGET =
		WIDGET = WCxa7st31c3231199733, WR88rmk0b1934231702, WT88rmk0b1934231702, WPe3j6g5182915156822
		ROLE = UIACheckBox
		TITLE = 
		SHAPE = Rect [x:913.0 y:760.0 w:26.0 h:26.0]
		CHILDREN = 0
		PATH = [0, 0, 0, 10]
	DESCRIPTION = Left Click at ''
	TEXT = Compound Action =
		Move mouse to (926.0, 773.0).
		Press Mouse Button BUTTON1
		Release Mouse Button BUTTON1

ExecutedAction [82]: 
 @Action ConcreteID = AC95x7yk803276044724 AbstractID = AA95x7yk803276044724
 ConcreteID CUSTOM = ConcreteID CUSTOM not available AbstractID CUSTOM = AArqpqfp7f2545572964
 @State ConcreteID = SC1jeeos75d84259165925 AbstractID = SR1c3ttbh59c3578802354
 ConcreteID CUSTOM = SC3e95ok5d4157215054 AbstractID CUSTOM = SAmhmzus5da3783900673

	ROLE = LeftClickAt
	TARGET =
		WIDGET = WCs7otsw2769403935, WR5quxi6b4097176690, WT5quxi6b4097176690, WPamhcgi232240029105
		ROLE = UIATreeItem
		TITLE = 
		SHAPE = Rect [x:660.0 y:568.0 w:163.0 h:22.0]
		CHILDREN = 0
		PATH = [0, 0, 2, 0, 2, 1, 1, 6]
	DESCRIPTION = Left Click at ''
	TEXT = Compound Action =
		Move mouse to (741.5, 579.0).
		Press Mouse Button BUTTON1
		Release Mouse Button BUTTON1

ExecutedAction [83]: 
 @Action ConcreteID = AC5xpufc80796262937 AbstractID = AA5xpufc80796262937
 ConcreteID CUSTOM = ConcreteID CUSTOM not available AbstractID CUSTOM = AAoiicwh7f2072520649
 @State ConcreteID = SC1jeeos75d84259165925 AbstractID = SR1c3ttbh59c3578802354
 ConcreteID CUSTOM = SC3e95ok5d4157215054 AbstractID CUSTOM = SAmhmzus5da3783900673

	ROLE = LeftClickAt
	TARGET =
		WIDGET = WC160k15r194027068751, WR1h6ibpb92248851252, WT1h6ibpb92248851252, WPm4m2fl151207126339
		ROLE = UIAButton
		TITLE = 
		SHAPE = Rect [x:733.0 y:760.0 w:26.0 h:26.0]
		CHILDREN = 0
		PATH = [0, 0, 0, 4]
	DESCRIPTION = Left Click at ''
	TEXT = Compound Action =
		Move mouse to (746.0, 773.0).
		Press Mouse Button BUTTON1
		Release Mouse Button BUTTON1

ExecutedAction [84]: 
 @Action ConcreteID = ACb5f05q7f1618657247 AbstractID = AAb5f05q7f1618657247
 ConcreteID CUSTOM = ConcreteID CUSTOM not available AbstractID CUSTOM = AAaoafy67f3260434856
 @State ConcreteID = SCowkk145971956636483 AbstractID = SR1kucksm5631322653466
 ConcreteID CUSTOM = SC1rulli35953787046297 AbstractID CUSTOM = SAkhod645a11489662394

	ROLE = LeftClickAt
	TARGET =
		WIDGET = WC11132ie26988553567, WR17v7k2nb1067391859, WT7kxrdw19266625713, WP1rp2dz8223396690116
		ROLE = UIAMenuItem
		TITLE = Playback Alt+l
		SHAPE = Rect [x:710.0 y:370.0 w:64.0 h:20.0]
		CHILDREN = 0
		PATH = [0, 1, 1]
	DESCRIPTION = Left Click at 'Playback Alt+l'
	TEXT = Compound Action =
		Move mouse to (742.0, 380.0).
		Press Mouse Button BUTTON1
		Release Mouse Button BUTTON1

ExecutedAction [85]: 
 @Action ConcreteID = AClgw1uz7f1087927033 AbstractID = AAlgw1uz7f1087927033
 ConcreteID CUSTOM = ConcreteID CUSTOM not available AbstractID CUSTOM = AAajelk17f106059893
 @State ConcreteID = SCy9fnrf7121299987403 AbstractID = SRwthz9z6de966700441
 ConcreteID CUSTOM = SCwqki7w7161210665481 AbstractID CUSTOM = SA3sxz4e71a1969708099

	ROLE = LeftClickAt
	TARGET =
		WIDGET = WCs8sezm272128828031, WR5quxi6b4097176690, WT5quxi6b4097176690, WPankxn8234282675921
		ROLE = UIATreeItem
		TITLE = 
		SHAPE = Rect [x:660.0 y:568.0 w:163.0 h:22.0]
		CHILDREN = 0
		PATH = [0, 0, 2, 0, 2, 1, 3, 6]
	DESCRIPTION = Left Click at ''
	TEXT = Compound Action =
		Move mouse to (741.5, 579.0).
		Press Mouse Button BUTTON1
		Release Mouse Button BUTTON1

ExecutedAction [86]: 
 @Action ConcreteID = ACzi6ldx7f1983694370 AbstractID = AAzi6ldx7f1983694370
 ConcreteID CUSTOM = ConcreteID CUSTOM not available AbstractID CUSTOM = AAokp52z7f817294510
 @State ConcreteID = SCy9fnrf7121299987403 AbstractID = SRwthz9z6de966700441
 ConcreteID CUSTOM = SCwqki7w7161210665481 AbstractID CUSTOM = SA3sxz4e71a1969708099

	ROLE = LeftClickAt
	TARGET =
		WIDGET = WCv2iyh7231187149563, WR17v7k2nb1067391859, WT12et6eo161830467638, WP186y9jt1f939178242
		ROLE = UIAMenuItem
		TITLE = Media Alt+M
		SHAPE = Rect [x:660.0 y:370.0 w:50.0 h:20.0]
		CHILDREN = 0
		PATH = [0, 1, 0]
	DESCRIPTION = Left Click at 'Media Alt+M'
	TEXT = Compound Action =
		Move mouse to (685.0, 380.0).
		Press Mouse Button BUTTON1
		Release Mouse Button BUTTON1

ExecutedAction [87]: 
 @Action ConcreteID = AC12obts7f3616558580 AbstractID = AA12obts7f3616558580
 ConcreteID CUSTOM = ConcreteID CUSTOM not available AbstractID CUSTOM = AAljrm87f1975303043
 @State ConcreteID = SCowkk145971956636483 AbstractID = SR1kucksm5631322653466
 ConcreteID CUSTOM = SC1rulli35953787046297 AbstractID CUSTOM = SAkhod645a11489662394

	ROLE = LeftClickAt
	TARGET =
		WIDGET = WC1av0iff203259980235, WR4na8ob72534219213, WT4na8ob72534219213, WP1jjnhjt1c2142156530
		ROLE = UIATree
		TITLE = 
		SHAPE = Rect [x:660.0 y:416.0 w:180.0 h:178.0]
		CHILDREN = 8
		PATH = [0, 0, 2, 0, 2, 1, 1]
	DESCRIPTION = Left Click at ''
	TEXT = Compound Action =
		Move mouse to (750.0, 505.0).
		Press Mouse Button BUTTON1
		Release Mouse Button BUTTON1

ExecutedAction [88]: 
 @Action ConcreteID = AC1c8r0iw80101129340 AbstractID = AA1c8r0iw80101129340
 ConcreteID CUSTOM = ConcreteID CUSTOM not available AbstractID CUSTOM = AA7lek3t7f699857423
 @State ConcreteID = SC198ivgs5971268163007 AbstractID = SR1kucksm5631322653466
 ConcreteID CUSTOM = SCd95dvj5954206012381 AbstractID CUSTOM = SAkhod645a11489662394

	ROLE = LeftClickAt
	TARGET =
		WIDGET = WCs7otqb272035609946, WR5quxi6b4097176690, WT5quxi6b4097176690, WPamhcdx234176729588
		ROLE = UIATreeItem
		TITLE = 
		SHAPE = Rect [x:665.0 y:490.0 w:158.0 h:26.0]
		CHILDREN = 0
		PATH = [0, 0, 2, 0, 2, 1, 1, 3]
	DESCRIPTION = Left Click at ''
	TEXT = Compound Action =
		Move mouse to (744.0, 503.0).
		Press Mouse Button BUTTON1
		Release Mouse Button BUTTON1

ExecutedAction [89]: 
 @Action ConcreteID = AC1c8r0iw80101129340 AbstractID = AA1c8r0iw80101129340
 ConcreteID CUSTOM = ConcreteID CUSTOM not available AbstractID CUSTOM = AA7lek3t7f699857423
 @State ConcreteID = SC198ivgs5971268163007 AbstractID = SR1kucksm5631322653466
 ConcreteID CUSTOM = SCd95dvj5954206012381 AbstractID CUSTOM = SAkhod645a11489662394

	ROLE = LeftClickAt
	TARGET =
		WIDGET = WCs7otqb272035609946, WR5quxi6b4097176690, WT5quxi6b4097176690, WPamhcdx234176729588
		ROLE = UIATreeItem
		TITLE = 
		SHAPE = Rect [x:665.0 y:490.0 w:158.0 h:26.0]
		CHILDREN = 0
		PATH = [0, 0, 2, 0, 2, 1, 1, 3]
	DESCRIPTION = Left Click at ''
	TEXT = Compound Action =
		Move mouse to (744.0, 503.0).
		Press Mouse Button BUTTON1
		Release Mouse Button BUTTON1

Forcing SUT activation (bring to foreground) action
ExecutedAction [90]: 
 @Action ConcreteID = AC1ql71k5394294165006 AbstractID = AA1ql71k5394294165006
 ConcreteID CUSTOM = ConcreteID CUSTOM not available AbstractID CUSTOM = AA1s230tg381316202929
 @State ConcreteID = SC198ivgs5971268163007 AbstractID = SR1kucksm5631322653466
 ConcreteID CUSTOM = SCd95dvj5954206012381 AbstractID CUSTOM = SAkhod645a11489662394

	DESCRIPTION = Bring the system to the foreground.
	TEXT = Bring the system to the foreground.

Forcing SUT activation (bring to foreground) action
ExecutedAction [91]: 
 @Action ConcreteID = AC1ql71k5394294165006 AbstractID = AA1ql71k5394294165006
 ConcreteID CUSTOM = ConcreteID CUSTOM not available AbstractID CUSTOM = AA1s230tg381316202929
 @State ConcreteID = SC198ivgs5971268163007 AbstractID = SR1kucksm5631322653466
 ConcreteID CUSTOM = SCd95dvj5954206012381 AbstractID CUSTOM = SAkhod645a11489662394

	DESCRIPTION = Bring the system to the foreground.
	TEXT = Bring the system to the foreground.

Forcing SUT activation (bring to foreground) action
ExecutedAction [92]: 
 @Action ConcreteID = AC1ql71k5394294165006 AbstractID = AA1ql71k5394294165006
 ConcreteID CUSTOM = ConcreteID CUSTOM not available AbstractID CUSTOM = AA1s230tg381316202929
 @State ConcreteID = SC198ivgs5971268163007 AbstractID = SR1kucksm5631322653466
 ConcreteID CUSTOM = SCd95dvj5954206012381 AbstractID CUSTOM = SAkhod645a11489662394

	DESCRIPTION = Bring the system to the foreground.
	TEXT = Bring the system to the foreground.

Forcing SUT activation (bring to foreground) action
ExecutedAction [93]: 
 @Action ConcreteID = AC1ql71k5394294165006 AbstractID = AA1ql71k5394294165006
 ConcreteID CUSTOM = ConcreteID CUSTOM not available AbstractID CUSTOM = AA1s230tg381316202929
 @State ConcreteID = SC198ivgs5971268163007 AbstractID = SR1kucksm5631322653466
 ConcreteID CUSTOM = SCd95dvj5954206012381 AbstractID CUSTOM = SAkhod645a11489662394

	DESCRIPTION = Bring the system to the foreground.
	TEXT = Bring the system to the foreground.

Forcing SUT activation (bring to foreground) action
ExecutedAction [94]: 
 @Action ConcreteID = AC1ql71k5394294165006 AbstractID = AA1ql71k5394294165006
 ConcreteID CUSTOM = ConcreteID CUSTOM not available AbstractID CUSTOM = AA1s230tg381316202929
 @State ConcreteID = SC198ivgs5971268163007 AbstractID = SR1kucksm5631322653466
 ConcreteID CUSTOM = SCd95dvj5954206012381 AbstractID CUSTOM = SAkhod645a11489662394

	DESCRIPTION = Bring the system to the foreground.
	TEXT = Bring the system to the foreground.

Forcing SUT activation (bring to foreground) action
ExecutedAction [95]: 
 @Action ConcreteID = AC1ql71k5394294165006 AbstractID = AA1ql71k5394294165006
 ConcreteID CUSTOM = ConcreteID CUSTOM not available AbstractID CUSTOM = AA1s230tg381316202929
 @State ConcreteID = SC198ivgs5971268163007 AbstractID = SR1kucksm5631322653466
 ConcreteID CUSTOM = SCd95dvj5954206012381 AbstractID CUSTOM = SAkhod645a11489662394

	DESCRIPTION = Bring the system to the foreground.
	TEXT = Bring the system to the foreground.

ExecutedAction [96]: 
 @Action ConcreteID = AC1pz4nyh802303804202 AbstractID = AA1pz4nyh802303804202
 ConcreteID CUSTOM = ConcreteID CUSTOM not available AbstractID CUSTOM = AAlbs7je7f2799740249
 @State ConcreteID = SC198ivgs5971268163007 AbstractID = SR1kucksm5631322653466
 ConcreteID CUSTOM = SCd95dvj5954206012381 AbstractID CUSTOM = SAkhod645a11489662394

	ROLE = LeftClickAt
	TARGET =
		WIDGET = WC5sz6bq243551009740, WR1e04pz3e358922214, WT1e04pz3e358922214, WP1yesfnc20476819449
		ROLE = UIASplitButton
		TITLE = 
		SHAPE = Rect [x:660.0 y:416.0 w:180.0 h:311.0]
		CHILDREN = 4
		PATH = [0, 0, 2, 0, 2, 1]
	DESCRIPTION = Left Click at ''
	TEXT = Compound Action =
		Move mouse to (750.0, 571.5).
		Press Mouse Button BUTTON1
		Release Mouse Button BUTTON1

Forcing SUT activation (bring to foreground) action
ExecutedAction [97]: 
 @Action ConcreteID = AC1ql71k5394294165006 AbstractID = AA1ql71k5394294165006
 ConcreteID CUSTOM = ConcreteID CUSTOM not available AbstractID CUSTOM = AA1s230tg381316202929
 @State ConcreteID = SC198ivgs5971268163007 AbstractID = SR1kucksm5631322653466
 ConcreteID CUSTOM = SCd95dvj5954206012381 AbstractID CUSTOM = SAkhod645a11489662394

	DESCRIPTION = Bring the system to the foreground.
	TEXT = Bring the system to the foreground.

Forcing SUT activation (bring to foreground) action
ExecutedAction [98]: 
 @Action ConcreteID = AC1ql71k5394294165006 AbstractID = AA1ql71k5394294165006
 ConcreteID CUSTOM = ConcreteID CUSTOM not available AbstractID CUSTOM = AA1s230tg381316202929
 @State ConcreteID = SC198ivgs5971268163007 AbstractID = SR1kucksm5631322653466
 ConcreteID CUSTOM = SCd95dvj5954206012381 AbstractID CUSTOM = SAkhod645a11489662394

	DESCRIPTION = Bring the system to the foreground.
	TEXT = Bring the system to the foreground.

ExecutedAction [99]: 
 @Action ConcreteID = AC158w81b801510825456 AbstractID = AA158w81b801510825456
 ConcreteID CUSTOM = ConcreteID CUSTOM not available AbstractID CUSTOM = AAljrm87f1975303043
 @State ConcreteID = SC198ivgs5971268163007 AbstractID = SR1kucksm5631322653466
 ConcreteID CUSTOM = SCd95dvj5954206012381 AbstractID CUSTOM = SAkhod645a11489662394

	ROLE = LeftClickAt
	TARGET =
		WIDGET = WC1av0ih5204034476873, WR4na8ob72534219213, WT4na8ob72534219213, WP1jjnhlj1c1301861488
		ROLE = UIATree
		TITLE = 
		SHAPE = Rect [x:660.0 y:416.0 w:180.0 h:178.0]
		CHILDREN = 8
		PATH = [0, 0, 2, 0, 2, 1, 3]
	DESCRIPTION = Left Click at ''
	TEXT = Compound Action =
		Move mouse to (750.0, 505.0).
		Press Mouse Button BUTTON1
		Release Mouse Button BUTTON1

Forcing SUT activation (bring to foreground) action
ExecutedAction [100]: 
 @Action ConcreteID = AC1ql71k5394294165006 AbstractID = AA1ql71k5394294165006
 ConcreteID CUSTOM = ConcreteID CUSTOM not available AbstractID CUSTOM = AA1s230tg381316202929
 @State ConcreteID = SC198ivgs5971268163007 AbstractID = SR1kucksm5631322653466
 ConcreteID CUSTOM = SCd95dvj5954206012381 AbstractID CUSTOM = SAkhod645a11489662394

	DESCRIPTION = Bring the system to the foreground.
	TEXT = Bring the system to the foreground.

Sequence 1 finished.
Copying generated sequence ("sequence2056") to output directory...
Copying classified sequence ("sequence2056") to sequences_ok folder...
