Starting sequence 1 (output as: sequence545)

ExecutedAction [1]: 
 @Action ConcreteID = AC1gbq0lv7e2155296049 AbstractID = AA1gbq0lv7e2155296049
 ConcreteID CUSTOM = ConcreteID CUSTOM not available AbstractID CUSTOM = AA1yecq7l803418847841
 @State ConcreteID = SCmg16tr72f669647620 AbstractID = SR1xhcgm16cf3125783199
 ConcreteID CUSTOM = SC448plc72c2182180221 AbstractID CUSTOM = SA1a0jkdq7313464302786

	ROLE = LeftClickAt
	TARGET =
		WIDGET = WC1t2g1mo1f1835652190, WR17v7k2nb1067391859, WT1q6069m122944502186, WP1rt5moe1b1331662022
		ROLE = UIAMenuItem
		TITLE = Project
		SHAPE = Rect [x:340.0 y:187.0 w:51.0 h:19.0]
		CHILDREN = 0
		PATH = [0, 4, 4]
	DESCRIPTION = Left Click at 'Project'
	TEXT = Compound Action =
		Move mouse to (365.5, 196.5).
		Press Mouse Button BUTTON1
		Release Mouse Button BUTTON1

ExecutedAction [2]: 
 @Action ConcreteID = ACbkscv8801731702341 AbstractID = AAbkscv8801731702341
 ConcreteID CUSTOM = ConcreteID CUSTOM not available AbstractID CUSTOM = AA1302v7m81311245810
 @State ConcreteID = SCxodgq68054125599629 AbstractID = SRueue1c7963643973770
 ConcreteID CUSTOM = SC1ac2yx68033414726978 AbstractID CUSTOM = SA1i3mu8h7ee3233330535

	ROLE = LeftClickAt
	TARGET =
		WIDGET = WCn3gz4f5f2489077675, WR1ca707tc1438424989, WT1aiusgc2b616207615, WPfrxjr55b922472378
		ROLE = UIAHyperLink
		TITLE = Workbench 
Go to the workbench
		SHAPE = Rect [x:1077.0 y:240.0 w:54.0 h:64.0]
		CHILDREN = 3
		PATH = [0, 1, 0, 0, 2, 0, 0, 0, 0, 0, 0, 0, 0, 0, 0, 2]
	DESCRIPTION = Left Click at 'Workbench 
Go to the workbench'
	TEXT = Compound Action =
		Move mouse to (1104.0, 272.0).
		Press Mouse Button BUTTON1
		Release Mouse Button BUTTON1

ExecutedAction [3]: 
 @Action ConcreteID = ACkq1vzp80715768610 AbstractID = AAkq1vzp80715768610
 ConcreteID CUSTOM = ConcreteID CUSTOM not available AbstractID CUSTOM = AAzenimp801770366870
 @State ConcreteID = SC11k2ili32b1466934830 AbstractID = SR1xkn7dq30e2462995598
 ConcreteID CUSTOM = SC10l9iwq32b1131769907 AbstractID CUSTOM = SA1uun9to32b2012828960

	ROLE = LeftClickAt
	TARGET =
		WIDGET = WCaujdl281186175594, WR1h6ibpb92248851252, WT1qzgpue121350402517, WP1ko822z24353148511
		ROLE = UIAButton
		TITLE = Tutorials
		SHAPE = Rect [x:224.0 y:891.0 w:23.0 h:22.0]
		CHILDREN = 0
		PATH = [0, 1, 2, 0, 0, 2]
	DESCRIPTION = Left Click at 'Tutorials'
	TEXT = Compound Action =
		Move mouse to (235.5, 902.0).
		Press Mouse Button BUTTON1
		Release Mouse Button BUTTON1

ExecutedAction [4]: 
 @Action ConcreteID = AC106xjmu80215345080 AbstractID = AA106xjmu80215345080
 ConcreteID CUSTOM = ConcreteID CUSTOM not available AbstractID CUSTOM = AA1gmm7fd812567990052
 @State ConcreteID = SC95dh49e341549104000 AbstractID = SR9vlwsnda5572663390
 ConcreteID CUSTOM = SCh3gha1e3c325048573 AbstractID CUSTOM = SA1uhn6ite271841752540

	ROLE = LeftClickAt
	TARGET =
		WIDGET = WC9qho283e2123576818, WR88rmk0b1934231702, WTq72q261c2588824796, WPb9fy823a2225743871
		ROLE = UIACheckBox
		TITLE = Focus on Workweek
		SHAPE = Rect [x:1093.0 y:267.0 w:23.0 h:22.0]
		CHILDREN = 0
		PATH = [0, 0, 0, 0, 0, 0, 2, 1, 0, 3]
	DESCRIPTION = Left Click at 'Focus on Workweek'
	TEXT = Compound Action =
		Move mouse to (1104.5, 278.0).
		Press Mouse Button BUTTON1
		Release Mouse Button BUTTON1

ExecutedAction [5]: 
 @Action ConcreteID = ACpo1pp680996724770 AbstractID = AApo1pp680996724770
 ConcreteID CUSTOM = ConcreteID CUSTOM not available AbstractID CUSTOM = AAfr6oy6802794687323
 @State ConcreteID = SC79qiq3f3f3927084527 AbstractID = SR1kr95kieb5173189082
 ConcreteID CUSTOM = SCj05n7xf4a2899594195 AbstractID CUSTOM = SAclof2wf462590332995

	ROLE = LeftClickAt
	TARGET =
		WIDGET = WCyb6v0f362809950853, WR88rmk0b1934231702, WTd5rxjx14935243443, WP1ot3ze9323627562879
		ROLE = UIACheckBox
		TITLE = Scheduled
		SHAPE = Rect [x:1107.0 y:297.0 w:23.0 h:22.0]
		CHILDREN = 0
		PATH = [0, 1, 0, 0, 0, 0, 2, 1, 0, 2]
	DESCRIPTION = Left Click at 'Scheduled'
	TEXT = Compound Action =
		Move mouse to (1118.5, 308.0).
		Press Mouse Button BUTTON1
		Release Mouse Button BUTTON1

ExecutedAction [6]: 
 @Action ConcreteID = ACfneert80302154230 AbstractID = AAfneert80302154230
 ConcreteID CUSTOM = ConcreteID CUSTOM not available AbstractID CUSTOM = AA7lbs3d7f1416985550
 @State ConcreteID = SC18576gzdd72407041285 AbstractID = SR3i1d7yd413246219082
 ConcreteID CUSTOM = SC15cvb2cdd73698988804 AbstractID CUSTOM = SA1k5qpradc0698388105

	ROLE = LeftClickAt
	TARGET =
		WIDGET = WC1xidtqt523278166425, WR1h6ibpb92248851252, WTehicr6303086359913, WPsajljb4e2864892972
		ROLE = UIAButton
		TITLE = Collapse All (Ctrl+Shift+Numpad_Divide)
		SHAPE = Rect [x:305.0 y:267.0 w:23.0 h:22.0]
		CHILDREN = 0
		PATH = [0, 0, 0, 0, 0, 0, 0, 1, 0, 0]
	DESCRIPTION = Left Click at 'Collapse All (Ctrl+Shift+Numpad_Divide)'
	TEXT = Compound Action =
		Move mouse to (316.5, 278.0).
		Press Mouse Button BUTTON1
		Release Mouse Button BUTTON1

ExecutedAction [7]: 
 @Action ConcreteID = AC1ekm2k67f3236851565 AbstractID = AA1ekm2k67f3236851565
 ConcreteID CUSTOM = ConcreteID CUSTOM not available AbstractID CUSTOM = AAfzcekc813431821058
 @State ConcreteID = SC19wdm94dfb58151848 AbstractID = SR5l81zed69591140209
 ConcreteID CUSTOM = SC1u5zo47e0364469410 AbstractID CUSTOM = SA1cwcpyfdea1083311377

	ROLE = LeftClickAt
	TARGET =
		WIDGET = WCsu7gvq2e1518804153, WR1h6ibpb92248851252, WTk4f2sx184018633794, WP18t4xwo2a735747231
		ROLE = UIAButton
		TITLE = Restore Welcome
		SHAPE = Rect [x:1048.0 y:892.0 w:23.0 h:22.0]
		CHILDREN = 0
		PATH = [0, 1, 2, 0, 0, 0]
	DESCRIPTION = Left Click at 'Restore Welcome'
	TEXT = Compound Action =
		Move mouse to (1059.5, 903.0).
		Press Mouse Button BUTTON1
		Release Mouse Button BUTTON1

ExecutedAction [8]: 
 @Action ConcreteID = AC1oi9qr7514050140091 AbstractID = AAf9fsqa4e3527523139
 ConcreteID CUSTOM = ConcreteID CUSTOM not available AbstractID CUSTOM = AAonj32o50322850505
 @State ConcreteID = SCmg16tr72f669647620 AbstractID = SR1xhcgm16cf3125783199
 ConcreteID CUSTOM = SC448plc72c2182180221 AbstractID CUSTOM = SA1a0jkdq7313464302786

	ROLE = HitKey
	DESCRIPTION = Hit Key 27
	TEXT = Compound Action =
		Press Key 27
		Release Key 27
		No Operation

ExecutedAction [9]: 
 @Action ConcreteID = ACyxdgdd7e89574651 AbstractID = AAyxdgdd7e89574651
 ConcreteID CUSTOM = ConcreteID CUSTOM not available AbstractID CUSTOM = AA1h005z3801323729835
 @State ConcreteID = SCmg16tr72f669647620 AbstractID = SR1xhcgm16cf3125783199
 ConcreteID CUSTOM = SC448plc72c2182180221 AbstractID CUSTOM = SA1a0jkdq7313464302786

	ROLE = LeftClickAt
	TARGET =
		WIDGET = WC1mdtbh91c3233749309, WR1h6ibpb92248851252, WT1h6ibpb92248851252, WP1s2mjvv1870006916
		ROLE = UIAButton
		TITLE = 
		SHAPE = Rect [x:169.0 y:217.0 w:23.0 h:22.0]
		CHILDREN = 0
		PATH = [0, 2, 0, 0, 0]
	DESCRIPTION = Left Click at ''
	TEXT = Compound Action =
		Move mouse to (180.5, 228.0).
		Press Mouse Button BUTTON1
		Release Mouse Button BUTTON1

ExecutedAction [10]: 
 @Action ConcreteID = AC1ab5upw7f2672702483 AbstractID = AA1ab5upw7f2672702483
 ConcreteID CUSTOM = ConcreteID CUSTOM not available AbstractID CUSTOM = AAscjzq811050667654
 @State ConcreteID = SCaoxj7l1082813684846 AbstractID = SRmdtt45fb62957041874
 ConcreteID CUSTOM = SC1k2krvk106f2611269206 AbstractID CUSTOM = SA1pzoxb2105d1589145780

	ROLE = LeftClickAt
	TARGET =
		WIDGET = WC1xidtqt523278166425, WR1h6ibpb92248851252, WTehicr6303086359913, WPsajljb4e2864892972
		ROLE = UIAButton
		TITLE = Collapse All (Ctrl+Shift+Numpad_Divide)
		SHAPE = Rect [x:241.0 y:267.0 w:23.0 h:22.0]
		CHILDREN = 0
		PATH = [0, 0, 0, 0, 0, 0, 0, 1, 0, 0]
	DESCRIPTION = Left Click at 'Collapse All (Ctrl+Shift+Numpad_Divide)'
	TEXT = Compound Action =
		Move mouse to (252.5, 278.0).
		Press Mouse Button BUTTON1
		Release Mouse Button BUTTON1

ExecutedAction [11]: 
 @Action ConcreteID = AC2a4w77803589984433 AbstractID = AA2a4w77803589984433
 ConcreteID CUSTOM = ConcreteID CUSTOM not available AbstractID CUSTOM = AA1eyjw6a801257878873
 @State ConcreteID = SC8dohvg10a62578796717 AbstractID = SRritlkxfde2067123721
 ConcreteID CUSTOM = SCdy9f77109b2950351801 AbstractID CUSTOM = SAuol8zh10871710478732

	ROLE = LeftClickAt
	TARGET =
		WIDGET = WCrz75wm261715109302, WR1e04pz3e358922214, WT1nrspw4134064192791, WPvbrppw222706186742
		ROLE = UIASplitButton
		TITLE = Debug
		SHAPE = Rect [x:286.0 y:212.0 w:38.0 h:22.0]
		CHILDREN = 0
		PATH = [0, 2, 2, 0, 0]
	DESCRIPTION = Left Click at 'Debug'
	TEXT = Compound Action =
		Move mouse to (305.0, 223.0).
		Press Mouse Button BUTTON1
		Release Mouse Button BUTTON1

ExecutedAction [12]: 
 @Action ConcreteID = ACbj9zk6801671292004 AbstractID = AAbj9zk6801671292004
 ConcreteID CUSTOM = ConcreteID CUSTOM not available AbstractID CUSTOM = AA1e53al6811169504548
 @State ConcreteID = SCmijbtc114c2038153084 AbstractID = SR1b0fj1v109e4177109004
 ConcreteID CUSTOM = SCf97h0911552846538305 AbstractID CUSTOM = SA1eswy1x115d2396949041

	ROLE = LeftClickAt
	TARGET =
		WIDGET = WCk5myv61b2015160918, WR1h6ibpb92248851252, WTzj707vb935461581, WPyo48hg17494111517
		ROLE = UIAButton
		TITLE = OK
		SHAPE = Rect [x:823.0 y:547.0 w:92.0 h:25.0]
		CHILDREN = 0
		PATH = [0, 0, 3, 0]
	DESCRIPTION = Left Click at 'OK'
	TEXT = Compound Action =
		Move mouse to (869.0, 559.5).
		Press Mouse Button BUTTON1
		Release Mouse Button BUTTON1

ExecutedAction [13]: 
 @Action ConcreteID = ACtph8t1e01862116840 AbstractID = AA1eid6jxd51982883175
 ConcreteID CUSTOM = ConcreteID CUSTOM not available AbstractID CUSTOM = AA6b4fa7d73674304852
 @State ConcreteID = SCaoxj7l1082813684846 AbstractID = SRmdtt45fb62957041874
 ConcreteID CUSTOM = SC1k2krvk106f2611269206 AbstractID CUSTOM = SA1pzoxb2105d1589145780

	ROLE = ClickTypeInto
	TARGET =
		WIDGET = WC1k2aw9o521316742037, WR4n9zi27465102038, WTz7jvoc1b3071340257, WP8fl7vu4e640451947
		ROLE = UIAText
		TITLE = Go through tutorials
		SHAPE = Rect [x:974.0 y:435.0 w:106.0 h:46.0]
		CHILDREN = 0
		PATH = [0, 0, 0, 1, 2, 0, 0, 0, 0, 0, 0, 0, 0, 0, 0, 1, 2]
	DESCRIPTION = Type '1E2' into 'Go through tutorials
	TEXT = Compound Action =
		Compound Action =
		Move mouse to (1027.0, 458.0).
		Press Mouse Button BUTTON1
		Release Mouse Button BUTTON1
		Press Key 17
		Press Key 65
		Release Key 65
		Release Key 17
		Type text '1E2'

ExecutedAction [14]: 
 @Action ConcreteID = AC16ccvyi801446766953 AbstractID = AA16ccvyi801446766953
 ConcreteID CUSTOM = ConcreteID CUSTOM not available AbstractID CUSTOM = AA1l5ztrn80968113091
 @State ConcreteID = SC1nzb03c6932080640726 AbstractID = SRyzxocb63c1965901889
 ConcreteID CUSTOM = SCvdnk3v6871627309274 AbstractID CUSTOM = SA1p5d1g36863880159266

	ROLE = LeftClickAt
	TARGET =
		WIDGET = WCvyyr997c864863261, WR1ca707tc1438424989, WT8kejwo472118479407, WP1ruj1hn781507455759
		ROLE = UIAHyperLink
		TITLE = Read the EGit User Guide 
Learn about using Git in Eclipse
		SHAPE = Rect [x:277.0 y:818.0 w:380.0 h:100.0]
		CHILDREN = 3
		PATH = [0, 0, 0, 0, 2, 0, 0, 0, 0, 0, 0, 0, 0, 0, 0, 10]
	DESCRIPTION = Left Click at 'Read the EGit User Guide 
Learn about using Git in Eclipse'
	TEXT = Compound Action =
		Move mouse to (467.0, 868.0).
		Press Mouse Button BUTTON1
		Release Mouse Button BUTTON1

ExecutedAction [15]: 
 @Action ConcreteID = ACc8ndwn80523789079 AbstractID = AAc8ndwn80523789079
 ConcreteID CUSTOM = ConcreteID CUSTOM not available AbstractID CUSTOM = AAr2abps801891086781
 @State ConcreteID = SC1nzb03c6932080640726 AbstractID = SRyzxocb63c1965901889
 ConcreteID CUSTOM = SCvdnk3v6871627309274 AbstractID CUSTOM = SA1p5d1g36863880159266

	ROLE = LeftClickAt
	TARGET =
		WIDGET = WC1s7087g201459384978, WR17v7k2nb1067391859, WT1omh7n413746922249, WP2hrom21c3522112309
		ROLE = UIAMenuItem
		TITLE = Navigate
		SHAPE = Rect [x:230.0 y:187.0 w:61.0 h:19.0]
		CHILDREN = 0
		PATH = [0, 4, 2]
	DESCRIPTION = Left Click at 'Navigate'
	TEXT = Compound Action =
		Move mouse to (260.5, 196.5).
		Press Mouse Button BUTTON1
		Release Mouse Button BUTTON1

ExecutedAction [16]: 
 @Action ConcreteID = ACjri0jfed3560746979 AbstractID = AA1yyv3hmd41411320484
 ConcreteID CUSTOM = ConcreteID CUSTOM not available AbstractID CUSTOM = AA1j8g1h5d52859498174
 @State ConcreteID = SCef372sa2d4246514366 AbstractID = SR1h2kigi9a72810095027
 ConcreteID CUSTOM = SC12yiq5da25430789902 AbstractID CUSTOM = SA1u5sl5ma2e1711703849

	ROLE = ClickTypeInto
	TARGET =
		WIDGET = WC18nzad2443941022018, WR4n9zi27465102038, WT5yn0g0d3724454907, WP1xs8b5w403260345196
		ROLE = UIAText
		TITLE = Scope:
		SHAPE = Rect [x:389.0 y:136.0 w:35.0 h:16.0]
		CHILDREN = 0
		PATH = [1, 0, 0, 0, 0, 0, 0, 0, 0, 0, 0, 0, 0, 0, 3, 0, 0]
	DESCRIPTION = Type '<foo val=“bar” /...' into 'Scope:
	TEXT = Compound Action =
		Compound Action =
		Move mouse to (406.5, 144.0).
		Press Mouse Button BUTTON1
		Release Mouse Button BUTTON1
		Press Key 17
		Press Key 65
		Release Key 65
		Release Key 17
		Type text '<foo val=“bar” />'

ExecutedAction [17]: 
 @Action ConcreteID = ACt9kmip803287928991 AbstractID = AAt9kmip803287928991
 ConcreteID CUSTOM = ConcreteID CUSTOM not available AbstractID CUSTOM = AA1exyk2f804066801459
 @State ConcreteID = SCfo06ko19f03530981840 AbstractID = SRblgtm518581957111553
 ConcreteID CUSTOM = SCro77s419d52759103997 AbstractID CUSTOM = SApwnjrh19eb4072461404

	ROLE = LeftClickAt
	TARGET =
		WIDGET = WC1mdtbh91c3233749309, WR1h6ibpb92248851252, WT1h6ibpb92248851252, WP1s2mjvv1870006916
		ROLE = UIAButton
		TITLE = 
		SHAPE = Rect [x:169.0 y:217.0 w:23.0 h:22.0]
		CHILDREN = 0
		PATH = [0, 2, 0, 0, 0]
	DESCRIPTION = Left Click at ''
	TEXT = Compound Action =
		Move mouse to (180.5, 228.0).
		Press Mouse Button BUTTON1
		Release Mouse Button BUTTON1

ExecutedAction [18]: 
 @Action ConcreteID = AC13gerk781374430768 AbstractID = AA13gerk781374430768
 ConcreteID CUSTOM = ConcreteID CUSTOM not available AbstractID CUSTOM = AA10s6gdt813665607843
 @State ConcreteID = SCtr8v9y19ef1576903868 AbstractID = SRblgtm518581957111553
 ConcreteID CUSTOM = SC1yup1is19d52464390766 AbstractID CUSTOM = SApwnjrh19eb4072461404

	ROLE = LeftClickAt
	TARGET =
		WIDGET = WC6b0gpd36358011896, WRceq816b3820106996, WTceq816b3820106996, WPv5y4f3324037585322
		ROLE = UIADataItem
		TITLE = 
		SHAPE = Rect [x:982.0 y:303.0 w:70.0 h:34.0]
		CHILDREN = 1
		PATH = [1, 0, 0, 0, 0, 0, 0, 0, 0, 3, 0, 0, 1]
	DESCRIPTION = Left Click at ''
	TEXT = Compound Action =
		Move mouse to (1017.0, 320.0).
		Press Mouse Button BUTTON1
		Release Mouse Button BUTTON1

ExecutedAction [19]: 
 @Action ConcreteID = AC1d8pv0raf2662020320 AbstractID = AA1d8pv0raf2662020320
 ConcreteID CUSTOM = ConcreteID CUSTOM not available AbstractID CUSTOM = AAy28jkvae4158931175
 @State ConcreteID = SC1rw5sv1171d1609626553 AbstractID = SRu1201r15a92123104715
 ConcreteID CUSTOM = SCjantr817144223868710 AbstractID CUSTOM = SAbhhkhq17191691463702

	ROLE = LeftDrag
	DESCRIPTION = Drag (1688.0, 227.0) To (1688.0, 373.07142857142856)
	TEXT = Compound Action =
		Move mouse to (1688.0, 227.0).
		Press Mouse Button BUTTON1
		Move mouse to (1688.0, 373.07142857142856).
		Release Mouse Button BUTTON1

ExecutedAction [20]: 
 @Action ConcreteID = ACftlpnn81415001760 AbstractID = AAftlpnn81415001760
 ConcreteID CUSTOM = ConcreteID CUSTOM not available AbstractID CUSTOM = AA1u3y6fo80504991931
 @State ConcreteID = SC1im9dm4151f1212736317 AbstractID = SR1sgdna513da1674300249
 ConcreteID CUSTOM = SC3abrtw15181511084183 AbstractID CUSTOM = SAvlx6em150e2453277210

	ROLE = LeftClickAt
	TARGET =
		WIDGET = WCvqtscr472419050031, WRceq816b3820106996, WT13m1tno131391978401, WPgsx071431449079819
		ROLE = UIADataItem
		TITLE = Contents
		SHAPE = Rect [x:112.0 y:953.0 w:116.0 h:21.0]
		CHILDREN = 1
		PATH = [1, 0, 0, 0, 0, 0, 0, 0, 1, 0, 0, 0, 1, 0, 0, 0]
	DESCRIPTION = Left Click at 'Contents'
	TEXT = Compound Action =
		Move mouse to (170.0, 963.5).
		Press Mouse Button BUTTON1
		Release Mouse Button BUTTON1

ExecutedAction [21]: 
 @Action ConcreteID = AC1n6mk6i802427984718 AbstractID = AA1n6mk6i802427984718
 ConcreteID CUSTOM = ConcreteID CUSTOM not available AbstractID CUSTOM = AAyxt3k7803767732157
 @State ConcreteID = SC1q7yty2151f674981514 AbstractID = SR1sgdna513da1674300249
 ConcreteID CUSTOM = SC9v7mxa1517692672744 AbstractID CUSTOM = SAvlx6em150e2453277210

	ROLE = LeftClickAt
	TARGET =
		WIDGET = WC1om8leb702334706051, WR5quxi6b4097176690, WT1y4pxe2c4013979520, WP1oi0s056c2899700253
		ROLE = UIATreeItem
		TITLE = Oomph P2 Management Documentation
		SHAPE = Rect [x:130.0 y:305.0 w:251.0 h:19.0]
		CHILDREN = 2
		PATH = [1, 0, 0, 0, 0, 0, 0, 0, 1, 0, 0, 0, 0, 0, 0, 0, 1, 0, 0, 0, 13]
	DESCRIPTION = Left Click at 'Oomph P2 Management Documentation'
	TEXT = Compound Action =
		Move mouse to (255.5, 314.5).
		Press Mouse Button BUTTON1
		Release Mouse Button BUTTON1

ExecutedAction [22]: 
 @Action ConcreteID = AC102xtwf81178100108 AbstractID = AA102xtwf81178100108
 ConcreteID CUSTOM = ConcreteID CUSTOM not available AbstractID CUSTOM = AA1aiwhwf812634331056
 @State ConcreteID = SC1ycqj9r18434211566810 AbstractID = SR81foyi16d625416434
 ConcreteID CUSTOM = SCwolmio184b2744057625 AbstractID CUSTOM = SA1saov5618302795750832

	ROLE = LeftClickAt
	TARGET =
		WIDGET = WC167k51z401132306142, WRceq816b3820106996, WTceq816b3820106996, WP19z93dx3c543690280
		ROLE = UIADataItem
		TITLE = 
		SHAPE = Rect [x:592.0 y:342.0 w:22.0 h:19.0]
		CHILDREN = 2
		PATH = [1, 0, 0, 0, 0, 0, 0, 0, 1, 0, 1, 0, 1, 0, 2, 10]
	DESCRIPTION = Left Click at ''
	TEXT = Compound Action =
		Move mouse to (603.0, 351.5).
		Press Mouse Button BUTTON1
		Release Mouse Button BUTTON1

ExecutedAction [23]: 
 @Action ConcreteID = ACz0fks8801824345551 AbstractID = AAz0fks8801824345551
 ConcreteID CUSTOM = ConcreteID CUSTOM not available AbstractID CUSTOM = AA10jg7xr813955481740
 @State ConcreteID = SC16toyrq1845940666937 AbstractID = SR81foyi16d625416434
 ConcreteID CUSTOM = SC8u3z1f184b4170228294 AbstractID CUSTOM = SA1saov5618302795750832

	ROLE = LeftClickAt
	TARGET =
		WIDGET = WC167k55f40655449050, WRceq816b3820106996, WTceq816b3820106996, WP19z93hd3c1141164844
		ROLE = UIADataItem
		TITLE = 
		SHAPE = Rect [x:639.0 y:363.0 w:159.0 h:18.0]
		CHILDREN = 1
		PATH = [1, 0, 0, 0, 0, 0, 0, 0, 1, 0, 1, 0, 1, 0, 2, 14]
	DESCRIPTION = Left Click at ''
	TEXT = Compound Action =
		Move mouse to (718.5, 372.0).
		Press Mouse Button BUTTON1
		Release Mouse Button BUTTON1

ExecutedAction [24]: 
 @Action ConcreteID = ACzkwjtr802107123313 AbstractID = AAzkwjtr802107123313
 ConcreteID CUSTOM = ConcreteID CUSTOM not available AbstractID CUSTOM = AA113x6za814209424178
 @State ConcreteID = SC16toyrq1845940666937 AbstractID = SR81foyi16d625416434
 ConcreteID CUSTOM = SC8u3z1f184b4170228294 AbstractID CUSTOM = SA1saov5618302795750832

	ROLE = LeftClickAt
	TARGET =
		WIDGET = WCjox2183f4191969983, WRceq816b3820106996, WTceq816b3820106996, WP14fol4u3b3927985570
		ROLE = UIADataItem
		TITLE = 
		SHAPE = Rect [x:616.0 y:322.0 w:21.0 h:18.0]
		CHILDREN = 2
		PATH = [1, 0, 0, 0, 0, 0, 0, 0, 1, 0, 1, 0, 1, 0, 2, 8]
	DESCRIPTION = Left Click at ''
	TEXT = Compound Action =
		Move mouse to (626.5, 331.0).
		Press Mouse Button BUTTON1
		Release Mouse Button BUTTON1

ExecutedAction [25]: 
 @Action ConcreteID = AC1ok6yqm802342865414 AbstractID = AA1ok6yqm802342865414
 ConcreteID CUSTOM = ConcreteID CUSTOM not available AbstractID CUSTOM = AA1q37lw581215735109
 @State ConcreteID = SC16toyrq1845940666937 AbstractID = SR81foyi16d625416434
 ConcreteID CUSTOM = SC8u3z1f184b4170228294 AbstractID CUSTOM = SA1saov5618302795750832

	ROLE = LeftClickAt
	TARGET =
		WIDGET = WCvqtscr472419050031, WRceq816b3820106996, WT13m1tno131391978401, WPgsx071431449079819
		ROLE = UIADataItem
		TITLE = Contents
		SHAPE = Rect [x:112.0 y:953.0 w:116.0 h:21.0]
		CHILDREN = 1
		PATH = [1, 0, 0, 0, 0, 0, 0, 0, 1, 0, 0, 0, 1, 0, 0, 0]
	DESCRIPTION = Left Click at 'Contents'
	TEXT = Compound Action =
		Move mouse to (170.0, 963.5).
		Press Mouse Button BUTTON1
		Release Mouse Button BUTTON1

ExecutedAction [26]: 
 @Action ConcreteID = ACpkg1b0811098327665 AbstractID = AApkg1b0811098327665
 ConcreteID CUSTOM = ConcreteID CUSTOM not available AbstractID CUSTOM = AA1i0l803811551106931
 @State ConcreteID = SC1r3ywl018453948652911 AbstractID = SR81foyi16d625416434
 ConcreteID CUSTOM = SCa7z9o9184a2946783837 AbstractID CUSTOM = SA1saov5618302795750832

	ROLE = LeftClickAt
	TARGET =
		WIDGET = WCow2yz1683215277242, WR5quxi6b4097176690, WT1hkm7um243358160840, WP1b51m2n641918415424
		ROLE = UIATreeItem
		TITLE = Oomph Setup Documentation
		SHAPE = Rect [x:130.0 y:325.0 w:191.0 h:19.0]
		CHILDREN = 2
		PATH = [1, 0, 0, 0, 0, 0, 0, 0, 1, 0, 0, 0, 0, 0, 0, 0, 1, 0, 0, 0, 15]
	DESCRIPTION = Left Click at 'Oomph Setup Documentation'
	TEXT = Compound Action =
		Move mouse to (225.5, 334.5).
		Press Mouse Button BUTTON1
		Release Mouse Button BUTTON1

ExecutedAction [27]: 
 @Action ConcreteID = AC1o7toj2fe155435119 AbstractID = AAk7xg5ud52645756381
 ConcreteID CUSTOM = ConcreteID CUSTOM not available AbstractID CUSTOM = AA5a83tyd51559795624
 @State ConcreteID = SC1p4i04t291e836780744 AbstractID = SR89ew6l26642445676907
 ConcreteID CUSTOM = SCqoj97529063518954400 AbstractID CUSTOM = SA1g1yhsv28d9536356806

	ROLE = ClickTypeInto
	TARGET =
		WIDGET = WCw1kwui4a2818715977, WR4n9zi27465102038, WT12qvd04f1943084006, WP10kipw846982150455
		ROLE = UIAText
		TITLE = Projects
		SHAPE = Rect [x:690.0 y:436.0 w:48.0 h:15.0]
		CHILDREN = 0
		PATH = [1, 0, 0, 0, 0, 0, 0, 0, 1, 0, 1, 0, 1, 0, 4, 33, 0, 0]
	DESCRIPTION = Type '"><script>alert(...' into 'Projects
	TEXT = Compound Action =
		Compound Action =
		Move mouse to (714.0, 443.5).
		Press Mouse Button BUTTON1
		Release Mouse Button BUTTON1
		Press Key 17
		Press Key 65
		Release Key 65
		Release Key 17
		Type text '"><script>alert(123);</script x="'

ExecutedAction [28]: 
 @Action ConcreteID = AC1k4gdr7f152934335 AbstractID = AA1k4gdr7f152934335
 ConcreteID CUSTOM = ConcreteID CUSTOM not available AbstractID CUSTOM = AAp5c23k81138120110
 @State ConcreteID = SCqzcbp422bc398604236 AbstractID = SR1wfopus2065508877284
 ConcreteID CUSTOM = SC1bvcxgx22b43625645830 AbstractID CUSTOM = SA1or8w0822b11159148039

	ROLE = LeftClickAt
	TARGET =
		WIDGET = WCg8wsn46744136796, WR1ca707tc1438424989, WT1t5u3z3123271931671, WPg431fd421836089647
		ROLE = UIAHyperLink
		TITLE = Scope:
		SHAPE = Rect [x:374.0 y:136.0 w:50.0 h:16.0]
		CHILDREN = 1
		PATH = [1, 0, 0, 0, 0, 0, 0, 0, 0, 0, 0, 0, 0, 0, 3, 0]
	DESCRIPTION = Left Click at 'Scope:'
	TEXT = Compound Action =
		Move mouse to (399.0, 144.0).
		Press Mouse Button BUTTON1
		Release Mouse Button BUTTON1

ExecutedAction [29]: 
 @Action ConcreteID = AC1d9gyol8032073953 AbstractID = AA1d9gyol8032073953
 ConcreteID CUSTOM = ConcreteID CUSTOM not available AbstractID CUSTOM = AAoxwc618087270859
 @State ConcreteID = SC12q5mog258d322280147 AbstractID = SRcyeo7m23141541275979
 ConcreteID CUSTOM = SC1tvlmdd25863638860425 AbstractID CUSTOM = SAw4i2im25882249762104

	ROLE = LeftClickAt
	TARGET =
		WIDGET = WCxe465t30975115107, WRceq816b3820106996, WTceq816b3820106996, WP9zzchr2c307964939
		ROLE = UIADataItem
		TITLE = 
		SHAPE = Rect [x:754.0 y:267.0 w:70.0 h:34.0]
		CHILDREN = 1
		PATH = [1, 0, 0, 0, 0, 0, 0, 0, 0, 2, 0]
	DESCRIPTION = Left Click at ''
	TEXT = Compound Action =
		Move mouse to (789.0, 284.0).
		Press Mouse Button BUTTON1
		Release Mouse Button BUTTON1

ExecutedAction [30]: 
 @Action ConcreteID = ACbu1m9j811204805712 AbstractID = AAbu1m9j811204805712
 ConcreteID CUSTOM = ConcreteID CUSTOM not available AbstractID CUSTOM = AA1q58inn81244386098
 @State ConcreteID = SC16y259m2a643010023881 AbstractID = SR157366i27a072619325
 ConcreteID CUSTOM = SCv465fb2a6f1012641977 AbstractID CUSTOM = SA15mpy2c2a6a3719475249

	ROLE = LeftClickAt
	TARGET =
		WIDGET = WC1dbcr711b1873034447, WR17v7k2nb1067391859, WTdgwhpoe4144656729, WP1a283f173212671413
		ROLE = UIAMenuItem
		TITLE = Run
		SHAPE = Rect [x:391.0 y:187.0 w:35.0 h:19.0]
		CHILDREN = 0
		PATH = [0, 4, 5]
	DESCRIPTION = Left Click at 'Run'
	TEXT = Compound Action =
		Move mouse to (408.5, 196.5).
		Press Mouse Button BUTTON1
		Release Mouse Button BUTTON1

ExecutedAction [31]: 
 @Action ConcreteID = AC18id938812211103742 AbstractID = AA18id938812211103742
 ConcreteID CUSTOM = ConcreteID CUSTOM not available AbstractID CUSTOM = AAnsg3i8813398707868
 @State ConcreteID = SC16y259m2a643010023881 AbstractID = SR157366i27a072619325
 ConcreteID CUSTOM = SCv465fb2a6f1012641977 AbstractID CUSTOM = SA15mpy2c2a6a3719475249

	ROLE = LeftClickAt
	TARGET =
		WIDGET = WC11a12ak3c3025648221, WR1h6ibpb92248851252, WTzj707vb935461581, WP1fe0tuy382407592574
		ROLE = UIAButton
		TITLE = OK
		SHAPE = Rect [x:922.0 y:499.0 w:60.0 h:24.0]
		CHILDREN = 0
		PATH = [1, 0, 0, 0, 0, 0, 0, 0, 0, 0, 2, 0, 0, 0, 0]
	DESCRIPTION = Left Click at 'OK'
	TEXT = Compound Action =
		Move mouse to (952.0, 511.0).
		Press Mouse Button BUTTON1
		Release Mouse Button BUTTON1

ExecutedAction [32]: 
 @Action ConcreteID = AC14hi96g801710816025 AbstractID = AA14hi96g801710816025
 ConcreteID CUSTOM = ConcreteID CUSTOM not available AbstractID CUSTOM = AA1iwsptm823443196407
 @State ConcreteID = SCpe3du62ad3153208083 AbstractID = SRqqgcxn27ff1191759722
 ConcreteID CUSTOM = SC1lah6nk2ad02120588712 AbstractID CUSTOM = SA1vh3s9n2ad91032555794

	ROLE = LeftClickAt
	TARGET =
		WIDGET = WCyb3dzo291330020497, WR1h6ibpb92248851252, WT12d24ma103820558564, WP1xswzmq25518458394
		ROLE = UIAButton
		TITLE = Magnify
		SHAPE = Rect [x:1071.0 y:209.0 w:23.0 h:22.0]
		CHILDREN = 0
		PATH = [0, 0, 0, 0, 0, 0, 4]
	DESCRIPTION = Left Click at 'Magnify'
	TEXT = Compound Action =
		Move mouse to (1082.5, 220.0).
		Press Mouse Button BUTTON1
		Release Mouse Button BUTTON1

ExecutedAction [33]: 
 @Action ConcreteID = AC1ewj5t77f1377642565 AbstractID = AA1ewj5t77f1377642565
 ConcreteID CUSTOM = ConcreteID CUSTOM not available AbstractID CUSTOM = AAyk3s9814130903016
 @State ConcreteID = SCpe3du62ad3153208083 AbstractID = SRqqgcxn27ff1191759722
 ConcreteID CUSTOM = SC1lah6nk2ad02120588712 AbstractID CUSTOM = SA1vh3s9n2ad91032555794

	ROLE = LeftClickAt
	TARGET =
		WIDGET = WCdg0id01c1198951367, WR17v7k2nb1067391859, WT1qe6brdf138512687, WP1hx95qa183605955422
		ROLE = UIAMenuItem
		TITLE = Edit
		SHAPE = Rect [x:196.0 y:187.0 w:34.0 h:19.0]
		CHILDREN = 0
		PATH = [0, 4, 1]
	DESCRIPTION = Left Click at 'Edit'
	TEXT = Compound Action =
		Move mouse to (213.0, 196.5).
		Press Mouse Button BUTTON1
		Release Mouse Button BUTTON1

ExecutedAction [34]: 
 @Action ConcreteID = ACdtmfsl801126081023 AbstractID = AAdtmfsl801126081023
 ConcreteID CUSTOM = ConcreteID CUSTOM not available AbstractID CUSTOM = AAs8wwfr823957152529
 @State ConcreteID = SCpe3du62ad3153208083 AbstractID = SRqqgcxn27ff1191759722
 ConcreteID CUSTOM = SC1lah6nk2ad02120588712 AbstractID CUSTOM = SA1vh3s9n2ad91032555794

	ROLE = LeftClickAt
	TARGET =
		WIDGET = WC1f4ql1v26155695143, WR1h6ibpb92248851252, WT16sth3j102102970308, WPk9cepx223826019943
		ROLE = UIAButton
		TITLE = Restore
		SHAPE = Rect [x:1140.0 y:209.0 w:23.0 h:22.0]
		CHILDREN = 0
		PATH = [0, 0, 0, 0, 1, 1]
	DESCRIPTION = Left Click at 'Restore'
	TEXT = Compound Action =
		Move mouse to (1151.5, 220.0).
		Press Mouse Button BUTTON1
		Release Mouse Button BUTTON1

ExecutedAction [35]: 
 @Action ConcreteID = AC12iralq7f4164127816 AbstractID = AA12iralq7f4164127816
 ConcreteID CUSTOM = ConcreteID CUSTOM not available AbstractID CUSTOM = AA1nlwajw811544959973
 @State ConcreteID = SCpe3du62ad3153208083 AbstractID = SRqqgcxn27ff1191759722
 ConcreteID CUSTOM = SC1lah6nk2ad02120588712 AbstractID CUSTOM = SA1vh3s9n2ad91032555794

	ROLE = LeftClickAt
	TARGET =
		WIDGET = WC1s7087g201459384978, WR17v7k2nb1067391859, WT1omh7n413746922249, WP2hrom21c3522112309
		ROLE = UIAMenuItem
		TITLE = Navigate
		SHAPE = Rect [x:230.0 y:187.0 w:61.0 h:19.0]
		CHILDREN = 0
		PATH = [0, 4, 2]
	DESCRIPTION = Left Click at 'Navigate'
	TEXT = Compound Action =
		Move mouse to (260.5, 196.5).
		Press Mouse Button BUTTON1
		Release Mouse Button BUTTON1

ExecutedAction [36]: 
 @Action ConcreteID = AC14hi96g801710816025 AbstractID = AA14hi96g801710816025
 ConcreteID CUSTOM = ConcreteID CUSTOM not available AbstractID CUSTOM = AA1iwsptm823443196407
 @State ConcreteID = SCpe3du62ad3153208083 AbstractID = SRqqgcxn27ff1191759722
 ConcreteID CUSTOM = SC1lah6nk2ad02120588712 AbstractID CUSTOM = SA1vh3s9n2ad91032555794

	ROLE = LeftClickAt
	TARGET =
		WIDGET = WCyb3dzo291330020497, WR1h6ibpb92248851252, WT12d24ma103820558564, WP1xswzmq25518458394
		ROLE = UIAButton
		TITLE = Magnify
		SHAPE = Rect [x:1071.0 y:209.0 w:23.0 h:22.0]
		CHILDREN = 0
		PATH = [0, 0, 0, 0, 0, 0, 4]
	DESCRIPTION = Left Click at 'Magnify'
	TEXT = Compound Action =
		Move mouse to (1082.5, 220.0).
		Press Mouse Button BUTTON1
		Release Mouse Button BUTTON1

ExecutedAction [37]: 
 @Action ConcreteID = ACbiliso7f2981560410 AbstractID = AAbiliso7f2981560410
 ConcreteID CUSTOM = ConcreteID CUSTOM not available AbstractID CUSTOM = AAwlqiqu81361937911
 @State ConcreteID = SCpe3du62ad3153208083 AbstractID = SRqqgcxn27ff1191759722
 ConcreteID CUSTOM = SC1lah6nk2ad02120588712 AbstractID CUSTOM = SA1vh3s9n2ad91032555794

	ROLE = LeftClickAt
	TARGET =
		WIDGET = WC1t2g1mo1f1835652190, WR17v7k2nb1067391859, WT1q6069m122944502186, WP1rt5moe1b1331662022
		ROLE = UIAMenuItem
		TITLE = Project
		SHAPE = Rect [x:340.0 y:187.0 w:51.0 h:19.0]
		CHILDREN = 0
		PATH = [0, 4, 4]
	DESCRIPTION = Left Click at 'Project'
	TEXT = Compound Action =
		Move mouse to (365.5, 196.5).
		Press Mouse Button BUTTON1
		Release Mouse Button BUTTON1

ExecutedAction [38]: 
 @Action ConcreteID = AC158aits802178741663 AbstractID = AA158aits802178741663
 ConcreteID CUSTOM = ConcreteID CUSTOM not available AbstractID CUSTOM = AA1jnkzgy82689901425
 @State ConcreteID = SCpe3du62ad3153208083 AbstractID = SRqqgcxn27ff1191759722
 ConcreteID CUSTOM = SC1lah6nk2ad02120588712 AbstractID CUSTOM = SA1vh3s9n2ad91032555794

	ROLE = LeftClickAt
	TARGET =
		WIDGET = WC1ebuvjo3d3876332986, WR1h6ibpb92248851252, WT1yizx39243861562581, WP1xgr7uq392204122645
		ROLE = UIAButton
		TITLE = Navigate to previous topic 
		SHAPE = Rect [x:1002.0 y:209.0 w:23.0 h:22.0]
		CHILDREN = 0
		PATH = [0, 0, 0, 0, 0, 0, 1]
	DESCRIPTION = Left Click at 'Navigate to previous topic '
	TEXT = Compound Action =
		Move mouse to (1013.5, 220.0).
		Press Mouse Button BUTTON1
		Release Mouse Button BUTTON1

ExecutedAction [39]: 
 @Action ConcreteID = ACi0wdph802030848092 AbstractID = AAi0wdph802030848092
 ConcreteID CUSTOM = ConcreteID CUSTOM not available AbstractID CUSTOM = AAwg6ucn823520049842
 @State ConcreteID = SCpe3du62ad3153208083 AbstractID = SRqqgcxn27ff1191759722
 ConcreteID CUSTOM = SC1lah6nk2ad02120588712 AbstractID CUSTOM = SA1vh3s9n2ad91032555794

	ROLE = LeftClickAt
	TARGET =
		WIDGET = WC11jcpum1e355643511, WR1h6ibpb92248851252, WTzj707vb935461581, WP12ttkmk1a3356947484
		ROLE = UIAButton
		TITLE = OK
		SHAPE = Rect [x:1123.0 y:658.0 w:75.0 h:23.0]
		CHILDREN = 0
		PATH = [1, 0, 0, 0, 0]
	DESCRIPTION = Left Click at 'OK'
	TEXT = Compound Action =
		Move mouse to (1160.5, 669.5).
		Press Mouse Button BUTTON1
		Release Mouse Button BUTTON1

ExecutedAction [40]: 
 @Action ConcreteID = AC1sw42pl812079802970 AbstractID = AA1sw42pl812079802970
 ConcreteID CUSTOM = ConcreteID CUSTOM not available AbstractID CUSTOM = AAmq34vo801747956861
 @State ConcreteID = SC15b4kr72a511779242394 AbstractID = SR1jmmzcj278c1599657070
 ConcreteID CUSTOM = SC16aivm42a5b3542916103 AbstractID CUSTOM = SAr7fq132a571274194674

	ROLE = LeftClickAt
	TARGET =
		WIDGET = WC12n6ahs4a2397372998, WR88rmk0b1934231702, WT1ud556g1f2888278030, WPqoakmm463072782468
		ROLE = UIACheckBox
		TITLE = Workbench User Guide
		SHAPE = Rect [x:773.0 y:99.0 w:13.0 h:13.0]
		CHILDREN = 0
		PATH = [1, 0, 0, 0, 0, 0, 0, 0, 0, 0, 1, 1, 1]
	DESCRIPTION = Left Click at 'Workbench User Guide'
	TEXT = Compound Action =
		Move mouse to (779.5, 105.5).
		Press Mouse Button BUTTON1
		Release Mouse Button BUTTON1

ExecutedAction [41]: 
 @Action ConcreteID = ACt8m7xy813087276544 AbstractID = AAt8m7xy813087276544
 ConcreteID CUSTOM = ConcreteID CUSTOM not available AbstractID CUSTOM = AA1m3pc35802883381287
 @State ConcreteID = SC15b4kr72a511779242394 AbstractID = SR1jmmzcj278c1599657070
 ConcreteID CUSTOM = SC16aivm42a5b3542916103 AbstractID CUSTOM = SAr7fq132a571274194674

	ROLE = LeftClickAt
	TARGET =
		WIDGET = WC13r363d581860889807, WR88rmk0b1934231702, WT5d7quo2c3797308665, WPa6uayz542328783914
		ROLE = UIACheckBox
		TITLE = Oomph P2 Management Documentation
		SHAPE = Rect [x:773.0 y:195.0 w:13.0 h:13.0]
		CHILDREN = 0
		PATH = [1, 0, 0, 0, 0, 0, 0, 0, 0, 0, 1, 1, 19]
	DESCRIPTION = Left Click at 'Oomph P2 Management Documentation'
	TEXT = Compound Action =
		Move mouse to (779.5, 201.5).
		Press Mouse Button BUTTON1
		Release Mouse Button BUTTON1

ExecutedAction [42]: 
 @Action ConcreteID = AC1q8r3xa814191196570 AbstractID = AA1q8r3xa814191196570
 ConcreteID CUSTOM = ConcreteID CUSTOM not available AbstractID CUSTOM = AAk2q63d803926419389
 @State ConcreteID = SC15b4kr72a511779242394 AbstractID = SR1jmmzcj278c1599657070
 ConcreteID CUSTOM = SC16aivm42a5b3542916103 AbstractID CUSTOM = SAr7fq132a571274194674

	ROLE = LeftClickAt
	TARGET =
		WIDGET = WC1s7087g201459384978, WR17v7k2nb1067391859, WT1omh7n413746922249, WP2hrom21c3522112309
		ROLE = UIAMenuItem
		TITLE = Navigate
		SHAPE = Rect [x:230.0 y:187.0 w:61.0 h:19.0]
		CHILDREN = 0
		PATH = [0, 4, 2]
	DESCRIPTION = Left Click at 'Navigate'
	TEXT = Compound Action =
		Move mouse to (260.5, 196.5).
		Press Mouse Button BUTTON1
		Release Mouse Button BUTTON1

ExecutedAction [43]: 
 @Action ConcreteID = AC1q8r3xa814191196570 AbstractID = AA1q8r3xa814191196570
 ConcreteID CUSTOM = ConcreteID CUSTOM not available AbstractID CUSTOM = AAk2q63d803926419389
 @State ConcreteID = SC15b4kr72a511779242394 AbstractID = SR1jmmzcj278c1599657070
 ConcreteID CUSTOM = SC16aivm42a5b3542916103 AbstractID CUSTOM = SAr7fq132a571274194674

	ROLE = LeftClickAt
	TARGET =
		WIDGET = WC1s7087g201459384978, WR17v7k2nb1067391859, WT1omh7n413746922249, WP2hrom21c3522112309
		ROLE = UIAMenuItem
		TITLE = Navigate
		SHAPE = Rect [x:230.0 y:187.0 w:61.0 h:19.0]
		CHILDREN = 0
		PATH = [0, 4, 2]
	DESCRIPTION = Left Click at 'Navigate'
	TEXT = Compound Action =
		Move mouse to (260.5, 196.5).
		Press Mouse Button BUTTON1
		Release Mouse Button BUTTON1

ExecutedAction [44]: 
 @Action ConcreteID = ACy13qfm812640293841 AbstractID = AAy13qfm812640293841
 ConcreteID CUSTOM = ConcreteID CUSTOM not available AbstractID CUSTOM = AA1qw6ukt802391236086
 @State ConcreteID = SC15b4kr72a511779242394 AbstractID = SR1jmmzcj278c1599657070
 ConcreteID CUSTOM = SC16aivm42a5b3542916103 AbstractID CUSTOM = SAr7fq132a571274194674

	ROLE = LeftClickAt
	TARGET =
		WIDGET = WC1a0mbiv553090586123, WR88rmk0b1934231702, WT1ab1uo5292526268818, WP1hcxhhl51622191018
		ROLE = UIACheckBox
		TITLE = Eclipse Marketplace User Guide
		SHAPE = Rect [x:773.0 y:147.0 w:13.0 h:13.0]
		CHILDREN = 0
		PATH = [1, 0, 0, 0, 0, 0, 0, 0, 0, 0, 1, 1, 10]
	DESCRIPTION = Left Click at 'Eclipse Marketplace User Guide'
	TEXT = Compound Action =
		Move mouse to (779.5, 153.5).
		Press Mouse Button BUTTON1
		Release Mouse Button BUTTON1

ExecutedAction [45]: 
 @Action ConcreteID = AC3lex5n811409167767 AbstractID = AA3lex5n811409167767
 ConcreteID CUSTOM = ConcreteID CUSTOM not available AbstractID CUSTOM = AAwgi1au801076282288
 @State ConcreteID = SC15b4kr72a511779242394 AbstractID = SR1jmmzcj278c1599657070
 ConcreteID CUSTOM = SC16aivm42a5b3542916103 AbstractID CUSTOM = SAr7fq132a571274194674

	ROLE = LeftClickAt
	TARGET =
		WIDGET = WCdg0id01c1198951367, WR17v7k2nb1067391859, WT1qe6brdf138512687, WP1hx95qa183605955422
		ROLE = UIAMenuItem
		TITLE = Edit
		SHAPE = Rect [x:196.0 y:187.0 w:34.0 h:19.0]
		CHILDREN = 0
		PATH = [0, 4, 1]
	DESCRIPTION = Left Click at 'Edit'
	TEXT = Compound Action =
		Move mouse to (213.0, 196.5).
		Press Mouse Button BUTTON1
		Release Mouse Button BUTTON1

ExecutedAction [46]: 
 @Action ConcreteID = AChu8rvq81896917570 AbstractID = AAhu8rvq81896917570
 ConcreteID CUSTOM = ConcreteID CUSTOM not available AbstractID CUSTOM = AA1apbw0x80648876645
 @State ConcreteID = SC15b4kr72a511779242394 AbstractID = SR1jmmzcj278c1599657070
 ConcreteID CUSTOM = SC16aivm42a5b3542916103 AbstractID CUSTOM = SAr7fq132a571274194674

	ROLE = LeftClickAt
	TARGET =
		WIDGET = WC1mdtbh91c3233749309, WR1h6ibpb92248851252, WT1h6ibpb92248851252, WP1s2mjvv1870006916
		ROLE = UIAButton
		TITLE = 
		SHAPE = Rect [x:169.0 y:217.0 w:23.0 h:22.0]
		CHILDREN = 0
		PATH = [0, 2, 0, 0, 0]
	DESCRIPTION = Left Click at ''
	TEXT = Compound Action =
		Move mouse to (180.5, 228.0).
		Press Mouse Button BUTTON1
		Release Mouse Button BUTTON1

ExecutedAction [47]: 
 @Action ConcreteID = AC1lasmgl801108478376 AbstractID = AA1lasmgl801108478376
 ConcreteID CUSTOM = ConcreteID CUSTOM not available AbstractID CUSTOM = AAwc6zup7f833218975
 @State ConcreteID = SC18kofxj2a503016314252 AbstractID = SR1jmmzcj278c1599657070
 ConcreteID CUSTOM = SCh3ep4s2a5b2737732984 AbstractID CUSTOM = SAr7fq132a571274194674

	ROLE = LeftClickAt
	TARGET =
		WIDGET = WC9saoj233593185961, WRceq816b3820106996, WTceq816b3820106996, WP4q9qn42f1290828204
		ROLE = UIADataItem
		TITLE = 
		SHAPE = Rect [x:744.0 y:52.0 w:320.0 h:22.0]
		CHILDREN = 1
		PATH = [1, 0, 0, 0, 0, 0, 0, 0, 0, 0, 0, 1]
	DESCRIPTION = Left Click at ''
	TEXT = Compound Action =
		Move mouse to (904.0, 63.0).
		Press Mouse Button BUTTON1
		Release Mouse Button BUTTON1

ExecutedAction [48]: 
 @Action ConcreteID = ACmen7wh811261931664 AbstractID = AAmen7wh811261931664
 ConcreteID CUSTOM = ConcreteID CUSTOM not available AbstractID CUSTOM = AA1oq2bh8140461810
 @State ConcreteID = SC16y259m2a643010023881 AbstractID = SR157366i27a072619325
 ConcreteID CUSTOM = SCv465fb2a6f1012641977 AbstractID CUSTOM = SA15mpy2c2a6a3719475249

	ROLE = LeftClickAt
	TARGET =
		WIDGET = WC1t2g1mo1f1835652190, WR17v7k2nb1067391859, WT1q6069m122944502186, WP1rt5moe1b1331662022
		ROLE = UIAMenuItem
		TITLE = Project
		SHAPE = Rect [x:340.0 y:187.0 w:51.0 h:19.0]
		CHILDREN = 0
		PATH = [0, 4, 4]
	DESCRIPTION = Left Click at 'Project'
	TEXT = Compound Action =
		Move mouse to (365.5, 196.5).
		Press Mouse Button BUTTON1
		Release Mouse Button BUTTON1

ExecutedAction [49]: 
 @Action ConcreteID = ACps3dni811668434872 AbstractID = AAps3dni811668434872
 ConcreteID CUSTOM = ConcreteID CUSTOM not available AbstractID CUSTOM = AA52682i81707568346
 @State ConcreteID = SC16y259m2a643010023881 AbstractID = SR157366i27a072619325
 ConcreteID CUSTOM = SCv465fb2a6f1012641977 AbstractID CUSTOM = SA15mpy2c2a6a3719475249

	ROLE = LeftClickAt
	TARGET =
		WIDGET = WC16qfecw243747004724, WR1k8fo0ra1109144095, WT1s5l66f113026188443, WP11f0rwe20761573110
		ROLE = UIATabItem
		TITLE = Welcome
		SHAPE = Rect [x:199.0 y:208.0 w:100.0 h:24.0]
		CHILDREN = 0
		PATH = [0, 0, 0, 0, 3]
	DESCRIPTION = Left Click at 'Welcome'
	TEXT = Compound Action =
		Move mouse to (249.0, 220.0).
		Press Mouse Button BUTTON1
		Release Mouse Button BUTTON1

ExecutedAction [50]: 
 @Action ConcreteID = AC1tcslsn801026101469 AbstractID = AA1tcslsn801026101469
 ConcreteID CUSTOM = ConcreteID CUSTOM not available AbstractID CUSTOM = AA5422jf80176635707
 @State ConcreteID = SC16y259m2a643010023881 AbstractID = SR157366i27a072619325
 ConcreteID CUSTOM = SCv465fb2a6f1012641977 AbstractID CUSTOM = SA15mpy2c2a6a3719475249

	ROLE = LeftClickAt
	TARGET =
		WIDGET = WC1lfyygi3a2434928510, WRceq816b3820106996, WT1xt4y6k12623943486, WP1orj0pw363514418591
		ROLE = UIADataItem
		TITLE = Topics:
		SHAPE = Rect [x:744.0 y:74.0 w:320.0 h:21.0]
		CHILDREN = 1
		PATH = [1, 0, 0, 0, 0, 0, 0, 0, 0, 0, 1, 0]
	DESCRIPTION = Left Click at 'Topics:'
	TEXT = Compound Action =
		Move mouse to (904.0, 84.5).
		Press Mouse Button BUTTON1
		Release Mouse Button BUTTON1

ExecutedAction [51]: 
 @Action ConcreteID = AC1q8r3xa814191196570 AbstractID = AA1q8r3xa814191196570
 ConcreteID CUSTOM = ConcreteID CUSTOM not available AbstractID CUSTOM = AAk2q63d803926419389
 @State ConcreteID = SC15b4kr72a511779242394 AbstractID = SR1jmmzcj278c1599657070
 ConcreteID CUSTOM = SC16aivm42a5b3542916103 AbstractID CUSTOM = SAr7fq132a571274194674

	ROLE = LeftClickAt
	TARGET =
		WIDGET = WC1s7087g201459384978, WR17v7k2nb1067391859, WT1omh7n413746922249, WP2hrom21c3522112309
		ROLE = UIAMenuItem
		TITLE = Navigate
		SHAPE = Rect [x:230.0 y:187.0 w:61.0 h:19.0]
		CHILDREN = 0
		PATH = [0, 4, 2]
	DESCRIPTION = Left Click at 'Navigate'
	TEXT = Compound Action =
		Move mouse to (260.5, 196.5).
		Press Mouse Button BUTTON1
		Release Mouse Button BUTTON1

ExecutedAction [52]: 
 @Action ConcreteID = ACz8lc48812958301576 AbstractID = AAz8lc48812958301576
 ConcreteID CUSTOM = ConcreteID CUSTOM not available AbstractID CUSTOM = AA1s3og9f802743921583
 @State ConcreteID = SC15b4kr72a511779242394 AbstractID = SR1jmmzcj278c1599657070
 ConcreteID CUSTOM = SC16aivm42a5b3542916103 AbstractID CUSTOM = SAr7fq132a571274194674

	ROLE = LeftClickAt
	TARGET =
		WIDGET = WC1t2g1mo1f1835652190, WR17v7k2nb1067391859, WT1q6069m122944502186, WP1rt5moe1b1331662022
		ROLE = UIAMenuItem
		TITLE = Project
		SHAPE = Rect [x:340.0 y:187.0 w:51.0 h:19.0]
		CHILDREN = 0
		PATH = [0, 4, 4]
	DESCRIPTION = Left Click at 'Project'
	TEXT = Compound Action =
		Move mouse to (365.5, 196.5).
		Press Mouse Button BUTTON1
		Release Mouse Button BUTTON1

ExecutedAction [53]: 
 @Action ConcreteID = ACl4h1p4812428494620 AbstractID = AAl4h1p4812428494620
 ConcreteID CUSTOM = ConcreteID CUSTOM not available AbstractID CUSTOM = AA1dzk5ub802204569915
 @State ConcreteID = SC15b4kr72a511779242394 AbstractID = SR1jmmzcj278c1599657070
 ConcreteID CUSTOM = SC16aivm42a5b3542916103 AbstractID CUSTOM = SAr7fq132a571274194674

	ROLE = LeftClickAt
	TARGET =
		WIDGET = WCoytztb501674055089, WR88rmk0b1934231702, WTrzhv8j253826107851, WPcdlxzx4c2596444421
		ROLE = UIACheckBox
		TITLE = EclEmma Java Code Coverage
		SHAPE = Rect [x:773.0 y:131.0 w:13.0 h:13.0]
		CHILDREN = 0
		PATH = [1, 0, 0, 0, 0, 0, 0, 0, 0, 0, 1, 1, 7]
	DESCRIPTION = Left Click at 'EclEmma Java Code Coverage'
	TEXT = Compound Action =
		Move mouse to (779.5, 137.5).
		Press Mouse Button BUTTON1
		Release Mouse Button BUTTON1

ExecutedAction [54]: 
 @Action ConcreteID = ACt8m7xy813087276544 AbstractID = AAt8m7xy813087276544
 ConcreteID CUSTOM = ConcreteID CUSTOM not available AbstractID CUSTOM = AA1m3pc35802883381287
 @State ConcreteID = SC15b4kr72a511779242394 AbstractID = SR1jmmzcj278c1599657070
 ConcreteID CUSTOM = SC16aivm42a5b3542916103 AbstractID CUSTOM = SAr7fq132a571274194674

	ROLE = LeftClickAt
	TARGET =
		WIDGET = WC13r363d581860889807, WR88rmk0b1934231702, WT5d7quo2c3797308665, WPa6uayz542328783914
		ROLE = UIACheckBox
		TITLE = Oomph P2 Management Documentation
		SHAPE = Rect [x:773.0 y:195.0 w:13.0 h:13.0]
		CHILDREN = 0
		PATH = [1, 0, 0, 0, 0, 0, 0, 0, 0, 0, 1, 1, 19]
	DESCRIPTION = Left Click at 'Oomph P2 Management Documentation'
	TEXT = Compound Action =
		Move mouse to (779.5, 201.5).
		Press Mouse Button BUTTON1
		Release Mouse Button BUTTON1

ExecutedAction [55]: 
 @Action ConcreteID = AC1q8r3xa814191196570 AbstractID = AA1q8r3xa814191196570
 ConcreteID CUSTOM = ConcreteID CUSTOM not available AbstractID CUSTOM = AAk2q63d803926419389
 @State ConcreteID = SC15b4kr72a511779242394 AbstractID = SR1jmmzcj278c1599657070
 ConcreteID CUSTOM = SC16aivm42a5b3542916103 AbstractID CUSTOM = SAr7fq132a571274194674

	ROLE = LeftClickAt
	TARGET =
		WIDGET = WC1s7087g201459384978, WR17v7k2nb1067391859, WT1omh7n413746922249, WP2hrom21c3522112309
		ROLE = UIAMenuItem
		TITLE = Navigate
		SHAPE = Rect [x:230.0 y:187.0 w:61.0 h:19.0]
		CHILDREN = 0
		PATH = [0, 4, 2]
	DESCRIPTION = Left Click at 'Navigate'
	TEXT = Compound Action =
		Move mouse to (260.5, 196.5).
		Press Mouse Button BUTTON1
		Release Mouse Button BUTTON1

ExecutedAction [56]: 
 @Action ConcreteID = AConzqha813165418824 AbstractID = AAonzqha813165418824
 ConcreteID CUSTOM = ConcreteID CUSTOM not available AbstractID CUSTOM = AA1hj2umh802943649647
 @State ConcreteID = SC15b4kr72a511779242394 AbstractID = SR1jmmzcj278c1599657070
 ConcreteID CUSTOM = SC16aivm42a5b3542916103 AbstractID CUSTOM = SAr7fq132a571274194674

	ROLE = LeftClickAt
	TARGET =
		WIDGET = WC1dbcr711b1873034447, WR17v7k2nb1067391859, WTdgwhpoe4144656729, WP1a283f173212671413
		ROLE = UIAMenuItem
		TITLE = Run
		SHAPE = Rect [x:391.0 y:187.0 w:35.0 h:19.0]
		CHILDREN = 0
		PATH = [0, 4, 5]
	DESCRIPTION = Left Click at 'Run'
	TEXT = Compound Action =
		Move mouse to (408.5, 196.5).
		Press Mouse Button BUTTON1
		Release Mouse Button BUTTON1

ExecutedAction [57]: 
 @Action ConcreteID = AC1ol22vd813863650569 AbstractID = AA1ol22vd813863650569
 ConcreteID CUSTOM = ConcreteID CUSTOM not available AbstractID CUSTOM = AAif151g804120007470
 @State ConcreteID = SC15b4kr72a511779242394 AbstractID = SR1jmmzcj278c1599657070
 ConcreteID CUSTOM = SC16aivm42a5b3542916103 AbstractID CUSTOM = SAr7fq132a571274194674

	ROLE = LeftClickAt
	TARGET =
		WIDGET = WC9suh4f33507208985, WRceq816b3820106996, WTceq816b3820106996, WP4qtj8h2f1905283100
		ROLE = UIADataItem
		TITLE = 
		SHAPE = Rect [x:744.0 y:95.0 w:320.0 h:392.0]
		CHILDREN = 24
		PATH = [1, 0, 0, 0, 0, 0, 0, 0, 0, 0, 1, 1]
	DESCRIPTION = Left Click at ''
	TEXT = Compound Action =
		Move mouse to (904.0, 291.0).
		Press Mouse Button BUTTON1
		Release Mouse Button BUTTON1

ExecutedAction [58]: 
 @Action ConcreteID = AC3lex5n811409167767 AbstractID = AA3lex5n811409167767
 ConcreteID CUSTOM = ConcreteID CUSTOM not available AbstractID CUSTOM = AAwgi1au801076282288
 @State ConcreteID = SC15b4kr72a511779242394 AbstractID = SR1jmmzcj278c1599657070
 ConcreteID CUSTOM = SC16aivm42a5b3542916103 AbstractID CUSTOM = SAr7fq132a571274194674

	ROLE = LeftClickAt
	TARGET =
		WIDGET = WCdg0id01c1198951367, WR17v7k2nb1067391859, WT1qe6brdf138512687, WP1hx95qa183605955422
		ROLE = UIAMenuItem
		TITLE = Edit
		SHAPE = Rect [x:196.0 y:187.0 w:34.0 h:19.0]
		CHILDREN = 0
		PATH = [0, 4, 1]
	DESCRIPTION = Left Click at 'Edit'
	TEXT = Compound Action =
		Move mouse to (213.0, 196.5).
		Press Mouse Button BUTTON1
		Release Mouse Button BUTTON1

ExecutedAction [59]: 
 @Action ConcreteID = ACt8m7xy813087276544 AbstractID = AAt8m7xy813087276544
 ConcreteID CUSTOM = ConcreteID CUSTOM not available AbstractID CUSTOM = AA1m3pc35802883381287
 @State ConcreteID = SC15b4kr72a511779242394 AbstractID = SR1jmmzcj278c1599657070
 ConcreteID CUSTOM = SC16aivm42a5b3542916103 AbstractID CUSTOM = SAr7fq132a571274194674

	ROLE = LeftClickAt
	TARGET =
		WIDGET = WC13r363d581860889807, WR88rmk0b1934231702, WT5d7quo2c3797308665, WPa6uayz542328783914
		ROLE = UIACheckBox
		TITLE = Oomph P2 Management Documentation
		SHAPE = Rect [x:773.0 y:195.0 w:13.0 h:13.0]
		CHILDREN = 0
		PATH = [1, 0, 0, 0, 0, 0, 0, 0, 0, 0, 1, 1, 19]
	DESCRIPTION = Left Click at 'Oomph P2 Management Documentation'
	TEXT = Compound Action =
		Move mouse to (779.5, 201.5).
		Press Mouse Button BUTTON1
		Release Mouse Button BUTTON1

ExecutedAction [60]: 
 @Action ConcreteID = AC1pakre9813648536436 AbstractID = AA1pakre9813648536436
 ConcreteID CUSTOM = ConcreteID CUSTOM not available AbstractID CUSTOM = AAj4jtkc803399535955
 @State ConcreteID = SC15b4kr72a511779242394 AbstractID = SR1jmmzcj278c1599657070
 ConcreteID CUSTOM = SC16aivm42a5b3542916103 AbstractID CUSTOM = SAr7fq132a571274194674

	ROLE = LeftClickAt
	TARGET =
		WIDGET = WCmbixhn4a1396997346, WR88rmk0b1934231702, WT43qygv1e1112326468, WPc4c16l462132898544
		ROLE = UIACheckBox
		TITLE = Mylyn Documentation
		SHAPE = Rect [x:773.0 y:179.0 w:13.0 h:13.0]
		CHILDREN = 0
		PATH = [1, 0, 0, 0, 0, 0, 0, 0, 0, 0, 1, 1, 16]
	DESCRIPTION = Left Click at 'Mylyn Documentation'
	TEXT = Compound Action =
		Move mouse to (779.5, 185.5).
		Press Mouse Button BUTTON1
		Release Mouse Button BUTTON1

ExecutedAction [61]: 
 @Action ConcreteID = AC4fkokb813540464756 AbstractID = AA4fkokb813540464756
 ConcreteID CUSTOM = ConcreteID CUSTOM not available AbstractID CUSTOM = AAxanspi803235890771
 @State ConcreteID = SC15b4kr72a511779242394 AbstractID = SR1jmmzcj278c1599657070
 ConcreteID CUSTOM = SC16aivm42a5b3542916103 AbstractID CUSTOM = SAr7fq132a571274194674

	ROLE = LeftClickAt
	TARGET =
		WIDGET = WCxo6dd51e3781355840, WR17v7k2nb1067391859, WTixgq3z113705304648, WP1mqnbef1a3817243629
		ROLE = UIAMenuItem
		TITLE = Window
		SHAPE = Rect [x:426.0 y:187.0 w:58.0 h:19.0]
		CHILDREN = 0
		PATH = [0, 4, 6]
	DESCRIPTION = Left Click at 'Window'
	TEXT = Compound Action =
		Move mouse to (455.0, 196.5).
		Press Mouse Button BUTTON1
		Release Mouse Button BUTTON1

ExecutedAction [62]: 
 @Action ConcreteID = AC1trzkf0802244188295 AbstractID = AA1trzkf0802244188295
 ConcreteID CUSTOM = ConcreteID CUSTOM not available AbstractID CUSTOM = AAwc6zup7f833218975
 @State ConcreteID = SC15b4kr72a511779242394 AbstractID = SR1jmmzcj278c1599657070
 ConcreteID CUSTOM = SC16aivm42a5b3542916103 AbstractID CUSTOM = SAr7fq132a571274194674

	ROLE = LeftClickAt
	TARGET =
		WIDGET = WC9saoj233593185961, WRceq816b3820106996, WTceq816b3820106996, WP4q9qn42f1290828204
		ROLE = UIADataItem
		TITLE = 
		SHAPE = Rect [x:744.0 y:52.0 w:320.0 h:22.0]
		CHILDREN = 1
		PATH = [1, 0, 0, 0, 0, 0, 0, 0, 0, 0, 0, 1]
	DESCRIPTION = Left Click at ''
	TEXT = Compound Action =
		Move mouse to (904.0, 63.0).
		Press Mouse Button BUTTON1
		Release Mouse Button BUTTON1

ExecutedAction [63]: 
 @Action ConcreteID = AC1cgmn6i81572238444 AbstractID = AA1cgmn6i81572238444
 ConcreteID CUSTOM = ConcreteID CUSTOM not available AbstractID CUSTOM = AArqphli811799701262
 @State ConcreteID = SC16y259m2a643010023881 AbstractID = SR157366i27a072619325
 ConcreteID CUSTOM = SCv465fb2a6f1012641977 AbstractID CUSTOM = SA15mpy2c2a6a3719475249

	ROLE = LeftClickAt
	TARGET =
		WIDGET = WCmbixhn4a1396997346, WR88rmk0b1934231702, WT43qygv1e1112326468, WPc4c16l462132898544
		ROLE = UIACheckBox
		TITLE = Mylyn Documentation
		SHAPE = Rect [x:773.0 y:179.0 w:13.0 h:13.0]
		CHILDREN = 0
		PATH = [1, 0, 0, 0, 0, 0, 0, 0, 0, 0, 1, 1, 16]
	DESCRIPTION = Left Click at 'Mylyn Documentation'
	TEXT = Compound Action =
		Move mouse to (779.5, 185.5).
		Press Mouse Button BUTTON1
		Release Mouse Button BUTTON1

ExecutedAction [64]: 
 @Action ConcreteID = AC1lyrfby82594242321 AbstractID = AA1lyrfby82594242321
 ConcreteID CUSTOM = ConcreteID CUSTOM not available AbstractID CUSTOM = AAtbza4j812255619720
 @State ConcreteID = SC15b4kr72a511779242394 AbstractID = SR1jmmzcj278c1599657070
 ConcreteID CUSTOM = SC16aivm42a5b3542916103 AbstractID CUSTOM = SAr7fq132a571274194674

	ROLE = LeftClickAt
	TARGET =
		WIDGET = WCcztlte283429368144, WR1h6ibpb92248851252, WT3nxblxf3009006102, WPwgtkhs243199086401
		ROLE = UIAButton
		TITLE = Reduce
		SHAPE = Rect [x:1048.0 y:209.0 w:23.0 h:22.0]
		CHILDREN = 0
		PATH = [0, 0, 0, 0, 0, 0, 3]
	DESCRIPTION = Left Click at 'Reduce'
	TEXT = Compound Action =
		Move mouse to (1059.5, 220.0).
		Press Mouse Button BUTTON1
		Release Mouse Button BUTTON1

ExecutedAction [65]: 
 @Action ConcreteID = AC1tk7ydk82220507128 AbstractID = AA1tk7ydk82220507128
 ConcreteID CUSTOM = ConcreteID CUSTOM not available AbstractID CUSTOM = AA10xft65812822620769
 @State ConcreteID = SC15b4kr72a511779242394 AbstractID = SR1jmmzcj278c1599657070
 ConcreteID CUSTOM = SC16aivm42a5b3542916103 AbstractID CUSTOM = SAr7fq132a571274194674

	ROLE = LeftClickAt
	TARGET =
		WIDGET = WCyb3dzo291330020497, WR1h6ibpb92248851252, WT12d24ma103820558564, WP1xswzmq25518458394
		ROLE = UIAButton
		TITLE = Magnify
		SHAPE = Rect [x:1071.0 y:209.0 w:23.0 h:22.0]
		CHILDREN = 0
		PATH = [0, 0, 0, 0, 0, 0, 4]
	DESCRIPTION = Left Click at 'Magnify'
	TEXT = Compound Action =
		Move mouse to (1082.5, 220.0).
		Press Mouse Button BUTTON1
		Release Mouse Button BUTTON1

ExecutedAction [66]: 
 @Action ConcreteID = ACz8lc48812958301576 AbstractID = AAz8lc48812958301576
 ConcreteID CUSTOM = ConcreteID CUSTOM not available AbstractID CUSTOM = AA1s3og9f802743921583
 @State ConcreteID = SC15b4kr72a511779242394 AbstractID = SR1jmmzcj278c1599657070
 ConcreteID CUSTOM = SC16aivm42a5b3542916103 AbstractID CUSTOM = SAr7fq132a571274194674

	ROLE = LeftClickAt
	TARGET =
		WIDGET = WC1t2g1mo1f1835652190, WR17v7k2nb1067391859, WT1q6069m122944502186, WP1rt5moe1b1331662022
		ROLE = UIAMenuItem
		TITLE = Project
		SHAPE = Rect [x:340.0 y:187.0 w:51.0 h:19.0]
		CHILDREN = 0
		PATH = [0, 4, 4]
	DESCRIPTION = Left Click at 'Project'
	TEXT = Compound Action =
		Move mouse to (365.5, 196.5).
		Press Mouse Button BUTTON1
		Release Mouse Button BUTTON1

ExecutedAction [67]: 
 @Action ConcreteID = AConzqha813165418824 AbstractID = AAonzqha813165418824
 ConcreteID CUSTOM = ConcreteID CUSTOM not available AbstractID CUSTOM = AA1hj2umh802943649647
 @State ConcreteID = SC15b4kr72a511779242394 AbstractID = SR1jmmzcj278c1599657070
 ConcreteID CUSTOM = SC16aivm42a5b3542916103 AbstractID CUSTOM = SAr7fq132a571274194674

	ROLE = LeftClickAt
	TARGET =
		WIDGET = WC1dbcr711b1873034447, WR17v7k2nb1067391859, WTdgwhpoe4144656729, WP1a283f173212671413
		ROLE = UIAMenuItem
		TITLE = Run
		SHAPE = Rect [x:391.0 y:187.0 w:35.0 h:19.0]
		CHILDREN = 0
		PATH = [0, 4, 5]
	DESCRIPTION = Left Click at 'Run'
	TEXT = Compound Action =
		Move mouse to (408.5, 196.5).
		Press Mouse Button BUTTON1
		Release Mouse Button BUTTON1

ExecutedAction [68]: 
 @Action ConcreteID = AChu8rvq81896917570 AbstractID = AAhu8rvq81896917570
 ConcreteID CUSTOM = ConcreteID CUSTOM not available AbstractID CUSTOM = AA1apbw0x80648876645
 @State ConcreteID = SC15b4kr72a511779242394 AbstractID = SR1jmmzcj278c1599657070
 ConcreteID CUSTOM = SC16aivm42a5b3542916103 AbstractID CUSTOM = SAr7fq132a571274194674

	ROLE = LeftClickAt
	TARGET =
		WIDGET = WC1mdtbh91c3233749309, WR1h6ibpb92248851252, WT1h6ibpb92248851252, WP1s2mjvv1870006916
		ROLE = UIAButton
		TITLE = 
		SHAPE = Rect [x:169.0 y:217.0 w:23.0 h:22.0]
		CHILDREN = 0
		PATH = [0, 2, 0, 0, 0]
	DESCRIPTION = Left Click at ''
	TEXT = Compound Action =
		Move mouse to (180.5, 228.0).
		Press Mouse Button BUTTON1
		Release Mouse Button BUTTON1

ExecutedAction [69]: 
 @Action ConcreteID = AClk1uqd8267363671 AbstractID = AAlk1uqd8267363671
 ConcreteID CUSTOM = ConcreteID CUSTOM not available AbstractID CUSTOM = AA16crw2p81873386656
 @State ConcreteID = SC18kofxj2a503016314252 AbstractID = SR1jmmzcj278c1599657070
 ConcreteID CUSTOM = SCh3ep4s2a5b2737732984 AbstractID CUSTOM = SAr7fq132a571274194674

	ROLE = LeftClickAt
	TARGET =
		WIDGET = WC9nx80a304081922975, WR1h6ibpb92248851252, WT1244hyj173072787002, WPuk90602c1828648700
		ROLE = UIAButton
		TITLE = Customize page
		SHAPE = Rect [x:1094.0 y:209.0 w:23.0 h:22.0]
		CHILDREN = 0
		PATH = [0, 0, 0, 0, 0, 0, 5]
	DESCRIPTION = Left Click at 'Customize page'
	TEXT = Compound Action =
		Move mouse to (1105.5, 220.0).
		Press Mouse Button BUTTON1
		Release Mouse Button BUTTON1

ExecutedAction [70]: 
 @Action ConcreteID = AConzqha813165418824 AbstractID = AAonzqha813165418824
 ConcreteID CUSTOM = ConcreteID CUSTOM not available AbstractID CUSTOM = AA1hj2umh802943649647
 @State ConcreteID = SC15b4kr72a511779242394 AbstractID = SR1jmmzcj278c1599657070
 ConcreteID CUSTOM = SC16aivm42a5b3542916103 AbstractID CUSTOM = SAr7fq132a571274194674

	ROLE = LeftClickAt
	TARGET =
		WIDGET = WC1dbcr711b1873034447, WR17v7k2nb1067391859, WTdgwhpoe4144656729, WP1a283f173212671413
		ROLE = UIAMenuItem
		TITLE = Run
		SHAPE = Rect [x:391.0 y:187.0 w:35.0 h:19.0]
		CHILDREN = 0
		PATH = [0, 4, 5]
	DESCRIPTION = Left Click at 'Run'
	TEXT = Compound Action =
		Move mouse to (408.5, 196.5).
		Press Mouse Button BUTTON1
		Release Mouse Button BUTTON1

ExecutedAction [71]: 
 @Action ConcreteID = AC6rmpgz81659600896 AbstractID = AA6rmpgz81659600896
 ConcreteID CUSTOM = ConcreteID CUSTOM not available AbstractID CUSTOM = AAzmptm680881345575
 @State ConcreteID = SC15b4kr72a511779242394 AbstractID = SR1jmmzcj278c1599657070
 ConcreteID CUSTOM = SC16aivm42a5b3542916103 AbstractID CUSTOM = SAr7fq132a571274194674

	ROLE = LeftClickAt
	TARGET =
		WIDGET = WCvsfrq351586924162, WR88rmk0b1934231702, WTbwhiqi26350111831, WP1lwozmx4d2429404782
		ROLE = UIACheckBox
		TITLE = Java development user guide
		SHAPE = Rect [x:773.0 y:115.0 w:13.0 h:13.0]
		CHILDREN = 0
		PATH = [1, 0, 0, 0, 0, 0, 0, 0, 0, 0, 1, 1, 4]
	DESCRIPTION = Left Click at 'Java development user guide'
	TEXT = Compound Action =
		Move mouse to (779.5, 121.5).
		Press Mouse Button BUTTON1
		Release Mouse Button BUTTON1

ExecutedAction [72]: 
 @Action ConcreteID = AC1tk7ydk82220507128 AbstractID = AA1tk7ydk82220507128
 ConcreteID CUSTOM = ConcreteID CUSTOM not available AbstractID CUSTOM = AA10xft65812822620769
 @State ConcreteID = SC15b4kr72a511779242394 AbstractID = SR1jmmzcj278c1599657070
 ConcreteID CUSTOM = SC16aivm42a5b3542916103 AbstractID CUSTOM = SAr7fq132a571274194674

	ROLE = LeftClickAt
	TARGET =
		WIDGET = WCyb3dzo291330020497, WR1h6ibpb92248851252, WT12d24ma103820558564, WP1xswzmq25518458394
		ROLE = UIAButton
		TITLE = Magnify
		SHAPE = Rect [x:1071.0 y:209.0 w:23.0 h:22.0]
		CHILDREN = 0
		PATH = [0, 0, 0, 0, 0, 0, 4]
	DESCRIPTION = Left Click at 'Magnify'
	TEXT = Compound Action =
		Move mouse to (1082.5, 220.0).
		Press Mouse Button BUTTON1
		Release Mouse Button BUTTON1

ExecutedAction [73]: 
 @Action ConcreteID = AC1cdy2nr812652853940 AbstractID = AA1cdy2nr812652853940
 ConcreteID CUSTOM = ConcreteID CUSTOM not available AbstractID CUSTOM = AA67x4tu802378671251
 @State ConcreteID = SC15b4kr72a511779242394 AbstractID = SR1jmmzcj278c1599657070
 ConcreteID CUSTOM = SC16aivm42a5b3542916103 AbstractID CUSTOM = SAr7fq132a571274194674

	ROLE = LeftClickAt
	TARGET =
		WIDGET = WC1qxlcpy4999119289, WR88rmk0b1934231702, WT1ubj94n1d2337379062, WP7kzzx4453653271956
		ROLE = UIACheckBox
		TITLE = EGit Documentation
		SHAPE = Rect [x:773.0 y:163.0 w:13.0 h:13.0]
		CHILDREN = 0
		PATH = [1, 0, 0, 0, 0, 0, 0, 0, 0, 0, 1, 1, 13]
	DESCRIPTION = Left Click at 'EGit Documentation'
	TEXT = Compound Action =
		Move mouse to (779.5, 169.5).
		Press Mouse Button BUTTON1
		Release Mouse Button BUTTON1

ExecutedAction [74]: 
 @Action ConcreteID = AC1ol22vd813863650569 AbstractID = AA1ol22vd813863650569
 ConcreteID CUSTOM = ConcreteID CUSTOM not available AbstractID CUSTOM = AAif151g804120007470
 @State ConcreteID = SC15b4kr72a511779242394 AbstractID = SR1jmmzcj278c1599657070
 ConcreteID CUSTOM = SC16aivm42a5b3542916103 AbstractID CUSTOM = SAr7fq132a571274194674

	ROLE = LeftClickAt
	TARGET =
		WIDGET = WC9suh4f33507208985, WRceq816b3820106996, WTceq816b3820106996, WP4qtj8h2f1905283100
		ROLE = UIADataItem
		TITLE = 
		SHAPE = Rect [x:744.0 y:95.0 w:320.0 h:392.0]
		CHILDREN = 24
		PATH = [1, 0, 0, 0, 0, 0, 0, 0, 0, 0, 1, 1]
	DESCRIPTION = Left Click at ''
	TEXT = Compound Action =
		Move mouse to (904.0, 291.0).
		Press Mouse Button BUTTON1
		Release Mouse Button BUTTON1

ExecutedAction [75]: 
 @Action ConcreteID = AC1sss5vw8217804437 AbstractID = AA1sss5vw8217804437
 ConcreteID CUSTOM = ConcreteID CUSTOM not available AbstractID CUSTOM = AA10600oh812752954636
 @State ConcreteID = SC15b4kr72a511779242394 AbstractID = SR1jmmzcj278c1599657070
 ConcreteID CUSTOM = SC16aivm42a5b3542916103 AbstractID CUSTOM = SAr7fq132a571274194674

	ROLE = LeftClickAt
	TARGET =
		WIDGET = WCvitk9r401459527076, WR1h6ibpb92248851252, WT1vjbvvdf3603144044, WPy4nm7h3c1058963439
		ROLE = UIAButton
		TITLE = Cancel
		SHAPE = Rect [x:992.0 y:499.0 w:60.0 h:24.0]
		CHILDREN = 0
		PATH = [1, 0, 0, 0, 0, 0, 0, 0, 0, 0, 2, 0, 0, 1, 0]
	DESCRIPTION = Left Click at 'Cancel'
	TEXT = Compound Action =
		Move mouse to (1022.0, 511.0).
		Press Mouse Button BUTTON1
		Release Mouse Button BUTTON1

ExecutedAction [76]: 
 @Action ConcreteID = ACnj6x1e7f948550848 AbstractID = AAnj6x1e7f948550848
 ConcreteID CUSTOM = ConcreteID CUSTOM not available AbstractID CUSTOM = AA1neqxby7f962757446
 @State ConcreteID = SC12q5mog258d322280147 AbstractID = SRcyeo7m23141541275979
 ConcreteID CUSTOM = SC1tvlmdd25863638860425 AbstractID CUSTOM = SAw4i2im25882249762104

	ROLE = LeftClickAt
	TARGET =
		WIDGET = WCxd0kz3301088372739, WRceq816b3820106996, WTceq816b3820106996, WP9yvrb12c1755021163
		ROLE = UIADataItem
		TITLE = 
		SHAPE = Rect [x:754.0 y:36.0 w:300.0 h:19.0]
		CHILDREN = 2
		PATH = [1, 0, 0, 0, 0, 0, 0, 0, 0, 0, 0]
	DESCRIPTION = Left Click at ''
	TEXT = Compound Action =
		Move mouse to (904.0, 45.5).
		Press Mouse Button BUTTON1
		Release Mouse Button BUTTON1

ExecutedAction [77]: 
 @Action ConcreteID = ACow0uxq801981580129 AbstractID = AAow0uxq801981580129
 ConcreteID CUSTOM = ConcreteID CUSTOM not available AbstractID CUSTOM = AAkg8f6801925598795
 @State ConcreteID = SC12q5mog258d322280147 AbstractID = SRcyeo7m23141541275979
 ConcreteID CUSTOM = SC1tvlmdd25863638860425 AbstractID CUSTOM = SAw4i2im25882249762104

	ROLE = LeftClickAt
	TARGET =
		WIDGET = WCxo6dd51e3781355840, WR17v7k2nb1067391859, WTixgq3z113705304648, WP1mqnbef1a3817243629
		ROLE = UIAMenuItem
		TITLE = Window
		SHAPE = Rect [x:426.0 y:187.0 w:58.0 h:19.0]
		CHILDREN = 0
		PATH = [0, 4, 6]
	DESCRIPTION = Left Click at 'Window'
	TEXT = Compound Action =
		Move mouse to (455.0, 196.5).
		Press Mouse Button BUTTON1
		Release Mouse Button BUTTON1

ExecutedAction [78]: 
 @Action ConcreteID = AC1guof3v811309905997 AbstractID = AA1guof3v811309905997
 ConcreteID CUSTOM = ConcreteID CUSTOM not available AbstractID CUSTOM = AA971kvr812511112022
 @State ConcreteID = SC12q5mog258d322280147 AbstractID = SRcyeo7m23141541275979
 ConcreteID CUSTOM = SC1tvlmdd25863638860425 AbstractID CUSTOM = SAw4i2im25882249762104

	ROLE = LeftClickAt
	TARGET =
		WIDGET = WCcztlte283429368144, WR1h6ibpb92248851252, WT3nxblxf3009006102, WPwgtkhs243199086401
		ROLE = UIAButton
		TITLE = Reduce
		SHAPE = Rect [x:1048.0 y:209.0 w:23.0 h:22.0]
		CHILDREN = 0
		PATH = [0, 0, 0, 0, 0, 0, 3]
	DESCRIPTION = Left Click at 'Reduce'
	TEXT = Compound Action =
		Move mouse to (1059.5, 220.0).
		Press Mouse Button BUTTON1
		Release Mouse Button BUTTON1

ExecutedAction [79]: 
 @Action ConcreteID = ACt1l7ni801661978397 AbstractID = AAt1l7ni801661978397
 ConcreteID CUSTOM = ConcreteID CUSTOM not available AbstractID CUSTOM = AA4q0l4y801742015031
 @State ConcreteID = SC12q5mog258d322280147 AbstractID = SRcyeo7m23141541275979
 ConcreteID CUSTOM = SC1tvlmdd25863638860425 AbstractID CUSTOM = SAw4i2im25882249762104

	ROLE = LeftClickAt
	TARGET =
		WIDGET = WCxe9zu31e2309058059, WR88rmk0b1934231702, WT88rmk0b1934231702, WP1s0bdvd1a1597538120
		ROLE = UIACheckBox
		TITLE = 
		SHAPE = Rect [x:169.0 y:239.0 w:23.0 h:22.0]
		CHILDREN = 0
		PATH = [0, 2, 0, 0, 1]
	DESCRIPTION = Left Click at ''
	TEXT = Compound Action =
		Move mouse to (180.5, 250.0).
		Press Mouse Button BUTTON1
		Release Mouse Button BUTTON1

ExecutedAction [80]: 
 @Action ConcreteID = ACl2hbo6804029926127 AbstractID = AAl2hbo6804029926127
 ConcreteID CUSTOM = ConcreteID CUSTOM not available AbstractID CUSTOM = AA1cs56pn7f921587504
 @State ConcreteID = SC15bsfk2258c3534904160 AbstractID = SRcyeo7m23141541275979
 ConcreteID CUSTOM = SC1xg4vxt25863347469869 AbstractID CUSTOM = SAw4i2im25882249762104

	ROLE = LeftClickAt
	TARGET =
		WIDGET = WC191bbxn45439139162, WRa3fnoge3263686876, WT1ugtpza1d1012605992, WP1y7d3ml412345417004
		ROLE = UIARadioButton
		TITLE = Show all topics
		SHAPE = Rect [x:758.0 y:39.0 w:13.0 h:13.0]
		CHILDREN = 0
		PATH = [1, 0, 0, 0, 0, 0, 0, 0, 0, 0, 0, 0]
	DESCRIPTION = Left Click at 'Show all topics'
	TEXT = Compound Action =
		Move mouse to (764.5, 45.5).
		Press Mouse Button BUTTON1
		Release Mouse Button BUTTON1

ExecutedAction [81]: 
 @Action ConcreteID = ACi0jc2c801309022313 AbstractID = AAi0jc2c801309022313
 ConcreteID CUSTOM = ConcreteID CUSTOM not available AbstractID CUSTOM = AA1sq2riw801255986499
 @State ConcreteID = SC12q5mog258d322280147 AbstractID = SRcyeo7m23141541275979
 ConcreteID CUSTOM = SC1tvlmdd25863638860425 AbstractID CUSTOM = SAw4i2im25882249762104

	ROLE = LeftClickAt
	TARGET =
		WIDGET = WC1sthj6l393794252944, WR1h6ibpb92248851252, WTzj707vb935461581, WPxn1ebz35109506712
		ROLE = UIAButton
		TITLE = OK
		SHAPE = Rect [x:917.0 y:308.0 w:60.0 h:24.0]
		CHILDREN = 0
		PATH = [1, 0, 0, 0, 0, 0, 0, 0, 0, 3, 0, 0, 0, 0]
	DESCRIPTION = Left Click at 'OK'
	TEXT = Compound Action =
		Move mouse to (947.0, 320.0).
		Press Mouse Button BUTTON1
		Release Mouse Button BUTTON1

ExecutedAction [82]: 
 @Action ConcreteID = AC15zl52ce51446829137 AbstractID = AA3nauk6d7549212996
 ConcreteID CUSTOM = ConcreteID CUSTOM not available AbstractID CUSTOM = AAhuy08hd7568442557
 @State ConcreteID = SC1v3arz322ba2139612562 AbstractID = SR1wfopus2065508877284
 ConcreteID CUSTOM = SCjku7la22b62551111075 AbstractID CUSTOM = SA1or8w0822b11159148039

	ROLE = ClickTypeInto
	TARGET =
		WIDGET = WCs8uw6x4c576716918, WR4n9zi27465102038, WTdcdt0v172802271135, WP1odmvnr483935606340
		ROLE = UIAText
		TITLE = project resource
		SHAPE = Rect [x:1076.0 y:400.0 w:96.0 h:16.0]
		CHILDREN = 0
		PATH = [1, 0, 0, 0, 0, 0, 0, 0, 1, 0, 1, 0, 1, 0, 31, 0]
	DESCRIPTION = Type '-1#IND' into 'project resource
	TEXT = Compound Action =
		Compound Action =
		Move mouse to (1124.0, 408.0).
		Press Mouse Button BUTTON1
		Release Mouse Button BUTTON1
		Press Key 17
		Press Key 65
		Release Key 65
		Release Key 17
		Type text '-1#IND'

ExecutedAction [83]: 
 @Action ConcreteID = AC1criqk812601991535 AbstractID = AA1criqk812601991535
 ConcreteID CUSTOM = ConcreteID CUSTOM not available AbstractID CUSTOM = AAoc2gb6821542346755
 @State ConcreteID = SC16f6l37204d645880138 AbstractID = SR1t2pi6e1e0a3887049551
 ConcreteID CUSTOM = SCwf8l9l203f3550817514 AbstractID CUSTOM = SA1nz17pt204c3806457872

	ROLE = LeftClickAt
	TARGET =
		WIDGET = WC1f4ql1v26155695143, WR1h6ibpb92248851252, WT16sth3j102102970308, WPk9cepx223826019943
		ROLE = UIAButton
		TITLE = Restore
		SHAPE = Rect [x:1140.0 y:209.0 w:23.0 h:22.0]
		CHILDREN = 0
		PATH = [0, 0, 0, 0, 1, 1]
	DESCRIPTION = Left Click at 'Restore'
	TEXT = Compound Action =
		Move mouse to (1151.5, 220.0).
		Press Mouse Button BUTTON1
		Release Mouse Button BUTTON1

ExecutedAction [84]: 
 @Action ConcreteID = AC1hfus1q802638581210 AbstractID = AA1hfus1q802638581210
 ConcreteID CUSTOM = ConcreteID CUSTOM not available AbstractID CUSTOM = AA1dlkf2g813729542309
 @State ConcreteID = SC16f6l37204d645880138 AbstractID = SR1t2pi6e1e0a3887049551
 ConcreteID CUSTOM = SCwf8l9l203f3550817514 AbstractID CUSTOM = SA1nz17pt204c3806457872

	ROLE = LeftClickAt
	TARGET =
		WIDGET = WC16qfecw243747004724, WR1k8fo0ra1109144095, WT1s5l66f113026188443, WP11f0rwe20761573110
		ROLE = UIATabItem
		TITLE = Welcome
		SHAPE = Rect [x:199.0 y:208.0 w:100.0 h:24.0]
		CHILDREN = 0
		PATH = [0, 0, 0, 0, 3]
	DESCRIPTION = Left Click at 'Welcome'
	TEXT = Compound Action =
		Move mouse to (249.0, 220.0).
		Press Mouse Button BUTTON1
		Release Mouse Button BUTTON1

ExecutedAction [85]: 
 @Action ConcreteID = AC25cnug1112150864275 AbstractID = AAyodnufd51556613942
 ConcreteID CUSTOM = ConcreteID CUSTOM not available AbstractID CUSTOM = AA1dzxwrjd5533586759
 @State ConcreteID = SC1at2yh19372943638175 AbstractID = SR22orls17b32820637684
 ConcreteID CUSTOM = SC1w7fcsn19314245725474 AbstractID CUSTOM = SAh59qei192d4068705448

	ROLE = ClickTypeInto
	TARGET =
		WIDGET = WCe8flgc6b1684433123, WR4n9zi27465102038, WT1vnrbpr252131863845, WP15q18lq67697709870
		ROLE = UIAText
		TITLE = Eclipse Marketplace User Guide
		SHAPE = Rect [x:150.0 y:245.0 w:177.0 h:19.0]
		CHILDREN = 0
		PATH = [1, 0, 0, 0, 0, 0, 0, 0, 1, 0, 0, 0, 0, 0, 0, 0, 1, 0, 0, 0, 7, 1]
	DESCRIPTION = Type '"`'><script>\xE2...' into 'Eclipse Marketplace User Guide
	TEXT = Compound Action =
		Compound Action =
		Move mouse to (238.5, 254.5).
		Press Mouse Button BUTTON1
		Release Mouse Button BUTTON1
		Press Key 17
		Press Key 65
		Release Key 65
		Release Key 17
		Type text '"`'><script>\xE2\x80\x81javascript:alert(1)</script>'

ExecutedAction [86]: 
 @Action ConcreteID = ACzdff0n801783089475 AbstractID = AAzdff0n801783089475
 ConcreteID CUSTOM = ConcreteID CUSTOM not available AbstractID CUSTOM = AA1xani7v80519794827
 @State ConcreteID = SC7no5xi180a3172413410 AbstractID = SR1jb03gy168f2260306381
 ConcreteID CUSTOM = SCz7zvrd17ff1565684029 AbstractID CUSTOM = SAax9aus180e1364529236

	ROLE = LeftClickAt
	TARGET =
		WIDGET = WC104flma644288327814, WR5quxi6b4097176690, WT8giec1a1069257544, WP971ick602185583459
		ROLE = UIATreeItem
		TITLE = Setup Resources
		SHAPE = Rect [x:166.0 y:442.0 w:109.0 h:16.0]
		CHILDREN = 2
		PATH = [1, 0, 0, 0, 0, 0, 0, 0, 1, 0, 0, 0, 0, 0, 0, 0, 1, 0, 0, 0, 16, 3, 3]
	DESCRIPTION = Left Click at 'Setup Resources'
	TEXT = Compound Action =
		Move mouse to (220.5, 450.0).
		Press Mouse Button BUTTON1
		Release Mouse Button BUTTON1

ExecutedAction [87]: 
 @Action ConcreteID = ACae2xzi812655035549 AbstractID = AAae2xzi812655035549
 ConcreteID CUSTOM = ConcreteID CUSTOM not available AbstractID CUSTOM = AA16tmnvu80287246479
 @State ConcreteID = SCdjwdil27ef3594245503 AbstractID = SR7g3riy24ef2969741801
 ConcreteID CUSTOM = SC8brxb227d32463560465 AbstractID CUSTOM = SA9487e27d02780645927

	ROLE = LeftClickAt
	TARGET =
		WIDGET = WCp8f7wk4f1336285952, WR1ca707tc1438424989, WT1ca707tc1438424989, WPv7ryxe4b4086213116
		ROLE = UIAHyperLink
		TITLE = 
		SHAPE = Rect [x:1673.0 y:161.0 w:20.0 h:20.0]
		CHILDREN = 1
		PATH = [1, 0, 0, 0, 0, 0, 0, 0, 1, 0, 1, 0, 0, 0, 0, 0, 1, 0, 0, 7, 0]
	DESCRIPTION = Left Click at ''
	TEXT = Compound Action =
		Move mouse to (1683.0, 171.0).
		Press Mouse Button BUTTON1
		Release Mouse Button BUTTON1

ExecutedAction [88]: 
 @Action ConcreteID = AC160sp2v811219943759 AbstractID = AA160sp2v811219943759
 ConcreteID CUSTOM = ConcreteID CUSTOM not available AbstractID CUSTOM = AAjh0tqa824180633429
 @State ConcreteID = SCli2x471d0f3785416018 AbstractID = SR18ce0s71ad5551719118
 ConcreteID CUSTOM = SCyhyrwe1ce5219789855 AbstractID CUSTOM = SA16a89p21d042206761029

	ROLE = LeftClickAt
	TARGET =
		WIDGET = WC1mg34rn4f3300675018, WR1ca707tc1438424989, WT1ca707tc1438424989, WP1sffvsh4b2023030582
		ROLE = UIAHyperLink
		TITLE = 
		SHAPE = Rect [x:1625.0 y:161.0 w:20.0 h:20.0]
		CHILDREN = 1
		PATH = [1, 0, 0, 0, 0, 0, 0, 0, 1, 0, 0, 0, 0, 0, 0, 0, 1, 0, 0, 5, 0]
	DESCRIPTION = Left Click at ''
	TEXT = Compound Action =
		Move mouse to (1635.0, 171.0).
		Press Mouse Button BUTTON1
		Release Mouse Button BUTTON1

ExecutedAction [89]: 
 @Action ConcreteID = AC190wikl822837377609 AbstractID = AA190wikl822837377609
 ConcreteID CUSTOM = ConcreteID CUSTOM not available AbstractID CUSTOM = AA10dtcwz821171267747
 @State ConcreteID = SC1nh39aj1d384035541616 AbstractID = SR5e9zpu1afc1226841897
 ConcreteID CUSTOM = SC503w4f1d0d3477975070 AbstractID CUSTOM = SA1uhx21o1d2b2121459697

	ROLE = LeftClickAt
	TARGET =
		WIDGET = WCsn8dg14b1731326757, WRceq816b3820106996, WTceq816b3820106996, WP19b5awz472145351301
		ROLE = UIADataItem
		TITLE = 
		SHAPE = Rect [x:1527.0 y:161.0 w:1.0 h:20.0]
		CHILDREN = 0
		PATH = [1, 0, 0, 0, 0, 0, 0, 0, 1, 0, 0, 0, 0, 0, 0, 0, 1, 0, 0, 0]
	DESCRIPTION = Left Click at ''
	TEXT = Compound Action =
		Move mouse to (1527.5, 171.0).
		Press Mouse Button BUTTON1
		Release Mouse Button BUTTON1

ExecutedAction [90]: 
 @Action ConcreteID = ACsh8ljf811998976694 AbstractID = AAsh8ljf811998976694
 ConcreteID CUSTOM = ConcreteID CUSTOM not available AbstractID CUSTOM = AAz5nqfz811243607339
 @State ConcreteID = SC1tddg0n1d392169262998 AbstractID = SR5e9zpu1afc1226841897
 ConcreteID CUSTOM = SC9xtqsu1d0e1655817675 AbstractID CUSTOM = SA1uhx21o1d2b2121459697

	ROLE = LeftClickAt
	TARGET =
		WIDGET = WCviabfx40321504690, WR1ca707tc1438424989, WTsgusdhf2461860176, WPlkle4b3c4168534285
		ROLE = UIAHyperLink
		TITLE = EMF
		SHAPE = Rect [x:935.0 y:264.0 w:28.0 h:15.0]
		CHILDREN = 1
		PATH = [1, 0, 0, 0, 0, 0, 0, 0, 1, 0, 0, 0, 1, 0, 5]
	DESCRIPTION = Left Click at 'EMF'
	TEXT = Compound Action =
		Move mouse to (949.0, 271.5).
		Press Mouse Button BUTTON1
		Release Mouse Button BUTTON1

ExecutedAction [91]: 
 @Action ConcreteID = ACbw5g667f2412001037 AbstractID = AAbw5g667f2412001037
 ConcreteID CUSTOM = ConcreteID CUSTOM not available AbstractID CUSTOM = AA1096zgt803637838434
 @State ConcreteID = SC1hvrkf6e43507092646 AbstractID = SR1bc29khd71540191207
 ConcreteID CUSTOM = SCwswunve372702297379 AbstractID CUSTOM = SA1hmxo5de2e4257068567

	ROLE = LeftClickAt
	TARGET =
		WIDGET = WCyprty463410429643, WR1ca707tc1438424989, WT1t5u3z3123271931671, WPgmjwgo422322409400
		ROLE = UIAHyperLink
		TITLE = Scope:
		SHAPE = Rect [x:374.0 y:136.0 w:50.0 h:16.0]
		CHILDREN = 1
		PATH = [1, 0, 0, 0, 0, 0, 0, 1, 0, 0, 0, 0, 0, 0, 3, 0]
	DESCRIPTION = Left Click at 'Scope:'
	TEXT = Compound Action =
		Move mouse to (399.0, 144.0).
		Press Mouse Button BUTTON1
		Release Mouse Button BUTTON1

ExecutedAction [92]: 
 @Action ConcreteID = AClzznc822688540202 AbstractID = AAlzznc822688540202
 ConcreteID CUSTOM = ConcreteID CUSTOM not available AbstractID CUSTOM = AAp69e4j823014429396
 @State ConcreteID = SC12h9jrl11103505591170 AbstractID = SRsppsc71020857072145
 ConcreteID CUSTOM = SCm45o3e1103971960495 AbstractID CUSTOM = SA1kovpxd110c3887757373

	ROLE = LeftClickAt
	TARGET =
		WIDGET = WCqiehzw3d2476962778, WR1h6ibpb92248851252, WT1vjbvvdf3603144044, WP1xhr66m39332945074
		ROLE = UIAButton
		TITLE = Cancel
		SHAPE = Rect [x:987.0 y:308.0 w:60.0 h:24.0]
		CHILDREN = 0
		PATH = [1, 0, 0, 0, 0, 0, 0, 0, 0, 3, 0, 0, 1, 0]
	DESCRIPTION = Left Click at 'Cancel'
	TEXT = Compound Action =
		Move mouse to (1017.0, 320.0).
		Press Mouse Button BUTTON1
		Release Mouse Button BUTTON1

ExecutedAction [93]: 
 @Action ConcreteID = AC1xrwi2t7f2954973999 AbstractID = AA1xrwi2t7f2954973999
 ConcreteID CUSTOM = ConcreteID CUSTOM not available AbstractID CUSTOM = AAn3tzec803878708800
 @State ConcreteID = SC1hvrkf6e43507092646 AbstractID = SR1bc29khd71540191207
 ConcreteID CUSTOM = SCwswunve372702297379 AbstractID CUSTOM = SA1hmxo5de2e4257068567

	ROLE = LeftClickAt
	TARGET =
		WIDGET = WC1gqkkny511838836390, WR1ca707tc1438424989, WT1ufqnua1d4137291092, WP1v2hs7k4d1837243466
		ROLE = UIAHyperLink
		TITLE = Refresh the page.
		SHAPE = Rect [x:220.0 y:308.0 w:111.0 h:20.0]
		CHILDREN = 1
		PATH = [1, 0, 0, 0, 0, 0, 0, 0, 0, 0, 0, 0, 6, 0, 1, 0]
	DESCRIPTION = Left Click at 'Refresh the page.'
	TEXT = Compound Action =
		Move mouse to (275.5, 318.0).
		Press Mouse Button BUTTON1
		Release Mouse Button BUTTON1

ExecutedAction [94]: 
 @Action ConcreteID = ACbidnxn7e763250825 AbstractID = AAbidnxn7e763250825
 ConcreteID CUSTOM = ConcreteID CUSTOM not available AbstractID CUSTOM = AAn3tzec803878708800
 @State ConcreteID = SCw9ww12e42967579750 AbstractID = SR1bc29khd71540191207
 ConcreteID CUSTOM = SCnq5paje374074409720 AbstractID CUSTOM = SA1hmxo5de2e4257068567

	ROLE = LeftClickAt
	TARGET =
		WIDGET = WCx6vgqw3c3325970068, WRceq816b3820106996, WTceq816b3820106996, WP99mogm384253705433
		ROLE = UIADataItem
		TITLE = 
		SHAPE = Rect [x:219.0 y:307.0 w:113.0 h:22.0]
		CHILDREN = 1
		PATH = [1, 0, 0, 0, 0, 0, 0, 0, 0, 0, 0, 0, 6, 0, 1]
	DESCRIPTION = Left Click at ''
	TEXT = Compound Action =
		Move mouse to (275.5, 318.0).
		Press Mouse Button BUTTON1
		Release Mouse Button BUTTON1

ExecutedAction [95]: 
 @Action ConcreteID = ACgu7j907f2007324005 AbstractID = AAgu7j907f2007324005
 ConcreteID CUSTOM = ConcreteID CUSTOM not available AbstractID CUSTOM = AAl5p4qz812513920351
 @State ConcreteID = SCw9ww12e42967579750 AbstractID = SR1bc29khd71540191207
 ConcreteID CUSTOM = SCnq5paje374074409720 AbstractID CUSTOM = SA1hmxo5de2e4257068567

	ROLE = LeftClickAt
	TARGET =
		WIDGET = WCcztlte283429368144, WR1h6ibpb92248851252, WT3nxblxf3009006102, WPwgtkhs243199086401
		ROLE = UIAButton
		TITLE = Reduce
		SHAPE = Rect [x:1048.0 y:209.0 w:23.0 h:22.0]
		CHILDREN = 0
		PATH = [0, 0, 0, 0, 0, 0, 3]
	DESCRIPTION = Left Click at 'Reduce'
	TEXT = Compound Action =
		Move mouse to (1059.5, 220.0).
		Press Mouse Button BUTTON1
		Release Mouse Button BUTTON1

ExecutedAction [96]: 
 @Action ConcreteID = AC1mmgf0c801817785294 AbstractID = AA1mmgf0c801817785294
 ConcreteID CUSTOM = ConcreteID CUSTOM not available AbstractID CUSTOM = AAwijffx812969787954
 @State ConcreteID = SC1hvrkf6e43507092646 AbstractID = SR1bc29khd71540191207
 ConcreteID CUSTOM = SCwswunve372702297379 AbstractID CUSTOM = SA1hmxo5de2e4257068567

	ROLE = LeftClickAt
	TARGET =
		WIDGET = WC1jnd14e4b3633278021, WRceq816b3820106996, WTceq816b3820106996, WP1a5wm8473227642341
		ROLE = UIADataItem
		TITLE = 
		SHAPE = Rect [x:1551.0 y:161.0 w:24.0 h:20.0]
		CHILDREN = 1
		PATH = [1, 0, 0, 0, 0, 0, 0, 1, 1, 0, 0, 0, 0, 0, 0, 0, 1, 0, 0, 2]
	DESCRIPTION = Left Click at ''
	TEXT = Compound Action =
		Move mouse to (1563.0, 171.0).
		Press Mouse Button BUTTON1
		Release Mouse Button BUTTON1

ExecutedAction [97]: 
 @Action ConcreteID = ACtq3in87f556890774 AbstractID = AAtq3in87f556890774
 ConcreteID CUSTOM = ConcreteID CUSTOM not available AbstractID CUSTOM = AA82htbh802349757467
 @State ConcreteID = SCy5qahne401676343213 AbstractID = SR1bc29khd71540191207
 ConcreteID CUSTOM = SC11ucqqje361845873730 AbstractID CUSTOM = SA1hmxo5de2e4257068567

	ROLE = LeftClickAt
	TARGET =
		WIDGET = WCx6vgq13c3743774677, WRceq816b3820106996, WTceq816b3820106996, WP99mofr383834729880
		ROLE = UIADataItem
		TITLE = 
		SHAPE = Rect [x:194.0 y:307.0 w:23.0 h:22.0]
		CHILDREN = 1
		PATH = [1, 0, 0, 0, 0, 0, 0, 0, 0, 0, 0, 0, 6, 0, 0]
	DESCRIPTION = Left Click at ''
	TEXT = Compound Action =
		Move mouse to (205.5, 318.0).
		Press Mouse Button BUTTON1
		Release Mouse Button BUTTON1

ExecutedAction [98]: 
 @Action ConcreteID = AC1jlux0c802196161228 AbstractID = AA1jlux0c802196161228
 ConcreteID CUSTOM = ConcreteID CUSTOM not available AbstractID CUSTOM = AAthxxfx811606201136
 @State ConcreteID = SC1hvrkf6e43507092646 AbstractID = SR1bc29khd71540191207
 ConcreteID CUSTOM = SCwswunve372702297379 AbstractID CUSTOM = SA1hmxo5de2e4257068567

	ROLE = LeftClickAt
	TARGET =
		WIDGET = WC1ebuvjo3d3876332986, WR1h6ibpb92248851252, WT1yizx39243861562581, WP1xgr7uq392204122645
		ROLE = UIAButton
		TITLE = Navigate to previous topic 
		SHAPE = Rect [x:1002.0 y:209.0 w:23.0 h:22.0]
		CHILDREN = 0
		PATH = [0, 0, 0, 0, 0, 0, 1]
	DESCRIPTION = Left Click at 'Navigate to previous topic '
	TEXT = Compound Action =
		Move mouse to (1013.5, 220.0).
		Press Mouse Button BUTTON1
		Release Mouse Button BUTTON1

ExecutedAction [99]: 
 @Action ConcreteID = AC13atkt6803583710513 AbstractID = AA13atkt6803583710513
 ConcreteID CUSTOM = ConcreteID CUSTOM not available AbstractID CUSTOM = AA167491q80153110347
 @State ConcreteID = SC19cvofte421713969937 AbstractID = SR1bc29khd71540191207
 ConcreteID CUSTOM = SC1y0vc6re37469363017 AbstractID CUSTOM = SA1hmxo5de2e4257068567

	ROLE = LeftClickAt
	TARGET =
		WIDGET = WCxo6dd51e3781355840, WR17v7k2nb1067391859, WTixgq3z113705304648, WP1mqnbef1a3817243629
		ROLE = UIAMenuItem
		TITLE = Window
		SHAPE = Rect [x:426.0 y:187.0 w:58.0 h:19.0]
		CHILDREN = 0
		PATH = [0, 4, 6]
	DESCRIPTION = Left Click at 'Window'
	TEXT = Compound Action =
		Move mouse to (455.0, 196.5).
		Press Mouse Button BUTTON1
		Release Mouse Button BUTTON1

ExecutedAction [100]: 
 @Action ConcreteID = ACyey3uj81544911694 AbstractID = AAyey3uj81544911694
 ConcreteID CUSTOM = ConcreteID CUSTOM not available AbstractID CUSTOM = AA1h70x8n812423689790
 @State ConcreteID = SC19cvofte421713969937 AbstractID = SR1bc29khd71540191207
 ConcreteID CUSTOM = SC1y0vc6re37469363017 AbstractID CUSTOM = SA1hmxo5de2e4257068567

	ROLE = LeftClickAt
	TARGET =
		WIDGET = WC1jnd16z4b2546924162, WRceq816b3820106996, WTceq816b3820106996, WP1a5wot472401271586
		ROLE = UIADataItem
		TITLE = 
		SHAPE = Rect [x:1623.0 y:161.0 w:24.0 h:20.0]
		CHILDREN = 1
		PATH = [1, 0, 0, 0, 0, 0, 0, 1, 1, 0, 0, 0, 0, 0, 0, 0, 1, 0, 0, 5]
	DESCRIPTION = Left Click at ''
	TEXT = Compound Action =
		Move mouse to (1635.0, 171.0).
		Press Mouse Button BUTTON1
		Release Mouse Button BUTTON1

Sequence 1 finished.
Copying generated sequence ("sequence545") to output directory...
Copying classified sequence ("sequence545") to sequences_ok folder...
