Starting sequence 1 (output as: sequence733)

ExecutedAction [1]: 
 @Action ConcreteID = AC1ssqmbw7f2571931926 AbstractID = AA1ssqmbw7f2571931926
 ConcreteID CUSTOM = ConcreteID CUSTOM not available AbstractID CUSTOM = AA9iout68063714168
 @State ConcreteID = SC4cgnyq3b7484622800 AbstractID = SReblvoj39a4110896717
 ConcreteID CUSTOM = SC1j67h203b81652811606 AbstractID CUSTOM = SA6raqf93b64265445569

	ROLE = LeftClickAt
	TARGET =
		WIDGET = WC1qs18f826210102959, WR10fgh33101836453781, WT10fgh33101836453781, WP1bkbbdi221874895209
		ROLE = UIACustomControl
		TITLE = 
		SHAPE = Rect [x:733.0 y:1018.0 w:415.0 h:290.0]
		CHILDREN = 1
		PATH = [0, 2, 0, 0, 3, 0]
	DESCRIPTION = Left Click at ''
	TEXT = Compound Action =
		Move mouse to (940.5, 1163.0).
		Press Mouse Button BUTTON1
		Release Mouse Button BUTTON1

ExecutedAction [2]: 
 @Action ConcreteID = AC18y1n4g7f2553440502 AbstractID = AA18y1n4g7f2553440502
 ConcreteID CUSTOM = ConcreteID CUSTOM not available AbstractID CUSTOM = AA1op3xku8045271704
 @State ConcreteID = SC4cgnyq3b7484622800 AbstractID = SReblvoj39a4110896717
 ConcreteID CUSTOM = SC1j67h203b81652811606 AbstractID CUSTOM = SA6raqf93b64265445569

	ROLE = LeftClickAt
	TARGET =
		WIDGET = WCb8oorh273680451732, WR5quxi6b4097176690, WT5quxi6b4097176690, WP1sol9e7231526208570
		ROLE = UIATreeItem
		TITLE = 
		SHAPE = Rect [x:548.0 y:1170.0 w:163.0 h:22.0]
		CHILDREN = 0
		PATH = [0, 2, 0, 0, 3, 1, 1, 6]
	DESCRIPTION = Left Click at ''
	TEXT = Compound Action =
		Move mouse to (629.5, 1181.0).
		Press Mouse Button BUTTON1
		Release Mouse Button BUTTON1

ExecutedAction [3]: 
 @Action ConcreteID = ACr5i8kl7e781235807 AbstractID = AAr5i8kl7e781235807
 ConcreteID CUSTOM = ConcreteID CUSTOM not available AbstractID CUSTOM = AAyj9ewn7f293695198
 @State ConcreteID = SC4cgnyq3b7484622800 AbstractID = SReblvoj39a4110896717
 ConcreteID CUSTOM = SC1j67h203b81652811606 AbstractID CUSTOM = SA6raqf93b64265445569

	ROLE = LeftClickAt
	TARGET =
		WIDGET = WCig1ffy22236015574, WR17v7k2nb1067391859, WT1e6tvxi153323975668, WP1lxqkho1e3332536470
		ROLE = UIAMenuItem
		TITLE = Help Alt+H
		SHAPE = Rect [x:894.0 y:938.0 w:41.0 h:20.0]
		CHILDREN = 0
		PATH = [0, 1, 7]
	DESCRIPTION = Left Click at 'Help Alt+H'
	TEXT = Compound Action =
		Move mouse to (914.5, 948.0).
		Press Mouse Button BUTTON1
		Release Mouse Button BUTTON1

ExecutedAction [4]: 
 @Action ConcreteID = ACdmivff801109332712 AbstractID = AAdmivff801109332712
 ConcreteID CUSTOM = ConcreteID CUSTOM not available AbstractID CUSTOM = AA1l913o9813446793517
 @State ConcreteID = SCllow654192653139510 AbstractID = SR2ll5qw3fd420470433
 ConcreteID CUSTOM = SCyxj5df41a1660724289 AbstractID CUSTOM = SA1cbtqyt41a4107468174

	ROLE = LeftClickAt
	TARGET =
		WIDGET = WCovm152f2038143892, WR17v7k2nb1067391859, WTgbbkw5253235519671, WPxsdm0r2b813507279
		ROLE = UIAMenuItem
		TITLE = Check for Updates... Alt+U
		SHAPE = Rect [x:897.0 y:983.0 w:211.0 h:22.0]
		CHILDREN = 0
		PATH = [1, 1]
	DESCRIPTION = Left Click at 'Check for Updates... Alt+U'
	TEXT = Compound Action =
		Move mouse to (1002.5, 994.0).
		Press Mouse Button BUTTON1
		Release Mouse Button BUTTON1

ExecutedAction [5]: 
 @Action ConcreteID = AC136cspv812793962509 AbstractID = AA136cspv812793962509
 ConcreteID CUSTOM = ConcreteID CUSTOM not available AbstractID CUSTOM = AA5uafin803402102643
 @State ConcreteID = SC1ujcqn64972739207859 AbstractID = SR83n3404711591075124
 ConcreteID CUSTOM = SC1cayirk4952978325706 AbstractID CUSTOM = SAa863fr4912850293016

	ROLE = LeftClickAt
	TARGET =
		WIDGET = WCb8ooo1273207854480, WR5quxi6b4097176690, WT5quxi6b4097176690, WP1sol9ar231049943358
		ROLE = UIATreeItem
		TITLE = 
		SHAPE = Rect [x:548.0 y:1070.0 w:163.0 h:22.0]
		CHILDREN = 0
		PATH = [0, 2, 0, 0, 3, 1, 1, 2]
	DESCRIPTION = Left Click at ''
	TEXT = Compound Action =
		Move mouse to (629.5, 1081.0).
		Press Mouse Button BUTTON1
		Release Mouse Button BUTTON1

ExecutedAction [6]: 
 @Action ConcreteID = AC1wqxfpm7e4012510237 AbstractID = AA1wqxfpm7e4012510237
 ConcreteID CUSTOM = ConcreteID CUSTOM not available AbstractID CUSTOM = AA1xw4432801823714276
 @State ConcreteID = SCg14tq1494905363100 AbstractID = SRjpl6k24713913648297
 ConcreteID CUSTOM = SC1yn26s7497614656615 AbstractID CUSTOM = SA1r9pqbt49e2622064335

	ROLE = LeftClickAt
	TARGET =
		WIDGET = WCllzyg3203304010166, WR10fgh33101836453781, WT10fgh33101836453781, WP1j0ibyt1c1973059998
		ROLE = UIACustomControl
		TITLE = 
		SHAPE = Rect [x:551.0 y:960.0 w:16.0 h:32.0]
		CHILDREN = 1
		PATH = [1, 2, 1, 0]
	DESCRIPTION = Left Click at ''
	TEXT = Compound Action =
		Move mouse to (559.0, 976.0).
		Press Mouse Button BUTTON1
		Release Mouse Button BUTTON1

ExecutedAction [7]: 
 @Action ConcreteID = AC1o43rrs7f1182094157 AbstractID = AA1o43rrs7f1182094157
 ConcreteID CUSTOM = ConcreteID CUSTOM not available AbstractID CUSTOM = AAb1dxiy802907724474
 @State ConcreteID = SCuuhz3l5201590125675 AbstractID = SRatb7g4f8945316127
 ConcreteID CUSTOM = SC1tqj96f5252158398291 AbstractID CUSTOM = SA1esjakv52c1019932388

	ROLE = LeftClickAt
	TARGET =
		WIDGET = WC1u18v61223645163980, WR17v7k2nb1067391859, WT1y895rf152412617792, WP1yi3q531e3020229017
		ROLE = UIAMenuItem
		TITLE = View Alt+i
		SHAPE = Rect [x:853.0 y:938.0 w:41.0 h:20.0]
		CHILDREN = 0
		PATH = [1, 1, 6]
	DESCRIPTION = Left Click at 'View Alt+i'
	TEXT = Compound Action =
		Move mouse to (873.5, 948.0).
		Press Mouse Button BUTTON1
		Release Mouse Button BUTTON1

ExecutedAction [8]: 
 @Action ConcreteID = AC1tlhzve7f1974905307 AbstractID = AA1tlhzve7f1974905307
 ConcreteID CUSTOM = ConcreteID CUSTOM not available AbstractID CUSTOM = AA1bc4u0801964736926
 @State ConcreteID = SC71asjd625836686627 AbstractID = SRu56wka5fc3684080939
 ConcreteID CUSTOM = SC1521txy62c2269230390 AbstractID CUSTOM = SA1jqyhu6363853713604

	ROLE = LeftClickAt
	TARGET =
		WIDGET = WCe389p0274148562937, WR1h6ibpb92248851252, WTdvnelt111718843361, WP1vfdgna231259317681
		ROLE = UIAButton
		TITLE = Playlist
		SHAPE = Rect [x:548.0 y:996.0 w:51.0 h:22.0]
		CHILDREN = 0
		PATH = [1, 2, 0, 0, 0, 0]
	DESCRIPTION = Left Click at 'Playlist'
	TEXT = Compound Action =
		Move mouse to (573.5, 1007.0).
		Press Mouse Button BUTTON1
		Release Mouse Button BUTTON1

ExecutedAction [9]: 
 @Action ConcreteID = ACgvph6r801742881895 AbstractID = AAgvph6r801742881895
 ConcreteID CUSTOM = ConcreteID CUSTOM not available AbstractID CUSTOM = AA18nnns87e600092600
 @State ConcreteID = SC1f75t4m4f81837169198 AbstractID = SRx8pvdb4d12579003124
 ConcreteID CUSTOM = SC1yjup1j4fe3756679967 AbstractID CUSTOM = SA16f1yze50453917875

	ROLE = LeftClickAt
	TARGET =
		WIDGET = WC1xyhva919412706756, WR1h6ibpb92248851252, WT1h6ibpb92248851252, WP1e2jwk3152942443464
		ROLE = UIAButton
		TITLE = 
		SHAPE = Rect [x:796.0 y:960.0 w:32.0 h:32.0]
		CHILDREN = 0
		PATH = [1, 2, 1, 2]
	DESCRIPTION = Left Click at ''
	TEXT = Compound Action =
		Move mouse to (812.0, 976.0).
		Press Mouse Button BUTTON1
		Release Mouse Button BUTTON1

ExecutedAction [10]: 
 @Action ConcreteID = AC1nt19bq803355723164 AbstractID = AA1nt19bq803355723164
 ConcreteID CUSTOM = ConcreteID CUSTOM not available AbstractID CUSTOM = AA1by3p5f7f1082031421
 @State ConcreteID = SC1ua2n857211901143809 AbstractID = SR11l3z1q6e41935052720
 ConcreteID CUSTOM = SC1gn9d447191146685571 AbstractID CUSTOM = SA3efxsc71f1928914270

	ROLE = LeftClickAt
	TARGET =
		WIDGET = WCi5sv882a1537994154, WR1k8fo0ra1109144095, WT1mhrni7173027994741, WP1hlj7ja26551053540
		ROLE = UIATabItem
		TITLE = Network Alt+N
		SHAPE = Rect [x:718.0 y:935.0 w:84.0 h:24.0]
		CHILDREN = 0
		PATH = [1, 0, 1, 1, 2]
	DESCRIPTION = Left Click at 'Network Alt+N'
	TEXT = Compound Action =
		Move mouse to (760.0, 947.0).
		Press Mouse Button BUTTON1
		Release Mouse Button BUTTON1

ExecutedAction [11]: 
 @Action ConcreteID = AC13ofee3803710187008 AbstractID = AA13ofee3803710187008
 ConcreteID CUSTOM = ConcreteID CUSTOM not available AbstractID CUSTOM = AAuxwsdp7f2538353124
 @State ConcreteID = SC1c5zxq06e73026748146 AbstractID = SR15vfi7u6a52501600446
 ConcreteID CUSTOM = SC1nid4m36de45205350 AbstractID CUSTOM = SAk7zymc6e12927299534

	ROLE = LeftClickAt
	TARGET =
		WIDGET = WCwv28ll311876596302, WR1k8fo0ra1109144095, WT1jhzmel1e4173187679, WPumy85z2d4273322081
		ROLE = UIATabItem
		TITLE = Capture Device Alt+D
		SHAPE = Rect [x:802.0 y:935.0 w:118.0 h:24.0]
		CHILDREN = 0
		PATH = [1, 0, 1, 1, 3]
	DESCRIPTION = Left Click at 'Capture Device Alt+D'
	TEXT = Compound Action =
		Move mouse to (861.0, 947.0).
		Press Mouse Button BUTTON1
		Release Mouse Button BUTTON1

ExecutedAction [12]: 
 @Action ConcreteID = ACqa5m8t80835233515 AbstractID = AAqa5m8t80835233515
 ConcreteID CUSTOM = ConcreteID CUSTOM not available AbstractID CUSTOM = AA1ldmbvg803499807786
 @State ConcreteID = SCyc4wwb7951647472923 AbstractID = SR78vfoc7561780098288
 ConcreteID CUSTOM = SC1kgcijk794608641902 AbstractID CUSTOM = SAmaeh8g7954228338367

	ROLE = LeftClickAt
	TARGET =
		WIDGET = WCmwne5222680154346, WR17v7k2nb1067391859, WT1k6fo9t151127508199, WP8md4841e1396963151
		ROLE = UIAMenuItem
		TITLE = Play Alt+P
		SHAPE = Rect [x:950.0 y:1290.0 w:70.0 h:23.0]
		CHILDREN = 0
		PATH = [1, 0, 2]
	DESCRIPTION = Left Click at 'Play Alt+P'
	TEXT = Compound Action =
		Move mouse to (985.0, 1301.5).
		Press Mouse Button BUTTON1
		Release Mouse Button BUTTON1

ExecutedAction [13]: 
 @Action ConcreteID = ACv3bhe880521374485 AbstractID = AAv3bhe880521374485
 ConcreteID CUSTOM = ConcreteID CUSTOM not available AbstractID CUSTOM = AA16u2ggp7f3855497349
 @State ConcreteID = SC15nrbm750c1387536820 AbstractID = SRwnu8zs4e42700020943
 ConcreteID CUSTOM = SCftc0qa5122221132117 AbstractID CUSTOM = SAppnbq65193587294453

	ROLE = LeftClickAt
	TARGET =
		WIDGET = WC1b9nwi5223267055432, WR17v7k2nb1067391859, WT1e6tvxi153323975668, WPfq8zkr1e168327176
		ROLE = UIAMenuItem
		TITLE = Help Alt+H
		SHAPE = Rect [x:894.0 y:938.0 w:41.0 h:20.0]
		CHILDREN = 0
		PATH = [1, 1, 7]
	DESCRIPTION = Left Click at 'Help Alt+H'
	TEXT = Compound Action =
		Move mouse to (914.5, 948.0).
		Press Mouse Button BUTTON1
		Release Mouse Button BUTTON1

ExecutedAction [14]: 
 @Action ConcreteID = AC1q54447803472154854 AbstractID = AA1q54447803472154854
 ConcreteID CUSTOM = ConcreteID CUSTOM not available AbstractID CUSTOM = AA1srnlnm7e2192834074
 @State ConcreteID = SC1t6b5v356d4286680966 AbstractID = SR6qd9xb5471263588934
 ConcreteID CUSTOM = SCotoooe5753561723422 AbstractID CUSTOM = SAdtzt02580794477876

	ROLE = LeftClickAt
	TARGET =
		WIDGET = WC1xyhvbz191321451586, WR1h6ibpb92248851252, WT1h6ibpb92248851252, WP1e2jwlt154181243982
		ROLE = UIAButton
		TITLE = 
		SHAPE = Rect [x:854.0 y:963.0 w:26.0 h:26.0]
		CHILDREN = 0
		PATH = [1, 2, 1, 4]
	DESCRIPTION = Left Click at ''
	TEXT = Compound Action =
		Move mouse to (867.0, 976.0).
		Press Mouse Button BUTTON1
		Release Mouse Button BUTTON1

ExecutedAction [15]: 
 @Action ConcreteID = AChejw18813990472398 AbstractID = AAhejw18813990472398
 ConcreteID CUSTOM = ConcreteID CUSTOM not available AbstractID CUSTOM = AAqa7tab80489457721
 @State ConcreteID = SC15nrbm750c1387536820 AbstractID = SRwnu8zs4e42700020943
 ConcreteID CUSTOM = SCftc0qa5122221132117 AbstractID CUSTOM = SAppnbq65193587294453

	ROLE = LeftClickAt
	TARGET =
		WIDGET = WC6myq8r211120315013, WR1e04pz3e358922214, WT1e04pz3e358922214, WP1pw9qnd1d883807647
		ROLE = UIASplitButton
		TITLE = 
		SHAPE = Rect [x:865.0 y:996.0 w:23.0 h:22.0]
		CHILDREN = 0
		PATH = [1, 2, 0, 0, 1]
	DESCRIPTION = Left Click at ''
	TEXT = Compound Action =
		Move mouse to (876.5, 1007.0).
		Press Mouse Button BUTTON1
		Release Mouse Button BUTTON1

ExecutedAction [16]: 
 @Action ConcreteID = AC19y364x80150757250 AbstractID = AA19y364x80150757250
 ConcreteID CUSTOM = ConcreteID CUSTOM not available AbstractID CUSTOM = AA1fd0miy7f144363916
 @State ConcreteID = SC1rup08r5873879917181 AbstractID = SRyjw9s95592060485837
 ConcreteID CUSTOM = SC1s9riiq58a4051018547 AbstractID CUSTOM = SAmil2dy5932583867024

	ROLE = LeftClickAt
	TARGET =
		WIDGET = WC1nw5fje232322101861, WR17v7k2nb1067391859, WT12et6eo161830467638, WP1zgomw1f4216371612
		ROLE = UIAMenuItem
		TITLE = Media Alt+M
		SHAPE = Rect [x:548.0 y:938.0 w:49.0 h:20.0]
		CHILDREN = 0
		PATH = [1, 1, 0]
	DESCRIPTION = Left Click at 'Media Alt+M'
	TEXT = Compound Action =
		Move mouse to (572.5, 948.0).
		Press Mouse Button BUTTON1
		Release Mouse Button BUTTON1

ExecutedAction [17]: 
 @Action ConcreteID = ACech71j804179339939 AbstractID = AAech71j804179339939
 ConcreteID CUSTOM = ConcreteID CUSTOM not available AbstractID CUSTOM = AA1g29opi802332363405
 @State ConcreteID = SC1bajs146c9548828039 AbstractID = SR151dqla6982934755260
 ConcreteID CUSTOM = SC1y8ye6l6ce4152434096 AbstractID CUSTOM = SAigintp6d61179059317

	ROLE = LeftClickAt
	TARGET =
		WIDGET = WCvtsb6m271076680256, WR5quxi6b4097176690, WT5quxi6b4097176690, WPe8ktu8233247174382
		ROLE = UIATreeItem
		TITLE = 
		SHAPE = Rect [x:548.0 y:1170.0 w:163.0 h:22.0]
		CHILDREN = 0
		PATH = [1, 2, 0, 0, 3, 1, 1, 6]
	DESCRIPTION = Left Click at ''
	TEXT = Compound Action =
		Move mouse to (629.5, 1181.0).
		Press Mouse Button BUTTON1
		Release Mouse Button BUTTON1

ExecutedAction [18]: 
 @Action ConcreteID = ACeyuvwq812186464713 AbstractID = AAeyuvwq812186464713
 ConcreteID CUSTOM = ConcreteID CUSTOM not available AbstractID CUSTOM = AA19g2mnw804184491987
 @State ConcreteID = SChkdkgy7ab3300648398 AbstractID = SR1aafmw76c1277437073
 ConcreteID CUSTOM = SChn8o367a81884258986 AbstractID CUSTOM = SAzf8wpr7ab236532376

	ROLE = LeftClickAt
	TARGET =
		WIDGET = WCksxrx81d2997141571, WR10fgh33101836453781, WT10fgh33101836453781, WP33ws8a192063007236
		ROLE = UIACustomControl
		TITLE = 
		SHAPE = Rect [x:1441.0 y:891.0 w:478.0 h:278.0]
		CHILDREN = 4
		PATH = [0, 1, 0]
	DESCRIPTION = Left Click at ''
	TEXT = Compound Action =
		Move mouse to (1680.0, 1030.0).
		Press Mouse Button BUTTON1
		Release Mouse Button BUTTON1

ExecutedAction [19]: 
 @Action ConcreteID = ACrcjl9o803104612584 AbstractID = AArcjl9o803104612584
 ConcreteID CUSTOM = ConcreteID CUSTOM not available AbstractID CUSTOM = AAux8czm813078374255
 @State ConcreteID = SC1brzxjn7ac460878936 AbstractID = SRmcn70276c3332526046
 ConcreteID CUSTOM = SCkm7pti7aa1348641719 AbstractID CUSTOM = SA1xocz1z7932127712486

	ROLE = LeftClickAt
	TARGET =
		WIDGET = WCksdzcq1d2531252402, WR10fgh33101836453781, WT10fgh33101836453781, WP33czns191586358005
		ROLE = UIACustomControl
		TITLE = 
		SHAPE = Rect [x:595.0 y:935.0 w:506.0 h:326.0]
		CHILDREN = 2
		PATH = [0, 0, 1]
	DESCRIPTION = Left Click at ''
	TEXT = Compound Action =
		Move mouse to (848.0, 1098.0).
		Press Mouse Button BUTTON1
		Release Mouse Button BUTTON1

ExecutedAction [20]: 
 @Action ConcreteID = AC1tsv5iy811848513807 AbstractID = AA1tsv5iy811848513807
 ConcreteID CUSTOM = ConcreteID CUSTOM not available AbstractID CUSTOM = AAp8yub080353804053
 @State ConcreteID = SChkdkgy7ab3300648398 AbstractID = SR1aafmw76c1277437073
 ConcreteID CUSTOM = SChn8o367a81884258986 AbstractID CUSTOM = SAzf8wpr7ab236532376

	ROLE = LeftClickAt
	TARGET =
		WIDGET = WC1mxw86b25992913429, WR1h6ibpb92248851252, WT179pbei153540817138, WPt2xpsl21946795610
		ROLE = UIAButton
		TITLE = Cancel Alt+C
		SHAPE = Rect [x:1026.0 y:1290.0 w:75.0 h:23.0]
		CHILDREN = 0
		PATH = [1, 0, 4, 0]
	DESCRIPTION = Left Click at 'Cancel Alt+C'
	TEXT = Compound Action =
		Move mouse to (1063.5, 1301.5).
		Press Mouse Button BUTTON1
		Release Mouse Button BUTTON1

ExecutedAction [21]: 
 @Action ConcreteID = ACzakzjp802841967198 AbstractID = AAzakzjp802841967198
 ConcreteID CUSTOM = ConcreteID CUSTOM not available AbstractID CUSTOM = AA14pifxq7f2835510352
 @State ConcreteID = SC1rup08r5873879917181 AbstractID = SRyjw9s95592060485837
 ConcreteID CUSTOM = SC1s9riiq58a4051018547 AbstractID CUSTOM = SAmil2dy5932583867024

	ROLE = LeftClickAt
	TARGET =
		WIDGET = WCoduidp263139729416, WR17v7k2nb1067391859, WTpcm71l192027518401, WP1mem317221967752028
		ROLE = UIAMenuItem
		TITLE = Subtitle Alt+t
		SHAPE = Rect [x:754.0 y:938.0 w:56.0 h:20.0]
		CHILDREN = 0
		PATH = [1, 1, 4]
	DESCRIPTION = Left Click at 'Subtitle Alt+t'
	TEXT = Compound Action =
		Move mouse to (782.0, 948.0).
		Press Mouse Button BUTTON1
		Release Mouse Button BUTTON1

ExecutedAction [22]: 
 @Action ConcreteID = AC1ljyxzv803054300033 AbstractID = AA1ljyxzv803054300033
 ConcreteID CUSTOM = ConcreteID CUSTOM not available AbstractID CUSTOM = AAkdzh8y80764432760
 @State ConcreteID = SC11mzfhm5c21922086818 AbstractID = SR1g2hsro5943410954335
 ConcreteID CUSTOM = SC1yta25i5c61722503133 AbstractID CUSTOM = SA17kc8n05cf2284245740

	ROLE = LeftClickAt
	TARGET =
		WIDGET = WC1h38kn623824896000, WR17v7k2nb1067391859, WT1faw5jq16422026351, WP1skw3801f866962394
		ROLE = UIAMenuItem
		TITLE = Audio Alt+A
		SHAPE = Rect [x:660.0 y:938.0 w:48.0 h:20.0]
		CHILDREN = 0
		PATH = [1, 1, 2]
	DESCRIPTION = Left Click at 'Audio Alt+A'
	TEXT = Compound Action =
		Move mouse to (684.0, 948.0).
		Press Mouse Button BUTTON1
		Release Mouse Button BUTTON1

ExecutedAction [23]: 
 @Action ConcreteID = AC1l0ljb980275632126 AbstractID = AA1l0ljb980275632126
 ConcreteID CUSTOM = ConcreteID CUSTOM not available AbstractID CUSTOM = AA1qfizpa7f269173232
 @State ConcreteID = SC1rup08r5873879917181 AbstractID = SRyjw9s95592060485837
 ConcreteID CUSTOM = SC1s9riiq58a4051018547 AbstractID CUSTOM = SAmil2dy5932583867024

	ROLE = LeftClickAt
	TARGET =
		WIDGET = WC1b9nwi5223267055432, WR17v7k2nb1067391859, WT1e6tvxi153323975668, WPfq8zkr1e168327176
		ROLE = UIAMenuItem
		TITLE = Help Alt+H
		SHAPE = Rect [x:894.0 y:938.0 w:41.0 h:20.0]
		CHILDREN = 0
		PATH = [1, 1, 7]
	DESCRIPTION = Left Click at 'Help Alt+H'
	TEXT = Compound Action =
		Move mouse to (914.5, 948.0).
		Press Mouse Button BUTTON1
		Release Mouse Button BUTTON1

ExecutedAction [24]: 
 @Action ConcreteID = AC9zdpwl812743604463 AbstractID = AA9zdpwl812743604463
 ConcreteID CUSTOM = ConcreteID CUSTOM not available AbstractID CUSTOM = AAlb7fh6804244768485
 @State ConcreteID = SC1vwd5215e82327458001 AbstractID = SR1zcsqa5bc1257654118
 ConcreteID CUSTOM = SCc9w6585ed3599483373 AbstractID CUSTOM = SA1iclyoa5fa974322662

	ROLE = LeftClickAt
	TARGET =
		WIDGET = WC16jvf1e1a1462576483, WR10fgh33101836453781, WT10fgh33101836453781, WP1gv02tw162691256557
		ROLE = UIACustomControl
		TITLE = 
		SHAPE = Rect [x:548.0 y:959.0 w:600.0 h:352.0]
		CHILDREN = 2
		PATH = [1, 2]
	DESCRIPTION = Left Click at ''
	TEXT = Compound Action =
		Move mouse to (848.0, 1135.0).
		Press Mouse Button BUTTON1
		Release Mouse Button BUTTON1

ExecutedAction [25]: 
 @Action ConcreteID = ACupdphw80189415153 AbstractID = AAupdphw80189415153
 ConcreteID CUSTOM = ConcreteID CUSTOM not available AbstractID CUSTOM = AA104b5vx7f187478271
 @State ConcreteID = SC1rup08r5873879917181 AbstractID = SRyjw9s95592060485837
 ConcreteID CUSTOM = SC1s9riiq58a4051018547 AbstractID CUSTOM = SAmil2dy5932583867024

	ROLE = LeftClickAt
	TARGET =
		WIDGET = WC1h38kn623824896000, WR17v7k2nb1067391859, WT1faw5jq16422026351, WP1skw3801f866962394
		ROLE = UIAMenuItem
		TITLE = Audio Alt+A
		SHAPE = Rect [x:660.0 y:938.0 w:48.0 h:20.0]
		CHILDREN = 0
		PATH = [1, 1, 2]
	DESCRIPTION = Left Click at 'Audio Alt+A'
	TEXT = Compound Action =
		Move mouse to (684.0, 948.0).
		Press Mouse Button BUTTON1
		Release Mouse Button BUTTON1

ExecutedAction [26]: 
 @Action ConcreteID = ACs99wi2802347335643 AbstractID = AAs99wi2802347335643
 ConcreteID CUSTOM = ConcreteID CUSTOM not available AbstractID CUSTOM = AA4e77bg7f1228047935
 @State ConcreteID = SC1i1a0426504195346949 AbstractID = SR1bp1c966203875345608
 ConcreteID CUSTOM = SC1lcujhg652599976246 AbstractID CUSTOM = SA1aopjs565e598243786

	ROLE = LeftClickAt
	TARGET =
		WIDGET = WCoduidp263139729416, WR17v7k2nb1067391859, WTpcm71l192027518401, WP1mem317221967752028
		ROLE = UIAMenuItem
		TITLE = Subtitle Alt+t
		SHAPE = Rect [x:754.0 y:938.0 w:56.0 h:20.0]
		CHILDREN = 0
		PATH = [1, 1, 4]
	DESCRIPTION = Left Click at 'Subtitle Alt+t'
	TEXT = Compound Action =
		Move mouse to (782.0, 948.0).
		Press Mouse Button BUTTON1
		Release Mouse Button BUTTON1

ExecutedAction [27]: 
 @Action ConcreteID = ACsxpfz5821900079617 AbstractID = AAsxpfz5821900079617
 ConcreteID CUSTOM = ConcreteID CUSTOM not available AbstractID CUSTOM = AA1b7jy8q813854789070
 @State ConcreteID = SC1rup08r5873879917181 AbstractID = SRyjw9s95592060485837
 ConcreteID CUSTOM = SC1s9riiq58a4051018547 AbstractID CUSTOM = SAmil2dy5932583867024

	ROLE = LeftClickAt
	TARGET =
		WIDGET = WCzt7bi6254286064784, WR1h6ibpb92248851252, WT12vbxhc123571345397, WP1iuw0uk213385979473
		ROLE = UIAButton
		TITLE = Yes Enter
		SHAPE = Rect [x:1754.0 y:1137.0 w:75.0 h:23.0]
		CHILDREN = 0
		PATH = [0, 1, 0, 3, 0]
	DESCRIPTION = Left Click at 'Yes Enter'
	TEXT = Compound Action =
		Move mouse to (1791.5, 1148.5).
		Press Mouse Button BUTTON1
		Release Mouse Button BUTTON1

ExecutedAction [28]: 
 @Action ConcreteID = AC10ph2bz813458690228 AbstractID = AA10ph2bz813458690228
 ConcreteID CUSTOM = ConcreteID CUSTOM not available AbstractID CUSTOM = AAgjwz9b7f1503449291
 @State ConcreteID = SC1cnr4474471870589005 AbstractID = SR7umom54221538703666
 ConcreteID CUSTOM = SCcngtup4443838354915 AbstractID CUSTOM = SAv3cxtg442429532184

	ROLE = LeftClickAt
	TARGET =
		WIDGET = WC1u4f4vh20114762895, WR4na8ob72534219213, WT4na8ob72534219213, WP3ry20r1c3140930486
		ROLE = UIATree
		TITLE = 
		SHAPE = Rect [x:733.0 y:1018.0 w:415.0 h:290.0]
		CHILDREN = 6
		PATH = [0, 2, 0, 0, 3, 0, 1]
	DESCRIPTION = Left Click at ''
	TEXT = Compound Action =
		Move mouse to (940.5, 1163.0).
		Press Mouse Button BUTTON1
		Release Mouse Button BUTTON1

ExecutedAction [29]: 
 @Action ConcreteID = AC5ev52q812097392358 AbstractID = AA5ev52q812097392358
 ConcreteID CUSTOM = ConcreteID CUSTOM not available AbstractID CUSTOM = AA1071b4q7e1655562518
 @State ConcreteID = SC1vb9ebb4f82045833989 AbstractID = SR18xxt2n4d12853070261
 ConcreteID CUSTOM = SC164vshd4fa4029146311 AbstractID CUSTOM = SAs5p86v50459204777

	ROLE = LeftClickAt
	TARGET =
		WIDGET = WCvtsb2b27258818183, WR5quxi6b4097176690, WT5quxi6b4097176690, WPe8ktpx232395628585
		ROLE = UIATreeItem
		TITLE = 
		SHAPE = Rect [x:548.0 y:1044.0 w:163.0 h:26.0]
		CHILDREN = 0
		PATH = [1, 2, 0, 0, 3, 1, 1, 1]
	DESCRIPTION = Left Click at ''
	TEXT = Compound Action =
		Move mouse to (629.5, 1057.0).
		Press Mouse Button BUTTON1
		Release Mouse Button BUTTON1

ExecutedAction [30]: 
 @Action ConcreteID = AC1tylr467f3712923930 AbstractID = AA1tylr467f3712923930
 ConcreteID CUSTOM = ConcreteID CUSTOM not available AbstractID CUSTOM = AAaweqzj7f4133467017
 @State ConcreteID = SCwj1m334a73258514301 AbstractID = SRlink944851041154162
 ConcreteID CUSTOM = SC1sonh5v4ad1646550513 AbstractID CUSTOM = SAfutu554b41596966189

	ROLE = LeftClickAt
	TARGET =
		WIDGET = WC1b9nwi5223267055432, WR17v7k2nb1067391859, WT1e6tvxi153323975668, WPfq8zkr1e168327176
		ROLE = UIAMenuItem
		TITLE = Help Alt+H
		SHAPE = Rect [x:894.0 y:938.0 w:41.0 h:20.0]
		CHILDREN = 0
		PATH = [1, 1, 7]
	DESCRIPTION = Left Click at 'Help Alt+H'
	TEXT = Compound Action =
		Move mouse to (914.5, 948.0).
		Press Mouse Button BUTTON1
		Release Mouse Button BUTTON1

ExecutedAction [31]: 
 @Action ConcreteID = AC1asm2h4811298163123 AbstractID = AA1asm2h4811298163123
 ConcreteID CUSTOM = ConcreteID CUSTOM not available AbstractID CUSTOM = AA194yl1t80461364219
 @State ConcreteID = SC1lgeq1n5093193594964 AbstractID = SR1jsrn6l4e82947981182
 ConcreteID CUSTOM = SC4c68mt5103803448326 AbstractID CUSTOM = SAvu6grp51b3212754946

	ROLE = LeftClickAt
	TARGET =
		WIDGET = WCvtsb2b27258818183, WR5quxi6b4097176690, WT5quxi6b4097176690, WPe8ktpx232395628585
		ROLE = UIATreeItem
		TITLE = 
		SHAPE = Rect [x:548.0 y:1044.0 w:163.0 h:26.0]
		CHILDREN = 0
		PATH = [1, 2, 0, 0, 3, 1, 1, 1]
	DESCRIPTION = Left Click at ''
	TEXT = Compound Action =
		Move mouse to (629.5, 1057.0).
		Press Mouse Button BUTTON1
		Release Mouse Button BUTTON1

ExecutedAction [32]: 
 @Action ConcreteID = ACga7dse801013769186 AbstractID = AAga7dse801013769186
 ConcreteID CUSTOM = ConcreteID CUSTOM not available AbstractID CUSTOM = AA1iiqsqi802668727076
 @State ConcreteID = SCbebrzx4a73832459526 AbstractID = SRlink944851041154162
 ConcreteID CUSTOM = SCked4af4ab457258703 AbstractID CUSTOM = SAfutu554b41596966189

	ROLE = LeftClickAt
	TARGET =
		WIDGET = WCvtsb1g27376861126, WR5quxi6b4097176690, WT5quxi6b4097176690, WPe8ktp2232547078504
		ROLE = UIATreeItem
		TITLE = 
		SHAPE = Rect [x:548.0 y:1018.0 w:163.0 h:26.0]
		CHILDREN = 0
		PATH = [1, 2, 0, 0, 3, 1, 1, 0]
	DESCRIPTION = Left Click at ''
	TEXT = Compound Action =
		Move mouse to (629.5, 1031.0).
		Press Mouse Button BUTTON1
		Release Mouse Button BUTTON1

ExecutedAction [33]: 
 @Action ConcreteID = AC1rokbx0802956307564 AbstractID = AA1rokbx0802956307564
 ConcreteID CUSTOM = ConcreteID CUSTOM not available AbstractID CUSTOM = AAk1fb8x7e646607283
 @State ConcreteID = SCzqflvo4fa1543616420 AbstractID = SR18xxt2n4d12853070261
 ConcreteID CUSTOM = SCydp22m4fa1175132242 AbstractID CUSTOM = SAs5p86v50459204777

	ROLE = LeftClickAt
	TARGET =
		WIDGET = WCvtsb3627608179012, WR5quxi6b4097176690, WT5quxi6b4097176690, WPe8ktqs232783393770
		ROLE = UIATreeItem
		TITLE = 
		SHAPE = Rect [x:548.0 y:1070.0 w:163.0 h:22.0]
		CHILDREN = 0
		PATH = [1, 2, 0, 0, 3, 1, 1, 2]
	DESCRIPTION = Left Click at ''
	TEXT = Compound Action =
		Move mouse to (629.5, 1081.0).
		Press Mouse Button BUTTON1
		Release Mouse Button BUTTON1

ExecutedAction [34]: 
 @Action ConcreteID = AC1n61h0z7f980530586 AbstractID = AA1n61h0z7f980530586
 ConcreteID CUSTOM = ConcreteID CUSTOM not available AbstractID CUSTOM = AA1pgpz3i7e2803817141
 @State ConcreteID = SCyrg9kq4fa845621270 AbstractID = SR18xxt2n4d12853070261
 ConcreteID CUSTOM = SC1t41oqs4f91044117524 AbstractID CUSTOM = SAs5p86v50459204777

	ROLE = LeftClickAt
	TARGET =
		WIDGET = WCe4naw5262334335468, WR10fgh33101836453781, WT10fgh33101836453781, WP1xy1ftj223899025962
		ROLE = UIACustomControl
		TITLE = 
		SHAPE = Rect [x:733.0 y:1018.0 w:415.0 h:290.0]
		CHILDREN = 2
		PATH = [1, 2, 0, 0, 3, 0]
	DESCRIPTION = Left Click at ''
	TEXT = Compound Action =
		Move mouse to (940.5, 1163.0).
		Press Mouse Button BUTTON1
		Release Mouse Button BUTTON1

ExecutedAction [35]: 
 @Action ConcreteID = AC1wx9n5n80642435674 AbstractID = AA1wx9n5n80642435674
 ConcreteID CUSTOM = ConcreteID CUSTOM not available AbstractID CUSTOM = AA15m0zw27e2791318357
 @State ConcreteID = SCv3qgdg4f92156247661 AbstractID = SR18xxt2n4d12853070261
 ConcreteID CUSTOM = SCklustv4fa2022998598 AbstractID CUSTOM = SAs5p86v50459204777

	ROLE = LeftClickAt
	TARGET =
		WIDGET = WCvtsb6m271076680256, WR5quxi6b4097176690, WT5quxi6b4097176690, WPe8ktu8233247174382
		ROLE = UIATreeItem
		TITLE = 
		SHAPE = Rect [x:548.0 y:1170.0 w:163.0 h:22.0]
		CHILDREN = 0
		PATH = [1, 2, 0, 0, 3, 1, 1, 6]
	DESCRIPTION = Left Click at ''
	TEXT = Compound Action =
		Move mouse to (629.5, 1181.0).
		Press Mouse Button BUTTON1
		Release Mouse Button BUTTON1

ExecutedAction [36]: 
 @Action ConcreteID = AC118mzdde14201649 AbstractID = AA1sgan1od4802884542
 ConcreteID CUSTOM = ConcreteID CUSTOM not available AbstractID CUSTOM = AAp8ponwd4797570904
 @State ConcreteID = SC1yhbato4fa2021701 AbstractID = SR18xxt2n4d12853070261
 ConcreteID CUSTOM = SC1ngvhzr4f8771082880 AbstractID CUSTOM = SAs5p86v50459204777

	ROLE = ClickTypeInto
	TARGET =
		WIDGET = WC5ep0ki1a1049852403, WR4n0dlj72701565195, WT4n0dlj72701565195, WP7qxf5c163911446213
		ROLE = UIAEdit
		TITLE = 
		SHAPE = Rect [x:898.0 y:997.0 w:250.0 h:20.0]
		CHILDREN = 0
		PATH = [1, 2, 0, 0, 2]
	DESCRIPTION = Type 'False' into '
	TEXT = Compound Action =
		Compound Action =
		Move mouse to (1023.0, 1007.0).
		Press Mouse Button BUTTON1
		Release Mouse Button BUTTON1
		Press Key 17
		Press Key 65
		Release Key 65
		Release Key 17
		Type text 'False'

ExecutedAction [37]: 
 @Action ConcreteID = ACcg7zej801092910706 AbstractID = AAcg7zej801092910706
 ConcreteID CUSTOM = ConcreteID CUSTOM not available AbstractID CUSTOM = AAz6lp3c803760025250
 @State ConcreteID = SCoirey64bb3524980240 AbstractID = SR6cnme7499345115737
 ConcreteID CUSTOM = SC8wam734c02835650428 AbstractID CUSTOM = SAow63954c91495845580

	ROLE = LeftClickAt
	TARGET =
		WIDGET = WCllg5uq204186904582, WR10fgh33101836453781, WT10fgh33101836453781, WP1izyjdg1c1224386606
		ROLE = UIACustomControl
		TITLE = 
		SHAPE = Rect [x:548.0 y:993.0 w:600.0 h:318.0]
		CHILDREN = 4
		PATH = [1, 2, 0, 0]
	DESCRIPTION = Left Click at ''
	TEXT = Compound Action =
		Move mouse to (848.0, 1152.0).
		Press Mouse Button BUTTON1
		Release Mouse Button BUTTON1

ExecutedAction [38]: 
 @Action ConcreteID = AC1c4cki7f868631044 AbstractID = AA1c4cki7f868631044
 ConcreteID CUSTOM = ConcreteID CUSTOM not available AbstractID CUSTOM = AAcysp5f7f2353376721
 @State ConcreteID = SC7uub7i4bc1669184967 AbstractID = SR6cnme7499345115737
 ConcreteID CUSTOM = SC9th7sy4bf3109841461 AbstractID CUSTOM = SAow63954c91495845580

	ROLE = LeftClickAt
	TARGET =
		WIDGET = WC1u18v61223645163980, WR17v7k2nb1067391859, WT1y895rf152412617792, WP1yi3q531e3020229017
		ROLE = UIAMenuItem
		TITLE = View Alt+i
		SHAPE = Rect [x:853.0 y:938.0 w:41.0 h:20.0]
		CHILDREN = 0
		PATH = [1, 1, 6]
	DESCRIPTION = Left Click at 'View Alt+i'
	TEXT = Compound Action =
		Move mouse to (873.5, 948.0).
		Press Mouse Button BUTTON1
		Release Mouse Button BUTTON1

ExecutedAction [39]: 
 @Action ConcreteID = AC1i1p2ij7f2477446997 AbstractID = AA1i1p2ij7f2477446997
 ConcreteID CUSTOM = ConcreteID CUSTOM not available AbstractID CUSTOM = AA1222u7i7f1920151707
 @State ConcreteID = SCmzh2xk5e92071502157 AbstractID = SRf1o9jm5c4678152232
 ConcreteID CUSTOM = SC1gyfk3w5ee3896946857 AbstractID CUSTOM = SA5x9n4j5fb2844299470

	ROLE = LeftClickAt
	TARGET =
		WIDGET = WCe33zmu242640864942, WR17v7k2nb1067391859, WT1vrindt1a4232552616, WP1w5chaw20842082505
		ROLE = UIAMenuItem
		TITLE = Docked Playlist
		SHAPE = Rect [x:856.0 y:983.0 w:219.0 h:22.0]
		CHILDREN = 0
		PATH = [2, 1]
	DESCRIPTION = Left Click at 'Docked Playlist'
	TEXT = Compound Action =
		Move mouse to (965.5, 994.0).
		Press Mouse Button BUTTON1
		Release Mouse Button BUTTON1

ExecutedAction [40]: 
 @Action ConcreteID = AC1xxcq411af1314474929 AbstractID = AA1up2vd52648621169
 ConcreteID CUSTOM = ConcreteID CUSTOM not available AbstractID CUSTOM = AAolx205d31926757566
 @State ConcreteID = SCqv7lqw5e23175657335 AbstractID = SR1bdc4gg5a63347601475
 ConcreteID CUSTOM = SC1uz4s7q5d01422880013 AbstractID CUSTOM = SAerou735df88204940

	ROLE = ClickTypeInto
	TARGET =
		WIDGET = WC1i2bvi814813271710, WR4n0dlj72701565195, WT4n0dlj72701565195, WPggy2dq104015374143
		ROLE = UIAEdit
		TITLE = 
		SHAPE = Rect [x:1738.0 y:715.0 w:250.0 h:20.0]
		CHILDREN = 1
		PATH = [2, 1, 2]
	DESCRIPTION = Type '????o? ?i?????n?...' into '
	TEXT = Compound Action =
		Compound Action =
		Move mouse to (1863.0, 725.0).
		Press Mouse Button BUTTON1
		Release Mouse Button BUTTON1
		Press Key 17
		Press Key 65
		Release Key 65
		Release Key 17
		Type text '????o? ?i?????n???v?????o????kè??????? ?t???????h???????e?????? ?????h???????i?????v??e?????-m?i?n??????d???????? ?????r???e?p?r?????e????s??????e????????????????t????????i??n?g?? ???c??h?a????o???????s???.????'

ExecutedAction [41]: 
 @Action ConcreteID = AC1elb35o81799082026 AbstractID = AA1elb35o81799082026
 ConcreteID CUSTOM = ConcreteID CUSTOM not available AbstractID CUSTOM = AA1dour817e2847118599
 @State ConcreteID = SC11dvk495e21330669400 AbstractID = SR1bdc4gg5a63347601475
 ConcreteID CUSTOM = SCby3dix5d11851548000 AbstractID CUSTOM = SAerou735df88204940

	ROLE = LeftClickAt
	TARGET =
		WIDGET = WCqyl1r7211095436460, WR5quxi6b4097176690, WT5quxi6b4097176690, WPnllzbp1d2066054638
		ROLE = UIATreeItem
		TITLE = 
		SHAPE = Rect [x:1393.0 y:810.0 w:175.0 h:26.0]
		CHILDREN = 0
		PATH = [2, 1, 3, 1, 1, 3]
	DESCRIPTION = Left Click at ''
	TEXT = Compound Action =
		Move mouse to (1480.5, 823.0).
		Press Mouse Button BUTTON1
		Release Mouse Button BUTTON1

ExecutedAction [42]: 
 @Action ConcreteID = ACqjevm811574348453 AbstractID = AAqjevm811574348453
 ConcreteID CUSTOM = ConcreteID CUSTOM not available AbstractID CUSTOM = AA1uqsvr781638587901
 @State ConcreteID = SCnwc51851e4262028041 AbstractID = SR1tiu8bq4f71359261918
 ConcreteID CUSTOM = SC16a23xg51c1584497814 AbstractID CUSTOM = SAywdeg55203586693485

	ROLE = LeftClickAt
	TARGET =
		WIDGET = WC1rul4jq20815818037, WR10fgh33101836453781, WT10fgh33101836453781, WPq7zg3c1c2178274589
		ROLE = UIACustomControl
		TITLE = 
		SHAPE = Rect [x:1573.0 y:736.0 w:415.0 h:672.0]
		CHILDREN = 1
		PATH = [1, 1, 3, 0]
	DESCRIPTION = Left Click at ''
	TEXT = Compound Action =
		Move mouse to (1780.5, 1072.0).
		Press Mouse Button BUTTON1
		Release Mouse Button BUTTON1

ExecutedAction [43]: 
 @Action ConcreteID = AC17y1llg814203975584 AbstractID = AA17y1llg814203975584
 ConcreteID CUSTOM = ConcreteID CUSTOM not available AbstractID CUSTOM = AA12x70hx812169841400
 @State ConcreteID = SCnwc51851e4262028041 AbstractID = SR1tiu8bq4f71359261918
 ConcreteID CUSTOM = SC16a23xg51c1584497814 AbstractID CUSTOM = SAywdeg55203586693485

	ROLE = LeftClickAt
	TARGET =
		WIDGET = WC1916vh41b872092712, WR1e04pz3e358922214, WT1e04pz3e358922214, WP1qm2rza171182571792
		ROLE = UIASplitButton
		TITLE = 
		SHAPE = Rect [x:1388.0 y:736.0 w:600.0 h:672.0]
		CHILDREN = 3
		PATH = [1, 1, 3]
	DESCRIPTION = Left Click at ''
	TEXT = Compound Action =
		Move mouse to (1688.0, 1072.0).
		Press Mouse Button BUTTON1
		Release Mouse Button BUTTON1

ExecutedAction [44]: 
 @Action ConcreteID = ACbfd8mt81271761192 AbstractID = AAbfd8mt81271761192
 ConcreteID CUSTOM = ConcreteID CUSTOM not available AbstractID CUSTOM = AA6einja811811155568
 @State ConcreteID = SCnwc51851e4262028041 AbstractID = SR1tiu8bq4f71359261918
 ConcreteID CUSTOM = SC16a23xg51c1584497814 AbstractID CUSTOM = SAywdeg55203586693485

	ROLE = LeftClickAt
	TARGET =
		WIDGET = WC1yxik6d22951274408, WR5quxi6b4097176690, WT5quxi6b4097176690, WP11sfisz1e2690319713
		ROLE = UIATreeItem
		TITLE = 
		SHAPE = Rect [x:1393.0 y:1010.0 w:175.0 h:26.0]
		CHILDREN = 0
		PATH = [1, 1, 3, 1, 1, 11]
	DESCRIPTION = Left Click at ''
	TEXT = Compound Action =
		Move mouse to (1480.5, 1023.0).
		Press Mouse Button BUTTON1
		Release Mouse Button BUTTON1

ExecutedAction [45]: 
 @Action ConcreteID = ACha83j4821071488723 AbstractID = AAha83j4821071488723
 ConcreteID CUSTOM = ConcreteID CUSTOM not available AbstractID CUSTOM = AA1akmd8f81350244554
 @State ConcreteID = SC12kh9cy51f2506451657 AbstractID = SR1tiu8bq4f71359261918
 ConcreteID CUSTOM = SC120b0kb51b1571717326 AbstractID CUSTOM = SAywdeg55203586693485

	ROLE = LeftClickAt
	TARGET =
		WIDGET = WC1yxik8322176498986, WR5quxi6b4097176690, WT5quxi6b4097176690, WP11sfiup1e2456643555
		ROLE = UIATreeItem
		TITLE = 
		SHAPE = Rect [x:1393.0 y:1058.0 w:175.0 h:26.0]
		CHILDREN = 0
		PATH = [1, 1, 3, 1, 1, 13]
	DESCRIPTION = Left Click at ''
	TEXT = Compound Action =
		Move mouse to (1480.5, 1071.0).
		Press Mouse Button BUTTON1
		Release Mouse Button BUTTON1

ExecutedAction [46]: 
 @Action ConcreteID = AC13vs9iv802515252393 AbstractID = AA13vs9iv802515252393
 ConcreteID CUSTOM = ConcreteID CUSTOM not available AbstractID CUSTOM = AA1rcdt3q7f3427528240
 @State ConcreteID = SC12kh9cy51f2506451657 AbstractID = SR1tiu8bq4f71359261918
 ConcreteID CUSTOM = SC120b0kb51b1571717326 AbstractID CUSTOM = SAywdeg55203586693485

	ROLE = LeftClickAt
	TARGET =
		WIDGET = WC11132ie26988553567, WR17v7k2nb1067391859, WT7kxrdw19266625713, WP1rp2dz8223396690116
		ROLE = UIAMenuItem
		TITLE = Playback Alt+l
		SHAPE = Rect [x:597.0 y:938.0 w:63.0 h:20.0]
		CHILDREN = 0
		PATH = [0, 1, 1]
	DESCRIPTION = Left Click at 'Playback Alt+l'
	TEXT = Compound Action =
		Move mouse to (628.5, 948.0).
		Press Mouse Button BUTTON1
		Release Mouse Button BUTTON1

ExecutedAction [47]: 
 @Action ConcreteID = AC119duhh822485855278 AbstractID = AA119duhh822485855278
 ConcreteID CUSTOM = ConcreteID CUSTOM not available AbstractID CUSTOM = AA19pt2h80671655728
 @State ConcreteID = SC13sr4hj5f82573735425 AbstractID = SR1s6rx3s5b73853905459
 ConcreteID CUSTOM = SCmtxuqw5f91801032327 AbstractID CUSTOM = SAmaqyvg5ef790878416

	ROLE = LeftClickAt
	TARGET =
		WIDGET = WC1tqiytd221748950967, WR1h6ibpb92248851252, WT179pbei153540817138, WPf9mb9r1e1612911539
		ROLE = UIAButton
		TITLE = Cancel Alt+C
		SHAPE = Rect [x:1844.0 y:1044.0 w:75.0 h:23.0]
		CHILDREN = 0
		PATH = [2, 3, 0]
	DESCRIPTION = Left Click at 'Cancel Alt+C'
	TEXT = Compound Action =
		Move mouse to (1881.5, 1055.5).
		Press Mouse Button BUTTON1
		Release Mouse Button BUTTON1

ExecutedAction [48]: 
 @Action ConcreteID = AC1r7dsjb7f3943883811 AbstractID = AA1r7dsjb7f3943883811
 ConcreteID CUSTOM = ConcreteID CUSTOM not available AbstractID CUSTOM = AAb3k1qh7e1885544580
 @State ConcreteID = SCas2or35301112395353 AbstractID = SR16j5rak4f71733551677
 ConcreteID CUSTOM = SCv72kxm52f406163077 AbstractID CUSTOM = SAcc2zh5525737544666

	ROLE = LeftClickAt
	TARGET =
		WIDGET = WC1xyhva919412706756, WR1h6ibpb92248851252, WT1h6ibpb92248851252, WP1e2jwk3152942443464
		ROLE = UIAButton
		TITLE = 
		SHAPE = Rect [x:607.0 y:960.0 w:32.0 h:32.0]
		CHILDREN = 0
		PATH = [1, 2, 1, 2]
	DESCRIPTION = Left Click at ''
	TEXT = Compound Action =
		Move mouse to (623.0, 976.0).
		Press Mouse Button BUTTON1
		Release Mouse Button BUTTON1

ExecutedAction [49]: 
 @Action ConcreteID = ACcu73mw822365745355 AbstractID = AAcu73mw822365745355
 ConcreteID CUSTOM = ConcreteID CUSTOM not available AbstractID CUSTOM = AA1fh57f7801897868166
 @State ConcreteID = SC17t363i5302290450988 AbstractID = SR16j5rak4f71733551677
 ConcreteID CUSTOM = SC1fmv1q152f1744601499 AbstractID CUSTOM = SAcc2zh5525737544666

	ROLE = LeftClickAt
	TARGET =
		WIDGET = WCg7keex1b4283503798, WR1e04pz3e358922214, WT1e04pz3e358922214, WPxsgax3172329320846
		ROLE = UIASplitButton
		TITLE = 
		SHAPE = Rect [x:1388.0 y:736.0 w:600.0 h:672.0]
		CHILDREN = 3
		PATH = [0, 1, 3]
	DESCRIPTION = Left Click at ''
	TEXT = Compound Action =
		Move mouse to (1688.0, 1072.0).
		Press Mouse Button BUTTON1
		Release Mouse Button BUTTON1

ExecutedAction [50]: 
 @Action ConcreteID = ACarkcu801894538981 AbstractID = AAarkcu801894538981
 ConcreteID CUSTOM = ConcreteID CUSTOM not available AbstractID CUSTOM = AAoyprk381451522193
 @State ConcreteID = SC5bltwo51f439638684 AbstractID = SR1tiu8bq4f71359261918
 ConcreteID CUSTOM = SCjk6ew951c4010295001 AbstractID CUSTOM = SAywdeg55203586693485

	ROLE = LeftClickAt
	TARGET =
		WIDGET = WC1yxik8y221170522093, WR5quxi6b4097176690, WT5quxi6b4097176690, WP11sfivk1e3710710052
		ROLE = UIATreeItem
		TITLE = 
		SHAPE = Rect [x:1393.0 y:1084.0 w:175.0 h:26.0]
		CHILDREN = 0
		PATH = [1, 1, 3, 1, 1, 14]
	DESCRIPTION = Left Click at ''
	TEXT = Compound Action =
		Move mouse to (1480.5, 1097.0).
		Press Mouse Button BUTTON1
		Release Mouse Button BUTTON1

ExecutedAction [51]: 
 @Action ConcreteID = AC193paes801836581242 AbstractID = AA193paes801836581242
 ConcreteID CUSTOM = ConcreteID CUSTOM not available AbstractID CUSTOM = AAc5wpn3802764830421
 @State ConcreteID = SCypz2cm51f2637080476 AbstractID = SR1tiu8bq4f71359261918
 ConcreteID CUSTOM = SCzmiwsw51c3870398562 AbstractID CUSTOM = SAywdeg55203586693485

	ROLE = LeftClickAt
	TARGET =
		WIDGET = WC1yxik5i22564689641, WR5quxi6b4097176690, WT5quxi6b4097176690, WP11sfis41e3107992608
		ROLE = UIATreeItem
		TITLE = 
		SHAPE = Rect [x:1393.0 y:984.0 w:175.0 h:26.0]
		CHILDREN = 0
		PATH = [1, 1, 3, 1, 1, 10]
	DESCRIPTION = Left Click at ''
	TEXT = Compound Action =
		Move mouse to (1480.5, 997.0).
		Press Mouse Button BUTTON1
		Release Mouse Button BUTTON1

ExecutedAction [52]: 
 @Action ConcreteID = AC3zk2ml812370641274 AbstractID = AA3zk2ml812370641274
 ConcreteID CUSTOM = ConcreteID CUSTOM not available AbstractID CUSTOM = AArhfxd8803421814277
 @State ConcreteID = SC1l7nlsq51e1780454051 AbstractID = SR1tiu8bq4f71359261918
 ConcreteID CUSTOM = SC14uilrq51c2073983656 AbstractID CUSTOM = SAywdeg55203586693485

	ROLE = LeftClickAt
	TARGET =
		WIDGET = WC1dmk8zf1d2114896093, WR10fgh33101836453781, WT10fgh33101836453781, WPvxj9ah193059547802
		ROLE = UIACustomControl
		TITLE = 
		SHAPE = Rect [x:1388.0 y:714.0 w:307.0 h:22.0]
		CHILDREN = 1
		PATH = [1, 1, 0]
	DESCRIPTION = Left Click at ''
	TEXT = Compound Action =
		Move mouse to (1541.5, 725.0).
		Press Mouse Button BUTTON1
		Release Mouse Button BUTTON1

ExecutedAction [53]: 
 @Action ConcreteID = AC6veude823658840991 AbstractID = AA6veude823658840991
 ConcreteID CUSTOM = ConcreteID CUSTOM not available AbstractID CUSTOM = AAoyprk381451522193
 @State ConcreteID = SC1l7nlsq51e1780454051 AbstractID = SR1tiu8bq4f71359261918
 ConcreteID CUSTOM = SC14uilrq51c2073983656 AbstractID CUSTOM = SAywdeg55203586693485

	ROLE = LeftClickAt
	TARGET =
		WIDGET = WC1yxik8y221170522093, WR5quxi6b4097176690, WT5quxi6b4097176690, WP11sfivk1e3710710052
		ROLE = UIATreeItem
		TITLE = 
		SHAPE = Rect [x:1393.0 y:1084.0 w:175.0 h:26.0]
		CHILDREN = 0
		PATH = [1, 1, 3, 1, 1, 14]
	DESCRIPTION = Left Click at ''
	TEXT = Compound Action =
		Move mouse to (1480.5, 1097.0).
		Press Mouse Button BUTTON1
		Release Mouse Button BUTTON1

ExecutedAction [54]: 
 @Action ConcreteID = AC3igs5802446861432 AbstractID = AA3igs5802446861432
 ConcreteID CUSTOM = ConcreteID CUSTOM not available AbstractID CUSTOM = AA126txzk801483461591
 @State ConcreteID = SCypz2cm51f2637080476 AbstractID = SR1tiu8bq4f71359261918
 ConcreteID CUSTOM = SCzmiwsw51c3870398562 AbstractID CUSTOM = SAywdeg55203586693485

	ROLE = LeftClickAt
	TARGET =
		WIDGET = WC4kuxfh214045769443, WR5quxi6b4097176690, WT5quxi6b4097176690, WP17vuzz1d3410755489
		ROLE = UIATreeItem
		TITLE = 
		SHAPE = Rect [x:1388.0 y:936.0 w:180.0 h:22.0]
		CHILDREN = 0
		PATH = [1, 1, 3, 1, 1, 8]
	DESCRIPTION = Left Click at ''
	TEXT = Compound Action =
		Move mouse to (1478.0, 947.0).
		Press Mouse Button BUTTON1
		Release Mouse Button BUTTON1

ExecutedAction [55]: 
 @Action ConcreteID = ACvbzovn802049384182 AbstractID = AAvbzovn802049384182
 ConcreteID CUSTOM = ConcreteID CUSTOM not available AbstractID CUSTOM = AA1xfb632803012880729
 @State ConcreteID = SCypz2cm51f2637080476 AbstractID = SR1tiu8bq4f71359261918
 ConcreteID CUSTOM = SCzmiwsw51c3870398562 AbstractID CUSTOM = SAywdeg55203586693485

	ROLE = LeftClickAt
	TARGET =
		WIDGET = WC4kuxcw211150022830, WR5quxi6b4097176690, WT5quxi6b4097176690, WP17vuxe1d2128970220
		ROLE = UIATreeItem
		TITLE = 
		SHAPE = Rect [x:1393.0 y:862.0 w:175.0 h:26.0]
		CHILDREN = 0
		PATH = [1, 1, 3, 1, 1, 5]
	DESCRIPTION = Left Click at ''
	TEXT = Compound Action =
		Move mouse to (1480.5, 875.0).
		Press Mouse Button BUTTON1
		Release Mouse Button BUTTON1

ExecutedAction [56]: 
 @Action ConcreteID = AC18zhqa8823873311087 AbstractID = AA18zhqa8823873311087
 ConcreteID CUSTOM = ConcreteID CUSTOM not available AbstractID CUSTOM = AArz4c6f813944634518
 @State ConcreteID = SC1kvhrcu51f1095076378 AbstractID = SR1tiu8bq4f71359261918
 ConcreteID CUSTOM = SCd1gf3c51c936754139 AbstractID CUSTOM = SAywdeg55203586693485

	ROLE = LeftClickAt
	TARGET =
		WIDGET = WC1yxik9t221558154924, WR5quxi6b4097176690, WT5quxi6b4097176690, WP11sfiwf1e3291988069
		ROLE = UIATreeItem
		TITLE = 
		SHAPE = Rect [x:1393.0 y:1110.0 w:175.0 h:26.0]
		CHILDREN = 0
		PATH = [1, 1, 3, 1, 1, 15]
	DESCRIPTION = Left Click at ''
	TEXT = Compound Action =
		Move mouse to (1480.5, 1123.0).
		Press Mouse Button BUTTON1
		Release Mouse Button BUTTON1

ExecutedAction [57]: 
 @Action ConcreteID = AC11nfsb680706353397 AbstractID = AA11nfsb680706353397
 ConcreteID CUSTOM = ConcreteID CUSTOM not available AbstractID CUSTOM = AArhfxd8803421814277
 @State ConcreteID = SCjnmw8i51e1695337274 AbstractID = SR1tiu8bq4f71359261918
 ConcreteID CUSTOM = SCx7q1vf51c54846488 AbstractID CUSTOM = SAywdeg55203586693485

	ROLE = LeftClickAt
	TARGET =
		WIDGET = WC1dmk8zf1d2114896093, WR10fgh33101836453781, WT10fgh33101836453781, WPvxj9ah193059547802
		ROLE = UIACustomControl
		TITLE = 
		SHAPE = Rect [x:1388.0 y:714.0 w:307.0 h:22.0]
		CHILDREN = 1
		PATH = [1, 1, 0]
	DESCRIPTION = Left Click at ''
	TEXT = Compound Action =
		Move mouse to (1541.5, 725.0).
		Press Mouse Button BUTTON1
		Release Mouse Button BUTTON1

ExecutedAction [58]: 
 @Action ConcreteID = AC1xymftr811007237698 AbstractID = AA1xymftr811007237698
 ConcreteID CUSTOM = ConcreteID CUSTOM not available AbstractID CUSTOM = AA12x70hx812169841400
 @State ConcreteID = SCjnmw8i51e1695337274 AbstractID = SR1tiu8bq4f71359261918
 ConcreteID CUSTOM = SCx7q1vf51c54846488 AbstractID CUSTOM = SAywdeg55203586693485

	ROLE = LeftClickAt
	TARGET =
		WIDGET = WC1916vh41b872092712, WR1e04pz3e358922214, WT1e04pz3e358922214, WP1qm2rza171182571792
		ROLE = UIASplitButton
		TITLE = 
		SHAPE = Rect [x:1388.0 y:736.0 w:600.0 h:672.0]
		CHILDREN = 3
		PATH = [1, 1, 3]
	DESCRIPTION = Left Click at ''
	TEXT = Compound Action =
		Move mouse to (1688.0, 1072.0).
		Press Mouse Button BUTTON1
		Release Mouse Button BUTTON1

ExecutedAction [59]: 
 @Action ConcreteID = AC12cige7811122609331 AbstractID = AA12cige7811122609331
 ConcreteID CUSTOM = ConcreteID CUSTOM not available AbstractID CUSTOM = AA7b312d814290098185
 @State ConcreteID = SCjnmw8i51e1695337274 AbstractID = SR1tiu8bq4f71359261918
 ConcreteID CUSTOM = SCx7q1vf51c54846488 AbstractID CUSTOM = SAywdeg55203586693485

	ROLE = LeftClickAt
	TARGET =
		WIDGET = WC16jvf0j1a2080405152, WR10fgh33101836453781, WT10fgh33101836453781, WP1gv02t1162336490286
		ROLE = UIACustomControl
		TITLE = 
		SHAPE = Rect [x:1388.0 y:711.0 w:600.0 h:700.0]
		CHILDREN = 4
		PATH = [1, 1]
	DESCRIPTION = Left Click at ''
	TEXT = Compound Action =
		Move mouse to (1688.0, 1061.0).
		Press Mouse Button BUTTON1
		Release Mouse Button BUTTON1

ExecutedAction [60]: 
 @Action ConcreteID = ACvmb87v801776340549 AbstractID = AAvmb87v801776340549
 ConcreteID CUSTOM = ConcreteID CUSTOM not available AbstractID CUSTOM = AAlgbd9x802282645685
 @State ConcreteID = SCjnmw8i51e1695337274 AbstractID = SR1tiu8bq4f71359261918
 ConcreteID CUSTOM = SCx7q1vf51c54846488 AbstractID CUSTOM = SAywdeg55203586693485

	ROLE = LeftClickAt
	TARGET =
		WIDGET = WC4kuxc1211569768943, WR5quxi6b4097176690, WT5quxi6b4097176690, WP17vuwj1d1744744621
		ROLE = UIATreeItem
		TITLE = 
		SHAPE = Rect [x:1393.0 y:836.0 w:175.0 h:26.0]
		CHILDREN = 0
		PATH = [1, 1, 3, 1, 1, 4]
	DESCRIPTION = Left Click at ''
	TEXT = Compound Action =
		Move mouse to (1480.5, 849.0).
		Press Mouse Button BUTTON1
		Release Mouse Button BUTTON1

ExecutedAction [61]: 
 @Action ConcreteID = ACejc9397f1785278896 AbstractID = AAejc9397f1785278896
 ConcreteID CUSTOM = ConcreteID CUSTOM not available AbstractID CUSTOM = AAl8nm7s7f1314221759
 @State ConcreteID = SC10lsy0551f192345145 AbstractID = SR1tiu8bq4f71359261918
 ConcreteID CUSTOM = SC1vtyu6r51c2204509286 AbstractID CUSTOM = SAywdeg55203586693485

	ROLE = LeftClickAt
	TARGET =
		WIDGET = WCkthkjg1d3961490386, WR10fgh33101836453781, WT10fgh33101836453781, WP34gkui19609072533
		ROLE = UIACustomControl
		TITLE = 
		SHAPE = Rect [x:548.0 y:959.0 w:222.0 h:34.0]
		CHILDREN = 6
		PATH = [0, 2, 1]
	DESCRIPTION = Left Click at ''
	TEXT = Compound Action =
		Move mouse to (659.0, 976.0).
		Press Mouse Button BUTTON1
		Release Mouse Button BUTTON1

ExecutedAction [62]: 
 @Action ConcreteID = ACje7mwt801268225886 AbstractID = AAje7mwt801268225886
 ConcreteID CUSTOM = ConcreteID CUSTOM not available AbstractID CUSTOM = AA1ryqb7h7f4015795230
 @State ConcreteID = SC13id3fh530410972112 AbstractID = SR16j5rak4f71733551677
 ConcreteID CUSTOM = SC1ra3tz2530346630446 AbstractID CUSTOM = SAcc2zh5525737544666

	ROLE = LeftClickAt
	TARGET =
		WIDGET = WC1h88uzf211872261345, WR5quxi6b4097176690, WT5quxi6b4097176690, WP1dv9sjx1d1442186659
		ROLE = UIATreeItem
		TITLE = 
		SHAPE = Rect [x:1393.0 y:958.0 w:175.0 h:26.0]
		CHILDREN = 0
		PATH = [0, 1, 3, 1, 1, 9]
	DESCRIPTION = Left Click at ''
	TEXT = Compound Action =
		Move mouse to (1480.5, 971.0).
		Press Mouse Button BUTTON1
		Release Mouse Button BUTTON1

ExecutedAction [63]: 
 @Action ConcreteID = AC1ep0ebu824291109169 AbstractID = AA1ep0ebu824291109169
 ConcreteID CUSTOM = ConcreteID CUSTOM not available AbstractID CUSTOM = AAoyprk381451522193
 @State ConcreteID = SC18saqkk51e2213667976 AbstractID = SR1tiu8bq4f71359261918
 ConcreteID CUSTOM = SC1dwch6u51c2522566462 AbstractID CUSTOM = SAywdeg55203586693485

	ROLE = LeftClickAt
	TARGET =
		WIDGET = WC1yxik8y221170522093, WR5quxi6b4097176690, WT5quxi6b4097176690, WP11sfivk1e3710710052
		ROLE = UIATreeItem
		TITLE = 
		SHAPE = Rect [x:1393.0 y:1084.0 w:175.0 h:26.0]
		CHILDREN = 0
		PATH = [1, 1, 3, 1, 1, 14]
	DESCRIPTION = Left Click at ''
	TEXT = Compound Action =
		Move mouse to (1480.5, 1097.0).
		Press Mouse Button BUTTON1
		Release Mouse Button BUTTON1

ExecutedAction [64]: 
 @Action ConcreteID = AC1bddzb5811583848546 AbstractID = AA1bddzb5811583848546
 ConcreteID CUSTOM = ConcreteID CUSTOM not available AbstractID CUSTOM = AA15557cb7f659625816
 @State ConcreteID = SC1clmgsd7511653249965 AbstractID = SRc6fmm770b1301120467
 ConcreteID CUSTOM = SC2qblyu7532782568429 AbstractID CUSTOM = SA6zkge974f648287248

	ROLE = LeftClickAt
	TARGET =
		WIDGET = WCwmsa4e223506065772, WR5quxi6b4097176690, WT5quxi6b4097176690, WP1yitaq41e1209147301
		ROLE = UIATreeItem
		TITLE = 
		SHAPE = Rect [x:1774.0 y:892.0 w:80.0 h:22.0]
		CHILDREN = 0
		PATH = [1, 1, 3, 0, 7, 22]
	DESCRIPTION = Left Click at ''
	TEXT = Compound Action =
		Move mouse to (1814.0, 903.0).
		Press Mouse Button BUTTON1
		Release Mouse Button BUTTON1

ExecutedAction [65]: 
 @Action ConcreteID = AC1d8419k812536798192 AbstractID = AA1d8419k812536798192
 ConcreteID CUSTOM = ConcreteID CUSTOM not available AbstractID CUSTOM = AA16zv9aq7f3993173194
 @State ConcreteID = SC1clmgsd7511653249965 AbstractID = SRc6fmm770b1301120467
 ConcreteID CUSTOM = SC2qblyu7532782568429 AbstractID CUSTOM = SA6zkge974f648287248

	ROLE = LeftClickAt
	TARGET =
		WIDGET = WC4kuxb621315708200, WR5quxi6b4097176690, WT5quxi6b4097176690, WP17vuvo1d683615850
		ROLE = UIATreeItem
		TITLE = 
		SHAPE = Rect [x:1393.0 y:810.0 w:175.0 h:26.0]
		CHILDREN = 0
		PATH = [1, 1, 3, 1, 1, 3]
	DESCRIPTION = Left Click at ''
	TEXT = Compound Action =
		Move mouse to (1480.5, 823.0).
		Press Mouse Button BUTTON1
		Release Mouse Button BUTTON1

ExecutedAction [66]: 
 @Action ConcreteID = AC1lo6gwz812400136810 AbstractID = AA1lo6gwz812400136810
 ConcreteID CUSTOM = ConcreteID CUSTOM not available AbstractID CUSTOM = AAlgbd9x802282645685
 @State ConcreteID = SC12v52nq51e3399993813 AbstractID = SR1tiu8bq4f71359261918
 ConcreteID CUSTOM = SC12mzw0m51d3708856303 AbstractID CUSTOM = SAywdeg55203586693485

	ROLE = LeftClickAt
	TARGET =
		WIDGET = WC4kuxc1211569768943, WR5quxi6b4097176690, WT5quxi6b4097176690, WP17vuwj1d1744744621
		ROLE = UIATreeItem
		TITLE = 
		SHAPE = Rect [x:1393.0 y:836.0 w:175.0 h:26.0]
		CHILDREN = 0
		PATH = [1, 1, 3, 1, 1, 4]
	DESCRIPTION = Left Click at ''
	TEXT = Compound Action =
		Move mouse to (1480.5, 849.0).
		Press Mouse Button BUTTON1
		Release Mouse Button BUTTON1

ExecutedAction [67]: 
 @Action ConcreteID = AC3oqz4x80588236951 AbstractID = AA3oqz4x80588236951
 ConcreteID CUSTOM = ConcreteID CUSTOM not available AbstractID CUSTOM = AA1xfb632803012880729
 @State ConcreteID = SC10lsy0551f192345145 AbstractID = SR1tiu8bq4f71359261918
 ConcreteID CUSTOM = SC1vtyu6r51c2204509286 AbstractID CUSTOM = SAywdeg55203586693485

	ROLE = LeftClickAt
	TARGET =
		WIDGET = WC4kuxcw211150022830, WR5quxi6b4097176690, WT5quxi6b4097176690, WP17vuxe1d2128970220
		ROLE = UIATreeItem
		TITLE = 
		SHAPE = Rect [x:1393.0 y:862.0 w:175.0 h:26.0]
		CHILDREN = 0
		PATH = [1, 1, 3, 1, 1, 5]
	DESCRIPTION = Left Click at ''
	TEXT = Compound Action =
		Move mouse to (1480.5, 875.0).
		Press Mouse Button BUTTON1
		Release Mouse Button BUTTON1

ExecutedAction [68]: 
 @Action ConcreteID = AC16mggmk81624275263 AbstractID = AA16mggmk81624275263
 ConcreteID CUSTOM = ConcreteID CUSTOM not available AbstractID CUSTOM = AAlgbd9x802282645685
 @State ConcreteID = SC1kvhrcu51f1095076378 AbstractID = SR1tiu8bq4f71359261918
 ConcreteID CUSTOM = SCd1gf3c51c936754139 AbstractID CUSTOM = SAywdeg55203586693485

	ROLE = LeftClickAt
	TARGET =
		WIDGET = WC4kuxc1211569768943, WR5quxi6b4097176690, WT5quxi6b4097176690, WP17vuwj1d1744744621
		ROLE = UIATreeItem
		TITLE = 
		SHAPE = Rect [x:1393.0 y:836.0 w:175.0 h:26.0]
		CHILDREN = 0
		PATH = [1, 1, 3, 1, 1, 4]
	DESCRIPTION = Left Click at ''
	TEXT = Compound Action =
		Move mouse to (1480.5, 849.0).
		Press Mouse Button BUTTON1
		Release Mouse Button BUTTON1

ExecutedAction [69]: 
 @Action ConcreteID = AChqkfo0811516005227 AbstractID = AAhqkfo0811516005227
 ConcreteID CUSTOM = ConcreteID CUSTOM not available AbstractID CUSTOM = AA1uqsvr781638587901
 @State ConcreteID = SC10lsy0551f192345145 AbstractID = SR1tiu8bq4f71359261918
 ConcreteID CUSTOM = SC1vtyu6r51c2204509286 AbstractID CUSTOM = SAywdeg55203586693485

	ROLE = LeftClickAt
	TARGET =
		WIDGET = WC19xywmk1a3898973028, WR4na8ob72534219213, WT4na8ob72534219213, WP4u3q0q164115689780
		ROLE = UIATree
		TITLE = 
		SHAPE = Rect [x:1573.0 y:736.0 w:415.0 h:672.0]
		CHILDREN = 3
		PATH = [1, 1, 3, 0, 0]
	DESCRIPTION = Left Click at ''
	TEXT = Compound Action =
		Move mouse to (1780.5, 1072.0).
		Press Mouse Button BUTTON1
		Release Mouse Button BUTTON1

ExecutedAction [70]: 
 @Action ConcreteID = AC1tx6owl802373400632 AbstractID = AA1tx6owl802373400632
 ConcreteID CUSTOM = ConcreteID CUSTOM not available AbstractID CUSTOM = AA1ommtvm80502012406
 @State ConcreteID = SC10lsy0551f192345145 AbstractID = SR1tiu8bq4f71359261918
 ConcreteID CUSTOM = SC1vtyu6r51c2204509286 AbstractID CUSTOM = SAywdeg55203586693485

	ROLE = LeftClickAt
	TARGET =
		WIDGET = WC1916vfe1b30242474, WR1e04pz3e358922214, WT1e04pz3e358922214, WP1qm2rxk171951072146
		ROLE = UIASplitButton
		TITLE = 
		SHAPE = Rect [x:1705.0 y:714.0 w:23.0 h:22.0]
		CHILDREN = 0
		PATH = [1, 1, 1]
	DESCRIPTION = Left Click at ''
	TEXT = Compound Action =
		Move mouse to (1716.5, 725.0).
		Press Mouse Button BUTTON1
		Release Mouse Button BUTTON1

ExecutedAction [71]: 
 @Action ConcreteID = AC103v8pr7f2203908176 AbstractID = AA103v8pr7f2203908176
 ConcreteID CUSTOM = ConcreteID CUSTOM not available AbstractID CUSTOM = AA1h7i7kw802756037309
 @State ConcreteID = SCb2j3kr4e4403407607 AbstractID = SR1pzb1sp4bb1991267654
 ConcreteID CUSTOM = SC1r5gvn94df2945516338 AbstractID CUSTOM = SAnlpx9f4e01546002762

	ROLE = LeftClickAt
	TARGET =
		WIDGET = WC4kuxdr211873192813, WR5quxi6b4097176690, WT5quxi6b4097176690, WP17vuy91d1439224367
		ROLE = UIATreeItem
		TITLE = 
		SHAPE = Rect [x:1388.0 y:888.0 w:180.0 h:22.0]
		CHILDREN = 0
		PATH = [1, 1, 3, 1, 1, 6]
	DESCRIPTION = Left Click at ''
	TEXT = Compound Action =
		Move mouse to (1478.0, 899.0).
		Press Mouse Button BUTTON1
		Release Mouse Button BUTTON1

ExecutedAction [72]: 
 @Action ConcreteID = AC1qjuybl7f1147559102 AbstractID = AA1qjuybl7f1147559102
 ConcreteID CUSTOM = ConcreteID CUSTOM not available AbstractID CUSTOM = AA8mdv7m801669295699
 @State ConcreteID = SCb2j3kr4e4403407607 AbstractID = SR1pzb1sp4bb1991267654
 ConcreteID CUSTOM = SC1r5gvn94df2945516338 AbstractID CUSTOM = SAnlpx9f4e01546002762

	ROLE = LeftClickAt
	TARGET =
		WIDGET = WC4kuxcw211150022830, WR5quxi6b4097176690, WT5quxi6b4097176690, WP17vuxe1d2128970220
		ROLE = UIATreeItem
		TITLE = 
		SHAPE = Rect [x:1393.0 y:862.0 w:175.0 h:26.0]
		CHILDREN = 0
		PATH = [1, 1, 3, 1, 1, 5]
	DESCRIPTION = Left Click at ''
	TEXT = Compound Action =
		Move mouse to (1480.5, 875.0).
		Press Mouse Button BUTTON1
		Release Mouse Button BUTTON1

ExecutedAction [73]: 
 @Action ConcreteID = ACxnttu6803416409771 AbstractID = AAxnttu6803416409771
 ConcreteID CUSTOM = ConcreteID CUSTOM not available AbstractID CUSTOM = AAgswpno803277517416
 @State ConcreteID = SCrf04pu4e44085073448 AbstractID = SR1pzb1sp4bb1991267654
 ConcreteID CUSTOM = SC2f1lhc4df2670711902 AbstractID CUSTOM = SAnlpx9f4e01546002762

	ROLE = LeftClickAt
	TARGET =
		WIDGET = WC19yip8s1a3424551829, WR4na8ob72534219213, WT4na8ob72534219213, WP4unimy163509283269
		ROLE = UIATree
		TITLE = 
		SHAPE = Rect [x:1388.0 y:736.0 w:180.0 h:400.0]
		CHILDREN = 16
		PATH = [1, 1, 3, 1, 1]
	DESCRIPTION = Left Click at ''
	TEXT = Compound Action =
		Move mouse to (1478.0, 936.0).
		Press Mouse Button BUTTON1
		Release Mouse Button BUTTON1

ExecutedAction [74]: 
 @Action ConcreteID = AC1390kx9802094581020 AbstractID = AA1390kx9802094581020
 ConcreteID CUSTOM = ConcreteID CUSTOM not available AbstractID CUSTOM = AAme3gqr801948283359
 @State ConcreteID = SCrf04pu4e44085073448 AbstractID = SR1pzb1sp4bb1991267654
 ConcreteID CUSTOM = SC2f1lhc4df2670711902 AbstractID CUSTOM = SAnlpx9f4e01546002762

	ROLE = LeftClickAt
	TARGET =
		WIDGET = WC1yxik5i22564689641, WR5quxi6b4097176690, WT5quxi6b4097176690, WP11sfis41e3107992608
		ROLE = UIATreeItem
		TITLE = 
		SHAPE = Rect [x:1393.0 y:984.0 w:175.0 h:26.0]
		CHILDREN = 0
		PATH = [1, 1, 3, 1, 1, 10]
	DESCRIPTION = Left Click at ''
	TEXT = Compound Action =
		Move mouse to (1480.5, 997.0).
		Press Mouse Button BUTTON1
		Release Mouse Button BUTTON1

ExecutedAction [75]: 
 @Action ConcreteID = ACw01jn58135466888 AbstractID = AAw01jn58135466888
 ConcreteID CUSTOM = ConcreteID CUSTOM not available AbstractID CUSTOM = AAfvnbo8811514607654
 @State ConcreteID = SCpm64na4e34053648714 AbstractID = SR1pzb1sp4bb1991267654
 ConcreteID CUSTOM = SC1ul9pte4df2104814506 AbstractID CUSTOM = SAnlpx9f4e01546002762

	ROLE = LeftClickAt
	TARGET =
		WIDGET = WC1yxik7822329128043, WR5quxi6b4097176690, WT5quxi6b4097176690, WP11sfitu1e2339788450
		ROLE = UIATreeItem
		TITLE = 
		SHAPE = Rect [x:1388.0 y:1036.0 w:180.0 h:22.0]
		CHILDREN = 0
		PATH = [1, 1, 3, 1, 1, 12]
	DESCRIPTION = Left Click at ''
	TEXT = Compound Action =
		Move mouse to (1478.0, 1047.0).
		Press Mouse Button BUTTON1
		Release Mouse Button BUTTON1

ExecutedAction [76]: 
 @Action ConcreteID = AC1jg9zrf813551212103 AbstractID = AA1jg9zrf813551212103
 ConcreteID CUSTOM = ConcreteID CUSTOM not available AbstractID CUSTOM = AA13bvrsi812347829481
 @State ConcreteID = SCpm64na4e34053648714 AbstractID = SR1pzb1sp4bb1991267654
 ConcreteID CUSTOM = SC1ul9pte4df2104814506 AbstractID CUSTOM = SAnlpx9f4e01546002762

	ROLE = LeftClickAt
	TARGET =
		WIDGET = WC1yxik6d22951274408, WR5quxi6b4097176690, WT5quxi6b4097176690, WP11sfisz1e2690319713
		ROLE = UIATreeItem
		TITLE = 
		SHAPE = Rect [x:1393.0 y:1010.0 w:175.0 h:26.0]
		CHILDREN = 0
		PATH = [1, 1, 3, 1, 1, 11]
	DESCRIPTION = Left Click at ''
	TEXT = Compound Action =
		Move mouse to (1480.5, 1023.0).
		Press Mouse Button BUTTON1
		Release Mouse Button BUTTON1

ExecutedAction [77]: 
 @Action ConcreteID = AC1vxnxzr803048235727 AbstractID = AA1vxnxzr803048235727
 ConcreteID CUSTOM = ConcreteID CUSTOM not available AbstractID CUSTOM = AAhuidlu7f1205474261
 @State ConcreteID = SC1my92k84e42650293986 AbstractID = SR1pzb1sp4bb1991267654
 ConcreteID CUSTOM = SC5yxh3z4df1841561074 AbstractID CUSTOM = SAnlpx9f4e01546002762

	ROLE = LeftClickAt
	TARGET =
		WIDGET = WC11132ie26988553567, WR17v7k2nb1067391859, WT7kxrdw19266625713, WP1rp2dz8223396690116
		ROLE = UIAMenuItem
		TITLE = Playback Alt+l
		SHAPE = Rect [x:597.0 y:938.0 w:63.0 h:20.0]
		CHILDREN = 0
		PATH = [0, 1, 1]
	DESCRIPTION = Left Click at 'Playback Alt+l'
	TEXT = Compound Action =
		Move mouse to (628.5, 948.0).
		Press Mouse Button BUTTON1
		Release Mouse Button BUTTON1

ExecutedAction [78]: 
 @Action ConcreteID = ACui63s9813286109617 AbstractID = AAui63s9813286109617
 ConcreteID CUSTOM = ConcreteID CUSTOM not available AbstractID CUSTOM = AA126oekm802795596615
 @State ConcreteID = SC16n365x6771521158985 AbstractID = SR7tvlqq6362707152330
 ConcreteID CUSTOM = SCrzauk96741480122303 AbstractID CUSTOM = SAjyb1vr6631165537361

	ROLE = LeftClickAt
	TARGET =
		WIDGET = WCksxrx81d2997141571, WR10fgh33101836453781, WT10fgh33101836453781, WP33ws8a192063007236
		ROLE = UIACustomControl
		TITLE = 
		SHAPE = Rect [x:1388.0 y:714.0 w:307.0 h:22.0]
		CHILDREN = 1
		PATH = [0, 1, 0]
	DESCRIPTION = Left Click at ''
	TEXT = Compound Action =
		Move mouse to (1541.5, 725.0).
		Press Mouse Button BUTTON1
		Release Mouse Button BUTTON1

ExecutedAction [79]: 
 @Action ConcreteID = AC1t2zot88030040506 AbstractID = AA1t2zot88030040506
 ConcreteID CUSTOM = ConcreteID CUSTOM not available AbstractID CUSTOM = AAezu4fb7f4087353504
 @State ConcreteID = SC1my92k84e42650293986 AbstractID = SR1pzb1sp4bb1991267654
 ConcreteID CUSTOM = SC5yxh3z4df1841561074 AbstractID CUSTOM = SAnlpx9f4e01546002762

	ROLE = LeftClickAt
	TARGET =
		WIDGET = WCsn8pwe192404196226, WR1h6ibpb92248851252, WT1h6ibpb92248851252, WP8rar6815951478158
		ROLE = UIAButton
		TITLE = 
		SHAPE = Rect [x:665.0 y:963.0 w:26.0 h:26.0]
		CHILDREN = 0
		PATH = [0, 2, 1, 4]
	DESCRIPTION = Left Click at ''
	TEXT = Compound Action =
		Move mouse to (678.0, 976.0).
		Press Mouse Button BUTTON1
		Release Mouse Button BUTTON1

ExecutedAction [80]: 
 @Action ConcreteID = AClze9ex7f2107738912 AbstractID = AAlze9ex7f2107738912
 ConcreteID CUSTOM = ConcreteID CUSTOM not available AbstractID CUSTOM = AA66dxhv802992768315
 @State ConcreteID = SCgx1im24f42114416956 AbstractID = SR152pf2n4bb3332410681
 ConcreteID CUSTOM = SC1hfsn5d4f12650458807 AbstractID CUSTOM = SA1awaq4a4e63474189149

	ROLE = LeftClickAt
	TARGET =
		WIDGET = WC1xyhvbz191321451586, WR1h6ibpb92248851252, WT1h6ibpb92248851252, WP1e2jwlt154181243982
		ROLE = UIAButton
		TITLE = 
		SHAPE = Rect [x:665.0 y:963.0 w:26.0 h:26.0]
		CHILDREN = 0
		PATH = [1, 2, 1, 4]
	DESCRIPTION = Left Click at ''
	TEXT = Compound Action =
		Move mouse to (678.0, 976.0).
		Press Mouse Button BUTTON1
		Release Mouse Button BUTTON1

ExecutedAction [81]: 
 @Action ConcreteID = ACfv7g4i823117775117 AbstractID = AAfv7g4i823117775117
 ConcreteID CUSTOM = ConcreteID CUSTOM not available AbstractID CUSTOM = AAhv1c2m821956249105
 @State ConcreteID = SC1yv554b4f43241655328 AbstractID = SR152pf2n4bb3332410681
 ConcreteID CUSTOM = SC4hhaeq4f11607096919 AbstractID CUSTOM = SA1awaq4a4e63474189149

	ROLE = LeftClickAt
	TARGET =
		WIDGET = WCge185i223621911881, WR5quxi6b4097176690, WT5quxi6b4097176690, WP1ia28r81e1326035840
		ROLE = UIATreeItem
		TITLE = 
		SHAPE = Rect [x:1393.0 y:1010.0 w:175.0 h:26.0]
		CHILDREN = 0
		PATH = [0, 1, 3, 1, 1, 11]
	DESCRIPTION = Left Click at ''
	TEXT = Compound Action =
		Move mouse to (1480.5, 1023.0).
		Press Mouse Button BUTTON1
		Release Mouse Button BUTTON1

ExecutedAction [82]: 
 @Action ConcreteID = AC3skzbt811112686856 AbstractID = AA3skzbt811112686856
 ConcreteID CUSTOM = ConcreteID CUSTOM not available AbstractID CUSTOM = AA4ozuk980764045437
 @State ConcreteID = SC1xfu3cu4e43789846677 AbstractID = SR1pzb1sp4bb1991267654
 ConcreteID CUSTOM = SC1b7rl654de3405945136 AbstractID CUSTOM = SAnlpx9f4e01546002762

	ROLE = LeftClickAt
	TARGET =
		WIDGET = WC1fbb2e920939640774, WR10fgh33101836453781, WT10fgh33101836453781, WPdopdxv1c2306111470
		ROLE = UIACustomControl
		TITLE = 
		SHAPE = Rect [x:548.0 y:993.0 w:222.0 h:30.0]
		CHILDREN = 0
		PATH = [0, 2, 0, 0]
	DESCRIPTION = Left Click at ''
	TEXT = Compound Action =
		Move mouse to (659.0, 1008.0).
		Press Mouse Button BUTTON1
		Release Mouse Button BUTTON1

ExecutedAction [83]: 
 @Action ConcreteID = ACrgewj4812040954481 AbstractID = AArgewj4812040954481
 ConcreteID CUSTOM = ConcreteID CUSTOM not available AbstractID CUSTOM = AAriqbhw813794268548
 @State ConcreteID = SC1yv554b4f43241655328 AbstractID = SR152pf2n4bb3332410681
 ConcreteID CUSTOM = SC4hhaeq4f11607096919 AbstractID CUSTOM = SA1awaq4a4e63474189149

	ROLE = LeftClickAt
	TARGET =
		WIDGET = WC1yva3b819571385781, WR1h6ibpb92248851252, WT1h6ibpb92248851252, WP1ezc4l2152515918777
		ROLE = UIAButton
		TITLE = 
		SHAPE = Rect [x:1968.0 y:716.0 w:16.0 h:20.0]
		CHILDREN = 0
		PATH = [0, 1, 2, 0]
	DESCRIPTION = Left Click at ''
	TEXT = Compound Action =
		Move mouse to (1976.0, 726.0).
		Press Mouse Button BUTTON1
		Release Mouse Button BUTTON1

ExecutedAction [84]: 
 @Action ConcreteID = ACg4zklk111297565323 AbstractID = AA1yfg9pkd52972033773
 ConcreteID CUSTOM = ConcreteID CUSTOM not available AbstractID CUSTOM = AAm9uxprd62058220373
 @State ConcreteID = SCt79ewc4cf2108369906 AbstractID = SR158y6ki4a72587563342
 ConcreteID CUSTOM = SCwu6wa14ca2392507003 AbstractID CUSTOM = SA1ibrnzn4cc1635920292

	ROLE = ClickTypeInto
	TARGET =
		WIDGET = WCp8peg1143203829117, WR4n0dlj72701565195, WT4n0dlj72701565195, WP1mofnan101641724124
		ROLE = UIAEdit
		TITLE = 
		SHAPE = Rect [x:1738.0 y:715.0 w:250.0 h:20.0]
		CHILDREN = 0
		PATH = [1, 1, 2]
	DESCRIPTION = Type '"`'><script>\xE2...' into '
	TEXT = Compound Action =
		Compound Action =
		Move mouse to (1863.0, 725.0).
		Press Mouse Button BUTTON1
		Release Mouse Button BUTTON1
		Press Key 17
		Press Key 65
		Release Key 65
		Release Key 17
		Type text '"`'><script>\xE2\x80\x82javascript:alert(1)</script>'

ExecutedAction [85]: 
 @Action ConcreteID = ACfwhuf8812894256925 AbstractID = AAfwhuf8812894256925
 ConcreteID CUSTOM = ConcreteID CUSTOM not available AbstractID CUSTOM = AAgswpno803277517416
 @State ConcreteID = SC1xfu3cu4e43789846677 AbstractID = SR1pzb1sp4bb1991267654
 ConcreteID CUSTOM = SC1b7rl654de3405945136 AbstractID CUSTOM = SAnlpx9f4e01546002762

	ROLE = LeftClickAt
	TARGET =
		WIDGET = WC19yip8s1a3424551829, WR4na8ob72534219213, WT4na8ob72534219213, WP4unimy163509283269
		ROLE = UIATree
		TITLE = 
		SHAPE = Rect [x:1388.0 y:736.0 w:180.0 h:400.0]
		CHILDREN = 16
		PATH = [1, 1, 3, 1, 1]
	DESCRIPTION = Left Click at ''
	TEXT = Compound Action =
		Move mouse to (1478.0, 936.0).
		Press Mouse Button BUTTON1
		Release Mouse Button BUTTON1

ExecutedAction [86]: 
 @Action ConcreteID = ACwignd7803767699114 AbstractID = AAwignd7803767699114
 ConcreteID CUSTOM = ConcreteID CUSTOM not available AbstractID CUSTOM = AA7c58kr7f2295075452
 @State ConcreteID = SC1xfu3cu4e43789846677 AbstractID = SR1pzb1sp4bb1991267654
 ConcreteID CUSTOM = SC1b7rl654de3405945136 AbstractID CUSTOM = SAnlpx9f4e01546002762

	ROLE = LeftClickAt
	TARGET =
		WIDGET = WCsn8pvj193222047045, WR1h6ibpb92248851252, WT1h6ibpb92248851252, WP8rar5d152012737865
		ROLE = UIAButton
		TITLE = 
		SHAPE = Rect [x:639.0 y:963.0 w:26.0 h:26.0]
		CHILDREN = 0
		PATH = [0, 2, 1, 3]
	DESCRIPTION = Left Click at ''
	TEXT = Compound Action =
		Move mouse to (652.0, 976.0).
		Press Mouse Button BUTTON1
		Release Mouse Button BUTTON1

ExecutedAction [87]: 
 @Action ConcreteID = ACpx3lhd802568418148 AbstractID = AApx3lhd802568418148
 ConcreteID CUSTOM = ConcreteID CUSTOM not available AbstractID CUSTOM = AAx5lpuf81331151622
 @State ConcreteID = SCgx1im24f42114416956 AbstractID = SR152pf2n4bb3332410681
 ConcreteID CUSTOM = SC1hfsn5d4f12650458807 AbstractID CUSTOM = SA1awaq4a4e63474189149

	ROLE = LeftClickAt
	TARGET =
		WIDGET = WCge184n223472542728, WR5quxi6b4097176690, WT5quxi6b4097176690, WP1ia28qd1e1444053697
		ROLE = UIATreeItem
		TITLE = 
		SHAPE = Rect [x:1393.0 y:984.0 w:175.0 h:26.0]
		CHILDREN = 0
		PATH = [0, 1, 3, 1, 1, 10]
	DESCRIPTION = Left Click at ''
	TEXT = Compound Action =
		Move mouse to (1480.5, 997.0).
		Press Mouse Button BUTTON1
		Release Mouse Button BUTTON1

ExecutedAction [88]: 
 @Action ConcreteID = ACerxv53802519954816 AbstractID = AAerxv53802519954816
 ConcreteID CUSTOM = ConcreteID CUSTOM not available AbstractID CUSTOM = AA1h7i7kw802756037309
 @State ConcreteID = SCpm64na4e34053648714 AbstractID = SR1pzb1sp4bb1991267654
 ConcreteID CUSTOM = SC1ul9pte4df2104814506 AbstractID CUSTOM = SAnlpx9f4e01546002762

	ROLE = LeftClickAt
	TARGET =
		WIDGET = WC4kuxdr211873192813, WR5quxi6b4097176690, WT5quxi6b4097176690, WP17vuy91d1439224367
		ROLE = UIATreeItem
		TITLE = 
		SHAPE = Rect [x:1388.0 y:888.0 w:180.0 h:22.0]
		CHILDREN = 0
		PATH = [1, 1, 3, 1, 1, 6]
	DESCRIPTION = Left Click at ''
	TEXT = Compound Action =
		Move mouse to (1478.0, 899.0).
		Press Mouse Button BUTTON1
		Release Mouse Button BUTTON1

ExecutedAction [89]: 
 @Action ConcreteID = AC1vufbs77f1212501918 AbstractID = AA1vufbs77f1212501918
 ConcreteID CUSTOM = ConcreteID CUSTOM not available AbstractID CUSTOM = AA2mx3da7f3868627378
 @State ConcreteID = SCpm64na4e34053648714 AbstractID = SR1pzb1sp4bb1991267654
 ConcreteID CUSTOM = SC1ul9pte4df2104814506 AbstractID CUSTOM = SAnlpx9f4e01546002762

	ROLE = LeftClickAt
	TARGET =
		WIDGET = WC1pm5r0o232668325901, WR17v7k2nb1067391859, WT1p8hf68161996799177, WP19ngj4m1f1149120030
		ROLE = UIAMenuItem
		TITLE = Video Alt+V
		SHAPE = Rect [x:708.0 y:938.0 w:46.0 h:20.0]
		CHILDREN = 0
		PATH = [0, 1, 3]
	DESCRIPTION = Left Click at 'Video Alt+V'
	TEXT = Compound Action =
		Move mouse to (731.0, 948.0).
		Press Mouse Button BUTTON1
		Release Mouse Button BUTTON1

ExecutedAction [90]: 
 @Action ConcreteID = AC6gv5wr8028262680 AbstractID = AA6gv5wr8028262680
 ConcreteID CUSTOM = ConcreteID CUSTOM not available AbstractID CUSTOM = AA160dxp2813085606487
 @State ConcreteID = SCam7u526221518747092 AbstractID = SRe6fmze5e62355867873
 ConcreteID CUSTOM = SC1ni00bl6203353526648 AbstractID CUSTOM = SA174kc306121301188813

	ROLE = LeftClickAt
	TARGET =
		WIDGET = WC1h88ute212355931434, WR5quxi6b4097176690, WT5quxi6b4097176690, WP1dv9sdw1d3053640808
		ROLE = UIATreeItem
		TITLE = 
		SHAPE = Rect [x:1388.0 y:788.0 w:180.0 h:22.0]
		CHILDREN = 0
		PATH = [0, 1, 3, 1, 1, 2]
	DESCRIPTION = Left Click at ''
	TEXT = Compound Action =
		Move mouse to (1478.0, 799.0).
		Press Mouse Button BUTTON1
		Release Mouse Button BUTTON1

ExecutedAction [91]: 
 @Action ConcreteID = AC1ijf0k7f639618128 AbstractID = AA1ijf0k7f639618128
 ConcreteID CUSTOM = ConcreteID CUSTOM not available AbstractID CUSTOM = AA7c58kr7f2295075452
 @State ConcreteID = SCpm64na4e34053648714 AbstractID = SR1pzb1sp4bb1991267654
 ConcreteID CUSTOM = SC1ul9pte4df2104814506 AbstractID CUSTOM = SAnlpx9f4e01546002762

	ROLE = LeftClickAt
	TARGET =
		WIDGET = WCsn8pvj193222047045, WR1h6ibpb92248851252, WT1h6ibpb92248851252, WP8rar5d152012737865
		ROLE = UIAButton
		TITLE = 
		SHAPE = Rect [x:639.0 y:963.0 w:26.0 h:26.0]
		CHILDREN = 0
		PATH = [0, 2, 1, 3]
	DESCRIPTION = Left Click at ''
	TEXT = Compound Action =
		Move mouse to (652.0, 976.0).
		Press Mouse Button BUTTON1
		Release Mouse Button BUTTON1

ExecutedAction [92]: 
 @Action ConcreteID = ACnaheajf42239301184 AbstractID = AAmv0qs4d52113027142
 ConcreteID CUSTOM = ConcreteID CUSTOM not available AbstractID CUSTOM = AA1yyvmbhd61241526473
 @State ConcreteID = SCnc4fde4f51073254146 AbstractID = SR152pf2n4bb3332410681
 ConcreteID CUSTOM = SC1tes5z24f22555509832 AbstractID CUSTOM = SA1awaq4a4e63474189149

	ROLE = ClickTypeInto
	TARGET =
		WIDGET = WC1vg6zcy141918668259, WR4n0dlj72701565195, WT4n0dlj72701565195, WPtut68g102909845570
		ROLE = UIAEdit
		TITLE = 
		SHAPE = Rect [x:1738.0 y:715.0 w:250.0 h:20.0]
		CHILDREN = 1
		PATH = [0, 1, 2]
	DESCRIPTION = Type 'Kernel.exec("ls ...' into '
	TEXT = Compound Action =
		Compound Action =
		Move mouse to (1863.0, 725.0).
		Press Mouse Button BUTTON1
		Release Mouse Button BUTTON1
		Press Key 17
		Press Key 65
		Release Key 65
		Release Key 17
		Type text 'Kernel.exec("ls -al /")'

ExecutedAction [93]: 
 @Action ConcreteID = AC18rg608812655988682 AbstractID = AA18rg608812655988682
 ConcreteID CUSTOM = ConcreteID CUSTOM not available AbstractID CUSTOM = AAsn1y1b813323269476
 @State ConcreteID = SCpm64na4e34053648714 AbstractID = SR1pzb1sp4bb1991267654
 ConcreteID CUSTOM = SC1ul9pte4df2104814506 AbstractID CUSTOM = SAnlpx9f4e01546002762

	ROLE = LeftClickAt
	TARGET =
		WIDGET = WC1p3bdt81a4162459718, WR4n4ygb71694219017, WT4n4ygb71694219017, WPph3iwq163303930295
		ROLE = UIAList
		TITLE = 
		SHAPE = Rect [x:1573.0 y:736.0 w:415.0 h:672.0]
		CHILDREN = 0
		PATH = [1, 1, 3, 0, 0]
	DESCRIPTION = Left Click at ''
	TEXT = Compound Action =
		Move mouse to (1780.5, 1072.0).
		Press Mouse Button BUTTON1
		Release Mouse Button BUTTON1

ExecutedAction [94]: 
 @Action ConcreteID = AC10fg29980927689219 AbstractID = AA10fg29980927689219
 ConcreteID CUSTOM = ConcreteID CUSTOM not available AbstractID CUSTOM = AA3twcpy8087938366
 @State ConcreteID = SCpm64na4e34053648714 AbstractID = SR1pzb1sp4bb1991267654
 ConcreteID CUSTOM = SC1ul9pte4df2104814506 AbstractID CUSTOM = SAnlpx9f4e01546002762

	ROLE = LeftClickAt
	TARGET =
		WIDGET = WC4kuxem211992136236, WR5quxi6b4097176690, WT5quxi6b4097176690, WP17vuz41d1288954734
		ROLE = UIATreeItem
		TITLE = 
		SHAPE = Rect [x:1393.0 y:910.0 w:175.0 h:26.0]
		CHILDREN = 0
		PATH = [1, 1, 3, 1, 1, 7]
	DESCRIPTION = Left Click at ''
	TEXT = Compound Action =
		Move mouse to (1480.5, 923.0).
		Press Mouse Button BUTTON1
		Release Mouse Button BUTTON1

ExecutedAction [95]: 
 @Action ConcreteID = AC14e0ev6811351999205 AbstractID = AA14e0ev6811351999205
 ConcreteID CUSTOM = ConcreteID CUSTOM not available AbstractID CUSTOM = AA1vtsesq801759744336
 @State ConcreteID = SC127ake05091256200781 AbstractID = SR1apmwkl4e13830274946
 ConcreteID CUSTOM = SC1pqrcpb5092935706179 AbstractID CUSTOM = SAsgehst5073672282476

	ROLE = LeftClickAt
	TARGET =
		WIDGET = WC1dmk8zf1d2114896093, WR10fgh33101836453781, WT10fgh33101836453781, WPvxj9ah193059547802
		ROLE = UIACustomControl
		TITLE = 
		SHAPE = Rect [x:1388.0 y:714.0 w:307.0 h:22.0]
		CHILDREN = 1
		PATH = [1, 1, 0]
	DESCRIPTION = Left Click at ''
	TEXT = Compound Action =
		Move mouse to (1541.5, 725.0).
		Press Mouse Button BUTTON1
		Release Mouse Button BUTTON1

ExecutedAction [96]: 
 @Action ConcreteID = ACyx3rm180117423961 AbstractID = AAyx3rm180117423961
 ConcreteID CUSTOM = ConcreteID CUSTOM not available AbstractID CUSTOM = AAv7zrhd7f2826096379
 @State ConcreteID = SC127ake05091256200781 AbstractID = SR1apmwkl4e13830274946
 ConcreteID CUSTOM = SC1pqrcpb5092935706179 AbstractID CUSTOM = SAsgehst5073672282476

	ROLE = LeftClickAt
	TARGET =
		WIDGET = WCsn8pvj193222047045, WR1h6ibpb92248851252, WT1h6ibpb92248851252, WP8rar5d152012737865
		ROLE = UIAButton
		TITLE = 
		SHAPE = Rect [x:639.0 y:963.0 w:26.0 h:26.0]
		CHILDREN = 0
		PATH = [0, 2, 1, 3]
	DESCRIPTION = Left Click at ''
	TEXT = Compound Action =
		Move mouse to (652.0, 976.0).
		Press Mouse Button BUTTON1
		Release Mouse Button BUTTON1

ExecutedAction [97]: 
 @Action ConcreteID = AC1irp4q57f840557221 AbstractID = AA1irp4q57f840557221
 ConcreteID CUSTOM = ConcreteID CUSTOM not available AbstractID CUSTOM = AA1fn8ei17f11821817
 @State ConcreteID = SCk0viaj51d2239050658 AbstractID = SRm4zxiv4e14088624738
 ConcreteID CUSTOM = SC1pq4z2h5181579679649 AbstractID CUSTOM = SAp1pix450e1655099051

	ROLE = LeftClickAt
	TARGET =
		WIDGET = WC1xyhva919412706756, WR1h6ibpb92248851252, WT1h6ibpb92248851252, WP1e2jwk3152942443464
		ROLE = UIAButton
		TITLE = 
		SHAPE = Rect [x:607.0 y:960.0 w:32.0 h:32.0]
		CHILDREN = 0
		PATH = [1, 2, 1, 2]
	DESCRIPTION = Left Click at ''
	TEXT = Compound Action =
		Move mouse to (623.0, 976.0).
		Press Mouse Button BUTTON1
		Release Mouse Button BUTTON1

ExecutedAction [98]: 
 @Action ConcreteID = AC1vrchx07f4134087494 AbstractID = AA1vrchx07f4134087494
 ConcreteID CUSTOM = ConcreteID CUSTOM not available AbstractID CUSTOM = AA1smvrow7f3301223194
 @State ConcreteID = SCk0viaj51d2239050658 AbstractID = SRm4zxiv4e14088624738
 ConcreteID CUSTOM = SC1pq4z2h5181579679649 AbstractID CUSTOM = SAp1pix450e1655099051

	ROLE = LeftClickAt
	TARGET =
		WIDGET = WC1nw5fje232322101861, WR17v7k2nb1067391859, WT12et6eo161830467638, WP1zgomw1f4216371612
		ROLE = UIAMenuItem
		TITLE = Media Alt+M
		SHAPE = Rect [x:548.0 y:938.0 w:49.0 h:20.0]
		CHILDREN = 0
		PATH = [1, 1, 0]
	DESCRIPTION = Left Click at 'Media Alt+M'
	TEXT = Compound Action =
		Move mouse to (572.5, 948.0).
		Press Mouse Button BUTTON1
		Release Mouse Button BUTTON1

ExecutedAction [99]: 
 @Action ConcreteID = AC1cg2ugj802084193777 AbstractID = AA1cg2ugj802084193777
 ConcreteID CUSTOM = ConcreteID CUSTOM not available AbstractID CUSTOM = AAit2vm97f2149263682
 @State ConcreteID = SCukksw465f2553833364 AbstractID = SR1saaswc620760090596
 ConcreteID CUSTOM = SC11l7ils65c1417066979 AbstractID CUSTOM = SAk9eaqp651159815549

	ROLE = LeftClickAt
	TARGET =
		WIDGET = WC1h88uro213193621416, WR5quxi6b4097176690, WT5quxi6b4097176690, WP1dv9sc61d2218049258
		ROLE = UIATreeItem
		TITLE = 
		SHAPE = Rect [x:1388.0 y:736.0 w:180.0 h:26.0]
		CHILDREN = 0
		PATH = [0, 1, 3, 1, 1, 0]
	DESCRIPTION = Left Click at ''
	TEXT = Compound Action =
		Move mouse to (1478.0, 749.0).
		Press Mouse Button BUTTON1
		Release Mouse Button BUTTON1

ExecutedAction [100]: 
 @Action ConcreteID = ACcc28ai7f3444249089 AbstractID = AAcc28ai7f3444249089
 ConcreteID CUSTOM = ConcreteID CUSTOM not available AbstractID CUSTOM = AAamg36t7f3970458023
 @State ConcreteID = SCwcf64v4e32347263100 AbstractID = SR1pzb1sp4bb1991267654
 ConcreteID CUSTOM = SCvlbdzh4e01890175979 AbstractID CUSTOM = SAnlpx9f4e01546002762

	ROLE = LeftClickAt
	TARGET =
		WIDGET = WC1fbuuzm2090304118, WR10fgh33101836453781, WT10fgh33101836453781, WPdp96j81c3021233758
		ROLE = UIACustomControl
		TITLE = 
		SHAPE = Rect [x:551.0 y:960.0 w:16.0 h:32.0]
		CHILDREN = 1
		PATH = [0, 2, 1, 0]
	DESCRIPTION = Left Click at ''
	TEXT = Compound Action =
		Move mouse to (559.0, 976.0).
		Press Mouse Button BUTTON1
		Release Mouse Button BUTTON1

Sequence 1 finished.
Copying generated sequence ("sequence733") to output directory...
Copying classified sequence ("sequence733") to sequences_ok folder...
