Starting sequence 1 (output as: sequence366)

ExecutedAction [1]: 
 @Action ConcreteID = AC2wmf2f8116600833 AbstractID = AA2wmf2f8116600833
 ConcreteID CUSTOM = ConcreteID CUSTOM not available AbstractID CUSTOM = AA1fzn99r803421991503
 @State ConcreteID = SC1ahqgw54862485165172 AbstractID = SR1m4mfa345e865093084
 ConcreteID CUSTOM = SC1s2q2164864289224170 AbstractID CUSTOM = SA3xfaz74732479726616

	ROLE = LeftClickAt
	TARGET =
		WIDGET = WC93thhc204104898392, WR10fgh33101836453781, WT10fgh33101836453781, WP16ibv021c1172207472
		ROLE = UIACustomControl
		TITLE = 
		SHAPE = Rect [x:548.0 y:993.0 w:600.0 h:300.0]
		CHILDREN = 4
		PATH = [0, 3, 0, 0]
	DESCRIPTION = Left Click at ''
	TEXT = Compound Action =
		Move mouse to (848.0, 1143.0).
		Press Mouse Button BUTTON1
		Release Mouse Button BUTTON1

ExecutedAction [2]: 
 @Action ConcreteID = ACs4204d814142197338 AbstractID = AAs4204d814142197338
 ConcreteID CUSTOM = ConcreteID CUSTOM not available AbstractID CUSTOM = AA1njo83s80639282277
 @State ConcreteID = SC18rf5pw4702592875792 AbstractID = SRjjy19u44a3349665755
 ConcreteID CUSTOM = SC1rv1tmd46b4121352227 AbstractID CUSTOM = SAyjop8x46b1406169761

	ROLE = LeftClickAt
	TARGET =
		WIDGET = WC5xpkbv1c2341201004, WR1p34e3y91942684430, WT1p34e3y91942684430, WP1apngjd183937737785
		ROLE = UIASlider
		TITLE = 
		SHAPE = Rect [x:1050.0 y:966.0 w:85.0 h:26.0]
		CHILDREN = 0
		PATH = [0, 2, 2, 0, 1]
	DESCRIPTION = Left Click at ''
	TEXT = Compound Action =
		Move mouse to (1092.5, 979.0).
		Press Mouse Button BUTTON1
		Release Mouse Button BUTTON1

ExecutedAction [3]: 
 @Action ConcreteID = AC1qpaxdc80548344849 AbstractID = AA1qpaxdc80548344849
 ConcreteID CUSTOM = ConcreteID CUSTOM not available AbstractID CUSTOM = AA1boe7mt7f3204439284
 @State ConcreteID = SC18rf5pw4702592875792 AbstractID = SRjjy19u44a3349665755
 ConcreteID CUSTOM = SC1rv1tmd46b4121352227 AbstractID CUSTOM = SAyjop8x46b1406169761

	ROLE = LeftClickAt
	TARGET =
		WIDGET = WC19h71zr1c2745612408, WR88rmk0b1934231702, WT88rmk0b1934231702, WPqaifmt183472837339
		ROLE = UIACheckBox
		TITLE = 
		SHAPE = Rect [x:801.0 y:963.0 w:26.0 h:26.0]
		CHILDREN = 0
		PATH = [0, 2, 2, 10]
	DESCRIPTION = Left Click at ''
	TEXT = Compound Action =
		Move mouse to (814.0, 976.0).
		Press Mouse Button BUTTON1
		Release Mouse Button BUTTON1

ExecutedAction [4]: 
 @Action ConcreteID = ACtcas1n803618409274 AbstractID = AAtcas1n803618409274
 ConcreteID CUSTOM = ConcreteID CUSTOM not available AbstractID CUSTOM = AAebe2b47f1241269215
 @State ConcreteID = SC18rf5pw4702592875792 AbstractID = SRjjy19u44a3349665755
 ConcreteID CUSTOM = SC1rv1tmd46b4121352227 AbstractID CUSTOM = SAyjop8x46b1406169761

	ROLE = LeftClickAt
	TARGET =
		WIDGET = WCsnsiim193522581523, WR1h6ibpb92248851252, WT1h6ibpb92248851252, WP8rujsg151712139295
		ROLE = UIAButton
		TITLE = 
		SHAPE = Rect [x:647.0 y:963.0 w:26.0 h:26.0]
		CHILDREN = 0
		PATH = [0, 2, 2, 5]
	DESCRIPTION = Left Click at ''
	TEXT = Compound Action =
		Move mouse to (660.0, 976.0).
		Press Mouse Button BUTTON1
		Release Mouse Button BUTTON1

ExecutedAction [5]: 
 @Action ConcreteID = ACw3x81w812260931633 AbstractID = AAw3x81w812260931633
 ConcreteID CUSTOM = ConcreteID CUSTOM not available AbstractID CUSTOM = AA1rjjg1b801446859278
 @State ConcreteID = SC18rf5pw4702592875792 AbstractID = SRjjy19u44a3349665755
 ConcreteID CUSTOM = SC1rv1tmd46b4121352227 AbstractID CUSTOM = SAyjop8x46b1406169761

	ROLE = LeftClickAt
	TARGET =
		WIDGET = WCtl4gge202358536203, WR4n4ygb71694219017, WT4n4ygb71694219017, WP5xk0s1c1898872370
		ROLE = UIAList
		TITLE = 
		SHAPE = Rect [x:733.0 y:1018.0 w:415.0 h:272.0]
		CHILDREN = 0
		PATH = [0, 2, 0, 0, 3, 0, 0]
	DESCRIPTION = Left Click at ''
	TEXT = Compound Action =
		Move mouse to (940.5, 1154.0).
		Press Mouse Button BUTTON1
		Release Mouse Button BUTTON1

ExecutedAction [6]: 
 @Action ConcreteID = ACq0vr14803412830328 AbstractID = AAq0vr14803412830328
 ConcreteID CUSTOM = ConcreteID CUSTOM not available AbstractID CUSTOM = AAazz1al7f1429954717
 @State ConcreteID = SC18rf5pw4702592875792 AbstractID = SRjjy19u44a3349665755
 ConcreteID CUSTOM = SC1rv1tmd46b4121352227 AbstractID CUSTOM = SAyjop8x46b1406169761

	ROLE = LeftClickAt
	TARGET =
		WIDGET = WCsnsil7191683499614, WR1h6ibpb92248851252, WT1h6ibpb92248851252, WP8rujv1153550696018
		ROLE = UIAButton
		TITLE = 
		SHAPE = Rect [x:749.0 y:963.0 w:26.0 h:26.0]
		CHILDREN = 0
		PATH = [0, 2, 2, 8]
	DESCRIPTION = Left Click at ''
	TEXT = Compound Action =
		Move mouse to (762.0, 976.0).
		Press Mouse Button BUTTON1
		Release Mouse Button BUTTON1

ExecutedAction [7]: 
 @Action ConcreteID = ACg7hgxs804282359328 AbstractID = AAg7hgxs804282359328
 ConcreteID CUSTOM = ConcreteID CUSTOM not available AbstractID CUSTOM = AAc9jw14802280663908
 @State ConcreteID = SC1upx5yl2ef1109330879 AbstractID = SRhm0lj32dc1979954928
 ConcreteID CUSTOM = SCj60bga2e62071604510 AbstractID CUSTOM = SA14rmmgy2ed2766135332

	ROLE = LeftClickAt
	TARGET =
		WIDGET = WCsnsil7191683499614, WR1h6ibpb92248851252, WT1h6ibpb92248851252, WP8rujv1153550696018
		ROLE = UIAButton
		TITLE = 
		SHAPE = Rect [x:749.0 y:963.0 w:26.0 h:26.0]
		CHILDREN = 0
		PATH = [0, 2, 2, 8]
	DESCRIPTION = Left Click at ''
	TEXT = Compound Action =
		Move mouse to (762.0, 976.0).
		Press Mouse Button BUTTON1
		Release Mouse Button BUTTON1

ExecutedAction [8]: 
 @Action ConcreteID = AC1yrrj51811405660361 AbstractID = AA1yrrj51811405660361
 ConcreteID CUSTOM = ConcreteID CUSTOM not available AbstractID CUSTOM = AAv69p5c802201414390
 @State ConcreteID = SC18rf5pw4702592875792 AbstractID = SRjjy19u44a3349665755
 ConcreteID CUSTOM = SC1rv1tmd46b4121352227 AbstractID CUSTOM = SAyjop8x46b1406169761

	ROLE = LeftClickAt
	TARGET =
		WIDGET = WC1cj90xv241472876304, WR1e04pz3e358922214, WT1e04pz3e358922214, WP163y8ad202550790949
		ROLE = UIASplitButton
		TITLE = 
		SHAPE = Rect [x:548.0 y:1018.0 w:180.0 h:272.0]
		CHILDREN = 3
		PATH = [0, 2, 0, 0, 3, 1]
	DESCRIPTION = Left Click at ''
	TEXT = Compound Action =
		Move mouse to (638.0, 1154.0).
		Press Mouse Button BUTTON1
		Release Mouse Button BUTTON1

ExecutedAction [9]: 
 @Action ConcreteID = AC1b1p4ok811550936468 AbstractID = AA1b1p4ok811550936468
 ConcreteID CUSTOM = ConcreteID CUSTOM not available AbstractID CUSTOM = AA77n1jq80930262672
 @State ConcreteID = SC1o9x68b4ec4078135647 AbstractID = SRfoeh3m4bc364238519
 ConcreteID CUSTOM = SCn8brtp4e31200166173 AbstractID CUSTOM = SA2q8il44e23322047239

	ROLE = LeftClickAt
	TARGET =
		WIDGET = WCtl4gge202358536203, WR4n4ygb71694219017, WT4n4ygb71694219017, WP5xk0s1c1898872370
		ROLE = UIAList
		TITLE = 
		SHAPE = Rect [x:733.0 y:1018.0 w:415.0 h:272.0]
		CHILDREN = 6
		PATH = [0, 2, 0, 0, 3, 0, 0]
	DESCRIPTION = Left Click at ''
	TEXT = Compound Action =
		Move mouse to (940.5, 1154.0).
		Press Mouse Button BUTTON1
		Release Mouse Button BUTTON1

ExecutedAction [10]: 
 @Action ConcreteID = ACmxz9qp813858044603 AbstractID = AAmxz9qp813858044603
 ConcreteID CUSTOM = ConcreteID CUSTOM not available AbstractID CUSTOM = AA1i518kz802398540223
 @State ConcreteID = SC1o9x68b4ec4078135647 AbstractID = SRfoeh3m4bc364238519
 ConcreteID CUSTOM = SCn8brtp4e31200166173 AbstractID CUSTOM = SA2q8il44e23322047239

	ROLE = LeftClickAt
	TARGET =
		WIDGET = WCb8ooo1273207854480, WR5quxi6b4097176690, WT5quxi6b4097176690, WP1sol9ar231049943358
		ROLE = UIATreeItem
		TITLE = 
		SHAPE = Rect [x:553.0 y:1066.0 w:158.0 h:26.0]
		CHILDREN = 0
		PATH = [0, 2, 0, 0, 3, 1, 1, 2]
	DESCRIPTION = Left Click at ''
	TEXT = Compound Action =
		Move mouse to (632.0, 1079.0).
		Press Mouse Button BUTTON1
		Release Mouse Button BUTTON1

ExecutedAction [11]: 
 @Action ConcreteID = AC19cndf77e3902523467 AbstractID = AA19cndf77e3902523467
 ConcreteID CUSTOM = ConcreteID CUSTOM not available AbstractID CUSTOM = AAueoa217f4079554040
 @State ConcreteID = SCpbph2v46f832138028 AbstractID = SRjjy19u44a3349665755
 ConcreteID CUSTOM = SC1sgs4hx46b1604234034 AbstractID CUSTOM = SAyjop8x46b1406169761

	ROLE = LeftClickAt
	TARGET =
		WIDGET = WCsnsihr193371001170, WR1h6ibpb92248851252, WT1h6ibpb92248851252, WP8rujrl152132155742
		ROLE = UIAButton
		TITLE = 
		SHAPE = Rect [x:621.0 y:963.0 w:26.0 h:26.0]
		CHILDREN = 0
		PATH = [0, 2, 2, 4]
	DESCRIPTION = Left Click at ''
	TEXT = Compound Action =
		Move mouse to (634.0, 976.0).
		Press Mouse Button BUTTON1
		Release Mouse Button BUTTON1

ExecutedAction [12]: 
 @Action ConcreteID = ACigyb817e2628338999 AbstractID = AAigyb817e2628338999
 ConcreteID CUSTOM = ConcreteID CUSTOM not available AbstractID CUSTOM = AA3iz7uv7f2266726532
 @State ConcreteID = SCpbph2v46f832138028 AbstractID = SRjjy19u44a3349665755
 ConcreteID CUSTOM = SC1sgs4hx46b1604234034 AbstractID CUSTOM = SAyjop8x46b1406169761

	ROLE = LeftClickAt
	TARGET =
		WIDGET = WCsnsikc193821024913, WR1h6ibpb92248851252, WT1h6ibpb92248851252, WP8ruju6151413172893
		ROLE = UIAButton
		TITLE = 
		SHAPE = Rect [x:711.0 y:963.0 w:26.0 h:26.0]
		CHILDREN = 0
		PATH = [0, 2, 2, 7]
	DESCRIPTION = Left Click at ''
	TEXT = Compound Action =
		Move mouse to (724.0, 976.0).
		Press Mouse Button BUTTON1
		Release Mouse Button BUTTON1

ExecutedAction [13]: 
 @Action ConcreteID = AC1wxw8f37f2667519857 AbstractID = AA1wxw8f37f2667519857
 ConcreteID CUSTOM = ConcreteID CUSTOM not available AbstractID CUSTOM = AA1fx586q7f3019970838
 @State ConcreteID = SC3k56k79261584619321 AbstractID = SR2oe6ry8c9668244600
 ConcreteID CUSTOM = SC1j5f5yx931117587728 AbstractID CUSTOM = SA1o0p0wu91c797932869

	ROLE = LeftClickAt
	TARGET =
		WIDGET = WC1wrqmi2234196699901, WR17v7k2nb1067391859, WTwtxn65161410781764, WPzqtl881f1988517030
		ROLE = UIAMenuItem
		TITLE = Tools Alt+s
		SHAPE = Rect [x:810.0 y:938.0 w:43.0 h:20.0]
		CHILDREN = 0
		PATH = [0, 2, 5]
	DESCRIPTION = Left Click at 'Tools Alt+s'
	TEXT = Compound Action =
		Move mouse to (831.5, 948.0).
		Press Mouse Button BUTTON1
		Release Mouse Button BUTTON1

ExecutedAction [14]: 
 @Action ConcreteID = AC1wxw8f37f2667519857 AbstractID = AA1wxw8f37f2667519857
 ConcreteID CUSTOM = ConcreteID CUSTOM not available AbstractID CUSTOM = AA1fx586q7f3019970838
 @State ConcreteID = SC3k56k79261584619321 AbstractID = SR2oe6ry8c9668244600
 ConcreteID CUSTOM = SC1j5f5yx931117587728 AbstractID CUSTOM = SA1o0p0wu91c797932869

	ROLE = LeftClickAt
	TARGET =
		WIDGET = WC1wrqmi2234196699901, WR17v7k2nb1067391859, WTwtxn65161410781764, WPzqtl881f1988517030
		ROLE = UIAMenuItem
		TITLE = Tools Alt+s
		SHAPE = Rect [x:810.0 y:938.0 w:43.0 h:20.0]
		CHILDREN = 0
		PATH = [0, 2, 5]
	DESCRIPTION = Left Click at 'Tools Alt+s'
	TEXT = Compound Action =
		Move mouse to (831.5, 948.0).
		Press Mouse Button BUTTON1
		Release Mouse Button BUTTON1

ExecutedAction [15]: 
 @Action ConcreteID = AC12gi7t3801058828365 AbstractID = AA12gi7t3801058828365
 ConcreteID CUSTOM = ConcreteID CUSTOM not available AbstractID CUSTOM = AA811efo803974134448
 @State ConcreteID = SC3k56k79261584619321 AbstractID = SR2oe6ry8c9668244600
 ConcreteID CUSTOM = SC1j5f5yx931117587728 AbstractID CUSTOM = SA1o0p0wu91c797932869

	ROLE = LeftClickAt
	TARGET =
		WIDGET = WCdrk02m343723220059, WR1k8fo0ra1109144095, WTxko2cb18914322636, WP13nivk303854828260
		ROLE = UIATabItem
		TITLE = Stereo Widener
		SHAPE = Rect [x:1054.0 y:985.0 w:99.0 h:21.0]
		CHILDREN = 0
		PATH = [0, 0, 1, 0, 0, 0, 1, 3]
	DESCRIPTION = Left Click at 'Stereo Widener'
	TEXT = Compound Action =
		Move mouse to (1103.5, 995.5).
		Press Mouse Button BUTTON1
		Release Mouse Button BUTTON1

ExecutedAction [16]: 
 @Action ConcreteID = AC15m2iai802928886879 AbstractID = AA15m2iai802928886879
 ConcreteID CUSTOM = ConcreteID CUSTOM not available AbstractID CUSTOM = AA16krfaj7f3109827222
 @State ConcreteID = SC1zoofo72d2532854263 AbstractID = SR1rzzc4t6f32335965988
 ConcreteID CUSTOM = SC1j47yux7322471715174 AbstractID CUSTOM = SAvz9xnr725260065998

	ROLE = LeftClickAt
	TARGET =
		WIDGET = WChhkzxr203155281532, WR4na8ob72534219213, WT4na8ob72534219213, WPq67z251c32516421
		ROLE = UIATree
		TITLE = 
		SHAPE = Rect [x:548.0 y:1018.0 w:180.0 h:139.0]
		CHILDREN = 6
		PATH = [0, 3, 0, 0, 3, 1, 1]
	DESCRIPTION = Left Click at ''
	TEXT = Compound Action =
		Move mouse to (638.0, 1087.5).
		Press Mouse Button BUTTON1
		Release Mouse Button BUTTON1

ExecutedAction [17]: 
 @Action ConcreteID = AC94e0ts81468340501 AbstractID = AA94e0ts81468340501
 ConcreteID CUSTOM = ConcreteID CUSTOM not available AbstractID CUSTOM = AA12zufun804182112887
 @State ConcreteID = SC1zoofo72d2532854263 AbstractID = SR1rzzc4t6f32335965988
 ConcreteID CUSTOM = SC1j47yux7322471715174 AbstractID CUSTOM = SAvz9xnr725260065998

	ROLE = LeftClickAt
	TARGET =
		WIDGET = WCn3dwpy303975885943, WR88rmk0b1934231702, WTdz99qr112908560843, WP4d5dx02c3869919282
		ROLE = UIACheckBox
		TITLE = Enable
		SHAPE = Rect [x:844.0 y:1016.0 w:376.0 h:299.0]
		CHILDREN = 12
		PATH = [0, 0, 1, 0, 0, 0, 0, 0, 0]
	DESCRIPTION = Left Click at 'Enable'
	TEXT = Compound Action =
		Move mouse to (1032.0, 1165.5).
		Press Mouse Button BUTTON1
		Release Mouse Button BUTTON1

ExecutedAction [18]: 
 @Action ConcreteID = AC21vtte802656565668 AbstractID = AA21vtte802656565668
 ConcreteID CUSTOM = ConcreteID CUSTOM not available AbstractID CUSTOM = AA30kqtf7f2308476781
 @State ConcreteID = SC1zoofo72d2532854263 AbstractID = SR1rzzc4t6f32335965988
 ConcreteID CUSTOM = SC1j47yux7322471715174 AbstractID CUSTOM = SAvz9xnr725260065998

	ROLE = LeftClickAt
	TARGET =
		WIDGET = WC4ha5vk273662987990, WR5quxi6b4097176690, WT5quxi6b4097176690, WP1lx6qia231542710904
		ROLE = UIATreeItem
		TITLE = 
		SHAPE = Rect [x:553.0 y:1066.0 w:158.0 h:26.0]
		CHILDREN = 0
		PATH = [0, 3, 0, 0, 3, 1, 1, 2]
	DESCRIPTION = Left Click at ''
	TEXT = Compound Action =
		Move mouse to (632.0, 1079.0).
		Press Mouse Button BUTTON1
		Release Mouse Button BUTTON1

ExecutedAction [19]: 
 @Action ConcreteID = AC94e0ts81468340501 AbstractID = AA94e0ts81468340501
 ConcreteID CUSTOM = ConcreteID CUSTOM not available AbstractID CUSTOM = AA12zufun804182112887
 @State ConcreteID = SC1zoofo72d2532854263 AbstractID = SR1rzzc4t6f32335965988
 ConcreteID CUSTOM = SC1j47yux7322471715174 AbstractID CUSTOM = SAvz9xnr725260065998

	ROLE = LeftClickAt
	TARGET =
		WIDGET = WCs92yw42c3361510070, WR10fgh33101836453781, WT10fgh33101836453781, WP1teka3a283331709745
		ROLE = UIACustomControl
		TITLE = 
		SHAPE = Rect [x:835.0 y:1007.0 w:394.0 h:317.0]
		CHILDREN = 1
		PATH = [0, 0, 1, 0, 0, 0, 0, 0]
	DESCRIPTION = Left Click at ''
	TEXT = Compound Action =
		Move mouse to (1032.0, 1165.5).
		Press Mouse Button BUTTON1
		Release Mouse Button BUTTON1

ExecutedAction [20]: 
 @Action ConcreteID = ACxmwztf812049465959 AbstractID = AAxmwztf812049465959
 ConcreteID CUSTOM = ConcreteID CUSTOM not available AbstractID CUSTOM = AA1rideua802559044357
 @State ConcreteID = SC1zoofo72d2532854263 AbstractID = SR1rzzc4t6f32335965988
 ConcreteID CUSTOM = SC1j47yux7322471715174 AbstractID CUSTOM = SAvz9xnr725260065998

	ROLE = LeftClickAt
	TARGET =
		WIDGET = WC1n98eey23743137595, WR10fgh33101836453781, WT10fgh33101836453781, WPr1hwi01f3737083353
		ROLE = UIACustomControl
		TITLE = 
		SHAPE = Rect [x:824.0 y:976.0 w:418.0 h:361.0]
		CHILDREN = 1
		PATH = [0, 0, 1, 0, 0]
	DESCRIPTION = Left Click at ''
	TEXT = Compound Action =
		Move mouse to (1033.0, 1156.5).
		Press Mouse Button BUTTON1
		Release Mouse Button BUTTON1

ExecutedAction [21]: 
 @Action ConcreteID = AC1qlui3j7f2221479138 AbstractID = AA1qlui3j7f2221479138
 ConcreteID CUSTOM = ConcreteID CUSTOM not available AbstractID CUSTOM = AA1aljxta7e4238450300
 @State ConcreteID = SC1zoofo72d2532854263 AbstractID = SR1rzzc4t6f32335965988
 ConcreteID CUSTOM = SC1j47yux7322471715174 AbstractID CUSTOM = SAvz9xnr725260065998

	ROLE = LeftClickAt
	TARGET =
		WIDGET = WC194dial2f319575666, WR1k8fo0ra1109144095, WTiy3hkn133698992215, WPkov0sv2b2847267803
		ROLE = UIATabItem
		TITLE = Equalizer
		SHAPE = Rect [x:833.0 y:985.0 w:67.0 h:21.0]
		CHILDREN = 0
		PATH = [0, 0, 1, 0, 0, 0, 1, 0]
	DESCRIPTION = Left Click at 'Equalizer'
	TEXT = Compound Action =
		Move mouse to (866.5, 995.5).
		Press Mouse Button BUTTON1
		Release Mouse Button BUTTON1

ExecutedAction [22]: 
 @Action ConcreteID = AC1wbjtmn7f756552543 AbstractID = AA1wbjtmn7f756552543
 ConcreteID CUSTOM = ConcreteID CUSTOM not available AbstractID CUSTOM = AA1fastea7f132519224
 @State ConcreteID = SC3k56k79261584619321 AbstractID = SR2oe6ry8c9668244600
 ConcreteID CUSTOM = SC1j5f5yx931117587728 AbstractID CUSTOM = SA1o0p0wu91c797932869

	ROLE = LeftClickAt
	TARGET =
		WIDGET = WC1lhezi8191377681994, WR1h6ibpb92248851252, WT1h6ibpb92248851252, WP11lh0s2153857103430
		ROLE = UIAButton
		TITLE = 
		SHAPE = Rect [x:551.0 y:960.0 w:32.0 h:32.0]
		CHILDREN = 0
		PATH = [0, 3, 2, 2]
	DESCRIPTION = Left Click at ''
	TEXT = Compound Action =
		Move mouse to (567.0, 976.0).
		Press Mouse Button BUTTON1
		Release Mouse Button BUTTON1

ExecutedAction [23]: 
 @Action ConcreteID = AC10yeiyo801485309195 AbstractID = AA10yeiyo801485309195
 ConcreteID CUSTOM = ConcreteID CUSTOM not available AbstractID CUSTOM = AA6ixpl9802339639286
 @State ConcreteID = SC3k56k79261584619321 AbstractID = SR2oe6ry8c9668244600
 ConcreteID CUSTOM = SC1j5f5yx931117587728 AbstractID CUSTOM = SA1o0p0wu91c797932869

	ROLE = LeftClickAt
	TARGET =
		WIDGET = WC4ha5tu273898777684, WR5quxi6b4097176690, WT5quxi6b4097176690, WP1lx6qgk231774552314
		ROLE = UIATreeItem
		TITLE = 
		SHAPE = Rect [x:548.0 y:1018.0 w:163.0 h:26.0]
		CHILDREN = 0
		PATH = [0, 3, 0, 0, 3, 1, 1, 0]
	DESCRIPTION = Left Click at ''
	TEXT = Compound Action =
		Move mouse to (629.5, 1031.0).
		Press Mouse Button BUTTON1
		Release Mouse Button BUTTON1

ExecutedAction [24]: 
 @Action ConcreteID = AC1pqh1dm801832330571 AbstractID = AA1pqh1dm801832330571
 ConcreteID CUSTOM = ConcreteID CUSTOM not available AbstractID CUSTOM = AA12pcd7k802954965472
 @State ConcreteID = SCrucfqo9283558582103 AbstractID = SR2oe6ry8c9668244600
 ConcreteID CUSTOM = SCgzjvj7932718573274 AbstractID CUSTOM = SA1o0p0wu91c797932869

	ROLE = LeftClickAt
	TARGET =
		WIDGET = WC1b8yprg1c1241856940, WR1p34e3y91942684430, WT1p34e3y91942684430, WPgzsjzu18725337081
		ROLE = UIASlider
		TITLE = 
		SHAPE = Rect [x:1050.0 y:966.0 w:85.0 h:26.0]
		CHILDREN = 0
		PATH = [0, 3, 2, 0, 1]
	DESCRIPTION = Left Click at ''
	TEXT = Compound Action =
		Move mouse to (1092.5, 979.0).
		Press Mouse Button BUTTON1
		Release Mouse Button BUTTON1

ExecutedAction [25]: 
 @Action ConcreteID = AC1eap3ss10e225430567 AbstractID = AA1bzv31pd663462940
 ConcreteID CUSTOM = ConcreteID CUSTOM not available AbstractID CUSTOM = AA1m3g383d6478460568
 @State ConcreteID = SCrucfqo9283558582103 AbstractID = SR2oe6ry8c9668244600
 ConcreteID CUSTOM = SCgzjvj7932718573274 AbstractID CUSTOM = SA1o0p0wu91c797932869

	ROLE = ClickTypeInto
	TARGET =
		WIDGET = WC1j2y1j81a1645365061, WR4n0dlj72701565195, WT4n0dlj72701565195, WP1lf6g42163047346291
		ROLE = UIAEdit
		TITLE = 
		SHAPE = Rect [x:898.0 y:997.0 w:250.0 h:20.0]
		CHILDREN = 0
		PATH = [0, 3, 0, 0, 2]
	DESCRIPTION = Type '"`'><script>\xC2...' into '
	TEXT = Compound Action =
		Compound Action =
		Move mouse to (1023.0, 1007.0).
		Press Mouse Button BUTTON1
		Release Mouse Button BUTTON1
		Press Key 17
		Press Key 65
		Release Key 65
		Release Key 17
		Type text '"`'><script>\xC2\x85javascript:alert(1)</script>'

ExecutedAction [26]: 
 @Action ConcreteID = AC1wk8nfl7f2462629365 AbstractID = AA1wk8nfl7f2462629365
 ConcreteID CUSTOM = ConcreteID CUSTOM not available AbstractID CUSTOM = AA1i2khmj7f2309021594
 @State ConcreteID = SCrucfqo9283558582103 AbstractID = SR2oe6ry8c9668244600
 ConcreteID CUSTOM = SCgzjvj7932718573274 AbstractID CUSTOM = SA1o0p0wu91c797932869

	ROLE = LeftClickAt
	TARGET =
		WIDGET = WCoa5w6c233122696270, WR17v7k2nb1067391859, WT1faw5jq16422026351, WPzrter61f3097932180
		ROLE = UIAMenuItem
		TITLE = Audio Alt+A
		SHAPE = Rect [x:660.0 y:938.0 w:48.0 h:20.0]
		CHILDREN = 0
		PATH = [0, 2, 2]
	DESCRIPTION = Left Click at 'Audio Alt+A'
	TEXT = Compound Action =
		Move mouse to (684.0, 948.0).
		Press Mouse Button BUTTON1
		Release Mouse Button BUTTON1

ExecutedAction [27]: 
 @Action ConcreteID = ACdaife803160479683 AbstractID = AAdaife803160479683
 ConcreteID CUSTOM = ConcreteID CUSTOM not available AbstractID CUSTOM = AA9ho5g57f1088280885
 @State ConcreteID = SC1k18lp59ee3964077609 AbstractID = SR1mca4md9901281369352
 ConcreteID CUSTOM = SC18vmzob9f62103485674 AbstractID CUSTOM = SA1ar1qoq9e3192795078

	ROLE = LeftClickAt
	TARGET =
		WIDGET = WCfl317c1c3034426427, WR88rmk0b1934231702, WT88rmk0b1934231702, WP1vfigti183649330840
		ROLE = UIACheckBox
		TITLE = 
		SHAPE = Rect [x:801.0 y:963.0 w:26.0 h:26.0]
		CHILDREN = 0
		PATH = [0, 3, 2, 10]
	DESCRIPTION = Left Click at ''
	TEXT = Compound Action =
		Move mouse to (814.0, 976.0).
		Press Mouse Button BUTTON1
		Release Mouse Button BUTTON1

ExecutedAction [28]: 
 @Action ConcreteID = AC9p3yam812613801810 AbstractID = AA9p3yam812613801810
 ConcreteID CUSTOM = ConcreteID CUSTOM not available AbstractID CUSTOM = AA8cek1f803488192693
 @State ConcreteID = SC1k18lp59ee3964077609 AbstractID = SR1mca4md9901281369352
 ConcreteID CUSTOM = SC18vmzob9f62103485674 AbstractID CUSTOM = SA1ar1qoq9e3192795078

	ROLE = LeftClickAt
	TARGET =
		WIDGET = WCudm5vj2e1662650780, WR1k8fo0ra1109144095, WT1u6eeu5122310558738, WP1ennb5d2a2628714310
		ROLE = UIATabItem
		TITLE = Advanced
		SHAPE = Rect [x:1153.0 y:985.0 w:72.0 h:21.0]
		CHILDREN = 0
		PATH = [0, 0, 1, 0, 0, 0, 1, 4]
	DESCRIPTION = Left Click at 'Advanced'
	TEXT = Compound Action =
		Move mouse to (1189.0, 995.5).
		Press Mouse Button BUTTON1
		Release Mouse Button BUTTON1

ExecutedAction [29]: 
 @Action ConcreteID = AC18wcigu7f2548025108 AbstractID = AA18wcigu7f2548025108
 ConcreteID CUSTOM = ConcreteID CUSTOM not available AbstractID CUSTOM = AA6nfskl7e1075609419
 @State ConcreteID = SC3yi1896911564056068 AbstractID = SR82t13t6602382736896
 ConcreteID CUSTOM = SCt1fy3f6952521738053 AbstractID CUSTOM = SA9djvhg681529563109

	ROLE = LeftClickAt
	TARGET =
		WIDGET = WCoa5w6c233122696270, WR17v7k2nb1067391859, WT1faw5jq16422026351, WPzrter61f3097932180
		ROLE = UIAMenuItem
		TITLE = Audio Alt+A
		SHAPE = Rect [x:660.0 y:938.0 w:48.0 h:20.0]
		CHILDREN = 0
		PATH = [0, 2, 2]
	DESCRIPTION = Left Click at 'Audio Alt+A'
	TEXT = Compound Action =
		Move mouse to (684.0, 948.0).
		Press Mouse Button BUTTON1
		Release Mouse Button BUTTON1

ExecutedAction [30]: 
 @Action ConcreteID = AC11ttfen7e3379592868 AbstractID = AA11ttfen7e3379592868
 ConcreteID CUSTOM = ConcreteID CUSTOM not available AbstractID CUSTOM = AA1xv1x3s7f3661072062
 @State ConcreteID = SCkk6egg757313211756 AbstractID = SR1i24sf6727692355198
 ConcreteID CUSTOM = SC1yfibab7593075902605 AbstractID CUSTOM = SA5vooiw7483100139005

	ROLE = LeftClickAt
	TARGET =
		WIDGET = WCfl317c1c3034426427, WR88rmk0b1934231702, WT88rmk0b1934231702, WP1vfigti183649330840
		ROLE = UIACheckBox
		TITLE = 
		SHAPE = Rect [x:801.0 y:963.0 w:26.0 h:26.0]
		CHILDREN = 0
		PATH = [0, 3, 2, 10]
	DESCRIPTION = Left Click at ''
	TEXT = Compound Action =
		Move mouse to (814.0, 976.0).
		Press Mouse Button BUTTON1
		Release Mouse Button BUTTON1

ExecutedAction [31]: 
 @Action ConcreteID = AC8dgjhg7e4055609356 AbstractID = AA8dgjhg7e4055609356
 ConcreteID CUSTOM = ConcreteID CUSTOM not available AbstractID CUSTOM = AA14ep16l7f3808184342
 @State ConcreteID = SCkk6egg757313211756 AbstractID = SR1i24sf6727692355198
 ConcreteID CUSTOM = SC1yfibab7593075902605 AbstractID CUSTOM = SA5vooiw7483100139005

	ROLE = LeftClickAt
	TARGET =
		WIDGET = WC1wrqmi2234196699901, WR17v7k2nb1067391859, WTwtxn65161410781764, WPzqtl881f1988517030
		ROLE = UIAMenuItem
		TITLE = Tools Alt+s
		SHAPE = Rect [x:810.0 y:938.0 w:43.0 h:20.0]
		CHILDREN = 0
		PATH = [0, 2, 5]
	DESCRIPTION = Left Click at 'Tools Alt+s'
	TEXT = Compound Action =
		Move mouse to (831.5, 948.0).
		Press Mouse Button BUTTON1
		Release Mouse Button BUTTON1

ExecutedAction [32]: 
 @Action ConcreteID = AC11xb0gy10e4072393228 AbstractID = AA12vxinkd62644970776
 ConcreteID CUSTOM = ConcreteID CUSTOM not available AbstractID CUSTOM = AAwow6w9d52472488379
 @State ConcreteID = SC3yi1896911564056068 AbstractID = SR82t13t6602382736896
 ConcreteID CUSTOM = SCt1fy3f6952521738053 AbstractID CUSTOM = SA9djvhg681529563109

	ROLE = ClickTypeInto
	TARGET =
		WIDGET = WC1j2y1j81a1645365061, WR4n0dlj72701565195, WT4n0dlj72701565195, WP1lf6g42163047346291
		ROLE = UIAEdit
		TITLE = 
		SHAPE = Rect [x:898.0 y:997.0 w:250.0 h:20.0]
		CHILDREN = 0
		PATH = [0, 3, 0, 0, 2]
	DESCRIPTION = Type '<iframe src=http...' into '
	TEXT = Compound Action =
		Compound Action =
		Move mouse to (1023.0, 1007.0).
		Press Mouse Button BUTTON1
		Release Mouse Button BUTTON1
		Press Key 17
		Press Key 65
		Release Key 65
		Release Key 17
		Type text '<iframe src=http://ha.ckers.org/scriptlet.html <'

ExecutedAction [33]: 
 @Action ConcreteID = ACid2o75801939628443 AbstractID = AAid2o75801939628443
 ConcreteID CUSTOM = ConcreteID CUSTOM not available AbstractID CUSTOM = AA147tb0a7f2292182598
 @State ConcreteID = SC3yi1896911564056068 AbstractID = SR82t13t6602382736896
 ConcreteID CUSTOM = SCt1fy3f6952521738053 AbstractID CUSTOM = SA9djvhg681529563109

	ROLE = LeftClickAt
	TARGET =
		WIDGET = WC4ha5vk273662987990, WR5quxi6b4097176690, WT5quxi6b4097176690, WP1lx6qia231542710904
		ROLE = UIATreeItem
		TITLE = 
		SHAPE = Rect [x:553.0 y:1066.0 w:158.0 h:26.0]
		CHILDREN = 0
		PATH = [0, 3, 0, 0, 3, 1, 1, 2]
	DESCRIPTION = Left Click at ''
	TEXT = Compound Action =
		Move mouse to (632.0, 1079.0).
		Press Mouse Button BUTTON1
		Release Mouse Button BUTTON1

ExecutedAction [34]: 
 @Action ConcreteID = ACwqk8k3803703311696 AbstractID = AAwqk8k3803703311696
 ConcreteID CUSTOM = ConcreteID CUSTOM not available AbstractID CUSTOM = AA1cmfqdk7f3609611971
 @State ConcreteID = SCff56tu68f3521006430 AbstractID = SR82t13t6602382736896
 ConcreteID CUSTOM = SCdhk6px6943899630214 AbstractID CUSTOM = SA9djvhg681529563109

	ROLE = LeftClickAt
	TARGET =
		WIDGET = WCx2xd4b312174155616, WR1k8fo0ra1109144095, WT1xn65vr151465452121, WP1kvj3bx2d3413647731
		ROLE = UIATabItem
		TITLE = Spatializer
		SHAPE = Rect [x:981.0 y:985.0 w:73.0 h:21.0]
		CHILDREN = 0
		PATH = [0, 0, 1, 0, 0, 0, 1, 2]
	DESCRIPTION = Left Click at 'Spatializer'
	TEXT = Compound Action =
		Move mouse to (1017.5, 995.5).
		Press Mouse Button BUTTON1
		Release Mouse Button BUTTON1

ExecutedAction [35]: 
 @Action ConcreteID = ACmx9mij814132546403 AbstractID = AAmx9mij814132546403
 ConcreteID CUSTOM = ConcreteID CUSTOM not available AbstractID CUSTOM = AAlvhlf3802684669447
 @State ConcreteID = SC1awfyw57672924920784 AbstractID = SRsejw5x72b2797161018
 ConcreteID CUSTOM = SC1apoq2g76c287867988 AbstractID CUSTOM = SAufnmfb7613817854225

	ROLE = LeftClickAt
	TARGET =
		WIDGET = WC4ha5xa272349753680, WR5quxi6b4097176690, WT5quxi6b4097176690, WP1lx6qk023229196286
		ROLE = UIATreeItem
		TITLE = 
		SHAPE = Rect [x:553.0 y:1118.0 w:158.0 h:26.0]
		CHILDREN = 0
		PATH = [0, 3, 0, 0, 3, 1, 1, 4]
	DESCRIPTION = Left Click at ''
	TEXT = Compound Action =
		Move mouse to (632.0, 1131.0).
		Press Mouse Button BUTTON1
		Release Mouse Button BUTTON1

ExecutedAction [36]: 
 @Action ConcreteID = AC1n0ndw6803335697834 AbstractID = AA1n0ndw6803335697834
 ConcreteID CUSTOM = ConcreteID CUSTOM not available AbstractID CUSTOM = AAoczz5b80568837239
 @State ConcreteID = SCsmom0e7e52316724702 AbstractID = SR13tuktx79d844974797
 ConcreteID CUSTOM = SC75rfj17e7143815138 AbstractID CUSTOM = SAkkdskj7d84198261339

	ROLE = LeftClickAt
	TARGET =
		WIDGET = WC1e04lux351237890780, WR52qhb2b3065858412, WT1ehdijt191275405601, WP191zpgb312207283419
		ROLE = UIAListItem
		TITLE = New folder (4)
		SHAPE = Rect [x:851.0 y:1163.0 w:116.0 h:143.0]
		CHILDREN = 0
		PATH = [0, 3, 0, 0, 3, 0, 0, 4]
	DESCRIPTION = Left Click at 'New folder (4)'
	TEXT = Compound Action =
		Move mouse to (909.0, 1234.5).
		Press Mouse Button BUTTON1
		Release Mouse Button BUTTON1

ExecutedAction [37]: 
 @Action ConcreteID = AC18m8qmt7f1725809830 AbstractID = AA18m8qmt7f1725809830
 ConcreteID CUSTOM = ConcreteID CUSTOM not available AbstractID CUSTOM = AAw1k3rw7f3951107752
 @State ConcreteID = SCsmom0e7e52316724702 AbstractID = SR13tuktx79d844974797
 ConcreteID CUSTOM = SC75rfj17e7143815138 AbstractID CUSTOM = SAkkdskj7d84198261339

	ROLE = LeftClickAt
	TARGET =
		WIDGET = WCzxkocd2a3149847004, WR1k8fo0ra1109144095, WT1q6qccd17734633670, WP1ysyxhn261539884999
		ROLE = UIATabItem
		TITLE = Audio Effects
		SHAPE = Rect [x:822.0 y:954.0 w:88.0 h:21.0]
		CHILDREN = 0
		PATH = [0, 0, 1, 1, 0]
	DESCRIPTION = Left Click at 'Audio Effects'
	TEXT = Compound Action =
		Move mouse to (866.0, 964.5).
		Press Mouse Button BUTTON1
		Release Mouse Button BUTTON1

ExecutedAction [38]: 
 @Action ConcreteID = AC19cm0kx7f2966999846 AbstractID = AA19cm0kx7f2966999846
 ConcreteID CUSTOM = ConcreteID CUSTOM not available AbstractID CUSTOM = AAwrxdq07f1032063272
 @State ConcreteID = SCsmom0e7e52316724702 AbstractID = SR13tuktx79d844974797
 ConcreteID CUSTOM = SC75rfj17e7143815138 AbstractID CUSTOM = SAkkdskj7d84198261339

	ROLE = LeftClickAt
	TARGET =
		WIDGET = WC3ov4pj2a1543854926, WR1k8fo0ra1109144095, WTip8fqa174052975287, WP1yyvwf9262005146579
		ROLE = UIATabItem
		TITLE = Video Effects
		SHAPE = Rect [x:910.0 y:954.0 w:87.0 h:21.0]
		CHILDREN = 0
		PATH = [0, 0, 1, 1, 1]
	DESCRIPTION = Left Click at 'Video Effects'
	TEXT = Compound Action =
		Move mouse to (953.5, 964.5).
		Press Mouse Button BUTTON1
		Release Mouse Button BUTTON1

ExecutedAction [39]: 
 @Action ConcreteID = ACw24eb27f3295640727 AbstractID = AAw24eb27f3295640727
 ConcreteID CUSTOM = ConcreteID CUSTOM not available AbstractID CUSTOM = AA1v87rmx80639023992
 @State ConcreteID = SCh1278x8592799468888 AbstractID = SR1uba1a7837224726814
 ConcreteID CUSTOM = SC11gcvti8692058003725 AbstractID CUSTOM = SA1gag0re8503847873563

	ROLE = LeftClickAt
	TARGET =
		WIDGET = WC1pmpjm1233635091165, WR17v7k2nb1067391859, WT1p8hf68161996799177, WP19o0bpz1f64902350
		ROLE = UIAMenuItem
		TITLE = Video Alt+V
		SHAPE = Rect [x:708.0 y:938.0 w:46.0 h:20.0]
		CHILDREN = 0
		PATH = [0, 2, 3]
	DESCRIPTION = Left Click at 'Video Alt+V'
	TEXT = Compound Action =
		Move mouse to (731.0, 948.0).
		Press Mouse Button BUTTON1
		Release Mouse Button BUTTON1

ExecutedAction [40]: 
 @Action ConcreteID = AC3qupx17e3230172967 AbstractID = AA3qupx17e3230172967
 ConcreteID CUSTOM = ConcreteID CUSTOM not available AbstractID CUSTOM = AAp2wpqv7f554598687
 @State ConcreteID = SCb51kit985546718591 AbstractID = SR1pmdcrk9621972687014
 ConcreteID CUSTOM = SCo5zsyz9972956823352 AbstractID CUSTOM = SA3x5xcx97c2353879715

	ROLE = LeftClickAt
	TARGET =
		WIDGET = WC1vztfio2a2864567466, WR1k8fo0ra1109144095, WTualw97e482384243, WPr6y94y262335153397
		ROLE = UIATabItem
		TITLE = Crop
		SHAPE = Rect [x:899.0 y:985.0 w:47.0 h:21.0]
		CHILDREN = 0
		PATH = [0, 0, 1, 0, 0, 0, 1, 1]
	DESCRIPTION = Left Click at 'Crop'
	TEXT = Compound Action =
		Move mouse to (922.5, 995.5).
		Press Mouse Button BUTTON1
		Release Mouse Button BUTTON1

ExecutedAction [41]: 
 @Action ConcreteID = ACsheh0s802624800822 AbstractID = AAsheh0s802624800822
 ConcreteID CUSTOM = ConcreteID CUSTOM not available AbstractID CUSTOM = AA1s6ao0y80843155702
 @State ConcreteID = SCz5iyri7891821607933 AbstractID = SRq0srv97443872933704
 ConcreteID CUSTOM = SC19y60iy78b825736313 AbstractID CUSTOM = SA1rqcu1w776177324530

	ROLE = LeftClickAt
	TARGET =
		WIDGET = WC92naqm2d853932975, WR1cs7rxoa2579320938, WT1y66vkje986352276, WP1c0omp8293657493882
		ROLE = UIASpinner
		TITLE = Left
		SHAPE = Rect [x:901.0 y:1132.0 w:64.0 h:20.0]
		CHILDREN = 0
		PATH = [0, 0, 1, 0, 0, 0, 0, 0, 8]
	DESCRIPTION = Left Click at 'Left'
	TEXT = Compound Action =
		Move mouse to (933.0, 1142.0).
		Press Mouse Button BUTTON1
		Release Mouse Button BUTTON1

ExecutedAction [42]: 
 @Action ConcreteID = ACsheh0s802624800822 AbstractID = AAsheh0s802624800822
 ConcreteID CUSTOM = ConcreteID CUSTOM not available AbstractID CUSTOM = AA1s6ao0y80843155702
 @State ConcreteID = SCz5iyri7891821607933 AbstractID = SRq0srv97443872933704
 ConcreteID CUSTOM = SC19y60iy78b825736313 AbstractID CUSTOM = SA1rqcu1w776177324530

	ROLE = LeftClickAt
	TARGET =
		WIDGET = WC92naqm2d853932975, WR1cs7rxoa2579320938, WT1y66vkje986352276, WP1c0omp8293657493882
		ROLE = UIASpinner
		TITLE = Left
		SHAPE = Rect [x:901.0 y:1132.0 w:64.0 h:20.0]
		CHILDREN = 0
		PATH = [0, 0, 1, 0, 0, 0, 0, 0, 8]
	DESCRIPTION = Left Click at 'Left'
	TEXT = Compound Action =
		Move mouse to (933.0, 1142.0).
		Press Mouse Button BUTTON1
		Release Mouse Button BUTTON1

ExecutedAction [43]: 
 @Action ConcreteID = ACwlai4u7f1858110773 AbstractID = AAwlai4u7f1858110773
 ConcreteID CUSTOM = ConcreteID CUSTOM not available AbstractID CUSTOM = AA1g2n1g87f2372538333
 @State ConcreteID = SCz5iyri7891821607933 AbstractID = SRq0srv97443872933704
 ConcreteID CUSTOM = SC19y60iy78b825736313 AbstractID CUSTOM = SA1rqcu1w776177324530

	ROLE = LeftClickAt
	TARGET =
		WIDGET = WCy94u8f2c1159628575, WR1k8fo0ra1109144095, WT1phqcvf102241997960, WPbp82rl284229651176
		ROLE = UIATabItem
		TITLE = Colors
		SHAPE = Rect [x:946.0 y:985.0 w:54.0 h:21.0]
		CHILDREN = 0
		PATH = [0, 0, 1, 0, 0, 0, 1, 2]
	DESCRIPTION = Left Click at 'Colors'
	TEXT = Compound Action =
		Move mouse to (973.0, 995.5).
		Press Mouse Button BUTTON1
		Release Mouse Button BUTTON1

ExecutedAction [44]: 
 @Action ConcreteID = AC1mw1igx812894065803 AbstractID = AA1mw1igx812894065803
 ConcreteID CUSTOM = ConcreteID CUSTOM not available AbstractID CUSTOM = AA550gy780504493688
 @State ConcreteID = SC1q6bwc98562667492619 AbstractID = SR12hseb981e4131624102
 ConcreteID CUSTOM = SC1hnawr88551340876424 AbstractID CUSTOM = SAdcqd6o83c1258637931

	ROLE = LeftClickAt
	TARGET =
		WIDGET = WC4ha5y5272501202961, WR5quxi6b4097176690, WT5quxi6b4097176690, WP1lx6qkv23347238591
		ROLE = UIATreeItem
		TITLE = 
		SHAPE = Rect [x:548.0 y:1144.0 w:163.0 h:22.0]
		CHILDREN = 0
		PATH = [0, 3, 0, 0, 3, 1, 1, 5]
	DESCRIPTION = Left Click at ''
	TEXT = Compound Action =
		Move mouse to (629.5, 1155.0).
		Press Mouse Button BUTTON1
		Release Mouse Button BUTTON1

ExecutedAction [45]: 
 @Action ConcreteID = AC1rl3a9k823171067858 AbstractID = AA1rl3a9k823171067858
 ConcreteID CUSTOM = ConcreteID CUSTOM not available AbstractID CUSTOM = AAv0s8kq812567203442
 @State ConcreteID = SC1q6bwc98562667492619 AbstractID = SR12hseb981e4131624102
 ConcreteID CUSTOM = SC1hnawr88551340876424 AbstractID CUSTOM = SAdcqd6o83c1258637931

	ROLE = LeftClickAt
	TARGET =
		WIDGET = WC178y7ri2f1600854860, WR88rmk0b1934231702, WT9tqbc6102382328891, WPoerdi42b3478798599
		ROLE = UIACheckBox
		TITLE = Sepia
		SHAPE = Rect [x:1059.0 y:1159.0 w:161.0 h:53.0]
		CHILDREN = 2
		PATH = [0, 0, 1, 0, 0, 0, 0, 0, 5]
	DESCRIPTION = Left Click at 'Sepia'
	TEXT = Compound Action =
		Move mouse to (1139.5, 1185.5).
		Press Mouse Button BUTTON1
		Release Mouse Button BUTTON1

ExecutedAction [46]: 
 @Action ConcreteID = AC1415g6g823357937918 AbstractID = AA1415g6g823357937918
 ConcreteID CUSTOM = ConcreteID CUSTOM not available AbstractID CUSTOM = AA7guehm813961576798
 @State ConcreteID = SC1q6bwc98562667492619 AbstractID = SR12hseb981e4131624102
 ConcreteID CUSTOM = SC1hnawr88551340876424 AbstractID CUSTOM = SAdcqd6o83c1258637931

	ROLE = LeftClickAt
	TARGET =
		WIDGET = WCs92yw42c3361510070, WR10fgh33101836453781, WT10fgh33101836453781, WP1teka3a283331709745
		ROLE = UIACustomControl
		TITLE = 
		SHAPE = Rect [x:835.0 y:1007.0 w:394.0 h:316.0]
		CHILDREN = 6
		PATH = [0, 0, 1, 0, 0, 0, 0, 0]
	DESCRIPTION = Left Click at ''
	TEXT = Compound Action =
		Move mouse to (1032.0, 1165.0).
		Press Mouse Button BUTTON1
		Release Mouse Button BUTTON1

ExecutedAction [47]: 
 @Action ConcreteID = ACobucw0803400601564 AbstractID = AAobucw0803400601564
 ConcreteID CUSTOM = ConcreteID CUSTOM not available AbstractID CUSTOM = AA1gdrdo27f431805541
 @State ConcreteID = SC1q6bwc98562667492619 AbstractID = SR12hseb981e4131624102
 ConcreteID CUSTOM = SC1hnawr88551340876424 AbstractID CUSTOM = SAdcqd6o83c1258637931

	ROLE = LeftClickAt
	TARGET =
		WIDGET = WC1lhezjy1971787980, WR1h6ibpb92248851252, WT1h6ibpb92248851252, WP11lh0ts153015450048
		ROLE = UIAButton
		TITLE = 
		SHAPE = Rect [x:621.0 y:963.0 w:26.0 h:26.0]
		CHILDREN = 0
		PATH = [0, 3, 2, 4]
	DESCRIPTION = Left Click at ''
	TEXT = Compound Action =
		Move mouse to (634.0, 976.0).
		Press Mouse Button BUTTON1
		Release Mouse Button BUTTON1

ExecutedAction [48]: 
 @Action ConcreteID = AC1uqfp3s824058235948 AbstractID = AA1uqfp3s824058235948
 ConcreteID CUSTOM = ConcreteID CUSTOM not available AbstractID CUSTOM = AAy64ney813588557196
 @State ConcreteID = SC1q6bwc98562667492619 AbstractID = SR12hseb981e4131624102
 ConcreteID CUSTOM = SC1hnawr88551340876424 AbstractID CUSTOM = SAdcqd6o83c1258637931

	ROLE = LeftClickAt
	TARGET =
		WIDGET = WCifioze373082959887, WR88rmk0b1934231702, WT1r410zi182914787020, WP1w29hzc333700532885
		ROLE = UIACheckBox
		TITLE = Negate colors
		SHAPE = Rect [x:1059.0 y:1016.0 w:87.0 h:17.0]
		CHILDREN = 0
		PATH = [0, 0, 1, 0, 0, 0, 0, 0, 1]
	DESCRIPTION = Left Click at 'Negate colors'
	TEXT = Compound Action =
		Move mouse to (1102.5, 1024.5).
		Press Mouse Button BUTTON1
		Release Mouse Button BUTTON1

ExecutedAction [49]: 
 @Action ConcreteID = ACckxq6l801272137750 AbstractID = AAckxq6l801272137750
 ConcreteID CUSTOM = ConcreteID CUSTOM not available AbstractID CUSTOM = AAy3k2yr811808146839
 @State ConcreteID = SC5hiy9j8552993911196 AbstractID = SR12hseb981e4131624102
 ConcreteID CUSTOM = SC1hnawr88551340876424 AbstractID CUSTOM = SA192oq6n83d2027966678

	ROLE = LeftClickAt
	TARGET =
		WIDGET = WC14695eq243401952870, WR1e04pz3e358922214, WT1e04pz3e358922214, WPxqycr82084286035
		ROLE = UIASplitButton
		TITLE = 
		SHAPE = Rect [x:548.0 y:1018.0 w:180.0 h:272.0]
		CHILDREN = 3
		PATH = [0, 3, 0, 0, 3, 1]
	DESCRIPTION = Left Click at ''
	TEXT = Compound Action =
		Move mouse to (638.0, 1154.0).
		Press Mouse Button BUTTON1
		Release Mouse Button BUTTON1

ExecutedAction [50]: 
 @Action ConcreteID = ACyfn4sj821603772541 AbstractID = AAyfn4sj821603772541
 ConcreteID CUSTOM = ConcreteID CUSTOM not available AbstractID CUSTOM = AA1cadvb0822155253842
 @State ConcreteID = SC195ztph7eb2290939306 AbstractID = SR1sc4ajc7bf2522050769
 ConcreteID CUSTOM = SC1r74t3e7ef3258083641 AbstractID CUSTOM = SA1ix8jh77da1545192564

	ROLE = LeftClickAt
	TARGET =
		WIDGET = WC1dqip5w261808108306, WR10fgh33101836453781, WT10fgh33101836453781, WPyiss4622142655700
		ROLE = UIACustomControl
		TITLE = 
		SHAPE = Rect [x:833.0 y:985.0 w:400.0 h:342.0]
		CHILDREN = 2
		PATH = [0, 0, 1, 0, 0, 0]
	DESCRIPTION = Left Click at ''
	TEXT = Compound Action =
		Move mouse to (1033.0, 1156.0).
		Press Mouse Button BUTTON1
		Release Mouse Button BUTTON1

ExecutedAction [51]: 
 @Action ConcreteID = ACexaqyk801724901730 AbstractID = AAexaqyk801724901730
 ConcreteID CUSTOM = ConcreteID CUSTOM not available AbstractID CUSTOM = AAkc28s580120948918
 @State ConcreteID = SC195ztph7eb2290939306 AbstractID = SR1sc4ajc7bf2522050769
 ConcreteID CUSTOM = SC1r74t3e7ef3258083641 AbstractID CUSTOM = SA1ix8jh77da1545192564

	ROLE = LeftClickAt
	TARGET =
		WIDGET = WCy94u8f2c1159628575, WR1k8fo0ra1109144095, WT1phqcvf102241997960, WPbp82rl284229651176
		ROLE = UIATabItem
		TITLE = Colors
		SHAPE = Rect [x:946.0 y:985.0 w:54.0 h:21.0]
		CHILDREN = 0
		PATH = [0, 0, 1, 0, 0, 0, 1, 2]
	DESCRIPTION = Left Click at 'Colors'
	TEXT = Compound Action =
		Move mouse to (973.0, 995.5).
		Press Mouse Button BUTTON1
		Release Mouse Button BUTTON1

ExecutedAction [52]: 
 @Action ConcreteID = AC1l1uafd811617599176 AbstractID = AA1l1uafd811617599176
 ConcreteID CUSTOM = ConcreteID CUSTOM not available AbstractID CUSTOM = AAbo6gz4813786765924
 @State ConcreteID = SC195ztph7eb2290939306 AbstractID = SR1sc4ajc7bf2522050769
 ConcreteID CUSTOM = SC1r74t3e7ef3258083641 AbstractID CUSTOM = SA1ix8jh77da1545192564

	ROLE = LeftClickAt
	TARGET =
		WIDGET = WC1kb7r7h21508008499, WR1e04pz3e358922214, WT1e04pz3e358922214, WP14jepmz1d1747774249
		ROLE = UIASplitButton
		TITLE = 
		SHAPE = Rect [x:865.0 y:996.0 w:23.0 h:22.0]
		CHILDREN = 0
		PATH = [0, 3, 0, 0, 1]
	DESCRIPTION = Left Click at ''
	TEXT = Compound Action =
		Move mouse to (876.5, 1007.0).
		Press Mouse Button BUTTON1
		Release Mouse Button BUTTON1

ExecutedAction [53]: 
 @Action ConcreteID = AC1c66jnc804158214189 AbstractID = AA1c66jnc804158214189
 ConcreteID CUSTOM = ConcreteID CUSTOM not available AbstractID CUSTOM = AA1hky1gx802518888953
 @State ConcreteID = SC195ztph7eb2290939306 AbstractID = SR1sc4ajc7bf2522050769
 ConcreteID CUSTOM = SC1r74t3e7ef3258083641 AbstractID CUSTOM = SA1ix8jh77da1545192564

	ROLE = LeftClickAt
	TARGET =
		WIDGET = WC1lhezjy1971787980, WR1h6ibpb92248851252, WT1h6ibpb92248851252, WP11lh0ts153015450048
		ROLE = UIAButton
		TITLE = 
		SHAPE = Rect [x:621.0 y:963.0 w:26.0 h:26.0]
		CHILDREN = 0
		PATH = [0, 3, 2, 4]
	DESCRIPTION = Left Click at ''
	TEXT = Compound Action =
		Move mouse to (634.0, 976.0).
		Press Mouse Button BUTTON1
		Release Mouse Button BUTTON1

ExecutedAction [54]: 
 @Action ConcreteID = ACxi6ejv823131476717 AbstractID = AAxi6ejv823131476717
 ConcreteID CUSTOM = ConcreteID CUSTOM not available AbstractID CUSTOM = AA1bcx52c821699199682
 @State ConcreteID = SC195ztph7eb2290939306 AbstractID = SR1sc4ajc7bf2522050769
 ConcreteID CUSTOM = SC1r74t3e7ef3258083641 AbstractID CUSTOM = SA1ix8jh77da1545192564

	ROLE = LeftClickAt
	TARGET =
		WIDGET = WCksdzcq1d2531252402, WR10fgh33101836453781, WT10fgh33101836453781, WP33czns191586358005
		ROLE = UIACustomControl
		TITLE = 
		SHAPE = Rect [x:822.0 y:954.0 w:424.0 h:387.0]
		CHILDREN = 2
		PATH = [0, 0, 1]
	DESCRIPTION = Left Click at ''
	TEXT = Compound Action =
		Move mouse to (1034.0, 1147.5).
		Press Mouse Button BUTTON1
		Release Mouse Button BUTTON1

ExecutedAction [55]: 
 @Action ConcreteID = AC1pfu34581700466908 AbstractID = AA1pfu34581700466908
 ConcreteID CUSTOM = ConcreteID CUSTOM not available AbstractID CUSTOM = AAg269nw812820647536
 @State ConcreteID = SC195ztph7eb2290939306 AbstractID = SR1sc4ajc7bf2522050769
 ConcreteID CUSTOM = SC1r74t3e7ef3258083641 AbstractID CUSTOM = SA1ix8jh77da1545192564

	ROLE = LeftClickAt
	TARGET =
		WIDGET = WChhkzxr203155281532, WR4na8ob72534219213, WT4na8ob72534219213, WPq67z251c32516421
		ROLE = UIATree
		TITLE = 
		SHAPE = Rect [x:548.0 y:1018.0 w:180.0 h:139.0]
		CHILDREN = 6
		PATH = [0, 3, 0, 0, 3, 1, 1]
	DESCRIPTION = Left Click at ''
	TEXT = Compound Action =
		Move mouse to (638.0, 1087.5).
		Press Mouse Button BUTTON1
		Release Mouse Button BUTTON1

ExecutedAction [56]: 
 @Action ConcreteID = AC1c4ze307f3252317642 AbstractID = AA1c4ze307f3252317642
 ConcreteID CUSTOM = ConcreteID CUSTOM not available AbstractID CUSTOM = AAegnp5i803140902847
 @State ConcreteID = SC5hiy9j8552993911196 AbstractID = SR12hseb981e4131624102
 ConcreteID CUSTOM = SC1hnawr88551340876424 AbstractID CUSTOM = SA192oq6n83d2027966678

	ROLE = LeftClickAt
	TARGET =
		WIDGET = WC1lhezjy1971787980, WR1h6ibpb92248851252, WT1h6ibpb92248851252, WP11lh0ts153015450048
		ROLE = UIAButton
		TITLE = 
		SHAPE = Rect [x:621.0 y:963.0 w:26.0 h:26.0]
		CHILDREN = 0
		PATH = [0, 3, 2, 4]
	DESCRIPTION = Left Click at ''
	TEXT = Compound Action =
		Move mouse to (634.0, 976.0).
		Press Mouse Button BUTTON1
		Release Mouse Button BUTTON1

ExecutedAction [57]: 
 @Action ConcreteID = ACb35z477f3018733547 AbstractID = AAb35z477f3018733547
 ConcreteID CUSTOM = ConcreteID CUSTOM not available AbstractID CUSTOM = AA1cfyc5t803372352926
 @State ConcreteID = SC5hiy9j8552993911196 AbstractID = SR12hseb981e4131624102
 ConcreteID CUSTOM = SC1hnawr88551340876424 AbstractID CUSTOM = SA192oq6n83d2027966678

	ROLE = LeftClickAt
	TARGET =
		WIDGET = WC111mv3r262102156175, WR17v7k2nb1067391859, WT7kxrdw19266625713, WP1rpm6kl222379553300
		ROLE = UIAMenuItem
		TITLE = Playback Alt+l
		SHAPE = Rect [x:597.0 y:938.0 w:63.0 h:20.0]
		CHILDREN = 0
		PATH = [0, 2, 1]
	DESCRIPTION = Left Click at 'Playback Alt+l'
	TEXT = Compound Action =
		Move mouse to (628.5, 948.0).
		Press Mouse Button BUTTON1
		Release Mouse Button BUTTON1

ExecutedAction [58]: 
 @Action ConcreteID = AC13mtcyv801876837120 AbstractID = AA13mtcyv801876837120
 ConcreteID CUSTOM = ConcreteID CUSTOM not available AbstractID CUSTOM = AAamg47i811620364401
 @State ConcreteID = SC13midui9d0241244468 AbstractID = SR1ramjek9993385501050
 ConcreteID CUSTOM = SC9egzlh9d62089107037 AbstractID CUSTOM = SA1po8zu99b61353596729

	ROLE = LeftClickAt
	TARGET =
		WIDGET = WC1kb7r7h21508008499, WR1e04pz3e358922214, WT1e04pz3e358922214, WP14jepmz1d1747774249
		ROLE = UIASplitButton
		TITLE = 
		SHAPE = Rect [x:865.0 y:996.0 w:23.0 h:22.0]
		CHILDREN = 0
		PATH = [0, 3, 0, 0, 1]
	DESCRIPTION = Left Click at ''
	TEXT = Compound Action =
		Move mouse to (876.5, 1007.0).
		Press Mouse Button BUTTON1
		Release Mouse Button BUTTON1

ExecutedAction [59]: 
 @Action ConcreteID = ACy2zlcd7f3278997119 AbstractID = AAy2zlcd7f3278997119
 ConcreteID CUSTOM = ConcreteID CUSTOM not available AbstractID CUSTOM = AAenwev803114120202
 @State ConcreteID = SC5hiy9j8552993911196 AbstractID = SR12hseb981e4131624102
 ConcreteID CUSTOM = SC1hnawr88551340876424 AbstractID CUSTOM = SA192oq6n83d2027966678

	ROLE = LeftClickAt
	TARGET =
		WIDGET = WCbk0b4p2f437912340, WR1k8fo0ra1109144095, WT1d60m5v131051618666, WP1uqi2bv2b1234002470
		ROLE = UIATabItem
		TITLE = Essential
		SHAPE = Rect [x:833.0 y:985.0 w:66.0 h:21.0]
		CHILDREN = 0
		PATH = [0, 0, 1, 0, 0, 0, 1, 0]
	DESCRIPTION = Left Click at 'Essential'
	TEXT = Compound Action =
		Move mouse to (866.0, 995.5).
		Press Mouse Button BUTTON1
		Release Mouse Button BUTTON1

ExecutedAction [60]: 
 @Action ConcreteID = ACk5t3vy802905937730 AbstractID = AAk5t3vy802905937730
 ConcreteID CUSTOM = ConcreteID CUSTOM not available AbstractID CUSTOM = AApfu6if811011768154
 @State ConcreteID = SCpt09gz858108201938 AbstractID = SR1uba1a7837224726814
 ConcreteID CUSTOM = SC11gcvti8692058003725 AbstractID CUSTOM = SAgxmwmh8511806092031

	ROLE = LeftClickAt
	TARGET =
		WIDGET = WCksdzcq1d2531252402, WR10fgh33101836453781, WT10fgh33101836453781, WP33czns191586358005
		ROLE = UIACustomControl
		TITLE = 
		SHAPE = Rect [x:822.0 y:954.0 w:424.0 h:387.0]
		CHILDREN = 2
		PATH = [0, 0, 1]
	DESCRIPTION = Left Click at ''
	TEXT = Compound Action =
		Move mouse to (1034.0, 1147.5).
		Press Mouse Button BUTTON1
		Release Mouse Button BUTTON1

ExecutedAction [61]: 
 @Action ConcreteID = AC1ma81ob7e1620469982 AbstractID = AA1ma81ob7e1620469982
 ConcreteID CUSTOM = ConcreteID CUSTOM not available AbstractID CUSTOM = AA7npop07f2593802253
 @State ConcreteID = SCpt09gz858108201938 AbstractID = SR1uba1a7837224726814
 ConcreteID CUSTOM = SC11gcvti8692058003725 AbstractID CUSTOM = SAgxmwmh8511806092031

	ROLE = LeftClickAt
	TARGET =
		WIDGET = WC1lhezjy1971787980, WR1h6ibpb92248851252, WT1h6ibpb92248851252, WP11lh0ts153015450048
		ROLE = UIAButton
		TITLE = 
		SHAPE = Rect [x:621.0 y:963.0 w:26.0 h:26.0]
		CHILDREN = 0
		PATH = [0, 3, 2, 4]
	DESCRIPTION = Left Click at ''
	TEXT = Compound Action =
		Move mouse to (634.0, 976.0).
		Press Mouse Button BUTTON1
		Release Mouse Button BUTTON1

ExecutedAction [62]: 
 @Action ConcreteID = AC16yxtmm7f1370017902 AbstractID = AA16yxtmm7f1370017902
 ConcreteID CUSTOM = ConcreteID CUSTOM not available AbstractID CUSTOM = AA109luol801317560096
 @State ConcreteID = SCpt09gz858108201938 AbstractID = SR1uba1a7837224726814
 ConcreteID CUSTOM = SC11gcvti8692058003725 AbstractID CUSTOM = SAgxmwmh8511806092031

	ROLE = LeftClickAt
	TARGET =
		WIDGET = WC14695eq243401952870, WR1e04pz3e358922214, WT1e04pz3e358922214, WPxqycr82084286035
		ROLE = UIASplitButton
		TITLE = 
		SHAPE = Rect [x:548.0 y:1018.0 w:180.0 h:272.0]
		CHILDREN = 3
		PATH = [0, 3, 0, 0, 3, 1]
	DESCRIPTION = Left Click at ''
	TEXT = Compound Action =
		Move mouse to (638.0, 1154.0).
		Press Mouse Button BUTTON1
		Release Mouse Button BUTTON1

ExecutedAction [63]: 
 @Action ConcreteID = ACdii3by7e2338872560 AbstractID = AAdii3by7e2338872560
 ConcreteID CUSTOM = ConcreteID CUSTOM not available AbstractID CUSTOM = AAxx3sbr7f1902410787
 @State ConcreteID = SCpt09gz858108201938 AbstractID = SR1uba1a7837224726814
 ConcreteID CUSTOM = SC11gcvti8692058003725 AbstractID CUSTOM = SAgxmwmh8511806092031

	ROLE = LeftClickAt
	TARGET =
		WIDGET = WCzxkocd2a3149847004, WR1k8fo0ra1109144095, WT1q6qccd17734633670, WP1ysyxhn261539884999
		ROLE = UIATabItem
		TITLE = Audio Effects
		SHAPE = Rect [x:822.0 y:954.0 w:88.0 h:21.0]
		CHILDREN = 0
		PATH = [0, 0, 1, 1, 0]
	DESCRIPTION = Left Click at 'Audio Effects'
	TEXT = Compound Action =
		Move mouse to (866.0, 964.5).
		Press Mouse Button BUTTON1
		Release Mouse Button BUTTON1

ExecutedAction [64]: 
 @Action ConcreteID = AC1n0ndw6803335697834 AbstractID = AA1n0ndw6803335697834
 ConcreteID CUSTOM = ConcreteID CUSTOM not available AbstractID CUSTOM = AAoczz5b80568837239
 @State ConcreteID = SCsmom0e7e52316724702 AbstractID = SR13tuktx79d844974797
 ConcreteID CUSTOM = SC75rfj17e7143815138 AbstractID CUSTOM = SAkkdskj7d84198261339

	ROLE = LeftClickAt
	TARGET =
		WIDGET = WC1e04lux351237890780, WR52qhb2b3065858412, WT1ehdijt191275405601, WP191zpgb312207283419
		ROLE = UIAListItem
		TITLE = New folder (4)
		SHAPE = Rect [x:851.0 y:1163.0 w:116.0 h:143.0]
		CHILDREN = 0
		PATH = [0, 3, 0, 0, 3, 0, 0, 4]
	DESCRIPTION = Left Click at 'New folder (4)'
	TEXT = Compound Action =
		Move mouse to (909.0, 1234.5).
		Press Mouse Button BUTTON1
		Release Mouse Button BUTTON1

ExecutedAction [65]: 
 @Action ConcreteID = AC1n0ndw6803335697834 AbstractID = AA1n0ndw6803335697834
 ConcreteID CUSTOM = ConcreteID CUSTOM not available AbstractID CUSTOM = AAoczz5b80568837239
 @State ConcreteID = SCsmom0e7e52316724702 AbstractID = SR13tuktx79d844974797
 ConcreteID CUSTOM = SC75rfj17e7143815138 AbstractID CUSTOM = SAkkdskj7d84198261339

	ROLE = LeftClickAt
	TARGET =
		WIDGET = WC1e04lux351237890780, WR52qhb2b3065858412, WT1ehdijt191275405601, WP191zpgb312207283419
		ROLE = UIAListItem
		TITLE = New folder (4)
		SHAPE = Rect [x:851.0 y:1163.0 w:116.0 h:143.0]
		CHILDREN = 0
		PATH = [0, 3, 0, 0, 3, 0, 0, 4]
	DESCRIPTION = Left Click at 'New folder (4)'
	TEXT = Compound Action =
		Move mouse to (909.0, 1234.5).
		Press Mouse Button BUTTON1
		Release Mouse Button BUTTON1

ExecutedAction [66]: 
 @Action ConcreteID = ACzv9rk80672199847 AbstractID = AAzv9rk80672199847
 ConcreteID CUSTOM = ConcreteID CUSTOM not available AbstractID CUSTOM = AA11dbwzt803475342714
 @State ConcreteID = SCsmom0e7e52316724702 AbstractID = SR13tuktx79d844974797
 ConcreteID CUSTOM = SC75rfj17e7143815138 AbstractID CUSTOM = SAkkdskj7d84198261339

	ROLE = LeftClickAt
	TARGET =
		WIDGET = WCcb59pa232030241700, WR10fgh33101836453781, WT10fgh33101836453781, WP1f4itrg1f2348235590
		ROLE = UIACustomControl
		TITLE = 
		SHAPE = Rect [x:548.0 y:996.0 w:307.0 h:22.0]
		CHILDREN = 1
		PATH = [0, 3, 0, 0, 0]
	DESCRIPTION = Left Click at ''
	TEXT = Compound Action =
		Move mouse to (701.5, 1007.0).
		Press Mouse Button BUTTON1
		Release Mouse Button BUTTON1

ExecutedAction [67]: 
 @Action ConcreteID = AC5ql7117f2499274968 AbstractID = AA5ql7117f2499274968
 ConcreteID CUSTOM = ConcreteID CUSTOM not available AbstractID CUSTOM = AA1s70m587f430650070
 @State ConcreteID = SCsmom0e7e52316724702 AbstractID = SR13tuktx79d844974797
 ConcreteID CUSTOM = SC75rfj17e7143815138 AbstractID CUSTOM = SAkkdskj7d84198261339

	ROLE = LeftClickAt
	TARGET =
		WIDGET = WC11866p7221380889474, WR17v7k2nb1067391859, WT1y895rf152412617792, WP15p11o91e1057977303
		ROLE = UIAMenuItem
		TITLE = View Alt+i
		SHAPE = Rect [x:853.0 y:938.0 w:41.0 h:20.0]
		CHILDREN = 0
		PATH = [0, 2, 6]
	DESCRIPTION = Left Click at 'View Alt+i'
	TEXT = Compound Action =
		Move mouse to (873.5, 948.0).
		Press Mouse Button BUTTON1
		Release Mouse Button BUTTON1

ExecutedAction [68]: 
 @Action ConcreteID = ACyg4uqz7f542358407 AbstractID = AAyg4uqz7f542358407
 ConcreteID CUSTOM = ConcreteID CUSTOM not available AbstractID CUSTOM = AAlvg7w27f2903466377
 @State ConcreteID = SCsmom0e7e52316724702 AbstractID = SR13tuktx79d844974797
 ConcreteID CUSTOM = SC75rfj17e7143815138 AbstractID CUSTOM = SAkkdskj7d84198261339

	ROLE = LeftClickAt
	TARGET =
		WIDGET = WC1lhezj3191258746635, WR1h6ibpb92248851252, WT1h6ibpb92248851252, WP11lh0sx154244474631
		ROLE = UIAButton
		TITLE = 
		SHAPE = Rect [x:595.0 y:963.0 w:26.0 h:26.0]
		CHILDREN = 0
		PATH = [0, 3, 2, 3]
	DESCRIPTION = Left Click at ''
	TEXT = Compound Action =
		Move mouse to (608.0, 976.0).
		Press Mouse Button BUTTON1
		Release Mouse Button BUTTON1

ExecutedAction [69]: 
 @Action ConcreteID = AC1182zcq801930376023 AbstractID = AA1182zcq801930376023
 ConcreteID CUSTOM = ConcreteID CUSTOM not available AbstractID CUSTOM = AA2kfklv802486846090
 @State ConcreteID = SCsmom0e7e52316724702 AbstractID = SR13tuktx79d844974797
 ConcreteID CUSTOM = SC75rfj17e7143815138 AbstractID CUSTOM = SAkkdskj7d84198261339

	ROLE = LeftClickAt
	TARGET =
		WIDGET = WCudm5vj2e1662650780, WR1k8fo0ra1109144095, WT1u6eeu5122310558738, WP1ennb5d2a2628714310
		ROLE = UIATabItem
		TITLE = Advanced
		SHAPE = Rect [x:1153.0 y:985.0 w:72.0 h:21.0]
		CHILDREN = 0
		PATH = [0, 0, 1, 0, 0, 0, 1, 4]
	DESCRIPTION = Left Click at 'Advanced'
	TEXT = Compound Action =
		Move mouse to (1189.0, 995.5).
		Press Mouse Button BUTTON1
		Release Mouse Button BUTTON1

ExecutedAction [70]: 
 @Action ConcreteID = ACj1ymeh7e3561314009 AbstractID = AAj1ymeh7e3561314009
 ConcreteID CUSTOM = ConcreteID CUSTOM not available AbstractID CUSTOM = AA1auh75d803717880124
 @State ConcreteID = SCldjgjb70d677126941 AbstractID = SRyqnywp6d21594360830
 ConcreteID CUSTOM = SC4vdt0q70f3625802423 AbstractID CUSTOM = SA1hxv5xc6f83316754568

	ROLE = LeftClickAt
	TARGET =
		WIDGET = WC1lhezmj19795489807, WR1h6ibpb92248851252, WT1h6ibpb92248851252, WP11lh0wd152559659523
		ROLE = UIAButton
		TITLE = 
		SHAPE = Rect [x:711.0 y:963.0 w:26.0 h:26.0]
		CHILDREN = 0
		PATH = [0, 3, 2, 7]
	DESCRIPTION = Left Click at ''
	TEXT = Compound Action =
		Move mouse to (724.0, 976.0).
		Press Mouse Button BUTTON1
		Release Mouse Button BUTTON1

ExecutedAction [71]: 
 @Action ConcreteID = ACfqkqpr803448302167 AbstractID = AAfqkqpr803448302167
 ConcreteID CUSTOM = ConcreteID CUSTOM not available AbstractID CUSTOM = AAlbs1997f2770213383
 @State ConcreteID = SC1o9x68b4ec4078135647 AbstractID = SRfoeh3m4bc364238519
 ConcreteID CUSTOM = SCn8brtp4e31200166173 AbstractID CUSTOM = SA2q8il44e23322047239

	ROLE = LeftClickAt
	TARGET =
		WIDGET = WC11132ie26988553567, WR17v7k2nb1067391859, WT7kxrdw19266625713, WP1rp2dz8223396690116
		ROLE = UIAMenuItem
		TITLE = Playback Alt+l
		SHAPE = Rect [x:597.0 y:938.0 w:63.0 h:20.0]
		CHILDREN = 0
		PATH = [0, 1, 1]
	DESCRIPTION = Left Click at 'Playback Alt+l'
	TEXT = Compound Action =
		Move mouse to (628.5, 948.0).
		Press Mouse Button BUTTON1
		Release Mouse Button BUTTON1

ExecutedAction [72]: 
 @Action ConcreteID = ACjv9slh801813448525 AbstractID = AAjv9slh801813448525
 ConcreteID CUSTOM = ConcreteID CUSTOM not available AbstractID CUSTOM = AA1chcot6801541129999
 @State ConcreteID = SC1e7tbi66671330149111 AbstractID = SR1ozw4v56372786938757
 ConcreteID CUSTOM = SC19jlkds6641461821221 AbstractID CUSTOM = SA175lzxy65b2407376394

	ROLE = LeftClickAt
	TARGET =
		WIDGET = WCsnsihr193371001170, WR1h6ibpb92248851252, WT1h6ibpb92248851252, WP8rujrl152132155742
		ROLE = UIAButton
		TITLE = 
		SHAPE = Rect [x:621.0 y:963.0 w:26.0 h:26.0]
		CHILDREN = 0
		PATH = [0, 2, 2, 4]
	DESCRIPTION = Left Click at ''
	TEXT = Compound Action =
		Move mouse to (634.0, 976.0).
		Press Mouse Button BUTTON1
		Release Mouse Button BUTTON1

ExecutedAction [73]: 
 @Action ConcreteID = ACwjwtyt812914001346 AbstractID = AAwjwtyt812914001346
 ConcreteID CUSTOM = ConcreteID CUSTOM not available AbstractID CUSTOM = AA1v71ww081894815678
 @State ConcreteID = SC1e7tbi66671330149111 AbstractID = SR1ozw4v56372786938757
 ConcreteID CUSTOM = SC19jlkds6641461821221 AbstractID CUSTOM = SA175lzxy65b2407376394

	ROLE = LeftClickAt
	TARGET =
		WIDGET = WC1fbb2e920939640774, WR10fgh33101836453781, WT10fgh33101836453781, WPdopdxv1c2306111470
		ROLE = UIACustomControl
		TITLE = 
		SHAPE = Rect [x:548.0 y:993.0 w:600.0 h:300.0]
		CHILDREN = 4
		PATH = [0, 2, 0, 0]
	DESCRIPTION = Left Click at ''
	TEXT = Compound Action =
		Move mouse to (848.0, 1143.0).
		Press Mouse Button BUTTON1
		Release Mouse Button BUTTON1

ExecutedAction [74]: 
 @Action ConcreteID = AC1oxrnd0812632316401 AbstractID = AA1oxrnd0812632316401
 ConcreteID CUSTOM = ConcreteID CUSTOM not available AbstractID CUSTOM = AAl3pk86804159058677
 @State ConcreteID = SC1o9x68b4ec4078135647 AbstractID = SRfoeh3m4bc364238519
 ConcreteID CUSTOM = SCn8brtp4e31200166173 AbstractID CUSTOM = SA2q8il44e23322047239

	ROLE = LeftClickAt
	TARGET =
		WIDGET = WC1krj4ne35749702554, WR52qhb2b3065858412, WT1ehdijt191275405601, WP1fte88s313874964381
		ROLE = UIAListItem
		TITLE = New folder (4)
		SHAPE = Rect [x:851.0 y:1163.0 w:116.0 h:143.0]
		CHILDREN = 0
		PATH = [0, 2, 0, 0, 3, 0, 0, 4]
	DESCRIPTION = Left Click at 'New folder (4)'
	TEXT = Compound Action =
		Move mouse to (909.0, 1234.5).
		Press Mouse Button BUTTON1
		Release Mouse Button BUTTON1

ExecutedAction [75]: 
 @Action ConcreteID = AC1u4hk26813916075181 AbstractID = AA1u4hk26813916075181
 ConcreteID CUSTOM = ConcreteID CUSTOM not available AbstractID CUSTOM = AAqafgxc802187941801
 @State ConcreteID = SC1o9x68b4ec4078135647 AbstractID = SRfoeh3m4bc364238519
 ConcreteID CUSTOM = SCn8brtp4e31200166173 AbstractID CUSTOM = SA2q8il44e23322047239

	ROLE = LeftClickAt
	TARGET =
		WIDGET = WCb8ooqm274034031447, WR5quxi6b4097176690, WT5quxi6b4097176690, WP1sol9dc231909804025
		ROLE = UIATreeItem
		TITLE = 
		SHAPE = Rect [x:553.0 y:1140.0 w:158.0 h:26.0]
		CHILDREN = 0
		PATH = [0, 2, 0, 0, 3, 1, 1, 5]
	DESCRIPTION = Left Click at ''
	TEXT = Compound Action =
		Move mouse to (632.0, 1153.0).
		Press Mouse Button BUTTON1
		Release Mouse Button BUTTON1

ExecutedAction [76]: 
 @Action ConcreteID = ACr50pla7f847218156 AbstractID = AAr50pla7f847218156
 ConcreteID CUSTOM = ConcreteID CUSTOM not available AbstractID CUSTOM = AAx629ys80899148843
 @State ConcreteID = SCrxh7ie470439203873 AbstractID = SRjjy19u44a3349665755
 ConcreteID CUSTOM = SC1296yzt46b1649820789 AbstractID CUSTOM = SAyjop8x46b1406169761

	ROLE = LeftClickAt
	TARGET =
		WIDGET = WC16jbmg11a1783434451, WR10fgh33101836453781, WT10fgh33101836453781, WP1guga8j162634643805
		ROLE = UIACustomControl
		TITLE = 
		SHAPE = Rect [x:548.0 y:959.0 w:600.0 h:352.0]
		CHILDREN = 3
		PATH = [0, 2]
	DESCRIPTION = Left Click at ''
	TEXT = Compound Action =
		Move mouse to (848.0, 1135.0).
		Press Mouse Button BUTTON1
		Release Mouse Button BUTTON1

ExecutedAction [77]: 
 @Action ConcreteID = AC1w04vzm7e1867565996 AbstractID = AA1w04vzm7e1867565996
 ConcreteID CUSTOM = ConcreteID CUSTOM not available AbstractID CUSTOM = AAhseu307f3942454696
 @State ConcreteID = SCrxh7ie470439203873 AbstractID = SRjjy19u44a3349665755
 ConcreteID CUSTOM = SC1296yzt46b1649820789 AbstractID CUSTOM = SAyjop8x46b1406169761

	ROLE = LeftClickAt
	TARGET =
		WIDGET = WC117me3u22367970642, WR17v7k2nb1067391859, WT1y895rf152412617792, WP15oh92w1e2024737031
		ROLE = UIAMenuItem
		TITLE = View Alt+i
		SHAPE = Rect [x:853.0 y:938.0 w:41.0 h:20.0]
		CHILDREN = 0
		PATH = [0, 1, 6]
	DESCRIPTION = Left Click at 'View Alt+i'
	TEXT = Compound Action =
		Move mouse to (873.5, 948.0).
		Press Mouse Button BUTTON1
		Release Mouse Button BUTTON1

ExecutedAction [78]: 
 @Action ConcreteID = AC15v2e4u812590289496 AbstractID = AA15v2e4u812590289496
 ConcreteID CUSTOM = ConcreteID CUSTOM not available AbstractID CUSTOM = AAgx2kbw81885008016
 @State ConcreteID = SC1vtzhfu59c2642381385 AbstractID = SR17dkkg95751293919830
 ConcreteID CUSTOM = SC4bdmo359c2940888288 AbstractID CUSTOM = SA1pfznra5942591712125

	ROLE = LeftClickAt
	TARGET =
		WIDGET = WCb8oopr273915996694, WR5quxi6b4097176690, WT5quxi6b4097176690, WP1sol9ch231758362296
		ROLE = UIATreeItem
		TITLE = 
		SHAPE = Rect [x:553.0 y:1114.0 w:158.0 h:26.0]
		CHILDREN = 0
		PATH = [0, 2, 0, 0, 3, 1, 1, 4]
	DESCRIPTION = Left Click at ''
	TEXT = Compound Action =
		Move mouse to (632.0, 1127.0).
		Press Mouse Button BUTTON1
		Release Mouse Button BUTTON1

ExecutedAction [79]: 
 @Action ConcreteID = ACsczmra7e2784758714 AbstractID = AAsczmra7e2784758714
 ConcreteID CUSTOM = ConcreteID CUSTOM not available AbstractID CUSTOM = AA1d6dmts7f542234046
 @State ConcreteID = SCrxh7ie470439203873 AbstractID = SRjjy19u44a3349665755
 ConcreteID CUSTOM = SC1296yzt46b1649820789 AbstractID CUSTOM = SAyjop8x46b1406169761

	ROLE = LeftClickAt
	TARGET =
		WIDGET = WC1pm5r0o232668325901, WR17v7k2nb1067391859, WT1p8hf68161996799177, WP19ngj4m1f1149120030
		ROLE = UIAMenuItem
		TITLE = Video Alt+V
		SHAPE = Rect [x:708.0 y:938.0 w:46.0 h:20.0]
		CHILDREN = 0
		PATH = [0, 1, 3]
	DESCRIPTION = Left Click at 'Video Alt+V'
	TEXT = Compound Action =
		Move mouse to (731.0, 948.0).
		Press Mouse Button BUTTON1
		Release Mouse Button BUTTON1

ExecutedAction [80]: 
 @Action ConcreteID = AC15tnp737e2870744916 AbstractID = AA15tnp737e2870744916
 ConcreteID CUSTOM = ConcreteID CUSTOM not available AbstractID CUSTOM = AAh837067f3944586093
 @State ConcreteID = SCbu0z6859c513578203 AbstractID = SR3r8v495752876646960
 ConcreteID CUSTOM = SCos541u5991863308186 AbstractID CUSTOM = SA33u85e5973202148571

	ROLE = LeftClickAt
	TARGET =
		WIDGET = WC1pm5r0o232668325901, WR17v7k2nb1067391859, WT1p8hf68161996799177, WP19ngj4m1f1149120030
		ROLE = UIAMenuItem
		TITLE = Video Alt+V
		SHAPE = Rect [x:708.0 y:938.0 w:46.0 h:20.0]
		CHILDREN = 0
		PATH = [0, 1, 3]
	DESCRIPTION = Left Click at 'Video Alt+V'
	TEXT = Compound Action =
		Move mouse to (731.0, 948.0).
		Press Mouse Button BUTTON1
		Release Mouse Button BUTTON1

ExecutedAction [81]: 
 @Action ConcreteID = AC1wvdz1r7e310649698 AbstractID = AA1wvdz1r7e310649698
 ConcreteID CUSTOM = ConcreteID CUSTOM not available AbstractID CUSTOM = AAinnx557f2536111462
 @State ConcreteID = SCrxh7ie470439203873 AbstractID = SRjjy19u44a3349665755
 ConcreteID CUSTOM = SC1296yzt46b1649820789 AbstractID CUSTOM = SAyjop8x46b1406169761

	ROLE = LeftClickAt
	TARGET =
		WIDGET = WCqo6bfv1b3993562100, WR88rmk0b1934231702, WT88rmk0b1934231702, WP5fia59171780392929
		ROLE = UIACheckBox
		TITLE = 
		SHAPE = Rect [x:775.0 y:963.0 w:26.0 h:26.0]
		CHILDREN = 0
		PATH = [0, 2, 2, 9]
	DESCRIPTION = Left Click at ''
	TEXT = Compound Action =
		Move mouse to (788.0, 976.0).
		Press Mouse Button BUTTON1
		Release Mouse Button BUTTON1

ExecutedAction [82]: 
 @Action ConcreteID = ACxes0py7f3897640166 AbstractID = AAxes0py7f3897640166
 ConcreteID CUSTOM = ConcreteID CUSTOM not available AbstractID CUSTOM = AA13ftl3g804021890337
 @State ConcreteID = SCrxh7ie470439203873 AbstractID = SRjjy19u44a3349665755
 ConcreteID CUSTOM = SC1296yzt46b1649820789 AbstractID CUSTOM = SAyjop8x46b1406169761

	ROLE = LeftClickAt
	TARGET =
		WIDGET = WCb8ooo1273207854480, WR5quxi6b4097176690, WT5quxi6b4097176690, WP1sol9ar231049943358
		ROLE = UIATreeItem
		TITLE = 
		SHAPE = Rect [x:553.0 y:1066.0 w:158.0 h:26.0]
		CHILDREN = 0
		PATH = [0, 2, 0, 0, 3, 1, 1, 2]
	DESCRIPTION = Left Click at ''
	TEXT = Compound Action =
		Move mouse to (632.0, 1079.0).
		Press Mouse Button BUTTON1
		Release Mouse Button BUTTON1

ExecutedAction [83]: 
 @Action ConcreteID = AC16q5u7w7f2702729484 AbstractID = AA16q5u7w7f2702729484
 ConcreteID CUSTOM = ConcreteID CUSTOM not available AbstractID CUSTOM = AAdf4z0c7f3722649336
 @State ConcreteID = SC1ig851t483671215464 AbstractID = SRv9fv2z45d2823635002
 ConcreteID CUSTOM = SC1fmkm7z47f2337368221 AbstractID CUSTOM = SAl35vbc47f4265619166

	ROLE = LeftClickAt
	TARGET =
		WIDGET = WCsnsikc193821024913, WR1h6ibpb92248851252, WT1h6ibpb92248851252, WP8ruju6151413172893
		ROLE = UIAButton
		TITLE = 
		SHAPE = Rect [x:711.0 y:963.0 w:26.0 h:26.0]
		CHILDREN = 0
		PATH = [0, 2, 2, 7]
	DESCRIPTION = Left Click at ''
	TEXT = Compound Action =
		Move mouse to (724.0, 976.0).
		Press Mouse Button BUTTON1
		Release Mouse Button BUTTON1

ExecutedAction [84]: 
 @Action ConcreteID = AC47hzhy811688677918 AbstractID = AA47hzhy811688677918
 ConcreteID CUSTOM = ConcreteID CUSTOM not available AbstractID CUSTOM = AA1qoxtlw804247054642
 @State ConcreteID = SC18p12wd6a33036175636 AbstractID = SR1oxqxfy6731230747619
 ConcreteID CUSTOM = SCp88hwa6a92726106580 AbstractID CUSTOM = SAvynrwu6951430178055

	ROLE = LeftClickAt
	TARGET =
		WIDGET = WCx2xd4b312174155616, WR1k8fo0ra1109144095, WT1xn65vr151465452121, WP1kvj3bx2d3413647731
		ROLE = UIATabItem
		TITLE = Spatializer
		SHAPE = Rect [x:981.0 y:985.0 w:73.0 h:21.0]
		CHILDREN = 0
		PATH = [0, 0, 1, 0, 0, 0, 1, 2]
	DESCRIPTION = Left Click at 'Spatializer'
	TEXT = Compound Action =
		Move mouse to (1017.5, 995.5).
		Press Mouse Button BUTTON1
		Release Mouse Button BUTTON1

ExecutedAction [85]: 
 @Action ConcreteID = AC1okvdhv80526038494 AbstractID = AA1okvdhv80526038494
 ConcreteID CUSTOM = ConcreteID CUSTOM not available AbstractID CUSTOM = AA7v982m802183760380
 @State ConcreteID = SC9rmmps77b2867830791 AbstractID = SR1qsncsg73e1085332160
 ConcreteID CUSTOM = SC198v6db781704544 AbstractID CUSTOM = SAbg1vzl7752598848418

	ROLE = LeftClickAt
	TARGET =
		WIDGET = WCudm5vj2e1662650780, WR1k8fo0ra1109144095, WT1u6eeu5122310558738, WP1ennb5d2a2628714310
		ROLE = UIATabItem
		TITLE = Advanced
		SHAPE = Rect [x:1153.0 y:985.0 w:72.0 h:21.0]
		CHILDREN = 0
		PATH = [0, 0, 1, 0, 0, 0, 1, 4]
	DESCRIPTION = Left Click at 'Advanced'
	TEXT = Compound Action =
		Move mouse to (1189.0, 995.5).
		Press Mouse Button BUTTON1
		Release Mouse Button BUTTON1

ExecutedAction [86]: 
 @Action ConcreteID = ACy8buyb812080095176 AbstractID = AAy8buyb812080095176
 ConcreteID CUSTOM = ConcreteID CUSTOM not available AbstractID CUSTOM = AAlonn35803799547108
 @State ConcreteID = SC18p12wd6a33036175636 AbstractID = SR1oxqxfy6731230747619
 ConcreteID CUSTOM = SCp88hwa6a92726106580 AbstractID CUSTOM = SAvynrwu6951430178055

	ROLE = LeftClickAt
	TARGET =
		WIDGET = WCegxqps24111674149, WR1h6ibpb92248851252, WT1ucrw1re2380957031, WPbqz182201314489038
		ROLE = UIAButton
		TITLE = Discs
		SHAPE = Rect [x:548.0 y:996.0 w:39.0 h:22.0]
		CHILDREN = 0
		PATH = [0, 3, 0, 0, 0, 0]
	DESCRIPTION = Left Click at 'Discs'
	TEXT = Compound Action =
		Move mouse to (567.5, 1007.0).
		Press Mouse Button BUTTON1
		Release Mouse Button BUTTON1

ExecutedAction [87]: 
 @Action ConcreteID = AC6gfqgw822018733887 AbstractID = AA6gfqgw822018733887
 ConcreteID CUSTOM = ConcreteID CUSTOM not available AbstractID CUSTOM = AA17p9ahe811242726427
 @State ConcreteID = SC18p12wd6a33036175636 AbstractID = SR1oxqxfy6731230747619
 ConcreteID CUSTOM = SCp88hwa6a92726106580 AbstractID CUSTOM = SAvynrwu6951430178055

	ROLE = LeftClickAt
	TARGET =
		WIDGET = WCksdzcq1d2531252402, WR10fgh33101836453781, WT10fgh33101836453781, WP33czns191586358005
		ROLE = UIACustomControl
		TITLE = 
		SHAPE = Rect [x:822.0 y:954.0 w:424.0 h:387.0]
		CHILDREN = 2
		PATH = [0, 0, 1]
	DESCRIPTION = Left Click at ''
	TEXT = Compound Action =
		Move mouse to (1034.0, 1147.5).
		Press Mouse Button BUTTON1
		Release Mouse Button BUTTON1

ExecutedAction [88]: 
 @Action ConcreteID = AC1q1i3m4813042208213 AbstractID = AA1q1i3m4813042208213
 ConcreteID CUSTOM = ConcreteID CUSTOM not available AbstractID CUSTOM = AA1dhtvqy80752332537
 @State ConcreteID = SC18p12wd6a33036175636 AbstractID = SR1oxqxfy6731230747619
 ConcreteID CUSTOM = SCp88hwa6a92726106580 AbstractID CUSTOM = SAvynrwu6951430178055

	ROLE = LeftClickAt
	TARGET =
		WIDGET = WC4ha5xa272349753680, WR5quxi6b4097176690, WT5quxi6b4097176690, WP1lx6qk023229196286
		ROLE = UIATreeItem
		TITLE = 
		SHAPE = Rect [x:553.0 y:1114.0 w:158.0 h:26.0]
		CHILDREN = 0
		PATH = [0, 3, 0, 0, 3, 1, 1, 4]
	DESCRIPTION = Left Click at ''
	TEXT = Compound Action =
		Move mouse to (632.0, 1127.0).
		Press Mouse Button BUTTON1
		Release Mouse Button BUTTON1

ExecutedAction [89]: 
 @Action ConcreteID = ACwqcf58812934372950 AbstractID = AAwqcf58812934372950
 ConcreteID CUSTOM = ConcreteID CUSTOM not available AbstractID CUSTOM = AAk6tkhz7f525159425
 @State ConcreteID = SC13lx9zz6912813840063 AbstractID = SR82t13t6602382736896
 ConcreteID CUSTOM = SC14kwycv6941326902730 AbstractID CUSTOM = SA9djvhg681529563109

	ROLE = LeftClickAt
	TARGET =
		WIDGET = WCcb59pa232030241700, WR10fgh33101836453781, WT10fgh33101836453781, WP1f4itrg1f2348235590
		ROLE = UIACustomControl
		TITLE = 
		SHAPE = Rect [x:548.0 y:996.0 w:307.0 h:22.0]
		CHILDREN = 1
		PATH = [0, 3, 0, 0, 0]
	DESCRIPTION = Left Click at ''
	TEXT = Compound Action =
		Move mouse to (701.5, 1007.0).
		Press Mouse Button BUTTON1
		Release Mouse Button BUTTON1

ExecutedAction [90]: 
 @Action ConcreteID = ACo79rrl804217699711 AbstractID = AAo79rrl804217699711
 ConcreteID CUSTOM = ConcreteID CUSTOM not available AbstractID CUSTOM = AAwynmdy7e1530629700
 @State ConcreteID = SC13lx9zz6912813840063 AbstractID = SR82t13t6602382736896
 ConcreteID CUSTOM = SC14kwycv6941326902730 AbstractID CUSTOM = SA9djvhg681529563109

	ROLE = LeftClickAt
	TARGET =
		WIDGET = WCigl81b221236350214, WR17v7k2nb1067391859, WT1e6tvxi153323975668, WP1lyad311e2164392518
		ROLE = UIAMenuItem
		TITLE = Help Alt+H
		SHAPE = Rect [x:894.0 y:938.0 w:41.0 h:20.0]
		CHILDREN = 0
		PATH = [0, 2, 7]
	DESCRIPTION = Left Click at 'Help Alt+H'
	TEXT = Compound Action =
		Move mouse to (914.5, 948.0).
		Press Mouse Button BUTTON1
		Release Mouse Button BUTTON1

ExecutedAction [91]: 
 @Action ConcreteID = ACy6nqhl801124196726 AbstractID = AAy6nqhl801124196726
 ConcreteID CUSTOM = ConcreteID CUSTOM not available AbstractID CUSTOM = AA16y1l3y7e3814625869
 @State ConcreteID = SC13lx9zz6912813840063 AbstractID = SR82t13t6602382736896
 ConcreteID CUSTOM = SC14kwycv6941326902730 AbstractID CUSTOM = SA9djvhg681529563109

	ROLE = LeftClickAt
	TARGET =
		WIDGET = WCzxkocd2a3149847004, WR1k8fo0ra1109144095, WT1q6qccd17734633670, WP1ysyxhn261539884999
		ROLE = UIATabItem
		TITLE = Audio Effects
		SHAPE = Rect [x:822.0 y:954.0 w:88.0 h:21.0]
		CHILDREN = 0
		PATH = [0, 0, 1, 1, 0]
	DESCRIPTION = Left Click at 'Audio Effects'
	TEXT = Compound Action =
		Move mouse to (866.0, 964.5).
		Press Mouse Button BUTTON1
		Release Mouse Button BUTTON1

ExecutedAction [92]: 
 @Action ConcreteID = AC1v7dbx2803439273414 AbstractID = AA1v7dbx2803439273414
 ConcreteID CUSTOM = ConcreteID CUSTOM not available AbstractID CUSTOM = AA4xn4kb7e1822447357
 @State ConcreteID = SC13lx9zz6912813840063 AbstractID = SR82t13t6602382736896
 ConcreteID CUSTOM = SC14kwycv6941326902730 AbstractID CUSTOM = SA9djvhg681529563109

	ROLE = LeftClickAt
	TARGET =
		WIDGET = WC1jhssi21b581102442, WR88rmk0b1934231702, WT88rmk0b1934231702, WPy94r7g172796856191
		ROLE = UIACheckBox
		TITLE = 
		SHAPE = Rect [x:775.0 y:963.0 w:26.0 h:26.0]
		CHILDREN = 0
		PATH = [0, 3, 2, 9]
	DESCRIPTION = Left Click at ''
	TEXT = Compound Action =
		Move mouse to (788.0, 976.0).
		Press Mouse Button BUTTON1
		Release Mouse Button BUTTON1

ExecutedAction [93]: 
 @Action ConcreteID = AC1lr4xlx813377642607 AbstractID = AA1lr4xlx813377642607
 ConcreteID CUSTOM = ConcreteID CUSTOM not available AbstractID CUSTOM = AA197m2yo7f2029587000
 @State ConcreteID = SC13lx9zz6912813840063 AbstractID = SR82t13t6602382736896
 ConcreteID CUSTOM = SC14kwycv6941326902730 AbstractID CUSTOM = SA9djvhg681529563109

	ROLE = LeftClickAt
	TARGET =
		WIDGET = WCirnbzu2f1047147676, WR10fgh33101836453781, WT10fgh33101836453781, WPhqywco2b420722639
		ROLE = UIACustomControl
		TITLE = 
		SHAPE = Rect [x:844.0 y:1016.0 w:88.0 h:299.0]
		CHILDREN = 1
		PATH = [0, 0, 1, 0, 0, 0, 0, 0, 0]
	DESCRIPTION = Left Click at ''
	TEXT = Compound Action =
		Move mouse to (888.0, 1165.5).
		Press Mouse Button BUTTON1
		Release Mouse Button BUTTON1

ExecutedAction [94]: 
 @Action ConcreteID = ACgwezgr811079654910 AbstractID = AAgwezgr811079654910
 ConcreteID CUSTOM = ConcreteID CUSTOM not available AbstractID CUSTOM = AA4cw4ti7f4059140009
 @State ConcreteID = SC13lx9zz6912813840063 AbstractID = SR82t13t6602382736896
 ConcreteID CUSTOM = SC14kwycv6941326902730 AbstractID CUSTOM = SA9djvhg681529563109

	ROLE = LeftClickAt
	TARGET =
		WIDGET = WC1kb7r7h21508008499, WR1e04pz3e358922214, WT1e04pz3e358922214, WP14jepmz1d1747774249
		ROLE = UIASplitButton
		TITLE = 
		SHAPE = Rect [x:865.0 y:996.0 w:23.0 h:22.0]
		CHILDREN = 0
		PATH = [0, 3, 0, 0, 1]
	DESCRIPTION = Left Click at ''
	TEXT = Compound Action =
		Move mouse to (876.5, 1007.0).
		Press Mouse Button BUTTON1
		Release Mouse Button BUTTON1

ExecutedAction [95]: 
 @Action ConcreteID = AC16vhzba823246684869 AbstractID = AA16vhzba823246684869
 ConcreteID CUSTOM = ConcreteID CUSTOM not available AbstractID CUSTOM = AA97tv6380876221732
 @State ConcreteID = SC13lx9zz6912813840063 AbstractID = SR82t13t6602382736896
 ConcreteID CUSTOM = SC14kwycv6941326902730 AbstractID CUSTOM = SA9djvhg681529563109

	ROLE = LeftClickAt
	TARGET =
		WIDGET = WC1n98eey23743137595, WR10fgh33101836453781, WT10fgh33101836453781, WPr1hwi01f3737083353
		ROLE = UIACustomControl
		TITLE = 
		SHAPE = Rect [x:824.0 y:976.0 w:418.0 h:361.0]
		CHILDREN = 1
		PATH = [0, 0, 1, 0, 0]
	DESCRIPTION = Left Click at ''
	TEXT = Compound Action =
		Move mouse to (1033.0, 1156.5).
		Press Mouse Button BUTTON1
		Release Mouse Button BUTTON1

ExecutedAction [96]: 
 @Action ConcreteID = ACyx10fp802500130550 AbstractID = AAyx10fp802500130550
 ConcreteID CUSTOM = ConcreteID CUSTOM not available AbstractID CUSTOM = AA17oev227e895190477
 @State ConcreteID = SC13lx9zz6912813840063 AbstractID = SR82t13t6602382736896
 ConcreteID CUSTOM = SC14kwycv6941326902730 AbstractID CUSTOM = SA9djvhg681529563109

	ROLE = LeftClickAt
	TARGET =
		WIDGET = WC3ov4pj2a1543854926, WR1k8fo0ra1109144095, WTip8fqa174052975287, WP1yyvwf9262005146579
		ROLE = UIATabItem
		TITLE = Video Effects
		SHAPE = Rect [x:910.0 y:954.0 w:87.0 h:21.0]
		CHILDREN = 0
		PATH = [0, 0, 1, 1, 1]
	DESCRIPTION = Left Click at 'Video Effects'
	TEXT = Compound Action =
		Move mouse to (953.5, 964.5).
		Press Mouse Button BUTTON1
		Release Mouse Button BUTTON1

ExecutedAction [97]: 
 @Action ConcreteID = AC1j5nth381227903619 AbstractID = AA1j5nth381227903619
 ConcreteID CUSTOM = ConcreteID CUSTOM not available AbstractID CUSTOM = AAoyt7c4802073928207
 @State ConcreteID = SC1nznaqt7dc3693974477 AbstractID = SRkw5aov7c52954216352
 ConcreteID CUSTOM = SC13hoyk17ee1496547259 AbstractID CUSTOM = SA3vbzhb7da4078505393

	ROLE = LeftClickAt
	TARGET =
		WIDGET = WC1l737n42e1443641274, WR1k8fo0ra1109144095, WT11kc5wt122690921160, WPcy57j62a3261381753
		ROLE = UIATabItem
		TITLE = Geometry
		SHAPE = Rect [x:1000.0 y:985.0 w:71.0 h:21.0]
		CHILDREN = 0
		PATH = [0, 0, 1, 0, 0, 0, 1, 3]
	DESCRIPTION = Left Click at 'Geometry'
	TEXT = Compound Action =
		Move mouse to (1035.5, 995.5).
		Press Mouse Button BUTTON1
		Release Mouse Button BUTTON1

ExecutedAction [98]: 
 @Action ConcreteID = ACse413f81545045449 AbstractID = AAse413f81545045449
 ConcreteID CUSTOM = ConcreteID CUSTOM not available AbstractID CUSTOM = AA9th6t981427490694
 @State ConcreteID = SC10exeqh7844138071527 AbstractID = SR1wj6ths75a3176307875
 ConcreteID CUSTOM = SC1o7hlp978a2507351486 AbstractID CUSTOM = SA1tmutar7752060859125

	ROLE = LeftClickAt
	TARGET =
		WIDGET = WC1fyukwf20187867976, WR4n4ygb71694219017, WT4n4ygb71694219017, WPmjnogt1c4136154481
		ROLE = UIAList
		TITLE = 
		SHAPE = Rect [x:733.0 y:1018.0 w:415.0 h:272.0]
		CHILDREN = 0
		PATH = [0, 3, 0, 0, 3, 0, 0]
	DESCRIPTION = Left Click at ''
	TEXT = Compound Action =
		Move mouse to (940.5, 1154.0).
		Press Mouse Button BUTTON1
		Release Mouse Button BUTTON1

ExecutedAction [99]: 
 @Action ConcreteID = AC1cjjv4j811726887801 AbstractID = AA1cjjv4j811726887801
 ConcreteID CUSTOM = ConcreteID CUSTOM not available AbstractID CUSTOM = AAtyx0ud811609068854
 @State ConcreteID = SC10exeqh7844138071527 AbstractID = SR1wj6ths75a3176307875
 ConcreteID CUSTOM = SC1o7hlp978a2507351486 AbstractID CUSTOM = SA1tmutar7752060859125

	ROLE = LeftClickAt
	TARGET =
		WIDGET = WC4ha5up274051276053, WR5quxi6b4097176690, WT5quxi6b4097176690, WP1lx6qhf231893643707
		ROLE = UIATreeItem
		TITLE = 
		SHAPE = Rect [x:548.0 y:1044.0 w:163.0 h:22.0]
		CHILDREN = 0
		PATH = [0, 3, 0, 0, 3, 1, 1, 1]
	DESCRIPTION = Left Click at ''
	TEXT = Compound Action =
		Move mouse to (629.5, 1055.0).
		Press Mouse Button BUTTON1
		Release Mouse Button BUTTON1

ExecutedAction [100]: 
 @Action ConcreteID = AC1kg4jb4821447396596 AbstractID = AA1kg4jb4821447396596
 ConcreteID CUSTOM = ConcreteID CUSTOM not available AbstractID CUSTOM = AA1cxcwcu822954878643
 @State ConcreteID = SC10exeqh7844138071527 AbstractID = SR1wj6ths75a3176307875
 ConcreteID CUSTOM = SC1o7hlp978a2507351486 AbstractID CUSTOM = SA1tmutar7752060859125

	ROLE = LeftClickAt
	TARGET =
		WIDGET = WCksdzcq1d2531252402, WR10fgh33101836453781, WT10fgh33101836453781, WP33czns191586358005
		ROLE = UIACustomControl
		TITLE = 
		SHAPE = Rect [x:822.0 y:954.0 w:424.0 h:387.0]
		CHILDREN = 2
		PATH = [0, 0, 1]
	DESCRIPTION = Left Click at ''
	TEXT = Compound Action =
		Move mouse to (1034.0, 1147.5).
		Press Mouse Button BUTTON1
		Release Mouse Button BUTTON1

Sequence 1 finished.
Copying generated sequence ("sequence366") to output directory...
Copying classified sequence ("sequence366") to sequences_ok folder...
