Starting sequence 1 (output as: sequence2536)

ExecutedAction [1]: 
 @Action ConcreteID = ACcoy6rj533093343117 AbstractID = AA13lu3q50821526514
 ConcreteID CUSTOM = ConcreteID CUSTOM not available AbstractID CUSTOM = AAh8ayev501106399636
 @State ConcreteID = SC1ce297w12cd352285027 AbstractID = SR10v893o11f5721979117
 ConcreteID CUSTOM = SC1d0itvo12d53052845597 AbstractID CUSTOM = SA1yxvuo212c8127933712

	ROLE = HitKey
	DESCRIPTION = Hit Key 27
	TEXT = Compound Action =
		Press Key 27
		Release Key 27
		No Operation

ExecutedAction [2]: 
 @Action ConcreteID = ACftnjxiae430660492 AbstractID = AAftnjxiae430660492
 ConcreteID CUSTOM = ConcreteID CUSTOM not available AbstractID CUSTOM = AA1ehvc3bae277710274
 @State ConcreteID = SC1ce297w12cd352285027 AbstractID = SR10v893o11f5721979117
 ConcreteID CUSTOM = SC1d0itvo12d53052845597 AbstractID CUSTOM = SA1yxvuo212c8127933712

	ROLE = LeftDrag
	DESCRIPTION = Drag (1161.0, 401.0) To (1161.0, 446.92857142857144)
	TEXT = Compound Action =
		Move mouse to (1161.0, 401.0).
		Press Mouse Button BUTTON1
		Move mouse to (1161.0, 446.92857142857144).
		Release Mouse Button BUTTON1

ExecutedAction [3]: 
 @Action ConcreteID = AC161am397e3613377693 AbstractID = AA161am397e3613377693
 ConcreteID CUSTOM = ConcreteID CUSTOM not available AbstractID CUSTOM = AAbxzyaj813862495304
 @State ConcreteID = SC9cl5g9138731848729 AbstractID = SRs4fbl3129b2116014308
 ConcreteID CUSTOM = SC98308g1388857664150 AbstractID CUSTOM = SA1g4d8c1137c2087844656

	ROLE = LeftClickAt
	TARGET =
		WIDGET = WC18ta5n43b568991113, WR4na8ob72534219213, WT4na8ob72534219213, WP1fi92pu37248619969
		ROLE = UIATree
		TITLE = 
		SHAPE = Rect [x:781.0 y:373.0 w:150.0 h:104.0]
		CHILDREN = 0
		PATH = [0, 0, 0, 0, 0, 0, 2, 2, 0, 0, 0, 0, 1, 0, 0, 0]
	DESCRIPTION = Left Click at ''
	TEXT = Compound Action =
		Move mouse to (856.0, 425.0).
		Press Mouse Button BUTTON1
		Release Mouse Button BUTTON1

ExecutedAction [4]: 
 @Action ConcreteID = AC1hqaiyx7e1354816611 AbstractID = AA1hqaiyx7e1354816611
 ConcreteID CUSTOM = ConcreteID CUSTOM not available AbstractID CUSTOM = AAnmzv67811638275254
 @State ConcreteID = SC9cl5g9138731848729 AbstractID = SRs4fbl3129b2116014308
 ConcreteID CUSTOM = SC98308g1388857664150 AbstractID CUSTOM = SA1g4d8c1137c2087844656

	ROLE = LeftClickAt
	TARGET =
		WIDGET = WC1dbcr711b1873034447, WR17v7k2nb1067391859, WTdgwhpoe4144656729, WP1a283f173212671413
		ROLE = UIAMenuItem
		TITLE = Run
		SHAPE = Rect [x:391.0 y:187.0 w:35.0 h:19.0]
		CHILDREN = 0
		PATH = [0, 4, 5]
	DESCRIPTION = Left Click at 'Run'
	TEXT = Compound Action =
		Move mouse to (408.5, 196.5).
		Press Mouse Button BUTTON1
		Release Mouse Button BUTTON1

ExecutedAction [5]: 
 @Action ConcreteID = ACfe5ss6804171408193 AbstractID = AAfe5ss6804171408193
 ConcreteID CUSTOM = ConcreteID CUSTOM not available AbstractID CUSTOM = AAz1mst3801091950771
 @State ConcreteID = SClgt8ld15ee4277263837 AbstractID = SR15c8bdk15061575545684
 ConcreteID CUSTOM = SCadpxb615ee2274117496 AbstractID CUSTOM = SA1u4qeaq15d4395717829

	ROLE = LeftClickAt
	TARGET =
		WIDGET = WCxoq5yi1e3691167984, WR17v7k2nb1067391859, WTixgq3z113705304648, WP1mr73zs1a3739658845
		ROLE = UIAMenuItem
		TITLE = Window
		SHAPE = Rect [x:426.0 y:187.0 w:58.0 h:19.0]
		CHILDREN = 0
		PATH = [0, 5, 6]
	DESCRIPTION = Left Click at 'Window'
	TEXT = Compound Action =
		Move mouse to (455.0, 196.5).
		Press Mouse Button BUTTON1
		Release Mouse Button BUTTON1

ExecutedAction [6]: 
 @Action ConcreteID = ACaxs8oj7e3766518952 AbstractID = AAaxs8oj7e3766518952
 ConcreteID CUSTOM = ConcreteID CUSTOM not available AbstractID CUSTOM = AA1fvlmux813521527933
 @State ConcreteID = SC9cl5g9138731848729 AbstractID = SRs4fbl3129b2116014308
 ConcreteID CUSTOM = SC98308g1388857664150 AbstractID CUSTOM = SA1g4d8c1137c2087844656

	ROLE = LeftClickAt
	TARGET =
		WIDGET = WC1e479jz342062320890, WR1h6ibpb92248851252, WT7xh7vf123396096274, WP1dzql5d302945927304
		ROLE = UIAButton
		TITLE = View Menu
		SHAPE = Rect [x:321.0 y:267.0 w:23.0 h:22.0]
		CHILDREN = 0
		PATH = [0, 0, 0, 0, 0, 0, 0, 1, 1, 0]
	DESCRIPTION = Left Click at 'View Menu'
	TEXT = Compound Action =
		Move mouse to (332.5, 278.0).
		Press Mouse Button BUTTON1
		Release Mouse Button BUTTON1

ExecutedAction [7]: 
 @Action ConcreteID = ACb5tgku81632367404 AbstractID = AAb5tgku81632367404
 ConcreteID CUSTOM = ConcreteID CUSTOM not available AbstractID CUSTOM = AA1c25zr27e1824416068
 @State ConcreteID = SC1e7ddxm14883283781128 AbstractID = SR1puiia4139e3685367357
 ConcreteID CUSTOM = SC1hd7uyl14942086754267 AbstractID CUSTOM = SAo9m847147f67263530

	ROLE = LeftClickAt
	TARGET =
		WIDGET = WCuky6ek412928803089, WR88rmk0b1934231702, WTt8lv8r1f3964487852, WPz469ge3d3286050059
		ROLE = UIACheckBox
		TITLE = Hide Completed Tasks
		SHAPE = Rect [x:786.0 y:297.0 w:23.0 h:22.0]
		CHILDREN = 0
		PATH = [0, 0, 0, 0, 0, 0, 2, 1, 0, 4]
	DESCRIPTION = Left Click at 'Hide Completed Tasks'
	TEXT = Compound Action =
		Move mouse to (797.5, 308.0).
		Press Mouse Button BUTTON1
		Release Mouse Button BUTTON1

ExecutedAction [8]: 
 @Action ConcreteID = ACee1mg57f3780811976 AbstractID = AAee1mg57f3780811976
 ConcreteID CUSTOM = ConcreteID CUSTOM not available AbstractID CUSTOM = AA4ybue782399694935
 @State ConcreteID = SC9cl5g9138731848729 AbstractID = SRs4fbl3129b2116014308
 ConcreteID CUSTOM = SC98308g1388857664150 AbstractID CUSTOM = SA1g4d8c1137c2087844656

	ROLE = LeftClickAt
	TARGET =
		WIDGET = WC1j57qb42f435484828, WR1h6ibpb92248851252, WT1y7s3s5192983196421, WP1sfiyjm2b2740450335
		ROLE = UIAButton
		TITLE = Open Perspective
		SHAPE = Rect [x:995.0 y:213.0 w:23.0 h:22.0]
		CHILDREN = 0
		PATH = [0, 1, 8, 0, 0, 0]
	DESCRIPTION = Left Click at 'Open Perspective'
	TEXT = Compound Action =
		Move mouse to (1006.5, 224.0).
		Press Mouse Button BUTTON1
		Release Mouse Button BUTTON1

ExecutedAction [9]: 
 @Action ConcreteID = AC1ib8n4680298753183 AbstractID = AA1ib8n4680298753183
 ConcreteID CUSTOM = ConcreteID CUSTOM not available AbstractID CUSTOM = AAt3lc3g803850593215
 @State ConcreteID = SC10gidiy15f4563062524 AbstractID = SR1qmc17514e51188398640
 ConcreteID CUSTOM = SCqs8na415f6323574137 AbstractID CUSTOM = SAs36uds15e73944370596

	ROLE = LeftClickAt
	TARGET =
		WIDGET = WC2h0cvp24637070256, WR52qhb2b3065858412, WT1szx7h5e1928696678, WPb1civ203511158183
		ROLE = UIAListItem
		TITLE = XML
		SHAPE = Rect [x:510.0 y:432.0 w:133.0 h:19.0]
		CHILDREN = 1
		PATH = [0, 0, 0, 0, 0, 8]
	DESCRIPTION = Left Click at 'XML'
	TEXT = Compound Action =
		Move mouse to (576.5, 441.5).
		Press Mouse Button BUTTON1
		Release Mouse Button BUTTON1

ExecutedAction [10]: 
 @Action ConcreteID = AC1xcizei7f889800068 AbstractID = AA1xcizei7f889800068
 ConcreteID CUSTOM = ConcreteID CUSTOM not available AbstractID CUSTOM = AA1w532xe811618477705
 @State ConcreteID = SCaf3jx815f4836578077 AbstractID = SR1qmc17514e51188398640
 ConcreteID CUSTOM = SCqs8na415f6323574137 AbstractID CUSTOM = SA18rel5i15e62604807218

	ROLE = LeftClickAt
	TARGET =
		WIDGET = WC1jzj9rm20405719840, WR1h6ibpb92248851252, WT1gjzbmxd1262302430, WPkdi6f41c1927054909
		ROLE = UIAButton
		TITLE = Open
		SHAPE = Rect [x:639.0 y:648.0 w:92.0 h:25.0]
		CHILDREN = 0
		PATH = [0, 0, 0, 1, 0]
	DESCRIPTION = Left Click at 'Open'
	TEXT = Compound Action =
		Move mouse to (685.0, 660.5).
		Press Mouse Button BUTTON1
		Release Mouse Button BUTTON1

ExecutedAction [11]: 
 @Action ConcreteID = AC13ptfut812627856918 AbstractID = AA13ptfut812627856918
 ConcreteID CUSTOM = ConcreteID CUSTOM not available AbstractID CUSTOM = AA13parlk801674545276
 @State ConcreteID = SC1wxozmd10a91195536580 AbstractID = SR137krfdfcf3673331268
 ConcreteID CUSTOM = SCq4w3lf10951037317286 AbstractID CUSTOM = SAp20bes107d2477132188

	ROLE = LeftClickAt
	TARGET =
		WIDGET = WCwsai0f532879872615, WR1h6ibpb92248851252, WT1yjedt8313260187067, WP6m3std4f3167782023
		ROLE = UIAButton
		TITLE = Collapse All  (Ctrl+Shift+Numpad_Divide)
		SHAPE = Rect [x:226.0 y:267.0 w:23.0 h:22.0]
		CHILDREN = 0
		PATH = [0, 0, 0, 0, 0, 0, 0, 1, 0, 0]
	DESCRIPTION = Left Click at 'Collapse All  (Ctrl+Shift+Numpad_Divide)'
	TEXT = Compound Action =
		Move mouse to (237.5, 278.0).
		Press Mouse Button BUTTON1
		Release Mouse Button BUTTON1

ExecutedAction [12]: 
 @Action ConcreteID = ACiokvos812318891536 AbstractID = AAiokvos812318891536
 ConcreteID CUSTOM = ConcreteID CUSTOM not available AbstractID CUSTOM = AAio27fj801968773242
 @State ConcreteID = SC1wxozmd10a91195536580 AbstractID = SR137krfdfcf3673331268
 ConcreteID CUSTOM = SCq4w3lf10951037317286 AbstractID CUSTOM = SAp20bes107d2477132188

	ROLE = LeftClickAt
	TARGET =
		WIDGET = WCdg0id01c1198951367, WR17v7k2nb1067391859, WT1qe6brdf138512687, WP1hx95qa183605955422
		ROLE = UIAMenuItem
		TITLE = Edit
		SHAPE = Rect [x:196.0 y:187.0 w:34.0 h:19.0]
		CHILDREN = 0
		PATH = [0, 4, 1]
	DESCRIPTION = Left Click at 'Edit'
	TEXT = Compound Action =
		Move mouse to (213.0, 196.5).
		Press Mouse Button BUTTON1
		Release Mouse Button BUTTON1

ExecutedAction [13]: 
 @Action ConcreteID = AC11ahc51801607247389 AbstractID = AA11ahc51801607247389
 ConcreteID CUSTOM = ConcreteID CUSTOM not available AbstractID CUSTOM = AA1tznme2803589253241
 @State ConcreteID = SC1fjtkv6116e829066993 AbstractID = SR1h738ki10aa2788996560
 ConcreteID CUSTOM = SCshdl3j11672720862917 AbstractID CUSTOM = SAlzc0nt114f4139710471

	ROLE = LeftClickAt
	TARGET =
		WIDGET = WC14ed1bh39155351719, WR1h6ibpb92248851252, WT19ol5bi201271121736, WP1x9mu9n351099831668
		ROLE = UIAButton
		TITLE = Show in external window
		SHAPE = Rect [x:969.0 y:267.0 w:23.0 h:22.0]
		CHILDREN = 0
		PATH = [0, 1, 0, 1, 1, 0, 0]
	DESCRIPTION = Left Click at 'Show in external window'
	TEXT = Compound Action =
		Move mouse to (980.5, 278.0).
		Press Mouse Button BUTTON1
		Release Mouse Button BUTTON1

ExecutedAction [14]: 
 @Action ConcreteID = ACw9ztzs801021092503 AbstractID = AAw9ztzs801021092503
 ConcreteID CUSTOM = ConcreteID CUSTOM not available AbstractID CUSTOM = AAjvh90b803585171842
 @State ConcreteID = SC1pc73o10a91733114213 AbstractID = SR137krfdfcf3673331268
 ConcreteID CUSTOM = SC1api4rt10932459893208 AbstractID CUSTOM = SAp20bes107d2477132188

	ROLE = LeftClickAt
	TARGET =
		WIDGET = WC1ve3pd333745314214, WR1k8fo0ra1109144095, WT1iazd3z172506995755, WPai20j72f2572260318
		ROLE = UIATabItem
		TITLE = Documentation
		SHAPE = Rect [x:425.0 y:632.0 w:65.0 h:24.0]
		CHILDREN = 0
		PATH = [0, 0, 0, 0, 0, 0, 2, 4]
	DESCRIPTION = Left Click at 'Documentation'
	TEXT = Compound Action =
		Move mouse to (457.5, 644.0).
		Press Mouse Button BUTTON1
		Release Mouse Button BUTTON1

ExecutedAction [15]: 
 @Action ConcreteID = AC1kg9j4xad3442003953 AbstractID = AA1kg9j4xad3442003953
 ConcreteID CUSTOM = ConcreteID CUSTOM not available AbstractID CUSTOM = AAg7cdlgae2417102118
 @State ConcreteID = SCdtalfr22354252236484 AbstractID = SR1q0vu7t2040390919994
 ConcreteID CUSTOM = SC1rge3x0221b1881037268 AbstractID CUSTOM = SA1lf4ktx220c3044802031

	ROLE = LeftDrag
	DESCRIPTION = Drag (1738.0, 305.0) To (1738.0, 527.0799999999999)
	TEXT = Compound Action =
		Move mouse to (1738.0, 305.0).
		Press Mouse Button BUTTON1
		Move mouse to (1738.0, 527.0799999999999).
		Release Mouse Button BUTTON1

ExecutedAction [16]: 
 @Action ConcreteID = ACmz86fu801112310649 AbstractID = AAmz86fu801112310649
 ConcreteID CUSTOM = ConcreteID CUSTOM not available AbstractID CUSTOM = AA30sfv7812668321282
 @State ConcreteID = SCv7vf4w20df1090082475 AbstractID = SR1hioan31efc712643992
 ConcreteID CUSTOM = SC1sdqkva20c42859879274 AbstractID CUSTOM = SA1h2zrrf20ae1128511164

	ROLE = LeftClickAt
	TARGET =
		WIDGET = WC1gye1tb61435180043, WR5quxi6b4097176690, WTkbf1lf1a2083872921, WP1pyqcu55d2931318026
		ROLE = UIATreeItem
		TITLE = Tips and tricks
		SHAPE = Rect [x:198.0 y:384.0 w:98.0 h:16.0]
		CHILDREN = 2
		PATH = [1, 0, 0, 0, 0, 0, 0, 0, 1, 0, 0, 0, 0, 0, 0, 0, 1, 0, 0, 0, 2, 10]
	DESCRIPTION = Left Click at 'Tips and tricks'
	TEXT = Compound Action =
		Move mouse to (247.0, 392.0).
		Press Mouse Button BUTTON1
		Release Mouse Button BUTTON1

ExecutedAction [17]: 
 @Action ConcreteID = AC1ko6p2fb9511972032 AbstractID = AA1ko6p2fb9511972032
 ConcreteID CUSTOM = ConcreteID CUSTOM not available AbstractID CUSTOM = AAn3b8jzba824860492
 @State ConcreteID = SCwtt7lp22362719514844 AbstractID = SR1q0vu7t2040390919994
 ConcreteID CUSTOM = SCu7q4t1221a2153232351 AbstractID CUSTOM = SA1lf4ktx220c3044802031

	ROLE = LeftDrag
	DESCRIPTION = Drag (1161.0, 448.4336486099169) To (1161.0, 824.4285714285713)
	TEXT = Compound Action =
		Move mouse to (1161.0, 448.4336486099169).
		Press Mouse Button BUTTON1
		Move mouse to (1161.0, 824.4285714285713).
		Release Mouse Button BUTTON1

ExecutedAction [18]: 
 @Action ConcreteID = AC1tqg6mx82438047769 AbstractID = AA1tqg6mx82438047769
 ConcreteID CUSTOM = ConcreteID CUSTOM not available AbstractID CUSTOM = AA14h5ixd822869734189
 @State ConcreteID = SC15lyqtv22372279446871 AbstractID = SR1q0vu7t2040390919994
 ConcreteID CUSTOM = SC1s8wegp221c2094287276 AbstractID CUSTOM = SA1lf4ktx220c3044802031

	ROLE = LeftClickAt
	TARGET =
		WIDGET = WC1yh4121571500132739, WR1ca707tc1438424989, WTsssh93203021194808, WPyu719j53303649400
		ROLE = UIAHyperLink
		TITLE = General > Appearance
		SHAPE = Rect [x:975.0 y:592.0 w:175.0 h:19.0]
		CHILDREN = 2
		PATH = [1, 0, 0, 0, 0, 0, 0, 0, 1, 0, 1, 0, 1, 0, 6, 1, 1]
	DESCRIPTION = Left Click at 'General > Appearance'
	TEXT = Compound Action =
		Move mouse to (1062.5, 601.5).
		Press Mouse Button BUTTON1
		Release Mouse Button BUTTON1

ExecutedAction [19]: 
 @Action ConcreteID = AC6kvps0804270046161 AbstractID = AA6kvps0804270046161
 ConcreteID CUSTOM = ConcreteID CUSTOM not available AbstractID CUSTOM = AA11xyctw813582859867
 @State ConcreteID = SCo6d2gl29eb2093634074 AbstractID = SR18i6g5k27b04147209356
 ConcreteID CUSTOM = SCz552lm2a0a1450731106 AbstractID CUSTOM = SA1k10pml29c72149166934

	ROLE = LeftClickAt
	TARGET =
		WIDGET = WC2e709361318564339, WR1h6ibpb92248851252, WTmroimq144285515309, WPy4n6jv322878787079
		ROLE = UIAButton
		TITLE = Column left
		SHAPE = Rect [x:337.0 y:648.0 w:17.0 h:17.0]
		CHILDREN = 0
		PATH = [1, 0, 0, 0, 0, 0, 1, 0, 1, 0]
	DESCRIPTION = Left Click at 'Column left'
	TEXT = Compound Action =
		Move mouse to (345.5, 656.5).
		Press Mouse Button BUTTON1
		Release Mouse Button BUTTON1

ExecutedAction [20]: 
 @Action ConcreteID = ACa6hn44801890854971 AbstractID = AAa6hn44801890854971
 ConcreteID CUSTOM = ConcreteID CUSTOM not available AbstractID CUSTOM = AA15jka60811538886065
 @State ConcreteID = SCo6d2gl29eb2093634074 AbstractID = SR18i6g5k27b04147209356
 ConcreteID CUSTOM = SCz552lm2a0a1450731106 AbstractID CUSTOM = SA1k10pml29c72149166934

	ROLE = LeftClickAt
	TARGET =
		WIDGET = WCpo2rt5333018244894, WR1h6ibpb92248851252, WT1ub8x67e219175306, WPbc1zfb2f3692273330
		ROLE = UIAButton
		TITLE = Apply
		SHAPE = Rect [x:852.0 y:635.0 w:92.0 h:25.0]
		CHILDREN = 0
		PATH = [1, 0, 0, 0, 3, 2, 0, 0, 0, 1, 1]
	DESCRIPTION = Left Click at 'Apply'
	TEXT = Compound Action =
		Move mouse to (898.0, 647.5).
		Press Mouse Button BUTTON1
		Release Mouse Button BUTTON1

ExecutedAction [21]: 
 @Action ConcreteID = ACur0n33803534682057 AbstractID = AAur0n33803534682057
 ConcreteID CUSTOM = ConcreteID CUSTOM not available AbstractID CUSTOM = AA1q43a4z814188231235
 @State ConcreteID = SCo6d2gl29eb2093634074 AbstractID = SR18i6g5k27b04147209356
 ConcreteID CUSTOM = SCz552lm2a0a1450731106 AbstractID CUSTOM = SA1k10pml29c72149166934

	ROLE = LeftClickAt
	TARGET =
		WIDGET = WC1n9xtg0571733304732, WRceq816b3820106996, WTceq816b3820106996, WP9l6h8i53656658930
		ROLE = UIADataItem
		TITLE = 
		SHAPE = Rect [x:484.0 y:239.0 w:1.0 h:20.0]
		CHILDREN = 0
		PATH = [0, 0, 0, 0, 0, 0, 0, 0, 1, 0, 0, 0, 0, 0, 0, 0, 0, 0, 0, 0, 1, 0, 0, 0]
	DESCRIPTION = Left Click at ''
	TEXT = Compound Action =
		Move mouse to (484.5, 249.0).
		Press Mouse Button BUTTON1
		Release Mouse Button BUTTON1

ExecutedAction [22]: 
 @Action ConcreteID = AC1o99o62812402844914 AbstractID = AA1o99o62812402844914
 ConcreteID CUSTOM = ConcreteID CUSTOM not available AbstractID CUSTOM = AA122yr52822189354861
 @State ConcreteID = SCo6d2gl29eb2093634074 AbstractID = SR18i6g5k27b04147209356
 ConcreteID CUSTOM = SCz552lm2a0a1450731106 AbstractID CUSTOM = SA1k10pml29c72149166934

	ROLE = LeftClickAt
	TARGET =
		WIDGET = WCzprblb3f3154201264, WRceq816b3820106996, WTceq816b3820106996, WP1kgiuox3b2952619437
		ROLE = UIADataItem
		TITLE = 
		SHAPE = Rect [x:278.0 y:1031.0 w:1.0 h:21.0]
		CHILDREN = 0
		PATH = [0, 0, 0, 0, 0, 0, 0, 0, 1, 0, 0, 0, 1, 0, 0, 1]
	DESCRIPTION = Left Click at ''
	TEXT = Compound Action =
		Move mouse to (278.5, 1041.5).
		Press Mouse Button BUTTON1
		Release Mouse Button BUTTON1

ExecutedAction [23]: 
 @Action ConcreteID = ACk1tzmo801690308671 AbstractID = AAk1tzmo801690308671
 ConcreteID CUSTOM = ConcreteID CUSTOM not available AbstractID CUSTOM = AAe3mkkj80552411114
 @State ConcreteID = SC86mru529f72018112190 AbstractID = SR1huvebi27b03717774603
 ConcreteID CUSTOM = SC1fj3x5w29f43134739653 AbstractID CUSTOM = SA1bou7zw29d8593975539

	ROLE = LeftClickAt
	TARGET =
		WIDGET = WClmbx0u5a3481799421, WR5quxi6b4097176690, WTw4iua5144252953513, WP1onxtgg562440295697
		ROLE = UIATreeItem
		TITLE = Reference
		SHAPE = Rect [x:198.0 y:362.0 w:75.0 h:19.0]
		CHILDREN = 2
		PATH = [1, 0, 0, 0, 0, 0, 0, 0, 1, 0, 0, 0, 0, 0, 0, 0, 1, 0, 0, 0, 2, 8]
	DESCRIPTION = Left Click at 'Reference'
	TEXT = Compound Action =
		Move mouse to (235.5, 371.5).
		Press Mouse Button BUTTON1
		Release Mouse Button BUTTON1

ExecutedAction [24]: 
 @Action ConcreteID = ACoac6d5804087023088 AbstractID = AAoac6d5804087023088
 ConcreteID CUSTOM = ConcreteID CUSTOM not available AbstractID CUSTOM = AA1gi4gv7811025775917
 @State ConcreteID = SCwqznz9289d596825889 AbstractID = SR1o112q6266f3770150023
 ConcreteID CUSTOM = SC1jb6zca28a12962445430 AbstractID CUSTOM = SAc7xjoj28813614072582

	ROLE = LeftClickAt
	TARGET =
		WIDGET = WC1bnbbkp60704538716, WR52qhb2b3065858412, WTzmhpbh2c148954180, WP1otl64r5c3484057029
		ROLE = UIAListItem
		TITLE = Minimizing data loss from crashes
		SHAPE = Rect [x:680.0 y:401.0 w:1056.0 h:18.0]
		CHILDREN = 1
		PATH = [1, 0, 0, 0, 0, 0, 0, 0, 1, 0, 1, 0, 1, 0, 4, 0]
	DESCRIPTION = Left Click at 'Minimizing data loss from crashes'
	TEXT = Compound Action =
		Move mouse to (1208.0, 410.0).
		Press Mouse Button BUTTON1
		Release Mouse Button BUTTON1

ExecutedAction [25]: 
 @Action ConcreteID = ACol33de803566554319 AbstractID = AAol33de803566554319
 ConcreteID CUSTOM = ConcreteID CUSTOM not available AbstractID CUSTOM = AAtmvsqm803972460182
 @State ConcreteID = SCm8wk3z289d1913766167 AbstractID = SR1o112q6266f3770150023
 ConcreteID CUSTOM = SC1ph05c428a2480781653 AbstractID CUSTOM = SAc7xjoj28813614072582

	ROLE = LeftClickAt
	TARGET =
		WIDGET = WC1rgbpuy333549173622, WR5quxi6b4097176690, WTx9kk8u132880069427, WP1krl9gc2f3900107560
		ROLE = UIATreeItem
		TITLE = Security
		SHAPE = Rect [x:372.0 y:468.0 w:46.0 h:18.0]
		CHILDREN = 0
		PATH = [0, 0, 0, 0, 0, 0, 1, 0, 16]
	DESCRIPTION = Left Click at 'Security'
	TEXT = Compound Action =
		Move mouse to (395.0, 477.0).
		Press Mouse Button BUTTON1
		Release Mouse Button BUTTON1

ExecutedAction [26]: 
 @Action ConcreteID = ACgn4ggc802533303300 AbstractID = AAgn4ggc802533303300
 ConcreteID CUSTOM = ConcreteID CUSTOM not available AbstractID CUSTOM = AAlox5tk802930542173
 @State ConcreteID = SCm8wk3z289d1913766167 AbstractID = SR1o112q6266f3770150023
 ConcreteID CUSTOM = SC1ph05c428a2480781653 AbstractID CUSTOM = SAc7xjoj28813614072582

	ROLE = LeftClickAt
	TARGET =
		WIDGET = WCmx1ca1341297064136, WR5quxi6b4097176690, WT1trixw7143729367715, WP4huvkr302435376698
		ROLE = UIATreeItem
		TITLE = Workspace
		SHAPE = Rect [x:372.0 y:558.0 w:62.0 h:18.0]
		CHILDREN = 0
		PATH = [0, 0, 0, 0, 0, 0, 1, 0, 21]
	DESCRIPTION = Left Click at 'Workspace'
	TEXT = Compound Action =
		Move mouse to (403.0, 567.0).
		Press Mouse Button BUTTON1
		Release Mouse Button BUTTON1

ExecutedAction [27]: 
 @Action ConcreteID = ACmds4ue802066671639 AbstractID = AAmds4ue802066671639
 ConcreteID CUSTOM = ConcreteID CUSTOM not available AbstractID CUSTOM = AArfku7m801132284494
 @State ConcreteID = SCm8wk3z289d1913766167 AbstractID = SR1o112q6266f3770150023
 ConcreteID CUSTOM = SC1ph05c428a2480781653 AbstractID CUSTOM = SAc7xjoj28813614072582

	ROLE = LeftClickAt
	TARGET =
		WIDGET = WCh2e0ye3a2186841938, WR5quxi6b4097176690, WT1tgkd531a1957468751, WP1lfhbuw362116780593
		ROLE = UIATreeItem
		TITLE = Project Natures
		SHAPE = Rect [x:372.0 y:414.0 w:85.0 h:18.0]
		CHILDREN = 0
		PATH = [0, 0, 0, 0, 0, 0, 1, 0, 13]
	DESCRIPTION = Left Click at 'Project Natures'
	TEXT = Compound Action =
		Move mouse to (414.5, 423.0).
		Press Mouse Button BUTTON1
		Release Mouse Button BUTTON1

ExecutedAction [28]: 
 @Action ConcreteID = ACji3tam801795461482 AbstractID = AAji3tam801795461482
 ConcreteID CUSTOM = ConcreteID CUSTOM not available AbstractID CUSTOM = AAojwinu801398223667
 @State ConcreteID = SCm8wk3z289d1913766167 AbstractID = SR1o112q6266f3770150023
 ConcreteID CUSTOM = SC1ph05c428a2480781653 AbstractID CUSTOM = SAc7xjoj28813614072582

	ROLE = LeftClickAt
	TARGET =
		WIDGET = WC2bcqb33c424312402, WRceq816b3820106996, WTceq816b3820106996, WP1df7zzx38587095071
		ROLE = UIADataItem
		TITLE = 
		SHAPE = Rect [x:162.0 y:213.0 w:52.0 h:18.0]
		CHILDREN = 1
		PATH = [1, 0, 0, 0, 0, 0, 0, 0, 0, 0, 0, 0, 0, 0, 0]
	DESCRIPTION = Left Click at ''
	TEXT = Compound Action =
		Move mouse to (188.0, 222.0).
		Press Mouse Button BUTTON1
		Release Mouse Button BUTTON1

ExecutedAction [29]: 
 @Action ConcreteID = ACzinwjh814131785939 AbstractID = AAzinwjh814131785939
 ConcreteID CUSTOM = ConcreteID CUSTOM not available AbstractID CUSTOM = AA1e05mz5813838424609
 @State ConcreteID = SCm8wk3z289d1913766167 AbstractID = SR1o112q6266f3770150023
 ConcreteID CUSTOM = SC1ph05c428a2480781653 AbstractID CUSTOM = SAc7xjoj28813614072582

	ROLE = LeftClickAt
	TARGET =
		WIDGET = WCsx5rvi431840729729, WR1ca707tc1438424989, WT1ca707tc1438424989, WPcerwvg3f2979099230
		ROLE = UIAHyperLink
		TITLE = 
		SHAPE = Rect [x:212.0 y:1033.0 w:16.0 h:16.0]
		CHILDREN = 1
		PATH = [1, 0, 0, 0, 0, 0, 0, 0, 1, 0, 0, 0, 1, 0, 0, 0, 0]
	DESCRIPTION = Left Click at ''
	TEXT = Compound Action =
		Move mouse to (220.0, 1041.0).
		Press Mouse Button BUTTON1
		Release Mouse Button BUTTON1

ExecutedAction [30]: 
 @Action ConcreteID = ACizfkjj822325728093 AbstractID = AAizfkjj822325728093
 ConcreteID CUSTOM = ConcreteID CUSTOM not available AbstractID CUSTOM = AA1qibumf812336201338
 @State ConcreteID = SC1cr1u75289d4170475427 AbstractID = SR1o112q6266f3770150023
 ConcreteID CUSTOM = SC1o5ax1q28a12478171707 AbstractID CUSTOM = SAc7xjoj28813614072582

	ROLE = LeftClickAt
	TARGET =
		WIDGET = WCav3ga4d3286015904, WR52qhb2b3065858412, WT1xge7ps191557389402, WP1ph26r049504601601
		ROLE = UIAListItem
		TITLE = Secure storage
		SHAPE = Rect [x:680.0 y:438.0 w:1056.0 h:18.0]
		CHILDREN = 1
		PATH = [1, 0, 0, 0, 0, 0, 0, 0, 1, 0, 1, 0, 1, 0, 4, 2]
	DESCRIPTION = Left Click at 'Secure storage'
	TEXT = Compound Action =
		Move mouse to (1208.0, 447.0).
		Press Mouse Button BUTTON1
		Release Mouse Button BUTTON1

ExecutedAction [31]: 
 @Action ConcreteID = AC11hqsqx823998067714 AbstractID = AA11hqsqx823998067714
 ConcreteID CUSTOM = ConcreteID CUSTOM not available AbstractID CUSTOM = AA1y5tt61812919057243
 @State ConcreteID = SC158b4to289c1250105331 AbstractID = SR1o112q6266f3770150023
 ConcreteID CUSTOM = SC1mfngvw28a2772025698 AbstractID CUSTOM = SAc7xjoj28813614072582

	ROLE = LeftClickAt
	TARGET =
		WIDGET = WCp5o8xr4f2269549680, WR1ca707tc1438424989, WT1ca707tc1438424989, WPv50zyl4b997074572
		ROLE = UIAHyperLink
		TITLE = 
		SHAPE = Rect [x:1603.0 y:239.0 w:20.0 h:20.0]
		CHILDREN = 1
		PATH = [1, 0, 0, 0, 0, 0, 0, 0, 1, 0, 1, 0, 0, 0, 0, 0, 1, 0, 0, 2, 0]
	DESCRIPTION = Left Click at ''
	TEXT = Compound Action =
		Move mouse to (1613.0, 249.0).
		Press Mouse Button BUTTON1
		Release Mouse Button BUTTON1

ExecutedAction [32]: 
 @Action ConcreteID = AC1eh2f3v7e1482872021 AbstractID = AA1eh2f3v7e1482872021
 ConcreteID CUSTOM = ConcreteID CUSTOM not available AbstractID CUSTOM = AA1tyr4by803099140041
 @State ConcreteID = SCbcqq2289a421038985 AbstractID = SR1o112q6266f3770150023
 ConcreteID CUSTOM = SC5enplk28a12096924869 AbstractID CUSTOM = SAc7xjoj28813614072582

	ROLE = LeftClickAt
	TARGET =
		WIDGET = WC1l6fr7i55508693788, WR88rmk0b1934231702, WT1lc8gc3303908151825, WP1aaaevg511004535587
		ROLE = UIACheckBox
		TITLE = Use mixed fonts and colors for labels
		SHAPE = Rect [x:532.0 y:548.0 w:215.0 h:16.0]
		CHILDREN = 0
		PATH = [0, 0, 0, 0, 3, 2, 0, 0, 0, 0, 8]
	DESCRIPTION = Left Click at 'Use mixed fonts and colors for labels'
	TEXT = Compound Action =
		Move mouse to (639.5, 556.0).
		Press Mouse Button BUTTON1
		Release Mouse Button BUTTON1

ExecutedAction [33]: 
 @Action ConcreteID = AC102zol580312469490 AbstractID = AA102zol580312469490
 ConcreteID CUSTOM = ConcreteID CUSTOM not available AbstractID CUSTOM = AA154sdyd80718030251
 @State ConcreteID = SCm8wk3z289d1913766167 AbstractID = SR1o112q6266f3770150023
 ConcreteID CUSTOM = SC1ph05c428a2480781653 AbstractID CUSTOM = SAc7xjoj28813614072582

	ROLE = LeftClickAt
	TARGET =
		WIDGET = WC13uupy161518664802, WR5quxi6b4097176690, WT104j5wl1d108211561, WP130987f5d3079353886
		ROLE = UIATreeItem
		TITLE = EGit Documentation
		SHAPE = Rect [x:180.0 y:499.0 w:136.0 h:19.0]
		CHILDREN = 2
		PATH = [1, 0, 0, 0, 0, 0, 0, 0, 1, 0, 0, 0, 0, 0, 0, 0, 1, 0, 0, 0, 10]
	DESCRIPTION = Left Click at 'EGit Documentation'
	TEXT = Compound Action =
		Move mouse to (248.0, 508.5).
		Press Mouse Button BUTTON1
		Release Mouse Button BUTTON1

ExecutedAction [34]: 
 @Action ConcreteID = ACm8onyk822676711984 AbstractID = AAm8onyk822676711984
 ConcreteID CUSTOM = ConcreteID CUSTOM not available AbstractID CUSTOM = AA1l6njeh802696390016
 @State ConcreteID = SC1n3aysr2ad43810998356 AbstractID = SR10qcjz1286b1322119741
 ConcreteID CUSTOM = SC7rhyzp2adf194632107 AbstractID CUSTOM = SA5z5hz82ac6295863914

	ROLE = LeftClickAt
	TARGET =
		WIDGET = WCp6ru4h4f134635984, WR1ca707tc1438424989, WT1ca707tc1438424989, WPv64l5b4b3022967596
		ROLE = UIAHyperLink
		TITLE = 
		SHAPE = Rect [x:1651.0 y:239.0 w:20.0 h:20.0]
		CHILDREN = 1
		PATH = [1, 0, 0, 0, 0, 0, 0, 0, 1, 0, 1, 0, 0, 0, 0, 0, 1, 0, 0, 4, 0]
	DESCRIPTION = Left Click at ''
	TEXT = Compound Action =
		Move mouse to (1661.0, 249.0).
		Press Mouse Button BUTTON1
		Release Mouse Button BUTTON1

ExecutedAction [35]: 
 @Action ConcreteID = ACduai4f812880045200 AbstractID = AAduai4f812880045200
 ConcreteID CUSTOM = ConcreteID CUSTOM not available AbstractID CUSTOM = AA18r7isy7f577465654
 @State ConcreteID = SC1n3aysr2ad43810998356 AbstractID = SR10qcjz1286b1322119741
 ConcreteID CUSTOM = SC7rhyzp2adf194632107 AbstractID CUSTOM = SA5z5hz82ac6295863914

	ROLE = LeftClickAt
	TARGET =
		WIDGET = WC1gq2fa72e2273794252, WR5quxi6b4097176690, WT1kgn7lef2141629562, WPm7d4x92a791384223
		ROLE = UIATreeItem
		TITLE = Keys
		SHAPE = Rect [x:372.0 y:324.0 w:28.0 h:18.0]
		CHILDREN = 0
		PATH = [0, 0, 0, 0, 0, 0, 1, 0, 8]
	DESCRIPTION = Left Click at 'Keys'
	TEXT = Compound Action =
		Move mouse to (386.0, 333.0).
		Press Mouse Button BUTTON1
		Release Mouse Button BUTTON1

ExecutedAction [36]: 
 @Action ConcreteID = ACtrmw0n812712602189 AbstractID = AAtrmw0n812712602189
 ConcreteID CUSTOM = ConcreteID CUSTOM not available AbstractID CUSTOM = AAa9usqo803146424589
 @State ConcreteID = SC1l9l2mx2ad4952412005 AbstractID = SR10qcjz1286b1322119741
 ConcreteID CUSTOM = SC2ibxsq2adf2726201140 AbstractID CUSTOM = SA5z5hz82ac6295863914

	ROLE = LeftClickAt
	TARGET =
		WIDGET = WC1ddod753f2320196631, WRceq816b3820106996, WTceq816b3820106996, WP1y4fwar3b2578926346
		ROLE = UIADataItem
		TITLE = 
		SHAPE = Rect [x:638.0 y:238.0 w:1108.0 h:22.0]
		CHILDREN = 2
		PATH = [1, 0, 0, 0, 0, 0, 0, 0, 1, 0, 1, 0, 0, 0, 0, 0]
	DESCRIPTION = Left Click at ''
	TEXT = Compound Action =
		Move mouse to (1192.0, 249.0).
		Press Mouse Button BUTTON1
		Release Mouse Button BUTTON1

ExecutedAction [37]: 
 @Action ConcreteID = AC1wbj41c80657508694 AbstractID = AA1wbj41c80657508694
 ConcreteID CUSTOM = ConcreteID CUSTOM not available AbstractID CUSTOM = AA1dczqnb7f3628332098
 @State ConcreteID = SC1l9l2mx2ad4952412005 AbstractID = SR10qcjz1286b1322119741
 ConcreteID CUSTOM = SC2ibxsq2adf2726201140 AbstractID CUSTOM = SA5z5hz82ac6295863914

	ROLE = LeftClickAt
	TARGET =
		WIDGET = WC1pi0yos361668950608, WR17qbaneb3904637586, WTktlntn114154790159, WPxeff1m3239555805
		ROLE = UIAComboBox
		TITLE = Theme:
		SHAPE = Rect [x:661.0 y:269.0 w:278.0 h:23.0]
		CHILDREN = 1
		PATH = [0, 0, 0, 0, 3, 2, 0, 0, 0, 0, 2]
	DESCRIPTION = Left Click at 'Theme:'
	TEXT = Compound Action =
		Move mouse to (800.0, 280.5).
		Press Mouse Button BUTTON1
		Release Mouse Button BUTTON1

ExecutedAction [38]: 
 @Action ConcreteID = AC673cm0803234052438 AbstractID = AA673cm0803234052438
 ConcreteID CUSTOM = ConcreteID CUSTOM not available AbstractID CUSTOM = AA1m9o1737f1068532802
 @State ConcreteID = SC1l9l2mx2ad4952412005 AbstractID = SR10qcjz1286b1322119741
 ConcreteID CUSTOM = SC2ibxsq2adf2726201140 AbstractID CUSTOM = SA5z5hz82ac6295863914

	ROLE = LeftClickAt
	TARGET =
		WIDGET = WCusdrps623786236005, WR5quxi6b4097176690, WTu1ph2e1f18879972, WPa2ftni5e1382924681
		ROLE = UIATreeItem
		TITLE = Workbench User Guide
		SHAPE = Rect [x:180.0 y:263.0 w:152.0 h:19.0]
		CHILDREN = 2
		PATH = [1, 0, 0, 0, 0, 0, 0, 0, 1, 0, 0, 0, 0, 0, 0, 0, 1, 0, 0, 0, 1]
	DESCRIPTION = Left Click at 'Workbench User Guide'
	TEXT = Compound Action =
		Move mouse to (256.0, 272.5).
		Press Mouse Button BUTTON1
		Release Mouse Button BUTTON1

ExecutedAction [39]: 
 @Action ConcreteID = AC17ji7a2803562998795 AbstractID = AA17ji7a2803562998795
 ConcreteID CUSTOM = ConcreteID CUSTOM not available AbstractID CUSTOM = AAxj8ny1802988085865
 @State ConcreteID = SCuwyrei29553042771501 AbstractID = SReju6p9271b2271039861
 ConcreteID CUSTOM = SCiugkv529561443695028 AbstractID CUSTOM = SAa8l22d292b4002428937

	ROLE = LeftClickAt
	TARGET =
		WIDGET = WCjlot0y4b1274369395, WR1ca707tc1438424989, WT14zm1ok143104473737, WPmixzk047487058523
		ROLE = UIAHyperLink
		TITLE = Concepts
		SHAPE = Rect [x:680.0 y:418.0 w:60.0 h:18.0]
		CHILDREN = 1
		PATH = [1, 0, 0, 0, 0, 0, 0, 0, 1, 0, 1, 0, 1, 0, 2, 2, 0]
	DESCRIPTION = Left Click at 'Concepts'
	TEXT = Compound Action =
		Move mouse to (710.0, 427.0).
		Press Mouse Button BUTTON1
		Release Mouse Button BUTTON1

ExecutedAction [40]: 
 @Action ConcreteID = AC15v7615813953524582 AbstractID = AA15v7615813953524582
 ConcreteID CUSTOM = ConcreteID CUSTOM not available AbstractID CUSTOM = AA1jp99yd802959366417
 @State ConcreteID = SC15zwdhw2abc2421795030 AbstractID = SR47uwzp28703423275125
 ConcreteID CUSTOM = SC1vajm092abb771306293 AbstractID CUSTOM = SAbpn8x82aa43175464128

	ROLE = LeftClickAt
	TARGET =
		WIDGET = WC16puk1s372513092686, WR5quxi6b4097176690, WT13u5k6s183884044574, WPsxjs5q3347377834
		ROLE = UIATreeItem
		TITLE = Content Types
		SHAPE = Rect [x:372.0 y:270.0 w:79.0 h:18.0]
		CHILDREN = 0
		PATH = [0, 0, 0, 0, 0, 0, 1, 0, 5]
	DESCRIPTION = Left Click at 'Content Types'
	TEXT = Compound Action =
		Move mouse to (411.5, 279.0).
		Press Mouse Button BUTTON1
		Release Mouse Button BUTTON1

ExecutedAction [41]: 
 @Action ConcreteID = ACyelpql801143593050 AbstractID = AAyelpql801143593050
 ConcreteID CUSTOM = ConcreteID CUSTOM not available AbstractID CUSTOM = AA1au99xm804183554828
 @State ConcreteID = SCa7v6g42abb2558220587 AbstractID = SR47uwzp28703423275125
 ConcreteID CUSTOM = SC1mxvebi2abc4086402789 AbstractID CUSTOM = SAbpn8x82aa43175464128

	ROLE = LeftClickAt
	TARGET =
		WIDGET = WC1xr94n06c899107393, WR5quxi6b4097176690, WT1txwd9v292551803471, WPyjfzii68846076545
		ROLE = UIATreeItem
		TITLE = Eclipse Marketplace User Guide
		SHAPE = Rect [x:180.0 y:479.0 w:199.0 h:19.0]
		CHILDREN = 2
		PATH = [1, 0, 0, 0, 0, 0, 0, 0, 1, 0, 0, 0, 0, 0, 0, 0, 1, 0, 0, 0, 8]
	DESCRIPTION = Left Click at 'Eclipse Marketplace User Guide'
	TEXT = Compound Action =
		Move mouse to (279.5, 488.5).
		Press Mouse Button BUTTON1
		Release Mouse Button BUTTON1

ExecutedAction [42]: 
 @Action ConcreteID = AC1c2o2b87f3807521017 AbstractID = AA1c2o2b87f3807521017
 ConcreteID CUSTOM = ConcreteID CUSTOM not available AbstractID CUSTOM = AA12sr098813643760038
 @State ConcreteID = SC1rv18t3282599697345 AbstractID = SR17am8l125f72134447556
 ConcreteID CUSTOM = SC75zpkz28261785074188 AbstractID CUSTOM = SA1w7ysol280c2891752241

	ROLE = LeftClickAt
	TARGET =
		WIDGET = WCmx1ca1341297064136, WR5quxi6b4097176690, WT1trixw7143729367715, WP4huvkr302435376698
		ROLE = UIATreeItem
		TITLE = Workspace
		SHAPE = Rect [x:372.0 y:558.0 w:62.0 h:18.0]
		CHILDREN = 0
		PATH = [0, 0, 0, 0, 0, 0, 1, 0, 21]
	DESCRIPTION = Left Click at 'Workspace'
	TEXT = Compound Action =
		Move mouse to (403.0, 567.0).
		Press Mouse Button BUTTON1
		Release Mouse Button BUTTON1

ExecutedAction [43]: 
 @Action ConcreteID = ACdc8q0j804106439918 AbstractID = AAdc8q0j804106439918
 ConcreteID CUSTOM = ConcreteID CUSTOM not available AbstractID CUSTOM = AA1ozc297813523596924
 @State ConcreteID = SC7utdak28253288961624 AbstractID = SR17am8l125f72134447556
 ConcreteID CUSTOM = SC1ns7whi28272566684642 AbstractID CUSTOM = SA1w7ysol280c2891752241

	ROLE = LeftClickAt
	TARGET =
		WIDGET = WC2e3738572454536808, WR5quxi6b4097176690, WT19ltmwr104207271625, WP1fkh46q532438754008
		ROLE = UIATreeItem
		TITLE = Legal
		SHAPE = Rect [x:198.0 y:422.0 w:50.0 h:16.0]
		CHILDREN = 2
		PATH = [1, 0, 0, 0, 0, 0, 0, 0, 1, 0, 0, 0, 0, 0, 0, 0, 1, 0, 0, 0, 2, 13]
	DESCRIPTION = Left Click at 'Legal'
	TEXT = Compound Action =
		Move mouse to (223.0, 430.0).
		Press Mouse Button BUTTON1
		Release Mouse Button BUTTON1

ExecutedAction [44]: 
 @Action ConcreteID = AC1jv832d803840499423 AbstractID = AA1jv832d803840499423
 ConcreteID CUSTOM = ConcreteID CUSTOM not available AbstractID CUSTOM = AA152c6c2804046364022
 @State ConcreteID = SCtzt4qt27bf1403937332 AbstractID = SR13443o0259e3211810712
 ConcreteID CUSTOM = SCe39wc27c32235577708 AbstractID CUSTOM = SAqdk34627a31275287813

	ROLE = LeftClickAt
	TARGET =
		WIDGET = WC1mwu9uy331111279284, WR1h6ibpb92248851252, WT1ub8x67e219175306, WP18kthh42f768187160
		ROLE = UIAButton
		TITLE = Apply
		SHAPE = Rect [x:852.0 y:635.0 w:92.0 h:25.0]
		CHILDREN = 0
		PATH = [0, 0, 0, 0, 3, 2, 0, 0, 0, 1, 1]
	DESCRIPTION = Left Click at 'Apply'
	TEXT = Compound Action =
		Move mouse to (898.0, 647.5).
		Press Mouse Button BUTTON1
		Release Mouse Button BUTTON1

ExecutedAction [45]: 
 @Action ConcreteID = ACicpubv801819288144 AbstractID = AAicpubv801819288144
 ConcreteID CUSTOM = ConcreteID CUSTOM not available AbstractID CUSTOM = AA1rn0jbs811968979867
 @State ConcreteID = SCu81o1327c0513074475 AbstractID = SR13443o0259e3211810712
 ConcreteID CUSTOM = SC1m6c8mi27c32088160852 AbstractID CUSTOM = SAqdk34627a31275287813

	ROLE = LeftClickAt
	TARGET =
		WIDGET = WC143vyaz4b1266138310, WRceq816b3820106996, WTceq816b3820106996, WP1krsvrx471402550630
		ROLE = UIADataItem
		TITLE = 
		SHAPE = Rect [x:1721.0 y:239.0 w:24.0 h:20.0]
		CHILDREN = 1
		PATH = [1, 0, 0, 0, 0, 0, 0, 0, 1, 0, 1, 0, 0, 0, 0, 0, 1, 0, 0, 7]
	DESCRIPTION = Left Click at ''
	TEXT = Compound Action =
		Move mouse to (1733.0, 249.0).
		Press Mouse Button BUTTON1
		Release Mouse Button BUTTON1

ExecutedAction [46]: 
 @Action ConcreteID = ACx2aorx813924920338 AbstractID = AAx2aorx813924920338
 ConcreteID CUSTOM = ConcreteID CUSTOM not available AbstractID CUSTOM = AAe0jhag81859808979
 @State ConcreteID = SC1f2umtb1e722719423899 AbstractID = SR1ykmcuy1cf84042081009
 ConcreteID CUSTOM = SC1g6omne1e7e2561649686 AbstractID CUSTOM = SA100k0qa1e652039701699

	ROLE = LeftClickAt
	TARGET =
		WIDGET = WCf5325h373165767600, WR5quxi6b4097176690, WTsobi0l173643541221, WP5rtx93333687330905
		ROLE = UIATreeItem
		TITLE = Perspectives
		SHAPE = Rect [x:372.0 y:396.0 w:69.0 h:18.0]
		CHILDREN = 0
		PATH = [0, 0, 0, 0, 0, 0, 1, 0, 12]
	DESCRIPTION = Left Click at 'Perspectives'
	TEXT = Compound Action =
		Move mouse to (406.5, 405.0).
		Press Mouse Button BUTTON1
		Release Mouse Button BUTTON1

ExecutedAction [47]: 
 @Action ConcreteID = AC185tahp812205726642 AbstractID = AA185tahp812205726642
 ConcreteID CUSTOM = ConcreteID CUSTOM not available AbstractID CUSTOM = AA2mx3sm814108866187
 @State ConcreteID = SC1fz1db31e733767099204 AbstractID = SR1ykmcuy1cf84042081009
 ConcreteID CUSTOM = SChbzjub1e7e3584471666 AbstractID CUSTOM = SA100k0qa1e652039701699

	ROLE = LeftClickAt
	TARGET =
		WIDGET = WC1go608z45184255677, WR17qbaneb3904637586, WT7cxe8i203609221053, WP1w9laj541111147633
		ROLE = UIAComboBox
		TITLE = Color and Font theme:
		SHAPE = Rect [x:661.0 y:297.0 w:278.0 h:23.0]
		CHILDREN = 1
		PATH = [0, 0, 0, 0, 3, 2, 0, 0, 0, 0, 4]
	DESCRIPTION = Left Click at 'Color and Font theme:'
	TEXT = Compound Action =
		Move mouse to (800.0, 308.5).
		Press Mouse Button BUTTON1
		Release Mouse Button BUTTON1

ExecutedAction [48]: 
 @Action ConcreteID = ACpsqh8fe23116396045 AbstractID = AA6k7q0d62214234377
 ConcreteID CUSTOM = ConcreteID CUSTOM not available AbstractID CUSTOM = AA1skvqfzd61203059127
 @State ConcreteID = SC1fz1db31e733767099204 AbstractID = SR1ykmcuy1cf84042081009
 ConcreteID CUSTOM = SChbzjub1e7e3584471666 AbstractID CUSTOM = SA100k0qa1e652039701699

	ROLE = ClickTypeInto
	TARGET =
		WIDGET = WC17g9ujt4f3425146650, WR4n9zi27465102038, WTlr994y1b2141803465, WPp1x8ij4b495811318
		ROLE = UIAText
		TITLE = Workbench User Guide
		SHAPE = Rect [x:172.0 y:265.0 w:122.0 h:16.0]
		CHILDREN = 0
		PATH = [1, 0, 0, 0, 0, 0, 0, 0, 1, 0, 0, 0, 1, 0, 0, 0]
	DESCRIPTION = Type 'null' into 'Workbench User Guide
	TEXT = Compound Action =
		Compound Action =
		Move mouse to (233.0, 273.0).
		Press Mouse Button BUTTON1
		Release Mouse Button BUTTON1
		Press Key 17
		Press Key 65
		Release Key 65
		Release Key 17
		Type text 'null'

ExecutedAction [49]: 
 @Action ConcreteID = AC5687xo812795841317 AbstractID = AA5687xo812795841317
 ConcreteID CUSTOM = ConcreteID CUSTOM not available AbstractID CUSTOM = AArzlanm80236862082
 @State ConcreteID = SC1i9qneb200b3079886281 AbstractID = SR1ys22kn1e75597167963
 ConcreteID CUSTOM = SC1969m7n2013116034952 AbstractID CUSTOM = SAt8rwqw1ff91619872688

	ROLE = LeftClickAt
	TARGET =
		WIDGET = WC1h47zzc461434520870, WRceq816b3820106996, WTfb4ua5152357841351, WP1dk0ty421455936654
		ROLE = UIADataItem
		TITLE = All topics
		SHAPE = Rect [x:474.0 y:213.0 w:54.0 h:18.0]
		CHILDREN = 1
		PATH = [1, 0, 0, 0, 0, 0, 0, 0, 0, 0, 0, 0, 0, 0, 4]
	DESCRIPTION = Left Click at 'All topics'
	TEXT = Compound Action =
		Move mouse to (501.0, 222.0).
		Press Mouse Button BUTTON1
		Release Mouse Button BUTTON1

ExecutedAction [50]: 
 @Action ConcreteID = AC1dernll82615688099 AbstractID = AA1dernll82615688099
 ConcreteID CUSTOM = ConcreteID CUSTOM not available AbstractID CUSTOM = AA1adwg6r811822960373
 @State ConcreteID = SC1i9qneb200b3079886281 AbstractID = SR1ys22kn1e75597167963
 ConcreteID CUSTOM = SC1969m7n2013116034952 AbstractID CUSTOM = SAt8rwqw1ff91619872688

	ROLE = LeftClickAt
	TARGET =
		WIDGET = WC1mfjc6a4f4191970426, WR1ca707tc1438424989, WT1ca707tc1438424989, WP1sew3744b1173673606
		ROLE = UIAHyperLink
		TITLE = 
		SHAPE = Rect [x:1651.0 y:239.0 w:20.0 h:20.0]
		CHILDREN = 1
		PATH = [1, 0, 0, 0, 0, 0, 0, 0, 1, 0, 0, 0, 0, 0, 0, 0, 1, 0, 0, 4, 0]
	DESCRIPTION = Left Click at ''
	TEXT = Compound Action =
		Move mouse to (1661.0, 249.0).
		Press Mouse Button BUTTON1
		Release Mouse Button BUTTON1

ExecutedAction [51]: 
 @Action ConcreteID = AC10jbwtt813846114537 AbstractID = AA10jbwtt813846114537
 ConcreteID CUSTOM = ConcreteID CUSTOM not available AbstractID CUSTOM = AAboyqju803996234277
 @State ConcreteID = SC1xvehzl200c4094374990 AbstractID = SR1ys22kn1e75597167963
 ConcreteID CUSTOM = SC1ud0p6h20132562298797 AbstractID CUSTOM = SAt8rwqw1ff91619872688

	ROLE = LeftClickAt
	TARGET =
		WIDGET = WC1pukfo8582439984627, WR52qhb2b3065858412, WT1ctu1yn242242958705, WP1xu7ioa543732662157
		ROLE = UIAListItem
		TITLE = Eclipse platform overview
		SHAPE = Rect [x:212.0 y:381.0 w:1524.0 h:18.0]
		CHILDREN = 1
		PATH = [1, 0, 0, 0, 0, 0, 0, 0, 1, 0, 0, 0, 1, 0, 2, 0]
	DESCRIPTION = Left Click at 'Eclipse platform overview'
	TEXT = Compound Action =
		Move mouse to (974.0, 390.0).
		Press Mouse Button BUTTON1
		Release Mouse Button BUTTON1

ExecutedAction [52]: 
 @Action ConcreteID = AC17mehl481541902242 AbstractID = AA17mehl481541902242
 ConcreteID CUSTOM = ConcreteID CUSTOM not available AbstractID CUSTOM = AA121ocer802356523488
 @State ConcreteID = SC1jaso34200c2551703708 AbstractID = SR1ys22kn1e75597167963
 ConcreteID CUSTOM = SC1rp7awb20133074638583 AbstractID CUSTOM = SAt8rwqw1ff91619872688

	ROLE = LeftClickAt
	TARGET =
		WIDGET = WC1i5mk8z443749417107, WR1h6ibpb92248851252, WT19v964f22383585301, WPaep4z940456970378
		ROLE = UIAButton
		TITLE = Additional Dialog Actions
		SHAPE = Rect [x:921.0 y:208.0 w:23.0 h:22.0]
		CHILDREN = 0
		PATH = [0, 0, 0, 0, 3, 0, 0, 1, 0, 2]
	DESCRIPTION = Left Click at 'Additional Dialog Actions'
	TEXT = Compound Action =
		Move mouse to (932.5, 219.0).
		Press Mouse Button BUTTON1
		Release Mouse Button BUTTON1

ExecutedAction [53]: 
 @Action ConcreteID = ACldl5cc813113129130 AbstractID = AAldl5cc813113129130
 ConcreteID CUSTOM = ConcreteID CUSTOM not available AbstractID CUSTOM = AAfsv05z80364372200
 @State ConcreteID = SC1jaso34200c2551703708 AbstractID = SR1ys22kn1e75597167963
 ConcreteID CUSTOM = SC1rp7awb20133074638583 AbstractID CUSTOM = SAt8rwqw1ff91619872688

	ROLE = LeftClickAt
	TARGET =
		WIDGET = WCc2so8d323630160251, WR1h6ibpb92248851252, WTrko51k10351550260, WP56oqlb2e4026512890
		ROLE = UIAButton
		TITLE = Line up
		SHAPE = Rect [x:486.0 y:234.0 w:17.0 h:17.0]
		CHILDREN = 0
		PATH = [0, 0, 0, 0, 0, 0, 1, 0, 0, 0]
	DESCRIPTION = Left Click at 'Line up'
	TEXT = Compound Action =
		Move mouse to (494.5, 242.5).
		Press Mouse Button BUTTON1
		Release Mouse Button BUTTON1

ExecutedAction [54]: 
 @Action ConcreteID = AC1fq10n581228596672 AbstractID = AA1fq10n581228596672
 ConcreteID CUSTOM = ConcreteID CUSTOM not available AbstractID CUSTOM = AA1a5avgs802711187330
 @State ConcreteID = SC1jaso34200c2551703708 AbstractID = SR1ys22kn1e75597167963
 ConcreteID CUSTOM = SC1rp7awb20133074638583 AbstractID CUSTOM = SAt8rwqw1ff91619872688

	ROLE = LeftClickAt
	TARGET =
		WIDGET = WC1qknqtu21381850606, WR88rmk0b1934231702, WT88rmk0b1934231702, WP1sbp18k1d3189024849
		ROLE = UIACheckBox
		TITLE = 
		SHAPE = Rect [x:341.0 y:677.0 w:31.0 h:30.0]
		CHILDREN = 0
		PATH = [0, 0, 0, 2, 0, 0]
	DESCRIPTION = Left Click at ''
	TEXT = Compound Action =
		Move mouse to (356.5, 692.0).
		Press Mouse Button BUTTON1
		Release Mouse Button BUTTON1

ExecutedAction [55]: 
 @Action ConcreteID = ACh2orb4802171064885 AbstractID = AAh2orb4802171064885
 ConcreteID CUSTOM = ConcreteID CUSTOM not available AbstractID CUSTOM = AA3rpe33801395990169
 @State ConcreteID = SCqv0br120093593650460 AbstractID = SR1ys22kn1e75597167963
 ConcreteID CUSTOM = SC17inbfw20103763764180 AbstractID CUSTOM = SAt8rwqw1ff91619872688

	ROLE = LeftClickAt
	TARGET =
		WIDGET = WCh2e0ye3a2186841938, WR5quxi6b4097176690, WT1tgkd531a1957468751, WP1lfhbuw362116780593
		ROLE = UIATreeItem
		TITLE = Project Natures
		SHAPE = Rect [x:372.0 y:414.0 w:85.0 h:18.0]
		CHILDREN = 0
		PATH = [0, 0, 0, 0, 0, 0, 1, 0, 13]
	DESCRIPTION = Left Click at 'Project Natures'
	TEXT = Compound Action =
		Move mouse to (414.5, 423.0).
		Press Mouse Button BUTTON1
		Release Mouse Button BUTTON1

ExecutedAction [56]: 
 @Action ConcreteID = AC1o41o4e811552977778 AbstractID = AA1o41o4e811552977778
 ConcreteID CUSTOM = ConcreteID CUSTOM not available AbstractID CUSTOM = AA1ijbiy1804037671728
 @State ConcreteID = SC1jaso34200c2551703708 AbstractID = SR1ys22kn1e75597167963
 ConcreteID CUSTOM = SC1rp7awb20133074638583 AbstractID CUSTOM = SAt8rwqw1ff91619872688

	ROLE = LeftClickAt
	TARGET =
		WIDGET = WC16ar3o4343122562701, WR5quxi6b4097176690, WT89swte152169767328, WPwdp09u30942673721
		ROLE = UIATreeItem
		TITLE = Appearance
		SHAPE = Rect [x:372.0 y:234.0 w:67.0 h:18.0]
		CHILDREN = 0
		PATH = [0, 0, 0, 0, 0, 0, 1, 0, 3]
	DESCRIPTION = Left Click at 'Appearance'
	TEXT = Compound Action =
		Move mouse to (405.5, 243.0).
		Press Mouse Button BUTTON1
		Release Mouse Button BUTTON1

ExecutedAction [57]: 
 @Action ConcreteID = AC1kgpsbk811111939770 AbstractID = AA1kgpsbk811111939770
 ConcreteID CUSTOM = ConcreteID CUSTOM not available AbstractID CUSTOM = AA1evzn57804001345272
 @State ConcreteID = SC1jaso34200c2551703708 AbstractID = SR1ys22kn1e75597167963
 ConcreteID CUSTOM = SC1rp7awb20133074638583 AbstractID CUSTOM = SAt8rwqw1ff91619872688

	ROLE = LeftClickAt
	TARGET =
		WIDGET = WCrxx0q63f159320504, WR1h6ibpb92248851252, WTzj701zb3273157652, WP1xt1ja83b2782992358
		ROLE = UIAButton
		TITLE = Go
		SHAPE = Rect [x:407.0 y:213.0 w:17.0 h:18.0]
		CHILDREN = 0
		PATH = [1, 0, 0, 0, 0, 0, 0, 0, 0, 0, 0, 0, 0, 0, 2, 0]
	DESCRIPTION = Left Click at 'Go'
	TEXT = Compound Action =
		Move mouse to (415.5, 222.0).
		Press Mouse Button BUTTON1
		Release Mouse Button BUTTON1

ExecutedAction [58]: 
 @Action ConcreteID = ACca7j9j823849370830 AbstractID = AAca7j9j823849370830
 ConcreteID CUSTOM = ConcreteID CUSTOM not available AbstractID CUSTOM = AA1ycjga2821139618981
 @State ConcreteID = SC1bsuhjz20af1159170204 AbstractID = SR1yxi1q21f0f573574518
 ConcreteID CUSTOM = SCm38iql20c42946965846 AbstractID CUSTOM = SA1vec84z20901105440196

	ROLE = LeftClickAt
	TARGET =
		WIDGET = WC1ynjeou183475773215, WR1h6ibpb92248851252, WTzj707vb935461581, WP13re3jg142694603191
		ROLE = UIAButton
		TITLE = OK
		SHAPE = Rect [x:995.0 y:606.0 w:75.0 h:23.0]
		CHILDREN = 0
		PATH = [1, 0, 0]
	DESCRIPTION = Left Click at 'OK'
	TEXT = Compound Action =
		Move mouse to (1032.5, 617.5).
		Press Mouse Button BUTTON1
		Release Mouse Button BUTTON1

ExecutedAction [59]: 
 @Action ConcreteID = AC1jal9ah81222706781 AbstractID = AA1jal9ah81222706781
 ConcreteID CUSTOM = ConcreteID CUSTOM not available AbstractID CUSTOM = AA4iin7h80633371959
 @State ConcreteID = SC1r8xpdm200d1535523139 AbstractID = SR1ys22kn1e75597167963
 ConcreteID CUSTOM = SCdpzdff20154238175172 AbstractID CUSTOM = SAt8rwqw1ff91619872688

	ROLE = LeftClickAt
	TARGET =
		WIDGET = WC1mwu9uy331111279284, WR1h6ibpb92248851252, WT1ub8x67e219175306, WP18kthh42f768187160
		ROLE = UIAButton
		TITLE = Apply
		SHAPE = Rect [x:852.0 y:635.0 w:92.0 h:25.0]
		CHILDREN = 0
		PATH = [0, 0, 0, 0, 3, 2, 0, 0, 0, 1, 1]
	DESCRIPTION = Left Click at 'Apply'
	TEXT = Compound Action =
		Move mouse to (898.0, 647.5).
		Press Mouse Button BUTTON1
		Release Mouse Button BUTTON1

ExecutedAction [60]: 
 @Action ConcreteID = AC1fo3omb811805198990 AbstractID = AA1fo3omb811805198990
 ConcreteID CUSTOM = ConcreteID CUSTOM not available AbstractID CUSTOM = AAw12jb801126131684
 @State ConcreteID = SC1r8xpdm200d1535523139 AbstractID = SR1ys22kn1e75597167963
 ConcreteID CUSTOM = SCdpzdff20154238175172 AbstractID CUSTOM = SAt8rwqw1ff91619872688

	ROLE = LeftClickAt
	TARGET =
		WIDGET = WC2bcqb33c424312402, WRceq816b3820106996, WTceq816b3820106996, WP1df7zzx38587095071
		ROLE = UIADataItem
		TITLE = 
		SHAPE = Rect [x:162.0 y:213.0 w:52.0 h:18.0]
		CHILDREN = 1
		PATH = [1, 0, 0, 0, 0, 0, 0, 0, 0, 0, 0, 0, 0, 0, 0]
	DESCRIPTION = Left Click at ''
	TEXT = Compound Action =
		Move mouse to (188.0, 222.0).
		Press Mouse Button BUTTON1
		Release Mouse Button BUTTON1

ExecutedAction [61]: 
 @Action ConcreteID = AC11pswd7813629235537 AbstractID = AA11pswd7813629235537
 ConcreteID CUSTOM = ConcreteID CUSTOM not available AbstractID CUSTOM = AA1lyuc9b804040686651
 @State ConcreteID = SC1r8xpdm200d1535523139 AbstractID = SR1ys22kn1e75597167963
 ConcreteID CUSTOM = SCdpzdff20154238175172 AbstractID CUSTOM = SAt8rwqw1ff91619872688

	ROLE = LeftClickAt
	TARGET =
		WIDGET = WCj2q8nu2e1170916627, WR5quxi6b4097176690, WT1w9p8tle1394184633, WP16pbfik2a1325982317
		ROLE = UIATreeItem
		TITLE = Ant
		SHAPE = Rect [x:356.0 y:576.0 w:23.0 h:18.0]
		CHILDREN = 0
		PATH = [0, 0, 0, 0, 0, 0, 1, 0, 22]
	DESCRIPTION = Left Click at 'Ant'
	TEXT = Compound Action =
		Move mouse to (367.5, 585.0).
		Press Mouse Button BUTTON1
		Release Mouse Button BUTTON1

ExecutedAction [62]: 
 @Action ConcreteID = AC1858ily812809879095 AbstractID = AA1858ily812809879095
 ConcreteID CUSTOM = ConcreteID CUSTOM not available AbstractID CUSTOM = AA1se9yi2802415729501
 @State ConcreteID = SC1r8xpdm200d1535523139 AbstractID = SR1ys22kn1e75597167963
 ConcreteID CUSTOM = SCdpzdff20154238175172 AbstractID CUSTOM = SAt8rwqw1ff91619872688

	ROLE = LeftClickAt
	TARGET =
		WIDGET = WCivjd1x373352995034, WR5quxi6b4097176690, WTx8xwqo182324977828, WP13elsmb332081221833
		ROLE = UIATreeItem
		TITLE = Compare/Patch
		SHAPE = Rect [x:372.0 y:252.0 w:88.0 h:18.0]
		CHILDREN = 0
		PATH = [0, 0, 0, 0, 0, 0, 1, 0, 4]
	DESCRIPTION = Left Click at 'Compare/Patch'
	TEXT = Compound Action =
		Move mouse to (416.0, 261.0).
		Press Mouse Button BUTTON1
		Release Mouse Button BUTTON1

ExecutedAction [63]: 
 @Action ConcreteID = ACmm3aa7811371525111 AbstractID = AAmm3aa7811371525111
 ConcreteID CUSTOM = ConcreteID CUSTOM not available AbstractID CUSTOM = AA16v4q6b802033815197
 @State ConcreteID = SC1r8xpdm200d1535523139 AbstractID = SR1ys22kn1e75597167963
 ConcreteID CUSTOM = SCdpzdff20154238175172 AbstractID CUSTOM = SAt8rwqw1ff91619872688

	ROLE = LeftClickAt
	TARGET =
		WIDGET = WC11oq8fk341726949642, WR1h6ibpb92248851252, WT493d5b122119396097, WPbz5z1e303466931142
		ROLE = UIAButton
		TITLE = Line down
		SHAPE = Rect [x:486.0 y:631.0 w:17.0 h:17.0]
		CHILDREN = 0
		PATH = [0, 0, 0, 0, 0, 0, 1, 0, 0, 4]
	DESCRIPTION = Left Click at 'Line down'
	TEXT = Compound Action =
		Move mouse to (494.5, 639.5).
		Press Mouse Button BUTTON1
		Release Mouse Button BUTTON1

ExecutedAction [64]: 
 @Action ConcreteID = ACbg3trw812703304215 AbstractID = AAbg3trw812703304215
 ConcreteID CUSTOM = ConcreteID CUSTOM not available AbstractID CUSTOM = AAvp59o0802309449597
 @State ConcreteID = SC1r8xpdm200d1535523139 AbstractID = SR1ys22kn1e75597167963
 ConcreteID CUSTOM = SCdpzdff20154238175172 AbstractID CUSTOM = SAt8rwqw1ff91619872688

	ROLE = LeftClickAt
	TARGET =
		WIDGET = WC1xta69u3f3495469644, WR5quxi6b4097176690, WTkl71dl1f3381738370, WP1jdocok3b4291999749
		ROLE = UIATreeItem
		TITLE = User Storage Service
		SHAPE = Rect [x:372.0 y:522.0 w:110.0 h:18.0]
		CHILDREN = 0
		PATH = [0, 0, 0, 0, 0, 0, 1, 0, 19]
	DESCRIPTION = Left Click at 'User Storage Service'
	TEXT = Compound Action =
		Move mouse to (427.0, 531.0).
		Press Mouse Button BUTTON1
		Release Mouse Button BUTTON1

ExecutedAction [65]: 
 @Action ConcreteID = AC12swqde81713176184 AbstractID = AA12swqde81713176184
 ConcreteID CUSTOM = ConcreteID CUSTOM not available AbstractID CUSTOM = AA1n1y69i8033846546
 @State ConcreteID = SC1r8xpdm200d1535523139 AbstractID = SR1ys22kn1e75597167963
 ConcreteID CUSTOM = SCdpzdff20154238175172 AbstractID CUSTOM = SAt8rwqw1ff91619872688

	ROLE = LeftClickAt
	TARGET =
		WIDGET = WCak9hqp322370887669, WR1h6ibpb92248851252, WTbcxonh101439247762, WP1ufeagz2e1398154276
		ROLE = UIAButton
		TITLE = Page up
		SHAPE = Rect [x:486.0 y:251.0 w:17.0 h:12.0]
		CHILDREN = 0
		PATH = [0, 0, 0, 0, 0, 0, 1, 0, 0, 1]
	DESCRIPTION = Left Click at 'Page up'
	TEXT = Compound Action =
		Move mouse to (494.5, 257.0).
		Press Mouse Button BUTTON1
		Release Mouse Button BUTTON1

ExecutedAction [66]: 
 @Action ConcreteID = AC7j1p4x823642535546 AbstractID = AA7j1p4x823642535546
 ConcreteID CUSTOM = ConcreteID CUSTOM not available AbstractID CUSTOM = AA1v2dxzh811951637629
 @State ConcreteID = SC1r8xpdm200d1535523139 AbstractID = SR1ys22kn1e75597167963
 ConcreteID CUSTOM = SCdpzdff20154238175172 AbstractID CUSTOM = SAt8rwqw1ff91619872688

	ROLE = LeftClickAt
	TARGET =
		WIDGET = WCsn8dm24b678454754, WRceq816b3820106996, WTceq816b3820106996, WP19b5b3047815718466
		ROLE = UIADataItem
		TITLE = 
		SHAPE = Rect [x:1721.0 y:239.0 w:24.0 h:20.0]
		CHILDREN = 1
		PATH = [1, 0, 0, 0, 0, 0, 0, 0, 1, 0, 0, 0, 0, 0, 0, 0, 1, 0, 0, 7]
	DESCRIPTION = Left Click at ''
	TEXT = Compound Action =
		Move mouse to (1733.0, 249.0).
		Press Mouse Button BUTTON1
		Release Mouse Button BUTTON1

ExecutedAction [67]: 
 @Action ConcreteID = AC5u655o803757853044 AbstractID = AA5u655o803757853044
 ConcreteID CUSTOM = ConcreteID CUSTOM not available AbstractID CUSTOM = AAzzt8yj813191593681
 @State ConcreteID = SCj9qbl326e11970340415 AbstractID = SR1wdgmwi24d71011240147
 ConcreteID CUSTOM = SC19e3yl826e73861931591 AbstractID CUSTOM = SA19zjsgk26bb1765949631

	ROLE = LeftClickAt
	TARGET =
		WIDGET = WCwq1fva412661964918, WR88rmk0b1934231702, WT1p4z9jw1c2029690925, WP1g7wcis3d1156429124
		ROLE = UIACheckBox
		TITLE = Enable animations
		SHAPE = Rect [x:532.0 y:527.0 w:118.0 h:16.0]
		CHILDREN = 0
		PATH = [0, 0, 0, 0, 3, 2, 0, 0, 0, 0, 7]
	DESCRIPTION = Left Click at 'Enable animations'
	TEXT = Compound Action =
		Move mouse to (591.0, 535.0).
		Press Mouse Button BUTTON1
		Release Mouse Button BUTTON1

ExecutedAction [68]: 
 @Action ConcreteID = AC8mcl0g81783157110 AbstractID = AA8mcl0g81783157110
 ConcreteID CUSTOM = ConcreteID CUSTOM not available AbstractID CUSTOM = AAguf3de81258333576
 @State ConcreteID = SC15v9e2v26e22463248101 AbstractID = SR1wdgmwi24d71011240147
 ConcreteID CUSTOM = SCdr58qb26e73591678821 AbstractID CUSTOM = SA19zjsgk26bb1765949631

	ROLE = LeftClickAt
	TARGET =
		WIDGET = WC1f9yz7z572405408246, WRceq816b3820106996, WTceq816b3820106996, WP1l7n0h533475795352
		ROLE = UIADataItem
		TITLE = 
		SHAPE = Rect [x:516.0 y:239.0 w:36.0 h:20.0]
		CHILDREN = 1
		PATH = [1, 0, 0, 0, 0, 0, 0, 0, 1, 0, 0, 0, 0, 0, 0, 0, 0, 0, 0, 0, 1, 0, 0, 2]
	DESCRIPTION = Left Click at ''
	TEXT = Compound Action =
		Move mouse to (534.0, 249.0).
		Press Mouse Button BUTTON1
		Release Mouse Button BUTTON1

ExecutedAction [69]: 
 @Action ConcreteID = ACnphaoi811803040299 AbstractID = AAnphaoi811803040299
 ConcreteID CUSTOM = ConcreteID CUSTOM not available AbstractID CUSTOM = AA1cz660k811324020846
 @State ConcreteID = SCb57sac27331335467748 AbstractID = SR11a8h0i25233996526468
 ConcreteID CUSTOM = SC7ftlp32739470615488 AbstractID CUSTOM = SAo2yxuq270b1989206989

	ROLE = LeftClickAt
	TARGET =
		WIDGET = WC1dt72pd472327348105, WR52qhb2b3065858412, WTgedbgp133874541192, WP111r1ib432267437086
		ROLE = UIAListItem
		TITLE = Concepts
		SHAPE = Rect [x:678.0 y:418.0 w:1058.0 h:18.0]
		CHILDREN = 1
		PATH = [1, 0, 0, 0, 0, 0, 0, 0, 1, 0, 1, 0, 1, 0, 2, 2]
	DESCRIPTION = Left Click at 'Concepts'
	TEXT = Compound Action =
		Move mouse to (1207.0, 427.0).
		Press Mouse Button BUTTON1
		Release Mouse Button BUTTON1

ExecutedAction [70]: 
 @Action ConcreteID = ACep7riz803288285357 AbstractID = AAep7riz803288285357
 ConcreteID CUSTOM = ConcreteID CUSTOM not available AbstractID CUSTOM = AA1rkmj9m80213758337
 @State ConcreteID = SCnxnkp027333591492479 AbstractID = SR11a8h0i25233996526468
 ConcreteID CUSTOM = SC12xqet627394190597958 AbstractID CUSTOM = SAo2yxuq270b1989206989

	ROLE = LeftClickAt
	TARGET =
		WIDGET = WC161obdn253829880921, WR1h6ibpb92248851252, WT1vjbvvdf3603144044, WP1t7g365213269012091
		ROLE = UIAButton
		TITLE = Cancel
		SHAPE = Rect [x:840.0 y:680.0 w:98.0 h:25.0]
		CHILDREN = 0
		PATH = [0, 0, 0, 2, 1, 1]
	DESCRIPTION = Left Click at 'Cancel'
	TEXT = Compound Action =
		Move mouse to (889.0, 692.5).
		Press Mouse Button BUTTON1
		Release Mouse Button BUTTON1

ExecutedAction [71]: 
 @Action ConcreteID = AC13sxhw6802704465264 AbstractID = AA13sxhw6802704465264
 ConcreteID CUSTOM = ConcreteID CUSTOM not available AbstractID CUSTOM = AAhn87np801852845148
 @State ConcreteID = SCnxnkp027333591492479 AbstractID = SR11a8h0i25233996526468
 ConcreteID CUSTOM = SC12xqet627394190597958 AbstractID CUSTOM = SAo2yxuq270b1989206989

	ROLE = LeftClickAt
	TARGET =
		WIDGET = WCyz4yyj384176878203, WR5quxi6b4097176690, WTjvmiju18247934015, WP1ormfzh343480778151
		ROLE = UIATreeItem
		TITLE = Notifications
		SHAPE = Rect [x:372.0 y:378.0 w:72.0 h:18.0]
		CHILDREN = 0
		PATH = [0, 0, 0, 0, 0, 0, 1, 0, 11]
	DESCRIPTION = Left Click at 'Notifications'
	TEXT = Compound Action =
		Move mouse to (408.0, 387.0).
		Press Mouse Button BUTTON1
		Release Mouse Button BUTTON1

ExecutedAction [72]: 
 @Action ConcreteID = ACzsb5ak803321429097 AbstractID = AAzsb5ak803321429097
 ConcreteID CUSTOM = ConcreteID CUSTOM not available AbstractID CUSTOM = AA1rz1oet81849779935
 @State ConcreteID = SC1hq6m02a441933308917 AbstractID = SRp2d5fu27fe2527742662
 ConcreteID CUSTOM = SC1k0kxq2a592932871913 AbstractID CUSTOM = SA1mg91zs2a1c2474366536

	ROLE = LeftClickAt
	TARGET =
		WIDGET = WC2kyfbq343715210583, WR1h6ibpb92248851252, WT1cknvro121926923266, WP1fvzkso302716544398
		ROLE = UIAButton
		TITLE = Page down
		SHAPE = Rect [x:486.0 y:536.0 w:17.0 h:95.0]
		CHILDREN = 0
		PATH = [0, 0, 0, 0, 0, 0, 1, 0, 0, 3]
	DESCRIPTION = Left Click at 'Page down'
	TEXT = Compound Action =
		Move mouse to (494.5, 583.5).
		Press Mouse Button BUTTON1
		Release Mouse Button BUTTON1

ExecutedAction [73]: 
 @Action ConcreteID = AC1o086jw803059665209 AbstractID = AA1o086jw803059665209
 ConcreteID CUSTOM = ConcreteID CUSTOM not available AbstractID CUSTOM = AA10pvuz581145950138
 @State ConcreteID = SC3zq87i2a453373804240 AbstractID = SRp2d5fu27fe2527742662
 ConcreteID CUSTOM = SCf6l5602a5a2278796274 AbstractID CUSTOM = SA1mg91zs2a1c2474366536

	ROLE = LeftClickAt
	TARGET =
		WIDGET = WC199ajrc69335088972, WR5quxi6b4097176690, WT1ntpjjg264096273920, WPxyngeu652863287716
		ROLE = UIATreeItem
		TITLE = Java development user guide
		SHAPE = Rect [x:180.0 y:283.0 w:187.0 h:19.0]
		CHILDREN = 2
		PATH = [1, 0, 0, 0, 0, 0, 0, 0, 1, 0, 0, 0, 0, 0, 0, 0, 1, 0, 0, 0, 3]
	DESCRIPTION = Left Click at 'Java development user guide'
	TEXT = Compound Action =
		Move mouse to (273.5, 292.5).
		Press Mouse Button BUTTON1
		Release Mouse Button BUTTON1

ExecutedAction [74]: 
 @Action ConcreteID = AC85l8dn803360952653 AbstractID = AA85l8dn803360952653
 ConcreteID CUSTOM = ConcreteID CUSTOM not available AbstractID CUSTOM = AAuwgdwl803192482422
 @State ConcreteID = SCibx0d727322920546493 AbstractID = SR11a8h0i25233996526468
 ConcreteID CUSTOM = SC11yh803273c3531651687 AbstractID CUSTOM = SAo2yxuq270b1989206989

	ROLE = LeftClickAt
	TARGET =
		WIDGET = WC1qknqtu21381850606, WR88rmk0b1934231702, WT88rmk0b1934231702, WP1sbp18k1d3189024849
		ROLE = UIACheckBox
		TITLE = 
		SHAPE = Rect [x:341.0 y:677.0 w:31.0 h:30.0]
		CHILDREN = 0
		PATH = [0, 0, 0, 2, 0, 0]
	DESCRIPTION = Left Click at ''
	TEXT = Compound Action =
		Move mouse to (356.5, 692.0).
		Press Mouse Button BUTTON1
		Release Mouse Button BUTTON1

ExecutedAction [75]: 
 @Action ConcreteID = AC39hl0w804216674512 AbstractID = AA39hl0w804216674512
 ConcreteID CUSTOM = ConcreteID CUSTOM not available AbstractID CUSTOM = AA8jfmmp80776177782
 @State ConcreteID = SCd3pobl27302802521670 AbstractID = SR11a8h0i25233996526468
 ConcreteID CUSTOM = SCsbfs5j2739659256698 AbstractID CUSTOM = SAo2yxuq270b1989206989

	ROLE = LeftClickAt
	TARGET =
		WIDGET = WC1gq2fa72e2273794252, WR5quxi6b4097176690, WT1kgn7lef2141629562, WPm7d4x92a791384223
		ROLE = UIATreeItem
		TITLE = Keys
		SHAPE = Rect [x:372.0 y:324.0 w:28.0 h:18.0]
		CHILDREN = 0
		PATH = [0, 0, 0, 0, 0, 0, 1, 0, 8]
	DESCRIPTION = Left Click at 'Keys'
	TEXT = Compound Action =
		Move mouse to (386.0, 333.0).
		Press Mouse Button BUTTON1
		Release Mouse Button BUTTON1

ExecutedAction [76]: 
 @Action ConcreteID = AC10jwsok802107274228 AbstractID = AA10jwsok802107274228
 ConcreteID CUSTOM = ConcreteID CUSTOM not available AbstractID CUSTOM = AA9w7y6v803094773060
 @State ConcreteID = SC1y7l40e2733701229272 AbstractID = SR11a8h0i25233996526468
 ConcreteID CUSTOM = SC1l8jkdk273c3419346617 AbstractID CUSTOM = SAo2yxuq270b1989206989

	ROLE = LeftClickAt
	TARGET =
		WIDGET = WCmb8qmm3522285679, WR1h6ibpb92248851252, WTecs5t6133953252360, WP1tc5b5s314014872005
		ROLE = UIAButton
		TITLE = Page right
		SHAPE = Rect [x:441.0 y:648.0 w:28.0 h:17.0]
		CHILDREN = 0
		PATH = [0, 0, 0, 0, 0, 0, 1, 0, 1, 2]
	DESCRIPTION = Left Click at 'Page right'
	TEXT = Compound Action =
		Move mouse to (455.0, 656.5).
		Press Mouse Button BUTTON1
		Release Mouse Button BUTTON1

ExecutedAction [77]: 
 @Action ConcreteID = ACdhm4lu812135964188 AbstractID = AAdhm4lu812135964188
 ConcreteID CUSTOM = ConcreteID CUSTOM not available AbstractID CUSTOM = AA13gkj2n813035915678
 @State ConcreteID = SC1y7l40e2733701229272 AbstractID = SR11a8h0i25233996526468
 ConcreteID CUSTOM = SC1l8jkdk273c3419346617 AbstractID CUSTOM = SAo2yxuq270b1989206989

	ROLE = LeftClickAt
	TARGET =
		WIDGET = WCvqtscr472419050031, WRceq816b3820106996, WT13m1tno131391978401, WPgsx071431449079819
		ROLE = UIADataItem
		TITLE = Contents
		SHAPE = Rect [x:162.0 y:1031.0 w:115.0 h:21.0]
		CHILDREN = 1
		PATH = [1, 0, 0, 0, 0, 0, 0, 0, 1, 0, 0, 0, 1, 0, 0, 0]
	DESCRIPTION = Left Click at 'Contents'
	TEXT = Compound Action =
		Move mouse to (219.5, 1041.5).
		Press Mouse Button BUTTON1
		Release Mouse Button BUTTON1

ExecutedAction [78]: 
 @Action ConcreteID = AC1y7ldnj7f1379890990 AbstractID = AA1y7ldnj7f1379890990
 ConcreteID CUSTOM = ConcreteID CUSTOM not available AbstractID CUSTOM = AA1nkwpz280907670938
 @State ConcreteID = SCqto3sb2732736795530 AbstractID = SR11a8h0i25233996526468
 ConcreteID CUSTOM = SC16xd7hc273c2329404828 AbstractID CUSTOM = SAo2yxuq270b1989206989

	ROLE = LeftClickAt
	TARGET =
		WIDGET = WC1ecguan1f2734920677, WR1h6ibpb92248851252, WT1h6ibpb92248851252, WP1m990b51b2350219683
		ROLE = UIAButton
		TITLE = 
		SHAPE = Rect [x:403.0 y:677.0 w:31.0 h:30.0]
		CHILDREN = 0
		PATH = [0, 0, 0, 2, 0, 2]
	DESCRIPTION = Left Click at ''
	TEXT = Compound Action =
		Move mouse to (418.5, 692.0).
		Press Mouse Button BUTTON1
		Release Mouse Button BUTTON1

ExecutedAction [79]: 
 @Action ConcreteID = AC1vep0nm803553229457 AbstractID = AA1vep0nm803553229457
 ConcreteID CUSTOM = ConcreteID CUSTOM not available AbstractID CUSTOM = AA1nm0ko8803545223538
 @State ConcreteID = SCxk7m5g272f1019074527 AbstractID = SR11a8h0i25233996526468
 ConcreteID CUSTOM = SC1li1ixb27393594267063 AbstractID CUSTOM = SAo2yxuq270b1989206989

	ROLE = LeftClickAt
	TARGET =
		WIDGET = WC1lgz0q936982955297, WR5quxi6b4097176690, WTscvvb2162927873071, WP15omtwj323159099433
		ROLE = UIATreeItem
		TITLE = Web Browser
		SHAPE = Rect [x:372.0 y:540.0 w:73.0 h:18.0]
		CHILDREN = 0
		PATH = [0, 0, 0, 0, 0, 0, 1, 0, 20]
	DESCRIPTION = Left Click at 'Web Browser'
	TEXT = Compound Action =
		Move mouse to (408.5, 549.0).
		Press Mouse Button BUTTON1
		Release Mouse Button BUTTON1

ExecutedAction [80]: 
 @Action ConcreteID = AC1w438rz812410379182 AbstractID = AA1w438rz812410379182
 ConcreteID CUSTOM = ConcreteID CUSTOM not available AbstractID CUSTOM = AAbyxj4d812627032427
 @State ConcreteID = SC1bjtx7l274f1140795641 AbstractID = SRhoroq725363646214079
 ConcreteID CUSTOM = SCr65l6p2753667152849 AbstractID CUSTOM = SA1mygh9f270d3281390362

	ROLE = LeftClickAt
	TARGET =
		WIDGET = WCwywr2v3a3973354515, WR5quxi6b4097176690, WT1tgkd531a1957468751, WP2aw00936279419248
		ROLE = UIATreeItem
		TITLE = Project Natures
		SHAPE = Rect [x:372.0 y:414.0 w:85.0 h:18.0]
		CHILDREN = 0
		PATH = [1, 0, 0, 0, 0, 0, 1, 0, 13]
	DESCRIPTION = Left Click at 'Project Natures'
	TEXT = Compound Action =
		Move mouse to (414.5, 423.0).
		Press Mouse Button BUTTON1
		Release Mouse Button BUTTON1

ExecutedAction [81]: 
 @Action ConcreteID = ACnbsx4b801329001857 AbstractID = AAnbsx4b801329001857
 ConcreteID CUSTOM = ConcreteID CUSTOM not available AbstractID CUSTOM = AAiet2qa802052225351
 @State ConcreteID = SCaps2e5282f1256651461 AbstractID = SR15c7vec260a2373080103
 ConcreteID CUSTOM = SC145rpjj282e1555524697 AbstractID CUSTOM = SA9ep4az27ef3119180796

	ROLE = LeftClickAt
	TARGET =
		WIDGET = WC2e709361318564339, WR1h6ibpb92248851252, WTmroimq144285515309, WPy4n6jv322878787079
		ROLE = UIAButton
		TITLE = Column left
		SHAPE = Rect [x:337.0 y:648.0 w:17.0 h:17.0]
		CHILDREN = 0
		PATH = [1, 0, 0, 0, 0, 0, 1, 0, 1, 0]
	DESCRIPTION = Left Click at 'Column left'
	TEXT = Compound Action =
		Move mouse to (345.5, 656.5).
		Press Mouse Button BUTTON1
		Release Mouse Button BUTTON1

ExecutedAction [82]: 
 @Action ConcreteID = AC11h1f5t801014222067 AbstractID = AA11h1f5t801014222067
 ConcreteID CUSTOM = ConcreteID CUSTOM not available AbstractID CUSTOM = AAwk1krs80152518709
 @State ConcreteID = SCaps2e5282f1256651461 AbstractID = SR15c7vec260a2373080103
 ConcreteID CUSTOM = SC145rpjj282e1555524697 AbstractID CUSTOM = SA9ep4az27ef3119180796

	ROLE = LeftClickAt
	TARGET =
		WIDGET = WCx1ozew462547105267, WR1ca707tc1438424989, WT1t5u3z3123271931671, WP1cpj41m423606813824
		ROLE = UIAHyperLink
		TITLE = Scope:
		SHAPE = Rect [x:424.0 y:214.0 w:50.0 h:16.0]
		CHILDREN = 1
		PATH = [2, 0, 0, 0, 0, 0, 0, 0, 0, 0, 0, 0, 0, 0, 3, 0]
	DESCRIPTION = Left Click at 'Scope:'
	TEXT = Compound Action =
		Move mouse to (449.0, 222.0).
		Press Mouse Button BUTTON1
		Release Mouse Button BUTTON1

ExecutedAction [83]: 
 @Action ConcreteID = ACos94cu803383190082 AbstractID = AAos94cu803383190082
 ConcreteID CUSTOM = ConcreteID CUSTOM not available AbstractID CUSTOM = AA1sftt7i814191659604
 @State ConcreteID = SChh1igs2ae93739880448 AbstractID = SR8y1qv628b91294415753
 ConcreteID CUSTOM = SCu5x9ll2b081304121157 AbstractID CUSTOM = SA1y2yvlg2ae32099472328

	ROLE = LeftClickAt
	TARGET =
		WIDGET = WC13m7c0a311822192172, WR5quxi6b4097176690, WT14dh2g8121794798079, WP1xg9ec82d3227988958
		ROLE = UIATreeItem
		TITLE = Editors
		SHAPE = Rect [x:372.0 y:288.0 w:40.0 h:18.0]
		CHILDREN = 0
		PATH = [1, 0, 0, 0, 0, 0, 1, 0, 6]
	DESCRIPTION = Left Click at 'Editors'
	TEXT = Compound Action =
		Move mouse to (392.0, 297.0).
		Press Mouse Button BUTTON1
		Release Mouse Button BUTTON1

ExecutedAction [84]: 
 @Action ConcreteID = ACc5gad3801167625382 AbstractID = AAc5gad3801167625382
 ConcreteID CUSTOM = ConcreteID CUSTOM not available AbstractID CUSTOM = AA1ft0z7r811978157232
 @State ConcreteID = SChh1igs2ae93739880448 AbstractID = SR8y1qv628b91294415753
 ConcreteID CUSTOM = SCu5x9ll2b081304121157 AbstractID CUSTOM = SA1y2yvlg2ae32099472328

	ROLE = LeftClickAt
	TARGET =
		WIDGET = WC8a60iy392778465128, WR5quxi6b4097176690, WT1jhwejf192807084136, WP39b183565521987
		ROLE = UIATreeItem
		TITLE = Install/Update
		SHAPE = Rect [x:356.0 y:630.0 w:78.0 h:18.0]
		CHILDREN = 0
		PATH = [1, 0, 0, 0, 0, 0, 1, 0, 25]
	DESCRIPTION = Left Click at 'Install/Update'
	TEXT = Compound Action =
		Move mouse to (395.0, 639.0).
		Press Mouse Button BUTTON1
		Release Mouse Button BUTTON1

ExecutedAction [85]: 
 @Action ConcreteID = AC1sb5nte801166046695 AbstractID = AA1sb5nte801166046695
 ConcreteID CUSTOM = ConcreteID CUSTOM not available AbstractID CUSTOM = AAwxmaoy811978708465
 @State ConcreteID = SChh1igs2ae93739880448 AbstractID = SR8y1qv628b91294415753
 ConcreteID CUSTOM = SCu5x9ll2b081304121157 AbstractID CUSTOM = SA1y2yvlg2ae32099472328

	ROLE = LeftClickAt
	TARGET =
		WIDGET = WCxrwbbj351649661003, WR1h6ibpb92248851252, WTecs5t6133953252360, WP5rotvl312353646817
		ROLE = UIAButton
		TITLE = Page right
		SHAPE = Rect [x:441.0 y:648.0 w:28.0 h:17.0]
		CHILDREN = 0
		PATH = [1, 0, 0, 0, 0, 0, 1, 0, 1, 2]
	DESCRIPTION = Left Click at 'Page right'
	TEXT = Compound Action =
		Move mouse to (455.0, 656.5).
		Press Mouse Button BUTTON1
		Release Mouse Button BUTTON1

ExecutedAction [86]: 
 @Action ConcreteID = AC1ayg6x1804048271650 AbstractID = AA1ayg6x1804048271650
 ConcreteID CUSTOM = ConcreteID CUSTOM not available AbstractID CUSTOM = AAfkwtsl813241901364
 @State ConcreteID = SChh1igs2ae93739880448 AbstractID = SR8y1qv628b91294415753
 ConcreteID CUSTOM = SCu5x9ll2b081304121157 AbstractID CUSTOM = SA1y2yvlg2ae32099472328

	ROLE = LeftClickAt
	TARGET =
		WIDGET = WC1sfefto251675727642, WR1h6ibpb92248851252, WT1vjbvvdf3603144044, WPgk25n2211166008632
		ROLE = UIAButton
		TITLE = Cancel
		SHAPE = Rect [x:840.0 y:680.0 w:98.0 h:25.0]
		CHILDREN = 0
		PATH = [1, 0, 0, 2, 1, 1]
	DESCRIPTION = Left Click at 'Cancel'
	TEXT = Compound Action =
		Move mouse to (889.0, 692.5).
		Press Mouse Button BUTTON1
		Release Mouse Button BUTTON1

ExecutedAction [87]: 
 @Action ConcreteID = AC1e8ux01801196263665 AbstractID = AA1e8ux01801196263665
 ConcreteID CUSTOM = ConcreteID CUSTOM not available AbstractID CUSTOM = AAivbjvl812000506087
 @State ConcreteID = SChh1igs2ae93739880448 AbstractID = SR8y1qv628b91294415753
 ConcreteID CUSTOM = SCu5x9ll2b081304121157 AbstractID CUSTOM = SA1y2yvlg2ae32099472328

	ROLE = LeftClickAt
	TARGET =
		WIDGET = WC1y9pko64d4253252286, WR88rmk0b1934231702, WT6qrgs3271334599172, WP7486zc493704441807
		ROLE = UIACheckBox
		TITLE = Show most recently used tabs
		SHAPE = Rect [x:532.0 y:609.0 w:178.0 h:16.0]
		CHILDREN = 0
		PATH = [1, 0, 0, 0, 3, 2, 0, 0, 0, 0, 10]
	DESCRIPTION = Left Click at 'Show most recently used tabs'
	TEXT = Compound Action =
		Move mouse to (621.0, 617.0).
		Press Mouse Button BUTTON1
		Release Mouse Button BUTTON1

ExecutedAction [88]: 
 @Action ConcreteID = AC1uez6qu802872746793 AbstractID = AA1uez6qu802872746793
 ConcreteID CUSTOM = ConcreteID CUSTOM not available AbstractID CUSTOM = AAz1ftme812605344575
 @State ConcreteID = SChh1igs2ae93739880448 AbstractID = SR8y1qv628b91294415753
 ConcreteID CUSTOM = SCu5x9ll2b081304121157 AbstractID CUSTOM = SA1y2yvlg2ae32099472328

	ROLE = LeftClickAt
	TARGET =
		WIDGET = WCsdmvwe37712479317, WR5quxi6b4097176690, WTrv9kz5182336846948, WP1ky4hxo331598711295
		ROLE = UIATreeItem
		TITLE = Link Handlers
		SHAPE = Rect [x:372.0 y:342.0 w:76.0 h:18.0]
		CHILDREN = 0
		PATH = [1, 0, 0, 0, 0, 0, 1, 0, 9]
	DESCRIPTION = Left Click at 'Link Handlers'
	TEXT = Compound Action =
		Move mouse to (410.0, 351.0).
		Press Mouse Button BUTTON1
		Release Mouse Button BUTTON1

ExecutedAction [89]: 
 @Action ConcreteID = AC77am7u813236839097 AbstractID = AA77am7u813236839097
 ConcreteID CUSTOM = ConcreteID CUSTOM not available AbstractID CUSTOM = AAsz731m82873134892
 @State ConcreteID = SChh1igs2ae93739880448 AbstractID = SR8y1qv628b91294415753
 ConcreteID CUSTOM = SCu5x9ll2b081304121157 AbstractID CUSTOM = SA1y2yvlg2ae32099472328

	ROLE = LeftClickAt
	TARGET =
		WIDGET = WCqeuxa41f1244623445, WR1h6ibpb92248851252, WT1vn7c8mf254897263, WP1xw4qr21b4237654197
		ROLE = UIAButton
		TITLE = Choose
		SHAPE = Rect [x:1032.0 y:568.0 w:92.0 h:25.0]
		CHILDREN = 0
		PATH = [0, 0, 3, 1]
	DESCRIPTION = Left Click at 'Choose'
	TEXT = Compound Action =
		Move mouse to (1078.0, 580.5).
		Press Mouse Button BUTTON1
		Release Mouse Button BUTTON1

I/O exception deleting <resources\output\temp\tmpsequence>
Starting sequence 1 (output as: sequence2536)

ExecutedAction [1]: 
 @Action ConcreteID = ACnpkexb7f1968118427 AbstractID = AAnpkexb7f1968118427
 ConcreteID CUSTOM = ConcreteID CUSTOM not available AbstractID CUSTOM = AA4e3ywd801561654883
 @State ConcreteID = SCqybvj28fb3297941053 AbstractID = SRq77ndt26dd74993687
 ConcreteID CUSTOM = SCgs1zgd290238548685 AbstractID CUSTOM = SA1du9is728e8245338669

	ROLE = LeftClickAt
	TARGET =
		WIDGET = WCwywr2v3a3973354515, WR5quxi6b4097176690, WT1tgkd531a1957468751, WP2aw00936279419248
		ROLE = UIATreeItem
		TITLE = Project Natures
		SHAPE = Rect [x:372.0 y:414.0 w:85.0 h:18.0]
		CHILDREN = 0
		PATH = [1, 0, 0, 0, 0, 0, 1, 0, 13]
	DESCRIPTION = Left Click at 'Project Natures'
	TEXT = Compound Action =
		Move mouse to (414.5, 423.0).
		Press Mouse Button BUTTON1
		Release Mouse Button BUTTON1

ExecutedAction [2]: 
 @Action ConcreteID = AC1vk5k3l80698161569 AbstractID = AA1vk5k3l80698161569
 ConcreteID CUSTOM = ConcreteID CUSTOM not available AbstractID CUSTOM = AA106m6z581435019191
 @State ConcreteID = SChh1igs2ae93739880448 AbstractID = SR8y1qv628b91294415753
 ConcreteID CUSTOM = SCu5x9ll2b081304121157 AbstractID CUSTOM = SA1y2yvlg2ae32099472328

	ROLE = LeftClickAt
	TARGET =
		WIDGET = WCs99gmz362459971578, WR17qbaneb3904637586, WTktlntn114154790159, WP5nwzt324085356407
		ROLE = UIAComboBox
		TITLE = Theme:
		SHAPE = Rect [x:661.0 y:269.0 w:278.0 h:23.0]
		CHILDREN = 1
		PATH = [1, 0, 0, 0, 3, 2, 0, 0, 0, 0, 2]
	DESCRIPTION = Left Click at 'Theme:'
	TEXT = Compound Action =
		Move mouse to (800.0, 280.5).
		Press Mouse Button BUTTON1
		Release Mouse Button BUTTON1

ExecutedAction [3]: 
 @Action ConcreteID = ACeaa1k0801136616149 AbstractID = AAeaa1k0801136616149
 ConcreteID CUSTOM = ConcreteID CUSTOM not available AbstractID CUSTOM = AA1hxuqeo811942988483
 @State ConcreteID = SChh1igs2ae93739880448 AbstractID = SR8y1qv628b91294415753
 ConcreteID CUSTOM = SCu5x9ll2b081304121157 AbstractID CUSTOM = SA1y2yvlg2ae32099472328

	ROLE = LeftClickAt
	TARGET =
		WIDGET = WCdx9tar212439272621, WR88rmk0b1934231702, WT88rmk0b1934231702, WPfob3ph1d967992082
		ROLE = UIACheckBox
		TITLE = 
		SHAPE = Rect [x:341.0 y:677.0 w:31.0 h:30.0]
		CHILDREN = 0
		PATH = [1, 0, 0, 2, 0, 0]
	DESCRIPTION = Left Click at ''
	TEXT = Compound Action =
		Move mouse to (356.5, 692.0).
		Press Mouse Button BUTTON1
		Release Mouse Button BUTTON1

ExecutedAction [4]: 
 @Action ConcreteID = AC9854i380584769881 AbstractID = AA9854i380584769881
 ConcreteID CUSTOM = ConcreteID CUSTOM not available AbstractID CUSTOM = AA14omk5s812750865641
 @State ConcreteID = SCr196zt2aed1891771772 AbstractID = SR8y1qv628b91294415753
 ConcreteID CUSTOM = SCj4s3wp2b0c975215108 AbstractID CUSTOM = SA1y2yvlg2ae32099472328

	ROLE = LeftClickAt
	TARGET =
		WIDGET = WC1evnp30382524578106, WR5quxi6b4097176690, WTjvmiju18247934015, WP5n144u342717150950
		ROLE = UIATreeItem
		TITLE = Notifications
		SHAPE = Rect [x:372.0 y:378.0 w:72.0 h:18.0]
		CHILDREN = 0
		PATH = [1, 0, 0, 0, 0, 0, 1, 0, 11]
	DESCRIPTION = Left Click at 'Notifications'
	TEXT = Compound Action =
		Move mouse to (408.0, 387.0).
		Press Mouse Button BUTTON1
		Release Mouse Button BUTTON1

ExecutedAction [5]: 
 @Action ConcreteID = AC1t49ixe803824184906 AbstractID = AA1t49ixe803824184906
 ConcreteID CUSTOM = ConcreteID CUSTOM not available AbstractID CUSTOM = AAxqq5sy813548424796
 @State ConcreteID = SChh1igs2ae93739880448 AbstractID = SR8y1qv628b91294415753
 ConcreteID CUSTOM = SCu5x9ll2b081304121157 AbstractID CUSTOM = SA1y2yvlg2ae32099472328

	ROLE = LeftClickAt
	TARGET =
		WIDGET = WCjfei76454213276951, WR17qbaneb3904637586, WT7cxe8i203609221053, WPz0tshc414148559835
		ROLE = UIAComboBox
		TITLE = Color and Font theme:
		SHAPE = Rect [x:661.0 y:297.0 w:278.0 h:23.0]
		CHILDREN = 1
		PATH = [1, 0, 0, 0, 3, 2, 0, 0, 0, 0, 4]
	DESCRIPTION = Left Click at 'Color and Font theme:'
	TEXT = Compound Action =
		Move mouse to (800.0, 308.5).
		Press Mouse Button BUTTON1
		Release Mouse Button BUTTON1

ExecutedAction [6]: 
 @Action ConcreteID = ACclwq6680404214183 AbstractID = AAclwq6680404214183
 ConcreteID CUSTOM = ConcreteID CUSTOM not available AbstractID CUSTOM = AA1g9hf0u81677844401
 @State ConcreteID = SChh1igs2ae93739880448 AbstractID = SR8y1qv628b91294415753
 ConcreteID CUSTOM = SCu5x9ll2b081304121157 AbstractID CUSTOM = SA1y2yvlg2ae32099472328

	ROLE = LeftClickAt
	TARGET =
		WIDGET = WC8v6g7l352193142223, WR1h6ibpb92248851252, WT1gjzbmxd1262302430, WP1inqumb312164390275
		ROLE = UIAButton
		TITLE = Open
		SHAPE = Rect [x:923.0 y:270.0 w:15.0 h:21.0]
		CHILDREN = 0
		PATH = [1, 0, 0, 0, 3, 2, 0, 0, 0, 0, 2, 0]
	DESCRIPTION = Left Click at 'Open'
	TEXT = Compound Action =
		Move mouse to (930.5, 280.5).
		Press Mouse Button BUTTON1
		Release Mouse Button BUTTON1

ExecutedAction [7]: 
 @Action ConcreteID = ACyqyajf802528472216 AbstractID = AAyqyajf802528472216
 ConcreteID CUSTOM = ConcreteID CUSTOM not available AbstractID CUSTOM = AA3dexez812797971598
 @State ConcreteID = SChh1igs2ae93739880448 AbstractID = SR8y1qv628b91294415753
 ConcreteID CUSTOM = SCu5x9ll2b081304121157 AbstractID CUSTOM = SA1y2yvlg2ae32099472328

	ROLE = LeftClickAt
	TARGET =
		WIDGET = WC1p2wsf1f1035889127, WR1h6ibpb92248851252, WT1h6ibpb92248851252, WP9lv2sx1b313031585
		ROLE = UIAButton
		TITLE = 
		SHAPE = Rect [x:434.0 y:677.0 w:31.0 h:30.0]
		CHILDREN = 0
		PATH = [1, 0, 0, 2, 0, 3]
	DESCRIPTION = Left Click at ''
	TEXT = Compound Action =
		Move mouse to (449.5, 692.0).
		Press Mouse Button BUTTON1
		Release Mouse Button BUTTON1

ExecutedAction [8]: 
 @Action ConcreteID = AC1mpveiz802226953905 AbstractID = AA1mpveiz802226953905
 ConcreteID CUSTOM = ConcreteID CUSTOM not available AbstractID CUSTOM = AAj58s7k8193363969
 @State ConcreteID = SCr196zt2aed1891771772 AbstractID = SR8y1qv628b91294415753
 ConcreteID CUSTOM = SCj4s3wp2b0c975215108 AbstractID CUSTOM = SA1y2yvlg2ae32099472328

	ROLE = LeftClickAt
	TARGET =
		WIDGET = WCrb9kb237808792149, WR5quxi6b4097176690, WT1l41gbn18519582846, WP1lqu9r0332123685167
		ROLE = UIATreeItem
		TITLE = Globalization
		SHAPE = Rect [x:372.0 y:306.0 w:73.0 h:18.0]
		CHILDREN = 0
		PATH = [1, 0, 0, 0, 0, 0, 1, 0, 7]
	DESCRIPTION = Left Click at 'Globalization'
	TEXT = Compound Action =
		Move mouse to (408.5, 315.0).
		Press Mouse Button BUTTON1
		Release Mouse Button BUTTON1

ExecutedAction [9]: 
 @Action ConcreteID = ACclwq6680404214183 AbstractID = AAclwq6680404214183
 ConcreteID CUSTOM = ConcreteID CUSTOM not available AbstractID CUSTOM = AA1g9hf0u81677844401
 @State ConcreteID = SChh1igs2ae93739880448 AbstractID = SR8y1qv628b91294415753
 ConcreteID CUSTOM = SCu5x9ll2b081304121157 AbstractID CUSTOM = SA1y2yvlg2ae32099472328

	ROLE = LeftClickAt
	TARGET =
		WIDGET = WC8v6g7l352193142223, WR1h6ibpb92248851252, WT1gjzbmxd1262302430, WP1inqumb312164390275
		ROLE = UIAButton
		TITLE = Open
		SHAPE = Rect [x:923.0 y:270.0 w:15.0 h:21.0]
		CHILDREN = 0
		PATH = [1, 0, 0, 0, 3, 2, 0, 0, 0, 0, 2, 0]
	DESCRIPTION = Left Click at 'Open'
	TEXT = Compound Action =
		Move mouse to (930.5, 280.5).
		Press Mouse Button BUTTON1
		Release Mouse Button BUTTON1

ExecutedAction [10]: 
 @Action ConcreteID = AC1fkzmxn81376077497 AbstractID = AA1fkzmxn81376077497
 ConcreteID CUSTOM = ConcreteID CUSTOM not available AbstractID CUSTOM = AA158ckt0811683521456
 @State ConcreteID = SCaps2e5282f1256651461 AbstractID = SR15c7vec260a2373080103
 ConcreteID CUSTOM = SC145rpjj282e1555524697 AbstractID CUSTOM = SA9ep4az27ef3119180796

	ROLE = LeftClickAt
	TARGET =
		WIDGET = WC1ud6tsz4f1325088209, WR1ca707tc1438424989, WT1ca707tc1438424989, WP1bfiup4b4073951021
		ROLE = UIAHyperLink
		TITLE = 
		SHAPE = Rect [x:1723.0 y:239.0 w:20.0 h:20.0]
		CHILDREN = 1
		PATH = [2, 0, 0, 0, 0, 0, 0, 0, 1, 0, 1, 0, 0, 0, 0, 0, 1, 0, 0, 7, 0]
	DESCRIPTION = Left Click at ''
	TEXT = Compound Action =
		Move mouse to (1733.0, 249.0).
		Press Mouse Button BUTTON1
		Release Mouse Button BUTTON1

ExecutedAction [90]: 
 @Action ConcreteID = AC13uepy1812739875373 AbstractID = AA13uepy1812739875373
 ConcreteID CUSTOM = ConcreteID CUSTOM not available AbstractID CUSTOM = AA1pmb6rt821470884792
 @State ConcreteID = SChh1igs2ae93739880448 AbstractID = SR8y1qv628b91294415753
 ConcreteID CUSTOM = SCu5x9ll2b081304121157 AbstractID CUSTOM = SA1y2yvlg2ae32099472328

	ROLE = LeftClickAt
	TARGET =
		WIDGET = WC1tj2mxp3d1894433912, WR1h6ibpb92248851252, WT1vjbvvdf3603144044, WP11hb95b394036092176
		ROLE = UIAButton
		TITLE = Cancel
		SHAPE = Rect [x:1037.0 y:352.0 w:60.0 h:24.0]
		CHILDREN = 0
		PATH = [2, 0, 0, 0, 0, 0, 0, 0, 0, 3, 0, 0, 1, 0]
	DESCRIPTION = Left Click at 'Cancel'
	TEXT = Compound Action =
		Move mouse to (1067.0, 364.0).
		Press Mouse Button BUTTON1
		Release Mouse Button BUTTON1

ExecutedAction [91]: 
 @Action ConcreteID = ACxrl4im80856116508 AbstractID = AAxrl4im80856116508
 ConcreteID CUSTOM = ConcreteID CUSTOM not available AbstractID CUSTOM = AAsula4l80107200986
 @State ConcreteID = SCaps2e5282f1256651461 AbstractID = SR15c7vec260a2373080103
 ConcreteID CUSTOM = SC145rpjj282e1555524697 AbstractID CUSTOM = SA9ep4az27ef3119180796

	ROLE = LeftClickAt
	TARGET =
		WIDGET = WCrb9kb237808792149, WR5quxi6b4097176690, WT1l41gbn18519582846, WP1lqu9r0332123685167
		ROLE = UIATreeItem
		TITLE = Globalization
		SHAPE = Rect [x:372.0 y:306.0 w:73.0 h:18.0]
		CHILDREN = 0
		PATH = [1, 0, 0, 0, 0, 0, 1, 0, 7]
	DESCRIPTION = Left Click at 'Globalization'
	TEXT = Compound Action =
		Move mouse to (408.5, 315.0).
		Press Mouse Button BUTTON1
		Release Mouse Button BUTTON1

ExecutedAction [92]: 
 @Action ConcreteID = ACyadk977f267698329 AbstractID = AAyadk977f267698329
 ConcreteID CUSTOM = ConcreteID CUSTOM not available AbstractID CUSTOM = AA1hjwq3n812438278831
 @State ConcreteID = SCtn0egj2104821111533 AbstractID = SRkg4qzd1f5c2351961393
 ConcreteID CUSTOM = SCo8nsjo210c3510787991 AbstractID CUSTOM = SA13otjpp20de2091310303

	ROLE = LeftClickAt
	TARGET =
		WIDGET = WC1f29stk581600683268, WR52qhb2b3065858412, WT1122ri242861747655, WP183dvve544001142867
		ROLE = UIAListItem
		TITLE = Java development overview
		SHAPE = Rect [x:212.0 y:381.0 w:1524.0 h:18.0]
		CHILDREN = 1
		PATH = [2, 0, 0, 0, 0, 0, 0, 0, 1, 0, 0, 0, 1, 0, 2, 0]
	DESCRIPTION = Left Click at 'Java development overview'
	TEXT = Compound Action =
		Move mouse to (974.0, 390.0).
		Press Mouse Button BUTTON1
		Release Mouse Button BUTTON1

ExecutedAction [93]: 
 @Action ConcreteID = ACckvuwt8046364875 AbstractID = AAckvuwt8046364875
 ConcreteID CUSTOM = ConcreteID CUSTOM not available AbstractID CUSTOM = AA30nys5811382866274
 @State ConcreteID = SC4nattm21043090673825 AbstractID = SRkg4qzd1f5c2351961393
 ConcreteID CUSTOM = SCt8iuu3210c258341376 AbstractID CUSTOM = SA13otjpp20de2091310303

	ROLE = LeftClickAt
	TARGET =
		WIDGET = WC1oyyhgi48166651189, WR1ca707tc1438424989, WTba4zsl111453651621, WP1416ugg443751168071
		ROLE = UIAHyperLink
		TITLE = Tasks
		SHAPE = Rect [x:212.0 y:436.0 w:37.0 h:19.0]
		CHILDREN = 1
		PATH = [2, 0, 0, 0, 0, 0, 0, 0, 1, 0, 0, 0, 1, 0, 2, 3, 0]
	DESCRIPTION = Left Click at 'Tasks'
	TEXT = Compound Action =
		Move mouse to (230.5, 445.5).
		Press Mouse Button BUTTON1
		Release Mouse Button BUTTON1

ExecutedAction [94]: 
 @Action ConcreteID = AC1ji4w2n12a973739511 AbstractID = AA18mlyl1d43161397787
 ConcreteID CUSTOM = ConcreteID CUSTOM not available AbstractID CUSTOM = AA1h0c69jd52047518572
 @State ConcreteID = SCd1dg5i21f3197497953 AbstractID = SRkbdhyl203f796721877
 ConcreteID CUSTOM = SC4lwoe921ff1502283953 AbstractID CUSTOM = SAw3rdhv21d23912936176

	ROLE = ClickTypeInto
	TARGET =
		WIDGET = WC1m5wueg5c4041965100, WR4n9zi27465102038, WT1uwcmsl223568830095, WPa5nv4q581777097917
		ROLE = UIAText
		TITLE = Improving Java code quality
		SHAPE = Rect [x:212.0 y:567.0 w:183.0 h:18.0]
		CHILDREN = 0
		PATH = [2, 0, 0, 0, 0, 0, 0, 0, 1, 0, 0, 0, 1, 0, 4, 9, 0, 0]
	DESCRIPTION = Type '<a href=java&#1&...' into 'Improving Java code quality
	TEXT = Compound Action =
		Compound Action =
		Move mouse to (303.5, 576.0).
		Press Mouse Button BUTTON1
		Release Mouse Button BUTTON1
		Press Key 17
		Press Key 65
		Release Key 65
		Release Key 17
		Type text '<a href=java&#1&#2&#3&#4&#5&#6&#7&#8&#11&#12script:javascript:alert(1)>XXX</a>'

ExecutedAction [95]: 
 @Action ConcreteID = ACk885ke813177664370 AbstractID = AAk885ke813177664370
 ConcreteID CUSTOM = ConcreteID CUSTOM not available AbstractID CUSTOM = AA1x9qlf581463875326
 @State ConcreteID = SC16wvd7y22e72922681886 AbstractID = SRaj910b20ff3980449159
 ConcreteID CUSTOM = SC18vazki22f81520222771 AbstractID CUSTOM = SA15h6i2m22c11831588399

	ROLE = LeftClickAt
	TARGET =
		WIDGET = WCv7e858c3057454150, WR52qhb2b3065858412, WT16xq1sk58861358171, WPxq3xo7882579855397
		ROLE = UIAListItem
		TITLE = Different rules apply for switches over an enum value vs. int or even String.
		SHAPE = Rect [x:212.0 y:395.0 w:1507.0 h:18.0]
		CHILDREN = 3
		PATH = [2, 0, 0, 0, 0, 0, 0, 0, 1, 0, 0, 0, 1, 0, 9, 0]
	DESCRIPTION = Left Click at 'Different rules apply for switches over an enum value vs. int or even String.'
	TEXT = Compound Action =
		Move mouse to (965.5, 404.0).
		Press Mouse Button BUTTON1
		Release Mouse Button BUTTON1

ExecutedAction [96]: 
 @Action ConcreteID = AC1eoe1t5813680092935 AbstractID = AA1eoe1t5813680092935
 ConcreteID CUSTOM = ConcreteID CUSTOM not available AbstractID CUSTOM = AAsosfos812107154571
 @State ConcreteID = SC16wvd7y22e72922681886 AbstractID = SRaj910b20ff3980449159
 ConcreteID CUSTOM = SC18vazki22f81520222771 AbstractID CUSTOM = SA15h6i2m22c11831588399

	ROLE = LeftClickAt
	TARGET =
		WIDGET = WCdx9tar212439272621, WR88rmk0b1934231702, WT88rmk0b1934231702, WPfob3ph1d967992082
		ROLE = UIACheckBox
		TITLE = 
		SHAPE = Rect [x:341.0 y:677.0 w:31.0 h:30.0]
		CHILDREN = 0
		PATH = [1, 0, 0, 2, 0, 0]
	DESCRIPTION = Left Click at ''
	TEXT = Compound Action =
		Move mouse to (356.5, 692.0).
		Press Mouse Button BUTTON1
		Release Mouse Button BUTTON1

ExecutedAction [97]: 
 @Action ConcreteID = AC17xenjk802085220979 AbstractID = AA17xenjk802085220979
 ConcreteID CUSTOM = ConcreteID CUSTOM not available AbstractID CUSTOM = AAffk9fw812913068705
 @State ConcreteID = SCwa3bgh22e71451932578 AbstractID = SRaj910b20ff3980449159
 ConcreteID CUSTOM = SCmawq1422f91592946973 AbstractID CUSTOM = SA15h6i2m22c11831588399

	ROLE = LeftClickAt
	TARGET =
		WIDGET = WC1evnp30382524578106, WR5quxi6b4097176690, WTjvmiju18247934015, WP5n144u342717150950
		ROLE = UIATreeItem
		TITLE = Notifications
		SHAPE = Rect [x:372.0 y:378.0 w:72.0 h:18.0]
		CHILDREN = 0
		PATH = [1, 0, 0, 0, 0, 0, 1, 0, 11]
	DESCRIPTION = Left Click at 'Notifications'
	TEXT = Compound Action =
		Move mouse to (408.0, 387.0).
		Press Mouse Button BUTTON1
		Release Mouse Button BUTTON1

ExecutedAction [98]: 
 @Action ConcreteID = ACary42e812204933946 AbstractID = AAary42e812204933946
 ConcreteID CUSTOM = ConcreteID CUSTOM not available AbstractID CUSTOM = AA1bt2div813938439262
 @State ConcreteID = SC13bosk522e81240592884 AbstractID = SRaj910b20ff3980449159
 ConcreteID CUSTOM = SC19z059t22f91793072134 AbstractID CUSTOM = SA15h6i2m22c11831588399

	ROLE = LeftClickAt
	TARGET =
		WIDGET = WC18kfg401e2794874248, WR1h6ibpb92248851252, WT1ukehihe2665448566, WP2rwwg21a487372740
		ROLE = UIAButton
		TITLE = Retry
		SHAPE = Rect [x:934.0 y:568.0 w:92.0 h:25.0]
		CHILDREN = 0
		PATH = [0, 0, 3, 0]
	DESCRIPTION = Left Click at 'Retry'
	TEXT = Compound Action =
		Move mouse to (980.0, 580.5).
		Press Mouse Button BUTTON1
		Release Mouse Button BUTTON1

ExecutedAction [99]: 
 @Action ConcreteID = AC7alnrq801711694412 AbstractID = AA7alnrq801711694412
 ConcreteID CUSTOM = ConcreteID CUSTOM not available AbstractID CUSTOM = AA1dtvbn6813085858462
 @State ConcreteID = SCwa3bgh22e71451932578 AbstractID = SRaj910b20ff3980449159
 ConcreteID CUSTOM = SCmawq1422f91592946973 AbstractID CUSTOM = SA15h6i2m22c11831588399

	ROLE = LeftClickAt
	TARGET =
		WIDGET = WC1l612hma92921171185, WR52qhb2b3065858412, WT1xjysui7532397998, WPxykc3wa51674569139
		ROLE = UIAListItem
		TITLE = Depending on the context, using a default label may appear undesirable or good practice or even mandatory.
		SHAPE = Rect [x:212.0 y:413.0 w:1507.0 h:19.0]
		CHILDREN = 3
		PATH = [2, 0, 0, 0, 0, 0, 0, 0, 1, 0, 0, 0, 1, 0, 9, 1]
	DESCRIPTION = Left Click at 'Depending on the context, using a default label may appear undesirable or good practice or even mandatory.'
	TEXT = Compound Action =
		Move mouse to (965.5, 422.5).
		Press Mouse Button BUTTON1
		Release Mouse Button BUTTON1

ExecutedAction [100]: 
 @Action ConcreteID = AC1l0t4uw813826524574 AbstractID = AA1l0t4uw813826524574
 ConcreteID CUSTOM = ConcreteID CUSTOM not available AbstractID CUSTOM = AAn0tcc9812378657530
 @State ConcreteID = SC13bosk522e81240592884 AbstractID = SRaj910b20ff3980449159
 ConcreteID CUSTOM = SC19z059t22f91793072134 AbstractID CUSTOM = SA15h6i2m22c11831588399

	ROLE = LeftClickAt
	TARGET =
		WIDGET = WCkifi7x52622778437, WR1ca707tc1438424989, WT1d7qgk0204101741506, WP1m4uiun4e2977057884
		ROLE = UIAHyperLink
		TITLE = compiler preferences
		SHAPE = Rect [x:291.0 y:759.0 w:134.0 h:18.0]
		CHILDREN = 1
		PATH = [2, 0, 0, 0, 0, 0, 0, 0, 1, 0, 0, 0, 1, 0, 18]
	DESCRIPTION = Left Click at 'compiler preferences'
	TEXT = Compound Action =
		Move mouse to (358.0, 768.0).
		Press Mouse Button BUTTON1
		Release Mouse Button BUTTON1

Sequence 1 finished.
Copying generated sequence ("sequence2536") to output directory...
Copying classified sequence ("sequence2536") to sequences_ok folder...
