Starting sequence 1 (output as: sequence2428)

ExecutedAction [1]: 
 @Action ConcreteID = AC1xk4isj80429606546 AbstractID = AA1xk4isj80429606546
 ConcreteID CUSTOM = ConcreteID CUSTOM not available AbstractID CUSTOM = AA1y2ukmx802336274661
 @State ConcreteID = SC1nc411o4961529421974 AbstractID = SRx1ik4a474333690124
 ConcreteID CUSTOM = SC1n8pk4e495298478986 AbstractID CUSTOM = SA12laes84902498637855

	ROLE = LeftClickAt
	TARGET =
		WIDGET = WC117me3u22367970642, WR17v7k2nb1067391859, WT1y895rf152412617792, WP15oh92w1e2024737031
		ROLE = UIAMenuItem
		TITLE = View Alt+i
		SHAPE = Rect [x:972.0 y:370.0 w:41.0 h:20.0]
		CHILDREN = 0
		PATH = [0, 1, 6]
	DESCRIPTION = Left Click at 'View Alt+i'
	TEXT = Compound Action =
		Move mouse to (992.5, 380.0).
		Press Mouse Button BUTTON1
		Release Mouse Button BUTTON1

ExecutedAction [2]: 
 @Action ConcreteID = ACkup5s9803599181537 AbstractID = AAkup5s9803599181537
 ConcreteID CUSTOM = ConcreteID CUSTOM not available AbstractID CUSTOM = AAa3zwlb80941284977
 @State ConcreteID = SC35nz0w5c22851028401 AbstractID = SR1f0b3g159f3370963606
 ConcreteID CUSTOM = SC2msiyg5c6116249985 AbstractID CUSTOM = SAghffpf5b92094262206

	ROLE = LeftClickAt
	TARGET =
		WIDGET = WCeifo8w1f872166141, WR17v7k2nb1067391859, WT1mzygsk152008856611, WP73faeq1b631801230
		ROLE = UIAMenuItem
		TITLE = Status Bar
		SHAPE = Rect [x:975.0 y:565.0 w:220.0 h:22.0]
		CHILDREN = 0
		PATH = [1, 9]
	DESCRIPTION = Left Click at 'Status Bar'
	TEXT = Compound Action =
		Move mouse to (1085.0, 576.0).
		Press Mouse Button BUTTON1
		Release Mouse Button BUTTON1

ExecutedAction [3]: 
 @Action ConcreteID = AC1j4zv9f7f3211801234 AbstractID = AA1j4zv9f7f3211801234
 ConcreteID CUSTOM = ConcreteID CUSTOM not available AbstractID CUSTOM = AApxzkm4803891737195
 @State ConcreteID = SC1honmv04da829066063 AbstractID = SReevceb4a9884246600
 ConcreteID CUSTOM = SC10ls52y4d81799455890 AbstractID CUSTOM = SA19safs74cf3092026354

	ROLE = LeftClickAt
	TARGET =
		WIDGET = WC1jhssi21b581102442, WR88rmk0b1934231702, WT88rmk0b1934231702, WPy94r7g172796856191
		ROLE = UIACheckBox
		TITLE = 
		SHAPE = Rect [x:913.0 y:738.0 w:26.0 h:26.0]
		CHILDREN = 0
		PATH = [0, 3, 2, 9]
	DESCRIPTION = Left Click at ''
	TEXT = Compound Action =
		Move mouse to (926.0, 751.0).
		Press Mouse Button BUTTON1
		Release Mouse Button BUTTON1

ExecutedAction [4]: 
 @Action ConcreteID = AC11v9xon7f748917948 AbstractID = AA11v9xon7f748917948
 ConcreteID CUSTOM = ConcreteID CUSTOM not available AbstractID CUSTOM = AA8o9n1c801948554309
 @State ConcreteID = SC1honmv04da829066063 AbstractID = SReevceb4a9884246600
 ConcreteID CUSTOM = SC10ls52y4d81799455890 AbstractID CUSTOM = SA19safs74cf3092026354

	ROLE = LeftClickAt
	TARGET =
		WIDGET = WC1lhezj3191258746635, WR1h6ibpb92248851252, WT1h6ibpb92248851252, WP11lh0sx154244474631
		ROLE = UIAButton
		TITLE = 
		SHAPE = Rect [x:733.0 y:738.0 w:26.0 h:26.0]
		CHILDREN = 0
		PATH = [0, 3, 2, 3]
	DESCRIPTION = Left Click at ''
	TEXT = Compound Action =
		Move mouse to (746.0, 751.0).
		Press Mouse Button BUTTON1
		Release Mouse Button BUTTON1

ExecutedAction [5]: 
 @Action ConcreteID = ACkua0yk7f24285082 AbstractID = AAkua0yk7f24285082
 ConcreteID CUSTOM = ConcreteID CUSTOM not available AbstractID CUSTOM = AA1qodsad801509265251
 @State ConcreteID = SC1honmv04da829066063 AbstractID = SReevceb4a9884246600
 ConcreteID CUSTOM = SC10ls52y4d81799455890 AbstractID CUSTOM = SA19safs74cf3092026354

	ROLE = LeftClickAt
	TARGET =
		WIDGET = WC1ulc3am262005825686, WR17v7k2nb1067391859, WTpcm71l192027518401, WPtkzlz0223118695362
		ROLE = UIAMenuItem
		TITLE = Subtitle Alt+t
		SHAPE = Rect [x:870.0 y:370.0 w:57.0 h:20.0]
		CHILDREN = 0
		PATH = [0, 1, 4]
	DESCRIPTION = Left Click at 'Subtitle Alt+t'
	TEXT = Compound Action =
		Move mouse to (898.5, 380.0).
		Press Mouse Button BUTTON1
		Release Mouse Button BUTTON1

ExecutedAction [6]: 
 @Action ConcreteID = ACpx8wuj7f3176143298 AbstractID = AApx8wuj7f3176143298
 ConcreteID CUSTOM = ConcreteID CUSTOM not available AbstractID CUSTOM = AAdd8kv4802709511575
 @State ConcreteID = SC61mewd5163392578978 AbstractID = SR13upf5o4e4449063550
 ConcreteID CUSTOM = SC1hgis4g5141470215028 AbstractID CUSTOM = SA1oo8eil50a1939129520

	ROLE = LeftClickAt
	TARGET =
		WIDGET = WCku1d4t1d3514802786, WR10fgh33101836453781, WT10fgh33101836453781, WP350dfv19422419493
		ROLE = UIACustomControl
		TITLE = 
		SHAPE = Rect [x:660.0 y:708.0 w:600.0 h:26.0]
		CHILDREN = 3
		PATH = [0, 3, 1]
	DESCRIPTION = Left Click at ''
	TEXT = Compound Action =
		Move mouse to (960.0, 721.0).
		Press Mouse Button BUTTON1
		Release Mouse Button BUTTON1

ExecutedAction [7]: 
 @Action ConcreteID = ACu7l1u37f2441203508 AbstractID = AAu7l1u37f2441203508
 ConcreteID CUSTOM = ConcreteID CUSTOM not available AbstractID CUSTOM = AA10kr6s803372666829
 @State ConcreteID = SC1honmv04da829066063 AbstractID = SReevceb4a9884246600
 ConcreteID CUSTOM = SC10ls52y4d81799455890 AbstractID CUSTOM = SA19safs74cf3092026354

	ROLE = LeftClickAt
	TARGET =
		WIDGET = WC1lhezi8191377681994, WR1h6ibpb92248851252, WT1h6ibpb92248851252, WP11lh0s2153857103430
		ROLE = UIAButton
		TITLE = 
		SHAPE = Rect [x:707.0 y:738.0 w:26.0 h:26.0]
		CHILDREN = 0
		PATH = [0, 3, 2, 2]
	DESCRIPTION = Left Click at ''
	TEXT = Compound Action =
		Move mouse to (720.0, 751.0).
		Press Mouse Button BUTTON1
		Release Mouse Button BUTTON1

ExecutedAction [8]: 
 @Action ConcreteID = ACp2akjs7f3295855770 AbstractID = AAp2akjs7f3295855770
 ConcreteID CUSTOM = ConcreteID CUSTOM not available AbstractID CUSTOM = AA1uwebvl802633352291
 @State ConcreteID = SC1honmv04da829066063 AbstractID = SReevceb4a9884246600
 ConcreteID CUSTOM = SC10ls52y4d81799455890 AbstractID CUSTOM = SA19safs74cf3092026354

	ROLE = LeftClickAt
	TARGET =
		WIDGET = WC1lhezhd192033226121, WR1h6ibpb92248851252, WT1h6ibpb92248851252, WP11lh0r7153469470085
		ROLE = UIAButton
		TITLE = 
		SHAPE = Rect [x:663.0 y:735.0 w:32.0 h:32.0]
		CHILDREN = 0
		PATH = [0, 3, 2, 1]
	DESCRIPTION = Left Click at ''
	TEXT = Compound Action =
		Move mouse to (679.0, 751.0).
		Press Mouse Button BUTTON1
		Release Mouse Button BUTTON1

ExecutedAction [9]: 
 @Action ConcreteID = ACylx4w2803176856168 AbstractID = AAylx4w2803176856168
 ConcreteID CUSTOM = ConcreteID CUSTOM not available AbstractID CUSTOM = AAr4nqj27f24317296
 @State ConcreteID = SC1m1it4o6f01189292874 AbstractID = SRo84n6w6bc1951086059
 ConcreteID CUSTOM = SC9di5q26f74149246621 AbstractID CUSTOM = SA12vei646db177296137

	ROLE = LeftClickAt
	TARGET =
		WIDGET = WCksdzcq1d2531252402, WR10fgh33101836453781, WT10fgh33101836453781, WP33czns191586358005
		ROLE = UIACustomControl
		TITLE = 
		SHAPE = Rect [x:707.0 y:409.0 w:506.0 h:290.0]
		CHILDREN = 2
		PATH = [0, 0, 1]
	DESCRIPTION = Left Click at ''
	TEXT = Compound Action =
		Move mouse to (960.0, 554.0).
		Press Mouse Button BUTTON1
		Release Mouse Button BUTTON1

ExecutedAction [10]: 
 @Action ConcreteID = AC5f3bow812384273033 AbstractID = AA5f3bow812384273033
 ConcreteID CUSTOM = ConcreteID CUSTOM not available AbstractID CUSTOM = AA1log6ec802647502632
 @State ConcreteID = SC1m1it4o6f01189292874 AbstractID = SRo84n6w6bc1951086059
 ConcreteID CUSTOM = SC9di5q26f74149246621 AbstractID CUSTOM = SA12vei646db177296137

	ROLE = LeftClickAt
	TARGET =
		WIDGET = WChmn2qq254204820437, WR1h6ibpb92248851252, WT179pbei153540817138, WP1mssmc4214192218010
		ROLE = UIAButton
		TITLE = Cancel Alt+C
		SHAPE = Rect [x:1138.0 y:728.0 w:75.0 h:23.0]
		CHILDREN = 0
		PATH = [0, 0, 4, 0]
	DESCRIPTION = Left Click at 'Cancel Alt+C'
	TEXT = Compound Action =
		Move mouse to (1175.5, 739.5).
		Press Mouse Button BUTTON1
		Release Mouse Button BUTTON1

ExecutedAction [11]: 
 @Action ConcreteID = ACt9vcux7f3367145717 AbstractID = AAt9vcux7f3367145717
 ConcreteID CUSTOM = ConcreteID CUSTOM not available AbstractID CUSTOM = AA2v27m802419429388
 @State ConcreteID = SC1honmv04da829066063 AbstractID = SReevceb4a9884246600
 ConcreteID CUSTOM = SC10ls52y4d81799455890 AbstractID CUSTOM = SA19safs74cf3092026354

	ROLE = LeftClickAt
	TARGET =
		WIDGET = WC1pm5r0o232668325901, WR17v7k2nb1067391859, WT1p8hf68161996799177, WP19ngj4m1f1149120030
		ROLE = UIAMenuItem
		TITLE = Video Alt+V
		SHAPE = Rect [x:823.0 y:370.0 w:47.0 h:20.0]
		CHILDREN = 0
		PATH = [0, 1, 3]
	DESCRIPTION = Left Click at 'Video Alt+V'
	TEXT = Compound Action =
		Move mouse to (846.5, 380.0).
		Press Mouse Button BUTTON1
		Release Mouse Button BUTTON1

ExecutedAction [12]: 
 @Action ConcreteID = AC8jwo4i7f523656626 AbstractID = AA8jwo4i7f523656626
 ConcreteID CUSTOM = ConcreteID CUSTOM not available AbstractID CUSTOM = AAxospgj7f4042430475
 @State ConcreteID = SCawa7bm6061947560907 AbstractID = SR9so0ss5d41369665290
 ConcreteID CUSTOM = SC1tyl58t6063210311267 AbstractID CUSTOM = SAup31hg5fb1267024018

	ROLE = LeftClickAt
	TARGET =
		WIDGET = WCo9m3kz234253084318, WR17v7k2nb1067391859, WT1faw5jq16422026351, WPzr9m5t1f4278635332
		ROLE = UIAMenuItem
		TITLE = Audio Alt+A
		SHAPE = Rect [x:774.0 y:370.0 w:49.0 h:20.0]
		CHILDREN = 0
		PATH = [0, 1, 2]
	DESCRIPTION = Left Click at 'Audio Alt+A'
	TEXT = Compound Action =
		Move mouse to (798.5, 380.0).
		Press Mouse Button BUTTON1
		Release Mouse Button BUTTON1

ExecutedAction [13]: 
 @Action ConcreteID = AC1w4tz1f7f3493769466 AbstractID = AA1w4tz1f7f3493769466
 ConcreteID CUSTOM = ConcreteID CUSTOM not available AbstractID CUSTOM = AA12xtoe4802293870595
 @State ConcreteID = SC1honmv04da829066063 AbstractID = SReevceb4a9884246600
 ConcreteID CUSTOM = SC10ls52y4d81799455890 AbstractID CUSTOM = SA19safs74cf3092026354

	ROLE = LeftClickAt
	TARGET =
		WIDGET = WC11132ie26988553567, WR17v7k2nb1067391859, WT7kxrdw19266625713, WP1rp2dz8223396690116
		ROLE = UIAMenuItem
		TITLE = Playback Alt+l
		SHAPE = Rect [x:710.0 y:370.0 w:64.0 h:20.0]
		CHILDREN = 0
		PATH = [0, 1, 1]
	DESCRIPTION = Left Click at 'Playback Alt+l'
	TEXT = Compound Action =
		Move mouse to (742.0, 380.0).
		Press Mouse Button BUTTON1
		Release Mouse Button BUTTON1

ExecutedAction [14]: 
 @Action ConcreteID = AC1slxsdn802027463077 AbstractID = AA1slxsdn802027463077
 ConcreteID CUSTOM = ConcreteID CUSTOM not available AbstractID CUSTOM = AAt9msfk7f3183457127
 @State ConcreteID = SC13y145g6531009397872 AbstractID = SRwdvuqc6241531198460
 ConcreteID CUSTOM = SCp075jb6592016346243 AbstractID CUSTOM = SA91z7w46493767487934

	ROLE = LeftClickAt
	TARGET =
		WIDGET = WC1wr6twp233179607085, WR17v7k2nb1067391859, WTwtxn65161410781764, WPzq9smv1f824583798
		ROLE = UIAMenuItem
		TITLE = Tools Alt+s
		SHAPE = Rect [x:927.0 y:370.0 w:45.0 h:20.0]
		CHILDREN = 0
		PATH = [0, 1, 5]
	DESCRIPTION = Left Click at 'Tools Alt+s'
	TEXT = Compound Action =
		Move mouse to (949.5, 380.0).
		Press Mouse Button BUTTON1
		Release Mouse Button BUTTON1

ExecutedAction [15]: 
 @Action ConcreteID = ACxal83v7f2766956482 AbstractID = AAxal83v7f2766956482
 ConcreteID CUSTOM = ConcreteID CUSTOM not available AbstractID CUSTOM = AA43kxgk804234897211
 @State ConcreteID = SC1honmv04da829066063 AbstractID = SReevceb4a9884246600
 ConcreteID CUSTOM = SC10ls52y4d81799455890 AbstractID CUSTOM = SA19safs74cf3092026354

	ROLE = LeftClickAt
	TARGET =
		WIDGET = WC4ha5z0273191343058, WR5quxi6b4097176690, WT5quxi6b4097176690, WP1lx6qlq231067393916
		ROLE = UIATreeItem
		TITLE = 
		SHAPE = Rect [x:660.0 y:568.0 w:163.0 h:22.0]
		CHILDREN = 0
		PATH = [0, 3, 0, 0, 3, 1, 1, 6]
	DESCRIPTION = Left Click at ''
	TEXT = Compound Action =
		Move mouse to (741.5, 579.0).
		Press Mouse Button BUTTON1
		Release Mouse Button BUTTON1

ExecutedAction [16]: 
 @Action ConcreteID = AC1t1y3727f1004405597 AbstractID = AA1t1y3727f1004405597
 ConcreteID CUSTOM = ConcreteID CUSTOM not available AbstractID CUSTOM = AAzuxsjr801666778020
 @State ConcreteID = SC1honmv04da829066063 AbstractID = SReevceb4a9884246600
 ConcreteID CUSTOM = SC10ls52y4d81799455890 AbstractID CUSTOM = SA19safs74cf3092026354

	ROLE = LeftClickAt
	TARGET =
		WIDGET = WC4ha5wf273276796823, WR5quxi6b4097176690, WT5quxi6b4097176690, WP1lx6qj5231122555705
		ROLE = UIATreeItem
		TITLE = 
		SHAPE = Rect [x:665.0 y:490.0 w:158.0 h:26.0]
		CHILDREN = 0
		PATH = [0, 3, 0, 0, 3, 1, 1, 3]
	DESCRIPTION = Left Click at ''
	TEXT = Compound Action =
		Move mouse to (744.0, 503.0).
		Press Mouse Button BUTTON1
		Release Mouse Button BUTTON1

ExecutedAction [17]: 
 @Action ConcreteID = ACyt6onv7f1299490107 AbstractID = AAyt6onv7f1299490107
 ConcreteID CUSTOM = ConcreteID CUSTOM not available AbstractID CUSTOM = AA1s85ezl7c2215153013
 @State ConcreteID = SC1fshzrg592621054381 AbstractID = SR1gengr85543099260241
 ConcreteID CUSTOM = SCjbob5w58c580137446 AbstractID CUSTOM = SA5m7i675829463492

	ROLE = LeftClickAt
	TARGET =
		WIDGET = WC1lhezjy1971787980, WR1h6ibpb92248851252, WT1h6ibpb92248851252, WP11lh0ts153015450048
		ROLE = UIAButton
		TITLE = 
		SHAPE = Rect [x:759.0 y:738.0 w:26.0 h:26.0]
		CHILDREN = 0
		PATH = [0, 3, 2, 4]
	DESCRIPTION = Left Click at ''
	TEXT = Compound Action =
		Move mouse to (772.0, 751.0).
		Press Mouse Button BUTTON1
		Release Mouse Button BUTTON1

ExecutedAction [18]: 
 @Action ConcreteID = AC1sigm7q7f437494457 AbstractID = AA1sigm7q7f437494457
 ConcreteID CUSTOM = ConcreteID CUSTOM not available AbstractID CUSTOM = AAmwbakc7c3547302647
 @State ConcreteID = SC1fshzrg592621054381 AbstractID = SR1gengr85543099260241
 ConcreteID CUSTOM = SCjbob5w58c580137446 AbstractID CUSTOM = SA5m7i675829463492

	ROLE = LeftClickAt
	TARGET =
		WIDGET = WC1upfzam2822555728, WR1h6ibpb92248851252, WT1u0ptgt12975207968, WP137hgps243780711961
		ROLE = UIAButton
		TITLE = My Videos
		SHAPE = Rect [x:660.0 y:394.0 w:17.0 h:22.0]
		CHILDREN = 0
		PATH = [0, 3, 0, 0, 0, 0]
	DESCRIPTION = Left Click at 'My Videos'
	TEXT = Compound Action =
		Move mouse to (668.5, 405.0).
		Press Mouse Button BUTTON1
		Release Mouse Button BUTTON1

ExecutedAction [19]: 
 @Action ConcreteID = AC13gkul17f4205587022 AbstractID = AA13gkul17f4205587022
 ConcreteID CUSTOM = ConcreteID CUSTOM not available AbstractID CUSTOM = AA1wvjkwr7c869270016
 @State ConcreteID = SC1fshzrg592621054381 AbstractID = SR1gengr85543099260241
 ConcreteID CUSTOM = SCjbob5w58c580137446 AbstractID CUSTOM = SA5m7i675829463492

	ROLE = LeftClickAt
	TARGET =
		WIDGET = WC4ha5up274051276053, WR5quxi6b4097176690, WT5quxi6b4097176690, WP1lx6qhf231893643707
		ROLE = UIATreeItem
		TITLE = 
		SHAPE = Rect [x:660.0 y:442.0 w:163.0 h:26.0]
		CHILDREN = 0
		PATH = [0, 3, 0, 0, 3, 1, 1, 1]
	DESCRIPTION = Left Click at ''
	TEXT = Compound Action =
		Move mouse to (741.5, 455.0).
		Press Mouse Button BUTTON1
		Release Mouse Button BUTTON1

ExecutedAction [20]: 
 @Action ConcreteID = AC8b7vma7f1695989040 AbstractID = AA8b7vma7f1695989040
 ConcreteID CUSTOM = ConcreteID CUSTOM not available AbstractID CUSTOM = AAqixms6803576346218
 @State ConcreteID = SCsui65e4da1940733970 AbstractID = SReevceb4a9884246600
 ConcreteID CUSTOM = SCbbnmxg4d92005800549 AbstractID CUSTOM = SA19safs74cf3092026354

	ROLE = LeftClickAt
	TARGET =
		WIDGET = WCo9m3kz234253084318, WR17v7k2nb1067391859, WT1faw5jq16422026351, WPzr9m5t1f4278635332
		ROLE = UIAMenuItem
		TITLE = Audio Alt+A
		SHAPE = Rect [x:774.0 y:370.0 w:49.0 h:20.0]
		CHILDREN = 0
		PATH = [0, 1, 2]
	DESCRIPTION = Left Click at 'Audio Alt+A'
	TEXT = Compound Action =
		Move mouse to (798.5, 380.0).
		Press Mouse Button BUTTON1
		Release Mouse Button BUTTON1

ExecutedAction [21]: 
 @Action ConcreteID = AC1p9vcg7f2868131644 AbstractID = AA1p9vcg7f2868131644
 ConcreteID CUSTOM = ConcreteID CUSTOM not available AbstractID CUSTOM = AA15jqnog7f3673397901
 @State ConcreteID = SC1jsswk55a0983125768 AbstractID = SR1ho5r9y5703365748964
 ConcreteID CUSTOM = SC1nxkw9a59d859208082 AbstractID CUSTOM = SA3xj97v5962026584407

	ROLE = LeftClickAt
	TARGET =
		WIDGET = WC4ha5tu273898777684, WR5quxi6b4097176690, WT5quxi6b4097176690, WP1lx6qgk231774552314
		ROLE = UIATreeItem
		TITLE = 
		SHAPE = Rect [x:660.0 y:416.0 w:163.0 h:26.0]
		CHILDREN = 0
		PATH = [0, 3, 0, 0, 3, 1, 1, 0]
	DESCRIPTION = Left Click at ''
	TEXT = Compound Action =
		Move mouse to (741.5, 429.0).
		Press Mouse Button BUTTON1
		Release Mouse Button BUTTON1

ExecutedAction [22]: 
 @Action ConcreteID = AC1hyr9mg803528011642 AbstractID = AA1hyr9mg803528011642
 ConcreteID CUSTOM = ConcreteID CUSTOM not available AbstractID CUSTOM = AA1aur9b81376496834
 @State ConcreteID = SC1honmv04da829066063 AbstractID = SReevceb4a9884246600
 ConcreteID CUSTOM = SC10ls52y4d81799455890 AbstractID CUSTOM = SA19safs74cf3092026354

	ROLE = LeftClickAt
	TARGET =
		WIDGET = WC1if1cw3262441743321, WR10fgh33101836453781, WT10fgh33101836453781, WP137bfud224073668639
		ROLE = UIACustomControl
		TITLE = 
		SHAPE = Rect [x:845.0 y:416.0 w:415.0 h:289.0]
		CHILDREN = 1
		PATH = [0, 3, 0, 0, 3, 0]
	DESCRIPTION = Left Click at ''
	TEXT = Compound Action =
		Move mouse to (1052.5, 560.5).
		Press Mouse Button BUTTON1
		Release Mouse Button BUTTON1

ExecutedAction [23]: 
 @Action ConcreteID = AC1jpxxfh7f2376971923 AbstractID = AA1jpxxfh7f2376971923
 ConcreteID CUSTOM = ConcreteID CUSTOM not available AbstractID CUSTOM = AAqixms6803576346218
 @State ConcreteID = SC1honmv04da829066063 AbstractID = SReevceb4a9884246600
 ConcreteID CUSTOM = SC10ls52y4d81799455890 AbstractID CUSTOM = SA19safs74cf3092026354

	ROLE = LeftClickAt
	TARGET =
		WIDGET = WCo9m3kz234253084318, WR17v7k2nb1067391859, WT1faw5jq16422026351, WPzr9m5t1f4278635332
		ROLE = UIAMenuItem
		TITLE = Audio Alt+A
		SHAPE = Rect [x:774.0 y:370.0 w:49.0 h:20.0]
		CHILDREN = 0
		PATH = [0, 1, 2]
	DESCRIPTION = Left Click at 'Audio Alt+A'
	TEXT = Compound Action =
		Move mouse to (798.5, 380.0).
		Press Mouse Button BUTTON1
		Release Mouse Button BUTTON1

ExecutedAction [24]: 
 @Action ConcreteID = AC99547v802526527268 AbstractID = AA99547v802526527268
 ConcreteID CUSTOM = ConcreteID CUSTOM not available AbstractID CUSTOM = AAkzfhuv802473447972
 @State ConcreteID = SC9luban5a02019460181 AbstractID = SR1ho5r9y5703365748964
 ConcreteID CUSTOM = SChjucxs59c3607298302 AbstractID CUSTOM = SA3xj97v5962026584407

	ROLE = LeftClickAt
	TARGET =
		WIDGET = WC1fyukwf20187867976, WR4n4ygb71694219017, WT4n4ygb71694219017, WPmjnogt1c4136154481
		ROLE = UIAList
		TITLE = 
		SHAPE = Rect [x:845.0 y:416.0 w:415.0 h:289.0]
		CHILDREN = 0
		PATH = [0, 3, 0, 0, 3, 0, 0]
	DESCRIPTION = Left Click at ''
	TEXT = Compound Action =
		Move mouse to (1052.5, 560.5).
		Press Mouse Button BUTTON1
		Release Mouse Button BUTTON1

ExecutedAction [25]: 
 @Action ConcreteID = AC11v9xon7f748917948 AbstractID = AA11v9xon7f748917948
 ConcreteID CUSTOM = ConcreteID CUSTOM not available AbstractID CUSTOM = AA8o9n1c801948554309
 @State ConcreteID = SC1honmv04da829066063 AbstractID = SReevceb4a9884246600
 ConcreteID CUSTOM = SC10ls52y4d81799455890 AbstractID CUSTOM = SA19safs74cf3092026354

	ROLE = LeftClickAt
	TARGET =
		WIDGET = WC1lhezj3191258746635, WR1h6ibpb92248851252, WT1h6ibpb92248851252, WP11lh0sx154244474631
		ROLE = UIAButton
		TITLE = 
		SHAPE = Rect [x:733.0 y:738.0 w:26.0 h:26.0]
		CHILDREN = 0
		PATH = [0, 3, 2, 3]
	DESCRIPTION = Left Click at ''
	TEXT = Compound Action =
		Move mouse to (746.0, 751.0).
		Press Mouse Button BUTTON1
		Release Mouse Button BUTTON1

ExecutedAction [26]: 
 @Action ConcreteID = AC7ywoeo802517929887 AbstractID = AA7ywoeo802517929887
 ConcreteID CUSTOM = ConcreteID CUSTOM not available AbstractID CUSTOM = AAqc480n811378697767
 @State ConcreteID = SC1honmv04da829066063 AbstractID = SReevceb4a9884246600
 ConcreteID CUSTOM = SC10ls52y4d81799455890 AbstractID CUSTOM = SA19safs74cf3092026354

	ROLE = LeftClickAt
	TARGET =
		WIDGET = WCig1ffy22236015574, WR17v7k2nb1067391859, WT1e6tvxi153323975668, WP1lxqkho1e3332536470
		ROLE = UIAMenuItem
		TITLE = Help Alt+H
		SHAPE = Rect [x:1013.0 y:370.0 w:42.0 h:20.0]
		CHILDREN = 0
		PATH = [0, 1, 7]
	DESCRIPTION = Left Click at 'Help Alt+H'
	TEXT = Compound Action =
		Move mouse to (1034.0, 380.0).
		Press Mouse Button BUTTON1
		Release Mouse Button BUTTON1

ExecutedAction [27]: 
 @Action ConcreteID = AC1o27hf37f3250305569 AbstractID = AA1o27hf37f3250305569
 ConcreteID CUSTOM = ConcreteID CUSTOM not available AbstractID CUSTOM = AA1gmahyl7f3296979507
 @State ConcreteID = SC6l6u7b53c1964631909 AbstractID = SRzt3fzi50c1935356905
 ConcreteID CUSTOM = SC1kd0e8x53a3151925684 AbstractID CUSTOM = SA1ilrcet533823867545

	ROLE = LeftClickAt
	TARGET =
		WIDGET = WC4ha5xa272349753680, WR5quxi6b4097176690, WT5quxi6b4097176690, WP1lx6qk023229196286
		ROLE = UIATreeItem
		TITLE = 
		SHAPE = Rect [x:665.0 y:516.0 w:158.0 h:26.0]
		CHILDREN = 0
		PATH = [0, 3, 0, 0, 3, 1, 1, 4]
	DESCRIPTION = Left Click at ''
	TEXT = Compound Action =
		Move mouse to (744.0, 529.0).
		Press Mouse Button BUTTON1
		Release Mouse Button BUTTON1

ExecutedAction [28]: 
 @Action ConcreteID = ACxyr46e802471772600 AbstractID = AAxyr46e802471772600
 ConcreteID CUSTOM = ConcreteID CUSTOM not available AbstractID CUSTOM = AA1hfqkjc7c1748706483
 @State ConcreteID = SC1cfncls5902396683444 AbstractID = SR1gengr85543099260241
 ConcreteID CUSTOM = SC1pjmdxi58d2869933290 AbstractID CUSTOM = SA5m7i675829463492

	ROLE = LeftClickAt
	TARGET =
		WIDGET = WC1lhezlo19913377102, WR1h6ibpb92248851252, WT1h6ibpb92248851252, WP11lh0vi152173337410
		ROLE = UIAButton
		TITLE = 
		SHAPE = Rect [x:823.0 y:738.0 w:26.0 h:26.0]
		CHILDREN = 0
		PATH = [0, 3, 2, 6]
	DESCRIPTION = Left Click at ''
	TEXT = Compound Action =
		Move mouse to (836.0, 751.0).
		Press Mouse Button BUTTON1
		Release Mouse Button BUTTON1

ExecutedAction [29]: 
 @Action ConcreteID = AC1vlvrtc801341136423 AbstractID = AA1vlvrtc801341136423
 ConcreteID CUSTOM = ConcreteID CUSTOM not available AbstractID CUSTOM = AA1bth0hr801290798915
 @State ConcreteID = SC1qcbjew3433489285406 AbstractID = SR7xy643281067176138
 ConcreteID CUSTOM = SC1fny0633422368937970 AbstractID CUSTOM = SA1p6qrab33f2070031618

	ROLE = LeftClickAt
	TARGET =
		WIDGET = WC1lhezi8191377681994, WR1h6ibpb92248851252, WT1h6ibpb92248851252, WP11lh0s2153857103430
		ROLE = UIAButton
		TITLE = 
		SHAPE = Rect [x:707.0 y:451.0 w:26.0 h:26.0]
		CHILDREN = 0
		PATH = [0, 3, 2, 2]
	DESCRIPTION = Left Click at ''
	TEXT = Compound Action =
		Move mouse to (720.0, 464.0).
		Press Mouse Button BUTTON1
		Release Mouse Button BUTTON1

ExecutedAction [30]: 
 @Action ConcreteID = ACf62tzc801143132180 AbstractID = AAf62tzc801143132180
 ConcreteID CUSTOM = ConcreteID CUSTOM not available AbstractID CUSTOM = AA1ues4mv801193462128
 @State ConcreteID = SC1qcbjew3433489285406 AbstractID = SR7xy643281067176138
 ConcreteID CUSTOM = SC1fny0633422368937970 AbstractID CUSTOM = SA1p6qrab33f2070031618

	ROLE = LeftClickAt
	TARGET =
		WIDGET = WCku1d4t1d3514802786, WR10fgh33101836453781, WT10fgh33101836453781, WP350dfv19422419493
		ROLE = UIACustomControl
		TITLE = 
		SHAPE = Rect [x:660.0 y:421.0 w:485.0 h:26.0]
		CHILDREN = 3
		PATH = [0, 3, 1]
	DESCRIPTION = Left Click at ''
	TEXT = Compound Action =
		Move mouse to (902.5, 434.0).
		Press Mouse Button BUTTON1
		Release Mouse Button BUTTON1

ExecutedAction [31]: 
 @Action ConcreteID = ACwaldpt802951094490 AbstractID = AAwaldpt802951094490
 ConcreteID CUSTOM = ConcreteID CUSTOM not available AbstractID CUSTOM = AAci6me8802900769214
 @State ConcreteID = SC1qcbjew3433489285406 AbstractID = SR7xy643281067176138
 ConcreteID CUSTOM = SC1fny0633422368937970 AbstractID CUSTOM = SA1p6qrab33f2070031618

	ROLE = LeftClickAt
	TARGET =
		WIDGET = WC1lhezmj19795489807, WR1h6ibpb92248851252, WT1h6ibpb92248851252, WP11lh0wd152559659523
		ROLE = UIAButton
		TITLE = 
		SHAPE = Rect [x:849.0 y:451.0 w:26.0 h:26.0]
		CHILDREN = 0
		PATH = [0, 3, 2, 7]
	DESCRIPTION = Left Click at ''
	TEXT = Compound Action =
		Move mouse to (862.0, 464.0).
		Press Mouse Button BUTTON1
		Release Mouse Button BUTTON1

ExecutedAction [32]: 
 @Action ConcreteID = AC1qrqh2a80885769412 AbstractID = AA1qrqh2a80885769412
 ConcreteID CUSTOM = ConcreteID CUSTOM not available AbstractID CUSTOM = AAp5ril67f1219039608
 @State ConcreteID = SC1d8aprv6d31414704702 AbstractID = SR1pskgcw6ab2408036679
 ConcreteID CUSTOM = SC1si6gsr6e83297085356 AbstractID CUSTOM = SAbvfg4i6cf1272357683

	ROLE = LeftClickAt
	TARGET =
		WIDGET = WCf9xen119243428565, WR1h6ibpb92248851252, WT1h6ibpb92248851252, WP1uf3hvz153111720153
		ROLE = UIAButton
		TITLE = 
		SHAPE = Rect [x:759.0 y:451.0 w:26.0 h:26.0]
		CHILDREN = 0
		PATH = [0, 4, 2, 4]
	DESCRIPTION = Left Click at ''
	TEXT = Compound Action =
		Move mouse to (772.0, 464.0).
		Press Mouse Button BUTTON1
		Release Mouse Button BUTTON1

ExecutedAction [33]: 
 @Action ConcreteID = ACnedz380858476014 AbstractID = AAnedz380858476014
 ConcreteID CUSTOM = ConcreteID CUSTOM not available AbstractID CUSTOM = AAy2jhh37f1330223186
 @State ConcreteID = SC1d8aprv6d31414704702 AbstractID = SR1pskgcw6ab2408036679
 ConcreteID CUSTOM = SC1si6gsr6e83297085356 AbstractID CUSTOM = SAbvfg4i6cf1272357683

	ROLE = LeftClickAt
	TARGET =
		WIDGET = WCs92yw42c3361510070, WR10fgh33101836453781, WT10fgh33101836453781, WP1teka3a283331709745
		ROLE = UIACustomControl
		TITLE = 
		SHAPE = Rect [x:263.0 y:425.0 w:370.0 h:317.0]
		CHILDREN = 8
		PATH = [0, 0, 1, 0, 0, 0, 0, 0]
	DESCRIPTION = Left Click at ''
	TEXT = Compound Action =
		Move mouse to (448.0, 583.5).
		Press Mouse Button BUTTON1
		Release Mouse Button BUTTON1

ExecutedAction [34]: 
 @Action ConcreteID = AC811o7e801141028204 AbstractID = AA811o7e801141028204
 ConcreteID CUSTOM = ConcreteID CUSTOM not available AbstractID CUSTOM = AA15g6rpe7f945840336
 @State ConcreteID = SC1d8aprv6d31414704702 AbstractID = SR1pskgcw6ab2408036679
 ConcreteID CUSTOM = SC1si6gsr6e83297085356 AbstractID CUSTOM = SAbvfg4i6cf1272357683

	ROLE = LeftClickAt
	TARGET =
		WIDGET = WCydso5v2b42275089, WR1p34e3y91942684430, WT1p34e3y91942684430, WP1oepz5x272880882881
		ROLE = UIASlider
		TITLE = 
		SHAPE = Rect [x:481.0 y:471.0 w:22.0 h:225.0]
		CHILDREN = 0
		PATH = [0, 0, 1, 0, 0, 0, 0, 0, 6, 6]
	DESCRIPTION = Left Click at ''
	TEXT = Compound Action =
		Move mouse to (492.0, 583.5).
		Press Mouse Button BUTTON1
		Release Mouse Button BUTTON1

ExecutedAction [35]: 
 @Action ConcreteID = AChifxnh802518053908 AbstractID = AAhifxnh802518053908
 ConcreteID CUSTOM = ConcreteID CUSTOM not available AbstractID CUSTOM = AA1exl15h7f3933512104
 @State ConcreteID = SC1d8aprv6d31414704702 AbstractID = SR1pskgcw6ab2408036679
 ConcreteID CUSTOM = SC1si6gsr6e83297085356 AbstractID CUSTOM = SAbvfg4i6cf1272357683

	ROLE = LeftClickAt
	TARGET =
		WIDGET = WC1d5m79h302986083547, WR1k8fo0ra1109144095, WT6q4ghs144174538512, WP1k24m9j2c793105210
		ROLE = UIATabItem
		TITLE = Compressor
		SHAPE = Rect [x:289.0 y:403.0 w:39.0 h:21.0]
		CHILDREN = 0
		PATH = [0, 0, 1, 0, 0, 0, 1, 1]
	DESCRIPTION = Left Click at 'Compressor'
	TEXT = Compound Action =
		Move mouse to (308.5, 413.5).
		Press Mouse Button BUTTON1
		Release Mouse Button BUTTON1

ExecutedAction [36]: 
 @Action ConcreteID = AC9nqkc17f2604783388 AbstractID = AA9nqkc17f2604783388
 ConcreteID CUSTOM = ConcreteID CUSTOM not available AbstractID CUSTOM = AA8n3dvn7e2379390338
 @State ConcreteID = SCgd9ny35b91973980476 AbstractID = SR1r9jtep5a11034257013
 ConcreteID CUSTOM = SC1hm9gk35ca3084499401 AbstractID CUSTOM = SAycs1kq5b2657014183

	ROLE = LeftClickAt
	TARGET =
		WIDGET = WC11xfyjj204268674625, WR10fgh33101836453781, WT10fgh33101836453781, WPaua351c1327201897
		ROLE = UIACustomControl
		TITLE = 
		SHAPE = Rect [x:660.0 y:391.0 w:485.0 h:30.0]
		CHILDREN = 0
		PATH = [0, 4, 0, 0]
	DESCRIPTION = Left Click at ''
	TEXT = Compound Action =
		Move mouse to (902.5, 406.0).
		Press Mouse Button BUTTON1
		Release Mouse Button BUTTON1

ExecutedAction [37]: 
 @Action ConcreteID = AC13slvkg7f3338266593 AbstractID = AA13slvkg7f3338266593
 ConcreteID CUSTOM = ConcreteID CUSTOM not available AbstractID CUSTOM = AA12ryp427e3496652159
 @State ConcreteID = SCgd9ny35b91973980476 AbstractID = SR1r9jtep5a11034257013
 ConcreteID CUSTOM = SC1hm9gk35ca3084499401 AbstractID CUSTOM = SAycs1kq5b2657014183

	ROLE = LeftClickAt
	TARGET =
		WIDGET = WCf9xem6191103362578, WR1h6ibpb92248851252, WT1h6ibpb92248851252, WP1uf3hv4154130898462
		ROLE = UIAButton
		TITLE = 
		SHAPE = Rect [x:733.0 y:451.0 w:26.0 h:26.0]
		CHILDREN = 0
		PATH = [0, 4, 2, 3]
	DESCRIPTION = Left Click at ''
	TEXT = Compound Action =
		Move mouse to (746.0, 464.0).
		Press Mouse Button BUTTON1
		Release Mouse Button BUTTON1

ExecutedAction [38]: 
 @Action ConcreteID = ACdv3c4p7f2927354712 AbstractID = AAdv3c4p7f2927354712
 ConcreteID CUSTOM = ConcreteID CUSTOM not available AbstractID CUSTOM = AAcug5ob7e3102255558
 @State ConcreteID = SCgd9ny35b91973980476 AbstractID = SR1r9jtep5a11034257013
 ConcreteID CUSTOM = SC1hm9gk35ca3084499401 AbstractID CUSTOM = SAycs1kq5b2657014183

	ROLE = LeftClickAt
	TARGET =
		WIDGET = WCkul5r11d1215442353, WR10fgh33101836453781, WT10fgh33101836453781, WP35k623192149585910
		ROLE = UIACustomControl
		TITLE = 
		SHAPE = Rect [x:660.0 y:447.0 w:485.0 h:34.0]
		CHILDREN = 10
		PATH = [0, 4, 2]
	DESCRIPTION = Left Click at ''
	TEXT = Compound Action =
		Move mouse to (902.5, 464.0).
		Press Mouse Button BUTTON1
		Release Mouse Button BUTTON1

ExecutedAction [39]: 
 @Action ConcreteID = ACw4wzpw7f2077998185 AbstractID = AAw4wzpw7f2077998185
 ConcreteID CUSTOM = ConcreteID CUSTOM not available AbstractID CUSTOM = AAv49t9i7e1833498359
 @State ConcreteID = SCgd9ny35b91973980476 AbstractID = SR1r9jtep5a11034257013
 ConcreteID CUSTOM = SC1hm9gk35ca3084499401 AbstractID CUSTOM = SAycs1kq5b2657014183

	ROLE = LeftClickAt
	TARGET =
		WIDGET = WCf9xelb191490602835, WR1h6ibpb92248851252, WT1h6ibpb92248851252, WP1uf3hu9154012094303
		ROLE = UIAButton
		TITLE = 
		SHAPE = Rect [x:707.0 y:451.0 w:26.0 h:26.0]
		CHILDREN = 0
		PATH = [0, 4, 2, 2]
	DESCRIPTION = Left Click at ''
	TEXT = Compound Action =
		Move mouse to (720.0, 464.0).
		Press Mouse Button BUTTON1
		Release Mouse Button BUTTON1

ExecutedAction [40]: 
 @Action ConcreteID = AC1o440kp802319649383 AbstractID = AA1o440kp802319649383
 ConcreteID CUSTOM = ConcreteID CUSTOM not available AbstractID CUSTOM = AAsk5ggn7f2648844142
 @State ConcreteID = SCgd9ny35b91973980476 AbstractID = SR1r9jtep5a11034257013
 ConcreteID CUSTOM = SC1hm9gk35ca3084499401 AbstractID CUSTOM = SAycs1kq5b2657014183

	ROLE = LeftClickAt
	TARGET =
		WIDGET = WChj3t7x1c1665019439, WR1p34e3y91942684430, WT1p34e3y91942684430, WP1mb1pff1833609338
		ROLE = UIASlider
		TITLE = 
		SHAPE = Rect [x:1060.0 y:454.0 w:85.0 h:26.0]
		CHILDREN = 0
		PATH = [0, 4, 2, 0, 1]
	DESCRIPTION = Left Click at ''
	TEXT = Compound Action =
		Move mouse to (1102.5, 467.0).
		Press Mouse Button BUTTON1
		Release Mouse Button BUTTON1

ExecutedAction [41]: 
 @Action ConcreteID = ACqzmifl7f774420423 AbstractID = AAqzmifl7f774420423
 ConcreteID CUSTOM = ConcreteID CUSTOM not available AbstractID CUSTOM = AApyzbz77e951844185
 @State ConcreteID = SCgd9ny35b91973980476 AbstractID = SR1r9jtep5a11034257013
 ConcreteID CUSTOM = SC1hm9gk35ca3084499401 AbstractID CUSTOM = SAycs1kq5b2657014183

	ROLE = LeftClickAt
	TARGET =
		WIDGET = WCf9xekg191945475216, WR1h6ibpb92248851252, WT1h6ibpb92248851252, WP1uf3hte153289309340
		ROLE = UIAButton
		TITLE = 
		SHAPE = Rect [x:663.0 y:448.0 w:32.0 h:32.0]
		CHILDREN = 0
		PATH = [0, 4, 2, 1]
	DESCRIPTION = Left Click at ''
	TEXT = Compound Action =
		Move mouse to (679.0, 464.0).
		Press Mouse Button BUTTON1
		Release Mouse Button BUTTON1

ExecutedAction [42]: 
 @Action ConcreteID = AC1kmz7su7f1237337816 AbstractID = AA1kmz7su7f1237337816
 ConcreteID CUSTOM = ConcreteID CUSTOM not available AbstractID CUSTOM = AA1jmc1cg7e1599278150
 @State ConcreteID = SCgd9ny35b91973980476 AbstractID = SR1r9jtep5a11034257013
 ConcreteID CUSTOM = SC1hm9gk35ca3084499401 AbstractID CUSTOM = SAycs1kq5b2657014183

	ROLE = LeftClickAt
	TARGET =
		WIDGET = WCdrk02m343723220059, WR1k8fo0ra1109144095, WTxko2cb18914322636, WP13nivk303854828260
		ROLE = UIATabItem
		TITLE = Stereo Widener
		SHAPE = Rect [x:356.0 y:403.0 w:35.0 h:21.0]
		CHILDREN = 0
		PATH = [0, 0, 1, 0, 0, 0, 1, 3]
	DESCRIPTION = Left Click at 'Stereo Widener'
	TEXT = Compound Action =
		Move mouse to (373.5, 413.5).
		Press Mouse Button BUTTON1
		Release Mouse Button BUTTON1

ExecutedAction [43]: 
 @Action ConcreteID = ACeai1427f164604739 AbstractID = AAeai1427f164604739
 ConcreteID CUSTOM = ConcreteID CUSTOM not available AbstractID CUSTOM = AA42rgxb7f1760822023
 @State ConcreteID = SC6j4v8f5922813595289 AbstractID = SR1dsev845773504340451
 ConcreteID CUSTOM = SC1ii8l6q59f1874438899 AbstractID CUSTOM = SAxzufki58b2669050940

	ROLE = LeftClickAt
	TARGET =
		WIDGET = WCf9xelb191490602835, WR1h6ibpb92248851252, WT1h6ibpb92248851252, WP1uf3hu9154012094303
		ROLE = UIAButton
		TITLE = 
		SHAPE = Rect [x:707.0 y:451.0 w:26.0 h:26.0]
		CHILDREN = 0
		PATH = [0, 4, 2, 2]
	DESCRIPTION = Left Click at ''
	TEXT = Compound Action =
		Move mouse to (720.0, 464.0).
		Press Mouse Button BUTTON1
		Release Mouse Button BUTTON1

ExecutedAction [44]: 
 @Action ConcreteID = AC1e0bozn7f3923350974 AbstractID = AA1e0bozn7f3923350974
 ConcreteID CUSTOM = ConcreteID CUSTOM not available AbstractID CUSTOM = AA13sl4sw7f2296528378
 @State ConcreteID = SC6j4v8f5922813595289 AbstractID = SR1dsev845773504340451
 ConcreteID CUSTOM = SC1ii8l6q59f1874438899 AbstractID CUSTOM = SAxzufki58b2669050940

	ROLE = LeftClickAt
	TARGET =
		WIDGET = WCf9xepm19632241942, WR1h6ibpb92248851252, WT1h6ibpb92248851252, WP1uf3hyk152454996762
		ROLE = UIAButton
		TITLE = 
		SHAPE = Rect [x:849.0 y:451.0 w:26.0 h:26.0]
		CHILDREN = 0
		PATH = [0, 4, 2, 7]
	DESCRIPTION = Left Click at ''
	TEXT = Compound Action =
		Move mouse to (862.0, 464.0).
		Press Mouse Button BUTTON1
		Release Mouse Button BUTTON1

ExecutedAction [45]: 
 @Action ConcreteID = AC1vlvrtc801341136423 AbstractID = AA1vlvrtc801341136423
 ConcreteID CUSTOM = ConcreteID CUSTOM not available AbstractID CUSTOM = AA1bth0hr801290798915
 @State ConcreteID = SC1qcbjew3433489285406 AbstractID = SR7xy643281067176138
 ConcreteID CUSTOM = SC1fny0633422368937970 AbstractID CUSTOM = SA1p6qrab33f2070031618

	ROLE = LeftClickAt
	TARGET =
		WIDGET = WC1lhezi8191377681994, WR1h6ibpb92248851252, WT1h6ibpb92248851252, WP11lh0s2153857103430
		ROLE = UIAButton
		TITLE = 
		SHAPE = Rect [x:707.0 y:451.0 w:26.0 h:26.0]
		CHILDREN = 0
		PATH = [0, 3, 2, 2]
	DESCRIPTION = Left Click at ''
	TEXT = Compound Action =
		Move mouse to (720.0, 464.0).
		Press Mouse Button BUTTON1
		Release Mouse Button BUTTON1

ExecutedAction [46]: 
 @Action ConcreteID = AC1cdvlgq80355692285 AbstractID = AA1cdvlgq80355692285
 ConcreteID CUSTOM = ConcreteID CUSTOM not available AbstractID CUSTOM = AAslgu5580372471705
 @State ConcreteID = SC1qcbjew3433489285406 AbstractID = SR7xy643281067176138
 ConcreteID CUSTOM = SC1fny0633422368937970 AbstractID CUSTOM = SA1p6qrab33f2070031618

	ROLE = LeftClickAt
	TARGET =
		WIDGET = WC1lhezlo19913377102, WR1h6ibpb92248851252, WT1h6ibpb92248851252, WP11lh0vi152173337410
		ROLE = UIAButton
		TITLE = 
		SHAPE = Rect [x:823.0 y:451.0 w:26.0 h:26.0]
		CHILDREN = 0
		PATH = [0, 3, 2, 6]
	DESCRIPTION = Left Click at ''
	TEXT = Compound Action =
		Move mouse to (836.0, 464.0).
		Press Mouse Button BUTTON1
		Release Mouse Button BUTTON1

ExecutedAction [47]: 
 @Action ConcreteID = AC1ygh83s802218909806 AbstractID = AA1ygh83s802218909806
 ConcreteID CUSTOM = ConcreteID CUSTOM not available AbstractID CUSTOM = AAiwcmhm7c2133755237
 @State ConcreteID = SC1cfncls5902396683444 AbstractID = SR1gengr85543099260241
 ConcreteID CUSTOM = SC1pjmdxi58d2869933290 AbstractID CUSTOM = SA5m7i675829463492

	ROLE = LeftClickAt
	TARGET =
		WIDGET = WC1jhssh71b1002035755, WR88rmk0b1934231702, WT88rmk0b1934231702, WPy94r6l173215954494
		ROLE = UIACheckBox
		TITLE = 
		SHAPE = Rect [x:887.0 y:738.0 w:26.0 h:26.0]
		CHILDREN = 0
		PATH = [0, 3, 2, 8]
	DESCRIPTION = Left Click at ''
	TEXT = Compound Action =
		Move mouse to (900.0, 751.0).
		Press Mouse Button BUTTON1
		Release Mouse Button BUTTON1

ExecutedAction [48]: 
 @Action ConcreteID = ACyp5s5n802081475442 AbstractID = AAyp5s5n802081475442
 ConcreteID CUSTOM = ConcreteID CUSTOM not available AbstractID CUSTOM = AA1i658il7c2273291897
 @State ConcreteID = SC1cfncls5902396683444 AbstractID = SR1gengr85543099260241
 ConcreteID CUSTOM = SC1pjmdxi58d2869933290 AbstractID CUSTOM = SA5m7i675829463492

	ROLE = LeftClickAt
	TARGET =
		WIDGET = WC4ha5vk273662987990, WR5quxi6b4097176690, WT5quxi6b4097176690, WP1lx6qia231542710904
		ROLE = UIATreeItem
		TITLE = 
		SHAPE = Rect [x:660.0 y:468.0 w:163.0 h:22.0]
		CHILDREN = 0
		PATH = [0, 3, 0, 0, 3, 1, 1, 2]
	DESCRIPTION = Left Click at ''
	TEXT = Compound Action =
		Move mouse to (741.5, 479.0).
		Press Mouse Button BUTTON1
		Release Mouse Button BUTTON1

ExecutedAction [49]: 
 @Action ConcreteID = AC19rvc0e813058353480 AbstractID = AA19rvc0e813058353480
 ConcreteID CUSTOM = ConcreteID CUSTOM not available AbstractID CUSTOM = AAa4dxdo7d560165797
 @State ConcreteID = SC1cfncls5902396683444 AbstractID = SR1gengr85543099260241
 ConcreteID CUSTOM = SC1pjmdxi58d2869933290 AbstractID CUSTOM = SA5m7i675829463492

	ROLE = LeftClickAt
	TARGET =
		WIDGET = WC1b8yprg1c1241856940, WR1p34e3y91942684430, WT1p34e3y91942684430, WPgzsjzu18725337081
		ROLE = UIASlider
		TITLE = 
		SHAPE = Rect [x:1175.0 y:741.0 w:85.0 h:26.0]
		CHILDREN = 0
		PATH = [0, 3, 2, 0, 1]
	DESCRIPTION = Left Click at ''
	TEXT = Compound Action =
		Move mouse to (1217.5, 754.0).
		Press Mouse Button BUTTON1
		Release Mouse Button BUTTON1

ExecutedAction [50]: 
 @Action ConcreteID = AC1tr8wp6804244440334 AbstractID = AA1tr8wp6804244440334
 ConcreteID CUSTOM = ConcreteID CUSTOM not available AbstractID CUSTOM = AAe74b307c127033349
 @State ConcreteID = SC1cfncls5902396683444 AbstractID = SR1gengr85543099260241
 ConcreteID CUSTOM = SC1pjmdxi58d2869933290 AbstractID CUSTOM = SA5m7i675829463492

	ROLE = LeftClickAt
	TARGET =
		WIDGET = WC88y66a291716750405, WR52qhb2b3065858412, WT1bx8awud3798236999, WP1hbvygk251158776316
		ROLE = UIAListItem
		TITLE = --
		SHAPE = Rect [x:847.0 y:418.0 w:116.0 h:143.0]
		CHILDREN = 0
		PATH = [0, 3, 0, 0, 3, 0, 0, 0]
	DESCRIPTION = Left Click at '--'
	TEXT = Compound Action =
		Move mouse to (905.0, 489.5).
		Press Mouse Button BUTTON1
		Release Mouse Button BUTTON1

ExecutedAction [51]: 
 @Action ConcreteID = ACyp5s5n802081475442 AbstractID = AAyp5s5n802081475442
 ConcreteID CUSTOM = ConcreteID CUSTOM not available AbstractID CUSTOM = AA1i658il7c2273291897
 @State ConcreteID = SC1cfncls5902396683444 AbstractID = SR1gengr85543099260241
 ConcreteID CUSTOM = SC1pjmdxi58d2869933290 AbstractID CUSTOM = SA5m7i675829463492

	ROLE = LeftClickAt
	TARGET =
		WIDGET = WC4ha5vk273662987990, WR5quxi6b4097176690, WT5quxi6b4097176690, WP1lx6qia231542710904
		ROLE = UIATreeItem
		TITLE = 
		SHAPE = Rect [x:660.0 y:468.0 w:163.0 h:22.0]
		CHILDREN = 0
		PATH = [0, 3, 0, 0, 3, 1, 1, 2]
	DESCRIPTION = Left Click at ''
	TEXT = Compound Action =
		Move mouse to (741.5, 479.0).
		Press Mouse Button BUTTON1
		Release Mouse Button BUTTON1

ExecutedAction [52]: 
 @Action ConcreteID = AC1g91lju802426695331 AbstractID = AA1g91lju802426695331
 ConcreteID CUSTOM = ConcreteID CUSTOM not available AbstractID CUSTOM = AAowzxo7c1808468904
 @State ConcreteID = SC1cfncls5902396683444 AbstractID = SR1gengr85543099260241
 ConcreteID CUSTOM = SC1pjmdxi58d2869933290 AbstractID CUSTOM = SA5m7i675829463492

	ROLE = LeftClickAt
	TARGET =
		WIDGET = WC1pm5r0o232668325901, WR17v7k2nb1067391859, WT1p8hf68161996799177, WP19ngj4m1f1149120030
		ROLE = UIAMenuItem
		TITLE = Video Alt+V
		SHAPE = Rect [x:823.0 y:370.0 w:47.0 h:20.0]
		CHILDREN = 0
		PATH = [0, 1, 3]
	DESCRIPTION = Left Click at 'Video Alt+V'
	TEXT = Compound Action =
		Move mouse to (846.5, 380.0).
		Press Mouse Button BUTTON1
		Release Mouse Button BUTTON1

ExecutedAction [53]: 
 @Action ConcreteID = AC1ng68nm813429849264 AbstractID = AA1ng68nm813429849264
 ConcreteID CUSTOM = ConcreteID CUSTOM not available AbstractID CUSTOM = AA1sqlqmp811514541236
 @State ConcreteID = SC1ykwo4m6bc2680808616 AbstractID = SR1bwh8x767f3284781396
 ConcreteID CUSTOM = SC16urqvn6bb2431060813 AbstractID CUSTOM = SA15a5uwy6ae2259942379

	ROLE = LeftClickAt
	TARGET =
		WIDGET = WCig1ffy22236015574, WR17v7k2nb1067391859, WT1e6tvxi153323975668, WP1lxqkho1e3332536470
		ROLE = UIAMenuItem
		TITLE = Help Alt+H
		SHAPE = Rect [x:1013.0 y:370.0 w:42.0 h:20.0]
		CHILDREN = 0
		PATH = [0, 1, 7]
	DESCRIPTION = Left Click at 'Help Alt+H'
	TEXT = Compound Action =
		Move mouse to (1034.0, 380.0).
		Press Mouse Button BUTTON1
		Release Mouse Button BUTTON1

ExecutedAction [54]: 
 @Action ConcreteID = AC1spr09i803444464636 AbstractID = AA1spr09i803444464636
 ConcreteID CUSTOM = ConcreteID CUSTOM not available AbstractID CUSTOM = AAd5menc7c908148471
 @State ConcreteID = SC1cfncls5902396683444 AbstractID = SR1gengr85543099260241
 ConcreteID CUSTOM = SC1pjmdxi58d2869933290 AbstractID CUSTOM = SA5m7i675829463492

	ROLE = LeftClickAt
	TARGET =
		WIDGET = WC1wr6twp233179607085, WR17v7k2nb1067391859, WTwtxn65161410781764, WPzq9smv1f824583798
		ROLE = UIAMenuItem
		TITLE = Tools Alt+s
		SHAPE = Rect [x:927.0 y:370.0 w:45.0 h:20.0]
		CHILDREN = 0
		PATH = [0, 1, 5]
	DESCRIPTION = Left Click at 'Tools Alt+s'
	TEXT = Compound Action =
		Move mouse to (949.5, 380.0).
		Press Mouse Button BUTTON1
		Release Mouse Button BUTTON1

ExecutedAction [55]: 
 @Action ConcreteID = AC1klmfrk801139757306 AbstractID = AA1klmfrk801139757306
 ConcreteID CUSTOM = ConcreteID CUSTOM not available AbstractID CUSTOM = AA1c0o91p804217527830
 @State ConcreteID = SC6y1y5o67f3561771604 AbstractID = SR1uzrs0b6431596099963
 ConcreteID CUSTOM = SCvfbs7667f1509155320 AbstractID CUSTOM = SAlabopg66f3792006894

	ROLE = LeftClickAt
	TARGET =
		WIDGET = WChm2paa301716700745, WR17v7k2nb1067391859, WTztzk72263824757588, WP8ybxx02c992007964
		ROLE = UIAMenuItem
		TITLE = Track Synchronization Alt+T
		SHAPE = Rect [x:930.0 y:415.0 w:258.0 h:22.0]
		CHILDREN = 0
		PATH = [1, 1]
	DESCRIPTION = Left Click at 'Track Synchronization Alt+T'
	TEXT = Compound Action =
		Move mouse to (1059.0, 426.0).
		Press Mouse Button BUTTON1
		Release Mouse Button BUTTON1

ExecutedAction [56]: 
 @Action ConcreteID = ACdlrxwk802383046421 AbstractID = AAdlrxwk802383046421
 ConcreteID CUSTOM = ConcreteID CUSTOM not available AbstractID CUSTOM = AArcg5g77e2372264895
 @State ConcreteID = SC1as68fq7a73222936735 AbstractID = SRk6z37v75f3138773841
 ConcreteID CUSTOM = SCwgaiu67b3951777729 AbstractID CUSTOM = SAxtznh778d983117610

	ROLE = LeftClickAt
	TARGET =
		WIDGET = WC1hmef4v231345851943, WR10fgh33101836453781, WT10fgh33101836453781, WPlenx7x1f2731290309
		ROLE = UIACustomControl
		TITLE = 
		SHAPE = Rect [x:660.0 y:394.0 w:307.0 h:22.0]
		CHILDREN = 1
		PATH = [0, 4, 0, 0, 0]
	DESCRIPTION = Left Click at ''
	TEXT = Compound Action =
		Move mouse to (813.5, 405.0).
		Press Mouse Button BUTTON1
		Release Mouse Button BUTTON1

ExecutedAction [57]: 
 @Action ConcreteID = ACc7uapq813724908043 AbstractID = AAc7uapq813724908043
 ConcreteID CUSTOM = ConcreteID CUSTOM not available AbstractID CUSTOM = AAc00grv7f3892687737
 @State ConcreteID = SC1as68fq7a73222936735 AbstractID = SRk6z37v75f3138773841
 ConcreteID CUSTOM = SCwgaiu67b3951777729 AbstractID CUSTOM = SAxtznh778d983117610

	ROLE = LeftClickAt
	TARGET =
		WIDGET = WC17fgmo6352381824518, WR52qhb2b3065858412, WT1ehdiko191428034656, WP12t21q0312631027102
		ROLE = UIAListItem
		TITLE = New folder (5)
		SHAPE = Rect [x:1079.0 y:561.0 w:116.0 h:143.0]
		CHILDREN = 0
		PATH = [0, 4, 0, 0, 3, 0, 0, 5]
	DESCRIPTION = Left Click at 'New folder (5)'
	TEXT = Compound Action =
		Move mouse to (1137.0, 632.5).
		Press Mouse Button BUTTON1
		Release Mouse Button BUTTON1

ExecutedAction [58]: 
 @Action ConcreteID = AC1axprv0802448462877 AbstractID = AA1axprv0802448462877
 ConcreteID CUSTOM = ConcreteID CUSTOM not available AbstractID CUSTOM = AA1oodzen7e2459898039
 @State ConcreteID = SC1as68fq7a73222936735 AbstractID = SRk6z37v75f3138773841
 ConcreteID CUSTOM = SCwgaiu67b3951777729 AbstractID CUSTOM = SAxtznh778d983117610

	ROLE = LeftClickAt
	TARGET =
		WIDGET = WCvt99vl242936538278, WR1e04pz3e358922214, WT1e04pz3e358922214, WPpdyh83201623961747
		ROLE = UIASplitButton
		TITLE = 
		SHAPE = Rect [x:660.0 y:416.0 w:180.0 h:289.0]
		CHILDREN = 3
		PATH = [0, 4, 0, 0, 3, 1]
	DESCRIPTION = Left Click at ''
	TEXT = Compound Action =
		Move mouse to (750.0, 560.5).
		Press Mouse Button BUTTON1
		Release Mouse Button BUTTON1

ExecutedAction [59]: 
 @Action ConcreteID = ACl1jrch7f2602642953 AbstractID = AAl1jrch7f2602642953
 ConcreteID CUSTOM = ConcreteID CUSTOM not available AbstractID CUSTOM = AA1czqpe37f3286039139
 @State ConcreteID = SCsc6fpp7a9324185042 AbstractID = SRk6z37v75f3138773841
 ConcreteID CUSTOM = SC1lbleoh7b22828486766 AbstractID CUSTOM = SAxtznh778d983117610

	ROLE = LeftClickAt
	TARGET =
		WIDGET = WC16v8zv0352006253049, WR52qhb2b3065858412, WT1ehdii319442466983, WP119ngji31189834367
		ROLE = UIAListItem
		TITLE = New folder (2)
		SHAPE = Rect [x:1079.0 y:418.0 w:116.0 h:143.0]
		CHILDREN = 0
		PATH = [0, 4, 0, 0, 3, 0, 0, 2]
	DESCRIPTION = Left Click at 'New folder (2)'
	TEXT = Compound Action =
		Move mouse to (1137.0, 489.5).
		Press Mouse Button BUTTON1
		Release Mouse Button BUTTON1

ExecutedAction [60]: 
 @Action ConcreteID = ACsenvlh7e2977929758 AbstractID = AAsenvlh7e2977929758
 ConcreteID CUSTOM = ConcreteID CUSTOM not available AbstractID CUSTOM = AAxw3gkb7e619176227
 @State ConcreteID = SCsc6fpp7a9324185042 AbstractID = SRk6z37v75f3138773841
 ConcreteID CUSTOM = SC1lbleoh7b22828486766 AbstractID CUSTOM = SAxtznh778d983117610

	ROLE = LeftClickAt
	TARGET =
		WIDGET = WC1wqzp4s271951527554, WR5quxi6b4097176690, WT5quxi6b4097176690, WP1f5s7se234126594604
		ROLE = UIATreeItem
		TITLE = 
		SHAPE = Rect [x:665.0 y:542.0 w:158.0 h:26.0]
		CHILDREN = 0
		PATH = [0, 4, 0, 0, 3, 1, 1, 5]
	DESCRIPTION = Left Click at ''
	TEXT = Compound Action =
		Move mouse to (744.0, 555.0).
		Press Mouse Button BUTTON1
		Release Mouse Button BUTTON1

ExecutedAction [61]: 
 @Action ConcreteID = AC1j2xkpd7f2969069331 AbstractID = AA1j2xkpd7f2969069331
 ConcreteID CUSTOM = ConcreteID CUSTOM not available AbstractID CUSTOM = AAc00grv7f3892687737
 @State ConcreteID = SCsc6fpp7a9324185042 AbstractID = SRk6z37v75f3138773841
 ConcreteID CUSTOM = SC1lbleoh7b22828486766 AbstractID CUSTOM = SAxtznh778d983117610

	ROLE = LeftClickAt
	TARGET =
		WIDGET = WC17fgmo6352381824518, WR52qhb2b3065858412, WT1ehdiko191428034656, WP12t21q0312631027102
		ROLE = UIAListItem
		TITLE = New folder (5)
		SHAPE = Rect [x:1079.0 y:561.0 w:116.0 h:143.0]
		CHILDREN = 0
		PATH = [0, 4, 0, 0, 3, 0, 0, 5]
	DESCRIPTION = Left Click at 'New folder (5)'
	TEXT = Compound Action =
		Move mouse to (1137.0, 632.5).
		Press Mouse Button BUTTON1
		Release Mouse Button BUTTON1

ExecutedAction [62]: 
 @Action ConcreteID = ACigcox7e3882114714 AbstractID = AAigcox7e3882114714
 ConcreteID CUSTOM = ConcreteID CUSTOM not available AbstractID CUSTOM = AA5zvxnr7e1929127335
 @State ConcreteID = SCsc6fpp7a9324185042 AbstractID = SRk6z37v75f3138773841
 ConcreteID CUSTOM = SC1lbleoh7b22828486766 AbstractID CUSTOM = SAxtznh778d983117610

	ROLE = LeftClickAt
	TARGET =
		WIDGET = WCksdzcq1d2531252402, WR10fgh33101836453781, WT10fgh33101836453781, WP33czns191586358005
		ROLE = UIACustomControl
		TITLE = 
		SHAPE = Rect [x:250.0 y:372.0 w:400.0 h:387.0]
		CHILDREN = 2
		PATH = [0, 0, 1]
	DESCRIPTION = Left Click at ''
	TEXT = Compound Action =
		Move mouse to (450.0, 565.5).
		Press Mouse Button BUTTON1
		Release Mouse Button BUTTON1

ExecutedAction [63]: 
 @Action ConcreteID = AC10bynzt11a4045998800 AbstractID = AA1iey1j0d34220599863
 ConcreteID CUSTOM = ConcreteID CUSTOM not available AbstractID CUSTOM = AA17h5afqd31769417573
 @State ConcreteID = SCsc6fpp7a9324185042 AbstractID = SRk6z37v75f3138773841
 ConcreteID CUSTOM = SC1lbleoh7b22828486766 AbstractID CUSTOM = SAxtznh778d983117610

	ROLE = ClickTypeInto
	TARGET =
		WIDGET = WC1mfgd2a143770092104, WR4n9zi27465102038, WT4n9zi27465102038, WPaoeltc101641124058
		ROLE = UIAText
		TITLE = 
		SHAPE = Rect [x:662.0 y:771.0 w:548.0 h:17.0]
		CHILDREN = 0
		PATH = [0, 3, 1]
	DESCRIPTION = Type '<script\x20type=...' into '
	TEXT = Compound Action =
		Compound Action =
		Move mouse to (936.0, 779.5).
		Press Mouse Button BUTTON1
		Release Mouse Button BUTTON1
		Press Key 17
		Press Key 65
		Release Key 65
		Release Key 17
		Type text '<script\x20type="text/javascript">javascript:alert(1);</script>'

ExecutedAction [64]: 
 @Action ConcreteID = AC9p9a8q7e732585549 AbstractID = AA9p9a8q7e732585549
 ConcreteID CUSTOM = ConcreteID CUSTOM not available AbstractID CUSTOM = AAf6ov7k7e3190957424
 @State ConcreteID = SCsc6fpp7a9324185042 AbstractID = SRk6z37v75f3138773841
 ConcreteID CUSTOM = SC1lbleoh7b22828486766 AbstractID CUSTOM = SAxtznh778d983117610

	ROLE = LeftClickAt
	TARGET =
		WIDGET = WCzh8ir72c3690954354, WR1k8fo0ra1109144095, WT1nm4611192860587041, WP16x9qdd282568739354
		ROLE = UIATabItem
		TITLE = Synchronization
		SHAPE = Rect [x:326.0 y:372.0 w:28.0 h:21.0]
		CHILDREN = 0
		PATH = [0, 0, 1, 1, 2]
	DESCRIPTION = Left Click at 'Synchronization'
	TEXT = Compound Action =
		Move mouse to (340.0, 382.5).
		Press Mouse Button BUTTON1
		Release Mouse Button BUTTON1

ExecutedAction [65]: 
 @Action ConcreteID = ACk95kpm7e2819789388 AbstractID = AAk95kpm7e2819789388
 ConcreteID CUSTOM = ConcreteID CUSTOM not available AbstractID CUSTOM = AApql5og7e1032513905
 @State ConcreteID = SCsc6fpp7a9324185042 AbstractID = SRk6z37v75f3138773841
 ConcreteID CUSTOM = SC1lbleoh7b22828486766 AbstractID CUSTOM = SAxtznh778d983117610

	ROLE = LeftClickAt
	TARGET =
		WIDGET = WC1pkjjch261915973052, WR1cs7rxoa2579320938, WT1cs7rxoa2579320938, WPsdf38j221094007087
		ROLE = UIASpinner
		TITLE = 
		SHAPE = Rect [x:452.0 y:613.0 w:85.0 h:20.0]
		CHILDREN = 0
		PATH = [0, 0, 1, 0, 0, 1, 1, 0]
	DESCRIPTION = Left Click at ''
	TEXT = Compound Action =
		Move mouse to (494.5, 623.0).
		Press Mouse Button BUTTON1
		Release Mouse Button BUTTON1

ExecutedAction [66]: 
 @Action ConcreteID = ACwy1o17e2505762803 AbstractID = AAwy1o17e2505762803
 ConcreteID CUSTOM = ConcreteID CUSTOM not available AbstractID CUSTOM = AA6edmmv7e12754126
 @State ConcreteID = SCsc6fpp7a9324185042 AbstractID = SRk6z37v75f3138773841
 ConcreteID CUSTOM = SC1lbleoh7b22828486766 AbstractID CUSTOM = SAxtznh778d983117610

	ROLE = LeftClickAt
	TARGET =
		WIDGET = WCzxkocd2a3149847004, WR1k8fo0ra1109144095, WT1q6qccd17734633670, WP1ysyxhn261539884999
		ROLE = UIATabItem
		TITLE = Audio Effects
		SHAPE = Rect [x:250.0 y:372.0 w:35.0 h:21.0]
		CHILDREN = 0
		PATH = [0, 0, 1, 1, 0]
	DESCRIPTION = Left Click at 'Audio Effects'
	TEXT = Compound Action =
		Move mouse to (267.5, 382.5).
		Press Mouse Button BUTTON1
		Release Mouse Button BUTTON1

ExecutedAction [67]: 
 @Action ConcreteID = AC1qiaf5b12c2834008475 AbstractID = AAxkd7o1d5113624107
 ConcreteID CUSTOM = ConcreteID CUSTOM not available AbstractID CUSTOM = AAelp7yed3315071016
 @State ConcreteID = SC1uj6sjx7e33860411189 AbstractID = SR1k95e847a34033784245
 ConcreteID CUSTOM = SC5u4u4w7ed3519468933 AbstractID CUSTOM = SApb98w7cd4114393339

	ROLE = ClickTypeInto
	TARGET =
		WIDGET = WC1mfgd2a143770092104, WR4n9zi27465102038, WT4n9zi27465102038, WPaoeltc101641124058
		ROLE = UIAText
		TITLE = 
		SHAPE = Rect [x:662.0 y:771.0 w:548.0 h:17.0]
		CHILDREN = 0
		PATH = [0, 3, 1]
	DESCRIPTION = Type '<a href="\xE2\x8...' into '
	TEXT = Compound Action =
		Compound Action =
		Move mouse to (936.0, 779.5).
		Press Mouse Button BUTTON1
		Release Mouse Button BUTTON1
		Press Key 17
		Press Key 65
		Release Key 65
		Release Key 17
		Type text '<a href="\xE2\x80\xA9javascript:javascript:alert(1)" id="fuzzelement1">test</a>'

ExecutedAction [68]: 
 @Action ConcreteID = AC45advg803299198508 AbstractID = AA45advg803299198508
 ConcreteID CUSTOM = ConcreteID CUSTOM not available AbstractID CUSTOM = AAnyts137e2993169885
 @State ConcreteID = SC1uj6sjx7e33860411189 AbstractID = SR1k95e847a34033784245
 ConcreteID CUSTOM = SC5u4u4w7ed3519468933 AbstractID CUSTOM = SApb98w7cd4114393339

	ROLE = LeftClickAt
	TARGET =
		WIDGET = WC1hmef4v231345851943, WR10fgh33101836453781, WT10fgh33101836453781, WPlenx7x1f2731290309
		ROLE = UIACustomControl
		TITLE = 
		SHAPE = Rect [x:660.0 y:394.0 w:307.0 h:22.0]
		CHILDREN = 1
		PATH = [0, 4, 0, 0, 0]
	DESCRIPTION = Left Click at ''
	TEXT = Compound Action =
		Move mouse to (813.5, 405.0).
		Press Mouse Button BUTTON1
		Release Mouse Button BUTTON1

ExecutedAction [69]: 
 @Action ConcreteID = AC8yonq5803591637724 AbstractID = AA8yonq5803591637724
 ConcreteID CUSTOM = ConcreteID CUSTOM not available AbstractID CUSTOM = AAss81vs7e2698635565
 @State ConcreteID = SC1uj6sjx7e33860411189 AbstractID = SR1k95e847a34033784245
 ConcreteID CUSTOM = SC5u4u4w7ed3519468933 AbstractID CUSTOM = SApb98w7cd4114393339

	ROLE = LeftClickAt
	TARGET =
		WIDGET = WC17m769w353799758045, WR52qhb2b3065858412, WT1ehdilj192117289891, WP13biws6311168701349
		ROLE = UIAListItem
		TITLE = New folder (6)
		SHAPE = Rect [x:847.0 y:703.0 w:116.0 h:143.0]
		CHILDREN = 0
		PATH = [0, 4, 0, 0, 3, 0, 0, 6]
	DESCRIPTION = Left Click at 'New folder (6)'
	TEXT = Compound Action =
		Move mouse to (905.0, 774.5).
		Press Mouse Button BUTTON1
		Release Mouse Button BUTTON1

ExecutedAction [70]: 
 @Action ConcreteID = ACgqechp80553170747 AbstractID = AAgqechp80553170747
 ConcreteID CUSTOM = ConcreteID CUSTOM not available AbstractID CUSTOM = AA10jxqnc7e1446335690
 @State ConcreteID = SC1uj6sjx7e33860411189 AbstractID = SR1k95e847a34033784245
 ConcreteID CUSTOM = SC5u4u4w7ed3519468933 AbstractID CUSTOM = SApb98w7cd4114393339

	ROLE = LeftClickAt
	TARGET =
		WIDGET = WC1wqzp1c27272447366, WR5quxi6b4097176690, WT5quxi6b4097176690, WP1f5s7oy232442793768
		ROLE = UIATreeItem
		TITLE = 
		SHAPE = Rect [x:660.0 y:442.0 w:163.0 h:26.0]
		CHILDREN = 0
		PATH = [0, 4, 0, 0, 3, 1, 1, 1]
	DESCRIPTION = Left Click at ''
	TEXT = Compound Action =
		Move mouse to (741.5, 455.0).
		Press Mouse Button BUTTON1
		Release Mouse Button BUTTON1

ExecutedAction [71]: 
 @Action ConcreteID = ACsdjh9n7e418817976 AbstractID = AAsdjh9n7e418817976
 ConcreteID CUSTOM = ConcreteID CUSTOM not available AbstractID CUSTOM = AA1y7mp04802745362383
 @State ConcreteID = SCo7sway726690786898 AbstractID = SRm36ic56f82291879925
 ConcreteID CUSTOM = SC1v044rk7361656009382 AbstractID CUSTOM = SA1mzxcb571b1773797082

	ROLE = LeftClickAt
	TARGET =
		WIDGET = WCvt99vl242936538278, WR1e04pz3e358922214, WT1e04pz3e358922214, WPpdyh83201623961747
		ROLE = UIASplitButton
		TITLE = 
		SHAPE = Rect [x:660.0 y:416.0 w:180.0 h:289.0]
		CHILDREN = 3
		PATH = [0, 4, 0, 0, 3, 1]
	DESCRIPTION = Left Click at ''
	TEXT = Compound Action =
		Move mouse to (750.0, 560.5).
		Press Mouse Button BUTTON1
		Release Mouse Button BUTTON1

ExecutedAction [72]: 
 @Action ConcreteID = AC1i8bx18801224915293 AbstractID = AA1i8bx18801224915293
 ConcreteID CUSTOM = ConcreteID CUSTOM not available AbstractID CUSTOM = AA30r97r7e1070553772
 @State ConcreteID = SC1uj6sjx7e33860411189 AbstractID = SR1k95e847a34033784245
 ConcreteID CUSTOM = SC5u4u4w7ed3519468933 AbstractID CUSTOM = SApb98w7cd4114393339

	ROLE = LeftClickAt
	TARGET =
		WIDGET = WCzxkocd2a3149847004, WR1k8fo0ra1109144095, WT1q6qccd17734633670, WP1ysyxhn261539884999
		ROLE = UIATabItem
		TITLE = Audio Effects
		SHAPE = Rect [x:250.0 y:372.0 w:35.0 h:21.0]
		CHILDREN = 0
		PATH = [0, 0, 1, 1, 0]
	DESCRIPTION = Left Click at 'Audio Effects'
	TEXT = Compound Action =
		Move mouse to (267.5, 382.5).
		Press Mouse Button BUTTON1
		Release Mouse Button BUTTON1

ExecutedAction [73]: 
 @Action ConcreteID = ACgqechp80553170747 AbstractID = AAgqechp80553170747
 ConcreteID CUSTOM = ConcreteID CUSTOM not available AbstractID CUSTOM = AA10jxqnc7e1446335690
 @State ConcreteID = SC1uj6sjx7e33860411189 AbstractID = SR1k95e847a34033784245
 ConcreteID CUSTOM = SC5u4u4w7ed3519468933 AbstractID CUSTOM = SApb98w7cd4114393339

	ROLE = LeftClickAt
	TARGET =
		WIDGET = WC1wqzp1c27272447366, WR5quxi6b4097176690, WT5quxi6b4097176690, WP1f5s7oy232442793768
		ROLE = UIATreeItem
		TITLE = 
		SHAPE = Rect [x:660.0 y:442.0 w:163.0 h:26.0]
		CHILDREN = 0
		PATH = [0, 4, 0, 0, 3, 1, 1, 1]
	DESCRIPTION = Left Click at ''
	TEXT = Compound Action =
		Move mouse to (741.5, 455.0).
		Press Mouse Button BUTTON1
		Release Mouse Button BUTTON1

ExecutedAction [74]: 
 @Action ConcreteID = ACehwy6f7e3608468280 AbstractID = AAehwy6f7e3608468280
 ConcreteID CUSTOM = ConcreteID CUSTOM not available AbstractID CUSTOM = AA1kc05ww801816173391
 @State ConcreteID = SCo7sway726690786898 AbstractID = SRm36ic56f82291879925
 ConcreteID CUSTOM = SC1v044rk7361656009382 AbstractID CUSTOM = SA1mzxcb571b1773797082

	ROLE = LeftClickAt
	TARGET =
		WIDGET = WC1wqzp5n271602003265, WR5quxi6b4097176690, WT5quxi6b4097176690, WP1f5s7t9233738928623
		ROLE = UIATreeItem
		TITLE = 
		SHAPE = Rect [x:660.0 y:568.0 w:163.0 h:22.0]
		CHILDREN = 0
		PATH = [0, 4, 0, 0, 3, 1, 1, 6]
	DESCRIPTION = Left Click at ''
	TEXT = Compound Action =
		Move mouse to (741.5, 579.0).
		Press Mouse Button BUTTON1
		Release Mouse Button BUTTON1

ExecutedAction [75]: 
 @Action ConcreteID = ACbewrwn7e3799610318 AbstractID = AAbewrwn7e3799610318
 ConcreteID CUSTOM = ConcreteID CUSTOM not available AbstractID CUSTOM = AA1h8zzn4801496134585
 @State ConcreteID = SCo7sway726690786898 AbstractID = SRm36ic56f82291879925
 ConcreteID CUSTOM = SC1v044rk7361656009382 AbstractID CUSTOM = SA1mzxcb571b1773797082

	ROLE = LeftClickAt
	TARGET =
		WIDGET = WCf9xelb191490602835, WR1h6ibpb92248851252, WT1h6ibpb92248851252, WP1uf3hu9154012094303
		ROLE = UIAButton
		TITLE = 
		SHAPE = Rect [x:707.0 y:738.0 w:26.0 h:26.0]
		CHILDREN = 0
		PATH = [0, 4, 2, 2]
	DESCRIPTION = Left Click at ''
	TEXT = Compound Action =
		Move mouse to (720.0, 751.0).
		Press Mouse Button BUTTON1
		Release Mouse Button BUTTON1

ExecutedAction [76]: 
 @Action ConcreteID = ACuotv3f7e2307659996 AbstractID = AAuotv3f7e2307659996
 ConcreteID CUSTOM = ConcreteID CUSTOM not available AbstractID CUSTOM = AA1ht0us80853039275
 @State ConcreteID = SCo7sway726690786898 AbstractID = SRm36ic56f82291879925
 ConcreteID CUSTOM = SC1v044rk7361656009382 AbstractID CUSTOM = SA1mzxcb571b1773797082

	ROLE = LeftClickAt
	TARGET =
		WIDGET = WC1wqzp0h27153487047, WR5quxi6b4097176690, WT5quxi6b4097176690, WP1f5s7o3232290164329
		ROLE = UIATreeItem
		TITLE = 
		SHAPE = Rect [x:660.0 y:416.0 w:163.0 h:26.0]
		CHILDREN = 0
		PATH = [0, 4, 0, 0, 3, 1, 1, 0]
	DESCRIPTION = Left Click at ''
	TEXT = Compound Action =
		Move mouse to (741.5, 429.0).
		Press Mouse Button BUTTON1
		Release Mouse Button BUTTON1

ExecutedAction [77]: 
 @Action ConcreteID = ACzuuzkt7f1889981207 AbstractID = AAzuuzkt7f1889981207
 ConcreteID CUSTOM = ConcreteID CUSTOM not available AbstractID CUSTOM = AAyreh9r803970615721
 @State ConcreteID = SCqh8ocj7262425655219 AbstractID = SRm36ic56f82291879925
 ConcreteID CUSTOM = SCrg22po7373937613972 AbstractID CUSTOM = SA1mzxcb571b1773797082

	ROLE = LeftClickAt
	TARGET =
		WIDGET = WC1wqzp2727990929989, WR5quxi6b4097176690, WT5quxi6b4097176690, WP1f5s7pt233132571883
		ROLE = UIATreeItem
		TITLE = 
		SHAPE = Rect [x:660.0 y:468.0 w:163.0 h:22.0]
		CHILDREN = 0
		PATH = [0, 4, 0, 0, 3, 1, 1, 2]
	DESCRIPTION = Left Click at ''
	TEXT = Compound Action =
		Move mouse to (741.5, 479.0).
		Press Mouse Button BUTTON1
		Release Mouse Button BUTTON1

ExecutedAction [78]: 
 @Action ConcreteID = AC88r9ee7f3956331681 AbstractID = AA88r9ee7f3956331681
 ConcreteID CUSTOM = ConcreteID CUSTOM not available AbstractID CUSTOM = AA75ar3c802010959391
 @State ConcreteID = SCqh8ocj7262425655219 AbstractID = SRm36ic56f82291879925
 ConcreteID CUSTOM = SCrg22po7373937613972 AbstractID CUSTOM = SA1mzxcb571b1773797082

	ROLE = LeftClickAt
	TARGET =
		WIDGET = WCdab7l51b677896819, WR88rmk0b1934231702, WT88rmk0b1934231702, WP1r2r89n172893130342
		ROLE = UIACheckBox
		TITLE = 
		SHAPE = Rect [x:913.0 y:738.0 w:26.0 h:26.0]
		CHILDREN = 0
		PATH = [0, 4, 2, 9]
	DESCRIPTION = Left Click at ''
	TEXT = Compound Action =
		Move mouse to (926.0, 751.0).
		Press Mouse Button BUTTON1
		Release Mouse Button BUTTON1

ExecutedAction [79]: 
 @Action ConcreteID = AC18z5h2n7f1439852969 AbstractID = AA18z5h2n7f1439852969
 ConcreteID CUSTOM = ConcreteID CUSTOM not available AbstractID CUSTOM = AA17voyrl803386798871
 @State ConcreteID = SCqh8ocj7262425655219 AbstractID = SRm36ic56f82291879925
 ConcreteID CUSTOM = SCrg22po7373937613972 AbstractID CUSTOM = SA1mzxcb571b1773797082

	ROLE = LeftClickAt
	TARGET =
		WIDGET = WC1ulvvvz26808321606, WR17v7k2nb1067391859, WTpcm71l192027518401, WPtljekd224265867538
		ROLE = UIAMenuItem
		TITLE = Subtitle Alt+t
		SHAPE = Rect [x:870.0 y:370.0 w:57.0 h:20.0]
		CHILDREN = 0
		PATH = [0, 2, 4]
	DESCRIPTION = Left Click at 'Subtitle Alt+t'
	TEXT = Compound Action =
		Move mouse to (898.5, 380.0).
		Press Mouse Button BUTTON1
		Release Mouse Button BUTTON1

ExecutedAction [80]: 
 @Action ConcreteID = AC1t5wxg3801432657183 AbstractID = AA1t5wxg3801432657183
 ConcreteID CUSTOM = ConcreteID CUSTOM not available AbstractID CUSTOM = AAgz1sgn7f2531130650
 @State ConcreteID = SC1flkeqa7621911446246 AbstractID = SR10wuc907333526412538
 ConcreteID CUSTOM = SC188cx1o7731080600249 AbstractID CUSTOM = SA5ntvvr7561277979168

	ROLE = LeftClickAt
	TARGET =
		WIDGET = WCx2xd4b312174155616, WR1k8fo0ra1109144095, WT1xn65vr151465452121, WP1kvj3bx2d3413647731
		ROLE = UIATabItem
		TITLE = Spatializer
		SHAPE = Rect [x:328.0 y:403.0 w:28.0 h:21.0]
		CHILDREN = 0
		PATH = [0, 0, 1, 0, 0, 0, 1, 2]
	DESCRIPTION = Left Click at 'Spatializer'
	TEXT = Compound Action =
		Move mouse to (342.0, 413.5).
		Press Mouse Button BUTTON1
		Release Mouse Button BUTTON1

ExecutedAction [81]: 
 @Action ConcreteID = ACf789r67f1734886687 AbstractID = AAf789r67f1734886687
 ConcreteID CUSTOM = ConcreteID CUSTOM not available AbstractID CUSTOM = AAtnnmfr7f1472549112
 @State ConcreteID = SCq3y2sc7113035057323 AbstractID = SR1l9chft6e83850211079
 ConcreteID CUSTOM = SCpxg6le7241372588458 AbstractID CUSTOM = SAtwd6o47053267102067

	ROLE = LeftClickAt
	TARGET =
		WIDGET = WC1a0mg5t272283965196, WR1h6ibpb92248851252, WTdvnelt111718843361, WPsbnl4z23879438148
		ROLE = UIAButton
		TITLE = Playlist
		SHAPE = Rect [x:660.0 y:394.0 w:10.0 h:22.0]
		CHILDREN = 0
		PATH = [0, 4, 0, 0, 0, 0]
	DESCRIPTION = Left Click at 'Playlist'
	TEXT = Compound Action =
		Move mouse to (665.0, 405.0).
		Press Mouse Button BUTTON1
		Release Mouse Button BUTTON1

ExecutedAction [82]: 
 @Action ConcreteID = AC1guxghk7f1347037439 AbstractID = AA1guxghk7f1347037439
 ConcreteID CUSTOM = ConcreteID CUSTOM not available AbstractID CUSTOM = AA1vbct657f1625767192
 @State ConcreteID = SCq3y2sc7113035057323 AbstractID = SR1l9chft6e83850211079
 ConcreteID CUSTOM = SCpxg6le7241372588458 AbstractID CUSTOM = SAtwd6o47053267102067

	ROLE = LeftClickAt
	TARGET =
		WIDGET = WCf9xem6191103362578, WR1h6ibpb92248851252, WT1h6ibpb92248851252, WP1uf3hv4154130898462
		ROLE = UIAButton
		TITLE = 
		SHAPE = Rect [x:733.0 y:738.0 w:26.0 h:26.0]
		CHILDREN = 0
		PATH = [0, 4, 2, 3]
	DESCRIPTION = Left Click at ''
	TEXT = Compound Action =
		Move mouse to (746.0, 751.0).
		Press Mouse Button BUTTON1
		Release Mouse Button BUTTON1

ExecutedAction [83]: 
 @Action ConcreteID = AC1q5va007f401057537 AbstractID = AA1q5va007f401057537
 ConcreteID CUSTOM = ConcreteID CUSTOM not available AbstractID CUSTOM = AA5l6kph7f659206886
 @State ConcreteID = SCq3y2sc7113035057323 AbstractID = SR1l9chft6e83850211079
 ConcreteID CUSTOM = SCpxg6le7241372588458 AbstractID CUSTOM = SAtwd6o47053267102067

	ROLE = LeftClickAt
	TARGET =
		WIDGET = WCvt99vl242936538278, WR1e04pz3e358922214, WT1e04pz3e358922214, WPpdyh83201623961747
		ROLE = UIASplitButton
		TITLE = 
		SHAPE = Rect [x:660.0 y:416.0 w:180.0 h:289.0]
		CHILDREN = 3
		PATH = [0, 4, 0, 0, 3, 1]
	DESCRIPTION = Left Click at ''
	TEXT = Compound Action =
		Move mouse to (750.0, 560.5).
		Press Mouse Button BUTTON1
		Release Mouse Button BUTTON1

ExecutedAction [84]: 
 @Action ConcreteID = ACmn6mvu7e2438057785 AbstractID = AAmn6mvu7e2438057785
 ConcreteID CUSTOM = ConcreteID CUSTOM not available AbstractID CUSTOM = AA1136tpg803305053701
 @State ConcreteID = SCbujvww7ce491622063 AbstractID = SR19hbayg7933792904433
 ConcreteID CUSTOM = SC18z6c2m7da2028405215 AbstractID CUSTOM = SA1wrwjer7b72205133809

	ROLE = LeftClickAt
	TARGET =
		WIDGET = WC1kvrl7a241388749283, WR1h6ibpb92248851252, WTfj8swh143379978768, WP12mswso201927676573
		ROLE = UIAButton
		TITLE = Close Enter
		SHAPE = Rect [x:494.0 y:762.0 w:75.0 h:23.0]
		CHILDREN = 0
		PATH = [0, 0, 2, 1]
	DESCRIPTION = Left Click at 'Close Enter'
	TEXT = Compound Action =
		Move mouse to (531.5, 773.5).
		Press Mouse Button BUTTON1
		Release Mouse Button BUTTON1

ExecutedAction [85]: 
 @Action ConcreteID = ACuheqmz7f1927496002 AbstractID = AAuheqmz7f1927496002
 ConcreteID CUSTOM = ConcreteID CUSTOM not available AbstractID CUSTOM = AA1vig9ln7c1728798663
 @State ConcreteID = SCwbzd8d5913344585522 AbstractID = SR1gengr85543099260241
 ConcreteID CUSTOM = SCq7jexv58e3284432098 AbstractID CUSTOM = SA5m7i675829463492

	ROLE = LeftClickAt
	TARGET =
		WIDGET = WC1lhezhd192033226121, WR1h6ibpb92248851252, WT1h6ibpb92248851252, WP11lh0r7153469470085
		ROLE = UIAButton
		TITLE = 
		SHAPE = Rect [x:663.0 y:735.0 w:32.0 h:32.0]
		CHILDREN = 0
		PATH = [0, 3, 2, 1]
	DESCRIPTION = Left Click at ''
	TEXT = Compound Action =
		Move mouse to (679.0, 751.0).
		Press Mouse Button BUTTON1
		Release Mouse Button BUTTON1

ExecutedAction [86]: 
 @Action ConcreteID = AC1glbxaa7f3718225562 AbstractID = AA1glbxaa7f3718225562
 ConcreteID CUSTOM = ConcreteID CUSTOM not available AbstractID CUSTOM = AAil9e9u7c3363274783
 @State ConcreteID = SCwbzd8d5913344585522 AbstractID = SR1gengr85543099260241
 ConcreteID CUSTOM = SCq7jexv58e3284432098 AbstractID CUSTOM = SA5m7i675829463492

	ROLE = LeftClickAt
	TARGET =
		WIDGET = WC14695eq243401952870, WR1e04pz3e358922214, WT1e04pz3e358922214, WPxqycr82084286035
		ROLE = UIASplitButton
		TITLE = 
		SHAPE = Rect [x:660.0 y:416.0 w:180.0 h:289.0]
		CHILDREN = 3
		PATH = [0, 3, 0, 0, 3, 1]
	DESCRIPTION = Left Click at ''
	TEXT = Compound Action =
		Move mouse to (750.0, 560.5).
		Press Mouse Button BUTTON1
		Release Mouse Button BUTTON1

ExecutedAction [87]: 
 @Action ConcreteID = AC1dv8acp7f2113833492 AbstractID = AA1dv8acp7f2113833492
 ConcreteID CUSTOM = ConcreteID CUSTOM not available AbstractID CUSTOM = AAfv5rc97c1746310289
 @State ConcreteID = SCwbzd8d5913344585522 AbstractID = SR1gengr85543099260241
 ConcreteID CUSTOM = SCq7jexv58e3284432098 AbstractID CUSTOM = SA5m7i675829463492

	ROLE = LeftClickAt
	TARGET =
		WIDGET = WC16jbmgw1a1935031698, WR10fgh33101836453781, WT10fgh33101836453781, WP1guga9e162215790620
		ROLE = UIACustomControl
		TITLE = 
		SHAPE = Rect [x:660.0 y:391.0 w:600.0 h:377.0]
		CHILDREN = 3
		PATH = [0, 3]
	DESCRIPTION = Left Click at ''
	TEXT = Compound Action =
		Move mouse to (960.0, 579.5).
		Press Mouse Button BUTTON1
		Release Mouse Button BUTTON1

ExecutedAction [88]: 
 @Action ConcreteID = AC12ppe727f310239770 AbstractID = AA12ppe727f310239770
 ConcreteID CUSTOM = ConcreteID CUSTOM not available AbstractID CUSTOM = AA4pmv6m7c127270047
 @State ConcreteID = SCwbzd8d5913344585522 AbstractID = SR1gengr85543099260241
 ConcreteID CUSTOM = SCq7jexv58e3284432098 AbstractID CUSTOM = SA5m7i675829463492

	ROLE = LeftClickAt
	TARGET =
		WIDGET = WC4ha5z0273191343058, WR5quxi6b4097176690, WT5quxi6b4097176690, WP1lx6qlq231067393916
		ROLE = UIATreeItem
		TITLE = 
		SHAPE = Rect [x:660.0 y:568.0 w:163.0 h:22.0]
		CHILDREN = 0
		PATH = [0, 3, 0, 0, 3, 1, 1, 6]
	DESCRIPTION = Left Click at ''
	TEXT = Compound Action =
		Move mouse to (741.5, 579.0).
		Press Mouse Button BUTTON1
		Release Mouse Button BUTTON1

ExecutedAction [89]: 
 @Action ConcreteID = AC8w0cg5801526195225 AbstractID = AA8w0cg5801526195225
 ConcreteID CUSTOM = ConcreteID CUSTOM not available AbstractID CUSTOM = AAkaisp17d3341843368
 @State ConcreteID = SCwbzd8d5913344585522 AbstractID = SR1gengr85543099260241
 ConcreteID CUSTOM = SCq7jexv58e3284432098 AbstractID CUSTOM = SA5m7i675829463492

	ROLE = LeftClickAt
	TARGET =
		WIDGET = WC1if1cw3262441743321, WR10fgh33101836453781, WT10fgh33101836453781, WP137bfud224073668639
		ROLE = UIACustomControl
		TITLE = 
		SHAPE = Rect [x:845.0 y:416.0 w:415.0 h:289.0]
		CHILDREN = 1
		PATH = [0, 3, 0, 0, 3, 0]
	DESCRIPTION = Left Click at ''
	TEXT = Compound Action =
		Move mouse to (1052.5, 560.5).
		Press Mouse Button BUTTON1
		Release Mouse Button BUTTON1

ExecutedAction [90]: 
 @Action ConcreteID = ACq9e71r7f3085109826 AbstractID = AAq9e71r7f3085109826
 ConcreteID CUSTOM = ConcreteID CUSTOM not available AbstractID CUSTOM = AA1rafq0f7c2718635207
 @State ConcreteID = SCwbzd8d5913344585522 AbstractID = SR1gengr85543099260241
 ConcreteID CUSTOM = SCq7jexv58e3284432098 AbstractID CUSTOM = SA5m7i675829463492

	ROLE = LeftClickAt
	TARGET =
		WIDGET = WC1ulc3am262005825686, WR17v7k2nb1067391859, WTpcm71l192027518401, WPtkzlz0223118695362
		ROLE = UIAMenuItem
		TITLE = Subtitle Alt+t
		SHAPE = Rect [x:870.0 y:370.0 w:57.0 h:20.0]
		CHILDREN = 0
		PATH = [0, 1, 4]
	DESCRIPTION = Left Click at 'Subtitle Alt+t'
	TEXT = Compound Action =
		Move mouse to (898.5, 380.0).
		Press Mouse Button BUTTON1
		Release Mouse Button BUTTON1

ExecutedAction [91]: 
 @Action ConcreteID = ACcj608w1093156547682 AbstractID = AA1bjbpwbd53902187276
 ConcreteID CUSTOM = ConcreteID CUSTOM not available AbstractID CUSTOM = AAx6eg58d61332689156
 @State ConcreteID = SC1pl54j05cd348381865 AbstractID = SR1pywtq358f954976232
 ConcreteID CUSTOM = SC1414jrd5ca704411728 AbstractID CUSTOM = SA1iuxf555bd1113604173

	ROLE = ClickTypeInto
	TARGET =
		WIDGET = WC1j2y1j81a1645365061, WR4n0dlj72701565195, WT4n0dlj72701565195, WP1lf6g42163047346291
		ROLE = UIAEdit
		TITLE = 
		SHAPE = Rect [x:1010.0 y:395.0 w:250.0 h:20.0]
		CHILDREN = 0
		PATH = [0, 3, 0, 0, 2]
	DESCRIPTION = Type '"`'><script>\x0B...' into '
	TEXT = Compound Action =
		Compound Action =
		Move mouse to (1135.0, 405.0).
		Press Mouse Button BUTTON1
		Release Mouse Button BUTTON1
		Press Key 17
		Press Key 65
		Release Key 65
		Release Key 17
		Type text '"`'><script>\x0Bjavascript:alert(1)</script>'

ExecutedAction [92]: 
 @Action ConcreteID = AC102kow17e717488103 AbstractID = AA102kow17e717488103
 ConcreteID CUSTOM = ConcreteID CUSTOM not available AbstractID CUSTOM = AA1yqn93l801827450157
 @State ConcreteID = SCf9rbuz4ee645570322 AbstractID = SRxzttcq4bd2189239838
 ConcreteID CUSTOM = SC1kzftty4ee2170556484 AbstractID CUSTOM = SA1nlpkpn4e41127881245

	ROLE = LeftClickAt
	TARGET =
		WIDGET = WCku1d5o1d4199739809, WR10fgh33101836453781, WT10fgh33101836453781, WP350dgq19838914022
		ROLE = UIACustomControl
		TITLE = 
		SHAPE = Rect [x:660.0 y:734.0 w:600.0 h:34.0]
		CHILDREN = 10
		PATH = [0, 3, 2]
	DESCRIPTION = Left Click at ''
	TEXT = Compound Action =
		Move mouse to (960.0, 751.0).
		Press Mouse Button BUTTON1
		Release Mouse Button BUTTON1

ExecutedAction [93]: 
 @Action ConcreteID = AC193wvy7e3294910989 AbstractID = AA193wvy7e3294910989
 ConcreteID CUSTOM = ConcreteID CUSTOM not available AbstractID CUSTOM = AAzx6h3i802185955527
 @State ConcreteID = SCf9rbuz4ee645570322 AbstractID = SRxzttcq4bd2189239838
 ConcreteID CUSTOM = SC1kzftty4ee2170556484 AbstractID CUSTOM = SA1nlpkpn4e41127881245

	ROLE = LeftClickAt
	TARGET =
		WIDGET = WC1fe1dfv2a434615749, WR1h6ibpb92248851252, WT1igj3ey14183154147, WPlypb9926133097327
		ROLE = UIAButton
		TITLE = My Pictures
		SHAPE = Rect [x:660.0 y:394.0 w:15.0 h:22.0]
		CHILDREN = 0
		PATH = [0, 3, 0, 0, 0, 0]
	DESCRIPTION = Left Click at 'My Pictures'
	TEXT = Compound Action =
		Move mouse to (667.5, 405.0).
		Press Mouse Button BUTTON1
		Release Mouse Button BUTTON1

ExecutedAction [94]: 
 @Action ConcreteID = ACl9wmk17e3393100799 AbstractID = AAl9wmk17e3393100799
 ConcreteID CUSTOM = ConcreteID CUSTOM not available AbstractID CUSTOM = AA1jxz6rl802349975861
 @State ConcreteID = SCf9rbuz4ee645570322 AbstractID = SRxzttcq4bd2189239838
 ConcreteID CUSTOM = SC1kzftty4ee2170556484 AbstractID CUSTOM = SA1nlpkpn4e41127881245

	ROLE = LeftClickAt
	TARGET =
		WIDGET = WCo9m3kz234253084318, WR17v7k2nb1067391859, WT1faw5jq16422026351, WPzr9m5t1f4278635332
		ROLE = UIAMenuItem
		TITLE = Audio Alt+A
		SHAPE = Rect [x:774.0 y:370.0 w:49.0 h:20.0]
		CHILDREN = 0
		PATH = [0, 1, 2]
	DESCRIPTION = Left Click at 'Audio Alt+A'
	TEXT = Compound Action =
		Move mouse to (798.5, 380.0).
		Press Mouse Button BUTTON1
		Release Mouse Button BUTTON1

ExecutedAction [95]: 
 @Action ConcreteID = AC1t9jv3f7f598005781 AbstractID = AA1t9jv3f7f598005781
 ConcreteID CUSTOM = ConcreteID CUSTOM not available AbstractID CUSTOM = AAa7f35n803923174676
 @State ConcreteID = SC9fqum65b42525745344 AbstractID = SRatmo19584278654776
 ConcreteID CUSTOM = SCfjigzw5b23056721643 AbstractID CUSTOM = SA12dyjkn5ab2310230176

	ROLE = LeftClickAt
	TARGET =
		WIDGET = WC1pm5r0o232668325901, WR17v7k2nb1067391859, WT1p8hf68161996799177, WP19ngj4m1f1149120030
		ROLE = UIAMenuItem
		TITLE = Video Alt+V
		SHAPE = Rect [x:823.0 y:370.0 w:47.0 h:20.0]
		CHILDREN = 0
		PATH = [0, 1, 3]
	DESCRIPTION = Left Click at 'Video Alt+V'
	TEXT = Compound Action =
		Move mouse to (846.5, 380.0).
		Press Mouse Button BUTTON1
		Release Mouse Button BUTTON1

ExecutedAction [96]: 
 @Action ConcreteID = AC1kyzzgf7e2598750138 AbstractID = AA1kyzzgf7e2598750138
 ConcreteID CUSTOM = ConcreteID CUSTOM not available AbstractID CUSTOM = AAklyhov803704264048
 @State ConcreteID = SCf9rbuz4ee645570322 AbstractID = SRxzttcq4bd2189239838
 ConcreteID CUSTOM = SC1kzftty4ee2170556484 AbstractID CUSTOM = SA1nlpkpn4e41127881245

	ROLE = LeftClickAt
	TARGET =
		WIDGET = WC4ha5y5272501202961, WR5quxi6b4097176690, WT5quxi6b4097176690, WP1lx6qkv23347238591
		ROLE = UIATreeItem
		TITLE = 
		SHAPE = Rect [x:665.0 y:542.0 w:158.0 h:26.0]
		CHILDREN = 0
		PATH = [0, 3, 0, 0, 3, 1, 1, 5]
	DESCRIPTION = Left Click at ''
	TEXT = Compound Action =
		Move mouse to (744.0, 555.0).
		Press Mouse Button BUTTON1
		Release Mouse Button BUTTON1

ExecutedAction [97]: 
 @Action ConcreteID = ACa02te27e2365334176 AbstractID = AAa02te27e2365334176
 ConcreteID CUSTOM = ConcreteID CUSTOM not available AbstractID CUSTOM = AA18o5dlm803402854506
 @State ConcreteID = SCf9rbuz4ee645570322 AbstractID = SRxzttcq4bd2189239838
 ConcreteID CUSTOM = SC1kzftty4ee2170556484 AbstractID CUSTOM = SA1nlpkpn4e41127881245

	ROLE = LeftClickAt
	TARGET =
		WIDGET = WC16jbmgw1a1935031698, WR10fgh33101836453781, WT10fgh33101836453781, WP1guga9e162215790620
		ROLE = UIACustomControl
		TITLE = 
		SHAPE = Rect [x:660.0 y:391.0 w:600.0 h:377.0]
		CHILDREN = 3
		PATH = [0, 3]
	DESCRIPTION = Left Click at ''
	TEXT = Compound Action =
		Move mouse to (960.0, 579.5).
		Press Mouse Button BUTTON1
		Release Mouse Button BUTTON1

ExecutedAction [98]: 
 @Action ConcreteID = AC1xx6d6d7e4236527663 AbstractID = AA1xx6d6d7e4236527663
 ConcreteID CUSTOM = ConcreteID CUSTOM not available AbstractID CUSTOM = AAxk4vet803131775717
 @State ConcreteID = SCf9rbuz4ee645570322 AbstractID = SRxzttcq4bd2189239838
 ConcreteID CUSTOM = SC1kzftty4ee2170556484 AbstractID CUSTOM = SA1nlpkpn4e41127881245

	ROLE = LeftClickAt
	TARGET =
		WIDGET = WC117me3u22367970642, WR17v7k2nb1067391859, WT1y895rf152412617792, WP15oh92w1e2024737031
		ROLE = UIAMenuItem
		TITLE = View Alt+i
		SHAPE = Rect [x:972.0 y:370.0 w:41.0 h:20.0]
		CHILDREN = 0
		PATH = [0, 1, 6]
	DESCRIPTION = Left Click at 'View Alt+i'
	TEXT = Compound Action =
		Move mouse to (992.5, 380.0).
		Press Mouse Button BUTTON1
		Release Mouse Button BUTTON1

ExecutedAction [99]: 
 @Action ConcreteID = AC3wf3zy7f4180346678 AbstractID = AA3wf3zy7f4180346678
 ConcreteID CUSTOM = ConcreteID CUSTOM not available AbstractID CUSTOM = AArommeu80733633946
 @State ConcreteID = SCfwoyef61a1948287378 AbstractID = SR1kk9psz5e82493534571
 ConcreteID CUSTOM = SC1ue9ep861f2033813705 AbstractID CUSTOM = SA1inlolo60d3659633466

	ROLE = LeftClickAt
	TARGET =
		WIDGET = WC117me3u22367970642, WR17v7k2nb1067391859, WT1y895rf152412617792, WP15oh92w1e2024737031
		ROLE = UIAMenuItem
		TITLE = View Alt+i
		SHAPE = Rect [x:972.0 y:370.0 w:41.0 h:20.0]
		CHILDREN = 0
		PATH = [0, 1, 6]
	DESCRIPTION = Left Click at 'View Alt+i'
	TEXT = Compound Action =
		Move mouse to (992.5, 380.0).
		Press Mouse Button BUTTON1
		Release Mouse Button BUTTON1

ExecutedAction [100]: 
 @Action ConcreteID = AC1pndbng7e2212620790 AbstractID = AA1pndbng7e2212620790
 ConcreteID CUSTOM = ConcreteID CUSTOM not available AbstractID CUSTOM = AApabtvw803318659900
 @State ConcreteID = SCf9rbuz4ee645570322 AbstractID = SRxzttcq4bd2189239838
 ConcreteID CUSTOM = SC1kzftty4ee2170556484 AbstractID CUSTOM = SA1nlpkpn4e41127881245

	ROLE = LeftClickAt
	TARGET =
		WIDGET = WC1lhezhd192033226121, WR1h6ibpb92248851252, WT1h6ibpb92248851252, WP11lh0r7153469470085
		ROLE = UIAButton
		TITLE = 
		SHAPE = Rect [x:663.0 y:735.0 w:32.0 h:32.0]
		CHILDREN = 0
		PATH = [0, 3, 2, 1]
	DESCRIPTION = Left Click at ''
	TEXT = Compound Action =
		Move mouse to (679.0, 751.0).
		Press Mouse Button BUTTON1
		Release Mouse Button BUTTON1

Sequence 1 finished.
Copying generated sequence ("sequence2428") to output directory...
Copying classified sequence ("sequence2428") to sequences_ok folder...
