Starting sequence 1 (output as: sequence1697)

ExecutedAction [1]: 
 @Action ConcreteID = ACxbqts5801924305707 AbstractID = AAxbqts5801924305707
 ConcreteID CUSTOM = ConcreteID CUSTOM not available AbstractID CUSTOM = AAxugvmj803765005660
 @State ConcreteID = SC1nc411o4961529421974 AbstractID = SRx1ik4a474333690124
 ConcreteID CUSTOM = SC1n8pk4e495298478986 AbstractID CUSTOM = SA12laes84902498637855

	ROLE = LeftClickAt
	TARGET =
		WIDGET = WC11132ie26988553567, WR17v7k2nb1067391859, WT7kxrdw19266625713, WP1rp2dz8223396690116
		ROLE = UIAMenuItem
		TITLE = Playback Alt+l
		SHAPE = Rect [x:710.0 y:370.0 w:64.0 h:20.0]
		CHILDREN = 0
		PATH = [0, 1, 1]
	DESCRIPTION = Left Click at 'Playback Alt+l'
	TEXT = Compound Action =
		Move mouse to (742.0, 380.0).
		Press Mouse Button BUTTON1
		Release Mouse Button BUTTON1

ExecutedAction [2]: 
 @Action ConcreteID = AC1eej3ob801821699832 AbstractID = AA1eej3ob801821699832
 ConcreteID CUSTOM = ConcreteID CUSTOM not available AbstractID CUSTOM = AAe9fop97e1042712826
 @State ConcreteID = SC1dk3sic60f3607038307 AbstractID = SRvaqup55ef939570318
 ConcreteID CUSTOM = SC51bfap6163127786903 AbstractID CUSTOM = SAk0vlmf60a283417717

	ROLE = LeftClickAt
	TARGET =
		WIDGET = WCb8ooow272787690705, WR5quxi6b4097176690, WT5quxi6b4097176690, WP1sol9bm23663743615
		ROLE = UIATreeItem
		TITLE = 
		SHAPE = Rect [x:665.0 y:490.0 w:158.0 h:26.0]
		CHILDREN = 0
		PATH = [0, 2, 0, 0, 3, 1, 1, 3]
	DESCRIPTION = Left Click at ''
	TEXT = Compound Action =
		Move mouse to (744.0, 503.0).
		Press Mouse Button BUTTON1
		Release Mouse Button BUTTON1

ExecutedAction [3]: 
 @Action ConcreteID = AC10q1ih17f1295910140 AbstractID = AA10q1ih17f1295910140
 ConcreteID CUSTOM = ConcreteID CUSTOM not available AbstractID CUSTOM = AA6vcdbj7f1055418179
 @State ConcreteID = SC162p4p465c810195602 AbstractID = SR1lwqjne63e2488836684
 ConcreteID CUSTOM = SC144erp9665597327776 AbstractID CUSTOM = SAzlgsrb65c2966506955

	ROLE = LeftClickAt
	TARGET =
		WIDGET = WCsnsiim193522581523, WR1h6ibpb92248851252, WT1h6ibpb92248851252, WP8rujsg151712139295
		ROLE = UIAButton
		TITLE = 
		SHAPE = Rect [x:759.0 y:760.0 w:26.0 h:26.0]
		CHILDREN = 0
		PATH = [0, 2, 2, 5]
	DESCRIPTION = Left Click at ''
	TEXT = Compound Action =
		Move mouse to (772.0, 773.0).
		Press Mouse Button BUTTON1
		Release Mouse Button BUTTON1

ExecutedAction [4]: 
 @Action ConcreteID = AC1hhfe5m8042168216 AbstractID = AA1hhfe5m8042168216
 ConcreteID CUSTOM = ConcreteID CUSTOM not available AbstractID CUSTOM = AA1i05g00802421723631
 @State ConcreteID = SC1nc411o4961529421974 AbstractID = SRx1ik4a474333690124
 ConcreteID CUSTOM = SC1n8pk4e495298478986 AbstractID CUSTOM = SA12laes84902498637855

	ROLE = LeftClickAt
	TARGET =
		WIDGET = WCsnsig1192662843092, WR1h6ibpb92248851252, WT1h6ibpb92248851252, WP8rujpv15692894424
		ROLE = UIAButton
		TITLE = 
		SHAPE = Rect [x:663.0 y:757.0 w:32.0 h:32.0]
		CHILDREN = 0
		PATH = [0, 2, 2, 2]
	DESCRIPTION = Left Click at ''
	TEXT = Compound Action =
		Move mouse to (679.0, 773.0).
		Press Mouse Button BUTTON1
		Release Mouse Button BUTTON1

ExecutedAction [5]: 
 @Action ConcreteID = ACymxslo7f396832177 AbstractID = AAymxslo7f396832177
 ConcreteID CUSTOM = ConcreteID CUSTOM not available AbstractID CUSTOM = AAt4mmf77f978257701
 @State ConcreteID = SCuv4zfe6b9189235006 AbstractID = SR1ggskm36873146154243
 ConcreteID CUSTOM = SCriv1t26bb1097185340 AbstractID CUSTOM = SA1mm1m106a640835205

	ROLE = LeftClickAt
	TARGET =
		WIDGET = WChmn2qq254204820437, WR1h6ibpb92248851252, WT179pbei153540817138, WP1mssmc4214192218010
		ROLE = UIAButton
		TITLE = Cancel Alt+C
		SHAPE = Rect [x:1138.0 y:732.0 w:75.0 h:23.0]
		CHILDREN = 0
		PATH = [0, 0, 4, 0]
	DESCRIPTION = Left Click at 'Cancel Alt+C'
	TEXT = Compound Action =
		Move mouse to (1175.5, 743.5).
		Press Mouse Button BUTTON1
		Release Mouse Button BUTTON1

ExecutedAction [6]: 
 @Action ConcreteID = AC17z8ldd80369393626 AbstractID = AA17z8ldd80369393626
 ConcreteID CUSTOM = ConcreteID CUSTOM not available AbstractID CUSTOM = AA18hyn7r802229240237
 @State ConcreteID = SC1nc411o4961529421974 AbstractID = SRx1ik4a474333690124
 ConcreteID CUSTOM = SC1n8pk4e495298478986 AbstractID CUSTOM = SA12laes84902498637855

	ROLE = LeftClickAt
	TARGET =
		WIDGET = WC1cj90xv241472876304, WR1e04pz3e358922214, WT1e04pz3e358922214, WP163y8ad202550790949
		ROLE = UIASplitButton
		TITLE = 
		SHAPE = Rect [x:660.0 y:416.0 w:180.0 h:311.0]
		CHILDREN = 3
		PATH = [0, 2, 0, 0, 3, 1]
	DESCRIPTION = Left Click at ''
	TEXT = Compound Action =
		Move mouse to (750.0, 571.5).
		Press Mouse Button BUTTON1
		Release Mouse Button BUTTON1

ExecutedAction [7]: 
 @Action ConcreteID = AC5my0pc801584215927 AbstractID = AA5my0pc801584215927
 ConcreteID CUSTOM = ConcreteID CUSTOM not available AbstractID CUSTOM = AA65o2jq803434531072
 @State ConcreteID = SC1nc411o4961529421974 AbstractID = SRx1ik4a474333690124
 ConcreteID CUSTOM = SC1n8pk4e495298478986 AbstractID CUSTOM = SA12laes84902498637855

	ROLE = LeftClickAt
	TARGET =
		WIDGET = WC1fbb2e920939640774, WR10fgh33101836453781, WT10fgh33101836453781, WPdopdxv1c2306111470
		ROLE = UIACustomControl
		TITLE = 
		SHAPE = Rect [x:660.0 y:391.0 w:600.0 h:339.0]
		CHILDREN = 4
		PATH = [0, 2, 0, 0]
	DESCRIPTION = Left Click at ''
	TEXT = Compound Action =
		Move mouse to (960.0, 560.5).
		Press Mouse Button BUTTON1
		Release Mouse Button BUTTON1

ExecutedAction [8]: 
 @Action ConcreteID = AC1thw9kr801782493988 AbstractID = AA1thw9kr801782493988
 ConcreteID CUSTOM = ConcreteID CUSTOM not available AbstractID CUSTOM = AA1u0mbf5804175777107
 @State ConcreteID = SC1nc411o4961529421974 AbstractID = SRx1ik4a474333690124
 ConcreteID CUSTOM = SC1n8pk4e495298478986 AbstractID CUSTOM = SA12laes84902498637855

	ROLE = LeftClickAt
	TARGET =
		WIDGET = WC1pm5r0o232668325901, WR17v7k2nb1067391859, WT1p8hf68161996799177, WP19ngj4m1f1149120030
		ROLE = UIAMenuItem
		TITLE = Video Alt+V
		SHAPE = Rect [x:823.0 y:370.0 w:47.0 h:20.0]
		CHILDREN = 0
		PATH = [0, 1, 3]
	DESCRIPTION = Left Click at 'Video Alt+V'
	TEXT = Compound Action =
		Move mouse to (846.5, 380.0).
		Press Mouse Button BUTTON1
		Release Mouse Button BUTTON1

ExecutedAction [9]: 
 @Action ConcreteID = AChmjk9x7f1304552026 AbstractID = AAhmjk9x7f1304552026
 ConcreteID CUSTOM = ConcreteID CUSTOM not available AbstractID CUSTOM = AAcnwv43801023756759
 @State ConcreteID = SC7tk7ti5c23406566758 AbstractID = SR1puplip59f2046217050
 ConcreteID CUSTOM = SC1c09h4n5c33719207781 AbstractID CUSTOM = SA1cdyq6f5bc1088529850

	ROLE = LeftClickAt
	TARGET =
		WIDGET = WCb8oosc273259239893, WR5quxi6b4097176690, WT5quxi6b4097176690, WP1sol9f2231138960763
		ROLE = UIATreeItem
		TITLE = 
		SHAPE = Rect [x:665.0 y:590.0 w:158.0 h:26.0]
		CHILDREN = 0
		PATH = [0, 2, 0, 0, 3, 1, 1, 7]
	DESCRIPTION = Left Click at ''
	TEXT = Compound Action =
		Move mouse to (744.0, 603.0).
		Press Mouse Button BUTTON1
		Release Mouse Button BUTTON1

ExecutedAction [10]: 
 @Action ConcreteID = AC1mwdsb8812137990331 AbstractID = AA1mwdsb8812137990331
 ConcreteID CUSTOM = ConcreteID CUSTOM not available AbstractID CUSTOM = AA3zpbi6812979797978
 @State ConcreteID = SC1nc411o4961529421974 AbstractID = SRx1ik4a474333690124
 ConcreteID CUSTOM = SC1n8pk4e495298478986 AbstractID CUSTOM = SA12laes84902498637855

	ROLE = LeftClickAt
	TARGET =
		WIDGET = WC1fcenkz201119982758, WR10fgh33101836453781, WT10fgh33101836453781, WPdpsz4l1c4088669326
		ROLE = UIACustomControl
		TITLE = 
		SHAPE = Rect [x:1146.0 y:757.0 w:101.0 h:32.0]
		CHILDREN = 2
		PATH = [0, 2, 2, 0]
	DESCRIPTION = Left Click at ''
	TEXT = Compound Action =
		Move mouse to (1196.5, 773.0).
		Press Mouse Button BUTTON1
		Release Mouse Button BUTTON1

ExecutedAction [11]: 
 @Action ConcreteID = ACnbfhce803076938443 AbstractID = AAnbfhce803076938443
 ConcreteID CUSTOM = ConcreteID CUSTOM not available AbstractID CUSTOM = AAnu5j6s80633185468
 @State ConcreteID = SC1nc411o4961529421974 AbstractID = SRx1ik4a474333690124
 ConcreteID CUSTOM = SC1n8pk4e495298478986 AbstractID CUSTOM = SA12laes84902498637855

	ROLE = LeftClickAt
	TARGET =
		WIDGET = WCsnsil7191683499614, WR1h6ibpb92248851252, WT1h6ibpb92248851252, WP8rujv1153550696018
		ROLE = UIAButton
		TITLE = 
		SHAPE = Rect [x:849.0 y:760.0 w:26.0 h:26.0]
		CHILDREN = 0
		PATH = [0, 2, 2, 8]
	DESCRIPTION = Left Click at ''
	TEXT = Compound Action =
		Move mouse to (862.0, 773.0).
		Press Mouse Button BUTTON1
		Release Mouse Button BUTTON1

ExecutedAction [12]: 
 @Action ConcreteID = AC1hntor07e2774174156 AbstractID = AA1hntor07e2774174156
 ConcreteID CUSTOM = ConcreteID CUSTOM not available AbstractID CUSTOM = AA12e67gc80641100311
 @State ConcreteID = SCnoq9az830176182476 AbstractID = SR1yfevkg7f71642670254
 ConcreteID CUSTOM = SC1ch9jh78442630593511 AbstractID CUSTOM = SA1hsge2l82a4019574750

	ROLE = LeftClickAt
	TARGET =
		WIDGET = WCfl317c1c3034426427, WR88rmk0b1934231702, WT88rmk0b1934231702, WP1vfigti183649330840
		ROLE = UIACheckBox
		TITLE = 
		SHAPE = Rect [x:913.0 y:760.0 w:26.0 h:26.0]
		CHILDREN = 0
		PATH = [0, 3, 2, 10]
	DESCRIPTION = Left Click at ''
	TEXT = Compound Action =
		Move mouse to (926.0, 773.0).
		Press Mouse Button BUTTON1
		Release Mouse Button BUTTON1

ExecutedAction [13]: 
 @Action ConcreteID = AC1jt81mg7e2216925099 AbstractID = AA1jt81mg7e2216925099
 ConcreteID CUSTOM = ConcreteID CUSTOM not available AbstractID CUSTOM = AA14jkkbs80122647664
 @State ConcreteID = SCnoq9az830176182476 AbstractID = SR1yfevkg7f71642670254
 ConcreteID CUSTOM = SC1ch9jh78442630593511 AbstractID CUSTOM = SA1hsge2l82a4019574750

	ROLE = LeftClickAt
	TARGET =
		WIDGET = WC4ha5tu273898777684, WR5quxi6b4097176690, WT5quxi6b4097176690, WP1lx6qgk231774552314
		ROLE = UIATreeItem
		TITLE = 
		SHAPE = Rect [x:660.0 y:416.0 w:163.0 h:26.0]
		CHILDREN = 0
		PATH = [0, 3, 0, 0, 3, 1, 1, 0]
	DESCRIPTION = Left Click at ''
	TEXT = Compound Action =
		Move mouse to (741.5, 429.0).
		Press Mouse Button BUTTON1
		Release Mouse Button BUTTON1

ExecutedAction [14]: 
 @Action ConcreteID = ACdq43va7e4104172265 AbstractID = AAdq43va7e4104172265
 ConcreteID CUSTOM = ConcreteID CUSTOM not available AbstractID CUSTOM = AA1xhkojq802009878834
 @State ConcreteID = SCnoq9az830176182476 AbstractID = SR1yfevkg7f71642670254
 ConcreteID CUSTOM = SC1ch9jh78442630593511 AbstractID CUSTOM = SA1hsge2l82a4019574750

	ROLE = LeftClickAt
	TARGET =
		WIDGET = WC1kvrl7a241388749283, WR1h6ibpb92248851252, WTfj8swh143379978768, WP12mswso201927676573
		ROLE = UIAButton
		TITLE = Close Enter
		SHAPE = Rect [x:494.0 y:762.0 w:75.0 h:23.0]
		CHILDREN = 0
		PATH = [0, 0, 2, 1]
	DESCRIPTION = Left Click at 'Close Enter'
	TEXT = Compound Action =
		Move mouse to (531.5, 773.5).
		Press Mouse Button BUTTON1
		Release Mouse Button BUTTON1

ExecutedAction [15]: 
 @Action ConcreteID = ACyqhpy814239984210 AbstractID = AAyqhpy814239984210
 ConcreteID CUSTOM = ConcreteID CUSTOM not available AbstractID CUSTOM = AAh362w081843725107
 @State ConcreteID = SC1nc411o4961529421974 AbstractID = SRx1ik4a474333690124
 ConcreteID CUSTOM = SC1n8pk4e495298478986 AbstractID CUSTOM = SA12laes84902498637855

	ROLE = LeftClickAt
	TARGET =
		WIDGET = WCtl4gge202358536203, WR4n4ygb71694219017, WT4n4ygb71694219017, WP5xk0s1c1898872370
		ROLE = UIAList
		TITLE = 
		SHAPE = Rect [x:845.0 y:416.0 w:415.0 h:311.0]
		CHILDREN = 0
		PATH = [0, 2, 0, 0, 3, 0, 0]
	DESCRIPTION = Left Click at ''
	TEXT = Compound Action =
		Move mouse to (1052.5, 571.5).
		Press Mouse Button BUTTON1
		Release Mouse Button BUTTON1

ExecutedAction [16]: 
 @Action ConcreteID = AC17z8ldd80369393626 AbstractID = AA17z8ldd80369393626
 ConcreteID CUSTOM = ConcreteID CUSTOM not available AbstractID CUSTOM = AA18hyn7r802229240237
 @State ConcreteID = SC1nc411o4961529421974 AbstractID = SRx1ik4a474333690124
 ConcreteID CUSTOM = SC1n8pk4e495298478986 AbstractID CUSTOM = SA12laes84902498637855

	ROLE = LeftClickAt
	TARGET =
		WIDGET = WC1cj90xv241472876304, WR1e04pz3e358922214, WT1e04pz3e358922214, WP163y8ad202550790949
		ROLE = UIASplitButton
		TITLE = 
		SHAPE = Rect [x:660.0 y:416.0 w:180.0 h:311.0]
		CHILDREN = 3
		PATH = [0, 2, 0, 0, 3, 1]
	DESCRIPTION = Left Click at ''
	TEXT = Compound Action =
		Move mouse to (750.0, 571.5).
		Press Mouse Button BUTTON1
		Release Mouse Button BUTTON1

ExecutedAction [17]: 
 @Action ConcreteID = AC1uaerah803931258814 AbstractID = AA1uaerah803931258814
 ConcreteID CUSTOM = ConcreteID CUSTOM not available AbstractID CUSTOM = AA1ut4t4v802022293961
 @State ConcreteID = SC1nc411o4961529421974 AbstractID = SRx1ik4a474333690124
 ConcreteID CUSTOM = SC1n8pk4e495298478986 AbstractID CUSTOM = SA12laes84902498637855

	ROLE = LeftClickAt
	TARGET =
		WIDGET = WCsnsihr193371001170, WR1h6ibpb92248851252, WT1h6ibpb92248851252, WP8rujrl152132155742
		ROLE = UIAButton
		TITLE = 
		SHAPE = Rect [x:733.0 y:760.0 w:26.0 h:26.0]
		CHILDREN = 0
		PATH = [0, 2, 2, 4]
	DESCRIPTION = Left Click at ''
	TEXT = Compound Action =
		Move mouse to (746.0, 773.0).
		Press Mouse Button BUTTON1
		Release Mouse Button BUTTON1

ExecutedAction [18]: 
 @Action ConcreteID = ACnbfhce803076938443 AbstractID = AAnbfhce803076938443
 ConcreteID CUSTOM = ConcreteID CUSTOM not available AbstractID CUSTOM = AAnu5j6s80633185468
 @State ConcreteID = SC1nc411o4961529421974 AbstractID = SRx1ik4a474333690124
 ConcreteID CUSTOM = SC1n8pk4e495298478986 AbstractID CUSTOM = SA12laes84902498637855

	ROLE = LeftClickAt
	TARGET =
		WIDGET = WCsnsil7191683499614, WR1h6ibpb92248851252, WT1h6ibpb92248851252, WP8rujv1153550696018
		ROLE = UIAButton
		TITLE = 
		SHAPE = Rect [x:849.0 y:760.0 w:26.0 h:26.0]
		CHILDREN = 0
		PATH = [0, 2, 2, 8]
	DESCRIPTION = Left Click at ''
	TEXT = Compound Action =
		Move mouse to (862.0, 773.0).
		Press Mouse Button BUTTON1
		Release Mouse Button BUTTON1

ExecutedAction [19]: 
 @Action ConcreteID = AC8768417e1424113560 AbstractID = AA8768417e1424113560
 ConcreteID CUSTOM = ConcreteID CUSTOM not available AbstractID CUSTOM = AA1rymssh803616463939
 @State ConcreteID = SCnoq9az830176182476 AbstractID = SR1yfevkg7f71642670254
 ConcreteID CUSTOM = SC1ch9jh78442630593511 AbstractID CUSTOM = SA1hsge2l82a4019574750

	ROLE = LeftClickAt
	TARGET =
		WIDGET = WC1kb7r7h21508008499, WR1e04pz3e358922214, WT1e04pz3e358922214, WP14jepmz1d1747774249
		ROLE = UIASplitButton
		TITLE = 
		SHAPE = Rect [x:977.0 y:394.0 w:23.0 h:22.0]
		CHILDREN = 0
		PATH = [0, 3, 0, 0, 1]
	DESCRIPTION = Left Click at ''
	TEXT = Compound Action =
		Move mouse to (988.5, 405.0).
		Press Mouse Button BUTTON1
		Release Mouse Button BUTTON1

ExecutedAction [20]: 
 @Action ConcreteID = AC1dc34s1812128821676 AbstractID = AA1dc34s1812128821676
 ConcreteID CUSTOM = ConcreteID CUSTOM not available AbstractID CUSTOM = AA1rycnj480810547716
 @State ConcreteID = SC1ugx4i486e3223220362 AbstractID = SR1vl1zpv8333899990081
 ConcreteID CUSTOM = SCio2dgy8803574840212 AbstractID CUSTOM = SAm03ujo8693060994942

	ROLE = LeftClickAt
	TARGET =
		WIDGET = WC1b8yprg1c1241856940, WR1p34e3y91942684430, WT1p34e3y91942684430, WPgzsjzu18725337081
		ROLE = UIASlider
		TITLE = 
		SHAPE = Rect [x:1162.0 y:763.0 w:85.0 h:26.0]
		CHILDREN = 0
		PATH = [0, 3, 2, 0, 1]
	DESCRIPTION = Left Click at ''
	TEXT = Compound Action =
		Move mouse to (1204.5, 776.0).
		Press Mouse Button BUTTON1
		Release Mouse Button BUTTON1

ExecutedAction [21]: 
 @Action ConcreteID = AC1vqaeso803878830022 AbstractID = AA1vqaeso803878830022
 ConcreteID CUSTOM = ConcreteID CUSTOM not available AbstractID CUSTOM = AAd7kcpl7f1333183268
 @State ConcreteID = SC1ugx4i486e3223220362 AbstractID = SR1vl1zpv8333899990081
 ConcreteID CUSTOM = SCio2dgy8803574840212 AbstractID CUSTOM = SAm03ujo8693060994942

	ROLE = LeftClickAt
	TARGET =
		WIDGET = WC1kb7r7h21508008499, WR1e04pz3e358922214, WT1e04pz3e358922214, WP14jepmz1d1747774249
		ROLE = UIASplitButton
		TITLE = 
		SHAPE = Rect [x:977.0 y:394.0 w:23.0 h:22.0]
		CHILDREN = 0
		PATH = [0, 3, 0, 0, 1]
	DESCRIPTION = Left Click at ''
	TEXT = Compound Action =
		Move mouse to (988.5, 405.0).
		Press Mouse Button BUTTON1
		Release Mouse Button BUTTON1

ExecutedAction [22]: 
 @Action ConcreteID = AC9wmatw7e995136108 AbstractID = AA9wmatw7e995136108
 ConcreteID CUSTOM = ConcreteID CUSTOM not available AbstractID CUSTOM = AA1to2vic803090969015
 @State ConcreteID = SCnoq9az830176182476 AbstractID = SR1yfevkg7f71642670254
 ConcreteID CUSTOM = SC1ch9jh78442630593511 AbstractID CUSTOM = SA1hsge2l82a4019574750

	ROLE = LeftClickAt
	TARGET =
		WIDGET = WC16jbmgw1a1935031698, WR10fgh33101836453781, WT10fgh33101836453781, WP1guga9e162215790620
		ROLE = UIACustomControl
		TITLE = 
		SHAPE = Rect [x:660.0 y:391.0 w:600.0 h:399.0]
		CHILDREN = 3
		PATH = [0, 3]
	DESCRIPTION = Left Click at ''
	TEXT = Compound Action =
		Move mouse to (960.0, 590.5).
		Press Mouse Button BUTTON1
		Release Mouse Button BUTTON1

ExecutedAction [23]: 
 @Action ConcreteID = ACwr3sgh7e4009667280 AbstractID = AAwr3sgh7e4009667280
 ConcreteID CUSTOM = ConcreteID CUSTOM not available AbstractID CUSTOM = AAhhgb5t801838303499
 @State ConcreteID = SCnoq9az830176182476 AbstractID = SR1yfevkg7f71642670254
 ConcreteID CUSTOM = SC1ch9jh78442630593511 AbstractID CUSTOM = SA1hsge2l82a4019574750

	ROLE = LeftClickAt
	TARGET =
		WIDGET = WC4ha5up274051276053, WR5quxi6b4097176690, WT5quxi6b4097176690, WP1lx6qhf231893643707
		ROLE = UIATreeItem
		TITLE = 
		SHAPE = Rect [x:660.0 y:442.0 w:163.0 h:26.0]
		CHILDREN = 0
		PATH = [0, 3, 0, 0, 3, 1, 1, 1]
	DESCRIPTION = Left Click at ''
	TEXT = Compound Action =
		Move mouse to (741.5, 455.0).
		Press Mouse Button BUTTON1
		Release Mouse Button BUTTON1

ExecutedAction [24]: 
 @Action ConcreteID = AC1dk35ea7f3358312650 AbstractID = AA1dk35ea7f3358312650
 ConcreteID CUSTOM = ConcreteID CUSTOM not available AbstractID CUSTOM = AA1e16x0p802809588977
 @State ConcreteID = SCuz7jjp8303758477466 AbstractID = SR1yfevkg7f71642670254
 ConcreteID CUSTOM = SCmgzpu38453996134176 AbstractID CUSTOM = SA1hsge2l82a4019574750

	ROLE = LeftClickAt
	TARGET =
		WIDGET = WCirnc502f1748013850, WR10fgh33101836453781, WT10fgh33101836453781, WPhqywhu2b1330188361
		ROLE = UIACustomControl
		TITLE = 
		SHAPE = Rect [x:332.0 y:462.0 w:292.0 h:271.0]
		CHILDREN = 16
		PATH = [0, 0, 1, 0, 0, 0, 0, 0, 6]
	DESCRIPTION = Left Click at ''
	TEXT = Compound Action =
		Move mouse to (478.0, 597.5).
		Press Mouse Button BUTTON1
		Release Mouse Button BUTTON1

ExecutedAction [25]: 
 @Action ConcreteID = AC6q1t2u801046352674 AbstractID = AA6q1t2u801046352674
 ConcreteID CUSTOM = ConcreteID CUSTOM not available AbstractID CUSTOM = AAlgaldr812402985762
 @State ConcreteID = SCuz7jjp8303758477466 AbstractID = SR1yfevkg7f71642670254
 ConcreteID CUSTOM = SCmgzpu38453996134176 AbstractID CUSTOM = SA1hsge2l82a4019574750

	ROLE = LeftClickAt
	TARGET =
		WIDGET = WC1if1cw3262441743321, WR10fgh33101836453781, WT10fgh33101836453781, WP137bfud224073668639
		ROLE = UIACustomControl
		TITLE = 
		SHAPE = Rect [x:845.0 y:416.0 w:415.0 h:311.0]
		CHILDREN = 1
		PATH = [0, 3, 0, 0, 3, 0]
	DESCRIPTION = Left Click at ''
	TEXT = Compound Action =
		Move mouse to (1052.5, 571.5).
		Press Mouse Button BUTTON1
		Release Mouse Button BUTTON1

ExecutedAction [26]: 
 @Action ConcreteID = AC17jqcs9de4166784291 AbstractID = AA14jj9p7d5628736775
 ConcreteID CUSTOM = ConcreteID CUSTOM not available AbstractID CUSTOM = AAsytvled61313376405
 @State ConcreteID = SCuz7jjp8303758477466 AbstractID = SR1yfevkg7f71642670254
 ConcreteID CUSTOM = SCmgzpu38453996134176 AbstractID CUSTOM = SA1hsge2l82a4019574750

	ROLE = ClickTypeInto
	TARGET =
		WIDGET = WC1j2y1j81a1645365061, WR4n0dlj72701565195, WT4n0dlj72701565195, WP1lf6g42163047346291
		ROLE = UIAEdit
		TITLE = 
		SHAPE = Rect [x:1010.0 y:395.0 w:250.0 h:20.0]
		CHILDREN = 0
		PATH = [0, 3, 0, 0, 2]
	DESCRIPTION = Type ',' into '
	TEXT = Compound Action =
		Compound Action =
		Move mouse to (1135.0, 405.0).
		Press Mouse Button BUTTON1
		Release Mouse Button BUTTON1
		Press Key 17
		Press Key 65
		Release Key 65
		Release Key 17
		Type text ','

ExecutedAction [27]: 
 @Action ConcreteID = ACdppas1803838952314 AbstractID = AAdppas1803838952314
 ConcreteID CUSTOM = ConcreteID CUSTOM not available AbstractID CUSTOM = AA13yvdlo7f1015371356
 @State ConcreteID = SC1b9sgs08451684506911 AbstractID = SR1qp4k2v80b3881084318
 ConcreteID CUSTOM = SC1nhyj785a2767877645 AbstractID CUSTOM = SAvgu3xr83f2665560310

	ROLE = LeftClickAt
	TARGET =
		WIDGET = WC1kb7r9721745667249, WR1e04pz3e358922214, WT1e04pz3e358922214, WP14jepop1d1511688619
		ROLE = UIASplitButton
		TITLE = 
		SHAPE = Rect [x:660.0 y:416.0 w:600.0 h:311.0]
		CHILDREN = 3
		PATH = [0, 3, 0, 0, 3]
	DESCRIPTION = Left Click at ''
	TEXT = Compound Action =
		Move mouse to (960.0, 571.5).
		Press Mouse Button BUTTON1
		Release Mouse Button BUTTON1

ExecutedAction [28]: 
 @Action ConcreteID = ACoenqtp803820004785 AbstractID = AAoenqtp803820004785
 ConcreteID CUSTOM = ConcreteID CUSTOM not available AbstractID CUSTOM = AA1enttnc7f1004810391
 @State ConcreteID = SC1b9sgs08451684506911 AbstractID = SR1qp4k2v80b3881084318
 ConcreteID CUSTOM = SC1nhyj785a2767877645 AbstractID CUSTOM = SAvgu3xr83f2665560310

	ROLE = LeftClickAt
	TARGET =
		WIDGET = WC4ha5vk273662987990, WR5quxi6b4097176690, WT5quxi6b4097176690, WP1lx6qia231542710904
		ROLE = UIATreeItem
		TITLE = 
		SHAPE = Rect [x:660.0 y:468.0 w:163.0 h:22.0]
		CHILDREN = 0
		PATH = [0, 3, 0, 0, 3, 1, 1, 2]
	DESCRIPTION = Left Click at ''
	TEXT = Compound Action =
		Move mouse to (741.5, 479.0).
		Press Mouse Button BUTTON1
		Release Mouse Button BUTTON1

ExecutedAction [29]: 
 @Action ConcreteID = ACqnru6p802226785902 AbstractID = AAqnru6p802226785902
 ConcreteID CUSTOM = ConcreteID CUSTOM not available AbstractID CUSTOM = AA1gwxx0c7f1559141192
 @State ConcreteID = SC1b9sgs08451684506911 AbstractID = SR1qp4k2v80b3881084318
 ConcreteID CUSTOM = SC1nhyj785a2767877645 AbstractID CUSTOM = SAvgu3xr83f2665560310

	ROLE = LeftClickAt
	TARGET =
		WIDGET = WC1lhezkt19492590221, WR1h6ibpb92248851252, WT1h6ibpb92248851252, WP11lh0un152863082625
		ROLE = UIAButton
		TITLE = 
		SHAPE = Rect [x:759.0 y:760.0 w:26.0 h:26.0]
		CHILDREN = 0
		PATH = [0, 3, 2, 5]
	DESCRIPTION = Left Click at ''
	TEXT = Compound Action =
		Move mouse to (772.0, 773.0).
		Press Mouse Button BUTTON1
		Release Mouse Button BUTTON1

ExecutedAction [30]: 
 @Action ConcreteID = AC1gn19dh812372778344 AbstractID = AA1gn19dh812372778344
 ConcreteID CUSTOM = ConcreteID CUSTOM not available AbstractID CUSTOM = AAe5x16y801605920768
 @State ConcreteID = SC1b9sgs08451684506911 AbstractID = SR1qp4k2v80b3881084318
 ConcreteID CUSTOM = SC1nhyj785a2767877645 AbstractID CUSTOM = SAvgu3xr83f2665560310

	ROLE = LeftClickAt
	TARGET =
		WIDGET = WC1fyukwf20187867976, WR4n4ygb71694219017, WT4n4ygb71694219017, WPmjnogt1c4136154481
		ROLE = UIAList
		TITLE = 
		SHAPE = Rect [x:845.0 y:416.0 w:415.0 h:311.0]
		CHILDREN = 0
		PATH = [0, 3, 0, 0, 3, 0, 0]
	DESCRIPTION = Left Click at ''
	TEXT = Compound Action =
		Move mouse to (1052.5, 571.5).
		Press Mouse Button BUTTON1
		Release Mouse Button BUTTON1

ExecutedAction [31]: 
 @Action ConcreteID = AC4da21c803466316493 AbstractID = AA4da21c803466316493
 ConcreteID CUSTOM = ConcreteID CUSTOM not available AbstractID CUSTOM = AAumg4uz7f382689259
 @State ConcreteID = SC1b9sgs08451684506911 AbstractID = SR1qp4k2v80b3881084318
 ConcreteID CUSTOM = SC1nhyj785a2767877645 AbstractID CUSTOM = SAvgu3xr83f2665560310

	ROLE = LeftClickAt
	TARGET =
		WIDGET = WCku1d5o1d4199739809, WR10fgh33101836453781, WT10fgh33101836453781, WP350dgq19838914022
		ROLE = UIACustomControl
		TITLE = 
		SHAPE = Rect [x:660.0 y:756.0 w:600.0 h:34.0]
		CHILDREN = 11
		PATH = [0, 3, 2]
	DESCRIPTION = Left Click at ''
	TEXT = Compound Action =
		Move mouse to (960.0, 773.0).
		Press Mouse Button BUTTON1
		Release Mouse Button BUTTON1

ExecutedAction [32]: 
 @Action ConcreteID = AC1w1w1cq803783354535 AbstractID = AA1w1w1cq803783354535
 ConcreteID CUSTOM = ConcreteID CUSTOM not available AbstractID CUSTOM = AAn9y2797f970325377
 @State ConcreteID = SC1b9sgs08451684506911 AbstractID = SR1qp4k2v80b3881084318
 ConcreteID CUSTOM = SC1nhyj785a2767877645 AbstractID CUSTOM = SAvgu3xr83f2665560310

	ROLE = LeftClickAt
	TARGET =
		WIDGET = WC1doybvl2c2612138778, WR1h6ibpb92248851252, WTumhn1c1632149326, WPcd5pqr283527582741
		ROLE = UIAButton
		TITLE = Media Library
		SHAPE = Rect [x:660.0 y:394.0 w:20.0 h:22.0]
		CHILDREN = 0
		PATH = [0, 3, 0, 0, 0, 0]
	DESCRIPTION = Left Click at 'Media Library'
	TEXT = Compound Action =
		Move mouse to (670.0, 405.0).
		Press Mouse Button BUTTON1
		Release Mouse Button BUTTON1

ExecutedAction [33]: 
 @Action ConcreteID = ACv57pec802430882407 AbstractID = AAv57pec802430882407
 ConcreteID CUSTOM = ConcreteID CUSTOM not available AbstractID CUSTOM = AA1leds7z7f1219544897
 @State ConcreteID = SC1b9sgs08451684506911 AbstractID = SR1qp4k2v80b3881084318
 ConcreteID CUSTOM = SC1nhyj785a2767877645 AbstractID CUSTOM = SAvgu3xr83f2665560310

	ROLE = LeftClickAt
	TARGET =
		WIDGET = WCj0kix5302908888976, WR88rmk0b1934231702, WT3s7mmn11803626184, WP9kn6af2c2811613572
		ROLE = UIACheckBox
		TITLE = 2 Pass
		SHAPE = Rect [x:301.0 y:436.0 w:24.0 h:17.0]
		CHILDREN = 0
		PATH = [0, 0, 1, 0, 0, 0, 0, 0, 1]
	DESCRIPTION = Left Click at '2 Pass'
	TEXT = Compound Action =
		Move mouse to (313.0, 444.5).
		Press Mouse Button BUTTON1
		Release Mouse Button BUTTON1

ExecutedAction [34]: 
 @Action ConcreteID = ACgkte2j12b311520785 AbstractID = AA1lvdrgd53836903632
 ConcreteID CUSTOM = ConcreteID CUSTOM not available AbstractID CUSTOM = AA1v9pqoud42847005367
 @State ConcreteID = SC375mko8442437758160 AbstractID = SR1qp4k2v80b3881084318
 ConcreteID CUSTOM = SC1nhyj785a2767877645 AbstractID CUSTOM = SAzc3cg0840858438058

	ROLE = ClickTypeInto
	TARGET =
		WIDGET = WC1j2y1j81a1645365061, WR4n0dlj72701565195, WT4n0dlj72701565195, WP1lf6g42163047346291
		ROLE = UIAEdit
		TITLE = 
		SHAPE = Rect [x:1010.0 y:395.0 w:250.0 h:20.0]
		CHILDREN = 1
		PATH = [0, 3, 0, 0, 2]
	DESCRIPTION = Type 'Roses are [0;31...' into '
	TEXT = Compound Action =
		Compound Action =
		Move mouse to (1135.0, 405.0).
		Press Mouse Button BUTTON1
		Release Mouse Button BUTTON1
		Press Key 17
		Press Key 65
		Release Key 65
		Release Key 17
		Type text 'Roses are [0;31mred[0m, violets are [0;34mblue. Hope you enjoy terminal hue'

ExecutedAction [35]: 
 @Action ConcreteID = ACf7jy0x7f3006888491 AbstractID = AAf7jy0x7f3006888491
 ConcreteID CUSTOM = ConcreteID CUSTOM not available AbstractID CUSTOM = AAu41rw37e1148256534
 @State ConcreteID = SC375mko8442437758160 AbstractID = SR1qp4k2v80b3881084318
 ConcreteID CUSTOM = SC1nhyj785a2767877645 AbstractID CUSTOM = SAzc3cg0840858438058

	ROLE = LeftClickAt
	TARGET =
		WIDGET = WC1lhezkt19492590221, WR1h6ibpb92248851252, WT1h6ibpb92248851252, WP11lh0un152863082625
		ROLE = UIAButton
		TITLE = 
		SHAPE = Rect [x:759.0 y:760.0 w:26.0 h:26.0]
		CHILDREN = 0
		PATH = [0, 3, 2, 5]
	DESCRIPTION = Left Click at ''
	TEXT = Compound Action =
		Move mouse to (772.0, 773.0).
		Press Mouse Button BUTTON1
		Release Mouse Button BUTTON1

ExecutedAction [36]: 
 @Action ConcreteID = AC4f53ko7f1594545133 AbstractID = AA4f53ko7f1594545133
 ConcreteID CUSTOM = ConcreteID CUSTOM not available AbstractID CUSTOM = AAjbmxfu7e2822940880
 @State ConcreteID = SC375mko8442437758160 AbstractID = SR1qp4k2v80b3881084318
 ConcreteID CUSTOM = SC1nhyj785a2767877645 AbstractID CUSTOM = SAzc3cg0840858438058

	ROLE = LeftClickAt
	TARGET =
		WIDGET = WC1lhezmj19795489807, WR1h6ibpb92248851252, WT1h6ibpb92248851252, WP11lh0wd152559659523
		ROLE = UIAButton
		TITLE = 
		SHAPE = Rect [x:823.0 y:760.0 w:26.0 h:26.0]
		CHILDREN = 0
		PATH = [0, 3, 2, 7]
	DESCRIPTION = Left Click at ''
	TEXT = Compound Action =
		Move mouse to (836.0, 773.0).
		Press Mouse Button BUTTON1
		Release Mouse Button BUTTON1

ExecutedAction [37]: 
 @Action ConcreteID = ACoz602v7f1773082298 AbstractID = AAoz602v7f1773082298
 ConcreteID CUSTOM = ConcreteID CUSTOM not available AbstractID CUSTOM = AA17ncss8802243148538
 @State ConcreteID = SCmjqo886841600475570 AbstractID = SR1v1j63f6634211323176
 ConcreteID CUSTOM = SC1bar8mz69a923647836 AbstractID CUSTOM = SA1wwn1e86873901923220

	ROLE = LeftClickAt
	TARGET =
		WIDGET = WCydso3a2b2146624852, WR1p34e3y91942684430, WT1p34e3y91942684430, WP1oepz3c273602988164
		ROLE = UIASlider
		TITLE = 
		SHAPE = Rect [x:425.0 y:471.0 w:22.0 h:225.0]
		CHILDREN = 0
		PATH = [0, 0, 1, 0, 0, 0, 0, 0, 6, 3]
	DESCRIPTION = Left Click at ''
	TEXT = Compound Action =
		Move mouse to (436.0, 583.5).
		Press Mouse Button BUTTON1
		Release Mouse Button BUTTON1

ExecutedAction [38]: 
 @Action ConcreteID = AC1c29e9y7f419826295 AbstractID = AA1c29e9y7f419826295
 ConcreteID CUSTOM = ConcreteID CUSTOM not available AbstractID CUSTOM = AA1uqg6zb804112164407
 @State ConcreteID = SCmjqo886841600475570 AbstractID = SR1v1j63f6634211323176
 ConcreteID CUSTOM = SC1bar8mz69a923647836 AbstractID CUSTOM = SA1wwn1e86873901923220

	ROLE = LeftClickAt
	TARGET =
		WIDGET = WC1lhezj3191258746635, WR1h6ibpb92248851252, WT1h6ibpb92248851252, WP11lh0sx154244474631
		ROLE = UIAButton
		TITLE = 
		SHAPE = Rect [x:707.0 y:451.0 w:26.0 h:26.0]
		CHILDREN = 0
		PATH = [0, 3, 2, 3]
	DESCRIPTION = Left Click at ''
	TEXT = Compound Action =
		Move mouse to (720.0, 464.0).
		Press Mouse Button BUTTON1
		Release Mouse Button BUTTON1

ExecutedAction [39]: 
 @Action ConcreteID = AC1ecldo37f3666128233 AbstractID = AA1ecldo37f3666128233
 ConcreteID CUSTOM = ConcreteID CUSTOM not available AbstractID CUSTOM = AA1x0s6dg80915931433
 @State ConcreteID = SCmjqo886841600475570 AbstractID = SR1v1j63f6634211323176
 ConcreteID CUSTOM = SC1bar8mz69a923647836 AbstractID CUSTOM = SA1wwn1e86873901923220

	ROLE = LeftClickAt
	TARGET =
		WIDGET = WCksdzcq1d2531252402, WR10fgh33101836453781, WT10fgh33101836453781, WP33czns191586358005
		ROLE = UIACustomControl
		TITLE = 
		SHAPE = Rect [x:250.0 y:372.0 w:400.0 h:387.0]
		CHILDREN = 2
		PATH = [0, 0, 1]
	DESCRIPTION = Left Click at ''
	TEXT = Compound Action =
		Move mouse to (450.0, 565.5).
		Press Mouse Button BUTTON1
		Release Mouse Button BUTTON1

ExecutedAction [40]: 
 @Action ConcreteID = ACpsy89z7f553633080 AbstractID = AApsy89z7f553633080
 ConcreteID CUSTOM = ConcreteID CUSTOM not available AbstractID CUSTOM = AA18h50zc803437455736
 @State ConcreteID = SCmjqo886841600475570 AbstractID = SR1v1j63f6634211323176
 ConcreteID CUSTOM = SC1bar8mz69a923647836 AbstractID CUSTOM = SA1wwn1e86873901923220

	ROLE = LeftClickAt
	TARGET =
		WIDGET = WC1dqip5w261808108306, WR10fgh33101836453781, WT10fgh33101836453781, WPyiss4622142655700
		ROLE = UIACustomControl
		TITLE = 
		SHAPE = Rect [x:261.0 y:403.0 w:376.0 h:343.0]
		CHILDREN = 2
		PATH = [0, 0, 1, 0, 0, 0]
	DESCRIPTION = Left Click at ''
	TEXT = Compound Action =
		Move mouse to (449.0, 574.5).
		Press Mouse Button BUTTON1
		Release Mouse Button BUTTON1

ExecutedAction [41]: 
 @Action ConcreteID = AC9i7cde7f1980968291 AbstractID = AA9i7cde7f1980968291
 ConcreteID CUSTOM = ConcreteID CUSTOM not available AbstractID CUSTOM = AAs6e52r802584707363
 @State ConcreteID = SCmjqo886841600475570 AbstractID = SR1v1j63f6634211323176
 ConcreteID CUSTOM = SC1bar8mz69a923647836 AbstractID CUSTOM = SA1wwn1e86873901923220

	ROLE = LeftClickAt
	TARGET =
		WIDGET = WCydso2f2b1726600213, WR1p34e3y91942684430, WT1p34e3y91942684430, WP1oepz2h273487174085
		ROLE = UIASlider
		TITLE = 
		SHAPE = Rect [x:397.0 y:471.0 w:22.0 h:225.0]
		CHILDREN = 0
		PATH = [0, 0, 1, 0, 0, 0, 0, 0, 6, 2]
	DESCRIPTION = Left Click at ''
	TEXT = Compound Action =
		Move mouse to (408.0, 583.5).
		Press Mouse Button BUTTON1
		Release Mouse Button BUTTON1

ExecutedAction [42]: 
 @Action ConcreteID = ACg3mz3p7f2572882894 AbstractID = AAg3mz3p7f2572882894
 ConcreteID CUSTOM = ConcreteID CUSTOM not available AbstractID CUSTOM = AAyrtrt2801967636366
 @State ConcreteID = SCmjqo886841600475570 AbstractID = SR1v1j63f6634211323176
 ConcreteID CUSTOM = SC1bar8mz69a923647836 AbstractID CUSTOM = SA1wwn1e86873901923220

	ROLE = LeftClickAt
	TARGET =
		WIDGET = WC1pmpjm1233635091165, WR17v7k2nb1067391859, WT1p8hf68161996799177, WP19o0bpz1f64902350
		ROLE = UIAMenuItem
		TITLE = Video Alt+V
		SHAPE = Rect [x:823.0 y:370.0 w:47.0 h:20.0]
		CHILDREN = 0
		PATH = [0, 2, 3]
	DESCRIPTION = Left Click at 'Video Alt+V'
	TEXT = Compound Action =
		Move mouse to (846.5, 380.0).
		Press Mouse Button BUTTON1
		Release Mouse Button BUTTON1

ExecutedAction [43]: 
 @Action ConcreteID = AC1jptci67e1643713584 AbstractID = AA1jptci67e1643713584
 ConcreteID CUSTOM = ConcreteID CUSTOM not available AbstractID CUSTOM = AAsmfdk17e3338808428
 @State ConcreteID = SC598ypg7b0481652106 AbstractID = SR1oh6v078e96308376
 ConcreteID CUSTOM = SC1sji5s67c83373100642 AbstractID CUSTOM = SAkwe7xl7b3853419207

	ROLE = LeftClickAt
	TARGET =
		WIDGET = WCfl317c1c3034426427, WR88rmk0b1934231702, WT88rmk0b1934231702, WP1vfigti183649330840
		ROLE = UIACheckBox
		TITLE = 
		SHAPE = Rect [x:913.0 y:451.0 w:26.0 h:26.0]
		CHILDREN = 0
		PATH = [0, 3, 2, 10]
	DESCRIPTION = Left Click at ''
	TEXT = Compound Action =
		Move mouse to (926.0, 464.0).
		Press Mouse Button BUTTON1
		Release Mouse Button BUTTON1

ExecutedAction [44]: 
 @Action ConcreteID = ACbuvxay7e1336922605 AbstractID = AAbuvxay7e1336922605
 ConcreteID CUSTOM = ConcreteID CUSTOM not available AbstractID CUSTOM = AA1jsm0bx7e3914656177
 @State ConcreteID = SC598ypg7b0481652106 AbstractID = SR1oh6v078e96308376
 ConcreteID CUSTOM = SC1sji5s67c83373100642 AbstractID CUSTOM = SAkwe7xl7b3853419207

	ROLE = LeftClickAt
	TARGET =
		WIDGET = WCezur42c1245710026, WR1p34e3y91942684430, WT1p34e3y91942684430, WPpvfq2m283426412487
		ROLE = UIASlider
		TITLE = 
		SHAPE = Rect [x:565.0 y:471.0 w:22.0 h:225.0]
		CHILDREN = 0
		PATH = [0, 0, 1, 0, 0, 0, 0, 0, 6, 12]
	DESCRIPTION = Left Click at ''
	TEXT = Compound Action =
		Move mouse to (576.0, 583.5).
		Press Mouse Button BUTTON1
		Release Mouse Button BUTTON1

ExecutedAction [45]: 
 @Action ConcreteID = AC7o1n7c7f1352338593 AbstractID = AA7o1n7c7f1352338593
 ConcreteID CUSTOM = ConcreteID CUSTOM not available AbstractID CUSTOM = AAqc8fwp803163005153
 @State ConcreteID = SCmjqo886841600475570 AbstractID = SR1v1j63f6634211323176
 ConcreteID CUSTOM = SC1bar8mz69a923647836 AbstractID CUSTOM = SA1wwn1e86873901923220

	ROLE = LeftClickAt
	TARGET =
		WIDGET = WC1ulvvvz26808321606, WR17v7k2nb1067391859, WTpcm71l192027518401, WPtljekd224265867538
		ROLE = UIAMenuItem
		TITLE = Subtitle Alt+t
		SHAPE = Rect [x:870.0 y:370.0 w:57.0 h:20.0]
		CHILDREN = 0
		PATH = [0, 2, 4]
	DESCRIPTION = Left Click at 'Subtitle Alt+t'
	TEXT = Compound Action =
		Move mouse to (898.5, 380.0).
		Press Mouse Button BUTTON1
		Release Mouse Button BUTTON1

ExecutedAction [46]: 
 @Action ConcreteID = AC1jj86ka7f595210364 AbstractID = AA1jj86ka7f595210364
 ConcreteID CUSTOM = ConcreteID CUSTOM not available AbstractID CUSTOM = AAvixsrp803791998754
 @State ConcreteID = SC7jq7v36c01195000703 AbstractID = SR3le51o69e1099677296
 ConcreteID CUSTOM = SCpu05776d63642752069 AbstractID CUSTOM = SA14qdiau6c22598402325

	ROLE = LeftClickAt
	TARGET =
		WIDGET = WC111mv3r262102156175, WR17v7k2nb1067391859, WT7kxrdw19266625713, WP1rpm6kl222379553300
		ROLE = UIAMenuItem
		TITLE = Playback Alt+l
		SHAPE = Rect [x:710.0 y:370.0 w:64.0 h:20.0]
		CHILDREN = 0
		PATH = [0, 2, 1]
	DESCRIPTION = Left Click at 'Playback Alt+l'
	TEXT = Compound Action =
		Move mouse to (742.0, 380.0).
		Press Mouse Button BUTTON1
		Release Mouse Button BUTTON1

ExecutedAction [47]: 
 @Action ConcreteID = ACdns4sl7f102566357 AbstractID = AAdns4sl7f102566357
 ConcreteID CUSTOM = ConcreteID CUSTOM not available AbstractID CUSTOM = AAwbyxhy803925976469
 @State ConcreteID = SCmjqo886841600475570 AbstractID = SR1v1j63f6634211323176
 ConcreteID CUSTOM = SC1bar8mz69a923647836 AbstractID CUSTOM = SA1wwn1e86873901923220

	ROLE = LeftClickAt
	TARGET =
		WIDGET = WCezupe2c2021024840, WR1p34e3y91942684430, WT1p34e3y91942684430, WPpvfq0w284262233413
		ROLE = UIASlider
		TITLE = 
		SHAPE = Rect [x:537.0 y:471.0 w:22.0 h:225.0]
		CHILDREN = 0
		PATH = [0, 0, 1, 0, 0, 0, 0, 0, 6, 10]
	DESCRIPTION = Left Click at ''
	TEXT = Compound Action =
		Move mouse to (548.0, 583.5).
		Press Mouse Button BUTTON1
		Release Mouse Button BUTTON1

ExecutedAction [48]: 
 @Action ConcreteID = ACy5ndvl7f3286323234 AbstractID = AAy5ndvl7f3286323234
 ConcreteID CUSTOM = ConcreteID CUSTOM not available AbstractID CUSTOM = AA1gtu6ky80805174370
 @State ConcreteID = SCmjqo886841600475570 AbstractID = SR1v1j63f6634211323176
 ConcreteID CUSTOM = SC1bar8mz69a923647836 AbstractID CUSTOM = SA1wwn1e86873901923220

	ROLE = LeftClickAt
	TARGET =
		WIDGET = WCv32r2k2323202859, WR17v7k2nb1067391859, WT12et6eo161830467638, WP187i2561f1884996562
		ROLE = UIAMenuItem
		TITLE = Media Alt+M
		SHAPE = Rect [x:660.0 y:370.0 w:50.0 h:20.0]
		CHILDREN = 0
		PATH = [0, 2, 0]
	DESCRIPTION = Left Click at 'Media Alt+M'
	TEXT = Compound Action =
		Move mouse to (685.0, 380.0).
		Press Mouse Button BUTTON1
		Release Mouse Button BUTTON1

ExecutedAction [49]: 
 @Action ConcreteID = AC1ijs7jb7f2422915767 AbstractID = AA1ijs7jb7f2422915767
 ConcreteID CUSTOM = ConcreteID CUSTOM not available AbstractID CUSTOM = AAze21fu802709419769
 @State ConcreteID = SCwe3fex7c43544073347 AbstractID = SR1obu9vq7a22091158392
 ConcreteID CUSTOM = SC1ltp2ws7db859735468 AbstractID CUSTOM = SA1ngvnq07c31073792763

	ROLE = LeftClickAt
	TARGET =
		WIDGET = WC111mv3r262102156175, WR17v7k2nb1067391859, WT7kxrdw19266625713, WP1rpm6kl222379553300
		ROLE = UIAMenuItem
		TITLE = Playback Alt+l
		SHAPE = Rect [x:710.0 y:370.0 w:64.0 h:20.0]
		CHILDREN = 0
		PATH = [0, 2, 1]
	DESCRIPTION = Left Click at 'Playback Alt+l'
	TEXT = Compound Action =
		Move mouse to (742.0, 380.0).
		Press Mouse Button BUTTON1
		Release Mouse Button BUTTON1

ExecutedAction [50]: 
 @Action ConcreteID = ACipzygd7f2521541144 AbstractID = AAipzygd7f2521541144
 ConcreteID CUSTOM = ConcreteID CUSTOM not available AbstractID CUSTOM = AA11e6r5q802052523608
 @State ConcreteID = SCmjqo886841600475570 AbstractID = SR1v1j63f6634211323176
 ConcreteID CUSTOM = SC1bar8mz69a923647836 AbstractID CUSTOM = SA1wwn1e86873901923220

	ROLE = LeftClickAt
	TARGET =
		WIDGET = WCudm5vj2e1662650780, WR1k8fo0ra1109144095, WT1u6eeu5122310558738, WP1ennb5d2a2628714310
		ROLE = UIATabItem
		TITLE = Advanced
		SHAPE = Rect [x:391.0 y:403.0 w:24.0 h:21.0]
		CHILDREN = 0
		PATH = [0, 0, 1, 0, 0, 0, 1, 4]
	DESCRIPTION = Left Click at 'Advanced'
	TEXT = Compound Action =
		Move mouse to (403.0, 413.5).
		Press Mouse Button BUTTON1
		Release Mouse Button BUTTON1

ExecutedAction [51]: 
 @Action ConcreteID = ACgtw093803191522296 AbstractID = AAgtw093803191522296
 ConcreteID CUSTOM = ConcreteID CUSTOM not available AbstractID CUSTOM = AA1giqape801524718846
 @State ConcreteID = SC1orip2q4f82449219607 AbstractID = SRl1kj6h4e42225969024
 ConcreteID CUSTOM = SCcge34z500738201500 AbstractID CUSTOM = SA1cb75bw4f13312164511

	ROLE = LeftClickAt
	TARGET =
		WIDGET = WC1kvrl7a241388749283, WR1h6ibpb92248851252, WTfj8swh143379978768, WP12mswso201927676573
		ROLE = UIAButton
		TITLE = Close Enter
		SHAPE = Rect [x:494.0 y:762.0 w:75.0 h:23.0]
		CHILDREN = 0
		PATH = [0, 0, 2, 1]
	DESCRIPTION = Left Click at 'Close Enter'
	TEXT = Compound Action =
		Move mouse to (531.5, 773.5).
		Press Mouse Button BUTTON1
		Release Mouse Button BUTTON1

ExecutedAction [52]: 
 @Action ConcreteID = AC1wseog77f3142575665 AbstractID = AA1wseog77f3142575665
 ConcreteID CUSTOM = ConcreteID CUSTOM not available AbstractID CUSTOM = AA76qqmo7f1147625835
 @State ConcreteID = SCuyuhmv2ed1671011042 AbstractID = SRrwz38n2e02745166178
 ConcreteID CUSTOM = SCilua512e62032480990 AbstractID CUSTOM = SA66n57f2eb1498926942

	ROLE = LeftClickAt
	TARGET =
		WIDGET = WC1wr6twp233179607085, WR17v7k2nb1067391859, WTwtxn65161410781764, WPzq9smv1f824583798
		ROLE = UIAMenuItem
		TITLE = Tools Alt+s
		SHAPE = Rect [x:927.0 y:370.0 w:45.0 h:20.0]
		CHILDREN = 0
		PATH = [0, 1, 5]
	DESCRIPTION = Left Click at 'Tools Alt+s'
	TEXT = Compound Action =
		Move mouse to (949.5, 380.0).
		Press Mouse Button BUTTON1
		Release Mouse Button BUTTON1

ExecutedAction [53]: 
 @Action ConcreteID = ACdv0cal811984159827 AbstractID = AAdv0cal811984159827
 ConcreteID CUSTOM = ConcreteID CUSTOM not available AbstractID CUSTOM = AAf3prlr7f2796319226
 @State ConcreteID = SC1sdsafn3dc3087426913 AbstractID = SR1q7hin23cf1640540744
 ConcreteID CUSTOM = SC14ccjwt3d83926045419 AbstractID CUSTOM = SAxs9xpw3d8188395937

	ROLE = LeftClickAt
	TARGET =
		WIDGET = WC195wtvf2d3574304775, WR17v7k2nb1067391859, WT750jko233243750048, WP1l67ewd293563415049
		ROLE = UIAMenuItem
		TITLE = Media Information Ctrl+I
		SHAPE = Rect [x:930.0 y:437.0 w:258.0 h:22.0]
		CHILDREN = 0
		PATH = [1, 2]
	DESCRIPTION = Left Click at 'Media Information Ctrl+I'
	TEXT = Compound Action =
		Move mouse to (1059.0, 448.0).
		Press Mouse Button BUTTON1
		Release Mouse Button BUTTON1

ExecutedAction [54]: 
 @Action ConcreteID = AC1bdditf7f501002235 AbstractID = AA1bdditf7f501002235
 ConcreteID CUSTOM = ConcreteID CUSTOM not available AbstractID CUSTOM = AA9y3u047e208479904
 @State ConcreteID = SC1b7tvpj686242765578 AbstractID = SR10ucf2664c1110881585
 ConcreteID CUSTOM = SCvbnsvc68a840571044 AbstractID CUSTOM = SA1vitkm68b414819833

	ROLE = LeftClickAt
	TARGET =
		WIDGET = WC1rsxqrn201996496869, WR10fgh33101836453781, WT10fgh33101836453781, WPq6c2b91c3329601485
		ROLE = UIACustomControl
		TITLE = 
		SHAPE = Rect [x:673.0 y:373.0 w:572.0 h:378.0]
		CHILDREN = 27
		PATH = [1, 1, 0, 0]
	DESCRIPTION = Left Click at ''
	TEXT = Compound Action =
		Move mouse to (959.0, 562.0).
		Press Mouse Button BUTTON1
		Release Mouse Button BUTTON1

ExecutedAction [55]: 
 @Action ConcreteID = AC19b0hle123292203266 AbstractID = AA1qdlvlqd41063915527
 ConcreteID CUSTOM = ConcreteID CUSTOM not available AbstractID CUSTOM = AAspyugtd31622773654
 @State ConcreteID = SC1b7tvpj686242765578 AbstractID = SR10ucf2664c1110881585
 ConcreteID CUSTOM = SCvbnsvc68a840571044 AbstractID CUSTOM = SA1vitkm68b414819833

	ROLE = ClickTypeInto
	TARGET =
		WIDGET = WCz4jx4w1a3194629811, WR4n0dlj72701565195, WT4n0dlj72701565195, WP11gsbpq161775942021
		ROLE = UIAEdit
		TITLE = 
		SHAPE = Rect [x:682.0 y:428.0 w:554.0 h:20.0]
		CHILDREN = 0
		PATH = [1, 1, 0, 0, 3]
	DESCRIPTION = Type '<a href="\x16jav...' into '
	TEXT = Compound Action =
		Compound Action =
		Move mouse to (959.0, 438.0).
		Press Mouse Button BUTTON1
		Release Mouse Button BUTTON1
		Press Key 17
		Press Key 65
		Release Key 65
		Release Key 17
		Type text '<a href="\x16javascript:javascript:alert(1)" id="fuzzelement1">test</a>'

ExecutedAction [56]: 
 @Action ConcreteID = AC1acy5vw7f2002479385 AbstractID = AA1acy5vw7f2002479385
 ConcreteID CUSTOM = ConcreteID CUSTOM not available AbstractID CUSTOM = AAe94gdk801393505769
 @State ConcreteID = SC6wrky769b2384501276 AbstractID = SR17n3nd36602501224779
 ConcreteID CUSTOM = SCdaij7v69f2738706729 AbstractID CUSTOM = SA13o6x4j6a03593425558

	ROLE = LeftClickAt
	TARGET =
		WIDGET = WCvmdro22a211089365, WR1k8fo0ra1109144095, WT1kbveb41a1216190760, WPgqmys26995986104
		ROLE = UIATabItem
		TITLE = Statistics Alt+t
		SHAPE = Rect [x:754.0 y:351.0 w:24.0 h:21.0]
		CHILDREN = 0
		PATH = [1, 1, 1, 3]
	DESCRIPTION = Left Click at 'Statistics Alt+t'
	TEXT = Compound Action =
		Move mouse to (766.0, 361.5).
		Press Mouse Button BUTTON1
		Release Mouse Button BUTTON1

ExecutedAction [57]: 
 @Action ConcreteID = AC1nuk3y6801580487957 AbstractID = AA1nuk3y6801580487957
 ConcreteID CUSTOM = ConcreteID CUSTOM not available AbstractID CUSTOM = AA8ffwx07f3373106294
 @State ConcreteID = SC1ulc3w18054278131022 AbstractID = SRtxybn27bf3483015939
 ConcreteID CUSTOM = SC1pyzuie812173150665 AbstractID CUSTOM = SA54035d8052772781289

	ROLE = LeftClickAt
	TARGET =
		WIDGET = WCx3fgp7232039102110, WR5quxi6b4097176690, WT102eqqac1243937477, WPdw432x1f3912452564
		ROLE = UIATreeItem
		TITLE = 0
		SHAPE = Rect [x:855.0 y:504.0 w:200.0 h:17.0]
		CHILDREN = 0
		PATH = [1, 1, 0, 0, 1, 19]
	DESCRIPTION = Left Click at '0'
	TEXT = Compound Action =
		Move mouse to (955.0, 512.5).
		Press Mouse Button BUTTON1
		Release Mouse Button BUTTON1

ExecutedAction [58]: 
 @Action ConcreteID = ACejyitp812264520116 AbstractID = AAejyitp812264520116
 ConcreteID CUSTOM = ConcreteID CUSTOM not available AbstractID CUSTOM = AA1i8xq93801389747335
 @State ConcreteID = SC1ulc3w18054278131022 AbstractID = SRtxybn27bf3483015939
 ConcreteID CUSTOM = SC1pyzuie812173150665 AbstractID CUSTOM = SA54035d8052772781289

	ROLE = LeftClickAt
	TARGET =
		WIDGET = WCrfhkal253252509747, WR5quxi6b4097176690, WT1w9pg2ue3732215601, WP1dy94jv211424289583
		ROLE = UIATreeItem
		TITLE = KiB
		SHAPE = Rect [x:1055.0 y:589.0 w:180.0 h:17.0]
		CHILDREN = 0
		PATH = [1, 1, 0, 0, 1, 35]
	DESCRIPTION = Left Click at 'KiB'
	TEXT = Compound Action =
		Move mouse to (1145.0, 597.5).
		Press Mouse Button BUTTON1
		Release Mouse Button BUTTON1

ExecutedAction [59]: 
 @Action ConcreteID = ACbfczfa803793420452 AbstractID = AAbfczfa803793420452
 ConcreteID CUSTOM = ConcreteID CUSTOM not available AbstractID CUSTOM = AAv1cud87f1965216199
 @State ConcreteID = SC1ulc3w18054278131022 AbstractID = SRtxybn27bf3483015939
 ConcreteID CUSTOM = SC1pyzuie812173150665 AbstractID CUSTOM = SA54035d8052772781289

	ROLE = LeftClickAt
	TARGET =
		WIDGET = WC1fbb2e920939640774, WR10fgh33101836453781, WT10fgh33101836453781, WPdopdxv1c2306111470
		ROLE = UIACustomControl
		TITLE = 
		SHAPE = Rect [x:660.0 y:391.0 w:485.0 h:30.0]
		CHILDREN = 0
		PATH = [0, 2, 0, 0]
	DESCRIPTION = Left Click at ''
	TEXT = Compound Action =
		Move mouse to (902.5, 406.0).
		Press Mouse Button BUTTON1
		Release Mouse Button BUTTON1

ExecutedAction [60]: 
 @Action ConcreteID = ACxwjet58042036177 AbstractID = AAxwjet58042036177
 ConcreteID CUSTOM = ConcreteID CUSTOM not available AbstractID CUSTOM = AA1hij9r37f2511911602
 @State ConcreteID = SC1ulc3w18054278131022 AbstractID = SRtxybn27bf3483015939
 ConcreteID CUSTOM = SC1pyzuie812173150665 AbstractID CUSTOM = SA54035d8052772781289

	ROLE = LeftClickAt
	TARGET =
		WIDGET = WCsnsigw192276258709, WR1h6ibpb92248851252, WT1h6ibpb92248851252, WP8rujqq15811043737
		ROLE = UIAButton
		TITLE = 
		SHAPE = Rect [x:707.0 y:451.0 w:26.0 h:26.0]
		CHILDREN = 0
		PATH = [0, 2, 2, 3]
	DESCRIPTION = Left Click at ''
	TEXT = Compound Action =
		Move mouse to (720.0, 464.0).
		Press Mouse Button BUTTON1
		Release Mouse Button BUTTON1

ExecutedAction [61]: 
 @Action ConcreteID = AC5tg2ik801819078386 AbstractID = AA5tg2ik801819078386
 ConcreteID CUSTOM = ConcreteID CUSTOM not available AbstractID CUSTOM = AApffxgi7f4216668049
 @State ConcreteID = SC1ulc3w18054278131022 AbstractID = SRtxybn27bf3483015939
 ConcreteID CUSTOM = SC1pyzuie812173150665 AbstractID CUSTOM = SA54035d8052772781289

	ROLE = LeftClickAt
	TARGET =
		WIDGET = WC3dpc7y332899219517, WR5quxi6b4097176690, WTvorj8n1c849696587, WP1e2r9po2f2414675537
		ROLE = UIATreeItem
		TITLE = Demuxed data size
		SHAPE = Rect [x:723.0 y:589.0 w:132.0 h:17.0]
		CHILDREN = 0
		PATH = [1, 1, 0, 0, 1, 33]
	DESCRIPTION = Left Click at 'Demuxed data size'
	TEXT = Compound Action =
		Move mouse to (789.0, 597.5).
		Press Mouse Button BUTTON1
		Release Mouse Button BUTTON1

ExecutedAction [62]: 
 @Action ConcreteID = AC1mty88h80745576055 AbstractID = AA1mty88h80745576055
 ConcreteID CUSTOM = ConcreteID CUSTOM not available AbstractID CUSTOM = AA7eu17b7f3142141716
 @State ConcreteID = SC1ulc3w18054278131022 AbstractID = SRtxybn27bf3483015939
 ConcreteID CUSTOM = SC1pyzuie812173150665 AbstractID CUSTOM = SA54035d8052772781289

	ROLE = LeftClickAt
	TARGET =
		WIDGET = WC19h71zr1c2745612408, WR88rmk0b1934231702, WT88rmk0b1934231702, WPqaifmt183472837339
		ROLE = UIACheckBox
		TITLE = 
		SHAPE = Rect [x:913.0 y:451.0 w:26.0 h:26.0]
		CHILDREN = 0
		PATH = [0, 2, 2, 10]
	DESCRIPTION = Left Click at ''
	TEXT = Compound Action =
		Move mouse to (926.0, 464.0).
		Press Mouse Button BUTTON1
		Release Mouse Button BUTTON1

ExecutedAction [63]: 
 @Action ConcreteID = AC1f69cdx801331149533 AbstractID = AA1f69cdx801331149533
 ConcreteID CUSTOM = ConcreteID CUSTOM not available AbstractID CUSTOM = AA1ys97bv7f3631115198
 @State ConcreteID = SC1ulc3w18054278131022 AbstractID = SRtxybn27bf3483015939
 ConcreteID CUSTOM = SC1pyzuie812173150665 AbstractID CUSTOM = SA54035d8052772781289

	ROLE = LeftClickAt
	TARGET =
		WIDGET = WCqo6bfv1b3993562100, WR88rmk0b1934231702, WT88rmk0b1934231702, WP5fia59171780392929
		ROLE = UIACheckBox
		TITLE = 
		SHAPE = Rect [x:887.0 y:451.0 w:26.0 h:26.0]
		CHILDREN = 0
		PATH = [0, 2, 2, 9]
	DESCRIPTION = Left Click at ''
	TEXT = Compound Action =
		Move mouse to (900.0, 464.0).
		Press Mouse Button BUTTON1
		Release Mouse Button BUTTON1

ExecutedAction [64]: 
 @Action ConcreteID = AC1mty88h80745576055 AbstractID = AA1mty88h80745576055
 ConcreteID CUSTOM = ConcreteID CUSTOM not available AbstractID CUSTOM = AA7eu17b7f3142141716
 @State ConcreteID = SC1ulc3w18054278131022 AbstractID = SRtxybn27bf3483015939
 ConcreteID CUSTOM = SC1pyzuie812173150665 AbstractID CUSTOM = SA54035d8052772781289

	ROLE = LeftClickAt
	TARGET =
		WIDGET = WC19h71zr1c2745612408, WR88rmk0b1934231702, WT88rmk0b1934231702, WPqaifmt183472837339
		ROLE = UIACheckBox
		TITLE = 
		SHAPE = Rect [x:913.0 y:451.0 w:26.0 h:26.0]
		CHILDREN = 0
		PATH = [0, 2, 2, 10]
	DESCRIPTION = Left Click at ''
	TEXT = Compound Action =
		Move mouse to (926.0, 464.0).
		Press Mouse Button BUTTON1
		Release Mouse Button BUTTON1

ExecutedAction [65]: 
 @Action ConcreteID = AC6058uo804051273694 AbstractID = AA6058uo804051273694
 ConcreteID CUSTOM = ConcreteID CUSTOM not available AbstractID CUSTOM = AApm53sm7f1715492541
 @State ConcreteID = SC1ulc3w18054278131022 AbstractID = SRtxybn27bf3483015939
 ConcreteID CUSTOM = SC1pyzuie812173150665 AbstractID CUSTOM = SA54035d8052772781289

	ROLE = LeftClickAt
	TARGET =
		WIDGET = WC117me3u22367970642, WR17v7k2nb1067391859, WT1y895rf152412617792, WP15oh92w1e2024737031
		ROLE = UIAMenuItem
		TITLE = View Alt+i
		SHAPE = Rect [x:972.0 y:370.0 w:41.0 h:20.0]
		CHILDREN = 0
		PATH = [0, 1, 6]
	DESCRIPTION = Left Click at 'View Alt+i'
	TEXT = Compound Action =
		Move mouse to (992.5, 380.0).
		Press Mouse Button BUTTON1
		Release Mouse Button BUTTON1

ExecutedAction [66]: 
 @Action ConcreteID = AC1ppb82r803401562563 AbstractID = AA1ppb82r803401562563
 ConcreteID CUSTOM = ConcreteID CUSTOM not available AbstractID CUSTOM = AAaa711l7f1569089696
 @State ConcreteID = SC1ulc3w18054278131022 AbstractID = SRtxybn27bf3483015939
 ConcreteID CUSTOM = SC1pyzuie812173150665 AbstractID CUSTOM = SA54035d8052772781289

	ROLE = LeftClickAt
	TARGET =
		WIDGET = WC1wevh5j383113500368, WR5quxi6b4097176690, WT8pmz3k211004404354, WP1hiztx343457302879
		ROLE = UIATreeItem
		TITLE = Dropped (discontinued)
		SHAPE = Rect [x:723.0 y:640.0 w:132.0 h:17.0]
		CHILDREN = 0
		PATH = [1, 1, 0, 0, 1, 42]
	DESCRIPTION = Left Click at 'Dropped (discontinued)'
	TEXT = Compound Action =
		Move mouse to (789.0, 648.5).
		Press Mouse Button BUTTON1
		Release Mouse Button BUTTON1

ExecutedAction [67]: 
 @Action ConcreteID = ACqo911b80132927537 AbstractID = AAqo911b80132927537
 ConcreteID CUSTOM = ConcreteID CUSTOM not available AbstractID CUSTOM = AA1aa8vz97f2429911378
 @State ConcreteID = SC1ulc3w18054278131022 AbstractID = SRtxybn27bf3483015939
 ConcreteID CUSTOM = SC1pyzuie812173150665 AbstractID CUSTOM = SA54035d8052772781289

	ROLE = LeftClickAt
	TARGET =
		WIDGET = WC4f88r2b708973800, WR5quxi6b4097176690, WT1fiqxr7142070968589, WP1hlco5l27202532287
		ROLE = UIATreeItem
		TITLE = Displayed
		SHAPE = Rect [x:723.0 y:504.0 w:132.0 h:17.0]
		CHILDREN = 0
		PATH = [1, 1, 0, 0, 1, 18]
	DESCRIPTION = Left Click at 'Displayed'
	TEXT = Compound Action =
		Move mouse to (789.0, 512.5).
		Press Mouse Button BUTTON1
		Release Mouse Button BUTTON1

ExecutedAction [68]: 
 @Action ConcreteID = AC1gp1g1f80603334139 AbstractID = AA1gp1g1f80603334139
 ConcreteID CUSTOM = ConcreteID CUSTOM not available AbstractID CUSTOM = AA19x9097f3033527448
 @State ConcreteID = SC1ulc3w18054278131022 AbstractID = SRtxybn27bf3483015939
 ConcreteID CUSTOM = SC1pyzuie812173150665 AbstractID CUSTOM = SA54035d8052772781289

	ROLE = LeftClickAt
	TARGET =
		WIDGET = WCui7jfy1a2146545094, WR4na8ob72534219213, WT4na8ob72534219213, WP1ofget8161657030550
		ROLE = UIATree
		TITLE = 
		SHAPE = Rect [x:682.0 y:401.0 w:554.0 h:341.0]
		CHILDREN = 45
		PATH = [1, 1, 0, 0, 1]
	DESCRIPTION = Left Click at ''
	TEXT = Compound Action =
		Move mouse to (959.0, 571.5).
		Press Mouse Button BUTTON1
		Release Mouse Button BUTTON1

ExecutedAction [69]: 
 @Action ConcreteID = ACobnq2g80339242120 AbstractID = AAobnq2g80339242120
 ConcreteID CUSTOM = ConcreteID CUSTOM not available AbstractID CUSTOM = AA17xnl0e7f2197929451
 @State ConcreteID = SC1ulc3w18054278131022 AbstractID = SRtxybn27bf3483015939
 ConcreteID CUSTOM = SC1pyzuie812173150665 AbstractID CUSTOM = SA54035d8052772781289

	ROLE = LeftClickAt
	TARGET =
		WIDGET = WCx3fgmm234262602321, WR5quxi6b4097176690, WT102eqqac1243937477, WPdw430c1f1856722203
		ROLE = UIATreeItem
		TITLE = 0
		SHAPE = Rect [x:855.0 y:487.0 w:200.0 h:17.0]
		CHILDREN = 0
		PATH = [1, 1, 0, 0, 1, 16]
	DESCRIPTION = Left Click at '0'
	TEXT = Compound Action =
		Move mouse to (955.0, 495.5).
		Press Mouse Button BUTTON1
		Release Mouse Button BUTTON1

ExecutedAction [70]: 
 @Action ConcreteID = AC3yoydz80878867710 AbstractID = AA3yoydz80878867710
 ConcreteID CUSTOM = ConcreteID CUSTOM not available AbstractID CUSTOM = AAnkotbx7f2740692381
 @State ConcreteID = SC1ulc3w18054278131022 AbstractID = SRtxybn27bf3483015939
 ConcreteID CUSTOM = SC1pyzuie812173150665 AbstractID CUSTOM = SA54035d8052772781289

	ROLE = LeftClickAt
	TARGET =
		WIDGET = WCx3fghg232823324119, WR5quxi6b4097176690, WT102eqqac1243937477, WPdw42v61f955380381
		ROLE = UIATreeItem
		TITLE = 0
		SHAPE = Rect [x:855.0 y:453.0 w:200.0 h:17.0]
		CHILDREN = 0
		PATH = [1, 1, 0, 0, 1, 10]
	DESCRIPTION = Left Click at '0'
	TEXT = Compound Action =
		Move mouse to (955.0, 461.5).
		Press Mouse Button BUTTON1
		Release Mouse Button BUTTON1

ExecutedAction [71]: 
 @Action ConcreteID = ACxwjet58042036177 AbstractID = AAxwjet58042036177
 ConcreteID CUSTOM = ConcreteID CUSTOM not available AbstractID CUSTOM = AA1hij9r37f2511911602
 @State ConcreteID = SC1ulc3w18054278131022 AbstractID = SRtxybn27bf3483015939
 ConcreteID CUSTOM = SC1pyzuie812173150665 AbstractID CUSTOM = SA54035d8052772781289

	ROLE = LeftClickAt
	TARGET =
		WIDGET = WCsnsigw192276258709, WR1h6ibpb92248851252, WT1h6ibpb92248851252, WP8rujqq15811043737
		ROLE = UIAButton
		TITLE = 
		SHAPE = Rect [x:707.0 y:451.0 w:26.0 h:26.0]
		CHILDREN = 0
		PATH = [0, 2, 2, 3]
	DESCRIPTION = Left Click at ''
	TEXT = Compound Action =
		Move mouse to (720.0, 464.0).
		Press Mouse Button BUTTON1
		Release Mouse Button BUTTON1

ExecutedAction [72]: 
 @Action ConcreteID = ACsr8xiu801467113599 AbstractID = AAsr8xiu801467113599
 ConcreteID CUSTOM = ConcreteID CUSTOM not available AbstractID CUSTOM = AA1cd8sgs7f3226186012
 @State ConcreteID = SC1ulc3w18054278131022 AbstractID = SRtxybn27bf3483015939
 ConcreteID CUSTOM = SC1pyzuie812173150665 AbstractID CUSTOM = SA54035d8052772781289

	ROLE = LeftClickAt
	TARGET =
		WIDGET = WCsnsig1192662843092, WR1h6ibpb92248851252, WT1h6ibpb92248851252, WP8rujpv15692894424
		ROLE = UIAButton
		TITLE = 
		SHAPE = Rect [x:663.0 y:448.0 w:32.0 h:32.0]
		CHILDREN = 0
		PATH = [0, 2, 2, 2]
	DESCRIPTION = Left Click at ''
	TEXT = Compound Action =
		Move mouse to (679.0, 464.0).
		Press Mouse Button BUTTON1
		Release Mouse Button BUTTON1

ExecutedAction [73]: 
 @Action ConcreteID = AC11ku8md801411367816 AbstractID = AA11ku8md801411367816
 ConcreteID CUSTOM = ConcreteID CUSTOM not available AbstractID CUSTOM = AA1l6u3kb7f3274052331
 @State ConcreteID = SC1ulc3w18054278131022 AbstractID = SRtxybn27bf3483015939
 ConcreteID CUSTOM = SC1pyzuie812173150665 AbstractID CUSTOM = SA54035d8052772781289

	ROLE = LeftClickAt
	TARGET =
		WIDGET = WC1gfug04263294251986, WR5quxi6b4097176690, WT1kgo1uqf2339204156, WP190sa8i221906308244
		ROLE = UIATreeItem
		TITLE = Lost
		SHAPE = Rect [x:723.0 y:521.0 w:132.0 h:17.0]
		CHILDREN = 0
		PATH = [1, 1, 0, 0, 1, 21]
	DESCRIPTION = Left Click at 'Lost'
	TEXT = Compound Action =
		Move mouse to (789.0, 529.5).
		Press Mouse Button BUTTON1
		Release Mouse Button BUTTON1

ExecutedAction [74]: 
 @Action ConcreteID = AC14svlte802588955239 AbstractID = AA14svlte802588955239
 ConcreteID CUSTOM = ConcreteID CUSTOM not available AbstractID CUSTOM = AA1oevgrc7f225018628
 @State ConcreteID = SC1ulc3w18054278131022 AbstractID = SRtxybn27bf3483015939
 ConcreteID CUSTOM = SC1pyzuie812173150665 AbstractID CUSTOM = SA54035d8052772781289

	ROLE = LeftClickAt
	TARGET =
		WIDGET = WC11132ie26988553567, WR17v7k2nb1067391859, WT7kxrdw19266625713, WP1rp2dz8223396690116
		ROLE = UIAMenuItem
		TITLE = Playback Alt+l
		SHAPE = Rect [x:710.0 y:370.0 w:64.0 h:20.0]
		CHILDREN = 0
		PATH = [0, 1, 1]
	DESCRIPTION = Left Click at 'Playback Alt+l'
	TEXT = Compound Action =
		Move mouse to (742.0, 380.0).
		Press Mouse Button BUTTON1
		Release Mouse Button BUTTON1

ExecutedAction [75]: 
 @Action ConcreteID = AC1j73a8b811698593406 AbstractID = AA1j73a8b811698593406
 ConcreteID CUSTOM = ConcreteID CUSTOM not available AbstractID CUSTOM = AAnuyfol802970776397
 @State ConcreteID = SC1ulc3w18054278131022 AbstractID = SRtxybn27bf3483015939
 ConcreteID CUSTOM = SC1pyzuie812173150665 AbstractID CUSTOM = SA54035d8052772781289

	ROLE = LeftClickAt
	TARGET =
		WIDGET = WC1eubo1e1e529781038, WR1h6ibpb92248851252, WTfj8swh143379978768, WPt24w6c1a127743040
		ROLE = UIAButton
		TITLE = Close Enter
		SHAPE = Rect [x:1174.0 y:787.0 w:75.0 h:23.0]
		CHILDREN = 0
		PATH = [1, 4]
	DESCRIPTION = Left Click at 'Close Enter'
	TEXT = Compound Action =
		Move mouse to (1211.5, 798.5).
		Press Mouse Button BUTTON1
		Release Mouse Button BUTTON1

ExecutedAction [76]: 
 @Action ConcreteID = AC1odxiyb7f2499815128 AbstractID = AA1odxiyb7f2499815128
 ConcreteID CUSTOM = ConcreteID CUSTOM not available AbstractID CUSTOM = AA1xtdn3w7f1781047682
 @State ConcreteID = SCuyuhmv2ed1671011042 AbstractID = SRrwz38n2e02745166178
 ConcreteID CUSTOM = SCilua512e62032480990 AbstractID CUSTOM = SA66n57f2eb1498926942

	ROLE = LeftClickAt
	TARGET =
		WIDGET = WC117me3u22367970642, WR17v7k2nb1067391859, WT1y895rf152412617792, WP15oh92w1e2024737031
		ROLE = UIAMenuItem
		TITLE = View Alt+i
		SHAPE = Rect [x:972.0 y:370.0 w:41.0 h:20.0]
		CHILDREN = 0
		PATH = [0, 1, 6]
	DESCRIPTION = Left Click at 'View Alt+i'
	TEXT = Compound Action =
		Move mouse to (992.5, 380.0).
		Press Mouse Button BUTTON1
		Release Mouse Button BUTTON1

ExecutedAction [77]: 
 @Action ConcreteID = ACpkueld7f3489262545 AbstractID = AApkueld7f3489262545
 ConcreteID CUSTOM = ConcreteID CUSTOM not available AbstractID CUSTOM = AAvs3ozx804244605198
 @State ConcreteID = SChqpojn4194058195125 AbstractID = SRlgodq640b316168717
 ConcreteID CUSTOM = SC1606h4r4172188029270 AbstractID CUSTOM = SA17g009c4143267707644

	ROLE = LeftClickAt
	TARGET =
		WIDGET = WC1fbb2e920939640774, WR10fgh33101836453781, WT10fgh33101836453781, WPdopdxv1c2306111470
		ROLE = UIACustomControl
		TITLE = 
		SHAPE = Rect [x:660.0 y:391.0 w:485.0 h:30.0]
		CHILDREN = 0
		PATH = [0, 2, 0, 0]
	DESCRIPTION = Left Click at ''
	TEXT = Compound Action =
		Move mouse to (902.5, 406.0).
		Press Mouse Button BUTTON1
		Release Mouse Button BUTTON1

ExecutedAction [78]: 
 @Action ConcreteID = ACzbmijn80587173165 AbstractID = AAzbmijn80587173165
 ConcreteID CUSTOM = ConcreteID CUSTOM not available AbstractID CUSTOM = AA17i1vga802847808832
 @State ConcreteID = SCuyuhmv2ed1671011042 AbstractID = SRrwz38n2e02745166178
 ConcreteID CUSTOM = SCilua512e62032480990 AbstractID CUSTOM = SA66n57f2eb1498926942

	ROLE = LeftClickAt
	TARGET =
		WIDGET = WC5xpkbv1c2341201004, WR1p34e3y91942684430, WT1p34e3y91942684430, WP1apngjd183937737785
		ROLE = UIASlider
		TITLE = 
		SHAPE = Rect [x:1047.0 y:454.0 w:85.0 h:26.0]
		CHILDREN = 0
		PATH = [0, 2, 2, 0, 1]
	DESCRIPTION = Left Click at ''
	TEXT = Compound Action =
		Move mouse to (1089.5, 467.0).
		Press Mouse Button BUTTON1
		Release Mouse Button BUTTON1

ExecutedAction [79]: 
 @Action ConcreteID = ACsy0hsm7f3427586396 AbstractID = AAsy0hsm7f3427586396
 ConcreteID CUSTOM = ConcreteID CUSTOM not available AbstractID CUSTOM = AA12dgly77f862213638
 @State ConcreteID = SCuyuhmv2ed1671011042 AbstractID = SRrwz38n2e02745166178
 ConcreteID CUSTOM = SCilua512e62032480990 AbstractID CUSTOM = SA66n57f2eb1498926942

	ROLE = LeftClickAt
	TARGET =
		WIDGET = WC16jbmg11a1783434451, WR10fgh33101836453781, WT10fgh33101836453781, WP1guga8j162634643805
		ROLE = UIACustomControl
		TITLE = 
		SHAPE = Rect [x:660.0 y:391.0 w:485.0 h:90.0]
		CHILDREN = 3
		PATH = [0, 2]
	DESCRIPTION = Left Click at ''
	TEXT = Compound Action =
		Move mouse to (902.5, 436.0).
		Press Mouse Button BUTTON1
		Release Mouse Button BUTTON1

ExecutedAction [80]: 
 @Action ConcreteID = AC1wseog77f3142575665 AbstractID = AA1wseog77f3142575665
 ConcreteID CUSTOM = ConcreteID CUSTOM not available AbstractID CUSTOM = AA76qqmo7f1147625835
 @State ConcreteID = SCuyuhmv2ed1671011042 AbstractID = SRrwz38n2e02745166178
 ConcreteID CUSTOM = SCilua512e62032480990 AbstractID CUSTOM = SA66n57f2eb1498926942

	ROLE = LeftClickAt
	TARGET =
		WIDGET = WC1wr6twp233179607085, WR17v7k2nb1067391859, WTwtxn65161410781764, WPzq9smv1f824583798
		ROLE = UIAMenuItem
		TITLE = Tools Alt+s
		SHAPE = Rect [x:927.0 y:370.0 w:45.0 h:20.0]
		CHILDREN = 0
		PATH = [0, 1, 5]
	DESCRIPTION = Left Click at 'Tools Alt+s'
	TEXT = Compound Action =
		Move mouse to (949.5, 380.0).
		Press Mouse Button BUTTON1
		Release Mouse Button BUTTON1

ExecutedAction [81]: 
 @Action ConcreteID = AC69odvo801619433284 AbstractID = AA69odvo801619433284
 ConcreteID CUSTOM = ConcreteID CUSTOM not available AbstractID CUSTOM = AAon0pc27e4009871777
 @State ConcreteID = SC1sdsafn3dc3087426913 AbstractID = SR1q7hin23cf1640540744
 ConcreteID CUSTOM = SC14ccjwt3d83926045419 AbstractID CUSTOM = SAxs9xpw3d8188395937

	ROLE = LeftClickAt
	TARGET =
		WIDGET = WCsnsig1192662843092, WR1h6ibpb92248851252, WT1h6ibpb92248851252, WP8rujpv15692894424
		ROLE = UIAButton
		TITLE = 
		SHAPE = Rect [x:663.0 y:448.0 w:32.0 h:32.0]
		CHILDREN = 0
		PATH = [0, 2, 2, 2]
	DESCRIPTION = Left Click at ''
	TEXT = Compound Action =
		Move mouse to (679.0, 464.0).
		Press Mouse Button BUTTON1
		Release Mouse Button BUTTON1

ExecutedAction [82]: 
 @Action ConcreteID = ACu0fxak7f1597824494 AbstractID = AAu0fxak7f1597824494
 ConcreteID CUSTOM = ConcreteID CUSTOM not available AbstractID CUSTOM = AAja433f801160563753
 @State ConcreteID = SC7tjeqc50f3620659612 AbstractID = SR1uel1c4f33214456077
 ConcreteID CUSTOM = SCjed5fl5113490155233 AbstractID CUSTOM = SA1sm31b05021536889475

	ROLE = LeftClickAt
	TARGET =
		WIDGET = WC1kg82vz274276399617, WR1k8fo0ra1109144095, WThpb1sr141497262569, WP1t2h5yl23617122819
		ROLE = UIATabItem
		TITLE = File Alt+F
		SHAPE = Rect [x:649.0 y:251.0 w:50.0 h:24.0]
		CHILDREN = 0
		PATH = [0, 0, 1, 1, 0]
	DESCRIPTION = Left Click at 'File Alt+F'
	TEXT = Compound Action =
		Move mouse to (674.0, 263.0).
		Press Mouse Button BUTTON1
		Release Mouse Button BUTTON1

ExecutedAction [83]: 
 @Action ConcreteID = ACdmosa57f2599442563 AbstractID = AAdmosa57f2599442563
 ConcreteID CUSTOM = ConcreteID CUSTOM not available AbstractID CUSTOM = AA2wcy30802162182468
 @State ConcreteID = SC7tjeqc50f3620659612 AbstractID = SR1uel1c4f33214456077
 ConcreteID CUSTOM = SCjed5fl5113490155233 AbstractID CUSTOM = SA1sm31b05021536889475

	ROLE = LeftClickAt
	TARGET =
		WIDGET = WC7we31i2f1385792260, WR88rmk0b1934231702, WT117n6mp221646335527, WP15nl1ys2b2130256768
		ROLE = UIACheckBox
		TITLE = Show more options Alt+m
		SHAPE = Rect [x:649.0 y:554.0 w:31.0 h:17.0]
		CHILDREN = 0
		PATH = [0, 0, 3]
	DESCRIPTION = Left Click at 'Show more options Alt+m'
	TEXT = Compound Action =
		Move mouse to (664.5, 562.5).
		Press Mouse Button BUTTON1
		Release Mouse Button BUTTON1

ExecutedAction [84]: 
 @Action ConcreteID = ACtpsco17f3163518083 AbstractID = AAtpsco17f3163518083
 ConcreteID CUSTOM = ConcreteID CUSTOM not available AbstractID CUSTOM = AA1vjxb3g7f687125532
 @State ConcreteID = SCblz8w76021622774769 AbstractID = SR1kxtj3y5d41164674577
 ConcreteID CUSTOM = SC1xge3yt604361361018 AbstractID CUSTOM = SA7xzr335f62335943151

	ROLE = LeftClickAt
	TARGET =
		WIDGET = WC1v5960q214022449680, WR1cs7rxoa2579320938, WT1poooab111876854206, WP10hm2ss1d1331599196
		ROLE = UIASpinner
		TITLE = Caching
		SHAPE = Rect [x:702.0 y:574.0 w:28.0 h:20.0]
		CHILDREN = 0
		PATH = [0, 0, 4, 1]
	DESCRIPTION = Left Click at 'Caching'
	TEXT = Compound Action =
		Move mouse to (716.0, 584.0).
		Press Mouse Button BUTTON1
		Release Mouse Button BUTTON1

ExecutedAction [85]: 
 @Action ConcreteID = AC1npast8e22545069279 AbstractID = AA61gwf1d42006561939
 ConcreteID CUSTOM = ConcreteID CUSTOM not available AbstractID CUSTOM = AAbmklo2d4862696620
 @State ConcreteID = SCblz8w76021622774769 AbstractID = SR1kxtj3y5d41164674577
 ConcreteID CUSTOM = SC1xge3yt604361361018 AbstractID CUSTOM = SA7xzr335f62335943151

	ROLE = ClickTypeInto
	TARGET =
		WIDGET = WCi9etf61a2562303218, WR4n0dlj72701565195, WT1epjmz4a1362971598, WP1g8k6as163987483179
		ROLE = UIAEdit
		TITLE = MRL
		SHAPE = Rect [x:741.0 y:661.0 w:404.0 h:20.0]
		CHILDREN = 0
		PATH = [0, 0, 4, 6]
	DESCRIPTION = Type '?test?' into 'MRL
	TEXT = Compound Action =
		Compound Action =
		Move mouse to (943.0, 671.0).
		Press Mouse Button BUTTON1
		Release Mouse Button BUTTON1
		Press Key 17
		Press Key 65
		Release Key 65
		Release Key 17
		Type text '?test?'

ExecutedAction [86]: 
 @Action ConcreteID = AC169kmgu7f2840132109 AbstractID = AA169kmgu7f2840132109
 ConcreteID CUSTOM = ConcreteID CUSTOM not available AbstractID CUSTOM = AA92lix57f1026767506
 @State ConcreteID = SCblz8w76021622774769 AbstractID = SR1kxtj3y5d41164674577
 ConcreteID CUSTOM = SC1xge3yt604361361018 AbstractID CUSTOM = SA7xzr335f62335943151

	ROLE = LeftClickAt
	TARGET =
		WIDGET = WCksdzcq1d2531252402, WR10fgh33101836453781, WT10fgh33101836453781, WP33czns191586358005
		ROLE = UIACustomControl
		TITLE = 
		SHAPE = Rect [x:649.0 y:251.0 w:506.0 h:284.0]
		CHILDREN = 2
		PATH = [0, 0, 1]
	DESCRIPTION = Left Click at ''
	TEXT = Compound Action =
		Move mouse to (902.0, 393.0).
		Press Mouse Button BUTTON1
		Release Mouse Button BUTTON1

ExecutedAction [87]: 
 @Action ConcreteID = AC1q6cfda7f178530745 AbstractID = AA1q6cfda7f178530745
 ConcreteID CUSTOM = ConcreteID CUSTOM not available AbstractID CUSTOM = AAszdbtl7f2665474342
 @State ConcreteID = SCblz8w76021622774769 AbstractID = SR1kxtj3y5d41164674577
 ConcreteID CUSTOM = SC1xge3yt604361361018 AbstractID CUSTOM = SA7xzr335f62335943151

	ROLE = LeftClickAt
	TARGET =
		WIDGET = WC1n98eey23743137595, WR10fgh33101836453781, WT10fgh33101836453781, WPr1hwi01f3737083353
		ROLE = UIACustomControl
		TITLE = 
		SHAPE = Rect [x:651.0 y:276.0 w:500.0 h:255.0]
		CHILDREN = 2
		PATH = [0, 0, 1, 0, 0]
	DESCRIPTION = Left Click at ''
	TEXT = Compound Action =
		Move mouse to (901.0, 403.5).
		Press Mouse Button BUTTON1
		Release Mouse Button BUTTON1

ExecutedAction [88]: 
 @Action ConcreteID = ACoi9c917f909673501 AbstractID = AAoi9c917f909673501
 ConcreteID CUSTOM = ConcreteID CUSTOM not available AbstractID CUSTOM = AA1qceaog7f2722317442
 @State ConcreteID = SCblz8w76021622774769 AbstractID = SR1kxtj3y5d41164674577
 ConcreteID CUSTOM = SC1xge3yt604361361018 AbstractID CUSTOM = SA7xzr335f62335943151

	ROLE = LeftClickAt
	TARGET =
		WIDGET = WCfa77yf272596519276, WR1k8fo0ra1109144095, WT1ijnmeq141972293189, WP70s50523798406968
		ROLE = UIATabItem
		TITLE = Disc Alt+D
		SHAPE = Rect [x:699.0 y:251.0 w:44.0 h:24.0]
		CHILDREN = 0
		PATH = [0, 0, 1, 1, 1]
	DESCRIPTION = Left Click at 'Disc Alt+D'
	TEXT = Compound Action =
		Move mouse to (721.0, 263.0).
		Press Mouse Button BUTTON1
		Release Mouse Button BUTTON1

ExecutedAction [89]: 
 @Action ConcreteID = AC19nsbjq803709020191 AbstractID = AA19nsbjq803709020191
 ConcreteID CUSTOM = ConcreteID CUSTOM not available AbstractID CUSTOM = AA14sh8ez7f2147676642
 @State ConcreteID = SC11pbckr71b4118888730 AbstractID = SRuqixzq6db2176406102
 ConcreteID CUSTOM = SCdjra3q723879677751 AbstractID CUSTOM = SAhhbni870f2557088293

	ROLE = LeftClickAt
	TARGET =
		WIDGET = WC1v5960q214022449680, WR1cs7rxoa2579320938, WT1poooab111876854206, WP10hm2ss1d1331599196
		ROLE = UIASpinner
		TITLE = Caching
		SHAPE = Rect [x:702.0 y:574.0 w:28.0 h:20.0]
		CHILDREN = 0
		PATH = [0, 0, 4, 1]
	DESCRIPTION = Left Click at 'Caching'
	TEXT = Compound Action =
		Move mouse to (716.0, 584.0).
		Press Mouse Button BUTTON1
		Release Mouse Button BUTTON1

ExecutedAction [90]: 
 @Action ConcreteID = AC1otl0wq802182994403 AbstractID = AA1otl0wq802182994403
 ConcreteID CUSTOM = ConcreteID CUSTOM not available AbstractID CUSTOM = AA1jy9xrz7f3742105630
 @State ConcreteID = SC11pbckr71b4118888730 AbstractID = SRuqixzq6db2176406102
 ConcreteID CUSTOM = SCdjra3q723879677751 AbstractID CUSTOM = SAhhbni870f2557088293

	ROLE = LeftClickAt
	TARGET =
		WIDGET = WC158244q314074075960, WR1k8fo0ra1109144095, WT1jhzmel1e4173187679, WP12zy3p42d1673156887
		ROLE = UIATabItem
		TITLE = Capture Device Alt+D
		SHAPE = Rect [x:791.0 y:251.0 w:58.0 h:24.0]
		CHILDREN = 0
		PATH = [0, 0, 1, 1, 3]
	DESCRIPTION = Left Click at 'Capture Device Alt+D'
	TEXT = Compound Action =
		Move mouse to (820.0, 263.0).
		Press Mouse Button BUTTON1
		Release Mouse Button BUTTON1

ExecutedAction [91]: 
 @Action ConcreteID = ACdar1y481900597703 AbstractID = AAdar1y481900597703
 ConcreteID CUSTOM = ConcreteID CUSTOM not available AbstractID CUSTOM = AAl2sqtr801553063925
 @State ConcreteID = SC1chlswr6794184228947 AbstractID = SRb5fbiq6463202219583
 ConcreteID CUSTOM = SCcd1uyb6843963416683 AbstractID CUSTOM = SA11rfnde66c205926688

	ROLE = LeftClickAt
	TARGET =
		WIDGET = WC1t44z1z223827324020, WR17v7k2nb1067391859, WT1k6fo9t151127508199, WP1etup511e2682910673
		ROLE = UIAMenuItem
		TITLE = Play Alt+P
		SHAPE = Rect [x:1004.0 y:723.0 w:70.0 h:23.0]
		CHILDREN = 0
		PATH = [0, 0, 2]
	DESCRIPTION = Left Click at 'Play Alt+P'
	TEXT = Compound Action =
		Move mouse to (1039.0, 734.5).
		Press Mouse Button BUTTON1
		Release Mouse Button BUTTON1

ExecutedAction [92]: 
 @Action ConcreteID = AC7sak8y7f3237621107 AbstractID = AA7sak8y7f3237621107
 ConcreteID CUSTOM = ConcreteID CUSTOM not available AbstractID CUSTOM = AA1bvbdpc7f638199953
 @State ConcreteID = SCw8qfj32ed1319728642 AbstractID = SRrwz38n2e02745166178
 ConcreteID CUSTOM = SC1d86f2f2e71987151942 AbstractID CUSTOM = SA1v8lcjg2ed443146515

	ROLE = LeftClickAt
	TARGET =
		WIDGET = WCsnsil7191683499614, WR1h6ibpb92248851252, WT1h6ibpb92248851252, WP8rujv1153550696018
		ROLE = UIAButton
		TITLE = 
		SHAPE = Rect [x:849.0 y:451.0 w:26.0 h:26.0]
		CHILDREN = 0
		PATH = [0, 2, 2, 8]
	DESCRIPTION = Left Click at ''
	TEXT = Compound Action =
		Move mouse to (862.0, 464.0).
		Press Mouse Button BUTTON1
		Release Mouse Button BUTTON1

ExecutedAction [93]: 
 @Action ConcreteID = AC15migpc81897078007 AbstractID = AA15migpc81897078007
 ConcreteID CUSTOM = ConcreteID CUSTOM not available AbstractID CUSTOM = AAupqh0281689769651
 @State ConcreteID = SC16afvy34f81058624541 AbstractID = SRl1kj6h4e42225969024
 ConcreteID CUSTOM = SCwhd5n9501912692931 AbstractID CUSTOM = SA1bsudqe4f22104931225

	ROLE = LeftClickAt
	TARGET =
		WIDGET = WCigl81b221236350214, WR17v7k2nb1067391859, WT1e6tvxi153323975668, WP1lyad311e2164392518
		ROLE = UIAMenuItem
		TITLE = Help Alt+H
		SHAPE = Rect [x:1013.0 y:370.0 w:42.0 h:20.0]
		CHILDREN = 0
		PATH = [0, 2, 7]
	DESCRIPTION = Left Click at 'Help Alt+H'
	TEXT = Compound Action =
		Move mouse to (1034.0, 380.0).
		Press Mouse Button BUTTON1
		Release Mouse Button BUTTON1

ExecutedAction [94]: 
 @Action ConcreteID = AC1i6cuue7f3415356862 AbstractID = AA1i6cuue7f3415356862
 ConcreteID CUSTOM = ConcreteID CUSTOM not available AbstractID CUSTOM = AAtvm9b57f1114421797
 @State ConcreteID = SCvqbazg55a4111859417 AbstractID = SR1bj4kca5472696845925
 ConcreteID CUSTOM = SCpot2j0563533207010 AbstractID CUSTOM = SA78zesc5563858708083

	ROLE = LeftClickAt
	TARGET =
		WIDGET = WCirnbzu2f1047147676, WR10fgh33101836453781, WT10fgh33101836453781, WPhqywco2b420722639
		ROLE = UIACustomControl
		TITLE = 
		SHAPE = Rect [x:272.0 y:434.0 w:60.0 h:299.0]
		CHILDREN = 1
		PATH = [0, 0, 1, 0, 0, 0, 0, 0, 0]
	DESCRIPTION = Left Click at ''
	TEXT = Compound Action =
		Move mouse to (302.0, 583.5).
		Press Mouse Button BUTTON1
		Release Mouse Button BUTTON1

ExecutedAction [95]: 
 @Action ConcreteID = AC16rtil80784485426 AbstractID = AA16rtil80784485426
 ConcreteID CUSTOM = ConcreteID CUSTOM not available AbstractID CUSTOM = AAumfucr80670919267
 @State ConcreteID = SC16afvy34f81058624541 AbstractID = SRl1kj6h4e42225969024
 ConcreteID CUSTOM = SCwhd5n9501912692931 AbstractID CUSTOM = SA1bsudqe4f22104931225

	ROLE = LeftClickAt
	TARGET =
		WIDGET = WC1lhezkt19492590221, WR1h6ibpb92248851252, WT1h6ibpb92248851252, WP11lh0un152863082625
		ROLE = UIAButton
		TITLE = 
		SHAPE = Rect [x:759.0 y:451.0 w:26.0 h:26.0]
		CHILDREN = 0
		PATH = [0, 3, 2, 5]
	DESCRIPTION = Left Click at ''
	TEXT = Compound Action =
		Move mouse to (772.0, 464.0).
		Press Mouse Button BUTTON1
		Release Mouse Button BUTTON1

ExecutedAction [96]: 
 @Action ConcreteID = AC1hbghkd80530300185 AbstractID = AA1hbghkd80530300185
 ConcreteID CUSTOM = ConcreteID CUSTOM not available AbstractID CUSTOM = AAbq0gff80379886408
 @State ConcreteID = SC16afvy34f81058624541 AbstractID = SRl1kj6h4e42225969024
 ConcreteID CUSTOM = SCwhd5n9501912692931 AbstractID CUSTOM = SA1bsudqe4f22104931225

	ROLE = LeftClickAt
	TARGET =
		WIDGET = WCirnbzu2f1047147676, WR10fgh33101836453781, WT10fgh33101836453781, WPhqywco2b420722639
		ROLE = UIACustomControl
		TITLE = 
		SHAPE = Rect [x:272.0 y:434.0 w:60.0 h:299.0]
		CHILDREN = 1
		PATH = [0, 0, 1, 0, 0, 0, 0, 0, 0]
	DESCRIPTION = Left Click at ''
	TEXT = Compound Action =
		Move mouse to (302.0, 583.5).
		Press Mouse Button BUTTON1
		Release Mouse Button BUTTON1

ExecutedAction [97]: 
 @Action ConcreteID = AC12evv87801825492070 AbstractID = AA12evv87801825492070
 ConcreteID CUSTOM = ConcreteID CUSTOM not available AbstractID CUSTOM = AA1vujw2d801710352951
 @State ConcreteID = SC16afvy34f81058624541 AbstractID = SRl1kj6h4e42225969024
 ConcreteID CUSTOM = SCwhd5n9501912692931 AbstractID CUSTOM = SA1bsudqe4f22104931225

	ROLE = LeftClickAt
	TARGET =
		WIDGET = WCx2xd4b312174155616, WR1k8fo0ra1109144095, WT1xn65vr151465452121, WP1kvj3bx2d3413647731
		ROLE = UIATabItem
		TITLE = Spatializer
		SHAPE = Rect [x:328.0 y:403.0 w:28.0 h:21.0]
		CHILDREN = 0
		PATH = [0, 0, 1, 0, 0, 0, 1, 2]
	DESCRIPTION = Left Click at 'Spatializer'
	TEXT = Compound Action =
		Move mouse to (342.0, 413.5).
		Press Mouse Button BUTTON1
		Release Mouse Button BUTTON1

ExecutedAction [98]: 
 @Action ConcreteID = ACnv83yt7f3297737586 AbstractID = AAnv83yt7f3297737586
 ConcreteID CUSTOM = ConcreteID CUSTOM not available AbstractID CUSTOM = AA1kwshvz802599275839
 @State ConcreteID = SCylzlzt52d2236268784 AbstractID = SR1u5imdv51f176007976
 ConcreteID CUSTOM = SC1xgnmbi53f3194552259 AbstractID CUSTOM = SA1dgf1i152f2685672631

	ROLE = LeftClickAt
	TARGET =
		WIDGET = WCzxkocd2a3149847004, WR1k8fo0ra1109144095, WT1q6qccd17734633670, WP1ysyxhn261539884999
		ROLE = UIATabItem
		TITLE = Audio Effects
		SHAPE = Rect [x:250.0 y:372.0 w:35.0 h:21.0]
		CHILDREN = 0
		PATH = [0, 0, 1, 1, 0]
	DESCRIPTION = Left Click at 'Audio Effects'
	TEXT = Compound Action =
		Move mouse to (267.5, 382.5).
		Press Mouse Button BUTTON1
		Release Mouse Button BUTTON1

ExecutedAction [99]: 
 @Action ConcreteID = ACaxi2p9803114236086 AbstractID = AAaxi2p9803114236086
 ConcreteID CUSTOM = ConcreteID CUSTOM not available AbstractID CUSTOM = AA294qkl7e2502324067
 @State ConcreteID = SC1m0q6k052e1192843773 AbstractID = SR1u5imdv51f176007976
 ConcreteID CUSTOM = SC1xgnmbi53f3194552259 AbstractID CUSTOM = SAhqwx4t52e346286673

	ROLE = LeftClickAt
	TARGET =
		WIDGET = WC1lhezj3191258746635, WR1h6ibpb92248851252, WT1h6ibpb92248851252, WP11lh0sx154244474631
		ROLE = UIAButton
		TITLE = 
		SHAPE = Rect [x:707.0 y:451.0 w:26.0 h:26.0]
		CHILDREN = 0
		PATH = [0, 3, 2, 3]
	DESCRIPTION = Left Click at ''
	TEXT = Compound Action =
		Move mouse to (720.0, 464.0).
		Press Mouse Button BUTTON1
		Release Mouse Button BUTTON1

ExecutedAction [100]: 
 @Action ConcreteID = ACnt8y8d802121235001 AbstractID = AAnt8y8d802121235001
 ConcreteID CUSTOM = ConcreteID CUSTOM not available AbstractID CUSTOM = AA1hq864z811985750434
 @State ConcreteID = SCylzlzt52d2236268784 AbstractID = SR1u5imdv51f176007976
 ConcreteID CUSTOM = SC1xgnmbi53f3194552259 AbstractID CUSTOM = SA1dgf1i152f2685672631

	ROLE = LeftClickAt
	TARGET =
		WIDGET = WC1lgv6wv19364755098, WR1h6ibpb92248851252, WT1h6ibpb92248851252, WP11kx86p152722545814
		ROLE = UIAButton
		TITLE = 
		SHAPE = Rect [x:1119.0 y:421.0 w:26.0 h:26.0]
		CHILDREN = 0
		PATH = [0, 3, 1, 2]
	DESCRIPTION = Left Click at ''
	TEXT = Compound Action =
		Move mouse to (1132.0, 434.0).
		Press Mouse Button BUTTON1
		Release Mouse Button BUTTON1

Sequence 1 finished.
Copying generated sequence ("sequence1697") to output directory...
Copying classified sequence ("sequence1697") to sequences_ok folder...
