Starting sequence 1 (output as: sequence2779)

ExecutedAction [1]: 
 @Action ConcreteID = AC1lb0iuh7f2700232902 AbstractID = AA1lb0iuh7f2700232902
 ConcreteID CUSTOM = ConcreteID CUSTOM not available AbstractID CUSTOM = AA1mmfign7d3267633415
 @State ConcreteID = SC14yrgk44031933115141 AbstractID = SR1jumdpu3ea1420136284
 ConcreteID CUSTOM = SCrceh6d3fe629244999 AbstractID CUSTOM = SAylrvaj3f6384252902

	ROLE = LeftClickAt
	TARGET =
		WIDGET = WC168je8h1c77364985, WR17v7k2nb1067391859, WT1qe6brdf138512687, WPbonzmn182500097632
		ROLE = UIAMenuItem
		TITLE = Edit
		SHAPE = Rect [x:92.0 y:58.0 w:34.0 h:19.0]
		CHILDREN = 0
		PATH = [1, 2, 1]
	DESCRIPTION = Left Click at 'Edit'
	TEXT = Compound Action =
		Move mouse to (109.0, 67.5).
		Press Mouse Button BUTTON1
		Release Mouse Button BUTTON1

ExecutedAction [2]: 
 @Action ConcreteID = ACcjpxce7e2198382384 AbstractID = AAcjpxce7e2198382384
 ConcreteID CUSTOM = ConcreteID CUSTOM not available AbstractID CUSTOM = AA1eu90eq7e1014697782
 @State ConcreteID = SC1a7bwv54ef731589763 AbstractID = SRhb5rqv4d91581134308
 ConcreteID CUSTOM = SCec9s3a4f5284583716 AbstractID CUSTOM = SAx9bh3z4ed2849586149

	ROLE = LeftClickAt
	TARGET =
		WIDGET = WC16liu6s1c1119817956, WR17v7k2nb1067391859, WT1qeha5gf2005531835, WP1czq78i183514693340
		ROLE = UIAMenuItem
		TITLE = View
		SHAPE = Rect [x:178.0 y:58.0 w:39.0 h:19.0]
		CHILDREN = 0
		PATH = [1, 2, 3]
	DESCRIPTION = Left Click at 'View'
	TEXT = Compound Action =
		Move mouse to (197.5, 67.5).
		Press Mouse Button BUTTON1
		Release Mouse Button BUTTON1

ExecutedAction [3]: 
 @Action ConcreteID = ACis79i7e820180086 AbstractID = AAis79i7e820180086
 ConcreteID CUSTOM = ConcreteID CUSTOM not available AbstractID CUSTOM = AAkb9ko7c3684100650
 @State ConcreteID = SC14yrgk44031933115141 AbstractID = SR1jumdpu3ea1420136284
 ConcreteID CUSTOM = SCrceh6d3fe629244999 AbstractID CUSTOM = SAylrvaj3f6384252902

	ROLE = LeftClickAt
	TARGET =
		WIDGET = WC1fq8of51c1137128810, WR17v7k2nb1067391859, WT1qe72ijf99311909, WPjb55v3183672861707
		ROLE = UIAMenuItem
		TITLE = File
		SHAPE = Rect [x:60.0 y:58.0 w:32.0 h:19.0]
		CHILDREN = 0
		PATH = [0, 2, 0]
	DESCRIPTION = Left Click at 'File'
	TEXT = Compound Action =
		Move mouse to (76.0, 67.5).
		Press Mouse Button BUTTON1
		Release Mouse Button BUTTON1

ExecutedAction [4]: 
 @Action ConcreteID = AC1u4uuyk7f3036977767 AbstractID = AA1u4uuyk7f3036977767
 ConcreteID CUSTOM = ConcreteID CUSTOM not available AbstractID CUSTOM = AAsu6dw97f2381028309
 @State ConcreteID = SC139g84o4a51510131206 AbstractID = SR25f9j3489363105316
 ConcreteID CUSTOM = SC19ppvcw4a73060031028 AbstractID CUSTOM = SA12c4vbo49e1258004458

	ROLE = LeftClickAt
	TARGET =
		WIDGET = WC1v46udz1c4011231663, WR17v7k2nb1067391859, WT1qe89j4f2180189081, WP1t640f9181279697420
		ROLE = UIAMenuItem
		TITLE = Help
		SHAPE = Rect [x:217.0 y:58.0 w:39.0 h:19.0]
		CHILDREN = 0
		PATH = [1, 2, 4]
	DESCRIPTION = Left Click at 'Help'
	TEXT = Compound Action =
		Move mouse to (236.5, 67.5).
		Press Mouse Button BUTTON1
		Release Mouse Button BUTTON1

ExecutedAction [5]: 
 @Action ConcreteID = ACuog3p98025306310 AbstractID = AAuog3p98025306310
 ConcreteID CUSTOM = ConcreteID CUSTOM not available AbstractID CUSTOM = AAh8ptb7e3984842889
 @State ConcreteID = SC14yrgk44031933115141 AbstractID = SR1jumdpu3ea1420136284
 ConcreteID CUSTOM = SCrceh6d3fe629244999 AbstractID CUSTOM = SAylrvaj3f6384252902

	ROLE = LeftClickAt
	TARGET =
		WIDGET = WC1622xja1e1465475702, WR1h6ibpb92248851252, WT1oq4bf6111982837149, WP155wro41a596812969
		ROLE = UIAButton
		TITLE = Maximise
		SHAPE = Rect [x:1041.0 y:28.0 w:46.0 h:30.0]
		CHILDREN = 0
		PATH = [1, 1, 2]
	DESCRIPTION = Left Click at 'Maximise'
	TEXT = Compound Action =
		Move mouse to (1064.0, 43.0).
		Press Mouse Button BUTTON1
		Release Mouse Button BUTTON1

ExecutedAction [6]: 
 @Action ConcreteID = AC1e06fpt7e3768101636 AbstractID = AA1e06fpt7e3768101636
 ConcreteID CUSTOM = ConcreteID CUSTOM not available AbstractID CUSTOM = AAvifvkg7c2224758551
 @State ConcreteID = SC11umjgk4032590869821 AbstractID = SR1jumdpu3ea1420136284
 ConcreteID CUSTOM = SC12dt55t3fc3486166086 AbstractID CUSTOM = SAylrvaj3f6384252902

	ROLE = LeftClickAt
	TARGET =
		WIDGET = WC1pefe0y1e1284971282, WR17v7k2nb1067391859, WTaz2n92112307194186, WP1vyagsw1a1166085776
		ROLE = UIAMenuItem
		TITLE = Format
		SHAPE = Rect [x:66.0 y:23.0 w:52.0 h:19.0]
		CHILDREN = 0
		PATH = [2, 2, 2]
	DESCRIPTION = Left Click at 'Format'
	TEXT = Compound Action =
		Move mouse to (92.0, 32.5).
		Press Mouse Button BUTTON1
		Release Mouse Button BUTTON1

ExecutedAction [7]: 
 @Action ConcreteID = AC1t7s29y7f4168150501 AbstractID = AA1t7s29y7f4168150501
 ConcreteID CUSTOM = ConcreteID CUSTOM not available AbstractID CUSTOM = AA1oyy6z1801426526994
 @State ConcreteID = SC1ugtls343e292505544 AbstractID = SRgj7g0p4251755097958
 ConcreteID CUSTOM = SCsz8s4l43f3065361684 AbstractID CUSTOM = SA1whcouh43a1233960764

	ROLE = LeftClickAt
	TARGET =
		WIDGET = WC1gq2fgp1d4108827215, WR1h6ibpb92248851252, WT16sth3j102102970308, WP19p17vb19494643398
		ROLE = UIAButton
		TITLE = Restore
		SHAPE = Rect [x:1586.0 y:0.0 w:46.0 h:22.0]
		CHILDREN = 0
		PATH = [2, 2, 2]
	DESCRIPTION = Left Click at 'Restore'
	TEXT = Compound Action =
		Move mouse to (1609.0, 11.0).
		Press Mouse Button BUTTON1
		Release Mouse Button BUTTON1

ExecutedAction [8]: 
 @Action ConcreteID = ACis79i7e820180086 AbstractID = AAis79i7e820180086
 ConcreteID CUSTOM = ConcreteID CUSTOM not available AbstractID CUSTOM = AAkb9ko7c3684100650
 @State ConcreteID = SC14yrgk44031933115141 AbstractID = SR1jumdpu3ea1420136284
 ConcreteID CUSTOM = SCrceh6d3fe629244999 AbstractID CUSTOM = SAylrvaj3f6384252902

	ROLE = LeftClickAt
	TARGET =
		WIDGET = WC9ir3i81c2406299124, WR17v7k2nb1067391859, WT1qe72ijf99311909, WP1c4rmxa18373386389
		ROLE = UIAMenuItem
		TITLE = File
		SHAPE = Rect [x:60.0 y:58.0 w:32.0 h:19.0]
		CHILDREN = 0
		PATH = [1, 2, 0]
	DESCRIPTION = Left Click at 'File'
	TEXT = Compound Action =
		Move mouse to (76.0, 67.5).
		Press Mouse Button BUTTON1
		Release Mouse Button BUTTON1

ExecutedAction [9]: 
 @Action ConcreteID = AC11qkk66801114924530 AbstractID = AA11qkk66801114924530
 ConcreteID CUSTOM = ConcreteID CUSTOM not available AbstractID CUSTOM = AAi1aqsh801730369619
 @State ConcreteID = SC139g84o4a51510131206 AbstractID = SR25f9j3489363105316
 ConcreteID CUSTOM = SC19ppvcw4a73060031028 AbstractID CUSTOM = SA12c4vbo49e1258004458

	ROLE = LeftClickAt
	TARGET =
		WIDGET = WC1b0el8x253347755722, WR17v7k2nb1067391859, WT1mkt3k3184259406525, WP30mgyn21605150957
		ROLE = UIAMenuItem
		TITLE = Page Setup...
		SHAPE = Rect [x:63.0 y:175.0 w:188.0 h:22.0]
		CHILDREN = 0
		PATH = [2, 0, 4]
	DESCRIPTION = Left Click at 'Page Setup...'
	TEXT = Compound Action =
		Move mouse to (157.0, 186.0).
		Press Mouse Button BUTTON1
		Release Mouse Button BUTTON1

ExecutedAction [10]: 
 @Action ConcreteID = ACbl0e8p802539595551 AbstractID = AAbl0e8p802539595551
 ConcreteID CUSTOM = ConcreteID CUSTOM not available AbstractID CUSTOM = AA19v19m27f1536685691
 @State ConcreteID = SC119yguo6ae4115470695 AbstractID = SRoayl2a66c2485306631
 ConcreteID CUSTOM = SCf7azma6b7496983852 AbstractID CUSTOM = SA1fod2ja6b8987102853

	ROLE = LeftClickAt
	TARGET =
		WIDGET = WCtg7zv1192457042149, WR1h6ibpb92248851252, WTzj707vb935461581, WP1u785vj151242687305
		ROLE = UIAButton
		TITLE = OK
		SHAPE = Rect [x:434.0 y:392.0 w:75.0 h:23.0]
		CHILDREN = 0
		PATH = [2, 0, 22]
	DESCRIPTION = Left Click at 'OK'
	TEXT = Compound Action =
		Move mouse to (471.5, 403.5).
		Press Mouse Button BUTTON1
		Release Mouse Button BUTTON1

Sequence 1 finished.
Copying generated sequence ("sequence2779") to output directory...
Copying classified sequence ("sequence2779") to sequences_ok folder...
