Starting sequence 1 (output as: sequence2275)

ExecutedAction [1]: 
 @Action ConcreteID = ACh1jkv1153855182006 AbstractID = AAcywehnd5499235388
 ConcreteID CUSTOM = ConcreteID CUSTOM not available AbstractID CUSTOM = AA17ikwixd33509566443
 @State ConcreteID = SC14yrgk44031933115141 AbstractID = SR1jumdpu3ea1420136284
 ConcreteID CUSTOM = SCrceh6d3fe629244999 AbstractID CUSTOM = SAylrvaj3f6384252902

	ROLE = ClickTypeInto
	TARGET =
		WIDGET = WChav7hr1c372043535, WR4n0dlj72701565195, WTei4yvd121088706799, WP1p8d0dd183534326111
		ROLE = UIAEdit
		TITLE = Text Editor
		SHAPE = Rect [x:60.0 y:78.0 w:1073.0 h:318.0]
		CHILDREN = 1
		PATH = [2, 0]
	DESCRIPTION = Type 'ABC<div style="x...' into 'Text Editor
	TEXT = Compound Action =
		Compound Action =
		Move mouse to (596.5, 237.0).
		Press Mouse Button BUTTON1
		Release Mouse Button BUTTON1
		Press Key 17
		Press Key 65
		Release Key 65
		Release Key 17
		Type text 'ABC<div style="x:\x0Cexpression(javascript:alert(1)">DEF'

ExecutedAction [2]: 
 @Action ConcreteID = ACis79i7e820180086 AbstractID = AAis79i7e820180086
 ConcreteID CUSTOM = ConcreteID CUSTOM not available AbstractID CUSTOM = AAkb9ko7c3684100650
 @State ConcreteID = SC14yrgk44031933115141 AbstractID = SR1jumdpu3ea1420136284
 ConcreteID CUSTOM = SCrceh6d3fe629244999 AbstractID CUSTOM = SAylrvaj3f6384252902

	ROLE = LeftClickAt
	TARGET =
		WIDGET = WC12cdkkf1c31601175, WR17v7k2nb1067391859, WT1qe72ijf99311909, WP5xa20d182563664758
		ROLE = UIAMenuItem
		TITLE = File
		SHAPE = Rect [x:60.0 y:58.0 w:32.0 h:19.0]
		CHILDREN = 0
		PATH = [2, 2, 0]
	DESCRIPTION = Left Click at 'File'
	TEXT = Compound Action =
		Move mouse to (76.0, 67.5).
		Press Mouse Button BUTTON1
		Release Mouse Button BUTTON1

ExecutedAction [3]: 
 @Action ConcreteID = ACu7ltv47f993585836 AbstractID = AAu7ltv47f993585836
 ConcreteID CUSTOM = ConcreteID CUSTOM not available AbstractID CUSTOM = AA1ry1erx7f64482078
 @State ConcreteID = SC139g84o4a51510131206 AbstractID = SR25f9j3489363105316
 ConcreteID CUSTOM = SC19ppvcw4a73060031028 AbstractID CUSTOM = SA12c4vbo49e1258004458

	ROLE = LeftClickAt
	TARGET =
		WIDGET = WC3r6fwk1e246553711, WR17v7k2nb1067391859, WTaz2n92112307194186, WPab1ioi1a128190957
		ROLE = UIAMenuItem
		TITLE = Format
		SHAPE = Rect [x:126.0 y:58.0 w:52.0 h:19.0]
		CHILDREN = 0
		PATH = [0, 2, 2]
	DESCRIPTION = Left Click at 'Format'
	TEXT = Compound Action =
		Move mouse to (152.0, 67.5).
		Press Mouse Button BUTTON1
		Release Mouse Button BUTTON1

ExecutedAction [4]: 
 @Action ConcreteID = ACuog3p98025306310 AbstractID = AAuog3p98025306310
 ConcreteID CUSTOM = ConcreteID CUSTOM not available AbstractID CUSTOM = AAh8ptb7e3984842889
 @State ConcreteID = SC14yrgk44031933115141 AbstractID = SR1jumdpu3ea1420136284
 ConcreteID CUSTOM = SCrceh6d3fe629244999 AbstractID CUSTOM = SAylrvaj3f6384252902

	ROLE = LeftClickAt
	TARGET =
		WIDGET = WCd8ggh31e2616419048, WR1h6ibpb92248851252, WT1oq4bf6111982837149, WPccaalx1a4013466679
		ROLE = UIAButton
		TITLE = Maximise
		SHAPE = Rect [x:1041.0 y:28.0 w:46.0 h:30.0]
		CHILDREN = 0
		PATH = [0, 1, 2]
	DESCRIPTION = Left Click at 'Maximise'
	TEXT = Compound Action =
		Move mouse to (1064.0, 43.0).
		Press Mouse Button BUTTON1
		Release Mouse Button BUTTON1

ExecutedAction [5]: 
 @Action ConcreteID = AC1fy6sno7f3792633258 AbstractID = AA1fy6sno7f3792633258
 ConcreteID CUSTOM = ConcreteID CUSTOM not available AbstractID CUSTOM = AA1ax7vud7d1725218752
 @State ConcreteID = SC11umjgk4032590869821 AbstractID = SR1jumdpu3ea1420136284
 ConcreteID CUSTOM = SC12dt55t3fc3486166086 AbstractID CUSTOM = SAylrvaj3f6384252902

	ROLE = LeftClickAt
	TARGET =
		WIDGET = WCe199v1c3425703687, WR17v7k2nb1067391859, WT1qeha5gf2005531835, WP6s8mbl181609756991
		ROLE = UIAMenuItem
		TITLE = View
		SHAPE = Rect [x:118.0 y:23.0 w:39.0 h:19.0]
		CHILDREN = 0
		PATH = [2, 2, 3]
	DESCRIPTION = Left Click at 'View'
	TEXT = Compound Action =
		Move mouse to (137.5, 32.5).
		Press Mouse Button BUTTON1
		Release Mouse Button BUTTON1

ExecutedAction [6]: 
 @Action ConcreteID = AC1fi61pn7d3936159363 AbstractID = AA1fi61pn7d3936159363
 ConcreteID CUSTOM = ConcreteID CUSTOM not available AbstractID CUSTOM = AA1ea2j8q7f3713942070
 @State ConcreteID = SCroeji42a513881820 AbstractID = SRu7fzor41191188062
 ConcreteID CUSTOM = SCmnp4u042d1587257203 AbstractID CUSTOM = SA1apmqet426551091108

	ROLE = LeftClickAt
	TARGET =
		WIDGET = WC1gq2fgp1d4108827215, WR1h6ibpb92248851252, WT16sth3j102102970308, WP19p17vb19494643398
		ROLE = UIAButton
		TITLE = Restore
		SHAPE = Rect [x:1586.0 y:0.0 w:46.0 h:22.0]
		CHILDREN = 0
		PATH = [2, 2, 2]
	DESCRIPTION = Left Click at 'Restore'
	TEXT = Compound Action =
		Move mouse to (1609.0, 11.0).
		Press Mouse Button BUTTON1
		Release Mouse Button BUTTON1

ExecutedAction [7]: 
 @Action ConcreteID = AC1lb0iuh7f2700232902 AbstractID = AA1lb0iuh7f2700232902
 ConcreteID CUSTOM = ConcreteID CUSTOM not available AbstractID CUSTOM = AA1mmfign7d3267633415
 @State ConcreteID = SC14yrgk44031933115141 AbstractID = SR1jumdpu3ea1420136284
 ConcreteID CUSTOM = SCrceh6d3fe629244999 AbstractID CUSTOM = SAylrvaj3f6384252902

	ROLE = LeftClickAt
	TARGET =
		WIDGET = WC168je8h1c77364985, WR17v7k2nb1067391859, WT1qe6brdf138512687, WPbonzmn182500097632
		ROLE = UIAMenuItem
		TITLE = Edit
		SHAPE = Rect [x:92.0 y:58.0 w:34.0 h:19.0]
		CHILDREN = 0
		PATH = [1, 2, 1]
	DESCRIPTION = Left Click at 'Edit'
	TEXT = Compound Action =
		Move mouse to (109.0, 67.5).
		Press Mouse Button BUTTON1
		Release Mouse Button BUTTON1

ExecutedAction [8]: 
 @Action ConcreteID = AC1rla8n8803749759537 AbstractID = AA1rla8n8803749759537
 ConcreteID CUSTOM = ConcreteID CUSTOM not available AbstractID CUSTOM = AAutyw5c7f3790316835
 @State ConcreteID = SC1athm3c4f21497430772 AbstractID = SRhb5rqv4d91581134308
 ConcreteID CUSTOM = SCec9s3a4f5284583716 AbstractID CUSTOM = SAqf4vsm4ed3724528798

	ROLE = LeftClickAt
	TARGET =
		WIDGET = WC1chenvd291404987163, WR17v7k2nb1067391859, WT1ia206w1c1487822300, WP1kku8mf253814448341
		ROLE = UIAMenuItem
		TITLE = Replace...	Ctrl+H
		SHAPE = Rect [x:95.0 y:248.0 w:176.0 h:22.0]
		CHILDREN = 0
		PATH = [2, 0, 7]
	DESCRIPTION = Left Click at 'Replace...	Ctrl+H'
	TEXT = Compound Action =
		Move mouse to (183.0, 259.0).
		Press Mouse Button BUTTON1
		Release Mouse Button BUTTON1

ExecutedAction [9]: 
 @Action ConcreteID = ACd32tu7e154413323 AbstractID = AAd32tu7e154413323
 ConcreteID CUSTOM = ConcreteID CUSTOM not available AbstractID CUSTOM = AA5bnpj87e1245925547
 @State ConcreteID = SC1ju9ugl4f73894480301 AbstractID = SR151uen04d13343527191
 ConcreteID CUSTOM = SC114s84h4fb2773496406 AbstractID CUSTOM = SA1x0wbae4f42251338127

	ROLE = LeftClickAt
	TARGET =
		WIDGET = WC1fq8of51c1137128810, WR17v7k2nb1067391859, WT1qe72ijf99311909, WPjb55v3183672861707
		ROLE = UIAMenuItem
		TITLE = File
		SHAPE = Rect [x:60.0 y:58.0 w:32.0 h:19.0]
		CHILDREN = 0
		PATH = [0, 2, 0]
	DESCRIPTION = Left Click at 'File'
	TEXT = Compound Action =
		Move mouse to (76.0, 67.5).
		Press Mouse Button BUTTON1
		Release Mouse Button BUTTON1

ExecutedAction [10]: 
 @Action ConcreteID = ACx9pnt27e3052509890 AbstractID = AAx9pnt27e3052509890
 ConcreteID CUSTOM = ConcreteID CUSTOM not available AbstractID CUSTOM = AA1uq3r4g7f794818947
 @State ConcreteID = SCyqz9h559a3967883581 AbstractID = SRg1yrzn5701562075082
 ConcreteID CUSTOM = SC17wbweh5972951320369 AbstractID CUSTOM = SA1hr9ost5944215577080

	ROLE = LeftClickAt
	TARGET =
		WIDGET = WC1pfiz7o1e3285708466, WR17v7k2nb1067391859, WTaz2n92112307194186, WP1vze1zm1a3401710384
		ROLE = UIAMenuItem
		TITLE = Format
		SHAPE = Rect [x:126.0 y:58.0 w:52.0 h:19.0]
		CHILDREN = 0
		PATH = [2, 4, 2]
	DESCRIPTION = Left Click at 'Format'
	TEXT = Compound Action =
		Move mouse to (152.0, 67.5).
		Press Mouse Button BUTTON1
		Release Mouse Button BUTTON1

Sequence 1 finished.
Copying generated sequence ("sequence2275") to output directory...
Copying classified sequence ("sequence2275") to sequences_ok folder...
