Starting sequence 1 (output as: sequence424)

ExecutedAction [1]: 
 @Action ConcreteID = ACed6owz7f3538244733 AbstractID = AAed6owz7f3538244733
 ConcreteID CUSTOM = ConcreteID CUSTOM not available AbstractID CUSTOM = AA1etyrdz7f2150317652
 @State ConcreteID = SC1vfifyx4ad740625235 AbstractID = SR1c93ckp4722174874075
 ConcreteID CUSTOM = SC18i76z4b6396937683 AbstractID CUSTOM = SAh4wk614b32326080043

	ROLE = LeftClickAt
	TARGET =
		WIDGET = WCwlcpk41e4286068033, WR17v7k2nb1067391859, WTaz2n92112307194186, WP1357sc21a4134412483
		ROLE = UIAMenuItem
		TITLE = Format
		SHAPE = Rect [x:321.0 y:265.0 w:52.0 h:19.0]
		CHILDREN = 0
		PATH = [1, 3, 2]
	DESCRIPTION = Left Click at 'Format'
	TEXT = Compound Action =
		Move mouse to (347.0, 274.5).
		Press Mouse Button BUTTON1
		Release Mouse Button BUTTON1

ExecutedAction [2]: 
 @Action ConcreteID = ACmzulxl7f1355813264 AbstractID = AAmzulxl7f1355813264
 ConcreteID CUSTOM = ConcreteID CUSTOM not available AbstractID CUSTOM = AAs3iufd7f3958368894
 @State ConcreteID = SC6r4jgj4eb3182568201 AbstractID = SR1puz85a4ad2697664837
 ConcreteID CUSTOM = SC22ai594ed3873920824 AbstractID CUSTOM = SAyxsfn34ef1080679078

	ROLE = LeftClickAt
	TARGET =
		WIDGET = WC1fqsh0i1c2124881114, WR17v7k2nb1067391859, WT1qe72ijf99311909, WPjboygg183884664251
		ROLE = UIAMenuItem
		TITLE = File
		SHAPE = Rect [x:255.0 y:265.0 w:32.0 h:19.0]
		CHILDREN = 0
		PATH = [0, 3, 0]
	DESCRIPTION = Left Click at 'File'
	TEXT = Compound Action =
		Move mouse to (271.0, 274.5).
		Press Mouse Button BUTTON1
		Release Mouse Button BUTTON1

ExecutedAction [3]: 
 @Action ConcreteID = AC1y1sssi7f3880414178 AbstractID = AA1y1sssi7f3880414178
 ConcreteID CUSTOM = ConcreteID CUSTOM not available AbstractID CUSTOM = AAzhgtae7f3045327307
 @State ConcreteID = SC1vfifyx4ad740625235 AbstractID = SR1c93ckp4722174874075
 ConcreteID CUSTOM = SC18i76z4b6396937683 AbstractID CUSTOM = SAh4wk614b32326080043

	ROLE = LeftClickAt
	TARGET =
		WIDGET = WC16936tu1c972838729, WR17v7k2nb1067391859, WT1qe6brdf138512687, WPbp7s80182825150416
		ROLE = UIAMenuItem
		TITLE = Edit
		SHAPE = Rect [x:287.0 y:265.0 w:34.0 h:19.0]
		CHILDREN = 0
		PATH = [1, 3, 1]
	DESCRIPTION = Left Click at 'Edit'
	TEXT = Compound Action =
		Move mouse to (304.0, 274.5).
		Press Mouse Button BUTTON1
		Release Mouse Button BUTTON1

ExecutedAction [4]: 
 @Action ConcreteID = ACy04zpi7e1533511950 AbstractID = AAy04zpi7e1533511950
 ConcreteID CUSTOM = ConcreteID CUSTOM not available AbstractID CUSTOM = AAuaiawx803728195472
 @State ConcreteID = SC554y5u5cc67190268 AbstractID = SR1m6y9mg5893121578986
 ConcreteID CUSTOM = SCx9xsj75cc3075106319 AbstractID CUSTOM = SA1hv87n55cb671706936

	ROLE = LeftClickAt
	TARGET =
		WIDGET = WCkinj9s223081433268, WR1h6ibpb92248851252, WT493d5b122119396097, WP7do3sy1e1402063273
		ROLE = UIAButton
		TITLE = Line down
		SHAPE = Rect [x:1482.0 y:906.0 w:17.0 h:17.0]
		CHILDREN = 0
		PATH = [0, 0, 0, 3]
	DESCRIPTION = Left Click at 'Line down'
	TEXT = Compound Action =
		Move mouse to (1490.5, 914.5).
		Press Mouse Button BUTTON1
		Release Mouse Button BUTTON1

ExecutedAction [5]: 
 @Action ConcreteID = ACr12tlr802642046561 AbstractID = AAr12tlr802642046561
 ConcreteID CUSTOM = ConcreteID CUSTOM not available AbstractID CUSTOM = AAkzg2mz803751426151
 @State ConcreteID = SC1vfifyx4ad740625235 AbstractID = SR1c93ckp4722174874075
 ConcreteID CUSTOM = SC18i76z4b6396937683 AbstractID CUSTOM = SAh4wk614b32326080043

	ROLE = LeftClickAt
	TARGET =
		WIDGET = WC1n1r5m4202250858034, WR1h6ibpb92248851252, WTrko51k10351550260, WP1dzw1b21c239148232
		ROLE = UIAButton
		TITLE = Line up
		SHAPE = Rect [x:1482.0 y:285.0 w:17.0 h:17.0]
		CHILDREN = 0
		PATH = [0, 0, 0, 0]
	DESCRIPTION = Left Click at 'Line up'
	TEXT = Compound Action =
		Move mouse to (1490.5, 293.5).
		Press Mouse Button BUTTON1
		Release Mouse Button BUTTON1

ExecutedAction [6]: 
 @Action ConcreteID = AC11vx6o5803764748362 AbstractID = AA11vx6o5803764748362
 ConcreteID CUSTOM = ConcreteID CUSTOM not available AbstractID CUSTOM = AAvuafpd802726680140
 @State ConcreteID = SC1vfifyx4ad740625235 AbstractID = SR1c93ckp4722174874075
 ConcreteID CUSTOM = SC18i76z4b6396937683 AbstractID CUSTOM = SAh4wk614b32326080043

	ROLE = LeftClickAt
	TARGET =
		WIDGET = WC1a1jope251143864249, WR1h6ibpb92248851252, WT1ungvu9153002714154, WPj6r6pw213221602085
		ROLE = UIAButton
		TITLE = Column right
		SHAPE = Rect [x:1465.0 y:923.0 w:17.0 h:17.0]
		CHILDREN = 0
		PATH = [0, 0, 1, 4]
	DESCRIPTION = Left Click at 'Column right'
	TEXT = Compound Action =
		Move mouse to (1473.5, 931.5).
		Press Mouse Button BUTTON1
		Release Mouse Button BUTTON1

ExecutedAction [7]: 
 @Action ConcreteID = AC16svga37f4252744776 AbstractID = AA16svga37f4252744776
 ConcreteID CUSTOM = ConcreteID CUSTOM not available AbstractID CUSTOM = AA88jgrz7f2947929697
 @State ConcreteID = SC1vfifyx4ad740625235 AbstractID = SR1c93ckp4722174874075
 ConcreteID CUSTOM = SC18i76z4b6396937683 AbstractID CUSTOM = SAh4wk614b32326080043

	ROLE = LeftClickAt
	TARGET =
		WIDGET = WC1dzutbg231172063261, WR1h6ibpb92248851252, WTecs5t6133953252360, WP1s3nece1f2710215135
		ROLE = UIAButton
		TITLE = Page right
		SHAPE = Rect [x:496.0 y:923.0 w:969.0 h:17.0]
		CHILDREN = 0
		PATH = [0, 0, 1, 3]
	DESCRIPTION = Left Click at 'Page right'
	TEXT = Compound Action =
		Move mouse to (980.5, 931.5).
		Press Mouse Button BUTTON1
		Release Mouse Button BUTTON1

ExecutedAction [8]: 
 @Action ConcreteID = AC1u6dje57f2580327897 AbstractID = AA1u6dje57f2580327897
 ConcreteID CUSTOM = ConcreteID CUSTOM not available AbstractID CUSTOM = AAvm1jw17f3405957104
 @State ConcreteID = SC1vfifyx4ad740625235 AbstractID = SR1c93ckp4722174874075
 ConcreteID CUSTOM = SC18i76z4b6396937683 AbstractID CUSTOM = SAh4wk614b32326080043

	ROLE = LeftClickAt
	TARGET =
		WIDGET = WCit2f07243614029648, WR1h6ibpb92248851252, WTmroimq144285515309, WPbgwpnt201643095126
		ROLE = UIAButton
		TITLE = Column left
		SHAPE = Rect [x:255.0 y:923.0 w:17.0 h:17.0]
		CHILDREN = 0
		PATH = [0, 0, 1, 0]
	DESCRIPTION = Left Click at 'Column left'
	TEXT = Compound Action =
		Move mouse to (263.5, 931.5).
		Press Mouse Button BUTTON1
		Release Mouse Button BUTTON1

ExecutedAction [9]: 
 @Action ConcreteID = AC110n1ts801268551459 AbstractID = AA110n1ts801268551459
 ConcreteID CUSTOM = ConcreteID CUSTOM not available AbstractID CUSTOM = AAuz0av080159176997
 @State ConcreteID = SC1vfifyx4ad740625235 AbstractID = SR1c93ckp4722174874075
 ConcreteID CUSTOM = SC18i76z4b6396937683 AbstractID CUSTOM = SAh4wk614b32326080043

	ROLE = LeftClickAt
	TARGET =
		WIDGET = WCvzoo6u221758964379, WR1h6ibpb92248851252, WT1cknvro121926923266, WPv5fug81e1979559078
		ROLE = UIAButton
		TITLE = Page down
		SHAPE = Rect [x:1482.0 y:418.0 w:17.0 h:488.0]
		CHILDREN = 0
		PATH = [0, 0, 0, 2]
	DESCRIPTION = Left Click at 'Page down'
	TEXT = Compound Action =
		Move mouse to (1490.5, 662.0).
		Press Mouse Button BUTTON1
		Release Mouse Button BUTTON1

ExecutedAction [10]: 
 @Action ConcreteID = AC12sapnm7f1670814104 AbstractID = AA12sapnm7f1670814104
 ConcreteID CUSTOM = ConcreteID CUSTOM not available AbstractID CUSTOM = AA47yq5i7f827913137
 @State ConcreteID = SC1vfifyx4ad740625235 AbstractID = SR1c93ckp4722174874075
 ConcreteID CUSTOM = SC18i76z4b6396937683 AbstractID CUSTOM = SAh4wk614b32326080043

	ROLE = LeftClickAt
	TARGET =
		WIDGET = WC12b45x51c517775489, WR17v7k2nb1067391859, WT1qe89j4f2180189081, WP10d1byf183180104482
		ROLE = UIAMenuItem
		TITLE = Help
		SHAPE = Rect [x:412.0 y:265.0 w:39.0 h:19.0]
		CHILDREN = 0
		PATH = [0, 3, 4]
	DESCRIPTION = Left Click at 'Help'
	TEXT = Compound Action =
		Move mouse to (431.5, 274.5).
		Press Mouse Button BUTTON1
		Release Mouse Button BUTTON1

ExecutedAction [11]: 
 @Action ConcreteID = ACdn2w7f802613320798 AbstractID = AAdn2w7f802613320798
 ConcreteID CUSTOM = ConcreteID CUSTOM not available AbstractID CUSTOM = AA1bhgd37f3327296035
 @State ConcreteID = SC1ci8jfy5001281495596 AbstractID = SRehhbsc4c13048075511
 ConcreteID CUSTOM = SC147xd464fe808163732 AbstractID CUSTOM = SAriou4i5022684859534

	ROLE = LeftClickAt
	TARGET =
		WIDGET = WCvlzmeg252700730945, WR17v7k2nb1067391859, WT1wv077z18170180715, WPotjm2e213842195271
		ROLE = UIAMenuItem
		TITLE = About Notepad
		SHAPE = Rect [x:415.0 y:338.0 w:166.0 h:22.0]
		CHILDREN = 0
		PATH = [1, 0, 2]
	DESCRIPTION = Left Click at 'About Notepad'
	TEXT = Compound Action =
		Move mouse to (498.0, 349.0).
		Press Mouse Button BUTTON1
		Release Mouse Button BUTTON1

ExecutedAction [12]: 
 @Action ConcreteID = ACiv2txo8080660813 AbstractID = AAiv2txo8080660813
 ConcreteID CUSTOM = ConcreteID CUSTOM not available AbstractID CUSTOM = AA1k5x3p7c381625338
 @State ConcreteID = SC1lhdgm55b32861762574 AbstractID = SRdehnoi566928283976
 ConcreteID CUSTOM = SC13g3vb65b51633022126 AbstractID CUSTOM = SAupf5lz5b98958188

	ROLE = LeftClickAt
	TARGET =
		WIDGET = WCyz2j3x222061021683, WR1h6ibpb92248851252, WT1cksruh12339931985, WP14ewzzj1e38349162
		ROLE = UIAButton
		TITLE = Page left
		SHAPE = Rect [x:272.0 y:923.0 w:26.0 h:17.0]
		CHILDREN = 0
		PATH = [0, 0, 1, 1]
	DESCRIPTION = Left Click at 'Page left'
	TEXT = Compound Action =
		Move mouse to (285.0, 931.5).
		Press Mouse Button BUTTON1
		Release Mouse Button BUTTON1

ExecutedAction [13]: 
 @Action ConcreteID = AC1n2kd3580670155600 AbstractID = AA1n2kd3580670155600
 ConcreteID CUSTOM = ConcreteID CUSTOM not available AbstractID CUSTOM = AA15rng967c897591783
 @State ConcreteID = SC1lhdgm55b32861762574 AbstractID = SRdehnoi566928283976
 ConcreteID CUSTOM = SC13g3vb65b51633022126 AbstractID CUSTOM = SAupf5lz5b98958188

	ROLE = LeftClickAt
	TARGET =
		WIDGET = WC1ynjevq18133537047, WR1h6ibpb92248851252, WTzj707vb935461581, WP13re3qc141749412799
		ROLE = UIAButton
		TITLE = OK
		SHAPE = Rect [x:668.0 y:707.0 w:75.0 h:23.0]
		CHILDREN = 0
		PATH = [1, 0, 8]
	DESCRIPTION = Left Click at 'OK'
	TEXT = Compound Action =
		Move mouse to (705.5, 718.5).
		Press Mouse Button BUTTON1
		Release Mouse Button BUTTON1

ExecutedAction [14]: 
 @Action ConcreteID = AC15ga0887f2090284255 AbstractID = AA15ga0887f2090284255
 ConcreteID CUSTOM = ConcreteID CUSTOM not available AbstractID CUSTOM = AA6vy0q47f777608950
 @State ConcreteID = SC1vfifyx4ad740625235 AbstractID = SR1c93ckp4722174874075
 ConcreteID CUSTOM = SC18i76z4b6396937683 AbstractID CUSTOM = SAh4wk614b32326080043

	ROLE = LeftClickAt
	TARGET =
		WIDGET = WC16m2ms51c2145335636, WR17v7k2nb1067391859, WT1qeha5gf2005531835, WP1d09ztv183961380716
		ROLE = UIAMenuItem
		TITLE = View
		SHAPE = Rect [x:373.0 y:265.0 w:39.0 h:19.0]
		CHILDREN = 0
		PATH = [1, 3, 3]
	DESCRIPTION = Left Click at 'View'
	TEXT = Compound Action =
		Move mouse to (392.5, 274.5).
		Press Mouse Button BUTTON1
		Release Mouse Button BUTTON1

ExecutedAction [15]: 
 @Action ConcreteID = AC7hew78802613324883 AbstractID = AA7hew78802613324883
 ConcreteID CUSTOM = ConcreteID CUSTOM not available AbstractID CUSTOM = AA14f28bi7f4251755321
 @State ConcreteID = SC1rk6g5f4e91692908706 AbstractID = SR1puz85a4ad2697664837
 ConcreteID CUSTOM = SC1cjz5wi4eb2725776802 AbstractID CUSTOM = SAyxsfn34ef1080679078

	ROLE = LeftClickAt
	TARGET =
		WIDGET = WC1n7js7b1c106007059, WR17v7k2nb1067391859, WT1qejys2f1046425153, WP1psv0ph18657761217
		ROLE = UIAMenuItem
		TITLE = Zoom
		SHAPE = Rect [x:376.0 y:287.0 w:136.0 h:22.0]
		CHILDREN = 0
		PATH = [1, 0, 0]
	DESCRIPTION = Left Click at 'Zoom'
	TEXT = Compound Action =
		Move mouse to (444.0, 298.0).
		Press Mouse Button BUTTON1
		Release Mouse Button BUTTON1

ExecutedAction [16]: 
 @Action ConcreteID = AC13orkmk7e932250964 AbstractID = AA13orkmk7e932250964
 ConcreteID CUSTOM = ConcreteID CUSTOM not available AbstractID CUSTOM = AA17aeqwt7f686260773
 @State ConcreteID = SCynx3oh535435647366 AbstractID = SR29iz8v4fc1976592465
 ConcreteID CUSTOM = SC9xa1lp5361623333044 AbstractID CUSTOM = SAsre2gh5332443193487

	ROLE = LeftClickAt
	TARGET =
		WIDGET = WC1aiyzdr2b3033004416, WR17v7k2nb1067391859, WTy3ygp1e1031191529, WP9649gt273665954304
		ROLE = UIAMenuItem
		TITLE = Zoom Out	Ctrl+Minus
		SHAPE = Rect [x:512.0 y:309.0 w:259.0 h:22.0]
		CHILDREN = 0
		PATH = [1, 0, 1]
	DESCRIPTION = Left Click at 'Zoom Out	Ctrl+Minus'
	TEXT = Compound Action =
		Move mouse to (641.5, 320.0).
		Press Mouse Button BUTTON1
		Release Mouse Button BUTTON1

ExecutedAction [17]: 
 @Action ConcreteID = AC10aufqi7f307331445 AbstractID = AA10aufqi7f307331445
 ConcreteID CUSTOM = ConcreteID CUSTOM not available AbstractID CUSTOM = AAvm1jw17f3405957104
 @State ConcreteID = SCapdyj04af2216004111 AbstractID = SR1c93ckp4722174874075
 ConcreteID CUSTOM = SC15ge9zt4b62210011038 AbstractID CUSTOM = SAh4wk614b32326080043

	ROLE = LeftClickAt
	TARGET =
		WIDGET = WCit2f07243614029648, WR1h6ibpb92248851252, WTmroimq144285515309, WPbgwpnt201643095126
		ROLE = UIAButton
		TITLE = Column left
		SHAPE = Rect [x:255.0 y:923.0 w:17.0 h:17.0]
		CHILDREN = 0
		PATH = [0, 0, 1, 0]
	DESCRIPTION = Left Click at 'Column left'
	TEXT = Compound Action =
		Move mouse to (263.5, 931.5).
		Press Mouse Button BUTTON1
		Release Mouse Button BUTTON1

ExecutedAction [18]: 
 @Action ConcreteID = ACr1z5jpb6902856618 AbstractID = AAr1z5jpb6902856618
 ConcreteID CUSTOM = ConcreteID CUSTOM not available AbstractID CUSTOM = AA1ncwu26b6105821342
 @State ConcreteID = SCapdyj04af2216004111 AbstractID = SR1c93ckp4722174874075
 ConcreteID CUSTOM = SC15ge9zt4b62210011038 AbstractID CUSTOM = SAh4wk614b32326080043

	ROLE = LeftDrag
	DESCRIPTION = Drag (329.4960156122947, 932.0) To (681.6666666666667, 932.0)
	TEXT = Compound Action =
		Move mouse to (329.4960156122947, 932.0).
		Press Mouse Button BUTTON1
		Move mouse to (681.6666666666667, 932.0).
		Release Mouse Button BUTTON1

ExecutedAction [19]: 
 @Action ConcreteID = AC16qwgi27f1315821831 AbstractID = AA16qwgi27f1315821831
 ConcreteID CUSTOM = ConcreteID CUSTOM not available AbstractID CUSTOM = AA1223knl7f2537463682
 @State ConcreteID = SCapdyj04af2216004111 AbstractID = SR1c93ckp4722174874075
 ConcreteID CUSTOM = SC15ge9zt4b62210011038 AbstractID CUSTOM = SAh4wk614b32326080043

	ROLE = LeftClickAt
	TARGET =
		WIDGET = WC1fqsh0i1c2124881114, WR17v7k2nb1067391859, WT1qe72ijf99311909, WPjboygg183884664251
		ROLE = UIAMenuItem
		TITLE = File
		SHAPE = Rect [x:255.0 y:265.0 w:32.0 h:19.0]
		CHILDREN = 0
		PATH = [0, 3, 0]
	DESCRIPTION = Left Click at 'File'
	TEXT = Compound Action =
		Move mouse to (271.0, 274.5).
		Press Mouse Button BUTTON1
		Release Mouse Button BUTTON1

ExecutedAction [20]: 
 @Action ConcreteID = ACuw6uj67f2012985920 AbstractID = AAuw6uj67f2012985920
 ConcreteID CUSTOM = ConcreteID CUSTOM not available AbstractID CUSTOM = AAa8vqet7f1896454472
 @State ConcreteID = SCtcz1vr5621286566079 AbstractID = SRuknd765251867408478
 ConcreteID CUSTOM = SCub8t7x5654219034428 AbstractID CUSTOM = SAf4uc2a5644204488468

	ROLE = LeftClickAt
	TARGET =
		WIDGET = WCbmjtb722459325222, WR17v7k2nb1067391859, WT1otgxiu151058087525, WP7oan751e1894693024
		ROLE = UIAMenuItem
		TITLE = New	Ctrl+N
		SHAPE = Rect [x:258.0 y:287.0 w:223.0 h:22.0]
		CHILDREN = 0
		PATH = [1, 0, 0]
	DESCRIPTION = Left Click at 'New	Ctrl+N'
	TEXT = Compound Action =
		Move mouse to (369.5, 298.0).
		Press Mouse Button BUTTON1
		Release Mouse Button BUTTON1

ExecutedAction [21]: 
 @Action ConcreteID = AC1jirn8g7f1501067473 AbstractID = AA1jirn8g7f1501067473
 ConcreteID CUSTOM = ConcreteID CUSTOM not available AbstractID CUSTOM = AA1etyrdz7f2150317652
 @State ConcreteID = SCapdyj04af2216004111 AbstractID = SR1c93ckp4722174874075
 ConcreteID CUSTOM = SC15ge9zt4b62210011038 AbstractID CUSTOM = SAh4wk614b32326080043

	ROLE = LeftClickAt
	TARGET =
		WIDGET = WC3rq8hx1e869414367, WR17v7k2nb1067391859, WTaz2n92112307194186, WPablb9v1a985931869
		ROLE = UIAMenuItem
		TITLE = Format
		SHAPE = Rect [x:321.0 y:265.0 w:52.0 h:19.0]
		CHILDREN = 0
		PATH = [0, 3, 2]
	DESCRIPTION = Left Click at 'Format'
	TEXT = Compound Action =
		Move mouse to (347.0, 274.5).
		Press Mouse Button BUTTON1
		Release Mouse Button BUTTON1

ExecutedAction [22]: 
 @Action ConcreteID = AC1gz7cdk7f2491849870 AbstractID = AA1gz7cdk7f2491849870
 ConcreteID CUSTOM = ConcreteID CUSTOM not available AbstractID CUSTOM = AAcnfu3m7f1349919579
 @State ConcreteID = SCk7hwge4ec3350229759 AbstractID = SR1puz85a4ad2697664837
 ConcreteID CUSTOM = SCjqh464ed3342964082 AbstractID CUSTOM = SAyxsfn34ef1080679078

	ROLE = LeftClickAt
	TARGET =
		WIDGET = WCttullk1f1743980986, WR17v7k2nb1067391859, WT1k0pzz412734516100, WP16ghlly1b657292911
		ROLE = UIAMenuItem
		TITLE = Font...
		SHAPE = Rect [x:324.0 y:309.0 w:144.0 h:22.0]
		CHILDREN = 0
		PATH = [1, 0, 1]
	DESCRIPTION = Left Click at 'Font...'
	TEXT = Compound Action =
		Move mouse to (396.0, 320.0).
		Press Mouse Button BUTTON1
		Release Mouse Button BUTTON1

ExecutedAction [23]: 
 @Action ConcreteID = AC1svlc0d7f1684585793 AbstractID = AA1svlc0d7f1684585793
 ConcreteID CUSTOM = ConcreteID CUSTOM not available AbstractID CUSTOM = AA17t1v057e4184838090
 @State ConcreteID = SC7hm6pm91b3710699983 AbstractID = SR1jtt46j8a73094616374
 ConcreteID CUSTOM = SC1l87myo9151504742651 AbstractID CUSTOM = SAs90vhl92a417288042

	ROLE = LeftClickAt
	TARGET =
		WIDGET = WCdiw679252080178870, WR52qhb2b3065858412, WT1xdsb3j123030504758, WPvm5yr7212469017680
		ROLE = UIAListItem
		TITLE = Courier
		SHAPE = Rect [x:300.0 y:528.0 w:151.0 h:19.0]
		CHILDREN = 0
		PATH = [1, 0, 1, 0, 4]
	DESCRIPTION = Left Click at 'Courier'
	TEXT = Compound Action =
		Move mouse to (375.5, 537.5).
		Press Mouse Button BUTTON1
		Release Mouse Button BUTTON1

ExecutedAction [24]: 
 @Action ConcreteID = ACgebusi7f800243612 AbstractID = AAgebusi7f800243612
 ConcreteID CUSTOM = ConcreteID CUSTOM not available AbstractID CUSTOM = AAarrx5o7f714723340
 @State ConcreteID = SCeatya88a33862091061 AbstractID = SR3x43lz833897265524
 ConcreteID CUSTOM = SCsllip489c1515347788 AbstractID CUSTOM = SAn51mly8ad3575186684

	ROLE = LeftClickAt
	TARGET =
		WIDGET = WCkq38rd261955202538, WR52qhb2b3065858412, WTgncbem133408135534, WP11rdv1j223769518174
		ROLE = UIAListItem
		TITLE = Consolas
		SHAPE = Rect [x:300.0 y:471.0 w:151.0 h:19.0]
		CHILDREN = 0
		PATH = [1, 0, 1, 0, 1]
	DESCRIPTION = Left Click at 'Consolas'
	TEXT = Compound Action =
		Move mouse to (375.5, 480.5).
		Press Mouse Button BUTTON1
		Release Mouse Button BUTTON1

ExecutedAction [25]: 
 @Action ConcreteID = AC9cr23l7f87267807 AbstractID = AA9cr23l7f87267807
 ConcreteID CUSTOM = ConcreteID CUSTOM not available AbstractID CUSTOM = AA1nbbn2h7e2553588564
 @State ConcreteID = SC7hm6pm91b3710699983 AbstractID = SR1jtt46j8a73094616374
 ConcreteID CUSTOM = SC1l87myo9151504742651 AbstractID CUSTOM = SAs90vhl92a417288042

	ROLE = LeftClickAt
	TARGET =
		WIDGET = WCt6l0ye262185724879, WR1h6ibpb92248851252, WTbcxonh101439247762, WP1nt0r6022494158710
		ROLE = UIAButton
		TITLE = Page up
		SHAPE = Rect [x:677.0 y:488.0 w:17.0 h:13.0]
		CHILDREN = 0
		PATH = [1, 0, 5, 0, 0, 1]
	DESCRIPTION = Left Click at 'Page up'
	TEXT = Compound Action =
		Move mouse to (685.5, 494.5).
		Press Mouse Button BUTTON1
		Release Mouse Button BUTTON1

ExecutedAction [26]: 
 @Action ConcreteID = ACmjclv1803908100485 AbstractID = AAmjclv1803908100485
 ConcreteID CUSTOM = ConcreteID CUSTOM not available AbstractID CUSTOM = AAr58iph7e2482199995
 @State ConcreteID = SC19iiuv690a3136189381 AbstractID = SRjrmtjo893123380439
 ConcreteID CUSTOM = SC1mq5itt904134094250 AbstractID CUSTOM = SAh9mtqu918192770480

	ROLE = LeftClickAt
	TARGET =
		WIDGET = WC9evilu201988156643, WR52qhb2b3065858412, WT1bx8b0ed269647445, WP3w25vk1c606445174
		ROLE = UIAListItem
		TITLE = 11
		SHAPE = Rect [x:635.0 y:516.0 w:42.0 h:15.0]
		CHILDREN = 0
		PATH = [1, 0, 5, 0, 4]
	DESCRIPTION = Left Click at '11'
	TEXT = Compound Action =
		Move mouse to (656.0, 523.5).
		Press Mouse Button BUTTON1
		Release Mouse Button BUTTON1

ExecutedAction [27]: 
 @Action ConcreteID = AC1vc0f4a802933065275 AbstractID = AA1vc0f4a802933065275
 ConcreteID CUSTOM = ConcreteID CUSTOM not available AbstractID CUSTOM = AAws9zm7e3587226117
 @State ConcreteID = SC19iiuv690a3136189381 AbstractID = SRjrmtjo893123380439
 ConcreteID CUSTOM = SC1mq5itt904134094250 AbstractID CUSTOM = SAh9mtqu918192770480

	ROLE = LeftClickAt
	TARGET =
		WIDGET = WCmpuldy244162083745, WR52qhb2b3065858412, WT15t19m611856301530, WP1eewnis201046876593
		ROLE = UIAListItem
		TITLE = Italic
		SHAPE = Rect [x:488.0 y:490.0 w:109.0 h:19.0]
		CHILDREN = 0
		PATH = [1, 0, 3, 0, 2]
	DESCRIPTION = Left Click at 'Italic'
	TEXT = Compound Action =
		Move mouse to (542.5, 499.5).
		Press Mouse Button BUTTON1
		Release Mouse Button BUTTON1

ExecutedAction [28]: 
 @Action ConcreteID = AC1lxkjgr803317500609 AbstractID = AA1lxkjgr803317500609
 ConcreteID CUSTOM = ConcreteID CUSTOM not available AbstractID CUSTOM = AA1qjggb77e3200169727
 @State ConcreteID = SC19iiuv690a3136189381 AbstractID = SRjrmtjo893123380439
 ConcreteID CUSTOM = SC1mq5itt904134094250 AbstractID CUSTOM = SAh9mtqu918192770480

	ROLE = LeftClickAt
	TARGET =
		WIDGET = WC1df6w7s1c2999017813, WR4n4ygb71694219017, WTffw52mc121423905, WPr8u0i2182106648344
		ROLE = UIAList
		TITLE = Size:
		SHAPE = Rect [x:633.0 y:469.0 w:63.0 h:109.0]
		CHILDREN = 8
		PATH = [1, 0, 5, 0]
	DESCRIPTION = Left Click at 'Size:'
	TEXT = Compound Action =
		Move mouse to (664.5, 523.5).
		Press Mouse Button BUTTON1
		Release Mouse Button BUTTON1

ExecutedAction [29]: 
 @Action ConcreteID = AC14cg2q9802115514199 AbstractID = AA14cg2q9802115514199
 ConcreteID CUSTOM = ConcreteID CUSTOM not available AbstractID CUSTOM = AA18ybzkp7e85693289
 @State ConcreteID = SC19iiuv690a3136189381 AbstractID = SRjrmtjo893123380439
 ConcreteID CUSTOM = SC1mq5itt904134094250 AbstractID CUSTOM = SAh9mtqu918192770480

	ROLE = LeftClickAt
	TARGET =
		WIDGET = WC2ngzu8203224543336, WR52qhb2b3065858412, WT1bx8b0fd2300260335, WP1uh7p6m1c351673285
		ROLE = UIAListItem
		TITLE = 12
		SHAPE = Rect [x:635.0 y:531.0 w:42.0 h:15.0]
		CHILDREN = 0
		PATH = [1, 0, 5, 0, 5]
	DESCRIPTION = Left Click at '12'
	TEXT = Compound Action =
		Move mouse to (656.0, 538.5).
		Press Mouse Button BUTTON1
		Release Mouse Button BUTTON1

ExecutedAction [30]: 
 @Action ConcreteID = AC1rbxgte802573016401 AbstractID = AA1rbxgte802573016401
 ConcreteID CUSTOM = ConcreteID CUSTOM not available AbstractID CUSTOM = AA1vxtdnu7e3797852527
 @State ConcreteID = SC19iiuv690a3136189381 AbstractID = SRjrmtjo893123380439
 ConcreteID CUSTOM = SC1mq5itt904134094250 AbstractID CUSTOM = SAh9mtqu918192770480

	ROLE = LeftClickAt
	TARGET =
		WIDGET = WCtf1iwn251007968620, WR52qhb2b3065858412, WTh6zdq12834902686, WPuqezid21609615144
		ROLE = UIAListItem
		TITLE = Regular
		SHAPE = Rect [x:488.0 y:471.0 w:109.0 h:19.0]
		CHILDREN = 0
		PATH = [1, 0, 3, 0, 1]
	DESCRIPTION = Left Click at 'Regular'
	TEXT = Compound Action =
		Move mouse to (542.5, 480.5).
		Press Mouse Button BUTTON1
		Release Mouse Button BUTTON1

ExecutedAction [31]: 
 @Action ConcreteID = AC8rsx1x80177888094 AbstractID = AA8rsx1x80177888094
 ConcreteID CUSTOM = ConcreteID CUSTOM not available AbstractID CUSTOM = AAddotwd7e1905911648
 @State ConcreteID = SC19iiuv690a3136189381 AbstractID = SRjrmtjo893123380439
 ConcreteID CUSTOM = SC1mq5itt904134094250 AbstractID CUSTOM = SAh9mtqu918192770480

	ROLE = LeftClickAt
	TARGET =
		WIDGET = WCpntngm1c1048449944, WR4n4ygb71694219017, WTf8ueqoc3265374131, WP16b1rw818232618747
		ROLE = UIAList
		TITLE = Font:
		SHAPE = Rect [x:298.0 y:469.0 w:172.0 h:118.0]
		CHILDREN = 7
		PATH = [1, 0, 1, 0]
	DESCRIPTION = Left Click at 'Font:'
	TEXT = Compound Action =
		Move mouse to (384.0, 528.0).
		Press Mouse Button BUTTON1
		Release Mouse Button BUTTON1

ExecutedAction [32]: 
 @Action ConcreteID = ACwds3sp7f2709752699 AbstractID = AAwds3sp7f2709752699
 ConcreteID CUSTOM = ConcreteID CUSTOM not available AbstractID CUSTOM = AAqr865v7f2762532075
 @State ConcreteID = SCeatya88a33862091061 AbstractID = SR3x43lz833897265524
 ConcreteID CUSTOM = SCsllip489c1515347788 AbstractID CUSTOM = SAn51mly8ad3575186684

	ROLE = LeftClickAt
	TARGET =
		WIDGET = WCd7pqbv1f1337130323, WR17qbaneb3904637586, WT1oe7pvp1243228967, WPfod3o91b3151365302
		ROLE = UIAComboBox
		TITLE = Script:
		SHAPE = Rect [x:486.0 y:708.0 w:210.0 h:22.0]
		CHILDREN = 1
		PATH = [1, 0, 9]
	DESCRIPTION = Left Click at 'Script:'
	TEXT = Compound Action =
		Move mouse to (591.0, 719.0).
		Press Mouse Button BUTTON1
		Release Mouse Button BUTTON1

ExecutedAction [33]: 
 @Action ConcreteID = AC1tqy1a67f1466370148 AbstractID = AA1tqy1a67f1466370148
 ConcreteID CUSTOM = ConcreteID CUSTOM not available AbstractID CUSTOM = AA1x7xzgx80163977991
 @State ConcreteID = SC1wkk3sz8f4938936579 AbstractID = SR9kw96h87f394502583
 ConcreteID CUSTOM = SC44z1c28e92826000858 AbstractID CUSTOM = SA180obm88fd3988472721

	ROLE = LeftClickAt
	TARGET =
		WIDGET = WCr6wbjy2a3049748727, WR52qhb2b3065858412, WTqr3zqs171083766660, WP40rtfw26281301263
		ROLE = UIAListItem
		TITLE = Bold Oblique
		SHAPE = Rect [x:488.0 y:528.0 w:109.0 h:19.0]
		CHILDREN = 0
		PATH = [1, 0, 3, 0, 4]
	DESCRIPTION = Left Click at 'Bold Oblique'
	TEXT = Compound Action =
		Move mouse to (542.5, 537.5).
		Press Mouse Button BUTTON1
		Release Mouse Button BUTTON1

ExecutedAction [34]: 
 @Action ConcreteID = ACizwn1m7f2885372984 AbstractID = AAizwn1m7f2885372984
 ConcreteID CUSTOM = ConcreteID CUSTOM not available AbstractID CUSTOM = AAddcpes7f2932876200
 @State ConcreteID = SCeatya88a33862091061 AbstractID = SR3x43lz833897265524
 ConcreteID CUSTOM = SCsllip489c1515347788 AbstractID CUSTOM = SAn51mly8ad3575186684

	ROLE = LeftClickAt
	TARGET =
		WIDGET = WCg6a1bq201854936032, WR52qhb2b3065858412, WT1bx8b0dd1729449667, WPcc0ohw1c4147837858
		ROLE = UIAListItem
		TITLE = 10
		SHAPE = Rect [x:635.0 y:471.0 w:42.0 h:15.0]
		CHILDREN = 0
		PATH = [1, 0, 5, 0, 1]
	DESCRIPTION = Left Click at '10'
	TEXT = Compound Action =
		Move mouse to (656.0, 478.5).
		Press Mouse Button BUTTON1
		Release Mouse Button BUTTON1

ExecutedAction [35]: 
 @Action ConcreteID = AC1tcrdfk7f2635305039 AbstractID = AA1tcrdfk7f2635305039
 ConcreteID CUSTOM = ConcreteID CUSTOM not available AbstractID CUSTOM = AA1nq7fsq7f2553872351
 @State ConcreteID = SCeatya88a33862091061 AbstractID = SR3x43lz833897265524
 ConcreteID CUSTOM = SCsllip489c1515347788 AbstractID CUSTOM = SAn51mly8ad3575186684

	ROLE = LeftClickAt
	TARGET =
		WIDGET = WCr7o7ei261997001592, WR52qhb2b3065858412, WT1bqzmyj132256915856, WPlax360222533259805
		ROLE = UIAListItem
		TITLE = Standard
		SHAPE = Rect [x:488.0 y:471.0 w:109.0 h:19.0]
		CHILDREN = 0
		PATH = [1, 0, 3, 0, 1]
	DESCRIPTION = Left Click at 'Standard'
	TEXT = Compound Action =
		Move mouse to (542.5, 480.5).
		Press Mouse Button BUTTON1
		Release Mouse Button BUTTON1

ExecutedAction [36]: 
 @Action ConcreteID = AC87ap3m7f813224631 AbstractID = AA87ap3m7f813224631
 ConcreteID CUSTOM = ConcreteID CUSTOM not available AbstractID CUSTOM = AA2kqrgs7f894680359
 @State ConcreteID = SCeatya88a33862091061 AbstractID = SR3x43lz833897265524
 ConcreteID CUSTOM = SCsllip489c1515347788 AbstractID CUSTOM = SAn51mly8ad3575186684

	ROLE = LeftClickAt
	TARGET =
		WIDGET = WC1hedhe7201999413629, WR52qhb2b3065858412, WT1bx8b0id394246732, WP155c5251c3210036278
		ROLE = UIAListItem
		TITLE = 15
		SHAPE = Rect [x:635.0 y:501.0 w:42.0 h:15.0]
		CHILDREN = 0
		PATH = [1, 0, 5, 0, 3]
	DESCRIPTION = Left Click at '15'
	TEXT = Compound Action =
		Move mouse to (656.0, 508.5).
		Press Mouse Button BUTTON1
		Release Mouse Button BUTTON1

ExecutedAction [37]: 
 @Action ConcreteID = AC1koeu4p7f3752959952 AbstractID = AA1koeu4p7f3752959952
 ConcreteID CUSTOM = ConcreteID CUSTOM not available AbstractID CUSTOM = AA1f1uwhv7f3667587136
 @State ConcreteID = SCeatya88a33862091061 AbstractID = SR3x43lz833897265524
 ConcreteID CUSTOM = SCsllip489c1515347788 AbstractID CUSTOM = SAn51mly8ad3575186684

	ROLE = LeftClickAt
	TARGET =
		WIDGET = WCwrq83w24580147071, WR52qhb2b3065858412, WT13n9a06111701651249, WPiy3hsq203951506973
		ROLE = UIAListItem
		TITLE = Ebrima
		SHAPE = Rect [x:300.0 y:566.0 w:151.0 h:19.0]
		CHILDREN = 0
		PATH = [1, 0, 1, 0, 6]
	DESCRIPTION = Left Click at 'Ebrima'
	TEXT = Compound Action =
		Move mouse to (375.5, 575.5).
		Press Mouse Button BUTTON1
		Release Mouse Button BUTTON1

ExecutedAction [38]: 
 @Action ConcreteID = AC1v6fn96801069022547 AbstractID = AA1v6fn96801069022547
 ConcreteID CUSTOM = ConcreteID CUSTOM not available AbstractID CUSTOM = AA1trj8h7e3157234607
 @State ConcreteID = SC1d6wytj90a2105062563 AbstractID = SRjrmtjo893123380439
 ConcreteID CUSTOM = SCb8wkpe904254414043 AbstractID CUSTOM = SAh9mtqu918192770480

	ROLE = LeftClickAt
	TARGET =
		WIDGET = WC3fqtpi232959284406, WR17qbaneb3904637586, WT1p15swg161714730526, WP1u16t2s1f888882020
		ROLE = UIAComboBox
		TITLE = Font style:
		SHAPE = Rect [x:486.0 y:447.0 w:130.0 h:143.0]
		CHILDREN = 2
		PATH = [1, 0, 3]
	DESCRIPTION = Left Click at 'Font style:'
	TEXT = Compound Action =
		Move mouse to (551.0, 518.5).
		Press Mouse Button BUTTON1
		Release Mouse Button BUTTON1

ExecutedAction [39]: 
 @Action ConcreteID = AC2er9vz801492216983 AbstractID = AA2er9vz801492216983
 ConcreteID CUSTOM = ConcreteID CUSTOM not available AbstractID CUSTOM = AA8377ue7e3681092203
 @State ConcreteID = SC1d6wytj90a2105062563 AbstractID = SRjrmtjo893123380439
 ConcreteID CUSTOM = SCb8wkpe904254414043 AbstractID CUSTOM = SAh9mtqu918192770480

	ROLE = LeftClickAt
	TARGET =
		WIDGET = WC1amyyp6203169397171, WR52qhb2b3065858412, WT1bx8b0jd2390158326, WPwpdmgo1c4075894208
		ROLE = UIAListItem
		TITLE = 16
		SHAPE = Rect [x:635.0 y:561.0 w:42.0 h:15.0]
		CHILDREN = 0
		PATH = [1, 0, 5, 0, 7]
	DESCRIPTION = Left Click at '16'
	TEXT = Compound Action =
		Move mouse to (656.0, 568.5).
		Press Mouse Button BUTTON1
		Release Mouse Button BUTTON1

ExecutedAction [40]: 
 @Action ConcreteID = AC1kn79jh802990327006 AbstractID = AA1kn79jh802990327006
 ConcreteID CUSTOM = ConcreteID CUSTOM not available AbstractID CUSTOM = AA1qbn7hw7e832875042
 @State ConcreteID = SC1d6wytj90a2105062563 AbstractID = SRjrmtjo893123380439
 ConcreteID CUSTOM = SCb8wkpe904254414043 AbstractID CUSTOM = SAh9mtqu918192770480

	ROLE = LeftClickAt
	TARGET =
		WIDGET = WC2cyv1h27705265554, WR16s6p21c140494670, WTdtcs8f142835715827, WP16iiveb233090545839
		ROLE = UIAScrollBar
		TITLE = Vertical
		SHAPE = Rect [x:677.0 y:471.0 w:17.0 h:105.0]
		CHILDREN = 4
		PATH = [1, 0, 5, 0, 0]
	DESCRIPTION = Left Click at 'Vertical'
	TEXT = Compound Action =
		Move mouse to (685.5, 523.5).
		Press Mouse Button BUTTON1
		Release Mouse Button BUTTON1

ExecutedAction [41]: 
 @Action ConcreteID = AC1j542ds7f2875143443 AbstractID = AA1j542ds7f2875143443
 ConcreteID CUSTOM = ConcreteID CUSTOM not available AbstractID CUSTOM = AAj6i0uu7e246723332
 @State ConcreteID = SC3yqap691e1427862045 AbstractID = SR1jtt46j8a73094616374
 ConcreteID CUSTOM = SCzf8afe9152308245752 AbstractID CUSTOM = SAs90vhl92a417288042

	ROLE = LeftClickAt
	TARGET =
		WIDGET = WC9p7eyo252057750724, WR52qhb2b3065858412, WTq4iqsz124266912943, WPjs4wni211204804044
		ROLE = UIAListItem
		TITLE = Oblique
		SHAPE = Rect [x:488.0 y:509.0 w:109.0 h:19.0]
		CHILDREN = 0
		PATH = [1, 0, 3, 0, 3]
	DESCRIPTION = Left Click at 'Oblique'
	TEXT = Compound Action =
		Move mouse to (542.5, 518.5).
		Press Mouse Button BUTTON1
		Release Mouse Button BUTTON1

ExecutedAction [42]: 
 @Action ConcreteID = AC1cleh4a7f1797807060 AbstractID = AA1cleh4a7f1797807060
 ConcreteID CUSTOM = ConcreteID CUSTOM not available AbstractID CUSTOM = AAcmsflc7e3468942787
 @State ConcreteID = SC3yqap691e1427862045 AbstractID = SR1jtt46j8a73094616374
 ConcreteID CUSTOM = SCzf8afe9152308245752 AbstractID CUSTOM = SAs90vhl92a417288042

	ROLE = LeftClickAt
	TARGET =
		WIDGET = WC1d8qozg283968250343, WR52qhb2b3065858412, WTjcuw6y152297092711, WP5d7wwa244024516983
		ROLE = UIAListItem
		TITLE = Constantia
		SHAPE = Rect [x:300.0 y:490.0 w:151.0 h:19.0]
		CHILDREN = 0
		PATH = [1, 0, 1, 0, 2]
	DESCRIPTION = Left Click at 'Constantia'
	TEXT = Compound Action =
		Move mouse to (375.5, 499.5).
		Press Mouse Button BUTTON1
		Release Mouse Button BUTTON1

ExecutedAction [43]: 
 @Action ConcreteID = ACw9xvhu7f4029932719 AbstractID = AAw9xvhu7f4029932719
 ConcreteID CUSTOM = ConcreteID CUSTOM not available AbstractID CUSTOM = AA1acx5te7e1031800042
 @State ConcreteID = SC1b2x31h91e720860333 AbstractID = SR1jtt46j8a73094616374
 ConcreteID CUSTOM = SC1pmqciz9151542704411 AbstractID CUSTOM = SAs90vhl92a417288042

	ROLE = LeftClickAt
	TARGET =
		WIDGET = WCzc46uc292032462063, WR52qhb2b3065858412, WT1oehc7j16143327502, WP1qp2r8y253423532693
		ROLE = UIAListItem
		TITLE = Courier New
		SHAPE = Rect [x:300.0 y:547.0 w:151.0 h:19.0]
		CHILDREN = 0
		PATH = [1, 0, 1, 0, 5]
	DESCRIPTION = Left Click at 'Courier New'
	TEXT = Compound Action =
		Move mouse to (375.5, 556.5).
		Press Mouse Button BUTTON1
		Release Mouse Button BUTTON1

ExecutedAction [44]: 
 @Action ConcreteID = AC10vk4we7f3969595778 AbstractID = AA10vk4we7f3969595778
 ConcreteID CUSTOM = ConcreteID CUSTOM not available AbstractID CUSTOM = AA1eyjf7y7e556325319
 @State ConcreteID = SC1b2x31h91e720860333 AbstractID = SR1jtt46j8a73094616374
 ConcreteID CUSTOM = SC1pmqciz9151542704411 AbstractID CUSTOM = SAs90vhl92a417288042

	ROLE = LeftClickAt
	TARGET =
		WIDGET = WC1e4sy30203740047889, WR52qhb2b3065858412, WT1bx8b1ed2774251573, WP1j33qvu1c3094372101
		ROLE = UIAListItem
		TITLE = 26
		SHAPE = Rect [x:635.0 y:546.0 w:42.0 h:15.0]
		CHILDREN = 0
		PATH = [1, 0, 5, 0, 6]
	DESCRIPTION = Left Click at '26'
	TEXT = Compound Action =
		Move mouse to (656.0, 553.5).
		Press Mouse Button BUTTON1
		Release Mouse Button BUTTON1

ExecutedAction [45]: 
 @Action ConcreteID = ACld32qv7f2614597308 AbstractID = AAld32qv7f2614597308
 ConcreteID CUSTOM = ConcreteID CUSTOM not available AbstractID CUSTOM = AAzg2d2f7e1449424633
 @State ConcreteID = SC1b2x31h91e720860333 AbstractID = SR1jtt46j8a73094616374
 ConcreteID CUSTOM = SC1pmqciz9151542704411 AbstractID CUSTOM = SAs90vhl92a417288042

	ROLE = LeftClickAt
	TARGET =
		WIDGET = WCmvlf7t1d883158725, WR1h6ibpb92248851252, WT1vjbvvdf3603144044, WPlostdn191259414760
		ROLE = UIAButton
		TITLE = Cancel
		SHAPE = Rect [x:619.0 y:820.0 w:79.0 h:26.0]
		CHILDREN = 0
		PATH = [1, 0, 12]
	DESCRIPTION = Left Click at 'Cancel'
	TEXT = Compound Action =
		Move mouse to (658.5, 833.0).
		Press Mouse Button BUTTON1
		Release Mouse Button BUTTON1

ExecutedAction [46]: 
 @Action ConcreteID = ACbkqwkl7f4144633971 AbstractID = AAbkqwkl7f4144633971
 ConcreteID CUSTOM = ConcreteID CUSTOM not available AbstractID CUSTOM = AA6vy0q47f777608950
 @State ConcreteID = SCapdyj04af2216004111 AbstractID = SR1c93ckp4722174874075
 ConcreteID CUSTOM = SC15ge9zt4b62210011038 AbstractID CUSTOM = SAh4wk614b32326080043

	ROLE = LeftClickAt
	TARGET =
		WIDGET = WCdsg5py1c3010804170, WR17v7k2nb1067391859, WT1qeha5gf2005531835, WPk6niro18548921330
		ROLE = UIAMenuItem
		TITLE = View
		SHAPE = Rect [x:373.0 y:265.0 w:39.0 h:19.0]
		CHILDREN = 0
		PATH = [0, 3, 3]
	DESCRIPTION = Left Click at 'View'
	TEXT = Compound Action =
		Move mouse to (392.5, 274.5).
		Press Mouse Button BUTTON1
		Release Mouse Button BUTTON1

ExecutedAction [47]: 
 @Action ConcreteID = ACg972rw7f952121301 AbstractID = AAg972rw7f952121301
 ConcreteID CUSTOM = ConcreteID CUSTOM not available AbstractID CUSTOM = AA1l8hbi67f2100274220
 @State ConcreteID = SC5gboi64ea2255314176 AbstractID = SR1puz85a4ad2697664837
 ConcreteID CUSTOM = SC1b1f4vf4eb2212417512 AbstractID CUSTOM = SAyxsfn34ef1080679078

	ROLE = LeftClickAt
	TARGET =
		WIDGET = WCzizbck22780081783, WR17v7k2nb1067391859, WT1mzygsk152008856611, WP1hxaps21e3209323002
		ROLE = UIAMenuItem
		TITLE = Status Bar
		SHAPE = Rect [x:376.0 y:309.0 w:136.0 h:22.0]
		CHILDREN = 0
		PATH = [1, 0, 1]
	DESCRIPTION = Left Click at 'Status Bar'
	TEXT = Compound Action =
		Move mouse to (444.0, 320.0).
		Press Mouse Button BUTTON1
		Release Mouse Button BUTTON1

ExecutedAction [48]: 
 @Action ConcreteID = AC1ygosu5a1701997308 AbstractID = AA1ygosu5a1701997308
 ConcreteID CUSTOM = ConcreteID CUSTOM not available AbstractID CUSTOM = AA157tgx9a13945641671
 @State ConcreteID = SC1vtjlbp4393964503945 AbstractID = SR2l2gp8406245360292
 ConcreteID CUSTOM = SC1ryy603435466942198 AbstractID CUSTOM = SA1x5gwnx4311567386566

	ROLE = LeftDrag
	DESCRIPTION = Drag (1491.0, 329.0) To (1491.0, 899.0)
	TEXT = Compound Action =
		Move mouse to (1491.0, 329.0).
		Press Mouse Button BUTTON1
		Move mouse to (1491.0, 899.0).
		Release Mouse Button BUTTON1

ExecutedAction [49]: 
 @Action ConcreteID = ACfez5e8801268762809 AbstractID = AAfez5e8801268762809
 ConcreteID CUSTOM = ConcreteID CUSTOM not available AbstractID CUSTOM = AA1f0ents801811620517
 @State ConcreteID = SC1vtjlbp4393964503945 AbstractID = SR2l2gp8406245360292
 ConcreteID CUSTOM = SC1ryy603435466942198 AbstractID CUSTOM = SA1x5gwnx4311567386566

	ROLE = LeftClickAt
	TARGET =
		WIDGET = WC3rq8hx1e869414367, WR17v7k2nb1067391859, WTaz2n92112307194186, WPablb9v1a985931869
		ROLE = UIAMenuItem
		TITLE = Format
		SHAPE = Rect [x:321.0 y:265.0 w:52.0 h:19.0]
		CHILDREN = 0
		PATH = [0, 3, 2]
	DESCRIPTION = Left Click at 'Format'
	TEXT = Compound Action =
		Move mouse to (347.0, 274.5).
		Press Mouse Button BUTTON1
		Release Mouse Button BUTTON1

ExecutedAction [50]: 
 @Action ConcreteID = AC2pfx2g7e2785177753 AbstractID = AA2pfx2g7e2785177753
 ConcreteID CUSTOM = ConcreteID CUSTOM not available AbstractID CUSTOM = AAvq6u5k7f2825862633
 @State ConcreteID = SCx78zor476680635274 AbstractID = SRzt7fhd4413743515251
 ConcreteID CUSTOM = SC13lbzm047a1977369836 AbstractID CUSTOM = SAhatcqx4732044924022

	ROLE = LeftClickAt
	TARGET =
		WIDGET = WCnwxspk211003987001, WR17v7k2nb1067391859, WTxuhgyp144189972595, WP7eioyu1d65575959
		ROLE = UIAMenuItem
		TITLE = Word Wrap
		SHAPE = Rect [x:324.0 y:287.0 w:144.0 h:22.0]
		CHILDREN = 0
		PATH = [1, 0, 0]
	DESCRIPTION = Left Click at 'Word Wrap'
	TEXT = Compound Action =
		Move mouse to (396.0, 298.0).
		Press Mouse Button BUTTON1
		Release Mouse Button BUTTON1

ExecutedAction [51]: 
 @Action ConcreteID = ACousy4yb7241211023 AbstractID = AAousy4yb7241211023
 ConcreteID CUSTOM = ConcreteID CUSTOM not available AbstractID CUSTOM = AA1nbr1ppb73398734014
 @State ConcreteID = SC1ie3e3g3e62329439236 AbstractID = SR1q4anab3b8713826937
 ConcreteID CUSTOM = SC17wdanq3e42623502932 AbstractID CUSTOM = SA1nl21hv3e01606391449

	ROLE = LeftDrag
	DESCRIPTION = Drag (329.4960156122947, 932.0) To (681.6666666666667, 932.0)
	TEXT = Compound Action =
		Move mouse to (329.4960156122947, 932.0).
		Press Mouse Button BUTTON1
		Move mouse to (681.6666666666667, 932.0).
		Release Mouse Button BUTTON1

ExecutedAction [52]: 
 @Action ConcreteID = AC1glgrwv81600881092 AbstractID = AA1glgrwv81600881092
 ConcreteID CUSTOM = ConcreteID CUSTOM not available AbstractID CUSTOM = AA95lwq811690667415
 @State ConcreteID = SC1ie3e3g3e62329439236 AbstractID = SR1q4anab3b8713826937
 ConcreteID CUSTOM = SC17wdanq3e42623502932 AbstractID CUSTOM = SA1nl21hv3e01606391449

	ROLE = LeftClickAt
	TARGET =
		WIDGET = WCkinj9s223081433268, WR1h6ibpb92248851252, WT493d5b122119396097, WP7do3sy1e1402063273
		ROLE = UIAButton
		TITLE = Line down
		SHAPE = Rect [x:1482.0 y:906.0 w:17.0 h:17.0]
		CHILDREN = 0
		PATH = [0, 0, 0, 3]
	DESCRIPTION = Left Click at 'Line down'
	TEXT = Compound Action =
		Move mouse to (1490.5, 914.5).
		Press Mouse Button BUTTON1
		Release Mouse Button BUTTON1

ExecutedAction [53]: 
 @Action ConcreteID = AC1gslqnb81964018423 AbstractID = AA1gslqnb81964018423
 ConcreteID CUSTOM = ConcreteID CUSTOM not available AbstractID CUSTOM = AA4lguz8b8604667595
 @State ConcreteID = SC1ie3e3g3e62329439236 AbstractID = SR1q4anab3b8713826937
 ConcreteID CUSTOM = SC17wdanq3e42623502932 AbstractID CUSTOM = SA1nl21hv3e01606391449

	ROLE = LeftDrag
	DESCRIPTION = Drag (329.4960156122947, 932.0) To (1072.3333333333335, 932.0)
	TEXT = Compound Action =
		Move mouse to (329.4960156122947, 932.0).
		Press Mouse Button BUTTON1
		Move mouse to (1072.3333333333335, 932.0).
		Release Mouse Button BUTTON1

ExecutedAction [54]: 
 @Action ConcreteID = ACus0564fc213841998 AbstractID = AA1i418wd54086273126
 ConcreteID CUSTOM = ConcreteID CUSTOM not available AbstractID CUSTOM = AAqxinxnd5249052174
 @State ConcreteID = SC1ie3e3g3e62329439236 AbstractID = SR1q4anab3b8713826937
 ConcreteID CUSTOM = SC17wdanq3e42623502932 AbstractID CUSTOM = SA1nl21hv3e01606391449

	ROLE = ClickTypeInto
	TARGET =
		WIDGET = WCh9rmb11c1827454063, WR4n0dlj72701565195, WTei4yvd121088706799, WP1p79f6n182825509439
		ROLE = UIAEdit
		TITLE = Text Editor
		SHAPE = Rect [x:255.0 y:285.0 w:1244.0 h:655.0]
		CHILDREN = 3
		PATH = [0, 0]
	DESCRIPTION = Type '><script>alert(1...' into 'Text Editor
	TEXT = Compound Action =
		Compound Action =
		Move mouse to (877.0, 612.5).
		Press Mouse Button BUTTON1
		Release Mouse Button BUTTON1
		Press Key 17
		Press Key 65
		Release Key 65
		Release Key 17
		Type text '><script>alert(123);</script x='

ExecutedAction [55]: 
 @Action ConcreteID = AC128v07pb81859550223 AbstractID = AA128v07pb81859550223
 ConcreteID CUSTOM = ConcreteID CUSTOM not available AbstractID CUSTOM = AA4lguz8b8604667595
 @State ConcreteID = SC109wfhm3e52634176660 AbstractID = SR1q4anab3b8713826937
 ConcreteID CUSTOM = SCsna8x43e5159237103 AbstractID CUSTOM = SA1nl21hv3e01606391449

	ROLE = LeftDrag
	DESCRIPTION = Drag (329.4960156122947, 932.0) To (1072.3333333333335, 932.0)
	TEXT = Compound Action =
		Move mouse to (329.4960156122947, 932.0).
		Press Mouse Button BUTTON1
		Move mouse to (1072.3333333333335, 932.0).
		Release Mouse Button BUTTON1

ExecutedAction [56]: 
 @Action ConcreteID = AC1ptmr0p813337946308 AbstractID = AA1ptmr0p813337946308
 ConcreteID CUSTOM = ConcreteID CUSTOM not available AbstractID CUSTOM = AA95lwq811690667415
 @State ConcreteID = SC109wfhm3e52634176660 AbstractID = SR1q4anab3b8713826937
 ConcreteID CUSTOM = SCsna8x43e5159237103 AbstractID CUSTOM = SA1nl21hv3e01606391449

	ROLE = LeftClickAt
	TARGET =
		WIDGET = WCkinj9s223081433268, WR1h6ibpb92248851252, WT493d5b122119396097, WP7do3sy1e1402063273
		ROLE = UIAButton
		TITLE = Line down
		SHAPE = Rect [x:1482.0 y:906.0 w:17.0 h:17.0]
		CHILDREN = 0
		PATH = [0, 0, 0, 3]
	DESCRIPTION = Left Click at 'Line down'
	TEXT = Compound Action =
		Move mouse to (1490.5, 914.5).
		Press Mouse Button BUTTON1
		Release Mouse Button BUTTON1

ExecutedAction [57]: 
 @Action ConcreteID = ACvxcyqw8042347388 AbstractID = AAvxcyqw8042347388
 ConcreteID CUSTOM = ConcreteID CUSTOM not available AbstractID CUSTOM = AAn2ecbr801434061407
 @State ConcreteID = SC109wfhm3e52634176660 AbstractID = SR1q4anab3b8713826937
 ConcreteID CUSTOM = SCsna8x43e5159237103 AbstractID CUSTOM = SA1nl21hv3e01606391449

	ROLE = LeftClickAt
	TARGET =
		WIDGET = WCdfgprn1c4116076503, WR17v7k2nb1067391859, WT1qe6brdf138512687, WP1hwpd4x181691246414
		ROLE = UIAMenuItem
		TITLE = Edit
		SHAPE = Rect [x:287.0 y:265.0 w:34.0 h:19.0]
		CHILDREN = 0
		PATH = [0, 3, 1]
	DESCRIPTION = Left Click at 'Edit'
	TEXT = Compound Action =
		Move mouse to (304.0, 274.5).
		Press Mouse Button BUTTON1
		Release Mouse Button BUTTON1

ExecutedAction [58]: 
 @Action ConcreteID = AC3eq9et7f2678631805 AbstractID = AA3eq9et7f2678631805
 ConcreteID CUSTOM = ConcreteID CUSTOM not available AbstractID CUSTOM = AAjuu2ga7f3117731141
 @State ConcreteID = SCy6qzy55021975453526 AbstractID = SRjwlnjm4cf3555614687
 ConcreteID CUSTOM = SCsoa26b50c762370169 AbstractID CUSTOM = SA8xyal84fd1055262611

	ROLE = LeftClickAt
	TARGET =
		WIDGET = WC16f2izv24891578317, WR17v7k2nb1067391859, WT6xmx7v172237674255, WP1srjugp203553704544
		ROLE = UIAMenuItem
		TITLE = Paste	Ctrl+V
		SHAPE = Rect [x:290.0 y:360.0 w:225.0 h:22.0]
		CHILDREN = 0
		PATH = [1, 0, 3]
	DESCRIPTION = Left Click at 'Paste	Ctrl+V'
	TEXT = Compound Action =
		Move mouse to (402.5, 371.0).
		Press Mouse Button BUTTON1
		Release Mouse Button BUTTON1

ExecutedAction [59]: 
 @Action ConcreteID = AC1hkv59ga12703834941 AbstractID = AA1hkv59ga12703834941
 ConcreteID CUSTOM = ConcreteID CUSTOM not available AbstractID CUSTOM = AA5oyt6ta1818153981
 @State ConcreteID = SC109wfhm3e52634176660 AbstractID = SR1q4anab3b8713826937
 ConcreteID CUSTOM = SCsna8x43e5159237103 AbstractID CUSTOM = SA1nl21hv3e01606391449

	ROLE = LeftDrag
	DESCRIPTION = Drag (1491.0, 329.0) To (1491.0, 899.0)
	TEXT = Compound Action =
		Move mouse to (1491.0, 329.0).
		Press Mouse Button BUTTON1
		Move mouse to (1491.0, 899.0).
		Release Mouse Button BUTTON1

ExecutedAction [60]: 
 @Action ConcreteID = AC1cg1rj6a1997785299 AbstractID = AA1cg1rj6a1997785299
 ConcreteID CUSTOM = ConcreteID CUSTOM not available AbstractID CUSTOM = AAk5fgja12861942803
 @State ConcreteID = SC109wfhm3e52634176660 AbstractID = SR1q4anab3b8713826937
 ConcreteID CUSTOM = SCsna8x43e5159237103 AbstractID CUSTOM = SA1nl21hv3e01606391449

	ROLE = LeftDrag
	DESCRIPTION = Drag (1491.0, 329.0) To (1491.0, 554.2)
	TEXT = Compound Action =
		Move mouse to (1491.0, 329.0).
		Press Mouse Button BUTTON1
		Move mouse to (1491.0, 554.2).
		Release Mouse Button BUTTON1

ExecutedAction [61]: 
 @Action ConcreteID = ACs1xpcj802080435527 AbstractID = AAs1xpcj802080435527
 ConcreteID CUSTOM = ConcreteID CUSTOM not available AbstractID CUSTOM = AAj6z2xe80737987684
 @State ConcreteID = SC109wfhm3e52634176660 AbstractID = SR1q4anab3b8713826937
 ConcreteID CUSTOM = SCsna8x43e5159237103 AbstractID CUSTOM = SA1nl21hv3e01606391449

	ROLE = LeftClickAt
	TARGET =
		WIDGET = WCit2f07243614029648, WR1h6ibpb92248851252, WTmroimq144285515309, WPbgwpnt201643095126
		ROLE = UIAButton
		TITLE = Column left
		SHAPE = Rect [x:255.0 y:923.0 w:17.0 h:17.0]
		CHILDREN = 0
		PATH = [0, 0, 1, 0]
	DESCRIPTION = Left Click at 'Column left'
	TEXT = Compound Action =
		Move mouse to (263.5, 931.5).
		Press Mouse Button BUTTON1
		Release Mouse Button BUTTON1

ExecutedAction [62]: 
 @Action ConcreteID = AC1rl78v3814147638857 AbstractID = AA1rl78v3814147638857
 ConcreteID CUSTOM = ConcreteID CUSTOM not available AbstractID CUSTOM = AA20q3r4811426554650
 @State ConcreteID = SC109wfhm3e52634176660 AbstractID = SR1q4anab3b8713826937
 ConcreteID CUSTOM = SCsna8x43e5159237103 AbstractID CUSTOM = SA1nl21hv3e01606391449

	ROLE = LeftClickAt
	TARGET =
		WIDGET = WC1a1jope251143864249, WR1h6ibpb92248851252, WT1ungvu9153002714154, WPj6r6pw213221602085
		ROLE = UIAButton
		TITLE = Column right
		SHAPE = Rect [x:1465.0 y:923.0 w:17.0 h:17.0]
		CHILDREN = 0
		PATH = [0, 0, 1, 4]
	DESCRIPTION = Left Click at 'Column right'
	TEXT = Compound Action =
		Move mouse to (1473.5, 931.5).
		Press Mouse Button BUTTON1
		Release Mouse Button BUTTON1

ExecutedAction [63]: 
 @Action ConcreteID = ACnuvm0802254100742 AbstractID = AAnuvm0802254100742
 ConcreteID CUSTOM = ConcreteID CUSTOM not available AbstractID CUSTOM = AA1qu0b5z803517380645
 @State ConcreteID = SC109wfhm3e52634176660 AbstractID = SR1q4anab3b8713826937
 ConcreteID CUSTOM = SCsna8x43e5159237103 AbstractID CUSTOM = SA1nl21hv3e01606391449

	ROLE = LeftClickAt
	TARGET =
		WIDGET = WC12b45x51c517775489, WR17v7k2nb1067391859, WT1qe89j4f2180189081, WP10d1byf183180104482
		ROLE = UIAMenuItem
		TITLE = Help
		SHAPE = Rect [x:412.0 y:265.0 w:39.0 h:19.0]
		CHILDREN = 0
		PATH = [0, 3, 4]
	DESCRIPTION = Left Click at 'Help'
	TEXT = Compound Action =
		Move mouse to (431.5, 274.5).
		Press Mouse Button BUTTON1
		Release Mouse Button BUTTON1

ExecutedAction [64]: 
 @Action ConcreteID = ACmj6w7f2006903196 AbstractID = AAmj6w7f2006903196
 ConcreteID CUSTOM = ConcreteID CUSTOM not available AbstractID CUSTOM = AA11akmf1802356519914
 @State ConcreteID = SCkdc86j4382522579953 AbstractID = SRy2n606407329705572
 ConcreteID CUSTOM = SC1ic5omo43e2874388097 AbstractID CUSTOM = SA17j6aqj4372761892354

	ROLE = LeftClickAt
	TARGET =
		WIDGET = WCdfgprn1c4116076503, WR17v7k2nb1067391859, WT1qe6brdf138512687, WP1hwpd4x181691246414
		ROLE = UIAMenuItem
		TITLE = Edit
		SHAPE = Rect [x:287.0 y:265.0 w:34.0 h:19.0]
		CHILDREN = 0
		PATH = [0, 3, 1]
	DESCRIPTION = Left Click at 'Edit'
	TEXT = Compound Action =
		Move mouse to (304.0, 274.5).
		Press Mouse Button BUTTON1
		Release Mouse Button BUTTON1

ExecutedAction [65]: 
 @Action ConcreteID = ACyhzq4380540849461 AbstractID = AAyhzq4380540849461
 ConcreteID CUSTOM = ConcreteID CUSTOM not available AbstractID CUSTOM = AApn13oy802009109526
 @State ConcreteID = SC109wfhm3e52634176660 AbstractID = SR1q4anab3b8713826937
 ConcreteID CUSTOM = SCsna8x43e5159237103 AbstractID CUSTOM = SA1nl21hv3e01606391449

	ROLE = LeftClickAt
	TARGET =
		WIDGET = WC1fqsh0i1c2124881114, WR17v7k2nb1067391859, WT1qe72ijf99311909, WPjboygg183884664251
		ROLE = UIAMenuItem
		TITLE = File
		SHAPE = Rect [x:255.0 y:265.0 w:32.0 h:19.0]
		CHILDREN = 0
		PATH = [0, 3, 0]
	DESCRIPTION = Left Click at 'File'
	TEXT = Compound Action =
		Move mouse to (271.0, 274.5).
		Press Mouse Button BUTTON1
		Release Mouse Button BUTTON1

ExecutedAction [66]: 
 @Action ConcreteID = ACb8jryf804118684571 AbstractID = AAb8jryf804118684571
 ConcreteID CUSTOM = ConcreteID CUSTOM not available AbstractID CUSTOM = AAhcd2pm802693471385
 @State ConcreteID = SC1ay3aiz4993922383606 AbstractID = SRas4e6k46b4048296586
 ConcreteID CUSTOM = SCabs05y4a54215595071 AbstractID CUSTOM = SA1mr9nez4992667537456

	ROLE = LeftClickAt
	TARGET =
		WIDGET = WC1xrenix2f770624771, WR17v7k2nb1067391859, WTts8vz223311468155, WP195rht32b2723386033
		ROLE = UIAMenuItem
		TITLE = New Window	Ctrl+Shift+N
		SHAPE = Rect [x:258.0 y:309.0 w:223.0 h:22.0]
		CHILDREN = 0
		PATH = [1, 0, 1]
	DESCRIPTION = Left Click at 'New Window	Ctrl+Shift+N'
	TEXT = Compound Action =
		Move mouse to (369.5, 320.0).
		Press Mouse Button BUTTON1
		Release Mouse Button BUTTON1

ExecutedAction [67]: 
 @Action ConcreteID = ACuucz6v7f1488899195 AbstractID = AAuucz6v7f1488899195
 ConcreteID CUSTOM = ConcreteID CUSTOM not available AbstractID CUSTOM = AAvsqrju7f2760200121
 @State ConcreteID = SCew7c1w6031539424241 AbstractID = SRvmgyb55c0180752873
 ConcreteID CUSTOM = SC1ichgas6054034437086 AbstractID CUSTOM = SAa377gz6013011614971

	ROLE = LeftClickAt
	TARGET =
		WIDGET = WC1pez6mb1e1912025762, WR17v7k2nb1067391859, WTaz2n92112307194186, WP1vyu9e91a2028021536
		ROLE = UIAMenuItem
		TITLE = Format
		SHAPE = Rect [x:321.0 y:265.0 w:52.0 h:19.0]
		CHILDREN = 0
		PATH = [2, 3, 2]
	DESCRIPTION = Left Click at 'Format'
	TEXT = Compound Action =
		Move mouse to (347.0, 274.5).
		Press Mouse Button BUTTON1
		Release Mouse Button BUTTON1

ExecutedAction [68]: 
 @Action ConcreteID = AC1em79ylaa38938964 AbstractID = AA1em79ylaa38938964
 ConcreteID CUSTOM = ConcreteID CUSTOM not available AbstractID CUSTOM = AAyv6lh3a91520425003
 @State ConcreteID = SC11365xl63d589029317 AbstractID = SRihbta45fb2474243049
 ConcreteID CUSTOM = SC10ok4vw6452298439002 AbstractID CUSTOM = SA8vwrvl645416794220

	ROLE = LeftDrag
	DESCRIPTION = Drag (329.4960156122947, 932.0) To (877.0, 932.0)
	TEXT = Compound Action =
		Move mouse to (329.4960156122947, 932.0).
		Press Mouse Button BUTTON1
		Move mouse to (877.0, 932.0).
		Release Mouse Button BUTTON1

ExecutedAction [69]: 
 @Action ConcreteID = AC1lxgai47f4140608729 AbstractID = AA1lxgai47f4140608729
 ConcreteID CUSTOM = ConcreteID CUSTOM not available AbstractID CUSTOM = AA1mvu2v37f183971611
 @State ConcreteID = SCew7c1w6031539424241 AbstractID = SRvmgyb55c0180752873
 ConcreteID CUSTOM = SC1ichgas6054034437086 AbstractID CUSTOM = SAa377gz6013011614971

	ROLE = LeftClickAt
	TARGET =
		WIDGET = WCdsg5py1c3010804170, WR17v7k2nb1067391859, WT1qeha5gf2005531835, WPk6niro18548921330
		ROLE = UIAMenuItem
		TITLE = View
		SHAPE = Rect [x:373.0 y:265.0 w:39.0 h:19.0]
		CHILDREN = 0
		PATH = [0, 3, 3]
	DESCRIPTION = Left Click at 'View'
	TEXT = Compound Action =
		Move mouse to (392.5, 274.5).
		Press Mouse Button BUTTON1
		Release Mouse Button BUTTON1

ExecutedAction [70]: 
 @Action ConcreteID = AC1nmwr467f475833173 AbstractID = AA1nmwr467f475833173
 ConcreteID CUSTOM = ConcreteID CUSTOM not available AbstractID CUSTOM = AA2dfd4r7e3394821744
 @State ConcreteID = SC1d467x763d725375269 AbstractID = SRihbta45fb2474243049
 ConcreteID CUSTOM = SC1jqexs96473927199030 AbstractID CUSTOM = SA8vwrvl645416794220

	ROLE = LeftClickAt
	TARGET =
		WIDGET = WCdfgprn1c4116076503, WR17v7k2nb1067391859, WT1qe6brdf138512687, WP1hwpd4x181691246414
		ROLE = UIAMenuItem
		TITLE = Edit
		SHAPE = Rect [x:287.0 y:265.0 w:34.0 h:19.0]
		CHILDREN = 0
		PATH = [0, 3, 1]
	DESCRIPTION = Left Click at 'Edit'
	TEXT = Compound Action =
		Move mouse to (304.0, 274.5).
		Press Mouse Button BUTTON1
		Release Mouse Button BUTTON1

ExecutedAction [71]: 
 @Action ConcreteID = AC19d5jpoa0583346909 AbstractID = AA19d5jpoa0583346909
 ConcreteID CUSTOM = ConcreteID CUSTOM not available AbstractID CUSTOM = AAb09a55a0967923237
 @State ConcreteID = SCew7c1w6031539424241 AbstractID = SRvmgyb55c0180752873
 ConcreteID CUSTOM = SC1ichgas6054034437086 AbstractID CUSTOM = SAa377gz6013011614971

	ROLE = LeftDrag
	DESCRIPTION = Drag (1491.0, 329.0) To (1491.0, 437.6)
	TEXT = Compound Action =
		Move mouse to (1491.0, 329.0).
		Press Mouse Button BUTTON1
		Move mouse to (1491.0, 437.6).
		Release Mouse Button BUTTON1

ExecutedAction [72]: 
 @Action ConcreteID = ACvcappwb73697499919 AbstractID = AAvcappwb73697499919
 ConcreteID CUSTOM = ConcreteID CUSTOM not available AbstractID CUSTOM = AAm8stxjb7928497099
 @State ConcreteID = SCew7c1w6031539424241 AbstractID = SRvmgyb55c0180752873
 ConcreteID CUSTOM = SC1ichgas6054034437086 AbstractID CUSTOM = SAa377gz6013011614971

	ROLE = LeftDrag
	DESCRIPTION = Drag (329.4960156122947, 932.0) To (486.33333333333337, 932.0)
	TEXT = Compound Action =
		Move mouse to (329.4960156122947, 932.0).
		Press Mouse Button BUTTON1
		Move mouse to (486.33333333333337, 932.0).
		Release Mouse Button BUTTON1

ExecutedAction [73]: 
 @Action ConcreteID = AC1mycaedd487458245 AbstractID = AA1cukj3gd42170338188
 ConcreteID CUSTOM = ConcreteID CUSTOM not available AbstractID CUSTOM = AA1nz7kjdd44074521365
 @State ConcreteID = SCew7c1w6031539424241 AbstractID = SRvmgyb55c0180752873
 ConcreteID CUSTOM = SC1ichgas6054034437086 AbstractID CUSTOM = SAa377gz6013011614971

	ROLE = ClickTypeInto
	TARGET =
		WIDGET = WChav7hr1c372043535, WR4n0dlj72701565195, WTei4yvd121088706799, WP1p8d0dd183534326111
		ROLE = UIAEdit
		TITLE = Text Editor
		SHAPE = Rect [x:255.0 y:285.0 w:1244.0 h:655.0]
		CHILDREN = 3
		PATH = [2, 0]
	DESCRIPTION = Type '?' into 'Text Editor
	TEXT = Compound Action =
		Compound Action =
		Move mouse to (877.0, 612.5).
		Press Mouse Button BUTTON1
		Release Mouse Button BUTTON1
		Press Key 17
		Press Key 65
		Release Key 65
		Release Key 17
		Type text '?'

ExecutedAction [74]: 
 @Action ConcreteID = ACuucz6v7f1488899195 AbstractID = AAuucz6v7f1488899195
 ConcreteID CUSTOM = ConcreteID CUSTOM not available AbstractID CUSTOM = AAvsqrju7f2760200121
 @State ConcreteID = SCew7c1w6031539424241 AbstractID = SRvmgyb55c0180752873
 ConcreteID CUSTOM = SC1ichgas6054034437086 AbstractID CUSTOM = SAa377gz6013011614971

	ROLE = LeftClickAt
	TARGET =
		WIDGET = WC3rq8hx1e869414367, WR17v7k2nb1067391859, WTaz2n92112307194186, WPablb9v1a985931869
		ROLE = UIAMenuItem
		TITLE = Format
		SHAPE = Rect [x:321.0 y:265.0 w:52.0 h:19.0]
		CHILDREN = 0
		PATH = [0, 3, 2]
	DESCRIPTION = Left Click at 'Format'
	TEXT = Compound Action =
		Move mouse to (347.0, 274.5).
		Press Mouse Button BUTTON1
		Release Mouse Button BUTTON1

ExecutedAction [75]: 
 @Action ConcreteID = ACwngnxpa077699294 AbstractID = AAwngnxpa077699294
 ConcreteID CUSTOM = ConcreteID CUSTOM not available AbstractID CUSTOM = AAfqc7939f308688197
 @State ConcreteID = SC11365xl63d589029317 AbstractID = SRihbta45fb2474243049
 ConcreteID CUSTOM = SC10ok4vw6452298439002 AbstractID CUSTOM = SA8vwrvl645416794220

	ROLE = LeftDrag
	DESCRIPTION = Drag (1491.0, 329.0) To (1491.0, 437.6)
	TEXT = Compound Action =
		Move mouse to (1491.0, 329.0).
		Press Mouse Button BUTTON1
		Move mouse to (1491.0, 437.6).
		Release Mouse Button BUTTON1

ExecutedAction [76]: 
 @Action ConcreteID = ACbmfrox7f328676831 AbstractID = AAbmfrox7f328676831
 ConcreteID CUSTOM = ConcreteID CUSTOM not available AbstractID CUSTOM = AAcktk1w7f4021073437
 @State ConcreteID = SCew7c1w6031539424241 AbstractID = SRvmgyb55c0180752873
 ConcreteID CUSTOM = SC1ichgas6054034437086 AbstractID CUSTOM = SAa377gz6013011614971

	ROLE = LeftClickAt
	TARGET =
		WIDGET = WCit2f07243614029648, WR1h6ibpb92248851252, WTmroimq144285515309, WPbgwpnt201643095126
		ROLE = UIAButton
		TITLE = Column left
		SHAPE = Rect [x:255.0 y:923.0 w:17.0 h:17.0]
		CHILDREN = 0
		PATH = [0, 0, 1, 0]
	DESCRIPTION = Left Click at 'Column left'
	TEXT = Compound Action =
		Move mouse to (263.5, 931.5).
		Press Mouse Button BUTTON1
		Release Mouse Button BUTTON1

ExecutedAction [77]: 
 @Action ConcreteID = ACuucz6v7f1488899195 AbstractID = AAuucz6v7f1488899195
 ConcreteID CUSTOM = ConcreteID CUSTOM not available AbstractID CUSTOM = AAvsqrju7f2760200121
 @State ConcreteID = SCew7c1w6031539424241 AbstractID = SRvmgyb55c0180752873
 ConcreteID CUSTOM = SC1ichgas6054034437086 AbstractID CUSTOM = SAa377gz6013011614971

	ROLE = LeftClickAt
	TARGET =
		WIDGET = WCwkswyr1e3256360177, WR17v7k2nb1067391859, WTaz2n92112307194186, WP134nzqp1a3406694771
		ROLE = UIAMenuItem
		TITLE = Format
		SHAPE = Rect [x:321.0 y:265.0 w:52.0 h:19.0]
		CHILDREN = 0
		PATH = [1, 2, 2]
	DESCRIPTION = Left Click at 'Format'
	TEXT = Compound Action =
		Move mouse to (347.0, 274.5).
		Press Mouse Button BUTTON1
		Release Mouse Button BUTTON1

ExecutedAction [78]: 
 @Action ConcreteID = ACcbgb9h7f1539308385 AbstractID = AAcbgb9h7f1539308385
 ConcreteID CUSTOM = ConcreteID CUSTOM not available AbstractID CUSTOM = AA2dfd4r7e3394821744
 @State ConcreteID = SC11365xl63d589029317 AbstractID = SRihbta45fb2474243049
 ConcreteID CUSTOM = SC10ok4vw6452298439002 AbstractID CUSTOM = SA8vwrvl645416794220

	ROLE = LeftClickAt
	TARGET =
		WIDGET = WC25eia1c89361594, WR17v7k2nb1067391859, WT1qe6brdf138512687, WP14je1vk182496365603
		ROLE = UIAMenuItem
		TITLE = Edit
		SHAPE = Rect [x:287.0 y:265.0 w:34.0 h:19.0]
		CHILDREN = 0
		PATH = [2, 4, 1]
	DESCRIPTION = Left Click at 'Edit'
	TEXT = Compound Action =
		Move mouse to (304.0, 274.5).
		Press Mouse Button BUTTON1
		Release Mouse Button BUTTON1

ExecutedAction [79]: 
 @Action ConcreteID = AC2a7dmxb73991834349 AbstractID = AA2a7dmxb73991834349
 ConcreteID CUSTOM = ConcreteID CUSTOM not available AbstractID CUSTOM = AA1s7tjtob7114977833
 @State ConcreteID = SCew7c1w6031539424241 AbstractID = SRvmgyb55c0180752873
 ConcreteID CUSTOM = SC1ichgas6054034437086 AbstractID CUSTOM = SAa377gz6013011614971

	ROLE = LeftDrag
	DESCRIPTION = Drag (329.4960156122947, 932.0) To (1267.6666666666667, 932.0)
	TEXT = Compound Action =
		Move mouse to (329.4960156122947, 932.0).
		Press Mouse Button BUTTON1
		Move mouse to (1267.6666666666667, 932.0).
		Release Mouse Button BUTTON1

ExecutedAction [80]: 
 @Action ConcreteID = AC14lpaaj801955827916 AbstractID = AA14lpaaj801955827916
 ConcreteID CUSTOM = ConcreteID CUSTOM not available AbstractID CUSTOM = AA1y7kpgo8017107155
 @State ConcreteID = SCew7c1w6031539424241 AbstractID = SRvmgyb55c0180752873
 ConcreteID CUSTOM = SC1ichgas6054034437086 AbstractID CUSTOM = SAa377gz6013011614971

	ROLE = LeftClickAt
	TARGET =
		WIDGET = WC1n1r5m4202250858034, WR1h6ibpb92248851252, WTrko51k10351550260, WP1dzw1b21c239148232
		ROLE = UIAButton
		TITLE = Line up
		SHAPE = Rect [x:1482.0 y:285.0 w:17.0 h:17.0]
		CHILDREN = 0
		PATH = [0, 0, 0, 0]
	DESCRIPTION = Left Click at 'Line up'
	TEXT = Compound Action =
		Move mouse to (1490.5, 293.5).
		Press Mouse Button BUTTON1
		Release Mouse Button BUTTON1

ExecutedAction [81]: 
 @Action ConcreteID = ACjmasp8ab918461181 AbstractID = AAjmasp8ab918461181
 ConcreteID CUSTOM = ConcreteID CUSTOM not available AbstractID CUSTOM = AAyq03kvab1700120166
 @State ConcreteID = SCew7c1w6031539424241 AbstractID = SRvmgyb55c0180752873
 ConcreteID CUSTOM = SC1ichgas6054034437086 AbstractID CUSTOM = SAa377gz6013011614971

	ROLE = LeftDrag
	DESCRIPTION = Drag (329.4960156122947, 932.0) To (1458.0, 932.0)
	TEXT = Compound Action =
		Move mouse to (329.4960156122947, 932.0).
		Press Mouse Button BUTTON1
		Move mouse to (1458.0, 932.0).
		Release Mouse Button BUTTON1

ExecutedAction [82]: 
 @Action ConcreteID = ACmqbd4eb63658165265 AbstractID = AAmqbd4eb63658165265
 ConcreteID CUSTOM = ConcreteID CUSTOM not available AbstractID CUSTOM = AA8otqt7b63772766164
 @State ConcreteID = SCew7c1w6031539424241 AbstractID = SRvmgyb55c0180752873
 ConcreteID CUSTOM = SC1ichgas6054034437086 AbstractID CUSTOM = SAa377gz6013011614971

	ROLE = LeftDrag
	DESCRIPTION = Drag (329.4960156122947, 932.0) To (681.6666666666667, 932.0)
	TEXT = Compound Action =
		Move mouse to (329.4960156122947, 932.0).
		Press Mouse Button BUTTON1
		Move mouse to (681.6666666666667, 932.0).
		Release Mouse Button BUTTON1

ExecutedAction [83]: 
 @Action ConcreteID = AC1jdbnt1a0428332157 AbstractID = AA1jdbnt1a0428332157
 ConcreteID CUSTOM = ConcreteID CUSTOM not available AbstractID CUSTOM = AAl0fe8ia049522821
 @State ConcreteID = SCew7c1w6031539424241 AbstractID = SRvmgyb55c0180752873
 ConcreteID CUSTOM = SC1ichgas6054034437086 AbstractID CUSTOM = SAa377gz6013011614971

	ROLE = LeftDrag
	DESCRIPTION = Drag (1491.0, 329.0) To (1491.0, 670.8)
	TEXT = Compound Action =
		Move mouse to (1491.0, 329.0).
		Press Mouse Button BUTTON1
		Move mouse to (1491.0, 670.8).
		Release Mouse Button BUTTON1

ExecutedAction [84]: 
 @Action ConcreteID = AC1doz5ij80944670826 AbstractID = AA1doz5ij80944670826
 ConcreteID CUSTOM = ConcreteID CUSTOM not available AbstractID CUSTOM = AA89qipk801306005621
 @State ConcreteID = SCew7c1w6031539424241 AbstractID = SRvmgyb55c0180752873
 ConcreteID CUSTOM = SC1ichgas6054034437086 AbstractID CUSTOM = SAa377gz6013011614971

	ROLE = LeftClickAt
	TARGET =
		WIDGET = WCkinj9s223081433268, WR1h6ibpb92248851252, WT493d5b122119396097, WP7do3sy1e1402063273
		ROLE = UIAButton
		TITLE = Line down
		SHAPE = Rect [x:1482.0 y:906.0 w:17.0 h:17.0]
		CHILDREN = 0
		PATH = [0, 0, 0, 3]
	DESCRIPTION = Left Click at 'Line down'
	TEXT = Compound Action =
		Move mouse to (1490.5, 914.5).
		Press Mouse Button BUTTON1
		Release Mouse Button BUTTON1

ExecutedAction [85]: 
 @Action ConcreteID = ACw42u4ka01005369323 AbstractID = AAw42u4ka01005369323
 ConcreteID CUSTOM = ConcreteID CUSTOM not available AbstractID CUSTOM = AA1wsamj5a0546884371
 @State ConcreteID = SCew7c1w6031539424241 AbstractID = SRvmgyb55c0180752873
 ConcreteID CUSTOM = SC1ichgas6054034437086 AbstractID CUSTOM = SAa377gz6013011614971

	ROLE = LeftDrag
	DESCRIPTION = Drag (1491.0, 329.0) To (1491.0, 554.2)
	TEXT = Compound Action =
		Move mouse to (1491.0, 329.0).
		Press Mouse Button BUTTON1
		Move mouse to (1491.0, 554.2).
		Release Mouse Button BUTTON1

ExecutedAction [86]: 
 @Action ConcreteID = ACjmasp8ab918461181 AbstractID = AAjmasp8ab918461181
 ConcreteID CUSTOM = ConcreteID CUSTOM not available AbstractID CUSTOM = AAyq03kvab1700120166
 @State ConcreteID = SCew7c1w6031539424241 AbstractID = SRvmgyb55c0180752873
 ConcreteID CUSTOM = SC1ichgas6054034437086 AbstractID CUSTOM = SAa377gz6013011614971

	ROLE = LeftDrag
	DESCRIPTION = Drag (329.4960156122947, 932.0) To (1458.0, 932.0)
	TEXT = Compound Action =
		Move mouse to (329.4960156122947, 932.0).
		Press Mouse Button BUTTON1
		Move mouse to (1458.0, 932.0).
		Release Mouse Button BUTTON1

ExecutedAction [87]: 
 @Action ConcreteID = ACi2hsgh7f1336634797 AbstractID = AAi2hsgh7f1336634797
 ConcreteID CUSTOM = ConcreteID CUSTOM not available AbstractID CUSTOM = AAj0vktg7f3012619887
 @State ConcreteID = SCew7c1w6031539424241 AbstractID = SRvmgyb55c0180752873
 ConcreteID CUSTOM = SC1ichgas6054034437086 AbstractID CUSTOM = SAa377gz6013011614971

	ROLE = LeftClickAt
	TARGET =
		WIDGET = WC1fqsh0i1c2124881114, WR17v7k2nb1067391859, WT1qe72ijf99311909, WPjboygg183884664251
		ROLE = UIAMenuItem
		TITLE = File
		SHAPE = Rect [x:255.0 y:265.0 w:32.0 h:19.0]
		CHILDREN = 0
		PATH = [0, 3, 0]
	DESCRIPTION = Left Click at 'File'
	TEXT = Compound Action =
		Move mouse to (271.0, 274.5).
		Press Mouse Button BUTTON1
		Release Mouse Button BUTTON1

ExecutedAction [88]: 
 @Action ConcreteID = AC1fufch07d1647376331 AbstractID = AA1fufch07d1647376331
 ConcreteID CUSTOM = ConcreteID CUSTOM not available AbstractID CUSTOM = AAumxej7801479957773
 @State ConcreteID = SCr5fl46b9367376325 AbstractID = SR1i0vxcg6732982423925
 ConcreteID CUSTOM = SCnj067u6c24080887199 AbstractID CUSTOM = SA1m18mx56bc2177864152

	ROLE = LeftClickAt
	TARGET =
		WIDGET = WC1b0el9s253734078347, WR17v7k2nb1067391859, WT1mkt3k3184259406525, WP30mgzi211024126892
		ROLE = UIAMenuItem
		TITLE = Page Setup...
		SHAPE = Rect [x:258.0 y:404.0 w:223.0 h:22.0]
		CHILDREN = 0
		PATH = [2, 0, 5]
	DESCRIPTION = Left Click at 'Page Setup...'
	TEXT = Compound Action =
		Move mouse to (369.5, 415.0).
		Press Mouse Button BUTTON1
		Release Mouse Button BUTTON1

ExecutedAction [89]: 
 @Action ConcreteID = ACnmbkz5803638750499 AbstractID = AAnmbkz5803638750499
 ConcreteID CUSTOM = ConcreteID CUSTOM not available AbstractID CUSTOM = AA1j2xblx7f971552966
 @State ConcreteID = SC1lucne38ad1581672171 AbstractID = SRxdwws98423923237731
 ConcreteID CUSTOM = SCv0j0bm8bc3926977587 AbstractID CUSTOM = SA84038p8c42052376963

	ROLE = LeftClickAt
	TARGET =
		WIDGET = WCh3lflj234229390991, WRa3fnoge3263686876, WTu95paz162645246549, WPcc0lmt1f2251348135
		ROLE = UIARadioButton
		TITLE = Portrait
		SHAPE = Rect [x:287.0 y:449.0 w:78.0 h:20.0]
		CHILDREN = 0
		PATH = [2, 0, 6]
	DESCRIPTION = Left Click at 'Portrait'
	TEXT = Compound Action =
		Move mouse to (326.0, 459.0).
		Press Mouse Button BUTTON1
		Release Mouse Button BUTTON1

ExecutedAction [90]: 
 @Action ConcreteID = ACzk7fzh801692272009 AbstractID = AAzk7fzh801692272009
 ConcreteID CUSTOM = ConcreteID CUSTOM not available AbstractID CUSTOM = AA1v0t6m97f2245283948
 @State ConcreteID = SC1lucne38ad1581672171 AbstractID = SRxdwws98423923237731
 ConcreteID CUSTOM = SCv0j0bm8bc3926977587 AbstractID CUSTOM = SA84038p8c42052376963

	ROLE = LeftClickAt
	TARGET =
		WIDGET = WC1ab7k0v1f3856260434, WR17qbaneb3904637586, WT1u4k19x12231763435, WP1hob1bh1b3892265794
		ROLE = UIAComboBox
		TITLE = Source:
		SHAPE = Rect [x:359.0 y:384.0 w:240.0 h:21.0]
		CHILDREN = 1
		PATH = [2, 0, 4]
	DESCRIPTION = Left Click at 'Source:'
	TEXT = Compound Action =
		Move mouse to (479.0, 394.5).
		Press Mouse Button BUTTON1
		Release Mouse Button BUTTON1

ExecutedAction [91]: 
 @Action ConcreteID = AC11p91yc7f2674857392 AbstractID = AA11p91yc7f2674857392
 ConcreteID CUSTOM = ConcreteID CUSTOM not available AbstractID CUSTOM = AAgfuywn80858466520
 @State ConcreteID = SCdew7ml9001031839414 AbstractID = SR1sdfh8988e2224138995
 ConcreteID CUSTOM = SCkx9gq990c497370278 AbstractID CUSTOM = SA1qe0arh9141691588271

	ROLE = LeftClickAt
	TARGET =
		WIDGET = WC182gzr132829122213, WR52qhb2b3065858412, WT1r9yp931f2203879893, WP1lpbr2j2e4009669916
		ROLE = UIAListItem
		TITLE = Automatically select
		SHAPE = Rect [x:360.0 y:406.0 w:238.0 h:13.0]
		CHILDREN = 0
		PATH = [2, 0, 4, 0, 0]
	DESCRIPTION = Left Click at 'Automatically select'
	TEXT = Compound Action =
		Move mouse to (479.0, 412.5).
		Press Mouse Button BUTTON1
		Release Mouse Button BUTTON1

ExecutedAction [92]: 
 @Action ConcreteID = AC16j2p5z801648664833 AbstractID = AA16j2p5z801648664833
 ConcreteID CUSTOM = ConcreteID CUSTOM not available AbstractID CUSTOM = AA2ykdtn7f2202989796
 @State ConcreteID = SC1lucne38ad1581672171 AbstractID = SRxdwws98423923237731
 ConcreteID CUSTOM = SCv0j0bm8bc3926977587 AbstractID CUSTOM = SA84038p8c42052376963

	ROLE = LeftClickAt
	TARGET =
		WIDGET = WC62asae2496383485, WRa3fnoge3263686876, WTjezmd7174119221906, WP2icmpw204054937053
		ROLE = UIARadioButton
		TITLE = Landscape
		SHAPE = Rect [x:287.0 y:483.0 w:78.0 h:20.0]
		CHILDREN = 0
		PATH = [2, 0, 7]
	DESCRIPTION = Left Click at 'Landscape'
	TEXT = Compound Action =
		Move mouse to (326.0, 493.0).
		Press Mouse Button BUTTON1
		Release Mouse Button BUTTON1

ExecutedAction [93]: 
 @Action ConcreteID = ACrv6aufb72374549103 AbstractID = AArv6aufb72374549103
 ConcreteID CUSTOM = ConcreteID CUSTOM not available AbstractID CUSTOM = AA17jjtg3b62218154803
 @State ConcreteID = SC1lucne38ad1581672171 AbstractID = SRxdwws98423923237731
 ConcreteID CUSTOM = SCv0j0bm8bc3926977587 AbstractID CUSTOM = SA84038p8c42052376963

	ROLE = LeftDrag
	DESCRIPTION = Drag (329.4960156122947, 932.0) To (681.6666666666667, 932.0)
	TEXT = Compound Action =
		Move mouse to (329.4960156122947, 932.0).
		Press Mouse Button BUTTON1
		Move mouse to (681.6666666666667, 932.0).
		Release Mouse Button BUTTON1

ExecutedAction [94]: 
 @Action ConcreteID = AC1xaegb7802684035752 AbstractID = AA1xaegb7802684035752
 ConcreteID CUSTOM = ConcreteID CUSTOM not available AbstractID CUSTOM = AAtpw4yv7f2129753933
 @State ConcreteID = SC1lucne38ad1581672171 AbstractID = SRxdwws98423923237731
 ConcreteID CUSTOM = SCv0j0bm8bc3926977587 AbstractID CUSTOM = SA84038p8c42052376963

	ROLE = LeftClickAt
	TARGET =
		WIDGET = WCdsg5py1c3010804170, WR17v7k2nb1067391859, WT1qeha5gf2005531835, WPk6niro18548921330
		ROLE = UIAMenuItem
		TITLE = View
		SHAPE = Rect [x:373.0 y:265.0 w:39.0 h:19.0]
		CHILDREN = 0
		PATH = [0, 3, 3]
	DESCRIPTION = Left Click at 'View'
	TEXT = Compound Action =
		Move mouse to (392.5, 274.5).
		Press Mouse Button BUTTON1
		Release Mouse Button BUTTON1

ExecutedAction [95]: 
 @Action ConcreteID = AC1xaegb7802684035752 AbstractID = AA1xaegb7802684035752
 ConcreteID CUSTOM = ConcreteID CUSTOM not available AbstractID CUSTOM = AAtpw4yv7f2129753933
 @State ConcreteID = SC1lucne38ad1581672171 AbstractID = SRxdwws98423923237731
 ConcreteID CUSTOM = SCv0j0bm8bc3926977587 AbstractID CUSTOM = SA84038p8c42052376963

	ROLE = LeftClickAt
	TARGET =
		WIDGET = WC16liu6s1c1119817956, WR17v7k2nb1067391859, WT1qeha5gf2005531835, WP1czq78i183514693340
		ROLE = UIAMenuItem
		TITLE = View
		SHAPE = Rect [x:373.0 y:265.0 w:39.0 h:19.0]
		CHILDREN = 0
		PATH = [1, 2, 3]
	DESCRIPTION = Left Click at 'View'
	TEXT = Compound Action =
		Move mouse to (392.5, 274.5).
		Press Mouse Button BUTTON1
		Release Mouse Button BUTTON1

ExecutedAction [96]: 
 @Action ConcreteID = ACymdj25802319709896 AbstractID = AAymdj25802319709896
 ConcreteID CUSTOM = ConcreteID CUSTOM not available AbstractID CUSTOM = AA1u2z9ox7f1799988013
 @State ConcreteID = SC1lucne38ad1581672171 AbstractID = SRxdwws98423923237731
 ConcreteID CUSTOM = SCv0j0bm8bc3926977587 AbstractID CUSTOM = SA84038p8c42052376963

	ROLE = LeftClickAt
	TARGET =
		WIDGET = WCyz2j3x222061021683, WR1h6ibpb92248851252, WT1cksruh12339931985, WP14ewzzj1e38349162
		ROLE = UIAButton
		TITLE = Page left
		SHAPE = Rect [x:272.0 y:923.0 w:26.0 h:17.0]
		CHILDREN = 0
		PATH = [0, 0, 1, 1]
	DESCRIPTION = Left Click at 'Page left'
	TEXT = Compound Action =
		Move mouse to (285.0, 931.5).
		Press Mouse Button BUTTON1
		Release Mouse Button BUTTON1

ExecutedAction [97]: 
 @Action ConcreteID = AC9ejv3f802908222948 AbstractID = AA9ejv3f802908222948
 ConcreteID CUSTOM = ConcreteID CUSTOM not available AbstractID CUSTOM = AA14v5lq77f1281204225
 @State ConcreteID = SC1lucne38ad1581672171 AbstractID = SRxdwws98423923237731
 ConcreteID CUSTOM = SCv0j0bm8bc3926977587 AbstractID CUSTOM = SA84038p8c42052376963

	ROLE = LeftClickAt
	TARGET =
		WIDGET = WC1s0lh621d376659224, WR1h6ibpb92248851252, WT1vjbvvdf3603144044, WP1qtsvbw191774294837
		ROLE = UIAButton
		TITLE = Cancel
		SHAPE = Rect [x:710.0 y:599.0 w:75.0 h:23.0]
		CHILDREN = 0
		PATH = [2, 0, 23]
	DESCRIPTION = Left Click at 'Cancel'
	TEXT = Compound Action =
		Move mouse to (747.5, 610.5).
		Press Mouse Button BUTTON1
		Release Mouse Button BUTTON1

ExecutedAction [98]: 
 @Action ConcreteID = ACvcappwb73697499919 AbstractID = AAvcappwb73697499919
 ConcreteID CUSTOM = ConcreteID CUSTOM not available AbstractID CUSTOM = AAm8stxjb7928497099
 @State ConcreteID = SCew7c1w6031539424241 AbstractID = SRvmgyb55c0180752873
 ConcreteID CUSTOM = SC1ichgas6054034437086 AbstractID CUSTOM = SAa377gz6013011614971

	ROLE = LeftDrag
	DESCRIPTION = Drag (329.4960156122947, 932.0) To (486.33333333333337, 932.0)
	TEXT = Compound Action =
		Move mouse to (329.4960156122947, 932.0).
		Press Mouse Button BUTTON1
		Move mouse to (486.33333333333337, 932.0).
		Release Mouse Button BUTTON1

ExecutedAction [99]: 
 @Action ConcreteID = AC1lxgai47f4140608729 AbstractID = AA1lxgai47f4140608729
 ConcreteID CUSTOM = ConcreteID CUSTOM not available AbstractID CUSTOM = AA1mvu2v37f183971611
 @State ConcreteID = SCew7c1w6031539424241 AbstractID = SRvmgyb55c0180752873
 ConcreteID CUSTOM = SC1ichgas6054034437086 AbstractID CUSTOM = SAa377gz6013011614971

	ROLE = LeftClickAt
	TARGET =
		WIDGET = WCel1v81c4048567991, WR17v7k2nb1067391859, WT1qeha5gf2005531835, WP6ssewy181653790863
		ROLE = UIAMenuItem
		TITLE = View
		SHAPE = Rect [x:373.0 y:265.0 w:39.0 h:19.0]
		CHILDREN = 0
		PATH = [2, 3, 3]
	DESCRIPTION = Left Click at 'View'
	TEXT = Compound Action =
		Move mouse to (392.5, 274.5).
		Press Mouse Button BUTTON1
		Release Mouse Button BUTTON1

ExecutedAction [100]: 
 @Action ConcreteID = AC1nmwr467f475833173 AbstractID = AA1nmwr467f475833173
 ConcreteID CUSTOM = ConcreteID CUSTOM not available AbstractID CUSTOM = AA2dfd4r7e3394821744
 @State ConcreteID = SC1d467x763d725375269 AbstractID = SRihbta45fb2474243049
 ConcreteID CUSTOM = SC1jqexs96473927199030 AbstractID CUSTOM = SA8vwrvl645416794220

	ROLE = LeftClickAt
	TARGET =
		WIDGET = WC168je8h1c77364985, WR17v7k2nb1067391859, WT1qe6brdf138512687, WPbonzmn182500097632
		ROLE = UIAMenuItem
		TITLE = Edit
		SHAPE = Rect [x:287.0 y:265.0 w:34.0 h:19.0]
		CHILDREN = 0
		PATH = [1, 2, 1]
	DESCRIPTION = Left Click at 'Edit'
	TEXT = Compound Action =
		Move mouse to (304.0, 274.5).
		Press Mouse Button BUTTON1
		Release Mouse Button BUTTON1

Sequence 1 finished.
Copying generated sequence ("sequence424") to output directory...
Copying classified sequence ("sequence424") to sequences_ok folder...
