Starting sequence 1 (output as: sequence2666)

ExecutedAction [1]: 
 @Action ConcreteID = ACzd2uxa803139234078 AbstractID = AAzd2uxa803139234078
 ConcreteID CUSTOM = ConcreteID CUSTOM not available AbstractID CUSTOM = AA1h8nz0802953452992
 @State ConcreteID = SC1jx3f9b1a53745924133 AbstractID = SR1gydz1119c2959523811
 ConcreteID CUSTOM = SC1ggz8mt1a82605993501 AbstractID CUSTOM = SA1aqq8rz1a11129740462

	ROLE = LeftClickAt
	TARGET =
		WIDGET = WC3r6fwk1e246553711, WR17v7k2nb1067391859, WTaz2n92112307194186, WPab1ioi1a128190957
		ROLE = UIAMenuItem
		TITLE = Format
		SHAPE = Rect [x:433.0 y:261.0 w:52.0 h:19.0]
		CHILDREN = 0
		PATH = [0, 2, 2]
	DESCRIPTION = Left Click at 'Format'
	TEXT = Compound Action =
		Move mouse to (459.0, 270.5).
		Press Mouse Button BUTTON1
		Release Mouse Button BUTTON1

ExecutedAction [2]: 
 @Action ConcreteID = ACuh6qoj7f1262871078 AbstractID = AAuh6qoj7f1262871078
 ConcreteID CUSTOM = ConcreteID CUSTOM not available AbstractID CUSTOM = AA3i16o57f4213978399
 @State ConcreteID = SC332ykg1e52300992652 AbstractID = SRkd1vuk1d72078707989
 ConcreteID CUSTOM = SCgu9li21e82937406044 AbstractID CUSTOM = SA1tmnb3u1e4170101503

	ROLE = LeftClickAt
	TARGET =
		WIDGET = WC1fqsh0i1c2124881114, WR17v7k2nb1067391859, WT1qe72ijf99311909, WPjboygg183884664251
		ROLE = UIAMenuItem
		TITLE = File
		SHAPE = Rect [x:367.0 y:261.0 w:32.0 h:19.0]
		CHILDREN = 0
		PATH = [0, 3, 0]
	DESCRIPTION = Left Click at 'File'
	TEXT = Compound Action =
		Move mouse to (383.0, 270.5).
		Press Mouse Button BUTTON1
		Release Mouse Button BUTTON1

ExecutedAction [3]: 
 @Action ConcreteID = AC10j2mi0802059205558 AbstractID = AA10j2mi0802059205558
 ConcreteID CUSTOM = ConcreteID CUSTOM not available AbstractID CUSTOM = AA2n8fjq801906970472
 @State ConcreteID = SC1jx3f9b1a53745924133 AbstractID = SR1gydz1119c2959523811
 ConcreteID CUSTOM = SC1ggz8mt1a82605993501 AbstractID CUSTOM = SA1aqq8rz1a11129740462

	ROLE = LeftClickAt
	TARGET =
		WIDGET = WCdrwd4l1c2383745146, WR17v7k2nb1067391859, WT1qeha5gf2005531835, WPk63q6b18500692546
		ROLE = UIAMenuItem
		TITLE = View
		SHAPE = Rect [x:485.0 y:261.0 w:39.0 h:19.0]
		CHILDREN = 0
		PATH = [0, 2, 3]
	DESCRIPTION = Left Click at 'View'
	TEXT = Compound Action =
		Move mouse to (504.5, 270.5).
		Press Mouse Button BUTTON1
		Release Mouse Button BUTTON1

ExecutedAction [4]: 
 @Action ConcreteID = AC1uusapw7f8134253 AbstractID = AA1uusapw7f8134253
 ConcreteID CUSTOM = ConcreteID CUSTOM not available AbstractID CUSTOM = AAy37b8l7f1356397245
 @State ConcreteID = SCu7xgpk1e31006563171 AbstractID = SRkd1vuk1d72078707989
 ConcreteID CUSTOM = SC1k5l3kg1e73106955269 AbstractID CUSTOM = SA1tmnb3u1e4170101503

	ROLE = LeftClickAt
	TARGET =
		WIDGET = WC6pcuad223805616873, WR17v7k2nb1067391859, WT1mzygsk152008856611, WPp3o8pv1e1944084836
		ROLE = UIAMenuItem
		TITLE = Status Bar
		SHAPE = Rect [x:488.0 y:305.0 w:136.0 h:22.0]
		CHILDREN = 0
		PATH = [0, 0, 1]
	DESCRIPTION = Left Click at 'Status Bar'
	TEXT = Compound Action =
		Move mouse to (556.0, 316.0).
		Press Mouse Button BUTTON1
		Release Mouse Button BUTTON1

ExecutedAction [5]: 
 @Action ConcreteID = AC1qvt65j7f3493700113 AbstractID = AA1qvt65j7f3493700113
 ConcreteID CUSTOM = ConcreteID CUSTOM not available AbstractID CUSTOM = AA9hfazt7f708341898
 @State ConcreteID = SC7ny0ly2251110252236 AbstractID = SR1mpvkz6208217486603
 ConcreteID CUSTOM = SCiymspf2263141790068 AbstractID CUSTOM = SAf7f5062251066909850

	ROLE = LeftClickAt
	TARGET =
		WIDGET = WC12b45x51c517775489, WR17v7k2nb1067391859, WT1qe89j4f2180189081, WP10d1byf183180104482
		ROLE = UIAMenuItem
		TITLE = Help
		SHAPE = Rect [x:524.0 y:261.0 w:39.0 h:19.0]
		CHILDREN = 0
		PATH = [0, 3, 4]
	DESCRIPTION = Left Click at 'Help'
	TEXT = Compound Action =
		Move mouse to (543.5, 270.5).
		Press Mouse Button BUTTON1
		Release Mouse Button BUTTON1

ExecutedAction [6]: 
 @Action ConcreteID = AC10th8km801516748853 AbstractID = AA10th8km801516748853
 ConcreteID CUSTOM = ConcreteID CUSTOM not available AbstractID CUSTOM = AAob12j4801995043808
 @State ConcreteID = SC19twlle2723824455206 AbstractID = SR16rli9z2573048303223
 ConcreteID CUSTOM = SCg1mk0t2761607903067 AbstractID CUSTOM = SA1wht2od26e2079889205

	ROLE = LeftClickAt
	TARGET =
		WIDGET = WCdg0id01c1198951367, WR17v7k2nb1067391859, WT1qe6brdf138512687, WP1hx95qa183605955422
		ROLE = UIAMenuItem
		TITLE = Edit
		SHAPE = Rect [x:399.0 y:261.0 w:34.0 h:19.0]
		CHILDREN = 0
		PATH = [0, 4, 1]
	DESCRIPTION = Left Click at 'Edit'
	TEXT = Compound Action =
		Move mouse to (416.0, 270.5).
		Press Mouse Button BUTTON1
		Release Mouse Button BUTTON1

ExecutedAction [7]: 
 @Action ConcreteID = ACpotyoi7f287319591 AbstractID = AApotyoi7f287319591
 ConcreteID CUSTOM = ConcreteID CUSTOM not available AbstractID CUSTOM = AA17bk5hw7f3945133244
 @State ConcreteID = SC7ny0ly2251110252236 AbstractID = SR1mpvkz6208217486603
 ConcreteID CUSTOM = SCiymspf2263141790068 AbstractID CUSTOM = SAf7f5062251066909850

	ROLE = LeftClickAt
	TARGET =
		WIDGET = WC1fqsh0i1c2124881114, WR17v7k2nb1067391859, WT1qe72ijf99311909, WPjboygg183884664251
		ROLE = UIAMenuItem
		TITLE = File
		SHAPE = Rect [x:367.0 y:261.0 w:32.0 h:19.0]
		CHILDREN = 0
		PATH = [0, 3, 0]
	DESCRIPTION = Left Click at 'File'
	TEXT = Compound Action =
		Move mouse to (383.0, 270.5).
		Press Mouse Button BUTTON1
		Release Mouse Button BUTTON1

ExecutedAction [8]: 
 @Action ConcreteID = AC19gg5fp803245132374 AbstractID = AA19gg5fp803245132374
 ConcreteID CUSTOM = ConcreteID CUSTOM not available AbstractID CUSTOM = AAxrkf5x7f1472684931
 @State ConcreteID = SC1ye5ukl2db2828217480 AbstractID = SRg9qewd2bb425585052
 ConcreteID CUSTOM = SCcyedd32db3474132501 AbstractID CUSTOM = SAnjiqey2d13223050774

	ROLE = LeftClickAt
	TARGET =
		WIDGET = WC1oe9p4i252629076214, WR17v7k2nb1067391859, WT1mkt3k3184259406525, WPgehku8212133846225
		ROLE = UIAMenuItem
		TITLE = Page Setup...
		SHAPE = Rect [x:370.0 y:400.0 w:223.0 h:22.0]
		CHILDREN = 0
		PATH = [0, 0, 5]
	DESCRIPTION = Left Click at 'Page Setup...'
	TEXT = Compound Action =
		Move mouse to (481.5, 411.0).
		Press Mouse Button BUTTON1
		Release Mouse Button BUTTON1

ExecutedAction [9]: 
 @Action ConcreteID = AC1u1et6r7e2918309841 AbstractID = AA1u1et6r7e2918309841
 ConcreteID CUSTOM = ConcreteID CUSTOM not available AbstractID CUSTOM = AA1hojd9z802373516654
 @State ConcreteID = SCp77z524d0310049531 AbstractID = SRudv1g248a699514799
 ConcreteID CUSTOM = SC1yhltp74d3200839111 AbstractID CUSTOM = SA1sjma1c4d02452257363

	ROLE = LeftClickAt
	TARGET =
		WIDGET = WCuhgjg9233190973938, WRa3fnoge3263686876, WTu95paz162645246549, WPppvphj1f3289767898
		ROLE = UIARadioButton
		TITLE = Portrait
		SHAPE = Rect [x:399.0 y:445.0 w:78.0 h:20.0]
		CHILDREN = 0
		PATH = [0, 0, 6]
	DESCRIPTION = Left Click at 'Portrait'
	TEXT = Compound Action =
		Move mouse to (438.0, 455.0).
		Press Mouse Button BUTTON1
		Release Mouse Button BUTTON1

ExecutedAction [10]: 
 @Action ConcreteID = AC1h9uqso7e1846733951 AbstractID = AA1h9uqso7e1846733951
 ConcreteID CUSTOM = ConcreteID CUSTOM not available AbstractID CUSTOM = AA14wzavw801318833856
 @State ConcreteID = SCp77z524d0310049531 AbstractID = SRudv1g248a699514799
 ConcreteID CUSTOM = SC1yhltp74d3200839111 AbstractID CUSTOM = SA1sjma1c4d02452257363

	ROLE = LeftClickAt
	TARGET =
		WIDGET = WC1grpgrs1d948270494, WR1h6ibpb92248851252, WT1vjbvvdf3603144044, WP1fkwuxm191194835891
		ROLE = UIAButton
		TITLE = Cancel
		SHAPE = Rect [x:822.0 y:595.0 w:75.0 h:23.0]
		CHILDREN = 0
		PATH = [0, 0, 23]
	DESCRIPTION = Left Click at 'Cancel'
	TEXT = Compound Action =
		Move mouse to (859.5, 606.5).
		Press Mouse Button BUTTON1
		Release Mouse Button BUTTON1

ExecutedAction [11]: 
 @Action ConcreteID = AC1qvt65j7f3493700113 AbstractID = AA1qvt65j7f3493700113
 ConcreteID CUSTOM = ConcreteID CUSTOM not available AbstractID CUSTOM = AA9hfazt7f708341898
 @State ConcreteID = SC7ny0ly2251110252236 AbstractID = SR1mpvkz6208217486603
 ConcreteID CUSTOM = SCiymspf2263141790068 AbstractID CUSTOM = SAf7f5062251066909850

	ROLE = LeftClickAt
	TARGET =
		WIDGET = WC12b45x51c517775489, WR17v7k2nb1067391859, WT1qe89j4f2180189081, WP10d1byf183180104482
		ROLE = UIAMenuItem
		TITLE = Help
		SHAPE = Rect [x:524.0 y:261.0 w:39.0 h:19.0]
		CHILDREN = 0
		PATH = [0, 3, 4]
	DESCRIPTION = Left Click at 'Help'
	TEXT = Compound Action =
		Move mouse to (543.5, 270.5).
		Press Mouse Button BUTTON1
		Release Mouse Button BUTTON1

ExecutedAction [12]: 
 @Action ConcreteID = ACa0zdn2802204593168 AbstractID = AAa0zdn2802204593168
 ConcreteID CUSTOM = ConcreteID CUSTOM not available AbstractID CUSTOM = AA1wjn9ko802951307205
 @State ConcreteID = SC19twlle2723824455206 AbstractID = SR16rli9z2573048303223
 ConcreteID CUSTOM = SCg1mk0t2761607903067 AbstractID CUSTOM = SA1wht2od26e2079889205

	ROLE = LeftClickAt
	TARGET =
		WIDGET = WC2sd5c9251817436895, WR17v7k2nb1067391859, WT1wv077z18170180715, WP1v116zb21698957785
		ROLE = UIAMenuItem
		TITLE = About Notepad
		SHAPE = Rect [x:527.0 y:334.0 w:166.0 h:22.0]
		CHILDREN = 0
		PATH = [0, 0, 2]
	DESCRIPTION = Left Click at 'About Notepad'
	TEXT = Compound Action =
		Move mouse to (610.0, 345.0).
		Press Mouse Button BUTTON1
		Release Mouse Button BUTTON1

ExecutedAction [13]: 
 @Action ConcreteID = AC1ks34zp803514520115 AbstractID = AA1ks34zp803514520115
 ConcreteID CUSTOM = ConcreteID CUSTOM not available AbstractID CUSTOM = AA21oveo7e373653411
 @State ConcreteID = SC1716rln3291637408747 AbstractID = SRy778jh2fc530743202
 ConcreteID CUSTOM = SCuhkkrz3283610059570 AbstractID CUSTOM = SAmoqsvn325206426692

	ROLE = LeftClickAt
	TARGET =
		WIDGET = WC15twxtj183412041097, WR1h6ibpb92248851252, WTzj707vb935461581, WPaxrmo5142767186721
		ROLE = UIAButton
		TITLE = OK
		SHAPE = Rect [x:780.0 y:703.0 w:75.0 h:23.0]
		CHILDREN = 0
		PATH = [0, 0, 8]
	DESCRIPTION = Left Click at 'OK'
	TEXT = Compound Action =
		Move mouse to (817.5, 714.5).
		Press Mouse Button BUTTON1
		Release Mouse Button BUTTON1

ExecutedAction [14]: 
 @Action ConcreteID = AC1qvt65j7f3493700113 AbstractID = AA1qvt65j7f3493700113
 ConcreteID CUSTOM = ConcreteID CUSTOM not available AbstractID CUSTOM = AA9hfazt7f708341898
 @State ConcreteID = SC7ny0ly2251110252236 AbstractID = SR1mpvkz6208217486603
 ConcreteID CUSTOM = SCiymspf2263141790068 AbstractID CUSTOM = SAf7f5062251066909850

	ROLE = LeftClickAt
	TARGET =
		WIDGET = WC12b45x51c517775489, WR17v7k2nb1067391859, WT1qe89j4f2180189081, WP10d1byf183180104482
		ROLE = UIAMenuItem
		TITLE = Help
		SHAPE = Rect [x:524.0 y:261.0 w:39.0 h:19.0]
		CHILDREN = 0
		PATH = [0, 3, 4]
	DESCRIPTION = Left Click at 'Help'
	TEXT = Compound Action =
		Move mouse to (543.5, 270.5).
		Press Mouse Button BUTTON1
		Release Mouse Button BUTTON1

ExecutedAction [15]: 
 @Action ConcreteID = AC1hbyy8x803055797108 AbstractID = AA1hbyy8x803055797108
 ConcreteID CUSTOM = ConcreteID CUSTOM not available AbstractID CUSTOM = AA14tis7f802595090593
 @State ConcreteID = SC19twlle2723824455206 AbstractID = SR16rli9z2573048303223
 ConcreteID CUSTOM = SCg1mk0t2761607903067 AbstractID CUSTOM = SA1wht2od26e2079889205

	ROLE = LeftClickAt
	TARGET =
		WIDGET = WCdszybb1c22406618, WR17v7k2nb1067391859, WT1qeha5gf2005531835, WPk77bd1182459370466
		ROLE = UIAMenuItem
		TITLE = View
		SHAPE = Rect [x:485.0 y:261.0 w:39.0 h:19.0]
		CHILDREN = 0
		PATH = [0, 4, 3]
	DESCRIPTION = Left Click at 'View'
	TEXT = Compound Action =
		Move mouse to (504.5, 270.5).
		Press Mouse Button BUTTON1
		Release Mouse Button BUTTON1

ExecutedAction [16]: 
 @Action ConcreteID = AC1qvt65j7f3493700113 AbstractID = AA1qvt65j7f3493700113
 ConcreteID CUSTOM = ConcreteID CUSTOM not available AbstractID CUSTOM = AA9hfazt7f708341898
 @State ConcreteID = SC7ny0ly2251110252236 AbstractID = SR1mpvkz6208217486603
 ConcreteID CUSTOM = SCiymspf2263141790068 AbstractID CUSTOM = SAf7f5062251066909850

	ROLE = LeftClickAt
	TARGET =
		WIDGET = WC12b45x51c517775489, WR17v7k2nb1067391859, WT1qe89j4f2180189081, WP10d1byf183180104482
		ROLE = UIAMenuItem
		TITLE = Help
		SHAPE = Rect [x:524.0 y:261.0 w:39.0 h:19.0]
		CHILDREN = 0
		PATH = [0, 3, 4]
	DESCRIPTION = Left Click at 'Help'
	TEXT = Compound Action =
		Move mouse to (543.5, 270.5).
		Press Mouse Button BUTTON1
		Release Mouse Button BUTTON1

ExecutedAction [17]: 
 @Action ConcreteID = AC10th8km801516748853 AbstractID = AA10th8km801516748853
 ConcreteID CUSTOM = ConcreteID CUSTOM not available AbstractID CUSTOM = AAob12j4801995043808
 @State ConcreteID = SC19twlle2723824455206 AbstractID = SR16rli9z2573048303223
 ConcreteID CUSTOM = SCg1mk0t2761607903067 AbstractID CUSTOM = SA1wht2od26e2079889205

	ROLE = LeftClickAt
	TARGET =
		WIDGET = WCdg0id01c1198951367, WR17v7k2nb1067391859, WT1qe6brdf138512687, WP1hx95qa183605955422
		ROLE = UIAMenuItem
		TITLE = Edit
		SHAPE = Rect [x:399.0 y:261.0 w:34.0 h:19.0]
		CHILDREN = 0
		PATH = [0, 4, 1]
	DESCRIPTION = Left Click at 'Edit'
	TEXT = Compound Action =
		Move mouse to (416.0, 270.5).
		Press Mouse Button BUTTON1
		Release Mouse Button BUTTON1

ExecutedAction [18]: 
 @Action ConcreteID = ACsupgipe12560103917 AbstractID = AA9w6fd43872274407
 ConcreteID CUSTOM = ConcreteID CUSTOM not available AbstractID CUSTOM = AA1cxfjhhd43042909194
 @State ConcreteID = SC7ny0ly2251110252236 AbstractID = SR1mpvkz6208217486603
 ConcreteID CUSTOM = SCiymspf2263141790068 AbstractID CUSTOM = SAf7f5062251066909850

	ROLE = ClickTypeInto
	TARGET =
		WIDGET = WCh9rmb11c1827454063, WR4n0dlj72701565195, WTei4yvd121088706799, WP1p79f6n182825509439
		ROLE = UIAEdit
		TITLE = Text Editor
		SHAPE = Rect [x:367.0 y:281.0 w:847.0 h:534.0]
		CHILDREN = 3
		PATH = [0, 0]
	DESCRIPTION = Type '0,0,0' into 'Text Editor
	TEXT = Compound Action =
		Compound Action =
		Move mouse to (790.5, 548.0).
		Press Mouse Button BUTTON1
		Release Mouse Button BUTTON1
		Press Key 17
		Press Key 65
		Release Key 65
		Release Key 17
		Type text '0,0,0'

ExecutedAction [19]: 
 @Action ConcreteID = AC11ttijp801342244086 AbstractID = AA11ttijp801342244086
 ConcreteID CUSTOM = ConcreteID CUSTOM not available AbstractID CUSTOM = AA14qxe4p7f1295690681
 @State ConcreteID = SC1asxdaq2241922778536 AbstractID = SR1mpvkz6208217486603
 ConcreteID CUSTOM = SCnb38u2253422350548 AbstractID CUSTOM = SAf7f5062251066909850

	ROLE = LeftClickAt
	TARGET =
		WIDGET = WCdfgprn1c4116076503, WR17v7k2nb1067391859, WT1qe6brdf138512687, WP1hwpd4x181691246414
		ROLE = UIAMenuItem
		TITLE = Edit
		SHAPE = Rect [x:399.0 y:261.0 w:34.0 h:19.0]
		CHILDREN = 0
		PATH = [0, 3, 1]
	DESCRIPTION = Left Click at 'Edit'
	TEXT = Compound Action =
		Move mouse to (416.0, 270.5).
		Press Mouse Button BUTTON1
		Release Mouse Button BUTTON1

ExecutedAction [20]: 
 @Action ConcreteID = AC1f6ygib7f4145307429 AbstractID = AA1f6ygib7f4145307429
 ConcreteID CUSTOM = ConcreteID CUSTOM not available AbstractID CUSTOM = AAtzv3177f1873272949
 @State ConcreteID = SCxnfife33c2820630190 AbstractID = SR1uxsnpv31f1311968563
 ConcreteID CUSTOM = SCxihr3q3412318889645 AbstractID CUSTOM = SA1fxzrou336308683841

	ROLE = LeftClickAt
	TARGET =
		WIDGET = WC17y6a87281639857957, WR17v7k2nb1067391859, WT1n6x0k61a2167037663, WP9nq1q1244030379245
		ROLE = UIAMenuItem
		TITLE = Go To...	Ctrl+G
		SHAPE = Rect [x:402.0 y:517.0 w:225.0 h:22.0]
		CHILDREN = 0
		PATH = [0, 0, 10]
	DESCRIPTION = Left Click at 'Go To...	Ctrl+G'
	TEXT = Compound Action =
		Move mouse to (514.5, 528.0).
		Press Mouse Button BUTTON1
		Release Mouse Button BUTTON1

ExecutedAction [21]: 
 @Action ConcreteID = AC16o1ul7f554161236 AbstractID = AA16o1ul7f554161236
 ConcreteID CUSTOM = ConcreteID CUSTOM not available AbstractID CUSTOM = AA4f0uw7f3253163670
 @State ConcreteID = SC8gi1f72ac4015337314 AbstractID = SRi5wu4528f1213464421
 ConcreteID CUSTOM = SC1ftskwd2b1641257074 AbstractID CUSTOM = SAq8b7ji2ab2975298525

	ROLE = LeftClickAt
	TARGET =
		WIDGET = WCedh2c1b518888380, WR1h6ibpb92248851252, WT1uehduce98422009, WPh28ub6172597686769
		ROLE = UIAButton
		TITLE = Go To
		SHAPE = Rect [x:458.0 y:375.0 w:75.0 h:23.0]
		CHILDREN = 0
		PATH = [0, 0, 2]
	DESCRIPTION = Left Click at 'Go To'
	TEXT = Compound Action =
		Move mouse to (495.5, 386.5).
		Press Mouse Button BUTTON1
		Release Mouse Button BUTTON1

ExecutedAction [22]: 
 @Action ConcreteID = AC17xvqc87e3844363043 AbstractID = AA17xvqc87e3844363043
 ConcreteID CUSTOM = ConcreteID CUSTOM not available AbstractID CUSTOM = AA1k3fc8a7f1625209424
 @State ConcreteID = SCazqlzo225915797388 AbstractID = SR1mpvkz6208217486603
 ConcreteID CUSTOM = SC2780e82262378837728 AbstractID CUSTOM = SAf7f5062251066909850

	ROLE = LeftClickAt
	TARGET =
		WIDGET = WC3rq8hx1e869414367, WR17v7k2nb1067391859, WTaz2n92112307194186, WPablb9v1a985931869
		ROLE = UIAMenuItem
		TITLE = Format
		SHAPE = Rect [x:433.0 y:261.0 w:52.0 h:19.0]
		CHILDREN = 0
		PATH = [0, 3, 2]
	DESCRIPTION = Left Click at 'Format'
	TEXT = Compound Action =
		Move mouse to (459.0, 270.5).
		Press Mouse Button BUTTON1
		Release Mouse Button BUTTON1

ExecutedAction [23]: 
 @Action ConcreteID = AC11k193u802607633402 AbstractID = AA11k193u802607633402
 ConcreteID CUSTOM = ConcreteID CUSTOM not available AbstractID CUSTOM = AA16t0a2i7f3612410890
 @State ConcreteID = SC1qvrlh925e2796702274 AbstractID = SR2mb5nd2434074622962
 ConcreteID CUSTOM = SClxk46t2612622573254 AbstractID CUSTOM = SAp6zci225a2071542260

	ROLE = LeftClickAt
	TARGET =
		WIDGET = WC1u4fdmh214152205479, WR17v7k2nb1067391859, WTxuhgyp144189972595, WP1dm09vr1d3477249161
		ROLE = UIAMenuItem
		TITLE = Word Wrap
		SHAPE = Rect [x:436.0 y:283.0 w:144.0 h:22.0]
		CHILDREN = 0
		PATH = [0, 0, 0]
	DESCRIPTION = Left Click at 'Word Wrap'
	TEXT = Compound Action =
		Move mouse to (508.0, 294.0).
		Press Mouse Button BUTTON1
		Release Mouse Button BUTTON1

ExecutedAction [24]: 
 @Action ConcreteID = AC16iw49rf63416594359 AbstractID = AAel3zdmd42106645319
 ConcreteID CUSTOM = ConcreteID CUSTOM not available AbstractID CUSTOM = AAm3avy2d5613459054
 @State ConcreteID = SClwq2iz1d01130526091 AbstractID = SR1ur8n1r1ba380327897
 ConcreteID CUSTOM = SC1oftly71d3749218755 AbstractID CUSTOM = SA1dpggwn1d03810101399

	ROLE = ClickTypeInto
	TARGET =
		WIDGET = WCh9rmbw1c1979157806, WR4n0dlj72701565195, WTei4yvd121088706799, WP1p79f7i182977098622
		ROLE = UIAEdit
		TITLE = Text Editor
		SHAPE = Rect [x:367.0 y:281.0 w:847.0 h:534.0]
		CHILDREN = 1
		PATH = [0, 1]
	DESCRIPTION = Type 'Penistone Commun...' into 'Text Editor
	TEXT = Compound Action =
		Compound Action =
		Move mouse to (790.5, 548.0).
		Press Mouse Button BUTTON1
		Release Mouse Button BUTTON1
		Press Key 17
		Press Key 65
		Release Key 65
		Release Key 17
		Type text 'Penistone Community Church'

ExecutedAction [25]: 
 @Action ConcreteID = AC1ajj9y77f3715523064 AbstractID = AA1ajj9y77f3715523064
 ConcreteID CUSTOM = ConcreteID CUSTOM not available AbstractID CUSTOM = AA1tf0clw803804826652
 @State ConcreteID = SCo8o5bw1cf2161491746 AbstractID = SR1ur8n1r1ba380327897
 ConcreteID CUSTOM = SCi6t3p31d31421670937 AbstractID CUSTOM = SA1dpggwn1d03810101399

	ROLE = LeftClickAt
	TARGET =
		WIDGET = WCdfgprn1c4116076503, WR17v7k2nb1067391859, WT1qe6brdf138512687, WP1hwpd4x181691246414
		ROLE = UIAMenuItem
		TITLE = Edit
		SHAPE = Rect [x:399.0 y:261.0 w:34.0 h:19.0]
		CHILDREN = 0
		PATH = [0, 3, 1]
	DESCRIPTION = Left Click at 'Edit'
	TEXT = Compound Action =
		Move mouse to (416.0, 270.5).
		Press Mouse Button BUTTON1
		Release Mouse Button BUTTON1

ExecutedAction [26]: 
 @Action ConcreteID = AC10xtp437f285931485 AbstractID = AA10xtp437f285931485
 ConcreteID CUSTOM = ConcreteID CUSTOM not available AbstractID CUSTOM = AA1trtgn37f865982479
 @State ConcreteID = SCv3zxu62eb3206174592 AbstractID = SR1m107tc2d1724067727
 ConcreteID CUSTOM = SC1dqe4nt2ef4291878406 AbstractID CUSTOM = SA6zd0vv2e74074592498

	ROLE = LeftClickAt
	TARGET =
		WIDGET = WC12k47km252947986193, WR17v7k2nb1067391859, WT1ukegtj174003865368, WPcde18o21552160172
		ROLE = UIAMenuItem
		TITLE = Time/Date	F5
		SHAPE = Rect [x:402.0 y:568.0 w:225.0 h:22.0]
		CHILDREN = 0
		PATH = [0, 0, 12]
	DESCRIPTION = Left Click at 'Time/Date	F5'
	TEXT = Compound Action =
		Move mouse to (514.5, 579.0).
		Press Mouse Button BUTTON1
		Release Mouse Button BUTTON1

ExecutedAction [27]: 
 @Action ConcreteID = ACsqwm5i80512232090 AbstractID = AAsqwm5i80512232090
 ConcreteID CUSTOM = ConcreteID CUSTOM not available AbstractID CUSTOM = AA1vzn3z3801154896665
 @State ConcreteID = SC1dkgnpx1cf2751194111 AbstractID = SR1ur8n1r1ba380327897
 ConcreteID CUSTOM = SC17qk1ts1d31253104162 AbstractID CUSTOM = SA1dpggwn1d03810101399

	ROLE = LeftClickAt
	TARGET =
		WIDGET = WC1fqsh0i1c2124881114, WR17v7k2nb1067391859, WT1qe72ijf99311909, WPjboygg183884664251
		ROLE = UIAMenuItem
		TITLE = File
		SHAPE = Rect [x:367.0 y:261.0 w:32.0 h:19.0]
		CHILDREN = 0
		PATH = [0, 3, 0]
	DESCRIPTION = Left Click at 'File'
	TEXT = Compound Action =
		Move mouse to (383.0, 270.5).
		Press Mouse Button BUTTON1
		Release Mouse Button BUTTON1

ExecutedAction [28]: 
 @Action ConcreteID = ACmo8we0802318661798 AbstractID = AAmo8we0802318661798
 ConcreteID CUSTOM = ConcreteID CUSTOM not available AbstractID CUSTOM = AA9xnmav8016362555
 @State ConcreteID = SC1fek6wn28b3045252762 AbstractID = SR1ljwfsa26d699177437
 ConcreteID CUSTOM = SC132mnky288960816518 AbstractID CUSTOM = SA1jzf2io2821294460336

	ROLE = LeftClickAt
	TARGET =
		WIDGET = WC1hu1e84223620388792, WR17v7k2nb1067391859, WT1otgxiu151058087525, WP1dvs8421e3158620222
		ROLE = UIAMenuItem
		TITLE = New	Ctrl+N
		SHAPE = Rect [x:370.0 y:283.0 w:223.0 h:22.0]
		CHILDREN = 0
		PATH = [0, 0, 0]
	DESCRIPTION = Left Click at 'New	Ctrl+N'
	TEXT = Compound Action =
		Move mouse to (481.5, 294.0).
		Press Mouse Button BUTTON1
		Release Mouse Button BUTTON1

ExecutedAction [29]: 
 @Action ConcreteID = ACzlxev2811872033765 AbstractID = AAzlxev2811872033765
 ConcreteID CUSTOM = ConcreteID CUSTOM not available AbstractID CUSTOM = AAovi5w4812153468254
 @State ConcreteID = SC1a1ghyn2611752124424 AbstractID = SR5xaam42424123294503
 ConcreteID CUSTOM = SC1mrdgvx25d3507805056 AbstractID CUSTOM = SA1ngmma725e1631200467

	ROLE = LeftClickAt
	TARGET =
		WIDGET = WC1w5f2fy1c3788265415, WR1h6ibpb92248851252, WT1vjbvvdf3603144044, WP8jd2ek18957071755
		ROLE = UIAButton
		TITLE = Cancel
		SHAPE = Rect [x:1045.0 y:579.0 w:72.0 h:23.0]
		CHILDREN = 0
		PATH = [0, 0, 3]
	DESCRIPTION = Left Click at 'Cancel'
	TEXT = Compound Action =
		Move mouse to (1081.0, 590.5).
		Press Mouse Button BUTTON1
		Release Mouse Button BUTTON1

ExecutedAction [30]: 
 @Action ConcreteID = ACt58utde62850477957 AbstractID = AA1cypqvnd51123169138
 ConcreteID CUSTOM = ConcreteID CUSTOM not available AbstractID CUSTOM = AAm3avy2d5613459054
 @State ConcreteID = SC1dkgnpx1cf2751194111 AbstractID = SR1ur8n1r1ba380327897
 ConcreteID CUSTOM = SC17qk1ts1d31253104162 AbstractID CUSTOM = SA1dpggwn1d03810101399

	ROLE = ClickTypeInto
	TARGET =
		WIDGET = WCh9rmbw1c1979157806, WR4n0dlj72701565195, WTei4yvd121088706799, WP1p79f7i182977098622
		ROLE = UIAEdit
		TITLE = Text Editor
		SHAPE = Rect [x:367.0 y:281.0 w:847.0 h:534.0]
		CHILDREN = 1
		PATH = [0, 1]
	DESCRIPTION = Type 'Tyson Gay' into 'Text Editor
	TEXT = Compound Action =
		Compound Action =
		Move mouse to (790.5, 548.0).
		Press Mouse Button BUTTON1
		Release Mouse Button BUTTON1
		Press Key 17
		Press Key 65
		Release Key 65
		Release Key 17
		Type text 'Tyson Gay'

ExecutedAction [31]: 
 @Action ConcreteID = AC1bj9f3e7f1060572144 AbstractID = AA1bj9f3e7f1060572144
 ConcreteID CUSTOM = ConcreteID CUSTOM not available AbstractID CUSTOM = AAawe0b380244125533
 @State ConcreteID = SC6c5lh31ce3256432743 AbstractID = SR1ur8n1r1ba380327897
 ConcreteID CUSTOM = SCallp5j1d21205791401 AbstractID CUSTOM = SA1dpggwn1d03810101399

	ROLE = LeftClickAt
	TARGET =
		WIDGET = WCdsg5py1c3010804170, WR17v7k2nb1067391859, WT1qeha5gf2005531835, WPk6niro18548921330
		ROLE = UIAMenuItem
		TITLE = View
		SHAPE = Rect [x:485.0 y:261.0 w:39.0 h:19.0]
		CHILDREN = 0
		PATH = [0, 3, 3]
	DESCRIPTION = Left Click at 'View'
	TEXT = Compound Action =
		Move mouse to (504.5, 270.5).
		Press Mouse Button BUTTON1
		Release Mouse Button BUTTON1

ExecutedAction [32]: 
 @Action ConcreteID = ACnyfafg7d2495632677 AbstractID = AAnyfafg7d2495632677
 ConcreteID CUSTOM = ConcreteID CUSTOM not available AbstractID CUSTOM = AAt0ydb37e3189546350
 @State ConcreteID = SCp65ws20d524410528 AbstractID = SR1mr1avq1f52098704483
 ConcreteID CUSTOM = SC1um2f4t20e2461264843 AbstractID CUSTOM = SA78ne7y20b392639674

	ROLE = LeftClickAt
	TARGET =
		WIDGET = WCudxb541c3405482637, WR17v7k2nb1067391859, WT1qejys2f1046425153, WPwz8jna183953042271
		ROLE = UIAMenuItem
		TITLE = Zoom
		SHAPE = Rect [x:488.0 y:283.0 w:136.0 h:22.0]
		CHILDREN = 0
		PATH = [0, 0, 0]
	DESCRIPTION = Left Click at 'Zoom'
	TEXT = Compound Action =
		Move mouse to (556.0, 294.0).
		Press Mouse Button BUTTON1
		Release Mouse Button BUTTON1

ExecutedAction [33]: 
 @Action ConcreteID = AC1gcu2c77d3761847711 AbstractID = AA1gcu2c77d3761847711
 ConcreteID CUSTOM = ConcreteID CUSTOM not available AbstractID CUSTOM = AAr3hhwi7e828027540
 @State ConcreteID = SCqpe06261190426966 AbstractID = SR1ix1wc52444047001684
 ConcreteID CUSTOM = SCdus7ur2602826506021 AbstractID CUSTOM = SApavlw25a1819914554

	ROLE = LeftClickAt
	TARGET =
		WIDGET = WChpcibk2b2020473118, WR17v7k2nb1067391859, WTy3ygp1e1031191529, WP1fdludq27371721886
		ROLE = UIAMenuItem
		TITLE = Zoom Out	Ctrl+Minus
		SHAPE = Rect [x:624.0 y:305.0 w:259.0 h:22.0]
		CHILDREN = 0
		PATH = [0, 0, 1]
	DESCRIPTION = Left Click at 'Zoom Out	Ctrl+Minus'
	TEXT = Compound Action =
		Move mouse to (753.5, 316.0).
		Press Mouse Button BUTTON1
		Release Mouse Button BUTTON1

ExecutedAction [34]: 
 @Action ConcreteID = ACcednoq12b3932794028 AbstractID = AA175102ad42824495824
 ConcreteID CUSTOM = ConcreteID CUSTOM not available AbstractID CUSTOM = AAm3avy2d5613459054
 @State ConcreteID = SCbc3ek81cc2737214461 AbstractID = SR1ur8n1r1ba380327897
 ConcreteID CUSTOM = SC1y75ffz1d23837390386 AbstractID CUSTOM = SA1dpggwn1d03810101399

	ROLE = ClickTypeInto
	TARGET =
		WIDGET = WCh9rmbw1c1979157806, WR4n0dlj72701565195, WTei4yvd121088706799, WP1p79f7i182977098622
		ROLE = UIAEdit
		TITLE = Text Editor
		SHAPE = Rect [x:367.0 y:281.0 w:847.0 h:534.0]
		CHILDREN = 1
		PATH = [0, 1]
	DESCRIPTION = Type '<a href="\xE2\x8...' into 'Text Editor
	TEXT = Compound Action =
		Compound Action =
		Move mouse to (790.5, 548.0).
		Press Mouse Button BUTTON1
		Release Mouse Button BUTTON1
		Press Key 17
		Press Key 65
		Release Key 65
		Release Key 17
		Type text '<a href="\xE2\x80\x84javascript:javascript:alert(1)" id="fuzzelement1">test</a>'

ExecutedAction [35]: 
 @Action ConcreteID = AC5me4jm7e2076979036 AbstractID = AA5me4jm7e2076979036
 ConcreteID CUSTOM = ConcreteID CUSTOM not available AbstractID CUSTOM = AA9qe8qd803475840501
 @State ConcreteID = SCtroj3r1cd245472450 AbstractID = SR1ur8n1r1ba380327897
 ConcreteID CUSTOM = SCykjmjw1d12664389969 AbstractID CUSTOM = SA1dpggwn1d03810101399

	ROLE = LeftClickAt
	TARGET =
		WIDGET = WC3rq8hx1e869414367, WR17v7k2nb1067391859, WTaz2n92112307194186, WPablb9v1a985931869
		ROLE = UIAMenuItem
		TITLE = Format
		SHAPE = Rect [x:433.0 y:261.0 w:52.0 h:19.0]
		CHILDREN = 0
		PATH = [0, 3, 2]
	DESCRIPTION = Left Click at 'Format'
	TEXT = Compound Action =
		Move mouse to (459.0, 270.5).
		Press Mouse Button BUTTON1
		Release Mouse Button BUTTON1

ExecutedAction [36]: 
 @Action ConcreteID = AC1ejr9qk7f1895736438 AbstractID = AA1ejr9qk7f1895736438
 ConcreteID CUSTOM = ConcreteID CUSTOM not available AbstractID CUSTOM = AA1btk4tf7e2477036660
 @State ConcreteID = SC14b9k3v20c691177785 AbstractID = SR1mr1avq1f52098704483
 ConcreteID CUSTOM = SC169u9k32103180557530 AbstractID CUSTOM = SA78ne7y20b392639674

	ROLE = LeftClickAt
	TARGET =
		WIDGET = WC1084jd1f2874738980, WR17v7k2nb1067391859, WT1k0pzz412734516100, WPdmv4jr1b3951525617
		ROLE = UIAMenuItem
		TITLE = Font...
		SHAPE = Rect [x:436.0 y:305.0 w:144.0 h:22.0]
		CHILDREN = 0
		PATH = [0, 0, 1]
	DESCRIPTION = Left Click at 'Font...'
	TEXT = Compound Action =
		Move mouse to (508.0, 316.0).
		Press Mouse Button BUTTON1
		Release Mouse Button BUTTON1

ExecutedAction [37]: 
 @Action ConcreteID = AC9c6gne7f3185354446 AbstractID = AA9c6gne7f3185354446
 ConcreteID CUSTOM = ConcreteID CUSTOM not available AbstractID CUSTOM = AA17q4kxl7f296801207
 @State ConcreteID = SC3c5ybm63b1741649252 AbstractID = SR1lle0sj5ef3730021250
 ConcreteID CUSTOM = SCtl5ahb6431282127656 AbstractID CUSTOM = SA6fmjyt6361740462090

	ROLE = LeftClickAt
	TARGET =
		WIDGET = WCuekrar32924729027, WR52qhb2b3065858412, WTyanzvk1f2797816109, WPcgbrlt2e3879591104
		ROLE = UIAListItem
		TITLE = Microsoft Sans Serif
		SHAPE = Rect [x:412.0 y:562.0 w:151.0 h:19.0]
		CHILDREN = 0
		PATH = [0, 0, 1, 0, 6]
	DESCRIPTION = Left Click at 'Microsoft Sans Serif'
	TEXT = Compound Action =
		Move mouse to (487.5, 571.5).
		Press Mouse Button BUTTON1
		Release Mouse Button BUTTON1

ExecutedAction [38]: 
 @Action ConcreteID = AC1vtopjf7f1624929014 AbstractID = AA1vtopjf7f1624929014
 ConcreteID CUSTOM = ConcreteID CUSTOM not available AbstractID CUSTOM = AAv6irui7f3434481551
 @State ConcreteID = SC3c5ybm63b1741649252 AbstractID = SR1lle0sj5ef3730021250
 ConcreteID CUSTOM = SCtl5ahb6431282127656 AbstractID CUSTOM = SA6fmjyt6361740462090

	ROLE = LeftClickAt
	TARGET =
		WIDGET = WC1e6244284118410303, WR1h6ibpb92248851252, WT493d5b122119396097, WP568qsm241874933841
		ROLE = UIAButton
		TITLE = Line down
		SHAPE = Rect [x:789.0 y:555.0 w:17.0 h:17.0]
		CHILDREN = 0
		PATH = [0, 0, 5, 0, 0, 4]
	DESCRIPTION = Left Click at 'Line down'
	TEXT = Compound Action =
		Move mouse to (797.5, 563.5).
		Press Mouse Button BUTTON1
		Release Mouse Button BUTTON1

ExecutedAction [39]: 
 @Action ConcreteID = ACu64a5t802043825008 AbstractID = AAu64a5t802043825008
 ConcreteID CUSTOM = ConcreteID CUSTOM not available AbstractID CUSTOM = AA1xl6hr47f2737642479
 @State ConcreteID = SC1jqwjer6273641662584 AbstractID = SR1cgmz965db2784197614
 ConcreteID CUSTOM = SC1t82x5062f3851260227 AbstractID CUSTOM = SA14ufbs8621575407669

	ROLE = LeftClickAt
	TARGET =
		WIDGET = WC11s1efs252702934042, WR52qhb2b3065858412, WTh6zdq12834902686, WP133ev1i213109690462
		ROLE = UIAListItem
		TITLE = Regular
		SHAPE = Rect [x:600.0 y:467.0 w:109.0 h:19.0]
		CHILDREN = 0
		PATH = [0, 0, 3, 0, 1]
	DESCRIPTION = Left Click at 'Regular'
	TEXT = Compound Action =
		Move mouse to (654.5, 476.5).
		Press Mouse Button BUTTON1
		Release Mouse Button BUTTON1

ExecutedAction [40]: 
 @Action ConcreteID = ACn47ljr80493295212 AbstractID = AAn47ljr80493295212
 ConcreteID CUSTOM = ConcreteID CUSTOM not available AbstractID CUSTOM = AA1qj9t527f3348645619
 @State ConcreteID = SC1jqwjer6273641662584 AbstractID = SR1cgmz965db2784197614
 ConcreteID CUSTOM = SC1t82x5062f3851260227 AbstractID CUSTOM = SA14ufbs8621575407669

	ROLE = LeftClickAt
	TARGET =
		WIDGET = WCs1fgba22707396396, WR4n4ygb71694219017, WTlv9l4f121129438802, WP1cnwmdk1e2175683903
		ROLE = UIAList
		TITLE = Font style:
		SHAPE = Rect [x:598.0 y:465.0 w:130.0 h:118.0]
		CHILDREN = 5
		PATH = [0, 0, 3, 0]
	DESCRIPTION = Left Click at 'Font style:'
	TEXT = Compound Action =
		Move mouse to (663.0, 524.0).
		Press Mouse Button BUTTON1
		Release Mouse Button BUTTON1

ExecutedAction [41]: 
 @Action ConcreteID = ACmstxo1804024061974 AbstractID = AAmstxo1804024061974
 ConcreteID CUSTOM = ConcreteID CUSTOM not available AbstractID CUSTOM = AA1q7w59c7f891617417
 @State ConcreteID = SC1jqwjer6273641662584 AbstractID = SR1cgmz965db2784197614
 ConcreteID CUSTOM = SC1t82x5062f3851260227 AbstractID CUSTOM = SA14ufbs8621575407669

	ROLE = LeftClickAt
	TARGET =
		WIDGET = WC1in6gpd263040361230, WR1h6ibpb92248851252, WTbcxonh101439247762, WPe8i4xv22705428407
		ROLE = UIAButton
		TITLE = Page up
		SHAPE = Rect [x:563.0 y:484.0 w:17.0 h:26.0]
		CHILDREN = 0
		PATH = [0, 0, 1, 0, 0, 1]
	DESCRIPTION = Left Click at 'Page up'
	TEXT = Compound Action =
		Move mouse to (571.5, 497.0).
		Press Mouse Button BUTTON1
		Release Mouse Button BUTTON1

ExecutedAction [42]: 
 @Action ConcreteID = AC1tq1djg7f907274139 AbstractID = AA1tq1djg7f907274139
 ConcreteID CUSTOM = ConcreteID CUSTOM not available AbstractID CUSTOM = AAls43vj7f730474535
 @State ConcreteID = SCouaif56271396751994 AbstractID = SR1cgmz965db2784197614
 ConcreteID CUSTOM = SCpxhl4b6301673010461 AbstractID CUSTOM = SA14ufbs8621575407669

	ROLE = LeftClickAt
	TARGET =
		WIDGET = WCeiauom201112475385, WR52qhb2b3065858412, WT1bx8b1ad2721479724, WPq6tn381c3188679731
		ROLE = UIAListItem
		TITLE = 22
		SHAPE = Rect [x:747.0 y:467.0 w:42.0 h:15.0]
		CHILDREN = 0
		PATH = [0, 0, 5, 0, 1]
	DESCRIPTION = Left Click at '22'
	TEXT = Compound Action =
		Move mouse to (768.0, 474.5).
		Press Mouse Button BUTTON1
		Release Mouse Button BUTTON1

ExecutedAction [43]: 
 @Action ConcreteID = ACyousxe7f2971806567 AbstractID = AAyousxe7f2971806567
 ConcreteID CUSTOM = ConcreteID CUSTOM not available AbstractID CUSTOM = AA1ps1l8l7f2897994971
 @State ConcreteID = SCouaif56271396751994 AbstractID = SR1cgmz965db2784197614
 ConcreteID CUSTOM = SCpxhl4b6301673010461 AbstractID CUSTOM = SA14ufbs8621575407669

	ROLE = LeftClickAt
	TARGET =
		WIDGET = WC11hoya227860655646, WR16s6p21c140494670, WTdtcs8f142835715827, WP6m4wns232708476707
		ROLE = UIAScrollBar
		TITLE = Vertical
		SHAPE = Rect [x:563.0 y:467.0 w:17.0 h:114.0]
		CHILDREN = 5
		PATH = [0, 0, 1, 0, 0]
	DESCRIPTION = Left Click at 'Vertical'
	TEXT = Compound Action =
		Move mouse to (571.5, 524.0).
		Press Mouse Button BUTTON1
		Release Mouse Button BUTTON1

ExecutedAction [44]: 
 @Action ConcreteID = ACwpzkz2803201592518 AbstractID = AAwpzkz2803201592518
 ConcreteID CUSTOM = ConcreteID CUSTOM not available AbstractID CUSTOM = AA13xql97f1680555097
 @State ConcreteID = SC1jqwjer6273641662584 AbstractID = SR1cgmz965db2784197614
 ConcreteID CUSTOM = SC1t82x5062f3851260227 AbstractID CUSTOM = SA14ufbs8621575407669

	ROLE = LeftClickAt
	TARGET =
		WIDGET = WCi27agy254273084659, WR52qhb2b3065858412, WTq4iqsz124266912943, WPs54s5s213285912059
		ROLE = UIAListItem
		TITLE = Oblique
		SHAPE = Rect [x:600.0 y:486.0 w:109.0 h:19.0]
		CHILDREN = 0
		PATH = [0, 0, 3, 0, 2]
	DESCRIPTION = Left Click at 'Oblique'
	TEXT = Compound Action =
		Move mouse to (654.5, 495.5).
		Press Mouse Button BUTTON1
		Release Mouse Button BUTTON1

ExecutedAction [45]: 
 @Action ConcreteID = ACexthqt801861929719 AbstractID = AAexthqt801861929719
 ConcreteID CUSTOM = ConcreteID CUSTOM not available AbstractID CUSTOM = AA1icvpc47f3020266088
 @State ConcreteID = SC1jqwjer6273641662584 AbstractID = SR1cgmz965db2784197614
 ConcreteID CUSTOM = SC1t82x5062f3851260227 AbstractID CUSTOM = SA14ufbs8621575407669

	ROLE = LeftClickAt
	TARGET =
		WIDGET = WCle7q7h331099563207, WR52qhb2b3065858412, WThn99t4203085464048, WP1vjkn972f2996754304
		ROLE = UIAListItem
		TITLE = Microsoft New Tai Lue
		SHAPE = Rect [x:412.0 y:524.0 w:151.0 h:19.0]
		CHILDREN = 0
		PATH = [0, 0, 1, 0, 4]
	DESCRIPTION = Left Click at 'Microsoft New Tai Lue'
	TEXT = Compound Action =
		Move mouse to (487.5, 533.5).
		Press Mouse Button BUTTON1
		Release Mouse Button BUTTON1

ExecutedAction [46]: 
 @Action ConcreteID = AC1p411yc801826613233 AbstractID = AA1p411yc801826613233
 ConcreteID CUSTOM = ConcreteID CUSTOM not available AbstractID CUSTOM = AAsslmsr7f507183347
 @State ConcreteID = SC1g4a35m6271471632780 AbstractID = SR1cgmz965db2784197614
 ConcreteID CUSTOM = SC1aobce7630371810704 AbstractID CUSTOM = SA14ufbs8621575407669

	ROLE = LeftClickAt
	TARGET =
		WIDGET = WC18yzrzh201747800706, WR52qhb2b3065858412, WT1bx8b1gd1122211122, WP1ak6kzf1c936061530
		ROLE = UIAListItem
		TITLE = 28
		SHAPE = Rect [x:747.0 y:512.0 w:42.0 h:15.0]
		CHILDREN = 0
		PATH = [0, 0, 5, 0, 4]
	DESCRIPTION = Left Click at '28'
	TEXT = Compound Action =
		Move mouse to (768.0, 519.5).
		Press Mouse Button BUTTON1
		Release Mouse Button BUTTON1

ExecutedAction [47]: 
 @Action ConcreteID = ACi72dbu8034534986 AbstractID = AAi72dbu8034534986
 ConcreteID CUSTOM = ConcreteID CUSTOM not available AbstractID CUSTOM = AA1kwr05d7f1894388040
 @State ConcreteID = SC1g4a35m6271471632780 AbstractID = SR1cgmz965db2784197614
 ConcreteID CUSTOM = SC1aobce7630371810704 AbstractID CUSTOM = SA14ufbs8621575407669

	ROLE = LeftClickAt
	TARGET =
		WIDGET = WCm5od5q2f1270434559, WR52qhb2b3065858412, WToa6nme1c2735570416, WPab3e982b1037626677
		ROLE = UIAListItem
		TITLE = Microsoft PhagsPa
		SHAPE = Rect [x:412.0 y:543.0 w:151.0 h:19.0]
		CHILDREN = 0
		PATH = [0, 0, 1, 0, 5]
	DESCRIPTION = Left Click at 'Microsoft PhagsPa'
	TEXT = Compound Action =
		Move mouse to (487.5, 552.5).
		Press Mouse Button BUTTON1
		Release Mouse Button BUTTON1

ExecutedAction [48]: 
 @Action ConcreteID = AC14ls3lm801454485590 AbstractID = AA14ls3lm801454485590
 ConcreteID CUSTOM = ConcreteID CUSTOM not available AbstractID CUSTOM = AA8acog17f609572692
 @State ConcreteID = SC1g4a35m6271471632780 AbstractID = SR1cgmz965db2784197614
 ConcreteID CUSTOM = SC1aobce7630371810704 AbstractID CUSTOM = SA14ufbs8621575407669

	ROLE = LeftClickAt
	TARGET =
		WIDGET = WCvzgrv9202570462810, WR52qhb2b3065858412, WT1bx8b5ld3745613929, WP1v2c7hf1c486223673
		ROLE = UIAListItem
		TITLE = 72
		SHAPE = Rect [x:747.0 y:557.0 w:42.0 h:15.0]
		CHILDREN = 0
		PATH = [0, 0, 5, 0, 7]
	DESCRIPTION = Left Click at '72'
	TEXT = Compound Action =
		Move mouse to (768.0, 564.5).
		Press Mouse Button BUTTON1
		Release Mouse Button BUTTON1

ExecutedAction [49]: 
 @Action ConcreteID = ACvixx8803247432108 AbstractID = AAvixx8803247432108
 ConcreteID CUSTOM = ConcreteID CUSTOM not available AbstractID CUSTOM = AA13l7kqr7f3010135726
 @State ConcreteID = SC1g4a35m6271471632780 AbstractID = SR1cgmz965db2784197614
 ConcreteID CUSTOM = SC1aobce7630371810704 AbstractID CUSTOM = SA14ufbs8621575407669

	ROLE = LeftClickAt
	TARGET =
		WIDGET = WCzht4j203980511471, WR52qhb2b3065858412, WT1bx8b1cd1263917337, WP9awlq91c3333643796
		ROLE = UIAListItem
		TITLE = 24
		SHAPE = Rect [x:747.0 y:482.0 w:42.0 h:15.0]
		CHILDREN = 0
		PATH = [0, 0, 5, 0, 2]
	DESCRIPTION = Left Click at '24'
	TEXT = Compound Action =
		Move mouse to (768.0, 489.5).
		Press Mouse Button BUTTON1
		Release Mouse Button BUTTON1

ExecutedAction [50]: 
 @Action ConcreteID = AC15kbg1o801783138169 AbstractID = AA15kbg1o801783138169
 ConcreteID CUSTOM = ConcreteID CUSTOM not available AbstractID CUSTOM = AA98w0w37f413950075
 @State ConcreteID = SC1g4a35m6271471632780 AbstractID = SR1cgmz965db2784197614
 ConcreteID CUSTOM = SC1aobce7630371810704 AbstractID CUSTOM = SA14ufbs8621575407669

	ROLE = LeftClickAt
	TARGET =
		WIDGET = WC1jf7b8s1f2199453133, WR17qbaneb3904637586, WT1oe7pvp1243228967, WP1lvuol61b2004616232
		ROLE = UIAComboBox
		TITLE = Script:
		SHAPE = Rect [x:598.0 y:704.0 w:210.0 h:22.0]
		CHILDREN = 1
		PATH = [0, 0, 9]
	DESCRIPTION = Left Click at 'Script:'
	TEXT = Compound Action =
		Move mouse to (703.0, 715.0).
		Press Mouse Button BUTTON1
		Release Mouse Button BUTTON1

ExecutedAction [51]: 
 @Action ConcreteID = ACfpgxgd80135300151 AbstractID = AAfpgxgd80135300151
 ConcreteID CUSTOM = ConcreteID CUSTOM not available AbstractID CUSTOM = AA1l7mfhj803560244565
 @State ConcreteID = SC1y3cc016774059137967 AbstractID = SR3s89fq627380479590
 ConcreteID CUSTOM = SC1l2kgt16851561800890 AbstractID CUSTOM = SA1vzisqg66e2858372242

	ROLE = LeftClickAt
	TARGET =
		WIDGET = WC12kkks1263256972952, WR1h6ibpb92248851252, WTrko51k10351550260, WPpy9hr7221169150490
		ROLE = UIAButton
		TITLE = Line up
		SHAPE = Rect [x:789.0 y:467.0 w:17.0 h:17.0]
		CHILDREN = 0
		PATH = [0, 0, 5, 0, 0, 0]
	DESCRIPTION = Left Click at 'Line up'
	TEXT = Compound Action =
		Move mouse to (797.5, 475.5).
		Press Mouse Button BUTTON1
		Release Mouse Button BUTTON1

ExecutedAction [52]: 
 @Action ConcreteID = AC17axl34803270332842 AbstractID = AA17axl34803270332842
 ConcreteID CUSTOM = ConcreteID CUSTOM not available AbstractID CUSTOM = AAazi5xj7f2953426600
 @State ConcreteID = SC1g4a35m6271471632780 AbstractID = SR1cgmz965db2784197614
 ConcreteID CUSTOM = SC1aobce7630371810704 AbstractID CUSTOM = SA14ufbs8621575407669

	ROLE = LeftClickAt
	TARGET =
		WIDGET = WC1mhstjk201049923362, WR52qhb2b3065858412, WT1bx8b1ed2774251573, WP1rg3mce1c1476938294
		ROLE = UIAListItem
		TITLE = 26
		SHAPE = Rect [x:747.0 y:497.0 w:42.0 h:15.0]
		CHILDREN = 0
		PATH = [0, 0, 5, 0, 3]
	DESCRIPTION = Left Click at '26'
	TEXT = Compound Action =
		Move mouse to (768.0, 504.5).
		Press Mouse Button BUTTON1
		Release Mouse Button BUTTON1

ExecutedAction [53]: 
 @Action ConcreteID = ACxfd5qu80382720859 AbstractID = AAxfd5qu80382720859
 ConcreteID CUSTOM = ConcreteID CUSTOM not available AbstractID CUSTOM = AA13xql97f1680555097
 @State ConcreteID = SC1g4a35m6271471632780 AbstractID = SR1cgmz965db2784197614
 ConcreteID CUSTOM = SC1aobce7630371810704 AbstractID CUSTOM = SA14ufbs8621575407669

	ROLE = LeftClickAt
	TARGET =
		WIDGET = WC6fa33m22893918454, WR52qhb2b3065858412, WTq22ksjf2912385765, WPl0h6gw1e3851927934
		ROLE = UIAListItem
		TITLE = Bold
		SHAPE = Rect [x:600.0 y:486.0 w:109.0 h:19.0]
		CHILDREN = 0
		PATH = [0, 0, 3, 0, 2]
	DESCRIPTION = Left Click at 'Bold'
	TEXT = Compound Action =
		Move mouse to (654.5, 495.5).
		Press Mouse Button BUTTON1
		Release Mouse Button BUTTON1

ExecutedAction [54]: 
 @Action ConcreteID = AC1gy6e9n803728954614 AbstractID = AA1gy6e9n803728954614
 ConcreteID CUSTOM = ConcreteID CUSTOM not available AbstractID CUSTOM = AAkmqz427f2896671732
 @State ConcreteID = SC1g4a35m6271471632780 AbstractID = SR1cgmz965db2784197614
 ConcreteID CUSTOM = SC1aobce7630371810704 AbstractID CUSTOM = SA14ufbs8621575407669

	ROLE = LeftClickAt
	TARGET =
		WIDGET = WC1qo9bdi304098840774, WR52qhb2b3065858412, WT198h1pe1d197789156, WP1kzebdw2c1358040940
		ROLE = UIAListItem
		TITLE = Microsoft Himalaya
		SHAPE = Rect [x:412.0 y:467.0 w:151.0 h:19.0]
		CHILDREN = 0
		PATH = [0, 0, 1, 0, 1]
	DESCRIPTION = Left Click at 'Microsoft Himalaya'
	TEXT = Compound Action =
		Move mouse to (487.5, 476.5).
		Press Mouse Button BUTTON1
		Release Mouse Button BUTTON1

ExecutedAction [55]: 
 @Action ConcreteID = AC196w4vt801909101277 AbstractID = AA196w4vt801909101277
 ConcreteID CUSTOM = ConcreteID CUSTOM not available AbstractID CUSTOM = AAdkuai07f2872427074
 @State ConcreteID = SC1jqwjer6273641662584 AbstractID = SR1cgmz965db2784197614
 ConcreteID CUSTOM = SC1t82x5062f3851260227 AbstractID CUSTOM = SA14ufbs8621575407669

	ROLE = LeftClickAt
	TARGET =
		WIDGET = WC1jdok051c4293971032, WR4n4ygb71694219017, WTf8ueqoc3265374131, WPzsmgn183428033851
		ROLE = UIAList
		TITLE = Font:
		SHAPE = Rect [x:410.0 y:465.0 w:172.0 h:118.0]
		CHILDREN = 7
		PATH = [0, 0, 1, 0]
	DESCRIPTION = Left Click at 'Font:'
	TEXT = Compound Action =
		Move mouse to (496.0, 524.0).
		Press Mouse Button BUTTON1
		Release Mouse Button BUTTON1

ExecutedAction [56]: 
 @Action ConcreteID = ACwiqiih802198611400 AbstractID = AAwiqiih802198611400
 ConcreteID CUSTOM = ConcreteID CUSTOM not available AbstractID CUSTOM = AA7b3cw7f4058563274
 @State ConcreteID = SC1g4a35m6271471632780 AbstractID = SR1cgmz965db2784197614
 ConcreteID CUSTOM = SC1aobce7630371810704 AbstractID CUSTOM = SA14ufbs8621575407669

	ROLE = LeftClickAt
	TARGET =
		WIDGET = WC1pqjqmu281569880865, WR1h6ibpb92248851252, WT1cknvro121926923266, WP1wvgq6g242974279051
		ROLE = UIAButton
		TITLE = Page down
		SHAPE = Rect [x:563.0 y:518.0 w:17.0 h:46.0]
		CHILDREN = 0
		PATH = [0, 0, 1, 0, 0, 3]
	DESCRIPTION = Left Click at 'Page down'
	TEXT = Compound Action =
		Move mouse to (571.5, 541.0).
		Press Mouse Button BUTTON1
		Release Mouse Button BUTTON1

ExecutedAction [57]: 
 @Action ConcreteID = AC11a1x427f2906308997 AbstractID = AA11a1x427f2906308997
 ConcreteID CUSTOM = ConcreteID CUSTOM not available AbstractID CUSTOM = AA1icvpc47f3020266088
 @State ConcreteID = SCgl994c6251116341203 AbstractID = SR1cgmz965db2784197614
 ConcreteID CUSTOM = SC151i3px630938760875 AbstractID CUSTOM = SA14ufbs8621575407669

	ROLE = LeftClickAt
	TARGET =
		WIDGET = WC1vi8gfp30173709745, WR52qhb2b3065858412, WT196sfts1d1624743138, WP10fldhf2c3993177527
		ROLE = UIAListItem
		TITLE = Microsoft YaHei UI
		SHAPE = Rect [x:412.0 y:524.0 w:151.0 h:19.0]
		CHILDREN = 0
		PATH = [0, 0, 1, 0, 4]
	DESCRIPTION = Left Click at 'Microsoft YaHei UI'
	TEXT = Compound Action =
		Move mouse to (487.5, 533.5).
		Press Mouse Button BUTTON1
		Release Mouse Button BUTTON1

ExecutedAction [58]: 
 @Action ConcreteID = AC1dejamv7f845271187 AbstractID = AA1dejamv7f845271187
 ConcreteID CUSTOM = ConcreteID CUSTOM not available AbstractID CUSTOM = AA10y51o07f3830663990
 @State ConcreteID = SC1guxulx64d826530404 AbstractID = SR1nwpyai6013643254082
 ConcreteID CUSTOM = SC1q2czow6591998108210 AbstractID CUSTOM = SAwdip9x6483441429342

	ROLE = LeftClickAt
	TARGET =
		WIDGET = WC1pzmszz204145326906, WR52qhb2b3065858412, WT1bx8b29d3158346100, WPespov11c2314479347
		ROLE = UIAListItem
		TITLE = 36
		SHAPE = Rect [x:747.0 y:527.0 w:42.0 h:15.0]
		CHILDREN = 0
		PATH = [0, 0, 5, 0, 5]
	DESCRIPTION = Left Click at '36'
	TEXT = Compound Action =
		Move mouse to (768.0, 534.5).
		Press Mouse Button BUTTON1
		Release Mouse Button BUTTON1

ExecutedAction [59]: 
 @Action ConcreteID = ACrfo4du7f2749858439 AbstractID = AArfo4du7f2749858439
 ConcreteID CUSTOM = ConcreteID CUSTOM not available AbstractID CUSTOM = AAez9vez7f1976899874
 @State ConcreteID = SC1guxulx64d826530404 AbstractID = SR1nwpyai6013643254082
 ConcreteID CUSTOM = SC1q2czow6591998108210 AbstractID CUSTOM = SAwdip9x6483441429342

	ROLE = LeftClickAt
	TARGET =
		WIDGET = WC25tjt62e610485399, WR52qhb2b3065858412, WTrrzs6l1b2526710263, WP1e0lys82a2092721109
		ROLE = UIAListItem
		TITLE = Microsoft Tai Le
		SHAPE = Rect [x:412.0 y:486.0 w:151.0 h:19.0]
		CHILDREN = 0
		PATH = [0, 0, 1, 0, 2]
	DESCRIPTION = Left Click at 'Microsoft Tai Le'
	TEXT = Compound Action =
		Move mouse to (487.5, 495.5).
		Press Mouse Button BUTTON1
		Release Mouse Button BUTTON1

ExecutedAction [60]: 
 @Action ConcreteID = ACyq6mat7f4755131 AbstractID = AAyq6mat7f4755131
 ConcreteID CUSTOM = ConcreteID CUSTOM not available AbstractID CUSTOM = AA1ft0eiv7f427283798
 @State ConcreteID = SCgl994c6251116341203 AbstractID = SR1cgmz965db2784197614
 ConcreteID CUSTOM = SC151i3px630938760875 AbstractID CUSTOM = SA14ufbs8621575407669

	ROLE = LeftClickAt
	TARGET =
		WIDGET = WC1xvbkbm2d2333262252, WR52qhb2b3065858412, WTepwx781a2606665320, WP1gwopo029502696953
		ROLE = UIAListItem
		TITLE = Microsoft YaHei
		SHAPE = Rect [x:412.0 y:505.0 w:151.0 h:19.0]
		CHILDREN = 0
		PATH = [0, 0, 1, 0, 3]
	DESCRIPTION = Left Click at 'Microsoft YaHei'
	TEXT = Compound Action =
		Move mouse to (487.5, 514.5).
		Press Mouse Button BUTTON1
		Release Mouse Button BUTTON1

ExecutedAction [61]: 
 @Action ConcreteID = AC15mzm337f2213039513 AbstractID = AA15mzm337f2213039513
 ConcreteID CUSTOM = ConcreteID CUSTOM not available AbstractID CUSTOM = AAt6ld487f1440405052
 @State ConcreteID = SC1guxulx64d826530404 AbstractID = SR1nwpyai6013643254082
 ConcreteID CUSTOM = SC1q2czow6591998108210 AbstractID CUSTOM = SAwdip9x6483441429342

	ROLE = LeftClickAt
	TARGET =
		WIDGET = WCzjw74t2a452918019, WR52qhb2b3065858412, WTqr3zqs171083766660, WPcdrp0r263221082875
		ROLE = UIAListItem
		TITLE = Bold Oblique
		SHAPE = Rect [x:600.0 y:562.0 w:109.0 h:19.0]
		CHILDREN = 0
		PATH = [0, 0, 3, 0, 6]
	DESCRIPTION = Left Click at 'Bold Oblique'
	TEXT = Compound Action =
		Move mouse to (654.5, 571.5).
		Press Mouse Button BUTTON1
		Release Mouse Button BUTTON1

ExecutedAction [62]: 
 @Action ConcreteID = AC10j90gl7f1942561974 AbstractID = AA10j90gl7f1942561974
 ConcreteID CUSTOM = ConcreteID CUSTOM not available AbstractID CUSTOM = AAo2urhq7f2784739091
 @State ConcreteID = SC1guxulx64d826530404 AbstractID = SR1nwpyai6013643254082
 ConcreteID CUSTOM = SC1q2czow6591998108210 AbstractID CUSTOM = SAwdip9x6483441429342

	ROLE = LeftClickAt
	TARGET =
		WIDGET = WCre3bai2b4157778605, WR52qhb2b3065858412, WTluqu89182333784770, WPx5t2uw271921610782
		ROLE = UIAListItem
		TITLE = Light Oblique
		SHAPE = Rect [x:600.0 y:524.0 w:109.0 h:19.0]
		CHILDREN = 0
		PATH = [0, 0, 3, 0, 4]
	DESCRIPTION = Left Click at 'Light Oblique'
	TEXT = Compound Action =
		Move mouse to (654.5, 533.5).
		Press Mouse Button BUTTON1
		Release Mouse Button BUTTON1

ExecutedAction [63]: 
 @Action ConcreteID = AC1v7mri37f135235380 AbstractID = AA1v7mri37f135235380
 ConcreteID CUSTOM = ConcreteID CUSTOM not available AbstractID CUSTOM = AA1ir8ij87f3728546961
 @State ConcreteID = SC1guxulx64d826530404 AbstractID = SR1nwpyai6013643254082
 ConcreteID CUSTOM = SC1q2czow6591998108210 AbstractID CUSTOM = SAwdip9x6483441429342

	ROLE = LeftClickAt
	TARGET =
		WIDGET = WC1fynqul202888185286, WR52qhb2b3065858412, WT1bx8b36d347681460, WPkairy31c2731147216
		ROLE = UIAListItem
		TITLE = 48
		SHAPE = Rect [x:747.0 y:542.0 w:42.0 h:15.0]
		CHILDREN = 0
		PATH = [0, 0, 5, 0, 6]
	DESCRIPTION = Left Click at '48'
	TEXT = Compound Action =
		Move mouse to (768.0, 549.5).
		Press Mouse Button BUTTON1
		Release Mouse Button BUTTON1

ExecutedAction [64]: 
 @Action ConcreteID = AC2t4a8j7f1802177834 AbstractID = AA2t4a8j7f1802177834
 ConcreteID CUSTOM = ConcreteID CUSTOM not available AbstractID CUSTOM = AA1pdu38s7f3176765071
 @State ConcreteID = SC1guxulx64d826530404 AbstractID = SR1nwpyai6013643254082
 ConcreteID CUSTOM = SC1q2czow6591998108210 AbstractID CUSTOM = SAwdip9x6483441429342

	ROLE = LeftClickAt
	TARGET =
		WIDGET = WC1v10ffi23615736097, WR52qhb2b3065858412, WTqldbbs101864145525, WPb6fgbw1f818758073
		ROLE = UIAListItem
		TITLE = Light
		SHAPE = Rect [x:600.0 y:467.0 w:109.0 h:19.0]
		CHILDREN = 0
		PATH = [0, 0, 3, 0, 1]
	DESCRIPTION = Left Click at 'Light'
	TEXT = Compound Action =
		Move mouse to (654.5, 476.5).
		Press Mouse Button BUTTON1
		Release Mouse Button BUTTON1

ExecutedAction [65]: 
 @Action ConcreteID = AC1wfvev07f2356766869 AbstractID = AA1wfvev07f2356766869
 ConcreteID CUSTOM = ConcreteID CUSTOM not available AbstractID CUSTOM = AA1jzh5w57f1514926896
 @State ConcreteID = SC1guxulx64d826530404 AbstractID = SR1nwpyai6013643254082
 ConcreteID CUSTOM = SC1q2czow6591998108210 AbstractID CUSTOM = SAwdip9x6483441429342

	ROLE = LeftClickAt
	TARGET =
		WIDGET = WC83xqs71c1934605973, WR4n4ygb71694219017, WTffw52mc121423905, WP1kyox1l183156097240
		ROLE = UIAList
		TITLE = Size:
		SHAPE = Rect [x:745.0 y:465.0 w:63.0 h:109.0]
		CHILDREN = 8
		PATH = [0, 0, 5, 0]
	DESCRIPTION = Left Click at 'Size:'
	TEXT = Compound Action =
		Move mouse to (776.5, 519.5).
		Press Mouse Button BUTTON1
		Release Mouse Button BUTTON1

ExecutedAction [66]: 
 @Action ConcreteID = AC1rpo5f57f2355291522 AbstractID = AA1rpo5f57f2355291522
 ConcreteID CUSTOM = ConcreteID CUSTOM not available AbstractID CUSTOM = AA1f99wga7f1515224615
 @State ConcreteID = SC1guxulx64d826530404 AbstractID = SR1nwpyai6013643254082
 ConcreteID CUSTOM = SC1q2czow6591998108210 AbstractID CUSTOM = SAwdip9x6483441429342

	ROLE = LeftClickAt
	TARGET =
		WIDGET = WCts71fv303940299789, WR52qhb2b3065858412, WT1i5w5fs1d2073281275, WP1cgy9212c34327495
		ROLE = UIAListItem
		TITLE = MingLiU_HKSCS-ExtB
		SHAPE = Rect [x:412.0 y:562.0 w:151.0 h:19.0]
		CHILDREN = 0
		PATH = [0, 0, 1, 0, 6]
	DESCRIPTION = Left Click at 'MingLiU_HKSCS-ExtB'
	TEXT = Compound Action =
		Move mouse to (487.5, 571.5).
		Press Mouse Button BUTTON1
		Release Mouse Button BUTTON1

ExecutedAction [67]: 
 @Action ConcreteID = ACvno38e7f3778480470 AbstractID = AAvno38e7f3778480470
 ConcreteID CUSTOM = ConcreteID CUSTOM not available AbstractID CUSTOM = AA1kwr05d7f1894388040
 @State ConcreteID = SCk7vpdh6253425831463 AbstractID = SR1cgmz965db2784197614
 ConcreteID CUSTOM = SCemtajy62f2353143671 AbstractID CUSTOM = SA14ufbs8621575407669

	ROLE = LeftClickAt
	TARGET =
		WIDGET = WCtvfp11303638353599, WR52qhb2b3065858412, WT12lc4f1d3379562285, WP1blgapv2c103643901
		ROLE = UIAListItem
		TITLE = Microsoft Yi Baiti
		SHAPE = Rect [x:412.0 y:543.0 w:151.0 h:19.0]
		CHILDREN = 0
		PATH = [0, 0, 1, 0, 5]
	DESCRIPTION = Left Click at 'Microsoft Yi Baiti'
	TEXT = Compound Action =
		Move mouse to (487.5, 552.5).
		Press Mouse Button BUTTON1
		Release Mouse Button BUTTON1

ExecutedAction [68]: 
 @Action ConcreteID = AC1q44syb63021523519 AbstractID = AA1q44syb63021523519
 ConcreteID CUSTOM = ConcreteID CUSTOM not available AbstractID CUSTOM = AA1ocyggfb6165785043
 @State ConcreteID = SCk7vpdh6253425831463 AbstractID = SR1cgmz965db2784197614
 ConcreteID CUSTOM = SCemtajy62f2353143671 AbstractID CUSTOM = SA14ufbs8621575407669

	ROLE = LeftDrag
	DESCRIPTION = Drag (574.0, 528.3684210526316) To (574.0, 508.0769230769231)
	TEXT = Compound Action =
		Move mouse to (574.0, 528.3684210526316).
		Press Mouse Button BUTTON1
		Move mouse to (574.0, 508.0769230769231).
		Release Mouse Button BUTTON1

ExecutedAction [69]: 
 @Action ConcreteID = AC8xzuwp7f966343161 AbstractID = AA8xzuwp7f966343161
 ConcreteID CUSTOM = ConcreteID CUSTOM not available AbstractID CUSTOM = AA1icvpc47f3020266088
 @State ConcreteID = SC1ev1p3e626180327419 AbstractID = SR1cgmz965db2784197614
 ConcreteID CUSTOM = SC1h0f8xz62e2716683382 AbstractID CUSTOM = SA14ufbs8621575407669

	ROLE = LeftClickAt
	TARGET =
		WIDGET = WCrjbfpy2d2481283507, WR52qhb2b3065858412, WT1ycwdy71a2713321326, WP1fu0qas29718912651
		ROLE = UIAListItem
		TITLE = Mongolian Baiti
		SHAPE = Rect [x:412.0 y:524.0 w:151.0 h:19.0]
		CHILDREN = 0
		PATH = [0, 0, 1, 0, 4]
	DESCRIPTION = Left Click at 'Mongolian Baiti'
	TEXT = Compound Action =
		Move mouse to (487.5, 533.5).
		Press Mouse Button BUTTON1
		Release Mouse Button BUTTON1

ExecutedAction [70]: 
 @Action ConcreteID = AC1csuhh07f3862771667 AbstractID = AA1csuhh07f3862771667
 ConcreteID CUSTOM = ConcreteID CUSTOM not available AbstractID CUSTOM = AAn6m9xb7f1805751362
 @State ConcreteID = SC1ev1p3e626180327419 AbstractID = SR1cgmz965db2784197614
 ConcreteID CUSTOM = SC1h0f8xz62e2716683382 AbstractID CUSTOM = SA14ufbs8621575407669

	ROLE = LeftClickAt
	TARGET =
		WIDGET = WC139pooe2a1790436489, WR52qhb2b3065858412, WT1ybiyq1173911196371, WP1njgmik26899412477
		ROLE = UIAListItem
		TITLE = MingLiU-ExtB
		SHAPE = Rect [x:412.0 y:486.0 w:151.0 h:19.0]
		CHILDREN = 0
		PATH = [0, 0, 1, 0, 2]
	DESCRIPTION = Left Click at 'MingLiU-ExtB'
	TEXT = Compound Action =
		Move mouse to (487.5, 495.5).
		Press Mouse Button BUTTON1
		Release Mouse Button BUTTON1

ExecutedAction [71]: 
 @Action ConcreteID = AC6e4k3g7f2498459335 AbstractID = AA6e4k3g7f2498459335
 ConcreteID CUSTOM = ConcreteID CUSTOM not available AbstractID CUSTOM = AA1ft0eiv7f427283798
 @State ConcreteID = SC1ev1p3e626180327419 AbstractID = SR1cgmz965db2784197614
 ConcreteID CUSTOM = SC1h0f8xz62e2716683382 AbstractID CUSTOM = SA14ufbs8621575407669

	ROLE = LeftClickAt
	TARGET =
		WIDGET = WCpbahx5242801646312, WR52qhb2b3065858412, WT17mik7x111344505797, WPhwqio7201426237556
		ROLE = UIAListItem
		TITLE = Modern
		SHAPE = Rect [x:412.0 y:505.0 w:151.0 h:19.0]
		CHILDREN = 0
		PATH = [0, 0, 1, 0, 3]
	DESCRIPTION = Left Click at 'Modern'
	TEXT = Compound Action =
		Move mouse to (487.5, 514.5).
		Press Mouse Button BUTTON1
		Release Mouse Button BUTTON1

ExecutedAction [72]: 
 @Action ConcreteID = AC1r9qcoa7f1013420070 AbstractID = AA1r9qcoa7f1013420070
 ConcreteID CUSTOM = ConcreteID CUSTOM not available AbstractID CUSTOM = AA1kwr05d7f1894388040
 @State ConcreteID = SC2ceu166253951432910 AbstractID = SR1cgmz965db2784197614
 ConcreteID CUSTOM = SC1bculg262f2914394844 AbstractID CUSTOM = SA14ufbs8621575407669

	ROLE = LeftClickAt
	TARGET =
		WIDGET = WCycjiv6271798269482, WR52qhb2b3065858412, WTk81fjm14391569198, WP4dq45s23644306967
		ROLE = UIAListItem
		TITLE = MS Gothic
		SHAPE = Rect [x:412.0 y:543.0 w:151.0 h:19.0]
		CHILDREN = 0
		PATH = [0, 0, 1, 0, 5]
	DESCRIPTION = Left Click at 'MS Gothic'
	TEXT = Compound Action =
		Move mouse to (487.5, 552.5).
		Press Mouse Button BUTTON1
		Release Mouse Button BUTTON1

ExecutedAction [73]: 
 @Action ConcreteID = ACe1qgj77f3384299734 AbstractID = AAe1qgj77f3384299734
 ConcreteID CUSTOM = ConcreteID CUSTOM not available AbstractID CUSTOM = AA1ngmaym7f1143272263
 @State ConcreteID = SC1ev1p3e626180327419 AbstractID = SR1cgmz965db2784197614
 ConcreteID CUSTOM = SC1h0f8xz62e2716683382 AbstractID CUSTOM = SA14ufbs8621575407669

	ROLE = LeftClickAt
	TARGET =
		WIDGET = WCb5mbt5282019081490, WR52qhb2b3065858412, WTtpc6q2151697410413, WP17us2af241474130146
		ROLE = UIAListItem
		TITLE = MS PGothic
		SHAPE = Rect [x:412.0 y:562.0 w:151.0 h:19.0]
		CHILDREN = 0
		PATH = [0, 0, 1, 0, 6]
	DESCRIPTION = Left Click at 'MS PGothic'
	TEXT = Compound Action =
		Move mouse to (487.5, 571.5).
		Press Mouse Button BUTTON1
		Release Mouse Button BUTTON1

ExecutedAction [74]: 
 @Action ConcreteID = AC1dbcyu97f3968193677 AbstractID = AA1dbcyu97f3968193677
 ConcreteID CUSTOM = ConcreteID CUSTOM not available AbstractID CUSTOM = AAnp4rak7f1629058844
 @State ConcreteID = SC1ev1p3e626180327419 AbstractID = SR1cgmz965db2784197614
 ConcreteID CUSTOM = SC1h0f8xz62e2716683382 AbstractID CUSTOM = SA14ufbs8621575407669

	ROLE = LeftClickAt
	TARGET =
		WIDGET = WC1grpg081d601422470, WR1h6ibpb92248851252, WT1vjbvvdf3603144044, WP1fkwu62191550463147
		ROLE = UIAButton
		TITLE = Cancel
		SHAPE = Rect [x:731.0 y:816.0 w:79.0 h:26.0]
		CHILDREN = 0
		PATH = [0, 0, 12]
	DESCRIPTION = Left Click at 'Cancel'
	TEXT = Compound Action =
		Move mouse to (770.5, 829.0).
		Press Mouse Button BUTTON1
		Release Mouse Button BUTTON1

ExecutedAction [75]: 
 @Action ConcreteID = AC5me4jm7e2076979036 AbstractID = AA5me4jm7e2076979036
 ConcreteID CUSTOM = ConcreteID CUSTOM not available AbstractID CUSTOM = AA9qe8qd803475840501
 @State ConcreteID = SCtroj3r1cd245472450 AbstractID = SR1ur8n1r1ba380327897
 ConcreteID CUSTOM = SCykjmjw1d12664389969 AbstractID CUSTOM = SA1dpggwn1d03810101399

	ROLE = LeftClickAt
	TARGET =
		WIDGET = WC3rq8hx1e869414367, WR17v7k2nb1067391859, WTaz2n92112307194186, WPablb9v1a985931869
		ROLE = UIAMenuItem
		TITLE = Format
		SHAPE = Rect [x:433.0 y:261.0 w:52.0 h:19.0]
		CHILDREN = 0
		PATH = [0, 3, 2]
	DESCRIPTION = Left Click at 'Format'
	TEXT = Compound Action =
		Move mouse to (459.0, 270.5).
		Press Mouse Button BUTTON1
		Release Mouse Button BUTTON1

ExecutedAction [76]: 
 @Action ConcreteID = AC1ejr9qk7f1895736438 AbstractID = AA1ejr9qk7f1895736438
 ConcreteID CUSTOM = ConcreteID CUSTOM not available AbstractID CUSTOM = AA1btk4tf7e2477036660
 @State ConcreteID = SC14b9k3v20c691177785 AbstractID = SR1mr1avq1f52098704483
 ConcreteID CUSTOM = SC169u9k32103180557530 AbstractID CUSTOM = SA78ne7y20b392639674

	ROLE = LeftClickAt
	TARGET =
		WIDGET = WC1084jd1f2874738980, WR17v7k2nb1067391859, WT1k0pzz412734516100, WPdmv4jr1b3951525617
		ROLE = UIAMenuItem
		TITLE = Font...
		SHAPE = Rect [x:436.0 y:305.0 w:144.0 h:22.0]
		CHILDREN = 0
		PATH = [0, 0, 1]
	DESCRIPTION = Left Click at 'Font...'
	TEXT = Compound Action =
		Move mouse to (508.0, 316.0).
		Press Mouse Button BUTTON1
		Release Mouse Button BUTTON1

ExecutedAction [77]: 
 @Action ConcreteID = AC16osbjf7f3530718638 AbstractID = AA16osbjf7f3530718638
 ConcreteID CUSTOM = ConcreteID CUSTOM not available AbstractID CUSTOM = AA61mdui7f2115897559
 @State ConcreteID = SC3c5ybm63b1741649252 AbstractID = SR1lle0sj5ef3730021250
 ConcreteID CUSTOM = SCtl5ahb6431282127656 AbstractID CUSTOM = SA6fmjyt6361740462090

	ROLE = LeftClickAt
	TARGET =
		WIDGET = WCs13w9k202290184309, WR52qhb2b3065858412, WT1bx8b18d1278745856, WP172qoh21c967786832
		ROLE = UIAListItem
		TITLE = 20
		SHAPE = Rect [x:747.0 y:467.0 w:42.0 h:15.0]
		CHILDREN = 0
		PATH = [0, 0, 5, 0, 1]
	DESCRIPTION = Left Click at '20'
	TEXT = Compound Action =
		Move mouse to (768.0, 474.5).
		Press Mouse Button BUTTON1
		Release Mouse Button BUTTON1

ExecutedAction [78]: 
 @Action ConcreteID = AC183ahl77f2455355851 AbstractID = AA183ahl77f2455355851
 ConcreteID CUSTOM = ConcreteID CUSTOM not available AbstractID CUSTOM = AA7g4jwa7f1043707058
 @State ConcreteID = SC3c5ybm63b1741649252 AbstractID = SR1lle0sj5ef3730021250
 ConcreteID CUSTOM = SCtl5ahb6431282127656 AbstractID CUSTOM = SA6fmjyt6361740462090

	ROLE = LeftClickAt
	TARGET =
		WIDGET = WC1ap8q0r302615501029, WR52qhb2b3065858412, WTdkwa8s1d2309632912, WP1hxosnd2c652527427
		ROLE = UIAListItem
		TITLE = Microsoft JhengHei
		SHAPE = Rect [x:412.0 y:486.0 w:151.0 h:19.0]
		CHILDREN = 0
		PATH = [0, 0, 1, 0, 2]
	DESCRIPTION = Left Click at 'Microsoft JhengHei'
	TEXT = Compound Action =
		Move mouse to (487.5, 495.5).
		Press Mouse Button BUTTON1
		Release Mouse Button BUTTON1

ExecutedAction [79]: 
 @Action ConcreteID = AC11t64wd7f3679807956 AbstractID = AA11t64wd7f3679807956
 ConcreteID CUSTOM = ConcreteID CUSTOM not available AbstractID CUSTOM = AA1lfqg6h7f1072192695
 @State ConcreteID = SCqdhv5u6631619863283 AbstractID = SR1qxqd7n6153960411255
 ConcreteID CUSTOM = SCjdxtqp66d619639434 AbstractID CUSTOM = SAgi4s6g65d3635658233

	ROLE = LeftClickAt
	TARGET =
		WIDGET = WC1fcnx7i332482338446, WR52qhb2b3065858412, WT1inxaag20817584232, WP16k5ezw2f4221483132
		ROLE = UIAListItem
		TITLE = Microsoft JhengHei UI
		SHAPE = Rect [x:412.0 y:505.0 w:151.0 h:19.0]
		CHILDREN = 0
		PATH = [0, 0, 1, 0, 3]
	DESCRIPTION = Left Click at 'Microsoft JhengHei UI'
	TEXT = Compound Action =
		Move mouse to (487.5, 514.5).
		Press Mouse Button BUTTON1
		Release Mouse Button BUTTON1

ExecutedAction [80]: 
 @Action ConcreteID = AC11t64wd7f3679807956 AbstractID = AA11t64wd7f3679807956
 ConcreteID CUSTOM = ConcreteID CUSTOM not available AbstractID CUSTOM = AA1lfqg6h7f1072192695
 @State ConcreteID = SCqdhv5u6631619863283 AbstractID = SR1qxqd7n6153960411255
 ConcreteID CUSTOM = SCjdxtqp66d619639434 AbstractID CUSTOM = SAgi4s6g65d3635658233

	ROLE = LeftClickAt
	TARGET =
		WIDGET = WC1fcnx7i332482338446, WR52qhb2b3065858412, WT1inxaag20817584232, WP16k5ezw2f4221483132
		ROLE = UIAListItem
		TITLE = Microsoft JhengHei UI
		SHAPE = Rect [x:412.0 y:505.0 w:151.0 h:19.0]
		CHILDREN = 0
		PATH = [0, 0, 1, 0, 3]
	DESCRIPTION = Left Click at 'Microsoft JhengHei UI'
	TEXT = Compound Action =
		Move mouse to (487.5, 514.5).
		Press Mouse Button BUTTON1
		Release Mouse Button BUTTON1

ExecutedAction [81]: 
 @Action ConcreteID = ACpldb497f1900657196 AbstractID = AApldb497f1900657196
 ConcreteID CUSTOM = ConcreteID CUSTOM not available AbstractID CUSTOM = AA197xmed7f2515832655
 @State ConcreteID = SCqdhv5u6631619863283 AbstractID = SR1qxqd7n6153960411255
 ConcreteID CUSTOM = SCjdxtqp66d619639434 AbstractID CUSTOM = SAgi4s6g65d3635658233

	ROLE = LeftClickAt
	TARGET =
		WIDGET = WCeiauph201768052026, WR52qhb2b3065858412, WT1bx8b1ad2721479724, WPq6tn431c2502047728
		ROLE = UIAListItem
		TITLE = 22
		SHAPE = Rect [x:747.0 y:482.0 w:42.0 h:15.0]
		CHILDREN = 0
		PATH = [0, 0, 5, 0, 2]
	DESCRIPTION = Left Click at '22'
	TEXT = Compound Action =
		Move mouse to (768.0, 489.5).
		Press Mouse Button BUTTON1
		Release Mouse Button BUTTON1

ExecutedAction [82]: 
 @Action ConcreteID = AC9a0nejaa28174184 AbstractID = AA9a0nejaa28174184
 ConcreteID CUSTOM = ConcreteID CUSTOM not available AbstractID CUSTOM = AA18iqs4faa878464280
 @State ConcreteID = SCqdhv5u6631619863283 AbstractID = SR1qxqd7n6153960411255
 ConcreteID CUSTOM = SCjdxtqp66d619639434 AbstractID CUSTOM = SAgi4s6g65d3635658233

	ROLE = LeftDrag
	DESCRIPTION = Drag (574.0, 525.3421052631579) To (574.0, 501.0)
	TEXT = Compound Action =
		Move mouse to (574.0, 525.3421052631579).
		Press Mouse Button BUTTON1
		Move mouse to (574.0, 501.0).
		Release Mouse Button BUTTON1

ExecutedAction [83]: 
 @Action ConcreteID = ACwsli24e01325297721 AbstractID = AA1fzc0c6d42303636067
 ConcreteID CUSTOM = ConcreteID CUSTOM not available AbstractID CUSTOM = AA17399zhd4559835075
 @State ConcreteID = SCkbdgc46613674204923 AbstractID = SR1qxqd7n6153960411255
 ConcreteID CUSTOM = SC12nlh2z66d2544317221 AbstractID CUSTOM = SAgi4s6g65d3635658233

	ROLE = ClickTypeInto
	TARGET =
		WIDGET = WCdxf2q1221365710834, WR4n0dlj72701565195, WT8pazwj12209811866, WP1t7r4aj1e1214332612
		ROLE = UIAEdit
		TITLE = Font style:
		SHAPE = Rect [x:601.0 y:446.0 w:124.0 h:16.0]
		CHILDREN = 0
		PATH = [0, 0, 3, 1]
	DESCRIPTION = Type 'None' into 'Font style:
	TEXT = Compound Action =
		Compound Action =
		Move mouse to (663.0, 454.0).
		Press Mouse Button BUTTON1
		Release Mouse Button BUTTON1
		Press Key 17
		Press Key 65
		Release Key 65
		Release Key 17
		Type text 'None'

ExecutedAction [84]: 
 @Action ConcreteID = AC1svw15vb73629074953 AbstractID = AA1svw15vb73629074953
 ConcreteID CUSTOM = ConcreteID CUSTOM not available AbstractID CUSTOM = AA1forujwb72461658823
 @State ConcreteID = SCkbdgc46613674204923 AbstractID = SR1qxqd7n6153960411255
 ConcreteID CUSTOM = SC12nlh2z66d2544317221 AbstractID CUSTOM = SAgi4s6g65d3635658233

	ROLE = LeftDrag
	DESCRIPTION = Drag (574.0, 528.3684210526316) To (574.0, 511.61538461538464)
	TEXT = Compound Action =
		Move mouse to (574.0, 528.3684210526316).
		Press Mouse Button BUTTON1
		Move mouse to (574.0, 511.61538461538464).
		Release Mouse Button BUTTON1

ExecutedAction [85]: 
 @Action ConcreteID = AC15atyla803743369336 AbstractID = AA15atyla803743369336
 ConcreteID CUSTOM = ConcreteID CUSTOM not available AbstractID CUSTOM = AA1vermw77f2317643066
 @State ConcreteID = SC1qw1imh6623614543121 AbstractID = SR1qxqd7n6153960411255
 ConcreteID CUSTOM = SCsywvh066c110604762 AbstractID CUSTOM = SAgi4s6g65d3635658233

	ROLE = LeftClickAt
	TARGET =
		WIDGET = WC11hoya227860655646, WR16s6p21c140494670, WTdtcs8f142835715827, WP6m4wns232708476707
		ROLE = UIAScrollBar
		TITLE = Vertical
		SHAPE = Rect [x:563.0 y:467.0 w:17.0 h:114.0]
		CHILDREN = 5
		PATH = [0, 0, 1, 0, 0]
	DESCRIPTION = Left Click at 'Vertical'
	TEXT = Compound Action =
		Move mouse to (571.5, 524.0).
		Press Mouse Button BUTTON1
		Release Mouse Button BUTTON1

ExecutedAction [86]: 
 @Action ConcreteID = ACgtfgdw804045505696 AbstractID = AAgtfgdw804045505696
 ConcreteID CUSTOM = ConcreteID CUSTOM not available AbstractID CUSTOM = AA16xd4ot7f2753208802
 @State ConcreteID = SC1qw1imh6623614543121 AbstractID = SR1qxqd7n6153960411255
 ConcreteID CUSTOM = SCsywvh066c110604762 AbstractID CUSTOM = SAgi4s6g65d3635658233

	ROLE = LeftClickAt
	TARGET =
		WIDGET = WCdw86fu283981117603, WR1h6ibpb92248851252, WT1cknvro121926923266, WPl155zg2427170313
		ROLE = UIAButton
		TITLE = Page down
		SHAPE = Rect [x:789.0 y:551.0 w:17.0 h:4.0]
		CHILDREN = 0
		PATH = [0, 0, 5, 0, 0, 3]
	DESCRIPTION = Left Click at 'Page down'
	TEXT = Compound Action =
		Move mouse to (797.5, 553.0).
		Press Mouse Button BUTTON1
		Release Mouse Button BUTTON1

ExecutedAction [87]: 
 @Action ConcreteID = AC7wrvmxb73949028090 AbstractID = AA7wrvmxb73949028090
 ConcreteID CUSTOM = ConcreteID CUSTOM not available AbstractID CUSTOM = AAl0d8f3b6650222929
 @State ConcreteID = SC13nfvpm64e1848574590 AbstractID = SR1nwpyai6013643254082
 ConcreteID CUSTOM = SCqccvyh6581984627789 AbstractID CUSTOM = SAwdip9x6483441429342

	ROLE = LeftDrag
	DESCRIPTION = Drag (574.0, 531.3947368421053) To (574.0, 532.8461538461538)
	TEXT = Compound Action =
		Move mouse to (574.0, 531.3947368421053).
		Press Mouse Button BUTTON1
		Move mouse to (574.0, 532.8461538461538).
		Release Mouse Button BUTTON1

ExecutedAction [88]: 
 @Action ConcreteID = AC13i2d7i7f2192795151 AbstractID = AA13i2d7i7f2192795151
 ConcreteID CUSTOM = ConcreteID CUSTOM not available AbstractID CUSTOM = AA1f99wga7f1515224615
 @State ConcreteID = SCma99m064e2580302726 AbstractID = SR1nwpyai6013643254082
 ConcreteID CUSTOM = SC1bxjeox6571905212193 AbstractID CUSTOM = SAwdip9x6483441429342

	ROLE = LeftClickAt
	TARGET =
		WIDGET = WC13f3rsi263789219693, WR52qhb2b3065858412, WT1xkj2pt132583665823, WP1cdp8ow22373197704
		ROLE = UIAListItem
		TITLE = MS Serif
		SHAPE = Rect [x:412.0 y:562.0 w:151.0 h:19.0]
		CHILDREN = 0
		PATH = [0, 0, 1, 0, 6]
	DESCRIPTION = Left Click at 'MS Serif'
	TEXT = Compound Action =
		Move mouse to (487.5, 571.5).
		Press Mouse Button BUTTON1
		Release Mouse Button BUTTON1

ExecutedAction [89]: 
 @Action ConcreteID = AC1otlidn801331057382 AbstractID = AA1otlidn801331057382
 ConcreteID CUSTOM = ConcreteID CUSTOM not available AbstractID CUSTOM = AA9ockb4803992466740
 @State ConcreteID = SC17r3lr66273299192365 AbstractID = SR9w23os5db4234930261
 ConcreteID CUSTOM = SCnifdvv62d4220250072 AbstractID CUSTOM = SA1trv9466201140930736

	ROLE = LeftClickAt
	TARGET =
		WIDGET = WC9a10ka1f2209339415, WR52qhb2b3065858412, WTfaksm1c772659896, WP17s6b541b638816518
		ROLE = UIAListItem
		TITLE = 7
		SHAPE = Rect [x:747.0 y:482.0 w:42.0 h:15.0]
		CHILDREN = 0
		PATH = [0, 0, 5, 0, 2]
	DESCRIPTION = Left Click at '7'
	TEXT = Compound Action =
		Move mouse to (768.0, 489.5).
		Press Mouse Button BUTTON1
		Release Mouse Button BUTTON1

ExecutedAction [90]: 
 @Action ConcreteID = AC1udvdt880102404638 AbstractID = AA1udvdt880102404638
 ConcreteID CUSTOM = ConcreteID CUSTOM not available AbstractID CUSTOM = AAf8mfqp802763322828
 @State ConcreteID = SC17r3lr66273299192365 AbstractID = SR9w23os5db4234930261
 ConcreteID CUSTOM = SCnifdvv62d4220250072 AbstractID CUSTOM = SA1trv9466201140930736

	ROLE = LeftClickAt
	TARGET =
		WIDGET = WCb0gvdd201564295454, WR52qhb2b3065858412, WT1bx8b0fd2300260335, WP3t3iqn1c2314861235
		ROLE = UIAListItem
		TITLE = 12
		SHAPE = Rect [x:747.0 y:527.0 w:42.0 h:15.0]
		CHILDREN = 0
		PATH = [0, 0, 5, 0, 5]
	DESCRIPTION = Left Click at '12'
	TEXT = Compound Action =
		Move mouse to (768.0, 534.5).
		Press Mouse Button BUTTON1
		Release Mouse Button BUTTON1

ExecutedAction [91]: 
 @Action ConcreteID = ACjsgdew801594904487 AbstractID = AAjsgdew801594904487
 ConcreteID CUSTOM = ConcreteID CUSTOM not available AbstractID CUSTOM = AA13obhbh804257097845
 @State ConcreteID = SC17r3lr66273299192365 AbstractID = SR9w23os5db4234930261
 ConcreteID CUSTOM = SCnifdvv62d4220250072 AbstractID CUSTOM = SA1trv9466201140930736

	ROLE = LeftClickAt
	TARGET =
		WIDGET = WCzko2xn263926405646, WR52qhb2b3065858412, WT1bqzmyj132256915856, WPtnwyp522200383339
		ROLE = UIAListItem
		TITLE = Standard
		SHAPE = Rect [x:600.0 y:467.0 w:109.0 h:19.0]
		CHILDREN = 0
		PATH = [0, 0, 3, 0, 1]
	DESCRIPTION = Left Click at 'Standard'
	TEXT = Compound Action =
		Move mouse to (654.5, 476.5).
		Press Mouse Button BUTTON1
		Release Mouse Button BUTTON1

ExecutedAction [92]: 
 @Action ConcreteID = AC170i1if803619126383 AbstractID = AA170i1if803619126383
 ConcreteID CUSTOM = ConcreteID CUSTOM not available AbstractID CUSTOM = AA1qwd5f0801964579773
 @State ConcreteID = SC17r3lr66273299192365 AbstractID = SR9w23os5db4234930261
 ConcreteID CUSTOM = SCnifdvv62d4220250072 AbstractID CUSTOM = SA1trv9466201140930736

	ROLE = LeftClickAt
	TARGET =
		WIDGET = WCg1fjbw1f3454382226, WR52qhb2b3065858412, WTfaksm0c1493887534, WP1g84tt61b2740343636
		ROLE = UIAListItem
		TITLE = 6
		SHAPE = Rect [x:747.0 y:467.0 w:42.0 h:15.0]
		CHILDREN = 0
		PATH = [0, 0, 5, 0, 1]
	DESCRIPTION = Left Click at '6'
	TEXT = Compound Action =
		Move mouse to (768.0, 474.5).
		Press Mouse Button BUTTON1
		Release Mouse Button BUTTON1

ExecutedAction [93]: 
 @Action ConcreteID = ACw7w3kf801278534368 AbstractID = AAw7w3kf801278534368
 ConcreteID CUSTOM = ConcreteID CUSTOM not available AbstractID CUSTOM = AA1g3r7h0804003104050
 @State ConcreteID = SC17r3lr66273299192365 AbstractID = SR9w23os5db4234930261
 ConcreteID CUSTOM = SCnifdvv62d4220250072 AbstractID CUSTOM = SA1trv9466201140930736

	ROLE = LeftClickAt
	TARGET =
		WIDGET = WC2imhso1f3861617015, WR52qhb2b3065858412, WTfaksm2c3199387433, WPzc7sh21b2984429437
		ROLE = UIAListItem
		TITLE = 8
		SHAPE = Rect [x:747.0 y:497.0 w:42.0 h:15.0]
		CHILDREN = 0
		PATH = [0, 0, 5, 0, 3]
	DESCRIPTION = Left Click at '8'
	TEXT = Compound Action =
		Move mouse to (768.0, 504.5).
		Press Mouse Button BUTTON1
		Release Mouse Button BUTTON1

ExecutedAction [94]: 
 @Action ConcreteID = AC740vt5802362918144 AbstractID = AA740vt5802362918144
 ConcreteID CUSTOM = ConcreteID CUSTOM not available AbstractID CUSTOM = AAqzvzpq80779690706
 @State ConcreteID = SC17r3lr66273299192365 AbstractID = SR9w23os5db4234930261
 ConcreteID CUSTOM = SCnifdvv62d4220250072 AbstractID CUSTOM = SA1trv9466201140930736

	ROLE = LeftClickAt
	TARGET =
		WIDGET = WC14svuug2b292322799, WR52qhb2b3065858412, WT1qtzggc18612260208, WP1tbtt12273036052584
		ROLE = UIAListItem
		TITLE = MS Sans Serif
		SHAPE = Rect [x:412.0 y:543.0 w:151.0 h:19.0]
		CHILDREN = 0
		PATH = [0, 0, 1, 0, 5]
	DESCRIPTION = Left Click at 'MS Sans Serif'
	TEXT = Compound Action =
		Move mouse to (487.5, 552.5).
		Press Mouse Button BUTTON1
		Release Mouse Button BUTTON1

ExecutedAction [95]: 
 @Action ConcreteID = ACkx2xfb7f3802241228 AbstractID = AAkx2xfb7f3802241228
 ConcreteID CUSTOM = ConcreteID CUSTOM not available AbstractID CUSTOM = AA9ockb4803992466740
 @State ConcreteID = SC5ziucz6273862318380 AbstractID = SR9w23os5db4234930261
 ConcreteID CUSTOM = SC1fgwjre62c139728939 AbstractID CUSTOM = SA1trv9466201140930736

	ROLE = LeftClickAt
	TARGET =
		WIDGET = WCoj9wvq203635585365, WR52qhb2b3065858412, WT1bx8b0dd1729449667, WPkp0k1w1c1092110615
		ROLE = UIAListItem
		TITLE = 10
		SHAPE = Rect [x:747.0 y:482.0 w:42.0 h:15.0]
		CHILDREN = 0
		PATH = [0, 0, 5, 0, 2]
	DESCRIPTION = Left Click at '10'
	TEXT = Compound Action =
		Move mouse to (768.0, 489.5).
		Press Mouse Button BUTTON1
		Release Mouse Button BUTTON1

ExecutedAction [96]: 
 @Action ConcreteID = AC18ag9q47f2441285523 AbstractID = AA18ag9q47f2441285523
 ConcreteID CUSTOM = ConcreteID CUSTOM not available AbstractID CUSTOM = AAx1pwlx802665128555
 @State ConcreteID = SC5ziucz6273862318380 AbstractID = SR9w23os5db4234930261
 ConcreteID CUSTOM = SC1fgwjre62c139728939 AbstractID CUSTOM = SA1trv9466201140930736

	ROLE = LeftClickAt
	TARGET =
		WIDGET = WC1c8kbez201570423490, WR52qhb2b3065858412, WT1bx8b0kd4184988512, WPwmeza11c3633149030
		ROLE = UIAListItem
		TITLE = 17
		SHAPE = Rect [x:747.0 y:542.0 w:42.0 h:15.0]
		CHILDREN = 0
		PATH = [0, 0, 5, 0, 6]
	DESCRIPTION = Left Click at '17'
	TEXT = Compound Action =
		Move mouse to (768.0, 549.5).
		Press Mouse Button BUTTON1
		Release Mouse Button BUTTON1

ExecutedAction [97]: 
 @Action ConcreteID = AC1onc33p7f1973406006 AbstractID = AA1onc33p7f1973406006
 ConcreteID CUSTOM = ConcreteID CUSTOM not available AbstractID CUSTOM = AA1delpzi802059822286
 @State ConcreteID = SC5ziucz6273862318380 AbstractID = SR9w23os5db4234930261
 ConcreteID CUSTOM = SC1fgwjre62c139728939 AbstractID CUSTOM = SA1trv9466201140930736

	ROLE = LeftClickAt
	TARGET =
		WIDGET = WC15h5snd20941523874, WR52qhb2b3065858412, WT1bx8b0ld1775159025, WPo6gglz1c1333535261
		ROLE = UIAListItem
		TITLE = 18
		SHAPE = Rect [x:747.0 y:557.0 w:42.0 h:15.0]
		CHILDREN = 0
		PATH = [0, 0, 5, 0, 7]
	DESCRIPTION = Left Click at '18'
	TEXT = Compound Action =
		Move mouse to (768.0, 564.5).
		Press Mouse Button BUTTON1
		Release Mouse Button BUTTON1

ExecutedAction [98]: 
 @Action ConcreteID = ACa4gzhb7f1341234833 AbstractID = AAa4gzhb7f1341234833
 ConcreteID CUSTOM = ConcreteID CUSTOM not available AbstractID CUSTOM = AA1xwuoc8801084765033
 @State ConcreteID = SC5ziucz6273862318380 AbstractID = SR9w23os5db4234930261
 ConcreteID CUSTOM = SC1fgwjre62c139728939 AbstractID CUSTOM = SA1trv9466201140930736

	ROLE = LeftClickAt
	TARGET =
		WIDGET = WC1wirvqo203221613962, WR52qhb2b3065858412, WT1bx8b0hd1618512602, WP1lyajb21c3279135254
		ROLE = UIAListItem
		TITLE = 14
		SHAPE = Rect [x:747.0 y:512.0 w:42.0 h:15.0]
		CHILDREN = 0
		PATH = [0, 0, 5, 0, 4]
	DESCRIPTION = Left Click at '14'
	TEXT = Compound Action =
		Move mouse to (768.0, 519.5).
		Press Mouse Button BUTTON1
		Release Mouse Button BUTTON1

ExecutedAction [99]: 
 @Action ConcreteID = ACqhcsuw7f2884458548 AbstractID = AAqhcsuw7f2884458548
 ConcreteID CUSTOM = ConcreteID CUSTOM not available AbstractID CUSTOM = AAf8mfqp802763322828
 @State ConcreteID = SC5ziucz6273862318380 AbstractID = SR9w23os5db4234930261
 ConcreteID CUSTOM = SC1fgwjre62c139728939 AbstractID CUSTOM = SA1trv9466201140930736

	ROLE = LeftClickAt
	TARGET =
		WIDGET = WC1prdcz2203162105741, WR52qhb2b3065858412, WT1bx8b0id394246732, WP1dic0n01c1946157766
		ROLE = UIAListItem
		TITLE = 15
		SHAPE = Rect [x:747.0 y:527.0 w:42.0 h:15.0]
		CHILDREN = 0
		PATH = [0, 0, 5, 0, 5]
	DESCRIPTION = Left Click at '15'
	TEXT = Compound Action =
		Move mouse to (768.0, 534.5).
		Press Mouse Button BUTTON1
		Release Mouse Button BUTTON1

ExecutedAction [100]: 
 @Action ConcreteID = AC14shnn67f367947045 AbstractID = AA14shnn67f367947045
 ConcreteID CUSTOM = ConcreteID CUSTOM not available AbstractID CUSTOM = AAtjraiz80448250077
 @State ConcreteID = SC5ziucz6273862318380 AbstractID = SR9w23os5db4234930261
 ConcreteID CUSTOM = SC1fgwjre62c139728939 AbstractID CUSTOM = SA1trv9466201140930736

	ROLE = LeftClickAt
	TARGET =
		WIDGET = WC13f3rsi263789219693, WR52qhb2b3065858412, WT1xkj2pt132583665823, WP1cdp8ow22373197704
		ROLE = UIAListItem
		TITLE = MS Serif
		SHAPE = Rect [x:412.0 y:562.0 w:151.0 h:19.0]
		CHILDREN = 0
		PATH = [0, 0, 1, 0, 6]
	DESCRIPTION = Left Click at 'MS Serif'
	TEXT = Compound Action =
		Move mouse to (487.5, 571.5).
		Press Mouse Button BUTTON1
		Release Mouse Button BUTTON1

Sequence 1 finished.
Copying generated sequence ("sequence2666") to output directory...
Copying classified sequence ("sequence2666") to sequences_ok folder...
