Starting sequence 1 (output as: sequence685)

ExecutedAction [1]: 
 @Action ConcreteID = ACutpz4m7e4149308445 AbstractID = AAutpz4m7e4149308445
 ConcreteID CUSTOM = ConcreteID CUSTOM not available AbstractID CUSTOM = AAg5cfmv7e736620178
 @State ConcreteID = SC6w2h61d63505289064 AbstractID = SRuxvih1ba2513313992
 ConcreteID CUSTOM = SC22ddoh1d53711883251 AbstractID CUSTOM = SA1e0xkku1d417380732

	ROLE = LeftClickAt
	TARGET =
		WIDGET = WCdfgprn1c4116076503, WR17v7k2nb1067391859, WT1qe6brdf138512687, WP1hwpd4x181691246414
		ROLE = UIAMenuItem
		TITLE = Edit
		SHAPE = Rect [x:120.0 y:111.0 w:34.0 h:19.0]
		CHILDREN = 0
		PATH = [0, 3, 1]
	DESCRIPTION = Left Click at 'Edit'
	TEXT = Compound Action =
		Move mouse to (137.0, 120.5).
		Press Mouse Button BUTTON1
		Release Mouse Button BUTTON1

ExecutedAction [2]: 
 @Action ConcreteID = ACoptrue7f3996524551 AbstractID = AAoptrue7f3996524551
 ConcreteID CUSTOM = ConcreteID CUSTOM not available AbstractID CUSTOM = AA17elge9803401410900
 @State ConcreteID = SCxwy49k2ea3106800804 AbstractID = SR1hpakru2d13589890082
 ConcreteID CUSTOM = SCnfn61e2f289313879 AbstractID CUSTOM = SA1c9p4fq2eb3622676143

	ROLE = LeftClickAt
	TARGET =
		WIDGET = WCmrj4k4323591046090, WR17v7k2nb1067391859, WT3dz2jl252072595598, WP2kbllu2e4108292581
		ROLE = UIAMenuItem
		TITLE = Search with Bing...	Ctrl+E
		SHAPE = Rect [x:123.0 y:257.0 w:225.0 h:22.0]
		CHILDREN = 0
		PATH = [0, 0, 5]
	DESCRIPTION = Left Click at 'Search with Bing...	Ctrl+E'
	TEXT = Compound Action =
		Move mouse to (235.5, 268.0).
		Press Mouse Button BUTTON1
		Release Mouse Button BUTTON1

ExecutedAction [3]: 
 @Action ConcreteID = AC1ylbxyu7e454132092 AbstractID = AA1ylbxyu7e454132092
 ConcreteID CUSTOM = ConcreteID CUSTOM not available AbstractID CUSTOM = AA1jwyeh37e3349611507
 @State ConcreteID = SC6w2h61d63505289064 AbstractID = SRuxvih1ba2513313992
 ConcreteID CUSTOM = SC22ddoh1d53711883251 AbstractID CUSTOM = SA1e0xkku1d417380732

	ROLE = LeftClickAt
	TARGET =
		WIDGET = WC12b45x51c517775489, WR17v7k2nb1067391859, WT1qe89j4f2180189081, WP10d1byf183180104482
		ROLE = UIAMenuItem
		TITLE = Help
		SHAPE = Rect [x:245.0 y:111.0 w:39.0 h:19.0]
		CHILDREN = 0
		PATH = [0, 3, 4]
	DESCRIPTION = Left Click at 'Help'
	TEXT = Compound Action =
		Move mouse to (264.5, 120.5).
		Press Mouse Button BUTTON1
		Release Mouse Button BUTTON1

ExecutedAction [4]: 
 @Action ConcreteID = ACnfkwqh7f3164352678 AbstractID = AAnfkwqh7f3164352678
 ConcreteID CUSTOM = ConcreteID CUSTOM not available AbstractID CUSTOM = AAp74jph801272650086
 @State ConcreteID = SCiqbf6u2214275623817 AbstractID = SR1p2iogu2092294951997
 ConcreteID CUSTOM = SC18iu7be2271352204780 AbstractID CUSTOM = SA19xk86e21f1597656056

	ROLE = LeftClickAt
	TARGET =
		WIDGET = WCdg0id01c1198951367, WR17v7k2nb1067391859, WT1qe6brdf138512687, WP1hx95qa183605955422
		ROLE = UIAMenuItem
		TITLE = Edit
		SHAPE = Rect [x:120.0 y:111.0 w:34.0 h:19.0]
		CHILDREN = 0
		PATH = [0, 4, 1]
	DESCRIPTION = Left Click at 'Edit'
	TEXT = Compound Action =
		Move mouse to (137.0, 120.5).
		Press Mouse Button BUTTON1
		Release Mouse Button BUTTON1

ExecutedAction [5]: 
 @Action ConcreteID = ACutpz4m7e4149308445 AbstractID = AAutpz4m7e4149308445
 ConcreteID CUSTOM = ConcreteID CUSTOM not available AbstractID CUSTOM = AAg5cfmv7e736620178
 @State ConcreteID = SC6w2h61d63505289064 AbstractID = SRuxvih1ba2513313992
 ConcreteID CUSTOM = SC22ddoh1d53711883251 AbstractID CUSTOM = SA1e0xkku1d417380732

	ROLE = LeftClickAt
	TARGET =
		WIDGET = WCdfgprn1c4116076503, WR17v7k2nb1067391859, WT1qe6brdf138512687, WP1hwpd4x181691246414
		ROLE = UIAMenuItem
		TITLE = Edit
		SHAPE = Rect [x:120.0 y:111.0 w:34.0 h:19.0]
		CHILDREN = 0
		PATH = [0, 3, 1]
	DESCRIPTION = Left Click at 'Edit'
	TEXT = Compound Action =
		Move mouse to (137.0, 120.5).
		Press Mouse Button BUTTON1
		Release Mouse Button BUTTON1

ExecutedAction [6]: 
 @Action ConcreteID = AC9rmgcy1163993077953 AbstractID = AA1mkwn74d4571966199
 ConcreteID CUSTOM = ConcreteID CUSTOM not available AbstractID CUSTOM = AAs1mkatd51675601500
 @State ConcreteID = SCxwy49k2ea3106800804 AbstractID = SR1hpakru2d13589890082
 ConcreteID CUSTOM = SCnfn61e2f289313879 AbstractID CUSTOM = SA1c9p4fq2eb3622676143

	ROLE = ClickTypeInto
	TARGET =
		WIDGET = WCh9rmbw1c1979157806, WR4n0dlj72701565195, WTei4yvd121088706799, WP1p79f7i182977098622
		ROLE = UIAEdit
		TITLE = Text Editor
		SHAPE = Rect [x:88.0 y:131.0 w:1227.0 h:412.0]
		CHILDREN = 1
		PATH = [0, 1]
	DESCRIPTION = Type '() { _; } >_[$($...' into 'Text Editor
	TEXT = Compound Action =
		Compound Action =
		Move mouse to (701.5, 337.0).
		Press Mouse Button BUTTON1
		Release Mouse Button BUTTON1
		Press Key 17
		Press Key 65
		Release Key 65
		Release Key 17
		Type text '() { _; } >_[$($())] { touch /tmp/blns.shellshock2.fail; }'

ExecutedAction [7]: 
 @Action ConcreteID = AC1y94xxe12a511983455 AbstractID = AA1velpagd31215769632
 ConcreteID CUSTOM = ConcreteID CUSTOM not available AbstractID CUSTOM = AAxboh0jd34135412219
 @State ConcreteID = SCah1q41d62751626214 AbstractID = SRuxvih1ba2513313992
 ConcreteID CUSTOM = SCu7uml91d52100039960 AbstractID CUSTOM = SA1e0xkku1d417380732

	ROLE = ClickTypeInto
	TARGET =
		WIDGET = WCh9rmb11c1827454063, WR4n0dlj72701565195, WTei4yvd121088706799, WP1p79f6n182825509439
		ROLE = UIAEdit
		TITLE = Text Editor
		SHAPE = Rect [x:88.0 y:131.0 w:1227.0 h:412.0]
		CHILDREN = 1
		PATH = [0, 0]
	DESCRIPTION = Type '<a href="\xE2\x8...' into 'Text Editor
	TEXT = Compound Action =
		Compound Action =
		Move mouse to (701.5, 337.0).
		Press Mouse Button BUTTON1
		Release Mouse Button BUTTON1
		Press Key 17
		Press Key 65
		Release Key 65
		Release Key 17
		Type text '<a href="\xE2\x81\x9Fjavascript:javascript:alert(1)" id="fuzzelement1">test</a>'

ExecutedAction [8]: 
 @Action ConcreteID = AC2p5zzl801139388875 AbstractID = AA2p5zzl801139388875
 ConcreteID CUSTOM = ConcreteID CUSTOM not available AbstractID CUSTOM = AA1jwyeh37e3349611507
 @State ConcreteID = SC1bv8vfk1d52288164974 AbstractID = SRuxvih1ba2513313992
 ConcreteID CUSTOM = SC4ghwo31d51306287882 AbstractID CUSTOM = SA1e0xkku1d417380732

	ROLE = LeftClickAt
	TARGET =
		WIDGET = WC12b45x51c517775489, WR17v7k2nb1067391859, WT1qe89j4f2180189081, WP10d1byf183180104482
		ROLE = UIAMenuItem
		TITLE = Help
		SHAPE = Rect [x:245.0 y:111.0 w:39.0 h:19.0]
		CHILDREN = 0
		PATH = [0, 3, 4]
	DESCRIPTION = Left Click at 'Help'
	TEXT = Compound Action =
		Move mouse to (264.5, 120.5).
		Press Mouse Button BUTTON1
		Release Mouse Button BUTTON1

ExecutedAction [9]: 
 @Action ConcreteID = AC1sl90el80254213970 AbstractID = AA1sl90el80254213970
 ConcreteID CUSTOM = ConcreteID CUSTOM not available AbstractID CUSTOM = AA1syqijp802812015623
 @State ConcreteID = SC1fhzrmb2201733280331 AbstractID = SR1p2iogu2092294951997
 ConcreteID CUSTOM = SC1iqj862227162348652 AbstractID CUSTOM = SA19xk86e21f1597656056

	ROLE = LeftClickAt
	TARGET =
		WIDGET = WC12bnyii1c2902228113, WR17v7k2nb1067391859, WT1qe89j4f2180189081, WP10dl4js18262952754
		ROLE = UIAMenuItem
		TITLE = Help
		SHAPE = Rect [x:245.0 y:111.0 w:39.0 h:19.0]
		CHILDREN = 0
		PATH = [0, 4, 4]
	DESCRIPTION = Left Click at 'Help'
	TEXT = Compound Action =
		Move mouse to (264.5, 120.5).
		Press Mouse Button BUTTON1
		Release Mouse Button BUTTON1

ExecutedAction [10]: 
 @Action ConcreteID = AC14dziv3e71234736936 AbstractID = AA1jv73td5530438209
 ConcreteID CUSTOM = ConcreteID CUSTOM not available AbstractID CUSTOM = AAxboh0jd34135412219
 @State ConcreteID = SC1bv8vfk1d52288164974 AbstractID = SRuxvih1ba2513313992
 ConcreteID CUSTOM = SC4ghwo31d51306287882 AbstractID CUSTOM = SA1e0xkku1d417380732

	ROLE = ClickTypeInto
	TARGET =
		WIDGET = WCh9rmb11c1827454063, WR4n0dlj72701565195, WTei4yvd121088706799, WP1p79f6n182825509439
		ROLE = UIAEdit
		TITLE = Text Editor
		SHAPE = Rect [x:88.0 y:131.0 w:1227.0 h:412.0]
		CHILDREN = 1
		PATH = [0, 0]
	DESCRIPTION = Type '0xffffffff' into 'Text Editor
	TEXT = Compound Action =
		Compound Action =
		Move mouse to (701.5, 337.0).
		Press Mouse Button BUTTON1
		Release Mouse Button BUTTON1
		Press Key 17
		Press Key 65
		Release Key 65
		Release Key 17
		Type text '0xffffffff'

ExecutedAction [11]: 
 @Action ConcreteID = AC1ymyl2g7f1932321056 AbstractID = AA1ymyl2g7f1932321056
 ConcreteID CUSTOM = ConcreteID CUSTOM not available AbstractID CUSTOM = AA1jwyeh37e3349611507
 @State ConcreteID = SCimpkgp1d63118039020 AbstractID = SRuxvih1ba2513313992
 ConcreteID CUSTOM = SC11v92w31d52188776175 AbstractID CUSTOM = SA1e0xkku1d417380732

	ROLE = LeftClickAt
	TARGET =
		WIDGET = WC12b45x51c517775489, WR17v7k2nb1067391859, WT1qe89j4f2180189081, WP10d1byf183180104482
		ROLE = UIAMenuItem
		TITLE = Help
		SHAPE = Rect [x:245.0 y:111.0 w:39.0 h:19.0]
		CHILDREN = 0
		PATH = [0, 3, 4]
	DESCRIPTION = Left Click at 'Help'
	TEXT = Compound Action =
		Move mouse to (264.5, 120.5).
		Press Mouse Button BUTTON1
		Release Mouse Button BUTTON1

ExecutedAction [12]: 
 @Action ConcreteID = AC1jb2ygi7d106522758 AbstractID = AA1jb2ygi7d106522758
 ConcreteID CUSTOM = ConcreteID CUSTOM not available AbstractID CUSTOM = AAgsne7l803436723018
 @State ConcreteID = SCmrvm3l22152236057 AbstractID = SR1p2iogu2092294951997
 ConcreteID CUSTOM = SC1s0m018226335305172 AbstractID CUSTOM = SA19xk86e21f1597656056

	ROLE = LeftClickAt
	TARGET =
		WIDGET = WC3sa13a1e2180180431, WR17v7k2nb1067391859, WTaz2n92112307194186, WPac53v81a2296708173
		ROLE = UIAMenuItem
		TITLE = Format
		SHAPE = Rect [x:154.0 y:111.0 w:52.0 h:19.0]
		CHILDREN = 0
		PATH = [0, 4, 2]
	DESCRIPTION = Left Click at 'Format'
	TEXT = Compound Action =
		Move mouse to (180.0, 120.5).
		Press Mouse Button BUTTON1
		Release Mouse Button BUTTON1

ExecutedAction [13]: 
 @Action ConcreteID = ACmgvgqc7f409939565 AbstractID = AAmgvgqc7f409939565
 ConcreteID CUSTOM = ConcreteID CUSTOM not available AbstractID CUSTOM = AA7qva4z7e2900675774
 @State ConcreteID = SCimpkgp1d63118039020 AbstractID = SRuxvih1ba2513313992
 ConcreteID CUSTOM = SC11v92w31d52188776175 AbstractID CUSTOM = SA1e0xkku1d417380732

	ROLE = LeftClickAt
	TARGET =
		WIDGET = WC3rq8hx1e869414367, WR17v7k2nb1067391859, WTaz2n92112307194186, WPablb9v1a985931869
		ROLE = UIAMenuItem
		TITLE = Format
		SHAPE = Rect [x:154.0 y:111.0 w:52.0 h:19.0]
		CHILDREN = 0
		PATH = [0, 3, 2]
	DESCRIPTION = Left Click at 'Format'
	TEXT = Compound Action =
		Move mouse to (180.0, 120.5).
		Press Mouse Button BUTTON1
		Release Mouse Button BUTTON1

ExecutedAction [14]: 
 @Action ConcreteID = AC9x8v3y802511825875 AbstractID = AA9x8v3y802511825875
 ConcreteID CUSTOM = ConcreteID CUSTOM not available AbstractID CUSTOM = AAishno802890877558
 @State ConcreteID = SC1drsm3c20d2608298930 AbstractID = SRhdom0g1f51351705365
 ConcreteID CUSTOM = SClfzwlz2111477397438 AbstractID CUSTOM = SA1odsafd20b3326211211

	ROLE = LeftClickAt
	TARGET =
		WIDGET = WC12bnyii1c2902228113, WR17v7k2nb1067391859, WT1qe89j4f2180189081, WP10dl4js18262952754
		ROLE = UIAMenuItem
		TITLE = Help
		SHAPE = Rect [x:245.0 y:111.0 w:39.0 h:19.0]
		CHILDREN = 0
		PATH = [0, 4, 4]
	DESCRIPTION = Left Click at 'Help'
	TEXT = Compound Action =
		Move mouse to (264.5, 120.5).
		Press Mouse Button BUTTON1
		Release Mouse Button BUTTON1

ExecutedAction [15]: 
 @Action ConcreteID = AC1bdubwj7f4098862697 AbstractID = AA1bdubwj7f4098862697
 ConcreteID CUSTOM = ConcreteID CUSTOM not available AbstractID CUSTOM = AAwnu5b67e1086606522
 @State ConcreteID = SCimpkgp1d63118039020 AbstractID = SRuxvih1ba2513313992
 ConcreteID CUSTOM = SC11v92w31d52188776175 AbstractID CUSTOM = SA1e0xkku1d417380732

	ROLE = LeftClickAt
	TARGET =
		WIDGET = WCdsg5py1c3010804170, WR17v7k2nb1067391859, WT1qeha5gf2005531835, WPk6niro18548921330
		ROLE = UIAMenuItem
		TITLE = View
		SHAPE = Rect [x:206.0 y:111.0 w:39.0 h:19.0]
		CHILDREN = 0
		PATH = [0, 3, 3]
	DESCRIPTION = Left Click at 'View'
	TEXT = Compound Action =
		Move mouse to (225.5, 120.5).
		Press Mouse Button BUTTON1
		Release Mouse Button BUTTON1

ExecutedAction [16]: 
 @Action ConcreteID = AC1d10g3580442608671 AbstractID = AA1d10g3580442608671
 ConcreteID CUSTOM = ConcreteID CUSTOM not available AbstractID CUSTOM = AAishno802890877558
 @State ConcreteID = SC1sy3es620b2804711611 AbstractID = SRhdom0g1f51351705365
 ConcreteID CUSTOM = SCbs9iap210424639957 AbstractID CUSTOM = SA1odsafd20b3326211211

	ROLE = LeftClickAt
	TARGET =
		WIDGET = WC12bnyii1c2902228113, WR17v7k2nb1067391859, WT1qe89j4f2180189081, WP10dl4js18262952754
		ROLE = UIAMenuItem
		TITLE = Help
		SHAPE = Rect [x:245.0 y:111.0 w:39.0 h:19.0]
		CHILDREN = 0
		PATH = [0, 4, 4]
	DESCRIPTION = Left Click at 'Help'
	TEXT = Compound Action =
		Move mouse to (264.5, 120.5).
		Press Mouse Button BUTTON1
		Release Mouse Button BUTTON1

ExecutedAction [17]: 
 @Action ConcreteID = ACuvcm887f2674658369 AbstractID = AAuvcm887f2674658369
 ConcreteID CUSTOM = ConcreteID CUSTOM not available AbstractID CUSTOM = AAg5cfmv7e736620178
 @State ConcreteID = SCimpkgp1d63118039020 AbstractID = SRuxvih1ba2513313992
 ConcreteID CUSTOM = SC11v92w31d52188776175 AbstractID CUSTOM = SA1e0xkku1d417380732

	ROLE = LeftClickAt
	TARGET =
		WIDGET = WCdfgprn1c4116076503, WR17v7k2nb1067391859, WT1qe6brdf138512687, WP1hwpd4x181691246414
		ROLE = UIAMenuItem
		TITLE = Edit
		SHAPE = Rect [x:120.0 y:111.0 w:34.0 h:19.0]
		CHILDREN = 0
		PATH = [0, 3, 1]
	DESCRIPTION = Left Click at 'Edit'
	TEXT = Compound Action =
		Move mouse to (137.0, 120.5).
		Press Mouse Button BUTTON1
		Release Mouse Button BUTTON1

ExecutedAction [18]: 
 @Action ConcreteID = AC1jltm1s803924591238 AbstractID = AA1jltm1s803924591238
 ConcreteID CUSTOM = ConcreteID CUSTOM not available AbstractID CUSTOM = AA11h4ury7f1061212076
 @State ConcreteID = SC1btoul52e91152059971 AbstractID = SR1hpakru2d13589890082
 ConcreteID CUSTOM = SC1vmi0yy2f13418229141 AbstractID CUSTOM = SAzdxt022e82348379560

	ROLE = LeftClickAt
	TARGET =
		WIDGET = WC1frc9lv1c3431448778, WR17v7k2nb1067391859, WT1qe72ijf99311909, WPjc8r1t181437309355
		ROLE = UIAMenuItem
		TITLE = File
		SHAPE = Rect [x:88.0 y:111.0 w:32.0 h:19.0]
		CHILDREN = 0
		PATH = [0, 4, 0]
	DESCRIPTION = Left Click at 'File'
	TEXT = Compound Action =
		Move mouse to (104.0, 120.5).
		Press Mouse Button BUTTON1
		Release Mouse Button BUTTON1

ExecutedAction [19]: 
 @Action ConcreteID = ACuvcm887f2674658369 AbstractID = AAuvcm887f2674658369
 ConcreteID CUSTOM = ConcreteID CUSTOM not available AbstractID CUSTOM = AAg5cfmv7e736620178
 @State ConcreteID = SCimpkgp1d63118039020 AbstractID = SRuxvih1ba2513313992
 ConcreteID CUSTOM = SC11v92w31d52188776175 AbstractID CUSTOM = SA1e0xkku1d417380732

	ROLE = LeftClickAt
	TARGET =
		WIDGET = WCdfgprn1c4116076503, WR17v7k2nb1067391859, WT1qe6brdf138512687, WP1hwpd4x181691246414
		ROLE = UIAMenuItem
		TITLE = Edit
		SHAPE = Rect [x:120.0 y:111.0 w:34.0 h:19.0]
		CHILDREN = 0
		PATH = [0, 3, 1]
	DESCRIPTION = Left Click at 'Edit'
	TEXT = Compound Action =
		Move mouse to (137.0, 120.5).
		Press Mouse Button BUTTON1
		Release Mouse Button BUTTON1

ExecutedAction [20]: 
 @Action ConcreteID = AC106k79ufc3604230840 AbstractID = AA6qh4dmd54050642536
 ConcreteID CUSTOM = ConcreteID CUSTOM not available AbstractID CUSTOM = AA1noz398d41687214956
 @State ConcreteID = SC1btoul52e91152059971 AbstractID = SR1hpakru2d13589890082
 ConcreteID CUSTOM = SC1vmi0yy2f13418229141 AbstractID CUSTOM = SAzdxt022e82348379560

	ROLE = ClickTypeInto
	TARGET =
		WIDGET = WCh9rmbw1c1979157806, WR4n0dlj72701565195, WTei4yvd121088706799, WP1p79f7i182977098622
		ROLE = UIAEdit
		TITLE = Text Editor
		SHAPE = Rect [x:88.0 y:131.0 w:1227.0 h:412.0]
		CHILDREN = 1
		PATH = [0, 1]
	DESCRIPTION = Type '><script>alert(1...' into 'Text Editor
	TEXT = Compound Action =
		Compound Action =
		Move mouse to (701.5, 337.0).
		Press Mouse Button BUTTON1
		Release Mouse Button BUTTON1
		Press Key 17
		Press Key 65
		Release Key 65
		Release Key 17
		Type text '><script>alert(123);</script x='

ExecutedAction [21]: 
 @Action ConcreteID = AC1b8nm7o7f3907858854 AbstractID = AA1b8nm7o7f3907858854
 ConcreteID CUSTOM = ConcreteID CUSTOM not available AbstractID CUSTOM = AAg5cfmv7e736620178
 @State ConcreteID = SCiimdkw1d43663687924 AbstractID = SRuxvih1ba2513313992
 ConcreteID CUSTOM = SC1y7rz6x1d53334159252 AbstractID CUSTOM = SA1e0xkku1d417380732

	ROLE = LeftClickAt
	TARGET =
		WIDGET = WCdfgprn1c4116076503, WR17v7k2nb1067391859, WT1qe6brdf138512687, WP1hwpd4x181691246414
		ROLE = UIAMenuItem
		TITLE = Edit
		SHAPE = Rect [x:120.0 y:111.0 w:34.0 h:19.0]
		CHILDREN = 0
		PATH = [0, 3, 1]
	DESCRIPTION = Left Click at 'Edit'
	TEXT = Compound Action =
		Move mouse to (137.0, 120.5).
		Press Mouse Button BUTTON1
		Release Mouse Button BUTTON1

ExecutedAction [22]: 
 @Action ConcreteID = AC1tg59o37f1199724859 AbstractID = AA1tg59o37f1199724859
 ConcreteID CUSTOM = ConcreteID CUSTOM not available AbstractID CUSTOM = AAh4g2mi7f1299104259
 @State ConcreteID = SC7etq3h2e83970697106 AbstractID = SR1hpakru2d13589890082
 ConcreteID CUSTOM = SC63gr9r2f12087012615 AbstractID CUSTOM = SAzdxt022e82348379560

	ROLE = LeftClickAt
	TARGET =
		WIDGET = WC1b6cg9e2e2740816840, WR17v7k2nb1067391859, WTegevvk211768697895, WPz2xb8g2a3977213408
		ROLE = UIAMenuItem
		TITLE = Find Previous	Shift+F3
		SHAPE = Rect [x:123.0 y:323.0 w:225.0 h:22.0]
		CHILDREN = 0
		PATH = [0, 0, 8]
	DESCRIPTION = Left Click at 'Find Previous	Shift+F3'
	TEXT = Compound Action =
		Move mouse to (235.5, 334.0).
		Press Mouse Button BUTTON1
		Release Mouse Button BUTTON1

ExecutedAction [23]: 
 @Action ConcreteID = ACqz80ht7f3406827257 AbstractID = AAqz80ht7f3406827257
 ConcreteID CUSTOM = ConcreteID CUSTOM not available AbstractID CUSTOM = AAl838q27f2873815019
 @State ConcreteID = SCpj6e5z2c22858159718 AbstractID = SR4ddoxt29f766351808
 ConcreteID CUSTOM = SC1juy5my2c9508029611 AbstractID CUSTOM = SA75if752c42522409749

	ROLE = LeftClickAt
	TARGET =
		WIDGET = WC3sa13a1e2180180431, WR17v7k2nb1067391859, WTaz2n92112307194186, WPac53v81a2296708173
		ROLE = UIAMenuItem
		TITLE = Format
		SHAPE = Rect [x:154.0 y:111.0 w:52.0 h:19.0]
		CHILDREN = 0
		PATH = [0, 4, 2]
	DESCRIPTION = Left Click at 'Format'
	TEXT = Compound Action =
		Move mouse to (180.0, 120.5).
		Press Mouse Button BUTTON1
		Release Mouse Button BUTTON1

ExecutedAction [24]: 
 @Action ConcreteID = ACuw2q46803458230113 AbstractID = AAuw2q46803458230113
 ConcreteID CUSTOM = ConcreteID CUSTOM not available AbstractID CUSTOM = AAgnpm387f65894240
 @State ConcreteID = SC1tczdtt3012727441448 AbstractID = SR1thh6cy2da2922162793
 ConcreteID CUSTOM = SC1vwowyf3022314795562 AbstractID CUSTOM = SAycs8tn2f61145996036

	ROLE = LeftClickAt
	TARGET =
		WIDGET = WC1w5yv5m1c1062774716, WR1h6ibpb92248851252, WT1vjbvvdf3603144044, WP8jwv48183885969904
		ROLE = UIAButton
		TITLE = Cancel
		SHAPE = Rect [x:414.0 y:318.0 w:75.0 h:23.0]
		CHILDREN = 0
		PATH = [0, 1, 8]
	DESCRIPTION = Left Click at 'Cancel'
	TEXT = Compound Action =
		Move mouse to (451.5, 329.5).
		Press Mouse Button BUTTON1
		Release Mouse Button BUTTON1

ExecutedAction [25]: 
 @Action ConcreteID = AC12u6gps7f1877873546 AbstractID = AA12u6gps7f1877873546
 ConcreteID CUSTOM = ConcreteID CUSTOM not available AbstractID CUSTOM = AA7qva4z7e2900675774
 @State ConcreteID = SCiimdkw1d43663687924 AbstractID = SRuxvih1ba2513313992
 ConcreteID CUSTOM = SC1y7rz6x1d53334159252 AbstractID CUSTOM = SA1e0xkku1d417380732

	ROLE = LeftClickAt
	TARGET =
		WIDGET = WC3rq8hx1e869414367, WR17v7k2nb1067391859, WTaz2n92112307194186, WPablb9v1a985931869
		ROLE = UIAMenuItem
		TITLE = Format
		SHAPE = Rect [x:154.0 y:111.0 w:52.0 h:19.0]
		CHILDREN = 0
		PATH = [0, 3, 2]
	DESCRIPTION = Left Click at 'Format'
	TEXT = Compound Action =
		Move mouse to (180.0, 120.5).
		Press Mouse Button BUTTON1
		Release Mouse Button BUTTON1

ExecutedAction [26]: 
 @Action ConcreteID = AC8yxxxg801328163100 AbstractID = AA8yxxxg801328163100
 ConcreteID CUSTOM = ConcreteID CUSTOM not available AbstractID CUSTOM = AAndtfao803339486523
 @State ConcreteID = SC1jlbou620c1345467710 AbstractID = SRhdom0g1f51351705365
 ConcreteID CUSTOM = SCuy2ovw2114023651116 AbstractID CUSTOM = SA1odsafd20b3326211211

	ROLE = LeftClickAt
	TARGET =
		WIDGET = WC3sa13a1e2180180431, WR17v7k2nb1067391859, WTaz2n92112307194186, WPac53v81a2296708173
		ROLE = UIAMenuItem
		TITLE = Format
		SHAPE = Rect [x:154.0 y:111.0 w:52.0 h:19.0]
		CHILDREN = 0
		PATH = [0, 4, 2]
	DESCRIPTION = Left Click at 'Format'
	TEXT = Compound Action =
		Move mouse to (180.0, 120.5).
		Press Mouse Button BUTTON1
		Release Mouse Button BUTTON1

ExecutedAction [27]: 
 @Action ConcreteID = AC1b8nm7o7f3907858854 AbstractID = AA1b8nm7o7f3907858854
 ConcreteID CUSTOM = ConcreteID CUSTOM not available AbstractID CUSTOM = AAg5cfmv7e736620178
 @State ConcreteID = SCiimdkw1d43663687924 AbstractID = SRuxvih1ba2513313992
 ConcreteID CUSTOM = SC1y7rz6x1d53334159252 AbstractID CUSTOM = SA1e0xkku1d417380732

	ROLE = LeftClickAt
	TARGET =
		WIDGET = WCdfgprn1c4116076503, WR17v7k2nb1067391859, WT1qe6brdf138512687, WP1hwpd4x181691246414
		ROLE = UIAMenuItem
		TITLE = Edit
		SHAPE = Rect [x:120.0 y:111.0 w:34.0 h:19.0]
		CHILDREN = 0
		PATH = [0, 3, 1]
	DESCRIPTION = Left Click at 'Edit'
	TEXT = Compound Action =
		Move mouse to (137.0, 120.5).
		Press Mouse Button BUTTON1
		Release Mouse Button BUTTON1

ExecutedAction [28]: 
 @Action ConcreteID = AC1246s7r7f1799190864 AbstractID = AA1246s7r7f1799190864
 ConcreteID CUSTOM = ConcreteID CUSTOM not available AbstractID CUSTOM = AA1otln5a7f1641144936
 @State ConcreteID = SC7etq3h2e83970697106 AbstractID = SR1hpakru2d13589890082
 ConcreteID CUSTOM = SC63gr9r2f12087012615 AbstractID CUSTOM = SAzdxt022e82348379560

	ROLE = LeftClickAt
	TARGET =
		WIDGET = WCdg0id01c1198951367, WR17v7k2nb1067391859, WT1qe6brdf138512687, WP1hx95qa183605955422
		ROLE = UIAMenuItem
		TITLE = Edit
		SHAPE = Rect [x:120.0 y:111.0 w:34.0 h:19.0]
		CHILDREN = 0
		PATH = [0, 4, 1]
	DESCRIPTION = Left Click at 'Edit'
	TEXT = Compound Action =
		Move mouse to (137.0, 120.5).
		Press Mouse Button BUTTON1
		Release Mouse Button BUTTON1

ExecutedAction [29]: 
 @Action ConcreteID = AC6uop2v7f2273154097 AbstractID = AA6uop2v7f2273154097
 ConcreteID CUSTOM = ConcreteID CUSTOM not available AbstractID CUSTOM = AAtk3k0e7f2375094025
 @State ConcreteID = SC7etq3h2e83970697106 AbstractID = SR1hpakru2d13589890082
 ConcreteID CUSTOM = SC63gr9r2f12087012615 AbstractID CUSTOM = SAzdxt022e82348379560

	ROLE = LeftClickAt
	TARGET =
		WIDGET = WC12bnyii1c2902228113, WR17v7k2nb1067391859, WT1qe89j4f2180189081, WP10dl4js18262952754
		ROLE = UIAMenuItem
		TITLE = Help
		SHAPE = Rect [x:245.0 y:111.0 w:39.0 h:19.0]
		CHILDREN = 0
		PATH = [0, 4, 4]
	DESCRIPTION = Left Click at 'Help'
	TEXT = Compound Action =
		Move mouse to (264.5, 120.5).
		Press Mouse Button BUTTON1
		Release Mouse Button BUTTON1

ExecutedAction [30]: 
 @Action ConcreteID = AC1ppwfp51233198206911 AbstractID = AAg495iud42150849849
 ConcreteID CUSTOM = ConcreteID CUSTOM not available AbstractID CUSTOM = AAxboh0jd34135412219
 @State ConcreteID = SCiimdkw1d43663687924 AbstractID = SRuxvih1ba2513313992
 ConcreteID CUSTOM = SC1y7rz6x1d53334159252 AbstractID CUSTOM = SA1e0xkku1d417380732

	ROLE = ClickTypeInto
	TARGET =
		WIDGET = WCh9rmb11c1827454063, WR4n0dlj72701565195, WTei4yvd121088706799, WP1p79f6n182825509439
		ROLE = UIAEdit
		TITLE = Text Editor
		SHAPE = Rect [x:88.0 y:131.0 w:1227.0 h:412.0]
		CHILDREN = 1
		PATH = [0, 0]
	DESCRIPTION = Type '<a href="\x17jav...' into 'Text Editor
	TEXT = Compound Action =
		Compound Action =
		Move mouse to (701.5, 337.0).
		Press Mouse Button BUTTON1
		Release Mouse Button BUTTON1
		Press Key 17
		Press Key 65
		Release Key 65
		Release Key 17
		Type text '<a href="\x17javascript:javascript:alert(1)" id="fuzzelement1">test</a>'

ExecutedAction [31]: 
 @Action ConcreteID = AC1yf88kz803615147836 AbstractID = AA1yf88kz803615147836
 ConcreteID CUSTOM = ConcreteID CUSTOM not available AbstractID CUSTOM = AA7qva4z7e2900675774
 @State ConcreteID = SC1settcn1d63105344497 AbstractID = SRuxvih1ba2513313992
 ConcreteID CUSTOM = SC19ijslk1d44009462576 AbstractID CUSTOM = SA1e0xkku1d417380732

	ROLE = LeftClickAt
	TARGET =
		WIDGET = WC3rq8hx1e869414367, WR17v7k2nb1067391859, WTaz2n92112307194186, WPablb9v1a985931869
		ROLE = UIAMenuItem
		TITLE = Format
		SHAPE = Rect [x:154.0 y:111.0 w:52.0 h:19.0]
		CHILDREN = 0
		PATH = [0, 3, 2]
	DESCRIPTION = Left Click at 'Format'
	TEXT = Compound Action =
		Move mouse to (180.0, 120.5).
		Press Mouse Button BUTTON1
		Release Mouse Button BUTTON1

ExecutedAction [32]: 
 @Action ConcreteID = AC1yyd15f7f1255992566 AbstractID = AA1yyd15f7f1255992566
 ConcreteID CUSTOM = ConcreteID CUSTOM not available AbstractID CUSTOM = AAndtfao803339486523
 @State ConcreteID = SCeqzz3o20d2210677253 AbstractID = SRhdom0g1f51351705365
 ConcreteID CUSTOM = SC5tszbm2121845417888 AbstractID CUSTOM = SA1odsafd20b3326211211

	ROLE = LeftClickAt
	TARGET =
		WIDGET = WC3sa13a1e2180180431, WR17v7k2nb1067391859, WTaz2n92112307194186, WPac53v81a2296708173
		ROLE = UIAMenuItem
		TITLE = Format
		SHAPE = Rect [x:154.0 y:111.0 w:52.0 h:19.0]
		CHILDREN = 0
		PATH = [0, 4, 2]
	DESCRIPTION = Left Click at 'Format'
	TEXT = Compound Action =
		Move mouse to (180.0, 120.5).
		Press Mouse Button BUTTON1
		Release Mouse Button BUTTON1

ExecutedAction [33]: 
 @Action ConcreteID = AC1bk7axz803157854321 AbstractID = AA1bk7axz803157854321
 ConcreteID CUSTOM = ConcreteID CUSTOM not available AbstractID CUSTOM = AA1jwyeh37e3349611507
 @State ConcreteID = SC1settcn1d63105344497 AbstractID = SRuxvih1ba2513313992
 ConcreteID CUSTOM = SC19ijslk1d44009462576 AbstractID CUSTOM = SA1e0xkku1d417380732

	ROLE = LeftClickAt
	TARGET =
		WIDGET = WC12b45x51c517775489, WR17v7k2nb1067391859, WT1qe89j4f2180189081, WP10d1byf183180104482
		ROLE = UIAMenuItem
		TITLE = Help
		SHAPE = Rect [x:245.0 y:111.0 w:39.0 h:19.0]
		CHILDREN = 0
		PATH = [0, 3, 4]
	DESCRIPTION = Left Click at 'Help'
	TEXT = Compound Action =
		Move mouse to (264.5, 120.5).
		Press Mouse Button BUTTON1
		Release Mouse Button BUTTON1

ExecutedAction [34]: 
 @Action ConcreteID = AC14if0r97f3680207936 AbstractID = AA14if0r97f3680207936
 ConcreteID CUSTOM = ConcreteID CUSTOM not available AbstractID CUSTOM = AA1syqijp802812015623
 @State ConcreteID = SC1ms7131221464402094 AbstractID = SR1p2iogu2092294951997
 ConcreteID CUSTOM = SC1b0sxwd2273235032308 AbstractID CUSTOM = SA19xk86e21f1597656056

	ROLE = LeftClickAt
	TARGET =
		WIDGET = WC12bnyii1c2902228113, WR17v7k2nb1067391859, WT1qe89j4f2180189081, WP10dl4js18262952754
		ROLE = UIAMenuItem
		TITLE = Help
		SHAPE = Rect [x:245.0 y:111.0 w:39.0 h:19.0]
		CHILDREN = 0
		PATH = [0, 4, 4]
	DESCRIPTION = Left Click at 'Help'
	TEXT = Compound Action =
		Move mouse to (264.5, 120.5).
		Press Mouse Button BUTTON1
		Release Mouse Button BUTTON1

ExecutedAction [35]: 
 @Action ConcreteID = AC1jh8lpj80250136788 AbstractID = AA1jh8lpj80250136788
 ConcreteID CUSTOM = ConcreteID CUSTOM not available AbstractID CUSTOM = AA1rtzp8n7e1970717526
 @State ConcreteID = SC1settcn1d63105344497 AbstractID = SRuxvih1ba2513313992
 ConcreteID CUSTOM = SC19ijslk1d44009462576 AbstractID CUSTOM = SA1e0xkku1d417380732

	ROLE = LeftClickAt
	TARGET =
		WIDGET = WC1fqsh0i1c2124881114, WR17v7k2nb1067391859, WT1qe72ijf99311909, WPjboygg183884664251
		ROLE = UIAMenuItem
		TITLE = File
		SHAPE = Rect [x:88.0 y:111.0 w:32.0 h:19.0]
		CHILDREN = 0
		PATH = [0, 3, 0]
	DESCRIPTION = Left Click at 'File'
	TEXT = Compound Action =
		Move mouse to (104.0, 120.5).
		Press Mouse Button BUTTON1
		Release Mouse Button BUTTON1

ExecutedAction [36]: 
 @Action ConcreteID = AC1vpn8nt7f529832216 AbstractID = AA1vpn8nt7f529832216
 ConcreteID CUSTOM = ConcreteID CUSTOM not available AbstractID CUSTOM = AA12p1zhm7f722017707
 @State ConcreteID = SCwsb4a628a3262201301 AbstractID = SRml6io426d3670816528
 ConcreteID CUSTOM = SCyu4wi528c1086320272 AbstractID CUSTOM = SAbduj6h2823690180780

	ROLE = LeftClickAt
	TARGET =
		WIDGET = WC1oe9p4i252629076214, WR17v7k2nb1067391859, WT1mkt3k3184259406525, WPgehku8212133846225
		ROLE = UIAMenuItem
		TITLE = Page Setup...
		SHAPE = Rect [x:91.0 y:250.0 w:223.0 h:22.0]
		CHILDREN = 0
		PATH = [0, 0, 5]
	DESCRIPTION = Left Click at 'Page Setup...'
	TEXT = Compound Action =
		Move mouse to (202.5, 261.0).
		Press Mouse Button BUTTON1
		Release Mouse Button BUTTON1

ExecutedAction [37]: 
 @Action ConcreteID = AC1fzzhzu101301270021 AbstractID = AAxudo81d43996296976
 ConcreteID CUSTOM = ConcreteID CUSTOM not available AbstractID CUSTOM = AA1htzd1ld12412553106
 @State ConcreteID = SCb4eatb4802811042716 AbstractID = SR9msvzd43c3778389333
 ConcreteID CUSTOM = SC7ub36v4841007137645 AbstractID CUSTOM = SAr428348157730185

	ROLE = ClickTypeInto
	TARGET =
		WIDGET = WC1ksxts31c1049069563, WR4n0dlj72701565195, WT1l4r1coe3555323271, WP1lqgp2t181026134469
		ROLE = UIAEdit
		TITLE = Bottom:
		SHAPE = Rect [x:390.0 y:329.0 w:42.0 h:20.0]
		CHILDREN = 0
		PATH = [0, 0, 16]
	DESCRIPTION = Type '<script src="/\%...' into 'Bottom:
	TEXT = Compound Action =
		Compound Action =
		Move mouse to (411.0, 339.0).
		Press Mouse Button BUTTON1
		Release Mouse Button BUTTON1
		Press Key 17
		Press Key 65
		Release Key 65
		Release Key 17
		Type text '<script src="/\%(jscript)s"></script>'

ExecutedAction [38]: 
 @Action ConcreteID = ACsqws1x11415833014 AbstractID = AAcxr728d43382755940
 ConcreteID CUSTOM = ConcreteID CUSTOM not available AbstractID CUSTOM = AAwxcvvsd12824783590
 @State ConcreteID = SCb4eatb4802811042716 AbstractID = SR9msvzd43c3778389333
 ConcreteID CUSTOM = SC7ub36v4841007137645 AbstractID CUSTOM = SAr428348157730185

	ROLE = ClickTypeInto
	TARGET =
		WIDGET = WC9tp85g1b3223332873, WR4n0dlj72701565195, WT711kr9d3075233512, WP1bn9z3q17785175650
		ROLE = UIAEdit
		TITLE = Right:
		SHAPE = Rect [x:390.0 y:295.0 w:42.0 h:20.0]
		CHILDREN = 0
		PATH = [0, 0, 12]
	DESCRIPTION = Type 'ABC<div style="x...' into 'Right:
	TEXT = Compound Action =
		Compound Action =
		Move mouse to (411.0, 305.0).
		Press Mouse Button BUTTON1
		Release Mouse Button BUTTON1
		Press Key 17
		Press Key 65
		Release Key 65
		Release Key 17
		Type text 'ABC<div style="x:\x0Dexpression(javascript:alert(1)">DEF'

ExecutedAction [39]: 
 @Action ConcreteID = AC17m0uj41661694585132 AbstractID = AA2kk4n8d43787650238
 ConcreteID CUSTOM = ConcreteID CUSTOM not available AbstractID CUSTOM = AAmk5tgsd12151477308
 @State ConcreteID = SCb4eatb4802811042716 AbstractID = SR9msvzd43c3778389333
 ConcreteID CUSTOM = SC7ub36v4841007137645 AbstractID CUSTOM = SAr428348157730185

	ROLE = ClickTypeInto
	TARGET =
		WIDGET = WC11xh2r11a1848653290, WR4n0dlj72701565195, WT4prmgsc498560708, WP43d8gv162645078856
		ROLE = UIAEdit
		TITLE = Left:
		SHAPE = Rect [x:276.0 y:295.0 w:42.0 h:20.0]
		CHILDREN = 0
		PATH = [0, 0, 10]
	DESCRIPTION = Type '<?xml version="1...' into 'Left:
	TEXT = Compound Action =
		Compound Action =
		Move mouse to (297.0, 305.0).
		Press Mouse Button BUTTON1
		Release Mouse Button BUTTON1
		Press Key 17
		Press Key 65
		Release Key 65
		Release Key 17
		Type text '<?xml version="1.0" encoding="ISO-8859-1"?><!DOCTYPE foo [ <!ELEMENT foo ANY ><!ENTITY xxe SYSTEM "file:///etc/passwd" >]><foo>&xxe;</foo>'

ExecutedAction [40]: 
 @Action ConcreteID = AC8p7xcadd2593022694 AbstractID = AAxsxyu0d42287559775
 ConcreteID CUSTOM = ConcreteID CUSTOM not available AbstractID CUSTOM = AA1hsjnnkd13920060637
 @State ConcreteID = SCb4eatb4802811042716 AbstractID = SR9msvzd43c3778389333
 ConcreteID CUSTOM = SC7ub36v4841007137645 AbstractID CUSTOM = SAr428348157730185

	ROLE = ClickTypeInto
	TARGET =
		WIDGET = WCgnbvdm1c2604055620, WR4n0dlj72701565195, WT18qgy08e4032554063, WParkpsc183296232143
		ROLE = UIAEdit
		TITLE = Footer:
		SHAPE = Rect [x:180.0 y:411.0 w:261.0 h:20.0]
		CHILDREN = 0
		PATH = [0, 0, 20]
	DESCRIPTION = Type '?' into 'Footer:
	TEXT = Compound Action =
		Compound Action =
		Move mouse to (310.5, 421.0).
		Press Mouse Button BUTTON1
		Release Mouse Button BUTTON1
		Press Key 17
		Press Key 65
		Release Key 65
		Release Key 17
		Type text '?'

ExecutedAction [41]: 
 @Action ConcreteID = ACm4rkrc7f3033901166 AbstractID = AAm4rkrc7f3033901166
 ConcreteID CUSTOM = ConcreteID CUSTOM not available AbstractID CUSTOM = AA65tuk07c170481455
 @State ConcreteID = SCb4eatb4802811042716 AbstractID = SR9msvzd43c3778389333
 ConcreteID CUSTOM = SC7ub36v4841007137645 AbstractID CUSTOM = SAr428348157730185

	ROLE = LeftClickAt
	TARGET =
		WIDGET = WCuhgjg9233190973938, WRa3fnoge3263686876, WTu95paz162645246549, WPppvphj1f3289767898
		ROLE = UIARadioButton
		TITLE = Portrait
		SHAPE = Rect [x:120.0 y:295.0 w:78.0 h:20.0]
		CHILDREN = 0
		PATH = [0, 0, 6]
	DESCRIPTION = Left Click at 'Portrait'
	TEXT = Compound Action =
		Move mouse to (159.0, 305.0).
		Press Mouse Button BUTTON1
		Release Mouse Button BUTTON1

ExecutedAction [42]: 
 @Action ConcreteID = AC1ohw3xed1029288765 AbstractID = AAxsxyu0d42287559775
 ConcreteID CUSTOM = ConcreteID CUSTOM not available AbstractID CUSTOM = AA1hsjnnkd13920060637
 @State ConcreteID = SCb4eatb4802811042716 AbstractID = SR9msvzd43c3778389333
 ConcreteID CUSTOM = SC7ub36v4841007137645 AbstractID CUSTOM = SAr428348157730185

	ROLE = ClickTypeInto
	TARGET =
		WIDGET = WCgnbvdm1c2604055620, WR4n0dlj72701565195, WT18qgy08e4032554063, WParkpsc183296232143
		ROLE = UIAEdit
		TITLE = Footer:
		SHAPE = Rect [x:180.0 y:411.0 w:261.0 h:20.0]
		CHILDREN = 0
		PATH = [0, 0, 20]
	DESCRIPTION = Type '<foo val=“bar” /...' into 'Footer:
	TEXT = Compound Action =
		Compound Action =
		Move mouse to (310.5, 421.0).
		Press Mouse Button BUTTON1
		Release Mouse Button BUTTON1
		Press Key 17
		Press Key 65
		Release Key 65
		Release Key 17
		Type text '<foo val=“bar” />'

ExecutedAction [43]: 
 @Action ConcreteID = ACuktmyl7f2634630141 AbstractID = AAuktmyl7f2634630141
 ConcreteID CUSTOM = ConcreteID CUSTOM not available AbstractID CUSTOM = AAelvwr97c603307196
 @State ConcreteID = SCb4eatb4802811042716 AbstractID = SR9msvzd43c3778389333
 ConcreteID CUSTOM = SC7ub36v4841007137645 AbstractID CUSTOM = SAr428348157730185

	ROLE = LeftClickAt
	TARGET =
		WIDGET = WC1grpgrs1d948270494, WR1h6ibpb92248851252, WT1vjbvvdf3603144044, WP1fkwuxm191194835891
		ROLE = UIAButton
		TITLE = Cancel
		SHAPE = Rect [x:543.0 y:445.0 w:75.0 h:23.0]
		CHILDREN = 0
		PATH = [0, 0, 23]
	DESCRIPTION = Left Click at 'Cancel'
	TEXT = Compound Action =
		Move mouse to (580.5, 456.5).
		Press Mouse Button BUTTON1
		Release Mouse Button BUTTON1

ExecutedAction [44]: 
 @Action ConcreteID = AC1bk7axz803157854321 AbstractID = AA1bk7axz803157854321
 ConcreteID CUSTOM = ConcreteID CUSTOM not available AbstractID CUSTOM = AA1jwyeh37e3349611507
 @State ConcreteID = SC1settcn1d63105344497 AbstractID = SRuxvih1ba2513313992
 ConcreteID CUSTOM = SC19ijslk1d44009462576 AbstractID CUSTOM = SA1e0xkku1d417380732

	ROLE = LeftClickAt
	TARGET =
		WIDGET = WC12b45x51c517775489, WR17v7k2nb1067391859, WT1qe89j4f2180189081, WP10d1byf183180104482
		ROLE = UIAMenuItem
		TITLE = Help
		SHAPE = Rect [x:245.0 y:111.0 w:39.0 h:19.0]
		CHILDREN = 0
		PATH = [0, 3, 4]
	DESCRIPTION = Left Click at 'Help'
	TEXT = Compound Action =
		Move mouse to (264.5, 120.5).
		Press Mouse Button BUTTON1
		Release Mouse Button BUTTON1

ExecutedAction [45]: 
 @Action ConcreteID = ACh9arlc7f1547225865 AbstractID = AAh9arlc7f1547225865
 ConcreteID CUSTOM = ConcreteID CUSTOM not available AbstractID CUSTOM = AA15pm9ds80553171790
 @State ConcreteID = SC1ms7131221464402094 AbstractID = SR1p2iogu2092294951997
 ConcreteID CUSTOM = SC1b0sxwd2273235032308 AbstractID CUSTOM = SA19xk86e21f1597656056

	ROLE = LeftClickAt
	TARGET =
		WIDGET = WCdszybb1c22406618, WR17v7k2nb1067391859, WT1qeha5gf2005531835, WPk77bd1182459370466
		ROLE = UIAMenuItem
		TITLE = View
		SHAPE = Rect [x:206.0 y:111.0 w:39.0 h:19.0]
		CHILDREN = 0
		PATH = [0, 4, 3]
	DESCRIPTION = Left Click at 'View'
	TEXT = Compound Action =
		Move mouse to (225.5, 120.5).
		Press Mouse Button BUTTON1
		Release Mouse Button BUTTON1

ExecutedAction [46]: 
 @Action ConcreteID = AC7slc3r801350165776 AbstractID = AA7slc3r801350165776
 ConcreteID CUSTOM = ConcreteID CUSTOM not available AbstractID CUSTOM = AAg5cfmv7e736620178
 @State ConcreteID = SC1settcn1d63105344497 AbstractID = SRuxvih1ba2513313992
 ConcreteID CUSTOM = SC19ijslk1d44009462576 AbstractID CUSTOM = SA1e0xkku1d417380732

	ROLE = LeftClickAt
	TARGET =
		WIDGET = WCdfgprn1c4116076503, WR17v7k2nb1067391859, WT1qe6brdf138512687, WP1hwpd4x181691246414
		ROLE = UIAMenuItem
		TITLE = Edit
		SHAPE = Rect [x:120.0 y:111.0 w:34.0 h:19.0]
		CHILDREN = 0
		PATH = [0, 3, 1]
	DESCRIPTION = Left Click at 'Edit'
	TEXT = Compound Action =
		Move mouse to (137.0, 120.5).
		Press Mouse Button BUTTON1
		Release Mouse Button BUTTON1

ExecutedAction [47]: 
 @Action ConcreteID = AC1gkpoic7f3095434957 AbstractID = AA1gkpoic7f3095434957
 ConcreteID CUSTOM = ConcreteID CUSTOM not available AbstractID CUSTOM = AA91ltev7f2359471591
 @State ConcreteID = SCcsw7lh2e91545090036 AbstractID = SR1hpakru2d13589890082
 ConcreteID CUSTOM = SCgt5mzj2f23251740578 AbstractID CUSTOM = SAzdxt022e82348379560

	ROLE = LeftClickAt
	TARGET =
		WIDGET = WCcylh3u232072087158, WR17v7k2nb1067391859, WTjnn3a816964194539, WPxzzyqw1f3450305907
		ROLE = UIAMenuItem
		TITLE = Undo	Ctrl+Z
		SHAPE = Rect [x:123.0 y:133.0 w:225.0 h:22.0]
		CHILDREN = 0
		PATH = [0, 0, 0]
	DESCRIPTION = Left Click at 'Undo	Ctrl+Z'
	TEXT = Compound Action =
		Move mouse to (235.5, 144.0).
		Press Mouse Button BUTTON1
		Release Mouse Button BUTTON1

ExecutedAction [48]: 
 @Action ConcreteID = AC1rr5bvz7f2211353486 AbstractID = AA1rr5bvz7f2211353486
 ConcreteID CUSTOM = ConcreteID CUSTOM not available AbstractID CUSTOM = AAwnu5b67e1086606522
 @State ConcreteID = SCiimdkw1d43663687924 AbstractID = SRuxvih1ba2513313992
 ConcreteID CUSTOM = SC1y7rz6x1d53334159252 AbstractID CUSTOM = SA1e0xkku1d417380732

	ROLE = LeftClickAt
	TARGET =
		WIDGET = WCdsg5py1c3010804170, WR17v7k2nb1067391859, WT1qeha5gf2005531835, WPk6niro18548921330
		ROLE = UIAMenuItem
		TITLE = View
		SHAPE = Rect [x:206.0 y:111.0 w:39.0 h:19.0]
		CHILDREN = 0
		PATH = [0, 3, 3]
	DESCRIPTION = Left Click at 'View'
	TEXT = Compound Action =
		Move mouse to (225.5, 120.5).
		Press Mouse Button BUTTON1
		Release Mouse Button BUTTON1

ExecutedAction [49]: 
 @Action ConcreteID = AC1vv5ria7e4241461714 AbstractID = AA1vv5ria7e4241461714
 ConcreteID CUSTOM = ConcreteID CUSTOM not available AbstractID CUSTOM = AA1aogq1w803943633287
 @State ConcreteID = SCo04ef420a137227546 AbstractID = SRhdom0g1f51351705365
 ConcreteID CUSTOM = SClacakm2102928950599 AbstractID CUSTOM = SA1odsafd20b3326211211

	ROLE = LeftClickAt
	TARGET =
		WIDGET = WCudxb541c3405482637, WR17v7k2nb1067391859, WT1qejys2f1046425153, WPwz8jna183953042271
		ROLE = UIAMenuItem
		TITLE = Zoom
		SHAPE = Rect [x:209.0 y:133.0 w:136.0 h:22.0]
		CHILDREN = 0
		PATH = [0, 0, 0]
	DESCRIPTION = Left Click at 'Zoom'
	TEXT = Compound Action =
		Move mouse to (277.0, 144.0).
		Press Mouse Button BUTTON1
		Release Mouse Button BUTTON1

ExecutedAction [50]: 
 @Action ConcreteID = ACyt0rm7f1001807052 AbstractID = AAyt0rm7f1001807052
 ConcreteID CUSTOM = ConcreteID CUSTOM not available AbstractID CUSTOM = AA7pb3fb7f353373825
 @State ConcreteID = SC1hlcg0325e570172226 AbstractID = SRn16q6n244566666292
 ConcreteID CUSTOM = SCkkqb882603463517581 AbstractID CUSTOM = SAt0c55r2561254656356

	ROLE = LeftClickAt
	TARGET =
		WIDGET = WCueh3qh1c4154172221, WR17v7k2nb1067391859, WT1qejys2f1046425153, WPwzsc8n183607005935
		ROLE = UIAMenuItem
		TITLE = Zoom
		SHAPE = Rect [x:209.0 y:133.0 w:136.0 h:22.0]
		CHILDREN = 0
		PATH = [0, 1, 0]
	DESCRIPTION = Left Click at 'Zoom'
	TEXT = Compound Action =
		Move mouse to (277.0, 144.0).
		Press Mouse Button BUTTON1
		Release Mouse Button BUTTON1

ExecutedAction [51]: 
 @Action ConcreteID = ACpu8uci7f2096498493 AbstractID = AApu8uci7f2096498493
 ConcreteID CUSTOM = ConcreteID CUSTOM not available AbstractID CUSTOM = AAwkqx077f1380996464
 @State ConcreteID = SC1hlcg0325e570172226 AbstractID = SRn16q6n244566666292
 ConcreteID CUSTOM = SCkkqb882603463517581 AbstractID CUSTOM = SAt0c55r2561254656356

	ROLE = LeftClickAt
	TARGET =
		WIDGET = WC12c7r3v1c2442941729, WR17v7k2nb1067391859, WT1qe89j4f2180189081, WP10e4x5518852262530
		ROLE = UIAMenuItem
		TITLE = Help
		SHAPE = Rect [x:245.0 y:111.0 w:39.0 h:19.0]
		CHILDREN = 0
		PATH = [0, 5, 4]
	DESCRIPTION = Left Click at 'Help'
	TEXT = Compound Action =
		Move mouse to (264.5, 120.5).
		Press Mouse Button BUTTON1
		Release Mouse Button BUTTON1

ExecutedAction [52]: 
 @Action ConcreteID = ACnw6tuc7f3061587042 AbstractID = AAnw6tuc7f3061587042
 ConcreteID CUSTOM = ConcreteID CUSTOM not available AbstractID CUSTOM = AA1rtzp8n7e1970717526
 @State ConcreteID = SCiimdkw1d43663687924 AbstractID = SRuxvih1ba2513313992
 ConcreteID CUSTOM = SC1y7rz6x1d53334159252 AbstractID CUSTOM = SA1e0xkku1d417380732

	ROLE = LeftClickAt
	TARGET =
		WIDGET = WC1fqsh0i1c2124881114, WR17v7k2nb1067391859, WT1qe72ijf99311909, WPjboygg183884664251
		ROLE = UIAMenuItem
		TITLE = File
		SHAPE = Rect [x:88.0 y:111.0 w:32.0 h:19.0]
		CHILDREN = 0
		PATH = [0, 3, 0]
	DESCRIPTION = Left Click at 'File'
	TEXT = Compound Action =
		Move mouse to (104.0, 120.5).
		Press Mouse Button BUTTON1
		Release Mouse Button BUTTON1

ExecutedAction [53]: 
 @Action ConcreteID = AC1ve0yl801418384990 AbstractID = AA1ve0yl801418384990
 ConcreteID CUSTOM = ConcreteID CUSTOM not available AbstractID CUSTOM = AAbrfavp7f1884943328
 @State ConcreteID = SC1r1qdl02893778512277 AbstractID = SRml6io426d3670816528
 ConcreteID CUSTOM = SC1wjk9k128b2885859027 AbstractID CUSTOM = SAbduj6h2823690180780

	ROLE = LeftClickAt
	TARGET =
		WIDGET = WCdg0id01c1198951367, WR17v7k2nb1067391859, WT1qe6brdf138512687, WP1hx95qa183605955422
		ROLE = UIAMenuItem
		TITLE = Edit
		SHAPE = Rect [x:120.0 y:111.0 w:34.0 h:19.0]
		CHILDREN = 0
		PATH = [0, 4, 1]
	DESCRIPTION = Left Click at 'Edit'
	TEXT = Compound Action =
		Move mouse to (137.0, 120.5).
		Press Mouse Button BUTTON1
		Release Mouse Button BUTTON1

ExecutedAction [54]: 
 @Action ConcreteID = ACfz5j2s7f78503111 AbstractID = AAfz5j2s7f78503111
 ConcreteID CUSTOM = ConcreteID CUSTOM not available AbstractID CUSTOM = AA1jwyeh37e3349611507
 @State ConcreteID = SCiimdkw1d43663687924 AbstractID = SRuxvih1ba2513313992
 ConcreteID CUSTOM = SC1y7rz6x1d53334159252 AbstractID CUSTOM = SA1e0xkku1d417380732

	ROLE = LeftClickAt
	TARGET =
		WIDGET = WC12b45x51c517775489, WR17v7k2nb1067391859, WT1qe89j4f2180189081, WP10d1byf183180104482
		ROLE = UIAMenuItem
		TITLE = Help
		SHAPE = Rect [x:245.0 y:111.0 w:39.0 h:19.0]
		CHILDREN = 0
		PATH = [0, 3, 4]
	DESCRIPTION = Left Click at 'Help'
	TEXT = Compound Action =
		Move mouse to (264.5, 120.5).
		Press Mouse Button BUTTON1
		Release Mouse Button BUTTON1

ExecutedAction [55]: 
 @Action ConcreteID = ACm3h2rd803140627511 AbstractID = AAm3h2rd803140627511
 ConcreteID CUSTOM = ConcreteID CUSTOM not available AbstractID CUSTOM = AAgsne7l803436723018
 @State ConcreteID = SC1plfnv92203899007612 AbstractID = SR1p2iogu2092294951997
 ConcreteID CUSTOM = SC2hkqc12262754025798 AbstractID CUSTOM = SA19xk86e21f1597656056

	ROLE = LeftClickAt
	TARGET =
		WIDGET = WC3sa13a1e2180180431, WR17v7k2nb1067391859, WTaz2n92112307194186, WPac53v81a2296708173
		ROLE = UIAMenuItem
		TITLE = Format
		SHAPE = Rect [x:154.0 y:111.0 w:52.0 h:19.0]
		CHILDREN = 0
		PATH = [0, 4, 2]
	DESCRIPTION = Left Click at 'Format'
	TEXT = Compound Action =
		Move mouse to (180.0, 120.5).
		Press Mouse Button BUTTON1
		Release Mouse Button BUTTON1

ExecutedAction [56]: 
 @Action ConcreteID = AC1rr5bvz7f2211353486 AbstractID = AA1rr5bvz7f2211353486
 ConcreteID CUSTOM = ConcreteID CUSTOM not available AbstractID CUSTOM = AAwnu5b67e1086606522
 @State ConcreteID = SCiimdkw1d43663687924 AbstractID = SRuxvih1ba2513313992
 ConcreteID CUSTOM = SC1y7rz6x1d53334159252 AbstractID CUSTOM = SA1e0xkku1d417380732

	ROLE = LeftClickAt
	TARGET =
		WIDGET = WCdsg5py1c3010804170, WR17v7k2nb1067391859, WT1qeha5gf2005531835, WPk6niro18548921330
		ROLE = UIAMenuItem
		TITLE = View
		SHAPE = Rect [x:206.0 y:111.0 w:39.0 h:19.0]
		CHILDREN = 0
		PATH = [0, 3, 3]
	DESCRIPTION = Left Click at 'View'
	TEXT = Compound Action =
		Move mouse to (225.5, 120.5).
		Press Mouse Button BUTTON1
		Release Mouse Button BUTTON1

ExecutedAction [57]: 
 @Action ConcreteID = AC18kigr27e3503031662 AbstractID = AA18kigr27e3503031662
 ConcreteID CUSTOM = ConcreteID CUSTOM not available AbstractID CUSTOM = AAndtfao803339486523
 @State ConcreteID = SCo04ef420a137227546 AbstractID = SRhdom0g1f51351705365
 ConcreteID CUSTOM = SClacakm2102928950599 AbstractID CUSTOM = SA1odsafd20b3326211211

	ROLE = LeftClickAt
	TARGET =
		WIDGET = WC3sa13a1e2180180431, WR17v7k2nb1067391859, WTaz2n92112307194186, WPac53v81a2296708173
		ROLE = UIAMenuItem
		TITLE = Format
		SHAPE = Rect [x:154.0 y:111.0 w:52.0 h:19.0]
		CHILDREN = 0
		PATH = [0, 4, 2]
	DESCRIPTION = Left Click at 'Format'
	TEXT = Compound Action =
		Move mouse to (180.0, 120.5).
		Press Mouse Button BUTTON1
		Release Mouse Button BUTTON1

ExecutedAction [58]: 
 @Action ConcreteID = AC12u6gps7f1877873546 AbstractID = AA12u6gps7f1877873546
 ConcreteID CUSTOM = ConcreteID CUSTOM not available AbstractID CUSTOM = AA7qva4z7e2900675774
 @State ConcreteID = SCiimdkw1d43663687924 AbstractID = SRuxvih1ba2513313992
 ConcreteID CUSTOM = SC1y7rz6x1d53334159252 AbstractID CUSTOM = SA1e0xkku1d417380732

	ROLE = LeftClickAt
	TARGET =
		WIDGET = WC3rq8hx1e869414367, WR17v7k2nb1067391859, WTaz2n92112307194186, WPablb9v1a985931869
		ROLE = UIAMenuItem
		TITLE = Format
		SHAPE = Rect [x:154.0 y:111.0 w:52.0 h:19.0]
		CHILDREN = 0
		PATH = [0, 3, 2]
	DESCRIPTION = Left Click at 'Format'
	TEXT = Compound Action =
		Move mouse to (180.0, 120.5).
		Press Mouse Button BUTTON1
		Release Mouse Button BUTTON1

ExecutedAction [59]: 
 @Action ConcreteID = AChdf3fc803358133040 AbstractID = AAhdf3fc803358133040
 ConcreteID CUSTOM = ConcreteID CUSTOM not available AbstractID CUSTOM = AAvsaksk801074767639
 @State ConcreteID = SC1jlbou620c1345467710 AbstractID = SRhdom0g1f51351705365
 ConcreteID CUSTOM = SCuy2ovw2114023651116 AbstractID CUSTOM = SA1odsafd20b3326211211

	ROLE = LeftClickAt
	TARGET =
		WIDGET = WCdg0id01c1198951367, WR17v7k2nb1067391859, WT1qe6brdf138512687, WP1hx95qa183605955422
		ROLE = UIAMenuItem
		TITLE = Edit
		SHAPE = Rect [x:120.0 y:111.0 w:34.0 h:19.0]
		CHILDREN = 0
		PATH = [0, 4, 1]
	DESCRIPTION = Left Click at 'Edit'
	TEXT = Compound Action =
		Move mouse to (137.0, 120.5).
		Press Mouse Button BUTTON1
		Release Mouse Button BUTTON1

ExecutedAction [60]: 
 @Action ConcreteID = ACfz5j2s7f78503111 AbstractID = AAfz5j2s7f78503111
 ConcreteID CUSTOM = ConcreteID CUSTOM not available AbstractID CUSTOM = AA1jwyeh37e3349611507
 @State ConcreteID = SCiimdkw1d43663687924 AbstractID = SRuxvih1ba2513313992
 ConcreteID CUSTOM = SC1y7rz6x1d53334159252 AbstractID CUSTOM = SA1e0xkku1d417380732

	ROLE = LeftClickAt
	TARGET =
		WIDGET = WC12b45x51c517775489, WR17v7k2nb1067391859, WT1qe89j4f2180189081, WP10d1byf183180104482
		ROLE = UIAMenuItem
		TITLE = Help
		SHAPE = Rect [x:245.0 y:111.0 w:39.0 h:19.0]
		CHILDREN = 0
		PATH = [0, 3, 4]
	DESCRIPTION = Left Click at 'Help'
	TEXT = Compound Action =
		Move mouse to (264.5, 120.5).
		Press Mouse Button BUTTON1
		Release Mouse Button BUTTON1

ExecutedAction [61]: 
 @Action ConcreteID = AC1co1lii803344206326 AbstractID = AA1co1lii803344206326
 ConcreteID CUSTOM = ConcreteID CUSTOM not available AbstractID CUSTOM = AA17d7wyq802965282443
 @State ConcreteID = SC1plfnv92203899007612 AbstractID = SR1p2iogu2092294951997
 ConcreteID CUSTOM = SC2hkqc12262754025798 AbstractID CUSTOM = SA19xk86e21f1597656056

	ROLE = LeftClickAt
	TARGET =
		WIDGET = WC2sd5c9251817436895, WR17v7k2nb1067391859, WT1wv077z18170180715, WP1v116zb21698957785
		ROLE = UIAMenuItem
		TITLE = About Notepad
		SHAPE = Rect [x:248.0 y:184.0 w:166.0 h:22.0]
		CHILDREN = 0
		PATH = [0, 0, 2]
	DESCRIPTION = Left Click at 'About Notepad'
	TEXT = Compound Action =
		Move mouse to (331.0, 195.0).
		Press Mouse Button BUTTON1
		Release Mouse Button BUTTON1

ExecutedAction [62]: 
 @Action ConcreteID = AC95z1wy7f256333324 AbstractID = AA95z1wy7f256333324
 ConcreteID CUSTOM = ConcreteID CUSTOM not available AbstractID CUSTOM = AAddb9277d3709592361
 @State ConcreteID = SC1t31og2d82322315342 AbstractID = SR9z8pzo2ae1627457717
 ConcreteID CUSTOM = SCjtugws2d72839130842 AbstractID CUSTOM = SAanktvk2d643465284

	ROLE = LeftClickAt
	TARGET =
		WIDGET = WC15twxtj183412041097, WR1h6ibpb92248851252, WTzj707vb935461581, WPaxrmo5142767186721
		ROLE = UIAButton
		TITLE = OK
		SHAPE = Rect [x:501.0 y:553.0 w:75.0 h:23.0]
		CHILDREN = 0
		PATH = [0, 0, 8]
	DESCRIPTION = Left Click at 'OK'
	TEXT = Compound Action =
		Move mouse to (538.5, 564.5).
		Press Mouse Button BUTTON1
		Release Mouse Button BUTTON1

ExecutedAction [63]: 
 @Action ConcreteID = ACnw6tuc7f3061587042 AbstractID = AAnw6tuc7f3061587042
 ConcreteID CUSTOM = ConcreteID CUSTOM not available AbstractID CUSTOM = AA1rtzp8n7e1970717526
 @State ConcreteID = SCiimdkw1d43663687924 AbstractID = SRuxvih1ba2513313992
 ConcreteID CUSTOM = SC1y7rz6x1d53334159252 AbstractID CUSTOM = SA1e0xkku1d417380732

	ROLE = LeftClickAt
	TARGET =
		WIDGET = WC1fqsh0i1c2124881114, WR17v7k2nb1067391859, WT1qe72ijf99311909, WPjboygg183884664251
		ROLE = UIAMenuItem
		TITLE = File
		SHAPE = Rect [x:88.0 y:111.0 w:32.0 h:19.0]
		CHILDREN = 0
		PATH = [0, 3, 0]
	DESCRIPTION = Left Click at 'File'
	TEXT = Compound Action =
		Move mouse to (104.0, 120.5).
		Press Mouse Button BUTTON1
		Release Mouse Button BUTTON1

ExecutedAction [64]: 
 @Action ConcreteID = AC15mzzst803100261183 AbstractID = AA15mzzst803100261183
 ConcreteID CUSTOM = ConcreteID CUSTOM not available AbstractID CUSTOM = AA1fj19px7f2618891905
 @State ConcreteID = SC1r1qdl02893778512277 AbstractID = SRml6io426d3670816528
 ConcreteID CUSTOM = SC1wjk9k128b2885859027 AbstractID CUSTOM = SAbduj6h2823690180780

	ROLE = LeftClickAt
	TARGET =
		WIDGET = WC12bnyii1c2902228113, WR17v7k2nb1067391859, WT1qe89j4f2180189081, WP10dl4js18262952754
		ROLE = UIAMenuItem
		TITLE = Help
		SHAPE = Rect [x:245.0 y:111.0 w:39.0 h:19.0]
		CHILDREN = 0
		PATH = [0, 4, 4]
	DESCRIPTION = Left Click at 'Help'
	TEXT = Compound Action =
		Move mouse to (264.5, 120.5).
		Press Mouse Button BUTTON1
		Release Mouse Button BUTTON1

ExecutedAction [65]: 
 @Action ConcreteID = ACnw6tuc7f3061587042 AbstractID = AAnw6tuc7f3061587042
 ConcreteID CUSTOM = ConcreteID CUSTOM not available AbstractID CUSTOM = AA1rtzp8n7e1970717526
 @State ConcreteID = SCiimdkw1d43663687924 AbstractID = SRuxvih1ba2513313992
 ConcreteID CUSTOM = SC1y7rz6x1d53334159252 AbstractID CUSTOM = SA1e0xkku1d417380732

	ROLE = LeftClickAt
	TARGET =
		WIDGET = WC1fqsh0i1c2124881114, WR17v7k2nb1067391859, WT1qe72ijf99311909, WPjboygg183884664251
		ROLE = UIAMenuItem
		TITLE = File
		SHAPE = Rect [x:88.0 y:111.0 w:32.0 h:19.0]
		CHILDREN = 0
		PATH = [0, 3, 0]
	DESCRIPTION = Left Click at 'File'
	TEXT = Compound Action =
		Move mouse to (104.0, 120.5).
		Press Mouse Button BUTTON1
		Release Mouse Button BUTTON1

ExecutedAction [66]: 
 @Action ConcreteID = AC1dk1akd80169606042 AbstractID = AA1dk1akd80169606042
 ConcreteID CUSTOM = ConcreteID CUSTOM not available AbstractID CUSTOM = AA1ng2khh7f784916004
 @State ConcreteID = SC1r1qdl02893778512277 AbstractID = SRml6io426d3670816528
 ConcreteID CUSTOM = SC1wjk9k128b2885859027 AbstractID CUSTOM = SAbduj6h2823690180780

	ROLE = LeftClickAt
	TARGET =
		WIDGET = WC1frc9lv1c3431448778, WR17v7k2nb1067391859, WT1qe72ijf99311909, WPjc8r1t181437309355
		ROLE = UIAMenuItem
		TITLE = File
		SHAPE = Rect [x:88.0 y:111.0 w:32.0 h:19.0]
		CHILDREN = 0
		PATH = [0, 4, 0]
	DESCRIPTION = Left Click at 'File'
	TEXT = Compound Action =
		Move mouse to (104.0, 120.5).
		Press Mouse Button BUTTON1
		Release Mouse Button BUTTON1

ExecutedAction [67]: 
 @Action ConcreteID = AC1b8nm7o7f3907858854 AbstractID = AA1b8nm7o7f3907858854
 ConcreteID CUSTOM = ConcreteID CUSTOM not available AbstractID CUSTOM = AAg5cfmv7e736620178
 @State ConcreteID = SCiimdkw1d43663687924 AbstractID = SRuxvih1ba2513313992
 ConcreteID CUSTOM = SC1y7rz6x1d53334159252 AbstractID CUSTOM = SA1e0xkku1d417380732

	ROLE = LeftClickAt
	TARGET =
		WIDGET = WCdfgprn1c4116076503, WR17v7k2nb1067391859, WT1qe6brdf138512687, WP1hwpd4x181691246414
		ROLE = UIAMenuItem
		TITLE = Edit
		SHAPE = Rect [x:120.0 y:111.0 w:34.0 h:19.0]
		CHILDREN = 0
		PATH = [0, 3, 1]
	DESCRIPTION = Left Click at 'Edit'
	TEXT = Compound Action =
		Move mouse to (137.0, 120.5).
		Press Mouse Button BUTTON1
		Release Mouse Button BUTTON1

ExecutedAction [68]: 
 @Action ConcreteID = ACdm5ika7f3877470737 AbstractID = AAdm5ika7f3877470737
 ConcreteID CUSTOM = ConcreteID CUSTOM not available AbstractID CUSTOM = AA1tj5lj8801437577945
 @State ConcreteID = SC2gfqmt2eb3908894684 AbstractID = SR1hpakru2d13589890082
 ConcreteID CUSTOM = SC63gr9r2f12087012615 AbstractID CUSTOM = SA1p53n8i2e63525839526

	ROLE = LeftClickAt
	TARGET =
		WIDGET = WCice4m8232650350090, WR17v7k2nb1067391859, WT1iobjiw163211433548, WPtbt1ny1f37987856
		ROLE = UIAMenuItem
		TITLE = Copy	Ctrl+C
		SHAPE = Rect [x:123.0 y:184.0 w:225.0 h:22.0]
		CHILDREN = 0
		PATH = [0, 0, 2]
	DESCRIPTION = Left Click at 'Copy	Ctrl+C'
	TEXT = Compound Action =
		Move mouse to (235.5, 195.0).
		Press Mouse Button BUTTON1
		Release Mouse Button BUTTON1

ExecutedAction [69]: 
 @Action ConcreteID = ACfz5j2s7f78503111 AbstractID = AAfz5j2s7f78503111
 ConcreteID CUSTOM = ConcreteID CUSTOM not available AbstractID CUSTOM = AA1jwyeh37e3349611507
 @State ConcreteID = SCiimdkw1d43663687924 AbstractID = SRuxvih1ba2513313992
 ConcreteID CUSTOM = SC1y7rz6x1d53334159252 AbstractID CUSTOM = SA1e0xkku1d417380732

	ROLE = LeftClickAt
	TARGET =
		WIDGET = WC12b45x51c517775489, WR17v7k2nb1067391859, WT1qe89j4f2180189081, WP10d1byf183180104482
		ROLE = UIAMenuItem
		TITLE = Help
		SHAPE = Rect [x:245.0 y:111.0 w:39.0 h:19.0]
		CHILDREN = 0
		PATH = [0, 3, 4]
	DESCRIPTION = Left Click at 'Help'
	TEXT = Compound Action =
		Move mouse to (264.5, 120.5).
		Press Mouse Button BUTTON1
		Release Mouse Button BUTTON1

ExecutedAction [70]: 
 @Action ConcreteID = AC75hfvx801654662111 AbstractID = AA75hfvx801654662111
 ConcreteID CUSTOM = ConcreteID CUSTOM not available AbstractID CUSTOM = AA1unrc580357184674
 @State ConcreteID = SC1plfnv92203899007612 AbstractID = SR1p2iogu2092294951997
 ConcreteID CUSTOM = SC2hkqc12262754025798 AbstractID CUSTOM = SA19xk86e21f1597656056

	ROLE = LeftClickAt
	TARGET =
		WIDGET = WC1frc9lv1c3431448778, WR17v7k2nb1067391859, WT1qe72ijf99311909, WPjc8r1t181437309355
		ROLE = UIAMenuItem
		TITLE = File
		SHAPE = Rect [x:88.0 y:111.0 w:32.0 h:19.0]
		CHILDREN = 0
		PATH = [0, 4, 0]
	DESCRIPTION = Left Click at 'File'
	TEXT = Compound Action =
		Move mouse to (104.0, 120.5).
		Press Mouse Button BUTTON1
		Release Mouse Button BUTTON1

ExecutedAction [71]: 
 @Action ConcreteID = AC1rr5bvz7f2211353486 AbstractID = AA1rr5bvz7f2211353486
 ConcreteID CUSTOM = ConcreteID CUSTOM not available AbstractID CUSTOM = AAwnu5b67e1086606522
 @State ConcreteID = SCiimdkw1d43663687924 AbstractID = SRuxvih1ba2513313992
 ConcreteID CUSTOM = SC1y7rz6x1d53334159252 AbstractID CUSTOM = SA1e0xkku1d417380732

	ROLE = LeftClickAt
	TARGET =
		WIDGET = WCdsg5py1c3010804170, WR17v7k2nb1067391859, WT1qeha5gf2005531835, WPk6niro18548921330
		ROLE = UIAMenuItem
		TITLE = View
		SHAPE = Rect [x:206.0 y:111.0 w:39.0 h:19.0]
		CHILDREN = 0
		PATH = [0, 3, 3]
	DESCRIPTION = Left Click at 'View'
	TEXT = Compound Action =
		Move mouse to (225.5, 120.5).
		Press Mouse Button BUTTON1
		Release Mouse Button BUTTON1

ExecutedAction [72]: 
 @Action ConcreteID = AC1xhhbx97e1022133610 AbstractID = AA1xhhbx97e1022133610
 ConcreteID CUSTOM = ConcreteID CUSTOM not available AbstractID CUSTOM = AA1casagv80724305215
 @State ConcreteID = SCo04ef420a137227546 AbstractID = SRhdom0g1f51351705365
 ConcreteID CUSTOM = SClacakm2102928950599 AbstractID CUSTOM = SA1odsafd20b3326211211

	ROLE = LeftClickAt
	TARGET =
		WIDGET = WCdszybb1c22406618, WR17v7k2nb1067391859, WT1qeha5gf2005531835, WPk77bd1182459370466
		ROLE = UIAMenuItem
		TITLE = View
		SHAPE = Rect [x:206.0 y:111.0 w:39.0 h:19.0]
		CHILDREN = 0
		PATH = [0, 4, 3]
	DESCRIPTION = Left Click at 'View'
	TEXT = Compound Action =
		Move mouse to (225.5, 120.5).
		Press Mouse Button BUTTON1
		Release Mouse Button BUTTON1

ExecutedAction [73]: 
 @Action ConcreteID = AC1rr5bvz7f2211353486 AbstractID = AA1rr5bvz7f2211353486
 ConcreteID CUSTOM = ConcreteID CUSTOM not available AbstractID CUSTOM = AAwnu5b67e1086606522
 @State ConcreteID = SCiimdkw1d43663687924 AbstractID = SRuxvih1ba2513313992
 ConcreteID CUSTOM = SC1y7rz6x1d53334159252 AbstractID CUSTOM = SA1e0xkku1d417380732

	ROLE = LeftClickAt
	TARGET =
		WIDGET = WCdsg5py1c3010804170, WR17v7k2nb1067391859, WT1qeha5gf2005531835, WPk6niro18548921330
		ROLE = UIAMenuItem
		TITLE = View
		SHAPE = Rect [x:206.0 y:111.0 w:39.0 h:19.0]
		CHILDREN = 0
		PATH = [0, 3, 3]
	DESCRIPTION = Left Click at 'View'
	TEXT = Compound Action =
		Move mouse to (225.5, 120.5).
		Press Mouse Button BUTTON1
		Release Mouse Button BUTTON1

ExecutedAction [74]: 
 @Action ConcreteID = ACtmitvm7e157158022 AbstractID = AAtmitvm7e157158022
 ConcreteID CUSTOM = ConcreteID CUSTOM not available AbstractID CUSTOM = AA8ftsf880513706707
 @State ConcreteID = SCo04ef420a137227546 AbstractID = SRhdom0g1f51351705365
 ConcreteID CUSTOM = SClacakm2102928950599 AbstractID CUSTOM = SA1odsafd20b3326211211

	ROLE = LeftClickAt
	TARGET =
		WIDGET = WC1frc9lv1c3431448778, WR17v7k2nb1067391859, WT1qe72ijf99311909, WPjc8r1t181437309355
		ROLE = UIAMenuItem
		TITLE = File
		SHAPE = Rect [x:88.0 y:111.0 w:32.0 h:19.0]
		CHILDREN = 0
		PATH = [0, 4, 0]
	DESCRIPTION = Left Click at 'File'
	TEXT = Compound Action =
		Move mouse to (104.0, 120.5).
		Press Mouse Button BUTTON1
		Release Mouse Button BUTTON1

ExecutedAction [75]: 
 @Action ConcreteID = AC1rr5bvz7f2211353486 AbstractID = AA1rr5bvz7f2211353486
 ConcreteID CUSTOM = ConcreteID CUSTOM not available AbstractID CUSTOM = AAwnu5b67e1086606522
 @State ConcreteID = SCiimdkw1d43663687924 AbstractID = SRuxvih1ba2513313992
 ConcreteID CUSTOM = SC1y7rz6x1d53334159252 AbstractID CUSTOM = SA1e0xkku1d417380732

	ROLE = LeftClickAt
	TARGET =
		WIDGET = WCdsg5py1c3010804170, WR17v7k2nb1067391859, WT1qeha5gf2005531835, WPk6niro18548921330
		ROLE = UIAMenuItem
		TITLE = View
		SHAPE = Rect [x:206.0 y:111.0 w:39.0 h:19.0]
		CHILDREN = 0
		PATH = [0, 3, 3]
	DESCRIPTION = Left Click at 'View'
	TEXT = Compound Action =
		Move mouse to (225.5, 120.5).
		Press Mouse Button BUTTON1
		Release Mouse Button BUTTON1

ExecutedAction [76]: 
 @Action ConcreteID = AC1vv5ria7e4241461714 AbstractID = AA1vv5ria7e4241461714
 ConcreteID CUSTOM = ConcreteID CUSTOM not available AbstractID CUSTOM = AA1aogq1w803943633287
 @State ConcreteID = SCo04ef420a137227546 AbstractID = SRhdom0g1f51351705365
 ConcreteID CUSTOM = SClacakm2102928950599 AbstractID CUSTOM = SA1odsafd20b3326211211

	ROLE = LeftClickAt
	TARGET =
		WIDGET = WCudxb541c3405482637, WR17v7k2nb1067391859, WT1qejys2f1046425153, WPwz8jna183953042271
		ROLE = UIAMenuItem
		TITLE = Zoom
		SHAPE = Rect [x:209.0 y:133.0 w:136.0 h:22.0]
		CHILDREN = 0
		PATH = [0, 0, 0]
	DESCRIPTION = Left Click at 'Zoom'
	TEXT = Compound Action =
		Move mouse to (277.0, 144.0).
		Press Mouse Button BUTTON1
		Release Mouse Button BUTTON1

ExecutedAction [77]: 
 @Action ConcreteID = AC1s70zmq7f1607193631 AbstractID = AA1s70zmq7f1607193631
 ConcreteID CUSTOM = ConcreteID CUSTOM not available AbstractID CUSTOM = AA1yxj2af7f1903003218
 @State ConcreteID = SC1hlcg0325e570172226 AbstractID = SRn16q6n244566666292
 ConcreteID CUSTOM = SCkkqb882603463517581 AbstractID CUSTOM = SAt0c55r2561254656356

	ROLE = LeftClickAt
	TARGET =
		WIDGET = WC6pwmvq223753194329, WR17v7k2nb1067391859, WT1mzygsk152008856611, WPp481b81e1317030100
		ROLE = UIAMenuItem
		TITLE = Status Bar
		SHAPE = Rect [x:209.0 y:155.0 w:136.0 h:22.0]
		CHILDREN = 0
		PATH = [0, 1, 1]
	DESCRIPTION = Left Click at 'Status Bar'
	TEXT = Compound Action =
		Move mouse to (277.0, 166.0).
		Press Mouse Button BUTTON1
		Release Mouse Button BUTTON1

ExecutedAction [78]: 
 @Action ConcreteID = AC1rgnn7ve4661048754 AbstractID = AAvofqud43064705093
 ConcreteID CUSTOM = ConcreteID CUSTOM not available AbstractID CUSTOM = AA86kbt1d43828184544
 @State ConcreteID = SCr3vbv41563087244712 AbstractID = SR1nd9x6414e2307877123
 ConcreteID CUSTOM = SC1qy9bed1572457431732 AbstractID CUSTOM = SAy1qna91502839197419

	ROLE = ClickTypeInto
	TARGET =
		WIDGET = WCh9rmb11c1827454063, WR4n0dlj72701565195, WTei4yvd121088706799, WP1p79f6n182825509439
		ROLE = UIAEdit
		TITLE = Text Editor
		SHAPE = Rect [x:88.0 y:131.0 w:1227.0 h:435.0]
		CHILDREN = 1
		PATH = [0, 0]
	DESCRIPTION = Type '1.000,00' into 'Text Editor
	TEXT = Compound Action =
		Compound Action =
		Move mouse to (701.5, 348.5).
		Press Mouse Button BUTTON1
		Release Mouse Button BUTTON1
		Press Key 17
		Press Key 65
		Release Key 65
		Release Key 17
		Type text '1.000,00'

ExecutedAction [79]: 
 @Action ConcreteID = AC121wgwp7f3547355464 AbstractID = AA121wgwp7f3547355464
 ConcreteID CUSTOM = ConcreteID CUSTOM not available AbstractID CUSTOM = AAjroi7e7f981640550
 @State ConcreteID = SCr3vbv41563087244712 AbstractID = SR1nd9x6414e2307877123
 ConcreteID CUSTOM = SC1qy9bed1572457431732 AbstractID CUSTOM = SAy1qna91502839197419

	ROLE = LeftClickAt
	TARGET =
		WIDGET = WC1fq8of51c1137128810, WR17v7k2nb1067391859, WT1qe72ijf99311909, WPjb55v3183672861707
		ROLE = UIAMenuItem
		TITLE = File
		SHAPE = Rect [x:88.0 y:111.0 w:32.0 h:19.0]
		CHILDREN = 0
		PATH = [0, 2, 0]
	DESCRIPTION = Left Click at 'File'
	TEXT = Compound Action =
		Move mouse to (104.0, 120.5).
		Press Mouse Button BUTTON1
		Release Mouse Button BUTTON1

ExecutedAction [80]: 
 @Action ConcreteID = ACnxfvm9802939829413 AbstractID = AAnxfvm9802939829413
 ConcreteID CUSTOM = ConcreteID CUSTOM not available AbstractID CUSTOM = AAvkwu3f803796030615
 @State ConcreteID = SC16k9dws2114212506609 AbstractID = SRpxiehz2013271227716
 ConcreteID CUSTOM = SC197q2x62133307086938 AbstractID CUSTOM = SA1kl1tjl20c2814643530

	ROLE = LeftClickAt
	TARGET =
		WIDGET = WC14xs6gq2f3779382685, WR17v7k2nb1067391859, WTts8vz223311468155, WPgc50qw2b1861849647
		ROLE = UIAMenuItem
		TITLE = New Window	Ctrl+Shift+N
		SHAPE = Rect [x:91.0 y:155.0 w:223.0 h:22.0]
		CHILDREN = 0
		PATH = [0, 0, 1]
	DESCRIPTION = Left Click at 'New Window	Ctrl+Shift+N'
	TEXT = Compound Action =
		Move mouse to (202.5, 166.0).
		Press Mouse Button BUTTON1
		Release Mouse Button BUTTON1

ExecutedAction [81]: 
 @Action ConcreteID = AC1rgvurx7f3573400355 AbstractID = AA1rgvurx7f3573400355
 ConcreteID CUSTOM = ConcreteID CUSTOM not available AbstractID CUSTOM = AA1rku89n803506093955
 @State ConcreteID = SC9h2h293253121085007 AbstractID = SR1su1rvn3084129169945
 ConcreteID CUSTOM = SChkr06132d496067835 AbstractID CUSTOM = SA1myb6663253551532035

	ROLE = LeftClickAt
	TARGET =
		WIDGET = WC3r6fwk1e246553711, WR17v7k2nb1067391859, WTaz2n92112307194186, WPab1ioi1a128190957
		ROLE = UIAMenuItem
		TITLE = Format
		SHAPE = Rect [x:154.0 y:111.0 w:52.0 h:19.0]
		CHILDREN = 0
		PATH = [0, 2, 2]
	DESCRIPTION = Left Click at 'Format'
	TEXT = Compound Action =
		Move mouse to (180.0, 120.5).
		Press Mouse Button BUTTON1
		Release Mouse Button BUTTON1

ExecutedAction [82]: 
 @Action ConcreteID = ACk79k6d11b3358250500 AbstractID = AA1dityyjd4847935992
 ConcreteID CUSTOM = ConcreteID CUSTOM not available AbstractID CUSTOM = AA1xu7qu2d42380578209
 @State ConcreteID = SCl4vfq73642552560748 AbstractID = SRt0w8yk34392373704
 ConcreteID CUSTOM = SC1kfuro53681909381169 AbstractID CUSTOM = SA16ce3fs361576358423

	ROLE = ClickTypeInto
	TARGET =
		WIDGET = WChabex91c1217897630, WR4n0dlj72701565195, WTei4yvd121088706799, WP1p7t7sv182350039758
		ROLE = UIAEdit
		TITLE = Text Editor
		SHAPE = Rect [x:88.0 y:131.0 w:1227.0 h:412.0]
		CHILDREN = 1
		PATH = [1, 1]
	DESCRIPTION = Type '<script\x0Ctype=...' into 'Text Editor
	TEXT = Compound Action =
		Compound Action =
		Move mouse to (701.5, 337.0).
		Press Mouse Button BUTTON1
		Release Mouse Button BUTTON1
		Press Key 17
		Press Key 65
		Release Key 65
		Release Key 17
		Type text '<script\x0Ctype="text/javascript">javascript:alert(1);</script>'

ExecutedAction [83]: 
 @Action ConcreteID = AC10sy6o7801294958574 AbstractID = AA10sy6o7801294958574
 ConcreteID CUSTOM = ConcreteID CUSTOM not available AbstractID CUSTOM = AAhgp1gq801020936071
 @State ConcreteID = SC1qcgo673263954081643 AbstractID = SR1su1rvn3084129169945
 ConcreteID CUSTOM = SC1jldikj32e3774606898 AbstractID CUSTOM = SA1myb6663253551532035

	ROLE = LeftClickAt
	TARGET =
		WIDGET = WC16m2ms51c2145335636, WR17v7k2nb1067391859, WT1qeha5gf2005531835, WP1d09ztv183961380716
		ROLE = UIAMenuItem
		TITLE = View
		SHAPE = Rect [x:206.0 y:111.0 w:39.0 h:19.0]
		CHILDREN = 0
		PATH = [1, 3, 3]
	DESCRIPTION = Left Click at 'View'
	TEXT = Compound Action =
		Move mouse to (225.5, 120.5).
		Press Mouse Button BUTTON1
		Release Mouse Button BUTTON1

ExecutedAction [84]: 
 @Action ConcreteID = AC1piutro803706978659 AbstractID = AA1piutro803706978659
 ConcreteID CUSTOM = ConcreteID CUSTOM not available AbstractID CUSTOM = AAnmhvlo7f743550061
 @State ConcreteID = SC19nfemh3622484481767 AbstractID = SRt0w8yk34392373704
 ConcreteID CUSTOM = SCl6k1j03663796474336 AbstractID CUSTOM = SA16ce3fs361576358423

	ROLE = LeftClickAt
	TARGET =
		WIDGET = WC3r6fwk1e246553711, WR17v7k2nb1067391859, WTaz2n92112307194186, WPab1ioi1a128190957
		ROLE = UIAMenuItem
		TITLE = Format
		SHAPE = Rect [x:154.0 y:111.0 w:52.0 h:19.0]
		CHILDREN = 0
		PATH = [0, 2, 2]
	DESCRIPTION = Left Click at 'Format'
	TEXT = Compound Action =
		Move mouse to (180.0, 120.5).
		Press Mouse Button BUTTON1
		Release Mouse Button BUTTON1

ExecutedAction [85]: 
 @Action ConcreteID = AC1vz3qlo802023616514 AbstractID = AA1vz3qlo802023616514
 ConcreteID CUSTOM = ConcreteID CUSTOM not available AbstractID CUSTOM = AA1cmule780157855851
 @State ConcreteID = SC1qcgo673263954081643 AbstractID = SR1su1rvn3084129169945
 ConcreteID CUSTOM = SC1jldikj32e3774606898 AbstractID CUSTOM = SA1myb6663253551532035

	ROLE = LeftClickAt
	TARGET =
		WIDGET = WC1fq8of51c1137128810, WR17v7k2nb1067391859, WT1qe72ijf99311909, WPjb55v3183672861707
		ROLE = UIAMenuItem
		TITLE = File
		SHAPE = Rect [x:88.0 y:111.0 w:32.0 h:19.0]
		CHILDREN = 0
		PATH = [0, 2, 0]
	DESCRIPTION = Left Click at 'File'
	TEXT = Compound Action =
		Move mouse to (104.0, 120.5).
		Press Mouse Button BUTTON1
		Release Mouse Button BUTTON1

ExecutedAction [86]: 
 @Action ConcreteID = ACuko3rz802364436444 AbstractID = AAuko3rz802364436444
 ConcreteID CUSTOM = ConcreteID CUSTOM not available AbstractID CUSTOM = AA1meaamu802566276121
 @State ConcreteID = SC1en7u283da2082750513 AbstractID = SR9agx683bb3894307186
 ConcreteID CUSTOM = SC1di2u0q3e04261192362 AbstractID CUSTOM = SA1jgvyud3d62225723536

	ROLE = LeftClickAt
	TARGET =
		WIDGET = WC12akdbs1c599558449, WR17v7k2nb1067391859, WT1qe89j4f2180189081, WP10chjd2182162991762
		ROLE = UIAMenuItem
		TITLE = Help
		SHAPE = Rect [x:245.0 y:111.0 w:39.0 h:19.0]
		CHILDREN = 0
		PATH = [0, 2, 4]
	DESCRIPTION = Left Click at 'Help'
	TEXT = Compound Action =
		Move mouse to (264.5, 120.5).
		Press Mouse Button BUTTON1
		Release Mouse Button BUTTON1

ExecutedAction [87]: 
 @Action ConcreteID = AC1o22fu4803393990823 AbstractID = AA1o22fu4803393990823
 ConcreteID CUSTOM = ConcreteID CUSTOM not available AbstractID CUSTOM = AA14ptamn803149492430
 @State ConcreteID = SC1qcgo673263954081643 AbstractID = SR1su1rvn3084129169945
 ConcreteID CUSTOM = SC1jldikj32e3774606898 AbstractID CUSTOM = SA1myb6663253551532035

	ROLE = LeftClickAt
	TARGET =
		WIDGET = WC12akdbs1c599558449, WR17v7k2nb1067391859, WT1qe89j4f2180189081, WP10chjd2182162991762
		ROLE = UIAMenuItem
		TITLE = Help
		SHAPE = Rect [x:245.0 y:111.0 w:39.0 h:19.0]
		CHILDREN = 0
		PATH = [0, 2, 4]
	DESCRIPTION = Left Click at 'Help'
	TEXT = Compound Action =
		Move mouse to (264.5, 120.5).
		Press Mouse Button BUTTON1
		Release Mouse Button BUTTON1

ExecutedAction [88]: 
 @Action ConcreteID = AC116ci247e4089258579 AbstractID = AA116ci247e4089258579
 ConcreteID CUSTOM = ConcreteID CUSTOM not available AbstractID CUSTOM = AAcriet1803692427529
 @State ConcreteID = SCykqzag379169549798 AbstractID = SR1rqdkcq3573878747147
 ConcreteID CUSTOM = SCf9gqf2379483242052 AbstractID CUSTOM = SA11sgq453741130818700

	ROLE = LeftClickAt
	TARGET =
		WIDGET = WC1fq8of51c1137128810, WR17v7k2nb1067391859, WT1qe72ijf99311909, WPjb55v3183672861707
		ROLE = UIAMenuItem
		TITLE = File
		SHAPE = Rect [x:88.0 y:111.0 w:32.0 h:19.0]
		CHILDREN = 0
		PATH = [0, 2, 0]
	DESCRIPTION = Left Click at 'File'
	TEXT = Compound Action =
		Move mouse to (104.0, 120.5).
		Press Mouse Button BUTTON1
		Release Mouse Button BUTTON1

ExecutedAction [89]: 
 @Action ConcreteID = AC1o22fu4803393990823 AbstractID = AA1o22fu4803393990823
 ConcreteID CUSTOM = ConcreteID CUSTOM not available AbstractID CUSTOM = AA14ptamn803149492430
 @State ConcreteID = SC1qcgo673263954081643 AbstractID = SR1su1rvn3084129169945
 ConcreteID CUSTOM = SC1jldikj32e3774606898 AbstractID CUSTOM = SA1myb6663253551532035

	ROLE = LeftClickAt
	TARGET =
		WIDGET = WC12akdbs1c599558449, WR17v7k2nb1067391859, WT1qe89j4f2180189081, WP10chjd2182162991762
		ROLE = UIAMenuItem
		TITLE = Help
		SHAPE = Rect [x:245.0 y:111.0 w:39.0 h:19.0]
		CHILDREN = 0
		PATH = [0, 2, 4]
	DESCRIPTION = Left Click at 'Help'
	TEXT = Compound Action =
		Move mouse to (264.5, 120.5).
		Press Mouse Button BUTTON1
		Release Mouse Button BUTTON1

ExecutedAction [90]: 
 @Action ConcreteID = ACt9b7ak7e1097655030 AbstractID = AAt9b7ak7e1097655030
 ConcreteID CUSTOM = ConcreteID CUSTOM not available AbstractID CUSTOM = AA4uh41h801858353580
 @State ConcreteID = SCykqzag379169549798 AbstractID = SR1rqdkcq3573878747147
 ConcreteID CUSTOM = SCf9gqf2379483242052 AbstractID CUSTOM = SA11sgq453741130818700

	ROLE = LeftClickAt
	TARGET =
		WIDGET = WC12akdbs1c599558449, WR17v7k2nb1067391859, WT1qe89j4f2180189081, WP10chjd2182162991762
		ROLE = UIAMenuItem
		TITLE = Help
		SHAPE = Rect [x:245.0 y:111.0 w:39.0 h:19.0]
		CHILDREN = 0
		PATH = [0, 2, 4]
	DESCRIPTION = Left Click at 'Help'
	TEXT = Compound Action =
		Move mouse to (264.5, 120.5).
		Press Mouse Button BUTTON1
		Release Mouse Button BUTTON1

ExecutedAction [91]: 
 @Action ConcreteID = AC10sy6o7801294958574 AbstractID = AA10sy6o7801294958574
 ConcreteID CUSTOM = ConcreteID CUSTOM not available AbstractID CUSTOM = AAhgp1gq801020936071
 @State ConcreteID = SC1qcgo673263954081643 AbstractID = SR1su1rvn3084129169945
 ConcreteID CUSTOM = SC1jldikj32e3774606898 AbstractID CUSTOM = SA1myb6663253551532035

	ROLE = LeftClickAt
	TARGET =
		WIDGET = WC16m2ms51c2145335636, WR17v7k2nb1067391859, WT1qeha5gf2005531835, WP1d09ztv183961380716
		ROLE = UIAMenuItem
		TITLE = View
		SHAPE = Rect [x:206.0 y:111.0 w:39.0 h:19.0]
		CHILDREN = 0
		PATH = [1, 3, 3]
	DESCRIPTION = Left Click at 'View'
	TEXT = Compound Action =
		Move mouse to (225.5, 120.5).
		Press Mouse Button BUTTON1
		Release Mouse Button BUTTON1

ExecutedAction [92]: 
 @Action ConcreteID = AC1akv6w88090574475 AbstractID = AA1akv6w88090574475
 ConcreteID CUSTOM = ConcreteID CUSTOM not available AbstractID CUSTOM = AA8oi8q87f4123239301
 @State ConcreteID = SC19nfemh3622484481767 AbstractID = SRt0w8yk34392373704
 ConcreteID CUSTOM = SCl6k1j03663796474336 AbstractID CUSTOM = SA16ce3fs361576358423

	ROLE = LeftClickAt
	TARGET =
		WIDGET = WC9juooy1c2998356, WR17v7k2nb1067391859, WT1qe72ijf99311909, WP1c5v840182567018805
		ROLE = UIAMenuItem
		TITLE = File
		SHAPE = Rect [x:88.0 y:111.0 w:32.0 h:19.0]
		CHILDREN = 0
		PATH = [1, 4, 0]
	DESCRIPTION = Left Click at 'File'
	TEXT = Compound Action =
		Move mouse to (104.0, 120.5).
		Press Mouse Button BUTTON1
		Release Mouse Button BUTTON1

ExecutedAction [93]: 
 @Action ConcreteID = AC1vz3qlo802023616514 AbstractID = AA1vz3qlo802023616514
 ConcreteID CUSTOM = ConcreteID CUSTOM not available AbstractID CUSTOM = AA1cmule780157855851
 @State ConcreteID = SC1qcgo673263954081643 AbstractID = SR1su1rvn3084129169945
 ConcreteID CUSTOM = SC1jldikj32e3774606898 AbstractID CUSTOM = SA1myb6663253551532035

	ROLE = LeftClickAt
	TARGET =
		WIDGET = WC1fq8of51c1137128810, WR17v7k2nb1067391859, WT1qe72ijf99311909, WPjb55v3183672861707
		ROLE = UIAMenuItem
		TITLE = File
		SHAPE = Rect [x:88.0 y:111.0 w:32.0 h:19.0]
		CHILDREN = 0
		PATH = [0, 2, 0]
	DESCRIPTION = Left Click at 'File'
	TEXT = Compound Action =
		Move mouse to (104.0, 120.5).
		Press Mouse Button BUTTON1
		Release Mouse Button BUTTON1

ExecutedAction [94]: 
 @Action ConcreteID = AC1hfp1ez803886915729 AbstractID = AA1hfp1ez803886915729
 ConcreteID CUSTOM = ConcreteID CUSTOM not available AbstractID CUSTOM = AAa876aq804088761172
 @State ConcreteID = SC1en7u283da2082750513 AbstractID = SR9agx683bb3894307186
 ConcreteID CUSTOM = SC1di2u0q3e04261192362 AbstractID CUSTOM = SA1jgvyud3d62225723536

	ROLE = LeftClickAt
	TARGET =
		WIDGET = WCwlwi5h1e1297672529, WR17v7k2nb1067391859, WTaz2n92112307194186, WP135rkxf1a1146027219
		ROLE = UIAMenuItem
		TITLE = Format
		SHAPE = Rect [x:154.0 y:111.0 w:52.0 h:19.0]
		CHILDREN = 0
		PATH = [1, 4, 2]
	DESCRIPTION = Left Click at 'Format'
	TEXT = Compound Action =
		Move mouse to (180.0, 120.5).
		Press Mouse Button BUTTON1
		Release Mouse Button BUTTON1

ExecutedAction [95]: 
 @Action ConcreteID = ACkaggzw80638377414 AbstractID = AAkaggzw80638377414
 ConcreteID CUSTOM = ConcreteID CUSTOM not available AbstractID CUSTOM = AAy7bsf801475976623
 @State ConcreteID = SC1qcgo673263954081643 AbstractID = SR1su1rvn3084129169945
 ConcreteID CUSTOM = SC1jldikj32e3774606898 AbstractID CUSTOM = SA1myb6663253551532035

	ROLE = LeftClickAt
	TARGET =
		WIDGET = WC16936tu1c972838729, WR17v7k2nb1067391859, WT1qe6brdf138512687, WPbp7s80182825150416
		ROLE = UIAMenuItem
		TITLE = Edit
		SHAPE = Rect [x:120.0 y:111.0 w:34.0 h:19.0]
		CHILDREN = 0
		PATH = [1, 3, 1]
	DESCRIPTION = Left Click at 'Edit'
	TEXT = Compound Action =
		Move mouse to (137.0, 120.5).
		Press Mouse Button BUTTON1
		Release Mouse Button BUTTON1

ExecutedAction [96]: 
 @Action ConcreteID = AC1haeppc7f161948814 AbstractID = AA1haeppc7f161948814
 ConcreteID CUSTOM = ConcreteID CUSTOM not available AbstractID CUSTOM = AA16r12em80560896664
 @State ConcreteID = SC1j28tg5445947065203 AbstractID = SR9i33iu41f3952655580
 ConcreteID CUSTOM = SCflnhcn4472347053704 AbstractID CUSTOM = SA1beez4343c3412245753

	ROLE = LeftClickAt
	TARGET =
		WIDGET = WCdewx6a1c3359014503, WR17v7k2nb1067391859, WT1qe6brdf138512687, WP1hw5kjk181504605950
		ROLE = UIAMenuItem
		TITLE = Edit
		SHAPE = Rect [x:120.0 y:111.0 w:34.0 h:19.0]
		CHILDREN = 0
		PATH = [0, 2, 1]
	DESCRIPTION = Left Click at 'Edit'
	TEXT = Compound Action =
		Move mouse to (137.0, 120.5).
		Press Mouse Button BUTTON1
		Release Mouse Button BUTTON1

ExecutedAction [97]: 
 @Action ConcreteID = ACbvzbi0802702180330 AbstractID = AAbvzbi0802702180330
 ConcreteID CUSTOM = ConcreteID CUSTOM not available AbstractID CUSTOM = AA1rku89n803506093955
 @State ConcreteID = SC1qcgo673263954081643 AbstractID = SR1su1rvn3084129169945
 ConcreteID CUSTOM = SC1jldikj32e3774606898 AbstractID CUSTOM = SA1myb6663253551532035

	ROLE = LeftClickAt
	TARGET =
		WIDGET = WCwlcpk41e4286068033, WR17v7k2nb1067391859, WTaz2n92112307194186, WP1357sc21a4134412483
		ROLE = UIAMenuItem
		TITLE = Format
		SHAPE = Rect [x:154.0 y:111.0 w:52.0 h:19.0]
		CHILDREN = 0
		PATH = [1, 3, 2]
	DESCRIPTION = Left Click at 'Format'
	TEXT = Compound Action =
		Move mouse to (180.0, 120.5).
		Press Mouse Button BUTTON1
		Release Mouse Button BUTTON1

ExecutedAction [98]: 
 @Action ConcreteID = AC1h94r3n802620551631 AbstractID = AA1h94r3n802620551631
 ConcreteID CUSTOM = ConcreteID CUSTOM not available AbstractID CUSTOM = AA1bg476x7f2934558651
 @State ConcreteID = SC1i8cjhf3644264670441 AbstractID = SRt0w8yk34392373704
 ConcreteID CUSTOM = SC1eeuujl3682715001679 AbstractID CUSTOM = SA16ce3fs361576358423

	ROLE = LeftClickAt
	TARGET =
		WIDGET = WCnwxspk211003987001, WR17v7k2nb1067391859, WTxuhgyp144189972595, WP7eioyu1d65575959
		ROLE = UIAMenuItem
		TITLE = Word Wrap
		SHAPE = Rect [x:157.0 y:133.0 w:144.0 h:22.0]
		CHILDREN = 0
		PATH = [1, 0, 0]
	DESCRIPTION = Left Click at 'Word Wrap'
	TEXT = Compound Action =
		Move mouse to (229.0, 144.0).
		Press Mouse Button BUTTON1
		Release Mouse Button BUTTON1

ExecutedAction [99]: 
 @Action ConcreteID = ACqct5ip80823477727 AbstractID = AAqct5ip80823477727
 ConcreteID CUSTOM = ConcreteID CUSTOM not available AbstractID CUSTOM = AAtiaqnk804194399510
 @State ConcreteID = SC1lftqzb37a1440267848 AbstractID = SRnwys8i3562456091530
 ConcreteID CUSTOM = SC1i2llhe3803280125240 AbstractID CUSTOM = SA1cfvbs536f4144953120

	ROLE = LeftClickAt
	TARGET =
		WIDGET = WC3r6fwk1e246553711, WR17v7k2nb1067391859, WTaz2n92112307194186, WPab1ioi1a128190957
		ROLE = UIAMenuItem
		TITLE = Format
		SHAPE = Rect [x:154.0 y:111.0 w:52.0 h:19.0]
		CHILDREN = 0
		PATH = [0, 2, 2]
	DESCRIPTION = Left Click at 'Format'
	TEXT = Compound Action =
		Move mouse to (180.0, 120.5).
		Press Mouse Button BUTTON1
		Release Mouse Button BUTTON1

ExecutedAction [100]: 
 @Action ConcreteID = AC1049j2v80574909530 AbstractID = AA1049j2v80574909530
 ConcreteID CUSTOM = ConcreteID CUSTOM not available AbstractID CUSTOM = AA1sm6778802942908851
 @State ConcreteID = SC1fbr4li3af3922064128 AbstractID = SR1kcdaqz391539080782
 ConcreteID CUSTOM = SC1hw1pod3b54114129324 AbstractID CUSTOM = SA133vb9i3b04215193241

	ROLE = LeftClickAt
	TARGET =
		WIDGET = WC3r6fwk1e246553711, WR17v7k2nb1067391859, WTaz2n92112307194186, WPab1ioi1a128190957
		ROLE = UIAMenuItem
		TITLE = Format
		SHAPE = Rect [x:154.0 y:111.0 w:52.0 h:19.0]
		CHILDREN = 0
		PATH = [0, 2, 2]
	DESCRIPTION = Left Click at 'Format'
	TEXT = Compound Action =
		Move mouse to (180.0, 120.5).
		Press Mouse Button BUTTON1
		Release Mouse Button BUTTON1

Sequence 1 finished.
Copying generated sequence ("sequence685") to output directory...
Copying classified sequence ("sequence685") to sequences_ok folder...
