Starting sequence 1 (output as: sequence2866)

ExecutedAction [1]: 
 @Action ConcreteID = AC1iuhgxl7e2560804748 AbstractID = AA1iuhgxl7e2560804748
 ConcreteID CUSTOM = ConcreteID CUSTOM not available AbstractID CUSTOM = AA1463xfu7e1142179075
 @State ConcreteID = SC6w2h61d63505289064 AbstractID = SRuxvih1ba2513313992
 ConcreteID CUSTOM = SC22ddoh1d53711883251 AbstractID CUSTOM = SA1e0xkku1d417380732

	ROLE = LeftClickAt
	TARGET =
		WIDGET = WC1fqsh0i1c2124881114, WR17v7k2nb1067391859, WT1qe72ijf99311909, WPjboygg183884664251
		ROLE = UIAMenuItem
		TITLE = File
		SHAPE = Rect [x:367.0 y:261.0 w:32.0 h:19.0]
		CHILDREN = 0
		PATH = [0, 3, 0]
	DESCRIPTION = Left Click at 'File'
	TEXT = Compound Action =
		Move mouse to (383.0, 270.5).
		Press Mouse Button BUTTON1
		Release Mouse Button BUTTON1

ExecutedAction [2]: 
 @Action ConcreteID = AC8ooqi9802756692520 AbstractID = AA8ooqi9802756692520
 ConcreteID CUSTOM = ConcreteID CUSTOM not available AbstractID CUSTOM = AAzs6soo7f531257457
 @State ConcreteID = SC14j9imr28a3294422702 AbstractID = SRml6io426d3670816528
 ConcreteID CUSTOM = SCoupvnk28c2420503617 AbstractID CUSTOM = SAbduj6h2823690180780

	ROLE = LeftClickAt
	TARGET =
		WIDGET = WC1frc9lv1c3431448778, WR17v7k2nb1067391859, WT1qe72ijf99311909, WPjc8r1t181437309355
		ROLE = UIAMenuItem
		TITLE = File
		SHAPE = Rect [x:367.0 y:261.0 w:32.0 h:19.0]
		CHILDREN = 0
		PATH = [0, 4, 0]
	DESCRIPTION = Left Click at 'File'
	TEXT = Compound Action =
		Move mouse to (383.0, 270.5).
		Press Mouse Button BUTTON1
		Release Mouse Button BUTTON1

ExecutedAction [3]: 
 @Action ConcreteID = AC1iuhgxl7e2560804748 AbstractID = AA1iuhgxl7e2560804748
 ConcreteID CUSTOM = ConcreteID CUSTOM not available AbstractID CUSTOM = AA1463xfu7e1142179075
 @State ConcreteID = SC6w2h61d63505289064 AbstractID = SRuxvih1ba2513313992
 ConcreteID CUSTOM = SC22ddoh1d53711883251 AbstractID CUSTOM = SA1e0xkku1d417380732

	ROLE = LeftClickAt
	TARGET =
		WIDGET = WC1fqsh0i1c2124881114, WR17v7k2nb1067391859, WT1qe72ijf99311909, WPjboygg183884664251
		ROLE = UIAMenuItem
		TITLE = File
		SHAPE = Rect [x:367.0 y:261.0 w:32.0 h:19.0]
		CHILDREN = 0
		PATH = [0, 3, 0]
	DESCRIPTION = Left Click at 'File'
	TEXT = Compound Action =
		Move mouse to (383.0, 270.5).
		Press Mouse Button BUTTON1
		Release Mouse Button BUTTON1

ExecutedAction [4]: 
 @Action ConcreteID = AC8ooqi9802756692520 AbstractID = AA8ooqi9802756692520
 ConcreteID CUSTOM = ConcreteID CUSTOM not available AbstractID CUSTOM = AAzs6soo7f531257457
 @State ConcreteID = SC14j9imr28a3294422702 AbstractID = SRml6io426d3670816528
 ConcreteID CUSTOM = SCoupvnk28c2420503617 AbstractID CUSTOM = SAbduj6h2823690180780

	ROLE = LeftClickAt
	TARGET =
		WIDGET = WC1frc9lv1c3431448778, WR17v7k2nb1067391859, WT1qe72ijf99311909, WPjc8r1t181437309355
		ROLE = UIAMenuItem
		TITLE = File
		SHAPE = Rect [x:367.0 y:261.0 w:32.0 h:19.0]
		CHILDREN = 0
		PATH = [0, 4, 0]
	DESCRIPTION = Left Click at 'File'
	TEXT = Compound Action =
		Move mouse to (383.0, 270.5).
		Press Mouse Button BUTTON1
		Release Mouse Button BUTTON1

ExecutedAction [5]: 
 @Action ConcreteID = AC1iuhgxl7e2560804748 AbstractID = AA1iuhgxl7e2560804748
 ConcreteID CUSTOM = ConcreteID CUSTOM not available AbstractID CUSTOM = AA1463xfu7e1142179075
 @State ConcreteID = SC6w2h61d63505289064 AbstractID = SRuxvih1ba2513313992
 ConcreteID CUSTOM = SC22ddoh1d53711883251 AbstractID CUSTOM = SA1e0xkku1d417380732

	ROLE = LeftClickAt
	TARGET =
		WIDGET = WC1fqsh0i1c2124881114, WR17v7k2nb1067391859, WT1qe72ijf99311909, WPjboygg183884664251
		ROLE = UIAMenuItem
		TITLE = File
		SHAPE = Rect [x:367.0 y:261.0 w:32.0 h:19.0]
		CHILDREN = 0
		PATH = [0, 3, 0]
	DESCRIPTION = Left Click at 'File'
	TEXT = Compound Action =
		Move mouse to (383.0, 270.5).
		Press Mouse Button BUTTON1
		Release Mouse Button BUTTON1

ExecutedAction [6]: 
 @Action ConcreteID = AC8ooqi9802756692520 AbstractID = AA8ooqi9802756692520
 ConcreteID CUSTOM = ConcreteID CUSTOM not available AbstractID CUSTOM = AAzs6soo7f531257457
 @State ConcreteID = SC14j9imr28a3294422702 AbstractID = SRml6io426d3670816528
 ConcreteID CUSTOM = SCoupvnk28c2420503617 AbstractID CUSTOM = SAbduj6h2823690180780

	ROLE = LeftClickAt
	TARGET =
		WIDGET = WC1frc9lv1c3431448778, WR17v7k2nb1067391859, WT1qe72ijf99311909, WPjc8r1t181437309355
		ROLE = UIAMenuItem
		TITLE = File
		SHAPE = Rect [x:367.0 y:261.0 w:32.0 h:19.0]
		CHILDREN = 0
		PATH = [0, 4, 0]
	DESCRIPTION = Left Click at 'File'
	TEXT = Compound Action =
		Move mouse to (383.0, 270.5).
		Press Mouse Button BUTTON1
		Release Mouse Button BUTTON1

ExecutedAction [7]: 
 @Action ConcreteID = AC1iuhgxl7e2560804748 AbstractID = AA1iuhgxl7e2560804748
 ConcreteID CUSTOM = ConcreteID CUSTOM not available AbstractID CUSTOM = AA1463xfu7e1142179075
 @State ConcreteID = SC6w2h61d63505289064 AbstractID = SRuxvih1ba2513313992
 ConcreteID CUSTOM = SC22ddoh1d53711883251 AbstractID CUSTOM = SA1e0xkku1d417380732

	ROLE = LeftClickAt
	TARGET =
		WIDGET = WC1fqsh0i1c2124881114, WR17v7k2nb1067391859, WT1qe72ijf99311909, WPjboygg183884664251
		ROLE = UIAMenuItem
		TITLE = File
		SHAPE = Rect [x:367.0 y:261.0 w:32.0 h:19.0]
		CHILDREN = 0
		PATH = [0, 3, 0]
	DESCRIPTION = Left Click at 'File'
	TEXT = Compound Action =
		Move mouse to (383.0, 270.5).
		Press Mouse Button BUTTON1
		Release Mouse Button BUTTON1

ExecutedAction [8]: 
 @Action ConcreteID = AC8ooqi9802756692520 AbstractID = AA8ooqi9802756692520
 ConcreteID CUSTOM = ConcreteID CUSTOM not available AbstractID CUSTOM = AAzs6soo7f531257457
 @State ConcreteID = SC14j9imr28a3294422702 AbstractID = SRml6io426d3670816528
 ConcreteID CUSTOM = SCoupvnk28c2420503617 AbstractID CUSTOM = SAbduj6h2823690180780

	ROLE = LeftClickAt
	TARGET =
		WIDGET = WC1frc9lv1c3431448778, WR17v7k2nb1067391859, WT1qe72ijf99311909, WPjc8r1t181437309355
		ROLE = UIAMenuItem
		TITLE = File
		SHAPE = Rect [x:367.0 y:261.0 w:32.0 h:19.0]
		CHILDREN = 0
		PATH = [0, 4, 0]
	DESCRIPTION = Left Click at 'File'
	TEXT = Compound Action =
		Move mouse to (383.0, 270.5).
		Press Mouse Button BUTTON1
		Release Mouse Button BUTTON1

ExecutedAction [9]: 
 @Action ConcreteID = AC1iuhgxl7e2560804748 AbstractID = AA1iuhgxl7e2560804748
 ConcreteID CUSTOM = ConcreteID CUSTOM not available AbstractID CUSTOM = AA1463xfu7e1142179075
 @State ConcreteID = SC6w2h61d63505289064 AbstractID = SRuxvih1ba2513313992
 ConcreteID CUSTOM = SC22ddoh1d53711883251 AbstractID CUSTOM = SA1e0xkku1d417380732

	ROLE = LeftClickAt
	TARGET =
		WIDGET = WC1fqsh0i1c2124881114, WR17v7k2nb1067391859, WT1qe72ijf99311909, WPjboygg183884664251
		ROLE = UIAMenuItem
		TITLE = File
		SHAPE = Rect [x:367.0 y:261.0 w:32.0 h:19.0]
		CHILDREN = 0
		PATH = [0, 3, 0]
	DESCRIPTION = Left Click at 'File'
	TEXT = Compound Action =
		Move mouse to (383.0, 270.5).
		Press Mouse Button BUTTON1
		Release Mouse Button BUTTON1

ExecutedAction [10]: 
 @Action ConcreteID = AC8ooqi9802756692520 AbstractID = AA8ooqi9802756692520
 ConcreteID CUSTOM = ConcreteID CUSTOM not available AbstractID CUSTOM = AAzs6soo7f531257457
 @State ConcreteID = SC14j9imr28a3294422702 AbstractID = SRml6io426d3670816528
 ConcreteID CUSTOM = SCoupvnk28c2420503617 AbstractID CUSTOM = SAbduj6h2823690180780

	ROLE = LeftClickAt
	TARGET =
		WIDGET = WC1frc9lv1c3431448778, WR17v7k2nb1067391859, WT1qe72ijf99311909, WPjc8r1t181437309355
		ROLE = UIAMenuItem
		TITLE = File
		SHAPE = Rect [x:367.0 y:261.0 w:32.0 h:19.0]
		CHILDREN = 0
		PATH = [0, 4, 0]
	DESCRIPTION = Left Click at 'File'
	TEXT = Compound Action =
		Move mouse to (383.0, 270.5).
		Press Mouse Button BUTTON1
		Release Mouse Button BUTTON1

ExecutedAction [11]: 
 @Action ConcreteID = AC1iuhgxl7e2560804748 AbstractID = AA1iuhgxl7e2560804748
 ConcreteID CUSTOM = ConcreteID CUSTOM not available AbstractID CUSTOM = AA1463xfu7e1142179075
 @State ConcreteID = SC6w2h61d63505289064 AbstractID = SRuxvih1ba2513313992
 ConcreteID CUSTOM = SC22ddoh1d53711883251 AbstractID CUSTOM = SA1e0xkku1d417380732

	ROLE = LeftClickAt
	TARGET =
		WIDGET = WC1fqsh0i1c2124881114, WR17v7k2nb1067391859, WT1qe72ijf99311909, WPjboygg183884664251
		ROLE = UIAMenuItem
		TITLE = File
		SHAPE = Rect [x:367.0 y:261.0 w:32.0 h:19.0]
		CHILDREN = 0
		PATH = [0, 3, 0]
	DESCRIPTION = Left Click at 'File'
	TEXT = Compound Action =
		Move mouse to (383.0, 270.5).
		Press Mouse Button BUTTON1
		Release Mouse Button BUTTON1

ExecutedAction [12]: 
 @Action ConcreteID = AC8ooqi9802756692520 AbstractID = AA8ooqi9802756692520
 ConcreteID CUSTOM = ConcreteID CUSTOM not available AbstractID CUSTOM = AAzs6soo7f531257457
 @State ConcreteID = SC14j9imr28a3294422702 AbstractID = SRml6io426d3670816528
 ConcreteID CUSTOM = SCoupvnk28c2420503617 AbstractID CUSTOM = SAbduj6h2823690180780

	ROLE = LeftClickAt
	TARGET =
		WIDGET = WC1frc9lv1c3431448778, WR17v7k2nb1067391859, WT1qe72ijf99311909, WPjc8r1t181437309355
		ROLE = UIAMenuItem
		TITLE = File
		SHAPE = Rect [x:367.0 y:261.0 w:32.0 h:19.0]
		CHILDREN = 0
		PATH = [0, 4, 0]
	DESCRIPTION = Left Click at 'File'
	TEXT = Compound Action =
		Move mouse to (383.0, 270.5).
		Press Mouse Button BUTTON1
		Release Mouse Button BUTTON1

ExecutedAction [13]: 
 @Action ConcreteID = AC1iuhgxl7e2560804748 AbstractID = AA1iuhgxl7e2560804748
 ConcreteID CUSTOM = ConcreteID CUSTOM not available AbstractID CUSTOM = AA1463xfu7e1142179075
 @State ConcreteID = SC6w2h61d63505289064 AbstractID = SRuxvih1ba2513313992
 ConcreteID CUSTOM = SC22ddoh1d53711883251 AbstractID CUSTOM = SA1e0xkku1d417380732

	ROLE = LeftClickAt
	TARGET =
		WIDGET = WC1fqsh0i1c2124881114, WR17v7k2nb1067391859, WT1qe72ijf99311909, WPjboygg183884664251
		ROLE = UIAMenuItem
		TITLE = File
		SHAPE = Rect [x:367.0 y:261.0 w:32.0 h:19.0]
		CHILDREN = 0
		PATH = [0, 3, 0]
	DESCRIPTION = Left Click at 'File'
	TEXT = Compound Action =
		Move mouse to (383.0, 270.5).
		Press Mouse Button BUTTON1
		Release Mouse Button BUTTON1

ExecutedAction [14]: 
 @Action ConcreteID = AC8ooqi9802756692520 AbstractID = AA8ooqi9802756692520
 ConcreteID CUSTOM = ConcreteID CUSTOM not available AbstractID CUSTOM = AAzs6soo7f531257457
 @State ConcreteID = SC14j9imr28a3294422702 AbstractID = SRml6io426d3670816528
 ConcreteID CUSTOM = SCoupvnk28c2420503617 AbstractID CUSTOM = SAbduj6h2823690180780

	ROLE = LeftClickAt
	TARGET =
		WIDGET = WC1frc9lv1c3431448778, WR17v7k2nb1067391859, WT1qe72ijf99311909, WPjc8r1t181437309355
		ROLE = UIAMenuItem
		TITLE = File
		SHAPE = Rect [x:367.0 y:261.0 w:32.0 h:19.0]
		CHILDREN = 0
		PATH = [0, 4, 0]
	DESCRIPTION = Left Click at 'File'
	TEXT = Compound Action =
		Move mouse to (383.0, 270.5).
		Press Mouse Button BUTTON1
		Release Mouse Button BUTTON1

ExecutedAction [15]: 
 @Action ConcreteID = AC1iuhgxl7e2560804748 AbstractID = AA1iuhgxl7e2560804748
 ConcreteID CUSTOM = ConcreteID CUSTOM not available AbstractID CUSTOM = AA1463xfu7e1142179075
 @State ConcreteID = SC6w2h61d63505289064 AbstractID = SRuxvih1ba2513313992
 ConcreteID CUSTOM = SC22ddoh1d53711883251 AbstractID CUSTOM = SA1e0xkku1d417380732

	ROLE = LeftClickAt
	TARGET =
		WIDGET = WC1fqsh0i1c2124881114, WR17v7k2nb1067391859, WT1qe72ijf99311909, WPjboygg183884664251
		ROLE = UIAMenuItem
		TITLE = File
		SHAPE = Rect [x:367.0 y:261.0 w:32.0 h:19.0]
		CHILDREN = 0
		PATH = [0, 3, 0]
	DESCRIPTION = Left Click at 'File'
	TEXT = Compound Action =
		Move mouse to (383.0, 270.5).
		Press Mouse Button BUTTON1
		Release Mouse Button BUTTON1

ExecutedAction [16]: 
 @Action ConcreteID = AC8ooqi9802756692520 AbstractID = AA8ooqi9802756692520
 ConcreteID CUSTOM = ConcreteID CUSTOM not available AbstractID CUSTOM = AAzs6soo7f531257457
 @State ConcreteID = SC14j9imr28a3294422702 AbstractID = SRml6io426d3670816528
 ConcreteID CUSTOM = SCoupvnk28c2420503617 AbstractID CUSTOM = SAbduj6h2823690180780

	ROLE = LeftClickAt
	TARGET =
		WIDGET = WC1frc9lv1c3431448778, WR17v7k2nb1067391859, WT1qe72ijf99311909, WPjc8r1t181437309355
		ROLE = UIAMenuItem
		TITLE = File
		SHAPE = Rect [x:367.0 y:261.0 w:32.0 h:19.0]
		CHILDREN = 0
		PATH = [0, 4, 0]
	DESCRIPTION = Left Click at 'File'
	TEXT = Compound Action =
		Move mouse to (383.0, 270.5).
		Press Mouse Button BUTTON1
		Release Mouse Button BUTTON1

ExecutedAction [17]: 
 @Action ConcreteID = AC1iuhgxl7e2560804748 AbstractID = AA1iuhgxl7e2560804748
 ConcreteID CUSTOM = ConcreteID CUSTOM not available AbstractID CUSTOM = AA1463xfu7e1142179075
 @State ConcreteID = SC6w2h61d63505289064 AbstractID = SRuxvih1ba2513313992
 ConcreteID CUSTOM = SC22ddoh1d53711883251 AbstractID CUSTOM = SA1e0xkku1d417380732

	ROLE = LeftClickAt
	TARGET =
		WIDGET = WC1fqsh0i1c2124881114, WR17v7k2nb1067391859, WT1qe72ijf99311909, WPjboygg183884664251
		ROLE = UIAMenuItem
		TITLE = File
		SHAPE = Rect [x:367.0 y:261.0 w:32.0 h:19.0]
		CHILDREN = 0
		PATH = [0, 3, 0]
	DESCRIPTION = Left Click at 'File'
	TEXT = Compound Action =
		Move mouse to (383.0, 270.5).
		Press Mouse Button BUTTON1
		Release Mouse Button BUTTON1

ExecutedAction [18]: 
 @Action ConcreteID = AC8ooqi9802756692520 AbstractID = AA8ooqi9802756692520
 ConcreteID CUSTOM = ConcreteID CUSTOM not available AbstractID CUSTOM = AAzs6soo7f531257457
 @State ConcreteID = SC14j9imr28a3294422702 AbstractID = SRml6io426d3670816528
 ConcreteID CUSTOM = SCoupvnk28c2420503617 AbstractID CUSTOM = SAbduj6h2823690180780

	ROLE = LeftClickAt
	TARGET =
		WIDGET = WC1frc9lv1c3431448778, WR17v7k2nb1067391859, WT1qe72ijf99311909, WPjc8r1t181437309355
		ROLE = UIAMenuItem
		TITLE = File
		SHAPE = Rect [x:367.0 y:261.0 w:32.0 h:19.0]
		CHILDREN = 0
		PATH = [0, 4, 0]
	DESCRIPTION = Left Click at 'File'
	TEXT = Compound Action =
		Move mouse to (383.0, 270.5).
		Press Mouse Button BUTTON1
		Release Mouse Button BUTTON1

ExecutedAction [19]: 
 @Action ConcreteID = AC1iuhgxl7e2560804748 AbstractID = AA1iuhgxl7e2560804748
 ConcreteID CUSTOM = ConcreteID CUSTOM not available AbstractID CUSTOM = AA1463xfu7e1142179075
 @State ConcreteID = SC6w2h61d63505289064 AbstractID = SRuxvih1ba2513313992
 ConcreteID CUSTOM = SC22ddoh1d53711883251 AbstractID CUSTOM = SA1e0xkku1d417380732

	ROLE = LeftClickAt
	TARGET =
		WIDGET = WC1fqsh0i1c2124881114, WR17v7k2nb1067391859, WT1qe72ijf99311909, WPjboygg183884664251
		ROLE = UIAMenuItem
		TITLE = File
		SHAPE = Rect [x:367.0 y:261.0 w:32.0 h:19.0]
		CHILDREN = 0
		PATH = [0, 3, 0]
	DESCRIPTION = Left Click at 'File'
	TEXT = Compound Action =
		Move mouse to (383.0, 270.5).
		Press Mouse Button BUTTON1
		Release Mouse Button BUTTON1

ExecutedAction [20]: 
 @Action ConcreteID = AC8ooqi9802756692520 AbstractID = AA8ooqi9802756692520
 ConcreteID CUSTOM = ConcreteID CUSTOM not available AbstractID CUSTOM = AAzs6soo7f531257457
 @State ConcreteID = SC14j9imr28a3294422702 AbstractID = SRml6io426d3670816528
 ConcreteID CUSTOM = SCoupvnk28c2420503617 AbstractID CUSTOM = SAbduj6h2823690180780

	ROLE = LeftClickAt
	TARGET =
		WIDGET = WC1frc9lv1c3431448778, WR17v7k2nb1067391859, WT1qe72ijf99311909, WPjc8r1t181437309355
		ROLE = UIAMenuItem
		TITLE = File
		SHAPE = Rect [x:367.0 y:261.0 w:32.0 h:19.0]
		CHILDREN = 0
		PATH = [0, 4, 0]
	DESCRIPTION = Left Click at 'File'
	TEXT = Compound Action =
		Move mouse to (383.0, 270.5).
		Press Mouse Button BUTTON1
		Release Mouse Button BUTTON1

ExecutedAction [21]: 
 @Action ConcreteID = AC1iuhgxl7e2560804748 AbstractID = AA1iuhgxl7e2560804748
 ConcreteID CUSTOM = ConcreteID CUSTOM not available AbstractID CUSTOM = AA1463xfu7e1142179075
 @State ConcreteID = SC6w2h61d63505289064 AbstractID = SRuxvih1ba2513313992
 ConcreteID CUSTOM = SC22ddoh1d53711883251 AbstractID CUSTOM = SA1e0xkku1d417380732

	ROLE = LeftClickAt
	TARGET =
		WIDGET = WC1fqsh0i1c2124881114, WR17v7k2nb1067391859, WT1qe72ijf99311909, WPjboygg183884664251
		ROLE = UIAMenuItem
		TITLE = File
		SHAPE = Rect [x:367.0 y:261.0 w:32.0 h:19.0]
		CHILDREN = 0
		PATH = [0, 3, 0]
	DESCRIPTION = Left Click at 'File'
	TEXT = Compound Action =
		Move mouse to (383.0, 270.5).
		Press Mouse Button BUTTON1
		Release Mouse Button BUTTON1

ExecutedAction [22]: 
 @Action ConcreteID = AC8ooqi9802756692520 AbstractID = AA8ooqi9802756692520
 ConcreteID CUSTOM = ConcreteID CUSTOM not available AbstractID CUSTOM = AAzs6soo7f531257457
 @State ConcreteID = SC14j9imr28a3294422702 AbstractID = SRml6io426d3670816528
 ConcreteID CUSTOM = SCoupvnk28c2420503617 AbstractID CUSTOM = SAbduj6h2823690180780

	ROLE = LeftClickAt
	TARGET =
		WIDGET = WC1frc9lv1c3431448778, WR17v7k2nb1067391859, WT1qe72ijf99311909, WPjc8r1t181437309355
		ROLE = UIAMenuItem
		TITLE = File
		SHAPE = Rect [x:367.0 y:261.0 w:32.0 h:19.0]
		CHILDREN = 0
		PATH = [0, 4, 0]
	DESCRIPTION = Left Click at 'File'
	TEXT = Compound Action =
		Move mouse to (383.0, 270.5).
		Press Mouse Button BUTTON1
		Release Mouse Button BUTTON1

ExecutedAction [23]: 
 @Action ConcreteID = AC1iuhgxl7e2560804748 AbstractID = AA1iuhgxl7e2560804748
 ConcreteID CUSTOM = ConcreteID CUSTOM not available AbstractID CUSTOM = AA1463xfu7e1142179075
 @State ConcreteID = SC6w2h61d63505289064 AbstractID = SRuxvih1ba2513313992
 ConcreteID CUSTOM = SC22ddoh1d53711883251 AbstractID CUSTOM = SA1e0xkku1d417380732

	ROLE = LeftClickAt
	TARGET =
		WIDGET = WC1fqsh0i1c2124881114, WR17v7k2nb1067391859, WT1qe72ijf99311909, WPjboygg183884664251
		ROLE = UIAMenuItem
		TITLE = File
		SHAPE = Rect [x:367.0 y:261.0 w:32.0 h:19.0]
		CHILDREN = 0
		PATH = [0, 3, 0]
	DESCRIPTION = Left Click at 'File'
	TEXT = Compound Action =
		Move mouse to (383.0, 270.5).
		Press Mouse Button BUTTON1
		Release Mouse Button BUTTON1

ExecutedAction [24]: 
 @Action ConcreteID = AC8ooqi9802756692520 AbstractID = AA8ooqi9802756692520
 ConcreteID CUSTOM = ConcreteID CUSTOM not available AbstractID CUSTOM = AAzs6soo7f531257457
 @State ConcreteID = SC14j9imr28a3294422702 AbstractID = SRml6io426d3670816528
 ConcreteID CUSTOM = SCoupvnk28c2420503617 AbstractID CUSTOM = SAbduj6h2823690180780

	ROLE = LeftClickAt
	TARGET =
		WIDGET = WC1frc9lv1c3431448778, WR17v7k2nb1067391859, WT1qe72ijf99311909, WPjc8r1t181437309355
		ROLE = UIAMenuItem
		TITLE = File
		SHAPE = Rect [x:367.0 y:261.0 w:32.0 h:19.0]
		CHILDREN = 0
		PATH = [0, 4, 0]
	DESCRIPTION = Left Click at 'File'
	TEXT = Compound Action =
		Move mouse to (383.0, 270.5).
		Press Mouse Button BUTTON1
		Release Mouse Button BUTTON1

ExecutedAction [25]: 
 @Action ConcreteID = AC1iuhgxl7e2560804748 AbstractID = AA1iuhgxl7e2560804748
 ConcreteID CUSTOM = ConcreteID CUSTOM not available AbstractID CUSTOM = AA1463xfu7e1142179075
 @State ConcreteID = SC6w2h61d63505289064 AbstractID = SRuxvih1ba2513313992
 ConcreteID CUSTOM = SC22ddoh1d53711883251 AbstractID CUSTOM = SA1e0xkku1d417380732

	ROLE = LeftClickAt
	TARGET =
		WIDGET = WC1fqsh0i1c2124881114, WR17v7k2nb1067391859, WT1qe72ijf99311909, WPjboygg183884664251
		ROLE = UIAMenuItem
		TITLE = File
		SHAPE = Rect [x:367.0 y:261.0 w:32.0 h:19.0]
		CHILDREN = 0
		PATH = [0, 3, 0]
	DESCRIPTION = Left Click at 'File'
	TEXT = Compound Action =
		Move mouse to (383.0, 270.5).
		Press Mouse Button BUTTON1
		Release Mouse Button BUTTON1

ExecutedAction [26]: 
 @Action ConcreteID = AC8ooqi9802756692520 AbstractID = AA8ooqi9802756692520
 ConcreteID CUSTOM = ConcreteID CUSTOM not available AbstractID CUSTOM = AAzs6soo7f531257457
 @State ConcreteID = SC14j9imr28a3294422702 AbstractID = SRml6io426d3670816528
 ConcreteID CUSTOM = SCoupvnk28c2420503617 AbstractID CUSTOM = SAbduj6h2823690180780

	ROLE = LeftClickAt
	TARGET =
		WIDGET = WC1frc9lv1c3431448778, WR17v7k2nb1067391859, WT1qe72ijf99311909, WPjc8r1t181437309355
		ROLE = UIAMenuItem
		TITLE = File
		SHAPE = Rect [x:367.0 y:261.0 w:32.0 h:19.0]
		CHILDREN = 0
		PATH = [0, 4, 0]
	DESCRIPTION = Left Click at 'File'
	TEXT = Compound Action =
		Move mouse to (383.0, 270.5).
		Press Mouse Button BUTTON1
		Release Mouse Button BUTTON1

ExecutedAction [27]: 
 @Action ConcreteID = AC1iuhgxl7e2560804748 AbstractID = AA1iuhgxl7e2560804748
 ConcreteID CUSTOM = ConcreteID CUSTOM not available AbstractID CUSTOM = AA1463xfu7e1142179075
 @State ConcreteID = SC6w2h61d63505289064 AbstractID = SRuxvih1ba2513313992
 ConcreteID CUSTOM = SC22ddoh1d53711883251 AbstractID CUSTOM = SA1e0xkku1d417380732

	ROLE = LeftClickAt
	TARGET =
		WIDGET = WC1fqsh0i1c2124881114, WR17v7k2nb1067391859, WT1qe72ijf99311909, WPjboygg183884664251
		ROLE = UIAMenuItem
		TITLE = File
		SHAPE = Rect [x:367.0 y:261.0 w:32.0 h:19.0]
		CHILDREN = 0
		PATH = [0, 3, 0]
	DESCRIPTION = Left Click at 'File'
	TEXT = Compound Action =
		Move mouse to (383.0, 270.5).
		Press Mouse Button BUTTON1
		Release Mouse Button BUTTON1

ExecutedAction [28]: 
 @Action ConcreteID = AC8ooqi9802756692520 AbstractID = AA8ooqi9802756692520
 ConcreteID CUSTOM = ConcreteID CUSTOM not available AbstractID CUSTOM = AAzs6soo7f531257457
 @State ConcreteID = SC14j9imr28a3294422702 AbstractID = SRml6io426d3670816528
 ConcreteID CUSTOM = SCoupvnk28c2420503617 AbstractID CUSTOM = SAbduj6h2823690180780

	ROLE = LeftClickAt
	TARGET =
		WIDGET = WC1frc9lv1c3431448778, WR17v7k2nb1067391859, WT1qe72ijf99311909, WPjc8r1t181437309355
		ROLE = UIAMenuItem
		TITLE = File
		SHAPE = Rect [x:367.0 y:261.0 w:32.0 h:19.0]
		CHILDREN = 0
		PATH = [0, 4, 0]
	DESCRIPTION = Left Click at 'File'
	TEXT = Compound Action =
		Move mouse to (383.0, 270.5).
		Press Mouse Button BUTTON1
		Release Mouse Button BUTTON1

ExecutedAction [29]: 
 @Action ConcreteID = AC1iuhgxl7e2560804748 AbstractID = AA1iuhgxl7e2560804748
 ConcreteID CUSTOM = ConcreteID CUSTOM not available AbstractID CUSTOM = AA1463xfu7e1142179075
 @State ConcreteID = SC6w2h61d63505289064 AbstractID = SRuxvih1ba2513313992
 ConcreteID CUSTOM = SC22ddoh1d53711883251 AbstractID CUSTOM = SA1e0xkku1d417380732

	ROLE = LeftClickAt
	TARGET =
		WIDGET = WC1fqsh0i1c2124881114, WR17v7k2nb1067391859, WT1qe72ijf99311909, WPjboygg183884664251
		ROLE = UIAMenuItem
		TITLE = File
		SHAPE = Rect [x:367.0 y:261.0 w:32.0 h:19.0]
		CHILDREN = 0
		PATH = [0, 3, 0]
	DESCRIPTION = Left Click at 'File'
	TEXT = Compound Action =
		Move mouse to (383.0, 270.5).
		Press Mouse Button BUTTON1
		Release Mouse Button BUTTON1

ExecutedAction [30]: 
 @Action ConcreteID = AC8ooqi9802756692520 AbstractID = AA8ooqi9802756692520
 ConcreteID CUSTOM = ConcreteID CUSTOM not available AbstractID CUSTOM = AAzs6soo7f531257457
 @State ConcreteID = SC14j9imr28a3294422702 AbstractID = SRml6io426d3670816528
 ConcreteID CUSTOM = SCoupvnk28c2420503617 AbstractID CUSTOM = SAbduj6h2823690180780

	ROLE = LeftClickAt
	TARGET =
		WIDGET = WC1frc9lv1c3431448778, WR17v7k2nb1067391859, WT1qe72ijf99311909, WPjc8r1t181437309355
		ROLE = UIAMenuItem
		TITLE = File
		SHAPE = Rect [x:367.0 y:261.0 w:32.0 h:19.0]
		CHILDREN = 0
		PATH = [0, 4, 0]
	DESCRIPTION = Left Click at 'File'
	TEXT = Compound Action =
		Move mouse to (383.0, 270.5).
		Press Mouse Button BUTTON1
		Release Mouse Button BUTTON1

ExecutedAction [31]: 
 @Action ConcreteID = AC1iuhgxl7e2560804748 AbstractID = AA1iuhgxl7e2560804748
 ConcreteID CUSTOM = ConcreteID CUSTOM not available AbstractID CUSTOM = AA1463xfu7e1142179075
 @State ConcreteID = SC6w2h61d63505289064 AbstractID = SRuxvih1ba2513313992
 ConcreteID CUSTOM = SC22ddoh1d53711883251 AbstractID CUSTOM = SA1e0xkku1d417380732

	ROLE = LeftClickAt
	TARGET =
		WIDGET = WC1fqsh0i1c2124881114, WR17v7k2nb1067391859, WT1qe72ijf99311909, WPjboygg183884664251
		ROLE = UIAMenuItem
		TITLE = File
		SHAPE = Rect [x:367.0 y:261.0 w:32.0 h:19.0]
		CHILDREN = 0
		PATH = [0, 3, 0]
	DESCRIPTION = Left Click at 'File'
	TEXT = Compound Action =
		Move mouse to (383.0, 270.5).
		Press Mouse Button BUTTON1
		Release Mouse Button BUTTON1

ExecutedAction [32]: 
 @Action ConcreteID = AC8ooqi9802756692520 AbstractID = AA8ooqi9802756692520
 ConcreteID CUSTOM = ConcreteID CUSTOM not available AbstractID CUSTOM = AAzs6soo7f531257457
 @State ConcreteID = SC14j9imr28a3294422702 AbstractID = SRml6io426d3670816528
 ConcreteID CUSTOM = SCoupvnk28c2420503617 AbstractID CUSTOM = SAbduj6h2823690180780

	ROLE = LeftClickAt
	TARGET =
		WIDGET = WC1frc9lv1c3431448778, WR17v7k2nb1067391859, WT1qe72ijf99311909, WPjc8r1t181437309355
		ROLE = UIAMenuItem
		TITLE = File
		SHAPE = Rect [x:367.0 y:261.0 w:32.0 h:19.0]
		CHILDREN = 0
		PATH = [0, 4, 0]
	DESCRIPTION = Left Click at 'File'
	TEXT = Compound Action =
		Move mouse to (383.0, 270.5).
		Press Mouse Button BUTTON1
		Release Mouse Button BUTTON1

ExecutedAction [33]: 
 @Action ConcreteID = AC1iuhgxl7e2560804748 AbstractID = AA1iuhgxl7e2560804748
 ConcreteID CUSTOM = ConcreteID CUSTOM not available AbstractID CUSTOM = AA1463xfu7e1142179075
 @State ConcreteID = SC6w2h61d63505289064 AbstractID = SRuxvih1ba2513313992
 ConcreteID CUSTOM = SC22ddoh1d53711883251 AbstractID CUSTOM = SA1e0xkku1d417380732

	ROLE = LeftClickAt
	TARGET =
		WIDGET = WC1fqsh0i1c2124881114, WR17v7k2nb1067391859, WT1qe72ijf99311909, WPjboygg183884664251
		ROLE = UIAMenuItem
		TITLE = File
		SHAPE = Rect [x:367.0 y:261.0 w:32.0 h:19.0]
		CHILDREN = 0
		PATH = [0, 3, 0]
	DESCRIPTION = Left Click at 'File'
	TEXT = Compound Action =
		Move mouse to (383.0, 270.5).
		Press Mouse Button BUTTON1
		Release Mouse Button BUTTON1

ExecutedAction [34]: 
 @Action ConcreteID = AC8ooqi9802756692520 AbstractID = AA8ooqi9802756692520
 ConcreteID CUSTOM = ConcreteID CUSTOM not available AbstractID CUSTOM = AAzs6soo7f531257457
 @State ConcreteID = SC14j9imr28a3294422702 AbstractID = SRml6io426d3670816528
 ConcreteID CUSTOM = SCoupvnk28c2420503617 AbstractID CUSTOM = SAbduj6h2823690180780

	ROLE = LeftClickAt
	TARGET =
		WIDGET = WC1frc9lv1c3431448778, WR17v7k2nb1067391859, WT1qe72ijf99311909, WPjc8r1t181437309355
		ROLE = UIAMenuItem
		TITLE = File
		SHAPE = Rect [x:367.0 y:261.0 w:32.0 h:19.0]
		CHILDREN = 0
		PATH = [0, 4, 0]
	DESCRIPTION = Left Click at 'File'
	TEXT = Compound Action =
		Move mouse to (383.0, 270.5).
		Press Mouse Button BUTTON1
		Release Mouse Button BUTTON1

ExecutedAction [35]: 
 @Action ConcreteID = AC1iuhgxl7e2560804748 AbstractID = AA1iuhgxl7e2560804748
 ConcreteID CUSTOM = ConcreteID CUSTOM not available AbstractID CUSTOM = AA1463xfu7e1142179075
 @State ConcreteID = SC6w2h61d63505289064 AbstractID = SRuxvih1ba2513313992
 ConcreteID CUSTOM = SC22ddoh1d53711883251 AbstractID CUSTOM = SA1e0xkku1d417380732

	ROLE = LeftClickAt
	TARGET =
		WIDGET = WC1fqsh0i1c2124881114, WR17v7k2nb1067391859, WT1qe72ijf99311909, WPjboygg183884664251
		ROLE = UIAMenuItem
		TITLE = File
		SHAPE = Rect [x:367.0 y:261.0 w:32.0 h:19.0]
		CHILDREN = 0
		PATH = [0, 3, 0]
	DESCRIPTION = Left Click at 'File'
	TEXT = Compound Action =
		Move mouse to (383.0, 270.5).
		Press Mouse Button BUTTON1
		Release Mouse Button BUTTON1

ExecutedAction [36]: 
 @Action ConcreteID = AC8ooqi9802756692520 AbstractID = AA8ooqi9802756692520
 ConcreteID CUSTOM = ConcreteID CUSTOM not available AbstractID CUSTOM = AAzs6soo7f531257457
 @State ConcreteID = SC14j9imr28a3294422702 AbstractID = SRml6io426d3670816528
 ConcreteID CUSTOM = SCoupvnk28c2420503617 AbstractID CUSTOM = SAbduj6h2823690180780

	ROLE = LeftClickAt
	TARGET =
		WIDGET = WC1frc9lv1c3431448778, WR17v7k2nb1067391859, WT1qe72ijf99311909, WPjc8r1t181437309355
		ROLE = UIAMenuItem
		TITLE = File
		SHAPE = Rect [x:367.0 y:261.0 w:32.0 h:19.0]
		CHILDREN = 0
		PATH = [0, 4, 0]
	DESCRIPTION = Left Click at 'File'
	TEXT = Compound Action =
		Move mouse to (383.0, 270.5).
		Press Mouse Button BUTTON1
		Release Mouse Button BUTTON1

ExecutedAction [37]: 
 @Action ConcreteID = AC1iuhgxl7e2560804748 AbstractID = AA1iuhgxl7e2560804748
 ConcreteID CUSTOM = ConcreteID CUSTOM not available AbstractID CUSTOM = AA1463xfu7e1142179075
 @State ConcreteID = SC6w2h61d63505289064 AbstractID = SRuxvih1ba2513313992
 ConcreteID CUSTOM = SC22ddoh1d53711883251 AbstractID CUSTOM = SA1e0xkku1d417380732

	ROLE = LeftClickAt
	TARGET =
		WIDGET = WC1fqsh0i1c2124881114, WR17v7k2nb1067391859, WT1qe72ijf99311909, WPjboygg183884664251
		ROLE = UIAMenuItem
		TITLE = File
		SHAPE = Rect [x:367.0 y:261.0 w:32.0 h:19.0]
		CHILDREN = 0
		PATH = [0, 3, 0]
	DESCRIPTION = Left Click at 'File'
	TEXT = Compound Action =
		Move mouse to (383.0, 270.5).
		Press Mouse Button BUTTON1
		Release Mouse Button BUTTON1

ExecutedAction [38]: 
 @Action ConcreteID = AC8ooqi9802756692520 AbstractID = AA8ooqi9802756692520
 ConcreteID CUSTOM = ConcreteID CUSTOM not available AbstractID CUSTOM = AAzs6soo7f531257457
 @State ConcreteID = SC14j9imr28a3294422702 AbstractID = SRml6io426d3670816528
 ConcreteID CUSTOM = SCoupvnk28c2420503617 AbstractID CUSTOM = SAbduj6h2823690180780

	ROLE = LeftClickAt
	TARGET =
		WIDGET = WC1frc9lv1c3431448778, WR17v7k2nb1067391859, WT1qe72ijf99311909, WPjc8r1t181437309355
		ROLE = UIAMenuItem
		TITLE = File
		SHAPE = Rect [x:367.0 y:261.0 w:32.0 h:19.0]
		CHILDREN = 0
		PATH = [0, 4, 0]
	DESCRIPTION = Left Click at 'File'
	TEXT = Compound Action =
		Move mouse to (383.0, 270.5).
		Press Mouse Button BUTTON1
		Release Mouse Button BUTTON1

ExecutedAction [39]: 
 @Action ConcreteID = AC1iuhgxl7e2560804748 AbstractID = AA1iuhgxl7e2560804748
 ConcreteID CUSTOM = ConcreteID CUSTOM not available AbstractID CUSTOM = AA1463xfu7e1142179075
 @State ConcreteID = SC6w2h61d63505289064 AbstractID = SRuxvih1ba2513313992
 ConcreteID CUSTOM = SC22ddoh1d53711883251 AbstractID CUSTOM = SA1e0xkku1d417380732

	ROLE = LeftClickAt
	TARGET =
		WIDGET = WC1fqsh0i1c2124881114, WR17v7k2nb1067391859, WT1qe72ijf99311909, WPjboygg183884664251
		ROLE = UIAMenuItem
		TITLE = File
		SHAPE = Rect [x:367.0 y:261.0 w:32.0 h:19.0]
		CHILDREN = 0
		PATH = [0, 3, 0]
	DESCRIPTION = Left Click at 'File'
	TEXT = Compound Action =
		Move mouse to (383.0, 270.5).
		Press Mouse Button BUTTON1
		Release Mouse Button BUTTON1

ExecutedAction [40]: 
 @Action ConcreteID = AC8ooqi9802756692520 AbstractID = AA8ooqi9802756692520
 ConcreteID CUSTOM = ConcreteID CUSTOM not available AbstractID CUSTOM = AAzs6soo7f531257457
 @State ConcreteID = SC14j9imr28a3294422702 AbstractID = SRml6io426d3670816528
 ConcreteID CUSTOM = SCoupvnk28c2420503617 AbstractID CUSTOM = SAbduj6h2823690180780

	ROLE = LeftClickAt
	TARGET =
		WIDGET = WC1frc9lv1c3431448778, WR17v7k2nb1067391859, WT1qe72ijf99311909, WPjc8r1t181437309355
		ROLE = UIAMenuItem
		TITLE = File
		SHAPE = Rect [x:367.0 y:261.0 w:32.0 h:19.0]
		CHILDREN = 0
		PATH = [0, 4, 0]
	DESCRIPTION = Left Click at 'File'
	TEXT = Compound Action =
		Move mouse to (383.0, 270.5).
		Press Mouse Button BUTTON1
		Release Mouse Button BUTTON1

ExecutedAction [41]: 
 @Action ConcreteID = AC1iuhgxl7e2560804748 AbstractID = AA1iuhgxl7e2560804748
 ConcreteID CUSTOM = ConcreteID CUSTOM not available AbstractID CUSTOM = AA1463xfu7e1142179075
 @State ConcreteID = SC6w2h61d63505289064 AbstractID = SRuxvih1ba2513313992
 ConcreteID CUSTOM = SC22ddoh1d53711883251 AbstractID CUSTOM = SA1e0xkku1d417380732

	ROLE = LeftClickAt
	TARGET =
		WIDGET = WC1fqsh0i1c2124881114, WR17v7k2nb1067391859, WT1qe72ijf99311909, WPjboygg183884664251
		ROLE = UIAMenuItem
		TITLE = File
		SHAPE = Rect [x:367.0 y:261.0 w:32.0 h:19.0]
		CHILDREN = 0
		PATH = [0, 3, 0]
	DESCRIPTION = Left Click at 'File'
	TEXT = Compound Action =
		Move mouse to (383.0, 270.5).
		Press Mouse Button BUTTON1
		Release Mouse Button BUTTON1

ExecutedAction [42]: 
 @Action ConcreteID = AC8ooqi9802756692520 AbstractID = AA8ooqi9802756692520
 ConcreteID CUSTOM = ConcreteID CUSTOM not available AbstractID CUSTOM = AAzs6soo7f531257457
 @State ConcreteID = SC14j9imr28a3294422702 AbstractID = SRml6io426d3670816528
 ConcreteID CUSTOM = SCoupvnk28c2420503617 AbstractID CUSTOM = SAbduj6h2823690180780

	ROLE = LeftClickAt
	TARGET =
		WIDGET = WC1frc9lv1c3431448778, WR17v7k2nb1067391859, WT1qe72ijf99311909, WPjc8r1t181437309355
		ROLE = UIAMenuItem
		TITLE = File
		SHAPE = Rect [x:367.0 y:261.0 w:32.0 h:19.0]
		CHILDREN = 0
		PATH = [0, 4, 0]
	DESCRIPTION = Left Click at 'File'
	TEXT = Compound Action =
		Move mouse to (383.0, 270.5).
		Press Mouse Button BUTTON1
		Release Mouse Button BUTTON1

ExecutedAction [43]: 
 @Action ConcreteID = AC1iuhgxl7e2560804748 AbstractID = AA1iuhgxl7e2560804748
 ConcreteID CUSTOM = ConcreteID CUSTOM not available AbstractID CUSTOM = AA1463xfu7e1142179075
 @State ConcreteID = SC6w2h61d63505289064 AbstractID = SRuxvih1ba2513313992
 ConcreteID CUSTOM = SC22ddoh1d53711883251 AbstractID CUSTOM = SA1e0xkku1d417380732

	ROLE = LeftClickAt
	TARGET =
		WIDGET = WC1fqsh0i1c2124881114, WR17v7k2nb1067391859, WT1qe72ijf99311909, WPjboygg183884664251
		ROLE = UIAMenuItem
		TITLE = File
		SHAPE = Rect [x:367.0 y:261.0 w:32.0 h:19.0]
		CHILDREN = 0
		PATH = [0, 3, 0]
	DESCRIPTION = Left Click at 'File'
	TEXT = Compound Action =
		Move mouse to (383.0, 270.5).
		Press Mouse Button BUTTON1
		Release Mouse Button BUTTON1

ExecutedAction [44]: 
 @Action ConcreteID = AC8ooqi9802756692520 AbstractID = AA8ooqi9802756692520
 ConcreteID CUSTOM = ConcreteID CUSTOM not available AbstractID CUSTOM = AAzs6soo7f531257457
 @State ConcreteID = SC14j9imr28a3294422702 AbstractID = SRml6io426d3670816528
 ConcreteID CUSTOM = SCoupvnk28c2420503617 AbstractID CUSTOM = SAbduj6h2823690180780

	ROLE = LeftClickAt
	TARGET =
		WIDGET = WC1frc9lv1c3431448778, WR17v7k2nb1067391859, WT1qe72ijf99311909, WPjc8r1t181437309355
		ROLE = UIAMenuItem
		TITLE = File
		SHAPE = Rect [x:367.0 y:261.0 w:32.0 h:19.0]
		CHILDREN = 0
		PATH = [0, 4, 0]
	DESCRIPTION = Left Click at 'File'
	TEXT = Compound Action =
		Move mouse to (383.0, 270.5).
		Press Mouse Button BUTTON1
		Release Mouse Button BUTTON1

ExecutedAction [45]: 
 @Action ConcreteID = AC1iuhgxl7e2560804748 AbstractID = AA1iuhgxl7e2560804748
 ConcreteID CUSTOM = ConcreteID CUSTOM not available AbstractID CUSTOM = AA1463xfu7e1142179075
 @State ConcreteID = SC6w2h61d63505289064 AbstractID = SRuxvih1ba2513313992
 ConcreteID CUSTOM = SC22ddoh1d53711883251 AbstractID CUSTOM = SA1e0xkku1d417380732

	ROLE = LeftClickAt
	TARGET =
		WIDGET = WC1fqsh0i1c2124881114, WR17v7k2nb1067391859, WT1qe72ijf99311909, WPjboygg183884664251
		ROLE = UIAMenuItem
		TITLE = File
		SHAPE = Rect [x:367.0 y:261.0 w:32.0 h:19.0]
		CHILDREN = 0
		PATH = [0, 3, 0]
	DESCRIPTION = Left Click at 'File'
	TEXT = Compound Action =
		Move mouse to (383.0, 270.5).
		Press Mouse Button BUTTON1
		Release Mouse Button BUTTON1

ExecutedAction [46]: 
 @Action ConcreteID = AC8ooqi9802756692520 AbstractID = AA8ooqi9802756692520
 ConcreteID CUSTOM = ConcreteID CUSTOM not available AbstractID CUSTOM = AAzs6soo7f531257457
 @State ConcreteID = SC14j9imr28a3294422702 AbstractID = SRml6io426d3670816528
 ConcreteID CUSTOM = SCoupvnk28c2420503617 AbstractID CUSTOM = SAbduj6h2823690180780

	ROLE = LeftClickAt
	TARGET =
		WIDGET = WC1frc9lv1c3431448778, WR17v7k2nb1067391859, WT1qe72ijf99311909, WPjc8r1t181437309355
		ROLE = UIAMenuItem
		TITLE = File
		SHAPE = Rect [x:367.0 y:261.0 w:32.0 h:19.0]
		CHILDREN = 0
		PATH = [0, 4, 0]
	DESCRIPTION = Left Click at 'File'
	TEXT = Compound Action =
		Move mouse to (383.0, 270.5).
		Press Mouse Button BUTTON1
		Release Mouse Button BUTTON1

ExecutedAction [47]: 
 @Action ConcreteID = AC1iuhgxl7e2560804748 AbstractID = AA1iuhgxl7e2560804748
 ConcreteID CUSTOM = ConcreteID CUSTOM not available AbstractID CUSTOM = AA1463xfu7e1142179075
 @State ConcreteID = SC6w2h61d63505289064 AbstractID = SRuxvih1ba2513313992
 ConcreteID CUSTOM = SC22ddoh1d53711883251 AbstractID CUSTOM = SA1e0xkku1d417380732

	ROLE = LeftClickAt
	TARGET =
		WIDGET = WC1fqsh0i1c2124881114, WR17v7k2nb1067391859, WT1qe72ijf99311909, WPjboygg183884664251
		ROLE = UIAMenuItem
		TITLE = File
		SHAPE = Rect [x:367.0 y:261.0 w:32.0 h:19.0]
		CHILDREN = 0
		PATH = [0, 3, 0]
	DESCRIPTION = Left Click at 'File'
	TEXT = Compound Action =
		Move mouse to (383.0, 270.5).
		Press Mouse Button BUTTON1
		Release Mouse Button BUTTON1

ExecutedAction [48]: 
 @Action ConcreteID = AC8ooqi9802756692520 AbstractID = AA8ooqi9802756692520
 ConcreteID CUSTOM = ConcreteID CUSTOM not available AbstractID CUSTOM = AAzs6soo7f531257457
 @State ConcreteID = SC14j9imr28a3294422702 AbstractID = SRml6io426d3670816528
 ConcreteID CUSTOM = SCoupvnk28c2420503617 AbstractID CUSTOM = SAbduj6h2823690180780

	ROLE = LeftClickAt
	TARGET =
		WIDGET = WC1frc9lv1c3431448778, WR17v7k2nb1067391859, WT1qe72ijf99311909, WPjc8r1t181437309355
		ROLE = UIAMenuItem
		TITLE = File
		SHAPE = Rect [x:367.0 y:261.0 w:32.0 h:19.0]
		CHILDREN = 0
		PATH = [0, 4, 0]
	DESCRIPTION = Left Click at 'File'
	TEXT = Compound Action =
		Move mouse to (383.0, 270.5).
		Press Mouse Button BUTTON1
		Release Mouse Button BUTTON1

ExecutedAction [49]: 
 @Action ConcreteID = AC1iuhgxl7e2560804748 AbstractID = AA1iuhgxl7e2560804748
 ConcreteID CUSTOM = ConcreteID CUSTOM not available AbstractID CUSTOM = AA1463xfu7e1142179075
 @State ConcreteID = SC6w2h61d63505289064 AbstractID = SRuxvih1ba2513313992
 ConcreteID CUSTOM = SC22ddoh1d53711883251 AbstractID CUSTOM = SA1e0xkku1d417380732

	ROLE = LeftClickAt
	TARGET =
		WIDGET = WC1fqsh0i1c2124881114, WR17v7k2nb1067391859, WT1qe72ijf99311909, WPjboygg183884664251
		ROLE = UIAMenuItem
		TITLE = File
		SHAPE = Rect [x:367.0 y:261.0 w:32.0 h:19.0]
		CHILDREN = 0
		PATH = [0, 3, 0]
	DESCRIPTION = Left Click at 'File'
	TEXT = Compound Action =
		Move mouse to (383.0, 270.5).
		Press Mouse Button BUTTON1
		Release Mouse Button BUTTON1

ExecutedAction [50]: 
 @Action ConcreteID = AC8ooqi9802756692520 AbstractID = AA8ooqi9802756692520
 ConcreteID CUSTOM = ConcreteID CUSTOM not available AbstractID CUSTOM = AAzs6soo7f531257457
 @State ConcreteID = SC14j9imr28a3294422702 AbstractID = SRml6io426d3670816528
 ConcreteID CUSTOM = SCoupvnk28c2420503617 AbstractID CUSTOM = SAbduj6h2823690180780

	ROLE = LeftClickAt
	TARGET =
		WIDGET = WC1frc9lv1c3431448778, WR17v7k2nb1067391859, WT1qe72ijf99311909, WPjc8r1t181437309355
		ROLE = UIAMenuItem
		TITLE = File
		SHAPE = Rect [x:367.0 y:261.0 w:32.0 h:19.0]
		CHILDREN = 0
		PATH = [0, 4, 0]
	DESCRIPTION = Left Click at 'File'
	TEXT = Compound Action =
		Move mouse to (383.0, 270.5).
		Press Mouse Button BUTTON1
		Release Mouse Button BUTTON1

ExecutedAction [51]: 
 @Action ConcreteID = AC1iuhgxl7e2560804748 AbstractID = AA1iuhgxl7e2560804748
 ConcreteID CUSTOM = ConcreteID CUSTOM not available AbstractID CUSTOM = AA1463xfu7e1142179075
 @State ConcreteID = SC6w2h61d63505289064 AbstractID = SRuxvih1ba2513313992
 ConcreteID CUSTOM = SC22ddoh1d53711883251 AbstractID CUSTOM = SA1e0xkku1d417380732

	ROLE = LeftClickAt
	TARGET =
		WIDGET = WC1fqsh0i1c2124881114, WR17v7k2nb1067391859, WT1qe72ijf99311909, WPjboygg183884664251
		ROLE = UIAMenuItem
		TITLE = File
		SHAPE = Rect [x:367.0 y:261.0 w:32.0 h:19.0]
		CHILDREN = 0
		PATH = [0, 3, 0]
	DESCRIPTION = Left Click at 'File'
	TEXT = Compound Action =
		Move mouse to (383.0, 270.5).
		Press Mouse Button BUTTON1
		Release Mouse Button BUTTON1

ExecutedAction [52]: 
 @Action ConcreteID = AC8ooqi9802756692520 AbstractID = AA8ooqi9802756692520
 ConcreteID CUSTOM = ConcreteID CUSTOM not available AbstractID CUSTOM = AAzs6soo7f531257457
 @State ConcreteID = SC14j9imr28a3294422702 AbstractID = SRml6io426d3670816528
 ConcreteID CUSTOM = SCoupvnk28c2420503617 AbstractID CUSTOM = SAbduj6h2823690180780

	ROLE = LeftClickAt
	TARGET =
		WIDGET = WC1frc9lv1c3431448778, WR17v7k2nb1067391859, WT1qe72ijf99311909, WPjc8r1t181437309355
		ROLE = UIAMenuItem
		TITLE = File
		SHAPE = Rect [x:367.0 y:261.0 w:32.0 h:19.0]
		CHILDREN = 0
		PATH = [0, 4, 0]
	DESCRIPTION = Left Click at 'File'
	TEXT = Compound Action =
		Move mouse to (383.0, 270.5).
		Press Mouse Button BUTTON1
		Release Mouse Button BUTTON1

ExecutedAction [53]: 
 @Action ConcreteID = AC1iuhgxl7e2560804748 AbstractID = AA1iuhgxl7e2560804748
 ConcreteID CUSTOM = ConcreteID CUSTOM not available AbstractID CUSTOM = AA1463xfu7e1142179075
 @State ConcreteID = SC6w2h61d63505289064 AbstractID = SRuxvih1ba2513313992
 ConcreteID CUSTOM = SC22ddoh1d53711883251 AbstractID CUSTOM = SA1e0xkku1d417380732

	ROLE = LeftClickAt
	TARGET =
		WIDGET = WC1fqsh0i1c2124881114, WR17v7k2nb1067391859, WT1qe72ijf99311909, WPjboygg183884664251
		ROLE = UIAMenuItem
		TITLE = File
		SHAPE = Rect [x:367.0 y:261.0 w:32.0 h:19.0]
		CHILDREN = 0
		PATH = [0, 3, 0]
	DESCRIPTION = Left Click at 'File'
	TEXT = Compound Action =
		Move mouse to (383.0, 270.5).
		Press Mouse Button BUTTON1
		Release Mouse Button BUTTON1

ExecutedAction [54]: 
 @Action ConcreteID = AC8ooqi9802756692520 AbstractID = AA8ooqi9802756692520
 ConcreteID CUSTOM = ConcreteID CUSTOM not available AbstractID CUSTOM = AAzs6soo7f531257457
 @State ConcreteID = SC14j9imr28a3294422702 AbstractID = SRml6io426d3670816528
 ConcreteID CUSTOM = SCoupvnk28c2420503617 AbstractID CUSTOM = SAbduj6h2823690180780

	ROLE = LeftClickAt
	TARGET =
		WIDGET = WC1frc9lv1c3431448778, WR17v7k2nb1067391859, WT1qe72ijf99311909, WPjc8r1t181437309355
		ROLE = UIAMenuItem
		TITLE = File
		SHAPE = Rect [x:367.0 y:261.0 w:32.0 h:19.0]
		CHILDREN = 0
		PATH = [0, 4, 0]
	DESCRIPTION = Left Click at 'File'
	TEXT = Compound Action =
		Move mouse to (383.0, 270.5).
		Press Mouse Button BUTTON1
		Release Mouse Button BUTTON1

ExecutedAction [55]: 
 @Action ConcreteID = AC1iuhgxl7e2560804748 AbstractID = AA1iuhgxl7e2560804748
 ConcreteID CUSTOM = ConcreteID CUSTOM not available AbstractID CUSTOM = AA1463xfu7e1142179075
 @State ConcreteID = SC6w2h61d63505289064 AbstractID = SRuxvih1ba2513313992
 ConcreteID CUSTOM = SC22ddoh1d53711883251 AbstractID CUSTOM = SA1e0xkku1d417380732

	ROLE = LeftClickAt
	TARGET =
		WIDGET = WC1fqsh0i1c2124881114, WR17v7k2nb1067391859, WT1qe72ijf99311909, WPjboygg183884664251
		ROLE = UIAMenuItem
		TITLE = File
		SHAPE = Rect [x:367.0 y:261.0 w:32.0 h:19.0]
		CHILDREN = 0
		PATH = [0, 3, 0]
	DESCRIPTION = Left Click at 'File'
	TEXT = Compound Action =
		Move mouse to (383.0, 270.5).
		Press Mouse Button BUTTON1
		Release Mouse Button BUTTON1

ExecutedAction [56]: 
 @Action ConcreteID = AC8ooqi9802756692520 AbstractID = AA8ooqi9802756692520
 ConcreteID CUSTOM = ConcreteID CUSTOM not available AbstractID CUSTOM = AAzs6soo7f531257457
 @State ConcreteID = SC14j9imr28a3294422702 AbstractID = SRml6io426d3670816528
 ConcreteID CUSTOM = SCoupvnk28c2420503617 AbstractID CUSTOM = SAbduj6h2823690180780

	ROLE = LeftClickAt
	TARGET =
		WIDGET = WC1frc9lv1c3431448778, WR17v7k2nb1067391859, WT1qe72ijf99311909, WPjc8r1t181437309355
		ROLE = UIAMenuItem
		TITLE = File
		SHAPE = Rect [x:367.0 y:261.0 w:32.0 h:19.0]
		CHILDREN = 0
		PATH = [0, 4, 0]
	DESCRIPTION = Left Click at 'File'
	TEXT = Compound Action =
		Move mouse to (383.0, 270.5).
		Press Mouse Button BUTTON1
		Release Mouse Button BUTTON1

ExecutedAction [57]: 
 @Action ConcreteID = AC1iuhgxl7e2560804748 AbstractID = AA1iuhgxl7e2560804748
 ConcreteID CUSTOM = ConcreteID CUSTOM not available AbstractID CUSTOM = AA1463xfu7e1142179075
 @State ConcreteID = SC6w2h61d63505289064 AbstractID = SRuxvih1ba2513313992
 ConcreteID CUSTOM = SC22ddoh1d53711883251 AbstractID CUSTOM = SA1e0xkku1d417380732

	ROLE = LeftClickAt
	TARGET =
		WIDGET = WC1fqsh0i1c2124881114, WR17v7k2nb1067391859, WT1qe72ijf99311909, WPjboygg183884664251
		ROLE = UIAMenuItem
		TITLE = File
		SHAPE = Rect [x:367.0 y:261.0 w:32.0 h:19.0]
		CHILDREN = 0
		PATH = [0, 3, 0]
	DESCRIPTION = Left Click at 'File'
	TEXT = Compound Action =
		Move mouse to (383.0, 270.5).
		Press Mouse Button BUTTON1
		Release Mouse Button BUTTON1

ExecutedAction [58]: 
 @Action ConcreteID = AC8ooqi9802756692520 AbstractID = AA8ooqi9802756692520
 ConcreteID CUSTOM = ConcreteID CUSTOM not available AbstractID CUSTOM = AAzs6soo7f531257457
 @State ConcreteID = SC14j9imr28a3294422702 AbstractID = SRml6io426d3670816528
 ConcreteID CUSTOM = SCoupvnk28c2420503617 AbstractID CUSTOM = SAbduj6h2823690180780

	ROLE = LeftClickAt
	TARGET =
		WIDGET = WC1frc9lv1c3431448778, WR17v7k2nb1067391859, WT1qe72ijf99311909, WPjc8r1t181437309355
		ROLE = UIAMenuItem
		TITLE = File
		SHAPE = Rect [x:367.0 y:261.0 w:32.0 h:19.0]
		CHILDREN = 0
		PATH = [0, 4, 0]
	DESCRIPTION = Left Click at 'File'
	TEXT = Compound Action =
		Move mouse to (383.0, 270.5).
		Press Mouse Button BUTTON1
		Release Mouse Button BUTTON1

ExecutedAction [59]: 
 @Action ConcreteID = AC1iuhgxl7e2560804748 AbstractID = AA1iuhgxl7e2560804748
 ConcreteID CUSTOM = ConcreteID CUSTOM not available AbstractID CUSTOM = AA1463xfu7e1142179075
 @State ConcreteID = SC6w2h61d63505289064 AbstractID = SRuxvih1ba2513313992
 ConcreteID CUSTOM = SC22ddoh1d53711883251 AbstractID CUSTOM = SA1e0xkku1d417380732

	ROLE = LeftClickAt
	TARGET =
		WIDGET = WC1fqsh0i1c2124881114, WR17v7k2nb1067391859, WT1qe72ijf99311909, WPjboygg183884664251
		ROLE = UIAMenuItem
		TITLE = File
		SHAPE = Rect [x:367.0 y:261.0 w:32.0 h:19.0]
		CHILDREN = 0
		PATH = [0, 3, 0]
	DESCRIPTION = Left Click at 'File'
	TEXT = Compound Action =
		Move mouse to (383.0, 270.5).
		Press Mouse Button BUTTON1
		Release Mouse Button BUTTON1

ExecutedAction [60]: 
 @Action ConcreteID = AC8ooqi9802756692520 AbstractID = AA8ooqi9802756692520
 ConcreteID CUSTOM = ConcreteID CUSTOM not available AbstractID CUSTOM = AAzs6soo7f531257457
 @State ConcreteID = SC14j9imr28a3294422702 AbstractID = SRml6io426d3670816528
 ConcreteID CUSTOM = SCoupvnk28c2420503617 AbstractID CUSTOM = SAbduj6h2823690180780

	ROLE = LeftClickAt
	TARGET =
		WIDGET = WC1frc9lv1c3431448778, WR17v7k2nb1067391859, WT1qe72ijf99311909, WPjc8r1t181437309355
		ROLE = UIAMenuItem
		TITLE = File
		SHAPE = Rect [x:367.0 y:261.0 w:32.0 h:19.0]
		CHILDREN = 0
		PATH = [0, 4, 0]
	DESCRIPTION = Left Click at 'File'
	TEXT = Compound Action =
		Move mouse to (383.0, 270.5).
		Press Mouse Button BUTTON1
		Release Mouse Button BUTTON1

ExecutedAction [61]: 
 @Action ConcreteID = AC1iuhgxl7e2560804748 AbstractID = AA1iuhgxl7e2560804748
 ConcreteID CUSTOM = ConcreteID CUSTOM not available AbstractID CUSTOM = AA1463xfu7e1142179075
 @State ConcreteID = SC6w2h61d63505289064 AbstractID = SRuxvih1ba2513313992
 ConcreteID CUSTOM = SC22ddoh1d53711883251 AbstractID CUSTOM = SA1e0xkku1d417380732

	ROLE = LeftClickAt
	TARGET =
		WIDGET = WC1fqsh0i1c2124881114, WR17v7k2nb1067391859, WT1qe72ijf99311909, WPjboygg183884664251
		ROLE = UIAMenuItem
		TITLE = File
		SHAPE = Rect [x:367.0 y:261.0 w:32.0 h:19.0]
		CHILDREN = 0
		PATH = [0, 3, 0]
	DESCRIPTION = Left Click at 'File'
	TEXT = Compound Action =
		Move mouse to (383.0, 270.5).
		Press Mouse Button BUTTON1
		Release Mouse Button BUTTON1

ExecutedAction [62]: 
 @Action ConcreteID = AC8ooqi9802756692520 AbstractID = AA8ooqi9802756692520
 ConcreteID CUSTOM = ConcreteID CUSTOM not available AbstractID CUSTOM = AAzs6soo7f531257457
 @State ConcreteID = SC14j9imr28a3294422702 AbstractID = SRml6io426d3670816528
 ConcreteID CUSTOM = SCoupvnk28c2420503617 AbstractID CUSTOM = SAbduj6h2823690180780

	ROLE = LeftClickAt
	TARGET =
		WIDGET = WC1frc9lv1c3431448778, WR17v7k2nb1067391859, WT1qe72ijf99311909, WPjc8r1t181437309355
		ROLE = UIAMenuItem
		TITLE = File
		SHAPE = Rect [x:367.0 y:261.0 w:32.0 h:19.0]
		CHILDREN = 0
		PATH = [0, 4, 0]
	DESCRIPTION = Left Click at 'File'
	TEXT = Compound Action =
		Move mouse to (383.0, 270.5).
		Press Mouse Button BUTTON1
		Release Mouse Button BUTTON1

ExecutedAction [63]: 
 @Action ConcreteID = AC1iuhgxl7e2560804748 AbstractID = AA1iuhgxl7e2560804748
 ConcreteID CUSTOM = ConcreteID CUSTOM not available AbstractID CUSTOM = AA1463xfu7e1142179075
 @State ConcreteID = SC6w2h61d63505289064 AbstractID = SRuxvih1ba2513313992
 ConcreteID CUSTOM = SC22ddoh1d53711883251 AbstractID CUSTOM = SA1e0xkku1d417380732

	ROLE = LeftClickAt
	TARGET =
		WIDGET = WC1fqsh0i1c2124881114, WR17v7k2nb1067391859, WT1qe72ijf99311909, WPjboygg183884664251
		ROLE = UIAMenuItem
		TITLE = File
		SHAPE = Rect [x:367.0 y:261.0 w:32.0 h:19.0]
		CHILDREN = 0
		PATH = [0, 3, 0]
	DESCRIPTION = Left Click at 'File'
	TEXT = Compound Action =
		Move mouse to (383.0, 270.5).
		Press Mouse Button BUTTON1
		Release Mouse Button BUTTON1

ExecutedAction [64]: 
 @Action ConcreteID = AC8ooqi9802756692520 AbstractID = AA8ooqi9802756692520
 ConcreteID CUSTOM = ConcreteID CUSTOM not available AbstractID CUSTOM = AAzs6soo7f531257457
 @State ConcreteID = SC14j9imr28a3294422702 AbstractID = SRml6io426d3670816528
 ConcreteID CUSTOM = SCoupvnk28c2420503617 AbstractID CUSTOM = SAbduj6h2823690180780

	ROLE = LeftClickAt
	TARGET =
		WIDGET = WC1frc9lv1c3431448778, WR17v7k2nb1067391859, WT1qe72ijf99311909, WPjc8r1t181437309355
		ROLE = UIAMenuItem
		TITLE = File
		SHAPE = Rect [x:367.0 y:261.0 w:32.0 h:19.0]
		CHILDREN = 0
		PATH = [0, 4, 0]
	DESCRIPTION = Left Click at 'File'
	TEXT = Compound Action =
		Move mouse to (383.0, 270.5).
		Press Mouse Button BUTTON1
		Release Mouse Button BUTTON1

ExecutedAction [65]: 
 @Action ConcreteID = AC1iuhgxl7e2560804748 AbstractID = AA1iuhgxl7e2560804748
 ConcreteID CUSTOM = ConcreteID CUSTOM not available AbstractID CUSTOM = AA1463xfu7e1142179075
 @State ConcreteID = SC6w2h61d63505289064 AbstractID = SRuxvih1ba2513313992
 ConcreteID CUSTOM = SC22ddoh1d53711883251 AbstractID CUSTOM = SA1e0xkku1d417380732

	ROLE = LeftClickAt
	TARGET =
		WIDGET = WC1fqsh0i1c2124881114, WR17v7k2nb1067391859, WT1qe72ijf99311909, WPjboygg183884664251
		ROLE = UIAMenuItem
		TITLE = File
		SHAPE = Rect [x:367.0 y:261.0 w:32.0 h:19.0]
		CHILDREN = 0
		PATH = [0, 3, 0]
	DESCRIPTION = Left Click at 'File'
	TEXT = Compound Action =
		Move mouse to (383.0, 270.5).
		Press Mouse Button BUTTON1
		Release Mouse Button BUTTON1

ExecutedAction [66]: 
 @Action ConcreteID = AC8ooqi9802756692520 AbstractID = AA8ooqi9802756692520
 ConcreteID CUSTOM = ConcreteID CUSTOM not available AbstractID CUSTOM = AAzs6soo7f531257457
 @State ConcreteID = SC14j9imr28a3294422702 AbstractID = SRml6io426d3670816528
 ConcreteID CUSTOM = SCoupvnk28c2420503617 AbstractID CUSTOM = SAbduj6h2823690180780

	ROLE = LeftClickAt
	TARGET =
		WIDGET = WC1frc9lv1c3431448778, WR17v7k2nb1067391859, WT1qe72ijf99311909, WPjc8r1t181437309355
		ROLE = UIAMenuItem
		TITLE = File
		SHAPE = Rect [x:367.0 y:261.0 w:32.0 h:19.0]
		CHILDREN = 0
		PATH = [0, 4, 0]
	DESCRIPTION = Left Click at 'File'
	TEXT = Compound Action =
		Move mouse to (383.0, 270.5).
		Press Mouse Button BUTTON1
		Release Mouse Button BUTTON1

ExecutedAction [67]: 
 @Action ConcreteID = AC1iuhgxl7e2560804748 AbstractID = AA1iuhgxl7e2560804748
 ConcreteID CUSTOM = ConcreteID CUSTOM not available AbstractID CUSTOM = AA1463xfu7e1142179075
 @State ConcreteID = SC6w2h61d63505289064 AbstractID = SRuxvih1ba2513313992
 ConcreteID CUSTOM = SC22ddoh1d53711883251 AbstractID CUSTOM = SA1e0xkku1d417380732

	ROLE = LeftClickAt
	TARGET =
		WIDGET = WC1fqsh0i1c2124881114, WR17v7k2nb1067391859, WT1qe72ijf99311909, WPjboygg183884664251
		ROLE = UIAMenuItem
		TITLE = File
		SHAPE = Rect [x:367.0 y:261.0 w:32.0 h:19.0]
		CHILDREN = 0
		PATH = [0, 3, 0]
	DESCRIPTION = Left Click at 'File'
	TEXT = Compound Action =
		Move mouse to (383.0, 270.5).
		Press Mouse Button BUTTON1
		Release Mouse Button BUTTON1

ExecutedAction [68]: 
 @Action ConcreteID = AC8ooqi9802756692520 AbstractID = AA8ooqi9802756692520
 ConcreteID CUSTOM = ConcreteID CUSTOM not available AbstractID CUSTOM = AAzs6soo7f531257457
 @State ConcreteID = SC14j9imr28a3294422702 AbstractID = SRml6io426d3670816528
 ConcreteID CUSTOM = SCoupvnk28c2420503617 AbstractID CUSTOM = SAbduj6h2823690180780

	ROLE = LeftClickAt
	TARGET =
		WIDGET = WC1frc9lv1c3431448778, WR17v7k2nb1067391859, WT1qe72ijf99311909, WPjc8r1t181437309355
		ROLE = UIAMenuItem
		TITLE = File
		SHAPE = Rect [x:367.0 y:261.0 w:32.0 h:19.0]
		CHILDREN = 0
		PATH = [0, 4, 0]
	DESCRIPTION = Left Click at 'File'
	TEXT = Compound Action =
		Move mouse to (383.0, 270.5).
		Press Mouse Button BUTTON1
		Release Mouse Button BUTTON1

ExecutedAction [69]: 
 @Action ConcreteID = AC1iuhgxl7e2560804748 AbstractID = AA1iuhgxl7e2560804748
 ConcreteID CUSTOM = ConcreteID CUSTOM not available AbstractID CUSTOM = AA1463xfu7e1142179075
 @State ConcreteID = SC6w2h61d63505289064 AbstractID = SRuxvih1ba2513313992
 ConcreteID CUSTOM = SC22ddoh1d53711883251 AbstractID CUSTOM = SA1e0xkku1d417380732

	ROLE = LeftClickAt
	TARGET =
		WIDGET = WC1fqsh0i1c2124881114, WR17v7k2nb1067391859, WT1qe72ijf99311909, WPjboygg183884664251
		ROLE = UIAMenuItem
		TITLE = File
		SHAPE = Rect [x:367.0 y:261.0 w:32.0 h:19.0]
		CHILDREN = 0
		PATH = [0, 3, 0]
	DESCRIPTION = Left Click at 'File'
	TEXT = Compound Action =
		Move mouse to (383.0, 270.5).
		Press Mouse Button BUTTON1
		Release Mouse Button BUTTON1

ExecutedAction [70]: 
 @Action ConcreteID = AC8ooqi9802756692520 AbstractID = AA8ooqi9802756692520
 ConcreteID CUSTOM = ConcreteID CUSTOM not available AbstractID CUSTOM = AAzs6soo7f531257457
 @State ConcreteID = SC14j9imr28a3294422702 AbstractID = SRml6io426d3670816528
 ConcreteID CUSTOM = SCoupvnk28c2420503617 AbstractID CUSTOM = SAbduj6h2823690180780

	ROLE = LeftClickAt
	TARGET =
		WIDGET = WC1frc9lv1c3431448778, WR17v7k2nb1067391859, WT1qe72ijf99311909, WPjc8r1t181437309355
		ROLE = UIAMenuItem
		TITLE = File
		SHAPE = Rect [x:367.0 y:261.0 w:32.0 h:19.0]
		CHILDREN = 0
		PATH = [0, 4, 0]
	DESCRIPTION = Left Click at 'File'
	TEXT = Compound Action =
		Move mouse to (383.0, 270.5).
		Press Mouse Button BUTTON1
		Release Mouse Button BUTTON1

ExecutedAction [71]: 
 @Action ConcreteID = AC1iuhgxl7e2560804748 AbstractID = AA1iuhgxl7e2560804748
 ConcreteID CUSTOM = ConcreteID CUSTOM not available AbstractID CUSTOM = AA1463xfu7e1142179075
 @State ConcreteID = SC6w2h61d63505289064 AbstractID = SRuxvih1ba2513313992
 ConcreteID CUSTOM = SC22ddoh1d53711883251 AbstractID CUSTOM = SA1e0xkku1d417380732

	ROLE = LeftClickAt
	TARGET =
		WIDGET = WC1fqsh0i1c2124881114, WR17v7k2nb1067391859, WT1qe72ijf99311909, WPjboygg183884664251
		ROLE = UIAMenuItem
		TITLE = File
		SHAPE = Rect [x:367.0 y:261.0 w:32.0 h:19.0]
		CHILDREN = 0
		PATH = [0, 3, 0]
	DESCRIPTION = Left Click at 'File'
	TEXT = Compound Action =
		Move mouse to (383.0, 270.5).
		Press Mouse Button BUTTON1
		Release Mouse Button BUTTON1

ExecutedAction [72]: 
 @Action ConcreteID = AC8ooqi9802756692520 AbstractID = AA8ooqi9802756692520
 ConcreteID CUSTOM = ConcreteID CUSTOM not available AbstractID CUSTOM = AAzs6soo7f531257457
 @State ConcreteID = SC14j9imr28a3294422702 AbstractID = SRml6io426d3670816528
 ConcreteID CUSTOM = SCoupvnk28c2420503617 AbstractID CUSTOM = SAbduj6h2823690180780

	ROLE = LeftClickAt
	TARGET =
		WIDGET = WC1frc9lv1c3431448778, WR17v7k2nb1067391859, WT1qe72ijf99311909, WPjc8r1t181437309355
		ROLE = UIAMenuItem
		TITLE = File
		SHAPE = Rect [x:367.0 y:261.0 w:32.0 h:19.0]
		CHILDREN = 0
		PATH = [0, 4, 0]
	DESCRIPTION = Left Click at 'File'
	TEXT = Compound Action =
		Move mouse to (383.0, 270.5).
		Press Mouse Button BUTTON1
		Release Mouse Button BUTTON1

ExecutedAction [73]: 
 @Action ConcreteID = AC1iuhgxl7e2560804748 AbstractID = AA1iuhgxl7e2560804748
 ConcreteID CUSTOM = ConcreteID CUSTOM not available AbstractID CUSTOM = AA1463xfu7e1142179075
 @State ConcreteID = SC6w2h61d63505289064 AbstractID = SRuxvih1ba2513313992
 ConcreteID CUSTOM = SC22ddoh1d53711883251 AbstractID CUSTOM = SA1e0xkku1d417380732

	ROLE = LeftClickAt
	TARGET =
		WIDGET = WC1fqsh0i1c2124881114, WR17v7k2nb1067391859, WT1qe72ijf99311909, WPjboygg183884664251
		ROLE = UIAMenuItem
		TITLE = File
		SHAPE = Rect [x:367.0 y:261.0 w:32.0 h:19.0]
		CHILDREN = 0
		PATH = [0, 3, 0]
	DESCRIPTION = Left Click at 'File'
	TEXT = Compound Action =
		Move mouse to (383.0, 270.5).
		Press Mouse Button BUTTON1
		Release Mouse Button BUTTON1

ExecutedAction [74]: 
 @Action ConcreteID = AC8ooqi9802756692520 AbstractID = AA8ooqi9802756692520
 ConcreteID CUSTOM = ConcreteID CUSTOM not available AbstractID CUSTOM = AAzs6soo7f531257457
 @State ConcreteID = SC14j9imr28a3294422702 AbstractID = SRml6io426d3670816528
 ConcreteID CUSTOM = SCoupvnk28c2420503617 AbstractID CUSTOM = SAbduj6h2823690180780

	ROLE = LeftClickAt
	TARGET =
		WIDGET = WC1frc9lv1c3431448778, WR17v7k2nb1067391859, WT1qe72ijf99311909, WPjc8r1t181437309355
		ROLE = UIAMenuItem
		TITLE = File
		SHAPE = Rect [x:367.0 y:261.0 w:32.0 h:19.0]
		CHILDREN = 0
		PATH = [0, 4, 0]
	DESCRIPTION = Left Click at 'File'
	TEXT = Compound Action =
		Move mouse to (383.0, 270.5).
		Press Mouse Button BUTTON1
		Release Mouse Button BUTTON1

ExecutedAction [75]: 
 @Action ConcreteID = AC1iuhgxl7e2560804748 AbstractID = AA1iuhgxl7e2560804748
 ConcreteID CUSTOM = ConcreteID CUSTOM not available AbstractID CUSTOM = AA1463xfu7e1142179075
 @State ConcreteID = SC6w2h61d63505289064 AbstractID = SRuxvih1ba2513313992
 ConcreteID CUSTOM = SC22ddoh1d53711883251 AbstractID CUSTOM = SA1e0xkku1d417380732

	ROLE = LeftClickAt
	TARGET =
		WIDGET = WC1fqsh0i1c2124881114, WR17v7k2nb1067391859, WT1qe72ijf99311909, WPjboygg183884664251
		ROLE = UIAMenuItem
		TITLE = File
		SHAPE = Rect [x:367.0 y:261.0 w:32.0 h:19.0]
		CHILDREN = 0
		PATH = [0, 3, 0]
	DESCRIPTION = Left Click at 'File'
	TEXT = Compound Action =
		Move mouse to (383.0, 270.5).
		Press Mouse Button BUTTON1
		Release Mouse Button BUTTON1

ExecutedAction [76]: 
 @Action ConcreteID = AC8ooqi9802756692520 AbstractID = AA8ooqi9802756692520
 ConcreteID CUSTOM = ConcreteID CUSTOM not available AbstractID CUSTOM = AAzs6soo7f531257457
 @State ConcreteID = SC14j9imr28a3294422702 AbstractID = SRml6io426d3670816528
 ConcreteID CUSTOM = SCoupvnk28c2420503617 AbstractID CUSTOM = SAbduj6h2823690180780

	ROLE = LeftClickAt
	TARGET =
		WIDGET = WC1frc9lv1c3431448778, WR17v7k2nb1067391859, WT1qe72ijf99311909, WPjc8r1t181437309355
		ROLE = UIAMenuItem
		TITLE = File
		SHAPE = Rect [x:367.0 y:261.0 w:32.0 h:19.0]
		CHILDREN = 0
		PATH = [0, 4, 0]
	DESCRIPTION = Left Click at 'File'
	TEXT = Compound Action =
		Move mouse to (383.0, 270.5).
		Press Mouse Button BUTTON1
		Release Mouse Button BUTTON1

ExecutedAction [77]: 
 @Action ConcreteID = AC1iuhgxl7e2560804748 AbstractID = AA1iuhgxl7e2560804748
 ConcreteID CUSTOM = ConcreteID CUSTOM not available AbstractID CUSTOM = AA1463xfu7e1142179075
 @State ConcreteID = SC6w2h61d63505289064 AbstractID = SRuxvih1ba2513313992
 ConcreteID CUSTOM = SC22ddoh1d53711883251 AbstractID CUSTOM = SA1e0xkku1d417380732

	ROLE = LeftClickAt
	TARGET =
		WIDGET = WC1fqsh0i1c2124881114, WR17v7k2nb1067391859, WT1qe72ijf99311909, WPjboygg183884664251
		ROLE = UIAMenuItem
		TITLE = File
		SHAPE = Rect [x:367.0 y:261.0 w:32.0 h:19.0]
		CHILDREN = 0
		PATH = [0, 3, 0]
	DESCRIPTION = Left Click at 'File'
	TEXT = Compound Action =
		Move mouse to (383.0, 270.5).
		Press Mouse Button BUTTON1
		Release Mouse Button BUTTON1

ExecutedAction [78]: 
 @Action ConcreteID = AC8ooqi9802756692520 AbstractID = AA8ooqi9802756692520
 ConcreteID CUSTOM = ConcreteID CUSTOM not available AbstractID CUSTOM = AAzs6soo7f531257457
 @State ConcreteID = SC14j9imr28a3294422702 AbstractID = SRml6io426d3670816528
 ConcreteID CUSTOM = SCoupvnk28c2420503617 AbstractID CUSTOM = SAbduj6h2823690180780

	ROLE = LeftClickAt
	TARGET =
		WIDGET = WC1frc9lv1c3431448778, WR17v7k2nb1067391859, WT1qe72ijf99311909, WPjc8r1t181437309355
		ROLE = UIAMenuItem
		TITLE = File
		SHAPE = Rect [x:367.0 y:261.0 w:32.0 h:19.0]
		CHILDREN = 0
		PATH = [0, 4, 0]
	DESCRIPTION = Left Click at 'File'
	TEXT = Compound Action =
		Move mouse to (383.0, 270.5).
		Press Mouse Button BUTTON1
		Release Mouse Button BUTTON1

ExecutedAction [79]: 
 @Action ConcreteID = AC1iuhgxl7e2560804748 AbstractID = AA1iuhgxl7e2560804748
 ConcreteID CUSTOM = ConcreteID CUSTOM not available AbstractID CUSTOM = AA1463xfu7e1142179075
 @State ConcreteID = SC6w2h61d63505289064 AbstractID = SRuxvih1ba2513313992
 ConcreteID CUSTOM = SC22ddoh1d53711883251 AbstractID CUSTOM = SA1e0xkku1d417380732

	ROLE = LeftClickAt
	TARGET =
		WIDGET = WC1fqsh0i1c2124881114, WR17v7k2nb1067391859, WT1qe72ijf99311909, WPjboygg183884664251
		ROLE = UIAMenuItem
		TITLE = File
		SHAPE = Rect [x:367.0 y:261.0 w:32.0 h:19.0]
		CHILDREN = 0
		PATH = [0, 3, 0]
	DESCRIPTION = Left Click at 'File'
	TEXT = Compound Action =
		Move mouse to (383.0, 270.5).
		Press Mouse Button BUTTON1
		Release Mouse Button BUTTON1

ExecutedAction [80]: 
 @Action ConcreteID = AC8ooqi9802756692520 AbstractID = AA8ooqi9802756692520
 ConcreteID CUSTOM = ConcreteID CUSTOM not available AbstractID CUSTOM = AAzs6soo7f531257457
 @State ConcreteID = SC14j9imr28a3294422702 AbstractID = SRml6io426d3670816528
 ConcreteID CUSTOM = SCoupvnk28c2420503617 AbstractID CUSTOM = SAbduj6h2823690180780

	ROLE = LeftClickAt
	TARGET =
		WIDGET = WC1frc9lv1c3431448778, WR17v7k2nb1067391859, WT1qe72ijf99311909, WPjc8r1t181437309355
		ROLE = UIAMenuItem
		TITLE = File
		SHAPE = Rect [x:367.0 y:261.0 w:32.0 h:19.0]
		CHILDREN = 0
		PATH = [0, 4, 0]
	DESCRIPTION = Left Click at 'File'
	TEXT = Compound Action =
		Move mouse to (383.0, 270.5).
		Press Mouse Button BUTTON1
		Release Mouse Button BUTTON1

ExecutedAction [81]: 
 @Action ConcreteID = AC1iuhgxl7e2560804748 AbstractID = AA1iuhgxl7e2560804748
 ConcreteID CUSTOM = ConcreteID CUSTOM not available AbstractID CUSTOM = AA1463xfu7e1142179075
 @State ConcreteID = SC6w2h61d63505289064 AbstractID = SRuxvih1ba2513313992
 ConcreteID CUSTOM = SC22ddoh1d53711883251 AbstractID CUSTOM = SA1e0xkku1d417380732

	ROLE = LeftClickAt
	TARGET =
		WIDGET = WC1fqsh0i1c2124881114, WR17v7k2nb1067391859, WT1qe72ijf99311909, WPjboygg183884664251
		ROLE = UIAMenuItem
		TITLE = File
		SHAPE = Rect [x:367.0 y:261.0 w:32.0 h:19.0]
		CHILDREN = 0
		PATH = [0, 3, 0]
	DESCRIPTION = Left Click at 'File'
	TEXT = Compound Action =
		Move mouse to (383.0, 270.5).
		Press Mouse Button BUTTON1
		Release Mouse Button BUTTON1

ExecutedAction [82]: 
 @Action ConcreteID = AC8ooqi9802756692520 AbstractID = AA8ooqi9802756692520
 ConcreteID CUSTOM = ConcreteID CUSTOM not available AbstractID CUSTOM = AAzs6soo7f531257457
 @State ConcreteID = SC14j9imr28a3294422702 AbstractID = SRml6io426d3670816528
 ConcreteID CUSTOM = SCoupvnk28c2420503617 AbstractID CUSTOM = SAbduj6h2823690180780

	ROLE = LeftClickAt
	TARGET =
		WIDGET = WC1frc9lv1c3431448778, WR17v7k2nb1067391859, WT1qe72ijf99311909, WPjc8r1t181437309355
		ROLE = UIAMenuItem
		TITLE = File
		SHAPE = Rect [x:367.0 y:261.0 w:32.0 h:19.0]
		CHILDREN = 0
		PATH = [0, 4, 0]
	DESCRIPTION = Left Click at 'File'
	TEXT = Compound Action =
		Move mouse to (383.0, 270.5).
		Press Mouse Button BUTTON1
		Release Mouse Button BUTTON1

ExecutedAction [83]: 
 @Action ConcreteID = AC1iuhgxl7e2560804748 AbstractID = AA1iuhgxl7e2560804748
 ConcreteID CUSTOM = ConcreteID CUSTOM not available AbstractID CUSTOM = AA1463xfu7e1142179075
 @State ConcreteID = SC6w2h61d63505289064 AbstractID = SRuxvih1ba2513313992
 ConcreteID CUSTOM = SC22ddoh1d53711883251 AbstractID CUSTOM = SA1e0xkku1d417380732

	ROLE = LeftClickAt
	TARGET =
		WIDGET = WC1fqsh0i1c2124881114, WR17v7k2nb1067391859, WT1qe72ijf99311909, WPjboygg183884664251
		ROLE = UIAMenuItem
		TITLE = File
		SHAPE = Rect [x:367.0 y:261.0 w:32.0 h:19.0]
		CHILDREN = 0
		PATH = [0, 3, 0]
	DESCRIPTION = Left Click at 'File'
	TEXT = Compound Action =
		Move mouse to (383.0, 270.5).
		Press Mouse Button BUTTON1
		Release Mouse Button BUTTON1

ExecutedAction [84]: 
 @Action ConcreteID = AC8ooqi9802756692520 AbstractID = AA8ooqi9802756692520
 ConcreteID CUSTOM = ConcreteID CUSTOM not available AbstractID CUSTOM = AAzs6soo7f531257457
 @State ConcreteID = SC14j9imr28a3294422702 AbstractID = SRml6io426d3670816528
 ConcreteID CUSTOM = SCoupvnk28c2420503617 AbstractID CUSTOM = SAbduj6h2823690180780

	ROLE = LeftClickAt
	TARGET =
		WIDGET = WC1frc9lv1c3431448778, WR17v7k2nb1067391859, WT1qe72ijf99311909, WPjc8r1t181437309355
		ROLE = UIAMenuItem
		TITLE = File
		SHAPE = Rect [x:367.0 y:261.0 w:32.0 h:19.0]
		CHILDREN = 0
		PATH = [0, 4, 0]
	DESCRIPTION = Left Click at 'File'
	TEXT = Compound Action =
		Move mouse to (383.0, 270.5).
		Press Mouse Button BUTTON1
		Release Mouse Button BUTTON1

ExecutedAction [85]: 
 @Action ConcreteID = AC1iuhgxl7e2560804748 AbstractID = AA1iuhgxl7e2560804748
 ConcreteID CUSTOM = ConcreteID CUSTOM not available AbstractID CUSTOM = AA1463xfu7e1142179075
 @State ConcreteID = SC6w2h61d63505289064 AbstractID = SRuxvih1ba2513313992
 ConcreteID CUSTOM = SC22ddoh1d53711883251 AbstractID CUSTOM = SA1e0xkku1d417380732

	ROLE = LeftClickAt
	TARGET =
		WIDGET = WC1fqsh0i1c2124881114, WR17v7k2nb1067391859, WT1qe72ijf99311909, WPjboygg183884664251
		ROLE = UIAMenuItem
		TITLE = File
		SHAPE = Rect [x:367.0 y:261.0 w:32.0 h:19.0]
		CHILDREN = 0
		PATH = [0, 3, 0]
	DESCRIPTION = Left Click at 'File'
	TEXT = Compound Action =
		Move mouse to (383.0, 270.5).
		Press Mouse Button BUTTON1
		Release Mouse Button BUTTON1

ExecutedAction [86]: 
 @Action ConcreteID = AC8ooqi9802756692520 AbstractID = AA8ooqi9802756692520
 ConcreteID CUSTOM = ConcreteID CUSTOM not available AbstractID CUSTOM = AAzs6soo7f531257457
 @State ConcreteID = SC14j9imr28a3294422702 AbstractID = SRml6io426d3670816528
 ConcreteID CUSTOM = SCoupvnk28c2420503617 AbstractID CUSTOM = SAbduj6h2823690180780

	ROLE = LeftClickAt
	TARGET =
		WIDGET = WC1frc9lv1c3431448778, WR17v7k2nb1067391859, WT1qe72ijf99311909, WPjc8r1t181437309355
		ROLE = UIAMenuItem
		TITLE = File
		SHAPE = Rect [x:367.0 y:261.0 w:32.0 h:19.0]
		CHILDREN = 0
		PATH = [0, 4, 0]
	DESCRIPTION = Left Click at 'File'
	TEXT = Compound Action =
		Move mouse to (383.0, 270.5).
		Press Mouse Button BUTTON1
		Release Mouse Button BUTTON1

ExecutedAction [87]: 
 @Action ConcreteID = AC1iuhgxl7e2560804748 AbstractID = AA1iuhgxl7e2560804748
 ConcreteID CUSTOM = ConcreteID CUSTOM not available AbstractID CUSTOM = AA1463xfu7e1142179075
 @State ConcreteID = SC6w2h61d63505289064 AbstractID = SRuxvih1ba2513313992
 ConcreteID CUSTOM = SC22ddoh1d53711883251 AbstractID CUSTOM = SA1e0xkku1d417380732

	ROLE = LeftClickAt
	TARGET =
		WIDGET = WC1fqsh0i1c2124881114, WR17v7k2nb1067391859, WT1qe72ijf99311909, WPjboygg183884664251
		ROLE = UIAMenuItem
		TITLE = File
		SHAPE = Rect [x:367.0 y:261.0 w:32.0 h:19.0]
		CHILDREN = 0
		PATH = [0, 3, 0]
	DESCRIPTION = Left Click at 'File'
	TEXT = Compound Action =
		Move mouse to (383.0, 270.5).
		Press Mouse Button BUTTON1
		Release Mouse Button BUTTON1

ExecutedAction [88]: 
 @Action ConcreteID = AC8ooqi9802756692520 AbstractID = AA8ooqi9802756692520
 ConcreteID CUSTOM = ConcreteID CUSTOM not available AbstractID CUSTOM = AAzs6soo7f531257457
 @State ConcreteID = SC14j9imr28a3294422702 AbstractID = SRml6io426d3670816528
 ConcreteID CUSTOM = SCoupvnk28c2420503617 AbstractID CUSTOM = SAbduj6h2823690180780

	ROLE = LeftClickAt
	TARGET =
		WIDGET = WC1frc9lv1c3431448778, WR17v7k2nb1067391859, WT1qe72ijf99311909, WPjc8r1t181437309355
		ROLE = UIAMenuItem
		TITLE = File
		SHAPE = Rect [x:367.0 y:261.0 w:32.0 h:19.0]
		CHILDREN = 0
		PATH = [0, 4, 0]
	DESCRIPTION = Left Click at 'File'
	TEXT = Compound Action =
		Move mouse to (383.0, 270.5).
		Press Mouse Button BUTTON1
		Release Mouse Button BUTTON1

ExecutedAction [89]: 
 @Action ConcreteID = AC1iuhgxl7e2560804748 AbstractID = AA1iuhgxl7e2560804748
 ConcreteID CUSTOM = ConcreteID CUSTOM not available AbstractID CUSTOM = AA1463xfu7e1142179075
 @State ConcreteID = SC6w2h61d63505289064 AbstractID = SRuxvih1ba2513313992
 ConcreteID CUSTOM = SC22ddoh1d53711883251 AbstractID CUSTOM = SA1e0xkku1d417380732

	ROLE = LeftClickAt
	TARGET =
		WIDGET = WC1fqsh0i1c2124881114, WR17v7k2nb1067391859, WT1qe72ijf99311909, WPjboygg183884664251
		ROLE = UIAMenuItem
		TITLE = File
		SHAPE = Rect [x:367.0 y:261.0 w:32.0 h:19.0]
		CHILDREN = 0
		PATH = [0, 3, 0]
	DESCRIPTION = Left Click at 'File'
	TEXT = Compound Action =
		Move mouse to (383.0, 270.5).
		Press Mouse Button BUTTON1
		Release Mouse Button BUTTON1

ExecutedAction [90]: 
 @Action ConcreteID = AC8ooqi9802756692520 AbstractID = AA8ooqi9802756692520
 ConcreteID CUSTOM = ConcreteID CUSTOM not available AbstractID CUSTOM = AAzs6soo7f531257457
 @State ConcreteID = SC14j9imr28a3294422702 AbstractID = SRml6io426d3670816528
 ConcreteID CUSTOM = SCoupvnk28c2420503617 AbstractID CUSTOM = SAbduj6h2823690180780

	ROLE = LeftClickAt
	TARGET =
		WIDGET = WC1frc9lv1c3431448778, WR17v7k2nb1067391859, WT1qe72ijf99311909, WPjc8r1t181437309355
		ROLE = UIAMenuItem
		TITLE = File
		SHAPE = Rect [x:367.0 y:261.0 w:32.0 h:19.0]
		CHILDREN = 0
		PATH = [0, 4, 0]
	DESCRIPTION = Left Click at 'File'
	TEXT = Compound Action =
		Move mouse to (383.0, 270.5).
		Press Mouse Button BUTTON1
		Release Mouse Button BUTTON1

ExecutedAction [91]: 
 @Action ConcreteID = AC1iuhgxl7e2560804748 AbstractID = AA1iuhgxl7e2560804748
 ConcreteID CUSTOM = ConcreteID CUSTOM not available AbstractID CUSTOM = AA1463xfu7e1142179075
 @State ConcreteID = SC6w2h61d63505289064 AbstractID = SRuxvih1ba2513313992
 ConcreteID CUSTOM = SC22ddoh1d53711883251 AbstractID CUSTOM = SA1e0xkku1d417380732

	ROLE = LeftClickAt
	TARGET =
		WIDGET = WC1fqsh0i1c2124881114, WR17v7k2nb1067391859, WT1qe72ijf99311909, WPjboygg183884664251
		ROLE = UIAMenuItem
		TITLE = File
		SHAPE = Rect [x:367.0 y:261.0 w:32.0 h:19.0]
		CHILDREN = 0
		PATH = [0, 3, 0]
	DESCRIPTION = Left Click at 'File'
	TEXT = Compound Action =
		Move mouse to (383.0, 270.5).
		Press Mouse Button BUTTON1
		Release Mouse Button BUTTON1

ExecutedAction [92]: 
 @Action ConcreteID = AC8ooqi9802756692520 AbstractID = AA8ooqi9802756692520
 ConcreteID CUSTOM = ConcreteID CUSTOM not available AbstractID CUSTOM = AAzs6soo7f531257457
 @State ConcreteID = SC14j9imr28a3294422702 AbstractID = SRml6io426d3670816528
 ConcreteID CUSTOM = SCoupvnk28c2420503617 AbstractID CUSTOM = SAbduj6h2823690180780

	ROLE = LeftClickAt
	TARGET =
		WIDGET = WC1frc9lv1c3431448778, WR17v7k2nb1067391859, WT1qe72ijf99311909, WPjc8r1t181437309355
		ROLE = UIAMenuItem
		TITLE = File
		SHAPE = Rect [x:367.0 y:261.0 w:32.0 h:19.0]
		CHILDREN = 0
		PATH = [0, 4, 0]
	DESCRIPTION = Left Click at 'File'
	TEXT = Compound Action =
		Move mouse to (383.0, 270.5).
		Press Mouse Button BUTTON1
		Release Mouse Button BUTTON1

ExecutedAction [93]: 
 @Action ConcreteID = AC1iuhgxl7e2560804748 AbstractID = AA1iuhgxl7e2560804748
 ConcreteID CUSTOM = ConcreteID CUSTOM not available AbstractID CUSTOM = AA1463xfu7e1142179075
 @State ConcreteID = SC6w2h61d63505289064 AbstractID = SRuxvih1ba2513313992
 ConcreteID CUSTOM = SC22ddoh1d53711883251 AbstractID CUSTOM = SA1e0xkku1d417380732

	ROLE = LeftClickAt
	TARGET =
		WIDGET = WC1fqsh0i1c2124881114, WR17v7k2nb1067391859, WT1qe72ijf99311909, WPjboygg183884664251
		ROLE = UIAMenuItem
		TITLE = File
		SHAPE = Rect [x:367.0 y:261.0 w:32.0 h:19.0]
		CHILDREN = 0
		PATH = [0, 3, 0]
	DESCRIPTION = Left Click at 'File'
	TEXT = Compound Action =
		Move mouse to (383.0, 270.5).
		Press Mouse Button BUTTON1
		Release Mouse Button BUTTON1

ExecutedAction [94]: 
 @Action ConcreteID = AC8ooqi9802756692520 AbstractID = AA8ooqi9802756692520
 ConcreteID CUSTOM = ConcreteID CUSTOM not available AbstractID CUSTOM = AAzs6soo7f531257457
 @State ConcreteID = SC14j9imr28a3294422702 AbstractID = SRml6io426d3670816528
 ConcreteID CUSTOM = SCoupvnk28c2420503617 AbstractID CUSTOM = SAbduj6h2823690180780

	ROLE = LeftClickAt
	TARGET =
		WIDGET = WC1frc9lv1c3431448778, WR17v7k2nb1067391859, WT1qe72ijf99311909, WPjc8r1t181437309355
		ROLE = UIAMenuItem
		TITLE = File
		SHAPE = Rect [x:367.0 y:261.0 w:32.0 h:19.0]
		CHILDREN = 0
		PATH = [0, 4, 0]
	DESCRIPTION = Left Click at 'File'
	TEXT = Compound Action =
		Move mouse to (383.0, 270.5).
		Press Mouse Button BUTTON1
		Release Mouse Button BUTTON1

ExecutedAction [95]: 
 @Action ConcreteID = AC1iuhgxl7e2560804748 AbstractID = AA1iuhgxl7e2560804748
 ConcreteID CUSTOM = ConcreteID CUSTOM not available AbstractID CUSTOM = AA1463xfu7e1142179075
 @State ConcreteID = SC6w2h61d63505289064 AbstractID = SRuxvih1ba2513313992
 ConcreteID CUSTOM = SC22ddoh1d53711883251 AbstractID CUSTOM = SA1e0xkku1d417380732

	ROLE = LeftClickAt
	TARGET =
		WIDGET = WC1fqsh0i1c2124881114, WR17v7k2nb1067391859, WT1qe72ijf99311909, WPjboygg183884664251
		ROLE = UIAMenuItem
		TITLE = File
		SHAPE = Rect [x:367.0 y:261.0 w:32.0 h:19.0]
		CHILDREN = 0
		PATH = [0, 3, 0]
	DESCRIPTION = Left Click at 'File'
	TEXT = Compound Action =
		Move mouse to (383.0, 270.5).
		Press Mouse Button BUTTON1
		Release Mouse Button BUTTON1

ExecutedAction [96]: 
 @Action ConcreteID = AC8ooqi9802756692520 AbstractID = AA8ooqi9802756692520
 ConcreteID CUSTOM = ConcreteID CUSTOM not available AbstractID CUSTOM = AAzs6soo7f531257457
 @State ConcreteID = SC14j9imr28a3294422702 AbstractID = SRml6io426d3670816528
 ConcreteID CUSTOM = SCoupvnk28c2420503617 AbstractID CUSTOM = SAbduj6h2823690180780

	ROLE = LeftClickAt
	TARGET =
		WIDGET = WC1frc9lv1c3431448778, WR17v7k2nb1067391859, WT1qe72ijf99311909, WPjc8r1t181437309355
		ROLE = UIAMenuItem
		TITLE = File
		SHAPE = Rect [x:367.0 y:261.0 w:32.0 h:19.0]
		CHILDREN = 0
		PATH = [0, 4, 0]
	DESCRIPTION = Left Click at 'File'
	TEXT = Compound Action =
		Move mouse to (383.0, 270.5).
		Press Mouse Button BUTTON1
		Release Mouse Button BUTTON1

ExecutedAction [97]: 
 @Action ConcreteID = AC1iuhgxl7e2560804748 AbstractID = AA1iuhgxl7e2560804748
 ConcreteID CUSTOM = ConcreteID CUSTOM not available AbstractID CUSTOM = AA1463xfu7e1142179075
 @State ConcreteID = SC6w2h61d63505289064 AbstractID = SRuxvih1ba2513313992
 ConcreteID CUSTOM = SC22ddoh1d53711883251 AbstractID CUSTOM = SA1e0xkku1d417380732

	ROLE = LeftClickAt
	TARGET =
		WIDGET = WC1fqsh0i1c2124881114, WR17v7k2nb1067391859, WT1qe72ijf99311909, WPjboygg183884664251
		ROLE = UIAMenuItem
		TITLE = File
		SHAPE = Rect [x:367.0 y:261.0 w:32.0 h:19.0]
		CHILDREN = 0
		PATH = [0, 3, 0]
	DESCRIPTION = Left Click at 'File'
	TEXT = Compound Action =
		Move mouse to (383.0, 270.5).
		Press Mouse Button BUTTON1
		Release Mouse Button BUTTON1

ExecutedAction [98]: 
 @Action ConcreteID = AC8ooqi9802756692520 AbstractID = AA8ooqi9802756692520
 ConcreteID CUSTOM = ConcreteID CUSTOM not available AbstractID CUSTOM = AAzs6soo7f531257457
 @State ConcreteID = SC14j9imr28a3294422702 AbstractID = SRml6io426d3670816528
 ConcreteID CUSTOM = SCoupvnk28c2420503617 AbstractID CUSTOM = SAbduj6h2823690180780

	ROLE = LeftClickAt
	TARGET =
		WIDGET = WC1frc9lv1c3431448778, WR17v7k2nb1067391859, WT1qe72ijf99311909, WPjc8r1t181437309355
		ROLE = UIAMenuItem
		TITLE = File
		SHAPE = Rect [x:367.0 y:261.0 w:32.0 h:19.0]
		CHILDREN = 0
		PATH = [0, 4, 0]
	DESCRIPTION = Left Click at 'File'
	TEXT = Compound Action =
		Move mouse to (383.0, 270.5).
		Press Mouse Button BUTTON1
		Release Mouse Button BUTTON1

ExecutedAction [99]: 
 @Action ConcreteID = AC1iuhgxl7e2560804748 AbstractID = AA1iuhgxl7e2560804748
 ConcreteID CUSTOM = ConcreteID CUSTOM not available AbstractID CUSTOM = AA1463xfu7e1142179075
 @State ConcreteID = SC6w2h61d63505289064 AbstractID = SRuxvih1ba2513313992
 ConcreteID CUSTOM = SC22ddoh1d53711883251 AbstractID CUSTOM = SA1e0xkku1d417380732

	ROLE = LeftClickAt
	TARGET =
		WIDGET = WC1fqsh0i1c2124881114, WR17v7k2nb1067391859, WT1qe72ijf99311909, WPjboygg183884664251
		ROLE = UIAMenuItem
		TITLE = File
		SHAPE = Rect [x:367.0 y:261.0 w:32.0 h:19.0]
		CHILDREN = 0
		PATH = [0, 3, 0]
	DESCRIPTION = Left Click at 'File'
	TEXT = Compound Action =
		Move mouse to (383.0, 270.5).
		Press Mouse Button BUTTON1
		Release Mouse Button BUTTON1

ExecutedAction [100]: 
 @Action ConcreteID = AC8ooqi9802756692520 AbstractID = AA8ooqi9802756692520
 ConcreteID CUSTOM = ConcreteID CUSTOM not available AbstractID CUSTOM = AAzs6soo7f531257457
 @State ConcreteID = SC14j9imr28a3294422702 AbstractID = SRml6io426d3670816528
 ConcreteID CUSTOM = SCoupvnk28c2420503617 AbstractID CUSTOM = SAbduj6h2823690180780

	ROLE = LeftClickAt
	TARGET =
		WIDGET = WC1frc9lv1c3431448778, WR17v7k2nb1067391859, WT1qe72ijf99311909, WPjc8r1t181437309355
		ROLE = UIAMenuItem
		TITLE = File
		SHAPE = Rect [x:367.0 y:261.0 w:32.0 h:19.0]
		CHILDREN = 0
		PATH = [0, 4, 0]
	DESCRIPTION = Left Click at 'File'
	TEXT = Compound Action =
		Move mouse to (383.0, 270.5).
		Press Mouse Button BUTTON1
		Release Mouse Button BUTTON1

Sequence 1 finished.
Copying generated sequence ("sequence2866") to output directory...
Copying classified sequence ("sequence2866") to sequences_ok folder...
