Starting sequence 1 (output as: sequence1700)

ExecutedAction [1]: 
 @Action ConcreteID = ACgvuy9f7e2435759057 AbstractID = AAgvuy9f7e2435759057
 ConcreteID CUSTOM = ConcreteID CUSTOM not available AbstractID CUSTOM = AAvmp8lg7f1059556357
 @State ConcreteID = SCgzc7da156971168975 AbstractID = SR1nd9x6414e2307877123
 ConcreteID CUSTOM = SC7wbama1574139556117 AbstractID CUSTOM = SAy1qna91502839197419

	ROLE = LeftClickAt
	TARGET =
		WIDGET = WC12akdbs1c599558449, WR17v7k2nb1067391859, WT1qe89j4f2180189081, WP10chjd2182162991762
		ROLE = UIAMenuItem
		TITLE = Help
		SHAPE = Rect [x:825.0 y:641.0 w:39.0 h:19.0]
		CHILDREN = 0
		PATH = [0, 2, 4]
	DESCRIPTION = Left Click at 'Help'
	TEXT = Compound Action =
		Move mouse to (844.5, 650.5).
		Press Mouse Button BUTTON1
		Release Mouse Button BUTTON1

ExecutedAction [2]: 
 @Action ConcreteID = ACae6ew67e2544042546 AbstractID = AAae6ew67e2544042546
 ConcreteID CUSTOM = ConcreteID CUSTOM not available AbstractID CUSTOM = AAgl28qs801660487493
 @State ConcreteID = SCnhopcl1a8552454214 AbstractID = SR19sf9hd19d1321143228
 ConcreteID CUSTOM = SCjhxk631ae1071850087 AbstractID CUSTOM = SA1xerpts1a91321340121

	ROLE = LeftClickAt
	TARGET =
		WIDGET = WC3rq8hx1e869414367, WR17v7k2nb1067391859, WTaz2n92112307194186, WPablb9v1a985931869
		ROLE = UIAMenuItem
		TITLE = Format
		SHAPE = Rect [x:734.0 y:641.0 w:52.0 h:19.0]
		CHILDREN = 0
		PATH = [0, 3, 2]
	DESCRIPTION = Left Click at 'Format'
	TEXT = Compound Action =
		Move mouse to (760.0, 650.5).
		Press Mouse Button BUTTON1
		Release Mouse Button BUTTON1

ExecutedAction [3]: 
 @Action ConcreteID = AC1snur2m7e374207640 AbstractID = AA1snur2m7e374207640
 ConcreteID CUSTOM = ConcreteID CUSTOM not available AbstractID CUSTOM = AA8dkzfj7f3091514188
 @State ConcreteID = SCgzc7da156971168975 AbstractID = SR1nd9x6414e2307877123
 ConcreteID CUSTOM = SC7wbama1574139556117 AbstractID CUSTOM = SAy1qna91502839197419

	ROLE = LeftClickAt
	TARGET =
		WIDGET = WCdrwd4l1c2383745146, WR17v7k2nb1067391859, WT1qeha5gf2005531835, WPk63q6b18500692546
		ROLE = UIAMenuItem
		TITLE = View
		SHAPE = Rect [x:786.0 y:641.0 w:39.0 h:19.0]
		CHILDREN = 0
		PATH = [0, 2, 3]
	DESCRIPTION = Left Click at 'View'
	TEXT = Compound Action =
		Move mouse to (805.5, 650.5).
		Press Mouse Button BUTTON1
		Release Mouse Button BUTTON1

ExecutedAction [4]: 
 @Action ConcreteID = AC1mikgqx7e2869986848 AbstractID = AA1mikgqx7e2869986848
 ConcreteID CUSTOM = ConcreteID CUSTOM not available AbstractID CUSTOM = AA9bn5el803616176971
 @State ConcreteID = SChc2fl2192973515393 AbstractID = SRit234j1891698045338
 ConcreteID CUSTOM = SC7city81983014622932 AbstractID CUSTOM = SA19jxkpv1951946094867

	ROLE = LeftClickAt
	TARGET =
		WIDGET = WC1fqsh0i1c2124881114, WR17v7k2nb1067391859, WT1qe72ijf99311909, WPjboygg183884664251
		ROLE = UIAMenuItem
		TITLE = File
		SHAPE = Rect [x:668.0 y:641.0 w:32.0 h:19.0]
		CHILDREN = 0
		PATH = [0, 3, 0]
	DESCRIPTION = Left Click at 'File'
	TEXT = Compound Action =
		Move mouse to (684.0, 650.5).
		Press Mouse Button BUTTON1
		Release Mouse Button BUTTON1

ExecutedAction [5]: 
 @Action ConcreteID = AC1c5d1eb7e3638402372 AbstractID = AA1c5d1eb7e3638402372
 ConcreteID CUSTOM = ConcreteID CUSTOM not available AbstractID CUSTOM = AA1qw7bqc7f1993648784
 @State ConcreteID = SCgzc7da156971168975 AbstractID = SR1nd9x6414e2307877123
 ConcreteID CUSTOM = SC7wbama1574139556117 AbstractID CUSTOM = SAy1qna91502839197419

	ROLE = LeftClickAt
	TARGET =
		WIDGET = WCdewx6a1c3359014503, WR17v7k2nb1067391859, WT1qe6brdf138512687, WP1hw5kjk181504605950
		ROLE = UIAMenuItem
		TITLE = Edit
		SHAPE = Rect [x:700.0 y:641.0 w:34.0 h:19.0]
		CHILDREN = 0
		PATH = [0, 2, 1]
	DESCRIPTION = Left Click at 'Edit'
	TEXT = Compound Action =
		Move mouse to (717.0, 650.5).
		Press Mouse Button BUTTON1
		Release Mouse Button BUTTON1

ExecutedAction [6]: 
 @Action ConcreteID = AC1jor03v7f3438910861 AbstractID = AA1jor03v7f3438910861
 ConcreteID CUSTOM = ConcreteID CUSTOM not available AbstractID CUSTOM = AA1osvjzy7f1987537634
 @State ConcreteID = SC4i1pb72714222510232 AbstractID = SR1o5svt92653049954947
 ConcreteID CUSTOM = SCjpw4dz2791413343748 AbstractID CUSTOM = SAawq15c2754074138907

	ROLE = LeftClickAt
	TARGET =
		WIDGET = WC15uqtry2a3639049637, WR17v7k2nb1067391859, WT1uqmzu61c233198249, WPwdsxm8262533183897
		ROLE = UIAMenuItem
		TITLE = Select All	Ctrl+A
		SHAPE = Rect [x:703.0 y:926.0 w:225.0 h:22.0]
		CHILDREN = 0
		PATH = [0, 0, 11]
	DESCRIPTION = Left Click at 'Select All	Ctrl+A'
	TEXT = Compound Action =
		Move mouse to (815.5, 937.0).
		Press Mouse Button BUTTON1
		Release Mouse Button BUTTON1

ExecutedAction [7]: 
 @Action ConcreteID = AC1e9wmree33142618822 AbstractID = AA1pyhv5md53952591280
 ConcreteID CUSTOM = ConcreteID CUSTOM not available AbstractID CUSTOM = AA17lie4pd61238428419
 @State ConcreteID = SCgzc7da156971168975 AbstractID = SR1nd9x6414e2307877123
 ConcreteID CUSTOM = SC7wbama1574139556117 AbstractID CUSTOM = SAy1qna91502839197419

	ROLE = ClickTypeInto
	TARGET =
		WIDGET = WCh9rmb11c1827454063, WR4n0dlj72701565195, WTei4yvd121088706799, WP1p79f6n182825509439
		ROLE = UIAEdit
		TITLE = Text Editor
		SHAPE = Rect [x:668.0 y:661.0 w:1881.0 h:901.0]
		CHILDREN = 1
		PATH = [0, 0]
	DESCRIPTION = Type '?test?' into 'Text Editor
	TEXT = Compound Action =
		Compound Action =
		Move mouse to (1608.5, 1111.5).
		Press Mouse Button BUTTON1
		Release Mouse Button BUTTON1
		Press Key 17
		Press Key 65
		Release Key 65
		Release Key 17
		Type text '?test?'

ExecutedAction [8]: 
 @Action ConcreteID = AC1qu2yn7f2707155893 AbstractID = AA1qu2yn7f2707155893
 ConcreteID CUSTOM = ConcreteID CUSTOM not available AbstractID CUSTOM = AA1ihq68g7f1219041179
 @State ConcreteID = SCr3vbv41563087244712 AbstractID = SR1nd9x6414e2307877123
 ConcreteID CUSTOM = SC1qy9bed1572457431732 AbstractID CUSTOM = SAy1qna91502839197419

	ROLE = LeftClickAt
	TARGET =
		WIDGET = WC3r6fwk1e246553711, WR17v7k2nb1067391859, WTaz2n92112307194186, WPab1ioi1a128190957
		ROLE = UIAMenuItem
		TITLE = Format
		SHAPE = Rect [x:734.0 y:641.0 w:52.0 h:19.0]
		CHILDREN = 0
		PATH = [0, 2, 2]
	DESCRIPTION = Left Click at 'Format'
	TEXT = Compound Action =
		Move mouse to (760.0, 650.5).
		Press Mouse Button BUTTON1
		Release Mouse Button BUTTON1

ExecutedAction [9]: 
 @Action ConcreteID = ACn5yb0f7f1238376000 AbstractID = AAn5yb0f7f1238376000
 ConcreteID CUSTOM = ConcreteID CUSTOM not available AbstractID CUSTOM = AAm65k4r803727056918
 @State ConcreteID = SC8tb9341942184053436 AbstractID = SRit234j1891698045338
 ConcreteID CUSTOM = SC1a09r2h1994248380780 AbstractID CUSTOM = SA19jxkpv1951946094867

	ROLE = LeftClickAt
	TARGET =
		WIDGET = WC1u4fdmh214152205479, WR17v7k2nb1067391859, WTxuhgyp144189972595, WP1dm09vr1d3477249161
		ROLE = UIAMenuItem
		TITLE = Word Wrap
		SHAPE = Rect [x:737.0 y:663.0 w:144.0 h:22.0]
		CHILDREN = 0
		PATH = [0, 0, 0]
	DESCRIPTION = Left Click at 'Word Wrap'
	TEXT = Compound Action =
		Move mouse to (809.0, 674.0).
		Press Mouse Button BUTTON1
		Release Mouse Button BUTTON1

ExecutedAction [10]: 
 @Action ConcreteID = AC1sz7n1h7f1159647731 AbstractID = AA1sz7n1h7f1159647731
 ConcreteID CUSTOM = ConcreteID CUSTOM not available AbstractID CUSTOM = AA1b3ax2h802025351044
 @State ConcreteID = SChve7991a52297490568 AbstractID = SR1gydz1119c2959523811
 ConcreteID CUSTOM = SC16kzdya1a84119272850 AbstractID CUSTOM = SA1aqq8rz1a11129740462

	ROLE = LeftClickAt
	TARGET =
		WIDGET = WC3r6fwk1e246553711, WR17v7k2nb1067391859, WTaz2n92112307194186, WPab1ioi1a128190957
		ROLE = UIAMenuItem
		TITLE = Format
		SHAPE = Rect [x:734.0 y:641.0 w:52.0 h:19.0]
		CHILDREN = 0
		PATH = [0, 2, 2]
	DESCRIPTION = Left Click at 'Format'
	TEXT = Compound Action =
		Move mouse to (760.0, 650.5).
		Press Mouse Button BUTTON1
		Release Mouse Button BUTTON1

ExecutedAction [11]: 
 @Action ConcreteID = ACiwv5u7803526904669 AbstractID = AAiwv5u7803526904669
 ConcreteID CUSTOM = ConcreteID CUSTOM not available AbstractID CUSTOM = AA6vkt057f3772958543
 @State ConcreteID = SC1ktqlku1e53910087862 AbstractID = SRkd1vuk1d72078707989
 ConcreteID CUSTOM = SC15sk7bb1e82587586647 AbstractID CUSTOM = SA1tmnb3u1e4170101503

	ROLE = LeftClickAt
	TARGET =
		WIDGET = WC1084jd1f2874738980, WR17v7k2nb1067391859, WT1k0pzz412734516100, WPdmv4jr1b3951525617
		ROLE = UIAMenuItem
		TITLE = Font...
		SHAPE = Rect [x:737.0 y:685.0 w:144.0 h:22.0]
		CHILDREN = 0
		PATH = [0, 0, 1]
	DESCRIPTION = Left Click at 'Font...'
	TEXT = Compound Action =
		Move mouse to (809.0, 696.0).
		Press Mouse Button BUTTON1
		Release Mouse Button BUTTON1

ExecutedAction [12]: 
 @Action ConcreteID = ACbftji4802415296583 AbstractID = AAbftji4802415296583
 ConcreteID CUSTOM = ConcreteID CUSTOM not available AbstractID CUSTOM = AA1bxvmsr813674246497
 @State ConcreteID = SCmz9dsv6112112509915 AbstractID = SR16p58q15d13209410288
 ConcreteID CUSTOM = SCni7tc061c4075234980 AbstractID CUSTOM = SA1dkmojv60f1164241910

	ROLE = LeftClickAt
	TARGET =
		WIDGET = WC1pzmt1p203307391416, WR52qhb2b3065858412, WT1bx8b29d3158346100, WPespowr1c3150070897
		ROLE = UIAListItem
		TITLE = 36
		SHAPE = Rect [x:1048.0 y:853.0 w:42.0 h:15.0]
		CHILDREN = 0
		PATH = [0, 0, 5, 0, 7]
	DESCRIPTION = Left Click at '36'
	TEXT = Compound Action =
		Move mouse to (1069.0, 860.5).
		Press Mouse Button BUTTON1
		Release Mouse Button BUTTON1

ExecutedAction [13]: 
 @Action ConcreteID = AC1x0n9op7f2197066528 AbstractID = AA1x0n9op7f2197066528
 ConcreteID CUSTOM = ConcreteID CUSTOM not available AbstractID CUSTOM = AA1kg3yyi802863570134
 @State ConcreteID = SCmz9dsv6112112509915 AbstractID = SR16p58q15d13209410288
 ConcreteID CUSTOM = SCni7tc061c4075234980 AbstractID CUSTOM = SA1dkmojv60f1164241910

	ROLE = LeftClickAt
	TARGET =
		WIDGET = WC6fa34h22743648695, WR52qhb2b3065858412, WTq22ksjf2912385765, WPl0h6hr1e4237094975
		ROLE = UIAListItem
		TITLE = Bold
		SHAPE = Rect [x:901.0 y:801.0 w:109.0 h:19.0]
		CHILDREN = 0
		PATH = [0, 0, 3, 0, 3]
	DESCRIPTION = Left Click at 'Bold'
	TEXT = Compound Action =
		Move mouse to (955.5, 810.5).
		Press Mouse Button BUTTON1
		Release Mouse Button BUTTON1

ExecutedAction [14]: 
 @Action ConcreteID = AC1knqj2y803353921878 AbstractID = AA1knqj2y803353921878
 ConcreteID CUSTOM = ConcreteID CUSTOM not available AbstractID CUSTOM = AAm4okeh812468267120
 @State ConcreteID = SCmz9dsv6112112509915 AbstractID = SR16p58q15d13209410288
 ConcreteID CUSTOM = SCni7tc061c4075234980 AbstractID CUSTOM = SA1dkmojv60f1164241910

	ROLE = LeftClickAt
	TARGET =
		WIDGET = WC12kkks1263256972952, WR1h6ibpb92248851252, WTrko51k10351550260, WPpy9hr7221169150490
		ROLE = UIAButton
		TITLE = Line up
		SHAPE = Rect [x:1090.0 y:763.0 w:17.0 h:17.0]
		CHILDREN = 0
		PATH = [0, 0, 5, 0, 0, 0]
	DESCRIPTION = Left Click at 'Line up'
	TEXT = Compound Action =
		Move mouse to (1098.5, 771.5).
		Press Mouse Button BUTTON1
		Release Mouse Button BUTTON1

ExecutedAction [15]: 
 @Action ConcreteID = AC1ux37i680143733320 AbstractID = AA1ux37i680143733320
 ConcreteID CUSTOM = ConcreteID CUSTOM not available AbstractID CUSTOM = AA174hcj812363801359
 @State ConcreteID = SC1ogx4yo611908404167 AbstractID = SR16p58q15d13209410288
 ConcreteID CUSTOM = SC1s7q7ny61c3784214531 AbstractID CUSTOM = SA1dkmojv60f1164241910

	ROLE = LeftClickAt
	TARGET =
		WIDGET = WCfx07dy1d3795152478, WR17qbaneb3904637586, WTpv0tsf103871849437, WP1qieqpg194284676796
		ROLE = UIAComboBox
		TITLE = Size:
		SHAPE = Rect [x:1046.0 y:739.0 w:63.0 h:131.0]
		CHILDREN = 2
		PATH = [0, 0, 5]
	DESCRIPTION = Left Click at 'Size:'
	TEXT = Compound Action =
		Move mouse to (1077.5, 804.5).
		Press Mouse Button BUTTON1
		Release Mouse Button BUTTON1

ExecutedAction [16]: 
 @Action ConcreteID = AC1y4o4ns7f105501402 AbstractID = AA1y4o4ns7f105501402
 ConcreteID CUSTOM = ConcreteID CUSTOM not available AbstractID CUSTOM = AAxn1azn803448064969
 @State ConcreteID = SC1ogx4yo611908404167 AbstractID = SR16p58q15d13209410288
 ConcreteID CUSTOM = SC1s7q7ny61c3784214531 AbstractID CUSTOM = SA1dkmojv60f1164241910

	ROLE = LeftClickAt
	TARGET =
		WIDGET = WC1d8hmb4281168148413, WR1h6ibpb92248851252, WT493d5b122119396097, WP1h0kazm243742911443
		ROLE = UIAButton
		TITLE = Line down
		SHAPE = Rect [x:864.0 y:860.0 w:17.0 h:17.0]
		CHILDREN = 0
		PATH = [0, 0, 1, 0, 0, 4]
	DESCRIPTION = Left Click at 'Line down'
	TEXT = Compound Action =
		Move mouse to (872.5, 868.5).
		Press Mouse Button BUTTON1
		Release Mouse Button BUTTON1

ExecutedAction [17]: 
 @Action ConcreteID = AC1p4woaf813553951572 AbstractID = AA1p4woaf813553951572
 ConcreteID CUSTOM = ConcreteID CUSTOM not available AbstractID CUSTOM = AAvkztf6813608418279
 @State ConcreteID = SC1tx0i6e6131688660325 AbstractID = SR16p58q15d13209410288
 ConcreteID CUSTOM = SC15obzrd61c1448825160 AbstractID CUSTOM = SA1dkmojv60f1164241910

	ROLE = LeftClickAt
	TARGET =
		WIDGET = WC1mhstm5201138981735, WR52qhb2b3065858412, WT1bx8b1ed2774251573, WP1rg3mez1c629128819
		ROLE = UIAListItem
		TITLE = 26
		SHAPE = Rect [x:1048.0 y:838.0 w:42.0 h:15.0]
		CHILDREN = 0
		PATH = [0, 0, 5, 0, 6]
	DESCRIPTION = Left Click at '26'
	TEXT = Compound Action =
		Move mouse to (1069.0, 845.5).
		Press Mouse Button BUTTON1
		Release Mouse Button BUTTON1

ExecutedAction [18]: 
 @Action ConcreteID = AC17bt7f78128505296 AbstractID = AA17bt7f78128505296
 ConcreteID CUSTOM = ConcreteID CUSTOM not available AbstractID CUSTOM = AAdrwcjy8191364451
 @State ConcreteID = SC1tx0i6e6131688660325 AbstractID = SR16p58q15d13209410288
 ConcreteID CUSTOM = SC15obzrd61c1448825160 AbstractID CUSTOM = SA1dkmojv60f1164241910

	ROLE = LeftClickAt
	TARGET =
		WIDGET = WCzht74202717933096, WR52qhb2b3065858412, WT1bx8b1cd1263917337, WP9awlsu1c2314389715
		ROLE = UIAListItem
		TITLE = 24
		SHAPE = Rect [x:1048.0 y:823.0 w:42.0 h:15.0]
		CHILDREN = 0
		PATH = [0, 0, 5, 0, 5]
	DESCRIPTION = Left Click at '24'
	TEXT = Compound Action =
		Move mouse to (1069.0, 830.5).
		Press Mouse Button BUTTON1
		Release Mouse Button BUTTON1

ExecutedAction [19]: 
 @Action ConcreteID = AC18k2geo801817918610 AbstractID = AA18k2geo801817918610
 ConcreteID CUSTOM = ConcreteID CUSTOM not available AbstractID CUSTOM = AAp9ujjp802006293012
 @State ConcreteID = SC1tx0i6e6131688660325 AbstractID = SR16p58q15d13209410288
 ConcreteID CUSTOM = SC15obzrd61c1448825160 AbstractID CUSTOM = SA1dkmojv60f1164241910

	ROLE = LeftClickAt
	TARGET =
		WIDGET = WC11s1efs252702934042, WR52qhb2b3065858412, WTh6zdq12834902686, WP133ev1i213109690462
		ROLE = UIAListItem
		TITLE = Regular
		SHAPE = Rect [x:901.0 y:763.0 w:109.0 h:19.0]
		CHILDREN = 0
		PATH = [0, 0, 3, 0, 1]
	DESCRIPTION = Left Click at 'Regular'
	TEXT = Compound Action =
		Move mouse to (955.5, 772.5).
		Press Mouse Button BUTTON1
		Release Mouse Button BUTTON1

ExecutedAction [20]: 
 @Action ConcreteID = ACjyfv4e813103029953 AbstractID = AAjyfv4e813103029953
 ConcreteID CUSTOM = ConcreteID CUSTOM not available AbstractID CUSTOM = AA1pfn289813157561970
 @State ConcreteID = SC1tx0i6e6131688660325 AbstractID = SR16p58q15d13209410288
 ConcreteID CUSTOM = SC15obzrd61c1448825160 AbstractID CUSTOM = SA1dkmojv60f1164241910

	ROLE = LeftClickAt
	TARGET =
		WIDGET = WC1izyu35202008837955, WR52qhb2b3065858412, WT1bx8b0jd2390158326, WP152dhun1c967078704
		ROLE = UIAListItem
		TITLE = 16
		SHAPE = Rect [x:1048.0 y:763.0 w:42.0 h:15.0]
		CHILDREN = 0
		PATH = [0, 0, 5, 0, 1]
	DESCRIPTION = Left Click at '16'
	TEXT = Compound Action =
		Move mouse to (1069.0, 770.5).
		Press Mouse Button BUTTON1
		Release Mouse Button BUTTON1

ExecutedAction [21]: 
 @Action ConcreteID = AC1umqzqq801826947549 AbstractID = AA1umqzqq801826947549
 ConcreteID CUSTOM = ConcreteID CUSTOM not available AbstractID CUSTOM = AA1bcj2vr801999349595
 @State ConcreteID = SC1tx0i6e6131688660325 AbstractID = SR16p58q15d13209410288
 ConcreteID CUSTOM = SC15obzrd61c1448825160 AbstractID CUSTOM = SA1dkmojv60f1164241910

	ROLE = LeftClickAt
	TARGET =
		WIDGET = WC1rhdous2b2261279278, WR52qhb2b3065858412, WTf8syg4183484948735, WP1v1dlya272451984458
		ROLE = UIAListItem
		TITLE = Javanese Text
		SHAPE = Rect [x:713.0 y:763.0 w:151.0 h:19.0]
		CHILDREN = 0
		PATH = [0, 0, 1, 0, 1]
	DESCRIPTION = Left Click at 'Javanese Text'
	TEXT = Compound Action =
		Move mouse to (788.5, 772.5).
		Press Mouse Button BUTTON1
		Release Mouse Button BUTTON1

ExecutedAction [22]: 
 @Action ConcreteID = AC1m0a5eg80671412957 AbstractID = AA1m0a5eg80671412957
 ConcreteID CUSTOM = ConcreteID CUSTOM not available AbstractID CUSTOM = AA12q28jh80868897883
 @State ConcreteID = SC1tx0i6e6131688660325 AbstractID = SR16p58q15d13209410288
 ConcreteID CUSTOM = SC15obzrd61c1448825160 AbstractID CUSTOM = SA1dkmojv60f1164241910

	ROLE = LeftClickAt
	TARGET =
		WIDGET = WC1pqjqmu281569880865, WR1h6ibpb92248851252, WT1cknvro121926923266, WP1wvgq6g242974279051
		ROLE = UIAButton
		TITLE = Page down
		SHAPE = Rect [x:864.0 y:808.0 w:17.0 h:52.0]
		CHILDREN = 0
		PATH = [0, 0, 1, 0, 0, 3]
	DESCRIPTION = Left Click at 'Page down'
	TEXT = Compound Action =
		Move mouse to (872.5, 834.0).
		Press Mouse Button BUTTON1
		Release Mouse Button BUTTON1

ExecutedAction [23]: 
 @Action ConcreteID = AC1mfqa3n801273565805 AbstractID = AA1mfqa3n801273565805
 ConcreteID CUSTOM = ConcreteID CUSTOM not available AbstractID CUSTOM = AA1wg4l5h81157714149
 @State ConcreteID = SC1q5ze84616976952329 AbstractID = SR16p58q15d13209410288
 ConcreteID CUSTOM = SC1elij1i61b2367514901 AbstractID CUSTOM = SA1dkmojv60f1164241910

	ROLE = LeftClickAt
	TARGET =
		WIDGET = WCeiaur7201060696764, WR52qhb2b3065858412, WT1bx8b1ad2721479724, WPq6tn5t1c3279458422
		ROLE = UIAListItem
		TITLE = 22
		SHAPE = Rect [x:1048.0 y:808.0 w:42.0 h:15.0]
		CHILDREN = 0
		PATH = [0, 0, 5, 0, 4]
	DESCRIPTION = Left Click at '22'
	TEXT = Compound Action =
		Move mouse to (1069.0, 815.5).
		Press Mouse Button BUTTON1
		Release Mouse Button BUTTON1

ExecutedAction [24]: 
 @Action ConcreteID = AC14mmt8f80231995413 AbstractID = AA14mmt8f80231995413
 ConcreteID CUSTOM = ConcreteID CUSTOM not available AbstractID CUSTOM = AA1en14a9811331457181
 @State ConcreteID = SC1q5ze84616976952329 AbstractID = SR16p58q15d13209410288
 ConcreteID CUSTOM = SC1elij1i61b2367514901 AbstractID CUSTOM = SA1dkmojv60f1164241910

	ROLE = LeftClickAt
	TARGET =
		WIDGET = WCs13wba203132560119, WR52qhb2b3065858412, WT1bx8b18d1278745856, WP172qois1c194585554
		ROLE = UIAListItem
		TITLE = 20
		SHAPE = Rect [x:1048.0 y:793.0 w:42.0 h:15.0]
		CHILDREN = 0
		PATH = [0, 0, 5, 0, 3]
	DESCRIPTION = Left Click at '20'
	TEXT = Compound Action =
		Move mouse to (1069.0, 800.5).
		Press Mouse Button BUTTON1
		Release Mouse Button BUTTON1

ExecutedAction [25]: 
 @Action ConcreteID = AC1xailjo7f1698119422 AbstractID = AA1xailjo7f1698119422
 ConcreteID CUSTOM = ConcreteID CUSTOM not available AbstractID CUSTOM = AA1og6x9e801480317655
 @State ConcreteID = SC1q5ze84616976952329 AbstractID = SR16p58q15d13209410288
 ConcreteID CUSTOM = SC1elij1i61b2367514901 AbstractID CUSTOM = SA1dkmojv60f1164241910

	ROLE = LeftClickAt
	TARGET =
		WIDGET = WCzjw7332a684235137, WR52qhb2b3065858412, WTqr3zqs171083766660, WPcdroz1262378936441
		ROLE = UIAListItem
		TITLE = Bold Oblique
		SHAPE = Rect [x:901.0 y:820.0 w:109.0 h:19.0]
		CHILDREN = 0
		PATH = [0, 0, 3, 0, 4]
	DESCRIPTION = Left Click at 'Bold Oblique'
	TEXT = Compound Action =
		Move mouse to (955.5, 829.5).
		Press Mouse Button BUTTON1
		Release Mouse Button BUTTON1

ExecutedAction [26]: 
 @Action ConcreteID = AC4r5aqz7f3892355514 AbstractID = AA4r5aqz7f3892355514
 ConcreteID CUSTOM = ConcreteID CUSTOM not available AbstractID CUSTOM = AA1uxxoft803574351251
 @State ConcreteID = SC1q5ze84616976952329 AbstractID = SR16p58q15d13209410288
 ConcreteID CUSTOM = SC1elij1i61b2367514901 AbstractID CUSTOM = SA1dkmojv60f1164241910

	ROLE = LeftClickAt
	TARGET =
		WIDGET = WC1in6gpd263040361230, WR1h6ibpb92248851252, WTbcxonh101439247762, WPe8i4xv22705428407
		ROLE = UIAButton
		TITLE = Page up
		SHAPE = Rect [x:864.0 y:780.0 w:17.0 h:25.0]
		CHILDREN = 0
		PATH = [0, 0, 1, 0, 0, 1]
	DESCRIPTION = Left Click at 'Page up'
	TEXT = Compound Action =
		Move mouse to (872.5, 792.5).
		Press Mouse Button BUTTON1
		Release Mouse Button BUTTON1

ExecutedAction [27]: 
 @Action ConcreteID = ACzvpx3t803269384483 AbstractID = AAzvpx3t803269384483
 ConcreteID CUSTOM = ConcreteID CUSTOM not available AbstractID CUSTOM = AAgli08u803641737125
 @State ConcreteID = SC1tx0i6e6131688660325 AbstractID = SR16p58q15d13209410288
 ConcreteID CUSTOM = SC15obzrd61c1448825160 AbstractID CUSTOM = SA1dkmojv60f1164241910

	ROLE = LeftClickAt
	TARGET =
		WIDGET = WC1sa7kka252433071006, WR52qhb2b3065858412, WT1vf51jt121876053222, WPskt60212643067467
		ROLE = UIAListItem
		TITLE = Marlett
		SHAPE = Rect [x:713.0 y:858.0 w:151.0 h:19.0]
		CHILDREN = 0
		PATH = [0, 0, 1, 0, 6]
	DESCRIPTION = Left Click at 'Marlett'
	TEXT = Compound Action =
		Move mouse to (788.5, 867.5).
		Press Mouse Button BUTTON1
		Release Mouse Button BUTTON1

ExecutedAction [28]: 
 @Action ConcreteID = ACg01b2s7f457380543 AbstractID = AAg01b2s7f457380543
 ConcreteID CUSTOM = ConcreteID CUSTOM not available AbstractID CUSTOM = AArtpucy802962472354
 @State ConcreteID = SC1danljn613125461484 AbstractID = SR16p58q15d13209410288
 ConcreteID CUSTOM = SC51nte361d548336611 AbstractID CUSTOM = SA1dkmojv60f1164241910

	ROLE = LeftClickAt
	TARGET =
		WIDGET = WC485cmp2c1703399403, WR52qhb2b3065858412, WT1boazvo191722603545, WP1kzdgn3282252750728
		ROLE = UIAListItem
		TITLE = Medium Oblique
		SHAPE = Rect [x:901.0 y:782.0 w:109.0 h:19.0]
		CHILDREN = 0
		PATH = [0, 0, 3, 0, 2]
	DESCRIPTION = Left Click at 'Medium Oblique'
	TEXT = Compound Action =
		Move mouse to (955.5, 791.5).
		Press Mouse Button BUTTON1
		Release Mouse Button BUTTON1

ExecutedAction [29]: 
 @Action ConcreteID = ACgx0kbn7f3348729906 AbstractID = AAgx0kbn7f3348729906
 ConcreteID CUSTOM = ConcreteID CUSTOM not available AbstractID CUSTOM = AAsqp3lt801816739631
 @State ConcreteID = SC1danljn613125461484 AbstractID = SR16p58q15d13209410288
 ConcreteID CUSTOM = SC51nte361d548336611 AbstractID CUSTOM = SA1dkmojv60f1164241910

	ROLE = LeftClickAt
	TARGET =
		WIDGET = WC19n8emf232093553704, WR17qbaneb3904637586, WT1p15swg161714730526, WP117kc0l1f4166075386
		ROLE = UIAComboBox
		TITLE = Font style:
		SHAPE = Rect [x:899.0 y:739.0 w:130.0 h:143.0]
		CHILDREN = 2
		PATH = [0, 0, 3]
	DESCRIPTION = Left Click at 'Font style:'
	TEXT = Compound Action =
		Move mouse to (964.0, 810.5).
		Press Mouse Button BUTTON1
		Release Mouse Button BUTTON1

ExecutedAction [30]: 
 @Action ConcreteID = AC1up3z0e7f29363844 AbstractID = AA1up3z0e7f29363844
 ConcreteID CUSTOM = ConcreteID CUSTOM not available AbstractID CUSTOM = AA7hogbg802853216665
 @State ConcreteID = SC1danljn613125461484 AbstractID = SR16p58q15d13209410288
 ConcreteID CUSTOM = SC51nte361d548336611 AbstractID CUSTOM = SA1dkmojv60f1164241910

	ROLE = LeftClickAt
	TARGET =
		WIDGET = WCaxtbo52c2021479214, WR52qhb2b3065858412, WT76l001192793854379, WP1pw7dib282577493207
		ROLE = UIAListItem
		TITLE = Lucida Console
		SHAPE = Rect [x:713.0 y:801.0 w:151.0 h:19.0]
		CHILDREN = 0
		PATH = [0, 0, 1, 0, 3]
	DESCRIPTION = Left Click at 'Lucida Console'
	TEXT = Compound Action =
		Move mouse to (788.5, 810.5).
		Press Mouse Button BUTTON1
		Release Mouse Button BUTTON1

ExecutedAction [31]: 
 @Action ConcreteID = AC152j00o7e4254986882 AbstractID = AA152j00o7e4254986882
 ConcreteID CUSTOM = ConcreteID CUSTOM not available AbstractID CUSTOM = AA1kg3yyi802863570134
 @State ConcreteID = SCzstgwe617793988487 AbstractID = SR16p58q15d13209410288
 ConcreteID CUSTOM = SCbshz3c6201407410069 AbstractID CUSTOM = SA1dkmojv60f1164241910

	ROLE = LeftClickAt
	TARGET =
		WIDGET = WC1a89i8y313644505984, WR52qhb2b3065858412, WT1mph5oy1e1095794695, WP2gbw1c2d3465776711
		ROLE = UIAListItem
		TITLE = Semi Condensed Bold
		SHAPE = Rect [x:901.0 y:801.0 w:109.0 h:19.0]
		CHILDREN = 0
		PATH = [0, 0, 3, 0, 3]
	DESCRIPTION = Left Click at 'Semi Condensed Bold'
	TEXT = Compound Action =
		Move mouse to (955.5, 810.5).
		Press Mouse Button BUTTON1
		Release Mouse Button BUTTON1

ExecutedAction [32]: 
 @Action ConcreteID = AC1v5ahnm7e263621068 AbstractID = AA1v5ahnm7e263621068
 ConcreteID CUSTOM = ConcreteID CUSTOM not available AbstractID CUSTOM = AAbhremc801485170584
 @State ConcreteID = SCzstgwe617793988487 AbstractID = SR16p58q15d13209410288
 ConcreteID CUSTOM = SCbshz3c6201407410069 AbstractID CUSTOM = SA1dkmojv60f1164241910

	ROLE = LeftClickAt
	TARGET =
		WIDGET = WCbs94pb31854603355, WR52qhb2b3065858412, WT6soznq1e4129722413, WPic1ffh2d1357411115
		ROLE = UIAListItem
		TITLE = Lucida Sans Unicode
		SHAPE = Rect [x:713.0 y:820.0 w:151.0 h:19.0]
		CHILDREN = 0
		PATH = [0, 0, 1, 0, 4]
	DESCRIPTION = Left Click at 'Lucida Sans Unicode'
	TEXT = Compound Action =
		Move mouse to (788.5, 829.5).
		Press Mouse Button BUTTON1
		Release Mouse Button BUTTON1

ExecutedAction [33]: 
 @Action ConcreteID = AC1hq6yxd80710952078 AbstractID = AA1hq6yxd80710952078
 ConcreteID CUSTOM = ConcreteID CUSTOM not available AbstractID CUSTOM = AA1bxvmsr813674246497
 @State ConcreteID = SCknoey66131631379335 AbstractID = SR16p58q15d13209410288
 ConcreteID CUSTOM = SC1726ymm61d733149981 AbstractID CUSTOM = SA1dkmojv60f1164241910

	ROLE = LeftClickAt
	TARGET =
		WIDGET = WC1fynqvg203040674951, WR52qhb2b3065858412, WT1bx8b36d347681460, WPkairyy1c3151154833
		ROLE = UIAListItem
		TITLE = 48
		SHAPE = Rect [x:1048.0 y:853.0 w:42.0 h:15.0]
		CHILDREN = 0
		PATH = [0, 0, 5, 0, 7]
	DESCRIPTION = Left Click at '48'
	TEXT = Compound Action =
		Move mouse to (1069.0, 860.5).
		Press Mouse Button BUTTON1
		Release Mouse Button BUTTON1

ExecutedAction [34]: 
 @Action ConcreteID = AC1az8s4i7f2069769832 AbstractID = AA1az8s4i7f2069769832
 ConcreteID CUSTOM = ConcreteID CUSTOM not available AbstractID CUSTOM = AAa4q2bs803480585145
 @State ConcreteID = SCknoey66131631379335 AbstractID = SR16p58q15d13209410288
 ConcreteID CUSTOM = SC1726ymm61d733149981 AbstractID CUSTOM = SA1dkmojv60f1164241910

	ROLE = LeftClickAt
	TARGET =
		WIDGET = WC1mj6y7s1d616240915, WR17qbaneb3904637586, WTpnz3gh10593155151, WPpupona193114041324
		ROLE = UIAComboBox
		TITLE = Font:
		SHAPE = Rect [x:711.0 y:739.0 w:172.0 h:140.0]
		CHILDREN = 2
		PATH = [0, 0, 1]
	DESCRIPTION = Left Click at 'Font:'
	TEXT = Compound Action =
		Move mouse to (797.0, 809.0).
		Press Mouse Button BUTTON1
		Release Mouse Button BUTTON1

ExecutedAction [35]: 
 @Action ConcreteID = AC1j6scmj811044900935 AbstractID = AA1j6scmj811044900935
 ConcreteID CUSTOM = ConcreteID CUSTOM not available AbstractID CUSTOM = AAbkkqji811757150131
 @State ConcreteID = SC1sg9mvj6033417286474 AbstractID = SR15lulsw5bd2456595077
 ConcreteID CUSTOM = SC1dxnxb160c3635221355 AbstractID CUSTOM = SA1vo30j65fa1157024930

	ROLE = LeftClickAt
	TARGET =
		WIDGET = WCapyqkm273070664420, WR16s6p21c140494670, WTdtcs8f142835715827, WP1eviqxg23624565721
		ROLE = UIAScrollBar
		TITLE = Vertical
		SHAPE = Rect [x:1090.0 y:763.0 w:17.0 h:105.0]
		CHILDREN = 4
		PATH = [0, 0, 5, 0, 0]
	DESCRIPTION = Left Click at 'Vertical'
	TEXT = Compound Action =
		Move mouse to (1098.5, 815.5).
		Press Mouse Button BUTTON1
		Release Mouse Button BUTTON1

ExecutedAction [36]: 
 @Action ConcreteID = AC1ir4c5j7f1906415699 AbstractID = AA1ir4c5j7f1906415699
 ConcreteID CUSTOM = ConcreteID CUSTOM not available AbstractID CUSTOM = AAe1mpfl802624220344
 @State ConcreteID = SC7jbo2y6132663554454 AbstractID = SR16p58q15d13209410288
 ConcreteID CUSTOM = SC14ah00e621883466725 AbstractID CUSTOM = SA1dkmojv60f1164241910

	ROLE = LeftClickAt
	TARGET =
		WIDGET = WCv7g8x02b3271445921, WR52qhb2b3065858412, WTkpd368182053714016, WP1y2bcs2273458317022
		ROLE = UIAListItem
		TITLE = Malgun Gothic
		SHAPE = Rect [x:713.0 y:839.0 w:151.0 h:19.0]
		CHILDREN = 0
		PATH = [0, 0, 1, 0, 5]
	DESCRIPTION = Left Click at 'Malgun Gothic'
	TEXT = Compound Action =
		Move mouse to (788.5, 848.5).
		Press Mouse Button BUTTON1
		Release Mouse Button BUTTON1

ExecutedAction [37]: 
 @Action ConcreteID = ACucvkjm811866324021 AbstractID = AAucvkjm811866324021
 ConcreteID CUSTOM = ConcreteID CUSTOM not available AbstractID CUSTOM = AA8yfmf87e2277419296
 @State ConcreteID = SC11y0ydo6273832431949 AbstractID = SR170zxhc5e31199043771
 ConcreteID CUSTOM = SC1uswvz7635167766100 AbstractID CUSTOM = SAm4zsb621262315831

	ROLE = LeftClickAt
	TARGET =
		WIDGET = WC18yzrzh201747800706, WR52qhb2b3065858412, WT1bx8b1gd1122211122, WP1ak6kzf1c936061530
		ROLE = UIAListItem
		TITLE = 28
		SHAPE = Rect [x:1048.0 y:808.0 w:42.0 h:15.0]
		CHILDREN = 0
		PATH = [0, 0, 5, 0, 4]
	DESCRIPTION = Left Click at '28'
	TEXT = Compound Action =
		Move mouse to (1069.0, 815.5).
		Press Mouse Button BUTTON1
		Release Mouse Button BUTTON1

ExecutedAction [38]: 
 @Action ConcreteID = ACl1tosc823739621223 AbstractID = AAl1tosc823739621223
 ConcreteID CUSTOM = ConcreteID CUSTOM not available AbstractID CUSTOM = AA1vx7ure7f3016978685
 @State ConcreteID = SC11y0ydo6273832431949 AbstractID = SR170zxhc5e31199043771
 ConcreteID CUSTOM = SC1uswvz7635167766100 AbstractID CUSTOM = SAm4zsb621262315831

	ROLE = LeftClickAt
	TARGET =
		WIDGET = WC1grpg081d601422470, WR1h6ibpb92248851252, WT1vjbvvdf3603144044, WP1fkwu62191550463147
		ROLE = UIAButton
		TITLE = Cancel
		SHAPE = Rect [x:1032.0 y:1112.0 w:79.0 h:26.0]
		CHILDREN = 0
		PATH = [0, 0, 12]
	DESCRIPTION = Left Click at 'Cancel'
	TEXT = Compound Action =
		Move mouse to (1071.5, 1125.0).
		Press Mouse Button BUTTON1
		Release Mouse Button BUTTON1

ExecutedAction [39]: 
 @Action ConcreteID = AC4x7hxg7f2206220604 AbstractID = AA4x7hxg7f2206220604
 ConcreteID CUSTOM = ConcreteID CUSTOM not available AbstractID CUSTOM = AA1m2etxk803190224715
 @State ConcreteID = SChve7991a52297490568 AbstractID = SR1gydz1119c2959523811
 ConcreteID CUSTOM = SC16kzdya1a84119272850 AbstractID CUSTOM = SA1aqq8rz1a11129740462

	ROLE = LeftClickAt
	TARGET =
		WIDGET = WC1fq8of51c1137128810, WR17v7k2nb1067391859, WT1qe72ijf99311909, WPjb55v3183672861707
		ROLE = UIAMenuItem
		TITLE = File
		SHAPE = Rect [x:668.0 y:641.0 w:32.0 h:19.0]
		CHILDREN = 0
		PATH = [0, 2, 0]
	DESCRIPTION = Left Click at 'File'
	TEXT = Compound Action =
		Move mouse to (684.0, 650.5).
		Press Mouse Button BUTTON1
		Release Mouse Button BUTTON1

ExecutedAction [40]: 
 @Action ConcreteID = AC1vh2gnp7f1670847642 AbstractID = AA1vh2gnp7f1670847642
 ConcreteID CUSTOM = ConcreteID CUSTOM not available AbstractID CUSTOM = AAleb8k4801936080676
 @State ConcreteID = SCg991762622018269970 AbstractID = SR1p61lw024f1054640609
 ConcreteID CUSTOM = SCkwgsme2623806734525 AbstractID CUSTOM = SA1kawl8s25b1536758883

	ROLE = LeftClickAt
	TARGET =
		WIDGET = WC14xs6gq2f3779382685, WR17v7k2nb1067391859, WTts8vz223311468155, WPgc50qw2b1861849647
		ROLE = UIAMenuItem
		TITLE = New Window	Ctrl+Shift+N
		SHAPE = Rect [x:671.0 y:685.0 w:223.0 h:22.0]
		CHILDREN = 0
		PATH = [0, 0, 1]
	DESCRIPTION = Left Click at 'New Window	Ctrl+Shift+N'
	TEXT = Compound Action =
		Move mouse to (782.5, 696.0).
		Press Mouse Button BUTTON1
		Release Mouse Button BUTTON1

ExecutedAction [41]: 
 @Action ConcreteID = AC1s1gdrp7f3507452139 AbstractID = AA1s1gdrp7f3507452139
 ConcreteID CUSTOM = ConcreteID CUSTOM not available AbstractID CUSTOM = AAdsjmbi80398418642
 @State ConcreteID = SCh8z8rv3003986363545 AbstractID = SRoczm272ea1161226879
 ConcreteID CUSTOM = SC1wign772fe1848814338 AbstractID CUSTOM = SA1qazr962f31536210502

	ROLE = LeftClickAt
	TARGET =
		WIDGET = WC12akdbs1c599558449, WR17v7k2nb1067391859, WT1qe89j4f2180189081, WP10chjd2182162991762
		ROLE = UIAMenuItem
		TITLE = Help
		SHAPE = Rect [x:825.0 y:641.0 w:39.0 h:19.0]
		CHILDREN = 0
		PATH = [0, 2, 4]
	DESCRIPTION = Left Click at 'Help'
	TEXT = Compound Action =
		Move mouse to (844.5, 650.5).
		Press Mouse Button BUTTON1
		Release Mouse Button BUTTON1

ExecutedAction [42]: 
 @Action ConcreteID = ACt6p1au803459509408 AbstractID = AAt6p1au803459509408
 ConcreteID CUSTOM = ConcreteID CUSTOM not available AbstractID CUSTOM = AAfoajxk801333047137
 @State ConcreteID = SC1b6t4lm3532144136152 AbstractID = SR1kbzkt23394001121967
 ConcreteID CUSTOM = SC18yy2m93572414406931 AbstractID CUSTOM = SA1d3ifyw34a3463835153

	ROLE = LeftClickAt
	TARGET =
		WIDGET = WCvlzmeg252700730945, WR17v7k2nb1067391859, WT1wv077z18170180715, WPotjm2e213842195271
		ROLE = UIAMenuItem
		TITLE = About Notepad
		SHAPE = Rect [x:828.0 y:714.0 w:166.0 h:22.0]
		CHILDREN = 0
		PATH = [1, 0, 2]
	DESCRIPTION = Left Click at 'About Notepad'
	TEXT = Compound Action =
		Move mouse to (911.0, 725.0).
		Press Mouse Button BUTTON1
		Release Mouse Button BUTTON1

ExecutedAction [43]: 
 @Action ConcreteID = AC13w0qai822858815515 AbstractID = AA13w0qai822858815515
 ConcreteID CUSTOM = ConcreteID CUSTOM not available AbstractID CUSTOM = AA1jmsc4p82331661225
 @State ConcreteID = SC1gm64q14081268240006 AbstractID = SR1pl01vm3de4096698321
 ConcreteID CUSTOM = SC1t5yy5540d984303863 AbstractID CUSTOM = SA1avj91l4014044292580

	ROLE = LeftClickAt
	TARGET =
		WIDGET = WC1ynjevq18133537047, WR1h6ibpb92248851252, WTzj707vb935461581, WP13re3qc141749412799
		ROLE = UIAButton
		TITLE = OK
		SHAPE = Rect [x:1081.0 y:1083.0 w:75.0 h:23.0]
		CHILDREN = 0
		PATH = [1, 0, 8]
	DESCRIPTION = Left Click at 'OK'
	TEXT = Compound Action =
		Move mouse to (1118.5, 1094.5).
		Press Mouse Button BUTTON1
		Release Mouse Button BUTTON1

ExecutedAction [44]: 
 @Action ConcreteID = AC14sc4ls7f1449932706 AbstractID = AA14sc4ls7f1449932706
 ConcreteID CUSTOM = ConcreteID CUSTOM not available AbstractID CUSTOM = AA1pkjf4p802430348699
 @State ConcreteID = SCh8z8rv3003986363545 AbstractID = SRoczm272ea1161226879
 ConcreteID CUSTOM = SC1wign772fe1848814338 AbstractID CUSTOM = SA1qazr962f31536210502

	ROLE = LeftClickAt
	TARGET =
		WIDGET = WC16liu6s1c1119817956, WR17v7k2nb1067391859, WT1qeha5gf2005531835, WP1czq78i183514693340
		ROLE = UIAMenuItem
		TITLE = View
		SHAPE = Rect [x:786.0 y:641.0 w:39.0 h:19.0]
		CHILDREN = 0
		PATH = [1, 2, 3]
	DESCRIPTION = Left Click at 'View'
	TEXT = Compound Action =
		Move mouse to (805.5, 650.5).
		Press Mouse Button BUTTON1
		Release Mouse Button BUTTON1

ExecutedAction [45]: 
 @Action ConcreteID = AC1fhkgad803102974160 AbstractID = AA1fhkgad803102974160
 ConcreteID CUSTOM = ConcreteID CUSTOM not available AbstractID CUSTOM = AA1tgsx7f7f2777762545
 @State ConcreteID = SC1rrqih933c2978576086 AbstractID = SR2t0i7c3252345701870
 ConcreteID CUSTOM = SC1apgdjj3442057036951 AbstractID CUSTOM = SAxdxdmt3371295788254

	ROLE = LeftClickAt
	TARGET =
		WIDGET = WC1n7js7b1c106007059, WR17v7k2nb1067391859, WT1qejys2f1046425153, WP1psv0ph18657761217
		ROLE = UIAMenuItem
		TITLE = Zoom
		SHAPE = Rect [x:789.0 y:663.0 w:136.0 h:22.0]
		CHILDREN = 0
		PATH = [1, 0, 0]
	DESCRIPTION = Left Click at 'Zoom'
	TEXT = Compound Action =
		Move mouse to (857.0, 674.0).
		Press Mouse Button BUTTON1
		Release Mouse Button BUTTON1

ExecutedAction [46]: 
 @Action ConcreteID = AC1eqrho0803965833396 AbstractID = AA1eqrho0803965833396
 ConcreteID CUSTOM = ConcreteID CUSTOM not available AbstractID CUSTOM = AAmm8i438133562417
 @State ConcreteID = SC1crorop386464202748 AbstractID = SR1pl8gol3741062440079
 ConcreteID CUSTOM = SC1nhtbiz38b3022296704 AbstractID CUSTOM = SA1d5a5ez3872952125323

	ROLE = LeftClickAt
	TARGET =
		WIDGET = WCii2g9t33743301937, WR17v7k2nb1067391859, WT1p8ipti262045885642, WPzdcj32f2574155450
		ROLE = UIAMenuItem
		TITLE = Restore Default Zoom	Ctrl+0
		SHAPE = Rect [x:925.0 y:707.0 w:259.0 h:22.0]
		CHILDREN = 0
		PATH = [1, 0, 2]
	DESCRIPTION = Left Click at 'Restore Default Zoom	Ctrl+0'
	TEXT = Compound Action =
		Move mouse to (1054.5, 718.0).
		Press Mouse Button BUTTON1
		Release Mouse Button BUTTON1

ExecutedAction [47]: 
 @Action ConcreteID = ACo9uexh7f2566676094 AbstractID = AAo9uexh7f2566676094
 ConcreteID CUSTOM = ConcreteID CUSTOM not available AbstractID CUSTOM = AA1921pge801582056519
 @State ConcreteID = SCh8z8rv3003986363545 AbstractID = SRoczm272ea1161226879
 ConcreteID CUSTOM = SC1wign772fe1848814338 AbstractID CUSTOM = SA1qazr962f31536210502

	ROLE = LeftClickAt
	TARGET =
		WIDGET = WC168je8h1c77364985, WR17v7k2nb1067391859, WT1qe6brdf138512687, WPbonzmn182500097632
		ROLE = UIAMenuItem
		TITLE = Edit
		SHAPE = Rect [x:700.0 y:641.0 w:34.0 h:19.0]
		CHILDREN = 0
		PATH = [1, 2, 1]
	DESCRIPTION = Left Click at 'Edit'
	TEXT = Compound Action =
		Move mouse to (717.0, 650.5).
		Press Mouse Button BUTTON1
		Release Mouse Button BUTTON1

ExecutedAction [48]: 
 @Action ConcreteID = ACfot817f3816690295 AbstractID = AAfot817f3816690295
 ConcreteID CUSTOM = ConcreteID CUSTOM not available AbstractID CUSTOM = AA28x0z4802395878391
 @State ConcreteID = SCv6cima41f1468817236 AbstractID = SRylt0ma401935856739
 ConcreteID CUSTOM = SC1lir8hc4252565662199 AbstractID CUSTOM = SA12l8lvv4151664909255

	ROLE = LeftClickAt
	TARGET =
		WIDGET = WC1fl5lmb32446759764, WR17v7k2nb1067391859, WT3dz2jl252072595598, WPvdy2o12e947229051
		ROLE = UIAMenuItem
		TITLE = Search with Bing...	Ctrl+E
		SHAPE = Rect [x:703.0 y:787.0 w:225.0 h:22.0]
		CHILDREN = 0
		PATH = [1, 0, 5]
	DESCRIPTION = Left Click at 'Search with Bing...	Ctrl+E'
	TEXT = Compound Action =
		Move mouse to (815.5, 798.0).
		Press Mouse Button BUTTON1
		Release Mouse Button BUTTON1

ExecutedAction [49]: 
 @Action ConcreteID = ACfvd9fl7f2793530229 AbstractID = AAfvd9fl7f2793530229
 ConcreteID CUSTOM = ConcreteID CUSTOM not available AbstractID CUSTOM = AA10nkjyi801613887820
 @State ConcreteID = SCh8z8rv3003986363545 AbstractID = SRoczm272ea1161226879
 ConcreteID CUSTOM = SC1wign772fe1848814338 AbstractID CUSTOM = SA1qazr962f31536210502

	ROLE = LeftClickAt
	TARGET =
		WIDGET = WCwkswyr1e3256360177, WR17v7k2nb1067391859, WTaz2n92112307194186, WP134nzqp1a3406694771
		ROLE = UIAMenuItem
		TITLE = Format
		SHAPE = Rect [x:734.0 y:641.0 w:52.0 h:19.0]
		CHILDREN = 0
		PATH = [1, 2, 2]
	DESCRIPTION = Left Click at 'Format'
	TEXT = Compound Action =
		Move mouse to (760.0, 650.5).
		Press Mouse Button BUTTON1
		Release Mouse Button BUTTON1

ExecutedAction [50]: 
 @Action ConcreteID = AC19ssnmz7f1612177193 AbstractID = AA19ssnmz7f1612177193
 ConcreteID CUSTOM = ConcreteID CUSTOM not available AbstractID CUSTOM = AA1ekmry37f4200958722
 @State ConcreteID = SCdi97f733e4142803088 AbstractID = SR2t0i7c3252345701870
 ConcreteID CUSTOM = SC1xkvny2346265821819 AbstractID CUSTOM = SAxdxdmt3371295788254

	ROLE = LeftClickAt
	TARGET =
		WIDGET = WC16936tu1c972838729, WR17v7k2nb1067391859, WT1qe6brdf138512687, WPbp7s80182825150416
		ROLE = UIAMenuItem
		TITLE = Edit
		SHAPE = Rect [x:700.0 y:641.0 w:34.0 h:19.0]
		CHILDREN = 0
		PATH = [1, 3, 1]
	DESCRIPTION = Left Click at 'Edit'
	TEXT = Compound Action =
		Move mouse to (717.0, 650.5).
		Press Mouse Button BUTTON1
		Release Mouse Button BUTTON1

ExecutedAction [51]: 
 @Action ConcreteID = ACfvd9fl7f2793530229 AbstractID = AAfvd9fl7f2793530229
 ConcreteID CUSTOM = ConcreteID CUSTOM not available AbstractID CUSTOM = AA10nkjyi801613887820
 @State ConcreteID = SCh8z8rv3003986363545 AbstractID = SRoczm272ea1161226879
 ConcreteID CUSTOM = SC1wign772fe1848814338 AbstractID CUSTOM = SA1qazr962f31536210502

	ROLE = LeftClickAt
	TARGET =
		WIDGET = WC3r6fwk1e246553711, WR17v7k2nb1067391859, WTaz2n92112307194186, WPab1ioi1a128190957
		ROLE = UIAMenuItem
		TITLE = Format
		SHAPE = Rect [x:734.0 y:641.0 w:52.0 h:19.0]
		CHILDREN = 0
		PATH = [0, 2, 2]
	DESCRIPTION = Left Click at 'Format'
	TEXT = Compound Action =
		Move mouse to (760.0, 650.5).
		Press Mouse Button BUTTON1
		Release Mouse Button BUTTON1

ExecutedAction [52]: 
 @Action ConcreteID = ACejaki37f702871996 AbstractID = AAejaki37f702871996
 ConcreteID CUSTOM = ConcreteID CUSTOM not available AbstractID CUSTOM = AAjb4ot77f3012996503
 @State ConcreteID = SCdi97f733e4142803088 AbstractID = SR2t0i7c3252345701870
 ConcreteID CUSTOM = SC1xkvny2346265821819 AbstractID CUSTOM = SAxdxdmt3371295788254

	ROLE = LeftClickAt
	TARGET =
		WIDGET = WC12akdbs1c599558449, WR17v7k2nb1067391859, WT1qe89j4f2180189081, WP10chjd2182162991762
		ROLE = UIAMenuItem
		TITLE = Help
		SHAPE = Rect [x:825.0 y:641.0 w:39.0 h:19.0]
		CHILDREN = 0
		PATH = [0, 2, 4]
	DESCRIPTION = Left Click at 'Help'
	TEXT = Compound Action =
		Move mouse to (844.5, 650.5).
		Press Mouse Button BUTTON1
		Release Mouse Button BUTTON1

ExecutedAction [53]: 
 @Action ConcreteID = ACo9uexh7f2566676094 AbstractID = AAo9uexh7f2566676094
 ConcreteID CUSTOM = ConcreteID CUSTOM not available AbstractID CUSTOM = AA1921pge801582056519
 @State ConcreteID = SCh8z8rv3003986363545 AbstractID = SRoczm272ea1161226879
 ConcreteID CUSTOM = SC1wign772fe1848814338 AbstractID CUSTOM = SA1qazr962f31536210502

	ROLE = LeftClickAt
	TARGET =
		WIDGET = WC168je8h1c77364985, WR17v7k2nb1067391859, WT1qe6brdf138512687, WPbonzmn182500097632
		ROLE = UIAMenuItem
		TITLE = Edit
		SHAPE = Rect [x:700.0 y:641.0 w:34.0 h:19.0]
		CHILDREN = 0
		PATH = [1, 2, 1]
	DESCRIPTION = Left Click at 'Edit'
	TEXT = Compound Action =
		Move mouse to (717.0, 650.5).
		Press Mouse Button BUTTON1
		Release Mouse Button BUTTON1

ExecutedAction [54]: 
 @Action ConcreteID = AC1svjp1t7f1419258318 AbstractID = AA1svjp1t7f1419258318
 ConcreteID CUSTOM = ConcreteID CUSTOM not available AbstractID CUSTOM = AA1uorwsw80958924878
 @State ConcreteID = SCv6cima41f1468817236 AbstractID = SRylt0ma401935856739
 ConcreteID CUSTOM = SC1lir8hc4252565662199 AbstractID CUSTOM = SA12l8lvv4151664909255

	ROLE = LeftClickAt
	TARGET =
		WIDGET = WCjns6uw291135758710, WR17v7k2nb1067391859, WT1ia206w1c1487822300, WPrr7rly254082628280
		ROLE = UIAMenuItem
		TITLE = Replace...	Ctrl+H
		SHAPE = Rect [x:703.0 y:875.0 w:225.0 h:22.0]
		CHILDREN = 0
		PATH = [1, 0, 9]
	DESCRIPTION = Left Click at 'Replace...	Ctrl+H'
	TEXT = Compound Action =
		Move mouse to (815.5, 886.0).
		Press Mouse Button BUTTON1
		Release Mouse Button BUTTON1

ExecutedAction [55]: 
 @Action ConcreteID = AC1p68m4w7f1784746700 AbstractID = AA1p68m4w7f1784746700
 ConcreteID CUSTOM = ConcreteID CUSTOM not available AbstractID CUSTOM = AA11go9dl7e3940716145
 @State ConcreteID = SCserd3z4071737577003 AbstractID = SR19mvpb43e43755798962
 ConcreteID CUSTOM = SCd2mox4143256577783 AbstractID CUSTOM = SAmtfie5401932394345

	ROLE = LeftClickAt
	TARGET =
		WIDGET = WCuf9um9233912644914, WR88rmk0b1934231702, WT1t7jjo3161798943962, WP17t130v1f417776581
		ROLE = UIACheckBox
		TITLE = Wrap around
		SHAPE = Rect [x:736.0 y:891.0 w:96.0 h:20.0]
		CHILDREN = 0
		PATH = [1, 0, 5]
	DESCRIPTION = Left Click at 'Wrap around'
	TEXT = Compound Action =
		Move mouse to (784.0, 901.0).
		Press Mouse Button BUTTON1
		Release Mouse Button BUTTON1

ExecutedAction [56]: 
 @Action ConcreteID = AC11fatlh803656462545 AbstractID = AA11fatlh803656462545
 ConcreteID CUSTOM = ConcreteID CUSTOM not available AbstractID CUSTOM = AAcpwdu47f1822522492
 @State ConcreteID = SCserd3z4071737577003 AbstractID = SR19mvpb43e43755798962
 ConcreteID CUSTOM = SCd2mox4143256577783 AbstractID CUSTOM = SAmtfie5401932394345

	ROLE = LeftClickAt
	TARGET =
		WIDGET = WC3irx5k1f2569467012, WR1h6ibpb92248851252, WT1523ifv122562923779, WP1aw1skm1b1835374051
		ROLE = UIAButton
		TITLE = Find Next
		SHAPE = Rect [x:991.0 y:771.0 w:75.0 h:23.0]
		CHILDREN = 0
		PATH = [1, 0, 6]
	DESCRIPTION = Left Click at 'Find Next'
	TEXT = Compound Action =
		Move mouse to (1028.5, 782.5).
		Press Mouse Button BUTTON1
		Release Mouse Button BUTTON1

ExecutedAction [57]: 
 @Action ConcreteID = ACvzsfh57f1859363546 AbstractID = AAvzsfh57f1859363546
 ConcreteID CUSTOM = ConcreteID CUSTOM not available AbstractID CUSTOM = AA1ufr4bi803575854895
 @State ConcreteID = SCygsme64803517519584 AbstractID = SR1ajmvi04571962923400
 ConcreteID CUSTOM = SCm0bqay4871275275369 AbstractID CUSTOM = SA1o09otj4792883301672

	ROLE = LeftClickAt
	TARGET =
		WIDGET = WC12akdbs1c599558449, WR17v7k2nb1067391859, WT1qe89j4f2180189081, WP10chjd2182162991762
		ROLE = UIAMenuItem
		TITLE = Help
		SHAPE = Rect [x:825.0 y:641.0 w:39.0 h:19.0]
		CHILDREN = 0
		PATH = [0, 2, 4]
	DESCRIPTION = Left Click at 'Help'
	TEXT = Compound Action =
		Move mouse to (844.5, 650.5).
		Press Mouse Button BUTTON1
		Release Mouse Button BUTTON1

ExecutedAction [58]: 
 @Action ConcreteID = ACdmtmnz12d3122439951 AbstractID = AA1o4ato2d61021169283
 ConcreteID CUSTOM = ConcreteID CUSTOM not available AbstractID CUSTOM = AAhario9d72188511346
 @State ConcreteID = SCecufqi4ce1427688341 AbstractID = SR28ajr94a63234654071
 ConcreteID CUSTOM = SCm3glh74c92472285767 AbstractID CUSTOM = SA1ffonb24c23652701144

	ROLE = ClickTypeInto
	TARGET =
		WIDGET = WChabey41c1673197405, WR4n0dlj72701565195, WTei4yvd121088706799, WP1p7t7tq182805960973
		ROLE = UIAEdit
		TITLE = Text Editor
		SHAPE = Rect [x:668.0 y:661.0 w:1881.0 h:901.0]
		CHILDREN = 1
		PATH = [1, 2]
	DESCRIPTION = Type '<a href="\xE1\x9...' into 'Text Editor
	TEXT = Compound Action =
		Compound Action =
		Move mouse to (1608.5, 1111.5).
		Press Mouse Button BUTTON1
		Release Mouse Button BUTTON1
		Press Key 17
		Press Key 65
		Release Key 65
		Release Key 17
		Type text '<a href="\xE1\x9A\x80javascript:javascript:alert(1)" id="fuzzelement1">test</a>'

ExecutedAction [59]: 
 @Action ConcreteID = ACq970ax80959105295 AbstractID = AAq970ax80959105295
 ConcreteID CUSTOM = ConcreteID CUSTOM not available AbstractID CUSTOM = AAi9nzze802729290929
 @State ConcreteID = SC1lebkos47f1989237235 AbstractID = SR1ajmvi04571962923400
 ConcreteID CUSTOM = SC1i6xkwu4882531416447 AbstractID CUSTOM = SA1o09otj4792883301672

	ROLE = LeftClickAt
	TARGET =
		WIDGET = WC3r6fwk1e246553711, WR17v7k2nb1067391859, WTaz2n92112307194186, WPab1ioi1a128190957
		ROLE = UIAMenuItem
		TITLE = Format
		SHAPE = Rect [x:734.0 y:641.0 w:52.0 h:19.0]
		CHILDREN = 0
		PATH = [0, 2, 2]
	DESCRIPTION = Left Click at 'Format'
	TEXT = Compound Action =
		Move mouse to (760.0, 650.5).
		Press Mouse Button BUTTON1
		Release Mouse Button BUTTON1

ExecutedAction [60]: 
 @Action ConcreteID = ACn0pvi97f1479725111 AbstractID = AAn0pvi97f1479725111
 ConcreteID CUSTOM = ConcreteID CUSTOM not available AbstractID CUSTOM = AAoz4r2080840267342
 @State ConcreteID = SC8ajmlz4b84120767866 AbstractID = SR14mz5lj4922712879955
 ConcreteID CUSTOM = SC1nx08hs4b9420946804 AbstractID CUSTOM = SA1ygme734af2535957345

	ROLE = LeftClickAt
	TARGET =
		WIDGET = WC3r6fwk1e246553711, WR17v7k2nb1067391859, WTaz2n92112307194186, WPab1ioi1a128190957
		ROLE = UIAMenuItem
		TITLE = Format
		SHAPE = Rect [x:734.0 y:641.0 w:52.0 h:19.0]
		CHILDREN = 0
		PATH = [0, 2, 2]
	DESCRIPTION = Left Click at 'Format'
	TEXT = Compound Action =
		Move mouse to (760.0, 650.5).
		Press Mouse Button BUTTON1
		Release Mouse Button BUTTON1

ExecutedAction [61]: 
 @Action ConcreteID = AC1u5ywh6f64294954070 AbstractID = AAba16lsd7920608691
 ConcreteID CUSTOM = ConcreteID CUSTOM not available AbstractID CUSTOM = AA1maxx4fd7621909187
 @State ConcreteID = SC1lebkos47f1989237235 AbstractID = SR1ajmvi04571962923400
 ConcreteID CUSTOM = SC1i6xkwu4882531416447 AbstractID CUSTOM = SA1o09otj4792883301672

	ROLE = ClickTypeInto
	TARGET =
		WIDGET = WChabex91c1217897630, WR4n0dlj72701565195, WTei4yvd121088706799, WP1p7t7sv182350039758
		ROLE = UIAEdit
		TITLE = Text Editor
		SHAPE = Rect [x:668.0 y:661.0 w:1881.0 h:901.0]
		CHILDREN = 1
		PATH = [1, 1]
	DESCRIPTION = Type '? ? ? ? ? ?...' into 'Text Editor
	TEXT = Compound Action =
		Compound Action =
		Move mouse to (1608.5, 1111.5).
		Press Mouse Button BUTTON1
		Release Mouse Button BUTTON1
		Press Key 17
		Press Key 65
		Release Key 65
		Release Key 17
		Type text '? ? ? ? ? ? ? ?'

ExecutedAction [62]: 
 @Action ConcreteID = AC1f65vh4803385269720 AbstractID = AA1f65vh4803385269720
 ConcreteID CUSTOM = ConcreteID CUSTOM not available AbstractID CUSTOM = AA176mv5l801379956838
 @State ConcreteID = SC1lebkos47f1989237235 AbstractID = SR1ajmvi04571962923400
 ConcreteID CUSTOM = SC1i6xkwu4882531416447 AbstractID CUSTOM = SA1o09otj4792883301672

	ROLE = LeftClickAt
	TARGET =
		WIDGET = WCdrwd4l1c2383745146, WR17v7k2nb1067391859, WT1qeha5gf2005531835, WPk63q6b18500692546
		ROLE = UIAMenuItem
		TITLE = View
		SHAPE = Rect [x:786.0 y:641.0 w:39.0 h:19.0]
		CHILDREN = 0
		PATH = [0, 2, 3]
	DESCRIPTION = Left Click at 'View'
	TEXT = Compound Action =
		Move mouse to (805.5, 650.5).
		Press Mouse Button BUTTON1
		Release Mouse Button BUTTON1

ExecutedAction [63]: 
 @Action ConcreteID = ACz4k9se7f3142812245 AbstractID = AAz4k9se7f3142812245
 ConcreteID CUSTOM = ConcreteID CUSTOM not available AbstractID CUSTOM = AA14gvyp8803291039708
 @State ConcreteID = SCltjt7l4b62386570541 AbstractID = SR14mz5lj4922712879955
 ConcreteID CUSTOM = SC1mumifp4b71414660034 AbstractID CUSTOM = SA1ygme734af2535957345

	ROLE = LeftClickAt
	TARGET =
		WIDGET = WCzizbck22780081783, WR17v7k2nb1067391859, WT1mzygsk152008856611, WP1hxaps21e3209323002
		ROLE = UIAMenuItem
		TITLE = Status Bar
		SHAPE = Rect [x:789.0 y:685.0 w:136.0 h:22.0]
		CHILDREN = 0
		PATH = [1, 0, 1]
	DESCRIPTION = Left Click at 'Status Bar'
	TEXT = Compound Action =
		Move mouse to (857.0, 696.0).
		Press Mouse Button BUTTON1
		Release Mouse Button BUTTON1

ExecutedAction [64]: 
 @Action ConcreteID = AC1n94w3b801006637830 AbstractID = AA1n94w3b801006637830
 ConcreteID CUSTOM = ConcreteID CUSTOM not available AbstractID CUSTOM = AA1x3pyl37f4045517525
 @State ConcreteID = SC11v6l4d4f51119583025 AbstractID = SR1geflat4c3731412460
 ConcreteID CUSTOM = SCfj0pbv4fa1322612893 AbstractID CUSTOM = SAf3w8gw4f42800736929

	ROLE = LeftClickAt
	TARGET =
		WIDGET = WCdrwd4l1c2383745146, WR17v7k2nb1067391859, WT1qeha5gf2005531835, WPk63q6b18500692546
		ROLE = UIAMenuItem
		TITLE = View
		SHAPE = Rect [x:786.0 y:641.0 w:39.0 h:19.0]
		CHILDREN = 0
		PATH = [0, 2, 3]
	DESCRIPTION = Left Click at 'View'
	TEXT = Compound Action =
		Move mouse to (805.5, 650.5).
		Press Mouse Button BUTTON1
		Release Mouse Button BUTTON1

ExecutedAction [65]: 
 @Action ConcreteID = AC1poqbag7e1741788665 AbstractID = AA1poqbag7e1741788665
 ConcreteID CUSTOM = ConcreteID CUSTOM not available AbstractID CUSTOM = AA11ous8c7f1285340900
 @State ConcreteID = SCiolarn531941539663 AbstractID = SRxdeqlw4fe2715815740
 ConcreteID CUSTOM = SC1bi1sho52e1123605282 AbstractID CUSTOM = SAftbmjy51f1468082777

	ROLE = LeftClickAt
	TARGET =
		WIDGET = WCwmgaqu1e1882767585, WR17v7k2nb1067391859, WTaz2n92112307194186, WP136bdis1a2033112419
		ROLE = UIAMenuItem
		TITLE = Format
		SHAPE = Rect [x:734.0 y:641.0 w:52.0 h:19.0]
		CHILDREN = 0
		PATH = [1, 5, 2]
	DESCRIPTION = Left Click at 'Format'
	TEXT = Compound Action =
		Move mouse to (760.0, 650.5).
		Press Mouse Button BUTTON1
		Release Mouse Button BUTTON1

ExecutedAction [66]: 
 @Action ConcreteID = AC19b9xs780175331102 AbstractID = AA19b9xs780175331102
 ConcreteID CUSTOM = ConcreteID CUSTOM not available AbstractID CUSTOM = AA1j5v09z7f3344103117
 @State ConcreteID = SC11v6l4d4f51119583025 AbstractID = SR1geflat4c3731412460
 ConcreteID CUSTOM = SCfj0pbv4fa1322612893 AbstractID CUSTOM = SAf3w8gw4f42800736929

	ROLE = LeftClickAt
	TARGET =
		WIDGET = WC9juooy1c2998356, WR17v7k2nb1067391859, WT1qe72ijf99311909, WP1c5v840182567018805
		ROLE = UIAMenuItem
		TITLE = File
		SHAPE = Rect [x:668.0 y:641.0 w:32.0 h:19.0]
		CHILDREN = 0
		PATH = [1, 4, 0]
	DESCRIPTION = Left Click at 'File'
	TEXT = Compound Action =
		Move mouse to (684.0, 650.5).
		Press Mouse Button BUTTON1
		Release Mouse Button BUTTON1

ExecutedAction [67]: 
 @Action ConcreteID = ACsdm4d77f2437451078 AbstractID = AAsdm4d77f2437451078
 ConcreteID CUSTOM = ConcreteID CUSTOM not available AbstractID CUSTOM = AA1l8xhgg803214643228
 @State ConcreteID = SCtioxq45a93438610224 AbstractID = SRleirwo5761926288840
 ConcreteID CUSTOM = SC1rq4w5m5a83514994190 AbstractID CUSTOM = SA122gxc95943227566342

	ROLE = LeftClickAt
	TARGET =
		WIDGET = WCi6s47l251344177256, WR17v7k2nb1067391859, WT1mkt3k3184259406525, WP19841wf213011897423
		ROLE = UIAMenuItem
		TITLE = Page Setup...
		SHAPE = Rect [x:671.0 y:780.0 w:223.0 h:22.0]
		CHILDREN = 0
		PATH = [1, 0, 5]
	DESCRIPTION = Left Click at 'Page Setup...'
	TEXT = Compound Action =
		Move mouse to (782.5, 791.0).
		Press Mouse Button BUTTON1
		Release Mouse Button BUTTON1

ExecutedAction [68]: 
 @Action ConcreteID = AC1jc7358803271899844 AbstractID = AA1jc7358803271899844
 ConcreteID CUSTOM = ConcreteID CUSTOM not available AbstractID CUSTOM = AA1cbi15q7f1668420446
 @State ConcreteID = SC1g5cevq7a93673327508 AbstractID = SR1gf5jz57452554689936
 ConcreteID CUSTOM = SCf7awc87a51334713384 AbstractID CUSTOM = SA4r45ke7902605289925

	ROLE = LeftClickAt
	TARGET =
		WIDGET = WChhl2yo1f1800854193, WR17qbaneb3904637586, WT1u4k19x12231763435, WPouok9a1b1768965281
		ROLE = UIAComboBox
		TITLE = Source:
		SHAPE = Rect [x:772.0 y:760.0 w:240.0 h:21.0]
		CHILDREN = 1
		PATH = [1, 0, 4]
	DESCRIPTION = Left Click at 'Source:'
	TEXT = Compound Action =
		Move mouse to (892.0, 770.5).
		Press Mouse Button BUTTON1
		Release Mouse Button BUTTON1

ExecutedAction [69]: 
 @Action ConcreteID = AC1lhtest801141113191 AbstractID = AA1lhtest801141113191
 ConcreteID CUSTOM = ConcreteID CUSTOM not available AbstractID CUSTOM = AA1n0rgg07e523701481
 @State ConcreteID = SC1o0t3gv7fc3609837704 AbstractID = SR2rh74r7913090907304
 ConcreteID CUSTOM = SCkiojba7f2275575024 AbstractID CUSTOM = SAtxhxhv7e1692673668

	ROLE = LeftClickAt
	TARGET =
		WIDGET = WC1nb30ig231922590060, WRa3fnoge3263686876, WTu95paz162645246549, WP1iji6jq1f146792260
		ROLE = UIARadioButton
		TITLE = Portrait
		SHAPE = Rect [x:700.0 y:825.0 w:78.0 h:20.0]
		CHILDREN = 0
		PATH = [1, 0, 6]
	DESCRIPTION = Left Click at 'Portrait'
	TEXT = Compound Action =
		Move mouse to (739.0, 835.0).
		Press Mouse Button BUTTON1
		Release Mouse Button BUTTON1

ExecutedAction [70]: 
 @Action ConcreteID = ACgh51fq802225964817 AbstractID = AAgh51fq802225964817
 ConcreteID CUSTOM = ConcreteID CUSTOM not available AbstractID CUSTOM = AA9gfzg87f618311307
 @State ConcreteID = SC1g5cevq7a93673327508 AbstractID = SR1gf5jz57452554689936
 ConcreteID CUSTOM = SCf7awc87a51334713384 AbstractID CUSTOM = SA4r45ke7902605289925

	ROLE = LeftClickAt
	TARGET =
		WIDGET = WC1c9sd7b242335290910, WRa3fnoge3263686876, WTjezmd7174119221906, WP18pu7mt202134796862
		ROLE = UIARadioButton
		TITLE = Landscape
		SHAPE = Rect [x:700.0 y:859.0 w:78.0 h:20.0]
		CHILDREN = 0
		PATH = [1, 0, 7]
	DESCRIPTION = Left Click at 'Landscape'
	TEXT = Compound Action =
		Move mouse to (739.0, 869.0).
		Press Mouse Button BUTTON1
		Release Mouse Button BUTTON1

ExecutedAction [71]: 
 @Action ConcreteID = ACx0t39j811666808035 AbstractID = AAx0t39j811666808035
 ConcreteID CUSTOM = ConcreteID CUSTOM not available AbstractID CUSTOM = AAsikjmd801931703696
 @State ConcreteID = SC1g5cevq7a93673327508 AbstractID = SR1gf5jz57452554689936
 ConcreteID CUSTOM = SCf7awc87a51334713384 AbstractID CUSTOM = SA4r45ke7902605289925

	ROLE = LeftClickAt
	TARGET =
		WIDGET = WCmvlfzd1d805200349, WR1h6ibpb92248851252, WT1vjbvvdf3603144044, WPlosu57191347202032
		ROLE = UIAButton
		TITLE = Cancel
		SHAPE = Rect [x:1123.0 y:975.0 w:75.0 h:23.0]
		CHILDREN = 0
		PATH = [1, 0, 23]
	DESCRIPTION = Left Click at 'Cancel'
	TEXT = Compound Action =
		Move mouse to (1160.5, 986.5).
		Press Mouse Button BUTTON1
		Release Mouse Button BUTTON1

ExecutedAction [72]: 
 @Action ConcreteID = AC5aszao12612367106 AbstractID = AAb1k06pd74279798670
 ConcreteID CUSTOM = ConcreteID CUSTOM not available AbstractID CUSTOM = AAo06qs1d63635348681
 @State ConcreteID = SC11v6l4d4f51119583025 AbstractID = SR1geflat4c3731412460
 ConcreteID CUSTOM = SCfj0pbv4fa1322612893 AbstractID CUSTOM = SAf3w8gw4f42800736929

	ROLE = ClickTypeInto
	TARGET =
		WIDGET = WCh9rmb11c1827454063, WR4n0dlj72701565195, WTei4yvd121088706799, WP1p79f6n182825509439
		ROLE = UIAEdit
		TITLE = Text Editor
		SHAPE = Rect [x:668.0 y:661.0 w:1881.0 h:901.0]
		CHILDREN = 3
		PATH = [0, 0]
	DESCRIPTION = Type '<a href="\x0Djav...' into 'Text Editor
	TEXT = Compound Action =
		Compound Action =
		Move mouse to (1608.5, 1111.5).
		Press Mouse Button BUTTON1
		Release Mouse Button BUTTON1
		Press Key 17
		Press Key 65
		Release Key 65
		Release Key 17
		Type text '<a href="\x0Djavascript:javascript:alert(1)" id="fuzzelement1">test</a>'

ExecutedAction [73]: 
 @Action ConcreteID = ACm5j1hq7f3686187767 AbstractID = AAm5j1hq7f3686187767
 ConcreteID CUSTOM = ConcreteID CUSTOM not available AbstractID CUSTOM = AA1x3pyl37f4045517525
 @State ConcreteID = SC1nsveb24f4798564696 AbstractID = SR1geflat4c3731412460
 ConcreteID CUSTOM = SC180lq3j4fa2838665201 AbstractID CUSTOM = SAf3w8gw4f42800736929

	ROLE = LeftClickAt
	TARGET =
		WIDGET = WC16mmfdi1c3456099652, WR17v7k2nb1067391859, WT1qeha5gf2005531835, WP1d0tsf8181581056892
		ROLE = UIAMenuItem
		TITLE = View
		SHAPE = Rect [x:786.0 y:641.0 w:39.0 h:19.0]
		CHILDREN = 0
		PATH = [1, 4, 3]
	DESCRIPTION = Left Click at 'View'
	TEXT = Compound Action =
		Move mouse to (805.5, 650.5).
		Press Mouse Button BUTTON1
		Release Mouse Button BUTTON1

ExecutedAction [74]: 
 @Action ConcreteID = AC11rl9fb7f448994713 AbstractID = AA11rl9fb7f448994713
 ConcreteID CUSTOM = ConcreteID CUSTOM not available AbstractID CUSTOM = AAettulc7f991044986
 @State ConcreteID = SC2fir5v5301284456331 AbstractID = SRxdeqlw4fe2715815740
 ConcreteID CUSTOM = SC10glhpc52e3317273363 AbstractID CUSTOM = SAftbmjy51f1468082777

	ROLE = LeftClickAt
	TARGET =
		WIDGET = WC12akdbs1c599558449, WR17v7k2nb1067391859, WT1qe89j4f2180189081, WP10chjd2182162991762
		ROLE = UIAMenuItem
		TITLE = Help
		SHAPE = Rect [x:825.0 y:641.0 w:39.0 h:19.0]
		CHILDREN = 0
		PATH = [0, 2, 4]
	DESCRIPTION = Left Click at 'Help'
	TEXT = Compound Action =
		Move mouse to (844.5, 650.5).
		Press Mouse Button BUTTON1
		Release Mouse Button BUTTON1

ExecutedAction [75]: 
 @Action ConcreteID = AC87o36m7f3989145327 AbstractID = AA87o36m7f3989145327
 ConcreteID CUSTOM = ConcreteID CUSTOM not available AbstractID CUSTOM = AA1j5v09z7f3344103117
 @State ConcreteID = SC1nsveb24f4798564696 AbstractID = SR1geflat4c3731412460
 ConcreteID CUSTOM = SC180lq3j4fa2838665201 AbstractID CUSTOM = SAf3w8gw4f42800736929

	ROLE = LeftClickAt
	TARGET =
		WIDGET = WC1fq8of51c1137128810, WR17v7k2nb1067391859, WT1qe72ijf99311909, WPjb55v3183672861707
		ROLE = UIAMenuItem
		TITLE = File
		SHAPE = Rect [x:668.0 y:641.0 w:32.0 h:19.0]
		CHILDREN = 0
		PATH = [0, 2, 0]
	DESCRIPTION = Left Click at 'File'
	TEXT = Compound Action =
		Move mouse to (684.0, 650.5).
		Press Mouse Button BUTTON1
		Release Mouse Button BUTTON1

ExecutedAction [76]: 
 @Action ConcreteID = ACl9gn8l803886155635 AbstractID = AAl9gn8l803886155635
 ConcreteID CUSTOM = ConcreteID CUSTOM not available AbstractID CUSTOM = AAq7y8pw803232603589
 @State ConcreteID = SC1o2aj1m5a81945899421 AbstractID = SRleirwo5761926288840
 ConcreteID CUSTOM = SC1goolda5a81455670847 AbstractID CUSTOM = SA122gxc95943227566342

	ROLE = LeftClickAt
	TARGET =
		WIDGET = WCbmjtb722459325222, WR17v7k2nb1067391859, WT1otgxiu151058087525, WP7oan751e1894693024
		ROLE = UIAMenuItem
		TITLE = New	Ctrl+N
		SHAPE = Rect [x:671.0 y:663.0 w:223.0 h:22.0]
		CHILDREN = 0
		PATH = [1, 0, 0]
	DESCRIPTION = Left Click at 'New	Ctrl+N'
	TEXT = Compound Action =
		Move mouse to (782.5, 674.0).
		Press Mouse Button BUTTON1
		Release Mouse Button BUTTON1

ExecutedAction [77]: 
 @Action ConcreteID = AC19k0irre22799765004 AbstractID = AA1ele04nd62440361893
 ConcreteID CUSTOM = ConcreteID CUSTOM not available AbstractID CUSTOM = AAjl037td7734419665
 @State ConcreteID = SCawaij85813020357356 AbstractID = SR1eu1phy54b1880064629
 ConcreteID CUSTOM = SC18kf5zh57d2391970001 AbstractID CUSTOM = SA1j847pc5741207986163

	ROLE = ClickTypeInto
	TARGET =
		WIDGET = WCh9rmb11c1827454063, WR4n0dlj72701565195, WTei4yvd121088706799, WP1p79f6n182825509439
		ROLE = UIAEdit
		TITLE = Text Editor
		SHAPE = Rect [x:668.0 y:661.0 w:1881.0 h:901.0]
		CHILDREN = 3
		PATH = [0, 0]
	DESCRIPTION = Type 'True' into 'Text Editor
	TEXT = Compound Action =
		Compound Action =
		Move mouse to (1608.5, 1111.5).
		Press Mouse Button BUTTON1
		Release Mouse Button BUTTON1
		Press Key 17
		Press Key 65
		Release Key 65
		Release Key 17
		Type text 'True'

ExecutedAction [78]: 
 @Action ConcreteID = AC1mg9hfi801092799041 AbstractID = AA1mg9hfi801092799041
 ConcreteID CUSTOM = ConcreteID CUSTOM not available AbstractID CUSTOM = AAed8a3k813677529245
 @State ConcreteID = SCawaij85813020357356 AbstractID = SR1eu1phy54b1880064629
 ConcreteID CUSTOM = SC18kf5zh57d2391970001 AbstractID CUSTOM = SA1j847pc5741207986163

	ROLE = LeftClickAt
	TARGET =
		WIDGET = WCpxxhj11c761681753, WR1h6ibpb92248851252, WT1vjbvvdf3603144044, WP11czjgr184121018645
		ROLE = UIAButton
		TITLE = Cancel
		SHAPE = Rect [x:1045.0 y:579.0 w:72.0 h:23.0]
		CHILDREN = 0
		PATH = [1, 0, 3]
	DESCRIPTION = Left Click at 'Cancel'
	TEXT = Compound Action =
		Move mouse to (1081.0, 590.5).
		Press Mouse Button BUTTON1
		Release Mouse Button BUTTON1

ExecutedAction [79]: 
 @Action ConcreteID = ACm5j1hq7f3686187767 AbstractID = AAm5j1hq7f3686187767
 ConcreteID CUSTOM = ConcreteID CUSTOM not available AbstractID CUSTOM = AA1x3pyl37f4045517525
 @State ConcreteID = SC1nsveb24f4798564696 AbstractID = SR1geflat4c3731412460
 ConcreteID CUSTOM = SC180lq3j4fa2838665201 AbstractID CUSTOM = SAf3w8gw4f42800736929

	ROLE = LeftClickAt
	TARGET =
		WIDGET = WCdrwd4l1c2383745146, WR17v7k2nb1067391859, WT1qeha5gf2005531835, WPk63q6b18500692546
		ROLE = UIAMenuItem
		TITLE = View
		SHAPE = Rect [x:786.0 y:641.0 w:39.0 h:19.0]
		CHILDREN = 0
		PATH = [0, 2, 3]
	DESCRIPTION = Left Click at 'View'
	TEXT = Compound Action =
		Move mouse to (805.5, 650.5).
		Press Mouse Button BUTTON1
		Release Mouse Button BUTTON1

ExecutedAction [80]: 
 @Action ConcreteID = AC11rl9fb7f448994713 AbstractID = AA11rl9fb7f448994713
 ConcreteID CUSTOM = ConcreteID CUSTOM not available AbstractID CUSTOM = AAettulc7f991044986
 @State ConcreteID = SC2fir5v5301284456331 AbstractID = SRxdeqlw4fe2715815740
 ConcreteID CUSTOM = SC10glhpc52e3317273363 AbstractID CUSTOM = SAftbmjy51f1468082777

	ROLE = LeftClickAt
	TARGET =
		WIDGET = WC1v5u8621c1563841983, WR17v7k2nb1067391859, WT1qe89j4f2180189081, WP1t7re7c184268129820
		ROLE = UIAMenuItem
		TITLE = Help
		SHAPE = Rect [x:825.0 y:641.0 w:39.0 h:19.0]
		CHILDREN = 0
		PATH = [1, 5, 4]
	DESCRIPTION = Left Click at 'Help'
	TEXT = Compound Action =
		Move mouse to (844.5, 650.5).
		Press Mouse Button BUTTON1
		Release Mouse Button BUTTON1

ExecutedAction [81]: 
 @Action ConcreteID = AC1w9o8an7f727389728 AbstractID = AA1w9o8an7f727389728
 ConcreteID CUSTOM = ConcreteID CUSTOM not available AbstractID CUSTOM = AA186r3ew7f30172674
 @State ConcreteID = SC1nsveb24f4798564696 AbstractID = SR1geflat4c3731412460
 ConcreteID CUSTOM = SC180lq3j4fa2838665201 AbstractID CUSTOM = SAf3w8gw4f42800736929

	ROLE = LeftClickAt
	TARGET =
		WIDGET = WC3r6fwk1e246553711, WR17v7k2nb1067391859, WTaz2n92112307194186, WPab1ioi1a128190957
		ROLE = UIAMenuItem
		TITLE = Format
		SHAPE = Rect [x:734.0 y:641.0 w:52.0 h:19.0]
		CHILDREN = 0
		PATH = [0, 2, 2]
	DESCRIPTION = Left Click at 'Format'
	TEXT = Compound Action =
		Move mouse to (760.0, 650.5).
		Press Mouse Button BUTTON1
		Release Mouse Button BUTTON1

ExecutedAction [82]: 
 @Action ConcreteID = AC167ktv816d2951926185 AbstractID = AAon7anbd61519419190
 ConcreteID CUSTOM = ConcreteID CUSTOM not available AbstractID CUSTOM = AAuvv9hkd61553002730
 @State ConcreteID = SC1f93n91532176589208 AbstractID = SRxdeqlw4fe2715815740
 ConcreteID CUSTOM = SC3z8j2t5301285199354 AbstractID CUSTOM = SAftbmjy51f1468082777

	ROLE = ClickTypeInto
	TARGET =
		WIDGET = WChabey41c1673197405, WR4n0dlj72701565195, WTei4yvd121088706799, WP1p7t7tq182805960973
		ROLE = UIAEdit
		TITLE = Text Editor
		SHAPE = Rect [x:668.0 y:661.0 w:1881.0 h:878.0]
		CHILDREN = 1
		PATH = [1, 2]
	DESCRIPTION = Type '????I????n???v??...' into 'Text Editor
	TEXT = Compound Action =
		Compound Action =
		Move mouse to (1608.5, 1100.0).
		Press Mouse Button BUTTON1
		Release Mouse Button BUTTON1
		Press Key 17
		Press Key 65
		Release Key 65
		Release Key 17
		Type text '????I????n???v??ok????i??????n?????g??????? ?t??h??e?? ????f????????l???i????n??????g? ?o???f??? ??????c????????h?????????o???s???????.??????'

ExecutedAction [83]: 
 @Action ConcreteID = AC1m9wjb47f2606033922 AbstractID = AA1m9wjb47f2606033922
 ConcreteID CUSTOM = ConcreteID CUSTOM not available AbstractID CUSTOM = AAlbq5rw7f1984101788
 @State ConcreteID = SCknpena4f42780231651 AbstractID = SR1geflat4c3731412460
 ConcreteID CUSTOM = SC103zb874fa648129073 AbstractID CUSTOM = SAf3w8gw4f42800736929

	ROLE = LeftClickAt
	TARGET =
		WIDGET = WC12akdbs1c599558449, WR17v7k2nb1067391859, WT1qe89j4f2180189081, WP10chjd2182162991762
		ROLE = UIAMenuItem
		TITLE = Help
		SHAPE = Rect [x:825.0 y:641.0 w:39.0 h:19.0]
		CHILDREN = 0
		PATH = [0, 2, 4]
	DESCRIPTION = Left Click at 'Help'
	TEXT = Compound Action =
		Move mouse to (844.5, 650.5).
		Press Mouse Button BUTTON1
		Release Mouse Button BUTTON1

ExecutedAction [84]: 
 @Action ConcreteID = AC1gjalub812080676362 AbstractID = AA1gjalub812080676362
 ConcreteID CUSTOM = ConcreteID CUSTOM not available AbstractID CUSTOM = AA19tb4f1812857351676
 @State ConcreteID = SC1h5v1a55473912529150 AbstractID = SRnkm23m5122733597984
 ConcreteID CUSTOM = SCsa5toe5403707602437 AbstractID CUSTOM = SA1ce1nzt5322638120248

	ROLE = LeftClickAt
	TARGET =
		WIDGET = WCj7r5lr1b848842712, WR1h6ibpb92248851252, WTzj707vb935461581, WPxq8f81171475817107
		ROLE = UIAButton
		TITLE = OK
		SHAPE = Rect [x:994.0 y:650.0 w:75.0 h:23.0]
		CHILDREN = 0
		PATH = [1, 1, 0, 0]
	DESCRIPTION = Left Click at 'OK'
	TEXT = Compound Action =
		Move mouse to (1031.5, 661.5).
		Press Mouse Button BUTTON1
		Release Mouse Button BUTTON1

ExecutedAction [85]: 
 @Action ConcreteID = ACk4iajd802382630383 AbstractID = AAk4iajd802382630383
 ConcreteID CUSTOM = ConcreteID CUSTOM not available AbstractID CUSTOM = AArh1v8l80752921740
 @State ConcreteID = SCrfpaul47b2014447860 AbstractID = SRlmrysh450150927562
 ConcreteID CUSTOM = SC1y9ubum4873418855828 AbstractID CUSTOM = SA6yvhaw47c4180554836

	ROLE = LeftClickAt
	TARGET =
		WIDGET = WC5f3bwb212250837243, WR1h6ibpb92248851252, WT18mmbpy141109197180, WP185qdop1d3216103260
		ROLE = UIAButton
		TITLE = Replace All
		SHAPE = Rect [x:991.0 y:826.0 w:75.0 h:23.0]
		CHILDREN = 0
		PATH = [1, 0, 8]
	DESCRIPTION = Left Click at 'Replace All'
	TEXT = Compound Action =
		Move mouse to (1028.5, 837.5).
		Press Mouse Button BUTTON1
		Release Mouse Button BUTTON1

ExecutedAction [86]: 
 @Action ConcreteID = AC13zkad5801941472410 AbstractID = AA13zkad5801941472410
 ConcreteID CUSTOM = ConcreteID CUSTOM not available AbstractID CUSTOM = AA1lfodoq803055352024
 @State ConcreteID = SC1beq6xs47b671191091 AbstractID = SRlmrysh450150927562
 ConcreteID CUSTOM = SC1mrc7sn4881853330125 AbstractID CUSTOM = SA6yvhaw47c4180554836

	ROLE = LeftClickAt
	TARGET =
		WIDGET = WC1sp64v11d3137577732, WR1h6ibpb92248851252, WT16r0ool104128427134, WP1yg1i7f192154795129
		ROLE = UIAButton
		TITLE = Replace
		SHAPE = Rect [x:991.0 y:798.0 w:75.0 h:23.0]
		CHILDREN = 0
		PATH = [1, 0, 7]
	DESCRIPTION = Left Click at 'Replace'
	TEXT = Compound Action =
		Move mouse to (1028.5, 809.5).
		Press Mouse Button BUTTON1
		Release Mouse Button BUTTON1

ExecutedAction [87]: 
 @Action ConcreteID = ACgdmspb7f1967123522 AbstractID = AAgdmspb7f1967123522
 ConcreteID CUSTOM = ConcreteID CUSTOM not available AbstractID CUSTOM = AAlbq5rw7f1984101788
 @State ConcreteID = SCmnl4k94f42643527870 AbstractID = SR1geflat4c3731412460
 ConcreteID CUSTOM = SC9fvxd04fb1786439933 AbstractID CUSTOM = SAf3w8gw4f42800736929

	ROLE = LeftClickAt
	TARGET =
		WIDGET = WC12akdbs1c599558449, WR17v7k2nb1067391859, WT1qe89j4f2180189081, WP10chjd2182162991762
		ROLE = UIAMenuItem
		TITLE = Help
		SHAPE = Rect [x:825.0 y:641.0 w:39.0 h:19.0]
		CHILDREN = 0
		PATH = [0, 2, 4]
	DESCRIPTION = Left Click at 'Help'
	TEXT = Compound Action =
		Move mouse to (844.5, 650.5).
		Press Mouse Button BUTTON1
		Release Mouse Button BUTTON1

ExecutedAction [88]: 
 @Action ConcreteID = ACjzehwx12e3103081150 AbstractID = AAh875yid72868221787
 ConcreteID CUSTOM = ConcreteID CUSTOM not available AbstractID CUSTOM = AA16sd3m3d7803132353
 @State ConcreteID = SC1am5ivh5471086643925 AbstractID = SRnkm23m5122733597984
 ConcreteID CUSTOM = SC1ikz3gr53f3200530508 AbstractID CUSTOM = SA1ce1nzt5322638120248

	ROLE = ClickTypeInto
	TARGET =
		WIDGET = WCh9rmb11c1827454063, WR4n0dlj72701565195, WTei4yvd121088706799, WP1p79f6n182825509439
		ROLE = UIAEdit
		TITLE = Text Editor
		SHAPE = Rect [x:668.0 y:661.0 w:1881.0 h:901.0]
		CHILDREN = 3
		PATH = [0, 0]
	DESCRIPTION = Type '<a href="\xE2\x8...' into 'Text Editor
	TEXT = Compound Action =
		Compound Action =
		Move mouse to (1608.5, 1111.5).
		Press Mouse Button BUTTON1
		Release Mouse Button BUTTON1
		Press Key 17
		Press Key 65
		Release Key 65
		Release Key 17
		Type text '<a href="\xE2\x80\x85javascript:javascript:alert(1)" id="fuzzelement1">test</a>'

ExecutedAction [89]: 
 @Action ConcreteID = ACchq62u7f3152743223 AbstractID = AAchq62u7f3152743223
 ConcreteID CUSTOM = ConcreteID CUSTOM not available AbstractID CUSTOM = AA1gl88ws7f1068620553
 @State ConcreteID = SC19sg0zi4f4374664928 AbstractID = SR1geflat4c3731412460
 ConcreteID CUSTOM = SC16g6cys4fa173247021 AbstractID CUSTOM = SAf3w8gw4f42800736929

	ROLE = LeftClickAt
	TARGET =
		WIDGET = WCdewx6a1c3359014503, WR17v7k2nb1067391859, WT1qe6brdf138512687, WP1hw5kjk181504605950
		ROLE = UIAMenuItem
		TITLE = Edit
		SHAPE = Rect [x:700.0 y:641.0 w:34.0 h:19.0]
		CHILDREN = 0
		PATH = [0, 2, 1]
	DESCRIPTION = Left Click at 'Edit'
	TEXT = Compound Action =
		Move mouse to (717.0, 650.5).
		Press Mouse Button BUTTON1
		Release Mouse Button BUTTON1

ExecutedAction [90]: 
 @Action ConcreteID = AC1s3ordn7e2818660474 AbstractID = AA1s3ordn7e2818660474
 ConcreteID CUSTOM = ConcreteID CUSTOM not available AbstractID CUSTOM = AA1fg4ri07f2130110785
 @State ConcreteID = SCrmgmax613751410764 AbstractID = SRtidr3i5da175752367
 ConcreteID CUSTOM = SC1nw8fdp60f3317883988 AbstractID CUSTOM = SA5ni8eh5fb1983031973

	ROLE = LeftClickAt
	TARGET =
		WIDGET = WC1pt0gc7243676825789, WR17v7k2nb1067391859, WT1rua1p7173493758977, WP4vruv9203679118761
		ROLE = UIAMenuItem
		TITLE = Find Next	F3
		SHAPE = Rect [x:703.0 y:831.0 w:225.0 h:22.0]
		CHILDREN = 0
		PATH = [1, 0, 7]
	DESCRIPTION = Left Click at 'Find Next	F3'
	TEXT = Compound Action =
		Move mouse to (815.5, 842.0).
		Press Mouse Button BUTTON1
		Release Mouse Button BUTTON1

ExecutedAction [91]: 
 @Action ConcreteID = AC1bj2g6h7e1788151732 AbstractID = AA1bj2g6h7e1788151732
 ConcreteID CUSTOM = ConcreteID CUSTOM not available AbstractID CUSTOM = AA17sc4yf7f3540900522
 @State ConcreteID = SCa5bfo0569200419371 AbstractID = SRxwmxcl5363559270776
 ConcreteID CUSTOM = SCm769y65741214847379 AbstractID CUSTOM = SA9r24qd5741512664858

	ROLE = LeftClickAt
	TARGET =
		WIDGET = WC16mmfdi1c3456099652, WR17v7k2nb1067391859, WT1qeha5gf2005531835, WP1d0tsf8181581056892
		ROLE = UIAMenuItem
		TITLE = View
		SHAPE = Rect [x:786.0 y:641.0 w:39.0 h:19.0]
		CHILDREN = 0
		PATH = [1, 4, 3]
	DESCRIPTION = Left Click at 'View'
	TEXT = Compound Action =
		Move mouse to (805.5, 650.5).
		Press Mouse Button BUTTON1
		Release Mouse Button BUTTON1

ExecutedAction [92]: 
 @Action ConcreteID = ACqokcm77f573766581 AbstractID = AAqokcm77f573766581
 ConcreteID CUSTOM = ConcreteID CUSTOM not available AbstractID CUSTOM = AAdopo8k801655545780
 @State ConcreteID = SCfdbkle5aa3034626166 AbstractID = SR197ghna571264240572
 ConcreteID CUSTOM = SCfin7l15a62746908617 AbstractID CUSTOM = SA114ydpo59f1992517997

	ROLE = LeftClickAt
	TARGET =
		WIDGET = WC1fq8of51c1137128810, WR17v7k2nb1067391859, WT1qe72ijf99311909, WPjb55v3183672861707
		ROLE = UIAMenuItem
		TITLE = File
		SHAPE = Rect [x:668.0 y:641.0 w:32.0 h:19.0]
		CHILDREN = 0
		PATH = [0, 2, 0]
	DESCRIPTION = Left Click at 'File'
	TEXT = Compound Action =
		Move mouse to (684.0, 650.5).
		Press Mouse Button BUTTON1
		Release Mouse Button BUTTON1

ExecutedAction [93]: 
 @Action ConcreteID = AC1ca25ap7f1738121954 AbstractID = AA1ca25ap7f1738121954
 ConcreteID CUSTOM = ConcreteID CUSTOM not available AbstractID CUSTOM = AA3aijc3802637104988
 @State ConcreteID = SCa5bfo0569200419371 AbstractID = SRxwmxcl5363559270776
 ConcreteID CUSTOM = SCm769y65741214847379 AbstractID CUSTOM = SA9r24qd5741512664858

	ROLE = LeftClickAt
	TARGET =
		WIDGET = WC1pfsj411b3276957430, WR1h6ibpb92248851252, WTzj707vb935461581, WP4x5qr7172789017533
		ROLE = UIAButton
		TITLE = OK
		SHAPE = Rect [x:994.0 y:650.0 w:75.0 h:23.0]
		CHILDREN = 0
		PATH = [1, 0, 1, 0]
	DESCRIPTION = Left Click at 'OK'
	TEXT = Compound Action =
		Move mouse to (1031.5, 661.5).
		Press Mouse Button BUTTON1
		Release Mouse Button BUTTON1

ExecutedAction [94]: 
 @Action ConcreteID = AC1bj2g6h7e1788151732 AbstractID = AA1bj2g6h7e1788151732
 ConcreteID CUSTOM = ConcreteID CUSTOM not available AbstractID CUSTOM = AA17sc4yf7f3540900522
 @State ConcreteID = SCa5bfo0569200419371 AbstractID = SRxwmxcl5363559270776
 ConcreteID CUSTOM = SCm769y65741214847379 AbstractID CUSTOM = SA9r24qd5741512664858

	ROLE = LeftClickAt
	TARGET =
		WIDGET = WCdrwd4l1c2383745146, WR17v7k2nb1067391859, WT1qeha5gf2005531835, WPk63q6b18500692546
		ROLE = UIAMenuItem
		TITLE = View
		SHAPE = Rect [x:786.0 y:641.0 w:39.0 h:19.0]
		CHILDREN = 0
		PATH = [0, 2, 3]
	DESCRIPTION = Left Click at 'View'
	TEXT = Compound Action =
		Move mouse to (805.5, 650.5).
		Press Mouse Button BUTTON1
		Release Mouse Button BUTTON1

ExecutedAction [95]: 
 @Action ConcreteID = ACqokcm77f573766581 AbstractID = AAqokcm77f573766581
 ConcreteID CUSTOM = ConcreteID CUSTOM not available AbstractID CUSTOM = AAdopo8k801655545780
 @State ConcreteID = SCfdbkle5aa3034626166 AbstractID = SR197ghna571264240572
 ConcreteID CUSTOM = SCfin7l15a62746908617 AbstractID CUSTOM = SA114ydpo59f1992517997

	ROLE = LeftClickAt
	TARGET =
		WIDGET = WC9kehab1c1028516324, WR17v7k2nb1067391859, WT1qe72ijf99311909, WP1c6f0pd182757865605
		ROLE = UIAMenuItem
		TITLE = File
		SHAPE = Rect [x:668.0 y:641.0 w:32.0 h:19.0]
		CHILDREN = 0
		PATH = [1, 5, 0]
	DESCRIPTION = Left Click at 'File'
	TEXT = Compound Action =
		Move mouse to (684.0, 650.5).
		Press Mouse Button BUTTON1
		Release Mouse Button BUTTON1

ExecutedAction [96]: 
 @Action ConcreteID = AC1bj2g6h7e1788151732 AbstractID = AA1bj2g6h7e1788151732
 ConcreteID CUSTOM = ConcreteID CUSTOM not available AbstractID CUSTOM = AA17sc4yf7f3540900522
 @State ConcreteID = SCa5bfo0569200419371 AbstractID = SRxwmxcl5363559270776
 ConcreteID CUSTOM = SCm769y65741214847379 AbstractID CUSTOM = SA9r24qd5741512664858

	ROLE = LeftClickAt
	TARGET =
		WIDGET = WC16mmfdi1c3456099652, WR17v7k2nb1067391859, WT1qeha5gf2005531835, WP1d0tsf8181581056892
		ROLE = UIAMenuItem
		TITLE = View
		SHAPE = Rect [x:786.0 y:641.0 w:39.0 h:19.0]
		CHILDREN = 0
		PATH = [1, 4, 3]
	DESCRIPTION = Left Click at 'View'
	TEXT = Compound Action =
		Move mouse to (805.5, 650.5).
		Press Mouse Button BUTTON1
		Release Mouse Button BUTTON1

ExecutedAction [97]: 
 @Action ConcreteID = ACo3xl907f3671185009 AbstractID = AAo3xl907f3671185009
 ConcreteID CUSTOM = ConcreteID CUSTOM not available AbstractID CUSTOM = AAb42wvd802588848752
 @State ConcreteID = SCfdbkle5aa3034626166 AbstractID = SR197ghna571264240572
 ConcreteID CUSTOM = SCfin7l15a62746908617 AbstractID CUSTOM = SA114ydpo59f1992517997

	ROLE = LeftClickAt
	TARGET =
		WIDGET = WCdewx6a1c3359014503, WR17v7k2nb1067391859, WT1qe6brdf138512687, WP1hw5kjk181504605950
		ROLE = UIAMenuItem
		TITLE = Edit
		SHAPE = Rect [x:700.0 y:641.0 w:34.0 h:19.0]
		CHILDREN = 0
		PATH = [0, 2, 1]
	DESCRIPTION = Left Click at 'Edit'
	TEXT = Compound Action =
		Move mouse to (717.0, 650.5).
		Press Mouse Button BUTTON1
		Release Mouse Button BUTTON1

ExecutedAction [98]: 
 @Action ConcreteID = ACmm3l0a7e2591609699 AbstractID = AAmm3l0a7e2591609699
 ConcreteID CUSTOM = ConcreteID CUSTOM not available AbstractID CUSTOM = AAivd9s87f601886333
 @State ConcreteID = SCa5bfo0569200419371 AbstractID = SRxwmxcl5363559270776
 ConcreteID CUSTOM = SCm769y65741214847379 AbstractID CUSTOM = SA9r24qd5741512664858

	ROLE = LeftClickAt
	TARGET =
		WIDGET = WCwlwi5h1e1297672529, WR17v7k2nb1067391859, WTaz2n92112307194186, WP135rkxf1a1146027219
		ROLE = UIAMenuItem
		TITLE = Format
		SHAPE = Rect [x:734.0 y:641.0 w:52.0 h:19.0]
		CHILDREN = 0
		PATH = [1, 4, 2]
	DESCRIPTION = Left Click at 'Format'
	TEXT = Compound Action =
		Move mouse to (760.0, 650.5).
		Press Mouse Button BUTTON1
		Release Mouse Button BUTTON1

ExecutedAction [99]: 
 @Action ConcreteID = ACl1unid802054881518 AbstractID = AAl1unid802054881518
 ConcreteID CUSTOM = ConcreteID CUSTOM not available AbstractID CUSTOM = AArmkmjo801423891372
 @State ConcreteID = SC1gkoqgk5ac2954542540 AbstractID = SR197ghna571264240572
 ConcreteID CUSTOM = SC8wcmoq5a83888229927 AbstractID CUSTOM = SA114ydpo59f1992517997

	ROLE = LeftClickAt
	TARGET =
		WIDGET = WCdrwd4l1c2383745146, WR17v7k2nb1067391859, WT1qeha5gf2005531835, WPk63q6b18500692546
		ROLE = UIAMenuItem
		TITLE = View
		SHAPE = Rect [x:786.0 y:641.0 w:39.0 h:19.0]
		CHILDREN = 0
		PATH = [0, 2, 3]
	DESCRIPTION = Left Click at 'View'
	TEXT = Compound Action =
		Move mouse to (805.5, 650.5).
		Press Mouse Button BUTTON1
		Release Mouse Button BUTTON1

ExecutedAction [100]: 
 @Action ConcreteID = AC1apggxje2351256347 AbstractID = AAf8vrdmd53147092027
 ConcreteID CUSTOM = ConcreteID CUSTOM not available AbstractID CUSTOM = AA1p9hassd63093199567
 @State ConcreteID = SCa5bfo0569200419371 AbstractID = SRxwmxcl5363559270776
 ConcreteID CUSTOM = SCm769y65741214847379 AbstractID CUSTOM = SA9r24qd5741512664858

	ROLE = ClickTypeInto
	TARGET =
		WIDGET = WChabex91c1217897630, WR4n0dlj72701565195, WTei4yvd121088706799, WP1p7t7sv182350039758
		ROLE = UIAEdit
		TITLE = Text Editor
		SHAPE = Rect [x:668.0 y:661.0 w:1881.0 h:878.0]
		CHILDREN = 1
		PATH = [1, 1]
	DESCRIPTION = Type '$USER' into 'Text Editor
	TEXT = Compound Action =
		Compound Action =
		Move mouse to (1608.5, 1100.0).
		Press Mouse Button BUTTON1
		Release Mouse Button BUTTON1
		Press Key 17
		Press Key 65
		Release Key 65
		Release Key 17
		Type text '$USER'

Sequence 1 finished.
Copying generated sequence ("sequence1700") to output directory...
Copying classified sequence ("sequence1700") to sequences_ok folder...
