Starting sequence 1 (output as: sequence2928)

ExecutedAction [1]: 
 @Action ConcreteID = AC1wscf8p7e3539573704 AbstractID = AA1wscf8p7e3539573704
 ConcreteID CUSTOM = ConcreteID CUSTOM not available AbstractID CUSTOM = AA1i3yvqy7e240064839
 @State ConcreteID = SC6w2h61d63505289064 AbstractID = SRuxvih1ba2513313992
 ConcreteID CUSTOM = SC22ddoh1d53711883251 AbstractID CUSTOM = SA1e0xkku1d417380732

	ROLE = LeftClickAt
	TARGET =
		WIDGET = WCdsg5py1c3010804170, WR17v7k2nb1067391859, WT1qeha5gf2005531835, WPk6niro18548921330
		ROLE = UIAMenuItem
		TITLE = View
		SHAPE = Rect [x:485.0 y:261.0 w:39.0 h:19.0]
		CHILDREN = 0
		PATH = [0, 3, 3]
	DESCRIPTION = Left Click at 'View'
	TEXT = Compound Action =
		Move mouse to (504.5, 270.5).
		Press Mouse Button BUTTON1
		Release Mouse Button BUTTON1

ExecutedAction [2]: 
 @Action ConcreteID = AC1nguc9a801260005573 AbstractID = AA1nguc9a801260005573
 ConcreteID CUSTOM = ConcreteID CUSTOM not available AbstractID CUSTOM = AAlyx83g804007758000
 @State ConcreteID = SC1j7l7h720b4127314174 AbstractID = SRhdom0g1f51351705365
 ConcreteID CUSTOM = SC1bk9n792112352902825 AbstractID CUSTOM = SA1odsafd20b3326211211

	ROLE = LeftClickAt
	TARGET =
		WIDGET = WC12bnyii1c2902228113, WR17v7k2nb1067391859, WT1qe89j4f2180189081, WP10dl4js18262952754
		ROLE = UIAMenuItem
		TITLE = Help
		SHAPE = Rect [x:524.0 y:261.0 w:39.0 h:19.0]
		CHILDREN = 0
		PATH = [0, 4, 4]
	DESCRIPTION = Left Click at 'Help'
	TEXT = Compound Action =
		Move mouse to (543.5, 270.5).
		Press Mouse Button BUTTON1
		Release Mouse Button BUTTON1

ExecutedAction [3]: 
 @Action ConcreteID = AC1iuhgxl7e2560804748 AbstractID = AA1iuhgxl7e2560804748
 ConcreteID CUSTOM = ConcreteID CUSTOM not available AbstractID CUSTOM = AA1463xfu7e1142179075
 @State ConcreteID = SC6w2h61d63505289064 AbstractID = SRuxvih1ba2513313992
 ConcreteID CUSTOM = SC22ddoh1d53711883251 AbstractID CUSTOM = SA1e0xkku1d417380732

	ROLE = LeftClickAt
	TARGET =
		WIDGET = WC1fqsh0i1c2124881114, WR17v7k2nb1067391859, WT1qe72ijf99311909, WPjboygg183884664251
		ROLE = UIAMenuItem
		TITLE = File
		SHAPE = Rect [x:367.0 y:261.0 w:32.0 h:19.0]
		CHILDREN = 0
		PATH = [0, 3, 0]
	DESCRIPTION = Left Click at 'File'
	TEXT = Compound Action =
		Move mouse to (383.0, 270.5).
		Press Mouse Button BUTTON1
		Release Mouse Button BUTTON1

ExecutedAction [4]: 
 @Action ConcreteID = AC641z528038835501 AbstractID = AA641z528038835501
 ConcreteID CUSTOM = ConcreteID CUSTOM not available AbstractID CUSTOM = AAx7k1bh7f3115648884
 @State ConcreteID = SC14j9imr28a3294422702 AbstractID = SRml6io426d3670816528
 ConcreteID CUSTOM = SCoupvnk28c2420503617 AbstractID CUSTOM = SAbduj6h2823690180780

	ROLE = LeftClickAt
	TARGET =
		WIDGET = WCdg0id01c1198951367, WR17v7k2nb1067391859, WT1qe6brdf138512687, WP1hx95qa183605955422
		ROLE = UIAMenuItem
		TITLE = Edit
		SHAPE = Rect [x:399.0 y:261.0 w:34.0 h:19.0]
		CHILDREN = 0
		PATH = [0, 4, 1]
	DESCRIPTION = Left Click at 'Edit'
	TEXT = Compound Action =
		Move mouse to (416.0, 270.5).
		Press Mouse Button BUTTON1
		Release Mouse Button BUTTON1

ExecutedAction [5]: 
 @Action ConcreteID = AC1vmcnnz7e324634976 AbstractID = AA1vmcnnz7e324634976
 ConcreteID CUSTOM = ConcreteID CUSTOM not available AbstractID CUSTOM = AA1gxz4687e3488549871
 @State ConcreteID = SC6w2h61d63505289064 AbstractID = SRuxvih1ba2513313992
 ConcreteID CUSTOM = SC22ddoh1d53711883251 AbstractID CUSTOM = SA1e0xkku1d417380732

	ROLE = LeftClickAt
	TARGET =
		WIDGET = WC3rq8hx1e869414367, WR17v7k2nb1067391859, WTaz2n92112307194186, WPablb9v1a985931869
		ROLE = UIAMenuItem
		TITLE = Format
		SHAPE = Rect [x:433.0 y:261.0 w:52.0 h:19.0]
		CHILDREN = 0
		PATH = [0, 3, 2]
	DESCRIPTION = Left Click at 'Format'
	TEXT = Compound Action =
		Move mouse to (459.0, 270.5).
		Press Mouse Button BUTTON1
		Release Mouse Button BUTTON1

ExecutedAction [6]: 
 @Action ConcreteID = AC1wovian80901372650 AbstractID = AA1wovian80901372650
 ConcreteID CUSTOM = ConcreteID CUSTOM not available AbstractID CUSTOM = AA1wnkhbp802846935614
 @State ConcreteID = SC1t3h04d20d3763755446 AbstractID = SRhdom0g1f51351705365
 ConcreteID CUSTOM = SCyu6wed212968771561 AbstractID CUSTOM = SA1odsafd20b3326211211

	ROLE = LeftClickAt
	TARGET =
		WIDGET = WC1u4fdmh214152205479, WR17v7k2nb1067391859, WTxuhgyp144189972595, WP1dm09vr1d3477249161
		ROLE = UIAMenuItem
		TITLE = Word Wrap
		SHAPE = Rect [x:436.0 y:283.0 w:144.0 h:22.0]
		CHILDREN = 0
		PATH = [0, 0, 0]
	DESCRIPTION = Left Click at 'Word Wrap'
	TEXT = Compound Action =
		Move mouse to (508.0, 294.0).
		Press Mouse Button BUTTON1
		Release Mouse Button BUTTON1

ExecutedAction [7]: 
 @Action ConcreteID = ACik8lrb802021420884 AbstractID = AAik8lrb802021420884
 ConcreteID CUSTOM = ConcreteID CUSTOM not available AbstractID CUSTOM = AA455oy17f3427921256
 @State ConcreteID = SC1ei8z7d2212987654336 AbstractID = SR1hca8yg2083573223560
 ConcreteID CUSTOM = SCiqfqpf2222579044543 AbstractID CUSTOM = SAtloevc21f2668501822

	ROLE = LeftClickAt
	TARGET =
		WIDGET = WC1fqsh0i1c2124881114, WR17v7k2nb1067391859, WT1qe72ijf99311909, WPjboygg183884664251
		ROLE = UIAMenuItem
		TITLE = File
		SHAPE = Rect [x:367.0 y:261.0 w:32.0 h:19.0]
		CHILDREN = 0
		PATH = [0, 3, 0]
	DESCRIPTION = Left Click at 'File'
	TEXT = Compound Action =
		Move mouse to (383.0, 270.5).
		Press Mouse Button BUTTON1
		Release Mouse Button BUTTON1

ExecutedAction [8]: 
 @Action ConcreteID = ACvw1fgk803225705906 AbstractID = AAvw1fgk803225705906
 ConcreteID CUSTOM = ConcreteID CUSTOM not available AbstractID CUSTOM = AA9ggzae803477375698
 @State ConcreteID = SC142hrl02db2963675555 AbstractID = SR33u8k32bb3556486730
 ConcreteID CUSTOM = SCsvdmcc2dc3149352123 AbstractID CUSTOM = SA11pdpav2d21519878219

	ROLE = LeftClickAt
	TARGET =
		WIDGET = WC1hu1e84223620388792, WR17v7k2nb1067391859, WT1otgxiu151058087525, WP1dvs8421e3158620222
		ROLE = UIAMenuItem
		TITLE = New	Ctrl+N
		SHAPE = Rect [x:370.0 y:283.0 w:223.0 h:22.0]
		CHILDREN = 0
		PATH = [0, 0, 0]
	DESCRIPTION = Left Click at 'New	Ctrl+N'
	TEXT = Compound Action =
		Move mouse to (481.5, 294.0).
		Press Mouse Button BUTTON1
		Release Mouse Button BUTTON1

ExecutedAction [9]: 
 @Action ConcreteID = AC1jr7t8c803110202210 AbstractID = AA1jr7t8c803110202210
 ConcreteID CUSTOM = ConcreteID CUSTOM not available AbstractID CUSTOM = AA15c4wf27f223111518
 @State ConcreteID = SC1ei8z7d2212987654336 AbstractID = SR1hca8yg2083573223560
 ConcreteID CUSTOM = SCiqfqpf2222579044543 AbstractID CUSTOM = SAtloevc21f2668501822

	ROLE = LeftClickAt
	TARGET =
		WIDGET = WC12b45x51c517775489, WR17v7k2nb1067391859, WT1qe89j4f2180189081, WP10d1byf183180104482
		ROLE = UIAMenuItem
		TITLE = Help
		SHAPE = Rect [x:524.0 y:261.0 w:39.0 h:19.0]
		CHILDREN = 0
		PATH = [0, 3, 4]
	DESCRIPTION = Left Click at 'Help'
	TEXT = Compound Action =
		Move mouse to (543.5, 270.5).
		Press Mouse Button BUTTON1
		Release Mouse Button BUTTON1

ExecutedAction [10]: 
 @Action ConcreteID = AC13uoo5q7e1687355246 AbstractID = AA13uoo5q7e1687355246
 ConcreteID CUSTOM = ConcreteID CUSTOM not available AbstractID CUSTOM = AAqwk10t801273636901
 @State ConcreteID = SCvfquc3272451925234 AbstractID = SR16prhrh2572136073137
 ConcreteID CUSTOM = SC1y6oleu2772766085552 AbstractID CUSTOM = SA1vjl86q26f2973890247

	ROLE = LeftClickAt
	TARGET =
		WIDGET = WC2sd5c9251817436895, WR17v7k2nb1067391859, WT1wv077z18170180715, WP1v116zb21698957785
		ROLE = UIAMenuItem
		TITLE = About Notepad
		SHAPE = Rect [x:527.0 y:334.0 w:166.0 h:22.0]
		CHILDREN = 0
		PATH = [0, 0, 2]
	DESCRIPTION = Left Click at 'About Notepad'
	TEXT = Compound Action =
		Move mouse to (610.0, 345.0).
		Press Mouse Button BUTTON1
		Release Mouse Button BUTTON1

ExecutedAction [11]: 
 @Action ConcreteID = ACqzv3xa7f18773038 AbstractID = AAqzv3xa7f18773038
 ConcreteID CUSTOM = ConcreteID CUSTOM not available AbstractID CUSTOM = AAgzd8tu803749094183
 @State ConcreteID = SCmeq8e43293300974605 AbstractID = SRg6rm6z2fc3281829624
 ConcreteID CUSTOM = SC163uytk3292721351467 AbstractID CUSTOM = SA1nr5jrk3261417152448

	ROLE = LeftClickAt
	TARGET =
		WIDGET = WC15twxtj183412041097, WR1h6ibpb92248851252, WTzj707vb935461581, WPaxrmo5142767186721
		ROLE = UIAButton
		TITLE = OK
		SHAPE = Rect [x:780.0 y:703.0 w:75.0 h:23.0]
		CHILDREN = 0
		PATH = [0, 0, 8]
	DESCRIPTION = Left Click at 'OK'
	TEXT = Compound Action =
		Move mouse to (817.5, 714.5).
		Press Mouse Button BUTTON1
		Release Mouse Button BUTTON1

ExecutedAction [12]: 
 @Action ConcreteID = ACvc3shp804085719480 AbstractID = AAvc3shp804085719480
 ConcreteID CUSTOM = ConcreteID CUSTOM not available AbstractID CUSTOM = AAgx0vof7f1202365316
 @State ConcreteID = SC1ei8z7d2212987654336 AbstractID = SR1hca8yg2083573223560
 ConcreteID CUSTOM = SCiqfqpf2222579044543 AbstractID CUSTOM = SAtloevc21f2668501822

	ROLE = LeftClickAt
	TARGET =
		WIDGET = WC3rq8hx1e869414367, WR17v7k2nb1067391859, WTaz2n92112307194186, WPablb9v1a985931869
		ROLE = UIAMenuItem
		TITLE = Format
		SHAPE = Rect [x:433.0 y:261.0 w:52.0 h:19.0]
		CHILDREN = 0
		PATH = [0, 3, 2]
	DESCRIPTION = Left Click at 'Format'
	TEXT = Compound Action =
		Move mouse to (459.0, 270.5).
		Press Mouse Button BUTTON1
		Release Mouse Button BUTTON1

ExecutedAction [13]: 
 @Action ConcreteID = ACb8hhr6801112171260 AbstractID = AAb8hhr6801112171260
 ConcreteID CUSTOM = ConcreteID CUSTOM not available AbstractID CUSTOM = AAkwfey97f1947135157
 @State ConcreteID = SC1r4mtrw25e3559282746 AbstractID = SRj5frjz243105811488
 ConcreteID CUSTOM = SC1cqgjc12621784135019 AbstractID CUSTOM = SA1k5pjmd25b739509799

	ROLE = LeftClickAt
	TARGET =
		WIDGET = WC1084jd1f2874738980, WR17v7k2nb1067391859, WT1k0pzz412734516100, WPdmv4jr1b3951525617
		ROLE = UIAMenuItem
		TITLE = Font...
		SHAPE = Rect [x:436.0 y:305.0 w:144.0 h:22.0]
		CHILDREN = 0
		PATH = [0, 0, 1]
	DESCRIPTION = Left Click at 'Font...'
	TEXT = Compound Action =
		Move mouse to (508.0, 316.0).
		Press Mouse Button BUTTON1
		Release Mouse Button BUTTON1

ExecutedAction [14]: 
 @Action ConcreteID = AC10yiuqb7f753522499 AbstractID = AA10yiuqb7f753522499
 ConcreteID CUSTOM = ConcreteID CUSTOM not available AbstractID CUSTOM = AAtkcsir804173184387
 @State ConcreteID = SC18co8ef68c732866933 AbstractID = SRdwtcoc63d2608603672
 ConcreteID CUSTOM = SCf4exxr6953343902160 AbstractID CUSTOM = SA13h9d2q6864147623809

	ROLE = LeftClickAt
	TARGET =
		WIDGET = WC1jdok051c4293971032, WR4n4ygb71694219017, WTf8ueqoc3265374131, WPzsmgn183428033851
		ROLE = UIAList
		TITLE = Font:
		SHAPE = Rect [x:410.0 y:465.0 w:172.0 h:118.0]
		CHILDREN = 7
		PATH = [0, 0, 1, 0]
	DESCRIPTION = Left Click at 'Font:'
	TEXT = Compound Action =
		Move mouse to (496.0, 524.0).
		Press Mouse Button BUTTON1
		Release Mouse Button BUTTON1

ExecutedAction [15]: 
 @Action ConcreteID = ACrl0g847e4282371605 AbstractID = AArl0g847e4282371605
 ConcreteID CUSTOM = ConcreteID CUSTOM not available AbstractID CUSTOM = AA7ho96p802484091186
 @State ConcreteID = SC2h5n3y68c776231742 AbstractID = SRdwtcoc63d2608603672
 ConcreteID CUSTOM = SCpkahhm6962031632719 AbstractID CUSTOM = SA13h9d2q6864147623809

	ROLE = LeftClickAt
	TARGET =
		WIDGET = WCs1fgba22707396396, WR4n4ygb71694219017, WTlv9l4f121129438802, WP1cnwmdk1e2175683903
		ROLE = UIAList
		TITLE = Font style:
		SHAPE = Rect [x:598.0 y:465.0 w:130.0 h:118.0]
		CHILDREN = 5
		PATH = [0, 0, 3, 0]
	DESCRIPTION = Left Click at 'Font style:'
	TEXT = Compound Action =
		Move mouse to (663.0, 524.0).
		Press Mouse Button BUTTON1
		Release Mouse Button BUTTON1

ExecutedAction [16]: 
 @Action ConcreteID = ACjemcf67e2359431822 AbstractID = AAjemcf67e2359431822
 ConcreteID CUSTOM = ConcreteID CUSTOM not available AbstractID CUSTOM = AA1yce7cv803884836265
 @State ConcreteID = SC2h5n3y68c776231742 AbstractID = SRdwtcoc63d2608603672
 ConcreteID CUSTOM = SCpkahhm6962031632719 AbstractID CUSTOM = SA13h9d2q6864147623809

	ROLE = LeftClickAt
	TARGET =
		WIDGET = WCle7q7h331099563207, WR52qhb2b3065858412, WThn99t4203085464048, WP1vjkn972f2996754304
		ROLE = UIAListItem
		TITLE = Microsoft New Tai Lue
		SHAPE = Rect [x:412.0 y:524.0 w:151.0 h:19.0]
		CHILDREN = 0
		PATH = [0, 0, 1, 0, 4]
	DESCRIPTION = Left Click at 'Microsoft New Tai Lue'
	TEXT = Compound Action =
		Move mouse to (487.5, 533.5).
		Press Mouse Button BUTTON1
		Release Mouse Button BUTTON1

ExecutedAction [17]: 
 @Action ConcreteID = ACgur1lx7e567303600 AbstractID = AAgur1lx7e567303600
 ConcreteID CUSTOM = ConcreteID CUSTOM not available AbstractID CUSTOM = AA1vsiwjm801258269335
 @State ConcreteID = SC2h5n3y68c776231742 AbstractID = SRdwtcoc63d2608603672
 ConcreteID CUSTOM = SCpkahhm6962031632719 AbstractID CUSTOM = SA13h9d2q6864147623809

	ROLE = LeftClickAt
	TARGET =
		WIDGET = WC1fcnx7i332482338446, WR52qhb2b3065858412, WT1inxaag20817584232, WP16k5ezw2f4221483132
		ROLE = UIAListItem
		TITLE = Microsoft JhengHei UI
		SHAPE = Rect [x:412.0 y:505.0 w:151.0 h:19.0]
		CHILDREN = 0
		PATH = [0, 0, 1, 0, 3]
	DESCRIPTION = Left Click at 'Microsoft JhengHei UI'
	TEXT = Compound Action =
		Move mouse to (487.5, 514.5).
		Press Mouse Button BUTTON1
		Release Mouse Button BUTTON1

ExecutedAction [18]: 
 @Action ConcreteID = AC14ye9nu7f1615480974 AbstractID = AA14ye9nu7f1615480974
 ConcreteID CUSTOM = ConcreteID CUSTOM not available AbstractID CUSTOM = AA2cpoav80699824855
 @State ConcreteID = SC120ktqf6b4532279521 AbstractID = SRtbhggc6631209130451
 ConcreteID CUSTOM = SCbjjv816bf1122311582 AbstractID CUSTOM = SA1ggbtbf6ad1950033234

	ROLE = LeftClickAt
	TARGET =
		WIDGET = WC1qo9bdi304098840774, WR52qhb2b3065858412, WT198h1pe1d197789156, WP1kzebdw2c1358040940
		ROLE = UIAListItem
		TITLE = Microsoft Himalaya
		SHAPE = Rect [x:412.0 y:467.0 w:151.0 h:19.0]
		CHILDREN = 0
		PATH = [0, 0, 1, 0, 1]
	DESCRIPTION = Left Click at 'Microsoft Himalaya'
	TEXT = Compound Action =
		Move mouse to (487.5, 476.5).
		Press Mouse Button BUTTON1
		Release Mouse Button BUTTON1

ExecutedAction [19]: 
 @Action ConcreteID = ACvo18oc7f2743681621 AbstractID = AAvo18oc7f2743681621
 ConcreteID CUSTOM = ConcreteID CUSTOM not available AbstractID CUSTOM = AAo9v6gs802010982549
 @State ConcreteID = SC18co8ef68c732866933 AbstractID = SRdwtcoc63d2608603672
 ConcreteID CUSTOM = SCf4exxr6953343902160 AbstractID CUSTOM = SA13h9d2q6864147623809

	ROLE = LeftClickAt
	TARGET =
		WIDGET = WC1fynqvg203040674951, WR52qhb2b3065858412, WT1bx8b36d347681460, WPkairyy1c3151154833
		ROLE = UIAListItem
		TITLE = 48
		SHAPE = Rect [x:747.0 y:557.0 w:42.0 h:15.0]
		CHILDREN = 0
		PATH = [0, 0, 5, 0, 7]
	DESCRIPTION = Left Click at '48'
	TEXT = Compound Action =
		Move mouse to (768.0, 564.5).
		Press Mouse Button BUTTON1
		Release Mouse Button BUTTON1

ExecutedAction [20]: 
 @Action ConcreteID = ACyd6q5u7f936747945 AbstractID = AAyd6q5u7f936747945
 ConcreteID CUSTOM = ConcreteID CUSTOM not available AbstractID CUSTOM = AAqz0nya803816933737
 @State ConcreteID = SC18co8ef68c732866933 AbstractID = SRdwtcoc63d2608603672
 ConcreteID CUSTOM = SCf4exxr6953343902160 AbstractID CUSTOM = SA13h9d2q6864147623809

	ROLE = LeftClickAt
	TARGET =
		WIDGET = WCzht5e204099602862, WR52qhb2b3065858412, WT1bx8b1cd1263917337, WP9awlr41c3752357717
		ROLE = UIAListItem
		TITLE = 24
		SHAPE = Rect [x:747.0 y:497.0 w:42.0 h:15.0]
		CHILDREN = 0
		PATH = [0, 0, 5, 0, 3]
	DESCRIPTION = Left Click at '24'
	TEXT = Compound Action =
		Move mouse to (768.0, 504.5).
		Press Mouse Button BUTTON1
		Release Mouse Button BUTTON1

ExecutedAction [21]: 
 @Action ConcreteID = AC1jnvq8d7f1012082546 AbstractID = AA1jnvq8d7f1012082546
 ConcreteID CUSTOM = ConcreteID CUSTOM not available AbstractID CUSTOM = AA1c9po0t803892792754
 @State ConcreteID = SC18co8ef68c732866933 AbstractID = SRdwtcoc63d2608603672
 ConcreteID CUSTOM = SCf4exxr6953343902160 AbstractID CUSTOM = SA13h9d2q6864147623809

	ROLE = LeftClickAt
	TARGET =
		WIDGET = WCzjw7332a684235137, WR52qhb2b3065858412, WTqr3zqs171083766660, WPcdroz1262378936441
		ROLE = UIAListItem
		TITLE = Bold Oblique
		SHAPE = Rect [x:600.0 y:524.0 w:109.0 h:19.0]
		CHILDREN = 0
		PATH = [0, 0, 3, 0, 4]
	DESCRIPTION = Left Click at 'Bold Oblique'
	TEXT = Compound Action =
		Move mouse to (654.5, 533.5).
		Press Mouse Button BUTTON1
		Release Mouse Button BUTTON1

ExecutedAction [22]: 
 @Action ConcreteID = AC1qyw4z27f884413359 AbstractID = AA1qyw4z27f884413359
 ConcreteID CUSTOM = ConcreteID CUSTOM not available AbstractID CUSTOM = AA1jkq2ri803773004143
 @State ConcreteID = SC18co8ef68c732866933 AbstractID = SRdwtcoc63d2608603672
 ConcreteID CUSTOM = SCf4exxr6953343902160 AbstractID CUSTOM = SA13h9d2q6864147623809

	ROLE = LeftClickAt
	TARGET =
		WIDGET = WCeiauph201768052026, WR52qhb2b3065858412, WT1bx8b1ad2721479724, WPq6tn431c2502047728
		ROLE = UIAListItem
		TITLE = 22
		SHAPE = Rect [x:747.0 y:482.0 w:42.0 h:15.0]
		CHILDREN = 0
		PATH = [0, 0, 5, 0, 2]
	DESCRIPTION = Left Click at '22'
	TEXT = Compound Action =
		Move mouse to (768.0, 489.5).
		Press Mouse Button BUTTON1
		Release Mouse Button BUTTON1

ExecutedAction [23]: 
 @Action ConcreteID = ACohmatk7f3824626008 AbstractID = AAohmatk7f3824626008
 ConcreteID CUSTOM = ConcreteID CUSTOM not available AbstractID CUSTOM = AAh3g8m080933446552
 @State ConcreteID = SC18co8ef68c732866933 AbstractID = SRdwtcoc63d2608603672
 ConcreteID CUSTOM = SCf4exxr6953343902160 AbstractID CUSTOM = SA13h9d2q6864147623809

	ROLE = LeftClickAt
	TARGET =
		WIDGET = WCi27agy254273084659, WR52qhb2b3065858412, WTq4iqsz124266912943, WPs54s5s213285912059
		ROLE = UIAListItem
		TITLE = Oblique
		SHAPE = Rect [x:600.0 y:486.0 w:109.0 h:19.0]
		CHILDREN = 0
		PATH = [0, 0, 3, 0, 2]
	DESCRIPTION = Left Click at 'Oblique'
	TEXT = Compound Action =
		Move mouse to (654.5, 495.5).
		Press Mouse Button BUTTON1
		Release Mouse Button BUTTON1

ExecutedAction [24]: 
 @Action ConcreteID = AC1oobn9i7f89734402 AbstractID = AA1oobn9i7f89734402
 ConcreteID CUSTOM = ConcreteID CUSTOM not available AbstractID CUSTOM = AA1ha5l1y803507312578
 @State ConcreteID = SC18co8ef68c732866933 AbstractID = SRdwtcoc63d2608603672
 ConcreteID CUSTOM = SCf4exxr6953343902160 AbstractID CUSTOM = SA13h9d2q6864147623809

	ROLE = LeftClickAt
	TARGET =
		WIDGET = WCdw86fu283981117603, WR1h6ibpb92248851252, WT1cknvro121926923266, WPl155zg2427170313
		ROLE = UIAButton
		TITLE = Page down
		SHAPE = Rect [x:789.0 y:551.0 w:17.0 h:4.0]
		CHILDREN = 0
		PATH = [0, 0, 5, 0, 0, 3]
	DESCRIPTION = Left Click at 'Page down'
	TEXT = Compound Action =
		Move mouse to (797.5, 553.0).
		Press Mouse Button BUTTON1
		Release Mouse Button BUTTON1

ExecutedAction [25]: 
 @Action ConcreteID = AC13wz7kq803413764722 AbstractID = AA13wz7kq803413764722
 ConcreteID CUSTOM = ConcreteID CUSTOM not available AbstractID CUSTOM = AAnuxan27f2669307597
 @State ConcreteID = SC18ciyq06782281019922 AbstractID = SR9wni3n629994063433
 ConcreteID CUSTOM = SC13uxv7o6813689405516 AbstractID CUSTOM = SA3xnecr6712254097057

	ROLE = LeftClickAt
	TARGET =
		WIDGET = WC11hoya227860655646, WR16s6p21c140494670, WTdtcs8f142835715827, WP6m4wns232708476707
		ROLE = UIAScrollBar
		TITLE = Vertical
		SHAPE = Rect [x:563.0 y:467.0 w:17.0 h:114.0]
		CHILDREN = 5
		PATH = [0, 0, 1, 0, 0]
	DESCRIPTION = Left Click at 'Vertical'
	TEXT = Compound Action =
		Move mouse to (571.5, 524.0).
		Press Mouse Button BUTTON1
		Release Mouse Button BUTTON1

ExecutedAction [26]: 
 @Action ConcreteID = AC26s2e9804243658083 AbstractID = AA26s2e9804243658083
 ConcreteID CUSTOM = ConcreteID CUSTOM not available AbstractID CUSTOM = AAq9p9sy7f2006907974
 @State ConcreteID = SC13cmfzu6761207293140 AbstractID = SR9wni3n629994063433
 ConcreteID CUSTOM = SC1oasalq6812988987000 AbstractID CUSTOM = SA3xnecr6712254097057

	ROLE = LeftClickAt
	TARGET =
		WIDGET = WC83xqs71c1934605973, WR4n4ygb71694219017, WTffw52mc121423905, WP1kyox1l183156097240
		ROLE = UIAList
		TITLE = Size:
		SHAPE = Rect [x:745.0 y:465.0 w:63.0 h:109.0]
		CHILDREN = 8
		PATH = [0, 0, 5, 0]
	DESCRIPTION = Left Click at 'Size:'
	TEXT = Compound Action =
		Move mouse to (776.5, 519.5).
		Press Mouse Button BUTTON1
		Release Mouse Button BUTTON1

ExecutedAction [27]: 
 @Action ConcreteID = AC1ou2yhr802713304677 AbstractID = AA1ou2yhr802713304677
 ConcreteID CUSTOM = ConcreteID CUSTOM not available AbstractID CUSTOM = AAdvw3xc7f718690112
 @State ConcreteID = SC13cmfzu6761207293140 AbstractID = SR9wni3n629994063433
 ConcreteID CUSTOM = SC1oasalq6812988987000 AbstractID CUSTOM = SA3xnecr6712254097057

	ROLE = LeftClickAt
	TARGET =
		WIDGET = WC1xvbkbm2d2333262252, WR52qhb2b3065858412, WTepwx781a2606665320, WP1gwopo029502696953
		ROLE = UIAListItem
		TITLE = Microsoft YaHei
		SHAPE = Rect [x:412.0 y:505.0 w:151.0 h:19.0]
		CHILDREN = 0
		PATH = [0, 0, 1, 0, 3]
	DESCRIPTION = Left Click at 'Microsoft YaHei'
	TEXT = Compound Action =
		Move mouse to (487.5, 514.5).
		Press Mouse Button BUTTON1
		Release Mouse Button BUTTON1

ExecutedAction [28]: 
 @Action ConcreteID = AC1mdgumm7f4049295045 AbstractID = AA1mdgumm7f4049295045
 ConcreteID CUSTOM = ConcreteID CUSTOM not available AbstractID CUSTOM = AA1cdapu7f591775643
 @State ConcreteID = SCy1o4u269e2367070498 AbstractID = SR3nly0z64f3373000535
 ConcreteID CUSTOM = SC1jbkrlc6ab1436978422 AbstractID CUSTOM = SA1u1bjte698870058414

	ROLE = LeftClickAt
	TARGET =
		WIDGET = WC18yzrzh201747800706, WR52qhb2b3065858412, WT1bx8b1gd1122211122, WP1ak6kzf1c936061530
		ROLE = UIAListItem
		TITLE = 28
		SHAPE = Rect [x:747.0 y:512.0 w:42.0 h:15.0]
		CHILDREN = 0
		PATH = [0, 0, 5, 0, 4]
	DESCRIPTION = Left Click at '28'
	TEXT = Compound Action =
		Move mouse to (768.0, 519.5).
		Press Mouse Button BUTTON1
		Release Mouse Button BUTTON1

ExecutedAction [29]: 
 @Action ConcreteID = AC1grhhr67f2227290740 AbstractID = AA1grhhr67f2227290740
 ConcreteID CUSTOM = ConcreteID CUSTOM not available AbstractID CUSTOM = AA1urhzti7f1457476394
 @State ConcreteID = SCy1o4u269e2367070498 AbstractID = SR3nly0z64f3373000535
 ConcreteID CUSTOM = SC1jbkrlc6ab1436978422 AbstractID CUSTOM = SA1u1bjte698870058414

	ROLE = LeftClickAt
	TARGET =
		WIDGET = WC25tjt62e610485399, WR52qhb2b3065858412, WTrrzs6l1b2526710263, WP1e0lys82a2092721109
		ROLE = UIAListItem
		TITLE = Microsoft Tai Le
		SHAPE = Rect [x:412.0 y:486.0 w:151.0 h:19.0]
		CHILDREN = 0
		PATH = [0, 0, 1, 0, 2]
	DESCRIPTION = Left Click at 'Microsoft Tai Le'
	TEXT = Compound Action =
		Move mouse to (487.5, 495.5).
		Press Mouse Button BUTTON1
		Release Mouse Button BUTTON1

ExecutedAction [30]: 
 @Action ConcreteID = ACgmh8az7f736856826 AbstractID = AAgmh8az7f736856826
 ConcreteID CUSTOM = ConcreteID CUSTOM not available AbstractID CUSTOM = AAxos9cq7f121579842
 @State ConcreteID = SCzpzzqp6763377323296 AbstractID = SR9wni3n629994063433
 ConcreteID CUSTOM = SC102e1qt6822809474423 AbstractID CUSTOM = SA3xnecr6712254097057

	ROLE = LeftClickAt
	TARGET =
		WIDGET = WC6suwid2698650252, WR1h6ibpb92248851252, WTbcxonh101439247762, WP11fampz222597488693
		ROLE = UIAButton
		TITLE = Page up
		SHAPE = Rect [x:789.0 y:484.0 w:17.0 h:40.0]
		CHILDREN = 0
		PATH = [0, 0, 5, 0, 0, 1]
	DESCRIPTION = Left Click at 'Page up'
	TEXT = Compound Action =
		Move mouse to (797.5, 504.0).
		Press Mouse Button BUTTON1
		Release Mouse Button BUTTON1

ExecutedAction [31]: 
 @Action ConcreteID = AC174sm1a80754388610 AbstractID = AA174sm1a80754388610
 ConcreteID CUSTOM = ConcreteID CUSTOM not available AbstractID CUSTOM = AA1qwizwa803400161470
 @State ConcreteID = SC1bac6ks6863170835626 AbstractID = SRdwtcoc63d2608603672
 ConcreteID CUSTOM = SC139akba6971499999322 AbstractID CUSTOM = SA13h9d2q6864147623809

	ROLE = LeftClickAt
	TARGET =
		WIDGET = WC1e6244284118410303, WR1h6ibpb92248851252, WT493d5b122119396097, WP568qsm241874933841
		ROLE = UIAButton
		TITLE = Line down
		SHAPE = Rect [x:789.0 y:555.0 w:17.0 h:17.0]
		CHILDREN = 0
		PATH = [0, 0, 5, 0, 0, 4]
	DESCRIPTION = Left Click at 'Line down'
	TEXT = Compound Action =
		Move mouse to (797.5, 563.5).
		Press Mouse Button BUTTON1
		Release Mouse Button BUTTON1

ExecutedAction [32]: 
 @Action ConcreteID = ACce3gii803978487566 AbstractID = AAce3gii803978487566
 ConcreteID CUSTOM = ConcreteID CUSTOM not available AbstractID CUSTOM = AA4f0r0980397184134
 @State ConcreteID = SC1r699e16862253279594 AbstractID = SRdwtcoc63d2608603672
 ConcreteID CUSTOM = SCop706h6942401452846 AbstractID CUSTOM = SA13h9d2q6864147623809

	ROLE = LeftClickAt
	TARGET =
		WIDGET = WCts71fv303940299789, WR52qhb2b3065858412, WT1i5w5fs1d2073281275, WP1cgy9212c34327495
		ROLE = UIAListItem
		TITLE = MingLiU_HKSCS-ExtB
		SHAPE = Rect [x:412.0 y:562.0 w:151.0 h:19.0]
		CHILDREN = 0
		PATH = [0, 0, 1, 0, 6]
	DESCRIPTION = Left Click at 'MingLiU_HKSCS-ExtB'
	TEXT = Compound Action =
		Move mouse to (487.5, 571.5).
		Press Mouse Button BUTTON1
		Release Mouse Button BUTTON1

ExecutedAction [33]: 
 @Action ConcreteID = AC1i6k058801122610533 AbstractID = AA1i6k058801122610533
 ConcreteID CUSTOM = ConcreteID CUSTOM not available AbstractID CUSTOM = AA78d5kt7f3381019712
 @State ConcreteID = SC13cmfzu6761207293140 AbstractID = SR9wni3n629994063433
 ConcreteID CUSTOM = SC1oasalq6812988987000 AbstractID CUSTOM = SA3xnecr6712254097057

	ROLE = LeftClickAt
	TARGET =
		WIDGET = WC1pzmszz204145326906, WR52qhb2b3065858412, WT1bx8b29d3158346100, WPespov11c2314479347
		ROLE = UIAListItem
		TITLE = 36
		SHAPE = Rect [x:747.0 y:527.0 w:42.0 h:15.0]
		CHILDREN = 0
		PATH = [0, 0, 5, 0, 5]
	DESCRIPTION = Left Click at '36'
	TEXT = Compound Action =
		Move mouse to (768.0, 534.5).
		Press Mouse Button BUTTON1
		Release Mouse Button BUTTON1

ExecutedAction [34]: 
 @Action ConcreteID = AC1hlv33x801272404306 AbstractID = AA1hlv33x801272404306
 ConcreteID CUSTOM = ConcreteID CUSTOM not available AbstractID CUSTOM = AA6no8ji7f3233329271
 @State ConcreteID = SC13cmfzu6761207293140 AbstractID = SR9wni3n629994063433
 ConcreteID CUSTOM = SC1oasalq6812988987000 AbstractID CUSTOM = SA3xnecr6712254097057

	ROLE = LeftClickAt
	TARGET =
		WIDGET = WCfds2zx261928856858, WR1h6ibpb92248851252, WTrko51k10351550260, WP2rgzz3224118192536
		ROLE = UIAButton
		TITLE = Line up
		SHAPE = Rect [x:563.0 y:467.0 w:17.0 h:17.0]
		CHILDREN = 0
		PATH = [0, 0, 1, 0, 0, 0]
	DESCRIPTION = Left Click at 'Line up'
	TEXT = Compound Action =
		Move mouse to (571.5, 475.5).
		Press Mouse Button BUTTON1
		Release Mouse Button BUTTON1

ExecutedAction [35]: 
 @Action ConcreteID = AC8790hi7f3386070851 AbstractID = AA8790hi7f3386070851
 ConcreteID CUSTOM = ConcreteID CUSTOM not available AbstractID CUSTOM = AAlji0d37f2005234001
 @State ConcreteID = SCf8vgfs6763157327815 AbstractID = SR9wni3n629994063433
 ConcreteID CUSTOM = SC1ls280167f2910239230 AbstractID CUSTOM = SA3xnecr6712254097057

	ROLE = LeftClickAt
	TARGET =
		WIDGET = WCtvfp1w304092693884, WR52qhb2b3065858412, WT12lc4f1d3379562285, WP1blgaqq2c754985278
		ROLE = UIAListItem
		TITLE = Microsoft Yi Baiti
		SHAPE = Rect [x:412.0 y:562.0 w:151.0 h:19.0]
		CHILDREN = 0
		PATH = [0, 0, 1, 0, 6]
	DESCRIPTION = Left Click at 'Microsoft Yi Baiti'
	TEXT = Compound Action =
		Move mouse to (487.5, 571.5).
		Press Mouse Button BUTTON1
		Release Mouse Button BUTTON1

ExecutedAction [36]: 
 @Action ConcreteID = ACur8xfj7f1040061100 AbstractID = AAur8xfj7f1040061100
 ConcreteID CUSTOM = ConcreteID CUSTOM not available AbstractID CUSTOM = AA183hxb47f2208838846
 @State ConcreteID = SCf8vgfs6763157327815 AbstractID = SR9wni3n629994063433
 ConcreteID CUSTOM = SC1ls280167f2910239230 AbstractID CUSTOM = SA3xnecr6712254097057

	ROLE = LeftClickAt
	TARGET =
		WIDGET = WC1mhstjk201049923362, WR52qhb2b3065858412, WT1bx8b1ed2774251573, WP1rg3mce1c1476938294
		ROLE = UIAListItem
		TITLE = 26
		SHAPE = Rect [x:747.0 y:497.0 w:42.0 h:15.0]
		CHILDREN = 0
		PATH = [0, 0, 5, 0, 3]
	DESCRIPTION = Left Click at '26'
	TEXT = Compound Action =
		Move mouse to (768.0, 504.5).
		Press Mouse Button BUTTON1
		Release Mouse Button BUTTON1

ExecutedAction [37]: 
 @Action ConcreteID = AC5ndpo97f4246582604 AbstractID = AA5ndpo97f4246582604
 ConcreteID CUSTOM = ConcreteID CUSTOM not available AbstractID CUSTOM = AAizmpju7f1129026398
 @State ConcreteID = SCf8vgfs6763157327815 AbstractID = SR9wni3n629994063433
 ConcreteID CUSTOM = SC1ls280167f2910239230 AbstractID CUSTOM = SA3xnecr6712254097057

	ROLE = LeftClickAt
	TARGET =
		WIDGET = WC1vi8ggk30323070192, WR52qhb2b3065858412, WT196sfts1d1624743138, WP10fldia2c4145560822
		ROLE = UIAListItem
		TITLE = Microsoft YaHei UI
		SHAPE = Rect [x:412.0 y:543.0 w:151.0 h:19.0]
		CHILDREN = 0
		PATH = [0, 0, 1, 0, 5]
	DESCRIPTION = Left Click at 'Microsoft YaHei UI'
	TEXT = Compound Action =
		Move mouse to (487.5, 552.5).
		Press Mouse Button BUTTON1
		Release Mouse Button BUTTON1

ExecutedAction [38]: 
 @Action ConcreteID = ACj2pso9803031950562 AbstractID = AAj2pso9803031950562
 ConcreteID CUSTOM = ConcreteID CUSTOM not available AbstractID CUSTOM = AA4tytx57f2264003867
 @State ConcreteID = SC14a3bp469e3938689663 AbstractID = SR3nly0z64f3373000535
 ConcreteID CUSTOM = SCzohsg36a91798212148 AbstractID CUSTOM = SA1u1bjte698870058414

	ROLE = LeftClickAt
	TARGET =
		WIDGET = WCre3bai2b4157778605, WR52qhb2b3065858412, WTluqu89182333784770, WPx5t2uw271921610782
		ROLE = UIAListItem
		TITLE = Light Oblique
		SHAPE = Rect [x:600.0 y:524.0 w:109.0 h:19.0]
		CHILDREN = 0
		PATH = [0, 0, 3, 0, 4]
	DESCRIPTION = Left Click at 'Light Oblique'
	TEXT = Compound Action =
		Move mouse to (654.5, 533.5).
		Press Mouse Button BUTTON1
		Release Mouse Button BUTTON1

ExecutedAction [39]: 
 @Action ConcreteID = ACahndyr801847697805 AbstractID = AAahndyr801847697805
 ConcreteID CUSTOM = ConcreteID CUSTOM not available AbstractID CUSTOM = AA1va0h6r7f1550299252
 @State ConcreteID = SC14a3bp469e3938689663 AbstractID = SR3nly0z64f3373000535
 ConcreteID CUSTOM = SCzohsg36a91798212148 AbstractID CUSTOM = SA1u1bjte698870058414

	ROLE = LeftClickAt
	TARGET =
		WIDGET = WC1grpg081d601422470, WR1h6ibpb92248851252, WT1vjbvvdf3603144044, WP1fkwu62191550463147
		ROLE = UIAButton
		TITLE = Cancel
		SHAPE = Rect [x:731.0 y:816.0 w:79.0 h:26.0]
		CHILDREN = 0
		PATH = [0, 0, 12]
	DESCRIPTION = Left Click at 'Cancel'
	TEXT = Compound Action =
		Move mouse to (770.5, 829.0).
		Press Mouse Button BUTTON1
		Release Mouse Button BUTTON1

ExecutedAction [40]: 
 @Action ConcreteID = AC1jr7t8c803110202210 AbstractID = AA1jr7t8c803110202210
 ConcreteID CUSTOM = ConcreteID CUSTOM not available AbstractID CUSTOM = AA15c4wf27f223111518
 @State ConcreteID = SC1ei8z7d2212987654336 AbstractID = SR1hca8yg2083573223560
 ConcreteID CUSTOM = SCiqfqpf2222579044543 AbstractID CUSTOM = SAtloevc21f2668501822

	ROLE = LeftClickAt
	TARGET =
		WIDGET = WC12b45x51c517775489, WR17v7k2nb1067391859, WT1qe89j4f2180189081, WP10d1byf183180104482
		ROLE = UIAMenuItem
		TITLE = Help
		SHAPE = Rect [x:524.0 y:261.0 w:39.0 h:19.0]
		CHILDREN = 0
		PATH = [0, 3, 4]
	DESCRIPTION = Left Click at 'Help'
	TEXT = Compound Action =
		Move mouse to (543.5, 270.5).
		Press Mouse Button BUTTON1
		Release Mouse Button BUTTON1

ExecutedAction [41]: 
 @Action ConcreteID = AC1x7tagh7e462228558 AbstractID = AA1x7tagh7e462228558
 ConcreteID CUSTOM = ConcreteID CUSTOM not available AbstractID CUSTOM = AA1k9onbk80888527621
 @State ConcreteID = SCvfquc3272451925234 AbstractID = SR16prhrh2572136073137
 ConcreteID CUSTOM = SC1y6oleu2772766085552 AbstractID CUSTOM = SA1vjl86q26f2973890247

	ROLE = LeftClickAt
	TARGET =
		WIDGET = WC1frc9lv1c3431448778, WR17v7k2nb1067391859, WT1qe72ijf99311909, WPjc8r1t181437309355
		ROLE = UIAMenuItem
		TITLE = File
		SHAPE = Rect [x:367.0 y:261.0 w:32.0 h:19.0]
		CHILDREN = 0
		PATH = [0, 4, 0]
	DESCRIPTION = Left Click at 'File'
	TEXT = Compound Action =
		Move mouse to (383.0, 270.5).
		Press Mouse Button BUTTON1
		Release Mouse Button BUTTON1

ExecutedAction [42]: 
 @Action ConcreteID = ACwi3k2f80841429776 AbstractID = AAwi3k2f80841429776
 ConcreteID CUSTOM = ConcreteID CUSTOM not available AbstractID CUSTOM = AAi30n957f2248847660
 @State ConcreteID = SC1ei8z7d2212987654336 AbstractID = SR1hca8yg2083573223560
 ConcreteID CUSTOM = SCiqfqpf2222579044543 AbstractID CUSTOM = SAtloevc21f2668501822

	ROLE = LeftClickAt
	TARGET =
		WIDGET = WCdsg5py1c3010804170, WR17v7k2nb1067391859, WT1qeha5gf2005531835, WPk6niro18548921330
		ROLE = UIAMenuItem
		TITLE = View
		SHAPE = Rect [x:485.0 y:261.0 w:39.0 h:19.0]
		CHILDREN = 0
		PATH = [0, 3, 3]
	DESCRIPTION = Left Click at 'View'
	TEXT = Compound Action =
		Move mouse to (504.5, 270.5).
		Press Mouse Button BUTTON1
		Release Mouse Button BUTTON1

ExecutedAction [43]: 
 @Action ConcreteID = ACax7bqn7f887195142 AbstractID = AAax7bqn7f887195142
 ConcreteID CUSTOM = ConcreteID CUSTOM not available AbstractID CUSTOM = AA23tnfx7f1505158575
 @State ConcreteID = SC15nfd0c25c426508661 AbstractID = SRj5frjz243105811488
 ConcreteID CUSTOM = SC1ou385h261678897290 AbstractID CUSTOM = SA1k5pjmd25b739509799

	ROLE = LeftClickAt
	TARGET =
		WIDGET = WCudxb541c3405482637, WR17v7k2nb1067391859, WT1qejys2f1046425153, WPwz8jna183953042271
		ROLE = UIAMenuItem
		TITLE = Zoom
		SHAPE = Rect [x:488.0 y:283.0 w:136.0 h:22.0]
		CHILDREN = 0
		PATH = [0, 0, 0]
	DESCRIPTION = Left Click at 'Zoom'
	TEXT = Compound Action =
		Move mouse to (556.0, 294.0).
		Press Mouse Button BUTTON1
		Release Mouse Button BUTTON1

ExecutedAction [44]: 
 @Action ConcreteID = AC1su26gm7f102239318 AbstractID = AA1su26gm7f102239318
 ConcreteID CUSTOM = ConcreteID CUSTOM not available AbstractID CUSTOM = AAdfdcop801066719174
 @State ConcreteID = SCbev90i2af1627341379 AbstractID = SR14nl7z22923187844674
 ConcreteID CUSTOM = SC198a0hl2b32395412477 AbstractID CUSTOM = SA1knkv4o2aa3243786490

	ROLE = LeftClickAt
	TARGET =
		WIDGET = WChpcibk2b2020473118, WR17v7k2nb1067391859, WTy3ygp1e1031191529, WP1fdludq27371721886
		ROLE = UIAMenuItem
		TITLE = Zoom Out	Ctrl+Minus
		SHAPE = Rect [x:624.0 y:305.0 w:259.0 h:22.0]
		CHILDREN = 0
		PATH = [0, 0, 1]
	DESCRIPTION = Left Click at 'Zoom Out	Ctrl+Minus'
	TEXT = Compound Action =
		Move mouse to (753.5, 316.0).
		Press Mouse Button BUTTON1
		Release Mouse Button BUTTON1

ExecutedAction [45]: 
 @Action ConcreteID = AC18xav5e802253965822 AbstractID = AA18xav5e802253965822
 ConcreteID CUSTOM = ConcreteID CUSTOM not available AbstractID CUSTOM = AAgx0vof7f1202365316
 @State ConcreteID = SC1c59kyg21f3415853314 AbstractID = SR1hca8yg2083573223560
 ConcreteID CUSTOM = SC1243pcr2223216731966 AbstractID CUSTOM = SAtloevc21f2668501822

	ROLE = LeftClickAt
	TARGET =
		WIDGET = WC3rq8hx1e869414367, WR17v7k2nb1067391859, WTaz2n92112307194186, WPablb9v1a985931869
		ROLE = UIAMenuItem
		TITLE = Format
		SHAPE = Rect [x:433.0 y:261.0 w:52.0 h:19.0]
		CHILDREN = 0
		PATH = [0, 3, 2]
	DESCRIPTION = Left Click at 'Format'
	TEXT = Compound Action =
		Move mouse to (459.0, 270.5).
		Press Mouse Button BUTTON1
		Release Mouse Button BUTTON1

ExecutedAction [46]: 
 @Action ConcreteID = ACcqbcl803883528376 AbstractID = AAcqbcl803883528376
 ConcreteID CUSTOM = ConcreteID CUSTOM not available AbstractID CUSTOM = AAkwfey97f1947135157
 @State ConcreteID = SC1t24kfp25c3584803457 AbstractID = SRj5frjz243105811488
 ConcreteID CUSTOM = SC1z00qej2632289712694 AbstractID CUSTOM = SA1k5pjmd25b739509799

	ROLE = LeftClickAt
	TARGET =
		WIDGET = WC1084jd1f2874738980, WR17v7k2nb1067391859, WT1k0pzz412734516100, WPdmv4jr1b3951525617
		ROLE = UIAMenuItem
		TITLE = Font...
		SHAPE = Rect [x:436.0 y:305.0 w:144.0 h:22.0]
		CHILDREN = 0
		PATH = [0, 0, 1]
	DESCRIPTION = Left Click at 'Font...'
	TEXT = Compound Action =
		Move mouse to (508.0, 316.0).
		Press Mouse Button BUTTON1
		Release Mouse Button BUTTON1

ExecutedAction [47]: 
 @Action ConcreteID = AC1veevmw7f52672830 AbstractID = AA1veevmw7f52672830
 ConcreteID CUSTOM = ConcreteID CUSTOM not available AbstractID CUSTOM = AA1364ry280942271363
 @State ConcreteID = SCpv90cg68a3800896480 AbstractID = SRdwtcoc63d2608603672
 ConcreteID CUSTOM = SCxfczab6962251537782 AbstractID CUSTOM = SA13h9d2q6864147623809

	ROLE = LeftClickAt
	TARGET =
		WIDGET = WC1ap8q0r302615501029, WR52qhb2b3065858412, WTdkwa8s1d2309632912, WP1hxosnd2c652527427
		ROLE = UIAListItem
		TITLE = Microsoft JhengHei
		SHAPE = Rect [x:412.0 y:486.0 w:151.0 h:19.0]
		CHILDREN = 0
		PATH = [0, 0, 1, 0, 2]
	DESCRIPTION = Left Click at 'Microsoft JhengHei'
	TEXT = Compound Action =
		Move mouse to (487.5, 495.5).
		Press Mouse Button BUTTON1
		Release Mouse Button BUTTON1

ExecutedAction [48]: 
 @Action ConcreteID = AC195t9zk7f3777443234 AbstractID = AA195t9zk7f3777443234
 ConcreteID CUSTOM = ConcreteID CUSTOM not available AbstractID CUSTOM = AA12mppc6804126922859
 @State ConcreteID = SCdpk7b46b22644192291 AbstractID = SRtbhggc6631209130451
 ConcreteID CUSTOM = SCgms6d6c03287720969 AbstractID CUSTOM = SA1ggbtbf6ad1950033234

	ROLE = LeftClickAt
	TARGET =
		WIDGET = WCm5od5q2f1270434559, WR52qhb2b3065858412, WToa6nme1c2735570416, WPab3e982b1037626677
		ROLE = UIAListItem
		TITLE = Microsoft PhagsPa
		SHAPE = Rect [x:412.0 y:543.0 w:151.0 h:19.0]
		CHILDREN = 0
		PATH = [0, 0, 1, 0, 5]
	DESCRIPTION = Left Click at 'Microsoft PhagsPa'
	TEXT = Compound Action =
		Move mouse to (487.5, 552.5).
		Press Mouse Button BUTTON1
		Release Mouse Button BUTTON1

ExecutedAction [49]: 
 @Action ConcreteID = ACwqt56v802998252714 AbstractID = AAwqt56v802998252714
 ConcreteID CUSTOM = ConcreteID CUSTOM not available AbstractID CUSTOM = AAp8eiwu801260658618
 @State ConcreteID = SC1j0uh1368a3882344875 AbstractID = SRdwtcoc63d2608603672
 ConcreteID CUSTOM = SCoqp7hy6971189886922 AbstractID CUSTOM = SA13h9d2q6864147623809

	ROLE = LeftClickAt
	TARGET =
		WIDGET = WC1jf7b8s1f2199453133, WR17qbaneb3904637586, WT1oe7pvp1243228967, WP1lvuol61b2004616232
		ROLE = UIAComboBox
		TITLE = Script:
		SHAPE = Rect [x:598.0 y:704.0 w:210.0 h:22.0]
		CHILDREN = 1
		PATH = [0, 0, 9]
	DESCRIPTION = Left Click at 'Script:'
	TEXT = Compound Action =
		Move mouse to (703.0, 715.0).
		Press Mouse Button BUTTON1
		Release Mouse Button BUTTON1

ExecutedAction [50]: 
 @Action ConcreteID = AC1j2av0w7e518027879 AbstractID = AA1j2av0w7e518027879
 ConcreteID CUSTOM = ConcreteID CUSTOM not available AbstractID CUSTOM = AA1x2khe07f1244685453
 @State ConcreteID = SC3e2ohq6da920347336 AbstractID = SRud4s0k6891752609450
 ConcreteID CUSTOM = SC1hrhlou6ec1065913075 AbstractID CUSTOM = SAs0jvne6d32665181125

	ROLE = LeftClickAt
	TARGET =
		WIDGET = WCp73epl1c2564453465, WR52qhb2b3065858412, WT30n3v812874038604, WP1kqeii3183160349437
		ROLE = UIAListItem
		TITLE = Western
		SHAPE = Rect [x:599.0 y:727.0 w:208.0 h:15.0]
		CHILDREN = 0
		PATH = [1, 0]
	DESCRIPTION = Left Click at 'Western'
	TEXT = Compound Action =
		Move mouse to (703.0, 734.5).
		Press Mouse Button BUTTON1
		Release Mouse Button BUTTON1

ExecutedAction [51]: 
 @Action ConcreteID = ACm1zk2s80154455870 AbstractID = AAm1zk2s80154455870
 ConcreteID CUSTOM = ConcreteID CUSTOM not available AbstractID CUSTOM = AAejkxsr804037370926
 @State ConcreteID = SC1j0uh1368a3882344875 AbstractID = SRdwtcoc63d2608603672
 ConcreteID CUSTOM = SCoqp7hy6971189886922 AbstractID CUSTOM = SA13h9d2q6864147623809

	ROLE = LeftClickAt
	TARGET =
		WIDGET = WC11s1efs252702934042, WR52qhb2b3065858412, WTh6zdq12834902686, WP133ev1i213109690462
		ROLE = UIAListItem
		TITLE = Regular
		SHAPE = Rect [x:600.0 y:467.0 w:109.0 h:19.0]
		CHILDREN = 0
		PATH = [0, 0, 3, 0, 1]
	DESCRIPTION = Left Click at 'Regular'
	TEXT = Compound Action =
		Move mouse to (654.5, 476.5).
		Press Mouse Button BUTTON1
		Release Mouse Button BUTTON1

ExecutedAction [52]: 
 @Action ConcreteID = AColuuw1803459442824 AbstractID = AAoluuw1803459442824
 ConcreteID CUSTOM = ConcreteID CUSTOM not available AbstractID CUSTOM = AAh3g8m080933446552
 @State ConcreteID = SC1j0uh1368a3882344875 AbstractID = SRdwtcoc63d2608603672
 ConcreteID CUSTOM = SCoqp7hy6971189886922 AbstractID CUSTOM = SA13h9d2q6864147623809

	ROLE = LeftClickAt
	TARGET =
		WIDGET = WC6fa33m22893918454, WR52qhb2b3065858412, WTq22ksjf2912385765, WPl0h6gw1e3851927934
		ROLE = UIAListItem
		TITLE = Bold
		SHAPE = Rect [x:600.0 y:486.0 w:109.0 h:19.0]
		CHILDREN = 0
		PATH = [0, 0, 3, 0, 2]
	DESCRIPTION = Left Click at 'Bold'
	TEXT = Compound Action =
		Move mouse to (654.5, 495.5).
		Press Mouse Button BUTTON1
		Release Mouse Button BUTTON1

ExecutedAction [53]: 
 @Action ConcreteID = AC19a186b802173959414 AbstractID = AA19a186b802173959414
 ConcreteID CUSTOM = ConcreteID CUSTOM not available AbstractID CUSTOM = AA11rmlwa802013419494
 @State ConcreteID = SC1j0uh1368a3882344875 AbstractID = SRdwtcoc63d2608603672
 ConcreteID CUSTOM = SCoqp7hy6971189886922 AbstractID CUSTOM = SA13h9d2q6864147623809

	ROLE = LeftClickAt
	TARGET =
		WIDGET = WCs13w9k202290184309, WR52qhb2b3065858412, WT1bx8b18d1278745856, WP172qoh21c967786832
		ROLE = UIAListItem
		TITLE = 20
		SHAPE = Rect [x:747.0 y:467.0 w:42.0 h:15.0]
		CHILDREN = 0
		PATH = [0, 0, 5, 0, 1]
	DESCRIPTION = Left Click at '20'
	TEXT = Compound Action =
		Move mouse to (768.0, 474.5).
		Press Mouse Button BUTTON1
		Release Mouse Button BUTTON1

ExecutedAction [54]: 
 @Action ConcreteID = ACbxfdaa803996985238 AbstractID = AAbxfdaa803996985238
 ConcreteID CUSTOM = ConcreteID CUSTOM not available AbstractID CUSTOM = AA4f0r0980397184134
 @State ConcreteID = SC1j0uh1368a3882344875 AbstractID = SRdwtcoc63d2608603672
 ConcreteID CUSTOM = SCoqp7hy6971189886922 AbstractID CUSTOM = SA13h9d2q6864147623809

	ROLE = LeftClickAt
	TARGET =
		WIDGET = WCuekrar32924729027, WR52qhb2b3065858412, WTyanzvk1f2797816109, WPcgbrlt2e3879591104
		ROLE = UIAListItem
		TITLE = Microsoft Sans Serif
		SHAPE = Rect [x:412.0 y:562.0 w:151.0 h:19.0]
		CHILDREN = 0
		PATH = [0, 0, 1, 0, 6]
	DESCRIPTION = Left Click at 'Microsoft Sans Serif'
	TEXT = Compound Action =
		Move mouse to (487.5, 571.5).
		Press Mouse Button BUTTON1
		Release Mouse Button BUTTON1

ExecutedAction [55]: 
 @Action ConcreteID = AC1veevmw7f52672830 AbstractID = AA1veevmw7f52672830
 ConcreteID CUSTOM = ConcreteID CUSTOM not available AbstractID CUSTOM = AA1364ry280942271363
 @State ConcreteID = SCpv90cg68a3800896480 AbstractID = SRdwtcoc63d2608603672
 ConcreteID CUSTOM = SCxfczab6962251537782 AbstractID CUSTOM = SA13h9d2q6864147623809

	ROLE = LeftClickAt
	TARGET =
		WIDGET = WC1ap8q0r302615501029, WR52qhb2b3065858412, WTdkwa8s1d2309632912, WP1hxosnd2c652527427
		ROLE = UIAListItem
		TITLE = Microsoft JhengHei
		SHAPE = Rect [x:412.0 y:486.0 w:151.0 h:19.0]
		CHILDREN = 0
		PATH = [0, 0, 1, 0, 2]
	DESCRIPTION = Left Click at 'Microsoft JhengHei'
	TEXT = Compound Action =
		Move mouse to (487.5, 495.5).
		Press Mouse Button BUTTON1
		Release Mouse Button BUTTON1

ExecutedAction [56]: 
 @Action ConcreteID = AC1lu8rlb7f853556997 AbstractID = AA1lu8rlb7f853556997
 ConcreteID CUSTOM = ConcreteID CUSTOM not available AbstractID CUSTOM = AA1fb56xx80641520332
 @State ConcreteID = SCdpk7b46b22644192291 AbstractID = SRtbhggc6631209130451
 ConcreteID CUSTOM = SCgms6d6c03287720969 AbstractID CUSTOM = SA1ggbtbf6ad1950033234

	ROLE = LeftClickAt
	TARGET =
		WIDGET = WC1v10ffi23615736097, WR52qhb2b3065858412, WTqldbbs101864145525, WPb6fgbw1f818758073
		ROLE = UIAListItem
		TITLE = Light
		SHAPE = Rect [x:600.0 y:467.0 w:109.0 h:19.0]
		CHILDREN = 0
		PATH = [0, 0, 3, 0, 1]
	DESCRIPTION = Left Click at 'Light'
	TEXT = Compound Action =
		Move mouse to (654.5, 476.5).
		Press Mouse Button BUTTON1
		Release Mouse Button BUTTON1

ExecutedAction [57]: 
 @Action ConcreteID = ACdfau1ub6687579508 AbstractID = AAdfau1ub6687579508
 ConcreteID CUSTOM = ConcreteID CUSTOM not available AbstractID CUSTOM = AAekfj8sb72855308579
 @State ConcreteID = SCdpk7b46b22644192291 AbstractID = SRtbhggc6631209130451
 ConcreteID CUSTOM = SCgms6d6c03287720969 AbstractID CUSTOM = SA1ggbtbf6ad1950033234

	ROLE = LeftDrag
	DESCRIPTION = Drag (574.0, 525.3421052631579) To (574.0, 536.3846153846154)
	TEXT = Compound Action =
		Move mouse to (574.0, 525.3421052631579).
		Press Mouse Button BUTTON1
		Move mouse to (574.0, 536.3846153846154).
		Release Mouse Button BUTTON1

ExecutedAction [58]: 
 @Action ConcreteID = AC19hg75ob72242880942 AbstractID = AA19hg75ob72242880942
 ConcreteID CUSTOM = ConcreteID CUSTOM not available AbstractID CUSTOM = AAevvb56b7540868647
 @State ConcreteID = SC1hcbdde6b02559011448 AbstractID = SRtbhggc6631209130451
 ConcreteID CUSTOM = SCjqafin6c01891591590 AbstractID CUSTOM = SA1ggbtbf6ad1950033234

	ROLE = LeftDrag
	DESCRIPTION = Drag (574.0, 528.3684210526316) To (574.0, 508.0769230769231)
	TEXT = Compound Action =
		Move mouse to (574.0, 528.3684210526316).
		Press Mouse Button BUTTON1
		Move mouse to (574.0, 508.0769230769231).
		Release Mouse Button BUTTON1

ExecutedAction [59]: 
 @Action ConcreteID = AC1hi2p1v7f3590398123 AbstractID = AA1hi2p1v7f3590398123
 ConcreteID CUSTOM = ConcreteID CUSTOM not available AbstractID CUSTOM = AAxiz3po802623937653
 @State ConcreteID = SCl8k53f6b12743215883 AbstractID = SRtbhggc6631209130451
 ConcreteID CUSTOM = SClhh11c6bf2800498132 AbstractID CUSTOM = SA1ggbtbf6ad1950033234

	ROLE = LeftClickAt
	TARGET =
		WIDGET = WCpbahx5242801646312, WR52qhb2b3065858412, WT17mik7x111344505797, WPhwqio7201426237556
		ROLE = UIAListItem
		TITLE = Modern
		SHAPE = Rect [x:412.0 y:505.0 w:151.0 h:19.0]
		CHILDREN = 0
		PATH = [0, 0, 1, 0, 3]
	DESCRIPTION = Left Click at 'Modern'
	TEXT = Compound Action =
		Move mouse to (487.5, 514.5).
		Press Mouse Button BUTTON1
		Release Mouse Button BUTTON1

ExecutedAction [60]: 
 @Action ConcreteID = AC1qgp1ju801618522258 AbstractID = AA1qgp1ju801618522258
 ConcreteID CUSTOM = ConcreteID CUSTOM not available AbstractID CUSTOM = AA1v5g7080593653385
 @State ConcreteID = SC1ezceo76881290286738 AbstractID = SRdwtcoc63d2608603672
 ConcreteID CUSTOM = SC1hk6dkz696960267869 AbstractID CUSTOM = SA13h9d2q6864147623809

	ROLE = LeftClickAt
	TARGET =
		WIDGET = WCycjiv6271798269482, WR52qhb2b3065858412, WTk81fjm14391569198, WP4dq45s23644306967
		ROLE = UIAListItem
		TITLE = MS Gothic
		SHAPE = Rect [x:412.0 y:543.0 w:151.0 h:19.0]
		CHILDREN = 0
		PATH = [0, 0, 1, 0, 5]
	DESCRIPTION = Left Click at 'MS Gothic'
	TEXT = Compound Action =
		Move mouse to (487.5, 552.5).
		Press Mouse Button BUTTON1
		Release Mouse Button BUTTON1

ExecutedAction [61]: 
 @Action ConcreteID = AChm4l2480982756184 AbstractID = AAhm4l2480982756184
 ConcreteID CUSTOM = ConcreteID CUSTOM not available AbstractID CUSTOM = AA1yce7cv803884836265
 @State ConcreteID = SC1u0jkqz6891858660394 AbstractID = SRdwtcoc63d2608603672
 ConcreteID CUSTOM = SCh70gji6951172725198 AbstractID CUSTOM = SA13h9d2q6864147623809

	ROLE = LeftClickAt
	TARGET =
		WIDGET = WCrjbfpy2d2481283507, WR52qhb2b3065858412, WT1ycwdy71a2713321326, WP1fu0qas29718912651
		ROLE = UIAListItem
		TITLE = Mongolian Baiti
		SHAPE = Rect [x:412.0 y:524.0 w:151.0 h:19.0]
		CHILDREN = 0
		PATH = [0, 0, 1, 0, 4]
	DESCRIPTION = Left Click at 'Mongolian Baiti'
	TEXT = Compound Action =
		Move mouse to (487.5, 533.5).
		Press Mouse Button BUTTON1
		Release Mouse Button BUTTON1

ExecutedAction [62]: 
 @Action ConcreteID = AC1lgz7mf803845629298 AbstractID = AA1lgz7mf803845629298
 ConcreteID CUSTOM = ConcreteID CUSTOM not available AbstractID CUSTOM = AA1364ry280942271363
 @State ConcreteID = SC1u0jkqz6891858660394 AbstractID = SRdwtcoc63d2608603672
 ConcreteID CUSTOM = SCh70gji6951172725198 AbstractID CUSTOM = SA13h9d2q6864147623809

	ROLE = LeftClickAt
	TARGET =
		WIDGET = WC139pooe2a1790436489, WR52qhb2b3065858412, WT1ybiyq1173911196371, WP1njgmik26899412477
		ROLE = UIAListItem
		TITLE = MingLiU-ExtB
		SHAPE = Rect [x:412.0 y:486.0 w:151.0 h:19.0]
		CHILDREN = 0
		PATH = [0, 0, 1, 0, 2]
	DESCRIPTION = Left Click at 'MingLiU-ExtB'
	TEXT = Compound Action =
		Move mouse to (487.5, 495.5).
		Press Mouse Button BUTTON1
		Release Mouse Button BUTTON1

ExecutedAction [63]: 
 @Action ConcreteID = ACmpv6om803400712823 AbstractID = AAmpv6om803400712823
 ConcreteID CUSTOM = ConcreteID CUSTOM not available AbstractID CUSTOM = AA4f0r0980397184134
 @State ConcreteID = SC1u0jkqz6891858660394 AbstractID = SRdwtcoc63d2608603672
 ConcreteID CUSTOM = SCh70gji6951172725198 AbstractID CUSTOM = SA13h9d2q6864147623809

	ROLE = LeftClickAt
	TARGET =
		WIDGET = WCb5mbt5282019081490, WR52qhb2b3065858412, WTtpc6q2151697410413, WP17us2af241474130146
		ROLE = UIAListItem
		TITLE = MS PGothic
		SHAPE = Rect [x:412.0 y:562.0 w:151.0 h:19.0]
		CHILDREN = 0
		PATH = [0, 0, 1, 0, 6]
	DESCRIPTION = Left Click at 'MS PGothic'
	TEXT = Compound Action =
		Move mouse to (487.5, 571.5).
		Press Mouse Button BUTTON1
		Release Mouse Button BUTTON1

ExecutedAction [64]: 
 @Action ConcreteID = ACf29a8v802548163686 AbstractID = AAf29a8v802548163686
 ConcreteID CUSTOM = ConcreteID CUSTOM not available AbstractID CUSTOM = AA1vsiwjm801258269335
 @State ConcreteID = SC1u0jkqz6891858660394 AbstractID = SRdwtcoc63d2608603672
 ConcreteID CUSTOM = SCh70gji6951172725198 AbstractID CUSTOM = SA13h9d2q6864147623809

	ROLE = LeftClickAt
	TARGET =
		WIDGET = WCpbahx5242801646312, WR52qhb2b3065858412, WT17mik7x111344505797, WPhwqio7201426237556
		ROLE = UIAListItem
		TITLE = Modern
		SHAPE = Rect [x:412.0 y:505.0 w:151.0 h:19.0]
		CHILDREN = 0
		PATH = [0, 0, 1, 0, 3]
	DESCRIPTION = Left Click at 'Modern'
	TEXT = Compound Action =
		Move mouse to (487.5, 514.5).
		Press Mouse Button BUTTON1
		Release Mouse Button BUTTON1

ExecutedAction [65]: 
 @Action ConcreteID = AC440h6h803015686709 AbstractID = AA440h6h803015686709
 ConcreteID CUSTOM = ConcreteID CUSTOM not available AbstractID CUSTOM = AAejkxsr804037370926
 @State ConcreteID = SC1ezceo76881290286738 AbstractID = SRdwtcoc63d2608603672
 ConcreteID CUSTOM = SC1hk6dkz696960267869 AbstractID CUSTOM = SA13h9d2q6864147623809

	ROLE = LeftClickAt
	TARGET =
		WIDGET = WCzko2xn263926405646, WR52qhb2b3065858412, WT1bqzmyj132256915856, WPtnwyp522200383339
		ROLE = UIAListItem
		TITLE = Standard
		SHAPE = Rect [x:600.0 y:467.0 w:109.0 h:19.0]
		CHILDREN = 0
		PATH = [0, 0, 3, 0, 1]
	DESCRIPTION = Left Click at 'Standard'
	TEXT = Compound Action =
		Move mouse to (654.5, 476.5).
		Press Mouse Button BUTTON1
		Release Mouse Button BUTTON1

ExecutedAction [66]: 
 @Action ConcreteID = ACd18sns80483815943 AbstractID = AAd18sns80483815943
 ConcreteID CUSTOM = ConcreteID CUSTOM not available AbstractID CUSTOM = AAngt9a2801607248924
 @State ConcreteID = SC1ezceo76881290286738 AbstractID = SRdwtcoc63d2608603672
 ConcreteID CUSTOM = SC1hk6dkz696960267869 AbstractID CUSTOM = SA13h9d2q6864147623809

	ROLE = LeftClickAt
	TARGET =
		WIDGET = WC6suwid2698650252, WR1h6ibpb92248851252, WTbcxonh101439247762, WP11fampz222597488693
		ROLE = UIAButton
		TITLE = Page up
		SHAPE = Rect [x:789.0 y:484.0 w:17.0 h:36.0]
		CHILDREN = 0
		PATH = [0, 0, 5, 0, 0, 1]
	DESCRIPTION = Left Click at 'Page up'
	TEXT = Compound Action =
		Move mouse to (797.5, 502.0).
		Press Mouse Button BUTTON1
		Release Mouse Button BUTTON1

ExecutedAction [67]: 
 @Action ConcreteID = AC1aoagdk7f1612555427 AbstractID = AA1aoagdk7f1612555427
 ConcreteID CUSTOM = ConcreteID CUSTOM not available AbstractID CUSTOM = AA7wzd37802478960176
 @State ConcreteID = SC1iy7sy2685624859882 AbstractID = SRdwtcoc63d2608603672
 ConcreteID CUSTOM = SCubc7zo6942596909606 AbstractID CUSTOM = SA13h9d2q6864147623809

	ROLE = LeftClickAt
	TARGET =
		WIDGET = WC15h5smi20554021603, WR52qhb2b3065858412, WT1bx8b0ld1775159025, WPo6ggl41c1449595740
		ROLE = UIAListItem
		TITLE = 18
		SHAPE = Rect [x:747.0 y:542.0 w:42.0 h:15.0]
		CHILDREN = 0
		PATH = [0, 0, 5, 0, 6]
	DESCRIPTION = Left Click at '18'
	TEXT = Compound Action =
		Move mouse to (768.0, 549.5).
		Press Mouse Button BUTTON1
		Release Mouse Button BUTTON1

ExecutedAction [68]: 
 @Action ConcreteID = AC1tqbr8n7f274564090 AbstractID = AA1tqbr8n7f274564090
 ConcreteID CUSTOM = ConcreteID CUSTOM not available AbstractID CUSTOM = AAqz0nya803816933737
 @State ConcreteID = SC1iy7sy2685624859882 AbstractID = SRdwtcoc63d2608603672
 ConcreteID CUSTOM = SCubc7zo6942596909606 AbstractID CUSTOM = SA13h9d2q6864147623809

	ROLE = LeftClickAt
	TARGET =
		WIDGET = WCb0gvbn20191358616, WR52qhb2b3065858412, WT1bx8b0fd2300260335, WP3t3iox1c3752025397
		ROLE = UIAListItem
		TITLE = 12
		SHAPE = Rect [x:747.0 y:497.0 w:42.0 h:15.0]
		CHILDREN = 0
		PATH = [0, 0, 5, 0, 3]
	DESCRIPTION = Left Click at '12'
	TEXT = Compound Action =
		Move mouse to (768.0, 504.5).
		Press Mouse Button BUTTON1
		Release Mouse Button BUTTON1

ExecutedAction [69]: 
 @Action ConcreteID = ACcib64r7f3194959265 AbstractID = AAcib64r7f3194959265
 ConcreteID CUSTOM = ConcreteID CUSTOM not available AbstractID CUSTOM = AA18s44ti801303609138
 @State ConcreteID = SC1iy7sy2685624859882 AbstractID = SRdwtcoc63d2608603672
 ConcreteID CUSTOM = SCubc7zo6942596909606 AbstractID CUSTOM = SA13h9d2q6864147623809

	ROLE = LeftClickAt
	TARGET =
		WIDGET = WC1wirvqo203221613962, WR52qhb2b3065858412, WT1bx8b0hd1618512602, WP1lyajb21c3279135254
		ROLE = UIAListItem
		TITLE = 14
		SHAPE = Rect [x:747.0 y:512.0 w:42.0 h:15.0]
		CHILDREN = 0
		PATH = [0, 0, 5, 0, 4]
	DESCRIPTION = Left Click at '14'
	TEXT = Compound Action =
		Move mouse to (768.0, 519.5).
		Press Mouse Button BUTTON1
		Release Mouse Button BUTTON1

ExecutedAction [70]: 
 @Action ConcreteID = AC5htn7j7f2346589557 AbstractID = AA5htn7j7f2346589557
 ConcreteID CUSTOM = ConcreteID CUSTOM not available AbstractID CUSTOM = AA11rmlwa802013419494
 @State ConcreteID = SC1iy7sy2685624859882 AbstractID = SRdwtcoc63d2608603672
 ConcreteID CUSTOM = SCubc7zo6942596909606 AbstractID CUSTOM = SA13h9d2q6864147623809

	ROLE = LeftClickAt
	TARGET =
		WIDGET = WCoj9wuv204087345814, WR52qhb2b3065858412, WT1bx8b0dd1729449667, WPkp0k111c1781865172
		ROLE = UIAListItem
		TITLE = 10
		SHAPE = Rect [x:747.0 y:467.0 w:42.0 h:15.0]
		CHILDREN = 0
		PATH = [0, 0, 5, 0, 1]
	DESCRIPTION = Left Click at '10'
	TEXT = Compound Action =
		Move mouse to (768.0, 474.5).
		Press Mouse Button BUTTON1
		Release Mouse Button BUTTON1

ExecutedAction [71]: 
 @Action ConcreteID = ACsv6zic7f1517548292 AbstractID = AAsv6zic7f1517548292
 ConcreteID CUSTOM = ConcreteID CUSTOM not available AbstractID CUSTOM = AA1p4zy73802846865815
 @State ConcreteID = SC1iy7sy2685624859882 AbstractID = SRdwtcoc63d2608603672
 ConcreteID CUSTOM = SCubc7zo6942596909606 AbstractID CUSTOM = SA13h9d2q6864147623809

	ROLE = LeftClickAt
	TARGET =
		WIDGET = WC1izyu6l20332442183, WR52qhb2b3065858412, WT1bx8b0jd2390158326, WP152dhy31c1573434932
		ROLE = UIAListItem
		TITLE = 16
		SHAPE = Rect [x:747.0 y:527.0 w:42.0 h:15.0]
		CHILDREN = 0
		PATH = [0, 0, 5, 0, 5]
	DESCRIPTION = Left Click at '16'
	TEXT = Compound Action =
		Move mouse to (768.0, 534.5).
		Press Mouse Button BUTTON1
		Release Mouse Button BUTTON1

ExecutedAction [72]: 
 @Action ConcreteID = ACnax42r7f322909180 AbstractID = AAnax42r7f322909180
 ConcreteID CUSTOM = ConcreteID CUSTOM not available AbstractID CUSTOM = AA1jkq2ri803773004143
 @State ConcreteID = SC1iy7sy2685624859882 AbstractID = SRdwtcoc63d2608603672
 ConcreteID CUSTOM = SCubc7zo6942596909606 AbstractID CUSTOM = SA13h9d2q6864147623809

	ROLE = LeftClickAt
	TARGET =
		WIDGET = WChrve39203184892435, WR52qhb2b3065858412, WT1bx8b0ed269647445, WPc921cz1c4017150086
		ROLE = UIAListItem
		TITLE = 11
		SHAPE = Rect [x:747.0 y:482.0 w:42.0 h:15.0]
		CHILDREN = 0
		PATH = [0, 0, 5, 0, 2]
	DESCRIPTION = Left Click at '11'
	TEXT = Compound Action =
		Move mouse to (768.0, 489.5).
		Press Mouse Button BUTTON1
		Release Mouse Button BUTTON1

ExecutedAction [73]: 
 @Action ConcreteID = ACm8nxenb6406685936 AbstractID = AAm8nxenb6406685936
 ConcreteID CUSTOM = ConcreteID CUSTOM not available AbstractID CUSTOM = AA1rm942sb73830707967
 @State ConcreteID = SC1iy7sy2685624859882 AbstractID = SRdwtcoc63d2608603672
 ConcreteID CUSTOM = SCubc7zo6942596909606 AbstractID CUSTOM = SA13h9d2q6864147623809

	ROLE = LeftDrag
	DESCRIPTION = Drag (574.0, 531.3947368421053) To (574.0, 536.3846153846154)
	TEXT = Compound Action =
		Move mouse to (574.0, 531.3947368421053).
		Press Mouse Button BUTTON1
		Move mouse to (574.0, 536.3846153846154).
		Release Mouse Button BUTTON1

ExecutedAction [74]: 
 @Action ConcreteID = AC15zsewn80148404240 AbstractID = AA15zsewn80148404240
 ConcreteID CUSTOM = ConcreteID CUSTOM not available AbstractID CUSTOM = AA10m9h4t804281322549
 @State ConcreteID = SC1y4bbhz6851324860708 AbstractID = SRdwtcoc63d2608603672
 ConcreteID CUSTOM = SC1quwbzl698593023780 AbstractID CUSTOM = SA13h9d2q6864147623809

	ROLE = LeftClickAt
	TARGET =
		WIDGET = WC14svur02b1962981611, WR52qhb2b3065858412, WT1qtzggc18612260208, WP1tbtsxm273499800940
		ROLE = UIAListItem
		TITLE = MS Sans Serif
		SHAPE = Rect [x:412.0 y:467.0 w:151.0 h:19.0]
		CHILDREN = 0
		PATH = [0, 0, 1, 0, 1]
	DESCRIPTION = Left Click at 'MS Sans Serif'
	TEXT = Compound Action =
		Move mouse to (487.5, 476.5).
		Press Mouse Button BUTTON1
		Release Mouse Button BUTTON1

ExecutedAction [75]: 
 @Action ConcreteID = AC1x6tm3t80907031475 AbstractID = AA1x6tm3t80907031475
 ConcreteID CUSTOM = ConcreteID CUSTOM not available AbstractID CUSTOM = AA1som35m7f4032817183
 @State ConcreteID = SC1wze96q6763815687066 AbstractID = SR16d6oid6291658365938
 ConcreteID CUSTOM = SC27ptrn6843322036330 AbstractID CUSTOM = SA50burn6702198454742

	ROLE = LeftClickAt
	TARGET =
		WIDGET = WC1prdcz2203162105741, WR52qhb2b3065858412, WT1bx8b0id394246732, WP1dic0n01c1946157766
		ROLE = UIAListItem
		TITLE = 15
		SHAPE = Rect [x:747.0 y:527.0 w:42.0 h:15.0]
		CHILDREN = 0
		PATH = [0, 0, 5, 0, 5]
	DESCRIPTION = Left Click at '15'
	TEXT = Compound Action =
		Move mouse to (768.0, 534.5).
		Press Mouse Button BUTTON1
		Release Mouse Button BUTTON1

ExecutedAction [76]: 
 @Action ConcreteID = AC1b7yfus802811650471 AbstractID = AA1b7yfus802811650471
 ConcreteID CUSTOM = ConcreteID CUSTOM not available AbstractID CUSTOM = AA16pqwwl7f1641658891
 @State ConcreteID = SC1wze96q6763815687066 AbstractID = SR16d6oid6291658365938
 ConcreteID CUSTOM = SC27ptrn6843322036330 AbstractID CUSTOM = SA50burn6702198454742

	ROLE = LeftClickAt
	TARGET =
		WIDGET = WC13f3rp2262243306089, WR52qhb2b3065858412, WT1xkj2pt132583665823, WP1cdp8lg221917996684
		ROLE = UIAListItem
		TITLE = MS Serif
		SHAPE = Rect [x:412.0 y:486.0 w:151.0 h:19.0]
		CHILDREN = 0
		PATH = [0, 0, 1, 0, 2]
	DESCRIPTION = Left Click at 'MS Serif'
	TEXT = Compound Action =
		Move mouse to (487.5, 495.5).
		Press Mouse Button BUTTON1
		Release Mouse Button BUTTON1

ExecutedAction [77]: 
 @Action ConcreteID = AC1byahuy801666540080 AbstractID = AA1byahuy801666540080
 ConcreteID CUSTOM = ConcreteID CUSTOM not available AbstractID CUSTOM = AAgfreql7f2275678334
 @State ConcreteID = SC1f1aipl6722673712949 AbstractID = SR9wni3n629994063433
 ConcreteID CUSTOM = SCzmubhq683798156537 AbstractID CUSTOM = SA3xnecr6712254097057

	ROLE = LeftClickAt
	TARGET =
		WIDGET = WCh1wsr6251171418583, WR52qhb2b3065858412, WT1oxtgbn122551795203, WP1yxb59c213151471411
		ROLE = UIAListItem
		TITLE = MV Boli
		SHAPE = Rect [x:412.0 y:524.0 w:151.0 h:19.0]
		CHILDREN = 0
		PATH = [0, 0, 1, 0, 4]
	DESCRIPTION = Left Click at 'MV Boli'
	TEXT = Compound Action =
		Move mouse to (487.5, 533.5).
		Press Mouse Button BUTTON1
		Release Mouse Button BUTTON1

ExecutedAction [78]: 
 @Action ConcreteID = ACd6zajh7f3445628174 AbstractID = AAd6zajh7f3445628174
 ConcreteID CUSTOM = ConcreteID CUSTOM not available AbstractID CUSTOM = AA15b8qut7f569509486
 @State ConcreteID = SC1nw8ov2677658974555 AbstractID = SR16d6oid6291658365938
 ConcreteID CUSTOM = SC1aq4d036863612737099 AbstractID CUSTOM = SA50burn6702198454742

	ROLE = LeftClickAt
	TARGET =
		WIDGET = WC2imhqy1f3558734837, WR52qhb2b3065858412, WTfaksm2c3199387433, WPzc7sfc1b2211751423
		ROLE = UIAListItem
		TITLE = 8
		SHAPE = Rect [x:747.0 y:467.0 w:42.0 h:15.0]
		CHILDREN = 0
		PATH = [0, 0, 5, 0, 1]
	DESCRIPTION = Left Click at '8'
	TEXT = Compound Action =
		Move mouse to (768.0, 474.5).
		Press Mouse Button BUTTON1
		Release Mouse Button BUTTON1

ExecutedAction [79]: 
 @Action ConcreteID = AC1cbm6tb7f2516591713 AbstractID = AA1cbm6tb7f2516591713
 ConcreteID CUSTOM = ConcreteID CUSTOM not available AbstractID CUSTOM = AA5erl5j7f2056404737
 @State ConcreteID = SC1nw8ov2677658974555 AbstractID = SR16d6oid6291658365938
 ConcreteID CUSTOM = SC1aq4d036863612737099 AbstractID CUSTOM = SA50burn6702198454742

	ROLE = LeftClickAt
	TARGET =
		WIDGET = WCrqzs262a1317543532, WR52qhb2b3065858412, WT1q0i0o6171629499410, WP1uf54ws26661193554
		ROLE = UIAListItem
		TITLE = Myanmar Text
		SHAPE = Rect [x:412.0 y:543.0 w:151.0 h:19.0]
		CHILDREN = 0
		PATH = [0, 0, 1, 0, 5]
	DESCRIPTION = Left Click at 'Myanmar Text'
	TEXT = Compound Action =
		Move mouse to (487.5, 552.5).
		Press Mouse Button BUTTON1
		Release Mouse Button BUTTON1

ExecutedAction [80]: 
 @Action ConcreteID = AC1yuu62c7f1370712796 AbstractID = AA1yuu62c7f1370712796
 ConcreteID CUSTOM = ConcreteID CUSTOM not available AbstractID CUSTOM = AA1n4c7q17f3105040615
 @State ConcreteID = SC1hhfhp1677776680958 AbstractID = SR16d6oid6291658365938
 ConcreteID CUSTOM = SC10o2j18687183431709 AbstractID CUSTOM = SA50burn6702198454742

	ROLE = LeftClickAt
	TARGET =
		WIDGET = WC1usc0yg1f2589430640, WR52qhb2b3065858412, WTfaksm3c3384145855, WPqw99ra1b110192557
		ROLE = UIAListItem
		TITLE = 9
		SHAPE = Rect [x:747.0 y:482.0 w:42.0 h:15.0]
		CHILDREN = 0
		PATH = [0, 0, 5, 0, 2]
	DESCRIPTION = Left Click at '9'
	TEXT = Compound Action =
		Move mouse to (768.0, 489.5).
		Press Mouse Button BUTTON1
		Release Mouse Button BUTTON1

ExecutedAction [81]: 
 @Action ConcreteID = ACc1ixvc7f4222597412 AbstractID = AAc1ixvc7f4222597412
 ConcreteID CUSTOM = ConcreteID CUSTOM not available AbstractID CUSTOM = AAb0zj17f319814431
 @State ConcreteID = SC1hhfhp1677776680958 AbstractID = SR16d6oid6291658365938
 ConcreteID CUSTOM = SC10o2j18687183431709 AbstractID CUSTOM = SA50burn6702198454742

	ROLE = LeftClickAt
	TARGET =
		WIDGET = WC3h57lc2a648059983, WR52qhb2b3065858412, WT1w0jn46172981823629, WP14cbw1q26842844816
		ROLE = UIAListItem
		TITLE = MS UI Gothic
		SHAPE = Rect [x:412.0 y:505.0 w:151.0 h:19.0]
		CHILDREN = 0
		PATH = [0, 0, 1, 0, 3]
	DESCRIPTION = Left Click at 'MS UI Gothic'
	TEXT = Compound Action =
		Move mouse to (487.5, 514.5).
		Press Mouse Button BUTTON1
		Release Mouse Button BUTTON1

ExecutedAction [82]: 
 @Action ConcreteID = AC14mu7es7e553759351 AbstractID = AA14mu7es7e553759351
 ConcreteID CUSTOM = ConcreteID CUSTOM not available AbstractID CUSTOM = AA4f0r0980397184134
 @State ConcreteID = SC1sp8fm968835867808 AbstractID = SRdwtcoc63d2608603672
 ConcreteID CUSTOM = SCm1e58x6972054909609 AbstractID CUSTOM = SA13h9d2q6864147623809

	ROLE = LeftClickAt
	TARGET =
		WIDGET = WCei68ht282934570864, WR52qhb2b3065858412, WT13acclu153437296396, WP16j72rz243541693727
		ROLE = UIAListItem
		TITLE = Nirmala UI
		SHAPE = Rect [x:412.0 y:562.0 w:151.0 h:19.0]
		CHILDREN = 0
		PATH = [0, 0, 1, 0, 6]
	DESCRIPTION = Left Click at 'Nirmala UI'
	TEXT = Compound Action =
		Move mouse to (487.5, 571.5).
		Press Mouse Button BUTTON1
		Release Mouse Button BUTTON1

ExecutedAction [83]: 
 @Action ConcreteID = AC158xgbv7f1691408642 AbstractID = AA158xgbv7f1691408642
 ConcreteID CUSTOM = ConcreteID CUSTOM not available AbstractID CUSTOM = AAe05v6v801050606416
 @State ConcreteID = SC1u5u4la6b0596482401 AbstractID = SRtbhggc6631209130451
 ConcreteID CUSTOM = SC1l1fb0k6c41095692051 AbstractID CUSTOM = SA1ggbtbf6ad1950033234

	ROLE = LeftClickAt
	TARGET =
		WIDGET = WCd3vdts302480752520, WR52qhb2b3065858412, WT11abalv1d1047954820, WPhgs2oe2c533620354
		ROLE = UIAListItem
		TITLE = Semi Light Oblique
		SHAPE = Rect [x:600.0 y:524.0 w:109.0 h:19.0]
		CHILDREN = 0
		PATH = [0, 0, 3, 0, 4]
	DESCRIPTION = Left Click at 'Semi Light Oblique'
	TEXT = Compound Action =
		Move mouse to (654.5, 533.5).
		Press Mouse Button BUTTON1
		Release Mouse Button BUTTON1

ExecutedAction [84]: 
 @Action ConcreteID = AC7isq3t7f2087907486 AbstractID = AA7isq3t7f2087907486
 ConcreteID CUSTOM = ConcreteID CUSTOM not available AbstractID CUSTOM = AA1fb56xx80641520332
 @State ConcreteID = SC1u5u4la6b0596482401 AbstractID = SRtbhggc6631209130451
 ConcreteID CUSTOM = SC1l1fb0k6c41095692051 AbstractID CUSTOM = SA1ggbtbf6ad1950033234

	ROLE = LeftClickAt
	TARGET =
		WIDGET = WC1h3yk5o27726812011, WR52qhb2b3065858412, WTe9h9m2141556835041, WPxt3f16231852630851
		ROLE = UIAListItem
		TITLE = Semilight
		SHAPE = Rect [x:600.0 y:467.0 w:109.0 h:19.0]
		CHILDREN = 0
		PATH = [0, 0, 3, 0, 1]
	DESCRIPTION = Left Click at 'Semilight'
	TEXT = Compound Action =
		Move mouse to (654.5, 476.5).
		Press Mouse Button BUTTON1
		Release Mouse Button BUTTON1

ExecutedAction [85]: 
 @Action ConcreteID = AC1yqrvke7f1944326058 AbstractID = AA1yqrvke7f1944326058
 ConcreteID CUSTOM = ConcreteID CUSTOM not available AbstractID CUSTOM = AA17i0afe80699018744
 @State ConcreteID = SC1u5u4la6b0596482401 AbstractID = SRtbhggc6631209130451
 ConcreteID CUSTOM = SC1l1fb0k6c41095692051 AbstractID CUSTOM = SA1ggbtbf6ad1950033234

	ROLE = LeftClickAt
	TARGET =
		WIDGET = WC11hoya227860655646, WR16s6p21c140494670, WTdtcs8f142835715827, WP6m4wns232708476707
		ROLE = UIAScrollBar
		TITLE = Vertical
		SHAPE = Rect [x:563.0 y:467.0 w:17.0 h:114.0]
		CHILDREN = 5
		PATH = [0, 0, 1, 0, 0]
	DESCRIPTION = Left Click at 'Vertical'
	TEXT = Compound Action =
		Move mouse to (571.5, 524.0).
		Press Mouse Button BUTTON1
		Release Mouse Button BUTTON1

ExecutedAction [86]: 
 @Action ConcreteID = ACazna5x7f56664830 AbstractID = AAazna5x7f56664830
 ConcreteID CUSTOM = ConcreteID CUSTOM not available AbstractID CUSTOM = AA1irzr01801496219820
 @State ConcreteID = SC1u5u4la6b0596482401 AbstractID = SRtbhggc6631209130451
 ConcreteID CUSTOM = SC1l1fb0k6c41095692051 AbstractID CUSTOM = SA1ggbtbf6ad1950033234

	ROLE = LeftClickAt
	TARGET =
		WIDGET = WC19n8emf232093553704, WR17qbaneb3904637586, WT1p15swg161714730526, WP117kc0l1f4166075386
		ROLE = UIAComboBox
		TITLE = Font style:
		SHAPE = Rect [x:598.0 y:443.0 w:130.0 h:143.0]
		CHILDREN = 2
		PATH = [0, 0, 3]
	DESCRIPTION = Left Click at 'Font style:'
	TEXT = Compound Action =
		Move mouse to (663.0, 514.5).
		Press Mouse Button BUTTON1
		Release Mouse Button BUTTON1

ExecutedAction [87]: 
 @Action ConcreteID = AC1pt8tnqe7925776826 AbstractID = AAopy4hyd41483073545
 ConcreteID CUSTOM = ConcreteID CUSTOM not available AbstractID CUSTOM = AAoqlf2id5592503117
 @State ConcreteID = SC1u5u4la6b0596482401 AbstractID = SRtbhggc6631209130451
 ConcreteID CUSTOM = SC1l1fb0k6c41095692051 AbstractID CUSTOM = SA1ggbtbf6ad1950033234

	ROLE = ClickTypeInto
	TARGET =
		WIDGET = WCdxf2q1221365710834, WR4n0dlj72701565195, WT8pazwj12209811866, WP1t7r4aj1e1214332612
		ROLE = UIAEdit
		TITLE = Font style:
		SHAPE = Rect [x:601.0 y:446.0 w:124.0 h:16.0]
		CHILDREN = 0
		PATH = [0, 0, 3, 1]
	DESCRIPTION = Type '? ? ? ?' into 'Font style:
	TEXT = Compound Action =
		Compound Action =
		Move mouse to (663.0, 454.0).
		Press Mouse Button BUTTON1
		Release Mouse Button BUTTON1
		Press Key 17
		Press Key 65
		Release Key 65
		Release Key 17
		Type text '? ? ? ?'

ExecutedAction [88]: 
 @Action ConcreteID = AC1yqrvke7f1944326058 AbstractID = AA1yqrvke7f1944326058
 ConcreteID CUSTOM = ConcreteID CUSTOM not available AbstractID CUSTOM = AA17i0afe80699018744
 @State ConcreteID = SC1u5u4la6b0596482401 AbstractID = SRtbhggc6631209130451
 ConcreteID CUSTOM = SC1l1fb0k6c41095692051 AbstractID CUSTOM = SA1ggbtbf6ad1950033234

	ROLE = LeftClickAt
	TARGET =
		WIDGET = WC11hoya227860655646, WR16s6p21c140494670, WTdtcs8f142835715827, WP6m4wns232708476707
		ROLE = UIAScrollBar
		TITLE = Vertical
		SHAPE = Rect [x:563.0 y:467.0 w:17.0 h:114.0]
		CHILDREN = 5
		PATH = [0, 0, 1, 0, 0]
	DESCRIPTION = Left Click at 'Vertical'
	TEXT = Compound Action =
		Move mouse to (571.5, 524.0).
		Press Mouse Button BUTTON1
		Release Mouse Button BUTTON1

ExecutedAction [89]: 
 @Action ConcreteID = AC1a7605x7f3883281731 AbstractID = AA1a7605x7f3883281731
 ConcreteID CUSTOM = ConcreteID CUSTOM not available AbstractID CUSTOM = AAiyef0x803174567697
 @State ConcreteID = SC1u5u4la6b0596482401 AbstractID = SRtbhggc6631209130451
 ConcreteID CUSTOM = SC1l1fb0k6c41095692051 AbstractID CUSTOM = SA1ggbtbf6ad1950033234

	ROLE = LeftClickAt
	TARGET =
		WIDGET = WC1in6gpd263040361230, WR1h6ibpb92248851252, WTbcxonh101439247762, WPe8i4xv22705428407
		ROLE = UIAButton
		TITLE = Page up
		SHAPE = Rect [x:563.0 y:484.0 w:17.0 h:41.0]
		CHILDREN = 0
		PATH = [0, 0, 1, 0, 0, 1]
	DESCRIPTION = Left Click at 'Page up'
	TEXT = Compound Action =
		Move mouse to (571.5, 504.5).
		Press Mouse Button BUTTON1
		Release Mouse Button BUTTON1

ExecutedAction [90]: 
 @Action ConcreteID = AC1f4gxqg9f3865129860 AbstractID = AA1f4gxqg9f3865129860
 ConcreteID CUSTOM = ConcreteID CUSTOM not available AbstractID CUSTOM = AA6eqekc9f2617406867
 @State ConcreteID = SC180p4v46b02090653770 AbstractID = SRtbhggc6631209130451
 ConcreteID CUSTOM = SC4cmftv6c43156125776 AbstractID CUSTOM = SA1ggbtbf6ad1950033234

	ROLE = LeftDrag
	DESCRIPTION = Drag (574.0, 500.0) To (574.0, 542.0)
	TEXT = Compound Action =
		Move mouse to (574.0, 500.0).
		Press Mouse Button BUTTON1
		Move mouse to (574.0, 542.0).
		Release Mouse Button BUTTON1

ExecutedAction [91]: 
 @Action ConcreteID = ACvvxty5b72562624646 AbstractID = AAvvxty5b72562624646
 ConcreteID CUSTOM = ConcreteID CUSTOM not available AbstractID CUSTOM = AA4iqx21b72271491453
 @State ConcreteID = SC165gddx6b03419140795 AbstractID = SRtbhggc6631209130451
 ConcreteID CUSTOM = SCjqwmv16c12130871405 AbstractID CUSTOM = SA1ggbtbf6ad1950033234

	ROLE = LeftDrag
	DESCRIPTION = Drag (574.0, 528.9736842105264) To (574.0, 525.7692307692307)
	TEXT = Compound Action =
		Move mouse to (574.0, 528.9736842105264).
		Press Mouse Button BUTTON1
		Move mouse to (574.0, 525.7692307692307).
		Release Mouse Button BUTTON1

ExecutedAction [92]: 
 @Action ConcreteID = ACpflmp801277685334 AbstractID = AApflmp801277685334
 ConcreteID CUSTOM = ConcreteID CUSTOM not available AbstractID CUSTOM = AA18ojm8d801163417810
 @State ConcreteID = SC180p4v46b02090653770 AbstractID = SRtbhggc6631209130451
 ConcreteID CUSTOM = SC4cmftv6c43156125776 AbstractID CUSTOM = SA1ggbtbf6ad1950033234

	ROLE = LeftClickAt
	TARGET =
		WIDGET = WC1izyu7g20956168580, WR52qhb2b3065858412, WT1bx8b0jd2390158326, WP152dhyy1c1994778103
		ROLE = UIAListItem
		TITLE = 16
		SHAPE = Rect [x:747.0 y:542.0 w:42.0 h:15.0]
		CHILDREN = 0
		PATH = [0, 0, 5, 0, 6]
	DESCRIPTION = Left Click at '16'
	TEXT = Compound Action =
		Move mouse to (768.0, 549.5).
		Press Mouse Button BUTTON1
		Release Mouse Button BUTTON1

ExecutedAction [93]: 
 @Action ConcreteID = AC11kkdd0802455076692 AbstractID = AA11kkdd0802455076692
 ConcreteID CUSTOM = ConcreteID CUSTOM not available AbstractID CUSTOM = AAaikbzk802603272656
 @State ConcreteID = SC180p4v46b02090653770 AbstractID = SRtbhggc6631209130451
 ConcreteID CUSTOM = SC4cmftv6c43156125776 AbstractID CUSTOM = SA1ggbtbf6ad1950033234

	ROLE = LeftClickAt
	TARGET =
		WIDGET = WCb0gvci201143369823, WR52qhb2b3065858412, WT1bx8b0fd2300260335, WP3t3ips1c2430782450
		ROLE = UIAListItem
		TITLE = 12
		SHAPE = Rect [x:747.0 y:512.0 w:42.0 h:15.0]
		CHILDREN = 0
		PATH = [0, 0, 5, 0, 4]
	DESCRIPTION = Left Click at '12'
	TEXT = Compound Action =
		Move mouse to (768.0, 519.5).
		Press Mouse Button BUTTON1
		Release Mouse Button BUTTON1

ExecutedAction [94]: 
 @Action ConcreteID = ACejiciiac1255222820 AbstractID = AAejiciiac1255222820
 ConcreteID CUSTOM = ConcreteID CUSTOM not available AbstractID CUSTOM = AAgpmj8mac1957067230
 @State ConcreteID = SC180p4v46b02090653770 AbstractID = SRtbhggc6631209130451
 ConcreteID CUSTOM = SC4cmftv6c43156125776 AbstractID CUSTOM = SA1ggbtbf6ad1950033234

	ROLE = LeftDrag
	DESCRIPTION = Drag (574.0, 500.0) To (574.0, 504.53846153846155)
	TEXT = Compound Action =
		Move mouse to (574.0, 500.0).
		Press Mouse Button BUTTON1
		Move mouse to (574.0, 504.53846153846155).
		Release Mouse Button BUTTON1

ExecutedAction [95]: 
 @Action ConcreteID = ACsp33i7804014772423 AbstractID = AAsp33i7804014772423
 ConcreteID CUSTOM = ConcreteID CUSTOM not available AbstractID CUSTOM = AA156l05f803241491044
 @State ConcreteID = SC165gddx6b03419140795 AbstractID = SRtbhggc6631209130451
 ConcreteID CUSTOM = SCjqwmv16c12130871405 AbstractID CUSTOM = SA1ggbtbf6ad1950033234

	ROLE = LeftClickAt
	TARGET =
		WIDGET = WC139poru2a249241997, WR52qhb2b3065858412, WT1ybiyq1173911196371, WP1njgmm0261375155449
		ROLE = UIAListItem
		TITLE = MingLiU-ExtB
		SHAPE = Rect [x:412.0 y:562.0 w:151.0 h:19.0]
		CHILDREN = 0
		PATH = [0, 0, 1, 0, 6]
	DESCRIPTION = Left Click at 'MingLiU-ExtB'
	TEXT = Compound Action =
		Move mouse to (487.5, 571.5).
		Press Mouse Button BUTTON1
		Release Mouse Button BUTTON1

ExecutedAction [96]: 
 @Action ConcreteID = AC1dvv7to7f2017676618 AbstractID = AA1dvv7to7f2017676618
 ConcreteID CUSTOM = ConcreteID CUSTOM not available AbstractID CUSTOM = AAh3g8m080933446552
 @State ConcreteID = SCqueze26852639116362 AbstractID = SRdwtcoc63d2608603672
 ConcreteID CUSTOM = SCinbbo16943185923884 AbstractID CUSTOM = SA13h9d2q6864147623809

	ROLE = LeftClickAt
	TARGET =
		WIDGET = WCi27agy254273084659, WR52qhb2b3065858412, WTq4iqsz124266912943, WPs54s5s213285912059
		ROLE = UIAListItem
		TITLE = Oblique
		SHAPE = Rect [x:600.0 y:486.0 w:109.0 h:19.0]
		CHILDREN = 0
		PATH = [0, 0, 3, 0, 2]
	DESCRIPTION = Left Click at 'Oblique'
	TEXT = Compound Action =
		Move mouse to (654.5, 495.5).
		Press Mouse Button BUTTON1
		Release Mouse Button BUTTON1

ExecutedAction [97]: 
 @Action ConcreteID = ACbs45xye3622167966 AbstractID = AA19yvgkyd41498285147
 ConcreteID CUSTOM = ConcreteID CUSTOM not available AbstractID CUSTOM = AAzoowl2d51838488143
 @State ConcreteID = SCqueze26852639116362 AbstractID = SRdwtcoc63d2608603672
 ConcreteID CUSTOM = SCinbbo16943185923884 AbstractID CUSTOM = SA13h9d2q6864147623809

	ROLE = ClickTypeInto
	TARGET =
		WIDGET = WCoi1ugo1c3105370085, WR4n0dlj72701565195, WT4mnepgc917096377, WP7xivai183076929601
		ROLE = UIAEdit
		TITLE = Font:
		SHAPE = Rect [x:413.0 y:446.0 w:166.0 h:16.0]
		CHILDREN = 0
		PATH = [0, 0, 1, 1]
	DESCRIPTION = Type '??test?' into 'Font:
	TEXT = Compound Action =
		Compound Action =
		Move mouse to (496.0, 454.0).
		Press Mouse Button BUTTON1
		Release Mouse Button BUTTON1
		Press Key 17
		Press Key 65
		Release Key 65
		Release Key 17
		Type text '??test?'

ExecutedAction [98]: 
 @Action ConcreteID = ACh0lkre7e3616546041 AbstractID = AAh0lkre7e3616546041
 ConcreteID CUSTOM = ConcreteID CUSTOM not available AbstractID CUSTOM = AAzpe7y6803056347009
 @State ConcreteID = SCndu9w066d225440515 AbstractID = SR17kj12b6292211876838
 ConcreteID CUSTOM = SCmd7ek767f3055446333 AbstractID CUSTOM = SA15e5y2a6743083329886

	ROLE = LeftClickAt
	TARGET =
		WIDGET = WCd4p191251593521301, WR52qhb2b3065858412, WT1qn1xz2121674022502, WPiyqswz211552643590
		ROLE = UIAListItem
		TITLE = Candara
		SHAPE = Rect [x:412.0 y:562.0 w:151.0 h:19.0]
		CHILDREN = 0
		PATH = [0, 0, 1, 0, 6]
	DESCRIPTION = Left Click at 'Candara'
	TEXT = Compound Action =
		Move mouse to (487.5, 571.5).
		Press Mouse Button BUTTON1
		Release Mouse Button BUTTON1

ExecutedAction [99]: 
 @Action ConcreteID = AClcvghx801926876278 AbstractID = AAlcvghx801926876278
 ConcreteID CUSTOM = ConcreteID CUSTOM not available AbstractID CUSTOM = AAwi02od80915456201
 @State ConcreteID = SC1qbqhsv6984077368241 AbstractID = SR11bhgzn64f1906138360
 ConcreteID CUSTOM = SC6m78wn6a62605382332 AbstractID CUSTOM = SA1e5oxbf69b1486292046

	ROLE = LeftClickAt
	TARGET =
		WIDGET = WCuhcq52253313663820, WR52qhb2b3065858412, WT1qm1kgw123891278768, WPkol9k4211166812893
		ROLE = UIAListItem
		TITLE = Calibri
		SHAPE = Rect [x:412.0 y:505.0 w:151.0 h:19.0]
		CHILDREN = 0
		PATH = [0, 0, 1, 0, 3]
	DESCRIPTION = Left Click at 'Calibri'
	TEXT = Compound Action =
		Move mouse to (487.5, 514.5).
		Press Mouse Button BUTTON1
		Release Mouse Button BUTTON1

ExecutedAction [100]: 
 @Action ConcreteID = AC1g4qiy37f2862685577 AbstractID = AA1g4qiy37f2862685577
 ConcreteID CUSTOM = ConcreteID CUSTOM not available AbstractID CUSTOM = AA1bqn9k802202052203
 @State ConcreteID = SChwzwe06974247618537 AbstractID = SR11bhgzn64f1906138360
 ConcreteID CUSTOM = SC1aygx3h6a63956898113 AbstractID CUSTOM = SA1e5oxbf69b1486292046

	ROLE = LeftClickAt
	TARGET =
		WIDGET = WCqzv36b23655479858, WR52qhb2b3065858412, WTqfhczp103634659407, WP1s8enc11f2426656714
		ROLE = UIAListItem
		TITLE = Arial
		SHAPE = Rect [x:412.0 y:467.0 w:151.0 h:19.0]
		CHILDREN = 0
		PATH = [0, 0, 1, 0, 1]
	DESCRIPTION = Left Click at 'Arial'
	TEXT = Compound Action =
		Move mouse to (487.5, 476.5).
		Press Mouse Button BUTTON1
		Release Mouse Button BUTTON1

Sequence 1 finished.
Copying generated sequence ("sequence2928") to output directory...
Copying classified sequence ("sequence2928") to sequences_ok folder...
