Starting sequence 1 (output as: sequence1715)

ExecutedAction [1]: 
 @Action ConcreteID = AC1c5d1eb7e3638402372 AbstractID = AA1c5d1eb7e3638402372
 ConcreteID CUSTOM = ConcreteID CUSTOM not available AbstractID CUSTOM = AA1qw7bqc7f1993648784
 @State ConcreteID = SCgzc7da156971168975 AbstractID = SR1nd9x6414e2307877123
 ConcreteID CUSTOM = SC7wbama1574139556117 AbstractID CUSTOM = SAy1qna91502839197419

	ROLE = LeftClickAt
	TARGET =
		WIDGET = WCdewx6a1c3359014503, WR17v7k2nb1067391859, WT1qe6brdf138512687, WP1hw5kjk181504605950
		ROLE = UIAMenuItem
		TITLE = Edit
		SHAPE = Rect [x:700.0 y:641.0 w:34.0 h:19.0]
		CHILDREN = 0
		PATH = [0, 2, 1]
	DESCRIPTION = Left Click at 'Edit'
	TEXT = Compound Action =
		Move mouse to (717.0, 650.5).
		Press Mouse Button BUTTON1
		Release Mouse Button BUTTON1

ExecutedAction [2]: 
 @Action ConcreteID = AC1vtf7ur7f1400765896 AbstractID = AA1vtf7ur7f1400765896
 ConcreteID CUSTOM = ConcreteID CUSTOM not available AbstractID CUSTOM = AA1wfprq7f3925019303
 @State ConcreteID = SC4i1pb72714222510232 AbstractID = SR1o5svt92653049954947
 ConcreteID CUSTOM = SCjpw4dz2791413343748 AbstractID CUSTOM = SAawq15c2754074138907

	ROLE = LeftClickAt
	TARGET =
		WIDGET = WCdsg5py1c3010804170, WR17v7k2nb1067391859, WT1qeha5gf2005531835, WPk6niro18548921330
		ROLE = UIAMenuItem
		TITLE = View
		SHAPE = Rect [x:786.0 y:641.0 w:39.0 h:19.0]
		CHILDREN = 0
		PATH = [0, 3, 3]
	DESCRIPTION = Left Click at 'View'
	TEXT = Compound Action =
		Move mouse to (805.5, 650.5).
		Press Mouse Button BUTTON1
		Release Mouse Button BUTTON1

ExecutedAction [3]: 
 @Action ConcreteID = ACgvuy9f7e2435759057 AbstractID = AAgvuy9f7e2435759057
 ConcreteID CUSTOM = ConcreteID CUSTOM not available AbstractID CUSTOM = AAvmp8lg7f1059556357
 @State ConcreteID = SCgzc7da156971168975 AbstractID = SR1nd9x6414e2307877123
 ConcreteID CUSTOM = SC7wbama1574139556117 AbstractID CUSTOM = SAy1qna91502839197419

	ROLE = LeftClickAt
	TARGET =
		WIDGET = WC12akdbs1c599558449, WR17v7k2nb1067391859, WT1qe89j4f2180189081, WP10chjd2182162991762
		ROLE = UIAMenuItem
		TITLE = Help
		SHAPE = Rect [x:825.0 y:641.0 w:39.0 h:19.0]
		CHILDREN = 0
		PATH = [0, 2, 4]
	DESCRIPTION = Left Click at 'Help'
	TEXT = Compound Action =
		Move mouse to (844.5, 650.5).
		Press Mouse Button BUTTON1
		Release Mouse Button BUTTON1

ExecutedAction [4]: 
 @Action ConcreteID = ACae6ew67e2544042546 AbstractID = AAae6ew67e2544042546
 ConcreteID CUSTOM = ConcreteID CUSTOM not available AbstractID CUSTOM = AAgl28qs801660487493
 @State ConcreteID = SCnhopcl1a8552454214 AbstractID = SR19sf9hd19d1321143228
 ConcreteID CUSTOM = SCjhxk631ae1071850087 AbstractID CUSTOM = SA1xerpts1a91321340121

	ROLE = LeftClickAt
	TARGET =
		WIDGET = WC3rq8hx1e869414367, WR17v7k2nb1067391859, WTaz2n92112307194186, WPablb9v1a985931869
		ROLE = UIAMenuItem
		TITLE = Format
		SHAPE = Rect [x:734.0 y:641.0 w:52.0 h:19.0]
		CHILDREN = 0
		PATH = [0, 3, 2]
	DESCRIPTION = Left Click at 'Format'
	TEXT = Compound Action =
		Move mouse to (760.0, 650.5).
		Press Mouse Button BUTTON1
		Release Mouse Button BUTTON1

ExecutedAction [5]: 
 @Action ConcreteID = AC1epzsri7e540979328 AbstractID = AA1epzsri7e540979328
 ConcreteID CUSTOM = ConcreteID CUSTOM not available AbstractID CUSTOM = AA1tgu33j7f2386003796
 @State ConcreteID = SCgzc7da156971168975 AbstractID = SR1nd9x6414e2307877123
 ConcreteID CUSTOM = SC7wbama1574139556117 AbstractID CUSTOM = SAy1qna91502839197419

	ROLE = LeftClickAt
	TARGET =
		WIDGET = WC1fq8of51c1137128810, WR17v7k2nb1067391859, WT1qe72ijf99311909, WPjb55v3183672861707
		ROLE = UIAMenuItem
		TITLE = File
		SHAPE = Rect [x:668.0 y:641.0 w:32.0 h:19.0]
		CHILDREN = 0
		PATH = [0, 2, 0]
	DESCRIPTION = Left Click at 'File'
	TEXT = Compound Action =
		Move mouse to (684.0, 650.5).
		Press Mouse Button BUTTON1
		Release Mouse Button BUTTON1

ExecutedAction [6]: 
 @Action ConcreteID = ACsuhhs87f1325267233 AbstractID = AAsuhhs87f1325267233
 ConcreteID CUSTOM = ConcreteID CUSTOM not available AbstractID CUSTOM = AA192tov0802610720337
 @State ConcreteID = SC15gsxny211991281337 AbstractID = SRpxiehz2013271227716
 ConcreteID CUSTOM = SCba6z4n2133382403201 AbstractID CUSTOM = SA1kl1tjl20c2814643530

	ROLE = LeftClickAt
	TARGET =
		WIDGET = WC1oe9p4i252629076214, WR17v7k2nb1067391859, WT1mkt3k3184259406525, WPgehku8212133846225
		ROLE = UIAMenuItem
		TITLE = Page Setup...
		SHAPE = Rect [x:671.0 y:780.0 w:223.0 h:22.0]
		CHILDREN = 0
		PATH = [0, 0, 5]
	DESCRIPTION = Left Click at 'Page Setup...'
	TEXT = Compound Action =
		Move mouse to (782.5, 791.0).
		Press Mouse Button BUTTON1
		Release Mouse Button BUTTON1

ExecutedAction [7]: 
 @Action ConcreteID = AC1kyf9cm813749586531 AbstractID = AA1kyf9cm813749586531
 ConcreteID CUSTOM = ConcreteID CUSTOM not available AbstractID CUSTOM = AAbi48le7f618815985
 @State ConcreteID = SC1hb2am54061419951109 AbstractID = SR8ybrag3d04259956412
 ConcreteID CUSTOM = SC1m055s940b2185467977 AbstractID CUSTOM = SAplk93x40b275325814

	ROLE = LeftClickAt
	TARGET =
		WIDGET = WC1grpgrs1d948270494, WR1h6ibpb92248851252, WT1vjbvvdf3603144044, WP1fkwuxm191194835891
		ROLE = UIAButton
		TITLE = Cancel
		SHAPE = Rect [x:1123.0 y:975.0 w:75.0 h:23.0]
		CHILDREN = 0
		PATH = [0, 0, 23]
	DESCRIPTION = Left Click at 'Cancel'
	TEXT = Compound Action =
		Move mouse to (1160.5, 986.5).
		Press Mouse Button BUTTON1
		Release Mouse Button BUTTON1

ExecutedAction [8]: 
 @Action ConcreteID = ACgvuy9f7e2435759057 AbstractID = AAgvuy9f7e2435759057
 ConcreteID CUSTOM = ConcreteID CUSTOM not available AbstractID CUSTOM = AAvmp8lg7f1059556357
 @State ConcreteID = SCgzc7da156971168975 AbstractID = SR1nd9x6414e2307877123
 ConcreteID CUSTOM = SC7wbama1574139556117 AbstractID CUSTOM = SAy1qna91502839197419

	ROLE = LeftClickAt
	TARGET =
		WIDGET = WC12akdbs1c599558449, WR17v7k2nb1067391859, WT1qe89j4f2180189081, WP10chjd2182162991762
		ROLE = UIAMenuItem
		TITLE = Help
		SHAPE = Rect [x:825.0 y:641.0 w:39.0 h:19.0]
		CHILDREN = 0
		PATH = [0, 2, 4]
	DESCRIPTION = Left Click at 'Help'
	TEXT = Compound Action =
		Move mouse to (844.5, 650.5).
		Press Mouse Button BUTTON1
		Release Mouse Button BUTTON1

ExecutedAction [9]: 
 @Action ConcreteID = AC1r19rfm7e2217370751 AbstractID = AA1r19rfm7e2217370751
 ConcreteID CUSTOM = ConcreteID CUSTOM not available AbstractID CUSTOM = AA1x85la8801903190280
 @State ConcreteID = SCnhopcl1a8552454214 AbstractID = SR19sf9hd19d1321143228
 ConcreteID CUSTOM = SCjhxk631ae1071850087 AbstractID CUSTOM = SA1xerpts1a91321340121

	ROLE = LeftClickAt
	TARGET =
		WIDGET = WC2sd5c9251817436895, WR17v7k2nb1067391859, WT1wv077z18170180715, WP1v116zb21698957785
		ROLE = UIAMenuItem
		TITLE = About Notepad
		SHAPE = Rect [x:828.0 y:714.0 w:166.0 h:22.0]
		CHILDREN = 0
		PATH = [0, 0, 2]
	DESCRIPTION = Left Click at 'About Notepad'
	TEXT = Compound Action =
		Move mouse to (911.0, 725.0).
		Press Mouse Button BUTTON1
		Release Mouse Button BUTTON1

ExecutedAction [10]: 
 @Action ConcreteID = ACy3azw8823329447588 AbstractID = AAy3azw8823329447588
 ConcreteID CUSTOM = ConcreteID CUSTOM not available AbstractID CUSTOM = AAzmg96g823989923801
 @State ConcreteID = SC1kclqoc25f1523138907 AbstractID = SR1oz6mhf2423302866810
 ConcreteID CUSTOM = SCwzx3tt2602063406612 AbstractID CUSTOM = SA1uu2y2g2601124150618

	ROLE = LeftClickAt
	TARGET =
		WIDGET = WC15twxtj183412041097, WR1h6ibpb92248851252, WTzj707vb935461581, WPaxrmo5142767186721
		ROLE = UIAButton
		TITLE = OK
		SHAPE = Rect [x:1081.0 y:1083.0 w:75.0 h:23.0]
		CHILDREN = 0
		PATH = [0, 0, 8]
	DESCRIPTION = Left Click at 'OK'
	TEXT = Compound Action =
		Move mouse to (1118.5, 1094.5).
		Press Mouse Button BUTTON1
		Release Mouse Button BUTTON1

ExecutedAction [11]: 
 @Action ConcreteID = AC1fast28ef2639463062 AbstractID = AA1pyhv5md53952591280
 ConcreteID CUSTOM = ConcreteID CUSTOM not available AbstractID CUSTOM = AA17lie4pd61238428419
 @State ConcreteID = SCgzc7da156971168975 AbstractID = SR1nd9x6414e2307877123
 ConcreteID CUSTOM = SC7wbama1574139556117 AbstractID CUSTOM = SAy1qna91502839197419

	ROLE = ClickTypeInto
	TARGET =
		WIDGET = WCh9rmb11c1827454063, WR4n0dlj72701565195, WTei4yvd121088706799, WP1p79f6n182825509439
		ROLE = UIAEdit
		TITLE = Text Editor
		SHAPE = Rect [x:668.0 y:661.0 w:1881.0 h:901.0]
		CHILDREN = 1
		PATH = [0, 0]
	DESCRIPTION = Type '????????...' into 'Text Editor
	TEXT = Compound Action =
		Compound Action =
		Move mouse to (1608.5, 1111.5).
		Press Mouse Button BUTTON1
		Release Mouse Button BUTTON1
		Press Key 17
		Press Key 65
		Release Key 65
		Release Key 17
		Type text '?????????'

ExecutedAction [12]: 
 @Action ConcreteID = ACcpxztq7f1740995450 AbstractID = AAcpxztq7f1740995450
 ConcreteID CUSTOM = ConcreteID CUSTOM not available AbstractID CUSTOM = AA1tgu33j7f2386003796
 @State ConcreteID = SCr3vbv41563087244712 AbstractID = SR1nd9x6414e2307877123
 ConcreteID CUSTOM = SC1qy9bed1572457431732 AbstractID CUSTOM = SAy1qna91502839197419

	ROLE = LeftClickAt
	TARGET =
		WIDGET = WC1fq8of51c1137128810, WR17v7k2nb1067391859, WT1qe72ijf99311909, WPjb55v3183672861707
		ROLE = UIAMenuItem
		TITLE = File
		SHAPE = Rect [x:668.0 y:641.0 w:32.0 h:19.0]
		CHILDREN = 0
		PATH = [0, 2, 0]
	DESCRIPTION = Left Click at 'File'
	TEXT = Compound Action =
		Move mouse to (684.0, 650.5).
		Press Mouse Button BUTTON1
		Release Mouse Button BUTTON1

ExecutedAction [13]: 
 @Action ConcreteID = AC1xmlgie801046988496 AbstractID = AA1xmlgie801046988496
 ConcreteID CUSTOM = ConcreteID CUSTOM not available AbstractID CUSTOM = AA68yd0g801931423458
 @State ConcreteID = SC16k9dws2114212506609 AbstractID = SRpxiehz2013271227716
 ConcreteID CUSTOM = SC197q2x62133307086938 AbstractID CUSTOM = SA1kl1tjl20c2814643530

	ROLE = LeftClickAt
	TARGET =
		WIDGET = WC14xs6gq2f3779382685, WR17v7k2nb1067391859, WTts8vz223311468155, WPgc50qw2b1861849647
		ROLE = UIAMenuItem
		TITLE = New Window	Ctrl+Shift+N
		SHAPE = Rect [x:671.0 y:685.0 w:223.0 h:22.0]
		CHILDREN = 0
		PATH = [0, 0, 1]
	DESCRIPTION = Left Click at 'New Window	Ctrl+Shift+N'
	TEXT = Compound Action =
		Move mouse to (782.5, 696.0).
		Press Mouse Button BUTTON1
		Release Mouse Button BUTTON1

ExecutedAction [14]: 
 @Action ConcreteID = AC1augufd7e610678194 AbstractID = AA1augufd7e610678194
 ConcreteID CUSTOM = ConcreteID CUSTOM not available AbstractID CUSTOM = AAfb9u5w80801145017
 @State ConcreteID = SC1vxzupg2b192650153 AbstractID = SRet756u29c635606828
 ConcreteID CUSTOM = SC15vcfl82ad4019564428 AbstractID CUSTOM = SA13uthkc2a21470264781

	ROLE = LeftClickAt
	TARGET =
		WIDGET = WC3r6fwk1e246553711, WR17v7k2nb1067391859, WTaz2n92112307194186, WPab1ioi1a128190957
		ROLE = UIAMenuItem
		TITLE = Format
		SHAPE = Rect [x:734.0 y:641.0 w:52.0 h:19.0]
		CHILDREN = 0
		PATH = [0, 2, 2]
	DESCRIPTION = Left Click at 'Format'
	TEXT = Compound Action =
		Move mouse to (760.0, 650.5).
		Press Mouse Button BUTTON1
		Release Mouse Button BUTTON1

ExecutedAction [15]: 
 @Action ConcreteID = AC12tmyl3803047643412 AbstractID = AA12tmyl3803047643412
 ConcreteID CUSTOM = ConcreteID CUSTOM not available AbstractID CUSTOM = AA1djme0a7f3297062780
 @State ConcreteID = SC1xo3wo22ef3407124209 AbstractID = SR1ddcvz2d7120586587
 ConcreteID CUSTOM = SCqmp3dz2f53129380234 AbstractID CUSTOM = SAnfw3nj2e61171924212

	ROLE = LeftClickAt
	TARGET =
		WIDGET = WCnwxspk211003987001, WR17v7k2nb1067391859, WTxuhgyp144189972595, WP7eioyu1d65575959
		ROLE = UIAMenuItem
		TITLE = Word Wrap
		SHAPE = Rect [x:737.0 y:663.0 w:144.0 h:22.0]
		CHILDREN = 0
		PATH = [1, 0, 0]
	DESCRIPTION = Left Click at 'Word Wrap'
	TEXT = Compound Action =
		Move mouse to (809.0, 674.0).
		Press Mouse Button BUTTON1
		Release Mouse Button BUTTON1

ExecutedAction [16]: 
 @Action ConcreteID = ACm7n3sw7f18747263 AbstractID = AAm7n3sw7f18747263
 ConcreteID CUSTOM = ConcreteID CUSTOM not available AbstractID CUSTOM = AA14e115c7f818107226
 @State ConcreteID = SC1is1e7t304375545319 AbstractID = SR1p2fb732ea3889596822
 ConcreteID CUSTOM = SC1050p2l2fe3933966626 AbstractID CUSTOM = SAg85vig2f31746820844

	ROLE = LeftClickAt
	TARGET =
		WIDGET = WC9ir3i81c2406299124, WR17v7k2nb1067391859, WT1qe72ijf99311909, WP1c4rmxa18373386389
		ROLE = UIAMenuItem
		TITLE = File
		SHAPE = Rect [x:668.0 y:641.0 w:32.0 h:19.0]
		CHILDREN = 0
		PATH = [1, 2, 0]
	DESCRIPTION = Left Click at 'File'
	TEXT = Compound Action =
		Move mouse to (684.0, 650.5).
		Press Mouse Button BUTTON1
		Release Mouse Button BUTTON1

ExecutedAction [17]: 
 @Action ConcreteID = AC1hrlon37f93799310 AbstractID = AA1hrlon37f93799310
 ConcreteID CUSTOM = ConcreteID CUSTOM not available AbstractID CUSTOM = AA1hqt05r802751992897
 @State ConcreteID = SCpfsu3q3b71532268990 AbstractID = SR1bahgvw39d412803322
 ConcreteID CUSTOM = SC168u1013bb1523005103 AbstractID CUSTOM = SA1u13y833aa1347704466

	ROLE = LeftClickAt
	TARGET =
		WIDGET = WCbmjtb722459325222, WR17v7k2nb1067391859, WT1otgxiu151058087525, WP7oan751e1894693024
		ROLE = UIAMenuItem
		TITLE = New	Ctrl+N
		SHAPE = Rect [x:671.0 y:663.0 w:223.0 h:22.0]
		CHILDREN = 0
		PATH = [1, 0, 0]
	DESCRIPTION = Left Click at 'New	Ctrl+N'
	TEXT = Compound Action =
		Move mouse to (782.5, 674.0).
		Press Mouse Button BUTTON1
		Release Mouse Button BUTTON1

ExecutedAction [18]: 
 @Action ConcreteID = AC7s8484fd2559327584 AbstractID = AA4oum1kd62539805138
 ConcreteID CUSTOM = ConcreteID CUSTOM not available AbstractID CUSTOM = AAwxsnwod6143153991
 @State ConcreteID = SC1is1e7t304375545319 AbstractID = SR1p2fb732ea3889596822
 ConcreteID CUSTOM = SC1050p2l2fe3933966626 AbstractID CUSTOM = SAg85vig2f31746820844

	ROLE = ClickTypeInto
	TARGET =
		WIDGET = WChabewe1c1368167903, WR4n0dlj72701565195, WTei4yvd121088706799, WP1p7t7s0182500457359
		ROLE = UIAEdit
		TITLE = Text Editor
		SHAPE = Rect [x:668.0 y:661.0 w:1881.0 h:901.0]
		CHILDREN = 3
		PATH = [1, 0]
	DESCRIPTION = Type '><script>alert(1...' into 'Text Editor
	TEXT = Compound Action =
		Compound Action =
		Move mouse to (1608.5, 1111.5).
		Press Mouse Button BUTTON1
		Release Mouse Button BUTTON1
		Press Key 17
		Press Key 65
		Release Key 65
		Release Key 17
		Type text '><script>alert(123);</script x='

ExecutedAction [19]: 
 @Action ConcreteID = AC7nmund803160457994 AbstractID = AA7nmund803160457994
 ConcreteID CUSTOM = ConcreteID CUSTOM not available AbstractID CUSTOM = AA11te9s57f3357572766
 @State ConcreteID = SC1447eqf3032126256492 AbstractID = SR1p2fb732ea3889596822
 ConcreteID CUSTOM = SC5azlfd2ff1409378749 AbstractID CUSTOM = SAg85vig2f31746820844

	ROLE = LeftClickAt
	TARGET =
		WIDGET = WCdewx6a1c3359014503, WR17v7k2nb1067391859, WT1qe6brdf138512687, WP1hw5kjk181504605950
		ROLE = UIAMenuItem
		TITLE = Edit
		SHAPE = Rect [x:700.0 y:641.0 w:34.0 h:19.0]
		CHILDREN = 0
		PATH = [0, 2, 1]
	DESCRIPTION = Left Click at 'Edit'
	TEXT = Compound Action =
		Move mouse to (717.0, 650.5).
		Press Mouse Button BUTTON1
		Release Mouse Button BUTTON1

ExecutedAction [20]: 
 @Action ConcreteID = AC14rbt1k7f3681140767 AbstractID = AA14rbt1k7f3681140767
 ConcreteID CUSTOM = ConcreteID CUSTOM not available AbstractID CUSTOM = AA1mz10iz801069784920
 @State ConcreteID = SCeoz5oz4213581800621 AbstractID = SRohx9b6401375405484
 ConcreteID CUSTOM = SCyimiaq4233084769707 AbstractID CUSTOM = SA1v6h7714101263670899

	ROLE = LeftClickAt
	TARGET =
		WIDGET = WCbymszj2a3483134438, WR17v7k2nb1067391859, WT1uqmzu61c233198249, WP2howtt262173060570
		ROLE = UIAMenuItem
		TITLE = Select All	Ctrl+A
		SHAPE = Rect [x:703.0 y:926.0 w:225.0 h:22.0]
		CHILDREN = 0
		PATH = [1, 0, 11]
	DESCRIPTION = Left Click at 'Select All	Ctrl+A'
	TEXT = Compound Action =
		Move mouse to (815.5, 937.0).
		Press Mouse Button BUTTON1
		Release Mouse Button BUTTON1

ExecutedAction [21]: 
 @Action ConcreteID = AC1fq77euf01613338337 AbstractID = AA1f98rmsd74121668373
 ConcreteID CUSTOM = ConcreteID CUSTOM not available AbstractID CUSTOM = AAwxsnwod6143153991
 @State ConcreteID = SC1447eqf3032126256492 AbstractID = SR1p2fb732ea3889596822
 ConcreteID CUSTOM = SC5azlfd2ff1409378749 AbstractID CUSTOM = SAg85vig2f31746820844

	ROLE = ClickTypeInto
	TARGET =
		WIDGET = WCh9rmb11c1827454063, WR4n0dlj72701565195, WTei4yvd121088706799, WP1p79f6n182825509439
		ROLE = UIAEdit
		TITLE = Text Editor
		SHAPE = Rect [x:668.0 y:661.0 w:1881.0 h:901.0]
		CHILDREN = 1
		PATH = [0, 0]
	DESCRIPTION = Type 'shitake mushroom...' into 'Text Editor
	TEXT = Compound Action =
		Compound Action =
		Move mouse to (1608.5, 1111.5).
		Press Mouse Button BUTTON1
		Release Mouse Button BUTTON1
		Press Key 17
		Press Key 65
		Release Key 65
		Release Key 17
		Type text 'shitake mushrooms'

ExecutedAction [22]: 
 @Action ConcreteID = AC1bf8thl804120110495 AbstractID = AA1bf8thl804120110495
 ConcreteID CUSTOM = ConcreteID CUSTOM not available AbstractID CUSTOM = AA6jw6n97f2178111499
 @State ConcreteID = SC1447eqf3032126256492 AbstractID = SR1p2fb732ea3889596822
 ConcreteID CUSTOM = SC5azlfd2ff1409378749 AbstractID CUSTOM = SAg85vig2f31746820844

	ROLE = LeftClickAt
	TARGET =
		WIDGET = WC1v46udz1c4011231663, WR17v7k2nb1067391859, WT1qe89j4f2180189081, WP1t640f9181279697420
		ROLE = UIAMenuItem
		TITLE = Help
		SHAPE = Rect [x:825.0 y:641.0 w:39.0 h:19.0]
		CHILDREN = 0
		PATH = [1, 2, 4]
	DESCRIPTION = Left Click at 'Help'
	TEXT = Compound Action =
		Move mouse to (844.5, 650.5).
		Press Mouse Button BUTTON1
		Release Mouse Button BUTTON1

ExecutedAction [23]: 
 @Action ConcreteID = ACjvscaa7e1053924203 AbstractID = AAjvscaa7e1053924203
 ConcreteID CUSTOM = ConcreteID CUSTOM not available AbstractID CUSTOM = AA22zuqd7e3368374144
 @State ConcreteID = SCejomv4355637750431 AbstractID = SRlvenme3392664377288
 ConcreteID CUSTOM = SCuh6snd3552014584166 AbstractID CUSTOM = SAyz124z348422099723

	ROLE = LeftClickAt
	TARGET =
		WIDGET = WC1v4qmzc1c3530989599, WR17v7k2nb1067391859, WT1qe89j4f2180189081, WP1t6nt0m181898351548
		ROLE = UIAMenuItem
		TITLE = Help
		SHAPE = Rect [x:825.0 y:641.0 w:39.0 h:19.0]
		CHILDREN = 0
		PATH = [1, 3, 4]
	DESCRIPTION = Left Click at 'Help'
	TEXT = Compound Action =
		Move mouse to (844.5, 650.5).
		Press Mouse Button BUTTON1
		Release Mouse Button BUTTON1

ExecutedAction [24]: 
 @Action ConcreteID = AC1ya9r4l802182970881 AbstractID = AA1ya9r4l802182970881
 ConcreteID CUSTOM = ConcreteID CUSTOM not available AbstractID CUSTOM = AAtex4a97f4133340053
 @State ConcreteID = SC1447eqf3032126256492 AbstractID = SR1p2fb732ea3889596822
 ConcreteID CUSTOM = SC5azlfd2ff1409378749 AbstractID CUSTOM = SAg85vig2f31746820844

	ROLE = LeftClickAt
	TARGET =
		WIDGET = WCwkswyr1e3256360177, WR17v7k2nb1067391859, WTaz2n92112307194186, WP134nzqp1a3406694771
		ROLE = UIAMenuItem
		TITLE = Format
		SHAPE = Rect [x:734.0 y:641.0 w:52.0 h:19.0]
		CHILDREN = 0
		PATH = [1, 2, 2]
	DESCRIPTION = Left Click at 'Format'
	TEXT = Compound Action =
		Move mouse to (760.0, 650.5).
		Press Mouse Button BUTTON1
		Release Mouse Button BUTTON1

ExecutedAction [25]: 
 @Action ConcreteID = ACcaf8g97f3456883993 AbstractID = AAcaf8g97f3456883993
 ConcreteID CUSTOM = ConcreteID CUSTOM not available AbstractID CUSTOM = AAef64z27f1656568713
 @State ConcreteID = SC5rn3aj3402259949826 AbstractID = SRoph0dk3254090515016
 ConcreteID CUSTOM = SC1doo3jg344391748730 AbstractID CUSTOM = SA12rgym3353235139059

	ROLE = LeftClickAt
	TARGET =
		WIDGET = WCttullk1f1743980986, WR17v7k2nb1067391859, WT1k0pzz412734516100, WP16ghlly1b657292911
		ROLE = UIAMenuItem
		TITLE = Font...
		SHAPE = Rect [x:737.0 y:685.0 w:144.0 h:22.0]
		CHILDREN = 0
		PATH = [1, 0, 1]
	DESCRIPTION = Left Click at 'Font...'
	TEXT = Compound Action =
		Move mouse to (809.0, 696.0).
		Press Mouse Button BUTTON1
		Release Mouse Button BUTTON1

ExecutedAction [26]: 
 @Action ConcreteID = AC11i0x70801022203310 AbstractID = AA11i0x70801022203310
 ConcreteID CUSTOM = ConcreteID CUSTOM not available AbstractID CUSTOM = AA1er8aty803442185576
 @State ConcreteID = SC7vwv727751365337492 AbstractID = SRo6rhed71f1512117787
 ConcreteID CUSTOM = SC1b6a5am76e1316380384 AbstractID CUSTOM = SAukqkbg7702651176507

	ROLE = LeftClickAt
	TARGET =
		WIDGET = WCnrw6k5281927233404, WR1h6ibpb92248851252, WT493d5b122119396097, WPrjyv8n243899126546
		ROLE = UIAButton
		TITLE = Line down
		SHAPE = Rect [x:1090.0 y:851.0 w:17.0 h:17.0]
		CHILDREN = 0
		PATH = [1, 0, 5, 0, 0, 4]
	DESCRIPTION = Left Click at 'Line down'
	TEXT = Compound Action =
		Move mouse to (1098.5, 859.5).
		Press Mouse Button BUTTON1
		Release Mouse Button BUTTON1

ExecutedAction [27]: 
 @Action ConcreteID = ACm3nwdl803561723124 AbstractID = AAm3nwdl803561723124
 ConcreteID CUSTOM = ConcreteID CUSTOM not available AbstractID CUSTOM = AAyypqfp80398712281
 @State ConcreteID = SCv9ao8b7751121730099 AbstractID = SRo6rhed71f1512117787
 ConcreteID CUSTOM = SC9f4fes76d2401459906 AbstractID CUSTOM = SAukqkbg7702651176507

	ROLE = LeftClickAt
	TARGET =
		WIDGET = WC18qmog51d782200512, WR17qbaneb3904637586, WTpv0tsf103871849437, WPkax5sj19868809250
		ROLE = UIAComboBox
		TITLE = Size:
		SHAPE = Rect [x:1046.0 y:739.0 w:63.0 h:131.0]
		CHILDREN = 2
		PATH = [1, 0, 5]
	DESCRIPTION = Left Click at 'Size:'
	TEXT = Compound Action =
		Move mouse to (1077.5, 804.5).
		Press Mouse Button BUTTON1
		Release Mouse Button BUTTON1

ExecutedAction [28]: 
 @Action ConcreteID = AC1sbllj27f2001365712 AbstractID = AA1sbllj27f2001365712
 ConcreteID CUSTOM = ConcreteID CUSTOM not available AbstractID CUSTOM = AA55v13m7f4086162989
 @State ConcreteID = SCv9ao8b7751121730099 AbstractID = SRo6rhed71f1512117787
 ConcreteID CUSTOM = SC9f4fes76d2401459906 AbstractID CUSTOM = SAukqkbg7702651176507

	ROLE = LeftClickAt
	TARGET =
		WIDGET = WC1j4dtci2b820695195, WR52qhb2b3065858412, WTf8syg4183484948735, WP1modqg027604300031
		ROLE = UIAListItem
		TITLE = Javanese Text
		SHAPE = Rect [x:713.0 y:782.0 w:151.0 h:19.0]
		CHILDREN = 0
		PATH = [1, 0, 1, 0, 2]
	DESCRIPTION = Left Click at 'Javanese Text'
	TEXT = Compound Action =
		Move mouse to (788.5, 791.5).
		Press Mouse Button BUTTON1
		Release Mouse Button BUTTON1

ExecutedAction [29]: 
 @Action ConcreteID = AC1jl1rfw803316164734 AbstractID = AA1jl1rfw803316164734
 ConcreteID CUSTOM = ConcreteID CUSTOM not available AbstractID CUSTOM = AA2o4u6p802134440275
 @State ConcreteID = SC1rg9t4s75f356031585 AbstractID = SR1ljswng70b3628605126
 ConcreteID CUSTOM = SC58v0ks75b2517606866 AbstractID CUSTOM = SA15utxhy75c662811097

	ROLE = LeftClickAt
	TARGET =
		WIDGET = WC1e4sy0f202744872532, WR52qhb2b3065858412, WT1bx8b1ed2774251573, WP1j33qt91c3305614144
		ROLE = UIAListItem
		TITLE = 26
		SHAPE = Rect [x:1048.0 y:793.0 w:42.0 h:15.0]
		CHILDREN = 0
		PATH = [1, 0, 5, 0, 3]
	DESCRIPTION = Left Click at '26'
	TEXT = Compound Action =
		Move mouse to (1069.0, 800.5).
		Press Mouse Button BUTTON1
		Release Mouse Button BUTTON1

ExecutedAction [30]: 
 @Action ConcreteID = AC1alpjb57f991800962 AbstractID = AA1alpjb57f991800962
 ConcreteID CUSTOM = ConcreteID CUSTOM not available AbstractID CUSTOM = AA1y3mfgc7f2071627382
 @State ConcreteID = SC1rg9t4s75f356031585 AbstractID = SR1ljswng70b3628605126
 ConcreteID CUSTOM = SC58v0ks75b2517606866 AbstractID CUSTOM = SA15utxhy75c662811097

	ROLE = LeftClickAt
	TARGET =
		WIDGET = WC12a4hk2b3241072475, WR52qhb2b3065858412, WT1pvgn0d182719769546, WPioeyva2737236190
		ROLE = UIAListItem
		TITLE = Leelawadee UI
		SHAPE = Rect [x:713.0 y:801.0 w:151.0 h:19.0]
		CHILDREN = 0
		PATH = [1, 0, 1, 0, 3]
	DESCRIPTION = Left Click at 'Leelawadee UI'
	TEXT = Compound Action =
		Move mouse to (788.5, 810.5).
		Press Mouse Button BUTTON1
		Release Mouse Button BUTTON1

ExecutedAction [31]: 
 @Action ConcreteID = AC1ici60c812572982586 AbstractID = AA1ici60c812572982586
 ConcreteID CUSTOM = ConcreteID CUSTOM not available AbstractID CUSTOM = AAc72mju811732033716
 @State ConcreteID = SC1d0j4l87853436140517 AbstractID = SR191qcoc7312514709614
 ConcreteID CUSTOM = SC10xx9eh7872092477571 AbstractID CUSTOM = SA1x49l6z7842649560383

	ROLE = LeftClickAt
	TARGET =
		WIDGET = WC2cyv1h27705265554, WR16s6p21c140494670, WTdtcs8f142835715827, WP16iiveb233090545839
		ROLE = UIAScrollBar
		TITLE = Vertical
		SHAPE = Rect [x:1090.0 y:763.0 w:17.0 h:105.0]
		CHILDREN = 4
		PATH = [1, 0, 5, 0, 0]
	DESCRIPTION = Left Click at 'Vertical'
	TEXT = Compound Action =
		Move mouse to (1098.5, 815.5).
		Press Mouse Button BUTTON1
		Release Mouse Button BUTTON1

ExecutedAction [32]: 
 @Action ConcreteID = AC1x4pnmn802595281629 AbstractID = AA1x4pnmn802595281629
 ConcreteID CUSTOM = ConcreteID CUSTOM not available AbstractID CUSTOM = AA5yasgp80538397786
 @State ConcreteID = SC1vmdkd07981377421635 AbstractID = SRkuva5x7454220492912
 ConcreteID CUSTOM = SC1p4uru97991992773212 AbstractID CUSTOM = SA15wmh017981095646741

	ROLE = LeftClickAt
	TARGET =
		WIDGET = WCgbpdav1d3893434253, WR17qbaneb3904637586, WTpnz3gh10593155151, WP1ioc5ph191966505842
		ROLE = UIAComboBox
		TITLE = Font:
		SHAPE = Rect [x:711.0 y:739.0 w:172.0 h:140.0]
		CHILDREN = 2
		PATH = [1, 0, 1]
	DESCRIPTION = Left Click at 'Font:'
	TEXT = Compound Action =
		Move mouse to (797.0, 809.0).
		Press Mouse Button BUTTON1
		Release Mouse Button BUTTON1

ExecutedAction [33]: 
 @Action ConcreteID = AChvkltz803941038772 AbstractID = AAhvkltz803941038772
 ConcreteID CUSTOM = ConcreteID CUSTOM not available AbstractID CUSTOM = AArz26fd801591312940
 @State ConcreteID = SC1d0j4l87853436140517 AbstractID = SR191qcoc7312514709614
 ConcreteID CUSTOM = SC10xx9eh7872092477571 AbstractID CUSTOM = SA1x49l6z7842649560383

	ROLE = LeftClickAt
	TARGET =
		WIDGET = WC9p7f0e25754741058, WR52qhb2b3065858412, WTq4iqsz124266912943, WPjs4wp821295009866
		ROLE = UIAListItem
		TITLE = Oblique
		SHAPE = Rect [x:901.0 y:839.0 w:109.0 h:19.0]
		CHILDREN = 0
		PATH = [1, 0, 3, 0, 5]
	DESCRIPTION = Left Click at 'Oblique'
	TEXT = Compound Action =
		Move mouse to (955.5, 848.5).
		Press Mouse Button BUTTON1
		Release Mouse Button BUTTON1

ExecutedAction [34]: 
 @Action ConcreteID = AC16i4fza802938328294 AbstractID = AA16i4fza802938328294
 ConcreteID CUSTOM = ConcreteID CUSTOM not available AbstractID CUSTOM = AA1glm0ko80454929534
 @State ConcreteID = SC1d0j4l87853436140517 AbstractID = SR191qcoc7312514709614
 ConcreteID CUSTOM = SC10xx9eh7872092477571 AbstractID CUSTOM = SA1x49l6z7842649560383

	ROLE = LeftClickAt
	TARGET =
		WIDGET = WCmugdeq2b1960640276, WR52qhb2b3065858412, WTkpd368182053714016, WP1ppbh9s272013464683
		ROLE = UIAListItem
		TITLE = Malgun Gothic
		SHAPE = Rect [x:713.0 y:858.0 w:151.0 h:19.0]
		CHILDREN = 0
		PATH = [1, 0, 1, 0, 6]
	DESCRIPTION = Left Click at 'Malgun Gothic'
	TEXT = Compound Action =
		Move mouse to (788.5, 867.5).
		Press Mouse Button BUTTON1
		Release Mouse Button BUTTON1

ExecutedAction [35]: 
 @Action ConcreteID = AC1e060ot7f2382431843 AbstractID = AA1e060ot7f2382431843
 ConcreteID CUSTOM = ConcreteID CUSTOM not available AbstractID CUSTOM = AAcbj18h803039196288
 @State ConcreteID = SCfsa5cv7862668053789 AbstractID = SR191qcoc7312514709614
 ConcreteID CUSTOM = SC1eeu02q7883905987763 AbstractID CUSTOM = SA1x49l6z7842649560383

	ROLE = LeftClickAt
	TARGET =
		WIDGET = WCcbj6fn261592005824, WR52qhb2b3065858412, WTu4yx8k132295801889, WP6gieu9223840583776
		ROLE = UIAListItem
		TITLE = Ink Free
		SHAPE = Rect [x:713.0 y:763.0 w:151.0 h:19.0]
		CHILDREN = 0
		PATH = [1, 0, 1, 0, 1]
	DESCRIPTION = Left Click at 'Ink Free'
	TEXT = Compound Action =
		Move mouse to (788.5, 772.5).
		Press Mouse Button BUTTON1
		Release Mouse Button BUTTON1

ExecutedAction [36]: 
 @Action ConcreteID = AC1elshm17f3381192835 AbstractID = AA1elshm17f3381192835
 ConcreteID CUSTOM = ConcreteID CUSTOM not available AbstractID CUSTOM = AA32lbs47f2314190967
 @State ConcreteID = SC1rg9t4s75f356031585 AbstractID = SR1ljswng70b3628605126
 ConcreteID CUSTOM = SC58v0ks75b2517606866 AbstractID CUSTOM = SA15utxhy75c662811097

	ROLE = LeftClickAt
	TARGET =
		WIDGET = WC2ktg5v2c2855478431, WR52qhb2b3065858412, WT76l001192793854379, WP1hj7i01281273961318
		ROLE = UIAListItem
		TITLE = Lucida Console
		SHAPE = Rect [x:713.0 y:820.0 w:151.0 h:19.0]
		CHILDREN = 0
		PATH = [1, 0, 1, 0, 4]
	DESCRIPTION = Left Click at 'Lucida Console'
	TEXT = Compound Action =
		Move mouse to (788.5, 829.5).
		Press Mouse Button BUTTON1
		Release Mouse Button BUTTON1

ExecutedAction [37]: 
 @Action ConcreteID = AC16guyk77f439594136 AbstractID = AA16guyk77f439594136
 ConcreteID CUSTOM = ConcreteID CUSTOM not available AbstractID CUSTOM = AAkbj0rl7f3173193920
 @State ConcreteID = SCrvalyp7602251814885 AbstractID = SR1ljswng70b3628605126
 ConcreteID CUSTOM = SCzyhauc75a1385260707 AbstractID CUSTOM = SA15utxhy75c662811097

	ROLE = LeftClickAt
	TARGET =
		WIDGET = WC3fqtpi232959284406, WR17qbaneb3904637586, WT1p15swg161714730526, WP1u16t2s1f888882020
		ROLE = UIAComboBox
		TITLE = Font style:
		SHAPE = Rect [x:899.0 y:739.0 w:130.0 h:143.0]
		CHILDREN = 2
		PATH = [1, 0, 3]
	DESCRIPTION = Left Click at 'Font style:'
	TEXT = Compound Action =
		Move mouse to (964.0, 810.5).
		Press Mouse Button BUTTON1
		Release Mouse Button BUTTON1

ExecutedAction [38]: 
 @Action ConcreteID = AC1300ei37f32442787 AbstractID = AA1300ei37f32442787
 ConcreteID CUSTOM = ConcreteID CUSTOM not available AbstractID CUSTOM = AAguogph7f2801778171
 @State ConcreteID = SCrvalyp7602251814885 AbstractID = SR1ljswng70b3628605126
 ConcreteID CUSTOM = SCzyhauc75a1385260707 AbstractID CUSTOM = SA15utxhy75c662811097

	ROLE = LeftClickAt
	TARGET =
		WIDGET = WCtf1iwn251007968620, WR52qhb2b3065858412, WTh6zdq12834902686, WPuqezid21609615144
		ROLE = UIAListItem
		TITLE = Regular
		SHAPE = Rect [x:901.0 y:763.0 w:109.0 h:19.0]
		CHILDREN = 0
		PATH = [1, 0, 3, 0, 1]
	DESCRIPTION = Left Click at 'Regular'
	TEXT = Compound Action =
		Move mouse to (955.5, 772.5).
		Press Mouse Button BUTTON1
		Release Mouse Button BUTTON1

ExecutedAction [39]: 
 @Action ConcreteID = AC1ba8yk5802389955037 AbstractID = AA1ba8yk5802389955037
 ConcreteID CUSTOM = ConcreteID CUSTOM not available AbstractID CUSTOM = AA1z03eob803949205679
 @State ConcreteID = SCrvalyp7602251814885 AbstractID = SR1ljswng70b3628605126
 ConcreteID CUSTOM = SCzyhauc75a1385260707 AbstractID CUSTOM = SA15utxhy75c662811097

	ROLE = LeftClickAt
	TARGET =
		WIDGET = WCnmgwc42070895404, WR52qhb2b3065858412, WT1bx8b5ld3745613929, WP1mpcbya1c2180304463
		ROLE = UIAListItem
		TITLE = 72
		SHAPE = Rect [x:1048.0 y:853.0 w:42.0 h:15.0]
		CHILDREN = 0
		PATH = [1, 0, 5, 0, 7]
	DESCRIPTION = Left Click at '72'
	TEXT = Compound Action =
		Move mouse to (1069.0, 860.5).
		Press Mouse Button BUTTON1
		Release Mouse Button BUTTON1

ExecutedAction [40]: 
 @Action ConcreteID = ACtlyiyo81112526229 AbstractID = AAtlyiyo81112526229
 ConcreteID CUSTOM = ConcreteID CUSTOM not available AbstractID CUSTOM = AA1ik1usq813101361228
 @State ConcreteID = SCrvalyp7602251814885 AbstractID = SR1ljswng70b3628605126
 ConcreteID CUSTOM = SCzyhauc75a1385260707 AbstractID CUSTOM = SA15utxhy75c662811097

	ROLE = LeftClickAt
	TARGET =
		WIDGET = WCd7pqbv1f1337130323, WR17qbaneb3904637586, WT1oe7pvp1243228967, WPfod3o91b3151365302
		ROLE = UIAComboBox
		TITLE = Script:
		SHAPE = Rect [x:899.0 y:1000.0 w:210.0 h:22.0]
		CHILDREN = 1
		PATH = [1, 0, 9]
	DESCRIPTION = Left Click at 'Script:'
	TEXT = Compound Action =
		Move mouse to (1004.0, 1011.0).
		Press Mouse Button BUTTON1
		Release Mouse Button BUTTON1

ExecutedAction [41]: 
 @Action ConcreteID = AC6fi60z812110991121 AbstractID = AA6fi60z812110991121
 ConcreteID CUSTOM = ConcreteID CUSTOM not available AbstractID CUSTOM = AA16q3ef1814261913016
 @State ConcreteID = SC124wmim8512797393400 AbstractID = SR3f3pva7ef924873692
 ConcreteID CUSTOM = SCtw9mld8483601002943 AbstractID CUSTOM = SA1iei1g284f3208571887

	ROLE = LeftClickAt
	TARGET =
		WIDGET = WC1oyap82261166523867, WR1h6ibpb92248851252, WTrko51k10351550260, WP1cbzm78223255376217
		ROLE = UIAButton
		TITLE = Line up
		SHAPE = Rect [x:1090.0 y:763.0 w:17.0 h:17.0]
		CHILDREN = 0
		PATH = [1, 0, 5, 0, 0, 0]
	DESCRIPTION = Left Click at 'Line up'
	TEXT = Compound Action =
		Move mouse to (1098.5, 771.5).
		Press Mouse Button BUTTON1
		Release Mouse Button BUTTON1

ExecutedAction [42]: 
 @Action ConcreteID = AC358q8o7f776030560 AbstractID = AA358q8o7f776030560
 ConcreteID CUSTOM = ConcreteID CUSTOM not available AbstractID CUSTOM = AA1g10uf67f2303851832
 @State ConcreteID = SCrvalyp7602251814885 AbstractID = SR1ljswng70b3628605126
 ConcreteID CUSTOM = SCzyhauc75a1385260707 AbstractID CUSTOM = SA15utxhy75c662811097

	ROLE = LeftClickAt
	TARGET =
		WIDGET = WC1tg0fkf393988243513, WR52qhb2b3065858412, WT1d7oa2r262695541981, WPj4d8kd354198968308
		ROLE = UIAListItem
		TITLE = Semi Condensed Bold Oblique
		SHAPE = Rect [x:901.0 y:820.0 w:109.0 h:19.0]
		CHILDREN = 0
		PATH = [1, 0, 3, 0, 4]
	DESCRIPTION = Left Click at 'Semi Condensed Bold Oblique'
	TEXT = Compound Action =
		Move mouse to (955.5, 829.5).
		Press Mouse Button BUTTON1
		Release Mouse Button BUTTON1

ExecutedAction [43]: 
 @Action ConcreteID = AC1y69tww7f3704885089 AbstractID = AA1y69tww7f3704885089
 ConcreteID CUSTOM = ConcreteID CUSTOM not available AbstractID CUSTOM = AA1c0xw4a7f2076490553
 @State ConcreteID = SCrvalyp7602251814885 AbstractID = SR1ljswng70b3628605126
 ConcreteID CUSTOM = SCzyhauc75a1385260707 AbstractID CUSTOM = SA15utxhy75c662811097

	ROLE = LeftClickAt
	TARGET =
		WIDGET = WC11v9mpt311144348406, WR52qhb2b3065858412, WT1mph5oy1e1095794695, WP1t4g2hb2d1402761009
		ROLE = UIAListItem
		TITLE = Semi Condensed Bold
		SHAPE = Rect [x:901.0 y:801.0 w:109.0 h:19.0]
		CHILDREN = 0
		PATH = [1, 0, 3, 0, 3]
	DESCRIPTION = Left Click at 'Semi Condensed Bold'
	TEXT = Compound Action =
		Move mouse to (955.5, 810.5).
		Press Mouse Button BUTTON1
		Release Mouse Button BUTTON1

ExecutedAction [44]: 
 @Action ConcreteID = AC7jzsvr802578365540 AbstractID = AA7jzsvr802578365540
 ConcreteID CUSTOM = ConcreteID CUSTOM not available AbstractID CUSTOM = AAv9u8zx804240012566
 @State ConcreteID = SCrvalyp7602251814885 AbstractID = SR1ljswng70b3628605126
 ConcreteID CUSTOM = SCzyhauc75a1385260707 AbstractID CUSTOM = SA15utxhy75c662811097

	ROLE = LeftClickAt
	TARGET =
		WIDGET = WC1rnlzki201884170649, WR52qhb2b3065858412, WT1bx8b1cd1263917337, WPxwq741c1539096418
		ROLE = UIAListItem
		TITLE = 24
		SHAPE = Rect [x:1048.0 y:778.0 w:42.0 h:15.0]
		CHILDREN = 0
		PATH = [1, 0, 5, 0, 2]
	DESCRIPTION = Left Click at '24'
	TEXT = Compound Action =
		Move mouse to (1069.0, 785.5).
		Press Mouse Button BUTTON1
		Release Mouse Button BUTTON1

ExecutedAction [45]: 
 @Action ConcreteID = AC1vshwwv801544936025 AbstractID = AA1vshwwv801544936025
 ConcreteID CUSTOM = ConcreteID CUSTOM not available AbstractID CUSTOM = AAkh8b1x80956437291
 @State ConcreteID = SCrvalyp7602251814885 AbstractID = SR1ljswng70b3628605126
 ConcreteID CUSTOM = SCzyhauc75a1385260707 AbstractID CUSTOM = SA15utxhy75c662811097

	ROLE = LeftClickAt
	TARGET =
		WIDGET = WC10lzwgc204112692212, WR52qhb2b3065858412, WT1bx8b1gd1122211122, WP1276pga1c2865023788
		ROLE = UIAListItem
		TITLE = 28
		SHAPE = Rect [x:1048.0 y:808.0 w:42.0 h:15.0]
		CHILDREN = 0
		PATH = [1, 0, 5, 0, 4]
	DESCRIPTION = Left Click at '28'
	TEXT = Compound Action =
		Move mouse to (1069.0, 815.5).
		Press Mouse Button BUTTON1
		Release Mouse Button BUTTON1

ExecutedAction [46]: 
 @Action ConcreteID = AC1os0dzn803913797326 AbstractID = AA1os0dzn803913797326
 ConcreteID CUSTOM = ConcreteID CUSTOM not available AbstractID CUSTOM = AAdgqs4p802354055100
 @State ConcreteID = SCrvalyp7602251814885 AbstractID = SR1ljswng70b3628605126
 ConcreteID CUSTOM = SCzyhauc75a1385260707 AbstractID CUSTOM = SA15utxhy75c662811097

	ROLE = LeftClickAt
	TARGET =
		WIDGET = WC65az5h203745572751, WR52qhb2b3065858412, WT1bx8b1ad2721479724, WPhttrk31c587236677
		ROLE = UIAListItem
		TITLE = 22
		SHAPE = Rect [x:1048.0 y:763.0 w:42.0 h:15.0]
		CHILDREN = 0
		PATH = [1, 0, 5, 0, 1]
	DESCRIPTION = Left Click at '22'
	TEXT = Compound Action =
		Move mouse to (1069.0, 770.5).
		Press Mouse Button BUTTON1
		Release Mouse Button BUTTON1

ExecutedAction [47]: 
 @Action ConcreteID = ACuxd56k802187807579 AbstractID = AAuxd56k802187807579
 ConcreteID CUSTOM = ConcreteID CUSTOM not available AbstractID CUSTOM = AA1in7laq803882910249
 @State ConcreteID = SCrvalyp7602251814885 AbstractID = SR1ljswng70b3628605126
 ConcreteID CUSTOM = SCzyhauc75a1385260707 AbstractID CUSTOM = SA15utxhy75c662811097

	ROLE = LeftClickAt
	TARGET =
		WIDGET = WC17lnvbg20824825008, WR52qhb2b3065858412, WT1bx8b36d347681460, WPbxiwey1c1069948582
		ROLE = UIAListItem
		TITLE = 48
		SHAPE = Rect [x:1048.0 y:838.0 w:42.0 h:15.0]
		CHILDREN = 0
		PATH = [1, 0, 5, 0, 6]
	DESCRIPTION = Left Click at '48'
	TEXT = Compound Action =
		Move mouse to (1069.0, 845.5).
		Press Mouse Button BUTTON1
		Release Mouse Button BUTTON1

ExecutedAction [48]: 
 @Action ConcreteID = AClfyitz7f899553526 AbstractID = AAlfyitz7f899553526
 ConcreteID CUSTOM = ConcreteID CUSTOM not available AbstractID CUSTOM = AA1ybqn0h7f2458823854
 @State ConcreteID = SCrvalyp7602251814885 AbstractID = SR1ljswng70b3628605126
 ConcreteID CUSTOM = SCzyhauc75a1385260707 AbstractID CUSTOM = SA15utxhy75c662811097

	ROLE = LeftClickAt
	TARGET =
		WIDGET = WC5zsj6a26849277005, WR1h6ibpb92248851252, WTbcxonh101439247762, WP10m89dw222913808628
		ROLE = UIAButton
		TITLE = Page up
		SHAPE = Rect [x:864.0 y:780.0 w:17.0 h:19.0]
		CHILDREN = 0
		PATH = [1, 0, 1, 0, 0, 1]
	DESCRIPTION = Left Click at 'Page up'
	TEXT = Compound Action =
		Move mouse to (872.5, 789.5).
		Press Mouse Button BUTTON1
		Release Mouse Button BUTTON1

ExecutedAction [49]: 
 @Action ConcreteID = AC2vedjo7f1287053572 AbstractID = AA2vedjo7f1287053572
 ConcreteID CUSTOM = ConcreteID CUSTOM not available AbstractID CUSTOM = AA15h8aus7f1632085762
 @State ConcreteID = SCgx2ac87623313386419 AbstractID = SR1ljswng70b3628605126
 ConcreteID CUSTOM = SCf45owr759348060408 AbstractID CUSTOM = SA15utxhy75c662811097

	ROLE = LeftClickAt
	TARGET =
		WIDGET = WC1dt1897241925236928, WR52qhb2b3065858412, WT14kk157114219456005, WP15ls2xl20964553395
		ROLE = UIAListItem
		TITLE = Gadugi
		SHAPE = Rect [x:713.0 y:782.0 w:151.0 h:19.0]
		CHILDREN = 0
		PATH = [1, 0, 1, 0, 2]
	DESCRIPTION = Left Click at 'Gadugi'
	TEXT = Compound Action =
		Move mouse to (788.5, 791.5).
		Press Mouse Button BUTTON1
		Release Mouse Button BUTTON1

ExecutedAction [50]: 
 @Action ConcreteID = AC4dnpot803818828545 AbstractID = AA4dnpot803818828545
 ConcreteID CUSTOM = ConcreteID CUSTOM not available AbstractID CUSTOM = AA10u44fi80890669485
 @State ConcreteID = SClc8m4w7613688721518 AbstractID = SR1ljswng70b3628605126
 ConcreteID CUSTOM = SC1jyits375b1945105410 AbstractID CUSTOM = SA15utxhy75c662811097

	ROLE = LeftClickAt
	TARGET =
		WIDGET = WC1hmmxgu201780173388, WR52qhb2b3065858412, WT1bx8b29d3158346100, WP6fptbw1c352044933
		ROLE = UIAListItem
		TITLE = 36
		SHAPE = Rect [x:1048.0 y:823.0 w:42.0 h:15.0]
		CHILDREN = 0
		PATH = [1, 0, 5, 0, 5]
	DESCRIPTION = Left Click at '36'
	TEXT = Compound Action =
		Move mouse to (1069.0, 830.5).
		Press Mouse Button BUTTON1
		Release Mouse Button BUTTON1

ExecutedAction [51]: 
 @Action ConcreteID = AC7j4xcr7f1966534905 AbstractID = AA7j4xcr7f1966534905
 ConcreteID CUSTOM = ConcreteID CUSTOM not available AbstractID CUSTOM = AA14nnjmi7f732935257
 @State ConcreteID = SClc8m4w7613688721518 AbstractID = SR1ljswng70b3628605126
 ConcreteID CUSTOM = SC1jyits375b1945105410 AbstractID CUSTOM = SA15utxhy75c662811097

	ROLE = LeftClickAt
	TARGET =
		WIDGET = WCd35t3r283660886114, WR1h6ibpb92248851252, WT1cknvro121926923266, WPk82snd24920727240
		ROLE = UIAButton
		TITLE = Page down
		SHAPE = Rect [x:864.0 y:802.0 w:17.0 h:58.0]
		CHILDREN = 0
		PATH = [1, 0, 1, 0, 0, 3]
	DESCRIPTION = Left Click at 'Page down'
	TEXT = Compound Action =
		Move mouse to (872.5, 831.0).
		Press Mouse Button BUTTON1
		Release Mouse Button BUTTON1

ExecutedAction [52]: 
 @Action ConcreteID = AC4k8ei47f868205610 AbstractID = AA4k8ei47f868205610
 ConcreteID CUSTOM = ConcreteID CUSTOM not available AbstractID CUSTOM = AA5mgmld7f1291864919
 @State ConcreteID = SC7y14pj75f4219490310 AbstractID = SR1ljswng70b3628605126
 ConcreteID CUSTOM = SC1ionu8c75c3541690845 AbstractID CUSTOM = SA15utxhy75c662811097

	ROLE = LeftClickAt
	TARGET =
		WIDGET = WC3f9971313068454508, WR52qhb2b3065858412, WT6soznq1e4129722413, WP9z1jx72d3573326620
		ROLE = UIAListItem
		TITLE = Lucida Sans Unicode
		SHAPE = Rect [x:713.0 y:839.0 w:151.0 h:19.0]
		CHILDREN = 0
		PATH = [1, 0, 1, 0, 5]
	DESCRIPTION = Left Click at 'Lucida Sans Unicode'
	TEXT = Compound Action =
		Move mouse to (788.5, 848.5).
		Press Mouse Button BUTTON1
		Release Mouse Button BUTTON1

ExecutedAction [53]: 
 @Action ConcreteID = ACsj3y9z7f3375814092 AbstractID = AAsj3y9z7f3375814092
 ConcreteID CUSTOM = ConcreteID CUSTOM not available AbstractID CUSTOM = AA1g10uf67f2303851832
 @State ConcreteID = SC1rg9t4s75f356031585 AbstractID = SR1ljswng70b3628605126
 ConcreteID CUSTOM = SC58v0ks75b2517606866 AbstractID CUSTOM = SA15utxhy75c662811097

	ROLE = LeftClickAt
	TARGET =
		WIDGET = WCr6wbjy2a3049748727, WR52qhb2b3065858412, WTqr3zqs171083766660, WP40rtfw26281301263
		ROLE = UIAListItem
		TITLE = Bold Oblique
		SHAPE = Rect [x:901.0 y:820.0 w:109.0 h:19.0]
		CHILDREN = 0
		PATH = [1, 0, 3, 0, 4]
	DESCRIPTION = Left Click at 'Bold Oblique'
	TEXT = Compound Action =
		Move mouse to (955.5, 829.5).
		Press Mouse Button BUTTON1
		Release Mouse Button BUTTON1

ExecutedAction [54]: 
 @Action ConcreteID = ACoj0zz37f1000575949 AbstractID = AAoj0zz37f1000575949
 ConcreteID CUSTOM = ConcreteID CUSTOM not available AbstractID CUSTOM = AA1c0xw4a7f2076490553
 @State ConcreteID = SC1rg9t4s75f356031585 AbstractID = SR1ljswng70b3628605126
 ConcreteID CUSTOM = SC58v0ks75b2517606866 AbstractID CUSTOM = SA15utxhy75c662811097

	ROLE = LeftClickAt
	TARGET =
		WIDGET = WC1x3e9kg222975648961, WR52qhb2b3065858412, WTq22ksjf2912385765, WPcnhaym1e1635979593
		ROLE = UIAListItem
		TITLE = Bold
		SHAPE = Rect [x:901.0 y:801.0 w:109.0 h:19.0]
		CHILDREN = 0
		PATH = [1, 0, 3, 0, 3]
	DESCRIPTION = Left Click at 'Bold'
	TEXT = Compound Action =
		Move mouse to (955.5, 810.5).
		Press Mouse Button BUTTON1
		Release Mouse Button BUTTON1

ExecutedAction [55]: 
 @Action ConcreteID = AC1lbyxxc7f3873652552 AbstractID = AA1lbyxxc7f3873652552
 ConcreteID CUSTOM = ConcreteID CUSTOM not available AbstractID CUSTOM = AA9srs3f7f2793674684
 @State ConcreteID = SC1rg9t4s75f356031585 AbstractID = SR1ljswng70b3628605126
 ConcreteID CUSTOM = SC58v0ks75b2517606866 AbstractID CUSTOM = SA15utxhy75c662811097

	ROLE = LeftClickAt
	TARGET =
		WIDGET = WC1xcolqv223953450220, WR4n4ygb71694219017, WTlv9l4f121129438802, WPiy1pu11e1075876607
		ROLE = UIAList
		TITLE = Font style:
		SHAPE = Rect [x:899.0 y:761.0 w:130.0 h:118.0]
		CHILDREN = 5
		PATH = [1, 0, 3, 0]
	DESCRIPTION = Left Click at 'Font style:'
	TEXT = Compound Action =
		Move mouse to (964.0, 820.0).
		Press Mouse Button BUTTON1
		Release Mouse Button BUTTON1

ExecutedAction [56]: 
 @Action ConcreteID = ACtjl7om7f1490379187 AbstractID = AAtjl7om7f1490379187
 ConcreteID CUSTOM = ConcreteID CUSTOM not available AbstractID CUSTOM = AA1h1i3tt7f414337351
 @State ConcreteID = SC1rg9t4s75f356031585 AbstractID = SR1ljswng70b3628605126
 ConcreteID CUSTOM = SC58v0ks75b2517606866 AbstractID CUSTOM = SA15utxhy75c662811097

	ROLE = LeftClickAt
	TARGET =
		WIDGET = WC3r6fwk1e246553711, WR17v7k2nb1067391859, WTaz2n92112307194186, WPab1ioi1a128190957
		ROLE = UIAMenuItem
		TITLE = Format
		SHAPE = Rect [x:734.0 y:641.0 w:52.0 h:19.0]
		CHILDREN = 0
		PATH = [0, 2, 2]
	DESCRIPTION = Left Click at 'Format'
	TEXT = Compound Action =
		Move mouse to (760.0, 650.5).
		Press Mouse Button BUTTON1
		Release Mouse Button BUTTON1

ExecutedAction [57]: 
 @Action ConcreteID = ACd5n4a0801177101371 AbstractID = AAd5n4a0801177101371
 ConcreteID CUSTOM = ConcreteID CUSTOM not available AbstractID CUSTOM = AAv9u8zx804240012566
 @State ConcreteID = SC1rg9t4s75f356031585 AbstractID = SR1ljswng70b3628605126
 ConcreteID CUSTOM = SC58v0ks75b2517606866 AbstractID CUSTOM = SA15utxhy75c662811097

	ROLE = LeftClickAt
	TARGET =
		WIDGET = WC1rnlzki201884170649, WR52qhb2b3065858412, WT1bx8b1cd1263917337, WPxwq741c1539096418
		ROLE = UIAListItem
		TITLE = 24
		SHAPE = Rect [x:1048.0 y:778.0 w:42.0 h:15.0]
		CHILDREN = 0
		PATH = [1, 0, 5, 0, 2]
	DESCRIPTION = Left Click at '24'
	TEXT = Compound Action =
		Move mouse to (1069.0, 785.5).
		Press Mouse Button BUTTON1
		Release Mouse Button BUTTON1

ExecutedAction [58]: 
 @Action ConcreteID = ACjh16mcb6249171836 AbstractID = AAjh16mcb6249171836
 ConcreteID CUSTOM = ConcreteID CUSTOM not available AbstractID CUSTOM = AA16zaoq1b6963044023
 @State ConcreteID = SC1rg9t4s75f356031585 AbstractID = SR1ljswng70b3628605126
 ConcreteID CUSTOM = SC58v0ks75b2517606866 AbstractID CUSTOM = SA15utxhy75c662811097

	ROLE = LeftDrag
	DESCRIPTION = Drag (875.0, 817.1052631578947) To (875.0, 818.2307692307693)
	TEXT = Compound Action =
		Move mouse to (875.0, 817.1052631578947).
		Press Mouse Button BUTTON1
		Move mouse to (875.0, 818.2307692307693).
		Release Mouse Button BUTTON1

ExecutedAction [59]: 
 @Action ConcreteID = AC19ky6jj803863949220 AbstractID = AA19ky6jj803863949220
 ConcreteID CUSTOM = ConcreteID CUSTOM not available AbstractID CUSTOM = AA32lbs47f2314190967
 @State ConcreteID = SC1vso6rl7631150296764 AbstractID = SR1ljswng70b3628605126
 ConcreteID CUSTOM = SC15hqi3n7591338093338 AbstractID CUSTOM = SA15utxhy75c662811097

	ROLE = LeftClickAt
	TARGET =
		WIDGET = WC12c8ujc301353721365, WR52qhb2b3065858412, WTdkwa8s1d2309632912, WP19kox5y2c3987833267
		ROLE = UIAListItem
		TITLE = Microsoft JhengHei
		SHAPE = Rect [x:713.0 y:820.0 w:151.0 h:19.0]
		CHILDREN = 0
		PATH = [1, 0, 1, 0, 4]
	DESCRIPTION = Left Click at 'Microsoft JhengHei'
	TEXT = Compound Action =
		Move mouse to (788.5, 829.5).
		Press Mouse Button BUTTON1
		Release Mouse Button BUTTON1

ExecutedAction [60]: 
 @Action ConcreteID = AC1xbvxtt802805879005 AbstractID = AA1xbvxtt802805879005
 ConcreteID CUSTOM = ConcreteID CUSTOM not available AbstractID CUSTOM = AApf6vm4802587232524
 @State ConcreteID = SC1xz262z78a3516677811 AbstractID = SR191qcoc7312514709614
 ConcreteID CUSTOM = SCdjoas77853150781076 AbstractID CUSTOM = SA1x49l6z7842649560383

	ROLE = LeftClickAt
	TARGET =
		WIDGET = WCj13frd2b1792887771, WR52qhb2b3065858412, WTluqu89182333784770, WPost7br274018574696
		ROLE = UIAListItem
		TITLE = Light Oblique
		SHAPE = Rect [x:901.0 y:820.0 w:109.0 h:19.0]
		CHILDREN = 0
		PATH = [1, 0, 3, 0, 4]
	DESCRIPTION = Left Click at 'Light Oblique'
	TEXT = Compound Action =
		Move mouse to (955.5, 829.5).
		Press Mouse Button BUTTON1
		Release Mouse Button BUTTON1

ExecutedAction [61]: 
 @Action ConcreteID = ACgddgvv801427450771 AbstractID = AAgddgvv801427450771
 ConcreteID CUSTOM = ConcreteID CUSTOM not available AbstractID CUSTOM = AA17hsgna801746760258
 @State ConcreteID = SC1xz262z78a3516677811 AbstractID = SR191qcoc7312514709614
 ConcreteID CUSTOM = SCdjoas77853150781076 AbstractID CUSTOM = SA1x49l6z7842649560383

	ROLE = LeftClickAt
	TARGET =
		WIDGET = WC1ib9fw3301534516018, WR52qhb2b3065858412, WT198h1pe1d197789156, WP1cmefwh2c4291529880
		ROLE = UIAListItem
		TITLE = Microsoft Himalaya
		SHAPE = Rect [x:713.0 y:801.0 w:151.0 h:19.0]
		CHILDREN = 0
		PATH = [1, 0, 1, 0, 3]
	DESCRIPTION = Left Click at 'Microsoft Himalaya'
	TEXT = Compound Action =
		Move mouse to (788.5, 810.5).
		Press Mouse Button BUTTON1
		Release Mouse Button BUTTON1

ExecutedAction [62]: 
 @Action ConcreteID = ACcyh3n380250038481 AbstractID = AAcyh3n380250038481
 ConcreteID CUSTOM = ConcreteID CUSTOM not available AbstractID CUSTOM = AA15h8aus7f1632085762
 @State ConcreteID = SC1vso6rl7631150296764 AbstractID = SR1ljswng70b3628605126
 ConcreteID CUSTOM = SC15hqi3n7591338093338 AbstractID CUSTOM = SA15utxhy75c662811097

	ROLE = LeftClickAt
	TARGET =
		WIDGET = WC1jx7oxp251751553004, WR52qhb2b3065858412, WT1vf51jt121876053222, WP1rgozij211693001273
		ROLE = UIAListItem
		TITLE = Marlett
		SHAPE = Rect [x:713.0 y:782.0 w:151.0 h:19.0]
		CHILDREN = 0
		PATH = [1, 0, 1, 0, 2]
	DESCRIPTION = Left Click at 'Marlett'
	TEXT = Compound Action =
		Move mouse to (788.5, 791.5).
		Press Mouse Button BUTTON1
		Release Mouse Button BUTTON1

ExecutedAction [63]: 
 @Action ConcreteID = AC11bbn5m7f2353463905 AbstractID = AA11bbn5m7f2353463905
 ConcreteID CUSTOM = ConcreteID CUSTOM not available AbstractID CUSTOM = AAguogph7f2801778171
 @State ConcreteID = SC9zxxyo7673901330712 AbstractID = SR1ljswng70b3628605126
 ConcreteID CUSTOM = SC172l9lr75b1766043003 AbstractID CUSTOM = SA15utxhy75c662811097

	ROLE = LeftClickAt
	TARGET =
		WIDGET = WC134vhoi241669050434, WR52qhb2b3065858412, WT17h0pbn113317801341, WP2depe8204205329776
		ROLE = UIAListItem
		TITLE = Medium
		SHAPE = Rect [x:901.0 y:763.0 w:109.0 h:19.0]
		CHILDREN = 0
		PATH = [1, 0, 3, 0, 1]
	DESCRIPTION = Left Click at 'Medium'
	TEXT = Compound Action =
		Move mouse to (955.5, 772.5).
		Press Mouse Button BUTTON1
		Release Mouse Button BUTTON1

ExecutedAction [64]: 
 @Action ConcreteID = ACq33t1i7f1740174541 AbstractID = AAq33t1i7f1740174541
 ConcreteID CUSTOM = ConcreteID CUSTOM not available AbstractID CUSTOM = AA5mgmld7f1291864919
 @State ConcreteID = SC9zxxyo7673901330712 AbstractID = SR1ljswng70b3628605126
 ConcreteID CUSTOM = SC172l9lr75b1766043003 AbstractID CUSTOM = SA15utxhy75c662811097

	ROLE = LeftClickAt
	TARGET =
		WIDGET = WC16zo1q3331486896254, WR52qhb2b3065858412, WT1inxaag20817584232, WPy75jih2f818675340
		ROLE = UIAListItem
		TITLE = Microsoft JhengHei UI
		SHAPE = Rect [x:713.0 y:839.0 w:151.0 h:19.0]
		CHILDREN = 0
		PATH = [1, 0, 1, 0, 5]
	DESCRIPTION = Left Click at 'Microsoft JhengHei UI'
	TEXT = Compound Action =
		Move mouse to (788.5, 848.5).
		Press Mouse Button BUTTON1
		Release Mouse Button BUTTON1

ExecutedAction [65]: 
 @Action ConcreteID = ACy5jk44802291142686 AbstractID = AAy5jk44802291142686
 ConcreteID CUSTOM = ConcreteID CUSTOM not available AbstractID CUSTOM = AA1p9yjvj803046656463
 @State ConcreteID = SC1xz262z78a3516677811 AbstractID = SR191qcoc7312514709614
 ConcreteID CUSTOM = SCdjoas77853150781076 AbstractID CUSTOM = SA1x49l6z7842649560383

	ROLE = LeftClickAt
	TARGET =
		WIDGET = WC1mo0jwd233116139095, WR52qhb2b3065858412, WTqldbbs101864145525, WP2tfksr1f2915213519
		ROLE = UIAListItem
		TITLE = Light
		SHAPE = Rect [x:901.0 y:763.0 w:109.0 h:19.0]
		CHILDREN = 0
		PATH = [1, 0, 3, 0, 1]
	DESCRIPTION = Left Click at 'Light'
	TEXT = Compound Action =
		Move mouse to (955.5, 772.5).
		Press Mouse Button BUTTON1
		Release Mouse Button BUTTON1

ExecutedAction [66]: 
 @Action ConcreteID = ACph70t980638973359 AbstractID = AAph70t980638973359
 ConcreteID CUSTOM = ConcreteID CUSTOM not available AbstractID CUSTOM = AA1glm0ko80454929534
 @State ConcreteID = SC1xz262z78a3516677811 AbstractID = SR191qcoc7312514709614
 ConcreteID CUSTOM = SCdjoas77853150781076 AbstractID CUSTOM = SA1x49l6z7842649560383

	ROLE = LeftClickAt
	TARGET =
		WIDGET = WCd17uq2334004741939, WR52qhb2b3065858412, WThn99t4203085464048, WP1n6krrs2f497505396
		ROLE = UIAListItem
		TITLE = Microsoft New Tai Lue
		SHAPE = Rect [x:713.0 y:858.0 w:151.0 h:19.0]
		CHILDREN = 0
		PATH = [1, 0, 1, 0, 6]
	DESCRIPTION = Left Click at 'Microsoft New Tai Lue'
	TEXT = Compound Action =
		Move mouse to (788.5, 867.5).
		Press Mouse Button BUTTON1
		Release Mouse Button BUTTON1

ExecutedAction [67]: 
 @Action ConcreteID = AClrftal801178610237 AbstractID = AAlrftal801178610237
 ConcreteID CUSTOM = ConcreteID CUSTOM not available AbstractID CUSTOM = AAo9c983803162516161
 @State ConcreteID = SCcaficc7632854809307 AbstractID = SR1ljswng70b3628605126
 ConcreteID CUSTOM = SC15tz1v975a1182756177 AbstractID CUSTOM = SA15utxhy75c662811097

	ROLE = LeftClickAt
	TARGET =
		WIDGET = WC18qmog51d782200512, WR17qbaneb3904637586, WTpv0tsf103871849437, WPkax5sj19868809250
		ROLE = UIAComboBox
		TITLE = Size:
		SHAPE = Rect [x:1046.0 y:739.0 w:63.0 h:131.0]
		CHILDREN = 2
		PATH = [1, 0, 5]
	DESCRIPTION = Left Click at 'Size:'
	TEXT = Compound Action =
		Move mouse to (1077.5, 804.5).
		Press Mouse Button BUTTON1
		Release Mouse Button BUTTON1

ExecutedAction [68]: 
 @Action ConcreteID = AC1ljegfva01441483658 AbstractID = AA1ljegfva01441483658
 ConcreteID CUSTOM = ConcreteID CUSTOM not available AbstractID CUSTOM = AA1iv9bvla04116358437
 @State ConcreteID = SCcaficc7632854809307 AbstractID = SR1ljswng70b3628605126
 ConcreteID CUSTOM = SC15tz1v975a1182756177 AbstractID CUSTOM = SA15utxhy75c662811097

	ROLE = LeftDrag
	DESCRIPTION = Drag (1101.0, 810.0) To (1101.0, 797.0)
	TEXT = Compound Action =
		Move mouse to (1101.0, 810.0).
		Press Mouse Button BUTTON1
		Move mouse to (1101.0, 797.0).
		Release Mouse Button BUTTON1

ExecutedAction [69]: 
 @Action ConcreteID = AC1i7uka7811280491455 AbstractID = AA1i7uka7811280491455
 ConcreteID CUSTOM = ConcreteID CUSTOM not available AbstractID CUSTOM = AAo649cb80655618212
 @State ConcreteID = SC1wd66k47761426361409 AbstractID = SRo6rhed71f1512117787
 ConcreteID CUSTOM = SC21mqbx76c233354693 AbstractID CUSTOM = SAukqkbg7702651176507

	ROLE = LeftClickAt
	TARGET =
		WIDGET = WC9evij920200747174, WR52qhb2b3065858412, WT1bx8b0ed269647445, WP3w25sz1c1498573363
		ROLE = UIAListItem
		TITLE = 11
		SHAPE = Rect [x:1048.0 y:763.0 w:42.0 h:15.0]
		CHILDREN = 0
		PATH = [1, 0, 5, 0, 1]
	DESCRIPTION = Left Click at '11'
	TEXT = Compound Action =
		Move mouse to (1069.0, 770.5).
		Press Mouse Button BUTTON1
		Release Mouse Button BUTTON1

ExecutedAction [70]: 
 @Action ConcreteID = AC17f8mc7813208266064 AbstractID = AA17f8mc7813208266064
 ConcreteID CUSTOM = ConcreteID CUSTOM not available AbstractID CUSTOM = AAddibeb803564834379
 @State ConcreteID = SC1wd66k47761426361409 AbstractID = SRo6rhed71f1512117787
 ConcreteID CUSTOM = SC21mqbx76c233354693 AbstractID CUSTOM = SAukqkbg7702651176507

	ROLE = LeftClickAt
	TARGET =
		WIDGET = WC1o5s06o20306944571, WR52qhb2b3065858412, WT1bx8b0hd1618512602, WP1dlanr21c289265063
		ROLE = UIAListItem
		TITLE = 14
		SHAPE = Rect [x:1048.0 y:793.0 w:42.0 h:15.0]
		CHILDREN = 0
		PATH = [1, 0, 5, 0, 3]
	DESCRIPTION = Left Click at '14'
	TEXT = Compound Action =
		Move mouse to (1069.0, 800.5).
		Press Mouse Button BUTTON1
		Release Mouse Button BUTTON1

ExecutedAction [71]: 
 @Action ConcreteID = AC6k3ulw814111741358 AbstractID = AA6k3ulw814111741358
 ConcreteID CUSTOM = ConcreteID CUSTOM not available AbstractID CUSTOM = AA1bjhln4802656403125
 @State ConcreteID = SC1wd66k47761426361409 AbstractID = SRo6rhed71f1512117787
 ConcreteID CUSTOM = SC21mqbx76c233354693 AbstractID CUSTOM = SAukqkbg7702651176507

	ROLE = LeftClickAt
	TARGET =
		WIDGET = WCx45x2i202535915606, WR52qhb2b3065858412, WT1bx8b0ld1775159025, WPftgl141c3762659817
		ROLE = UIAListItem
		TITLE = 18
		SHAPE = Rect [x:1048.0 y:823.0 w:42.0 h:15.0]
		CHILDREN = 0
		PATH = [1, 0, 5, 0, 5]
	DESCRIPTION = Left Click at '18'
	TEXT = Compound Action =
		Move mouse to (1069.0, 830.5).
		Press Mouse Button BUTTON1
		Release Mouse Button BUTTON1

ExecutedAction [72]: 
 @Action ConcreteID = AC1p8c37f814177570600 AbstractID = AA1p8c37f814177570600
 ConcreteID CUSTOM = ConcreteID CUSTOM not available AbstractID CUSTOM = AAv6ls9j802453791795
 @State ConcreteID = SC1wd66k47761426361409 AbstractID = SRo6rhed71f1512117787
 ConcreteID CUSTOM = SC21mqbx76c233354693 AbstractID CUSTOM = SAukqkbg7702651176507

	ROLE = LeftClickAt
	TARGET =
		WIDGET = WC1amyyml202546236016, WR52qhb2b3065858412, WT1bx8b0jd2390158326, WPwpdme31c3655099907
		ROLE = UIAListItem
		TITLE = 16
		SHAPE = Rect [x:1048.0 y:808.0 w:42.0 h:15.0]
		CHILDREN = 0
		PATH = [1, 0, 5, 0, 4]
	DESCRIPTION = Left Click at '16'
	TEXT = Compound Action =
		Move mouse to (1069.0, 815.5).
		Press Mouse Button BUTTON1
		Release Mouse Button BUTTON1

ExecutedAction [73]: 
 @Action ConcreteID = ACod7bh481661797418 AbstractID = AAod7bh481661797418
 ConcreteID CUSTOM = ConcreteID CUSTOM not available AbstractID CUSTOM = AA1tcl2ic801278440753
 @State ConcreteID = SC1wd66k47761426361409 AbstractID = SRo6rhed71f1512117787
 ConcreteID CUSTOM = SC21mqbx76c233354693 AbstractID CUSTOM = SAukqkbg7702651176507

	ROLE = LeftClickAt
	TARGET =
		WIDGET = WCjo40uq201523517380, WR52qhb2b3065858412, WT1bx8b18d1278745856, WPypqt281c3957405409
		ROLE = UIAListItem
		TITLE = 20
		SHAPE = Rect [x:1048.0 y:838.0 w:42.0 h:15.0]
		CHILDREN = 0
		PATH = [1, 0, 5, 0, 6]
	DESCRIPTION = Left Click at '20'
	TEXT = Compound Action =
		Move mouse to (1069.0, 845.5).
		Press Mouse Button BUTTON1
		Release Mouse Button BUTTON1

ExecutedAction [74]: 
 @Action ConcreteID = ACztz6b811018940693 AbstractID = AAztz6b811018940693
 ConcreteID CUSTOM = ConcreteID CUSTOM not available AbstractID CUSTOM = AA15z7q7j801476035086
 @State ConcreteID = SC1wd66k47761426361409 AbstractID = SRo6rhed71f1512117787
 ConcreteID CUSTOM = SC21mqbx76c233354693 AbstractID CUSTOM = SAukqkbg7702651176507

	ROLE = LeftClickAt
	TARGET =
		WIDGET = WC2ngzrn202406692527, WR52qhb2b3065858412, WT1bx8b0fd2300260335, WP1uh7p411c1538755842
		ROLE = UIAListItem
		TITLE = 12
		SHAPE = Rect [x:1048.0 y:778.0 w:42.0 h:15.0]
		CHILDREN = 0
		PATH = [1, 0, 5, 0, 2]
	DESCRIPTION = Left Click at '12'
	TEXT = Compound Action =
		Move mouse to (1069.0, 785.5).
		Press Mouse Button BUTTON1
		Release Mouse Button BUTTON1

ExecutedAction [75]: 
 @Action ConcreteID = ACnzm78cb72643157596 AbstractID = AAnzm78cb72643157596
 ConcreteID CUSTOM = ConcreteID CUSTOM not available AbstractID CUSTOM = AA2ercc8b63650076323
 @State ConcreteID = SC1wd66k47761426361409 AbstractID = SRo6rhed71f1512117787
 ConcreteID CUSTOM = SC21mqbx76c233354693 AbstractID CUSTOM = SAukqkbg7702651176507

	ROLE = LeftDrag
	DESCRIPTION = Drag (875.0, 820.1315789473684) To (875.0, 804.0769230769231)
	TEXT = Compound Action =
		Move mouse to (875.0, 820.1315789473684).
		Press Mouse Button BUTTON1
		Move mouse to (875.0, 804.0769230769231).
		Release Mouse Button BUTTON1

ExecutedAction [76]: 
 @Action ConcreteID = AC6ooir801651741109 AbstractID = AA6ooir801651741109
 ConcreteID CUSTOM = ConcreteID CUSTOM not available AbstractID CUSTOM = AAxs95p67f3920676697
 @State ConcreteID = SC194ec8u7753990995859 AbstractID = SRo6rhed71f1512117787
 ConcreteID CUSTOM = SC1h95iij76b1536954952 AbstractID CUSTOM = SAukqkbg7702651176507

	ROLE = LeftClickAt
	TARGET =
		WIDGET = WCm1kvp1323613797360, WR52qhb2b3065858412, WTyanzvk1f2797816109, WP43bw032e122014195
		ROLE = UIAListItem
		TITLE = Microsoft Sans Serif
		SHAPE = Rect [x:713.0 y:801.0 w:151.0 h:19.0]
		CHILDREN = 0
		PATH = [1, 0, 1, 0, 3]
	DESCRIPTION = Left Click at 'Microsoft Sans Serif'
	TEXT = Compound Action =
		Move mouse to (788.5, 810.5).
		Press Mouse Button BUTTON1
		Release Mouse Button BUTTON1

ExecutedAction [77]: 
 @Action ConcreteID = ACabo7rz7f3307796291 AbstractID = AAabo7rz7f3307796291
 ConcreteID CUSTOM = ConcreteID CUSTOM not available AbstractID CUSTOM = AA14c7etb7f3754560120
 @State ConcreteID = SC1foitkz776274620473 AbstractID = SRo6rhed71f1512117787
 ConcreteID CUSTOM = SC10p86bz76b1154900356 AbstractID CUSTOM = SAukqkbg7702651176507

	ROLE = LeftClickAt
	TARGET =
		WIDGET = WC1pibou72d1078429532, WR52qhb2b3065858412, WTepwx781a2606665320, WP18jou6l293601059081
		ROLE = UIAListItem
		TITLE = Microsoft YaHei
		SHAPE = Rect [x:713.0 y:839.0 w:151.0 h:19.0]
		CHILDREN = 0
		PATH = [1, 0, 1, 0, 5]
	DESCRIPTION = Left Click at 'Microsoft YaHei'
	TEXT = Compound Action =
		Move mouse to (788.5, 848.5).
		Press Mouse Button BUTTON1
		Release Mouse Button BUTTON1

ExecutedAction [78]: 
 @Action ConcreteID = ACer6zqr7e3814399338 AbstractID = AAer6zqr7e3814399338
 ConcreteID CUSTOM = ConcreteID CUSTOM not available AbstractID CUSTOM = AAcf2qdr80913485894
 @State ConcreteID = SCii0mg179d614555546 AbstractID = SRkuva5x7454220492912
 ConcreteID CUSTOM = SC1o4uvx77972533635051 AbstractID CUSTOM = SA15wmh017981095646741

	ROLE = LeftClickAt
	TARGET =
		WIDGET = WC1n58kya302774735429, WR52qhb2b3065858412, WT196sfts1d1624743138, WPs2li002c1094356547
		ROLE = UIAListItem
		TITLE = Microsoft YaHei UI
		SHAPE = Rect [x:713.0 y:858.0 w:151.0 h:19.0]
		CHILDREN = 0
		PATH = [1, 0, 1, 0, 6]
	DESCRIPTION = Left Click at 'Microsoft YaHei UI'
	TEXT = Compound Action =
		Move mouse to (788.5, 867.5).
		Press Mouse Button BUTTON1
		Release Mouse Button BUTTON1

ExecutedAction [79]: 
 @Action ConcreteID = AC9nge497e1657701719 AbstractID = AA9nge497e1657701719
 ConcreteID CUSTOM = ConcreteID CUSTOM not available AbstractID CUSTOM = AA7bc4r9803085379707
 @State ConcreteID = SCii0mg179d614555546 AbstractID = SRkuva5x7454220492912
 ConcreteID CUSTOM = SC1o4uvx77972533635051 AbstractID CUSTOM = SA15wmh017981095646741

	ROLE = LeftClickAt
	TARGET =
		WIDGET = WC1stxqav2e4013294183, WR52qhb2b3065858412, WTrrzs6l1b2526710263, WP15nm3at2a3085509925
		ROLE = UIAListItem
		TITLE = Microsoft Tai Le
		SHAPE = Rect [x:713.0 y:820.0 w:151.0 h:19.0]
		CHILDREN = 0
		PATH = [1, 0, 1, 0, 4]
	DESCRIPTION = Left Click at 'Microsoft Tai Le'
	TEXT = Compound Action =
		Move mouse to (788.5, 829.5).
		Press Mouse Button BUTTON1
		Release Mouse Button BUTTON1

ExecutedAction [80]: 
 @Action ConcreteID = AC1fhmrn0803853732444 AbstractID = AA1fhmrn0803853732444
 ConcreteID CUSTOM = ConcreteID CUSTOM not available AbstractID CUSTOM = AA55v13m7f4086162989
 @State ConcreteID = SC15p9fdq7762874989181 AbstractID = SRo6rhed71f1512117787
 ConcreteID CUSTOM = SC1v7ywpt76c1745965426 AbstractID CUSTOM = SAukqkbg7702651176507

	ROLE = LeftClickAt
	TARGET =
		WIDGET = WCdsohk02f2583117134, WR52qhb2b3065858412, WToa6nme1c2735570416, WP1y3ini2b4019624580
		ROLE = UIAListItem
		TITLE = Microsoft PhagsPa
		SHAPE = Rect [x:713.0 y:782.0 w:151.0 h:19.0]
		CHILDREN = 0
		PATH = [1, 0, 1, 0, 2]
	DESCRIPTION = Left Click at 'Microsoft PhagsPa'
	TEXT = Compound Action =
		Move mouse to (788.5, 791.5).
		Press Mouse Button BUTTON1
		Release Mouse Button BUTTON1

ExecutedAction [81]: 
 @Action ConcreteID = AC1r1wkm1802621875225 AbstractID = AA1r1wkm1802621875225
 ConcreteID CUSTOM = ConcreteID CUSTOM not available AbstractID CUSTOM = AAgq4u2n7f2323122280
 @State ConcreteID = SC15p9fdq7762874989181 AbstractID = SRo6rhed71f1512117787
 ConcreteID CUSTOM = SC1v7ywpt76c1745965426 AbstractID CUSTOM = SAukqkbg7702651176507

	ROLE = LeftClickAt
	TARGET =
		WIDGET = WC3r6fwk1e246553711, WR17v7k2nb1067391859, WTaz2n92112307194186, WPab1ioi1a128190957
		ROLE = UIAMenuItem
		TITLE = Format
		SHAPE = Rect [x:734.0 y:641.0 w:52.0 h:19.0]
		CHILDREN = 0
		PATH = [0, 2, 2]
	DESCRIPTION = Left Click at 'Format'
	TEXT = Compound Action =
		Move mouse to (760.0, 650.5).
		Press Mouse Button BUTTON1
		Release Mouse Button BUTTON1

ExecutedAction [82]: 
 @Action ConcreteID = AC1cxrgtr80582315498 AbstractID = AA1cxrgtr80582315498
 ConcreteID CUSTOM = ConcreteID CUSTOM not available AbstractID CUSTOM = AA2lzqad7f881574299
 @State ConcreteID = SC15p9fdq7762874989181 AbstractID = SRo6rhed71f1512117787
 ConcreteID CUSTOM = SC1v7ywpt76c1745965426 AbstractID CUSTOM = SAukqkbg7702651176507

	ROLE = LeftClickAt
	TARGET =
		WIDGET = WCd17ulr332716997108, WR52qhb2b3065858412, WThn99t4203085464048, WP1n6krnh2f1390854835
		ROLE = UIAListItem
		TITLE = Microsoft New Tai Lue
		SHAPE = Rect [x:713.0 y:763.0 w:151.0 h:19.0]
		CHILDREN = 0
		PATH = [1, 0, 1, 0, 1]
	DESCRIPTION = Left Click at 'Microsoft New Tai Lue'
	TEXT = Compound Action =
		Move mouse to (788.5, 772.5).
		Press Mouse Button BUTTON1
		Release Mouse Button BUTTON1

ExecutedAction [83]: 
 @Action ConcreteID = ACg1jgcu803921774633 AbstractID = AAg1jgcu803921774633
 ConcreteID CUSTOM = ConcreteID CUSTOM not available AbstractID CUSTOM = AA14qvrsk7f4294911064
 @State ConcreteID = SC15p9fdq7762874989181 AbstractID = SRo6rhed71f1512117787
 ConcreteID CUSTOM = SC1v7ywpt76c1745965426 AbstractID CUSTOM = SAukqkbg7702651176507

	ROLE = LeftClickAt
	TARGET =
		WIDGET = WC5zsj6a26849277005, WR1h6ibpb92248851252, WTbcxonh101439247762, WP10m89dw222913808628
		ROLE = UIAButton
		TITLE = Page up
		SHAPE = Rect [x:864.0 y:780.0 w:17.0 h:28.0]
		CHILDREN = 0
		PATH = [1, 0, 1, 0, 0, 1]
	DESCRIPTION = Left Click at 'Page up'
	TEXT = Compound Action =
		Move mouse to (872.5, 794.0).
		Press Mouse Button BUTTON1
		Release Mouse Button BUTTON1

ExecutedAction [84]: 
 @Action ConcreteID = AC1ocm6ftb72389320829 AbstractID = AA1ocm6ftb72389320829
 ConcreteID CUSTOM = ConcreteID CUSTOM not available AbstractID CUSTOM = AArrfmw5b63162509260
 @State ConcreteID = SC1fy3zc87773275328714 AbstractID = SRo6rhed71f1512117787
 ConcreteID CUSTOM = SC16f9uhb76d4216248904 AbstractID CUSTOM = SAukqkbg7702651176507

	ROLE = LeftDrag
	DESCRIPTION = Drag (875.0, 820.1315789473684) To (875.0, 821.7692307692307)
	TEXT = Compound Action =
		Move mouse to (875.0, 820.1315789473684).
		Press Mouse Button BUTTON1
		Move mouse to (875.0, 821.7692307692307).
		Release Mouse Button BUTTON1

ExecutedAction [85]: 
 @Action ConcreteID = ACkrszneb72381249067 AbstractID = AAkrszneb72381249067
 ConcreteID CUSTOM = ConcreteID CUSTOM not available AbstractID CUSTOM = AAs2o5w4b6983184209
 @State ConcreteID = SC15p9fdq7762874989181 AbstractID = SRo6rhed71f1512117787
 ConcreteID CUSTOM = SC1v7ywpt76c1745965426 AbstractID CUSTOM = SAukqkbg7702651176507

	ROLE = LeftDrag
	DESCRIPTION = Drag (875.0, 823.1578947368421) To (875.0, 804.0769230769231)
	TEXT = Compound Action =
		Move mouse to (875.0, 823.1578947368421).
		Press Mouse Button BUTTON1
		Move mouse to (875.0, 804.0769230769231).
		Release Mouse Button BUTTON1

ExecutedAction [86]: 
 @Action ConcreteID = AC17icpaz7f3861747746 AbstractID = AA17icpaz7f3861747746
 ConcreteID CUSTOM = ConcreteID CUSTOM not available AbstractID CUSTOM = AAxs95p67f3920676697
 @State ConcreteID = SCr90yyf7721706653937 AbstractID = SRo6rhed71f1512117787
 ConcreteID CUSTOM = SC1k5m11u76e1291122271 AbstractID CUSTOM = SAukqkbg7702651176507

	ROLE = LeftClickAt
	TARGET =
		WIDGET = WClf75u530178528574, WR52qhb2b3065858412, WT1i5w5fs1d2073281275, WP143ydgb2c3799244532
		ROLE = UIAListItem
		TITLE = MingLiU_HKSCS-ExtB
		SHAPE = Rect [x:713.0 y:801.0 w:151.0 h:19.0]
		CHILDREN = 0
		PATH = [1, 0, 1, 0, 3]
	DESCRIPTION = Left Click at 'MingLiU_HKSCS-ExtB'
	TEXT = Compound Action =
		Move mouse to (788.5, 810.5).
		Press Mouse Button BUTTON1
		Release Mouse Button BUTTON1

ExecutedAction [87]: 
 @Action ConcreteID = AC1e88xjn801583967379 AbstractID = AA1e88xjn801583967379
 ConcreteID CUSTOM = ConcreteID CUSTOM not available AbstractID CUSTOM = AA16w2pmk7f2595232101
 @State ConcreteID = SC118ad5o7723736847029 AbstractID = SRo6rhed71f1512117787
 ConcreteID CUSTOM = SC1pjqm9q76d366144119 AbstractID CUSTOM = SAukqkbg7702651176507

	ROLE = LeftClickAt
	TARGET =
		WIDGET = WCj6bk8j2d1021108807, WR52qhb2b3065858412, WT1ycwdy71a2713321326, WP17h0utd292246066047
		ROLE = UIAListItem
		TITLE = Mongolian Baiti
		SHAPE = Rect [x:713.0 y:858.0 w:151.0 h:19.0]
		CHILDREN = 0
		PATH = [1, 0, 1, 0, 6]
	DESCRIPTION = Left Click at 'Mongolian Baiti'
	TEXT = Compound Action =
		Move mouse to (788.5, 867.5).
		Press Mouse Button BUTTON1
		Release Mouse Button BUTTON1

ExecutedAction [88]: 
 @Action ConcreteID = AC1bodmqe80454262670 AbstractID = AA1bodmqe80454262670
 ConcreteID CUSTOM = ConcreteID CUSTOM not available AbstractID CUSTOM = AA14c7etb7f3754560120
 @State ConcreteID = SC118ad5o7723736847029 AbstractID = SRo6rhed71f1512117787
 ConcreteID CUSTOM = SC1pjqm9q76d366144119 AbstractID CUSTOM = SAukqkbg7702651176507

	ROLE = LeftClickAt
	TARGET =
		WIDGET = WCgyamfq241839791128, WR52qhb2b3065858412, WT17mik7x111344505797, WP9jqn6s202656562820
		ROLE = UIAListItem
		TITLE = Modern
		SHAPE = Rect [x:713.0 y:839.0 w:151.0 h:19.0]
		CHILDREN = 0
		PATH = [1, 0, 1, 0, 5]
	DESCRIPTION = Left Click at 'Modern'
	TEXT = Compound Action =
		Move mouse to (788.5, 848.5).
		Press Mouse Button BUTTON1
		Release Mouse Button BUTTON1

ExecutedAction [89]: 
 @Action ConcreteID = AC1obih718082025648 AbstractID = AA1obih718082025648
 ConcreteID CUSTOM = ConcreteID CUSTOM not available AbstractID CUSTOM = AA11sc4027f455442776
 @State ConcreteID = SC1whwebi7722482013043 AbstractID = SRo6rhed71f1512117787
 ConcreteID CUSTOM = SC13o4yqr76d3792853887 AbstractID CUSTOM = SAukqkbg7702651176507

	ROLE = LeftClickAt
	TARGET =
		WIDGET = WCuwpt6z2a2715984505, WR52qhb2b3065858412, WT1ybiyq1173911196371, WP1f6gr15264274960141
		ROLE = UIAListItem
		TITLE = MingLiU-ExtB
		SHAPE = Rect [x:713.0 y:820.0 w:151.0 h:19.0]
		CHILDREN = 0
		PATH = [1, 0, 1, 0, 4]
	DESCRIPTION = Left Click at 'MingLiU-ExtB'
	TEXT = Compound Action =
		Move mouse to (788.5, 829.5).
		Press Mouse Button BUTTON1
		Release Mouse Button BUTTON1

ExecutedAction [90]: 
 @Action ConcreteID = ACci190p80928289755 AbstractID = AAci190p80928289755
 ConcreteID CUSTOM = ConcreteID CUSTOM not available AbstractID CUSTOM = AA55v13m7f4086162989
 @State ConcreteID = SC118ad5o7723736847029 AbstractID = SRo6rhed71f1512117787
 ConcreteID CUSTOM = SC1pjqm9q76d366144119 AbstractID CUSTOM = SAukqkbg7702651176507

	ROLE = LeftClickAt
	TARGET =
		WIDGET = WCliftfb30177383694, WR52qhb2b3065858412, WT12lc4f1d3379562285, WP138gf452c3563261260
		ROLE = UIAListItem
		TITLE = Microsoft Yi Baiti
		SHAPE = Rect [x:713.0 y:782.0 w:151.0 h:19.0]
		CHILDREN = 0
		PATH = [1, 0, 1, 0, 2]
	DESCRIPTION = Left Click at 'Microsoft Yi Baiti'
	TEXT = Compound Action =
		Move mouse to (788.5, 791.5).
		Press Mouse Button BUTTON1
		Release Mouse Button BUTTON1

ExecutedAction [91]: 
 @Action ConcreteID = AC1f3gkbz802721761225 AbstractID = AA1f3gkbz802721761225
 ConcreteID CUSTOM = ConcreteID CUSTOM not available AbstractID CUSTOM = AA17racew7f1726198335
 @State ConcreteID = SC118ad5o7723736847029 AbstractID = SRo6rhed71f1512117787
 ConcreteID CUSTOM = SC1pjqm9q76d366144119 AbstractID CUSTOM = SAukqkbg7702651176507

	ROLE = LeftClickAt
	TARGET =
		WIDGET = WCt4p2qx272923655528, WR16s6p21c140494670, WTdtcs8f142835715827, WP1xa933r231015018069
		ROLE = UIAScrollBar
		TITLE = Vertical
		SHAPE = Rect [x:864.0 y:763.0 w:17.0 h:114.0]
		CHILDREN = 5
		PATH = [1, 0, 1, 0, 0]
	DESCRIPTION = Left Click at 'Vertical'
	TEXT = Compound Action =
		Move mouse to (872.5, 820.0).
		Press Mouse Button BUTTON1
		Release Mouse Button BUTTON1

ExecutedAction [92]: 
 @Action ConcreteID = AC1v9s8ag801258051839 AbstractID = AA1v9s8ag801258051839
 ConcreteID CUSTOM = ConcreteID CUSTOM not available AbstractID CUSTOM = AA1nxm0dd7f2384801033
 @State ConcreteID = SC118ad5o7723736847029 AbstractID = SRo6rhed71f1512117787
 ConcreteID CUSTOM = SC1pjqm9q76d366144119 AbstractID CUSTOM = SAukqkbg7702651176507

	ROLE = LeftClickAt
	TARGET =
		WIDGET = WCl3os1283255192830, WR1h6ibpb92248851252, WT493d5b122119396097, WP4d6dgj241488879760
		ROLE = UIAButton
		TITLE = Line down
		SHAPE = Rect [x:864.0 y:860.0 w:17.0 h:17.0]
		CHILDREN = 0
		PATH = [1, 0, 1, 0, 0, 4]
	DESCRIPTION = Left Click at 'Line down'
	TEXT = Compound Action =
		Move mouse to (872.5, 868.5).
		Press Mouse Button BUTTON1
		Release Mouse Button BUTTON1

ExecutedAction [93]: 
 @Action ConcreteID = AC1n8ngct7f1374695913 AbstractID = AA1n8ngct7f1374695913
 ConcreteID CUSTOM = ConcreteID CUSTOM not available AbstractID CUSTOM = AA16w2pmk7f2595232101
 @State ConcreteID = SCscxa6n7702474865971 AbstractID = SRo6rhed71f1512117787
 ConcreteID CUSTOM = SCa5wgmm76c2722404612 AbstractID CUSTOM = SAukqkbg7702651176507

	ROLE = LeftClickAt
	TARGET =
		WIDGET = WCpzjncw273708672159, WR52qhb2b3065858412, WTk81fjm14391569198, WP1v1uamm232420501154
		ROLE = UIAListItem
		TITLE = MS Gothic
		SHAPE = Rect [x:713.0 y:858.0 w:151.0 h:19.0]
		CHILDREN = 0
		PATH = [1, 0, 1, 0, 6]
	DESCRIPTION = Left Click at 'MS Gothic'
	TEXT = Compound Action =
		Move mouse to (788.5, 867.5).
		Press Mouse Button BUTTON1
		Release Mouse Button BUTTON1

ExecutedAction [94]: 
 @Action ConcreteID = ACas3mk8801340702371 AbstractID = AAas3mk8801340702371
 ConcreteID CUSTOM = ConcreteID CUSTOM not available AbstractID CUSTOM = AA160zs9802871849344
 @State ConcreteID = SCscxa6n7702474865971 AbstractID = SRo6rhed71f1512117787
 ConcreteID CUSTOM = SCa5wgmm76c2722404612 AbstractID CUSTOM = SAukqkbg7702651176507

	ROLE = LeftClickAt
	TARGET =
		WIDGET = WC109yavv281793967072, WR1h6ibpb92248851252, WT1cknvro121926923266, WP17evafh242251840842
		ROLE = UIAButton
		TITLE = Page down
		SHAPE = Rect [x:1090.0 y:829.0 w:17.0 h:22.0]
		CHILDREN = 0
		PATH = [1, 0, 5, 0, 0, 3]
	DESCRIPTION = Left Click at 'Page down'
	TEXT = Compound Action =
		Move mouse to (1098.5, 840.0).
		Press Mouse Button BUTTON1
		Release Mouse Button BUTTON1

ExecutedAction [95]: 
 @Action ConcreteID = AC18ovyqxb52099424020 AbstractID = AA18ovyqxb52099424020
 ConcreteID CUSTOM = ConcreteID CUSTOM not available AbstractID CUSTOM = AA6kl99nb63498602872
 @State ConcreteID = SCkpzadf75c247250936 AbstractID = SR1ljswng70b3628605126
 ConcreteID CUSTOM = SC9p6cxi759841432777 AbstractID CUSTOM = SA15utxhy75c662811097

	ROLE = LeftDrag
	DESCRIPTION = Drag (875.0, 826.7894736842105) To (875.0, 814.6923076923077)
	TEXT = Compound Action =
		Move mouse to (875.0, 826.7894736842105).
		Press Mouse Button BUTTON1
		Move mouse to (875.0, 814.6923076923077).
		Release Mouse Button BUTTON1

ExecutedAction [96]: 
 @Action ConcreteID = AC124pjrh801154091050 AbstractID = AA124pjrh801154091050
 ConcreteID CUSTOM = ConcreteID CUSTOM not available AbstractID CUSTOM = AA1qgwz0g804228682194
 @State ConcreteID = SC1r9thx675f951785968 AbstractID = SR1ljswng70b3628605126
 ConcreteID CUSTOM = SC10cvijm7581569012278 AbstractID CUSTOM = SA15utxhy75c662811097

	ROLE = LeftClickAt
	TARGET =
		WIDGET = WC1ncbzvw192190847418, WR1h6ibpb92248851252, WTzj707vb935461581, WPp283xa151526150678
		ROLE = UIAButton
		TITLE = OK
		SHAPE = Rect [x:946.0 y:1112.0 w:79.0 h:26.0]
		CHILDREN = 0
		PATH = [1, 0, 11]
	DESCRIPTION = Left Click at 'OK'
	TEXT = Compound Action =
		Move mouse to (985.5, 1125.0).
		Press Mouse Button BUTTON1
		Release Mouse Button BUTTON1

ExecutedAction [97]: 
 @Action ConcreteID = AC1ya9r4l802182970881 AbstractID = AA1ya9r4l802182970881
 ConcreteID CUSTOM = ConcreteID CUSTOM not available AbstractID CUSTOM = AAtex4a97f4133340053
 @State ConcreteID = SC1447eqf3032126256492 AbstractID = SR1p2fb732ea3889596822
 ConcreteID CUSTOM = SC5azlfd2ff1409378749 AbstractID CUSTOM = SAg85vig2f31746820844

	ROLE = LeftClickAt
	TARGET =
		WIDGET = WC3r6fwk1e246553711, WR17v7k2nb1067391859, WTaz2n92112307194186, WPab1ioi1a128190957
		ROLE = UIAMenuItem
		TITLE = Format
		SHAPE = Rect [x:734.0 y:641.0 w:52.0 h:19.0]
		CHILDREN = 0
		PATH = [0, 2, 2]
	DESCRIPTION = Left Click at 'Format'
	TEXT = Compound Action =
		Move mouse to (760.0, 650.5).
		Press Mouse Button BUTTON1
		Release Mouse Button BUTTON1

ExecutedAction [98]: 
 @Action ConcreteID = ACk3bbk97f1505661043 AbstractID = AAk3bbk97f1505661043
 ConcreteID CUSTOM = ConcreteID CUSTOM not available AbstractID CUSTOM = AAm828327f4110972643
 @State ConcreteID = SC5rn3aj3402259949826 AbstractID = SRoph0dk3254090515016
 ConcreteID CUSTOM = SC1doo3jg344391748730 AbstractID CUSTOM = SA12rgym3353235139059

	ROLE = LeftClickAt
	TARGET =
		WIDGET = WCnwxspk211003987001, WR17v7k2nb1067391859, WTxuhgyp144189972595, WP7eioyu1d65575959
		ROLE = UIAMenuItem
		TITLE = Word Wrap
		SHAPE = Rect [x:737.0 y:663.0 w:144.0 h:22.0]
		CHILDREN = 0
		PATH = [1, 0, 0]
	DESCRIPTION = Left Click at 'Word Wrap'
	TEXT = Compound Action =
		Move mouse to (809.0, 674.0).
		Press Mouse Button BUTTON1
		Release Mouse Button BUTTON1

ExecutedAction [99]: 
 @Action ConcreteID = AC2r7nii801839115388 AbstractID = AA2r7nii801839115388
 ConcreteID CUSTOM = ConcreteID CUSTOM not available AbstractID CUSTOM = AAnpqzns80297614770
 @State ConcreteID = SC11faml22b04170053297 AbstractID = SRet756u29c635606828
 ConcreteID CUSTOM = SCg5ftwg2ae3021336554 AbstractID CUSTOM = SA13uthkc2a21470264781

	ROLE = LeftClickAt
	TARGET =
		WIDGET = WC168je8h1c77364985, WR17v7k2nb1067391859, WT1qe6brdf138512687, WPbonzmn182500097632
		ROLE = UIAMenuItem
		TITLE = Edit
		SHAPE = Rect [x:700.0 y:641.0 w:34.0 h:19.0]
		CHILDREN = 0
		PATH = [1, 2, 1]
	DESCRIPTION = Left Click at 'Edit'
	TEXT = Compound Action =
		Move mouse to (717.0, 650.5).
		Press Mouse Button BUTTON1
		Release Mouse Button BUTTON1

ExecutedAction [100]: 
 @Action ConcreteID = ACswgfjn80193152235 AbstractID = AAswgfjn80193152235
 ConcreteID CUSTOM = ConcreteID CUSTOM not available AbstractID CUSTOM = AA18jf0u8803156070207
 @State ConcreteID = SC1pj346l3ce3347923441 AbstractID = SRdj6lo93b32554718551
 ConcreteID CUSTOM = SC1e4gqq93d53573462652 AbstractID CUSTOM = SA1dpxvex3c22964285035

	ROLE = LeftClickAt
	TARGET =
		WIDGET = WC4yuvch2e1878494038, WR17v7k2nb1067391859, WTegevvk211768697895, WP1rwjsan2a564491646
		ROLE = UIAMenuItem
		TITLE = Find Previous	Shift+F3
		SHAPE = Rect [x:703.0 y:853.0 w:225.0 h:22.0]
		CHILDREN = 0
		PATH = [1, 0, 8]
	DESCRIPTION = Left Click at 'Find Previous	Shift+F3'
	TEXT = Compound Action =
		Move mouse to (815.5, 864.0).
		Press Mouse Button BUTTON1
		Release Mouse Button BUTTON1

Sequence 1 finished.
Copying generated sequence ("sequence1715") to output directory...
Copying classified sequence ("sequence1715") to sequences_ok folder...
