Starting sequence 1 (output as: sequence36)

ExecutedAction [1]: 
 @Action ConcreteID = AC11pq1ss52639125521 AbstractID = AA1jycwkp4f3024507878
 ConcreteID CUSTOM = ConcreteID CUSTOM not available AbstractID CUSTOM = AA1v7fu7o4e3837710192
 @State ConcreteID = SC1xz2h4m142170224422 AbstractID = SR14ssm6r133607542776
 ConcreteID CUSTOM = SCoqwotv143773807160 AbstractID CUSTOM = SAdzlruf143021697002

	ROLE = HitKey
	DESCRIPTION = Hit Key 27
	TEXT = Compound Action =
		Press Key 27
		Release Key 27
		No Operation

ExecutedAction [2]: 
 @Action ConcreteID = ACvlrkig532279439317 AbstractID = AAhirx4d502201694535
 ConcreteID CUSTOM = ConcreteID CUSTOM not available AbstractID CUSTOM = AA1aqlt5d51453962386
 @State ConcreteID = SCtlitds15141773678805 AbstractID = SR11tz4fg14251106606537
 ConcreteID CUSTOM = SCj3zzs315102124649687 AbstractID CUSTOM = SA1sl8iuv15021646960184

	ROLE = HitKey
	DESCRIPTION = Hit Key 27
	TEXT = Compound Action =
		Press Key 27
		Release Key 27
		No Operation

ExecutedAction [3]: 
 @Action ConcreteID = AC4fsdxk801386309849 AbstractID = AA4fsdxk801386309849
 ConcreteID CUSTOM = ConcreteID CUSTOM not available AbstractID CUSTOM = AA6b9muk811943273754
 @State ConcreteID = SCtlitds15141773678805 AbstractID = SR11tz4fg14251106606537
 ConcreteID CUSTOM = SCj3zzs315102124649687 AbstractID CUSTOM = SA1sl8iuv15021646960184

	ROLE = LeftClickAt
	TARGET =
		WIDGET = WC1fm5k7y5b2385500363, WRa3fnoge3263686876, WT1sts6qm184101922613, WPletj3g57107487107
		ROLE = UIARadioButton
		TITLE = Incomplete
		SHAPE = Rect [x:597.0 y:415.0 w:81.0 h:16.0]
		CHILDREN = 0
		PATH = [0, 0, 0, 0, 0, 0, 1, 0, 0, 1, 0, 0, 0, 1, 0, 0, 0, 0, 0, 2, 1]
	DESCRIPTION = Left Click at 'Incomplete'
	TEXT = Compound Action =
		Move mouse to (637.5, 423.0).
		Press Mouse Button BUTTON1
		Release Mouse Button BUTTON1

ExecutedAction [4]: 
 @Action ConcreteID = AC1174u2r811036583840 AbstractID = AA1174u2r811036583840
 ConcreteID CUSTOM = ConcreteID CUSTOM not available AbstractID CUSTOM = AA1n5h2kg82134779821
 @State ConcreteID = SCyawnrh15293818823942 AbstractID = SRu45ieq14393697069132
 ConcreteID CUSTOM = SC1cc2oz2151f3590522407 AbstractID CUSTOM = SA12vqul515151099512415

	ROLE = LeftClickAt
	TARGET =
		WIDGET = WC1x8kstd2f3363887863, WR1k8fo0ra1109144095, WT708py613944091805, WPyejvwz2b2070950208
		ROLE = UIATabItem
		TITLE = Task List
		SHAPE = Rect [x:1064.0 y:318.0 w:93.0 h:24.0]
		CHILDREN = 0
		PATH = [0, 0, 0, 0, 0, 0, 2, 3]
	DESCRIPTION = Left Click at 'Task List'
	TEXT = Compound Action =
		Move mouse to (1110.5, 330.0).
		Press Mouse Button BUTTON1
		Release Mouse Button BUTTON1

ExecutedAction [5]: 
 @Action ConcreteID = AC1wj2lj980446608549 AbstractID = AA1wj2lj980446608549
 ConcreteID CUSTOM = ConcreteID CUSTOM not available AbstractID CUSTOM = AAd9ujc813488800189
 @State ConcreteID = SC197ehgg14ee265655212 AbstractID = SR1ceg73z1411239231629
 ConcreteID CUSTOM = SC11z2qrm14fc766669715 AbstractID CUSTOM = SA102d2uw14ee3908548384

	ROLE = LeftClickAt
	TARGET =
		WIDGET = WC1h4r7tf343472643547, WR1h6ibpb92248851252, WT17n94sl212370609578, WP168395t302787361387
		ROLE = UIAButton
		TITLE = Open Type (Ctrl+Shift+T)
		SHAPE = Rect [x:587.0 y:290.0 w:23.0 h:22.0]
		CHILDREN = 0
		PATH = [0, 2, 4, 0, 0]
	DESCRIPTION = Left Click at 'Open Type (Ctrl+Shift+T)'
	TEXT = Compound Action =
		Move mouse to (598.5, 301.0).
		Press Mouse Button BUTTON1
		Release Mouse Button BUTTON1

ExecutedAction [6]: 
 @Action ConcreteID = AC5cp9q980246645341 AbstractID = AA5cp9q980246645341
 ConcreteID CUSTOM = ConcreteID CUSTOM not available AbstractID CUSTOM = AAl8e06d804128232354
 @State ConcreteID = SCam7wsg15bc4031506264 AbstractID = SRhyqh4r14d1917418895
 ConcreteID CUSTOM = SC1cyif6n15cb3056414278 AbstractID CUSTOM = SAka0pcr15b62961965476

	ROLE = LeftClickAt
	TARGET =
		WIDGET = WC1p15j521b3556669635, WR1h6ibpb92248851252, WTzj7080b316331869, WPaep0go173936385609
		ROLE = UIAButton
		TITLE = No
		SHAPE = Rect [x:901.0 y:629.0 w:92.0 h:25.0]
		CHILDREN = 0
		PATH = [0, 0, 3, 1]
	DESCRIPTION = Left Click at 'No'
	TEXT = Compound Action =
		Move mouse to (947.0, 641.5).
		Press Mouse Button BUTTON1
		Release Mouse Button BUTTON1

ExecutedAction [7]: 
 @Action ConcreteID = AChgixwj812857086183 AbstractID = AAhgixwj812857086183
 ConcreteID CUSTOM = ConcreteID CUSTOM not available AbstractID CUSTOM = AAty1i5x803002638402
 @State ConcreteID = SC1pwd8m314f02574243370 AbstractID = SR16dfxqg13fd2003604614
 ConcreteID CUSTOM = SC99nceo14e467662231 AbstractID CUSTOM = SAujj0vq14d82427234470

	ROLE = LeftClickAt
	TARGET =
		WIDGET = WC5xnt9391359237806, WR1k8fo0ra1109144095, WTvurn56171267274322, WPc0nqv335276518709
		ROLE = UIATabItem
		TITLE = *1 000 000,00
		SHAPE = Rect [x:499.0 y:318.0 w:118.0 h:24.0]
		CHILDREN = 0
		PATH = [0, 0, 0, 0, 0, 0, 1, 0, 0, 2]
	DESCRIPTION = Left Click at '*1 000 000,00'
	TEXT = Compound Action =
		Move mouse to (558.0, 330.0).
		Press Mouse Button BUTTON1
		Release Mouse Button BUTTON1

ExecutedAction [8]: 
 @Action ConcreteID = ACfh1j8q821878573940 AbstractID = AAfh1j8q821878573940
 ConcreteID CUSTOM = ConcreteID CUSTOM not available AbstractID CUSTOM = AA16x8yhp821634321181
 @State ConcreteID = SC19n8yij14f03104137706 AbstractID = SR1ceg73z1411239231629
 ConcreteID CUSTOM = SC1q0liry14fd717234606 AbstractID CUSTOM = SA102d2uw14ee3908548384

	ROLE = LeftClickAt
	TARGET =
		WIDGET = WC1lbicqq3e4249105706, WR1h6ibpb92248851252, WTtbaw051c1143779680, WP1wpprp03a1397907362
		ROLE = UIAButton
		TITLE = Synchronize Changed
		SHAPE = Rect [x:1148.0 y:375.0 w:23.0 h:22.0]
		CHILDREN = 0
		PATH = [0, 1, 0, 0, 0, 0, 2, 1, 0, 7]
	DESCRIPTION = Left Click at 'Synchronize Changed'
	TEXT = Compound Action =
		Move mouse to (1159.5, 386.0).
		Press Mouse Button BUTTON1
		Release Mouse Button BUTTON1

ExecutedAction [9]: 
 @Action ConcreteID = AC11z2onh811413618877 AbstractID = AA11z2onh811413618877
 ConcreteID CUSTOM = ConcreteID CUSTOM not available AbstractID CUSTOM = AA1egl8wv801290866712
 @State ConcreteID = SC1pwd8m314f02574243370 AbstractID = SR16dfxqg13fd2003604614
 ConcreteID CUSTOM = SC99nceo14e467662231 AbstractID CUSTOM = SAujj0vq14d82427234470

	ROLE = LeftClickAt
	TARGET =
		WIDGET = WCcwq7rc2e3085343107, WR1e04pz3e358922214, WTaocbwu1b2980317179, WP1rdavbq2a3062713049
		ROLE = UIASplitButton
		TITLE = Run Last Tool
		SHAPE = Rect [x:478.0 y:290.0 w:38.0 h:22.0]
		CHILDREN = 0
		PATH = [0, 1, 2, 0, 3]
	DESCRIPTION = Left Click at 'Run Last Tool'
	TEXT = Compound Action =
		Move mouse to (497.0, 301.0).
		Press Mouse Button BUTTON1
		Release Mouse Button BUTTON1

ExecutedAction [10]: 
 @Action ConcreteID = AC18oybr2801282352733 AbstractID = AA18oybr2801282352733
 ConcreteID CUSTOM = ConcreteID CUSTOM not available AbstractID CUSTOM = AAxcbepc81791413957
 @State ConcreteID = SC4q0jh119e92577599728 AbstractID = SRy8w1u118bf1425256091
 ConcreteID CUSTOM = SCd64u221a031917657396 AbstractID CUSTOM = SA14savay19e52581300328

	ROLE = LeftClickAt
	TARGET =
		WIDGET = WCc48954241537252449, WR88rmk0b1934231702, WT88rmk0b1934231702, WP13bcoba203332422973
		ROLE = UIACheckBox
		TITLE = 
		SHAPE = Rect [x:365.0 y:783.0 w:31.0 h:30.0]
		CHILDREN = 0
		PATH = [0, 0, 1, 0, 1, 0, 0]
	DESCRIPTION = Left Click at ''
	TEXT = Compound Action =
		Move mouse to (380.5, 798.0).
		Press Mouse Button BUTTON1
		Release Mouse Button BUTTON1

ExecutedAction [11]: 
 @Action ConcreteID = AC13wpioc802761238318 AbstractID = AA13wpioc802761238318
 ConcreteID CUSTOM = ConcreteID CUSTOM not available AbstractID CUSTOM = AA1k6alno802122867098
 @State ConcreteID = SC2ya3r21c912751843565 AbstractID = SRrg9ndn1b3b3286026535
 ConcreteID CUSTOM = SCl40v0s1ca1113471807 AbstractID CUSTOM = SAfb1kig1c922092157987

	ROLE = LeftClickAt
	TARGET =
		WIDGET = WC1j3w1wm40678425072, WR5quxi6b4097176690, WT1uhbb0m123361825299, WP1oyp6l43c2728126461
		ROLE = UIATreeItem
		TITLE = Program
		SHAPE = Rect [x:403.0 y:369.0 w:50.0 h:18.0]
		CHILDREN = 0
		PATH = [0, 0, 0, 0, 0, 1, 0, 0, 0, 1, 0, 1, 0, 1]
	DESCRIPTION = Left Click at 'Program'
	TEXT = Compound Action =
		Move mouse to (428.0, 378.0).
		Press Mouse Button BUTTON1
		Release Mouse Button BUTTON1

ExecutedAction [12]: 
 @Action ConcreteID = ACocc9l803362953701 AbstractID = AAocc9l803362953701
 ConcreteID CUSTOM = ConcreteID CUSTOM not available AbstractID CUSTOM = AAfv8c3803011882447
 @State ConcreteID = SCvvtfy31c901022360835 AbstractID = SRrg9ndn1b3b3286026535
 ConcreteID CUSTOM = SC104v8711ca12638603365 AbstractID CUSTOM = SA1bv7t2i1c93213982919

	ROLE = LeftClickAt
	TARGET =
		WIDGET = WCtkp79f5b3903799467, WR1h6ibpb92248851252, WTz0tl0z364273144617, WP1c79zkh572252673112
		ROLE = UIAButton
		TITLE = Collapses all expanded launch configurations.
		SHAPE = Rect [x:483.0 y:297.0 w:23.0 h:22.0]
		CHILDREN = 0
		PATH = [0, 0, 0, 0, 0, 1, 0, 0, 0, 0, 5]
	DESCRIPTION = Left Click at 'Collapses all expanded launch configurations.'
	TEXT = Compound Action =
		Move mouse to (494.5, 308.0).
		Press Mouse Button BUTTON1
		Release Mouse Button BUTTON1

ExecutedAction [13]: 
 @Action ConcreteID = ACcx0ibt12c2347901791 AbstractID = AA1ya9pzrd51796238497
 ConcreteID CUSTOM = ConcreteID CUSTOM not available AbstractID CUSTOM = AAbsz2nxd53899147796
 @State ConcreteID = SCvvtfy31c901022360835 AbstractID = SRrg9ndn1b3b3286026535
 ConcreteID CUSTOM = SC104v8711ca12638603365 AbstractID CUSTOM = SA1bv7t2i1c93213982919

	ROLE = ClickTypeInto
	TARGET =
		WIDGET = WC1as67rs1767163870, WR4n0dlj72701565195, WT4n0dlj72701565195, WPskqll6131280528131
		ROLE = UIAEdit
		TITLE = 
		SHAPE = Rect [x:365.0 y:256.0 w:698.0 h:33.0]
		CHILDREN = 0
		PATH = [0, 0, 0, 3]
	DESCRIPTION = Type '<a href="\xE2\x8...' into '
	TEXT = Compound Action =
		Compound Action =
		Move mouse to (714.0, 272.5).
		Press Mouse Button BUTTON1
		Release Mouse Button BUTTON1
		Press Key 17
		Press Key 65
		Release Key 65
		Release Key 17
		Type text '<a href="\xE2\x80\x80javascript:javascript:alert(1)" id="fuzzelement1">test</a>'

ExecutedAction [14]: 
 @Action ConcreteID = ACr5ltg880334496622 AbstractID = AAr5ltg880334496622
 ConcreteID CUSTOM = ConcreteID CUSTOM not available AbstractID CUSTOM = AAqx4piq801745303364
 @State ConcreteID = SCvvtfy31c901022360835 AbstractID = SRrg9ndn1b3b3286026535
 ConcreteID CUSTOM = SC104v8711ca12638603365 AbstractID CUSTOM = SA1bv7t2i1c93213982919

	ROLE = LeftClickAt
	TARGET =
		WIDGET = WCkh84o9243333389591, WR88rmk0b1934231702, WT88rmk0b1934231702, WP1bocjuf201538219083
		ROLE = UIACheckBox
		TITLE = 
		SHAPE = Rect [x:365.0 y:783.0 w:31.0 h:30.0]
		CHILDREN = 0
		PATH = [0, 0, 0, 0, 1, 0, 0]
	DESCRIPTION = Left Click at ''
	TEXT = Compound Action =
		Move mouse to (380.5, 798.0).
		Press Mouse Button BUTTON1
		Release Mouse Button BUTTON1

ExecutedAction [15]: 
 @Action ConcreteID = AC1o8ub1780686623954 AbstractID = AA1o8ub1780686623954
 ConcreteID CUSTOM = ConcreteID CUSTOM not available AbstractID CUSTOM = AA1qrk4eh812761829197
 @State ConcreteID = SCrgo1mm19d82277103034 AbstractID = SR1cobrv618ab767460998
 ConcreteID CUSTOM = SCxxjqrc19e02821737227 AbstractID CUSTOM = SA145ze2d19c43014906520

	ROLE = LeftClickAt
	TARGET =
		WIDGET = WC1j3w1wm40678425072, WR5quxi6b4097176690, WT1uhbb0m123361825299, WP1oyp6l43c2728126461
		ROLE = UIATreeItem
		TITLE = Program
		SHAPE = Rect [x:403.0 y:369.0 w:50.0 h:18.0]
		CHILDREN = 0
		PATH = [0, 0, 0, 0, 0, 1, 0, 0, 0, 1, 0, 1, 0, 1]
	DESCRIPTION = Left Click at 'Program'
	TEXT = Compound Action =
		Move mouse to (428.0, 378.0).
		Press Mouse Button BUTTON1
		Release Mouse Button BUTTON1

ExecutedAction [16]: 
 @Action ConcreteID = ACvxu8zp812489221782 AbstractID = AAvxu8zp812489221782
 ConcreteID CUSTOM = ConcreteID CUSTOM not available AbstractID CUSTOM = AA1kwt41981430958718
 @State ConcreteID = SC12lfh3d19d83760663133 AbstractID = SR1cobrv618ab767460998
 ConcreteID CUSTOM = SCwk121z19e02612620329 AbstractID CUSTOM = SA145ze2d19c43014906520

	ROLE = LeftClickAt
	TARGET =
		WIDGET = WCoku33m32940728805, WR4na8ob72534219213, WT4na8ob72534219213, WPgwkikg2e166060183
		ROLE = UIATree
		TITLE = 
		SHAPE = Rect [x:365.0 y:351.0 w:169.0 h:391.0]
		CHILDREN = 2
		PATH = [0, 0, 0, 0, 0, 1, 0, 0, 0, 1, 0, 1, 0]
	DESCRIPTION = Left Click at ''
	TEXT = Compound Action =
		Move mouse to (449.5, 546.5).
		Press Mouse Button BUTTON1
		Release Mouse Button BUTTON1

ExecutedAction [17]: 
 @Action ConcreteID = AC11sl9cx81695157157 AbstractID = AA11sl9cx81695157157
 ConcreteID CUSTOM = ConcreteID CUSTOM not available AbstractID CUSTOM = AA1qrk4eh812761829197
 @State ConcreteID = SC12lfh3d19d83760663133 AbstractID = SR1cobrv618ab767460998
 ConcreteID CUSTOM = SCwk121z19e02612620329 AbstractID CUSTOM = SA145ze2d19c43014906520

	ROLE = LeftClickAt
	TARGET =
		WIDGET = WC1j3w1wm40678425072, WR5quxi6b4097176690, WT1uhbb0m123361825299, WP1oyp6l43c2728126461
		ROLE = UIATreeItem
		TITLE = Program
		SHAPE = Rect [x:403.0 y:369.0 w:50.0 h:18.0]
		CHILDREN = 0
		PATH = [0, 0, 0, 0, 0, 1, 0, 0, 0, 1, 0, 1, 0, 1]
	DESCRIPTION = Left Click at 'Program'
	TEXT = Compound Action =
		Move mouse to (428.0, 378.0).
		Press Mouse Button BUTTON1
		Release Mouse Button BUTTON1

ExecutedAction [18]: 
 @Action ConcreteID = AC1mrx6gd81154487462 AbstractID = AA1mrx6gd81154487462
 ConcreteID CUSTOM = ConcreteID CUSTOM not available AbstractID CUSTOM = AAcprzit812227445838
 @State ConcreteID = SC12lfh3d19d83760663133 AbstractID = SR1cobrv618ab767460998
 ConcreteID CUSTOM = SCwk121z19e02612620329 AbstractID CUSTOM = SA145ze2d19c43014906520

	ROLE = LeftClickAt
	TARGET =
		WIDGET = WCkh84o9243333389591, WR88rmk0b1934231702, WT88rmk0b1934231702, WP1bocjuf201538219083
		ROLE = UIACheckBox
		TITLE = 
		SHAPE = Rect [x:365.0 y:783.0 w:31.0 h:30.0]
		CHILDREN = 0
		PATH = [0, 0, 0, 0, 1, 0, 0]
	DESCRIPTION = Left Click at ''
	TEXT = Compound Action =
		Move mouse to (380.5, 798.0).
		Press Mouse Button BUTTON1
		Release Mouse Button BUTTON1

ExecutedAction [19]: 
 @Action ConcreteID = ACign1l47f1046782898 AbstractID = AAign1l47f1046782898
 ConcreteID CUSTOM = ConcreteID CUSTOM not available AbstractID CUSTOM = AA53oe62811491278915
 @State ConcreteID = SCy3s28a1bf3933907931 AbstractID = SR1nn78hf1aab2307064091
 ConcreteID CUSTOM = SC19ugocx1c002236678050 AbstractID CUSTOM = SA1ulpu761bee2547609837

	ROLE = LeftClickAt
	TARGET =
		WIDGET = WCtkp79f5b3903799467, WR1h6ibpb92248851252, WTz0tl0z364273144617, WP1c79zkh572252673112
		ROLE = UIAButton
		TITLE = Collapses all expanded launch configurations.
		SHAPE = Rect [x:483.0 y:297.0 w:23.0 h:22.0]
		CHILDREN = 0
		PATH = [0, 0, 0, 0, 0, 1, 0, 0, 0, 0, 5]
	DESCRIPTION = Left Click at 'Collapses all expanded launch configurations.'
	TEXT = Compound Action =
		Move mouse to (494.5, 308.0).
		Press Mouse Button BUTTON1
		Release Mouse Button BUTTON1

ExecutedAction [20]: 
 @Action ConcreteID = ACinprci7f1750052186 AbstractID = AAinprci7f1750052186
 ConcreteID CUSTOM = ConcreteID CUSTOM not available AbstractID CUSTOM = AAmupwe8813084532477
 @State ConcreteID = SCzspjo51bf3255985131 AbstractID = SR1nn78hf1aab2307064091
 ConcreteID CUSTOM = SC1ag9edc1c001296542644 AbstractID CUSTOM = SA1ulpu761bee2547609837

	ROLE = LeftClickAt
	TARGET =
		WIDGET = WC1u559y042599932901, WR5quxi6b4097176690, WT1cdwtav142657438390, WPovksui3e2233684383
		ROLE = UIATreeItem
		TITLE = Ant Build
		SHAPE = Rect [x:403.0 y:351.0 w:53.0 h:18.0]
		CHILDREN = 0
		PATH = [0, 0, 0, 0, 0, 1, 0, 0, 0, 1, 0, 1, 0, 0]
	DESCRIPTION = Left Click at 'Ant Build'
	TEXT = Compound Action =
		Move mouse to (429.5, 360.0).
		Press Mouse Button BUTTON1
		Release Mouse Button BUTTON1

ExecutedAction [21]: 
 @Action ConcreteID = ACjusub7f3248478559 AbstractID = AAjusub7f3248478559
 ConcreteID CUSTOM = ConcreteID CUSTOM not available AbstractID CUSTOM = AA4quxw181503992056
 @State ConcreteID = SCzspjo51bf3255985131 AbstractID = SR1nn78hf1aab2307064091
 ConcreteID CUSTOM = SC1ag9edc1c001296542644 AbstractID CUSTOM = SA1ulpu761bee2547609837

	ROLE = LeftClickAt
	TARGET =
		WIDGET = WCoku33m32940728805, WR4na8ob72534219213, WT4na8ob72534219213, WPgwkikg2e166060183
		ROLE = UIATree
		TITLE = 
		SHAPE = Rect [x:365.0 y:351.0 w:169.0 h:391.0]
		CHILDREN = 2
		PATH = [0, 0, 0, 0, 0, 1, 0, 0, 0, 1, 0, 1, 0]
	DESCRIPTION = Left Click at ''
	TEXT = Compound Action =
		Move mouse to (449.5, 546.5).
		Press Mouse Button BUTTON1
		Release Mouse Button BUTTON1

ExecutedAction [22]: 
 @Action ConcreteID = ACrdxqaz7f1559499119 AbstractID = AArdxqaz7f1559499119
 ConcreteID CUSTOM = ConcreteID CUSTOM not available AbstractID CUSTOM = AAvkxvcp812204206792
 @State ConcreteID = SCzspjo51bf3255985131 AbstractID = SR1nn78hf1aab2307064091
 ConcreteID CUSTOM = SC1ag9edc1c001296542644 AbstractID CUSTOM = SA1ulpu761bee2547609837

	ROLE = LeftClickAt
	TARGET =
		WIDGET = WCkh84o9243333389591, WR88rmk0b1934231702, WT88rmk0b1934231702, WP1bocjuf201538219083
		ROLE = UIACheckBox
		TITLE = 
		SHAPE = Rect [x:365.0 y:783.0 w:31.0 h:30.0]
		CHILDREN = 0
		PATH = [0, 0, 0, 0, 1, 0, 0]
	DESCRIPTION = Left Click at ''
	TEXT = Compound Action =
		Move mouse to (380.5, 798.0).
		Press Mouse Button BUTTON1
		Release Mouse Button BUTTON1

ExecutedAction [23]: 
 @Action ConcreteID = AC1iqwqy0803543506266 AbstractID = AA1iqwqy0803543506266
 ConcreteID CUSTOM = ConcreteID CUSTOM not available AbstractID CUSTOM = AA1l9mkba811598470853
 @State ConcreteID = SCrgo1mm19d82277103034 AbstractID = SR1cobrv618ab767460998
 ConcreteID CUSTOM = SCxxjqrc19e02821737227 AbstractID CUSTOM = SA145ze2d19c43014906520

	ROLE = LeftClickAt
	TARGET =
		WIDGET = WCtkp79f5b3903799467, WR1h6ibpb92248851252, WTz0tl0z364273144617, WP1c79zkh572252673112
		ROLE = UIAButton
		TITLE = Collapses all expanded launch configurations.
		SHAPE = Rect [x:483.0 y:297.0 w:23.0 h:22.0]
		CHILDREN = 0
		PATH = [0, 0, 0, 0, 0, 1, 0, 0, 0, 0, 5]
	DESCRIPTION = Left Click at 'Collapses all expanded launch configurations.'
	TEXT = Compound Action =
		Move mouse to (494.5, 308.0).
		Press Mouse Button BUTTON1
		Release Mouse Button BUTTON1

ExecutedAction [24]: 
 @Action ConcreteID = ACwanp9q813535261741 AbstractID = AAwanp9q813535261741
 ConcreteID CUSTOM = ConcreteID CUSTOM not available AbstractID CUSTOM = AA1l9mkba811598470853
 @State ConcreteID = SC12lfh3d19d83760663133 AbstractID = SR1cobrv618ab767460998
 ConcreteID CUSTOM = SCwk121z19e02612620329 AbstractID CUSTOM = SA145ze2d19c43014906520

	ROLE = LeftClickAt
	TARGET =
		WIDGET = WCtkp79f5b3903799467, WR1h6ibpb92248851252, WTz0tl0z364273144617, WP1c79zkh572252673112
		ROLE = UIAButton
		TITLE = Collapses all expanded launch configurations.
		SHAPE = Rect [x:483.0 y:297.0 w:23.0 h:22.0]
		CHILDREN = 0
		PATH = [0, 0, 0, 0, 0, 1, 0, 0, 0, 0, 5]
	DESCRIPTION = Left Click at 'Collapses all expanded launch configurations.'
	TEXT = Compound Action =
		Move mouse to (494.5, 308.0).
		Press Mouse Button BUTTON1
		Release Mouse Button BUTTON1

ExecutedAction [25]: 
 @Action ConcreteID = AC1e1p7hw811032779411 AbstractID = AA1e1p7hw811032779411
 ConcreteID CUSTOM = ConcreteID CUSTOM not available AbstractID CUSTOM = AA3zk0kc812961153147
 @State ConcreteID = SC12lfh3d19d83760663133 AbstractID = SR1cobrv618ab767460998
 ConcreteID CUSTOM = SCwk121z19e02612620329 AbstractID CUSTOM = SA145ze2d19c43014906520

	ROLE = LeftClickAt
	TARGET =
		WIDGET = WC1u559y042599932901, WR5quxi6b4097176690, WT1cdwtav142657438390, WPovksui3e2233684383
		ROLE = UIATreeItem
		TITLE = Ant Build
		SHAPE = Rect [x:403.0 y:351.0 w:53.0 h:18.0]
		CHILDREN = 0
		PATH = [0, 0, 0, 0, 0, 1, 0, 0, 0, 1, 0, 1, 0, 0]
	DESCRIPTION = Left Click at 'Ant Build'
	TEXT = Compound Action =
		Move mouse to (429.5, 360.0).
		Press Mouse Button BUTTON1
		Release Mouse Button BUTTON1

ExecutedAction [26]: 
 @Action ConcreteID = ACrfuwvf811187273552 AbstractID = AArfuwvf811187273552
 ConcreteID CUSTOM = ConcreteID CUSTOM not available AbstractID CUSTOM = AA1getrwz813409260984
 @State ConcreteID = SC12lfh3d19d83760663133 AbstractID = SR1cobrv618ab767460998
 ConcreteID CUSTOM = SCwk121z19e02612620329 AbstractID CUSTOM = SA145ze2d19c43014906520

	ROLE = LeftClickAt
	TARGET =
		WIDGET = WC15mc989463138000849, WR1ca707tc1438424989, WTjo89s21a356895357, WPsoz6sr421884576366
		ROLE = UIAHyperLink
		TITLE = 'Perspectives'
		SHAPE = Rect [x:800.0 y:612.0 w:71.0 h:15.0]
		CHILDREN = 0
		PATH = [0, 0, 0, 0, 0, 1, 0, 1, 0, 0, 0, 12, 0]
	DESCRIPTION = Left Click at ''Perspectives''
	TEXT = Compound Action =
		Move mouse to (835.5, 619.5).
		Press Mouse Button BUTTON1
		Release Mouse Button BUTTON1

ExecutedAction [27]: 
 @Action ConcreteID = AC19t5i8x802499413064 AbstractID = AA19t5i8x802499413064
 ConcreteID CUSTOM = ConcreteID CUSTOM not available AbstractID CUSTOM = AAoti71s812483358805
 @State ConcreteID = SCxx3s9720a72265355438 AbstractID = SR1vy779h1f142726256137
 ConcreteID CUSTOM = SC6qa7px20bd157832226 AbstractID CUSTOM = SA1fggjgw20b73637896516

	ROLE = LeftClickAt
	TARGET =
		WIDGET = WC1tv7big333200801597, WR5quxi6b4097176690, WTg71w6p143372539222, WPmu5pli2f264479936
		ROLE = UIATreeItem
		TITLE = Run/Debug
		SHAPE = Rect [x:405.0 y:217.0 w:65.0 h:18.0]
		CHILDREN = 1
		PATH = [0, 0, 0, 0, 0, 0, 1, 0, 0]
	DESCRIPTION = Left Click at 'Run/Debug'
	TEXT = Compound Action =
		Move mouse to (437.5, 226.0).
		Press Mouse Button BUTTON1
		Release Mouse Button BUTTON1

ExecutedAction [28]: 
 @Action ConcreteID = AC1myxu5g801118751258 AbstractID = AA1myxu5g801118751258
 ConcreteID CUSTOM = ConcreteID CUSTOM not available AbstractID CUSTOM = AA1iu50jh80503109280
 @State ConcreteID = SC6z78i61f4b1475204227 AbstractID = SRrnfvcq1dd43422780001
 ConcreteID CUSTOM = SC1v0741v1f6e4168065832 AbstractID CUSTOM = SA5u6wld1f641223328849

	ROLE = LeftClickAt
	TARGET =
		WIDGET = WC14j5l1m3d3877412154, WR1h6ibpb92248851252, WT1r6rjy317375762570, WPixeypo394137283908
		ROLE = UIAButton
		TITLE = Color Selector
		SHAPE = Rect [x:763.0 y:475.0 w:51.0 h:25.0]
		CHILDREN = 0
		PATH = [0, 0, 0, 0, 3, 2, 0, 0, 0, 1, 12]
	DESCRIPTION = Left Click at 'Color Selector'
	TEXT = Compound Action =
		Move mouse to (788.5, 487.5).
		Press Mouse Button BUTTON1
		Release Mouse Button BUTTON1

ExecutedAction [29]: 
 @Action ConcreteID = AC14fpxod801570432010 AbstractID = AA14fpxod801570432010
 ConcreteID CUSTOM = ConcreteID CUSTOM not available AbstractID CUSTOM = AAipw8kd803811149054
 @State ConcreteID = SC1tyazwu2191442568856 AbstractID = SRht3ysx1ff23583682251
 ConcreteID CUSTOM = SC13rkrr8219c3404182604 AbstractID CUSTOM = SA1l3d4821bb1689317215

	ROLE = LeftClickAt
	TARGET =
		WIDGET = WCk3zl7e1b1120625859, WR1h6ibpb92248851252, WTzj707vb935461581, WPymguto17665060744
		ROLE = UIAButton
		TITLE = OK
		SHAPE = Rect [x:391.0 y:481.0 w:66.0 h:23.0]
		CHILDREN = 0
		PATH = [0, 0, 0, 5]
	DESCRIPTION = Left Click at 'OK'
	TEXT = Compound Action =
		Move mouse to (424.0, 492.5).
		Press Mouse Button BUTTON1
		Release Mouse Button BUTTON1

ExecutedAction [30]: 
 @Action ConcreteID = AC1roo2qp802929952956 AbstractID = AA1roo2qp802929952956
 ConcreteID CUSTOM = ConcreteID CUSTOM not available AbstractID CUSTOM = AA1njv94q804059141126
 @State ConcreteID = SC6z78i61f4b1475204227 AbstractID = SRrnfvcq1dd43422780001
 ConcreteID CUSTOM = SC1v0741v1f6e4168065832 AbstractID CUSTOM = SA5u6wld1f641223328849

	ROLE = LeftClickAt
	TARGET =
		WIDGET = WC1of0el6393138371136, WR5quxi6b4097176690, WTsobi0l173643541221, WP7ibivg35268907066
		ROLE = UIATreeItem
		TITLE = Perspectives
		SHAPE = Rect [x:421.0 y:235.0 w:69.0 h:18.0]
		CHILDREN = 0
		PATH = [0, 0, 0, 0, 0, 0, 1, 0, 0, 0]
	DESCRIPTION = Left Click at 'Perspectives'
	TEXT = Compound Action =
		Move mouse to (455.5, 244.0).
		Press Mouse Button BUTTON1
		Release Mouse Button BUTTON1

ExecutedAction [31]: 
 @Action ConcreteID = ACfv59oi813192877787 AbstractID = AAfv59oi813192877787
 ConcreteID CUSTOM = ConcreteID CUSTOM not available AbstractID CUSTOM = AA1gda12m802443252071
 @State ConcreteID = SC1b2cv4o20a81464046548 AbstractID = SR1vy779h1f142726256137
 ConcreteID CUSTOM = SC52f7re20bf3980179016 AbstractID CUSTOM = SAwi61j820b73547545904

	ROLE = LeftClickAt
	TARGET =
		WIDGET = WC1o2vdwq4d1577234010, WR5quxi6b4097176690, WT1j0fo4u222940225510, WP1vhpt2w491373897836
		ROLE = UIATreeItem
		TITLE = Remote Java Application
		SHAPE = Rect [x:621.0 y:596.0 w:134.0 h:18.0]
		CHILDREN = 0
		PATH = [0, 0, 0, 0, 3, 2, 0, 0, 0, 6, 0, 1, 8]
	DESCRIPTION = Left Click at 'Remote Java Application'
	TEXT = Compound Action =
		Move mouse to (688.0, 605.0).
		Press Mouse Button BUTTON1
		Release Mouse Button BUTTON1

ExecutedAction [32]: 
 @Action ConcreteID = AC1p5s1m8801534430223 AbstractID = AA1p5s1m8801534430223
 ConcreteID CUSTOM = ConcreteID CUSTOM not available AbstractID CUSTOM = AA1t3wdqu80641019442
 @State ConcreteID = SCcx7vo8206b1906909171 AbstractID = SR1wucwsq1eda1634157473
 ConcreteID CUSTOM = SCod8uh20822411437771 AbstractID CUSTOM = SAj1tb77207b3800015458

	ROLE = LeftClickAt
	TARGET =
		WIDGET = WCn2mji741526707730, WR5quxi6b4097176690, WT1qsojnf162512707194, WP1j511cd3d3503422184
		ROLE = UIATreeItem
		TITLE = Maven Build
		SHAPE = Rect [x:621.0 y:560.0 w:70.0 h:18.0]
		CHILDREN = 0
		PATH = [0, 0, 0, 0, 3, 2, 0, 0, 0, 6, 0, 1, 6]
	DESCRIPTION = Left Click at 'Maven Build'
	TEXT = Compound Action =
		Move mouse to (656.0, 569.0).
		Press Mouse Button BUTTON1
		Release Mouse Button BUTTON1

ExecutedAction [33]: 
 @Action ConcreteID = AC118ga61812595563058 AbstractID = AA118ga61812595563058
 ConcreteID CUSTOM = ConcreteID CUSTOM not available AbstractID CUSTOM = AA2pgzl1803042657678
 @State ConcreteID = SC1b2cv4o20a81464046548 AbstractID = SR1vy779h1f142726256137
 ConcreteID CUSTOM = SC52f7re20bf3980179016 AbstractID CUSTOM = SAwi61j820b73547545904

	ROLE = LeftClickAt
	TARGET =
		WIDGET = WCf0wkro3c3212159279, WRa3fnoge3263686876, WTc4g7j8144206818792, WP1bea9hy383836153759
		ROLE = UIARadioButton
		TITLE = Prompt
		SHAPE = Rect [x:710.0 y:337.0 w:61.0 h:16.0]
		CHILDREN = 0
		PATH = [0, 0, 0, 0, 3, 2, 0, 0, 0, 3, 0, 2]
	DESCRIPTION = Left Click at 'Prompt'
	TEXT = Compound Action =
		Move mouse to (740.5, 345.0).
		Press Mouse Button BUTTON1
		Release Mouse Button BUTTON1

ExecutedAction [34]: 
 @Action ConcreteID = ACasnxtv812400414716 AbstractID = AAasnxtv812400414716
 ConcreteID CUSTOM = ConcreteID CUSTOM not available AbstractID CUSTOM = AA1basp7z802700937280
 @State ConcreteID = SC1b2cv4o20a81464046548 AbstractID = SR1vy779h1f142726256137
 ConcreteID CUSTOM = SC52f7re20bf3980179016 AbstractID CUSTOM = SAwi61j820b73547545904

	ROLE = LeftClickAt
	TARGET =
		WIDGET = WC1ecgubi1f3122176676, WR1h6ibpb92248851252, WT1h6ibpb92248851252, WP1m990c01b2500767970
		ROLE = UIAButton
		TITLE = 
		SHAPE = Rect [x:483.0 y:802.0 w:31.0 h:30.0]
		CHILDREN = 0
		PATH = [0, 0, 0, 2, 0, 3]
	DESCRIPTION = Left Click at ''
	TEXT = Compound Action =
		Move mouse to (498.5, 817.0).
		Press Mouse Button BUTTON1
		Release Mouse Button BUTTON1

ExecutedAction [35]: 
 @Action ConcreteID = AC53edqj803861614183 AbstractID = AA53edqj803861614183
 ConcreteID CUSTOM = ConcreteID CUSTOM not available AbstractID CUSTOM = AA3ek18c802110559386
 @State ConcreteID = SCda2yiy20b81187157670 AbstractID = SR1pezyq61f28964147376
 ConcreteID CUSTOM = SC1ikeb2620d0838944784 AbstractID CUSTOM = SA3k2q1t20cb1428504450

	ROLE = LeftClickAt
	TARGET =
		WIDGET = WCqagbsi3c2139398062, WRa3fnoge3263686876, WT4xlz9r141056286155, WPclgcys383130973910
		ROLE = UIARadioButton
		TITLE = Always
		SHAPE = Rect [x:584.0 y:288.0 w:58.0 h:16.0]
		CHILDREN = 0
		PATH = [0, 0, 0, 0, 3, 2, 0, 0, 0, 2, 0, 0]
	DESCRIPTION = Left Click at 'Always'
	TEXT = Compound Action =
		Move mouse to (613.0, 296.0).
		Press Mouse Button BUTTON1
		Release Mouse Button BUTTON1

ExecutedAction [36]: 
 @Action ConcreteID = ACzos5k37f3911279982 AbstractID = AAzos5k37f3911279982
 ConcreteID CUSTOM = ConcreteID CUSTOM not available AbstractID CUSTOM = AAb3mwsj801206217650
 @State ConcreteID = SCw9albj20bd915282822 AbstractID = SR1pezyq61f28964147376
 ConcreteID CUSTOM = SC1pe3h7020d42229891564 AbstractID CUSTOM = SA3k2q1t20cb1428504450

	ROLE = LeftClickAt
	TARGET =
		WIDGET = WCytq36s412524949187, WR5quxi6b4097176690, WT18mb0oq163383256522, WP1iduwaa3d1259792790
		ROLE = UIATreeItem
		TITLE = Java Applet
		SHAPE = Rect [x:621.0 y:488.0 w:64.0 h:18.0]
		CHILDREN = 0
		PATH = [0, 0, 0, 0, 3, 2, 0, 0, 0, 6, 0, 1, 2]
	DESCRIPTION = Left Click at 'Java Applet'
	TEXT = Compound Action =
		Move mouse to (653.0, 497.0).
		Press Mouse Button BUTTON1
		Release Mouse Button BUTTON1

ExecutedAction [37]: 
 @Action ConcreteID = AC1u2qs017f3245059529 AbstractID = AA1u2qs017f3245059529
 ConcreteID CUSTOM = ConcreteID CUSTOM not available AbstractID CUSTOM = AA15hlj8h801873781525
 @State ConcreteID = SCw9albj20bd915282822 AbstractID = SR1pezyq61f28964147376
 ConcreteID CUSTOM = SC1pe3h7020d42229891564 AbstractID CUSTOM = SA3k2q1t20cb1428504450

	ROLE = LeftClickAt
	TARGET =
		WIDGET = WC1llieoc3b777256276, WR5quxi6b4097176690, WT19kfzbk101372256793, WP1h5k9ay372004057610
		ROLE = UIATreeItem
		TITLE = JUnit
		SHAPE = Rect [x:621.0 y:524.0 w:30.0 h:18.0]
		CHILDREN = 0
		PATH = [0, 0, 0, 0, 3, 2, 0, 0, 0, 6, 0, 1, 4]
	DESCRIPTION = Left Click at 'JUnit'
	TEXT = Compound Action =
		Move mouse to (636.0, 533.0).
		Press Mouse Button BUTTON1
		Release Mouse Button BUTTON1

ExecutedAction [38]: 
 @Action ConcreteID = AC24rhmp802182117206 AbstractID = AA24rhmp802182117206
 ConcreteID CUSTOM = ConcreteID CUSTOM not available AbstractID CUSTOM = AA1rwa72m803714077139
 @State ConcreteID = SCdm0fde207e3776867889 AbstractID = SRg4tvtf1eee2634294204
 ConcreteID CUSTOM = SC10vyfxz20991736067745 AbstractID CUSTOM = SA8lo6ts208f2094422872

	ROLE = LeftClickAt
	TARGET =
		WIDGET = WCn2mji741526707730, WR5quxi6b4097176690, WT1qsojnf162512707194, WP1j511cd3d3503422184
		ROLE = UIATreeItem
		TITLE = Maven Build
		SHAPE = Rect [x:621.0 y:560.0 w:70.0 h:18.0]
		CHILDREN = 0
		PATH = [0, 0, 0, 0, 3, 2, 0, 0, 0, 6, 0, 1, 6]
	DESCRIPTION = Left Click at 'Maven Build'
	TEXT = Compound Action =
		Move mouse to (656.0, 569.0).
		Press Mouse Button BUTTON1
		Release Mouse Button BUTTON1

ExecutedAction [39]: 
 @Action ConcreteID = AC1xz0oiq7f2238085293 AbstractID = AA1xz0oiq7f2238085293
 ConcreteID CUSTOM = ConcreteID CUSTOM not available AbstractID CUSTOM = AA19dvfr680732067441
 @State ConcreteID = SCw9albj20bd915282822 AbstractID = SR1pezyq61f28964147376
 ConcreteID CUSTOM = SC1pe3h7020d42229891564 AbstractID CUSTOM = SA3k2q1t20cb1428504450

	ROLE = LeftClickAt
	TARGET =
		WIDGET = WC1ecgucd1f4116264035, WR1h6ibpb92248851252, WT1h6ibpb92248851252, WP1m990cv1b3662620197
		ROLE = UIAButton
		TITLE = 
		SHAPE = Rect [x:514.0 y:802.0 w:31.0 h:30.0]
		CHILDREN = 0
		PATH = [0, 0, 0, 2, 0, 4]
	DESCRIPTION = Left Click at ''
	TEXT = Compound Action =
		Move mouse to (529.5, 817.0).
		Press Mouse Button BUTTON1
		Release Mouse Button BUTTON1

ExecutedAction [40]: 
 @Action ConcreteID = AC1m2kydr802034896397 AbstractID = AA1m2kydr802034896397
 ConcreteID CUSTOM = ConcreteID CUSTOM not available AbstractID CUSTOM = AA11ulrt9802127901234
 @State ConcreteID = SCf9pfpf24e12035212375 AbstractID = SR1y1g4qh2320605823190
 ConcreteID CUSTOM = SCwvbm3824f31744827626 AbstractID CUSTOM = SAafbqme25113684494172

	ROLE = LeftClickAt
	TARGET =
		WIDGET = WCb3cx503a2180774486, WR88rmk0b1934231702, WTmv5hmc154150185829, WP1jp6hle36370493768
		ROLE = UIACheckBox
		TITLE = Appearance
		SHAPE = Rect [x:573.0 y:237.0 w:67.0 h:18.0]
		CHILDREN = 2
		PATH = [0, 0, 0, 0, 0, 0, 1, 0, 1, 0, 0]
	DESCRIPTION = Left Click at 'Appearance'
	TEXT = Compound Action =
		Move mouse to (606.5, 246.0).
		Press Mouse Button BUTTON1
		Release Mouse Button BUTTON1

ExecutedAction [41]: 
 @Action ConcreteID = AC1nmg9ie802859749671 AbstractID = AA1nmg9ie802859749671
 ConcreteID CUSTOM = ConcreteID CUSTOM not available AbstractID CUSTOM = AA19tjbmb802562404459
 @State ConcreteID = SC9z45oc24dd2388331664 AbstractID = SR1y1g4qh2320605823190
 ConcreteID CUSTOM = SCoxt2au24f01425525893 AbstractID CUSTOM = SAafbqme25113684494172

	ROLE = LeftClickAt
	TARGET =
		WIDGET = WC12w0awp4a3155035085, WR88rmk0b1934231702, WT16qn8r6223429244432, WP1sll50r462663761221
		ROLE = UIACheckBox
		TITLE = Structured Text Editors
		SHAPE = Rect [x:589.0 y:381.0 w:122.0 h:18.0]
		CHILDREN = 1
		PATH = [0, 0, 0, 0, 0, 0, 1, 0, 1, 0, 3, 2]
	DESCRIPTION = Left Click at 'Structured Text Editors'
	TEXT = Compound Action =
		Move mouse to (650.0, 390.0).
		Press Mouse Button BUTTON1
		Release Mouse Button BUTTON1

ExecutedAction [42]: 
 @Action ConcreteID = ACl9wumxab298564596 AbstractID = AAl9wumxab298564596
 ConcreteID CUSTOM = ConcreteID CUSTOM not available AbstractID CUSTOM = AAack39oab469869525
 @State ConcreteID = SC9z45oc24dd2388331664 AbstractID = SR1y1g4qh2320605823190
 ConcreteID CUSTOM = SCoxt2au24f01425525893 AbstractID CUSTOM = SAafbqme25113684494172

	ROLE = LeftDrag
	DESCRIPTION = Drag (980.0, 245.0) To (980.0, 298.3333333333333)
	TEXT = Compound Action =
		Move mouse to (980.0, 245.0).
		Press Mouse Button BUTTON1
		Move mouse to (980.0, 298.3333333333333).
		Release Mouse Button BUTTON1

ExecutedAction [43]: 
 @Action ConcreteID = AC19cujjnac2570806307 AbstractID = AA19cujjnac2570806307
 ConcreteID CUSTOM = ConcreteID CUSTOM not available AbstractID CUSTOM = AA1lewbixac2700853544
 @State ConcreteID = SC157z9ho24f33715887386 AbstractID = SR1yiel302334231861894
 ConcreteID CUSTOM = SC1bwaryp250a1806789879 AbstractID CUSTOM = SA1ubeavh251e1226951032

	ROLE = LeftDrag
	DESCRIPTION = Drag (980.0, 300.2) To (980.0, 359.6666666666667)
	TEXT = Compound Action =
		Move mouse to (980.0, 300.2).
		Press Mouse Button BUTTON1
		Move mouse to (980.0, 359.6666666666667).
		Release Mouse Button BUTTON1

ExecutedAction [44]: 
 @Action ConcreteID = AC1vsxnvz803630096731 AbstractID = AA1vsxnvz803630096731
 ConcreteID CUSTOM = ConcreteID CUSTOM not available AbstractID CUSTOM = AA2pkai8802161214409
 @State ConcreteID = SCz6zu6s24ed1638474055 AbstractID = SRfj96nw23341168863759
 ConcreteID CUSTOM = SC44ett12507151454517 AbstractID CUSTOM = SA7qfc5h251f3276520235

	ROLE = LeftClickAt
	TARGET =
		WIDGET = WC1eaqxfj3e3090849762, WR88rmk0b1934231702, WTrk2flg192290015253, WP1fkj8253a2401380156
		ROLE = UIACheckBox
		TITLE = User Libraries
		SHAPE = Rect [x:589.0 y:507.0 w:74.0 h:18.0]
		CHILDREN = 0
		PATH = [0, 0, 0, 0, 0, 0, 1, 0, 6, 1, 1]
	DESCRIPTION = Left Click at 'User Libraries'
	TEXT = Compound Action =
		Move mouse to (626.0, 516.0).
		Press Mouse Button BUTTON1
		Release Mouse Button BUTTON1

ExecutedAction [45]: 
 @Action ConcreteID = ACzrlboj801629572928 AbstractID = AAzrlboj801629572928
 ConcreteID CUSTOM = ConcreteID CUSTOM not available AbstractID CUSTOM = AA15pc09w80967716306
 @State ConcreteID = SCz6zu6s24ed1638474055 AbstractID = SRfj96nw23341168863759
 ConcreteID CUSTOM = SC44ett12507151454517 AbstractID CUSTOM = SA7qfc5h251f3276520235

	ROLE = LeftClickAt
	TARGET =
		WIDGET = WC17qd89b3e396561053, WR88rmk0b1934231702, WTp1nsth1c2960777563, WPg92y693a3040327917
		ROLE = UIACheckBox
		TITLE = Automatic Updates
		SHAPE = Rect [x:573.0 y:363.0 w:106.0 h:18.0]
		CHILDREN = 0
		PATH = [0, 0, 0, 0, 0, 0, 1, 0, 5, 0]
	DESCRIPTION = Left Click at 'Automatic Updates'
	TEXT = Compound Action =
		Move mouse to (626.0, 372.0).
		Press Mouse Button BUTTON1
		Release Mouse Button BUTTON1

ExecutedAction [46]: 
 @Action ConcreteID = AC56tqaq80726391285 AbstractID = AA56tqaq80726391285
 ConcreteID CUSTOM = ConcreteID CUSTOM not available AbstractID CUSTOM = AAb4kew3801942272871
 @State ConcreteID = SCz6zu6s24ed1638474055 AbstractID = SRfj96nw23341168863759
 ConcreteID CUSTOM = SC44ett12507151454517 AbstractID CUSTOM = SA7qfc5h251f3276520235

	ROLE = LeftClickAt
	TARGET =
		WIDGET = WC1s1ld3e333470626265, WR16s6p21c140494670, WTdtcs8f142835715827, WP16qr5942f1022681507
		ROLE = UIAScrollBar
		TITLE = Vertical
		SHAPE = Rect [x:971.0 y:201.0 w:17.0 h:440.0]
		CHILDREN = 5
		PATH = [0, 0, 0, 0, 0, 0, 1, 0, 0]
	DESCRIPTION = Left Click at 'Vertical'
	TEXT = Compound Action =
		Move mouse to (979.5, 421.0).
		Press Mouse Button BUTTON1
		Release Mouse Button BUTTON1

ExecutedAction [47]: 
 @Action ConcreteID = ACja07al813846917481 AbstractID = AAja07al813846917481
 ConcreteID CUSTOM = ConcreteID CUSTOM not available AbstractID CUSTOM = AAtluvdo803875922797
 @State ConcreteID = SC1323ewo24ef1143560471 AbstractID = SR75o8a623341720071855
 ConcreteID CUSTOM = SC5u6unm250b2705617629 AbstractID CUSTOM = SAcvvuwp252a3929389699

	ROLE = LeftClickAt
	TARGET =
		WIDGET = WC1cwv1tf27380014622, WR88rmk0b1934231702, WT88rmk0b1934231702, WP1eovtk5234288631476
		ROLE = UIACheckBox
		TITLE = 
		SHAPE = Rect [x:515.0 y:653.0 w:31.0 h:30.0]
		CHILDREN = 0
		PATH = [0, 0, 0, 0, 0, 1, 0, 0]
	DESCRIPTION = Left Click at ''
	TEXT = Compound Action =
		Move mouse to (530.5, 668.0).
		Press Mouse Button BUTTON1
		Release Mouse Button BUTTON1

ExecutedAction [48]: 
 @Action ConcreteID = AC1rwk46b8092354008 AbstractID = AA1rwk46b8092354008
 ConcreteID CUSTOM = ConcreteID CUSTOM not available AbstractID CUSTOM = AApkwms3804131583996
 @State ConcreteID = SC8enmj224ef3220045744 AbstractID = SR75o8a623341720071855
 ConcreteID CUSTOM = SCf47l15250b1332031155 AbstractID CUSTOM = SAcvvuwp252a3929389699

	ROLE = LeftClickAt
	TARGET =
		WIDGET = WC8hc93d39774605916, WR88rmk0b1934231702, WTta7uu8172062511524, WP171izgb351320675340
		ROLE = UIACheckBox
		TITLE = Code Minings
		SHAPE = Rect [x:589.0 y:435.0 w:78.0 h:18.0]
		CHILDREN = 0
		PATH = [0, 0, 0, 0, 0, 0, 1, 0, 4, 0]
	DESCRIPTION = Left Click at 'Code Minings'
	TEXT = Compound Action =
		Move mouse to (628.0, 444.0).
		Press Mouse Button BUTTON1
		Release Mouse Button BUTTON1

ExecutedAction [49]: 
 @Action ConcreteID = ACc38j2xb93931318333 AbstractID = AAc38j2xb93931318333
 ConcreteID CUSTOM = ConcreteID CUSTOM not available AbstractID CUSTOM = AA6tyjuoba157591043
 @State ConcreteID = SCrwxso525cf3646237795 AbstractID = SR1t678r524053707372373
 ConcreteID CUSTOM = SC2at96525ea952245799 AbstractID CUSTOM = SA114tyeh26044240793426

	ROLE = LeftDrag
	DESCRIPTION = Drag (980.0, 423.74285714285713) To (980.0, 482.33333333333337)
	TEXT = Compound Action =
		Move mouse to (980.0, 423.74285714285713).
		Press Mouse Button BUTTON1
		Move mouse to (980.0, 482.33333333333337).
		Release Mouse Button BUTTON1

ExecutedAction [50]: 
 @Action ConcreteID = ACvyyjm0813071584676 AbstractID = AAvyyjm0813071584676
 ConcreteID CUSTOM = ConcreteID CUSTOM not available AbstractID CUSTOM = AA4ib889802780361538
 @State ConcreteID = SC1x2wgyz26753904666145 AbstractID = SR13nstrf24953862987805
 ConcreteID CUSTOM = SC1n68p7d268e2813788794 AbstractID CUSTOM = SAj8szmg26a82290860646

	ROLE = LeftClickAt
	TARGET =
		WIDGET = WCmhqugw3a3778836178, WR88rmk0b1934231702, WT1fxulzs181214492216, WP13p1igi36430149883
		ROLE = UIACheckBox
		TITLE = Notifications
		SHAPE = Rect [x:573.0 y:543.0 w:72.0 h:18.0]
		CHILDREN = 0
		PATH = [0, 0, 0, 0, 0, 0, 1, 0, 5, 2]
	DESCRIPTION = Left Click at 'Notifications'
	TEXT = Compound Action =
		Move mouse to (609.0, 552.0).
		Press Mouse Button BUTTON1
		Release Mouse Button BUTTON1

ExecutedAction [51]: 
 @Action ConcreteID = ACmcnn93813440499674 AbstractID = AAmcnn93813440499674
 ConcreteID CUSTOM = ConcreteID CUSTOM not available AbstractID CUSTOM = AA1tx4dug803753738556
 @State ConcreteID = SC1x2wgyz26753904666145 AbstractID = SR13nstrf24953862987805
 ConcreteID CUSTOM = SC1n68p7d268e2813788794 AbstractID CUSTOM = SAj8szmg26a82290860646

	ROLE = LeftClickAt
	TARGET =
		WIDGET = WC16z9sim4323185883, WR88rmk0b1934231702, WTe5hjw8211908369602, WPh4k9sg3f3310581037
		ROLE = UIACheckBox
		TITLE = Execution Environments
		SHAPE = Rect [x:589.0 y:219.0 w:132.0 h:18.0]
		CHILDREN = 0
		PATH = [0, 0, 0, 0, 0, 0, 1, 0, 1, 0]
	DESCRIPTION = Left Click at 'Execution Environments'
	TEXT = Compound Action =
		Move mouse to (655.0, 228.0).
		Press Mouse Button BUTTON1
		Release Mouse Button BUTTON1

ExecutedAction [52]: 
 @Action ConcreteID = AC1w1bcyx814003659023 AbstractID = AA1w1bcyx814003659023
 ConcreteID CUSTOM = ConcreteID CUSTOM not available AbstractID CUSTOM = AA14ko1l6804228818921
 @State ConcreteID = SC1x2wgyz26753904666145 AbstractID = SR13nstrf24953862987805
 ConcreteID CUSTOM = SC1n68p7d268e2813788794 AbstractID CUSTOM = SAj8szmg26a82290860646

	ROLE = LeftClickAt
	TARGET =
		WIDGET = WC1jvxhqd321814894099, WR88rmk0b1934231702, WT9u7m9q101937019631, WP11ap9872e3379772499
		ROLE = UIACheckBox
		TITLE = Tasks
		SHAPE = Rect [x:573.0 y:561.0 w:31.0 h:18.0]
		CHILDREN = 0
		PATH = [0, 0, 0, 0, 0, 0, 1, 0, 5, 3]
	DESCRIPTION = Left Click at 'Tasks'
	TEXT = Compound Action =
		Move mouse to (588.5, 570.0).
		Press Mouse Button BUTTON1
		Release Mouse Button BUTTON1

ExecutedAction [53]: 
 @Action ConcreteID = AC1a4164n811519157047 AbstractID = AA1a4164n811519157047
 ConcreteID CUSTOM = ConcreteID CUSTOM not available AbstractID CUSTOM = AAinduqw801210066385
 @State ConcreteID = SC1x2wgyz26753904666145 AbstractID = SR13nstrf24953862987805
 ConcreteID CUSTOM = SC1n68p7d268e2813788794 AbstractID CUSTOM = SAj8szmg26a82290860646

	ROLE = LeftClickAt
	TARGET =
		WIDGET = WCak9hqp322370887669, WR1h6ibpb92248851252, WTbcxonh101439247762, WP1ufeagz2e1398154276
		ROLE = UIAButton
		TITLE = Page up
		SHAPE = Rect [x:971.0 y:218.0 w:17.0 h:228.0]
		CHILDREN = 0
		PATH = [0, 0, 0, 0, 0, 0, 1, 0, 0, 1]
	DESCRIPTION = Left Click at 'Page up'
	TEXT = Compound Action =
		Move mouse to (979.5, 332.0).
		Press Mouse Button BUTTON1
		Release Mouse Button BUTTON1

ExecutedAction [54]: 
 @Action ConcreteID = ACxp7x0y7f2532967630 AbstractID = AAxp7x0y7f2532967630
 ConcreteID CUSTOM = ConcreteID CUSTOM not available AbstractID CUSTOM = AApxsvrg801853597224
 @State ConcreteID = SC1mpn8267b3251777403 AbstractID = SR1kputij24952120834301
 ConcreteID CUSTOM = SCzsxfcv26921340079028 AbstractID CUSTOM = SAq6ae0726a33353768427

	ROLE = LeftClickAt
	TARGET =
		WIDGET = WC1nx3n1j332593599677, WR88rmk0b1934231702, WTl99287112413779922, WP16yluc92f160760649
		ROLE = UIACheckBox
		TITLE = Typing
		SHAPE = Rect [x:589.0 y:597.0 w:39.0 h:18.0]
		CHILDREN = 0
		PATH = [0, 0, 0, 0, 0, 0, 1, 0, 3, 8]
	DESCRIPTION = Left Click at 'Typing'
	TEXT = Compound Action =
		Move mouse to (608.5, 606.0).
		Press Mouse Button BUTTON1
		Release Mouse Button BUTTON1

ExecutedAction [55]: 
 @Action ConcreteID = ACtemdzl7f1032805361 AbstractID = AAtemdzl7f1032805361
 ConcreteID CUSTOM = ConcreteID CUSTOM not available AbstractID CUSTOM = AAln7cq3803306092823
 @State ConcreteID = SC1mpn8267b3251777403 AbstractID = SR1kputij24952120834301
 ConcreteID CUSTOM = SCzsxfcv26921340079028 AbstractID CUSTOM = SAq6ae0726a33353768427

	ROLE = LeftClickAt
	TARGET =
		WIDGET = WC5dbwku3c3086889813, WR88rmk0b1934231702, WTvymslo1a4127350423, WPbpyv8g381014918883
		ROLE = UIACheckBox
		TITLE = Syntax Coloring
		SHAPE = Rect [x:589.0 y:561.0 w:88.0 h:18.0]
		CHILDREN = 0
		PATH = [0, 0, 0, 0, 0, 0, 1, 0, 3, 6]
	DESCRIPTION = Left Click at 'Syntax Coloring'
	TEXT = Compound Action =
		Move mouse to (633.0, 570.0).
		Press Mouse Button BUTTON1
		Release Mouse Button BUTTON1

ExecutedAction [56]: 
 @Action ConcreteID = AC1jsuz9u7f1370758493 AbstractID = AA1jsuz9u7f1370758493
 ConcreteID CUSTOM = ConcreteID CUSTOM not available AbstractID CUSTOM = AA1c1fy0c802838871995
 @State ConcreteID = SC1mpn8267b3251777403 AbstractID = SR1kputij24952120834301
 ConcreteID CUSTOM = SCzsxfcv26921340079028 AbstractID CUSTOM = SAq6ae0726a33353768427

	ROLE = LeftClickAt
	TARGET =
		WIDGET = WCqpv53k3c2879442033, WR88rmk0b1934231702, WT6djez1a2045069568, WP19yge0y382185891584
		ROLE = UIACheckBox
		TITLE = Errors/Warnings
		SHAPE = Rect [x:589.0 y:237.0 w:89.0 h:18.0]
		CHILDREN = 0
		PATH = [0, 0, 0, 0, 0, 0, 1, 0, 1, 1]
	DESCRIPTION = Left Click at 'Errors/Warnings'
	TEXT = Compound Action =
		Move mouse to (633.5, 246.0).
		Press Mouse Button BUTTON1
		Release Mouse Button BUTTON1

ExecutedAction [57]: 
 @Action ConcreteID = AC1qz3s6n7f451338331 AbstractID = AA1qz3s6n7f451338331
 ConcreteID CUSTOM = ConcreteID CUSTOM not available AbstractID CUSTOM = AA1j7oqx5803798418109
 @State ConcreteID = SC1mpn8267b3251777403 AbstractID = SR1kputij24952120834301
 ConcreteID CUSTOM = SCzsxfcv26921340079028 AbstractID CUSTOM = SAq6ae0726a33353768427

	ROLE = LeftClickAt
	TARGET =
		WIDGET = WC10w8rgs33796122890, WR88rmk0b1934231702, WTffbemf113300381832, WP1emdvni2f4143523133
		ROLE = UIACheckBox
		TITLE = Hovers
		SHAPE = Rect [x:589.0 y:507.0 w:41.0 h:18.0]
		CHILDREN = 0
		PATH = [0, 0, 0, 0, 0, 0, 1, 0, 3, 3]
	DESCRIPTION = Left Click at 'Hovers'
	TEXT = Compound Action =
		Move mouse to (609.5, 516.0).
		Press Mouse Button BUTTON1
		Release Mouse Button BUTTON1

ExecutedAction [58]: 
 @Action ConcreteID = AC1evv5mh7f2544854872 AbstractID = AA1evv5mh7f2544854872
 ConcreteID CUSTOM = ConcreteID CUSTOM not available AbstractID CUSTOM = AA174g4cz801865336254
 @State ConcreteID = SC1mpn8267b3251777403 AbstractID = SR1kputij24952120834301
 ConcreteID CUSTOM = SCzsxfcv26921340079028 AbstractID CUSTOM = SAq6ae0726a33353768427

	ROLE = LeftClickAt
	TARGET =
		WIDGET = WCc2so8d323630160251, WR1h6ibpb92248851252, WTrko51k10351550260, WP56oqlb2e4026512890
		ROLE = UIAButton
		TITLE = Line up
		SHAPE = Rect [x:971.0 y:201.0 w:17.0 h:17.0]
		CHILDREN = 0
		PATH = [0, 0, 0, 0, 0, 0, 1, 0, 0, 0]
	DESCRIPTION = Left Click at 'Line up'
	TEXT = Compound Action =
		Move mouse to (979.5, 209.5).
		Press Mouse Button BUTTON1
		Release Mouse Button BUTTON1

ExecutedAction [59]: 
 @Action ConcreteID = AC13tzla7812458643724 AbstractID = AA13tzla7812458643724
 ConcreteID CUSTOM = ConcreteID CUSTOM not available AbstractID CUSTOM = AA2my63r812640397196
 @State ConcreteID = SC1az6xun26743412971429 AbstractID = SR1mg07p524953301882427
 ConcreteID CUSTOM = SC1pmmu3n268f4045420768 AbstractID CUSTOM = SA1668ol626aa2003740596

	ROLE = LeftClickAt
	TARGET =
		WIDGET = WC1fu2cjs322399408744, WR88rmk0b1934231702, WT17amzlb132577768219, WPt5yx1y2e1655803260
		ROLE = UIACheckBox
		TITLE = Compiler
		SHAPE = Rect [x:573.0 y:219.0 w:53.0 h:18.0]
		CHILDREN = 4
		PATH = [0, 0, 0, 0, 0, 0, 1, 0, 2]
	DESCRIPTION = Left Click at 'Compiler'
	TEXT = Compound Action =
		Move mouse to (599.5, 228.0).
		Press Mouse Button BUTTON1
		Release Mouse Button BUTTON1

ExecutedAction [60]: 
 @Action ConcreteID = ACt0w6nrba540888142 AbstractID = AAt0w6nrba540888142
 ConcreteID CUSTOM = ConcreteID CUSTOM not available AbstractID CUSTOM = AA1th3b9rba2276834406
 @State ConcreteID = SC1az6xun26743412971429 AbstractID = SR1mg07p524953301882427
 ConcreteID CUSTOM = SC1pmmu3n268f4045420768 AbstractID CUSTOM = SA1668ol626aa2003740596

	ROLE = LeftDrag
	DESCRIPTION = Drag (980.0, 423.74285714285713) To (980.0, 482.33333333333337)
	TEXT = Compound Action =
		Move mouse to (980.0, 423.74285714285713).
		Press Mouse Button BUTTON1
		Move mouse to (980.0, 482.33333333333337).
		Release Mouse Button BUTTON1

ExecutedAction [61]: 
 @Action ConcreteID = AC7iy8kv811588447794 AbstractID = AA7iy8kv811588447794
 ConcreteID CUSTOM = ConcreteID CUSTOM not available AbstractID CUSTOM = AA1f3ez68801275171028
 @State ConcreteID = SC1x2wgyz26753904666145 AbstractID = SR13nstrf24953862987805
 ConcreteID CUSTOM = SC1n68p7d268e2813788794 AbstractID CUSTOM = SAj8szmg26a82290860646

	ROLE = LeftClickAt
	TARGET =
		WIDGET = WC1ujs0pc232382997846, WR4na8ob72534219213, WT4na8ob72534219213, WPhrehky1f2874690105
		ROLE = UIATree
		TITLE = 
		SHAPE = Rect [x:504.0 y:201.0 w:484.0 h:440.0]
		CHILDREN = 7
		PATH = [0, 0, 0, 0, 0, 0, 1, 0]
	DESCRIPTION = Left Click at ''
	TEXT = Compound Action =
		Move mouse to (746.0, 421.0).
		Press Mouse Button BUTTON1
		Release Mouse Button BUTTON1

ExecutedAction [62]: 
 @Action ConcreteID = ACvyyjm0813071584676 AbstractID = AAvyyjm0813071584676
 ConcreteID CUSTOM = ConcreteID CUSTOM not available AbstractID CUSTOM = AA4ib889802780361538
 @State ConcreteID = SC1x2wgyz26753904666145 AbstractID = SR13nstrf24953862987805
 ConcreteID CUSTOM = SC1n68p7d268e2813788794 AbstractID CUSTOM = SAj8szmg26a82290860646

	ROLE = LeftClickAt
	TARGET =
		WIDGET = WCmhqugw3a3778836178, WR88rmk0b1934231702, WT1fxulzs181214492216, WP13p1igi36430149883
		ROLE = UIACheckBox
		TITLE = Notifications
		SHAPE = Rect [x:573.0 y:543.0 w:72.0 h:18.0]
		CHILDREN = 0
		PATH = [0, 0, 0, 0, 0, 0, 1, 0, 5, 2]
	DESCRIPTION = Left Click at 'Notifications'
	TEXT = Compound Action =
		Move mouse to (609.0, 552.0).
		Press Mouse Button BUTTON1
		Release Mouse Button BUTTON1

ExecutedAction [63]: 
 @Action ConcreteID = AC1unagq1811517538115 AbstractID = AA1unagq1811517538115
 ConcreteID CUSTOM = ConcreteID CUSTOM not available AbstractID CUSTOM = AA136n5ca801222611365
 @State ConcreteID = SC1x2wgyz26753904666145 AbstractID = SR13nstrf24953862987805
 ConcreteID CUSTOM = SC1n68p7d268e2813788794 AbstractID CUSTOM = SAj8szmg26a82290860646

	ROLE = LeftClickAt
	TARGET =
		WIDGET = WC1sr4vao3f1185973234, WR88rmk0b1934231702, WTbwhpqj1d2592303702, WPmzqxgi3b3369003472
		ROLE = UIACheckBox
		TITLE = Lifecycle Mappings
		SHAPE = Rect [x:573.0 y:363.0 w:106.0 h:18.0]
		CHILDREN = 0
		PATH = [0, 0, 0, 0, 0, 0, 1, 0, 4, 4]
	DESCRIPTION = Left Click at 'Lifecycle Mappings'
	TEXT = Compound Action =
		Move mouse to (626.0, 372.0).
		Press Mouse Button BUTTON1
		Release Mouse Button BUTTON1

ExecutedAction [64]: 
 @Action ConcreteID = AC1ewv1ya811509592656 AbstractID = AA1ewv1ya811509592656
 ConcreteID CUSTOM = ConcreteID CUSTOM not available AbstractID CUSTOM = AAng7qkj801263981750
 @State ConcreteID = SC1x2wgyz26753904666145 AbstractID = SR13nstrf24953862987805
 ConcreteID CUSTOM = SC1n68p7d268e2813788794 AbstractID CUSTOM = SAj8szmg26a82290860646

	ROLE = LeftClickAt
	TARGET =
		WIDGET = WC1hlmi2438442408918, WR88rmk0b1934231702, WT12l4i4192054522266, WP1bk0h16343500834199
		ROLE = UIACheckBox
		TITLE = Installed JREs
		SHAPE = Rect [x:573.0 y:201.0 w:73.0 h:18.0]
		CHILDREN = 1
		PATH = [0, 0, 0, 0, 0, 0, 1, 0, 1]
	DESCRIPTION = Left Click at 'Installed JREs'
	TEXT = Compound Action =
		Move mouse to (609.5, 210.0).
		Press Mouse Button BUTTON1
		Release Mouse Button BUTTON1

ExecutedAction [65]: 
 @Action ConcreteID = AC1unagq1811517538115 AbstractID = AA1unagq1811517538115
 ConcreteID CUSTOM = ConcreteID CUSTOM not available AbstractID CUSTOM = AA136n5ca801222611365
 @State ConcreteID = SC1x2wgyz26753904666145 AbstractID = SR13nstrf24953862987805
 ConcreteID CUSTOM = SC1n68p7d268e2813788794 AbstractID CUSTOM = SAj8szmg26a82290860646

	ROLE = LeftClickAt
	TARGET =
		WIDGET = WC1sr4vao3f1185973234, WR88rmk0b1934231702, WTbwhpqj1d2592303702, WPmzqxgi3b3369003472
		ROLE = UIACheckBox
		TITLE = Lifecycle Mappings
		SHAPE = Rect [x:573.0 y:363.0 w:106.0 h:18.0]
		CHILDREN = 0
		PATH = [0, 0, 0, 0, 0, 0, 1, 0, 4, 4]
	DESCRIPTION = Left Click at 'Lifecycle Mappings'
	TEXT = Compound Action =
		Move mouse to (626.0, 372.0).
		Press Mouse Button BUTTON1
		Release Mouse Button BUTTON1

ExecutedAction [66]: 
 @Action ConcreteID = AC13gljl6812148642398 AbstractID = AA13gljl6812148642398
 ConcreteID CUSTOM = ConcreteID CUSTOM not available AbstractID CUSTOM = AAbzy87f802461922488
 @State ConcreteID = SC1x2wgyz26753904666145 AbstractID = SR13nstrf24953862987805
 ConcreteID CUSTOM = SC1n68p7d268e2813788794 AbstractID CUSTOM = SAj8szmg26a82290860646

	ROLE = LeftClickAt
	TARGET =
		WIDGET = WCelij9l3a3344784850, WR88rmk0b1934231702, WTlw1pm0184224136316, WPf8xdn36297727466
		ROLE = UIACheckBox
		TITLE = User Settings
		SHAPE = Rect [x:573.0 y:435.0 w:72.0 h:18.0]
		CHILDREN = 0
		PATH = [0, 0, 0, 0, 0, 0, 1, 0, 4, 8]
	DESCRIPTION = Left Click at 'User Settings'
	TEXT = Compound Action =
		Move mouse to (609.0, 444.0).
		Press Mouse Button BUTTON1
		Release Mouse Button BUTTON1

ExecutedAction [67]: 
 @Action ConcreteID = ACtex439ac3546727644 AbstractID = AAtex439ac3546727644
 ConcreteID CUSTOM = ConcreteID CUSTOM not available AbstractID CUSTOM = AA1wtjut0ab168007730
 @State ConcreteID = SC1x2wgyz26753904666145 AbstractID = SR13nstrf24953862987805
 ConcreteID CUSTOM = SC1n68p7d268e2813788794 AbstractID CUSTOM = SAj8szmg26a82290860646

	ROLE = LeftDrag
	DESCRIPTION = Drag (980.0, 454.8285714285714) To (980.0, 600.0)
	TEXT = Compound Action =
		Move mouse to (980.0, 454.8285714285714).
		Press Mouse Button BUTTON1
		Move mouse to (980.0, 600.0).
		Release Mouse Button BUTTON1

ExecutedAction [68]: 
 @Action ConcreteID = AChft0yv812408693317 AbstractID = AAhft0yv812408693317
 ConcreteID CUSTOM = ConcreteID CUSTOM not available AbstractID CUSTOM = AA1n4bk2801293410610
 @State ConcreteID = SC1k4qogg264f2908748404 AbstractID = SR1e1as2p246e1975880741
 ConcreteID CUSTOM = SC1oyk5ak26664014670192 AbstractID CUSTOM = SAsn0qay26823553119718

	ROLE = LeftClickAt
	TARGET =
		WIDGET = WCja7qdo411363490192, WR88rmk0b1934231702, WThu62ao193819178552, WPepdfi63d272900749
		ROLE = UIACheckBox
		TITLE = Content Assist
		SHAPE = Rect [x:605.0 y:489.0 w:80.0 h:18.0]
		CHILDREN = 0
		PATH = [0, 0, 0, 0, 0, 0, 1, 0, 9, 2, 0, 0]
	DESCRIPTION = Left Click at 'Content Assist'
	TEXT = Compound Action =
		Move mouse to (645.0, 498.0).
		Press Mouse Button BUTTON1
		Release Mouse Button BUTTON1

ExecutedAction [69]: 
 @Action ConcreteID = AC1iauynl813830651826 AbstractID = AA1iauynl813830651826
 ConcreteID CUSTOM = ConcreteID CUSTOM not available AbstractID CUSTOM = AA12i698s80651510981
 @State ConcreteID = SC1k4qogg264f2908748404 AbstractID = SR1e1as2p246e1975880741
 ConcreteID CUSTOM = SC1oyk5ak26664014670192 AbstractID CUSTOM = SAsn0qay26823553119718

	ROLE = LeftClickAt
	TARGET =
		WIDGET = WC6cf5fg2b3392424961, WR1h6ibpb92248851252, WT1vjbvvdf3603144044, WP1jukisu271646131030
		ROLE = UIAButton
		TITLE = Cancel
		SHAPE = Rect [x:885.0 y:656.0 w:92.0 h:25.0]
		CHILDREN = 0
		PATH = [0, 0, 0, 0, 0, 1, 1, 1]
	DESCRIPTION = Left Click at 'Cancel'
	TEXT = Compound Action =
		Move mouse to (931.0, 668.5).
		Press Mouse Button BUTTON1
		Release Mouse Button BUTTON1

ExecutedAction [70]: 
 @Action ConcreteID = AC60kpsz7f2216728791 AbstractID = AA60kpsz7f2216728791
 ConcreteID CUSTOM = ConcreteID CUSTOM not available AbstractID CUSTOM = AA1ggjj0j80719623691
 @State ConcreteID = SCw9albj20bd915282822 AbstractID = SR1pezyq61f28964147376
 ConcreteID CUSTOM = SC1pe3h7020d42229891564 AbstractID CUSTOM = SA3k2q1t20cb1428504450

	ROLE = LeftClickAt
	TARGET =
		WIDGET = WC1jj7gdq4d2266848739, WR5quxi6b4097176690, WT1igjbzk1f1144040324, WPqd1qjk492643392813
		ROLE = UIATreeItem
		TITLE = Eclipse Ant Launcher
		SHAPE = Rect [x:637.0 y:452.0 w:114.0 h:18.0]
		CHILDREN = 0
		PATH = [0, 0, 0, 0, 3, 2, 0, 0, 0, 6, 0, 1, 0, 0]
	DESCRIPTION = Left Click at 'Eclipse Ant Launcher'
	TEXT = Compound Action =
		Move mouse to (694.0, 461.0).
		Press Mouse Button BUTTON1
		Release Mouse Button BUTTON1

ExecutedAction [71]: 
 @Action ConcreteID = AC1niklpd7f3052262368 AbstractID = AA1niklpd7f3052262368
 ConcreteID CUSTOM = ConcreteID CUSTOM not available AbstractID CUSTOM = AAyxfcxt80455728444
 @State ConcreteID = SCw9albj20bd915282822 AbstractID = SR1pezyq61f28964147376
 ConcreteID CUSTOM = SC1pe3h7020d42229891564 AbstractID CUSTOM = SA3k2q1t20cb1428504450

	ROLE = LeftClickAt
	TARGET =
		WIDGET = WCf0wkro3c3212159279, WRa3fnoge3263686876, WTc4g7j8144206818792, WP1bea9hy383836153759
		ROLE = UIARadioButton
		TITLE = Prompt
		SHAPE = Rect [x:710.0 y:337.0 w:61.0 h:16.0]
		CHILDREN = 0
		PATH = [0, 0, 0, 0, 3, 2, 0, 0, 0, 3, 0, 2]
	DESCRIPTION = Left Click at 'Prompt'
	TEXT = Compound Action =
		Move mouse to (740.5, 345.0).
		Press Mouse Button BUTTON1
		Release Mouse Button BUTTON1

ExecutedAction [72]: 
 @Action ConcreteID = ACl6e6wi802092518388 AbstractID = AAl6e6wi802092518388
 ConcreteID CUSTOM = ConcreteID CUSTOM not available AbstractID CUSTOM = AA14b48wi814084338949
 @State ConcreteID = SCw9albj20bd915282822 AbstractID = SR1pezyq61f28964147376
 ConcreteID CUSTOM = SC1pe3h7020d42229891564 AbstractID CUSTOM = SA3k2q1t20cb1428504450

	ROLE = LeftClickAt
	TARGET =
		WIDGET = WC161obdn253829880921, WR1h6ibpb92248851252, WT1vjbvvdf3603144044, WP1t7g365213269012091
		ROLE = UIAButton
		TITLE = Cancel
		SHAPE = Rect [x:1005.0 y:805.0 w:98.0 h:25.0]
		CHILDREN = 0
		PATH = [0, 0, 0, 2, 1, 1]
	DESCRIPTION = Left Click at 'Cancel'
	TEXT = Compound Action =
		Move mouse to (1054.0, 817.5).
		Press Mouse Button BUTTON1
		Release Mouse Button BUTTON1

ExecutedAction [73]: 
 @Action ConcreteID = AC1i5cg15812694105 AbstractID = AA1i5cg15812694105
 ConcreteID CUSTOM = ConcreteID CUSTOM not available AbstractID CUSTOM = AAb7i5xs7f3952530830
 @State ConcreteID = SC1il86mn19d51521444867 AbstractID = SR1cobrv618ab767460998
 ConcreteID CUSTOM = SC1rouxat19da3960964244 AbstractID CUSTOM = SAr6smy319c4145798251

	ROLE = LeftClickAt
	TARGET =
		WIDGET = WC15mc989463138000849, WR1ca707tc1438424989, WTjo89s21a356895357, WPsoz6sr421884576366
		ROLE = UIAHyperLink
		TITLE = 'Perspectives'
		SHAPE = Rect [x:800.0 y:612.0 w:71.0 h:15.0]
		CHILDREN = 0
		PATH = [0, 0, 0, 0, 0, 1, 0, 1, 0, 0, 0, 12, 0]
	DESCRIPTION = Left Click at ''Perspectives''
	TEXT = Compound Action =
		Move mouse to (835.5, 619.5).
		Press Mouse Button BUTTON1
		Release Mouse Button BUTTON1

ExecutedAction [74]: 
 @Action ConcreteID = ACta87ic7f866800122 AbstractID = AAta87ic7f866800122
 ConcreteID CUSTOM = ConcreteID CUSTOM not available AbstractID CUSTOM = AA1nk60j3802127033295
 @State ConcreteID = SCzqeal020bc561059184 AbstractID = SR1pezyq61f28964147376
 ConcreteID CUSTOM = SC13duf2v20d23670424645 AbstractID CUSTOM = SAmid7zh20cb1585683446

	ROLE = LeftClickAt
	TARGET =
		WIDGET = WC1qknqtu21381850606, WR88rmk0b1934231702, WT88rmk0b1934231702, WP1sbp18k1d3189024849
		ROLE = UIACheckBox
		TITLE = 
		SHAPE = Rect [x:390.0 y:802.0 w:31.0 h:30.0]
		CHILDREN = 0
		PATH = [0, 0, 0, 2, 0, 0]
	DESCRIPTION = Left Click at ''
	TEXT = Compound Action =
		Move mouse to (405.5, 817.0).
		Press Mouse Button BUTTON1
		Release Mouse Button BUTTON1

ExecutedAction [75]: 
 @Action ConcreteID = AC1cai352802309797346 AbstractID = AA1cai352802309797346
 ConcreteID CUSTOM = ConcreteID CUSTOM not available AbstractID CUSTOM = AAjj5jfh802964337461
 @State ConcreteID = SC1ijocbd2363478320407 AbstractID = SR1xeozkw21a63723538920
 ConcreteID CUSTOM = SC1yq9jmv2379148978358 AbstractID CUSTOM = SAh2brft23851935486994

	ROLE = LeftClickAt
	TARGET =
		WIDGET = WCvcjogb423418688310, WR5quxi6b4097176690, WT1lplk34171681821011, WPn6jjkp3e3856177255
		ROLE = UIATreeItem
		TITLE = Launch Group
		SHAPE = Rect [x:621.0 y:542.0 w:79.0 h:18.0]
		CHILDREN = 0
		PATH = [0, 0, 0, 0, 3, 2, 0, 0, 0, 6, 0, 1, 5]
	DESCRIPTION = Left Click at 'Launch Group'
	TEXT = Compound Action =
		Move mouse to (660.5, 551.0).
		Press Mouse Button BUTTON1
		Release Mouse Button BUTTON1

ExecutedAction [76]: 
 @Action ConcreteID = ACldm7fl80491301760 AbstractID = AAldm7fl80491301760
 ConcreteID CUSTOM = ConcreteID CUSTOM not available AbstractID CUSTOM = AA1wpupel803171578321
 @State ConcreteID = SC1ob5ag22368303636830 AbstractID = SR1xeozkw21a63723538920
 ConcreteID CUSTOM = SC1g90j5h237d4016616287 AbstractID CUSTOM = SAh2brft23851935486994

	ROLE = LeftClickAt
	TARGET =
		WIDGET = WCwxs86r3d2007920636, WR5quxi6b4097176690, WT1uhbb0m123361825299, WPe0y3sx394049936969
		ROLE = UIATreeItem
		TITLE = Program
		SHAPE = Rect [x:621.0 y:578.0 w:50.0 h:18.0]
		CHILDREN = 0
		PATH = [0, 0, 0, 0, 3, 2, 0, 0, 0, 6, 0, 1, 7]
	DESCRIPTION = Left Click at 'Program'
	TEXT = Compound Action =
		Move mouse to (646.0, 587.0).
		Press Mouse Button BUTTON1
		Release Mouse Button BUTTON1

ExecutedAction [77]: 
 @Action ConcreteID = ACiruna8813505736681 AbstractID = AAiruna8813505736681
 ConcreteID CUSTOM = ConcreteID CUSTOM not available AbstractID CUSTOM = AA14ajxu801069134752
 @State ConcreteID = SC1puph7923294226087120 AbstractID = SR1k1cwth216c1467576009
 ConcreteID CUSTOM = SCyjh4fp23421917873801 AbstractID CUSTOM = SA5vm7tk23492795013898

	ROLE = LeftClickAt
	TARGET =
		WIDGET = WC1eqtag93f2595630030, WR5quxi6b4097176690, WT1cdwtav142657438390, WP1jszp4n3b1108470783
		ROLE = UIATreeItem
		TITLE = Ant Build
		SHAPE = Rect [x:621.0 y:434.0 w:53.0 h:18.0]
		CHILDREN = 1
		PATH = [0, 0, 0, 0, 3, 2, 0, 0, 0, 6, 0, 1, 0]
	DESCRIPTION = Left Click at 'Ant Build'
	TEXT = Compound Action =
		Move mouse to (647.5, 443.0).
		Press Mouse Button BUTTON1
		Release Mouse Button BUTTON1

ExecutedAction [78]: 
 @Action ConcreteID = AC1o8t0gb802544976929 AbstractID = AA1o8t0gb802544976929
 ConcreteID CUSTOM = ConcreteID CUSTOM not available AbstractID CUSTOM = AA10jxgg780938712688
 @State ConcreteID = SC1ob5ag22368303636830 AbstractID = SR1xeozkw21a63723538920
 ConcreteID CUSTOM = SC1g90j5h237d4016616287 AbstractID CUSTOM = SAh2brft23851935486994

	ROLE = LeftClickAt
	TARGET =
		WIDGET = WCspldgh444092517404, WR5quxi6b4097176690, WT10djgf2191091587516, WP17xlui7401267059092
		ROLE = UIATreeItem
		TITLE = Gradle Project
		SHAPE = Rect [x:621.0 y:470.0 w:78.0 h:18.0]
		CHILDREN = 0
		PATH = [0, 0, 0, 0, 3, 2, 0, 0, 0, 6, 0, 1, 1]
	DESCRIPTION = Left Click at 'Gradle Project'
	TEXT = Compound Action =
		Move mouse to (660.0, 479.0).
		Press Mouse Button BUTTON1
		Release Mouse Button BUTTON1

ExecutedAction [79]: 
 @Action ConcreteID = AC5184mf811236776711 AbstractID = AA5184mf811236776711
 ConcreteID CUSTOM = ConcreteID CUSTOM not available AbstractID CUSTOM = AA1mes395802801487694
 @State ConcreteID = SC1puph7923294226087120 AbstractID = SR1k1cwth216c1467576009
 ConcreteID CUSTOM = SCyjh4fp23421917873801 AbstractID CUSTOM = SA5vm7tk23492795013898

	ROLE = LeftClickAt
	TARGET =
		WIDGET = WCwxs86r3d2007920636, WR5quxi6b4097176690, WT1uhbb0m123361825299, WPe0y3sx394049936969
		ROLE = UIATreeItem
		TITLE = Program
		SHAPE = Rect [x:621.0 y:578.0 w:50.0 h:18.0]
		CHILDREN = 0
		PATH = [0, 0, 0, 0, 3, 2, 0, 0, 0, 6, 0, 1, 7]
	DESCRIPTION = Left Click at 'Program'
	TEXT = Compound Action =
		Move mouse to (646.0, 587.0).
		Press Mouse Button BUTTON1
		Release Mouse Button BUTTON1

ExecutedAction [80]: 
 @Action ConcreteID = AC1hz4xuj814054816534 AbstractID = AA1hz4xuj814054816534
 ConcreteID CUSTOM = ConcreteID CUSTOM not available AbstractID CUSTOM = AA10bkui580518221663
 @State ConcreteID = SC1puph7923294226087120 AbstractID = SR1k1cwth216c1467576009
 ConcreteID CUSTOM = SCyjh4fp23421917873801 AbstractID CUSTOM = SA5vm7tk23492795013898

	ROLE = LeftClickAt
	TARGET =
		WIDGET = WC1czqsom4b1962884023, WR4na8ob72534219213, WT9tqjaw23995001038, WPxfr6eg474053059178
		ROLE = UIATree
		TITLE = Application Types/Launchers:
		SHAPE = Rect [x:581.0 y:432.0 w:241.0 h:318.0]
		CHILDREN = 10
		PATH = [0, 0, 0, 0, 3, 2, 0, 0, 0, 6, 0, 1]
	DESCRIPTION = Left Click at 'Application Types/Launchers:'
	TEXT = Compound Action =
		Move mouse to (701.5, 591.0).
		Press Mouse Button BUTTON1
		Release Mouse Button BUTTON1

ExecutedAction [81]: 
 @Action ConcreteID = AC1slq30n811402208701 AbstractID = AA1slq30n811402208701
 ConcreteID CUSTOM = ConcreteID CUSTOM not available AbstractID CUSTOM = AA1ay5zo9803168336372
 @State ConcreteID = SC1puph7923294226087120 AbstractID = SR1k1cwth216c1467576009
 ConcreteID CUSTOM = SCyjh4fp23421917873801 AbstractID CUSTOM = SA5vm7tk23492795013898

	ROLE = LeftClickAt
	TARGET =
		WIDGET = WC1llieoc3b777256276, WR5quxi6b4097176690, WT19kfzbk101372256793, WP1h5k9ay372004057610
		ROLE = UIATreeItem
		TITLE = JUnit
		SHAPE = Rect [x:621.0 y:524.0 w:30.0 h:18.0]
		CHILDREN = 0
		PATH = [0, 0, 0, 0, 3, 2, 0, 0, 0, 6, 0, 1, 4]
	DESCRIPTION = Left Click at 'JUnit'
	TEXT = Compound Action =
		Move mouse to (636.0, 533.0).
		Press Mouse Button BUTTON1
		Release Mouse Button BUTTON1

ExecutedAction [82]: 
 @Action ConcreteID = ACxhj4g3811200195043 AbstractID = AAxhj4g3811200195043
 ConcreteID CUSTOM = ConcreteID CUSTOM not available AbstractID CUSTOM = AAg0a6y3813734327203
 @State ConcreteID = SCpi1yrj23294174457483 AbstractID = SR1k1cwth216c1467576009
 ConcreteID CUSTOM = SC1on7kgc23423024178790 AbstractID CUSTOM = SA5vm7tk23492795013898

	ROLE = LeftClickAt
	TARGET =
		WIDGET = WCfp95ko383499523227, WR1h6ibpb92248851252, WT1gjzbmxd1262302430, WPutr4ue34587974169
		ROLE = UIAButton
		TITLE = Open
		SHAPE = Rect [x:1088.0 y:453.0 w:15.0 h:21.0]
		CHILDREN = 0
		PATH = [0, 0, 0, 0, 3, 2, 0, 0, 0, 6, 1, 3, 0]
	DESCRIPTION = Left Click at 'Open'
	TEXT = Compound Action =
		Move mouse to (1095.5, 463.5).
		Press Mouse Button BUTTON1
		Release Mouse Button BUTTON1

ExecutedAction [83]: 
 @Action ConcreteID = AC14dguls81323737126 AbstractID = AA14dguls81323737126
 ConcreteID CUSTOM = ConcreteID CUSTOM not available AbstractID CUSTOM = AA1uts1yc80647267598
 @State ConcreteID = SC1q842l124e02322808469 AbstractID = SR1nrye8b230e3918565473
 ConcreteID CUSTOM = SC10hjbpq25063418577398 AbstractID CUSTOM = SAl6kcvd250d1419680761

	ROLE = LeftClickAt
	TARGET =
		WIDGET = WCehxp9347624963386, WR5quxi6b4097176690, WT1sgw8o01c3247834811, WPjjnz39432219759178
		ROLE = UIATreeItem
		TITLE = Task Context Test
		SHAPE = Rect [x:621.0 y:614.0 w:94.0 h:18.0]
		CHILDREN = 0
		PATH = [0, 0, 0, 0, 3, 2, 0, 0, 0, 6, 0, 1, 9]
	DESCRIPTION = Left Click at 'Task Context Test'
	TEXT = Compound Action =
		Move mouse to (668.0, 623.0).
		Press Mouse Button BUTTON1
		Release Mouse Button BUTTON1

ExecutedAction [84]: 
 @Action ConcreteID = AC1emsvyt80192451932 AbstractID = AA1emsvyt80192451932
 ConcreteID CUSTOM = ConcreteID CUSTOM not available AbstractID CUSTOM = AA10bkui580518221663
 @State ConcreteID = SCpi1yrj23294174457483 AbstractID = SR1k1cwth216c1467576009
 ConcreteID CUSTOM = SC1on7kgc23423024178790 AbstractID CUSTOM = SA5vm7tk23492795013898

	ROLE = LeftClickAt
	TARGET =
		WIDGET = WC1czqsom4b1962884023, WR4na8ob72534219213, WT9tqjaw23995001038, WPxfr6eg474053059178
		ROLE = UIATree
		TITLE = Application Types/Launchers:
		SHAPE = Rect [x:581.0 y:432.0 w:241.0 h:318.0]
		CHILDREN = 10
		PATH = [0, 0, 0, 0, 3, 2, 0, 0, 0, 6, 0, 1]
	DESCRIPTION = Left Click at 'Application Types/Launchers:'
	TEXT = Compound Action =
		Move mouse to (701.5, 591.0).
		Press Mouse Button BUTTON1
		Release Mouse Button BUTTON1

ExecutedAction [85]: 
 @Action ConcreteID = AC1ow2qp803009459533 AbstractID = AA1ow2qp803009459533
 ConcreteID CUSTOM = ConcreteID CUSTOM not available AbstractID CUSTOM = AA1mes395802801487694
 @State ConcreteID = SCpi1yrj23294174457483 AbstractID = SR1k1cwth216c1467576009
 ConcreteID CUSTOM = SC1on7kgc23423024178790 AbstractID CUSTOM = SA5vm7tk23492795013898

	ROLE = LeftClickAt
	TARGET =
		WIDGET = WCwxs86r3d2007920636, WR5quxi6b4097176690, WT1uhbb0m123361825299, WPe0y3sx394049936969
		ROLE = UIATreeItem
		TITLE = Program
		SHAPE = Rect [x:621.0 y:578.0 w:50.0 h:18.0]
		CHILDREN = 0
		PATH = [0, 0, 0, 0, 3, 2, 0, 0, 0, 6, 0, 1, 7]
	DESCRIPTION = Left Click at 'Program'
	TEXT = Compound Action =
		Move mouse to (646.0, 587.0).
		Press Mouse Button BUTTON1
		Release Mouse Button BUTTON1

ExecutedAction [86]: 
 @Action ConcreteID = ACblvbp682318567953 AbstractID = AAblvbp682318567953
 ConcreteID CUSTOM = ConcreteID CUSTOM not available AbstractID CUSTOM = AAwkgvu081487801821
 @State ConcreteID = SC1puph7923294226087120 AbstractID = SR1k1cwth216c1467576009
 ConcreteID CUSTOM = SCyjh4fp23421917873801 AbstractID CUSTOM = SA5vm7tk23492795013898

	ROLE = LeftClickAt
	TARGET =
		WIDGET = WC1i5mk8z443749417107, WR1h6ibpb92248851252, WT19v964f22383585301, WPaep4z940456970378
		ROLE = UIAButton
		TITLE = Additional Dialog Actions
		SHAPE = Rect [x:1086.0 y:192.0 w:23.0 h:22.0]
		CHILDREN = 0
		PATH = [0, 0, 0, 0, 3, 0, 0, 1, 0, 2]
	DESCRIPTION = Left Click at 'Additional Dialog Actions'
	TEXT = Compound Action =
		Move mouse to (1097.5, 203.0).
		Press Mouse Button BUTTON1
		Release Mouse Button BUTTON1

ExecutedAction [87]: 
 @Action ConcreteID = AC1wyvmh8822807987876 AbstractID = AA1wyvmh8822807987876
 ConcreteID CUSTOM = ConcreteID CUSTOM not available AbstractID CUSTOM = AAddloax7f1473191957
 @State ConcreteID = SC1gu3r1q23673950772804 AbstractID = SR1nuzaj021a73890322439
 ConcreteID CUSTOM = SCs7egvz237f4290360976 AbstractID CUSTOM = SAmcd3ky238460505907

	ROLE = LeftClickAt
	TARGET =
		WIDGET = WCfp95ko383499523227, WR1h6ibpb92248851252, WT1gjzbmxd1262302430, WPutr4ue34587974169
		ROLE = UIAButton
		TITLE = Open
		SHAPE = Rect [x:1088.0 y:453.0 w:15.0 h:21.0]
		CHILDREN = 0
		PATH = [0, 0, 0, 0, 3, 2, 0, 0, 0, 6, 1, 3, 0]
	DESCRIPTION = Left Click at 'Open'
	TEXT = Compound Action =
		Move mouse to (1095.5, 463.5).
		Press Mouse Button BUTTON1
		Release Mouse Button BUTTON1

ExecutedAction [88]: 
 @Action ConcreteID = AC19a5z98802114878353 AbstractID = AA19a5z98802114878353
 ConcreteID CUSTOM = ConcreteID CUSTOM not available AbstractID CUSTOM = AA14ngyqr803517085414
 @State ConcreteID = SCiwy2q624e21185938630 AbstractID = SR1nrye8b230e3918565473
 ConcreteID CUSTOM = SC1fd6xny25052055656742 AbstractID CUSTOM = SAl6kcvd250d1419680761

	ROLE = LeftClickAt
	TARGET =
		WIDGET = WC1i8hm8r192906730213, WR52qhb2b3065858412, WTq2a8omf2725287753, WP1dn0x59152840398923
		ROLE = UIAListItem
		TITLE = None
		SHAPE = Rect [x:867.0 y:476.0 w:236.0 h:15.0]
		CHILDREN = 0
		PATH = [1, 0]
	DESCRIPTION = Left Click at 'None'
	TEXT = Compound Action =
		Move mouse to (985.0, 483.5).
		Press Mouse Button BUTTON1
		Release Mouse Button BUTTON1

ExecutedAction [89]: 
 @Action ConcreteID = AC1q28wvg811972360599 AbstractID = AA1q28wvg811972360599
 ConcreteID CUSTOM = ConcreteID CUSTOM not available AbstractID CUSTOM = AA18eotj2802596482526
 @State ConcreteID = SC1puph7923294226087120 AbstractID = SR1k1cwth216c1467576009
 ConcreteID CUSTOM = SCyjh4fp23421917873801 AbstractID CUSTOM = SA5vm7tk23492795013898

	ROLE = LeftClickAt
	TARGET =
		WIDGET = WCn2mji741526707730, WR5quxi6b4097176690, WT1qsojnf162512707194, WP1j511cd3d3503422184
		ROLE = UIATreeItem
		TITLE = Maven Build
		SHAPE = Rect [x:621.0 y:560.0 w:70.0 h:18.0]
		CHILDREN = 0
		PATH = [0, 0, 0, 0, 3, 2, 0, 0, 0, 6, 0, 1, 6]
	DESCRIPTION = Left Click at 'Maven Build'
	TEXT = Compound Action =
		Move mouse to (656.0, 569.0).
		Press Mouse Button BUTTON1
		Release Mouse Button BUTTON1

ExecutedAction [90]: 
 @Action ConcreteID = AC1kduh1802586054189 AbstractID = AA1kduh1802586054189
 ConcreteID CUSTOM = ConcreteID CUSTOM not available AbstractID CUSTOM = AA1cwmcg180979817596
 @State ConcreteID = SC1ob5ag22368303636830 AbstractID = SR1xeozkw21a63723538920
 ConcreteID CUSTOM = SC1g90j5h237d4016616287 AbstractID CUSTOM = SAh2brft23851935486994

	ROLE = LeftClickAt
	TARGET =
		WIDGET = WC1qknqtu21381850606, WR88rmk0b1934231702, WT88rmk0b1934231702, WP1sbp18k1d3189024849
		ROLE = UIACheckBox
		TITLE = 
		SHAPE = Rect [x:390.0 y:802.0 w:31.0 h:30.0]
		CHILDREN = 0
		PATH = [0, 0, 0, 2, 0, 0]
	DESCRIPTION = Left Click at ''
	TEXT = Compound Action =
		Move mouse to (405.5, 817.0).
		Press Mouse Button BUTTON1
		Release Mouse Button BUTTON1

ExecutedAction [91]: 
 @Action ConcreteID = AC1oapqhl7f2596514401 AbstractID = AA1oapqhl7f2596514401
 ConcreteID CUSTOM = ConcreteID CUSTOM not available AbstractID CUSTOM = AAll04rv804230599417
 @State ConcreteID = SC5c0qft20b7118012533 AbstractID = SR1pezyq61f28964147376
 ConcreteID CUSTOM = SC1qqfguh20ce1894316760 AbstractID CUSTOM = SAmid7zh20cb1585683446

	ROLE = LeftClickAt
	TARGET =
		WIDGET = WC1j42sup3c3006177072, WRa3fnoge3263686876, WT4xlz9r141056286155, WP15f2u0z381983176264
		ROLE = UIARadioButton
		TITLE = Always
		SHAPE = Rect [x:584.0 y:337.0 w:58.0 h:16.0]
		CHILDREN = 0
		PATH = [0, 0, 0, 0, 3, 2, 0, 0, 0, 3, 0, 0]
	DESCRIPTION = Left Click at 'Always'
	TEXT = Compound Action =
		Move mouse to (613.0, 345.0).
		Press Mouse Button BUTTON1
		Release Mouse Button BUTTON1

ExecutedAction [92]: 
 @Action ConcreteID = ACqztrts7f1642854663 AbstractID = AAqztrts7f1642854663
 ConcreteID CUSTOM = ConcreteID CUSTOM not available AbstractID CUSTOM = AA1l9rkuj80747002674
 @State ConcreteID = SCzqeal020bc561059184 AbstractID = SR1pezyq61f28964147376
 ConcreteID CUSTOM = SC13duf2v20d23670424645 AbstractID CUSTOM = SAmid7zh20cb1585683446

	ROLE = LeftClickAt
	TARGET =
		WIDGET = WC7ikahp3e1189033496, WR1h6ibpb92248851252, WT29quub193353596121, WP127sdij3a2458028588
		ROLE = UIAButton
		TITLE = Restore Defaults
		SHAPE = Rect [x:915.0 y:760.0 w:97.0 h:25.0]
		CHILDREN = 0
		PATH = [0, 0, 0, 0, 3, 2, 0, 0, 0, 7, 0]
	DESCRIPTION = Left Click at 'Restore Defaults'
	TEXT = Compound Action =
		Move mouse to (963.5, 772.5).
		Press Mouse Button BUTTON1
		Release Mouse Button BUTTON1

ExecutedAction [93]: 
 @Action ConcreteID = ACgxjbii7f1044323318 AbstractID = AAgxjbii7f1044323318
 ConcreteID CUSTOM = ConcreteID CUSTOM not available AbstractID CUSTOM = AA1b7h4j9801934801347
 @State ConcreteID = SCzqeal020bc561059184 AbstractID = SR1pezyq61f28964147376
 ConcreteID CUSTOM = SC13duf2v20d23670424645 AbstractID CUSTOM = SAmid7zh20cb1585683446

	ROLE = LeftClickAt
	TARGET =
		WIDGET = WCspldgh444092517404, WR5quxi6b4097176690, WT10djgf2191091587516, WP17xlui7401267059092
		ROLE = UIATreeItem
		TITLE = Gradle Project
		SHAPE = Rect [x:621.0 y:470.0 w:78.0 h:18.0]
		CHILDREN = 0
		PATH = [0, 0, 0, 0, 3, 2, 0, 0, 0, 6, 0, 1, 1]
	DESCRIPTION = Left Click at 'Gradle Project'
	TEXT = Compound Action =
		Move mouse to (660.0, 479.0).
		Press Mouse Button BUTTON1
		Release Mouse Button BUTTON1

ExecutedAction [94]: 
 @Action ConcreteID = ACy7d2kg80283848648 AbstractID = AAy7d2kg80283848648
 ConcreteID CUSTOM = ConcreteID CUSTOM not available AbstractID CUSTOM = AAee5xuy802685235090
 @State ConcreteID = SCr3avdv207d2362717468 AbstractID = SRg4tvtf1eee2634294204
 ConcreteID CUSTOM = SC1sknipv2097294427039 AbstractID CUSTOM = SAuu6lzw208f1592217155

	ROLE = LeftClickAt
	TARGET =
		WIDGET = WC1ujs0pc232382997846, WR4na8ob72534219213, WT4na8ob72534219213, WPhrehky1f2874690105
		ROLE = UIATree
		TITLE = 
		SHAPE = Rect [x:386.0 y:217.0 w:166.0 h:573.0]
		CHILDREN = 1
		PATH = [0, 0, 0, 0, 0, 0, 1, 0]
	DESCRIPTION = Left Click at ''
	TEXT = Compound Action =
		Move mouse to (469.0, 503.5).
		Press Mouse Button BUTTON1
		Release Mouse Button BUTTON1

ExecutedAction [95]: 
 @Action ConcreteID = AC1t6hceu80259010805 AbstractID = AA1t6hceu80259010805
 ConcreteID CUSTOM = ConcreteID CUSTOM not available AbstractID CUSTOM = AA19da7pc803214307503
 @State ConcreteID = SCr3avdv207d2362717468 AbstractID = SRg4tvtf1eee2634294204
 ConcreteID CUSTOM = SC1sknipv2097294427039 AbstractID CUSTOM = SAuu6lzw208f1592217155

	ROLE = LeftClickAt
	TARGET =
		WIDGET = WCf0wkro3c3212159279, WRa3fnoge3263686876, WTc4g7j8144206818792, WP1bea9hy383836153759
		ROLE = UIARadioButton
		TITLE = Prompt
		SHAPE = Rect [x:710.0 y:337.0 w:61.0 h:16.0]
		CHILDREN = 0
		PATH = [0, 0, 0, 0, 3, 2, 0, 0, 0, 3, 0, 2]
	DESCRIPTION = Left Click at 'Prompt'
	TEXT = Compound Action =
		Move mouse to (740.5, 345.0).
		Press Mouse Button BUTTON1
		Release Mouse Button BUTTON1

ExecutedAction [96]: 
 @Action ConcreteID = AC1re19bu803870907851 AbstractID = AA1re19bu803870907851
 ConcreteID CUSTOM = ConcreteID CUSTOM not available AbstractID CUSTOM = AA17ku4mc801449074065
 @State ConcreteID = SCr3avdv207d2362717468 AbstractID = SRg4tvtf1eee2634294204
 ConcreteID CUSTOM = SC1sknipv2097294427039 AbstractID CUSTOM = SAuu6lzw208f1592217155

	ROLE = LeftClickAt
	TARGET =
		WIDGET = WC1qknqtu21381850606, WR88rmk0b1934231702, WT88rmk0b1934231702, WP1sbp18k1d3189024849
		ROLE = UIACheckBox
		TITLE = 
		SHAPE = Rect [x:390.0 y:802.0 w:31.0 h:30.0]
		CHILDREN = 0
		PATH = [0, 0, 0, 2, 0, 0]
	DESCRIPTION = Left Click at ''
	TEXT = Compound Action =
		Move mouse to (405.5, 817.0).
		Press Mouse Button BUTTON1
		Release Mouse Button BUTTON1

ExecutedAction [97]: 
 @Action ConcreteID = AC1h5bivl1063663997171 AbstractID = AA3d3mjkd62621417336
 ConcreteID CUSTOM = ConcreteID CUSTOM not available AbstractID CUSTOM = AA1rofwx6d6416406065
 @State ConcreteID = SCjpy22m23242548953203 AbstractID = SR1k1cwth216c1467576009
 ConcreteID CUSTOM = SC1gy3jgj233e1649530894 AbstractID CUSTOM = SA5vm7tk23492795013898

	ROLE = ClickTypeInto
	TARGET =
		WIDGET = WC1tay3xb431898820085, WR4n9zi27465102038, WT229ncg18815669729, WPm5ja993f1116131439
		ROLE = UIAText
		TITLE = Debugger Concepts
		SHAPE = Rect [x:1147.0 y:514.0 w:106.0 h:15.0]
		CHILDREN = 0
		PATH = [0, 0, 4, 2, 0, 0, 2, 0, 0, 0, 1, 0, 6]
	DESCRIPTION = Type '<i onwheel=alert...' into 'Debugger Concepts
	TEXT = Compound Action =
		Compound Action =
		Move mouse to (1200.0, 521.5).
		Press Mouse Button BUTTON1
		Release Mouse Button BUTTON1
		Press Key 17
		Press Key 65
		Release Key 65
		Release Key 17
		Type text '<i onwheel=alert(1)> Scroll over me </i>'

ExecutedAction [98]: 
 @Action ConcreteID = AC1550yk7801616056909 AbstractID = AA1550yk7801616056909
 ConcreteID CUSTOM = ConcreteID CUSTOM not available AbstractID CUSTOM = AA1jn1jhg801884771041
 @State ConcreteID = SCo4enks22aa4191586393 AbstractID = SR1rig4an21093387247073
 ConcreteID CUSTOM = SC4juy7522cc3820378057 AbstractID CUSTOM = SA1ugovcb22c9792666955

	ROLE = LeftClickAt
	TARGET =
		WIDGET = WCn2mji741526707730, WR5quxi6b4097176690, WT1qsojnf162512707194, WP1j511cd3d3503422184
		ROLE = UIATreeItem
		TITLE = Maven Build
		SHAPE = Rect [x:621.0 y:560.0 w:70.0 h:18.0]
		CHILDREN = 0
		PATH = [0, 0, 0, 0, 3, 2, 0, 0, 0, 6, 0, 1, 6]
	DESCRIPTION = Left Click at 'Maven Build'
	TEXT = Compound Action =
		Move mouse to (656.0, 569.0).
		Press Mouse Button BUTTON1
		Release Mouse Button BUTTON1

ExecutedAction [99]: 
 @Action ConcreteID = AC12vu6h2802458640285 AbstractID = AA12vu6h2802458640285
 ConcreteID CUSTOM = ConcreteID CUSTOM not available AbstractID CUSTOM = AAkxst6a812567698457
 @State ConcreteID = SCaujlso23b51550667880 AbstractID = SR1m2ykna21fc126263057
 ConcreteID CUSTOM = SC60h8u523d4144978889 AbstractID CUSTOM = SA1tu4lfv23cf2398643939

	ROLE = LeftClickAt
	TARGET =
		WIDGET = WCqagbsi3c2139398062, WRa3fnoge3263686876, WT4xlz9r141056286155, WPclgcys383130973910
		ROLE = UIARadioButton
		TITLE = Always
		SHAPE = Rect [x:584.0 y:288.0 w:58.0 h:16.0]
		CHILDREN = 0
		PATH = [0, 0, 0, 0, 3, 2, 0, 0, 0, 2, 0, 0]
	DESCRIPTION = Left Click at 'Always'
	TEXT = Compound Action =
		Move mouse to (613.0, 296.0).
		Press Mouse Button BUTTON1
		Release Mouse Button BUTTON1

ExecutedAction [100]: 
 @Action ConcreteID = ACsftvm3811223884662 AbstractID = AAsftvm3811223884662
 ConcreteID CUSTOM = ConcreteID CUSTOM not available AbstractID CUSTOM = AA14djv4v822720807016
 @State ConcreteID = SCaujlso23b51550667880 AbstractID = SR1m2ykna21fc126263057
 ConcreteID CUSTOM = SC60h8u523d4144978889 AbstractID CUSTOM = SA1tu4lfv23cf2398643939

	ROLE = LeftClickAt
	TARGET =
		WIDGET = WC12qtkzs332802996869, WR1h6ibpb92248851252, WT19ol5bi201271121736, WP5h7c2e2f384579118
		ROLE = UIAButton
		TITLE = Show in external window
		SHAPE = Rect [x:1156.0 y:185.0 w:23.0 h:22.0]
		CHILDREN = 0
		PATH = [0, 0, 4, 0, 0]
	DESCRIPTION = Left Click at 'Show in external window'
	TEXT = Compound Action =
		Move mouse to (1167.5, 196.0).
		Press Mouse Button BUTTON1
		Release Mouse Button BUTTON1

Sequence 1 finished.
Copying generated sequence ("sequence36") to output directory...
Copying classified sequence ("sequence36") to sequences_ok folder...
