Starting sequence 1 (output as: sequence1166)

ExecutedAction [1]: 
 @Action ConcreteID = AC167ausc7e3689673508 AbstractID = AA167ausc7e3689673508
 ConcreteID CUSTOM = ConcreteID CUSTOM not available AbstractID CUSTOM = AArixbal7e123564459
 @State ConcreteID = SC6w2h61d63505289064 AbstractID = SRuxvih1ba2513313992
 ConcreteID CUSTOM = SC22ddoh1d53711883251 AbstractID CUSTOM = SA1e0xkku1d417380732

	ROLE = LeftClickAt
	TARGET =
		WIDGET = WC3rq8hx1e869414367, WR17v7k2nb1067391859, WTaz2n92112307194186, WPablb9v1a985931869
		ROLE = UIAMenuItem
		TITLE = Format
		SHAPE = Rect [x:734.0 y:641.0 w:52.0 h:19.0]
		CHILDREN = 0
		PATH = [0, 3, 2]
	DESCRIPTION = Left Click at 'Format'
	TEXT = Compound Action =
		Move mouse to (760.0, 650.5).
		Press Mouse Button BUTTON1
		Release Mouse Button BUTTON1

ExecutedAction [2]: 
 @Action ConcreteID = AC1n7wpwh802822499842 AbstractID = AA1n7wpwh802822499842
 ConcreteID CUSTOM = ConcreteID CUSTOM not available AbstractID CUSTOM = AA1n6loxj80875757270
 @State ConcreteID = SC1t3h04d20d3763755446 AbstractID = SRhdom0g1f51351705365
 ConcreteID CUSTOM = SCyu6wed212968771561 AbstractID CUSTOM = SA1odsafd20b3326211211

	ROLE = LeftClickAt
	TARGET =
		WIDGET = WC1084jd1f2874738980, WR17v7k2nb1067391859, WT1k0pzz412734516100, WPdmv4jr1b3951525617
		ROLE = UIAMenuItem
		TITLE = Font...
		SHAPE = Rect [x:737.0 y:685.0 w:144.0 h:22.0]
		CHILDREN = 0
		PATH = [0, 0, 1]
	DESCRIPTION = Left Click at 'Font...'
	TEXT = Compound Action =
		Move mouse to (809.0, 696.0).
		Press Mouse Button BUTTON1
		Release Mouse Button BUTTON1

ExecutedAction [3]: 
 @Action ConcreteID = AC1qq6xce7f860084207 AbstractID = AA1qq6xce7f860084207
 ConcreteID CUSTOM = ConcreteID CUSTOM not available AbstractID CUSTOM = AAyyymlp81576270716
 @State ConcreteID = SC2aezg264b766605609 AbstractID = SR1t07cxg6013367860381
 ConcreteID CUSTOM = SC64ort06572502115634 AbstractID CUSTOM = SA14646pp64b2636390816

	ROLE = LeftClickAt
	TARGET =
		WIDGET = WC12kkks1263256972952, WR1h6ibpb92248851252, WTrko51k10351550260, WPpy9hr7221169150490
		ROLE = UIAButton
		TITLE = Line up
		SHAPE = Rect [x:1090.0 y:763.0 w:17.0 h:17.0]
		CHILDREN = 0
		PATH = [0, 0, 5, 0, 0, 0]
	DESCRIPTION = Left Click at 'Line up'
	TEXT = Compound Action =
		Move mouse to (1098.5, 771.5).
		Press Mouse Button BUTTON1
		Release Mouse Button BUTTON1

ExecutedAction [4]: 
 @Action ConcreteID = AC1p3tfim7f4154082972 AbstractID = AA1p3tfim7f4154082972
 ConcreteID CUSTOM = ConcreteID CUSTOM not available AbstractID CUSTOM = AA1398ng7801005721704
 @State ConcreteID = SC8zikwt64a3980201045 AbstractID = SR1t07cxg6013367860381
 ConcreteID CUSTOM = SCu0uhu6657994051287 AbstractID CUSTOM = SA14646pp64b2636390816

	ROLE = LeftClickAt
	TARGET =
		WIDGET = WCs1fgba22707396396, WR4n4ygb71694219017, WTlv9l4f121129438802, WP1cnwmdk1e2175683903
		ROLE = UIAList
		TITLE = Font style:
		SHAPE = Rect [x:899.0 y:761.0 w:130.0 h:118.0]
		CHILDREN = 7
		PATH = [0, 0, 3, 0]
	DESCRIPTION = Left Click at 'Font style:'
	TEXT = Compound Action =
		Move mouse to (964.0, 820.0).
		Press Mouse Button BUTTON1
		Release Mouse Button BUTTON1

ExecutedAction [5]: 
 @Action ConcreteID = AC1edk0wf7f711251798 AbstractID = AA1edk0wf7f711251798
 ConcreteID CUSTOM = ConcreteID CUSTOM not available AbstractID CUSTOM = AAsiz8u0803859581346
 @State ConcreteID = SC8zikwt64a3980201045 AbstractID = SR1t07cxg6013367860381
 ConcreteID CUSTOM = SCu0uhu6657994051287 AbstractID CUSTOM = SA14646pp64b2636390816

	ROLE = LeftClickAt
	TARGET =
		WIDGET = WCuhcq52253313663820, WR52qhb2b3065858412, WT1qm1kgw123891278768, WPkol9k4211166812893
		ROLE = UIAListItem
		TITLE = Calibri
		SHAPE = Rect [x:713.0 y:801.0 w:151.0 h:19.0]
		CHILDREN = 0
		PATH = [0, 0, 1, 0, 3]
	DESCRIPTION = Left Click at 'Calibri'
	TEXT = Compound Action =
		Move mouse to (788.5, 810.5).
		Press Mouse Button BUTTON1
		Release Mouse Button BUTTON1

ExecutedAction [6]: 
 @Action ConcreteID = AC1txdbx9813192704253 AbstractID = AA1txdbx9813192704253
 ConcreteID CUSTOM = ConcreteID CUSTOM not available AbstractID CUSTOM = AA38t2gd81225666942
 @State ConcreteID = SC1jrv09364c1652510045 AbstractID = SR1t07cxg6013367860381
 ConcreteID CUSTOM = SC3uul47656506425503 AbstractID CUSTOM = SA14646pp64b2636390816

	ROLE = LeftClickAt
	TARGET =
		WIDGET = WC1izyu35202008837955, WR52qhb2b3065858412, WT1bx8b0jd2390158326, WP152dhun1c967078704
		ROLE = UIAListItem
		TITLE = 16
		SHAPE = Rect [x:1048.0 y:763.0 w:42.0 h:15.0]
		CHILDREN = 0
		PATH = [0, 0, 5, 0, 1]
	DESCRIPTION = Left Click at '16'
	TEXT = Compound Action =
		Move mouse to (1069.0, 770.5).
		Press Mouse Button BUTTON1
		Release Mouse Button BUTTON1

ExecutedAction [7]: 
 @Action ConcreteID = AC1lmkyu803210942741 AbstractID = AA1lmkyu803210942741
 ConcreteID CUSTOM = ConcreteID CUSTOM not available AbstractID CUSTOM = AA6gaphy803870471405
 @State ConcreteID = SC1jrv09364c1652510045 AbstractID = SR1t07cxg6013367860381
 ConcreteID CUSTOM = SC3uul47656506425503 AbstractID CUSTOM = SA14646pp64b2636390816

	ROLE = LeftClickAt
	TARGET =
		WIDGET = WC11s1ehi252469257880, WR52qhb2b3065858412, WTh6zdq12834902686, WP133ev38212339143388
		ROLE = UIAListItem
		TITLE = Regular
		SHAPE = Rect [x:901.0 y:801.0 w:109.0 h:19.0]
		CHILDREN = 0
		PATH = [0, 0, 3, 0, 3]
	DESCRIPTION = Left Click at 'Regular'
	TEXT = Compound Action =
		Move mouse to (955.5, 810.5).
		Press Mouse Button BUTTON1
		Release Mouse Button BUTTON1

ExecutedAction [8]: 
 @Action ConcreteID = AC5lpj9q801307991828 AbstractID = AA5lpj9q801307991828
 ConcreteID CUSTOM = ConcreteID CUSTOM not available AbstractID CUSTOM = AAagdnsu80338162412
 @State ConcreteID = SC1jrv09364c1652510045 AbstractID = SR1t07cxg6013367860381
 ConcreteID CUSTOM = SC3uul47656506425503 AbstractID CUSTOM = SA14646pp64b2636390816

	ROLE = LeftClickAt
	TARGET =
		WIDGET = WCv2ugyt24859905361, WR52qhb2b3065858412, WT15t19m611856301530, WP1mrwj3n204113782593
		ROLE = UIAListItem
		TITLE = Italic
		SHAPE = Rect [x:901.0 y:820.0 w:109.0 h:19.0]
		CHILDREN = 0
		PATH = [0, 0, 3, 0, 4]
	DESCRIPTION = Left Click at 'Italic'
	TEXT = Compound Action =
		Move mouse to (955.5, 829.5).
		Press Mouse Button BUTTON1
		Release Mouse Button BUTTON1

ExecutedAction [9]: 
 @Action ConcreteID = AC1gflwhr813648574446 AbstractID = AA1gflwhr813648574446
 ConcreteID CUSTOM = ConcreteID CUSTOM not available AbstractID CUSTOM = AA1os5ozz811783068781
 @State ConcreteID = SC1jrv09364c1652510045 AbstractID = SR1t07cxg6013367860381
 ConcreteID CUSTOM = SC3uul47656506425503 AbstractID CUSTOM = SA14646pp64b2636390816

	ROLE = LeftClickAt
	TARGET =
		WIDGET = WC18yzs22201124073793, WR52qhb2b3065858412, WT1bx8b1gd1122211122, WP1ak6l201c484866457
		ROLE = UIAListItem
		TITLE = 28
		SHAPE = Rect [x:1048.0 y:853.0 w:42.0 h:15.0]
		CHILDREN = 0
		PATH = [0, 0, 5, 0, 7]
	DESCRIPTION = Left Click at '28'
	TEXT = Compound Action =
		Move mouse to (1069.0, 860.5).
		Press Mouse Button BUTTON1
		Release Mouse Button BUTTON1

ExecutedAction [10]: 
 @Action ConcreteID = ACitiqzh81114546581 AbstractID = AAitiqzh81114546581
 ConcreteID CUSTOM = ConcreteID CUSTOM not available AbstractID CUSTOM = AAr62jhp813052174358
 @State ConcreteID = SC1jrv09364c1652510045 AbstractID = SR1t07cxg6013367860381
 ConcreteID CUSTOM = SC3uul47656506425503 AbstractID CUSTOM = SA14646pp64b2636390816

	ROLE = LeftClickAt
	TARGET =
		WIDGET = WC6suwid2698650252, WR1h6ibpb92248851252, WTbcxonh101439247762, WP11fampz222597488693
		ROLE = UIAButton
		TITLE = Page up
		SHAPE = Rect [x:1090.0 y:780.0 w:17.0 h:27.0]
		CHILDREN = 0
		PATH = [0, 0, 5, 0, 0, 1]
	DESCRIPTION = Left Click at 'Page up'
	TEXT = Compound Action =
		Move mouse to (1098.5, 793.5).
		Press Mouse Button BUTTON1
		Release Mouse Button BUTTON1

ExecutedAction [11]: 
 @Action ConcreteID = AC17j0ull7f1834322413 AbstractID = AA17j0ull7f1834322413
 ConcreteID CUSTOM = ConcreteID CUSTOM not available AbstractID CUSTOM = AAae44g7802080489185
 @State ConcreteID = SCtshdt963a588376770 AbstractID = SRc03ckd5ed3800178359
 ConcreteID CUSTOM = SC1iztqly644277338106 AbstractID CUSTOM = SAmbvgi66351078023924

	ROLE = LeftClickAt
	TARGET =
		WIDGET = WC1usc0yg1f2589430640, WR52qhb2b3065858412, WTfaksm3c3384145855, WPqw99ra1b110192557
		ROLE = UIAListItem
		TITLE = 9
		SHAPE = Rect [x:1048.0 y:778.0 w:42.0 h:15.0]
		CHILDREN = 0
		PATH = [0, 0, 5, 0, 2]
	DESCRIPTION = Left Click at '9'
	TEXT = Compound Action =
		Move mouse to (1069.0, 785.5).
		Press Mouse Button BUTTON1
		Release Mouse Button BUTTON1

ExecutedAction [12]: 
 @Action ConcreteID = ACz8bxfp7f3663289558 AbstractID = AAz8bxfp7f3663289558
 ConcreteID CUSTOM = ConcreteID CUSTOM not available AbstractID CUSTOM = AA23f7ab803406654426
 @State ConcreteID = SCtshdt963a588376770 AbstractID = SRc03ckd5ed3800178359
 ConcreteID CUSTOM = SC1iztqly644277338106 AbstractID CUSTOM = SAmbvgi66351078023924

	ROLE = LeftClickAt
	TARGET =
		WIDGET = WCdw86ez284098898402, WR1h6ibpb92248851252, WT1cknvro121926923266, WPl155yl24411412296
		ROLE = UIAButton
		TITLE = Page down
		SHAPE = Rect [x:1090.0 y:811.0 w:17.0 h:40.0]
		CHILDREN = 0
		PATH = [0, 0, 5, 0, 0, 2]
	DESCRIPTION = Left Click at 'Page down'
	TEXT = Compound Action =
		Move mouse to (1098.5, 831.0).
		Press Mouse Button BUTTON1
		Release Mouse Button BUTTON1

ExecutedAction [13]: 
 @Action ConcreteID = AC1wqsvd81186570858 AbstractID = AA1wqsvd81186570858
 ConcreteID CUSTOM = ConcreteID CUSTOM not available AbstractID CUSTOM = AAa9aldl813089200105
 @State ConcreteID = SC1jrv09364c1652510045 AbstractID = SR1t07cxg6013367860381
 ConcreteID CUSTOM = SC3uul47656506425503 AbstractID CUSTOM = SA14646pp64b2636390816

	ROLE = LeftClickAt
	TARGET =
		WIDGET = WCeiaur7201060696764, WR52qhb2b3065858412, WT1bx8b1ad2721479724, WPq6tn5t1c3279458422
		ROLE = UIAListItem
		TITLE = 22
		SHAPE = Rect [x:1048.0 y:808.0 w:42.0 h:15.0]
		CHILDREN = 0
		PATH = [0, 0, 5, 0, 4]
	DESCRIPTION = Left Click at '22'
	TEXT = Compound Action =
		Move mouse to (1069.0, 815.5).
		Press Mouse Button BUTTON1
		Release Mouse Button BUTTON1

ExecutedAction [14]: 
 @Action ConcreteID = ACi9mm8y81118113004 AbstractID = AAi9mm8y81118113004
 ConcreteID CUSTOM = ConcreteID CUSTOM not available AbstractID CUSTOM = AAqm6er6813023432047
 @State ConcreteID = SC1jrv09364c1652510045 AbstractID = SR1t07cxg6013367860381
 ConcreteID CUSTOM = SC3uul47656506425503 AbstractID CUSTOM = SA14646pp64b2636390816

	ROLE = LeftClickAt
	TARGET =
		WIDGET = WCzht74202717933096, WR52qhb2b3065858412, WT1bx8b1cd1263917337, WP9awlsu1c2314389715
		ROLE = UIAListItem
		TITLE = 24
		SHAPE = Rect [x:1048.0 y:823.0 w:42.0 h:15.0]
		CHILDREN = 0
		PATH = [0, 0, 5, 0, 5]
	DESCRIPTION = Left Click at '24'
	TEXT = Compound Action =
		Move mouse to (1069.0, 830.5).
		Press Mouse Button BUTTON1
		Release Mouse Button BUTTON1

ExecutedAction [15]: 
 @Action ConcreteID = ACu89df1802309482875 AbstractID = AAu89df1802309482875
 ConcreteID CUSTOM = ConcreteID CUSTOM not available AbstractID CUSTOM = AAz2xhy5803497411715
 @State ConcreteID = SC1jrv09364c1652510045 AbstractID = SR1t07cxg6013367860381
 ConcreteID CUSTOM = SC3uul47656506425503 AbstractID CUSTOM = SA14646pp64b2636390816

	ROLE = LeftClickAt
	TARGET =
		WIDGET = WCqh5omd2a296031115, WR52qhb2b3065858412, WT1cjazvz173786828615, WPdre0fn26638294635
		ROLE = UIAListItem
		TITLE = Cambria Math
		SHAPE = Rect [x:713.0 y:839.0 w:151.0 h:19.0]
		CHILDREN = 0
		PATH = [0, 0, 1, 0, 5]
	DESCRIPTION = Left Click at 'Cambria Math'
	TEXT = Compound Action =
		Move mouse to (788.5, 848.5).
		Press Mouse Button BUTTON1
		Release Mouse Button BUTTON1

ExecutedAction [16]: 
 @Action ConcreteID = AC1u5rw5u8075031161 AbstractID = AA1u5rw5u8075031161
 ConcreteID CUSTOM = ConcreteID CUSTOM not available AbstractID CUSTOM = AAz9m2vt7f3639088972
 @State ConcreteID = SC1myboaw60e801633037 AbstractID = SRvdl4uj5c72448235490
 ConcreteID CUSTOM = SC121asm361c3341449296 AbstractID CUSTOM = SAdiy83h60f246630328

	ROLE = LeftClickAt
	TARGET =
		WIDGET = WC83xqs71c1934605973, WR4n4ygb71694219017, WTffw52mc121423905, WP1kyox1l183156097240
		ROLE = UIAList
		TITLE = Size:
		SHAPE = Rect [x:1046.0 y:761.0 w:63.0 h:109.0]
		CHILDREN = 8
		PATH = [0, 0, 5, 0]
	DESCRIPTION = Left Click at 'Size:'
	TEXT = Compound Action =
		Move mouse to (1077.5, 815.5).
		Press Mouse Button BUTTON1
		Release Mouse Button BUTTON1

ExecutedAction [17]: 
 @Action ConcreteID = ACxotr7u813999443402 AbstractID = AAxotr7u813999443402
 ConcreteID CUSTOM = ConcreteID CUSTOM not available AbstractID CUSTOM = AA1yfeb8j803087924508
 @State ConcreteID = SC1myboaw60e801633037 AbstractID = SRvdl4uj5c72448235490
 ConcreteID CUSTOM = SC121asm361c3341449296 AbstractID CUSTOM = SAdiy83h60f246630328

	ROLE = LeftClickAt
	TARGET =
		WIDGET = WC1grpg081d601422470, WR1h6ibpb92248851252, WT1vjbvvdf3603144044, WP1fkwu62191550463147
		ROLE = UIAButton
		TITLE = Cancel
		SHAPE = Rect [x:1032.0 y:1112.0 w:79.0 h:26.0]
		CHILDREN = 0
		PATH = [0, 0, 12]
	DESCRIPTION = Left Click at 'Cancel'
	TEXT = Compound Action =
		Move mouse to (1071.5, 1125.0).
		Press Mouse Button BUTTON1
		Release Mouse Button BUTTON1

ExecutedAction [18]: 
 @Action ConcreteID = ACjc9x5c7e2892327098 AbstractID = AAjc9x5c7e2892327098
 ConcreteID CUSTOM = ConcreteID CUSTOM not available AbstractID CUSTOM = AA4nwdnl7e1892936245
 @State ConcreteID = SC6w2h61d63505289064 AbstractID = SRuxvih1ba2513313992
 ConcreteID CUSTOM = SC22ddoh1d53711883251 AbstractID CUSTOM = SA1e0xkku1d417380732

	ROLE = LeftClickAt
	TARGET =
		WIDGET = WC12b45x51c517775489, WR17v7k2nb1067391859, WT1qe89j4f2180189081, WP10d1byf183180104482
		ROLE = UIAMenuItem
		TITLE = Help
		SHAPE = Rect [x:825.0 y:641.0 w:39.0 h:19.0]
		CHILDREN = 0
		PATH = [0, 3, 4]
	DESCRIPTION = Left Click at 'Help'
	TEXT = Compound Action =
		Move mouse to (844.5, 650.5).
		Press Mouse Button BUTTON1
		Release Mouse Button BUTTON1

ExecutedAction [19]: 
 @Action ConcreteID = AC19s9p9a7f1454915408 AbstractID = AA19s9p9a7f1454915408
 ConcreteID CUSTOM = ConcreteID CUSTOM not available AbstractID CUSTOM = AA1bjtc8a802717849232
 @State ConcreteID = SCiqbf6u2214275623817 AbstractID = SR1p2iogu2092294951997
 ConcreteID CUSTOM = SC18iu7be2271352204780 AbstractID CUSTOM = SA19xk86e21f1597656056

	ROLE = LeftClickAt
	TARGET =
		WIDGET = WC1frc9lv1c3431448778, WR17v7k2nb1067391859, WT1qe72ijf99311909, WPjc8r1t181437309355
		ROLE = UIAMenuItem
		TITLE = File
		SHAPE = Rect [x:668.0 y:641.0 w:32.0 h:19.0]
		CHILDREN = 0
		PATH = [0, 4, 0]
	DESCRIPTION = Left Click at 'File'
	TEXT = Compound Action =
		Move mouse to (684.0, 650.5).
		Press Mouse Button BUTTON1
		Release Mouse Button BUTTON1

ExecutedAction [20]: 
 @Action ConcreteID = AC1els0a87e3851832879 AbstractID = AA1els0a87e3851832879
 ConcreteID CUSTOM = ConcreteID CUSTOM not available AbstractID CUSTOM = AAzxegsh7e958450848
 @State ConcreteID = SC6w2h61d63505289064 AbstractID = SRuxvih1ba2513313992
 ConcreteID CUSTOM = SC22ddoh1d53711883251 AbstractID CUSTOM = SA1e0xkku1d417380732

	ROLE = LeftClickAt
	TARGET =
		WIDGET = WCdfgprn1c4116076503, WR17v7k2nb1067391859, WT1qe6brdf138512687, WP1hwpd4x181691246414
		ROLE = UIAMenuItem
		TITLE = Edit
		SHAPE = Rect [x:700.0 y:641.0 w:34.0 h:19.0]
		CHILDREN = 0
		PATH = [0, 3, 1]
	DESCRIPTION = Left Click at 'Edit'
	TEXT = Compound Action =
		Move mouse to (717.0, 650.5).
		Press Mouse Button BUTTON1
		Release Mouse Button BUTTON1

ExecutedAction [21]: 
 @Action ConcreteID = ACzzceql7f479571729 AbstractID = AAzzceql7f479571729
 ConcreteID CUSTOM = ConcreteID CUSTOM not available AbstractID CUSTOM = AA41kldf7f1854797354
 @State ConcreteID = SC14wfehd2eb793389542 AbstractID = SR1hpakru2d13589890082
 ConcreteID CUSTOM = SCnfn61e2f289313879 AbstractID CUSTOM = SA3bzqiy2ea3536011733

	ROLE = LeftClickAt
	TARGET =
		WIDGET = WC12k47km252947986193, WR17v7k2nb1067391859, WT1ukegtj174003865368, WPcde18o21552160172
		ROLE = UIAMenuItem
		TITLE = Time/Date	F5
		SHAPE = Rect [x:703.0 y:948.0 w:225.0 h:22.0]
		CHILDREN = 0
		PATH = [0, 0, 12]
	DESCRIPTION = Left Click at 'Time/Date	F5'
	TEXT = Compound Action =
		Move mouse to (815.5, 959.0).
		Press Mouse Button BUTTON1
		Release Mouse Button BUTTON1

ExecutedAction [22]: 
 @Action ConcreteID = ACwffc8d803910486600 AbstractID = AAwffc8d803910486600
 ConcreteID CUSTOM = ConcreteID CUSTOM not available AbstractID CUSTOM = AA1gfw6gs7e4155549052
 @State ConcreteID = SC1c14wwx1d61814899347 AbstractID = SRuxvih1ba2513313992
 ConcreteID CUSTOM = SCrv468n1d52051765385 AbstractID CUSTOM = SA1e0xkku1d417380732

	ROLE = LeftClickAt
	TARGET =
		WIDGET = WCdsg5py1c3010804170, WR17v7k2nb1067391859, WT1qeha5gf2005531835, WPk6niro18548921330
		ROLE = UIAMenuItem
		TITLE = View
		SHAPE = Rect [x:786.0 y:641.0 w:39.0 h:19.0]
		CHILDREN = 0
		PATH = [0, 3, 3]
	DESCRIPTION = Left Click at 'View'
	TEXT = Compound Action =
		Move mouse to (805.5, 650.5).
		Press Mouse Button BUTTON1
		Release Mouse Button BUTTON1

ExecutedAction [23]: 
 @Action ConcreteID = AC18xk9y37f2927574165 AbstractID = AA18xk9y37f2927574165
 ConcreteID CUSTOM = ConcreteID CUSTOM not available AbstractID CUSTOM = AA1ugir7i80222053590
 @State ConcreteID = SCoaxjqe20a1356085044 AbstractID = SRhdom0g1f51351705365
 ConcreteID CUSTOM = SC1tegzkx2111643325091 AbstractID CUSTOM = SA1odsafd20b3326211211

	ROLE = LeftClickAt
	TARGET =
		WIDGET = WCudxb541c3405482637, WR17v7k2nb1067391859, WT1qejys2f1046425153, WPwz8jna183953042271
		ROLE = UIAMenuItem
		TITLE = Zoom
		SHAPE = Rect [x:789.0 y:663.0 w:136.0 h:22.0]
		CHILDREN = 0
		PATH = [0, 0, 0]
	DESCRIPTION = Left Click at 'Zoom'
	TEXT = Compound Action =
		Move mouse to (857.0, 674.0).
		Press Mouse Button BUTTON1
		Release Mouse Button BUTTON1

ExecutedAction [24]: 
 @Action ConcreteID = AC1lpcrb8813901097563 AbstractID = AA1lpcrb8813901097563
 ConcreteID CUSTOM = ConcreteID CUSTOM not available AbstractID CUSTOM = AA1u7ru1h802728799433
 @State ConcreteID = SC1wsur1625e1597300116 AbstractID = SRn16q6n244566666292
 ConcreteID CUSTOM = SCw30bh625f1623027149 AbstractID CUSTOM = SAt0c55r2561254656356

	ROLE = LeftClickAt
	TARGET =
		WIDGET = WC1opk16q333773293487, WR17v7k2nb1067391859, WT1p8ipti262045885642, WP176uxg02f1438940708
		ROLE = UIAMenuItem
		TITLE = Restore Default Zoom	Ctrl+0
		SHAPE = Rect [x:925.0 y:707.0 w:259.0 h:22.0]
		CHILDREN = 0
		PATH = [0, 0, 2]
	DESCRIPTION = Left Click at 'Restore Default Zoom	Ctrl+0'
	TEXT = Compound Action =
		Move mouse to (1054.5, 718.0).
		Press Mouse Button BUTTON1
		Release Mouse Button BUTTON1

ExecutedAction [25]: 
 @Action ConcreteID = AC1jojlea801853228289 AbstractID = AA1jojlea801853228289
 ConcreteID CUSTOM = ConcreteID CUSTOM not available AbstractID CUSTOM = AA4nwdnl7e1892936245
 @State ConcreteID = SC1c14wwx1d61814899347 AbstractID = SRuxvih1ba2513313992
 ConcreteID CUSTOM = SCrv468n1d52051765385 AbstractID CUSTOM = SA1e0xkku1d417380732

	ROLE = LeftClickAt
	TARGET =
		WIDGET = WC12b45x51c517775489, WR17v7k2nb1067391859, WT1qe89j4f2180189081, WP10d1byf183180104482
		ROLE = UIAMenuItem
		TITLE = Help
		SHAPE = Rect [x:825.0 y:641.0 w:39.0 h:19.0]
		CHILDREN = 0
		PATH = [0, 3, 4]
	DESCRIPTION = Left Click at 'Help'
	TEXT = Compound Action =
		Move mouse to (844.5, 650.5).
		Press Mouse Button BUTTON1
		Release Mouse Button BUTTON1

ExecutedAction [26]: 
 @Action ConcreteID = AC3j8pz803074167566 AbstractID = AA3j8pz803074167566
 ConcreteID CUSTOM = ConcreteID CUSTOM not available AbstractID CUSTOM = AAi6opxj801961418770
 @State ConcreteID = SC1pw8t6j2202963273810 AbstractID = SR1p2iogu2092294951997
 ConcreteID CUSTOM = SC1evmzzq227385787153 AbstractID CUSTOM = SA19xk86e21f1597656056

	ROLE = LeftClickAt
	TARGET =
		WIDGET = WC2sd5c9251817436895, WR17v7k2nb1067391859, WT1wv077z18170180715, WP1v116zb21698957785
		ROLE = UIAMenuItem
		TITLE = About Notepad
		SHAPE = Rect [x:828.0 y:714.0 w:166.0 h:22.0]
		CHILDREN = 0
		PATH = [0, 0, 2]
	DESCRIPTION = Left Click at 'About Notepad'
	TEXT = Compound Action =
		Move mouse to (911.0, 725.0).
		Press Mouse Button BUTTON1
		Release Mouse Button BUTTON1

ExecutedAction [27]: 
 @Action ConcreteID = ACqpg8bo811699945490 AbstractID = AAqpg8bo811699945490
 ConcreteID CUSTOM = ConcreteID CUSTOM not available AbstractID CUSTOM = AA17kurj17f2082747833
 @State ConcreteID = SC1i2v3uq2d8621587394 AbstractID = SR9z8pzo2ae1627457717
 ConcreteID CUSTOM = SCettcve2d91613565470 AbstractID CUSTOM = SAanktvk2d643465284

	ROLE = LeftClickAt
	TARGET =
		WIDGET = WC15twxtj183412041097, WR1h6ibpb92248851252, WTzj707vb935461581, WPaxrmo5142767186721
		ROLE = UIAButton
		TITLE = OK
		SHAPE = Rect [x:1081.0 y:1083.0 w:75.0 h:23.0]
		CHILDREN = 0
		PATH = [0, 0, 8]
	DESCRIPTION = Left Click at 'OK'
	TEXT = Compound Action =
		Move mouse to (1118.5, 1094.5).
		Press Mouse Button BUTTON1
		Release Mouse Button BUTTON1

ExecutedAction [28]: 
 @Action ConcreteID = ACwffc8d803910486600 AbstractID = AAwffc8d803910486600
 ConcreteID CUSTOM = ConcreteID CUSTOM not available AbstractID CUSTOM = AA1gfw6gs7e4155549052
 @State ConcreteID = SC1c14wwx1d61814899347 AbstractID = SRuxvih1ba2513313992
 ConcreteID CUSTOM = SCrv468n1d52051765385 AbstractID CUSTOM = SA1e0xkku1d417380732

	ROLE = LeftClickAt
	TARGET =
		WIDGET = WCdsg5py1c3010804170, WR17v7k2nb1067391859, WT1qeha5gf2005531835, WPk6niro18548921330
		ROLE = UIAMenuItem
		TITLE = View
		SHAPE = Rect [x:786.0 y:641.0 w:39.0 h:19.0]
		CHILDREN = 0
		PATH = [0, 3, 3]
	DESCRIPTION = Left Click at 'View'
	TEXT = Compound Action =
		Move mouse to (805.5, 650.5).
		Press Mouse Button BUTTON1
		Release Mouse Button BUTTON1

ExecutedAction [29]: 
 @Action ConcreteID = AC114o6u37f969568767 AbstractID = AA114o6u37f969568767
 ConcreteID CUSTOM = ConcreteID CUSTOM not available AbstractID CUSTOM = AA1mnmo3i802592672188
 @State ConcreteID = SCoaxjqe20a1356085044 AbstractID = SRhdom0g1f51351705365
 ConcreteID CUSTOM = SC1tegzkx2111643325091 AbstractID CUSTOM = SA1odsafd20b3326211211

	ROLE = LeftClickAt
	TARGET =
		WIDGET = WC6pcuad223805616873, WR17v7k2nb1067391859, WT1mzygsk152008856611, WPp3o8pv1e1944084836
		ROLE = UIAMenuItem
		TITLE = Status Bar
		SHAPE = Rect [x:789.0 y:685.0 w:136.0 h:22.0]
		CHILDREN = 0
		PATH = [0, 0, 1]
	DESCRIPTION = Left Click at 'Status Bar'
	TEXT = Compound Action =
		Move mouse to (857.0, 696.0).
		Press Mouse Button BUTTON1
		Release Mouse Button BUTTON1

ExecutedAction [30]: 
 @Action ConcreteID = ACa5b8gj7f2670089918 AbstractID = AAa5b8gj7f2670089918
 ConcreteID CUSTOM = ConcreteID CUSTOM not available AbstractID CUSTOM = AA1qw7bqc7f1993648784
 @State ConcreteID = SCr3vbv41563087244712 AbstractID = SR1nd9x6414e2307877123
 ConcreteID CUSTOM = SC1qy9bed1572457431732 AbstractID CUSTOM = SAy1qna91502839197419

	ROLE = LeftClickAt
	TARGET =
		WIDGET = WCdewx6a1c3359014503, WR17v7k2nb1067391859, WT1qe6brdf138512687, WP1hw5kjk181504605950
		ROLE = UIAMenuItem
		TITLE = Edit
		SHAPE = Rect [x:700.0 y:641.0 w:34.0 h:19.0]
		CHILDREN = 0
		PATH = [0, 2, 1]
	DESCRIPTION = Left Click at 'Edit'
	TEXT = Compound Action =
		Move mouse to (717.0, 650.5).
		Press Mouse Button BUTTON1
		Release Mouse Button BUTTON1

ExecutedAction [31]: 
 @Action ConcreteID = ACy0jd2l7f4098850327 AbstractID = AAy0jd2l7f4098850327
 ConcreteID CUSTOM = ConcreteID CUSTOM not available AbstractID CUSTOM = AA3q8gzn7f196912959
 @State ConcreteID = SCt05lgq2711972261627 AbstractID = SR1o5svt92653049954947
 ConcreteID CUSTOM = SC1le5o8a2793733175165 AbstractID CUSTOM = SA1yx8uw0271948478695

	ROLE = LeftClickAt
	TARGET =
		WIDGET = WC15uqtry2a3639049637, WR17v7k2nb1067391859, WT1uqmzu61c233198249, WPwdsxm8262533183897
		ROLE = UIAMenuItem
		TITLE = Select All	Ctrl+A
		SHAPE = Rect [x:703.0 y:926.0 w:225.0 h:22.0]
		CHILDREN = 0
		PATH = [0, 0, 11]
	DESCRIPTION = Left Click at 'Select All	Ctrl+A'
	TEXT = Compound Action =
		Move mouse to (815.5, 937.0).
		Press Mouse Button BUTTON1
		Release Mouse Button BUTTON1

ExecutedAction [32]: 
 @Action ConcreteID = ACa5b8gj7f2670089918 AbstractID = AAa5b8gj7f2670089918
 ConcreteID CUSTOM = ConcreteID CUSTOM not available AbstractID CUSTOM = AA1qw7bqc7f1993648784
 @State ConcreteID = SCr3vbv41563087244712 AbstractID = SR1nd9x6414e2307877123
 ConcreteID CUSTOM = SC1qy9bed1572457431732 AbstractID CUSTOM = SAy1qna91502839197419

	ROLE = LeftClickAt
	TARGET =
		WIDGET = WCdewx6a1c3359014503, WR17v7k2nb1067391859, WT1qe6brdf138512687, WP1hw5kjk181504605950
		ROLE = UIAMenuItem
		TITLE = Edit
		SHAPE = Rect [x:700.0 y:641.0 w:34.0 h:19.0]
		CHILDREN = 0
		PATH = [0, 2, 1]
	DESCRIPTION = Left Click at 'Edit'
	TEXT = Compound Action =
		Move mouse to (717.0, 650.5).
		Press Mouse Button BUTTON1
		Release Mouse Button BUTTON1

ExecutedAction [33]: 
 @Action ConcreteID = ACksf98o802599595035 AbstractID = AAksf98o802599595035
 ConcreteID CUSTOM = ConcreteID CUSTOM not available AbstractID CUSTOM = AA1opi7vx7f2203744167
 @State ConcreteID = SC1g9y7xu2743837377828 AbstractID = SR1o5svt92653049954947
 ConcreteID CUSTOM = SC1le5o8a2793733175165 AbstractID CUSTOM = SA4zmye026f3109956149

	ROLE = LeftClickAt
	TARGET =
		WIDGET = WCcylh3u232072087158, WR17v7k2nb1067391859, WTjnn3a816964194539, WPxzzyqw1f3450305907
		ROLE = UIAMenuItem
		TITLE = Undo	Ctrl+Z
		SHAPE = Rect [x:703.0 y:663.0 w:225.0 h:22.0]
		CHILDREN = 0
		PATH = [0, 0, 0]
	DESCRIPTION = Left Click at 'Undo	Ctrl+Z'
	TEXT = Compound Action =
		Move mouse to (815.5, 674.0).
		Press Mouse Button BUTTON1
		Release Mouse Button BUTTON1

ExecutedAction [34]: 
 @Action ConcreteID = ACa5b8gj7f2670089918 AbstractID = AAa5b8gj7f2670089918
 ConcreteID CUSTOM = ConcreteID CUSTOM not available AbstractID CUSTOM = AA1qw7bqc7f1993648784
 @State ConcreteID = SCr3vbv41563087244712 AbstractID = SR1nd9x6414e2307877123
 ConcreteID CUSTOM = SC1qy9bed1572457431732 AbstractID CUSTOM = SAy1qna91502839197419

	ROLE = LeftClickAt
	TARGET =
		WIDGET = WCdewx6a1c3359014503, WR17v7k2nb1067391859, WT1qe6brdf138512687, WP1hw5kjk181504605950
		ROLE = UIAMenuItem
		TITLE = Edit
		SHAPE = Rect [x:700.0 y:641.0 w:34.0 h:19.0]
		CHILDREN = 0
		PATH = [0, 2, 1]
	DESCRIPTION = Left Click at 'Edit'
	TEXT = Compound Action =
		Move mouse to (717.0, 650.5).
		Press Mouse Button BUTTON1
		Release Mouse Button BUTTON1

ExecutedAction [35]: 
 @Action ConcreteID = ACp2rdom7f3008244028 AbstractID = AAp2rdom7f3008244028
 ConcreteID CUSTOM = ConcreteID CUSTOM not available AbstractID CUSTOM = AAg6s95m7f3137048538
 @State ConcreteID = SCi6ea702714188137372 AbstractID = SR1o5svt92653049954947
 ConcreteID CUSTOM = SC1le5o8a2793733175165 AbstractID CUSTOM = SAl7jjjy2741791411003

	ROLE = LeftClickAt
	TARGET =
		WIDGET = WCmrj4k4323591046090, WR17v7k2nb1067391859, WT3dz2jl252072595598, WP2kbllu2e4108292581
		ROLE = UIAMenuItem
		TITLE = Search with Bing...	Ctrl+E
		SHAPE = Rect [x:703.0 y:787.0 w:225.0 h:22.0]
		CHILDREN = 0
		PATH = [0, 0, 5]
	DESCRIPTION = Left Click at 'Search with Bing...	Ctrl+E'
	TEXT = Compound Action =
		Move mouse to (815.5, 798.0).
		Press Mouse Button BUTTON1
		Release Mouse Button BUTTON1

Forcing SUT activation (bring to foreground) action
ExecutedAction [36]: 
 @Action ConcreteID = ACboz7de382226428029 AbstractID = AAboz7de382226428029
 ConcreteID CUSTOM = ConcreteID CUSTOM not available AbstractID CUSTOM = AAb3z6ht382363660982
 @State ConcreteID = SCr3vbv41563087244712 AbstractID = SR1nd9x6414e2307877123
 ConcreteID CUSTOM = SC1qy9bed1572457431732 AbstractID CUSTOM = SAy1qna91502839197419

	DESCRIPTION = Bring the system to the foreground.
	TEXT = Bring the system to the foreground.

Forcing SUT activation (bring to foreground) action
ExecutedAction [37]: 
 @Action ConcreteID = ACboz7de382226428029 AbstractID = AAboz7de382226428029
 ConcreteID CUSTOM = ConcreteID CUSTOM not available AbstractID CUSTOM = AAb3z6ht382363660982
 @State ConcreteID = SCr3vbv41563087244712 AbstractID = SR1nd9x6414e2307877123
 ConcreteID CUSTOM = SC1qy9bed1572457431732 AbstractID CUSTOM = SAy1qna91502839197419

	DESCRIPTION = Bring the system to the foreground.
	TEXT = Bring the system to the foreground.

ExecutedAction [38]: 
 @Action ConcreteID = AC1qu2yn7f2707155893 AbstractID = AA1qu2yn7f2707155893
 ConcreteID CUSTOM = ConcreteID CUSTOM not available AbstractID CUSTOM = AA1ihq68g7f1219041179
 @State ConcreteID = SCr3vbv41563087244712 AbstractID = SR1nd9x6414e2307877123
 ConcreteID CUSTOM = SC1qy9bed1572457431732 AbstractID CUSTOM = SAy1qna91502839197419

	ROLE = LeftClickAt
	TARGET =
		WIDGET = WC3r6fwk1e246553711, WR17v7k2nb1067391859, WTaz2n92112307194186, WPab1ioi1a128190957
		ROLE = UIAMenuItem
		TITLE = Format
		SHAPE = Rect [x:734.0 y:641.0 w:52.0 h:19.0]
		CHILDREN = 0
		PATH = [0, 2, 2]
	DESCRIPTION = Left Click at 'Format'
	TEXT = Compound Action =
		Move mouse to (760.0, 650.5).
		Press Mouse Button BUTTON1
		Release Mouse Button BUTTON1

ExecutedAction [39]: 
 @Action ConcreteID = ACn5yb0f7f1238376000 AbstractID = AAn5yb0f7f1238376000
 ConcreteID CUSTOM = ConcreteID CUSTOM not available AbstractID CUSTOM = AAm65k4r803727056918
 @State ConcreteID = SC8tb9341942184053436 AbstractID = SRit234j1891698045338
 ConcreteID CUSTOM = SC1a09r2h1994248380780 AbstractID CUSTOM = SA19jxkpv1951946094867

	ROLE = LeftClickAt
	TARGET =
		WIDGET = WC1u4fdmh214152205479, WR17v7k2nb1067391859, WTxuhgyp144189972595, WP1dm09vr1d3477249161
		ROLE = UIAMenuItem
		TITLE = Word Wrap
		SHAPE = Rect [x:737.0 y:663.0 w:144.0 h:22.0]
		CHILDREN = 0
		PATH = [0, 0, 0]
	DESCRIPTION = Left Click at 'Word Wrap'
	TEXT = Compound Action =
		Move mouse to (809.0, 674.0).
		Press Mouse Button BUTTON1
		Release Mouse Button BUTTON1

ExecutedAction [40]: 
 @Action ConcreteID = AC7zu7mie0622834555 AbstractID = AA1uq4lqsd61215732373
 ConcreteID CUSTOM = ConcreteID CUSTOM not available AbstractID CUSTOM = AA6o0geod73581235625
 @State ConcreteID = SChve7991a52297490568 AbstractID = SR1gydz1119c2959523811
 ConcreteID CUSTOM = SC16kzdya1a84119272850 AbstractID CUSTOM = SA1aqq8rz1a11129740462

	ROLE = ClickTypeInto
	TARGET =
		WIDGET = WCh9rmb11c1827454063, WR4n0dlj72701565195, WTei4yvd121088706799, WP1p79f6n182825509439
		ROLE = UIAEdit
		TITLE = Text Editor
		SHAPE = Rect [x:668.0 y:661.0 w:1881.0 h:901.0]
		CHILDREN = 3
		PATH = [0, 0]
	DESCRIPTION = Type '08' into 'Text Editor
	TEXT = Compound Action =
		Compound Action =
		Move mouse to (1608.5, 1111.5).
		Press Mouse Button BUTTON1
		Release Mouse Button BUTTON1
		Press Key 17
		Press Key 65
		Release Key 65
		Release Key 17
		Type text '08'

ExecutedAction [41]: 
 @Action ConcreteID = ACiv2g8k7f3052602660 AbstractID = AAiv2g8k7f3052602660
 ConcreteID CUSTOM = ConcreteID CUSTOM not available AbstractID CUSTOM = AAz5q9k802287317843
 @State ConcreteID = SChve7991a52297490568 AbstractID = SR1gydz1119c2959523811
 ConcreteID CUSTOM = SC16kzdya1a84119272850 AbstractID CUSTOM = SA1aqq8rz1a11129740462

	ROLE = LeftClickAt
	TARGET =
		WIDGET = WCdrwd4l1c2383745146, WR17v7k2nb1067391859, WT1qeha5gf2005531835, WPk63q6b18500692546
		ROLE = UIAMenuItem
		TITLE = View
		SHAPE = Rect [x:786.0 y:641.0 w:39.0 h:19.0]
		CHILDREN = 0
		PATH = [0, 2, 3]
	DESCRIPTION = Left Click at 'View'
	TEXT = Compound Action =
		Move mouse to (805.5, 650.5).
		Press Mouse Button BUTTON1
		Release Mouse Button BUTTON1

ExecutedAction [42]: 
 @Action ConcreteID = AC1d088rn7f3530441833 AbstractID = AA1d088rn7f3530441833
 ConcreteID CUSTOM = ConcreteID CUSTOM not available AbstractID CUSTOM = AA6cls647f1314467877
 @State ConcreteID = SCd9xsie1e33561015904 AbstractID = SRkd1vuk1d72078707989
 ConcreteID CUSTOM = SCkarh6r1e7581603629 AbstractID CUSTOM = SA1tmnb3u1e4170101503

	ROLE = LeftClickAt
	TARGET =
		WIDGET = WC6pcuad223805616873, WR17v7k2nb1067391859, WT1mzygsk152008856611, WPp3o8pv1e1944084836
		ROLE = UIAMenuItem
		TITLE = Status Bar
		SHAPE = Rect [x:789.0 y:685.0 w:136.0 h:22.0]
		CHILDREN = 0
		PATH = [0, 0, 1]
	DESCRIPTION = Left Click at 'Status Bar'
	TEXT = Compound Action =
		Move mouse to (857.0, 696.0).
		Press Mouse Button BUTTON1
		Release Mouse Button BUTTON1

ExecutedAction [43]: 
 @Action ConcreteID = ACkvnkit7f1372339344 AbstractID = AAkvnkit7f1372339344
 ConcreteID CUSTOM = ConcreteID CUSTOM not available AbstractID CUSTOM = AA13o274w7f4170596958
 @State ConcreteID = SCvvuqym21e1489485695 AbstractID = SR1hca8yg2083573223560
 ConcreteID CUSTOM = SC1wpdaso2221166877181 AbstractID CUSTOM = SAtloevc21f2668501822

	ROLE = LeftClickAt
	TARGET =
		WIDGET = WC12b45x51c517775489, WR17v7k2nb1067391859, WT1qe89j4f2180189081, WP10d1byf183180104482
		ROLE = UIAMenuItem
		TITLE = Help
		SHAPE = Rect [x:825.0 y:641.0 w:39.0 h:19.0]
		CHILDREN = 0
		PATH = [0, 3, 4]
	DESCRIPTION = Left Click at 'Help'
	TEXT = Compound Action =
		Move mouse to (844.5, 650.5).
		Press Mouse Button BUTTON1
		Release Mouse Button BUTTON1

ExecutedAction [44]: 
 @Action ConcreteID = ACygmo9c7f3516186435 AbstractID = AAygmo9c7f3516186435
 ConcreteID CUSTOM = ConcreteID CUSTOM not available AbstractID CUSTOM = AAkrh3jb803306547
 @State ConcreteID = SC2bdvdw2721430849281 AbstractID = SR16prhrh2572136073137
 ConcreteID CUSTOM = SCwhrc9f2773805181002 AbstractID CUSTOM = SA1vjl86q26f2973890247

	ROLE = LeftClickAt
	TARGET =
		WIDGET = WC12bnyii1c2902228113, WR17v7k2nb1067391859, WT1qe89j4f2180189081, WP10dl4js18262952754
		ROLE = UIAMenuItem
		TITLE = Help
		SHAPE = Rect [x:825.0 y:641.0 w:39.0 h:19.0]
		CHILDREN = 0
		PATH = [0, 4, 4]
	DESCRIPTION = Left Click at 'Help'
	TEXT = Compound Action =
		Move mouse to (844.5, 650.5).
		Press Mouse Button BUTTON1
		Release Mouse Button BUTTON1

ExecutedAction [45]: 
 @Action ConcreteID = AC12xmwgo7f3046326928 AbstractID = AA12xmwgo7f3046326928
 ConcreteID CUSTOM = ConcreteID CUSTOM not available AbstractID CUSTOM = AAp8hbqn801681230304
 @State ConcreteID = SC2bdvdw2721430849281 AbstractID = SR16prhrh2572136073137
 ConcreteID CUSTOM = SCwhrc9f2773805181002 AbstractID CUSTOM = SA1vjl86q26f2973890247

	ROLE = LeftClickAt
	TARGET =
		WIDGET = WC2sd5c9251817436895, WR17v7k2nb1067391859, WT1wv077z18170180715, WP1v116zb21698957785
		ROLE = UIAMenuItem
		TITLE = About Notepad
		SHAPE = Rect [x:828.0 y:714.0 w:166.0 h:22.0]
		CHILDREN = 0
		PATH = [0, 0, 2]
	DESCRIPTION = Left Click at 'About Notepad'
	TEXT = Compound Action =
		Move mouse to (911.0, 725.0).
		Press Mouse Button BUTTON1
		Release Mouse Button BUTTON1

ExecutedAction [46]: 
 @Action ConcreteID = AC6odeaf812933913971 AbstractID = AA6odeaf812933913971
 ConcreteID CUSTOM = ConcreteID CUSTOM not available AbstractID CUSTOM = AA16q09vx821350249498
 @State ConcreteID = SC3e300t32a2011364014 AbstractID = SRg6rm6z2fc3281829624
 ConcreteID CUSTOM = SCstb2yp3293542055336 AbstractID CUSTOM = SA1nr5jrk3261417152448

	ROLE = LeftClickAt
	TARGET =
		WIDGET = WC15twxtj183412041097, WR1h6ibpb92248851252, WTzj707vb935461581, WPaxrmo5142767186721
		ROLE = UIAButton
		TITLE = OK
		SHAPE = Rect [x:1081.0 y:1083.0 w:75.0 h:23.0]
		CHILDREN = 0
		PATH = [0, 0, 8]
	DESCRIPTION = Left Click at 'OK'
	TEXT = Compound Action =
		Move mouse to (1118.5, 1094.5).
		Press Mouse Button BUTTON1
		Release Mouse Button BUTTON1

ExecutedAction [47]: 
 @Action ConcreteID = AC1wnndc07f3601822681 AbstractID = AA1wnndc07f3601822681
 ConcreteID CUSTOM = ConcreteID CUSTOM not available AbstractID CUSTOM = AAgexxyz7f2146766103
 @State ConcreteID = SCvvuqym21e1489485695 AbstractID = SR1hca8yg2083573223560
 ConcreteID CUSTOM = SC1wpdaso2221166877181 AbstractID CUSTOM = SAtloevc21f2668501822

	ROLE = LeftClickAt
	TARGET =
		WIDGET = WCdsg5py1c3010804170, WR17v7k2nb1067391859, WT1qeha5gf2005531835, WPk6niro18548921330
		ROLE = UIAMenuItem
		TITLE = View
		SHAPE = Rect [x:786.0 y:641.0 w:39.0 h:19.0]
		CHILDREN = 0
		PATH = [0, 3, 3]
	DESCRIPTION = Left Click at 'View'
	TEXT = Compound Action =
		Move mouse to (805.5, 650.5).
		Press Mouse Button BUTTON1
		Release Mouse Button BUTTON1

ExecutedAction [48]: 
 @Action ConcreteID = AC12dg2880275994588 AbstractID = AA12dg2880275994588
 ConcreteID CUSTOM = ConcreteID CUSTOM not available AbstractID CUSTOM = AA1c67pdn7f839442645
 @State ConcreteID = SC1hr7bcd25c1771120154 AbstractID = SRj5frjz243105811488
 ConcreteID CUSTOM = SCgz92uq2612300464222 AbstractID CUSTOM = SA1k5pjmd25b739509799

	ROLE = LeftClickAt
	TARGET =
		WIDGET = WC3sa13a1e2180180431, WR17v7k2nb1067391859, WTaz2n92112307194186, WPac53v81a2296708173
		ROLE = UIAMenuItem
		TITLE = Format
		SHAPE = Rect [x:734.0 y:641.0 w:52.0 h:19.0]
		CHILDREN = 0
		PATH = [0, 4, 2]
	DESCRIPTION = Left Click at 'Format'
	TEXT = Compound Action =
		Move mouse to (760.0, 650.5).
		Press Mouse Button BUTTON1
		Release Mouse Button BUTTON1

ExecutedAction [49]: 
 @Action ConcreteID = AC1wnndc07f3601822681 AbstractID = AA1wnndc07f3601822681
 ConcreteID CUSTOM = ConcreteID CUSTOM not available AbstractID CUSTOM = AAgexxyz7f2146766103
 @State ConcreteID = SCvvuqym21e1489485695 AbstractID = SR1hca8yg2083573223560
 ConcreteID CUSTOM = SC1wpdaso2221166877181 AbstractID CUSTOM = SAtloevc21f2668501822

	ROLE = LeftClickAt
	TARGET =
		WIDGET = WCdsg5py1c3010804170, WR17v7k2nb1067391859, WT1qeha5gf2005531835, WPk6niro18548921330
		ROLE = UIAMenuItem
		TITLE = View
		SHAPE = Rect [x:786.0 y:641.0 w:39.0 h:19.0]
		CHILDREN = 0
		PATH = [0, 3, 3]
	DESCRIPTION = Left Click at 'View'
	TEXT = Compound Action =
		Move mouse to (805.5, 650.5).
		Press Mouse Button BUTTON1
		Release Mouse Button BUTTON1

ExecutedAction [50]: 
 @Action ConcreteID = AC1d8gkec801744686146 AbstractID = AA1d8gkec801744686146
 ConcreteID CUSTOM = ConcreteID CUSTOM not available AbstractID CUSTOM = AApb6rqn7f1166441291
 @State ConcreteID = SC1hr7bcd25c1771120154 AbstractID = SRj5frjz243105811488
 ConcreteID CUSTOM = SCgz92uq2612300464222 AbstractID CUSTOM = SA1k5pjmd25b739509799

	ROLE = LeftClickAt
	TARGET =
		WIDGET = WC12bnyii1c2902228113, WR17v7k2nb1067391859, WT1qe89j4f2180189081, WP10dl4js18262952754
		ROLE = UIAMenuItem
		TITLE = Help
		SHAPE = Rect [x:825.0 y:641.0 w:39.0 h:19.0]
		CHILDREN = 0
		PATH = [0, 4, 4]
	DESCRIPTION = Left Click at 'Help'
	TEXT = Compound Action =
		Move mouse to (844.5, 650.5).
		Press Mouse Button BUTTON1
		Release Mouse Button BUTTON1

ExecutedAction [51]: 
 @Action ConcreteID = AC1g55nnp7f406788613 AbstractID = AA1g55nnp7f406788613
 ConcreteID CUSTOM = ConcreteID CUSTOM not available AbstractID CUSTOM = AA1yxka9s7f2976212171
 @State ConcreteID = SCvvuqym21e1489485695 AbstractID = SR1hca8yg2083573223560
 ConcreteID CUSTOM = SC1wpdaso2221166877181 AbstractID CUSTOM = SAtloevc21f2668501822

	ROLE = LeftClickAt
	TARGET =
		WIDGET = WCdfgprn1c4116076503, WR17v7k2nb1067391859, WT1qe6brdf138512687, WP1hwpd4x181691246414
		ROLE = UIAMenuItem
		TITLE = Edit
		SHAPE = Rect [x:700.0 y:641.0 w:34.0 h:19.0]
		CHILDREN = 0
		PATH = [0, 3, 1]
	DESCRIPTION = Left Click at 'Edit'
	TEXT = Compound Action =
		Move mouse to (717.0, 650.5).
		Press Mouse Button BUTTON1
		Release Mouse Button BUTTON1

ExecutedAction [52]: 
 @Action ConcreteID = ACo9ngh27f1200758819 AbstractID = AAo9ngh27f1200758819
 ConcreteID CUSTOM = ConcreteID CUSTOM not available AbstractID CUSTOM = AA1hpx5m97e183791926
 @State ConcreteID = SCy0rh1a33d3800618551 AbstractID = SRk5nhfd31f3017710691
 ConcreteID CUSTOM = SC17s095h3421315392594 AbstractID CUSTOM = SAj362ep337221153563

	ROLE = LeftClickAt
	TARGET =
		WIDGET = WC1pv9rrt292400734696, WR17v7k2nb1067391859, WT1ia206w1c1487822300, WP1xypciv251073608230
		ROLE = UIAMenuItem
		TITLE = Replace...	Ctrl+H
		SHAPE = Rect [x:703.0 y:875.0 w:225.0 h:22.0]
		CHILDREN = 0
		PATH = [0, 0, 9]
	DESCRIPTION = Left Click at 'Replace...	Ctrl+H'
	TEXT = Compound Action =
		Move mouse to (815.5, 886.0).
		Press Mouse Button BUTTON1
		Release Mouse Button BUTTON1

ExecutedAction [53]: 
 @Action ConcreteID = AC1cfx24h804047501204 AbstractID = AA1cfx24h804047501204
 ConcreteID CUSTOM = ConcreteID CUSTOM not available AbstractID CUSTOM = AA1j5lhv77f2128744619
 @State ConcreteID = SC1a127ih3263492657632 AbstractID = SR3tzz95302287727291
 ConcreteID CUSTOM = SC1maqf3b32d3538036470 AbstractID CUSTOM = SA77zie23271773956500

	ROLE = LeftClickAt
	TARGET =
		WIDGET = WC1lndk223630995372, WR88rmk0b1934231702, WT1t7jjo3161798943962, WPezelyo1f3561800539
		ROLE = UIACheckBox
		TITLE = Wrap around
		SHAPE = Rect [x:736.0 y:891.0 w:96.0 h:20.0]
		CHILDREN = 0
		PATH = [0, 0, 5]
	DESCRIPTION = Left Click at 'Wrap around'
	TEXT = Compound Action =
		Move mouse to (784.0, 901.0).
		Press Mouse Button BUTTON1
		Release Mouse Button BUTTON1

ExecutedAction [54]: 
 @Action ConcreteID = AC1xye0k4814018741021 AbstractID = AA1xye0k4814018741021
 ConcreteID CUSTOM = ConcreteID CUSTOM not available AbstractID CUSTOM = AA1sz3en6801499525063
 @State ConcreteID = SC1a127ih3263492657632 AbstractID = SR3tzz95302287727291
 ConcreteID CUSTOM = SC1maqf3b32d3538036470 AbstractID CUSTOM = SA77zie23271773956500

	ROLE = LeftClickAt
	TARGET =
		WIDGET = WCzvjnsu1d2007606170, WR1h6ibpb92248851252, WT16r0ool104128427134, WP15mf158191288016103
		ROLE = UIAButton
		TITLE = Replace
		SHAPE = Rect [x:991.0 y:798.0 w:75.0 h:23.0]
		CHILDREN = 0
		PATH = [0, 0, 7]
	DESCRIPTION = Left Click at 'Replace'
	TEXT = Compound Action =
		Move mouse to (1028.5, 809.5).
		Press Mouse Button BUTTON1
		Release Mouse Button BUTTON1

ExecutedAction [55]: 
 @Action ConcreteID = AC1xomano7f3098427449 AbstractID = AA1xomano7f3098427449
 ConcreteID CUSTOM = ConcreteID CUSTOM not available AbstractID CUSTOM = AA15meaae7e3291196937
 @State ConcreteID = SC14j1kww39c638408418 AbstractID = SR1vccm1b3753501853285
 ConcreteID CUSTOM = SC197wbli3a03677684083 AbstractID CUSTOM = SAr2cen73a2642320932

	ROLE = LeftClickAt
	TARGET =
		WIDGET = WC3sa13a1e2180180431, WR17v7k2nb1067391859, WTaz2n92112307194186, WPac53v81a2296708173
		ROLE = UIAMenuItem
		TITLE = Format
		SHAPE = Rect [x:734.0 y:641.0 w:52.0 h:19.0]
		CHILDREN = 0
		PATH = [0, 4, 2]
	DESCRIPTION = Left Click at 'Format'
	TEXT = Compound Action =
		Move mouse to (760.0, 650.5).
		Press Mouse Button BUTTON1
		Release Mouse Button BUTTON1

ExecutedAction [56]: 
 @Action ConcreteID = AC1atld0o7f3475037095 AbstractID = AA1atld0o7f3475037095
 ConcreteID CUSTOM = ConcreteID CUSTOM not available AbstractID CUSTOM = AAirdcne7e3013948823
 @State ConcreteID = SC14j1kww39c638408418 AbstractID = SR1vccm1b3753501853285
 ConcreteID CUSTOM = SC197wbli3a03677684083 AbstractID CUSTOM = SAr2cen73a2642320932

	ROLE = LeftClickAt
	TARGET =
		WIDGET = WC12bnyii1c2902228113, WR17v7k2nb1067391859, WT1qe89j4f2180189081, WP10dl4js18262952754
		ROLE = UIAMenuItem
		TITLE = Help
		SHAPE = Rect [x:825.0 y:641.0 w:39.0 h:19.0]
		CHILDREN = 0
		PATH = [0, 4, 4]
	DESCRIPTION = Left Click at 'Help'
	TEXT = Compound Action =
		Move mouse to (844.5, 650.5).
		Press Mouse Button BUTTON1
		Release Mouse Button BUTTON1

ExecutedAction [57]: 
 @Action ConcreteID = AC9mm5jn7f2117128438 AbstractID = AA9mm5jn7f2117128438
 ConcreteID CUSTOM = ConcreteID CUSTOM not available AbstractID CUSTOM = AA1gli75h7e45432518
 @State ConcreteID = SC14j1kww39c638408418 AbstractID = SR1vccm1b3753501853285
 ConcreteID CUSTOM = SC197wbli3a03677684083 AbstractID CUSTOM = SAr2cen73a2642320932

	ROLE = LeftClickAt
	TARGET =
		WIDGET = WC1frc9lv1c3431448778, WR17v7k2nb1067391859, WT1qe72ijf99311909, WPjc8r1t181437309355
		ROLE = UIAMenuItem
		TITLE = File
		SHAPE = Rect [x:668.0 y:641.0 w:32.0 h:19.0]
		CHILDREN = 0
		PATH = [0, 4, 0]
	DESCRIPTION = Left Click at 'File'
	TEXT = Compound Action =
		Move mouse to (684.0, 650.5).
		Press Mouse Button BUTTON1
		Release Mouse Button BUTTON1

ExecutedAction [58]: 
 @Action ConcreteID = ACk9fj857f610341998 AbstractID = AAk9fj857f610341998
 ConcreteID CUSTOM = ConcreteID CUSTOM not available AbstractID CUSTOM = AA1l76jpg803638007077
 @State ConcreteID = SCjbew3u4591272451032 AbstractID = SR1o8xmqc4283421440112
 ConcreteID CUSTOM = SC1mitmbc45d177507260 AbstractID CUSTOM = SA1hmzk184522420017061

	ROLE = LeftClickAt
	TARGET =
		WIDGET = WC1hu1e84223620388792, WR17v7k2nb1067391859, WT1otgxiu151058087525, WP1dvs8421e3158620222
		ROLE = UIAMenuItem
		TITLE = New	Ctrl+N
		SHAPE = Rect [x:671.0 y:663.0 w:223.0 h:22.0]
		CHILDREN = 0
		PATH = [0, 0, 0]
	DESCRIPTION = Left Click at 'New	Ctrl+N'
	TEXT = Compound Action =
		Move mouse to (782.5, 674.0).
		Press Mouse Button BUTTON1
		Release Mouse Button BUTTON1

ExecutedAction [59]: 
 @Action ConcreteID = ACokf7wh803475062351 AbstractID = AAokf7wh803475062351
 ConcreteID CUSTOM = ConcreteID CUSTOM not available AbstractID CUSTOM = AAoe1k97801776807006
 @State ConcreteID = SCbdq7io42f4159795298 AbstractID = SRon5wrg3fd3480343522
 ConcreteID CUSTOM = SCuttph94323203017 AbstractID CUSTOM = SA1r4cjz42e3576453656

	ROLE = LeftClickAt
	TARGET =
		WIDGET = WC1w5f2fy1c3788265415, WR1h6ibpb92248851252, WT1vjbvvdf3603144044, WP8jd2ek18957071755
		ROLE = UIAButton
		TITLE = Cancel
		SHAPE = Rect [x:1045.0 y:579.0 w:72.0 h:23.0]
		CHILDREN = 0
		PATH = [0, 0, 3]
	DESCRIPTION = Left Click at 'Cancel'
	TEXT = Compound Action =
		Move mouse to (1081.0, 590.5).
		Press Mouse Button BUTTON1
		Release Mouse Button BUTTON1

ExecutedAction [60]: 
 @Action ConcreteID = AC9mm5jn7f2117128438 AbstractID = AA9mm5jn7f2117128438
 ConcreteID CUSTOM = ConcreteID CUSTOM not available AbstractID CUSTOM = AA1gli75h7e45432518
 @State ConcreteID = SC14j1kww39c638408418 AbstractID = SR1vccm1b3753501853285
 ConcreteID CUSTOM = SC197wbli3a03677684083 AbstractID CUSTOM = SAr2cen73a2642320932

	ROLE = LeftClickAt
	TARGET =
		WIDGET = WC1frc9lv1c3431448778, WR17v7k2nb1067391859, WT1qe72ijf99311909, WPjc8r1t181437309355
		ROLE = UIAMenuItem
		TITLE = File
		SHAPE = Rect [x:668.0 y:641.0 w:32.0 h:19.0]
		CHILDREN = 0
		PATH = [0, 4, 0]
	DESCRIPTION = Left Click at 'File'
	TEXT = Compound Action =
		Move mouse to (684.0, 650.5).
		Press Mouse Button BUTTON1
		Release Mouse Button BUTTON1

ExecutedAction [61]: 
 @Action ConcreteID = ACcgjg457f3017038084 AbstractID = AAcgjg457f3017038084
 ConcreteID CUSTOM = ConcreteID CUSTOM not available AbstractID CUSTOM = AA1deaglg801331877967
 @State ConcreteID = SCjbew3u4591272451032 AbstractID = SR1o8xmqc4283421440112
 ConcreteID CUSTOM = SC1mitmbc45d177507260 AbstractID CUSTOM = SA1hmzk184522420017061

	ROLE = LeftClickAt
	TARGET =
		WIDGET = WC14xs6gq2f3779382685, WR17v7k2nb1067391859, WTts8vz223311468155, WPgc50qw2b1861849647
		ROLE = UIAMenuItem
		TITLE = New Window	Ctrl+Shift+N
		SHAPE = Rect [x:671.0 y:685.0 w:223.0 h:22.0]
		CHILDREN = 0
		PATH = [0, 0, 1]
	DESCRIPTION = Left Click at 'New Window	Ctrl+Shift+N'
	TEXT = Compound Action =
		Move mouse to (782.5, 696.0).
		Press Mouse Button BUTTON1
		Release Mouse Button BUTTON1

ExecutedAction [62]: 
 @Action ConcreteID = ACdincs77f2500559874 AbstractID = AAdincs77f2500559874
 ConcreteID CUSTOM = ConcreteID CUSTOM not available AbstractID CUSTOM = AAnz8x1h7f1479568312
 @State ConcreteID = SC4od82l56b1845219381 AbstractID = SR1y1j1k252f3783272820
 ConcreteID CUSTOM = SC10nlo6w5762647273815 AbstractID CUSTOM = SA93wwnm5773597011651

	ROLE = LeftClickAt
	TARGET =
		WIDGET = WC16m2ms51c2145335636, WR17v7k2nb1067391859, WT1qeha5gf2005531835, WP1d09ztv183961380716
		ROLE = UIAMenuItem
		TITLE = View
		SHAPE = Rect [x:786.0 y:641.0 w:39.0 h:19.0]
		CHILDREN = 0
		PATH = [1, 3, 3]
	DESCRIPTION = Left Click at 'View'
	TEXT = Compound Action =
		Move mouse to (805.5, 650.5).
		Press Mouse Button BUTTON1
		Release Mouse Button BUTTON1

ExecutedAction [63]: 
 @Action ConcreteID = ACyvq5327f4198122230 AbstractID = AAyvq5327f4198122230
 ConcreteID CUSTOM = ConcreteID CUSTOM not available AbstractID CUSTOM = AAidbr467f3977530150
 @State ConcreteID = SCokinmr5a8691221963 AbstractID = SRaot98356a1045688415
 ConcreteID CUSTOM = SCo8nc1f5af799180289 AbstractID CUSTOM = SAl3ikw5b33717660489

	ROLE = LeftClickAt
	TARGET =
		WIDGET = WCk3zl331b1069322374, WR1h6ibpb92248851252, WTzj707vb935461581, WPymgupd171523839437
		ROLE = UIAButton
		TITLE = OK
		SHAPE = Rect [x:1081.0 y:650.0 w:75.0 h:23.0]
		CHILDREN = 0
		PATH = [0, 0, 0, 0]
	DESCRIPTION = Left Click at 'OK'
	TEXT = Compound Action =
		Move mouse to (1118.5, 661.5).
		Press Mouse Button BUTTON1
		Release Mouse Button BUTTON1

ExecutedAction [64]: 
 @Action ConcreteID = AC10rrly47f308857675 AbstractID = AA10rrly47f308857675
 ConcreteID CUSTOM = ConcreteID CUSTOM not available AbstractID CUSTOM = AA1b8d67e7f3746768113
 @State ConcreteID = SC4od82l56b1845219381 AbstractID = SR1y1j1k252f3783272820
 ConcreteID CUSTOM = SC10nlo6w5762647273815 AbstractID CUSTOM = SA93wwnm5773597011651

	ROLE = LeftClickAt
	TARGET =
		WIDGET = WC12bnyii1c2902228113, WR17v7k2nb1067391859, WT1qe89j4f2180189081, WP10dl4js18262952754
		ROLE = UIAMenuItem
		TITLE = Help
		SHAPE = Rect [x:825.0 y:641.0 w:39.0 h:19.0]
		CHILDREN = 0
		PATH = [0, 4, 4]
	DESCRIPTION = Left Click at 'Help'
	TEXT = Compound Action =
		Move mouse to (844.5, 650.5).
		Press Mouse Button BUTTON1
		Release Mouse Button BUTTON1

ExecutedAction [65]: 
 @Action ConcreteID = AC1uh3bdj80820713968 AbstractID = AA1uh3bdj80820713968
 ConcreteID CUSTOM = ConcreteID CUSTOM not available AbstractID CUSTOM = AA429rry7f2835517399
 @State ConcreteID = SC159t7os5bf2849509788 AbstractID = SRqosjq957e817995033
 ConcreteID CUSTOM = SC14yrzn55c21504652531 AbstractID CUSTOM = SAwwd4vp5c61075370766

	ROLE = LeftClickAt
	TARGET =
		WIDGET = WC3sa13a1e2180180431, WR17v7k2nb1067391859, WTaz2n92112307194186, WPac53v81a2296708173
		ROLE = UIAMenuItem
		TITLE = Format
		SHAPE = Rect [x:734.0 y:641.0 w:52.0 h:19.0]
		CHILDREN = 0
		PATH = [0, 4, 2]
	DESCRIPTION = Left Click at 'Format'
	TEXT = Compound Action =
		Move mouse to (760.0, 650.5).
		Press Mouse Button BUTTON1
		Release Mouse Button BUTTON1

ExecutedAction [66]: 
 @Action ConcreteID = AC8wnruh802074686253 AbstractID = AA8wnruh802074686253
 ConcreteID CUSTOM = ConcreteID CUSTOM not available AbstractID CUSTOM = AA1d2rzxn801355829840
 @State ConcreteID = SC4od82l56b1845219381 AbstractID = SR1y1j1k252f3783272820
 ConcreteID CUSTOM = SC10nlo6w5762647273815 AbstractID CUSTOM = SA93wwnm5773597011651

	ROLE = LeftClickAt
	TARGET =
		WIDGET = WCk3zl331b1069322374, WR1h6ibpb92248851252, WTzj707vb935461581, WPymgupd171523839437
		ROLE = UIAButton
		TITLE = OK
		SHAPE = Rect [x:1081.0 y:650.0 w:75.0 h:23.0]
		CHILDREN = 0
		PATH = [0, 0, 0, 0]
	DESCRIPTION = Left Click at 'OK'
	TEXT = Compound Action =
		Move mouse to (1118.5, 661.5).
		Press Mouse Button BUTTON1
		Release Mouse Button BUTTON1

ExecutedAction [67]: 
 @Action ConcreteID = AC1w19p307f1536945630 AbstractID = AA1w19p307f1536945630
 ConcreteID CUSTOM = ConcreteID CUSTOM not available AbstractID CUSTOM = AA7gr7d67f2527068772
 @State ConcreteID = SC4od82l56b1845219381 AbstractID = SR1y1j1k252f3783272820
 ConcreteID CUSTOM = SC10nlo6w5762647273815 AbstractID CUSTOM = SA93wwnm5773597011651

	ROLE = LeftClickAt
	TARGET =
		WIDGET = WC16936tu1c972838729, WR17v7k2nb1067391859, WT1qe6brdf138512687, WPbp7s80182825150416
		ROLE = UIAMenuItem
		TITLE = Edit
		SHAPE = Rect [x:700.0 y:641.0 w:34.0 h:19.0]
		CHILDREN = 0
		PATH = [1, 3, 1]
	DESCRIPTION = Left Click at 'Edit'
	TEXT = Compound Action =
		Move mouse to (717.0, 650.5).
		Press Mouse Button BUTTON1
		Release Mouse Button BUTTON1

ExecutedAction [68]: 
 @Action ConcreteID = AC401bul801962036780 AbstractID = AA401bul801962036780
 ConcreteID CUSTOM = ConcreteID CUSTOM not available AbstractID CUSTOM = AAh3eczr801354813048
 @State ConcreteID = SC1ulirqi68b3061442897 AbstractID = SRnw3771646578348652
 ConcreteID CUSTOM = SC1pekd9c6908995186 AbstractID CUSTOM = SA160tl6e6903848019069

	ROLE = LeftClickAt
	TARGET =
		WIDGET = WC16f2izv24891578317, WR17v7k2nb1067391859, WT6xmx7v172237674255, WP1srjugp203553704544
		ROLE = UIAMenuItem
		TITLE = Paste	Ctrl+V
		SHAPE = Rect [x:703.0 y:736.0 w:225.0 h:22.0]
		CHILDREN = 0
		PATH = [1, 0, 3]
	DESCRIPTION = Left Click at 'Paste	Ctrl+V'
	TEXT = Compound Action =
		Move mouse to (815.5, 747.0).
		Press Mouse Button BUTTON1
		Release Mouse Button BUTTON1

ExecutedAction [69]: 
 @Action ConcreteID = ACltx0zu7f655019624 AbstractID = AAltx0zu7f655019624
 ConcreteID CUSTOM = ConcreteID CUSTOM not available AbstractID CUSTOM = AAa1dyqd7f1849896864
 @State ConcreteID = SC19buzrs56c408688364 AbstractID = SR1y1j1k252f3783272820
 ConcreteID CUSTOM = SCqdkz485783555155274 AbstractID CUSTOM = SA93wwnm5773597011651

	ROLE = LeftClickAt
	TARGET =
		WIDGET = WC9jaw3l1c2987203652, WR17v7k2nb1067391859, WT1qe72ijf99311909, WP1c5bfin18723600677
		ROLE = UIAMenuItem
		TITLE = File
		SHAPE = Rect [x:668.0 y:641.0 w:32.0 h:19.0]
		CHILDREN = 0
		PATH = [1, 3, 0]
	DESCRIPTION = Left Click at 'File'
	TEXT = Compound Action =
		Move mouse to (684.0, 650.5).
		Press Mouse Button BUTTON1
		Release Mouse Button BUTTON1

ExecutedAction [70]: 
 @Action ConcreteID = AC17poz9j803376754162 AbstractID = AA17poz9j803376754162
 ConcreteID CUSTOM = ConcreteID CUSTOM not available AbstractID CUSTOM = AAhhnk1h802553894727
 @State ConcreteID = SC1f1n27u6202908748355 AbstractID = SRv1jibr5e2590184845
 ConcreteID CUSTOM = SC183vbpy629474381197 AbstractID CUSTOM = SA1qw5ucl6283488117090

	ROLE = LeftClickAt
	TARGET =
		WIDGET = WCi6s47l251344177256, WR17v7k2nb1067391859, WT1mkt3k3184259406525, WP19841wf213011897423
		ROLE = UIAMenuItem
		TITLE = Page Setup...
		SHAPE = Rect [x:671.0 y:780.0 w:223.0 h:22.0]
		CHILDREN = 0
		PATH = [1, 0, 5]
	DESCRIPTION = Left Click at 'Page Setup...'
	TEXT = Compound Action =
		Move mouse to (782.5, 791.0).
		Press Mouse Button BUTTON1
		Release Mouse Button BUTTON1

ExecutedAction [71]: 
 @Action ConcreteID = ACnsnhh3801186160476 AbstractID = AAnsnhh3801186160476
 ConcreteID CUSTOM = ConcreteID CUSTOM not available AbstractID CUSTOM = AA4h2ynv7f4117411768
 @State ConcreteID = SC1oz4otm8201540153672 AbstractID = SR1fo7hu87b13039393183
 ConcreteID CUSTOM = SC13z6nvm8261994199064 AbstractID CUSTOM = SA4gvm128241333976452

	ROLE = LeftClickAt
	TARGET =
		WIDGET = WC1c9sd7b242335290910, WRa3fnoge3263686876, WTjezmd7174119221906, WP18pu7mt202134796862
		ROLE = UIARadioButton
		TITLE = Landscape
		SHAPE = Rect [x:700.0 y:859.0 w:78.0 h:20.0]
		CHILDREN = 0
		PATH = [1, 0, 7]
	DESCRIPTION = Left Click at 'Landscape'
	TEXT = Compound Action =
		Move mouse to (739.0, 869.0).
		Press Mouse Button BUTTON1
		Release Mouse Button BUTTON1

ExecutedAction [72]: 
 @Action ConcreteID = AC3fopsm803916775244 AbstractID = AA3fopsm803916775244
 ConcreteID CUSTOM = ConcreteID CUSTOM not available AbstractID CUSTOM = AA1j588yi7f1521276840
 @State ConcreteID = SC1oz4otm8201540153672 AbstractID = SR1fo7hu87b13039393183
 ConcreteID CUSTOM = SC13z6nvm8261994199064 AbstractID CUSTOM = SA4gvm128241333976452

	ROLE = LeftClickAt
	TARGET =
		WIDGET = WC1nb30ig231922590060, WRa3fnoge3263686876, WTu95paz162645246549, WP1iji6jq1f146792260
		ROLE = UIARadioButton
		TITLE = Portrait
		SHAPE = Rect [x:700.0 y:825.0 w:78.0 h:20.0]
		CHILDREN = 0
		PATH = [1, 0, 6]
	DESCRIPTION = Left Click at 'Portrait'
	TEXT = Compound Action =
		Move mouse to (739.0, 835.0).
		Press Mouse Button BUTTON1
		Release Mouse Button BUTTON1

ExecutedAction [73]: 
 @Action ConcreteID = AC1qnpj6l8018604681 AbstractID = AA1qnpj6l8018604681
 ConcreteID CUSTOM = ConcreteID CUSTOM not available AbstractID CUSTOM = AA17c50dd7f2999061101
 @State ConcreteID = SC1oz4otm8201540153672 AbstractID = SR1fo7hu87b13039393183
 ConcreteID CUSTOM = SC13z6nvm8261994199064 AbstractID CUSTOM = SA4gvm128241333976452

	ROLE = LeftClickAt
	TARGET =
		WIDGET = WChhl2yo1f1800854193, WR17qbaneb3904637586, WT1u4k19x12231763435, WPouok9a1b1768965281
		ROLE = UIAComboBox
		TITLE = Source:
		SHAPE = Rect [x:772.0 y:760.0 w:240.0 h:21.0]
		CHILDREN = 1
		PATH = [1, 0, 4]
	DESCRIPTION = Left Click at 'Source:'
	TEXT = Compound Action =
		Move mouse to (892.0, 770.5).
		Press Mouse Button BUTTON1
		Release Mouse Button BUTTON1

ExecutedAction [74]: 
 @Action ConcreteID = ACvccneg803514085904 AbstractID = AAvccneg803514085904
 ConcreteID CUSTOM = ConcreteID CUSTOM not available AbstractID CUSTOM = AA1d9xndt801960849521
 @State ConcreteID = SC17afitn8733109605741 AbstractID = SR1l990d07fd4167890156
 ConcreteID CUSTOM = SC43iw7g8732356009842 AbstractID CUSTOM = SA1i68znr8751963679091

	ROLE = LeftClickAt
	TARGET =
		WIDGET = WC10znlz1292456281216, WR52qhb2b3065858412, WT1r9yp931f2203879893, WP1q0ai5r252297607441
		ROLE = UIAListItem
		TITLE = Automatically select
		SHAPE = Rect [x:773.0 y:782.0 w:238.0 h:13.0]
		CHILDREN = 0
		PATH = [2, 0]
	DESCRIPTION = Left Click at 'Automatically select'
	TEXT = Compound Action =
		Move mouse to (892.0, 788.5).
		Press Mouse Button BUTTON1
		Release Mouse Button BUTTON1

ExecutedAction [75]: 
 @Action ConcreteID = AC1nvhwx6eb2180815995 AbstractID = AA1kppdlnd5271152907
 ConcreteID CUSTOM = ConcreteID CUSTOM not available AbstractID CUSTOM = AA1ec0ezbd43044017737
 @State ConcreteID = SC1oz4otm8201540153672 AbstractID = SR1fo7hu87b13039393183
 ConcreteID CUSTOM = SC13z6nvm8261994199064 AbstractID CUSTOM = SA4gvm128241333976452

	ROLE = ClickTypeInto
	TARGET =
		WIDGET = WCni3nhc1c2027321942, WR4n0dlj72701565195, WT1x4tyeue4007024010, WP10uvatu18667599998
		ROLE = UIAEdit
		TITLE = Header:
		SHAPE = Rect [x:760.0 y:910.0 w:261.0 h:20.0]
		CHILDREN = 0
		PATH = [1, 0, 18]
	DESCRIPTION = Type 'Super Bowl XXX' into 'Header:
	TEXT = Compound Action =
		Compound Action =
		Move mouse to (890.5, 920.0).
		Press Mouse Button BUTTON1
		Release Mouse Button BUTTON1
		Press Key 17
		Press Key 65
		Release Key 65
		Release Key 17
		Type text 'Super Bowl XXX'

ExecutedAction [76]: 
 @Action ConcreteID = ACn6o1e5802253490770 AbstractID = AAn6o1e5802253490770
 ConcreteID CUSTOM = ConcreteID CUSTOM not available AbstractID CUSTOM = AA3v3ikx7f898130614
 @State ConcreteID = SC1oz4otm8201540153672 AbstractID = SR1fo7hu87b13039393183
 ConcreteID CUSTOM = SC13z6nvm8261994199064 AbstractID CUSTOM = SA4gvm128241333976452

	ROLE = LeftClickAt
	TARGET =
		WIDGET = WCdszybb1c22406618, WR17v7k2nb1067391859, WT1qeha5gf2005531835, WPk77bd1182459370466
		ROLE = UIAMenuItem
		TITLE = View
		SHAPE = Rect [x:786.0 y:641.0 w:39.0 h:19.0]
		CHILDREN = 0
		PATH = [0, 4, 3]
	DESCRIPTION = Left Click at 'View'
	TEXT = Compound Action =
		Move mouse to (805.5, 650.5).
		Press Mouse Button BUTTON1
		Release Mouse Button BUTTON1

ExecutedAction [77]: 
 @Action ConcreteID = AC2ntkbz813758106522 AbstractID = AA2ntkbz813758106522
 ConcreteID CUSTOM = ConcreteID CUSTOM not available AbstractID CUSTOM = AA16z5uy3801205131283
 @State ConcreteID = SC1oz4otm8201540153672 AbstractID = SR1fo7hu87b13039393183
 ConcreteID CUSTOM = SC13z6nvm8261994199064 AbstractID CUSTOM = SA4gvm128241333976452

	ROLE = LeftClickAt
	TARGET =
		WIDGET = WC1ncc0ng192885566496, WR1h6ibpb92248851252, WTzj707vb935461581, WPp284ou151939659660
		ROLE = UIAButton
		TITLE = OK
		SHAPE = Rect [x:1042.0 y:975.0 w:75.0 h:23.0]
		CHILDREN = 0
		PATH = [1, 0, 22]
	DESCRIPTION = Left Click at 'OK'
	TEXT = Compound Action =
		Move mouse to (1079.5, 986.5).
		Press Mouse Button BUTTON1
		Release Mouse Button BUTTON1

ExecutedAction [78]: 
 @Action ConcreteID = AC91y6jje22089373898 AbstractID = AA1m3hoa1d62361483860
 ConcreteID CUSTOM = ConcreteID CUSTOM not available AbstractID CUSTOM = AA1kk5hxad62283781695
 @State ConcreteID = SC19buzrs56c408688364 AbstractID = SR1y1j1k252f3783272820
 ConcreteID CUSTOM = SCqdkz485783555155274 AbstractID CUSTOM = SA93wwnm5773597011651

	ROLE = ClickTypeInto
	TARGET =
		WIDGET = WCh9rmcr1c1591402221, WR4n0dlj72701565195, WTei4yvd121088706799, WP1p79f8d182589964477
		ROLE = UIAEdit
		TITLE = Text Editor
		SHAPE = Rect [x:668.0 y:661.0 w:1881.0 h:878.0]
		CHILDREN = 3
		PATH = [0, 2]
	DESCRIPTION = Type 'None' into 'Text Editor
	TEXT = Compound Action =
		Compound Action =
		Move mouse to (1608.5, 1100.0).
		Press Mouse Button BUTTON1
		Release Mouse Button BUTTON1
		Press Key 17
		Press Key 65
		Release Key 65
		Release Key 17
		Type text 'None'

ExecutedAction [79]: 
 @Action ConcreteID = AC1dwcff2804133153120 AbstractID = AA1dwcff2804133153120
 ConcreteID CUSTOM = ConcreteID CUSTOM not available AbstractID CUSTOM = AA1y3e3ue7f2833104751
 @State ConcreteID = SC11g90pw56b3561113288 AbstractID = SR1y1j1k252f3783272820
 ConcreteID CUSTOM = SC1kquoap5772187399795 AbstractID CUSTOM = SA93wwnm5773597011651

	ROLE = LeftClickAt
	TARGET =
		WIDGET = WCwlcpk41e4286068033, WR17v7k2nb1067391859, WTaz2n92112307194186, WP1357sc21a4134412483
		ROLE = UIAMenuItem
		TITLE = Format
		SHAPE = Rect [x:734.0 y:641.0 w:52.0 h:19.0]
		CHILDREN = 0
		PATH = [1, 3, 2]
	DESCRIPTION = Left Click at 'Format'
	TEXT = Compound Action =
		Move mouse to (760.0, 650.5).
		Press Mouse Button BUTTON1
		Release Mouse Button BUTTON1

ExecutedAction [80]: 
 @Action ConcreteID = AC1g697a811609949971 AbstractID = AA1g697a811609949971
 ConcreteID CUSTOM = ConcreteID CUSTOM not available AbstractID CUSTOM = AAidbr467f3977530150
 @State ConcreteID = SC1o3wt6z5aa3192596892 AbstractID = SRaot98356a1045688415
 ConcreteID CUSTOM = SCb5ffqz5b2812654048 AbstractID CUSTOM = SAl3ikw5b33717660489

	ROLE = LeftClickAt
	TARGET =
		WIDGET = WCk3zl331b1069322374, WR1h6ibpb92248851252, WTzj707vb935461581, WPymgupd171523839437
		ROLE = UIAButton
		TITLE = OK
		SHAPE = Rect [x:1081.0 y:650.0 w:75.0 h:23.0]
		CHILDREN = 0
		PATH = [0, 0, 0, 0]
	DESCRIPTION = Left Click at 'OK'
	TEXT = Compound Action =
		Move mouse to (1118.5, 661.5).
		Press Mouse Button BUTTON1
		Release Mouse Button BUTTON1

ExecutedAction [81]: 
 @Action ConcreteID = AC1ovgca580818182575 AbstractID = AA1ovgca580818182575
 ConcreteID CUSTOM = ConcreteID CUSTOM not available AbstractID CUSTOM = AAa1dyqd7f1849896864
 @State ConcreteID = SC11g90pw56b3561113288 AbstractID = SR1y1j1k252f3783272820
 ConcreteID CUSTOM = SC1kquoap5772187399795 AbstractID CUSTOM = SA93wwnm5773597011651

	ROLE = LeftClickAt
	TARGET =
		WIDGET = WC9jaw3l1c2987203652, WR17v7k2nb1067391859, WT1qe72ijf99311909, WP1c5bfin18723600677
		ROLE = UIAMenuItem
		TITLE = File
		SHAPE = Rect [x:668.0 y:641.0 w:32.0 h:19.0]
		CHILDREN = 0
		PATH = [1, 3, 0]
	DESCRIPTION = Left Click at 'File'
	TEXT = Compound Action =
		Move mouse to (684.0, 650.5).
		Press Mouse Button BUTTON1
		Release Mouse Button BUTTON1

ExecutedAction [82]: 
 @Action ConcreteID = ACehek7q803814309564 AbstractID = AAehek7q803814309564
 ConcreteID CUSTOM = ConcreteID CUSTOM not available AbstractID CUSTOM = AA1dowa61801891244020
 @State ConcreteID = SC1lkblrw6203808987839 AbstractID = SRv1jibr5e2590184845
 ConcreteID CUSTOM = SC1t6fef662a915770135 AbstractID CUSTOM = SA1qw5ucl6283488117090

	ROLE = LeftClickAt
	TARGET =
		WIDGET = WC1xrenix2f770624771, WR17v7k2nb1067391859, WTts8vz223311468155, WP195rht32b2723386033
		ROLE = UIAMenuItem
		TITLE = New Window	Ctrl+Shift+N
		SHAPE = Rect [x:671.0 y:685.0 w:223.0 h:22.0]
		CHILDREN = 0
		PATH = [1, 0, 1]
	DESCRIPTION = Left Click at 'New Window	Ctrl+Shift+N'
	TEXT = Compound Action =
		Move mouse to (782.5, 696.0).
		Press Mouse Button BUTTON1
		Release Mouse Button BUTTON1

ExecutedAction [83]: 
 @Action ConcreteID = AC3yabmt803650523168 AbstractID = AA3yabmt803650523168
 ConcreteID CUSTOM = ConcreteID CUSTOM not available AbstractID CUSTOM = AA12u8da87f2612864387
 @State ConcreteID = SC1g8n2lk73a3261633507 AbstractID = SR11h96nn6e9578734026
 ConcreteID CUSTOM = SC17c4nnp745544774279 AbstractID CUSTOM = SA1yctw5h747794625180

	ROLE = LeftClickAt
	TARGET =
		WIDGET = WCdszybb1c22406618, WR17v7k2nb1067391859, WT1qeha5gf2005531835, WPk77bd1182459370466
		ROLE = UIAMenuItem
		TITLE = View
		SHAPE = Rect [x:786.0 y:641.0 w:39.0 h:19.0]
		CHILDREN = 0
		PATH = [0, 4, 3]
	DESCRIPTION = Left Click at 'View'
	TEXT = Compound Action =
		Move mouse to (805.5, 650.5).
		Press Mouse Button BUTTON1
		Release Mouse Button BUTTON1

ExecutedAction [84]: 
 @Action ConcreteID = ACm2ch3r7f870991413 AbstractID = AAm2ch3r7f870991413
 ConcreteID CUSTOM = ConcreteID CUSTOM not available AbstractID CUSTOM = AAqhzogn7f1786046951
 @State ConcreteID = SCgp9n037723871328803 AbstractID = SR1500shy724129745377
 ConcreteID CUSTOM = SC1mhvftk7871098066141 AbstractID CUSTOM = SA8i9iau78b4059335614

	ROLE = LeftClickAt
	TARGET =
		WIDGET = WCf4ugl1c1131471527, WR17v7k2nb1067391859, WT1qeha5gf2005531835, WP6tc7ib183501327519
		ROLE = UIAMenuItem
		TITLE = View
		SHAPE = Rect [x:786.0 y:641.0 w:39.0 h:19.0]
		CHILDREN = 0
		PATH = [2, 4, 3]
	DESCRIPTION = Left Click at 'View'
	TEXT = Compound Action =
		Move mouse to (805.5, 650.5).
		Press Mouse Button BUTTON1
		Release Mouse Button BUTTON1

ExecutedAction [85]: 
 @Action ConcreteID = ACr7eksq801593171817 AbstractID = AAr7eksq801593171817
 ConcreteID CUSTOM = ConcreteID CUSTOM not available AbstractID CUSTOM = AA1q3cmg57f484338378
 @State ConcreteID = SC1g8n2lk73a3261633507 AbstractID = SR11h96nn6e9578734026
 ConcreteID CUSTOM = SC17c4nnp745544774279 AbstractID CUSTOM = SA1yctw5h747794625180

	ROLE = LeftClickAt
	TARGET =
		WIDGET = WC1v4qmzc1c3530989599, WR17v7k2nb1067391859, WT1qe89j4f2180189081, WP1t6nt0m181898351548
		ROLE = UIAMenuItem
		TITLE = Help
		SHAPE = Rect [x:825.0 y:641.0 w:39.0 h:19.0]
		CHILDREN = 0
		PATH = [1, 3, 4]
	DESCRIPTION = Left Click at 'Help'
	TEXT = Compound Action =
		Move mouse to (844.5, 650.5).
		Press Mouse Button BUTTON1
		Release Mouse Button BUTTON1

ExecutedAction [86]: 
 @Action ConcreteID = AC12dh4cfe03165823382 AbstractID = AA1k42db5d64246238475
 ConcreteID CUSTOM = ConcreteID CUSTOM not available AbstractID CUSTOM = AA8dn67sd6413026779
 @State ConcreteID = SCfhprll7853606222039 AbstractID = SR17vx510738860066344
 ConcreteID CUSTOM = SC1u42kwv79c1836949468 AbstractID CUSTOM = SA499s6579f3188429913

	ROLE = ClickTypeInto
	TARGET =
		WIDGET = WChabewe1c1368167903, WR4n0dlj72701565195, WTei4yvd121088706799, WP1p7t7s0182500457359
		ROLE = UIAEdit
		TITLE = Text Editor
		SHAPE = Rect [x:668.0 y:661.0 w:1881.0 h:878.0]
		CHILDREN = 1
		PATH = [1, 0]
	DESCRIPTION = Type '?' into 'Text Editor
	TEXT = Compound Action =
		Compound Action =
		Move mouse to (1608.5, 1100.0).
		Press Mouse Button BUTTON1
		Release Mouse Button BUTTON1
		Press Key 17
		Press Key 65
		Release Key 65
		Release Key 17
		Type text '?'

ExecutedAction [87]: 
 @Action ConcreteID = AC1qmecup7f3173559051 AbstractID = AA1qmecup7f3173559051
 ConcreteID CUSTOM = ConcreteID CUSTOM not available AbstractID CUSTOM = AAdx9i417f1800466772
 @State ConcreteID = SClk1igw73a1710527167 AbstractID = SR11h96nn6e9578734026
 ConcreteID CUSTOM = SC169gmur7461092590786 AbstractID CUSTOM = SA1yctw5h747794625180

	ROLE = LeftClickAt
	TARGET =
		WIDGET = WCwlcpk41e4286068033, WR17v7k2nb1067391859, WTaz2n92112307194186, WP1357sc21a4134412483
		ROLE = UIAMenuItem
		TITLE = Format
		SHAPE = Rect [x:734.0 y:641.0 w:52.0 h:19.0]
		CHILDREN = 0
		PATH = [1, 3, 2]
	DESCRIPTION = Left Click at 'Format'
	TEXT = Compound Action =
		Move mouse to (760.0, 650.5).
		Press Mouse Button BUTTON1
		Release Mouse Button BUTTON1

ExecutedAction [88]: 
 @Action ConcreteID = AC1dpn11p7e4135438217 AbstractID = AA1dpn11p7e4135438217
 ConcreteID CUSTOM = ConcreteID CUSTOM not available AbstractID CUSTOM = AA1l0tag7f2593733936
 @State ConcreteID = SCcegl0k771730505370 AbstractID = SR1500shy724129745377
 ConcreteID CUSTOM = SCnez5pr786731977475 AbstractID CUSTOM = SA8i9iau78b4059335614

	ROLE = LeftClickAt
	TARGET =
		WIDGET = WC3sa13a1e2180180431, WR17v7k2nb1067391859, WTaz2n92112307194186, WPac53v81a2296708173
		ROLE = UIAMenuItem
		TITLE = Format
		SHAPE = Rect [x:734.0 y:641.0 w:52.0 h:19.0]
		CHILDREN = 0
		PATH = [0, 4, 2]
	DESCRIPTION = Left Click at 'Format'
	TEXT = Compound Action =
		Move mouse to (760.0, 650.5).
		Press Mouse Button BUTTON1
		Release Mouse Button BUTTON1

ExecutedAction [89]: 
 @Action ConcreteID = AC1z0vicl7f2203391488 AbstractID = AA1z0vicl7f2203391488
 ConcreteID CUSTOM = ConcreteID CUSTOM not available AbstractID CUSTOM = AAmbqnlx7f1429032031
 @State ConcreteID = SClk1igw73a1710527167 AbstractID = SR11h96nn6e9578734026
 ConcreteID CUSTOM = SC169gmur7461092590786 AbstractID CUSTOM = SA1yctw5h747794625180

	ROLE = LeftClickAt
	TARGET =
		WIDGET = WCdg0id01c1198951367, WR17v7k2nb1067391859, WT1qe6brdf138512687, WP1hx95qa183605955422
		ROLE = UIAMenuItem
		TITLE = Edit
		SHAPE = Rect [x:700.0 y:641.0 w:34.0 h:19.0]
		CHILDREN = 0
		PATH = [0, 4, 1]
	DESCRIPTION = Left Click at 'Edit'
	TEXT = Compound Action =
		Move mouse to (717.0, 650.5).
		Press Mouse Button BUTTON1
		Release Mouse Button BUTTON1

ExecutedAction [90]: 
 @Action ConcreteID = AC1jaf4v27f2007229914 AbstractID = AA1jaf4v27f2007229914
 ConcreteID CUSTOM = ConcreteID CUSTOM not available AbstractID CUSTOM = AAfjkyj27f3065822697
 @State ConcreteID = SC14vsc484c2526319501 AbstractID = SR2qpvk08001844394009
 ConcreteID CUSTOM = SCi9kt8r8642546377718 AbstractID CUSTOM = SApe58fe8663199352865

	ROLE = LeftClickAt
	TARGET =
		WIDGET = WCjlivfa241437134686, WR17v7k2nb1067391859, WT1rua1p7173493758977, WPxpebxg201439031882
		ROLE = UIAMenuItem
		TITLE = Find Next	F3
		SHAPE = Rect [x:703.0 y:831.0 w:225.0 h:22.0]
		CHILDREN = 0
		PATH = [2, 0, 7]
	DESCRIPTION = Left Click at 'Find Next	F3'
	TEXT = Compound Action =
		Move mouse to (815.5, 842.0).
		Press Mouse Button BUTTON1
		Release Mouse Button BUTTON1

ExecutedAction [91]: 
 @Action ConcreteID = AC15bwxo280640636886 AbstractID = AA15bwxo280640636886
 ConcreteID CUSTOM = ConcreteID CUSTOM not available AbstractID CUSTOM = AA961zj97f1633828124
 @State ConcreteID = SC1qqnwqh8283423488872 AbstractID = SR15orzfb7ce1027118376
 ConcreteID CUSTOM = SC19ebv5o840681384317 AbstractID CUSTOM = SAkamog38441605573662

	ROLE = LeftClickAt
	TARGET =
		WIDGET = WC1xtubdk1d2927798493, WRa3fnoge3263686876, WT15hnp0b101431103500, WP1lzsyue191943896909
		ROLE = UIARadioButton
		TITLE = Up
		SHAPE = Rect [x:888.0 y:873.0 w:38.0 h:20.0]
		CHILDREN = 0
		PATH = [2, 0, 5]
	DESCRIPTION = Left Click at 'Up'
	TEXT = Compound Action =
		Move mouse to (907.0, 883.0).
		Press Mouse Button BUTTON1
		Release Mouse Button BUTTON1

ExecutedAction [92]: 
 @Action ConcreteID = AC1xwbvm3813150505303 AbstractID = AA1xwbvm3813150505303
 ConcreteID CUSTOM = ConcreteID CUSTOM not available AbstractID CUSTOM = AA1va994o803225322387
 @State ConcreteID = SC1qqnwqh8283423488872 AbstractID = SR15orzfb7ce1027118376
 ConcreteID CUSTOM = SC19ebv5o840681384317 AbstractID CUSTOM = SAkamog38441605573662

	ROLE = LeftClickAt
	TARGET =
		WIDGET = WCwcee8m1f246596134, WR1h6ibpb92248851252, WT1523ifv122562923779, WP4ok7ok1b4210139969
		ROLE = UIAButton
		TITLE = Find Next
		SHAPE = Rect [x:994.0 y:819.0 w:75.0 h:23.0]
		CHILDREN = 0
		PATH = [2, 0, 7]
	DESCRIPTION = Left Click at 'Find Next'
	TEXT = Compound Action =
		Move mouse to (1031.5, 830.5).
		Press Mouse Button BUTTON1
		Release Mouse Button BUTTON1

ExecutedAction [93]: 
 @Action ConcreteID = AC194dzlh803334291422 AbstractID = AA194dzlh803334291422
 ConcreteID CUSTOM = ConcreteID CUSTOM not available AbstractID CUSTOM = AA1wcrkoo7f1835972308
 @State ConcreteID = SC1c57hmc8a51587590343 AbstractID = SR1vpoul78414067871135
 ConcreteID CUSTOM = SC1lcudyq8bb2901163743 AbstractID CUSTOM = SAkgy7g58c21856078006

	ROLE = LeftClickAt
	TARGET =
		WIDGET = WC1v4qmzc1c3530989599, WR17v7k2nb1067391859, WT1qe89j4f2180189081, WP1t6nt0m181898351548
		ROLE = UIAMenuItem
		TITLE = Help
		SHAPE = Rect [x:825.0 y:641.0 w:39.0 h:19.0]
		CHILDREN = 0
		PATH = [1, 3, 4]
	DESCRIPTION = Left Click at 'Help'
	TEXT = Compound Action =
		Move mouse to (844.5, 650.5).
		Press Mouse Button BUTTON1
		Release Mouse Button BUTTON1

ExecutedAction [94]: 
 @Action ConcreteID = AC1anw141811523142530 AbstractID = AA1anw141811523142530
 ConcreteID CUSTOM = ConcreteID CUSTOM not available AbstractID CUSTOM = AA1kkgn3y803132585237
 @State ConcreteID = SC1c57hmc8a51587590343 AbstractID = SR1vpoul78414067871135
 ConcreteID CUSTOM = SC1lcudyq8bb2901163743 AbstractID CUSTOM = SAkgy7g58c21856078006

	ROLE = LeftClickAt
	TARGET =
		WIDGET = WCvpdtz51b1741695303, WR1h6ibpb92248851252, WTzj707vb935461581, WP1a7v3lf1746090252
		ROLE = UIAButton
		TITLE = OK
		SHAPE = Rect [x:1102.0 y:672.0 w:75.0 h:23.0]
		CHILDREN = 0
		PATH = [2, 0, 0, 0]
	DESCRIPTION = Left Click at 'OK'
	TEXT = Compound Action =
		Move mouse to (1139.5, 683.5).
		Press Mouse Button BUTTON1
		Release Mouse Button BUTTON1

ExecutedAction [95]: 
 @Action ConcreteID = ACsy52gl803808643146 AbstractID = AAsy52gl803808643146
 ConcreteID CUSTOM = ConcreteID CUSTOM not available AbstractID CUSTOM = AA1vte6aw7f2756584064
 @State ConcreteID = SC1qqnwqh8283423488872 AbstractID = SR15orzfb7ce1027118376
 ConcreteID CUSTOM = SC19ebv5o840681384317 AbstractID CUSTOM = SAkamog38441605573662

	ROLE = LeftClickAt
	TARGET =
		WIDGET = WC1rhk51s1f3532153442, WRa3fnoge3263686876, WTo110f6121981158700, WP1tda82m1b3102905047
		ROLE = UIARadioButton
		TITLE = Down
		SHAPE = Rect [x:928.0 y:873.0 w:53.0 h:20.0]
		CHILDREN = 0
		PATH = [2, 0, 6]
	DESCRIPTION = Left Click at 'Down'
	TEXT = Compound Action =
		Move mouse to (954.5, 883.0).
		Press Mouse Button BUTTON1
		Release Mouse Button BUTTON1

ExecutedAction [96]: 
 @Action ConcreteID = AC2tp7er802489833053 AbstractID = AA2tp7er802489833053
 ConcreteID CUSTOM = ConcreteID CUSTOM not available AbstractID CUSTOM = AA15oyb927f3542793367
 @State ConcreteID = SC1qqnwqh8283423488872 AbstractID = SR15orzfb7ce1027118376
 ConcreteID CUSTOM = SC19ebv5o840681384317 AbstractID CUSTOM = SAkamog38441605573662

	ROLE = LeftClickAt
	TARGET =
		WIDGET = WC1qu6mhn22651599091, WR88rmk0b1934231702, WTn10erf151057493661, WP1mxmxt51e2532455971
		ROLE = UIACheckBox
		TITLE = Match case
		SHAPE = Rect [x:727.0 y:879.0 w:96.0 h:20.0]
		CHILDREN = 0
		PATH = [2, 0, 2]
	DESCRIPTION = Left Click at 'Match case'
	TEXT = Compound Action =
		Move mouse to (775.0, 889.0).
		Press Mouse Button BUTTON1
		Release Mouse Button BUTTON1

ExecutedAction [97]: 
 @Action ConcreteID = AC1eggwc880595299740 AbstractID = AA1eggwc880595299740
 ConcreteID CUSTOM = ConcreteID CUSTOM not available AbstractID CUSTOM = AAialy7f7f1681319766
 @State ConcreteID = SC1qqnwqh8283423488872 AbstractID = SR15orzfb7ce1027118376
 ConcreteID CUSTOM = SC19ebv5o840681384317 AbstractID CUSTOM = SAkamog38441605573662

	ROLE = LeftClickAt
	TARGET =
		WIDGET = WCoxsuns1c4007230444, WR17v7k2nb1067391859, WT1qe89j4f2180189081, WPmzq0p2181300844623
		ROLE = UIAMenuItem
		TITLE = Help
		SHAPE = Rect [x:825.0 y:641.0 w:39.0 h:19.0]
		CHILDREN = 0
		PATH = [2, 4, 4]
	DESCRIPTION = Left Click at 'Help'
	TEXT = Compound Action =
		Move mouse to (844.5, 650.5).
		Press Mouse Button BUTTON1
		Release Mouse Button BUTTON1

ExecutedAction [98]: 
 @Action ConcreteID = AC2k4p2q7f618288335 AbstractID = AA2k4p2q7f618288335
 ConcreteID CUSTOM = ConcreteID CUSTOM not available AbstractID CUSTOM = AAwbamc67e2076923623
 @State ConcreteID = SCjq53te87b3998029371 AbstractID = SRpkilsa81d2131370985
 ConcreteID CUSTOM = SC1y1ewny88d3684120121 AbstractID CUSTOM = SA4klb4b889253304663

	ROLE = LeftClickAt
	TARGET =
		WIDGET = WC2p73n1c942908682, WR17v7k2nb1067391859, WT1qe6brdf138512687, WP14jxugx182846600595
		ROLE = UIAMenuItem
		TITLE = Edit
		SHAPE = Rect [x:700.0 y:641.0 w:34.0 h:19.0]
		CHILDREN = 0
		PATH = [2, 5, 1]
	DESCRIPTION = Left Click at 'Edit'
	TEXT = Compound Action =
		Move mouse to (717.0, 650.5).
		Press Mouse Button BUTTON1
		Release Mouse Button BUTTON1

ExecutedAction [99]: 
 @Action ConcreteID = ACsy52gl803808643146 AbstractID = AAsy52gl803808643146
 ConcreteID CUSTOM = ConcreteID CUSTOM not available AbstractID CUSTOM = AA1vte6aw7f2756584064
 @State ConcreteID = SC1qqnwqh8283423488872 AbstractID = SR15orzfb7ce1027118376
 ConcreteID CUSTOM = SC19ebv5o840681384317 AbstractID CUSTOM = SAkamog38441605573662

	ROLE = LeftClickAt
	TARGET =
		WIDGET = WC1rhk51s1f3532153442, WRa3fnoge3263686876, WTo110f6121981158700, WP1tda82m1b3102905047
		ROLE = UIARadioButton
		TITLE = Down
		SHAPE = Rect [x:928.0 y:873.0 w:53.0 h:20.0]
		CHILDREN = 0
		PATH = [2, 0, 6]
	DESCRIPTION = Left Click at 'Down'
	TEXT = Compound Action =
		Move mouse to (954.5, 883.0).
		Press Mouse Button BUTTON1
		Release Mouse Button BUTTON1

ExecutedAction [100]: 
 @Action ConcreteID = AC2ads04801425348098 AbstractID = AA2ads04801425348098
 ConcreteID CUSTOM = ConcreteID CUSTOM not available AbstractID CUSTOM = AA155mvuf7f330857672
 @State ConcreteID = SC1qqnwqh8283423488872 AbstractID = SR15orzfb7ce1027118376
 ConcreteID CUSTOM = SC19ebv5o840681384317 AbstractID CUSTOM = SAkamog38441605573662

	ROLE = LeftClickAt
	TARGET =
		WIDGET = WC1pfiz7o1e3285708466, WR17v7k2nb1067391859, WTaz2n92112307194186, WP1vze1zm1a3401710384
		ROLE = UIAMenuItem
		TITLE = Format
		SHAPE = Rect [x:734.0 y:641.0 w:52.0 h:19.0]
		CHILDREN = 0
		PATH = [2, 4, 2]
	DESCRIPTION = Left Click at 'Format'
	TEXT = Compound Action =
		Move mouse to (760.0, 650.5).
		Press Mouse Button BUTTON1
		Release Mouse Button BUTTON1

Sequence 1 finished.
Copying generated sequence ("sequence1166") to output directory...
Copying classified sequence ("sequence1166") to sequences_ok folder...
