Starting sequence 1 (output as: sequence2201)

ExecutedAction [1]: 
 @Action ConcreteID = AC1wscf8p7e3539573704 AbstractID = AA1wscf8p7e3539573704
 ConcreteID CUSTOM = ConcreteID CUSTOM not available AbstractID CUSTOM = AA1i3yvqy7e240064839
 @State ConcreteID = SC6w2h61d63505289064 AbstractID = SRuxvih1ba2513313992
 ConcreteID CUSTOM = SC22ddoh1d53711883251 AbstractID CUSTOM = SA1e0xkku1d417380732

	ROLE = LeftClickAt
	TARGET =
		WIDGET = WCdsg5py1c3010804170, WR17v7k2nb1067391859, WT1qeha5gf2005531835, WPk6niro18548921330
		ROLE = UIAMenuItem
		TITLE = View
		SHAPE = Rect [x:485.0 y:261.0 w:39.0 h:19.0]
		CHILDREN = 0
		PATH = [0, 3, 3]
	DESCRIPTION = Left Click at 'View'
	TEXT = Compound Action =
		Move mouse to (504.5, 270.5).
		Press Mouse Button BUTTON1
		Release Mouse Button BUTTON1

ExecutedAction [2]: 
 @Action ConcreteID = ACa015czf4258964953 AbstractID = AAd80uowd51838062774
 ConcreteID CUSTOM = ConcreteID CUSTOM not available AbstractID CUSTOM = AAvnr2iad53549202300
 @State ConcreteID = SC1j7l7h720b4127314174 AbstractID = SRhdom0g1f51351705365
 ConcreteID CUSTOM = SC1bk9n792112352902825 AbstractID CUSTOM = SA1odsafd20b3326211211

	ROLE = ClickTypeInto
	TARGET =
		WIDGET = WCh9rmbw1c1979157806, WR4n0dlj72701565195, WTei4yvd121088706799, WP1p79f7i182977098622
		ROLE = UIAEdit
		TITLE = Text Editor
		SHAPE = Rect [x:367.0 y:281.0 w:847.0 h:534.0]
		CHILDREN = 1
		PATH = [0, 1]
	DESCRIPTION = Type '-922337203685477...' into 'Text Editor
	TEXT = Compound Action =
		Compound Action =
		Move mouse to (790.5, 548.0).
		Press Mouse Button BUTTON1
		Release Mouse Button BUTTON1
		Press Key 17
		Press Key 65
		Release Key 65
		Release Key 17
		Type text '-9223372036854775808/-1'

ExecutedAction [3]: 
 @Action ConcreteID = ACvagkee801616947808 AbstractID = AAvagkee801616947808
 ConcreteID CUSTOM = ConcreteID CUSTOM not available AbstractID CUSTOM = AA11lh62n7e3792378374
 @State ConcreteID = SC1dhnqes1d53506835422 AbstractID = SRuxvih1ba2513313992
 ConcreteID CUSTOM = SCex62e61d54160016761 AbstractID CUSTOM = SA1e0xkku1d417380732

	ROLE = LeftClickAt
	TARGET =
		WIDGET = WCdfgprn1c4116076503, WR17v7k2nb1067391859, WT1qe6brdf138512687, WP1hwpd4x181691246414
		ROLE = UIAMenuItem
		TITLE = Edit
		SHAPE = Rect [x:399.0 y:261.0 w:34.0 h:19.0]
		CHILDREN = 0
		PATH = [0, 3, 1]
	DESCRIPTION = Left Click at 'Edit'
	TEXT = Compound Action =
		Move mouse to (416.0, 270.5).
		Press Mouse Button BUTTON1
		Release Mouse Button BUTTON1

ExecutedAction [4]: 
 @Action ConcreteID = AC1jliffd80771175247 AbstractID = AA1jliffd80771175247
 ConcreteID CUSTOM = ConcreteID CUSTOM not available AbstractID CUSTOM = AA1adgw6a7f1426435628
 @State ConcreteID = SC19sknii2e94082780215 AbstractID = SR1hpakru2d13589890082
 ConcreteID CUSTOM = SCgv8zgj2f22681151710 AbstractID CUSTOM = SAzdxt022e82348379560

	ROLE = LeftClickAt
	TARGET =
		WIDGET = WCwzdza024395175971, WR17v7k2nb1067391859, WT1rua1p7173493758977, WP1b39fs620400614711
		ROLE = UIAMenuItem
		TITLE = Find Next	F3
		SHAPE = Rect [x:402.0 y:451.0 w:225.0 h:22.0]
		CHILDREN = 0
		PATH = [0, 0, 7]
	DESCRIPTION = Left Click at 'Find Next	F3'
	TEXT = Compound Action =
		Move mouse to (514.5, 462.0).
		Press Mouse Button BUTTON1
		Release Mouse Button BUTTON1

ExecutedAction [5]: 
 @Action ConcreteID = AC1jpbpjs7f1490141966 AbstractID = AA1jpbpjs7f1490141966
 ConcreteID CUSTOM = ConcreteID CUSTOM not available AbstractID CUSTOM = AA1xa28cs7f541110290
 @State ConcreteID = SCzw4mhu2c33520547520 AbstractID = SR4ddoxt29f766351808
 ConcreteID CUSTOM = SCybb4kw2ca330218400 AbstractID CUSTOM = SA75if752c42522409749

	ROLE = LeftClickAt
	TARGET =
		WIDGET = WC56xod9221693686670, WR88rmk0b1934231702, WTn10erf151057493661, WP1adzor1e3570872670
		ROLE = UIACheckBox
		TITLE = Match case
		SHAPE = Rect [x:426.0 y:499.0 w:96.0 h:20.0]
		CHILDREN = 0
		PATH = [0, 0, 2]
	DESCRIPTION = Left Click at 'Match case'
	TEXT = Compound Action =
		Move mouse to (474.0, 509.0).
		Press Mouse Button BUTTON1
		Release Mouse Button BUTTON1

ExecutedAction [6]: 
 @Action ConcreteID = AC68gipu7f4197880188 AbstractID = AA68gipu7f4197880188
 ConcreteID CUSTOM = ConcreteID CUSTOM not available AbstractID CUSTOM = AAjt71iu7f2192040544
 @State ConcreteID = SCzw4mhu2c33520547520 AbstractID = SR4ddoxt29f766351808
 ConcreteID CUSTOM = SCybb4kw2ca330218400 AbstractID CUSTOM = SA75if752c42522409749

	ROLE = LeftClickAt
	TARGET =
		WIDGET = WC12bnyii1c2902228113, WR17v7k2nb1067391859, WT1qe89j4f2180189081, WP10dl4js18262952754
		ROLE = UIAMenuItem
		TITLE = Help
		SHAPE = Rect [x:524.0 y:261.0 w:39.0 h:19.0]
		CHILDREN = 0
		PATH = [0, 4, 4]
	DESCRIPTION = Left Click at 'Help'
	TEXT = Compound Action =
		Move mouse to (543.5, 270.5).
		Press Mouse Button BUTTON1
		Release Mouse Button BUTTON1

ExecutedAction [7]: 
 @Action ConcreteID = AC1jfjjlp7f141753148 AbstractID = AA1jfjjlp7f141753148
 ConcreteID CUSTOM = ConcreteID CUSTOM not available AbstractID CUSTOM = AA1j4udet801153202489
 @State ConcreteID = SC1ijcnvz316460013846 AbstractID = SRa54v6o2ee1453963913
 ConcreteID CUSTOM = SCpo37m7317445209044 AbstractID CUSTOM = SA190ugp430a1484144126

	ROLE = LeftClickAt
	TARGET =
		WIDGET = WC57hgym221502851646, WR88rmk0b1934231702, WTn10erf151057493661, WP1axsa41e3921090798
		ROLE = UIACheckBox
		TITLE = Match case
		SHAPE = Rect [x:426.0 y:499.0 w:96.0 h:20.0]
		CHILDREN = 0
		PATH = [0, 1, 2]
	DESCRIPTION = Left Click at 'Match case'
	TEXT = Compound Action =
		Move mouse to (474.0, 509.0).
		Press Mouse Button BUTTON1
		Release Mouse Button BUTTON1

ExecutedAction [8]: 
 @Action ConcreteID = AC1i0gbj17f1903184142 AbstractID = AA1i0gbj17f1903184142
 ConcreteID CUSTOM = ConcreteID CUSTOM not available AbstractID CUSTOM = AA1vl6uc17f165755410
 @State ConcreteID = SCzw4mhu2c33520547520 AbstractID = SR4ddoxt29f766351808
 ConcreteID CUSTOM = SCybb4kw2ca330218400 AbstractID CUSTOM = SA75if752c42522409749

	ROLE = LeftClickAt
	TARGET =
		WIDGET = WCdszybb1c22406618, WR17v7k2nb1067391859, WT1qeha5gf2005531835, WPk77bd1182459370466
		ROLE = UIAMenuItem
		TITLE = View
		SHAPE = Rect [x:485.0 y:261.0 w:39.0 h:19.0]
		CHILDREN = 0
		PATH = [0, 4, 3]
	DESCRIPTION = Left Click at 'View'
	TEXT = Compound Action =
		Move mouse to (504.5, 270.5).
		Press Mouse Button BUTTON1
		Release Mouse Button BUTTON1

ExecutedAction [9]: 
 @Action ConcreteID = ACyejo1m7f3857412514 AbstractID = AAyejo1m7f3857412514
 ConcreteID CUSTOM = ConcreteID CUSTOM not available AbstractID CUSTOM = AA16jahqv7f2178362787
 @State ConcreteID = SCezqe9a3001342259462 AbstractID = SR1thh6cy2da2922162793
 ConcreteID CUSTOM = SC5lgjy83012150391454 AbstractID CUSTOM = SAycs8tn2f61145996036

	ROLE = LeftClickAt
	TARGET =
		WIDGET = WC57hgym221502851646, WR88rmk0b1934231702, WTn10erf151057493661, WP1axsa41e3921090798
		ROLE = UIACheckBox
		TITLE = Match case
		SHAPE = Rect [x:426.0 y:499.0 w:96.0 h:20.0]
		CHILDREN = 0
		PATH = [0, 1, 2]
	DESCRIPTION = Left Click at 'Match case'
	TEXT = Compound Action =
		Move mouse to (474.0, 509.0).
		Press Mouse Button BUTTON1
		Release Mouse Button BUTTON1

ExecutedAction [10]: 
 @Action ConcreteID = AC1jpbpjs7f1490141966 AbstractID = AA1jpbpjs7f1490141966
 ConcreteID CUSTOM = ConcreteID CUSTOM not available AbstractID CUSTOM = AA1xa28cs7f541110290
 @State ConcreteID = SCzw4mhu2c33520547520 AbstractID = SR4ddoxt29f766351808
 ConcreteID CUSTOM = SCybb4kw2ca330218400 AbstractID CUSTOM = SA75if752c42522409749

	ROLE = LeftClickAt
	TARGET =
		WIDGET = WC56xod9221693686670, WR88rmk0b1934231702, WTn10erf151057493661, WP1adzor1e3570872670
		ROLE = UIACheckBox
		TITLE = Match case
		SHAPE = Rect [x:426.0 y:499.0 w:96.0 h:20.0]
		CHILDREN = 0
		PATH = [0, 0, 2]
	DESCRIPTION = Left Click at 'Match case'
	TEXT = Compound Action =
		Move mouse to (474.0, 509.0).
		Press Mouse Button BUTTON1
		Release Mouse Button BUTTON1

ExecutedAction [11]: 
 @Action ConcreteID = AC1gugjyb7f2966444966 AbstractID = AA1gugjyb7f2966444966
 ConcreteID CUSTOM = ConcreteID CUSTOM not available AbstractID CUSTOM = AA1uf72rb7f3359713466
 @State ConcreteID = SCzw4mhu2c33520547520 AbstractID = SR4ddoxt29f766351808
 ConcreteID CUSTOM = SCybb4kw2ca330218400 AbstractID CUSTOM = SA75if752c42522409749

	ROLE = LeftClickAt
	TARGET =
		WIDGET = WC3sa13a1e2180180431, WR17v7k2nb1067391859, WTaz2n92112307194186, WPac53v81a2296708173
		ROLE = UIAMenuItem
		TITLE = Format
		SHAPE = Rect [x:433.0 y:261.0 w:52.0 h:19.0]
		CHILDREN = 0
		PATH = [0, 4, 2]
	DESCRIPTION = Left Click at 'Format'
	TEXT = Compound Action =
		Move mouse to (459.0, 270.5).
		Press Mouse Button BUTTON1
		Release Mouse Button BUTTON1

ExecutedAction [12]: 
 @Action ConcreteID = AC9dwaqo7f1194875223 AbstractID = AA9dwaqo7f1194875223
 ConcreteID CUSTOM = ConcreteID CUSTOM not available AbstractID CUSTOM = AA1m0path7f3882009391
 @State ConcreteID = SClnbltk3023986722456 AbstractID = SR1thh6cy2da2922162793
 ConcreteID CUSTOM = SCpowhv23022189841134 AbstractID CUSTOM = SAycs8tn2f61145996036

	ROLE = LeftClickAt
	TARGET =
		WIDGET = WC1084jd1f2874738980, WR17v7k2nb1067391859, WT1k0pzz412734516100, WPdmv4jr1b3951525617
		ROLE = UIAMenuItem
		TITLE = Font...
		SHAPE = Rect [x:436.0 y:305.0 w:144.0 h:22.0]
		CHILDREN = 0
		PATH = [0, 0, 1]
	DESCRIPTION = Left Click at 'Font...'
	TEXT = Compound Action =
		Move mouse to (508.0, 316.0).
		Press Mouse Button BUTTON1
		Release Mouse Button BUTTON1

ExecutedAction [13]: 
 @Action ConcreteID = AC1dl2uo9e52702664805 AbstractID = AAxqq27gd33962798216
 ConcreteID CUSTOM = ConcreteID CUSTOM not available AbstractID CUSTOM = AA1agyqm4d51147033461
 @State ConcreteID = SCisn577312841303027 AbstractID = SR1n6ghop6d42541967752
 ConcreteID CUSTOM = SCkzsehm7352147692754 AbstractID CUSTOM = SA1gjdm9e7211079536492

	ROLE = ClickTypeInto
	TARGET =
		WIDGET = WC1ffabo41e864194532, WR4n0dlj72701565195, WT1gjbb46112826526592, WP1v7jv4y1a1743897683
		ROLE = UIAEdit
		TITLE = Find what:
		SHAPE = Rect [x:491.0 y:442.0 w:192.0 h:20.0]
		CHILDREN = 0
		PATH = [0, 1, 1]
	DESCRIPTION = Type ',./;'[]\-=' into 'Find what:
	TEXT = Compound Action =
		Compound Action =
		Move mouse to (587.0, 452.0).
		Press Mouse Button BUTTON1
		Release Mouse Button BUTTON1
		Press Key 17
		Press Key 65
		Release Key 65
		Release Key 17
		Type text ',./;'[]\-='

ExecutedAction [14]: 
 @Action ConcreteID = AC11o3ocu7e850266311 AbstractID = AA11o3ocu7e850266311
 ConcreteID CUSTOM = ConcreteID CUSTOM not available AbstractID CUSTOM = AAy6i9hy80936969115
 @State ConcreteID = SCkx8224718130790566 AbstractID = SR5fbum86c04051265759
 ConcreteID CUSTOM = SC1jx9djr7203158621677 AbstractID CUSTOM = SA15guur670f1189978618

	ROLE = LeftClickAt
	TARGET =
		WIDGET = WCs13w9k202290184309, WR52qhb2b3065858412, WT1bx8b18d1278745856, WP172qoh21c967786832
		ROLE = UIAListItem
		TITLE = 20
		SHAPE = Rect [x:747.0 y:467.0 w:42.0 h:15.0]
		CHILDREN = 0
		PATH = [0, 0, 5, 0, 1]
	DESCRIPTION = Left Click at '20'
	TEXT = Compound Action =
		Move mouse to (768.0, 474.5).
		Press Mouse Button BUTTON1
		Release Mouse Button BUTTON1

ExecutedAction [15]: 
 @Action ConcreteID = AC13l4brv7e2017286140 AbstractID = AA13l4brv7e2017286140
 ConcreteID CUSTOM = ConcreteID CUSTOM not available AbstractID CUSTOM = AA103iwwz802102025376
 @State ConcreteID = SCkx8224718130790566 AbstractID = SR5fbum86c04051265759
 ConcreteID CUSTOM = SC1jx9djr7203158621677 AbstractID CUSTOM = SA15guur670f1189978618

	ROLE = LeftClickAt
	TARGET =
		WIDGET = WC1grpg081d601422470, WR1h6ibpb92248851252, WT1vjbvvdf3603144044, WP1fkwu62191550463147
		ROLE = UIAButton
		TITLE = Cancel
		SHAPE = Rect [x:731.0 y:816.0 w:79.0 h:26.0]
		CHILDREN = 0
		PATH = [0, 0, 12]
	DESCRIPTION = Left Click at 'Cancel'
	TEXT = Compound Action =
		Move mouse to (770.5, 829.0).
		Press Mouse Button BUTTON1
		Release Mouse Button BUTTON1

ExecutedAction [16]: 
 @Action ConcreteID = AC68gipu7f4197880188 AbstractID = AA68gipu7f4197880188
 ConcreteID CUSTOM = ConcreteID CUSTOM not available AbstractID CUSTOM = AAjt71iu7f2192040544
 @State ConcreteID = SCzw4mhu2c33520547520 AbstractID = SR4ddoxt29f766351808
 ConcreteID CUSTOM = SCybb4kw2ca330218400 AbstractID CUSTOM = SA75if752c42522409749

	ROLE = LeftClickAt
	TARGET =
		WIDGET = WC12bnyii1c2902228113, WR17v7k2nb1067391859, WT1qe89j4f2180189081, WP10dl4js18262952754
		ROLE = UIAMenuItem
		TITLE = Help
		SHAPE = Rect [x:524.0 y:261.0 w:39.0 h:19.0]
		CHILDREN = 0
		PATH = [0, 4, 4]
	DESCRIPTION = Left Click at 'Help'
	TEXT = Compound Action =
		Move mouse to (543.5, 270.5).
		Press Mouse Button BUTTON1
		Release Mouse Button BUTTON1

ExecutedAction [17]: 
 @Action ConcreteID = AC1jfjjlp7f141753148 AbstractID = AA1jfjjlp7f141753148
 ConcreteID CUSTOM = ConcreteID CUSTOM not available AbstractID CUSTOM = AA1j4udet801153202489
 @State ConcreteID = SC1ijcnvz316460013846 AbstractID = SRa54v6o2ee1453963913
 ConcreteID CUSTOM = SCpo37m7317445209044 AbstractID CUSTOM = SA190ugp430a1484144126

	ROLE = LeftClickAt
	TARGET =
		WIDGET = WC57hgym221502851646, WR88rmk0b1934231702, WTn10erf151057493661, WP1axsa41e3921090798
		ROLE = UIACheckBox
		TITLE = Match case
		SHAPE = Rect [x:426.0 y:499.0 w:96.0 h:20.0]
		CHILDREN = 0
		PATH = [0, 1, 2]
	DESCRIPTION = Left Click at 'Match case'
	TEXT = Compound Action =
		Move mouse to (474.0, 509.0).
		Press Mouse Button BUTTON1
		Release Mouse Button BUTTON1

ExecutedAction [18]: 
 @Action ConcreteID = AC11hyluq7f2637449807 AbstractID = AA11hyluq7f2637449807
 ConcreteID CUSTOM = ConcreteID CUSTOM not available AbstractID CUSTOM = AA1f2p4nq7f3852810579
 @State ConcreteID = SCzw4mhu2c33520547520 AbstractID = SR4ddoxt29f766351808
 ConcreteID CUSTOM = SCybb4kw2ca330218400 AbstractID CUSTOM = SA75if752c42522409749

	ROLE = LeftClickAt
	TARGET =
		WIDGET = WCdg0id01c1198951367, WR17v7k2nb1067391859, WT1qe6brdf138512687, WP1hx95qa183605955422
		ROLE = UIAMenuItem
		TITLE = Edit
		SHAPE = Rect [x:399.0 y:261.0 w:34.0 h:19.0]
		CHILDREN = 0
		PATH = [0, 4, 1]
	DESCRIPTION = Left Click at 'Edit'
	TEXT = Compound Action =
		Move mouse to (416.0, 270.5).
		Press Mouse Button BUTTON1
		Release Mouse Button BUTTON1

ExecutedAction [19]: 
 @Action ConcreteID = ACey1zhj7e1350491695 AbstractID = AAey1zhj7e1350491695
 ConcreteID CUSTOM = ConcreteID CUSTOM not available AbstractID CUSTOM = AA1ueqyvt7f1814582857
 @State ConcreteID = SCbkiqv3de2217986706 AbstractID = SR1cvvui43b6434942604
 ConcreteID CUSTOM = SCg4n8bx3e22524388815 AbstractID CUSTOM = SA6ramoi3d34006232109

	ROLE = LeftClickAt
	TARGET =
		WIDGET = WC19qtaop1f1912073451, WR1h6ibpb92248851252, WT1523ifv122562923779, WPi2z44n1b2243202444
		ROLE = UIAButton
		TITLE = Find Next
		SHAPE = Rect [x:693.0 y:439.0 w:75.0 h:23.0]
		CHILDREN = 0
		PATH = [0, 1, 7]
	DESCRIPTION = Left Click at 'Find Next'
	TEXT = Compound Action =
		Move mouse to (730.5, 450.5).
		Press Mouse Button BUTTON1
		Release Mouse Button BUTTON1

ExecutedAction [20]: 
 @Action ConcreteID = AC15us7n57f3455697122 AbstractID = AA15us7n57f3455697122
 ConcreteID CUSTOM = ConcreteID CUSTOM not available AbstractID CUSTOM = AA1jx5zqm80304773094
 @State ConcreteID = SCyny8q833c2283695184 AbstractID = SRynqyp3312139449290
 ConcreteID CUSTOM = SC1kzn81m3401770638002 AbstractID CUSTOM = SA1feo88d33f3063243674

	ROLE = LeftClickAt
	TARGET =
		WIDGET = WC1frc9lv1c3431448778, WR17v7k2nb1067391859, WT1qe72ijf99311909, WPjc8r1t181437309355
		ROLE = UIAMenuItem
		TITLE = File
		SHAPE = Rect [x:367.0 y:261.0 w:32.0 h:19.0]
		CHILDREN = 0
		PATH = [0, 4, 0]
	DESCRIPTION = Left Click at 'File'
	TEXT = Compound Action =
		Move mouse to (383.0, 270.5).
		Press Mouse Button BUTTON1
		Release Mouse Button BUTTON1

ExecutedAction [21]: 
 @Action ConcreteID = AC119xesk7f382431710 AbstractID = AA119xesk7f382431710
 ConcreteID CUSTOM = ConcreteID CUSTOM not available AbstractID CUSTOM = AAefddw57f770668569
 @State ConcreteID = SCxkzl253f62535969349 AbstractID = SR18fetmq3c52227491288
 ConcreteID CUSTOM = SC11z5e0b3f62121763623 AbstractID CUSTOM = SAqo5q9g3e71704396125

	ROLE = LeftClickAt
	TARGET =
		WIDGET = WC12c7r3v1c2442941729, WR17v7k2nb1067391859, WT1qe89j4f2180189081, WP10e4x5518852262530
		ROLE = UIAMenuItem
		TITLE = Help
		SHAPE = Rect [x:524.0 y:261.0 w:39.0 h:19.0]
		CHILDREN = 0
		PATH = [0, 5, 4]
	DESCRIPTION = Left Click at 'Help'
	TEXT = Compound Action =
		Move mouse to (543.5, 270.5).
		Press Mouse Button BUTTON1
		Release Mouse Button BUTTON1

ExecutedAction [22]: 
 @Action ConcreteID = AC1jsn5y97f2275581094 AbstractID = AA1jsn5y97f2275581094
 ConcreteID CUSTOM = ConcreteID CUSTOM not available AbstractID CUSTOM = AA1xv0y1q801483811746
 @State ConcreteID = SCyny8q833c2283695184 AbstractID = SRynqyp3312139449290
 ConcreteID CUSTOM = SC1kzn81m3401770638002 AbstractID CUSTOM = SA1feo88d33f3063243674

	ROLE = LeftClickAt
	TARGET =
		WIDGET = WCdszybb1c22406618, WR17v7k2nb1067391859, WT1qeha5gf2005531835, WPk77bd1182459370466
		ROLE = UIAMenuItem
		TITLE = View
		SHAPE = Rect [x:485.0 y:261.0 w:39.0 h:19.0]
		CHILDREN = 0
		PATH = [0, 4, 3]
	DESCRIPTION = Left Click at 'View'
	TEXT = Compound Action =
		Move mouse to (504.5, 270.5).
		Press Mouse Button BUTTON1
		Release Mouse Button BUTTON1

ExecutedAction [23]: 
 @Action ConcreteID = AC2fwoyf7f915595783 AbstractID = AA2fwoyf7f915595783
 ConcreteID CUSTOM = ConcreteID CUSTOM not available AbstractID CUSTOM = AA19u9j4u7f1549821738
 @State ConcreteID = SCeozs3j3772762175306 AbstractID = SR1eok5ue34d2605762760
 ConcreteID CUSTOM = SC6tzh9a37b3049781210 AbstractID CUSTOM = SA58vzx03703447962096

	ROLE = LeftClickAt
	TARGET =
		WIDGET = WC6pcuad223805616873, WR17v7k2nb1067391859, WT1mzygsk152008856611, WPp3o8pv1e1944084836
		ROLE = UIAMenuItem
		TITLE = Status Bar
		SHAPE = Rect [x:488.0 y:305.0 w:136.0 h:22.0]
		CHILDREN = 0
		PATH = [0, 0, 1]
	DESCRIPTION = Left Click at 'Status Bar'
	TEXT = Compound Action =
		Move mouse to (556.0, 316.0).
		Press Mouse Button BUTTON1
		Release Mouse Button BUTTON1

ExecutedAction [24]: 
 @Action ConcreteID = ACooppsl7f2312840880 AbstractID = AAooppsl7f2312840880
 ConcreteID CUSTOM = ConcreteID CUSTOM not available AbstractID CUSTOM = AAo40gwk80244766184
 @State ConcreteID = SCm12az72c34155628791 AbstractID = SRcasnhi2a62053911351
 ConcreteID CUSTOM = SC1nal8l92c71283621298 AbstractID CUSTOM = SA1lj1qwr2c92496235659

	ROLE = LeftClickAt
	TARGET =
		WIDGET = WC1fqsh0i1c2124881114, WR17v7k2nb1067391859, WT1qe72ijf99311909, WPjboygg183884664251
		ROLE = UIAMenuItem
		TITLE = File
		SHAPE = Rect [x:367.0 y:261.0 w:32.0 h:19.0]
		CHILDREN = 0
		PATH = [0, 3, 0]
	DESCRIPTION = Left Click at 'File'
	TEXT = Compound Action =
		Move mouse to (383.0, 270.5).
		Press Mouse Button BUTTON1
		Release Mouse Button BUTTON1

ExecutedAction [25]: 
 @Action ConcreteID = AC1oa9hia803537955594 AbstractID = AA1oa9hia803537955594
 ConcreteID CUSTOM = ConcreteID CUSTOM not available AbstractID CUSTOM = AA19veryy7f871409719
 @State ConcreteID = SC1vtpltx37b1086659801 AbstractID = SRzg9329359897214890
 ConcreteID CUSTOM = SC7vyume3802483654689 AbstractID CUSTOM = SA1u0292q372910730746

	ROLE = LeftClickAt
	TARGET =
		WIDGET = WC14xs6gq2f3779382685, WR17v7k2nb1067391859, WTts8vz223311468155, WPgc50qw2b1861849647
		ROLE = UIAMenuItem
		TITLE = New Window	Ctrl+Shift+N
		SHAPE = Rect [x:370.0 y:305.0 w:223.0 h:22.0]
		CHILDREN = 0
		PATH = [0, 0, 1]
	DESCRIPTION = Left Click at 'New Window	Ctrl+Shift+N'
	TEXT = Compound Action =
		Move mouse to (481.5, 316.0).
		Press Mouse Button BUTTON1
		Release Mouse Button BUTTON1

ExecutedAction [26]: 
 @Action ConcreteID = AC6f1ajn801901487564 AbstractID = AA6f1ajn801901487564
 ConcreteID CUSTOM = ConcreteID CUSTOM not available AbstractID CUSTOM = AA1rxxaae8034833364
 @State ConcreteID = SC1ie7y7m4923485203098 AbstractID = SRzyy7gz4602033045626
 ConcreteID CUSTOM = SC1oy4p9d49d2648058305 AbstractID CUSTOM = SA1o681fg49e2930495883

	ROLE = LeftClickAt
	TARGET =
		WIDGET = WCdsg5py1c3010804170, WR17v7k2nb1067391859, WT1qeha5gf2005531835, WPk6niro18548921330
		ROLE = UIAMenuItem
		TITLE = View
		SHAPE = Rect [x:485.0 y:261.0 w:39.0 h:19.0]
		CHILDREN = 0
		PATH = [0, 3, 3]
	DESCRIPTION = Left Click at 'View'
	TEXT = Compound Action =
		Move mouse to (504.5, 270.5).
		Press Mouse Button BUTTON1
		Release Mouse Button BUTTON1

ExecutedAction [27]: 
 @Action ConcreteID = AC1g1wxne801675174427 AbstractID = AA1g1wxne801675174427
 ConcreteID CUSTOM = ConcreteID CUSTOM not available AbstractID CUSTOM = AA1rijnsi80946893001
 @State ConcreteID = SC1bl874m4cf2639476996 AbstractID = SR1stf69q49b4194646004
 ConcreteID CUSTOM = SCqkzxja4d61071914432 AbstractID CUSTOM = SA1jvzp0g4da3257056598

	ROLE = LeftClickAt
	TARGET =
		WIDGET = WC3rq8hx1e869414367, WR17v7k2nb1067391859, WTaz2n92112307194186, WPablb9v1a985931869
		ROLE = UIAMenuItem
		TITLE = Format
		SHAPE = Rect [x:433.0 y:261.0 w:52.0 h:19.0]
		CHILDREN = 0
		PATH = [0, 3, 2]
	DESCRIPTION = Left Click at 'Format'
	TEXT = Compound Action =
		Move mouse to (459.0, 270.5).
		Press Mouse Button BUTTON1
		Release Mouse Button BUTTON1

ExecutedAction [28]: 
 @Action ConcreteID = AC6f1ajn801901487564 AbstractID = AA6f1ajn801901487564
 ConcreteID CUSTOM = ConcreteID CUSTOM not available AbstractID CUSTOM = AA1rxxaae8034833364
 @State ConcreteID = SC1ie7y7m4923485203098 AbstractID = SRzyy7gz4602033045626
 ConcreteID CUSTOM = SC1oy4p9d49d2648058305 AbstractID CUSTOM = SA1o681fg49e2930495883

	ROLE = LeftClickAt
	TARGET =
		WIDGET = WC16m2ms51c2145335636, WR17v7k2nb1067391859, WT1qeha5gf2005531835, WP1d09ztv183961380716
		ROLE = UIAMenuItem
		TITLE = View
		SHAPE = Rect [x:485.0 y:261.0 w:39.0 h:19.0]
		CHILDREN = 0
		PATH = [1, 3, 3]
	DESCRIPTION = Left Click at 'View'
	TEXT = Compound Action =
		Move mouse to (504.5, 270.5).
		Press Mouse Button BUTTON1
		Release Mouse Button BUTTON1

ExecutedAction [29]: 
 @Action ConcreteID = AC13a1qx0803894570231 AbstractID = AA13a1qx0803894570231
 ConcreteID CUSTOM = ConcreteID CUSTOM not available AbstractID CUSTOM = AA1eqoh24803012247077
 @State ConcreteID = SC1bl874m4cf2639476996 AbstractID = SR1stf69q49b4194646004
 ConcreteID CUSTOM = SCqkzxja4d61071914432 AbstractID CUSTOM = SA1jvzp0g4da3257056598

	ROLE = LeftClickAt
	TARGET =
		WIDGET = WC1fqsh0i1c2124881114, WR17v7k2nb1067391859, WT1qe72ijf99311909, WPjboygg183884664251
		ROLE = UIAMenuItem
		TITLE = File
		SHAPE = Rect [x:367.0 y:261.0 w:32.0 h:19.0]
		CHILDREN = 0
		PATH = [0, 3, 0]
	DESCRIPTION = Left Click at 'File'
	TEXT = Compound Action =
		Move mouse to (383.0, 270.5).
		Press Mouse Button BUTTON1
		Release Mouse Button BUTTON1

ExecutedAction [30]: 
 @Action ConcreteID = AC6f1ajn801901487564 AbstractID = AA6f1ajn801901487564
 ConcreteID CUSTOM = ConcreteID CUSTOM not available AbstractID CUSTOM = AA1rxxaae8034833364
 @State ConcreteID = SC1ie7y7m4923485203098 AbstractID = SRzyy7gz4602033045626
 ConcreteID CUSTOM = SC1oy4p9d49d2648058305 AbstractID CUSTOM = SA1o681fg49e2930495883

	ROLE = LeftClickAt
	TARGET =
		WIDGET = WCdsg5py1c3010804170, WR17v7k2nb1067391859, WT1qeha5gf2005531835, WPk6niro18548921330
		ROLE = UIAMenuItem
		TITLE = View
		SHAPE = Rect [x:485.0 y:261.0 w:39.0 h:19.0]
		CHILDREN = 0
		PATH = [0, 3, 3]
	DESCRIPTION = Left Click at 'View'
	TEXT = Compound Action =
		Move mouse to (504.5, 270.5).
		Press Mouse Button BUTTON1
		Release Mouse Button BUTTON1

ExecutedAction [31]: 
 @Action ConcreteID = AC1g1wxne801675174427 AbstractID = AA1g1wxne801675174427
 ConcreteID CUSTOM = ConcreteID CUSTOM not available AbstractID CUSTOM = AA1rijnsi80946893001
 @State ConcreteID = SC1bl874m4cf2639476996 AbstractID = SR1stf69q49b4194646004
 ConcreteID CUSTOM = SCqkzxja4d61071914432 AbstractID CUSTOM = SA1jvzp0g4da3257056598

	ROLE = LeftClickAt
	TARGET =
		WIDGET = WC3rq8hx1e869414367, WR17v7k2nb1067391859, WTaz2n92112307194186, WPablb9v1a985931869
		ROLE = UIAMenuItem
		TITLE = Format
		SHAPE = Rect [x:433.0 y:261.0 w:52.0 h:19.0]
		CHILDREN = 0
		PATH = [0, 3, 2]
	DESCRIPTION = Left Click at 'Format'
	TEXT = Compound Action =
		Move mouse to (459.0, 270.5).
		Press Mouse Button BUTTON1
		Release Mouse Button BUTTON1

ExecutedAction [32]: 
 @Action ConcreteID = AC1riae7n80990722440 AbstractID = AA1riae7n80990722440
 ConcreteID CUSTOM = ConcreteID CUSTOM not available AbstractID CUSTOM = AA1e02bza801212735376
 @State ConcreteID = SC1ie7y7m4923485203098 AbstractID = SRzyy7gz4602033045626
 ConcreteID CUSTOM = SC1oy4p9d49d2648058305 AbstractID CUSTOM = SA1o681fg49e2930495883

	ROLE = LeftClickAt
	TARGET =
		WIDGET = WC1fqsh0i1c2124881114, WR17v7k2nb1067391859, WT1qe72ijf99311909, WPjboygg183884664251
		ROLE = UIAMenuItem
		TITLE = File
		SHAPE = Rect [x:367.0 y:261.0 w:32.0 h:19.0]
		CHILDREN = 0
		PATH = [0, 3, 0]
	DESCRIPTION = Left Click at 'File'
	TEXT = Compound Action =
		Move mouse to (383.0, 270.5).
		Press Mouse Button BUTTON1
		Release Mouse Button BUTTON1

ExecutedAction [33]: 
 @Action ConcreteID = AC6a6exr80881935263 AbstractID = AA6a6exr80881935263
 ConcreteID CUSTOM = ConcreteID CUSTOM not available AbstractID CUSTOM = AA1wwnqan804069681530
 @State ConcreteID = SC14n9y4v5473522273235 AbstractID = SR13frac25133139796978
 ConcreteID CUSTOM = SC1m4de2w5501358120033 AbstractID CUSTOM = SA17phkf154f3288572216

	ROLE = LeftClickAt
	TARGET =
		WIDGET = WCbmjtb722459325222, WR17v7k2nb1067391859, WT1otgxiu151058087525, WP7oan751e1894693024
		ROLE = UIAMenuItem
		TITLE = New	Ctrl+N
		SHAPE = Rect [x:370.0 y:283.0 w:223.0 h:22.0]
		CHILDREN = 0
		PATH = [1, 0, 0]
	DESCRIPTION = Left Click at 'New	Ctrl+N'
	TEXT = Compound Action =
		Move mouse to (481.5, 294.0).
		Press Mouse Button BUTTON1
		Release Mouse Button BUTTON1

ExecutedAction [34]: 
 @Action ConcreteID = AC591iyx802968942436 AbstractID = AA591iyx802968942436
 ConcreteID CUSTOM = ConcreteID CUSTOM not available AbstractID CUSTOM = AA1qrxipo803283325308
 @State ConcreteID = SC1ie7y7m4923485203098 AbstractID = SRzyy7gz4602033045626
 ConcreteID CUSTOM = SC1oy4p9d49d2648058305 AbstractID CUSTOM = SA1o681fg49e2930495883

	ROLE = LeftClickAt
	TARGET =
		WIDGET = WC3rq8hx1e869414367, WR17v7k2nb1067391859, WTaz2n92112307194186, WPablb9v1a985931869
		ROLE = UIAMenuItem
		TITLE = Format
		SHAPE = Rect [x:433.0 y:261.0 w:52.0 h:19.0]
		CHILDREN = 0
		PATH = [0, 3, 2]
	DESCRIPTION = Left Click at 'Format'
	TEXT = Compound Action =
		Move mouse to (459.0, 270.5).
		Press Mouse Button BUTTON1
		Release Mouse Button BUTTON1

ExecutedAction [35]: 
 @Action ConcreteID = AC1fewrma12a2482097834 AbstractID = AA125wuvvd4204256701
 ConcreteID CUSTOM = ConcreteID CUSTOM not available AbstractID CUSTOM = AA1fs3bk2d52125732185
 @State ConcreteID = SC991eds4d11938696833 AbstractID = SR1stf69q49b4194646004
 ConcreteID CUSTOM = SCwit7cx4d81061001153 AbstractID CUSTOM = SA1jvzp0g4da3257056598

	ROLE = ClickTypeInto
	TARGET =
		WIDGET = WCh9rmbw1c1979157806, WR4n0dlj72701565195, WTei4yvd121088706799, WP1p79f7i182977098622
		ROLE = UIAEdit
		TITLE = Text Editor
		SHAPE = Rect [x:367.0 y:281.0 w:847.0 h:557.0]
		CHILDREN = 1
		PATH = [0, 1]
	DESCRIPTION = Type '??? ?????...' into 'Text Editor
	TEXT = Compound Action =
		Compound Action =
		Move mouse to (790.5, 559.5).
		Press Mouse Button BUTTON1
		Release Mouse Button BUTTON1
		Press Key 17
		Press Key 65
		Release Key 65
		Release Key 17
		Type text '??? ????? ????? ??? ????? ???? ??? ???? ???'

ExecutedAction [36]: 
 @Action ConcreteID = AC1a8imc9e92549416485 AbstractID = AAqjc55zd41614304900
 ConcreteID CUSTOM = ConcreteID CUSTOM not available AbstractID CUSTOM = AA14vu8urd5414994804
 @State ConcreteID = SC1cdvnix492222255212 AbstractID = SRzyy7gz4602033045626
 ConcreteID CUSTOM = SC1vc7p9g49e4258978604 AbstractID CUSTOM = SA1o681fg49e2930495883

	ROLE = ClickTypeInto
	TARGET =
		WIDGET = WChabewe1c1368167903, WR4n0dlj72701565195, WTei4yvd121088706799, WP1p7t7s0182500457359
		ROLE = UIAEdit
		TITLE = Text Editor
		SHAPE = Rect [x:367.0 y:281.0 w:847.0 h:534.0]
		CHILDREN = 1
		PATH = [1, 0]
	DESCRIPTION = Type '????( º _ º?)' into 'Text Editor
	TEXT = Compound Action =
		Compound Action =
		Move mouse to (790.5, 548.0).
		Press Mouse Button BUTTON1
		Release Mouse Button BUTTON1
		Press Key 17
		Press Key 65
		Release Key 65
		Release Key 17
		Type text '????( º _ º?)'

ExecutedAction [37]: 
 @Action ConcreteID = AC1gxqps27f2286083971 AbstractID = AA1gxqps27f2286083971
 ConcreteID CUSTOM = ConcreteID CUSTOM not available AbstractID CUSTOM = AA1rxxaae8034833364
 @State ConcreteID = SC1w1qgz5492496461152 AbstractID = SRzyy7gz4602033045626
 ConcreteID CUSTOM = SCi0fwea49e3308258749 AbstractID CUSTOM = SA1o681fg49e2930495883

	ROLE = LeftClickAt
	TARGET =
		WIDGET = WCdsg5py1c3010804170, WR17v7k2nb1067391859, WT1qeha5gf2005531835, WPk6niro18548921330
		ROLE = UIAMenuItem
		TITLE = View
		SHAPE = Rect [x:485.0 y:261.0 w:39.0 h:19.0]
		CHILDREN = 0
		PATH = [0, 3, 3]
	DESCRIPTION = Left Click at 'View'
	TEXT = Compound Action =
		Move mouse to (504.5, 270.5).
		Press Mouse Button BUTTON1
		Release Mouse Button BUTTON1

ExecutedAction [38]: 
 @Action ConcreteID = AC8tdij98031869856 AbstractID = AA8tdij98031869856
 ConcreteID CUSTOM = ConcreteID CUSTOM not available AbstractID CUSTOM = AAgwjmk1801922480659
 @State ConcreteID = SC17qmmag4ce3368883779 AbstractID = SR1stf69q49b4194646004
 ConcreteID CUSTOM = SC1s3ebh4d61221906224 AbstractID CUSTOM = SA1jvzp0g4da3257056598

	ROLE = LeftClickAt
	TARGET =
		WIDGET = WC12b45x51c517775489, WR17v7k2nb1067391859, WT1qe89j4f2180189081, WP10d1byf183180104482
		ROLE = UIAMenuItem
		TITLE = Help
		SHAPE = Rect [x:524.0 y:261.0 w:39.0 h:19.0]
		CHILDREN = 0
		PATH = [0, 3, 4]
	DESCRIPTION = Left Click at 'Help'
	TEXT = Compound Action =
		Move mouse to (543.5, 270.5).
		Press Mouse Button BUTTON1
		Release Mouse Button BUTTON1

ExecutedAction [39]: 
 @Action ConcreteID = AC12zvrgy7f3256452039 AbstractID = AA12zvrgy7f3256452039
 ConcreteID CUSTOM = ConcreteID CUSTOM not available AbstractID CUSTOM = AA1e02bza801212735376
 @State ConcreteID = SC1w1qgz5492496461152 AbstractID = SRzyy7gz4602033045626
 ConcreteID CUSTOM = SCi0fwea49e3308258749 AbstractID CUSTOM = SA1o681fg49e2930495883

	ROLE = LeftClickAt
	TARGET =
		WIDGET = WC1fqsh0i1c2124881114, WR17v7k2nb1067391859, WT1qe72ijf99311909, WPjboygg183884664251
		ROLE = UIAMenuItem
		TITLE = File
		SHAPE = Rect [x:367.0 y:261.0 w:32.0 h:19.0]
		CHILDREN = 0
		PATH = [0, 3, 0]
	DESCRIPTION = Left Click at 'File'
	TEXT = Compound Action =
		Move mouse to (383.0, 270.5).
		Press Mouse Button BUTTON1
		Release Mouse Button BUTTON1

ExecutedAction [40]: 
 @Action ConcreteID = AC1ozw274801240085243 AbstractID = AA1ozw274801240085243
 ConcreteID CUSTOM = ConcreteID CUSTOM not available AbstractID CUSTOM = AA1dnji1y801758468936
 @State ConcreteID = SC191uh5d5464060492800 AbstractID = SR13frac25133139796978
 ConcreteID CUSTOM = SC1qsv37f550328596967 AbstractID CUSTOM = SA17phkf154f3288572216

	ROLE = LeftClickAt
	TARGET =
		WIDGET = WC1fqsh0i1c2124881114, WR17v7k2nb1067391859, WT1qe72ijf99311909, WPjboygg183884664251
		ROLE = UIAMenuItem
		TITLE = File
		SHAPE = Rect [x:367.0 y:261.0 w:32.0 h:19.0]
		CHILDREN = 0
		PATH = [0, 3, 0]
	DESCRIPTION = Left Click at 'File'
	TEXT = Compound Action =
		Move mouse to (383.0, 270.5).
		Press Mouse Button BUTTON1
		Release Mouse Button BUTTON1

ExecutedAction [41]: 
 @Action ConcreteID = AC1o9uwvl1e12861689890 AbstractID = AAqvbta6d53796174916
 ConcreteID CUSTOM = ConcreteID CUSTOM not available AbstractID CUSTOM = AAm9bmpkd51331860213
 @State ConcreteID = SC191uh5d5464060492800 AbstractID = SR13frac25133139796978
 ConcreteID CUSTOM = SC1qsv37f550328596967 AbstractID CUSTOM = SA17phkf154f3288572216

	ROLE = ClickTypeInto
	TARGET =
		WIDGET = WCh9rmbw1c1979157806, WR4n0dlj72701565195, WTei4yvd121088706799, WP1p79f7i182977098622
		ROLE = UIAEdit
		TITLE = Text Editor
		SHAPE = Rect [x:367.0 y:281.0 w:847.0 h:557.0]
		CHILDREN = 1
		PATH = [0, 1]
	DESCRIPTION = Type '­???????????????...' into 'Text Editor
	TEXT = Compound Action =
		Compound Action =
		Move mouse to (790.5, 559.5).
		Press Mouse Button BUTTON1
		Release Mouse Button BUTTON1
		Press Key 17
		Press Key 65
		Release Key 65
		Release Key 17
		Type text '­?????????????????????????????????????????????????????????????????????????????????????????????????????????????????????????????????????????????????????'

ExecutedAction [42]: 
 @Action ConcreteID = AC8q86xj7e3987297281 AbstractID = AA8q86xj7e3987297281
 ConcreteID CUSTOM = ConcreteID CUSTOM not available AbstractID CUSTOM = AA1qrxipo803283325308
 @State ConcreteID = SCcy3exg493174306682 AbstractID = SRzyy7gz4602033045626
 ConcreteID CUSTOM = SCs0wyn49e2285068922 AbstractID CUSTOM = SA1o681fg49e2930495883

	ROLE = LeftClickAt
	TARGET =
		WIDGET = WC3rq8hx1e869414367, WR17v7k2nb1067391859, WTaz2n92112307194186, WPablb9v1a985931869
		ROLE = UIAMenuItem
		TITLE = Format
		SHAPE = Rect [x:433.0 y:261.0 w:52.0 h:19.0]
		CHILDREN = 0
		PATH = [0, 3, 2]
	DESCRIPTION = Left Click at 'Format'
	TEXT = Compound Action =
		Move mouse to (459.0, 270.5).
		Press Mouse Button BUTTON1
		Release Mouse Button BUTTON1

ExecutedAction [43]: 
 @Action ConcreteID = AC1k7ln4q803123887898 AbstractID = AA1k7ln4q803123887898
 ConcreteID CUSTOM = ConcreteID CUSTOM not available AbstractID CUSTOM = AA1c61pox80362045728
 @State ConcreteID = SC1vknqg64d13235490300 AbstractID = SR1stf69q49b4194646004
 ConcreteID CUSTOM = SCmrpwvd4d81666829573 AbstractID CUSTOM = SA1jvzp0g4da3257056598

	ROLE = LeftClickAt
	TARGET =
		WIDGET = WCdfgprn1c4116076503, WR17v7k2nb1067391859, WT1qe6brdf138512687, WP1hwpd4x181691246414
		ROLE = UIAMenuItem
		TITLE = Edit
		SHAPE = Rect [x:399.0 y:261.0 w:34.0 h:19.0]
		CHILDREN = 0
		PATH = [0, 3, 1]
	DESCRIPTION = Left Click at 'Edit'
	TEXT = Compound Action =
		Move mouse to (416.0, 270.5).
		Press Mouse Button BUTTON1
		Release Mouse Button BUTTON1

ExecutedAction [44]: 
 @Action ConcreteID = AC8q86xj7e3987297281 AbstractID = AA8q86xj7e3987297281
 ConcreteID CUSTOM = ConcreteID CUSTOM not available AbstractID CUSTOM = AA1qrxipo803283325308
 @State ConcreteID = SCcy3exg493174306682 AbstractID = SRzyy7gz4602033045626
 ConcreteID CUSTOM = SCs0wyn49e2285068922 AbstractID CUSTOM = SA1o681fg49e2930495883

	ROLE = LeftClickAt
	TARGET =
		WIDGET = WCwlcpk41e4286068033, WR17v7k2nb1067391859, WTaz2n92112307194186, WP1357sc21a4134412483
		ROLE = UIAMenuItem
		TITLE = Format
		SHAPE = Rect [x:433.0 y:261.0 w:52.0 h:19.0]
		CHILDREN = 0
		PATH = [1, 3, 2]
	DESCRIPTION = Left Click at 'Format'
	TEXT = Compound Action =
		Move mouse to (459.0, 270.5).
		Press Mouse Button BUTTON1
		Release Mouse Button BUTTON1

ExecutedAction [45]: 
 @Action ConcreteID = AC1k7ln4q803123887898 AbstractID = AA1k7ln4q803123887898
 ConcreteID CUSTOM = ConcreteID CUSTOM not available AbstractID CUSTOM = AA1c61pox80362045728
 @State ConcreteID = SC1vknqg64d13235490300 AbstractID = SR1stf69q49b4194646004
 ConcreteID CUSTOM = SCmrpwvd4d81666829573 AbstractID CUSTOM = SA1jvzp0g4da3257056598

	ROLE = LeftClickAt
	TARGET =
		WIDGET = WCdfgprn1c4116076503, WR17v7k2nb1067391859, WT1qe6brdf138512687, WP1hwpd4x181691246414
		ROLE = UIAMenuItem
		TITLE = Edit
		SHAPE = Rect [x:399.0 y:261.0 w:34.0 h:19.0]
		CHILDREN = 0
		PATH = [0, 3, 1]
	DESCRIPTION = Left Click at 'Edit'
	TEXT = Compound Action =
		Move mouse to (416.0, 270.5).
		Press Mouse Button BUTTON1
		Release Mouse Button BUTTON1

ExecutedAction [46]: 
 @Action ConcreteID = ACx5c7o67e2807013083 AbstractID = AAx5c7o67e2807013083
 ConcreteID CUSTOM = ConcreteID CUSTOM not available AbstractID CUSTOM = AAg5xhh7802304072614
 @State ConcreteID = SCcy3exg493174306682 AbstractID = SRzyy7gz4602033045626
 ConcreteID CUSTOM = SCs0wyn49e2285068922 AbstractID CUSTOM = SA1o681fg49e2930495883

	ROLE = LeftClickAt
	TARGET =
		WIDGET = WC1v4qmzc1c3530989599, WR17v7k2nb1067391859, WT1qe89j4f2180189081, WP1t6nt0m181898351548
		ROLE = UIAMenuItem
		TITLE = Help
		SHAPE = Rect [x:524.0 y:261.0 w:39.0 h:19.0]
		CHILDREN = 0
		PATH = [1, 3, 4]
	DESCRIPTION = Left Click at 'Help'
	TEXT = Compound Action =
		Move mouse to (543.5, 270.5).
		Press Mouse Button BUTTON1
		Release Mouse Button BUTTON1

ExecutedAction [47]: 
 @Action ConcreteID = ACc9si3f7f3427855189 AbstractID = AAc9si3f7f3427855189
 ConcreteID CUSTOM = ConcreteID CUSTOM not available AbstractID CUSTOM = AAn88zzy802914021622
 @State ConcreteID = SCogunc94e63183375354 AbstractID = SR1qjuu3w4af2624778628
 ConcreteID CUSTOM = SC8tutn84e93183138132 AbstractID CUSTOM = SA19i9bjh4ed3859425918

	ROLE = LeftClickAt
	TARGET =
		WIDGET = WCdsg5py1c3010804170, WR17v7k2nb1067391859, WT1qeha5gf2005531835, WPk6niro18548921330
		ROLE = UIAMenuItem
		TITLE = View
		SHAPE = Rect [x:485.0 y:261.0 w:39.0 h:19.0]
		CHILDREN = 0
		PATH = [0, 3, 3]
	DESCRIPTION = Left Click at 'View'
	TEXT = Compound Action =
		Move mouse to (504.5, 270.5).
		Press Mouse Button BUTTON1
		Release Mouse Button BUTTON1

ExecutedAction [48]: 
 @Action ConcreteID = AC8q86xj7e3987297281 AbstractID = AA8q86xj7e3987297281
 ConcreteID CUSTOM = ConcreteID CUSTOM not available AbstractID CUSTOM = AA1qrxipo803283325308
 @State ConcreteID = SCcy3exg493174306682 AbstractID = SRzyy7gz4602033045626
 ConcreteID CUSTOM = SCs0wyn49e2285068922 AbstractID CUSTOM = SA1o681fg49e2930495883

	ROLE = LeftClickAt
	TARGET =
		WIDGET = WC3rq8hx1e869414367, WR17v7k2nb1067391859, WTaz2n92112307194186, WPablb9v1a985931869
		ROLE = UIAMenuItem
		TITLE = Format
		SHAPE = Rect [x:433.0 y:261.0 w:52.0 h:19.0]
		CHILDREN = 0
		PATH = [0, 3, 2]
	DESCRIPTION = Left Click at 'Format'
	TEXT = Compound Action =
		Move mouse to (459.0, 270.5).
		Press Mouse Button BUTTON1
		Release Mouse Button BUTTON1

ExecutedAction [49]: 
 @Action ConcreteID = ACoy3jzu803710936105 AbstractID = AAoy3jzu803710936105
 ConcreteID CUSTOM = ConcreteID CUSTOM not available AbstractID CUSTOM = AAgwjmk1801922480659
 @State ConcreteID = SC1vknqg64d13235490300 AbstractID = SR1stf69q49b4194646004
 ConcreteID CUSTOM = SCmrpwvd4d81666829573 AbstractID CUSTOM = SA1jvzp0g4da3257056598

	ROLE = LeftClickAt
	TARGET =
		WIDGET = WC12b45x51c517775489, WR17v7k2nb1067391859, WT1qe89j4f2180189081, WP10d1byf183180104482
		ROLE = UIAMenuItem
		TITLE = Help
		SHAPE = Rect [x:524.0 y:261.0 w:39.0 h:19.0]
		CHILDREN = 0
		PATH = [0, 3, 4]
	DESCRIPTION = Left Click at 'Help'
	TEXT = Compound Action =
		Move mouse to (543.5, 270.5).
		Press Mouse Button BUTTON1
		Release Mouse Button BUTTON1

ExecutedAction [50]: 
 @Action ConcreteID = AC8q86xj7e3987297281 AbstractID = AA8q86xj7e3987297281
 ConcreteID CUSTOM = ConcreteID CUSTOM not available AbstractID CUSTOM = AA1qrxipo803283325308
 @State ConcreteID = SCcy3exg493174306682 AbstractID = SRzyy7gz4602033045626
 ConcreteID CUSTOM = SCs0wyn49e2285068922 AbstractID CUSTOM = SA1o681fg49e2930495883

	ROLE = LeftClickAt
	TARGET =
		WIDGET = WCwlcpk41e4286068033, WR17v7k2nb1067391859, WTaz2n92112307194186, WP1357sc21a4134412483
		ROLE = UIAMenuItem
		TITLE = Format
		SHAPE = Rect [x:433.0 y:261.0 w:52.0 h:19.0]
		CHILDREN = 0
		PATH = [1, 3, 2]
	DESCRIPTION = Left Click at 'Format'
	TEXT = Compound Action =
		Move mouse to (459.0, 270.5).
		Press Mouse Button BUTTON1
		Release Mouse Button BUTTON1

ExecutedAction [51]: 
 @Action ConcreteID = AClmr8z802590058151 AbstractID = AAlmr8z802590058151
 ConcreteID CUSTOM = ConcreteID CUSTOM not available AbstractID CUSTOM = AA1rl6vsa80902297757
 @State ConcreteID = SC1vknqg64d13235490300 AbstractID = SR1stf69q49b4194646004
 ConcreteID CUSTOM = SCmrpwvd4d81666829573 AbstractID CUSTOM = SA1jvzp0g4da3257056598

	ROLE = LeftClickAt
	TARGET =
		WIDGET = WCnwxspk211003987001, WR17v7k2nb1067391859, WTxuhgyp144189972595, WP7eioyu1d65575959
		ROLE = UIAMenuItem
		TITLE = Word Wrap
		SHAPE = Rect [x:436.0 y:283.0 w:144.0 h:22.0]
		CHILDREN = 0
		PATH = [1, 0, 0]
	DESCRIPTION = Left Click at 'Word Wrap'
	TEXT = Compound Action =
		Move mouse to (508.0, 294.0).
		Press Mouse Button BUTTON1
		Release Mouse Button BUTTON1

ExecutedAction [52]: 
 @Action ConcreteID = ACzv51w17f1942390708 AbstractID = AAzv51w17f1942390708
 ConcreteID CUSTOM = ConcreteID CUSTOM not available AbstractID CUSTOM = AAf1ri0f802868335467
 @State ConcreteID = SCgxj6du50f3957330256 AbstractID = SRppl8tq4d52487823207
 ConcreteID CUSTOM = SC1hiqhau5183345331373 AbstractID CUSTOM = SA1eapw7w5162323337502

	ROLE = LeftClickAt
	TARGET =
		WIDGET = WC3rq8hx1e869414367, WR17v7k2nb1067391859, WTaz2n92112307194186, WPablb9v1a985931869
		ROLE = UIAMenuItem
		TITLE = Format
		SHAPE = Rect [x:433.0 y:261.0 w:52.0 h:19.0]
		CHILDREN = 0
		PATH = [0, 3, 2]
	DESCRIPTION = Left Click at 'Format'
	TEXT = Compound Action =
		Move mouse to (459.0, 270.5).
		Press Mouse Button BUTTON1
		Release Mouse Button BUTTON1

ExecutedAction [53]: 
 @Action ConcreteID = ACremlz07f1119830973 AbstractID = AAremlz07f1119830973
 ConcreteID CUSTOM = ConcreteID CUSTOM not available AbstractID CUSTOM = AA1es8qfg802663232058
 @State ConcreteID = SC1nu673z547488946168 AbstractID = SR15mr3c3510235287888
 ConcreteID CUSTOM = SC18eaqyl54f3930064903 AbstractID CUSTOM = SA1dg0oq95541818235377

	ROLE = LeftClickAt
	TARGET =
		WIDGET = WC169mzf71c2346486617, WR17v7k2nb1067391859, WT1qe6brdf138512687, WPbprktd18440697792
		ROLE = UIAMenuItem
		TITLE = Edit
		SHAPE = Rect [x:399.0 y:261.0 w:34.0 h:19.0]
		CHILDREN = 0
		PATH = [1, 4, 1]
	DESCRIPTION = Left Click at 'Edit'
	TEXT = Compound Action =
		Move mouse to (416.0, 270.5).
		Press Mouse Button BUTTON1
		Release Mouse Button BUTTON1

ExecutedAction [54]: 
 @Action ConcreteID = ACzv51w17f1942390708 AbstractID = AAzv51w17f1942390708
 ConcreteID CUSTOM = ConcreteID CUSTOM not available AbstractID CUSTOM = AAf1ri0f802868335467
 @State ConcreteID = SCgxj6du50f3957330256 AbstractID = SRppl8tq4d52487823207
 ConcreteID CUSTOM = SC1hiqhau5183345331373 AbstractID CUSTOM = SA1eapw7w5162323337502

	ROLE = LeftClickAt
	TARGET =
		WIDGET = WC3rq8hx1e869414367, WR17v7k2nb1067391859, WTaz2n92112307194186, WPablb9v1a985931869
		ROLE = UIAMenuItem
		TITLE = Format
		SHAPE = Rect [x:433.0 y:261.0 w:52.0 h:19.0]
		CHILDREN = 0
		PATH = [0, 3, 2]
	DESCRIPTION = Left Click at 'Format'
	TEXT = Compound Action =
		Move mouse to (459.0, 270.5).
		Press Mouse Button BUTTON1
		Release Mouse Button BUTTON1

ExecutedAction [55]: 
 @Action ConcreteID = ACtz9dc77f3835698360 AbstractID = AAtz9dc77f3835698360
 ConcreteID CUSTOM = ConcreteID CUSTOM not available AbstractID CUSTOM = AA1hcvhsn80950201663
 @State ConcreteID = SC1nu673z547488946168 AbstractID = SR15mr3c3510235287888
 ConcreteID CUSTOM = SC18eaqyl54f3930064903 AbstractID CUSTOM = SA1dg0oq95541818235377

	ROLE = LeftClickAt
	TARGET =
		WIDGET = WC9juooy1c2998356, WR17v7k2nb1067391859, WT1qe72ijf99311909, WP1c5v840182567018805
		ROLE = UIAMenuItem
		TITLE = File
		SHAPE = Rect [x:367.0 y:261.0 w:32.0 h:19.0]
		CHILDREN = 0
		PATH = [1, 4, 0]
	DESCRIPTION = Left Click at 'File'
	TEXT = Compound Action =
		Move mouse to (383.0, 270.5).
		Press Mouse Button BUTTON1
		Release Mouse Button BUTTON1

ExecutedAction [56]: 
 @Action ConcreteID = AC1114tgr7f2993067292 AbstractID = AA1114tgr7f2993067292
 ConcreteID CUSTOM = ConcreteID CUSTOM not available AbstractID CUSTOM = AAg7r9l5801800880579
 @State ConcreteID = SCgxj6du50f3957330256 AbstractID = SRppl8tq4d52487823207
 ConcreteID CUSTOM = SC1hiqhau5183345331373 AbstractID CUSTOM = SA1eapw7w5162323337502

	ROLE = LeftClickAt
	TARGET =
		WIDGET = WC16m2ms51c2145335636, WR17v7k2nb1067391859, WT1qeha5gf2005531835, WP1d09ztv183961380716
		ROLE = UIAMenuItem
		TITLE = View
		SHAPE = Rect [x:485.0 y:261.0 w:39.0 h:19.0]
		CHILDREN = 0
		PATH = [1, 3, 3]
	DESCRIPTION = Left Click at 'View'
	TEXT = Compound Action =
		Move mouse to (504.5, 270.5).
		Press Mouse Button BUTTON1
		Release Mouse Button BUTTON1

ExecutedAction [57]: 
 @Action ConcreteID = AC50fhp9f1536157189 AbstractID = AA50fhp9f1536157189
 ConcreteID CUSTOM = ConcreteID CUSTOM not available AbstractID CUSTOM = AAdpuhrca02683801052
 @State ConcreteID = SC1d0wlx5453686738103 AbstractID = SR15mr3c3510235287888
 ConcreteID CUSTOM = SC1dn57te54d3281050029 AbstractID CUSTOM = SA1dg0oq95541818235377

	ROLE = LeftDrag
	DESCRIPTION = Drag (411.0, 807.0) To (596.75, 807.0)
	TEXT = Compound Action =
		Move mouse to (411.0, 807.0).
		Press Mouse Button BUTTON1
		Move mouse to (596.75, 807.0).
		Release Mouse Button BUTTON1

ExecutedAction [58]: 
 @Action ConcreteID = AC1iqudrhaa2329256974 AbstractID = AA1iqudrhaa2329256974
 ConcreteID CUSTOM = ConcreteID CUSTOM not available AbstractID CUSTOM = AAn4zp06aa793056211
 @State ConcreteID = SCqr8dka5244212651151 AbstractID = SR1kkvz5x4e92954647153
 ConcreteID CUSTOM = SC1nnycua52b2513347064 AbstractID CUSTOM = SA77tr4p52b2283417975

	ROLE = LeftDrag
	DESCRIPTION = Drag (646.1026119402985, 807.0) To (403.0, 807.0)
	TEXT = Compound Action =
		Move mouse to (646.1026119402985, 807.0).
		Press Mouse Button BUTTON1
		Move mouse to (403.0, 807.0).
		Release Mouse Button BUTTON1

ExecutedAction [59]: 
 @Action ConcreteID = ACzv51w17f1942390708 AbstractID = AAzv51w17f1942390708
 ConcreteID CUSTOM = ConcreteID CUSTOM not available AbstractID CUSTOM = AAf1ri0f802868335467
 @State ConcreteID = SCgxj6du50f3957330256 AbstractID = SRppl8tq4d52487823207
 ConcreteID CUSTOM = SC1hiqhau5183345331373 AbstractID CUSTOM = SA1eapw7w5162323337502

	ROLE = LeftClickAt
	TARGET =
		WIDGET = WC3rq8hx1e869414367, WR17v7k2nb1067391859, WTaz2n92112307194186, WPablb9v1a985931869
		ROLE = UIAMenuItem
		TITLE = Format
		SHAPE = Rect [x:433.0 y:261.0 w:52.0 h:19.0]
		CHILDREN = 0
		PATH = [0, 3, 2]
	DESCRIPTION = Left Click at 'Format'
	TEXT = Compound Action =
		Move mouse to (459.0, 270.5).
		Press Mouse Button BUTTON1
		Release Mouse Button BUTTON1

ExecutedAction [60]: 
 @Action ConcreteID = ACm2h34n7f1293612443 AbstractID = AAm2h34n7f1293612443
 ConcreteID CUSTOM = ConcreteID CUSTOM not available AbstractID CUSTOM = AA19g37l3802434270236
 @State ConcreteID = SC1nu673z547488946168 AbstractID = SR15mr3c3510235287888
 ConcreteID CUSTOM = SC18eaqyl54f3930064903 AbstractID CUSTOM = SA1dg0oq95541818235377

	ROLE = LeftClickAt
	TARGET =
		WIDGET = WC19d16nx232192355456, WR16s6p21c140494670, WTddzkv1164284674305, WP1o7eo231f1447079892
		ROLE = UIAScrollBar
		TITLE = Horizontal
		SHAPE = Rect [x:367.0 y:798.0 w:830.0 h:17.0]
		CHILDREN = 4
		PATH = [1, 2, 1]
	DESCRIPTION = Left Click at 'Horizontal'
	TEXT = Compound Action =
		Move mouse to (782.0, 806.5).
		Press Mouse Button BUTTON1
		Release Mouse Button BUTTON1

ExecutedAction [61]: 
 @Action ConcreteID = ACi7rv1y7f156364632 AbstractID = AAi7rv1y7f156364632
 ConcreteID CUSTOM = ConcreteID CUSTOM not available AbstractID CUSTOM = AA1ds7s6l7f2879102399
 @State ConcreteID = SCqr8dka5244212651151 AbstractID = SR1kkvz5x4e92954647153
 ConcreteID CUSTOM = SC1nnycua52b2513347064 AbstractID CUSTOM = SA77tr4p52b2283417975

	ROLE = LeftClickAt
	TARGET =
		WIDGET = WC12b45x51c517775489, WR17v7k2nb1067391859, WT1qe89j4f2180189081, WP10d1byf183180104482
		ROLE = UIAMenuItem
		TITLE = Help
		SHAPE = Rect [x:524.0 y:261.0 w:39.0 h:19.0]
		CHILDREN = 0
		PATH = [0, 3, 4]
	DESCRIPTION = Left Click at 'Help'
	TEXT = Compound Action =
		Move mouse to (543.5, 270.5).
		Press Mouse Button BUTTON1
		Release Mouse Button BUTTON1

ExecutedAction [62]: 
 @Action ConcreteID = AC168ya4d7f4059695747 AbstractID = AA168ya4d7f4059695747
 ConcreteID CUSTOM = ConcreteID CUSTOM not available AbstractID CUSTOM = AAhgae5s7f2062185168
 @State ConcreteID = SCixshws5712999553970 AbstractID = SR1i68ymk5381884272774
 ConcreteID CUSTOM = SC1yabble5722668621973 AbstractID CUSTOM = SA16dxk7857c850663455

	ROLE = LeftClickAt
	TARGET =
		WIDGET = WC169mzf71c2346486617, WR17v7k2nb1067391859, WT1qe6brdf138512687, WPbprktd18440697792
		ROLE = UIAMenuItem
		TITLE = Edit
		SHAPE = Rect [x:399.0 y:261.0 w:34.0 h:19.0]
		CHILDREN = 0
		PATH = [1, 4, 1]
	DESCRIPTION = Left Click at 'Edit'
	TEXT = Compound Action =
		Move mouse to (416.0, 270.5).
		Press Mouse Button BUTTON1
		Release Mouse Button BUTTON1

ExecutedAction [63]: 
 @Action ConcreteID = AC1g1wpk17f3360451438 AbstractID = AA1g1wpk17f3360451438
 ConcreteID CUSTOM = ConcreteID CUSTOM not available AbstractID CUSTOM = AAcl8kpk7f1787173257
 @State ConcreteID = SCqr8dka5244212651151 AbstractID = SR1kkvz5x4e92954647153
 ConcreteID CUSTOM = SC1nnycua52b2513347064 AbstractID CUSTOM = SA77tr4p52b2283417975

	ROLE = LeftClickAt
	TARGET =
		WIDGET = WC1fqsh0i1c2124881114, WR17v7k2nb1067391859, WT1qe72ijf99311909, WPjboygg183884664251
		ROLE = UIAMenuItem
		TITLE = File
		SHAPE = Rect [x:367.0 y:261.0 w:32.0 h:19.0]
		CHILDREN = 0
		PATH = [0, 3, 0]
	DESCRIPTION = Left Click at 'File'
	TEXT = Compound Action =
		Move mouse to (383.0, 270.5).
		Press Mouse Button BUTTON1
		Release Mouse Button BUTTON1

ExecutedAction [64]: 
 @Action ConcreteID = AC12jlaji7f1057423827 AbstractID = AA12jlaji7f1057423827
 ConcreteID CUSTOM = ConcreteID CUSTOM not available AbstractID CUSTOM = AA54a1dl802050810224
 @State ConcreteID = SCdlo2z25d21329080430 AbstractID = SR1fd2xgm59c3553781056
 ConcreteID CUSTOM = SC1k5e66w5d93947151707 AbstractID CUSTOM = SA1j58xlg5de2428081166

	ROLE = LeftClickAt
	TARGET =
		WIDGET = WCbmjtb722459325222, WR17v7k2nb1067391859, WT1otgxiu151058087525, WP7oan751e1894693024
		ROLE = UIAMenuItem
		TITLE = New	Ctrl+N
		SHAPE = Rect [x:370.0 y:283.0 w:223.0 h:22.0]
		CHILDREN = 0
		PATH = [1, 0, 0]
	DESCRIPTION = Left Click at 'New	Ctrl+N'
	TEXT = Compound Action =
		Move mouse to (481.5, 294.0).
		Press Mouse Button BUTTON1
		Release Mouse Button BUTTON1

ExecutedAction [65]: 
 @Action ConcreteID = ACiv7b95802755670198 AbstractID = AAiv7b95802755670198
 ConcreteID CUSTOM = ConcreteID CUSTOM not available AbstractID CUSTOM = AA7ve06g803498404655
 @State ConcreteID = SC1msik2a5ab1039954676 AbstractID = SRcu4dt0571810402479
 ConcreteID CUSTOM = SCawocsr5ae3435948982 AbstractID CUSTOM = SA1cual2z5be2453975677

	ROLE = LeftClickAt
	TARGET =
		WIDGET = WC3rq8hx1e869414367, WR17v7k2nb1067391859, WTaz2n92112307194186, WPablb9v1a985931869
		ROLE = UIAMenuItem
		TITLE = Format
		SHAPE = Rect [x:433.0 y:261.0 w:52.0 h:19.0]
		CHILDREN = 0
		PATH = [0, 3, 2]
	DESCRIPTION = Left Click at 'Format'
	TEXT = Compound Action =
		Move mouse to (459.0, 270.5).
		Press Mouse Button BUTTON1
		Release Mouse Button BUTTON1

ExecutedAction [66]: 
 @Action ConcreteID = AC1vk6ld1813764882345 AbstractID = AA1vk6ld1813764882345
 ConcreteID CUSTOM = ConcreteID CUSTOM not available AbstractID CUSTOM = AAaue9xy811774216466
 @State ConcreteID = SC1msik2a5ab1039954676 AbstractID = SRcu4dt0571810402479
 ConcreteID CUSTOM = SCawocsr5ae3435948982 AbstractID CUSTOM = SA1cual2z5be2453975677

	ROLE = LeftClickAt
	TARGET =
		WIDGET = WCk3zl331b1069322374, WR1h6ibpb92248851252, WTzj707vb935461581, WPymgupd171523839437
		ROLE = UIAButton
		TITLE = OK
		SHAPE = Rect [x:994.0 y:650.0 w:75.0 h:23.0]
		CHILDREN = 0
		PATH = [0, 0, 0, 0]
	DESCRIPTION = Left Click at 'OK'
	TEXT = Compound Action =
		Move mouse to (1031.5, 661.5).
		Press Mouse Button BUTTON1
		Release Mouse Button BUTTON1

ExecutedAction [67]: 
 @Action ConcreteID = ACk172tv801709187614 AbstractID = AAk172tv801709187614
 ConcreteID CUSTOM = ConcreteID CUSTOM not available AbstractID CUSTOM = AA91drr680287668615
 @State ConcreteID = SC1msik2a5ab1039954676 AbstractID = SRcu4dt0571810402479
 ConcreteID CUSTOM = SCawocsr5ae3435948982 AbstractID CUSTOM = SA1cual2z5be2453975677

	ROLE = LeftClickAt
	TARGET =
		WIDGET = WCdsg5py1c3010804170, WR17v7k2nb1067391859, WT1qeha5gf2005531835, WPk6niro18548921330
		ROLE = UIAMenuItem
		TITLE = View
		SHAPE = Rect [x:485.0 y:261.0 w:39.0 h:19.0]
		CHILDREN = 0
		PATH = [0, 3, 3]
	DESCRIPTION = Left Click at 'View'
	TEXT = Compound Action =
		Move mouse to (504.5, 270.5).
		Press Mouse Button BUTTON1
		Release Mouse Button BUTTON1

ExecutedAction [68]: 
 @Action ConcreteID = AC1vk6ld1813764882345 AbstractID = AA1vk6ld1813764882345
 ConcreteID CUSTOM = ConcreteID CUSTOM not available AbstractID CUSTOM = AAaue9xy811774216466
 @State ConcreteID = SC1msik2a5ab1039954676 AbstractID = SRcu4dt0571810402479
 ConcreteID CUSTOM = SCawocsr5ae3435948982 AbstractID CUSTOM = SA1cual2z5be2453975677

	ROLE = LeftClickAt
	TARGET =
		WIDGET = WCk3zl331b1069322374, WR1h6ibpb92248851252, WTzj707vb935461581, WPymgupd171523839437
		ROLE = UIAButton
		TITLE = OK
		SHAPE = Rect [x:994.0 y:650.0 w:75.0 h:23.0]
		CHILDREN = 0
		PATH = [0, 0, 0, 0]
	DESCRIPTION = Left Click at 'OK'
	TEXT = Compound Action =
		Move mouse to (1031.5, 661.5).
		Press Mouse Button BUTTON1
		Release Mouse Button BUTTON1

ExecutedAction [69]: 
 @Action ConcreteID = AC3ipd5k802309235039 AbstractID = AA3ipd5k802309235039
 ConcreteID CUSTOM = ConcreteID CUSTOM not available AbstractID CUSTOM = AA1rk041z804251024070
 @State ConcreteID = SC1msik2a5ab1039954676 AbstractID = SRcu4dt0571810402479
 ConcreteID CUSTOM = SCawocsr5ae3435948982 AbstractID CUSTOM = SA1cual2z5be2453975677

	ROLE = LeftClickAt
	TARGET =
		WIDGET = WCdfgprn1c4116076503, WR17v7k2nb1067391859, WT1qe6brdf138512687, WP1hwpd4x181691246414
		ROLE = UIAMenuItem
		TITLE = Edit
		SHAPE = Rect [x:399.0 y:261.0 w:34.0 h:19.0]
		CHILDREN = 0
		PATH = [0, 3, 1]
	DESCRIPTION = Left Click at 'Edit'
	TEXT = Compound Action =
		Move mouse to (416.0, 270.5).
		Press Mouse Button BUTTON1
		Release Mouse Button BUTTON1

ExecutedAction [70]: 
 @Action ConcreteID = AC63c4ir80800816730 AbstractID = AA63c4ir80800816730
 ConcreteID CUSTOM = ConcreteID CUSTOM not available AbstractID CUSTOM = AA1u4mvf6801534993859
 @State ConcreteID = SC1msik2a5ab1039954676 AbstractID = SRcu4dt0571810402479
 ConcreteID CUSTOM = SCawocsr5ae3435948982 AbstractID CUSTOM = SA1cual2z5be2453975677

	ROLE = LeftClickAt
	TARGET =
		WIDGET = WC1fqsh0i1c2124881114, WR17v7k2nb1067391859, WT1qe72ijf99311909, WPjboygg183884664251
		ROLE = UIAMenuItem
		TITLE = File
		SHAPE = Rect [x:367.0 y:261.0 w:32.0 h:19.0]
		CHILDREN = 0
		PATH = [0, 3, 0]
	DESCRIPTION = Left Click at 'File'
	TEXT = Compound Action =
		Move mouse to (383.0, 270.5).
		Press Mouse Button BUTTON1
		Release Mouse Button BUTTON1

ExecutedAction [71]: 
 @Action ConcreteID = AC63c4ir80800816730 AbstractID = AA63c4ir80800816730
 ConcreteID CUSTOM = ConcreteID CUSTOM not available AbstractID CUSTOM = AA1u4mvf6801534993859
 @State ConcreteID = SC1msik2a5ab1039954676 AbstractID = SRcu4dt0571810402479
 ConcreteID CUSTOM = SCawocsr5ae3435948982 AbstractID CUSTOM = SA1cual2z5be2453975677

	ROLE = LeftClickAt
	TARGET =
		WIDGET = WC1fqsh0i1c2124881114, WR17v7k2nb1067391859, WT1qe72ijf99311909, WPjboygg183884664251
		ROLE = UIAMenuItem
		TITLE = File
		SHAPE = Rect [x:367.0 y:261.0 w:32.0 h:19.0]
		CHILDREN = 0
		PATH = [0, 3, 0]
	DESCRIPTION = Left Click at 'File'
	TEXT = Compound Action =
		Move mouse to (383.0, 270.5).
		Press Mouse Button BUTTON1
		Release Mouse Button BUTTON1

ExecutedAction [72]: 
 @Action ConcreteID = AC17abbzs804003920492 AbstractID = AA17abbzs804003920492
 ConcreteID CUSTOM = ConcreteID CUSTOM not available AbstractID CUSTOM = AAwai0x3802590220789
 @State ConcreteID = SC1msik2a5ab1039954676 AbstractID = SRcu4dt0571810402479
 ConcreteID CUSTOM = SCawocsr5ae3435948982 AbstractID CUSTOM = SA1cual2z5be2453975677

	ROLE = LeftClickAt
	TARGET =
		WIDGET = WC12b45x51c517775489, WR17v7k2nb1067391859, WT1qe89j4f2180189081, WP10d1byf183180104482
		ROLE = UIAMenuItem
		TITLE = Help
		SHAPE = Rect [x:524.0 y:261.0 w:39.0 h:19.0]
		CHILDREN = 0
		PATH = [0, 3, 4]
	DESCRIPTION = Left Click at 'Help'
	TEXT = Compound Action =
		Move mouse to (543.5, 270.5).
		Press Mouse Button BUTTON1
		Release Mouse Button BUTTON1

ExecutedAction [73]: 
 @Action ConcreteID = AC63c4ir80800816730 AbstractID = AA63c4ir80800816730
 ConcreteID CUSTOM = ConcreteID CUSTOM not available AbstractID CUSTOM = AA1u4mvf6801534993859
 @State ConcreteID = SC1msik2a5ab1039954676 AbstractID = SRcu4dt0571810402479
 ConcreteID CUSTOM = SCawocsr5ae3435948982 AbstractID CUSTOM = SA1cual2z5be2453975677

	ROLE = LeftClickAt
	TARGET =
		WIDGET = WC1fqsh0i1c2124881114, WR17v7k2nb1067391859, WT1qe72ijf99311909, WPjboygg183884664251
		ROLE = UIAMenuItem
		TITLE = File
		SHAPE = Rect [x:367.0 y:261.0 w:32.0 h:19.0]
		CHILDREN = 0
		PATH = [0, 3, 0]
	DESCRIPTION = Left Click at 'File'
	TEXT = Compound Action =
		Move mouse to (383.0, 270.5).
		Press Mouse Button BUTTON1
		Release Mouse Button BUTTON1

ExecutedAction [74]: 
 @Action ConcreteID = ACiv7b95802755670198 AbstractID = AAiv7b95802755670198
 ConcreteID CUSTOM = ConcreteID CUSTOM not available AbstractID CUSTOM = AA7ve06g803498404655
 @State ConcreteID = SC1msik2a5ab1039954676 AbstractID = SRcu4dt0571810402479
 ConcreteID CUSTOM = SCawocsr5ae3435948982 AbstractID CUSTOM = SA1cual2z5be2453975677

	ROLE = LeftClickAt
	TARGET =
		WIDGET = WC3rq8hx1e869414367, WR17v7k2nb1067391859, WTaz2n92112307194186, WPablb9v1a985931869
		ROLE = UIAMenuItem
		TITLE = Format
		SHAPE = Rect [x:433.0 y:261.0 w:52.0 h:19.0]
		CHILDREN = 0
		PATH = [0, 3, 2]
	DESCRIPTION = Left Click at 'Format'
	TEXT = Compound Action =
		Move mouse to (459.0, 270.5).
		Press Mouse Button BUTTON1
		Release Mouse Button BUTTON1

ExecutedAction [75]: 
 @Action ConcreteID = AC13oniwa812877806286 AbstractID = AA13oniwa812877806286
 ConcreteID CUSTOM = ConcreteID CUSTOM not available AbstractID CUSTOM = AA1hzz9gb81572536949
 @State ConcreteID = SC1msik2a5ab1039954676 AbstractID = SRcu4dt0571810402479
 ConcreteID CUSTOM = SCawocsr5ae3435948982 AbstractID CUSTOM = SA1cual2z5be2453975677

	ROLE = LeftClickAt
	TARGET =
		WIDGET = WCpxxhj11c761681753, WR1h6ibpb92248851252, WT1vjbvvdf3603144044, WP11czjgr184121018645
		ROLE = UIAButton
		TITLE = Cancel
		SHAPE = Rect [x:1045.0 y:579.0 w:72.0 h:23.0]
		CHILDREN = 0
		PATH = [1, 0, 3]
	DESCRIPTION = Left Click at 'Cancel'
	TEXT = Compound Action =
		Move mouse to (1081.0, 590.5).
		Press Mouse Button BUTTON1
		Release Mouse Button BUTTON1

ExecutedAction [76]: 
 @Action ConcreteID = ACi7rv1y7f156364632 AbstractID = AAi7rv1y7f156364632
 ConcreteID CUSTOM = ConcreteID CUSTOM not available AbstractID CUSTOM = AA1ds7s6l7f2879102399
 @State ConcreteID = SCqr8dka5244212651151 AbstractID = SR1kkvz5x4e92954647153
 ConcreteID CUSTOM = SC1nnycua52b2513347064 AbstractID CUSTOM = SA77tr4p52b2283417975

	ROLE = LeftClickAt
	TARGET =
		WIDGET = WC12b45x51c517775489, WR17v7k2nb1067391859, WT1qe89j4f2180189081, WP10d1byf183180104482
		ROLE = UIAMenuItem
		TITLE = Help
		SHAPE = Rect [x:524.0 y:261.0 w:39.0 h:19.0]
		CHILDREN = 0
		PATH = [0, 3, 4]
	DESCRIPTION = Left Click at 'Help'
	TEXT = Compound Action =
		Move mouse to (543.5, 270.5).
		Press Mouse Button BUTTON1
		Release Mouse Button BUTTON1

ExecutedAction [77]: 
 @Action ConcreteID = AC1omy1r4801870285693 AbstractID = AA1omy1r4801870285693
 ConcreteID CUSTOM = ConcreteID CUSTOM not available AbstractID CUSTOM = AA29i2q5802643680075
 @State ConcreteID = SCixshws5712999553970 AbstractID = SR1i68ymk5381884272774
 ConcreteID CUSTOM = SC1yabble5722668621973 AbstractID CUSTOM = SA16dxk7857c850663455

	ROLE = LeftClickAt
	TARGET =
		WIDGET = WCk3zl331b1069322374, WR1h6ibpb92248851252, WTzj707vb935461581, WPymgupd171523839437
		ROLE = UIAButton
		TITLE = OK
		SHAPE = Rect [x:994.0 y:650.0 w:75.0 h:23.0]
		CHILDREN = 0
		PATH = [0, 0, 0, 0]
	DESCRIPTION = Left Click at 'OK'
	TEXT = Compound Action =
		Move mouse to (1031.5, 661.5).
		Press Mouse Button BUTTON1
		Release Mouse Button BUTTON1

ExecutedAction [78]: 
 @Action ConcreteID = ACbaptqr80958341397 AbstractID = AAbaptqr80958341397
 ConcreteID CUSTOM = ConcreteID CUSTOM not available AbstractID CUSTOM = AAa0ltcd7f3432597132
 @State ConcreteID = SC1ces4f45251817683669 AbstractID = SR1kkvz5x4e92954647153
 ConcreteID CUSTOM = SC1eh8pkd52b1354769761 AbstractID CUSTOM = SA77tr4p52b2283417975

	ROLE = LeftClickAt
	TARGET =
		WIDGET = WC16936tu1c972838729, WR17v7k2nb1067391859, WT1qe6brdf138512687, WPbp7s80182825150416
		ROLE = UIAMenuItem
		TITLE = Edit
		SHAPE = Rect [x:399.0 y:261.0 w:34.0 h:19.0]
		CHILDREN = 0
		PATH = [1, 3, 1]
	DESCRIPTION = Left Click at 'Edit'
	TEXT = Compound Action =
		Move mouse to (416.0, 270.5).
		Press Mouse Button BUTTON1
		Release Mouse Button BUTTON1

ExecutedAction [79]: 
 @Action ConcreteID = ACj9z6jx7f1375079354 AbstractID = AAj9z6jx7f1375079354
 ConcreteID CUSTOM = ConcreteID CUSTOM not available AbstractID CUSTOM = AA31wg4q802763677485
 @State ConcreteID = SCrl5w4g63d809792450 AbstractID = SR15xqpog6001802120882
 ConcreteID CUSTOM = SC143jntz6401930334005 AbstractID CUSTOM = SA13bs89n644551403380

	ROLE = LeftClickAt
	TARGET =
		WIDGET = WCk3zl331b1069322374, WR1h6ibpb92248851252, WTzj707vb935461581, WPymgupd171523839437
		ROLE = UIAButton
		TITLE = OK
		SHAPE = Rect [x:994.0 y:650.0 w:75.0 h:23.0]
		CHILDREN = 0
		PATH = [0, 0, 0, 0]
	DESCRIPTION = Left Click at 'OK'
	TEXT = Compound Action =
		Move mouse to (1031.5, 661.5).
		Press Mouse Button BUTTON1
		Release Mouse Button BUTTON1

ExecutedAction [80]: 
 @Action ConcreteID = ACbaptqr80958341397 AbstractID = AAbaptqr80958341397
 ConcreteID CUSTOM = ConcreteID CUSTOM not available AbstractID CUSTOM = AAa0ltcd7f3432597132
 @State ConcreteID = SC1ces4f45251817683669 AbstractID = SR1kkvz5x4e92954647153
 ConcreteID CUSTOM = SC1eh8pkd52b1354769761 AbstractID CUSTOM = SA77tr4p52b2283417975

	ROLE = LeftClickAt
	TARGET =
		WIDGET = WCdfgprn1c4116076503, WR17v7k2nb1067391859, WT1qe6brdf138512687, WP1hwpd4x181691246414
		ROLE = UIAMenuItem
		TITLE = Edit
		SHAPE = Rect [x:399.0 y:261.0 w:34.0 h:19.0]
		CHILDREN = 0
		PATH = [0, 3, 1]
	DESCRIPTION = Left Click at 'Edit'
	TEXT = Compound Action =
		Move mouse to (416.0, 270.5).
		Press Mouse Button BUTTON1
		Release Mouse Button BUTTON1

ExecutedAction [81]: 
 @Action ConcreteID = AC1h6oisw7e1959775575 AbstractID = AA1h6oisw7e1959775575
 ConcreteID CUSTOM = ConcreteID CUSTOM not available AbstractID CUSTOM = AA1edcour7f928976128
 @State ConcreteID = SCrl5w4g63d809792450 AbstractID = SR15xqpog6001802120882
 ConcreteID CUSTOM = SC143jntz6401930334005 AbstractID CUSTOM = SA13bs89n644551403380

	ROLE = LeftClickAt
	TARGET =
		WIDGET = WC1v5afkp1c1616280591, WR17v7k2nb1067391859, WT1qe89j4f2180189081, WP1t77llz183271972780
		ROLE = UIAMenuItem
		TITLE = Help
		SHAPE = Rect [x:524.0 y:261.0 w:39.0 h:19.0]
		CHILDREN = 0
		PATH = [1, 4, 4]
	DESCRIPTION = Left Click at 'Help'
	TEXT = Compound Action =
		Move mouse to (543.5, 270.5).
		Press Mouse Button BUTTON1
		Release Mouse Button BUTTON1

ExecutedAction [82]: 
 @Action ConcreteID = AChpgrkk811636771062 AbstractID = AAhpgrkk811636771062
 ConcreteID CUSTOM = ConcreteID CUSTOM not available AbstractID CUSTOM = AA1d14h5m803903424881
 @State ConcreteID = SC1ces4f45251817683669 AbstractID = SR1kkvz5x4e92954647153
 ConcreteID CUSTOM = SC1eh8pkd52b1354769761 AbstractID CUSTOM = SA77tr4p52b2283417975

	ROLE = LeftClickAt
	TARGET =
		WIDGET = WC195b982251225336039, WR1h6ibpb92248851252, WT1ungvu9153002714154, WPiair8k213441516667
		ROLE = UIAButton
		TITLE = Column right
		SHAPE = Rect [x:1180.0 y:798.0 w:17.0 h:17.0]
		CHILDREN = 0
		PATH = [1, 1, 1, 4]
	DESCRIPTION = Left Click at 'Column right'
	TEXT = Compound Action =
		Move mouse to (1188.5, 806.5).
		Press Mouse Button BUTTON1
		Release Mouse Button BUTTON1

ExecutedAction [83]: 
 @Action ConcreteID = AC1f2bskz801579022886 AbstractID = AA1f2bskz801579022886
 ConcreteID CUSTOM = ConcreteID CUSTOM not available AbstractID CUSTOM = AA1ds7s6l7f2879102399
 @State ConcreteID = SC1ces4f45251817683669 AbstractID = SR1kkvz5x4e92954647153
 ConcreteID CUSTOM = SC1eh8pkd52b1354769761 AbstractID CUSTOM = SA77tr4p52b2283417975

	ROLE = LeftClickAt
	TARGET =
		WIDGET = WC1v4qmzc1c3530989599, WR17v7k2nb1067391859, WT1qe89j4f2180189081, WP1t6nt0m181898351548
		ROLE = UIAMenuItem
		TITLE = Help
		SHAPE = Rect [x:524.0 y:261.0 w:39.0 h:19.0]
		CHILDREN = 0
		PATH = [1, 3, 4]
	DESCRIPTION = Left Click at 'Help'
	TEXT = Compound Action =
		Move mouse to (543.5, 270.5).
		Press Mouse Button BUTTON1
		Release Mouse Button BUTTON1

ExecutedAction [84]: 
 @Action ConcreteID = AC1bt7ktk7f3479562402 AbstractID = AA1bt7ktk7f3479562402
 ConcreteID CUSTOM = ConcreteID CUSTOM not available AbstractID CUSTOM = AAhgae5s7f2062185168
 @State ConcreteID = SCyyqcu45722427218685 AbstractID = SR1i68ymk5381884272774
 ConcreteID CUSTOM = SC141sq65722294994096 AbstractID CUSTOM = SA16dxk7857c850663455

	ROLE = LeftClickAt
	TARGET =
		WIDGET = WCdfgprn1c4116076503, WR17v7k2nb1067391859, WT1qe6brdf138512687, WP1hwpd4x181691246414
		ROLE = UIAMenuItem
		TITLE = Edit
		SHAPE = Rect [x:399.0 y:261.0 w:34.0 h:19.0]
		CHILDREN = 0
		PATH = [0, 3, 1]
	DESCRIPTION = Left Click at 'Edit'
	TEXT = Compound Action =
		Move mouse to (416.0, 270.5).
		Press Mouse Button BUTTON1
		Release Mouse Button BUTTON1

ExecutedAction [85]: 
 @Action ConcreteID = AC1s5lhnkde518810202 AbstractID = AA1kgb2qjd585442283
 ConcreteID CUSTOM = ConcreteID CUSTOM not available AbstractID CUSTOM = AAeo0i5dd44253315876
 @State ConcreteID = SC1ces4f45251817683669 AbstractID = SR1kkvz5x4e92954647153
 ConcreteID CUSTOM = SC1eh8pkd52b1354769761 AbstractID CUSTOM = SA77tr4p52b2283417975

	ROLE = ClickTypeInto
	TARGET =
		WIDGET = WChabex91c1217897630, WR4n0dlj72701565195, WTei4yvd121088706799, WP1p7t7sv182350039758
		ROLE = UIAEdit
		TITLE = Text Editor
		SHAPE = Rect [x:367.0 y:281.0 w:847.0 h:534.0]
		CHILDREN = 3
		PATH = [1, 1]
	DESCRIPTION = Type '%' into 'Text Editor
	TEXT = Compound Action =
		Compound Action =
		Move mouse to (790.5, 548.0).
		Press Mouse Button BUTTON1
		Release Mouse Button BUTTON1
		Press Key 17
		Press Key 65
		Release Key 65
		Release Key 17
		Type text '%'

ExecutedAction [86]: 
 @Action ConcreteID = ACzv51w17f1942390708 AbstractID = AAzv51w17f1942390708
 ConcreteID CUSTOM = ConcreteID CUSTOM not available AbstractID CUSTOM = AAf1ri0f802868335467
 @State ConcreteID = SCgxj6du50f3957330256 AbstractID = SRppl8tq4d52487823207
 ConcreteID CUSTOM = SC1hiqhau5183345331373 AbstractID CUSTOM = SA1eapw7w5162323337502

	ROLE = LeftClickAt
	TARGET =
		WIDGET = WCwlcpk41e4286068033, WR17v7k2nb1067391859, WTaz2n92112307194186, WP1357sc21a4134412483
		ROLE = UIAMenuItem
		TITLE = Format
		SHAPE = Rect [x:433.0 y:261.0 w:52.0 h:19.0]
		CHILDREN = 0
		PATH = [1, 3, 2]
	DESCRIPTION = Left Click at 'Format'
	TEXT = Compound Action =
		Move mouse to (459.0, 270.5).
		Press Mouse Button BUTTON1
		Release Mouse Button BUTTON1

ExecutedAction [87]: 
 @Action ConcreteID = ACm2h34n7f1293612443 AbstractID = AAm2h34n7f1293612443
 ConcreteID CUSTOM = ConcreteID CUSTOM not available AbstractID CUSTOM = AA19g37l3802434270236
 @State ConcreteID = SC1nu673z547488946168 AbstractID = SR15mr3c3510235287888
 ConcreteID CUSTOM = SC18eaqyl54f3930064903 AbstractID CUSTOM = SA1dg0oq95541818235377

	ROLE = LeftClickAt
	TARGET =
		WIDGET = WC19d16nx232192355456, WR16s6p21c140494670, WTddzkv1164284674305, WP1o7eo231f1447079892
		ROLE = UIAScrollBar
		TITLE = Horizontal
		SHAPE = Rect [x:367.0 y:798.0 w:830.0 h:17.0]
		CHILDREN = 4
		PATH = [1, 2, 1]
	DESCRIPTION = Left Click at 'Horizontal'
	TEXT = Compound Action =
		Move mouse to (782.0, 806.5).
		Press Mouse Button BUTTON1
		Release Mouse Button BUTTON1

ExecutedAction [88]: 
 @Action ConcreteID = AClqqe11de3593733600 AbstractID = AAkvxeygd41788682420
 ConcreteID CUSTOM = ConcreteID CUSTOM not available AbstractID CUSTOM = AAeo0i5dd44253315876
 @State ConcreteID = SCqr8dka5244212651151 AbstractID = SR1kkvz5x4e92954647153
 ConcreteID CUSTOM = SC1nnycua52b2513347064 AbstractID CUSTOM = SA77tr4p52b2283417975

	ROLE = ClickTypeInto
	TARGET =
		WIDGET = WChabex91c1217897630, WR4n0dlj72701565195, WTei4yvd121088706799, WP1p7t7sv182350039758
		ROLE = UIAEdit
		TITLE = Text Editor
		SHAPE = Rect [x:367.0 y:281.0 w:847.0 h:534.0]
		CHILDREN = 3
		PATH = [1, 1]
	DESCRIPTION = Type '-.' into 'Text Editor
	TEXT = Compound Action =
		Compound Action =
		Move mouse to (790.5, 548.0).
		Press Mouse Button BUTTON1
		Release Mouse Button BUTTON1
		Press Key 17
		Press Key 65
		Release Key 65
		Release Key 17
		Type text '-.'

ExecutedAction [89]: 
 @Action ConcreteID = AC1kxkhwe802715494804 AbstractID = AA1kxkhwe802715494804
 ConcreteID CUSTOM = ConcreteID CUSTOM not available AbstractID CUSTOM = AA16ursoy7e3984887350
 @State ConcreteID = SC11ye6fp4e81980158864 AbstractID = SR11hjs624ae870539644
 ConcreteID CUSTOM = SC1s5sm64ef3803652752 AbstractID CUSTOM = SApg1sa74e8984505305

	ROLE = LeftClickAt
	TARGET =
		WIDGET = WCwlcpk41e4286068033, WR17v7k2nb1067391859, WTaz2n92112307194186, WP1357sc21a4134412483
		ROLE = UIAMenuItem
		TITLE = Format
		SHAPE = Rect [x:433.0 y:261.0 w:52.0 h:19.0]
		CHILDREN = 0
		PATH = [1, 3, 2]
	DESCRIPTION = Left Click at 'Format'
	TEXT = Compound Action =
		Move mouse to (459.0, 270.5).
		Press Mouse Button BUTTON1
		Release Mouse Button BUTTON1

ExecutedAction [90]: 
 @Action ConcreteID = ACg4xo1p7f3932384665 AbstractID = AAg4xo1p7f3932384665
 ConcreteID CUSTOM = ConcreteID CUSTOM not available AbstractID CUSTOM = AA10pe6ze7e3256916243
 @State ConcreteID = SC1u90tvf51d110253077 AbstractID = SR1f1cnyd4e93906027246
 ConcreteID CUSTOM = SC1hzhf8v5262491962971 AbstractID CUSTOM = SA7wpyo5293176510573

	ROLE = LeftClickAt
	TARGET =
		WIDGET = WCttullk1f1743980986, WR17v7k2nb1067391859, WT1k0pzz412734516100, WP16ghlly1b657292911
		ROLE = UIAMenuItem
		TITLE = Font...
		SHAPE = Rect [x:436.0 y:305.0 w:144.0 h:22.0]
		CHILDREN = 0
		PATH = [1, 0, 1]
	DESCRIPTION = Left Click at 'Font...'
	TEXT = Compound Action =
		Move mouse to (508.0, 316.0).
		Press Mouse Button BUTTON1
		Release Mouse Button BUTTON1

ExecutedAction [91]: 
 @Action ConcreteID = ACxmqvbw7f3160601369 AbstractID = AAxmqvbw7f3160601369
 ConcreteID CUSTOM = ConcreteID CUSTOM not available AbstractID CUSTOM = AA1bgn8j27f2286713348
 @State ConcreteID = SChtpa4m9532183098987 AbstractID = SRdmxt3w8e31163798682
 ConcreteID CUSTOM = SCz9yn2b94c1868537903 AbstractID CUSTOM = SArvwtrs9643092289529

	ROLE = LeftClickAt
	TARGET =
		WIDGET = WC18qmog51d782200512, WR17qbaneb3904637586, WTpv0tsf103871849437, WPkax5sj19868809250
		ROLE = UIAComboBox
		TITLE = Size:
		SHAPE = Rect [x:745.0 y:443.0 w:63.0 h:131.0]
		CHILDREN = 2
		PATH = [1, 0, 5]
	DESCRIPTION = Left Click at 'Size:'
	TEXT = Compound Action =
		Move mouse to (776.5, 508.5).
		Press Mouse Button BUTTON1
		Release Mouse Button BUTTON1

ExecutedAction [92]: 
 @Action ConcreteID = ACaacd3ub63724616295 AbstractID = AAaacd3ub63724616295
 ConcreteID CUSTOM = ConcreteID CUSTOM not available AbstractID CUSTOM = AA197v9zcb61748190429
 @State ConcreteID = SChtpa4m9532183098987 AbstractID = SRdmxt3w8e31163798682
 ConcreteID CUSTOM = SCz9yn2b94c1868537903 AbstractID CUSTOM = SArvwtrs9643092289529

	ROLE = LeftDrag
	DESCRIPTION = Drag (574.0, 525.3421052631579) To (574.0, 522.2307692307693)
	TEXT = Compound Action =
		Move mouse to (574.0, 525.3421052631579).
		Press Mouse Button BUTTON1
		Move mouse to (574.0, 522.2307692307693).
		Release Mouse Button BUTTON1

ExecutedAction [93]: 
 @Action ConcreteID = AC1tjevk97f886342993 AbstractID = AA1tjevk97f886342993
 ConcreteID CUSTOM = ConcreteID CUSTOM not available AbstractID CUSTOM = AA1y7bjjb7f4127352638
 @State ConcreteID = SC1bk70c2954951678154 AbstractID = SRdmxt3w8e31163798682
 ConcreteID CUSTOM = SC1xscfv994f1304026727 AbstractID CUSTOM = SArvwtrs9643092289529

	ROLE = LeftClickAt
	TARGET =
		WIDGET = WC5zsj6a26849277005, WR1h6ibpb92248851252, WTbcxonh101439247762, WP10m89dw222913808628
		ROLE = UIAButton
		TITLE = Page up
		SHAPE = Rect [x:563.0 y:484.0 w:17.0 h:30.0]
		CHILDREN = 0
		PATH = [1, 0, 1, 0, 0, 1]
	DESCRIPTION = Left Click at 'Page up'
	TEXT = Compound Action =
		Move mouse to (571.5, 499.0).
		Press Mouse Button BUTTON1
		Release Mouse Button BUTTON1

ExecutedAction [94]: 
 @Action ConcreteID = AC1g1x8iv7f635637895 AbstractID = AA1g1x8iv7f635637895
 ConcreteID CUSTOM = ConcreteID CUSTOM not available AbstractID CUSTOM = AA1tvtlq17f298686874
 @State ConcreteID = SChtpa4m9532183098987 AbstractID = SRdmxt3w8e31163798682
 ConcreteID CUSTOM = SCz9yn2b94c1868537903 AbstractID CUSTOM = SArvwtrs9643092289529

	ROLE = LeftClickAt
	TARGET =
		WIDGET = WCdsg5py1c3010804170, WR17v7k2nb1067391859, WT1qeha5gf2005531835, WPk6niro18548921330
		ROLE = UIAMenuItem
		TITLE = View
		SHAPE = Rect [x:485.0 y:261.0 w:39.0 h:19.0]
		CHILDREN = 0
		PATH = [0, 3, 3]
	DESCRIPTION = Left Click at 'View'
	TEXT = Compound Action =
		Move mouse to (504.5, 270.5).
		Press Mouse Button BUTTON1
		Release Mouse Button BUTTON1

ExecutedAction [95]: 
 @Action ConcreteID = AC1qu2vlk7f2338336475 AbstractID = AA1qu2vlk7f2338336475
 ConcreteID CUSTOM = ConcreteID CUSTOM not available AbstractID CUSTOM = AA5mv6tm7f3209603014
 @State ConcreteID = SChtpa4m9532183098987 AbstractID = SRdmxt3w8e31163798682
 ConcreteID CUSTOM = SCz9yn2b94c1868537903 AbstractID CUSTOM = SArvwtrs9643092289529

	ROLE = LeftClickAt
	TARGET =
		WIDGET = WCt4p2qx272923655528, WR16s6p21c140494670, WTdtcs8f142835715827, WP1xa933r231015018069
		ROLE = UIAScrollBar
		TITLE = Vertical
		SHAPE = Rect [x:563.0 y:467.0 w:17.0 h:114.0]
		CHILDREN = 5
		PATH = [1, 0, 1, 0, 0]
	DESCRIPTION = Left Click at 'Vertical'
	TEXT = Compound Action =
		Move mouse to (571.5, 524.0).
		Press Mouse Button BUTTON1
		Release Mouse Button BUTTON1

ExecutedAction [96]: 
 @Action ConcreteID = ACnsva337f2048287536 AbstractID = AAnsva337f2048287536
 ConcreteID CUSTOM = ConcreteID CUSTOM not available AbstractID CUSTOM = AAsgry257f3099623775
 @State ConcreteID = SC1bk70c2954951678154 AbstractID = SRdmxt3w8e31163798682
 ConcreteID CUSTOM = SC1xscfv994f1304026727 AbstractID CUSTOM = SArvwtrs9643092289529

	ROLE = LeftClickAt
	TARGET =
		WIDGET = WCpntngm1c1048449944, WR4n4ygb71694219017, WTf8ueqoc3265374131, WP16b1rw818232618747
		ROLE = UIAList
		TITLE = Font:
		SHAPE = Rect [x:410.0 y:465.0 w:172.0 h:118.0]
		CHILDREN = 7
		PATH = [1, 0, 1, 0]
	DESCRIPTION = Left Click at 'Font:'
	TEXT = Compound Action =
		Move mouse to (496.0, 524.0).
		Press Mouse Button BUTTON1
		Release Mouse Button BUTTON1

ExecutedAction [97]: 
 @Action ConcreteID = AC1o3aeg0803689423459 AbstractID = AA1o3aeg0803689423459
 ConcreteID CUSTOM = ConcreteID CUSTOM not available AbstractID CUSTOM = AA11r1sy97f2311373059
 @State ConcreteID = SC1ks0pop9652353977273 AbstractID = SR2r69ir8f53983206382
 ConcreteID CUSTOM = SC1vyt3n5969928070347 AbstractID CUSTOM = SA14ols6f978145661997

	ROLE = LeftClickAt
	TARGET =
		WIDGET = WC1stxq952e3110905313, WR52qhb2b3065858412, WTrrzs6l1b2526710263, WP15nm3932a3786637987
		ROLE = UIAListItem
		TITLE = Microsoft Tai Le
		SHAPE = Rect [x:412.0 y:486.0 w:151.0 h:19.0]
		CHILDREN = 0
		PATH = [1, 0, 1, 0, 2]
	DESCRIPTION = Left Click at 'Microsoft Tai Le'
	TEXT = Compound Action =
		Move mouse to (487.5, 495.5).
		Press Mouse Button BUTTON1
		Release Mouse Button BUTTON1

ExecutedAction [98]: 
 @Action ConcreteID = AC2q9emdb71418849478 AbstractID = AA2q9emdb71418849478
 ConcreteID CUSTOM = ConcreteID CUSTOM not available AbstractID CUSTOM = AAp3h767b61212661335
 @State ConcreteID = SC1x4eboe93e3425777231 AbstractID = SR72hvv78cf1368274796
 ConcreteID CUSTOM = SC1lwrrdn93e2066567930 AbstractID CUSTOM = SA8wbtpu9503601206530

	ROLE = LeftDrag
	DESCRIPTION = Drag (574.0, 528.3684210526316) To (574.0, 529.3076923076923)
	TEXT = Compound Action =
		Move mouse to (574.0, 528.3684210526316).
		Press Mouse Button BUTTON1
		Move mouse to (574.0, 529.3076923076923).
		Release Mouse Button BUTTON1

ExecutedAction [99]: 
 @Action ConcreteID = AC1tehu8u7f2831900308 AbstractID = AA1tehu8u7f2831900308
 ConcreteID CUSTOM = ConcreteID CUSTOM not available AbstractID CUSTOM = AA7sk4z57f3644371551
 @State ConcreteID = SCmconms93a3150562865 AbstractID = SR72hvv78cf1368274796
 ConcreteID CUSTOM = SC1xzgh5793f1944474945 AbstractID CUSTOM = SA8wbtpu9503601206530

	ROLE = LeftClickAt
	TARGET =
		WIDGET = WC1hmmxgu201780173388, WR52qhb2b3065858412, WT1bx8b29d3158346100, WP6fptbw1c352044933
		ROLE = UIAListItem
		TITLE = 36
		SHAPE = Rect [x:747.0 y:527.0 w:42.0 h:15.0]
		CHILDREN = 0
		PATH = [1, 0, 5, 0, 5]
	DESCRIPTION = Left Click at '36'
	TEXT = Compound Action =
		Move mouse to (768.0, 534.5).
		Press Mouse Button BUTTON1
		Release Mouse Button BUTTON1

ExecutedAction [100]: 
 @Action ConcreteID = AC13urjsse53512636743 AbstractID = AA12w5vz4d43592706412
 ConcreteID CUSTOM = ConcreteID CUSTOM not available AbstractID CUSTOM = AA1mrwistd43888532815
 @State ConcreteID = SCmconms93a3150562865 AbstractID = SR72hvv78cf1368274796
 ConcreteID CUSTOM = SC1xzgh5793f1944474945 AbstractID CUSTOM = SA8wbtpu9503601206530

	ROLE = ClickTypeInto
	TARGET =
		WIDGET = WCh9rmbw1c1979157806, WR4n0dlj72701565195, WTei4yvd121088706799, WP1p79f7i182977098622
		ROLE = UIAEdit
		TITLE = Text Editor
		SHAPE = Rect [x:367.0 y:281.0 w:847.0 h:557.0]
		CHILDREN = 1
		PATH = [0, 1]
	DESCRIPTION = Type '¯\_(?)_/¯' into 'Text Editor
	TEXT = Compound Action =
		Compound Action =
		Move mouse to (790.5, 559.5).
		Press Mouse Button BUTTON1
		Release Mouse Button BUTTON1
		Press Key 17
		Press Key 65
		Release Key 65
		Release Key 17
		Type text '¯\_(?)_/¯'

Sequence 1 finished.
Copying generated sequence ("sequence2201") to output directory...
Copying classified sequence ("sequence2201") to sequences_ok folder...
