Starting sequence 1 (output as: sequence142)

ExecutedAction [1]: 
 @Action ConcreteID = ACzedavy80633674805 AbstractID = AAzedavy80633674805
 ConcreteID CUSTOM = ConcreteID CUSTOM not available AbstractID CUSTOM = AAkdgl5f7f3147158736
 @State ConcreteID = SC18rf5pw4702592875792 AbstractID = SRjjy19u44a3349665755
 ConcreteID CUSTOM = SC1rv1tmd46b4121352227 AbstractID CUSTOM = SAyjop8x46b1406169761

	ROLE = LeftClickAt
	TARGET =
		WIDGET = WCo9m3kz234253084318, WR17v7k2nb1067391859, WT1faw5jq16422026351, WPzr9m5t1f4278635332
		ROLE = UIAMenuItem
		TITLE = Audio Alt+A
		SHAPE = Rect [x:660.0 y:938.0 w:48.0 h:20.0]
		CHILDREN = 0
		PATH = [0, 1, 2]
	DESCRIPTION = Left Click at 'Audio Alt+A'
	TEXT = Compound Action =
		Move mouse to (684.0, 948.0).
		Press Mouse Button BUTTON1
		Release Mouse Button BUTTON1

ExecutedAction [2]: 
 @Action ConcreteID = ACfhu8427f1103330833 AbstractID = AAfhu8427f1103330833
 ConcreteID CUSTOM = ConcreteID CUSTOM not available AbstractID CUSTOM = AA1iqqa6c7f1146585263
 @State ConcreteID = SCgx8zsx5363716854168 AbstractID = SR4mq3gf5112977884503
 ConcreteID CUSTOM = SC1joakor52f2636141143 AbstractID CUSTOM = SA1vgrm95322584617703

	ROLE = LeftClickAt
	TARGET =
		WIDGET = WC11132ie26988553567, WR17v7k2nb1067391859, WT7kxrdw19266625713, WP1rp2dz8223396690116
		ROLE = UIAMenuItem
		TITLE = Playback Alt+l
		SHAPE = Rect [x:597.0 y:938.0 w:63.0 h:20.0]
		CHILDREN = 0
		PATH = [0, 1, 1]
	DESCRIPTION = Left Click at 'Playback Alt+l'
	TEXT = Compound Action =
		Move mouse to (628.5, 948.0).
		Press Mouse Button BUTTON1
		Release Mouse Button BUTTON1

ExecutedAction [3]: 
 @Action ConcreteID = AC1mzlqji81115530060 AbstractID = AA1mzlqji81115530060
 ConcreteID CUSTOM = ConcreteID CUSTOM not available AbstractID CUSTOM = AAje3wjt803592200051
 @State ConcreteID = SC18rf5pw4702592875792 AbstractID = SRjjy19u44a3349665755
 ConcreteID CUSTOM = SC1rv1tmd46b4121352227 AbstractID CUSTOM = SAyjop8x46b1406169761

	ROLE = LeftClickAt
	TARGET =
		WIDGET = WCb8oopr273915996694, WR5quxi6b4097176690, WT5quxi6b4097176690, WP1sol9ch231758362296
		ROLE = UIATreeItem
		TITLE = 
		SHAPE = Rect [x:553.0 y:1118.0 w:158.0 h:26.0]
		CHILDREN = 0
		PATH = [0, 2, 0, 0, 3, 1, 1, 4]
	DESCRIPTION = Left Click at ''
	TEXT = Compound Action =
		Move mouse to (632.0, 1131.0).
		Press Mouse Button BUTTON1
		Release Mouse Button BUTTON1

ExecutedAction [4]: 
 @Action ConcreteID = AClic8uu7e108047452 AbstractID = AAlic8uu7e108047452
 ConcreteID CUSTOM = ConcreteID CUSTOM not available AbstractID CUSTOM = AA1rw6s8q801096281007
 @State ConcreteID = SCg0cbxv4ad46026327 AbstractID = SRcz852z483129701047
 ConcreteID CUSTOM = SC1mielxd4a9151692760 AbstractID CUSTOM = SA1ilwtlb4a6217579464

	ROLE = LeftClickAt
	TARGET =
		WIDGET = WCkthkjg1d3961490386, WR10fgh33101836453781, WT10fgh33101836453781, WP34gkui19609072533
		ROLE = UIACustomControl
		TITLE = 
		SHAPE = Rect [x:548.0 y:1293.0 w:600.0 h:18.0]
		CHILDREN = 3
		PATH = [0, 2, 1]
	DESCRIPTION = Left Click at ''
	TEXT = Compound Action =
		Move mouse to (848.0, 1302.0).
		Press Mouse Button BUTTON1
		Release Mouse Button BUTTON1

ExecutedAction [5]: 
 @Action ConcreteID = AC1375hlc7d3692128275 AbstractID = AA1375hlc7d3692128275
 ConcreteID CUSTOM = ConcreteID CUSTOM not available AbstractID CUSTOM = AAxowsh87f1234822397
 @State ConcreteID = SCg0cbxv4ad46026327 AbstractID = SRcz852z483129701047
 ConcreteID CUSTOM = SC1mielxd4a9151692760 AbstractID CUSTOM = SA1ilwtlb4a6217579464

	ROLE = LeftClickAt
	TARGET =
		WIDGET = WCv2iyh7231187149563, WR17v7k2nb1067391859, WT12et6eo161830467638, WP186y9jt1f939178242
		ROLE = UIAMenuItem
		TITLE = Media Alt+M
		SHAPE = Rect [x:548.0 y:938.0 w:49.0 h:20.0]
		CHILDREN = 0
		PATH = [0, 1, 0]
	DESCRIPTION = Left Click at 'Media Alt+M'
	TEXT = Compound Action =
		Move mouse to (572.5, 948.0).
		Press Mouse Button BUTTON1
		Release Mouse Button BUTTON1

ExecutedAction [6]: 
 @Action ConcreteID = ACxjngq2802282176947 AbstractID = AAxjngq2802282176947
 ConcreteID CUSTOM = ConcreteID CUSTOM not available AbstractID CUSTOM = AA7vhkw481149810866
 @State ConcreteID = SC100ap4u5ed456931511 AbstractID = SR1pcjvi25c23431549302
 ConcreteID CUSTOM = SC1g513q5ea3249227552 AbstractID CUSTOM = SA1v4kjhp5e21294442145

	ROLE = LeftClickAt
	TARGET =
		WIDGET = WCuvwjv6271470383167, WR1h6ibpb92248851252, WTfqv6nk11735077970, WP7bfu6c231068090381
		ROLE = UIAButton
		TITLE = My Music
		SHAPE = Rect [x:548.0 y:996.0 w:62.0 h:22.0]
		CHILDREN = 0
		PATH = [0, 2, 0, 0, 0, 0]
	DESCRIPTION = Left Click at 'My Music'
	TEXT = Compound Action =
		Move mouse to (579.0, 1007.0).
		Press Mouse Button BUTTON1
		Release Mouse Button BUTTON1

ExecutedAction [7]: 
 @Action ConcreteID = AC1fknig250382182860 AbstractID = AA1icy97n4d3341430981
 ConcreteID CUSTOM = ConcreteID CUSTOM not available AbstractID CUSTOM = AAxp296n4f1403435782
 @State ConcreteID = SCg0cbxv4ad46026327 AbstractID = SRcz852z483129701047
 ConcreteID CUSTOM = SC1mielxd4a9151692760 AbstractID CUSTOM = SA1ilwtlb4a6217579464

	ROLE = HitKey
	DESCRIPTION = Hit Key 27
	TEXT = Compound Action =
		Press Key 27
		Release Key 27
		No Operation

ExecutedAction [8]: 
 @Action ConcreteID = AC1fknig250382182860 AbstractID = AA1icy97n4d3341430981
 ConcreteID CUSTOM = ConcreteID CUSTOM not available AbstractID CUSTOM = AAxp296n4f1403435782
 @State ConcreteID = SCg0cbxv4ad46026327 AbstractID = SRcz852z483129701047
 ConcreteID CUSTOM = SC1mielxd4a9151692760 AbstractID CUSTOM = SA1ilwtlb4a6217579464

	ROLE = HitKey
	DESCRIPTION = Hit Key 27
	TEXT = Compound Action =
		Press Key 27
		Release Key 27
		No Operation

ExecutedAction [9]: 
 @Action ConcreteID = AC1375hlc7d3692128275 AbstractID = AA1375hlc7d3692128275
 ConcreteID CUSTOM = ConcreteID CUSTOM not available AbstractID CUSTOM = AAxowsh87f1234822397
 @State ConcreteID = SCg0cbxv4ad46026327 AbstractID = SRcz852z483129701047
 ConcreteID CUSTOM = SC1mielxd4a9151692760 AbstractID CUSTOM = SA1ilwtlb4a6217579464

	ROLE = LeftClickAt
	TARGET =
		WIDGET = WCv2iyh7231187149563, WR17v7k2nb1067391859, WT12et6eo161830467638, WP186y9jt1f939178242
		ROLE = UIAMenuItem
		TITLE = Media Alt+M
		SHAPE = Rect [x:548.0 y:938.0 w:49.0 h:20.0]
		CHILDREN = 0
		PATH = [0, 1, 0]
	DESCRIPTION = Left Click at 'Media Alt+M'
	TEXT = Compound Action =
		Move mouse to (572.5, 948.0).
		Press Mouse Button BUTTON1
		Release Mouse Button BUTTON1

ExecutedAction [10]: 
 @Action ConcreteID = ACtkm72l7f2181120523 AbstractID = AAtkm72l7f2181120523
 ConcreteID CUSTOM = ConcreteID CUSTOM not available AbstractID CUSTOM = AAaewkmr80231311518
 @State ConcreteID = SC100ap4u5ed456931511 AbstractID = SR1pcjvi25c23431549302
 ConcreteID CUSTOM = SC1g513q5ea3249227552 AbstractID CUSTOM = SA1v4kjhp5e21294442145

	ROLE = LeftClickAt
	TARGET =
		WIDGET = WC11132ie26988553567, WR17v7k2nb1067391859, WT7kxrdw19266625713, WP1rp2dz8223396690116
		ROLE = UIAMenuItem
		TITLE = Playback Alt+l
		SHAPE = Rect [x:597.0 y:938.0 w:63.0 h:20.0]
		CHILDREN = 0
		PATH = [0, 1, 1]
	DESCRIPTION = Left Click at 'Playback Alt+l'
	TEXT = Compound Action =
		Move mouse to (628.5, 948.0).
		Press Mouse Button BUTTON1
		Release Mouse Button BUTTON1

ExecutedAction [11]: 
 @Action ConcreteID = ACayazsk7e697437983 AbstractID = AAayazsk7e697437983
 ConcreteID CUSTOM = ConcreteID CUSTOM not available AbstractID CUSTOM = AA1hc5j6g801857374444
 @State ConcreteID = SCg0cbxv4ad46026327 AbstractID = SRcz852z483129701047
 ConcreteID CUSTOM = SC1mielxd4a9151692760 AbstractID CUSTOM = SA1ilwtlb4a6217579464

	ROLE = LeftClickAt
	TARGET =
		WIDGET = WC1tugs2p541538829251, WR52qhb2b3065858412, WTbq8g2l381288274106, WP102k9hv503512601262
		ROLE = UIAListItem
		TITLE = vlc-record-2019-08-31-13h19m15s-dshow___-.wav
		SHAPE = Rect [x:851.0 y:1020.0 w:116.0 h:143.0]
		CHILDREN = 0
		PATH = [0, 2, 0, 0, 3, 0, 0, 1]
	DESCRIPTION = Left Click at 'vlc-record-2019-08-31-13h19m15s-dshow___-.wav'
	TEXT = Compound Action =
		Move mouse to (909.0, 1091.5).
		Press Mouse Button BUTTON1
		Release Mouse Button BUTTON1

ExecutedAction [12]: 
 @Action ConcreteID = AC1c0arhw7e343413131 AbstractID = AA1c0arhw7e343413131
 ConcreteID CUSTOM = ConcreteID CUSTOM not available AbstractID CUSTOM = AAjd18wo801398756984
 @State ConcreteID = SCg0cbxv4ad46026327 AbstractID = SRcz852z483129701047
 ConcreteID CUSTOM = SC1mielxd4a9151692760 AbstractID CUSTOM = SA1ilwtlb4a6217579464

	ROLE = LeftClickAt
	TARGET =
		WIDGET = WC1u4yxgu201001852223, WR4na8ob72534219213, WT4na8ob72534219213, WP3shum41c2253840902
		ROLE = UIATree
		TITLE = 
		SHAPE = Rect [x:548.0 y:1018.0 w:180.0 h:139.0]
		CHILDREN = 6
		PATH = [0, 2, 0, 0, 3, 1, 1]
	DESCRIPTION = Left Click at ''
	TEXT = Compound Action =
		Move mouse to (638.0, 1087.5).
		Press Mouse Button BUTTON1
		Release Mouse Button BUTTON1

ExecutedAction [13]: 
 @Action ConcreteID = AC73ynnr7d3811138868 AbstractID = AA73ynnr7d3811138868
 ConcreteID CUSTOM = ConcreteID CUSTOM not available AbstractID CUSTOM = AA1lpyjn7f1990316506
 @State ConcreteID = SCg0cbxv4ad46026327 AbstractID = SRcz852z483129701047
 ConcreteID CUSTOM = SC1mielxd4a9151692760 AbstractID CUSTOM = SA1ilwtlb4a6217579464

	ROLE = LeftClickAt
	TARGET =
		WIDGET = WCsnsikc193821024913, WR1h6ibpb92248851252, WT1h6ibpb92248851252, WP8ruju6151413172893
		ROLE = UIAButton
		TITLE = 
		SHAPE = Rect [x:711.0 y:963.0 w:26.0 h:26.0]
		CHILDREN = 0
		PATH = [0, 2, 2, 7]
	DESCRIPTION = Left Click at ''
	TEXT = Compound Action =
		Move mouse to (724.0, 976.0).
		Press Mouse Button BUTTON1
		Release Mouse Button BUTTON1

ExecutedAction [14]: 
 @Action ConcreteID = AC7n1piw7f761478439 AbstractID = AA7n1piw7f761478439
 ConcreteID CUSTOM = ConcreteID CUSTOM not available AbstractID CUSTOM = AA4rm36t7f3939194281
 @State ConcreteID = SC1ibvam1963558290985 AbstractID = SR1qwwjmh90254414245
 ConcreteID CUSTOM = SCccai2s96e1721834649 AbstractID CUSTOM = SAwjug2i9583629663738

	ROLE = LeftClickAt
	TARGET =
		WIDGET = WC1lhezmj19795489807, WR1h6ibpb92248851252, WT1h6ibpb92248851252, WP11lh0wd152559659523
		ROLE = UIAButton
		TITLE = 
		SHAPE = Rect [x:711.0 y:963.0 w:26.0 h:26.0]
		CHILDREN = 0
		PATH = [0, 3, 2, 7]
	DESCRIPTION = Left Click at ''
	TEXT = Compound Action =
		Move mouse to (724.0, 976.0).
		Press Mouse Button BUTTON1
		Release Mouse Button BUTTON1

ExecutedAction [15]: 
 @Action ConcreteID = AC19sripl7e2060225111 AbstractID = AA19sripl7e2060225111
 ConcreteID CUSTOM = ConcreteID CUSTOM not available AbstractID CUSTOM = AAh5i04d801038863780
 @State ConcreteID = SCg0cbxv4ad46026327 AbstractID = SRcz852z483129701047
 ConcreteID CUSTOM = SC1mielxd4a9151692760 AbstractID CUSTOM = SA1ilwtlb4a6217579464

	ROLE = LeftClickAt
	TARGET =
		WIDGET = WCb8oon6272485037651, WR5quxi6b4097176690, WT5quxi6b4097176690, WP1sol99w23364482301
		ROLE = UIATreeItem
		TITLE = 
		SHAPE = Rect [x:548.0 y:1044.0 w:163.0 h:26.0]
		CHILDREN = 0
		PATH = [0, 2, 0, 0, 3, 1, 1, 1]
	DESCRIPTION = Left Click at ''
	TEXT = Compound Action =
		Move mouse to (629.5, 1057.0).
		Press Mouse Button BUTTON1
		Release Mouse Button BUTTON1

ExecutedAction [16]: 
 @Action ConcreteID = AC1vr52re80957027505 AbstractID = AA1vr52re80957027505
 ConcreteID CUSTOM = ConcreteID CUSTOM not available AbstractID CUSTOM = AA1njo83s80639282277
 @State ConcreteID = SC1e4w20746f355447391 AbstractID = SRjjy19u44a3349665755
 ConcreteID CUSTOM = SC1r4icgn46a1838038931 AbstractID CUSTOM = SAyjop8x46b1406169761

	ROLE = LeftClickAt
	TARGET =
		WIDGET = WC5xpkbv1c2341201004, WR1p34e3y91942684430, WT1p34e3y91942684430, WP1apngjd183937737785
		ROLE = UIASlider
		TITLE = 
		SHAPE = Rect [x:1050.0 y:966.0 w:85.0 h:26.0]
		CHILDREN = 0
		PATH = [0, 2, 2, 0, 1]
	DESCRIPTION = Left Click at ''
	TEXT = Compound Action =
		Move mouse to (1092.5, 979.0).
		Press Mouse Button BUTTON1
		Release Mouse Button BUTTON1

ExecutedAction [17]: 
 @Action ConcreteID = ACcbag0380154525727 AbstractID = AAcbag0380154525727
 ConcreteID CUSTOM = ConcreteID CUSTOM not available AbstractID CUSTOM = AA43tlch80371480779
 @State ConcreteID = SC1e4w20746f355447391 AbstractID = SRjjy19u44a3349665755
 ConcreteID CUSTOM = SC1r4icgn46a1838038931 AbstractID CUSTOM = SAyjop8x46b1406169761

	ROLE = LeftClickAt
	TARGET =
		WIDGET = WC1fbb2e920939640774, WR10fgh33101836453781, WT10fgh33101836453781, WPdopdxv1c2306111470
		ROLE = UIACustomControl
		TITLE = 
		SHAPE = Rect [x:548.0 y:993.0 w:600.0 h:300.0]
		CHILDREN = 4
		PATH = [0, 2, 0, 0]
	DESCRIPTION = Left Click at ''
	TEXT = Compound Action =
		Move mouse to (848.0, 1143.0).
		Press Mouse Button BUTTON1
		Release Mouse Button BUTTON1

ExecutedAction [18]: 
 @Action ConcreteID = ACrlkr7f803373082535 AbstractID = AArlkr7f803373082535
 ConcreteID CUSTOM = ConcreteID CUSTOM not available AbstractID CUSTOM = AAje3wjt803592200051
 @State ConcreteID = SC1e4w20746f355447391 AbstractID = SRjjy19u44a3349665755
 ConcreteID CUSTOM = SC1r4icgn46a1838038931 AbstractID CUSTOM = SAyjop8x46b1406169761

	ROLE = LeftClickAt
	TARGET =
		WIDGET = WCb8oopr273915996694, WR5quxi6b4097176690, WT5quxi6b4097176690, WP1sol9ch231758362296
		ROLE = UIATreeItem
		TITLE = 
		SHAPE = Rect [x:553.0 y:1118.0 w:158.0 h:26.0]
		CHILDREN = 0
		PATH = [0, 2, 0, 0, 3, 1, 1, 4]
	DESCRIPTION = Left Click at ''
	TEXT = Compound Action =
		Move mouse to (632.0, 1131.0).
		Press Mouse Button BUTTON1
		Release Mouse Button BUTTON1

ExecutedAction [19]: 
 @Action ConcreteID = AC6k72o7e1211329447 AbstractID = AA6k72o7e1211329447
 ConcreteID CUSTOM = ConcreteID CUSTOM not available AbstractID CUSTOM = AA16keqgk80252980308
 @State ConcreteID = SCg0cbxv4ad46026327 AbstractID = SRcz852z483129701047
 ConcreteID CUSTOM = SC1mielxd4a9151692760 AbstractID CUSTOM = SA1ilwtlb4a6217579464

	ROLE = LeftClickAt
	TARGET =
		WIDGET = WC1cj90xv241472876304, WR1e04pz3e358922214, WT1e04pz3e358922214, WP163y8ad202550790949
		ROLE = UIASplitButton
		TITLE = 
		SHAPE = Rect [x:548.0 y:1018.0 w:180.0 h:272.0]
		CHILDREN = 3
		PATH = [0, 2, 0, 0, 3, 1]
	DESCRIPTION = Left Click at ''
	TEXT = Compound Action =
		Move mouse to (638.0, 1154.0).
		Press Mouse Button BUTTON1
		Release Mouse Button BUTTON1

ExecutedAction [20]: 
 @Action ConcreteID = AC7dwnkd7f2984098116 AbstractID = AA7dwnkd7f2984098116
 ConcreteID CUSTOM = ConcreteID CUSTOM not available AbstractID CUSTOM = AAlbs1997f2770213383
 @State ConcreteID = SC1tkfe914ec783283581 AbstractID = SRfoeh3m4bc364238519
 ConcreteID CUSTOM = SCqltcec4e42306485607 AbstractID CUSTOM = SA2q8il44e23322047239

	ROLE = LeftClickAt
	TARGET =
		WIDGET = WC11132ie26988553567, WR17v7k2nb1067391859, WT7kxrdw19266625713, WP1rp2dz8223396690116
		ROLE = UIAMenuItem
		TITLE = Playback Alt+l
		SHAPE = Rect [x:597.0 y:938.0 w:63.0 h:20.0]
		CHILDREN = 0
		PATH = [0, 1, 1]
	DESCRIPTION = Left Click at 'Playback Alt+l'
	TEXT = Compound Action =
		Move mouse to (628.5, 948.0).
		Press Mouse Button BUTTON1
		Release Mouse Button BUTTON1

ExecutedAction [21]: 
 @Action ConcreteID = AC1stadkj8165633820 AbstractID = AA1stadkj8165633820
 ConcreteID CUSTOM = ConcreteID CUSTOM not available AbstractID CUSTOM = AApsz53281637793436
 @State ConcreteID = SC1jibjiw6672465524437 AbstractID = SR1ozw4v56372786938757
 ConcreteID CUSTOM = SC804dxt6652707963251 AbstractID CUSTOM = SA175lzxy65b2407376394

	ROLE = LeftClickAt
	TARGET =
		WIDGET = WC1hk5rei323927734832, WR17v7k2nb1067391859, WT1a9nc8b273818777702, WP1scdqyw2e1158271245
		ROLE = UIAMenuItem
		TITLE = Jump to Specific Time Ctrl+T
		SHAPE = Rect [x:600.0 y:1164.0 w:230.0 h:22.0]
		CHILDREN = 0
		PATH = [1, 11]
	DESCRIPTION = Left Click at 'Jump to Specific Time Ctrl+T'
	TEXT = Compound Action =
		Move mouse to (715.0, 1175.0).
		Press Mouse Button BUTTON1
		Release Mouse Button BUTTON1

ExecutedAction [22]: 
 @Action ConcreteID = ACg064h4813888820220 AbstractID = AAg064h4813888820220
 ConcreteID CUSTOM = ConcreteID CUSTOM not available AbstractID CUSTOM = AA1p95s867f2553700976
 @State ConcreteID = SC1vml9s75a12064647426 AbstractID = SRqanfm756a1028107190
 ConcreteID CUSTOM = SCb2tfr5a21356990235 AbstractID CUSTOM = SAdexyhn58b299096816

	ROLE = LeftClickAt
	TARGET =
		WIDGET = WC1kb7r7h21508008499, WR1e04pz3e358922214, WT1e04pz3e358922214, WP14jepmz1d1747774249
		ROLE = UIASplitButton
		TITLE = 
		SHAPE = Rect [x:865.0 y:996.0 w:23.0 h:22.0]
		CHILDREN = 0
		PATH = [0, 3, 0, 0, 1]
	DESCRIPTION = Left Click at ''
	TEXT = Compound Action =
		Move mouse to (876.5, 1007.0).
		Press Mouse Button BUTTON1
		Release Mouse Button BUTTON1

ExecutedAction [23]: 
 @Action ConcreteID = AConpmv2802445655460 AbstractID = AAonpmv2802445655460
 ConcreteID CUSTOM = ConcreteID CUSTOM not available AbstractID CUSTOM = AA1ol4xxc81344799609
 @State ConcreteID = SCi5j9dv7c51120857074 AbstractID = SR11gaqcc76e2331598196
 ConcreteID CUSTOM = SC1pzh5vk7c8662021223 AbstractID CUSTOM = SA1kqwo5b7a41119477171

	ROLE = LeftClickAt
	TARGET =
		WIDGET = WC1p3er0t2e146839370, WR52qhb2b3065858412, WTrktj1o154143545019, WP3huhp72a789455693
		ROLE = UIAListItem
		TITLE = New folder
		SHAPE = Rect [x:851.0 y:1020.0 w:116.0 h:143.0]
		CHILDREN = 0
		PATH = [0, 3, 0, 0, 3, 0, 1]
	DESCRIPTION = Left Click at 'New folder'
	TEXT = Compound Action =
		Move mouse to (909.0, 1091.5).
		Press Mouse Button BUTTON1
		Release Mouse Button BUTTON1

ExecutedAction [24]: 
 @Action ConcreteID = AC987nkv7f2097964159 AbstractID = AA987nkv7f2097964159
 ConcreteID CUSTOM = ConcreteID CUSTOM not available AbstractID CUSTOM = AA1hx75el801354260781
 @State ConcreteID = SCi5j9dv7c51120857074 AbstractID = SR11gaqcc76e2331598196
 ConcreteID CUSTOM = SC1pzh5vk7c8662021223 AbstractID CUSTOM = SA1kqwo5b7a41119477171

	ROLE = LeftClickAt
	TARGET =
		WIDGET = WC1lhezjy1971787980, WR1h6ibpb92248851252, WT1h6ibpb92248851252, WP11lh0ts153015450048
		ROLE = UIAButton
		TITLE = 
		SHAPE = Rect [x:621.0 y:963.0 w:26.0 h:26.0]
		CHILDREN = 0
		PATH = [0, 3, 2, 4]
	DESCRIPTION = Left Click at ''
	TEXT = Compound Action =
		Move mouse to (634.0, 976.0).
		Press Mouse Button BUTTON1
		Release Mouse Button BUTTON1

ExecutedAction [25]: 
 @Action ConcreteID = ACoi9fqt80773238423 AbstractID = AAoi9fqt80773238423
 ConcreteID CUSTOM = ConcreteID CUSTOM not available AbstractID CUSTOM = AA1ofoqt3812875075146
 @State ConcreteID = SCi5j9dv7c51120857074 AbstractID = SR11gaqcc76e2331598196
 ConcreteID CUSTOM = SC1pzh5vk7c8662021223 AbstractID CUSTOM = SA1kqwo5b7a41119477171

	ROLE = LeftClickAt
	TARGET =
		WIDGET = WC1lo8ru8314294476644, WR5quxi6b4097176690, WT1iepar015637474325, WP1jln42q2d1240921283
		ROLE = UIATreeItem
		TITLE = New folder
		SHAPE = Rect [x:754.0 y:1064.0 w:180.0 h:22.0]
		CHILDREN = 0
		PATH = [0, 3, 0, 0, 3, 0, 6, 6]
	DESCRIPTION = Left Click at 'New folder'
	TEXT = Compound Action =
		Move mouse to (844.0, 1075.0).
		Press Mouse Button BUTTON1
		Release Mouse Button BUTTON1

ExecutedAction [26]: 
 @Action ConcreteID = AC987nkv7f2097964159 AbstractID = AA987nkv7f2097964159
 ConcreteID CUSTOM = ConcreteID CUSTOM not available AbstractID CUSTOM = AA1hx75el801354260781
 @State ConcreteID = SCi5j9dv7c51120857074 AbstractID = SR11gaqcc76e2331598196
 ConcreteID CUSTOM = SC1pzh5vk7c8662021223 AbstractID CUSTOM = SA1kqwo5b7a41119477171

	ROLE = LeftClickAt
	TARGET =
		WIDGET = WC1lhezjy1971787980, WR1h6ibpb92248851252, WT1h6ibpb92248851252, WP11lh0ts153015450048
		ROLE = UIAButton
		TITLE = 
		SHAPE = Rect [x:621.0 y:963.0 w:26.0 h:26.0]
		CHILDREN = 0
		PATH = [0, 3, 2, 4]
	DESCRIPTION = Left Click at ''
	TEXT = Compound Action =
		Move mouse to (634.0, 976.0).
		Press Mouse Button BUTTON1
		Release Mouse Button BUTTON1

ExecutedAction [27]: 
 @Action ConcreteID = ACgy61qa803809984434 AbstractID = AAgy61qa803809984434
 ConcreteID CUSTOM = ConcreteID CUSTOM not available AbstractID CUSTOM = AA1gvlcsk811717517167
 @State ConcreteID = SCi5j9dv7c51120857074 AbstractID = SR11gaqcc76e2331598196
 ConcreteID CUSTOM = SC1pzh5vk7c8662021223 AbstractID CUSTOM = SA1kqwo5b7a41119477171

	ROLE = LeftClickAt
	TARGET =
		WIDGET = WC4ha5y5272501202961, WR5quxi6b4097176690, WT5quxi6b4097176690, WP1lx6qkv23347238591
		ROLE = UIATreeItem
		TITLE = 
		SHAPE = Rect [x:548.0 y:1144.0 w:163.0 h:22.0]
		CHILDREN = 0
		PATH = [0, 3, 0, 0, 3, 1, 1, 5]
	DESCRIPTION = Left Click at ''
	TEXT = Compound Action =
		Move mouse to (629.5, 1155.0).
		Press Mouse Button BUTTON1
		Release Mouse Button BUTTON1

ExecutedAction [28]: 
 @Action ConcreteID = AC24izkz80188333196 AbstractID = AA24izkz80188333196
 ConcreteID CUSTOM = ConcreteID CUSTOM not available AbstractID CUSTOM = AA121yan9812389784657
 @State ConcreteID = SCi5j9dv7c51120857074 AbstractID = SR11gaqcc76e2331598196
 ConcreteID CUSTOM = SC1pzh5vk7c8662021223 AbstractID CUSTOM = SA1kqwo5b7a41119477171

	ROLE = LeftClickAt
	TARGET =
		WIDGET = WCcb59pa232030241700, WR10fgh33101836453781, WT10fgh33101836453781, WP1f4itrg1f2348235590
		ROLE = UIACustomControl
		TITLE = 
		SHAPE = Rect [x:548.0 y:996.0 w:307.0 h:22.0]
		CHILDREN = 1
		PATH = [0, 3, 0, 0, 0]
	DESCRIPTION = Left Click at ''
	TEXT = Compound Action =
		Move mouse to (701.5, 1007.0).
		Press Mouse Button BUTTON1
		Release Mouse Button BUTTON1

ExecutedAction [29]: 
 @Action ConcreteID = AC1c8k8wi811718575604 AbstractID = AA1c8k8wi811718575604
 ConcreteID CUSTOM = ConcreteID CUSTOM not available AbstractID CUSTOM = AApixw9c822659747609
 @State ConcreteID = SCi5j9dv7c51120857074 AbstractID = SR11gaqcc76e2331598196
 ConcreteID CUSTOM = SC1pzh5vk7c8662021223 AbstractID CUSTOM = SA1kqwo5b7a41119477171

	ROLE = LeftClickAt
	TARGET =
		WIDGET = WC14rukno214280061808, WR1h6ibpb92248851252, WT1ezyh64112919037353, WP1jr2cue1d124033657
		ROLE = UIAButton
		TITLE = Go Alt+G
		SHAPE = Rect [x:1717.0 y:1071.0 w:75.0 h:23.0]
		CHILDREN = 0
		PATH = [0, 0, 4, 0]
	DESCRIPTION = Left Click at 'Go Alt+G'
	TEXT = Compound Action =
		Move mouse to (1754.5, 1082.5).
		Press Mouse Button BUTTON1
		Release Mouse Button BUTTON1

ExecutedAction [30]: 
 @Action ConcreteID = ACfx5dsq811278080124 AbstractID = AAfx5dsq811278080124
 ConcreteID CUSTOM = ConcreteID CUSTOM not available AbstractID CUSTOM = AA1vsneoh81973610440
 @State ConcreteID = SCpfn5lw7162004495806 AbstractID = SRitfc0v6c01731423553
 ConcreteID CUSTOM = SC1sgsrir70a4291164153 AbstractID CUSTOM = SA1ej51h8701497615546

	ROLE = LeftClickAt
	TARGET =
		WIDGET = WCpl12kj283980743528, WR5quxi6b4097176690, WT5quxi6b4097176690, WP1ckhkpd243702160035
		ROLE = UIATreeItem
		TITLE = 
		SHAPE = Rect [x:1014.0 y:1152.0 w:133.0 h:22.0]
		CHILDREN = 0
		PATH = [0, 2, 0, 0, 3, 0, 6, 20]
	DESCRIPTION = Left Click at ''
	TEXT = Compound Action =
		Move mouse to (1080.5, 1163.0).
		Press Mouse Button BUTTON1
		Release Mouse Button BUTTON1

ExecutedAction [31]: 
 @Action ConcreteID = ACf470op7f2559483286 AbstractID = AAf470op7f2559483286
 ConcreteID CUSTOM = ConcreteID CUSTOM not available AbstractID CUSTOM = AA28hdyo7f2306191882
 @State ConcreteID = SCpfn5lw7162004495806 AbstractID = SRitfc0v6c01731423553
 ConcreteID CUSTOM = SC1sgsrir70a4291164153 AbstractID CUSTOM = SA1ej51h8701497615546

	ROLE = LeftClickAt
	TARGET =
		WIDGET = WC117me3u22367970642, WR17v7k2nb1067391859, WT1y895rf152412617792, WP15oh92w1e2024737031
		ROLE = UIAMenuItem
		TITLE = View Alt+i
		SHAPE = Rect [x:853.0 y:938.0 w:41.0 h:20.0]
		CHILDREN = 0
		PATH = [0, 1, 6]
	DESCRIPTION = Left Click at 'View Alt+i'
	TEXT = Compound Action =
		Move mouse to (873.5, 948.0).
		Press Mouse Button BUTTON1
		Release Mouse Button BUTTON1

ExecutedAction [32]: 
 @Action ConcreteID = AC120z123803235953341 AbstractID = AA120z123803235953341
 ConcreteID CUSTOM = ConcreteID CUSTOM not available AbstractID CUSTOM = AAvhg93j7f1031952204
 @State ConcreteID = SC13va0a08421318882030 AbstractID = SR1bwrfna7eb1858554463
 ConcreteID CUSTOM = SC8utjuh83b3061518384 AbstractID CUSTOM = SAo6lnox82a1339446553

	ROLE = LeftClickAt
	TARGET =
		WIDGET = WCsnsig1192662843092, WR1h6ibpb92248851252, WT1h6ibpb92248851252, WP8rujpv15692894424
		ROLE = UIAButton
		TITLE = 
		SHAPE = Rect [x:551.0 y:960.0 w:32.0 h:32.0]
		CHILDREN = 0
		PATH = [0, 2, 2, 2]
	DESCRIPTION = Left Click at ''
	TEXT = Compound Action =
		Move mouse to (567.0, 976.0).
		Press Mouse Button BUTTON1
		Release Mouse Button BUTTON1

ExecutedAction [33]: 
 @Action ConcreteID = ACuregk7f4117235898 AbstractID = AAuregk7f4117235898
 ConcreteID CUSTOM = ConcreteID CUSTOM not available AbstractID CUSTOM = AA1n05tpn7f3834849062
 @State ConcreteID = SCpfn5lw7162004495806 AbstractID = SRitfc0v6c01731423553
 ConcreteID CUSTOM = SC1sgsrir70a4291164153 AbstractID CUSTOM = SA1ej51h8701497615546

	ROLE = LeftClickAt
	TARGET =
		WIDGET = WCsnsikc193821024913, WR1h6ibpb92248851252, WT1h6ibpb92248851252, WP8ruju6151413172893
		ROLE = UIAButton
		TITLE = 
		SHAPE = Rect [x:711.0 y:963.0 w:26.0 h:26.0]
		CHILDREN = 0
		PATH = [0, 2, 2, 7]
	DESCRIPTION = Left Click at ''
	TEXT = Compound Action =
		Move mouse to (724.0, 976.0).
		Press Mouse Button BUTTON1
		Release Mouse Button BUTTON1

ExecutedAction [34]: 
 @Action ConcreteID = ACjk8iqy811302099219 AbstractID = AAjk8iqy811302099219
 ConcreteID CUSTOM = ConcreteID CUSTOM not available AbstractID CUSTOM = AAa35t4j822139826109
 @State ConcreteID = SCwj8xzubc61449411730 AbstractID = SR1p9ynxtb3f2833914278
 ConcreteID CUSTOM = SCpyc5c0bd21280020187 AbstractID CUSTOM = SA1izcftwbac3265708719

	ROLE = LeftClickAt
	TARGET =
		WIDGET = WCy10g0d322566685124, WR52qhb2b3065858412, WT1ehdii319442466983, WP1d9nvq32e892620933
		ROLE = UIAListItem
		TITLE = New folder (2)
		SHAPE = Rect [x:967.0 y:1020.0 w:116.0 h:143.0]
		CHILDREN = 0
		PATH = [0, 3, 0, 0, 3, 0, 2]
	DESCRIPTION = Left Click at 'New folder (2)'
	TEXT = Compound Action =
		Move mouse to (1025.0, 1091.5).
		Press Mouse Button BUTTON1
		Release Mouse Button BUTTON1

ExecutedAction [35]: 
 @Action ConcreteID = AC1bwuzeg8049578526 AbstractID = AA1bwuzeg8049578526
 ConcreteID CUSTOM = ConcreteID CUSTOM not available AbstractID CUSTOM = AA1g6tzv3813452620594
 @State ConcreteID = SCwj8xzubc61449411730 AbstractID = SR1p9ynxtb3f2833914278
 ConcreteID CUSTOM = SCpyc5c0bd21280020187 AbstractID CUSTOM = SA1izcftwbac3265708719

	ROLE = LeftClickAt
	TARGET =
		WIDGET = WC14695eq243401952870, WR1e04pz3e358922214, WT1e04pz3e358922214, WPxqycr82084286035
		ROLE = UIASplitButton
		TITLE = 
		SHAPE = Rect [x:548.0 y:1018.0 w:180.0 h:272.0]
		CHILDREN = 3
		PATH = [0, 3, 0, 0, 3, 1]
	DESCRIPTION = Left Click at ''
	TEXT = Compound Action =
		Move mouse to (638.0, 1154.0).
		Press Mouse Button BUTTON1
		Release Mouse Button BUTTON1

ExecutedAction [36]: 
 @Action ConcreteID = ACdd5vyd7f336676684 AbstractID = AAdd5vyd7f336676684
 ConcreteID CUSTOM = ConcreteID CUSTOM not available AbstractID CUSTOM = AA19979ef801630735073
 @State ConcreteID = SC136k8pe9b8196634406 AbstractID = SRom9fv89511933728618
 ConcreteID CUSTOM = SC1gt51kc9bf941629436 AbstractID CUSTOM = SA1qrbre09a51626411502

	ROLE = LeftClickAt
	TARGET =
		WIDGET = WCigl81b221236350214, WR17v7k2nb1067391859, WT1e6tvxi153323975668, WP1lyad311e2164392518
		ROLE = UIAMenuItem
		TITLE = Help Alt+H
		SHAPE = Rect [x:894.0 y:938.0 w:41.0 h:20.0]
		CHILDREN = 0
		PATH = [0, 2, 7]
	DESCRIPTION = Left Click at 'Help Alt+H'
	TEXT = Compound Action =
		Move mouse to (914.5, 948.0).
		Press Mouse Button BUTTON1
		Release Mouse Button BUTTON1

ExecutedAction [37]: 
 @Action ConcreteID = AC1fxuctk803215916783 AbstractID = AA1fxuctk803215916783
 ConcreteID CUSTOM = ConcreteID CUSTOM not available AbstractID CUSTOM = AA1a3g5zq81398197751
 @State ConcreteID = SC136k8pe9b8196634406 AbstractID = SRom9fv89511933728618
 ConcreteID CUSTOM = SC1gt51kc9bf941629436 AbstractID CUSTOM = SA1qrbre09a51626411502

	ROLE = LeftClickAt
	TARGET =
		WIDGET = WC4ha5xa272349753680, WR5quxi6b4097176690, WT5quxi6b4097176690, WP1lx6qk023229196286
		ROLE = UIATreeItem
		TITLE = 
		SHAPE = Rect [x:553.0 y:1118.0 w:158.0 h:26.0]
		CHILDREN = 0
		PATH = [0, 3, 0, 0, 3, 1, 1, 4]
	DESCRIPTION = Left Click at ''
	TEXT = Compound Action =
		Move mouse to (632.0, 1131.0).
		Press Mouse Button BUTTON1
		Release Mouse Button BUTTON1

ExecutedAction [38]: 
 @Action ConcreteID = ACwqf1rc80395802608 AbstractID = AAwqf1rc80395802608
 ConcreteID CUSTOM = ConcreteID CUSTOM not available AbstractID CUSTOM = AAqw0uxi813213200104
 @State ConcreteID = SC136k8pe9b8196634406 AbstractID = SRom9fv89511933728618
 ConcreteID CUSTOM = SC1gt51kc9bf941629436 AbstractID CUSTOM = SA1qrbre09a51626411502

	ROLE = LeftClickAt
	TARGET =
		WIDGET = WC1aorqu7271084515790, WR5quxi6b4097176690, WT5quxi6b4097176690, WPt3k9ht233238216032
		ROLE = UIATreeItem
		TITLE = 
		SHAPE = Rect [x:934.0 y:1042.0 w:80.0 h:22.0]
		CHILDREN = 0
		PATH = [0, 3, 0, 0, 3, 0, 1, 4]
	DESCRIPTION = Left Click at ''
	TEXT = Compound Action =
		Move mouse to (974.0, 1053.0).
		Press Mouse Button BUTTON1
		Release Mouse Button BUTTON1

ExecutedAction [39]: 
 @Action ConcreteID = AC1g0zl9t7f4250870092 AbstractID = AA1g0zl9t7f4250870092
 ConcreteID CUSTOM = ConcreteID CUSTOM not available AbstractID CUSTOM = AAcvwwqr802289921249
 @State ConcreteID = SC136k8pe9b8196634406 AbstractID = SRom9fv89511933728618
 ConcreteID CUSTOM = SC1gt51kc9bf941629436 AbstractID CUSTOM = SA1qrbre09a51626411502

	ROLE = LeftClickAt
	TARGET =
		WIDGET = WC1lhezkt19492590221, WR1h6ibpb92248851252, WT1h6ibpb92248851252, WP11lh0un152863082625
		ROLE = UIAButton
		TITLE = 
		SHAPE = Rect [x:647.0 y:963.0 w:26.0 h:26.0]
		CHILDREN = 0
		PATH = [0, 3, 2, 5]
	DESCRIPTION = Left Click at ''
	TEXT = Compound Action =
		Move mouse to (660.0, 976.0).
		Press Mouse Button BUTTON1
		Release Mouse Button BUTTON1

ExecutedAction [40]: 
 @Action ConcreteID = ACv2ge1x7f901657930 AbstractID = AAv2ge1x7f901657930
 ConcreteID CUSTOM = ConcreteID CUSTOM not available AbstractID CUSTOM = AA1qyhrhz801083996391
 @State ConcreteID = SC136k8pe9b8196634406 AbstractID = SRom9fv89511933728618
 ConcreteID CUSTOM = SC1gt51kc9bf941629436 AbstractID CUSTOM = SA1qrbre09a51626411502

	ROLE = LeftClickAt
	TARGET =
		WIDGET = WC111mv3r262102156175, WR17v7k2nb1067391859, WT7kxrdw19266625713, WP1rpm6kl222379553300
		ROLE = UIAMenuItem
		TITLE = Playback Alt+l
		SHAPE = Rect [x:597.0 y:938.0 w:63.0 h:20.0]
		CHILDREN = 0
		PATH = [0, 2, 1]
	DESCRIPTION = Left Click at 'Playback Alt+l'
	TEXT = Compound Action =
		Move mouse to (628.5, 948.0).
		Press Mouse Button BUTTON1
		Release Mouse Button BUTTON1

ExecutedAction [41]: 
 @Action ConcreteID = AC10slyau7e2199251771 AbstractID = AA10slyau7e2199251771
 ConcreteID CUSTOM = ConcreteID CUSTOM not available AbstractID CUSTOM = AAw8pufk803746121453
 @State ConcreteID = SC5gtnynb33183385005 AbstractID = SR2jtyb1acc1021075847
 ConcreteID CUSTOM = SC1pyr64tb401792899961 AbstractID CUSTOM = SA1148z0qb1e3116758312

	ROLE = LeftClickAt
	TARGET =
		WIDGET = WC1lhezne192834442944, WR1h6ibpb92248851252, WT1h6ibpb92248851252, WP11lh0x815520704716
		ROLE = UIAButton
		TITLE = 
		SHAPE = Rect [x:749.0 y:963.0 w:26.0 h:26.0]
		CHILDREN = 0
		PATH = [0, 3, 2, 8]
	DESCRIPTION = Left Click at ''
	TEXT = Compound Action =
		Move mouse to (762.0, 976.0).
		Press Mouse Button BUTTON1
		Release Mouse Button BUTTON1

ExecutedAction [42]: 
 @Action ConcreteID = AC1tk7hoz7f3306388662 AbstractID = AA1tk7hoz7f3306388662
 ConcreteID CUSTOM = ConcreteID CUSTOM not available AbstractID CUSTOM = AA1uhs9pl812868860922
 @State ConcreteID = SC5gtnynb33183385005 AbstractID = SR2jtyb1acc1021075847
 ConcreteID CUSTOM = SC1pyr64tb401792899961 AbstractID CUSTOM = SA1148z0qb1e3116758312

	ROLE = LeftClickAt
	TARGET =
		WIDGET = WC4ha5up274051276053, WR5quxi6b4097176690, WT5quxi6b4097176690, WP1lx6qhf231893643707
		ROLE = UIATreeItem
		TITLE = 
		SHAPE = Rect [x:553.0 y:1044.0 w:158.0 h:26.0]
		CHILDREN = 0
		PATH = [0, 3, 0, 0, 3, 1, 1, 1]
	DESCRIPTION = Left Click at ''
	TEXT = Compound Action =
		Move mouse to (632.0, 1057.0).
		Press Mouse Button BUTTON1
		Release Mouse Button BUTTON1

ExecutedAction [43]: 
 @Action ConcreteID = ACwqf1rc80395802608 AbstractID = AAwqf1rc80395802608
 ConcreteID CUSTOM = ConcreteID CUSTOM not available AbstractID CUSTOM = AAqw0uxi813213200104
 @State ConcreteID = SC136k8pe9b8196634406 AbstractID = SRom9fv89511933728618
 ConcreteID CUSTOM = SC1gt51kc9bf941629436 AbstractID CUSTOM = SA1qrbre09a51626411502

	ROLE = LeftClickAt
	TARGET =
		WIDGET = WC1aorqu7271084515790, WR5quxi6b4097176690, WT5quxi6b4097176690, WPt3k9ht233238216032
		ROLE = UIATreeItem
		TITLE = 
		SHAPE = Rect [x:934.0 y:1042.0 w:80.0 h:22.0]
		CHILDREN = 0
		PATH = [0, 3, 0, 0, 3, 0, 1, 4]
	DESCRIPTION = Left Click at ''
	TEXT = Compound Action =
		Move mouse to (974.0, 1053.0).
		Press Mouse Button BUTTON1
		Release Mouse Button BUTTON1

ExecutedAction [44]: 
 @Action ConcreteID = AClr86yr80509699202 AbstractID = AAlr86yr80509699202
 ConcreteID CUSTOM = ConcreteID CUSTOM not available AbstractID CUSTOM = AAfwu04x813061029274
 @State ConcreteID = SC136k8pe9b8196634406 AbstractID = SRom9fv89511933728618
 ConcreteID CUSTOM = SC1gt51kc9bf941629436 AbstractID CUSTOM = SA1qrbre09a51626411502

	ROLE = LeftClickAt
	TARGET =
		WIDGET = WCzh8ir72c3690954354, WR1k8fo0ra1109144095, WT1nm4611192860587041, WP16x9qdd282568739354
		ROLE = UIATabItem
		TITLE = Synchronization
		SHAPE = Rect [x:997.0 y:954.0 w:100.0 h:21.0]
		CHILDREN = 0
		PATH = [0, 0, 1, 1, 2]
	DESCRIPTION = Left Click at 'Synchronization'
	TEXT = Compound Action =
		Move mouse to (1047.0, 964.5).
		Press Mouse Button BUTTON1
		Release Mouse Button BUTTON1

ExecutedAction [45]: 
 @Action ConcreteID = AC112deaq804263277462 AbstractID = AA112deaq804263277462
 ConcreteID CUSTOM = ConcreteID CUSTOM not available AbstractID CUSTOM = AA1up5e61803746960907
 @State ConcreteID = SCo1nh2t71f1603078746 AbstractID = SR1u6hxyp6dd260700154
 ConcreteID CUSTOM = SCp7nf707232643310566 AbstractID CUSTOM = SAblobs77083425391493

	ROLE = LeftClickAt
	TARGET =
		WIDGET = WC4ha5xa272349753680, WR5quxi6b4097176690, WT5quxi6b4097176690, WP1lx6qk023229196286
		ROLE = UIATreeItem
		TITLE = 
		SHAPE = Rect [x:553.0 y:1118.0 w:158.0 h:26.0]
		CHILDREN = 0
		PATH = [0, 3, 0, 0, 3, 1, 1, 4]
	DESCRIPTION = Left Click at ''
	TEXT = Compound Action =
		Move mouse to (632.0, 1131.0).
		Press Mouse Button BUTTON1
		Release Mouse Button BUTTON1

ExecutedAction [46]: 
 @Action ConcreteID = ACagnkw2813205023731 AbstractID = AAagnkw2813205023731
 ConcreteID CUSTOM = ConcreteID CUSTOM not available AbstractID CUSTOM = AA5oar6381832004719
 @State ConcreteID = SCo1nh2t71f1603078746 AbstractID = SR1u6hxyp6dd260700154
 ConcreteID CUSTOM = SCp7nf707232643310566 AbstractID CUSTOM = SAblobs77083425391493

	ROLE = LeftClickAt
	TARGET =
		WIDGET = WCqqe6kc322114377163, WR1cs7rxoa2579320938, WTqnwiqj193662825705, WPor7vgq2e1554707198
		ROLE = UIASpinner
		TITLE = Subtitles/Video
		SHAPE = Rect [x:1036.0 y:1272.0 w:187.0 h:20.0]
		CHILDREN = 0
		PATH = [0, 0, 1, 0, 0, 1, 3]
	DESCRIPTION = Left Click at 'Subtitles/Video'
	TEXT = Compound Action =
		Move mouse to (1129.5, 1282.0).
		Press Mouse Button BUTTON1
		Release Mouse Button BUTTON1

ExecutedAction [47]: 
 @Action ConcreteID = AClb6978814094141027 AbstractID = AAlb6978814094141027
 ConcreteID CUSTOM = ConcreteID CUSTOM not available AbstractID CUSTOM = AAgitfh9812056783871
 @State ConcreteID = SCo1nh2t71f1603078746 AbstractID = SR1u6hxyp6dd260700154
 ConcreteID CUSTOM = SCp7nf707232643310566 AbstractID CUSTOM = SAblobs77083425391493

	ROLE = LeftClickAt
	TARGET =
		WIDGET = WC1aorqv2271505711247, WR5quxi6b4097176690, WT5quxi6b4097176690, WPt3k9io233625480225
		ROLE = UIATreeItem
		TITLE = 
		SHAPE = Rect [x:1014.0 y:1042.0 w:133.0 h:22.0]
		CHILDREN = 0
		PATH = [0, 3, 0, 0, 3, 0, 1, 5]
	DESCRIPTION = Left Click at ''
	TEXT = Compound Action =
		Move mouse to (1080.5, 1053.0).
		Press Mouse Button BUTTON1
		Release Mouse Button BUTTON1

ExecutedAction [48]: 
 @Action ConcreteID = AC66tnvl80236601472 AbstractID = AA66tnvl80236601472
 ConcreteID CUSTOM = ConcreteID CUSTOM not available AbstractID CUSTOM = AAztlnqw80793781533
 @State ConcreteID = SCo1nh2t71f1603078746 AbstractID = SR1u6hxyp6dd260700154
 ConcreteID CUSTOM = SCp7nf707232643310566 AbstractID CUSTOM = SAblobs77083425391493

	ROLE = LeftClickAt
	TARGET =
		WIDGET = WC1b8yprg1c1241856940, WR1p34e3y91942684430, WT1p34e3y91942684430, WPgzsjzu18725337081
		ROLE = UIASlider
		TITLE = 
		SHAPE = Rect [x:1050.0 y:966.0 w:85.0 h:26.0]
		CHILDREN = 0
		PATH = [0, 3, 2, 0, 1]
	DESCRIPTION = Left Click at ''
	TEXT = Compound Action =
		Move mouse to (1092.5, 979.0).
		Press Mouse Button BUTTON1
		Release Mouse Button BUTTON1

ExecutedAction [49]: 
 @Action ConcreteID = ACagnkw2813205023731 AbstractID = AAagnkw2813205023731
 ConcreteID CUSTOM = ConcreteID CUSTOM not available AbstractID CUSTOM = AA5oar6381832004719
 @State ConcreteID = SCo1nh2t71f1603078746 AbstractID = SR1u6hxyp6dd260700154
 ConcreteID CUSTOM = SCp7nf707232643310566 AbstractID CUSTOM = SAblobs77083425391493

	ROLE = LeftClickAt
	TARGET =
		WIDGET = WCqqe6kc322114377163, WR1cs7rxoa2579320938, WTqnwiqj193662825705, WPor7vgq2e1554707198
		ROLE = UIASpinner
		TITLE = Subtitles/Video
		SHAPE = Rect [x:1036.0 y:1272.0 w:187.0 h:20.0]
		CHILDREN = 0
		PATH = [0, 0, 1, 0, 0, 1, 3]
	DESCRIPTION = Left Click at 'Subtitles/Video'
	TEXT = Compound Action =
		Move mouse to (1129.5, 1282.0).
		Press Mouse Button BUTTON1
		Release Mouse Button BUTTON1

ExecutedAction [50]: 
 @Action ConcreteID = AC1cuj6w9802872444435 AbstractID = AA1cuj6w9802872444435
 ConcreteID CUSTOM = ConcreteID CUSTOM not available AbstractID CUSTOM = AA7g74sg802323407758
 @State ConcreteID = SCo1nh2t71f1603078746 AbstractID = SR1u6hxyp6dd260700154
 ConcreteID CUSTOM = SCp7nf707232643310566 AbstractID CUSTOM = SAblobs77083425391493

	ROLE = LeftClickAt
	TARGET =
		WIDGET = WC14695eq243401952870, WR1e04pz3e358922214, WT1e04pz3e358922214, WPxqycr82084286035
		ROLE = UIASplitButton
		TITLE = 
		SHAPE = Rect [x:548.0 y:1018.0 w:180.0 h:272.0]
		CHILDREN = 3
		PATH = [0, 3, 0, 0, 3, 1]
	DESCRIPTION = Left Click at ''
	TEXT = Compound Action =
		Move mouse to (638.0, 1154.0).
		Press Mouse Button BUTTON1
		Release Mouse Button BUTTON1

ExecutedAction [51]: 
 @Action ConcreteID = ACbqmos8803343983623 AbstractID = AAbqmos8803343983623
 ConcreteID CUSTOM = ConcreteID CUSTOM not available AbstractID CUSTOM = AA15deonj803860545946
 @State ConcreteID = SCo1nh2t71f1603078746 AbstractID = SR1u6hxyp6dd260700154
 ConcreteID CUSTOM = SCp7nf707232643310566 AbstractID CUSTOM = SAblobs77083425391493

	ROLE = LeftClickAt
	TARGET =
		WIDGET = WC4ha5wf273276796823, WR5quxi6b4097176690, WT5quxi6b4097176690, WP1lx6qj5231122555705
		ROLE = UIATreeItem
		TITLE = 
		SHAPE = Rect [x:548.0 y:1096.0 w:163.0 h:22.0]
		CHILDREN = 0
		PATH = [0, 3, 0, 0, 3, 1, 1, 3]
	DESCRIPTION = Left Click at ''
	TEXT = Compound Action =
		Move mouse to (629.5, 1107.0).
		Press Mouse Button BUTTON1
		Release Mouse Button BUTTON1

ExecutedAction [52]: 
 @Action ConcreteID = AC1l4mx6c80103150220 AbstractID = AA1l4mx6c80103150220
 ConcreteID CUSTOM = ConcreteID CUSTOM not available AbstractID CUSTOM = AAfqav2j80661624593
 @State ConcreteID = SCo1nh2t71f1603078746 AbstractID = SR1u6hxyp6dd260700154
 ConcreteID CUSTOM = SCp7nf707232643310566 AbstractID CUSTOM = SAblobs77083425391493

	ROLE = LeftClickAt
	TARGET =
		WIDGET = WCy0h1lu1f547900248, WR1h6ibpb92248851252, WT1h6ibpb92248851252, WP15x97mc1b264132894
		ROLE = UIAButton
		TITLE = 
		SHAPE = Rect [x:1210.0 y:985.0 w:23.0 h:22.0]
		CHILDREN = 0
		PATH = [0, 0, 1, 0, 0, 2]
	DESCRIPTION = Left Click at ''
	TEXT = Compound Action =
		Move mouse to (1221.5, 996.0).
		Press Mouse Button BUTTON1
		Release Mouse Button BUTTON1

ExecutedAction [53]: 
 @Action ConcreteID = ACoifbow802271016087 AbstractID = AAoifbow802271016087
 ConcreteID CUSTOM = ConcreteID CUSTOM not available AbstractID CUSTOM = AA1i57bk7802786496778
 @State ConcreteID = SCo1nh2t71f1603078746 AbstractID = SR1u6hxyp6dd260700154
 ConcreteID CUSTOM = SCp7nf707232643310566 AbstractID CUSTOM = SAblobs77083425391493

	ROLE = LeftClickAt
	TARGET =
		WIDGET = WCegxqps24111674149, WR1h6ibpb92248851252, WT1ucrw1re2380957031, WPbqz182201314489038
		ROLE = UIAButton
		TITLE = Discs
		SHAPE = Rect [x:548.0 y:996.0 w:39.0 h:22.0]
		CHILDREN = 0
		PATH = [0, 3, 0, 0, 0, 0]
	DESCRIPTION = Left Click at 'Discs'
	TEXT = Compound Action =
		Move mouse to (567.5, 1007.0).
		Press Mouse Button BUTTON1
		Release Mouse Button BUTTON1

ExecutedAction [54]: 
 @Action ConcreteID = AC1133cc2801349215107 AbstractID = AA1133cc2801349215107
 ConcreteID CUSTOM = ConcreteID CUSTOM not available AbstractID CUSTOM = AA1upvc7d801897989662
 @State ConcreteID = SCo1nh2t71f1603078746 AbstractID = SR1u6hxyp6dd260700154
 ConcreteID CUSTOM = SCp7nf707232643310566 AbstractID CUSTOM = SAblobs77083425391493

	ROLE = LeftClickAt
	TARGET =
		WIDGET = WCcb59pa232030241700, WR10fgh33101836453781, WT10fgh33101836453781, WP1f4itrg1f2348235590
		ROLE = UIACustomControl
		TITLE = 
		SHAPE = Rect [x:548.0 y:996.0 w:307.0 h:22.0]
		CHILDREN = 1
		PATH = [0, 3, 0, 0, 0]
	DESCRIPTION = Left Click at ''
	TEXT = Compound Action =
		Move mouse to (701.5, 1007.0).
		Press Mouse Button BUTTON1
		Release Mouse Button BUTTON1

ExecutedAction [55]: 
 @Action ConcreteID = AC1swz5yd803530602501 AbstractID = AA1swz5yd803530602501
 ConcreteID CUSTOM = ConcreteID CUSTOM not available AbstractID CUSTOM = AAnin3uk804080721304
 @State ConcreteID = SCo1nh2t71f1603078746 AbstractID = SR1u6hxyp6dd260700154
 ConcreteID CUSTOM = SCp7nf707232643310566 AbstractID CUSTOM = SAblobs77083425391493

	ROLE = LeftClickAt
	TARGET =
		WIDGET = WC4ha5up274051276053, WR5quxi6b4097176690, WT5quxi6b4097176690, WP1lx6qhf231893643707
		ROLE = UIATreeItem
		TITLE = 
		SHAPE = Rect [x:553.0 y:1044.0 w:158.0 h:26.0]
		CHILDREN = 0
		PATH = [0, 3, 0, 0, 3, 1, 1, 1]
	DESCRIPTION = Left Click at ''
	TEXT = Compound Action =
		Move mouse to (632.0, 1057.0).
		Press Mouse Button BUTTON1
		Release Mouse Button BUTTON1

ExecutedAction [56]: 
 @Action ConcreteID = ACv2jl8o811425439309 AbstractID = AAv2jl8o811425439309
 ConcreteID CUSTOM = ConcreteID CUSTOM not available AbstractID CUSTOM = AAibgpcy8237623947
 @State ConcreteID = SC1905i9n7be506193925 AbstractID = SR1lh9xg17751652770801
 ConcreteID CUSTOM = SC9mdnd37c52207236634 AbstractID CUSTOM = SA1o2peiw7ad2622603155

	ROLE = LeftClickAt
	TARGET =
		WIDGET = WCksdzcq1d2531252402, WR10fgh33101836453781, WT10fgh33101836453781, WP33czns191586358005
		ROLE = UIACustomControl
		TITLE = 
		SHAPE = Rect [x:822.0 y:954.0 w:424.0 h:387.0]
		CHILDREN = 2
		PATH = [0, 0, 1]
	DESCRIPTION = Left Click at ''
	TEXT = Compound Action =
		Move mouse to (1034.0, 1147.5).
		Press Mouse Button BUTTON1
		Release Mouse Button BUTTON1

ExecutedAction [57]: 
 @Action ConcreteID = AC1n9i2ks801056642762 AbstractID = AA1n9i2ks801056642762
 ConcreteID CUSTOM = ConcreteID CUSTOM not available AbstractID CUSTOM = AAm6w56a811163785215
 @State ConcreteID = SC1905i9n7be506193925 AbstractID = SR1lh9xg17751652770801
 ConcreteID CUSTOM = SC9mdnd37c52207236634 AbstractID CUSTOM = SA1o2peiw7ad2622603155

	ROLE = LeftClickAt
	TARGET =
		WIDGET = WC1kb7r7h21508008499, WR1e04pz3e358922214, WT1e04pz3e358922214, WP14jepmz1d1747774249
		ROLE = UIASplitButton
		TITLE = 
		SHAPE = Rect [x:865.0 y:996.0 w:23.0 h:22.0]
		CHILDREN = 0
		PATH = [0, 3, 0, 0, 1]
	DESCRIPTION = Left Click at ''
	TEXT = Compound Action =
		Move mouse to (876.5, 1007.0).
		Press Mouse Button BUTTON1
		Release Mouse Button BUTTON1

ExecutedAction [58]: 
 @Action ConcreteID = AC1p402d2812647525888 AbstractID = AA1p402d2812647525888
 ConcreteID CUSTOM = ConcreteID CUSTOM not available AbstractID CUSTOM = AA1ccx6hc823406194886
 @State ConcreteID = SC1905i9n7be506193925 AbstractID = SR1lh9xg17751652770801
 ConcreteID CUSTOM = SC9mdnd37c52207236634 AbstractID CUSTOM = SA1o2peiw7ad2622603155

	ROLE = LeftClickAt
	TARGET =
		WIDGET = WCwqx2aa263197725986, WR1cs7rxoa2579320938, WT1cs7rxoa2579320938, WP1ykwo5g222376022449
		ROLE = UIASpinner
		TITLE = 
		SHAPE = Rect [x:1036.0 y:1061.0 w:91.0 h:20.0]
		CHILDREN = 0
		PATH = [0, 0, 1, 0, 0, 0, 1, 0]
	DESCRIPTION = Left Click at ''
	TEXT = Compound Action =
		Move mouse to (1081.5, 1071.0).
		Press Mouse Button BUTTON1
		Release Mouse Button BUTTON1

ExecutedAction [59]: 
 @Action ConcreteID = ACftrauc80723169522 AbstractID = AAftrauc80723169522
 ConcreteID CUSTOM = ConcreteID CUSTOM not available AbstractID CUSTOM = AA1ds9fey811354520007
 @State ConcreteID = SC1905i9n7be506193925 AbstractID = SR1lh9xg17751652770801
 ConcreteID CUSTOM = SC9mdnd37c52207236634 AbstractID CUSTOM = SA1o2peiw7ad2622603155

	ROLE = LeftClickAt
	TARGET =
		WIDGET = WC14695eq243401952870, WR1e04pz3e358922214, WT1e04pz3e358922214, WPxqycr82084286035
		ROLE = UIASplitButton
		TITLE = 
		SHAPE = Rect [x:548.0 y:1018.0 w:180.0 h:272.0]
		CHILDREN = 3
		PATH = [0, 3, 0, 0, 3, 1]
	DESCRIPTION = Left Click at ''
	TEXT = Compound Action =
		Move mouse to (638.0, 1154.0).
		Press Mouse Button BUTTON1
		Release Mouse Button BUTTON1

ExecutedAction [60]: 
 @Action ConcreteID = AC1n9i2ks801056642762 AbstractID = AA1n9i2ks801056642762
 ConcreteID CUSTOM = ConcreteID CUSTOM not available AbstractID CUSTOM = AAm6w56a811163785215
 @State ConcreteID = SC1905i9n7be506193925 AbstractID = SR1lh9xg17751652770801
 ConcreteID CUSTOM = SC9mdnd37c52207236634 AbstractID CUSTOM = SA1o2peiw7ad2622603155

	ROLE = LeftClickAt
	TARGET =
		WIDGET = WC1kb7r7h21508008499, WR1e04pz3e358922214, WT1e04pz3e358922214, WP14jepmz1d1747774249
		ROLE = UIASplitButton
		TITLE = 
		SHAPE = Rect [x:865.0 y:996.0 w:23.0 h:22.0]
		CHILDREN = 0
		PATH = [0, 3, 0, 0, 1]
	DESCRIPTION = Left Click at ''
	TEXT = Compound Action =
		Move mouse to (876.5, 1007.0).
		Press Mouse Button BUTTON1
		Release Mouse Button BUTTON1

ExecutedAction [61]: 
 @Action ConcreteID = AC1r3uh6h81596270139 AbstractID = AA1r3uh6h81596270139
 ConcreteID CUSTOM = ConcreteID CUSTOM not available AbstractID CUSTOM = AA1ecrlar821967275773
 @State ConcreteID = SC1905i9n7be506193925 AbstractID = SR1lh9xg17751652770801
 ConcreteID CUSTOM = SC9mdnd37c52207236634 AbstractID CUSTOM = SA1o2peiw7ad2622603155

	ROLE = LeftClickAt
	TARGET =
		WIDGET = WC1apvc1s27595527663, WR5quxi6b4097176690, WT5quxi6b4097176690, WPt4nupe232732073793
		ROLE = UIATreeItem
		TITLE = 
		SHAPE = Rect [x:1014.0 y:1042.0 w:133.0 h:22.0]
		CHILDREN = 0
		PATH = [0, 3, 0, 0, 3, 0, 3, 5]
	DESCRIPTION = Left Click at ''
	TEXT = Compound Action =
		Move mouse to (1080.5, 1053.0).
		Press Mouse Button BUTTON1
		Release Mouse Button BUTTON1

ExecutedAction [62]: 
 @Action ConcreteID = AC5xsolt7f4118449497 AbstractID = AA5xsolt7f4118449497
 ConcreteID CUSTOM = ConcreteID CUSTOM not available AbstractID CUSTOM = AArnmbe3803803453075
 @State ConcreteID = SC1905i9n7be506193925 AbstractID = SR1lh9xg17751652770801
 ConcreteID CUSTOM = SC9mdnd37c52207236634 AbstractID CUSTOM = SA1o2peiw7ad2622603155

	ROLE = LeftClickAt
	TARGET =
		WIDGET = WCfl317c1c3034426427, WR88rmk0b1934231702, WT88rmk0b1934231702, WP1vfigti183649330840
		ROLE = UIACheckBox
		TITLE = 
		SHAPE = Rect [x:801.0 y:963.0 w:26.0 h:26.0]
		CHILDREN = 0
		PATH = [0, 3, 2, 10]
	DESCRIPTION = Left Click at ''
	TEXT = Compound Action =
		Move mouse to (814.0, 976.0).
		Press Mouse Button BUTTON1
		Release Mouse Button BUTTON1

ExecutedAction [63]: 
 @Action ConcreteID = AC7fs3ss7f1809089555 AbstractID = AA7fs3ss7f1809089555
 ConcreteID CUSTOM = ConcreteID CUSTOM not available AbstractID CUSTOM = AAt5lql2802082086873
 @State ConcreteID = SC1905i9n7be506193925 AbstractID = SR1lh9xg17751652770801
 ConcreteID CUSTOM = SC9mdnd37c52207236634 AbstractID CUSTOM = SA1o2peiw7ad2622603155

	ROLE = LeftClickAt
	TARGET =
		WIDGET = WC1pmpjm1233635091165, WR17v7k2nb1067391859, WT1p8hf68161996799177, WP19o0bpz1f64902350
		ROLE = UIAMenuItem
		TITLE = Video Alt+V
		SHAPE = Rect [x:708.0 y:938.0 w:46.0 h:20.0]
		CHILDREN = 0
		PATH = [0, 2, 3]
	DESCRIPTION = Left Click at 'Video Alt+V'
	TEXT = Compound Action =
		Move mouse to (731.0, 948.0).
		Press Mouse Button BUTTON1
		Release Mouse Button BUTTON1

ExecutedAction [64]: 
 @Action ConcreteID = AC1j3s1ug81452830338 AbstractID = AA1j3s1ug81452830338
 ConcreteID CUSTOM = ConcreteID CUSTOM not available AbstractID CUSTOM = AA1qj5lsd811610611127
 @State ConcreteID = SC1g5eptz8ea3946520263 AbstractID = SR19zex828a04014835807
 ConcreteID CUSTOM = SC1bkmj4s8f3366024773 AbstractID CUSTOM = SA1f0q1gh8d92479524337

	ROLE = LeftClickAt
	TARGET =
		WIDGET = WC17rnfm2c4047425163, WR5quxi6b4097176690, WT195glen10103067908, WPfoh1lg281914675535
		ROLE = UIATreeItem
		TITLE = 00:03
		SHAPE = Rect [x:934.0 y:1042.0 w:80.0 h:22.0]
		CHILDREN = 0
		PATH = [0, 3, 0, 0, 3, 0, 3, 4]
	DESCRIPTION = Left Click at '00:03'
	TEXT = Compound Action =
		Move mouse to (974.0, 1053.0).
		Press Mouse Button BUTTON1
		Release Mouse Button BUTTON1

ExecutedAction [65]: 
 @Action ConcreteID = AC1hi3vks804275738513 AbstractID = AA1hi3vks804275738513
 ConcreteID CUSTOM = ConcreteID CUSTOM not available AbstractID CUSTOM = AAgfhy6a812239525540
 @State ConcreteID = SC1905i9n7be506193925 AbstractID = SR1lh9xg17751652770801
 ConcreteID CUSTOM = SC9mdnd37c52207236634 AbstractID CUSTOM = SA1o2peiw7ad2622603155

	ROLE = LeftClickAt
	TARGET =
		WIDGET = WC4ha5tu273898777684, WR5quxi6b4097176690, WT5quxi6b4097176690, WP1lx6qgk231774552314
		ROLE = UIATreeItem
		TITLE = 
		SHAPE = Rect [x:553.0 y:1018.0 w:158.0 h:26.0]
		CHILDREN = 0
		PATH = [0, 3, 0, 0, 3, 1, 1, 0]
	DESCRIPTION = Left Click at ''
	TEXT = Compound Action =
		Move mouse to (632.0, 1031.0).
		Press Mouse Button BUTTON1
		Release Mouse Button BUTTON1

ExecutedAction [66]: 
 @Action ConcreteID = AC1aw7fva7f2119585759 AbstractID = AA1aw7fva7f2119585759
 ConcreteID CUSTOM = ConcreteID CUSTOM not available AbstractID CUSTOM = AA1wm12nk801771623445
 @State ConcreteID = SC1905i9n7be506193925 AbstractID = SR1lh9xg17751652770801
 ConcreteID CUSTOM = SC9mdnd37c52207236634 AbstractID CUSTOM = SA1o2peiw7ad2622603155

	ROLE = LeftClickAt
	TARGET =
		WIDGET = WC1lhezi8191377681994, WR1h6ibpb92248851252, WT1h6ibpb92248851252, WP11lh0s2153857103430
		ROLE = UIAButton
		TITLE = 
		SHAPE = Rect [x:551.0 y:960.0 w:32.0 h:32.0]
		CHILDREN = 0
		PATH = [0, 3, 2, 2]
	DESCRIPTION = Left Click at ''
	TEXT = Compound Action =
		Move mouse to (567.0, 976.0).
		Press Mouse Button BUTTON1
		Release Mouse Button BUTTON1

ExecutedAction [67]: 
 @Action ConcreteID = AC1rnhv9k802001849054 AbstractID = AA1rnhv9k802001849054
 ConcreteID CUSTOM = ConcreteID CUSTOM not available AbstractID CUSTOM = AAqkvxv281217526251
 @State ConcreteID = SC1905i9n7be506193925 AbstractID = SR1lh9xg17751652770801
 ConcreteID CUSTOM = SC9mdnd37c52207236634 AbstractID CUSTOM = SA1o2peiw7ad2622603155

	ROLE = LeftClickAt
	TARGET =
		WIDGET = WChhkzxr203155281532, WR4na8ob72534219213, WT4na8ob72534219213, WPq67z251c32516421
		ROLE = UIATree
		TITLE = 
		SHAPE = Rect [x:548.0 y:1018.0 w:180.0 h:139.0]
		CHILDREN = 6
		PATH = [0, 3, 0, 0, 3, 1, 1]
	DESCRIPTION = Left Click at ''
	TEXT = Compound Action =
		Move mouse to (638.0, 1087.5).
		Press Mouse Button BUTTON1
		Release Mouse Button BUTTON1

ExecutedAction [68]: 
 @Action ConcreteID = AC1c711qb804262529034 AbstractID = AA1c711qb804262529034
 ConcreteID CUSTOM = ConcreteID CUSTOM not available AbstractID CUSTOM = AAb4f4bt812243423551
 @State ConcreteID = SC1905i9n7be506193925 AbstractID = SR1lh9xg17751652770801
 ConcreteID CUSTOM = SC9mdnd37c52207236634 AbstractID CUSTOM = SA1o2peiw7ad2622603155

	ROLE = LeftClickAt
	TARGET =
		WIDGET = WChh17e4203007810894, WR4na8ob72534219213, WT4na8ob72534219213, WPq5o6ii1c245785207
		ROLE = UIATree
		TITLE = 
		SHAPE = Rect [x:733.0 y:1018.0 w:415.0 h:272.0]
		CHILDREN = 12
		PATH = [0, 3, 0, 0, 3, 0, 3]
	DESCRIPTION = Left Click at ''
	TEXT = Compound Action =
		Move mouse to (940.5, 1154.0).
		Press Mouse Button BUTTON1
		Release Mouse Button BUTTON1

ExecutedAction [69]: 
 @Action ConcreteID = ACv2jl8o811425439309 AbstractID = AAv2jl8o811425439309
 ConcreteID CUSTOM = ConcreteID CUSTOM not available AbstractID CUSTOM = AAibgpcy8237623947
 @State ConcreteID = SC1905i9n7be506193925 AbstractID = SR1lh9xg17751652770801
 ConcreteID CUSTOM = SC9mdnd37c52207236634 AbstractID CUSTOM = SA1o2peiw7ad2622603155

	ROLE = LeftClickAt
	TARGET =
		WIDGET = WCksdzcq1d2531252402, WR10fgh33101836453781, WT10fgh33101836453781, WP33czns191586358005
		ROLE = UIACustomControl
		TITLE = 
		SHAPE = Rect [x:822.0 y:954.0 w:424.0 h:387.0]
		CHILDREN = 2
		PATH = [0, 0, 1]
	DESCRIPTION = Left Click at ''
	TEXT = Compound Action =
		Move mouse to (1034.0, 1147.5).
		Press Mouse Button BUTTON1
		Release Mouse Button BUTTON1

ExecutedAction [70]: 
 @Action ConcreteID = ACftrauc80723169522 AbstractID = AAftrauc80723169522
 ConcreteID CUSTOM = ConcreteID CUSTOM not available AbstractID CUSTOM = AA1ds9fey811354520007
 @State ConcreteID = SC1905i9n7be506193925 AbstractID = SR1lh9xg17751652770801
 ConcreteID CUSTOM = SC9mdnd37c52207236634 AbstractID CUSTOM = SA1o2peiw7ad2622603155

	ROLE = LeftClickAt
	TARGET =
		WIDGET = WC14695eq243401952870, WR1e04pz3e358922214, WT1e04pz3e358922214, WPxqycr82084286035
		ROLE = UIASplitButton
		TITLE = 
		SHAPE = Rect [x:548.0 y:1018.0 w:180.0 h:272.0]
		CHILDREN = 3
		PATH = [0, 3, 0, 0, 3, 1]
	DESCRIPTION = Left Click at ''
	TEXT = Compound Action =
		Move mouse to (638.0, 1154.0).
		Press Mouse Button BUTTON1
		Release Mouse Button BUTTON1

ExecutedAction [71]: 
 @Action ConcreteID = AC1xmw7l481791525017 AbstractID = AA1xmw7l481791525017
 ConcreteID CUSTOM = ConcreteID CUSTOM not available AbstractID CUSTOM = AA1k90q4u811917351542
 @State ConcreteID = SC1ne4isu6cd120159124 AbstractID = SR1gp400o6912281918680
 ConcreteID CUSTOM = SCw4ckea6d11899676479 AbstractID CUSTOM = SAh1mp1e6be4143201821

	ROLE = LeftClickAt
	TARGET =
		WIDGET = WCqqe6m232677147213, WR1cs7rxoa2579320938, WTqnwiqj193662825705, WPor7vig2e183522680
		ROLE = UIASpinner
		TITLE = Subtitles/Video
		SHAPE = Rect [x:1036.0 y:1298.0 w:187.0 h:20.0]
		CHILDREN = 0
		PATH = [0, 0, 1, 0, 0, 1, 5]
	DESCRIPTION = Left Click at 'Subtitles/Video'
	TEXT = Compound Action =
		Move mouse to (1129.5, 1308.0).
		Press Mouse Button BUTTON1
		Release Mouse Button BUTTON1

ExecutedAction [72]: 
 @Action ConcreteID = AC4cqmav7f85768768 AbstractID = AA4cqmav7f85768768
 ConcreteID CUSTOM = ConcreteID CUSTOM not available AbstractID CUSTOM = AA1qvns997f3013312202
 @State ConcreteID = SC1ne4isu6cd120159124 AbstractID = SR1gp400o6912281918680
 ConcreteID CUSTOM = SCw4ckea6d11899676479 AbstractID CUSTOM = SAh1mp1e6be4143201821

	ROLE = LeftClickAt
	TARGET =
		WIDGET = WC1jhssi21b581102442, WR88rmk0b1934231702, WT88rmk0b1934231702, WPy94r7g172796856191
		ROLE = UIACheckBox
		TITLE = 
		SHAPE = Rect [x:775.0 y:963.0 w:26.0 h:26.0]
		CHILDREN = 0
		PATH = [0, 3, 2, 9]
	DESCRIPTION = Left Click at ''
	TEXT = Compound Action =
		Move mouse to (788.0, 976.0).
		Press Mouse Button BUTTON1
		Release Mouse Button BUTTON1

ExecutedAction [73]: 
 @Action ConcreteID = AC26tud7802868133852 AbstractID = AA26tud7802868133852
 ConcreteID CUSTOM = ConcreteID CUSTOM not available AbstractID CUSTOM = AA14pkllh802804929062
 @State ConcreteID = SC1ne4isu6cd120159124 AbstractID = SR1gp400o6912281918680
 ConcreteID CUSTOM = SCw4ckea6d11899676479 AbstractID CUSTOM = SAh1mp1e6be4143201821

	ROLE = LeftClickAt
	TARGET =
		WIDGET = WCcb59pa232030241700, WR10fgh33101836453781, WT10fgh33101836453781, WP1f4itrg1f2348235590
		ROLE = UIACustomControl
		TITLE = 
		SHAPE = Rect [x:548.0 y:996.0 w:307.0 h:22.0]
		CHILDREN = 1
		PATH = [0, 3, 0, 0, 0]
	DESCRIPTION = Left Click at ''
	TEXT = Compound Action =
		Move mouse to (701.5, 1007.0).
		Press Mouse Button BUTTON1
		Release Mouse Button BUTTON1

ExecutedAction [74]: 
 @Action ConcreteID = AC3hhj8q7f2026394254 AbstractID = AA3hhj8q7f2026394254
 ConcreteID CUSTOM = ConcreteID CUSTOM not available AbstractID CUSTOM = AA1q0ep747f3461322244
 @State ConcreteID = SC1ne4isu6cd120159124 AbstractID = SR1gp400o6912281918680
 ConcreteID CUSTOM = SCw4ckea6d11899676479 AbstractID CUSTOM = SAh1mp1e6be4143201821

	ROLE = LeftClickAt
	TARGET =
		WIDGET = WC11866p7221380889474, WR17v7k2nb1067391859, WT1y895rf152412617792, WP15p11o91e1057977303
		ROLE = UIAMenuItem
		TITLE = View Alt+i
		SHAPE = Rect [x:853.0 y:938.0 w:41.0 h:20.0]
		CHILDREN = 0
		PATH = [0, 2, 6]
	DESCRIPTION = Left Click at 'View Alt+i'
	TEXT = Compound Action =
		Move mouse to (873.5, 948.0).
		Press Mouse Button BUTTON1
		Release Mouse Button BUTTON1

ExecutedAction [75]: 
 @Action ConcreteID = AC1xmw7l481791525017 AbstractID = AA1xmw7l481791525017
 ConcreteID CUSTOM = ConcreteID CUSTOM not available AbstractID CUSTOM = AA1k90q4u811917351542
 @State ConcreteID = SC1ne4isu6cd120159124 AbstractID = SR1gp400o6912281918680
 ConcreteID CUSTOM = SCw4ckea6d11899676479 AbstractID CUSTOM = SAh1mp1e6be4143201821

	ROLE = LeftClickAt
	TARGET =
		WIDGET = WCqqe6m232677147213, WR1cs7rxoa2579320938, WTqnwiqj193662825705, WPor7vig2e183522680
		ROLE = UIASpinner
		TITLE = Subtitles/Video
		SHAPE = Rect [x:1036.0 y:1298.0 w:187.0 h:20.0]
		CHILDREN = 0
		PATH = [0, 0, 1, 0, 0, 1, 5]
	DESCRIPTION = Left Click at 'Subtitles/Video'
	TEXT = Compound Action =
		Move mouse to (1129.5, 1308.0).
		Press Mouse Button BUTTON1
		Release Mouse Button BUTTON1

ExecutedAction [76]: 
 @Action ConcreteID = AC1le0gnu801145633908 AbstractID = AA1le0gnu801145633908
 ConcreteID CUSTOM = ConcreteID CUSTOM not available AbstractID CUSTOM = AAovn5x0801234375054
 @State ConcreteID = SC1ne4isu6cd120159124 AbstractID = SR1gp400o6912281918680
 ConcreteID CUSTOM = SCw4ckea6d11899676479 AbstractID CUSTOM = SAh1mp1e6be4143201821

	ROLE = LeftClickAt
	TARGET =
		WIDGET = WC1kb7r7h21508008499, WR1e04pz3e358922214, WT1e04pz3e358922214, WP14jepmz1d1747774249
		ROLE = UIASplitButton
		TITLE = 
		SHAPE = Rect [x:865.0 y:996.0 w:23.0 h:22.0]
		CHILDREN = 0
		PATH = [0, 3, 0, 0, 1]
	DESCRIPTION = Left Click at ''
	TEXT = Compound Action =
		Move mouse to (876.5, 1007.0).
		Press Mouse Button BUTTON1
		Release Mouse Button BUTTON1

ExecutedAction [77]: 
 @Action ConcreteID = AC17zhrui812018858796 AbstractID = AA17zhrui812018858796
 ConcreteID CUSTOM = ConcreteID CUSTOM not available AbstractID CUSTOM = AAulmae881623941571
 @State ConcreteID = SC1ne4isu6cd120159124 AbstractID = SR1gp400o6912281918680
 ConcreteID CUSTOM = SCw4ckea6d11899676479 AbstractID CUSTOM = SAh1mp1e6be4143201821

	ROLE = LeftClickAt
	TARGET =
		WIDGET = WCksdzcq1d2531252402, WR10fgh33101836453781, WT10fgh33101836453781, WP33czns191586358005
		ROLE = UIACustomControl
		TITLE = 
		SHAPE = Rect [x:822.0 y:954.0 w:424.0 h:387.0]
		CHILDREN = 2
		PATH = [0, 0, 1]
	DESCRIPTION = Left Click at ''
	TEXT = Compound Action =
		Move mouse to (1034.0, 1147.5).
		Press Mouse Button BUTTON1
		Release Mouse Button BUTTON1

ExecutedAction [78]: 
 @Action ConcreteID = ACgrgu7f3687384313 AbstractID = AAgrgu7f3687384313
 ConcreteID CUSTOM = ConcreteID CUSTOM not available AbstractID CUSTOM = AA1mjdxf87f1833877619
 @State ConcreteID = SC1ne4isu6cd120159124 AbstractID = SR1gp400o6912281918680
 ConcreteID CUSTOM = SCw4ckea6d11899676479 AbstractID CUSTOM = SAh1mp1e6be4143201821

	ROLE = LeftClickAt
	TARGET =
		WIDGET = WC1lhezkt19492590221, WR1h6ibpb92248851252, WT1h6ibpb92248851252, WP11lh0un152863082625
		ROLE = UIAButton
		TITLE = 
		SHAPE = Rect [x:647.0 y:963.0 w:26.0 h:26.0]
		CHILDREN = 0
		PATH = [0, 3, 2, 5]
	DESCRIPTION = Left Click at ''
	TEXT = Compound Action =
		Move mouse to (660.0, 976.0).
		Press Mouse Button BUTTON1
		Release Mouse Button BUTTON1

ExecutedAction [79]: 
 @Action ConcreteID = ACgrgu7f3687384313 AbstractID = AAgrgu7f3687384313
 ConcreteID CUSTOM = ConcreteID CUSTOM not available AbstractID CUSTOM = AA1mjdxf87f1833877619
 @State ConcreteID = SC1ne4isu6cd120159124 AbstractID = SR1gp400o6912281918680
 ConcreteID CUSTOM = SCw4ckea6d11899676479 AbstractID CUSTOM = SAh1mp1e6be4143201821

	ROLE = LeftClickAt
	TARGET =
		WIDGET = WC1lhezkt19492590221, WR1h6ibpb92248851252, WT1h6ibpb92248851252, WP11lh0un152863082625
		ROLE = UIAButton
		TITLE = 
		SHAPE = Rect [x:647.0 y:963.0 w:26.0 h:26.0]
		CHILDREN = 0
		PATH = [0, 3, 2, 5]
	DESCRIPTION = Left Click at ''
	TEXT = Compound Action =
		Move mouse to (660.0, 976.0).
		Press Mouse Button BUTTON1
		Release Mouse Button BUTTON1

ExecutedAction [80]: 
 @Action ConcreteID = AC1fmm9nu802221505839 AbstractID = AA1fmm9nu802221505839
 ConcreteID CUSTOM = ConcreteID CUSTOM not available AbstractID CUSTOM = AAj48yx0802310181077
 @State ConcreteID = SC1ne4isu6cd120159124 AbstractID = SR1gp400o6912281918680
 ConcreteID CUSTOM = SCw4ckea6d11899676479 AbstractID CUSTOM = SAh1mp1e6be4143201821

	ROLE = LeftClickAt
	TARGET =
		WIDGET = WC4ha5tu273898777684, WR5quxi6b4097176690, WT5quxi6b4097176690, WP1lx6qgk231774552314
		ROLE = UIATreeItem
		TITLE = 
		SHAPE = Rect [x:553.0 y:1018.0 w:158.0 h:26.0]
		CHILDREN = 0
		PATH = [0, 3, 0, 0, 3, 1, 1, 0]
	DESCRIPTION = Left Click at ''
	TEXT = Compound Action =
		Move mouse to (632.0, 1031.0).
		Press Mouse Button BUTTON1
		Release Mouse Button BUTTON1

ExecutedAction [81]: 
 @Action ConcreteID = ACwz3bjk803115188549 AbstractID = AAwz3bjk803115188549
 ConcreteID CUSTOM = ConcreteID CUSTOM not available AbstractID CUSTOM = AA1oi0umh80124135298
 @State ConcreteID = SC1ooooyp92d3295540210 AbstractID = SRwer7ug8cb690558201
 ConcreteID CUSTOM = SC1h4akso9361027782920 AbstractID CUSTOM = SA1tjgf4n90f1950037715

	ROLE = LeftClickAt
	TARGET =
		WIDGET = WC1jhssi21b581102442, WR88rmk0b1934231702, WT88rmk0b1934231702, WPy94r7g172796856191
		ROLE = UIACheckBox
		TITLE = 
		SHAPE = Rect [x:775.0 y:963.0 w:26.0 h:26.0]
		CHILDREN = 0
		PATH = [0, 3, 2, 9]
	DESCRIPTION = Left Click at ''
	TEXT = Compound Action =
		Move mouse to (788.0, 976.0).
		Press Mouse Button BUTTON1
		Release Mouse Button BUTTON1

ExecutedAction [82]: 
 @Action ConcreteID = AC18q3ogg803719229915 AbstractID = AA18q3ogg803719229915
 ConcreteID CUSTOM = ConcreteID CUSTOM not available AbstractID CUSTOM = AA17x5k9801667684124
 @State ConcreteID = SC1ooooyp92d3295540210 AbstractID = SRwer7ug8cb690558201
 ConcreteID CUSTOM = SC1h4akso9361027782920 AbstractID CUSTOM = SA1tjgf4n90f1950037715

	ROLE = LeftClickAt
	TARGET =
		WIDGET = WC1lhezjy1971787980, WR1h6ibpb92248851252, WT1h6ibpb92248851252, WP11lh0ts153015450048
		ROLE = UIAButton
		TITLE = 
		SHAPE = Rect [x:621.0 y:963.0 w:26.0 h:26.0]
		CHILDREN = 0
		PATH = [0, 3, 2, 4]
	DESCRIPTION = Left Click at ''
	TEXT = Compound Action =
		Move mouse to (634.0, 976.0).
		Press Mouse Button BUTTON1
		Release Mouse Button BUTTON1

ExecutedAction [83]: 
 @Action ConcreteID = ACb90hwi811926580777 AbstractID = AAb90hwi811926580777
 ConcreteID CUSTOM = ConcreteID CUSTOM not available AbstractID CUSTOM = AAc6j9pl812003555612
 @State ConcreteID = SC1ooooyp92d3295540210 AbstractID = SRwer7ug8cb690558201
 ConcreteID CUSTOM = SC1h4akso9361027782920 AbstractID CUSTOM = SA1tjgf4n90f1950037715

	ROLE = LeftClickAt
	TARGET =
		WIDGET = WC18cl6rk2d655002207, WR5quxi6b4097176690, WT195glff102251739647, WP4n4wr2291830655721
		ROLE = UIATreeItem
		TITLE = 00:10
		SHAPE = Rect [x:934.0 y:1130.0 w:80.0 h:22.0]
		CHILDREN = 0
		PATH = [0, 3, 0, 0, 3, 0, 6, 16]
	DESCRIPTION = Left Click at '00:10'
	TEXT = Compound Action =
		Move mouse to (974.0, 1141.0).
		Press Mouse Button BUTTON1
		Release Mouse Button BUTTON1

ExecutedAction [84]: 
 @Action ConcreteID = AC1gax561813283762401 AbstractID = AA1gax561813283762401
 ConcreteID CUSTOM = ConcreteID CUSTOM not available AbstractID CUSTOM = AA1h8fwz4813322192852
 @State ConcreteID = SC1ooooyp92d3295540210 AbstractID = SRwer7ug8cb690558201
 ConcreteID CUSTOM = SC1h4akso9361027782920 AbstractID CUSTOM = SA1tjgf4n90f1950037715

	ROLE = LeftClickAt
	TARGET =
		WIDGET = WC4ha5xa272349753680, WR5quxi6b4097176690, WT5quxi6b4097176690, WP1lx6qk023229196286
		ROLE = UIATreeItem
		TITLE = 
		SHAPE = Rect [x:553.0 y:1114.0 w:158.0 h:26.0]
		CHILDREN = 0
		PATH = [0, 3, 0, 0, 3, 1, 1, 4]
	DESCRIPTION = Left Click at ''
	TEXT = Compound Action =
		Move mouse to (632.0, 1127.0).
		Press Mouse Button BUTTON1
		Release Mouse Button BUTTON1

ExecutedAction [85]: 
 @Action ConcreteID = AC17zhrui812018858796 AbstractID = AA17zhrui812018858796
 ConcreteID CUSTOM = ConcreteID CUSTOM not available AbstractID CUSTOM = AAulmae881623941571
 @State ConcreteID = SC1ne4isu6cd120159124 AbstractID = SR1gp400o6912281918680
 ConcreteID CUSTOM = SCw4ckea6d11899676479 AbstractID CUSTOM = SAh1mp1e6be4143201821

	ROLE = LeftClickAt
	TARGET =
		WIDGET = WCksdzcq1d2531252402, WR10fgh33101836453781, WT10fgh33101836453781, WP33czns191586358005
		ROLE = UIACustomControl
		TITLE = 
		SHAPE = Rect [x:822.0 y:954.0 w:424.0 h:387.0]
		CHILDREN = 2
		PATH = [0, 0, 1]
	DESCRIPTION = Left Click at ''
	TEXT = Compound Action =
		Move mouse to (1034.0, 1147.5).
		Press Mouse Button BUTTON1
		Release Mouse Button BUTTON1

ExecutedAction [86]: 
 @Action ConcreteID = ACwdr44i7f847733497 AbstractID = AAwdr44i7f847733497
 ConcreteID CUSTOM = ConcreteID CUSTOM not available AbstractID CUSTOM = AAjvk83s7f2214635123
 @State ConcreteID = SC1ne4isu6cd120159124 AbstractID = SR1gp400o6912281918680
 ConcreteID CUSTOM = SCw4ckea6d11899676479 AbstractID CUSTOM = SAh1mp1e6be4143201821

	ROLE = LeftClickAt
	TARGET =
		WIDGET = WCigl81b221236350214, WR17v7k2nb1067391859, WT1e6tvxi153323975668, WP1lyad311e2164392518
		ROLE = UIAMenuItem
		TITLE = Help Alt+H
		SHAPE = Rect [x:894.0 y:938.0 w:41.0 h:20.0]
		CHILDREN = 0
		PATH = [0, 2, 7]
	DESCRIPTION = Left Click at 'Help Alt+H'
	TEXT = Compound Action =
		Move mouse to (914.5, 948.0).
		Press Mouse Button BUTTON1
		Release Mouse Button BUTTON1

ExecutedAction [87]: 
 @Action ConcreteID = AC17zhrui812018858796 AbstractID = AA17zhrui812018858796
 ConcreteID CUSTOM = ConcreteID CUSTOM not available AbstractID CUSTOM = AAulmae881623941571
 @State ConcreteID = SC1ne4isu6cd120159124 AbstractID = SR1gp400o6912281918680
 ConcreteID CUSTOM = SCw4ckea6d11899676479 AbstractID CUSTOM = SAh1mp1e6be4143201821

	ROLE = LeftClickAt
	TARGET =
		WIDGET = WCksdzcq1d2531252402, WR10fgh33101836453781, WT10fgh33101836453781, WP33czns191586358005
		ROLE = UIACustomControl
		TITLE = 
		SHAPE = Rect [x:822.0 y:954.0 w:424.0 h:387.0]
		CHILDREN = 2
		PATH = [0, 0, 1]
	DESCRIPTION = Left Click at ''
	TEXT = Compound Action =
		Move mouse to (1034.0, 1147.5).
		Press Mouse Button BUTTON1
		Release Mouse Button BUTTON1

ExecutedAction [88]: 
 @Action ConcreteID = AC1yzxh3p813911050676 AbstractID = AA1yzxh3p813911050676
 ConcreteID CUSTOM = ConcreteID CUSTOM not available AbstractID CUSTOM = AA1lm1znf813027772763
 @State ConcreteID = SC1ne4isu6cd120159124 AbstractID = SR1gp400o6912281918680
 ConcreteID CUSTOM = SCw4ckea6d11899676479 AbstractID CUSTOM = SAh1mp1e6be4143201821

	ROLE = LeftClickAt
	TARGET =
		WIDGET = WC1pkjjch261915973052, WR1cs7rxoa2579320938, WT1cs7rxoa2579320938, WPsdf38j221094007087
		ROLE = UIASpinner
		TITLE = 
		SHAPE = Rect [x:1036.0 y:1195.0 w:91.0 h:20.0]
		CHILDREN = 0
		PATH = [0, 0, 1, 0, 0, 1, 1, 0]
	DESCRIPTION = Left Click at ''
	TEXT = Compound Action =
		Move mouse to (1081.5, 1205.0).
		Press Mouse Button BUTTON1
		Release Mouse Button BUTTON1

ExecutedAction [89]: 
 @Action ConcreteID = AC2zu6zs812976720737 AbstractID = AA2zu6zs812976720737
 ConcreteID CUSTOM = ConcreteID CUSTOM not available AbstractID CUSTOM = AA1on2rim813960006542
 @State ConcreteID = SC1ne4isu6cd120159124 AbstractID = SR1gp400o6912281918680
 ConcreteID CUSTOM = SCw4ckea6d11899676479 AbstractID CUSTOM = SAh1mp1e6be4143201821

	ROLE = LeftClickAt
	TARGET =
		WIDGET = WCwqx2aa263197725986, WR1cs7rxoa2579320938, WT1cs7rxoa2579320938, WP1ykwo5g222376022449
		ROLE = UIASpinner
		TITLE = 
		SHAPE = Rect [x:1036.0 y:1061.0 w:91.0 h:20.0]
		CHILDREN = 0
		PATH = [0, 0, 1, 0, 0, 0, 1, 0]
	DESCRIPTION = Left Click at ''
	TEXT = Compound Action =
		Move mouse to (1081.5, 1071.0).
		Press Mouse Button BUTTON1
		Release Mouse Button BUTTON1

ExecutedAction [90]: 
 @Action ConcreteID = AC16d52ui7f2330099440 AbstractID = AA16d52ui7f2330099440
 ConcreteID CUSTOM = ConcreteID CUSTOM not available AbstractID CUSTOM = AAtuy6ts7f1013299834
 @State ConcreteID = SC1ne4isu6cd120159124 AbstractID = SR1gp400o6912281918680
 ConcreteID CUSTOM = SCw4ckea6d11899676479 AbstractID CUSTOM = SAh1mp1e6be4143201821

	ROLE = LeftClickAt
	TARGET =
		WIDGET = WCzxkocd2a3149847004, WR1k8fo0ra1109144095, WT1q6qccd17734633670, WP1ysyxhn261539884999
		ROLE = UIATabItem
		TITLE = Audio Effects
		SHAPE = Rect [x:822.0 y:954.0 w:88.0 h:21.0]
		CHILDREN = 0
		PATH = [0, 0, 1, 1, 0]
	DESCRIPTION = Left Click at 'Audio Effects'
	TEXT = Compound Action =
		Move mouse to (866.0, 964.5).
		Press Mouse Button BUTTON1
		Release Mouse Button BUTTON1

ExecutedAction [91]: 
 @Action ConcreteID = AC2fb5t17e2689262502 AbstractID = AA2fb5t17e2689262502
 ConcreteID CUSTOM = ConcreteID CUSTOM not available AbstractID CUSTOM = AA1uzubgk803469495006
 @State ConcreteID = SCkcarwb966526398962 AbstractID = SR246ij59054021154959
 ConcreteID CUSTOM = SC194ll0896d1393841355 AbstractID CUSTOM = SA1xlscmp95b3222790724

	ROLE = LeftClickAt
	TARGET =
		WIDGET = WC194dial2f319575666, WR1k8fo0ra1109144095, WTiy3hkn133698992215, WPkov0sv2b2847267803
		ROLE = UIATabItem
		TITLE = Equalizer
		SHAPE = Rect [x:833.0 y:985.0 w:67.0 h:21.0]
		CHILDREN = 0
		PATH = [0, 0, 1, 0, 0, 0, 1, 0]
	DESCRIPTION = Left Click at 'Equalizer'
	TEXT = Compound Action =
		Move mouse to (866.5, 995.5).
		Press Mouse Button BUTTON1
		Release Mouse Button BUTTON1

ExecutedAction [92]: 
 @Action ConcreteID = AC12tdgto7e1671807702 AbstractID = AA12tdgto7e1671807702
 ConcreteID CUSTOM = ConcreteID CUSTOM not available AbstractID CUSTOM = AAwcski380220425134
 @State ConcreteID = SCkcarwb966526398962 AbstractID = SR246ij59054021154959
 ConcreteID CUSTOM = SC194ll0896d1393841355 AbstractID CUSTOM = SA1xlscmp95b3222790724

	ROLE = LeftClickAt
	TARGET =
		WIDGET = WCzxkocd2a3149847004, WR1k8fo0ra1109144095, WT1q6qccd17734633670, WP1ysyxhn261539884999
		ROLE = UIATabItem
		TITLE = Audio Effects
		SHAPE = Rect [x:822.0 y:954.0 w:88.0 h:21.0]
		CHILDREN = 0
		PATH = [0, 0, 1, 1, 0]
	DESCRIPTION = Left Click at 'Audio Effects'
	TEXT = Compound Action =
		Move mouse to (866.0, 964.5).
		Press Mouse Button BUTTON1
		Release Mouse Button BUTTON1

ExecutedAction [93]: 
 @Action ConcreteID = ACsz0a17e3965388390 AbstractID = AAsz0a17e3965388390
 ConcreteID CUSTOM = ConcreteID CUSTOM not available AbstractID CUSTOM = AA1tdi5xk802195566366
 @State ConcreteID = SCkcarwb966526398962 AbstractID = SR246ij59054021154959
 ConcreteID CUSTOM = SC194ll0896d1393841355 AbstractID CUSTOM = SA1xlscmp95b3222790724

	ROLE = LeftClickAt
	TARGET =
		WIDGET = WC1jhssi21b581102442, WR88rmk0b1934231702, WT88rmk0b1934231702, WPy94r7g172796856191
		ROLE = UIACheckBox
		TITLE = 
		SHAPE = Rect [x:775.0 y:963.0 w:26.0 h:26.0]
		CHILDREN = 0
		PATH = [0, 3, 2, 9]
	DESCRIPTION = Left Click at ''
	TEXT = Compound Action =
		Move mouse to (788.0, 976.0).
		Press Mouse Button BUTTON1
		Release Mouse Button BUTTON1

ExecutedAction [94]: 
 @Action ConcreteID = AC13jqqrs7e3047216470 AbstractID = AA13jqqrs7e3047216470
 ConcreteID CUSTOM = ConcreteID CUSTOM not available AbstractID CUSTOM = AAx35ug7803676732462
 @State ConcreteID = SCkcarwb966526398962 AbstractID = SR246ij59054021154959
 ConcreteID CUSTOM = SC194ll0896d1393841355 AbstractID CUSTOM = SA1xlscmp95b3222790724

	ROLE = LeftClickAt
	TARGET =
		WIDGET = WC3ov4pj2a1543854926, WR1k8fo0ra1109144095, WTip8fqa174052975287, WP1yyvwf9262005146579
		ROLE = UIATabItem
		TITLE = Video Effects
		SHAPE = Rect [x:910.0 y:954.0 w:87.0 h:21.0]
		CHILDREN = 0
		PATH = [0, 0, 1, 1, 1]
	DESCRIPTION = Left Click at 'Video Effects'
	TEXT = Compound Action =
		Move mouse to (953.5, 964.5).
		Press Mouse Button BUTTON1
		Release Mouse Button BUTTON1

ExecutedAction [95]: 
 @Action ConcreteID = ACs84qqf801040728307 AbstractID = AAs84qqf801040728307
 ConcreteID CUSTOM = ConcreteID CUSTOM not available AbstractID CUSTOM = AA1n8k127801254122723
 @State ConcreteID = SC14cfvpu81b2627439558 AbstractID = SR1cog7s28012344060555
 ConcreteID CUSTOM = SC1rvg8es82a170083705 AbstractID CUSTOM = SA19sgibp8184267572574

	ROLE = LeftClickAt
	TARGET =
		WIDGET = WCoa5w6c233122696270, WR17v7k2nb1067391859, WT1faw5jq16422026351, WPzrter61f3097932180
		ROLE = UIAMenuItem
		TITLE = Audio Alt+A
		SHAPE = Rect [x:660.0 y:938.0 w:48.0 h:20.0]
		CHILDREN = 0
		PATH = [0, 2, 2]
	DESCRIPTION = Left Click at 'Audio Alt+A'
	TEXT = Compound Action =
		Move mouse to (684.0, 948.0).
		Press Mouse Button BUTTON1
		Release Mouse Button BUTTON1

ExecutedAction [96]: 
 @Action ConcreteID = ACz3vwgh801088592009 AbstractID = AAz3vwgh801088592009
 ConcreteID CUSTOM = ConcreteID CUSTOM not available AbstractID CUSTOM = AA146frx97f1398338405
 @State ConcreteID = SCvlwh3d8e12447245536 AbstractID = SRqlj62h8c83507062810
 ConcreteID CUSTOM = SC19wzk988ee2854100963 AbstractID CUSTOM = SAsgtu818df663371112

	ROLE = LeftClickAt
	TARGET =
		WIDGET = WC4ha5xa272349753680, WR5quxi6b4097176690, WT5quxi6b4097176690, WP1lx6qk023229196286
		ROLE = UIATreeItem
		TITLE = 
		SHAPE = Rect [x:553.0 y:1114.0 w:158.0 h:26.0]
		CHILDREN = 0
		PATH = [0, 3, 0, 0, 3, 1, 1, 4]
	DESCRIPTION = Left Click at ''
	TEXT = Compound Action =
		Move mouse to (632.0, 1127.0).
		Press Mouse Button BUTTON1
		Release Mouse Button BUTTON1

ExecutedAction [97]: 
 @Action ConcreteID = ACnmjjc880655740779 AbstractID = AAnmjjc880655740779
 ConcreteID CUSTOM = ConcreteID CUSTOM not available AbstractID CUSTOM = AA1imyto0801407052667
 @State ConcreteID = SC14cfvpu81b2627439558 AbstractID = SR1cog7s28012344060555
 ConcreteID CUSTOM = SC1rvg8es82a170083705 AbstractID CUSTOM = SA19sgibp8184267572574

	ROLE = LeftClickAt
	TARGET =
		WIDGET = WCku1d5o1d4199739809, WR10fgh33101836453781, WT10fgh33101836453781, WP350dgq19838914022
		ROLE = UIACustomControl
		TITLE = 
		SHAPE = Rect [x:548.0 y:959.0 w:600.0 h:34.0]
		CHILDREN = 11
		PATH = [0, 3, 2]
	DESCRIPTION = Left Click at ''
	TEXT = Compound Action =
		Move mouse to (848.0, 976.0).
		Press Mouse Button BUTTON1
		Release Mouse Button BUTTON1

ExecutedAction [98]: 
 @Action ConcreteID = AC129cfn1801991547355 AbstractID = AA129cfn1801991547355
 ConcreteID CUSTOM = ConcreteID CUSTOM not available AbstractID CUSTOM = AA1x9rpyt8041729483
 @State ConcreteID = SC14cfvpu81b2627439558 AbstractID = SR1cog7s28012344060555
 ConcreteID CUSTOM = SC1rvg8es82a170083705 AbstractID CUSTOM = SA19sgibp8184267572574

	ROLE = LeftClickAt
	TARGET =
		WIDGET = WC1lhezjy1971787980, WR1h6ibpb92248851252, WT1h6ibpb92248851252, WP11lh0ts153015450048
		ROLE = UIAButton
		TITLE = 
		SHAPE = Rect [x:621.0 y:963.0 w:26.0 h:26.0]
		CHILDREN = 0
		PATH = [0, 3, 2, 4]
	DESCRIPTION = Left Click at ''
	TEXT = Compound Action =
		Move mouse to (634.0, 976.0).
		Press Mouse Button BUTTON1
		Release Mouse Button BUTTON1

ExecutedAction [99]: 
 @Action ConcreteID = AC1t93t7w801263516277 AbstractID = AA1t93t7w801263516277
 ConcreteID CUSTOM = ConcreteID CUSTOM not available AbstractID CUSTOM = AAp8f1kk801065852517
 @State ConcreteID = SC14cfvpu81b2627439558 AbstractID = SR1cog7s28012344060555
 ConcreteID CUSTOM = SC1rvg8es82a170083705 AbstractID CUSTOM = SA19sgibp8184267572574

	ROLE = LeftClickAt
	TARGET =
		WIDGET = WC3ov4pj2a1543854926, WR1k8fo0ra1109144095, WTip8fqa174052975287, WP1yyvwf9262005146579
		ROLE = UIATabItem
		TITLE = Video Effects
		SHAPE = Rect [x:910.0 y:954.0 w:87.0 h:21.0]
		CHILDREN = 0
		PATH = [0, 0, 1, 1, 1]
	DESCRIPTION = Left Click at 'Video Effects'
	TEXT = Compound Action =
		Move mouse to (953.5, 964.5).
		Press Mouse Button BUTTON1
		Release Mouse Button BUTTON1

ExecutedAction [100]: 
 @Action ConcreteID = ACq2pham8061441663 AbstractID = AAq2pham8061441663
 ConcreteID CUSTOM = ConcreteID CUSTOM not available AbstractID CUSTOM = AA1l34rme802002887279
 @State ConcreteID = SC14cfvpu81b2627439558 AbstractID = SR1cog7s28012344060555
 ConcreteID CUSTOM = SC1rvg8es82a170083705 AbstractID CUSTOM = SA19sgibp8184267572574

	ROLE = LeftClickAt
	TARGET =
		WIDGET = WC1wrqmi2234196699901, WR17v7k2nb1067391859, WTwtxn65161410781764, WPzqtl881f1988517030
		ROLE = UIAMenuItem
		TITLE = Tools Alt+s
		SHAPE = Rect [x:810.0 y:938.0 w:43.0 h:20.0]
		CHILDREN = 0
		PATH = [0, 2, 5]
	DESCRIPTION = Left Click at 'Tools Alt+s'
	TEXT = Compound Action =
		Move mouse to (831.5, 948.0).
		Press Mouse Button BUTTON1
		Release Mouse Button BUTTON1

Sequence 1 finished.
Copying generated sequence ("sequence142") to output directory...
Copying classified sequence ("sequence142") to sequences_ok folder...
