Starting sequence 1 (output as: sequence2485)

ExecutedAction [1]: 
 @Action ConcreteID = AC11qswk07d2087936372 AbstractID = AA11qswk07d2087936372
 ConcreteID CUSTOM = ConcreteID CUSTOM not available AbstractID CUSTOM = AAggg1ap7d1707561058
 @State ConcreteID = SCokt4g9404418050760 AbstractID = SR1jumdpu3ea1420136284
 ConcreteID CUSTOM = SC7x3hda3fe4134442500 AbstractID CUSTOM = SAylrvaj3f6384252902

	ROLE = LeftClickAt
	TARGET =
		WIDGET = WCe199v1c3425703687, WR17v7k2nb1067391859, WT1qeha5gf2005531835, WP6s8mbl181609756991
		ROLE = UIAMenuItem
		TITLE = View
		SHAPE = Rect [x:178.0 y:58.0 w:39.0 h:19.0]
		CHILDREN = 0
		PATH = [2, 2, 3]
	DESCRIPTION = Left Click at 'View'
	TEXT = Compound Action =
		Move mouse to (197.5, 67.5).
		Press Mouse Button BUTTON1
		Release Mouse Button BUTTON1

ExecutedAction [2]: 
 @Action ConcreteID = AC8s6wca7e4188594368 AbstractID = AA8s6wca7e4188594368
 ConcreteID CUSTOM = ConcreteID CUSTOM not available AbstractID CUSTOM = AA1xukr5t7d3514962190
 @State ConcreteID = SC1jxuba942b2175855542 AbstractID = SRu7fzor41191188062
 ConcreteID CUSTOM = SC11xwlc42e3922295528 AbstractID CUSTOM = SA1apmqet426551091108

	ROLE = LeftClickAt
	TARGET =
		WIDGET = WC1fq8of51c1137128810, WR17v7k2nb1067391859, WT1qe72ijf99311909, WPjb55v3183672861707
		ROLE = UIAMenuItem
		TITLE = File
		SHAPE = Rect [x:60.0 y:58.0 w:32.0 h:19.0]
		CHILDREN = 0
		PATH = [0, 2, 0]
	DESCRIPTION = Left Click at 'File'
	TEXT = Compound Action =
		Move mouse to (76.0, 67.5).
		Press Mouse Button BUTTON1
		Release Mouse Button BUTTON1

ExecutedAction [3]: 
 @Action ConcreteID = ACl4b51s7e424600041 AbstractID = AAl4b51s7e424600041
 ConcreteID CUSTOM = ConcreteID CUSTOM not available AbstractID CUSTOM = AAh8ptb7e3984842889
 @State ConcreteID = SCokt4g9404418050760 AbstractID = SR1jumdpu3ea1420136284
 ConcreteID CUSTOM = SC7x3hda3fe4134442500 AbstractID CUSTOM = SAylrvaj3f6384252902

	ROLE = LeftClickAt
	TARGET =
		WIDGET = WC1yvpelh1e3654706581, WR1h6ibpb92248851252, WT1oq4bf6111982837149, WP1xzj8qb1a2904400714
		ROLE = UIAButton
		TITLE = Maximise
		SHAPE = Rect [x:1041.0 y:28.0 w:46.0 h:30.0]
		CHILDREN = 0
		PATH = [2, 1, 2]
	DESCRIPTION = Left Click at 'Maximise'
	TEXT = Compound Action =
		Move mouse to (1064.0, 43.0).
		Press Mouse Button BUTTON1
		Release Mouse Button BUTTON1

ExecutedAction [4]: 
 @Action ConcreteID = AC1ica2wye04207787068 AbstractID = AAy7murqd42493967379
 ConcreteID CUSTOM = ConcreteID CUSTOM not available AbstractID CUSTOM = AA4ke5n8d3507449376
 @State ConcreteID = SClgo7cp4044055860464 AbstractID = SR1jumdpu3ea1420136284
 ConcreteID CUSTOM = SC15u561m3fc717293989 AbstractID CUSTOM = SAylrvaj3f6384252902

	ROLE = ClickTypeInto
	TARGET =
		WIDGET = WChav7hr1c372043535, WR4n0dlj72701565195, WTei4yvd121088706799, WP1p8d0dd183534326111
		ROLE = UIAEdit
		TITLE = Text Editor
		SHAPE = Rect [x:0.0 y:43.0 w:1680.0 h:967.0]
		CHILDREN = 1
		PATH = [2, 0]
	DESCRIPTION = Type 'test' into 'Text Editor
	TEXT = Compound Action =
		Compound Action =
		Move mouse to (840.0, 526.5).
		Press Mouse Button BUTTON1
		Release Mouse Button BUTTON1
		Press Key 17
		Press Key 65
		Release Key 65
		Release Key 17
		Type text 'test'

Forcing SUT activation (bring to foreground) action
ExecutedAction [5]: 
 @Action ConcreteID = ACqtum5z381051969309 AbstractID = AAqtum5z381051969309
 ConcreteID CUSTOM = ConcreteID CUSTOM not available AbstractID CUSTOM = AA10e3n2d372616431800
 @State ConcreteID = SClgo7cp4044055860464 AbstractID = SR1jumdpu3ea1420136284
 ConcreteID CUSTOM = SC15u561m3fc717293989 AbstractID CUSTOM = SAylrvaj3f6384252902

	DESCRIPTION = Bring the system to the foreground.
	TEXT = Bring the system to the foreground.

Forcing SUT activation (bring to foreground) action
ExecutedAction [6]: 
 @Action ConcreteID = ACqtum5z381051969309 AbstractID = AAqtum5z381051969309
 ConcreteID CUSTOM = ConcreteID CUSTOM not available AbstractID CUSTOM = AA10e3n2d372616431800
 @State ConcreteID = SClgo7cp4044055860464 AbstractID = SR1jumdpu3ea1420136284
 ConcreteID CUSTOM = SC15u561m3fc717293989 AbstractID CUSTOM = SAylrvaj3f6384252902

	DESCRIPTION = Bring the system to the foreground.
	TEXT = Bring the system to the foreground.

Forcing SUT activation (bring to foreground) action
ExecutedAction [7]: 
 @Action ConcreteID = ACqtum5z381051969309 AbstractID = AAqtum5z381051969309
 ConcreteID CUSTOM = ConcreteID CUSTOM not available AbstractID CUSTOM = AA10e3n2d372616431800
 @State ConcreteID = SClgo7cp4044055860464 AbstractID = SR1jumdpu3ea1420136284
 ConcreteID CUSTOM = SC15u561m3fc717293989 AbstractID CUSTOM = SAylrvaj3f6384252902

	DESCRIPTION = Bring the system to the foreground.
	TEXT = Bring the system to the foreground.

ExecutedAction [8]: 
 @Action ConcreteID = AC825v1cf63670572379 AbstractID = AA24pjobd41538672600
 ConcreteID CUSTOM = ConcreteID CUSTOM not available AbstractID CUSTOM = AA17ikwixd33509566443
 @State ConcreteID = SClgo7cp4044055860464 AbstractID = SR1jumdpu3ea1420136284
 ConcreteID CUSTOM = SC15u561m3fc717293989 AbstractID CUSTOM = SAylrvaj3f6384252902

	ROLE = ClickTypeInto
	TARGET =
		WIDGET = WCh9rmb11c1827454063, WR4n0dlj72701565195, WTei4yvd121088706799, WP1p79f6n182825509439
		ROLE = UIAEdit
		TITLE = Text Editor
		SHAPE = Rect [x:60.0 y:78.0 w:1073.0 h:318.0]
		CHILDREN = 1
		PATH = [0, 0]
	DESCRIPTION = Type 'src=JaVaSCript:p...' into 'Text Editor
	TEXT = Compound Action =
		Compound Action =
		Move mouse to (596.5, 237.0).
		Press Mouse Button BUTTON1
		Release Mouse Button BUTTON1
		Press Key 17
		Press Key 65
		Release Key 65
		Release Key 17
		Type text 'src=JaVaSCript:prompt(132)'

ExecutedAction [9]: 
 @Action ConcreteID = AC1knul3a7d987172606 AbstractID = AA1knul3a7d987172606
 ConcreteID CUSTOM = ConcreteID CUSTOM not available AbstractID CUSTOM = AAkb9ko7c3684100650
 @State ConcreteID = SClgo7cp4044055860464 AbstractID = SR1jumdpu3ea1420136284
 ConcreteID CUSTOM = SC15u561m3fc717293989 AbstractID CUSTOM = SAylrvaj3f6384252902

	ROLE = LeftClickAt
	TARGET =
		WIDGET = WC1fq8of51c1137128810, WR17v7k2nb1067391859, WT1qe72ijf99311909, WPjb55v3183672861707
		ROLE = UIAMenuItem
		TITLE = File
		SHAPE = Rect [x:60.0 y:58.0 w:32.0 h:19.0]
		CHILDREN = 0
		PATH = [0, 2, 0]
	DESCRIPTION = Left Click at 'File'
	TEXT = Compound Action =
		Move mouse to (76.0, 67.5).
		Press Mouse Button BUTTON1
		Release Mouse Button BUTTON1

ExecutedAction [10]: 
 @Action ConcreteID = AC1maalj17e519362504 AbstractID = AA1maalj17e519362504
 ConcreteID CUSTOM = ConcreteID CUSTOM not available AbstractID CUSTOM = AAnzczwr7d2678816993
 @State ConcreteID = SClgo7cp4044055860464 AbstractID = SR1jumdpu3ea1420136284
 ConcreteID CUSTOM = SC15u561m3fc717293989 AbstractID CUSTOM = SAylrvaj3f6384252902

	ROLE = LeftClickAt
	TARGET =
		WIDGET = WCwkswyr1e3256360177, WR17v7k2nb1067391859, WTaz2n92112307194186, WP134nzqp1a3406694771
		ROLE = UIAMenuItem
		TITLE = Format
		SHAPE = Rect [x:126.0 y:58.0 w:52.0 h:19.0]
		CHILDREN = 0
		PATH = [1, 2, 2]
	DESCRIPTION = Left Click at 'Format'
	TEXT = Compound Action =
		Move mouse to (152.0, 67.5).
		Press Mouse Button BUTTON1
		Release Mouse Button BUTTON1

Sequence 1 finished.
Copying generated sequence ("sequence2485") to output directory...
Copying classified sequence ("sequence2485") to sequences_ok folder...
