Starting sequence 1 (output as: sequence2332)

ExecutedAction [1]: 
 @Action ConcreteID = AC1todsrb1223690962203 AbstractID = AArkhxuwd33830899133
 ConcreteID CUSTOM = ConcreteID CUSTOM not available AbstractID CUSTOM = AA17ikwixd33509566443
 @State ConcreteID = SCokt4g9404418050760 AbstractID = SR1jumdpu3ea1420136284
 ConcreteID CUSTOM = SC7x3hda3fe4134442500 AbstractID CUSTOM = SAylrvaj3f6384252902

	ROLE = ClickTypeInto
	TARGET =
		WIDGET = WCh9rmb11c1827454063, WR4n0dlj72701565195, WTei4yvd121088706799, WP1p79f6n182825509439
		ROLE = UIAEdit
		TITLE = Text Editor
		SHAPE = Rect [x:60.0 y:78.0 w:1073.0 h:318.0]
		CHILDREN = 1
		PATH = [0, 0]
	DESCRIPTION = Type '<a href="\x0Fjav...' into 'Text Editor
	TEXT = Compound Action =
		Compound Action =
		Move mouse to (596.5, 237.0).
		Press Mouse Button BUTTON1
		Release Mouse Button BUTTON1
		Press Key 17
		Press Key 65
		Release Key 65
		Release Key 17
		Type text '<a href="\x0Fjavascript:javascript:alert(1)" id="fuzzelement1">test</a>'

ExecutedAction [2]: 
 @Action ConcreteID = AC8vobqu7d3681554449 AbstractID = AA8vobqu7d3681554449
 ConcreteID CUSTOM = ConcreteID CUSTOM not available AbstractID CUSTOM = AA1mmfign7d3267633415
 @State ConcreteID = SCokt4g9404418050760 AbstractID = SR1jumdpu3ea1420136284
 ConcreteID CUSTOM = SC7x3hda3fe4134442500 AbstractID CUSTOM = SAylrvaj3f6384252902

	ROLE = LeftClickAt
	TARGET =
		WIDGET = WCdewx6a1c3359014503, WR17v7k2nb1067391859, WT1qe6brdf138512687, WP1hw5kjk181504605950
		ROLE = UIAMenuItem
		TITLE = Edit
		SHAPE = Rect [x:92.0 y:58.0 w:34.0 h:19.0]
		CHILDREN = 0
		PATH = [0, 2, 1]
	DESCRIPTION = Left Click at 'Edit'
	TEXT = Compound Action =
		Move mouse to (109.0, 67.5).
		Press Mouse Button BUTTON1
		Release Mouse Button BUTTON1

ExecutedAction [3]: 
 @Action ConcreteID = AC85s12k7e2635108339 AbstractID = AA85s12k7e2635108339
 ConcreteID CUSTOM = ConcreteID CUSTOM not available AbstractID CUSTOM = AA17o2c9z7d1446004751
 @State ConcreteID = SC1lrai4j4f31288446751 AbstractID = SRhb5rqv4d91581134308
 ConcreteID CUSTOM = SC7ghlwd4f53175015486 AbstractID CUSTOM = SAqf4vsm4ed3724528798

	ROLE = LeftClickAt
	TARGET =
		WIDGET = WC1fq8of51c1137128810, WR17v7k2nb1067391859, WT1qe72ijf99311909, WPjb55v3183672861707
		ROLE = UIAMenuItem
		TITLE = File
		SHAPE = Rect [x:60.0 y:58.0 w:32.0 h:19.0]
		CHILDREN = 0
		PATH = [0, 2, 0]
	DESCRIPTION = Left Click at 'File'
	TEXT = Compound Action =
		Move mouse to (76.0, 67.5).
		Press Mouse Button BUTTON1
		Release Mouse Button BUTTON1

ExecutedAction [4]: 
 @Action ConcreteID = ACl4b51s7e424600041 AbstractID = AAl4b51s7e424600041
 ConcreteID CUSTOM = ConcreteID CUSTOM not available AbstractID CUSTOM = AAh8ptb7e3984842889
 @State ConcreteID = SCokt4g9404418050760 AbstractID = SR1jumdpu3ea1420136284
 ConcreteID CUSTOM = SC7x3hda3fe4134442500 AbstractID CUSTOM = SAylrvaj3f6384252902

	ROLE = LeftClickAt
	TARGET =
		WIDGET = WCd8ggh31e2616419048, WR1h6ibpb92248851252, WT1oq4bf6111982837149, WPccaalx1a4013466679
		ROLE = UIAButton
		TITLE = Maximise
		SHAPE = Rect [x:1041.0 y:28.0 w:46.0 h:30.0]
		CHILDREN = 0
		PATH = [0, 1, 2]
	DESCRIPTION = Left Click at 'Maximise'
	TEXT = Compound Action =
		Move mouse to (1064.0, 43.0).
		Press Mouse Button BUTTON1
		Release Mouse Button BUTTON1

ExecutedAction [5]: 
 @Action ConcreteID = ACg3idnu7d563072810 AbstractID = AAg3idnu7d563072810
 ConcreteID CUSTOM = ConcreteID CUSTOM not available AbstractID CUSTOM = AAv1344c7c3234737150
 @State ConcreteID = SClgo7cp4044055860464 AbstractID = SR1jumdpu3ea1420136284
 ConcreteID CUSTOM = SC15u561m3fc717293989 AbstractID CUSTOM = SAylrvaj3f6384252902

	ROLE = LeftClickAt
	TARGET =
		WIDGET = WC12cdkkf1c31601175, WR17v7k2nb1067391859, WT1qe72ijf99311909, WP5xa20d182563664758
		ROLE = UIAMenuItem
		TITLE = File
		SHAPE = Rect [x:0.0 y:23.0 w:32.0 h:19.0]
		CHILDREN = 0
		PATH = [2, 2, 0]
	DESCRIPTION = Left Click at 'File'
	TEXT = Compound Action =
		Move mouse to (16.0, 32.5).
		Press Mouse Button BUTTON1
		Release Mouse Button BUTTON1

ExecutedAction [6]: 
 @Action ConcreteID = ACxuv5i67e119808393 AbstractID = AAxuv5i67e119808393
 ConcreteID CUSTOM = ConcreteID CUSTOM not available AbstractID CUSTOM = AAfus8qf7f4205368383
 @State ConcreteID = SCau28914a61917397306 AbstractID = SR25f9j3489363105316
 ConcreteID CUSTOM = SC1tkszbs4a62470328211 AbstractID CUSTOM = SA12c4vbo49e1258004458

	ROLE = LeftClickAt
	TARGET =
		WIDGET = WCel1v81c4048567991, WR17v7k2nb1067391859, WT1qeha5gf2005531835, WP6ssewy181653790863
		ROLE = UIAMenuItem
		TITLE = View
		SHAPE = Rect [x:118.0 y:23.0 w:39.0 h:19.0]
		CHILDREN = 0
		PATH = [2, 3, 3]
	DESCRIPTION = Left Click at 'View'
	TEXT = Compound Action =
		Move mouse to (137.5, 32.5).
		Press Mouse Button BUTTON1
		Release Mouse Button BUTTON1

ExecutedAction [7]: 
 @Action ConcreteID = AClw923t7e1134261806 AbstractID = AAlw923t7e1134261806
 ConcreteID CUSTOM = ConcreteID CUSTOM not available AbstractID CUSTOM = AA1mmfign7d3267633415
 @State ConcreteID = SClgo7cp4044055860464 AbstractID = SR1jumdpu3ea1420136284
 ConcreteID CUSTOM = SC15u561m3fc717293989 AbstractID CUSTOM = SAylrvaj3f6384252902

	ROLE = LeftClickAt
	TARGET =
		WIDGET = WC168je8h1c77364985, WR17v7k2nb1067391859, WT1qe6brdf138512687, WPbonzmn182500097632
		ROLE = UIAMenuItem
		TITLE = Edit
		SHAPE = Rect [x:92.0 y:58.0 w:34.0 h:19.0]
		CHILDREN = 0
		PATH = [1, 2, 1]
	DESCRIPTION = Left Click at 'Edit'
	TEXT = Compound Action =
		Move mouse to (109.0, 67.5).
		Press Mouse Button BUTTON1
		Release Mouse Button BUTTON1

ExecutedAction [8]: 
 @Action ConcreteID = AC1knul3a7d987172606 AbstractID = AA1knul3a7d987172606
 ConcreteID CUSTOM = ConcreteID CUSTOM not available AbstractID CUSTOM = AAkb9ko7c3684100650
 @State ConcreteID = SClgo7cp4044055860464 AbstractID = SR1jumdpu3ea1420136284
 ConcreteID CUSTOM = SC15u561m3fc717293989 AbstractID CUSTOM = SAylrvaj3f6384252902

	ROLE = LeftClickAt
	TARGET =
		WIDGET = WC9ir3i81c2406299124, WR17v7k2nb1067391859, WT1qe72ijf99311909, WP1c4rmxa18373386389
		ROLE = UIAMenuItem
		TITLE = File
		SHAPE = Rect [x:60.0 y:58.0 w:32.0 h:19.0]
		CHILDREN = 0
		PATH = [1, 2, 0]
	DESCRIPTION = Left Click at 'File'
	TEXT = Compound Action =
		Move mouse to (76.0, 67.5).
		Press Mouse Button BUTTON1
		Release Mouse Button BUTTON1

ExecutedAction [9]: 
 @Action ConcreteID = AC1knul3a7d987172606 AbstractID = AA1knul3a7d987172606
 ConcreteID CUSTOM = ConcreteID CUSTOM not available AbstractID CUSTOM = AAkb9ko7c3684100650
 @State ConcreteID = SClgo7cp4044055860464 AbstractID = SR1jumdpu3ea1420136284
 ConcreteID CUSTOM = SC15u561m3fc717293989 AbstractID CUSTOM = SAylrvaj3f6384252902

	ROLE = LeftClickAt
	TARGET =
		WIDGET = WC9ir3i81c2406299124, WR17v7k2nb1067391859, WT1qe72ijf99311909, WP1c4rmxa18373386389
		ROLE = UIAMenuItem
		TITLE = File
		SHAPE = Rect [x:60.0 y:58.0 w:32.0 h:19.0]
		CHILDREN = 0
		PATH = [1, 2, 0]
	DESCRIPTION = Left Click at 'File'
	TEXT = Compound Action =
		Move mouse to (76.0, 67.5).
		Press Mouse Button BUTTON1
		Release Mouse Button BUTTON1

ExecutedAction [10]: 
 @Action ConcreteID = ACn6fknd7e2429069059 AbstractID = AAn6fknd7e2429069059
 ConcreteID CUSTOM = ConcreteID CUSTOM not available AbstractID CUSTOM = AA1nwm1077d295170090
 @State ConcreteID = SClgo7cp4044055860464 AbstractID = SR1jumdpu3ea1420136284
 ConcreteID CUSTOM = SC15u561m3fc717293989 AbstractID CUSTOM = SAylrvaj3f6384252902

	ROLE = LeftClickAt
	TARGET =
		WIDGET = WC12akdbs1c599558449, WR17v7k2nb1067391859, WT1qe89j4f2180189081, WP10chjd2182162991762
		ROLE = UIAMenuItem
		TITLE = Help
		SHAPE = Rect [x:217.0 y:58.0 w:39.0 h:19.0]
		CHILDREN = 0
		PATH = [0, 2, 4]
	DESCRIPTION = Left Click at 'Help'
	TEXT = Compound Action =
		Move mouse to (236.5, 67.5).
		Press Mouse Button BUTTON1
		Release Mouse Button BUTTON1

Sequence 1 finished.
Copying generated sequence ("sequence2332") to output directory...
Copying classified sequence ("sequence2332") to sequences_ok folder...
