Starting sequence 1 (output as: sequence55)

ExecutedAction [1]: 
 @Action ConcreteID = ACz37f2812209815536 AbstractID = AAz37f2812209815536
 ConcreteID CUSTOM = ConcreteID CUSTOM not available AbstractID CUSTOM = AAkteb8m814068364748
 @State ConcreteID = SC1upx5yl2ef1109330879 AbstractID = SRhm0lj32dc1979954928
 ConcreteID CUSTOM = SCj60bga2e62071604510 AbstractID CUSTOM = SA14rmmgy2ed2766135332

	ROLE = LeftClickAt
	TARGET =
		WIDGET = WC5xpkbv1c2341201004, WR1p34e3y91942684430, WT1p34e3y91942684430, WP1apngjd183937737785
		ROLE = UIASlider
		TITLE = 
		SHAPE = Rect [x:1333.0 y:791.0 w:85.0 h:26.0]
		CHILDREN = 0
		PATH = [0, 2, 2, 0, 1]
	DESCRIPTION = Left Click at ''
	TEXT = Compound Action =
		Move mouse to (1375.5, 804.0).
		Press Mouse Button BUTTON1
		Release Mouse Button BUTTON1

ExecutedAction [2]: 
 @Action ConcreteID = ACxt0o8h812885341633 AbstractID = AAxt0o8h812885341633
 ConcreteID CUSTOM = ConcreteID CUSTOM not available AbstractID CUSTOM = AA1hnbs21813660815357
 @State ConcreteID = SC1upx5yl2ef1109330879 AbstractID = SRhm0lj32dc1979954928
 ConcreteID CUSTOM = SCj60bga2e62071604510 AbstractID CUSTOM = SA14rmmgy2ed2766135332

	ROLE = LeftClickAt
	TARGET =
		WIDGET = WC1pm5r0o232668325901, WR17v7k2nb1067391859, WT1p8hf68161996799177, WP19ngj4m1f1149120030
		ROLE = UIAMenuItem
		TITLE = Video Alt+V
		SHAPE = Rect [x:991.0 y:398.0 w:46.0 h:20.0]
		CHILDREN = 0
		PATH = [0, 1, 3]
	DESCRIPTION = Left Click at 'Video Alt+V'
	TEXT = Compound Action =
		Move mouse to (1014.0, 408.0).
		Press Mouse Button BUTTON1
		Release Mouse Button BUTTON1

ExecutedAction [3]: 
 @Action ConcreteID = AC18xc0qc80619726623 AbstractID = AA18xc0qc80619726623
 ConcreteID CUSTOM = ConcreteID CUSTOM not available AbstractID CUSTOM = AA1c0bxrd801740255781
 @State ConcreteID = SCvw20yr41b3696045291 AbstractID = SRu5yl06407884015732
 ConcreteID CUSTOM = SC17lj6f54142699715816 AbstractID CUSTOM = SAsfq31v4193757023338

	ROLE = LeftClickAt
	TARGET =
		WIDGET = WCig1ffy22236015574, WR17v7k2nb1067391859, WT1e6tvxi153323975668, WP1lxqkho1e3332536470
		ROLE = UIAMenuItem
		TITLE = Help Alt+H
		SHAPE = Rect [x:1177.0 y:398.0 w:41.0 h:20.0]
		CHILDREN = 0
		PATH = [0, 1, 7]
	DESCRIPTION = Left Click at 'Help Alt+H'
	TEXT = Compound Action =
		Move mouse to (1197.5, 408.0).
		Press Mouse Button BUTTON1
		Release Mouse Button BUTTON1

ExecutedAction [4]: 
 @Action ConcreteID = AC1ix4e1881952833542 AbstractID = AA1ix4e1881952833542
 ConcreteID CUSTOM = ConcreteID CUSTOM not available AbstractID CUSTOM = AA3qbfvo811224891450
 @State ConcreteID = SC1upx5yl2ef1109330879 AbstractID = SRhm0lj32dc1979954928
 ConcreteID CUSTOM = SCj60bga2e62071604510 AbstractID CUSTOM = SA14rmmgy2ed2766135332

	ROLE = LeftClickAt
	TARGET =
		WIDGET = WC1fbb2e920939640774, WR10fgh33101836453781, WT10fgh33101836453781, WPdopdxv1c2306111470
		ROLE = UIACustomControl
		TITLE = 
		SHAPE = Rect [x:831.0 y:419.0 w:600.0 h:347.0]
		CHILDREN = 0
		PATH = [0, 2, 0, 0]
	DESCRIPTION = Left Click at ''
	TEXT = Compound Action =
		Move mouse to (1131.0, 592.5).
		Press Mouse Button BUTTON1
		Release Mouse Button BUTTON1

ExecutedAction [5]: 
 @Action ConcreteID = AC2uod4b81793476286 AbstractID = AA2uod4b81793476286
 ConcreteID CUSTOM = ConcreteID CUSTOM not available AbstractID CUSTOM = AAmozgxv811585591938
 @State ConcreteID = SC1upx5yl2ef1109330879 AbstractID = SRhm0lj32dc1979954928
 ConcreteID CUSTOM = SCj60bga2e62071604510 AbstractID CUSTOM = SA14rmmgy2ed2766135332

	ROLE = LeftClickAt
	TARGET =
		WIDGET = WC1wr6twp233179607085, WR17v7k2nb1067391859, WTwtxn65161410781764, WPzq9smv1f824583798
		ROLE = UIAMenuItem
		TITLE = Tools Alt+s
		SHAPE = Rect [x:1093.0 y:398.0 w:43.0 h:20.0]
		CHILDREN = 0
		PATH = [0, 1, 5]
	DESCRIPTION = Left Click at 'Tools Alt+s'
	TEXT = Compound Action =
		Move mouse to (1114.5, 408.0).
		Press Mouse Button BUTTON1
		Release Mouse Button BUTTON1

ExecutedAction [6]: 
 @Action ConcreteID = ACc2923u7f1633070253 AbstractID = AAc2923u7f1633070253
 ConcreteID CUSTOM = ConcreteID CUSTOM not available AbstractID CUSTOM = AA58ydzt801171053341
 @State ConcreteID = SC1i63cp3de2142499877 AbstractID = SR8nkh6e3cb1487834836
 ConcreteID CUSTOM = SC14wil823d83898453291 AbstractID CUSTOM = SA1yq1asb3da2152076032

	ROLE = LeftClickAt
	TARGET =
		WIDGET = WCsnsig1192662843092, WR1h6ibpb92248851252, WT1h6ibpb92248851252, WP8rujpv15692894424
		ROLE = UIAButton
		TITLE = 
		SHAPE = Rect [x:834.0 y:785.0 w:32.0 h:32.0]
		CHILDREN = 0
		PATH = [0, 2, 2, 2]
	DESCRIPTION = Left Click at ''
	TEXT = Compound Action =
		Move mouse to (850.0, 801.0).
		Press Mouse Button BUTTON1
		Release Mouse Button BUTTON1

ExecutedAction [7]: 
 @Action ConcreteID = ACy6isds7f951505431 AbstractID = AAy6isds7f951505431
 ConcreteID CUSTOM = ConcreteID CUSTOM not available AbstractID CUSTOM = AA39bvou802395403202
 @State ConcreteID = SC4mige5101211155050 AbstractID = SR17bnsiw4ef1085502820
 ConcreteID CUSTOM = SCwuc6r650f2966512103 AbstractID CUSTOM = SA1f8et11503150811696

	ROLE = LeftClickAt
	TARGET =
		WIDGET = WChmn2qq254204820437, WR1h6ibpb92248851252, WT179pbei153540817138, WP1mssmc4214192218010
		ROLE = UIAButton
		TITLE = Cancel Alt+C
		SHAPE = Rect [x:1309.0 y:774.0 w:75.0 h:23.0]
		CHILDREN = 0
		PATH = [0, 0, 4, 0]
	DESCRIPTION = Left Click at 'Cancel Alt+C'
	TEXT = Compound Action =
		Move mouse to (1346.5, 785.5).
		Press Mouse Button BUTTON1
		Release Mouse Button BUTTON1

ExecutedAction [8]: 
 @Action ConcreteID = AC170tuha813982311566 AbstractID = AA170tuha813982311566
 ConcreteID CUSTOM = ConcreteID CUSTOM not available AbstractID CUSTOM = AA1qv4yau812626947762
 @State ConcreteID = SC1upx5yl2ef1109330879 AbstractID = SRhm0lj32dc1979954928
 ConcreteID CUSTOM = SCj60bga2e62071604510 AbstractID CUSTOM = SA14rmmgy2ed2766135332

	ROLE = LeftClickAt
	TARGET =
		WIDGET = WCkthkjg1d3961490386, WR10fgh33101836453781, WT10fgh33101836453781, WP34gkui19609072533
		ROLE = UIACustomControl
		TITLE = 
		SHAPE = Rect [x:831.0 y:766.0 w:600.0 h:18.0]
		CHILDREN = 3
		PATH = [0, 2, 1]
	DESCRIPTION = Left Click at ''
	TEXT = Compound Action =
		Move mouse to (1131.0, 775.0).
		Press Mouse Button BUTTON1
		Release Mouse Button BUTTON1

ExecutedAction [9]: 
 @Action ConcreteID = AC1ljbcsq812426188422 AbstractID = AA1ljbcsq812426188422
 ConcreteID CUSTOM = ConcreteID CUSTOM not available AbstractID CUSTOM = AA6cien6813780507834
 @State ConcreteID = SC1upx5yl2ef1109330879 AbstractID = SRhm0lj32dc1979954928
 ConcreteID CUSTOM = SCj60bga2e62071604510 AbstractID CUSTOM = SA14rmmgy2ed2766135332

	ROLE = LeftClickAt
	TARGET =
		WIDGET = WCsnsikc193821024913, WR1h6ibpb92248851252, WT1h6ibpb92248851252, WP8ruju6151413172893
		ROLE = UIAButton
		TITLE = 
		SHAPE = Rect [x:994.0 y:788.0 w:26.0 h:26.0]
		CHILDREN = 0
		PATH = [0, 2, 2, 7]
	DESCRIPTION = Left Click at ''
	TEXT = Compound Action =
		Move mouse to (1007.0, 801.0).
		Press Mouse Button BUTTON1
		Release Mouse Button BUTTON1

ExecutedAction [10]: 
 @Action ConcreteID = AClqonl280636086497 AbstractID = AAlqonl280636086497
 ConcreteID CUSTOM = ConcreteID CUSTOM not available AbstractID CUSTOM = AA1fg2ugu7f3846131087
 @State ConcreteID = SC1pxzzpq7a52945553724 AbstractID = SRgnsqu175b1039530929
 ConcreteID CUSTOM = SC1vsklun7b0992606663 AbstractID CUSTOM = SA79ibws7a03847079121

	ROLE = LeftClickAt
	TARGET =
		WIDGET = WCx2xd4b312174155616, WR1k8fo0ra1109144095, WT1xn65vr151465452121, WP1kvj3bx2d3413647731
		ROLE = UIATabItem
		TITLE = Spatializer
		SHAPE = Rect [x:580.0 y:431.0 w:73.0 h:21.0]
		CHILDREN = 0
		PATH = [0, 0, 1, 0, 0, 0, 1, 2]
	DESCRIPTION = Left Click at 'Spatializer'
	TEXT = Compound Action =
		Move mouse to (616.5, 441.5).
		Press Mouse Button BUTTON1
		Release Mouse Button BUTTON1

ExecutedAction [11]: 
 @Action ConcreteID = AC6rbw5k803544099555 AbstractID = AA6rbw5k803544099555
 ConcreteID CUSTOM = ConcreteID CUSTOM not available AbstractID CUSTOM = AA1xrwrtk801262287681
 @State ConcreteID = SC1v4javo5e6684465129 AbstractID = SR1kxto805bd1260449688
 ConcreteID CUSTOM = SC1kq48b65eb2404253858 AbstractID CUSTOM = SA1pz6p7d5e5818488534

	ROLE = LeftClickAt
	TARGET =
		WIDGET = WCku1d4t1d3514802786, WR10fgh33101836453781, WT10fgh33101836453781, WP350dfv19422419493
		ROLE = UIACustomControl
		TITLE = 
		SHAPE = Rect [x:831.0 y:766.0 w:600.0 h:18.0]
		CHILDREN = 3
		PATH = [0, 3, 1]
	DESCRIPTION = Left Click at ''
	TEXT = Compound Action =
		Move mouse to (1131.0, 775.0).
		Press Mouse Button BUTTON1
		Release Mouse Button BUTTON1

ExecutedAction [12]: 
 @Action ConcreteID = AC18cx09b802814448028 AbstractID = AA18cx09b802814448028
 ConcreteID CUSTOM = ConcreteID CUSTOM not available AbstractID CUSTOM = AA10cdty7801069760574
 @State ConcreteID = SC1v4javo5e6684465129 AbstractID = SR1kxto805bd1260449688
 ConcreteID CUSTOM = SC1kq48b65eb2404253858 AbstractID CUSTOM = SA1pz6p7d5e5818488534

	ROLE = LeftClickAt
	TARGET =
		WIDGET = WC1ulvvvz26808321606, WR17v7k2nb1067391859, WTpcm71l192027518401, WPtljekd224265867538
		ROLE = UIAMenuItem
		TITLE = Subtitle Alt+t
		SHAPE = Rect [x:1037.0 y:398.0 w:56.0 h:20.0]
		CHILDREN = 0
		PATH = [0, 2, 4]
	DESCRIPTION = Left Click at 'Subtitle Alt+t'
	TEXT = Compound Action =
		Move mouse to (1065.0, 408.0).
		Press Mouse Button BUTTON1
		Release Mouse Button BUTTON1

ExecutedAction [13]: 
 @Action ConcreteID = AC1ezcn6p81107334204 AbstractID = AA1ezcn6p81107334204
 ConcreteID CUSTOM = ConcreteID CUSTOM not available AbstractID CUSTOM = AA1htfu2d802141360072
 @State ConcreteID = SC1ipfinv6222808862575 AbstractID = SR10ye3v55f83140345594
 ConcreteID CUSTOM = SC1n01a9m6271825753965 AbstractID CUSTOM = SA1j2n0z3620857173508

	ROLE = LeftClickAt
	TARGET =
		WIDGET = WC1jhssi21b581102442, WR88rmk0b1934231702, WT88rmk0b1934231702, WPy94r7g172796856191
		ROLE = UIACheckBox
		TITLE = 
		SHAPE = Rect [x:1058.0 y:788.0 w:26.0 h:26.0]
		CHILDREN = 0
		PATH = [0, 3, 2, 9]
	DESCRIPTION = Left Click at ''
	TEXT = Compound Action =
		Move mouse to (1071.0, 801.0).
		Press Mouse Button BUTTON1
		Release Mouse Button BUTTON1

ExecutedAction [14]: 
 @Action ConcreteID = ACol8knc7f4135724169 AbstractID = AAol8knc7f4135724169
 ConcreteID CUSTOM = ConcreteID CUSTOM not available AbstractID CUSTOM = AA1ker7eg7f653474507
 @State ConcreteID = SC1v4javo5e6684465129 AbstractID = SR1kxto805bd1260449688
 ConcreteID CUSTOM = SC1kq48b65eb2404253858 AbstractID CUSTOM = SA1pz6p7d5e5818488534

	ROLE = LeftClickAt
	TARGET =
		WIDGET = WCn3dwpy303975885943, WR88rmk0b1934231702, WTdz99qr112908560843, WP4d5dx02c3869919282
		ROLE = UIACheckBox
		TITLE = Enable
		SHAPE = Rect [x:443.0 y:462.0 w:376.0 h:299.0]
		CHILDREN = 15
		PATH = [0, 0, 1, 0, 0, 0, 0, 0, 0]
	DESCRIPTION = Left Click at 'Enable'
	TEXT = Compound Action =
		Move mouse to (631.0, 611.5).
		Press Mouse Button BUTTON1
		Release Mouse Button BUTTON1

ExecutedAction [15]: 
 @Action ConcreteID = AC1uqrnt7f1674116805 AbstractID = AA1uqrnt7f1674116805
 ConcreteID CUSTOM = ConcreteID CUSTOM not available AbstractID CUSTOM = AAxo9eex7f3015303303
 @State ConcreteID = SC1v4javo5e6684465129 AbstractID = SR1kxto805bd1260449688
 ConcreteID CUSTOM = SC1kq48b65eb2404253858 AbstractID CUSTOM = SA1pz6p7d5e5818488534

	ROLE = LeftClickAt
	TARGET =
		WIDGET = WC1dqip5w261808108306, WR10fgh33101836453781, WT10fgh33101836453781, WPyiss4622142655700
		ROLE = UIACustomControl
		TITLE = 
		SHAPE = Rect [x:432.0 y:431.0 w:400.0 h:343.0]
		CHILDREN = 2
		PATH = [0, 0, 1, 0, 0, 0]
	DESCRIPTION = Left Click at ''
	TEXT = Compound Action =
		Move mouse to (632.0, 602.5).
		Press Mouse Button BUTTON1
		Release Mouse Button BUTTON1

ExecutedAction [16]: 
 @Action ConcreteID = AC116nz53802111934759 AbstractID = AA116nz53802111934759
 ConcreteID CUSTOM = ConcreteID CUSTOM not available AbstractID CUSTOM = AAt64stz803856908421
 @State ConcreteID = SC1v4javo5e6684465129 AbstractID = SR1kxto805bd1260449688
 ConcreteID CUSTOM = SC1kq48b65eb2404253858 AbstractID CUSTOM = SA1pz6p7d5e5818488534

	ROLE = LeftClickAt
	TARGET =
		WIDGET = WC11866p7221380889474, WR17v7k2nb1067391859, WT1y895rf152412617792, WP15p11o91e1057977303
		ROLE = UIAMenuItem
		TITLE = View Alt+i
		SHAPE = Rect [x:1136.0 y:398.0 w:41.0 h:20.0]
		CHILDREN = 0
		PATH = [0, 2, 6]
	DESCRIPTION = Left Click at 'View Alt+i'
	TEXT = Compound Action =
		Move mouse to (1156.5, 408.0).
		Press Mouse Button BUTTON1
		Release Mouse Button BUTTON1

ExecutedAction [17]: 
 @Action ConcreteID = AC14z5j4j802319852335 AbstractID = AA14z5j4j802319852335
 ConcreteID CUSTOM = ConcreteID CUSTOM not available AbstractID CUSTOM = AA86rq1j811881319121
 @State ConcreteID = SC8xch7v6fb1572669058 AbstractID = SRrqbjir6d4571877
 ConcreteID CUSTOM = SCebmwhj7063864979825 AbstractID CUSTOM = SA1u7aafq6fa1071658871

	ROLE = LeftClickAt
	TARGET =
		WIDGET = WC1lhezne192834442944, WR1h6ibpb92248851252, WT1h6ibpb92248851252, WP11lh0x815520704716
		ROLE = UIAButton
		TITLE = 
		SHAPE = Rect [x:1032.0 y:788.0 w:26.0 h:26.0]
		CHILDREN = 0
		PATH = [0, 3, 2, 8]
	DESCRIPTION = Left Click at ''
	TEXT = Compound Action =
		Move mouse to (1045.0, 801.0).
		Press Mouse Button BUTTON1
		Release Mouse Button BUTTON1

ExecutedAction [18]: 
 @Action ConcreteID = AC55mszx81404446065 AbstractID = AA55mszx81404446065
 ConcreteID CUSTOM = ConcreteID CUSTOM not available AbstractID CUSTOM = AAm0agpf814139138330
 @State ConcreteID = SC1d79gd37a71411859962 AbstractID = SR102c1g87671642479946
 ConcreteID CUSTOM = SCov1jwv7a83683282167 AbstractID CUSTOM = SA1g18ems7a03937742139

	ROLE = LeftClickAt
	TARGET =
		WIDGET = WC1b8yprg1c1241856940, WR1p34e3y91942684430, WT1p34e3y91942684430, WPgzsjzu18725337081
		ROLE = UIASlider
		TITLE = 
		SHAPE = Rect [x:1333.0 y:744.0 w:85.0 h:26.0]
		CHILDREN = 0
		PATH = [0, 3, 2, 0, 1]
	DESCRIPTION = Left Click at ''
	TEXT = Compound Action =
		Move mouse to (1375.5, 757.0).
		Press Mouse Button BUTTON1
		Release Mouse Button BUTTON1

ExecutedAction [19]: 
 @Action ConcreteID = AC1jtdaqp803613601177 AbstractID = AA1jtdaqp803613601177
 ConcreteID CUSTOM = ConcreteID CUSTOM not available AbstractID CUSTOM = AA18wi1wb801952737947
 @State ConcreteID = SC1d79gd37a71411859962 AbstractID = SR102c1g87671642479946
 ConcreteID CUSTOM = SCov1jwv7a83683282167 AbstractID CUSTOM = SA1g18ems7a03937742139

	ROLE = LeftClickAt
	TARGET =
		WIDGET = WC1dqip5w261808108306, WR10fgh33101836453781, WT10fgh33101836453781, WPyiss4622142655700
		ROLE = UIACustomControl
		TITLE = 
		SHAPE = Rect [x:432.0 y:431.0 w:400.0 h:343.0]
		CHILDREN = 2
		PATH = [0, 0, 1, 0, 0, 0]
	DESCRIPTION = Left Click at ''
	TEXT = Compound Action =
		Move mouse to (632.0, 602.5).
		Press Mouse Button BUTTON1
		Release Mouse Button BUTTON1

ExecutedAction [20]: 
 @Action ConcreteID = AC3fm2w7ec2652824659 AbstractID = AAwyxzeid61508631314
 ConcreteID CUSTOM = ConcreteID CUSTOM not available AbstractID CUSTOM = AA156vxisd6429541871
 @State ConcreteID = SC1d79gd37a71411859962 AbstractID = SR102c1g87671642479946
 ConcreteID CUSTOM = SCov1jwv7a83683282167 AbstractID CUSTOM = SA1g18ems7a03937742139

	ROLE = ClickTypeInto
	TARGET =
		WIDGET = WC1j2y1j81a1645365061, WR4n0dlj72701565195, WT4n0dlj72701565195, WP1lf6g42163047346291
		ROLE = UIAEdit
		TITLE = 
		SHAPE = Rect [x:1181.0 y:423.0 w:250.0 h:20.0]
		CHILDREN = 0
		PATH = [0, 3, 0, 0, 2]
	DESCRIPTION = Type 'hasOwnProperty' into '
	TEXT = Compound Action =
		Compound Action =
		Move mouse to (1306.0, 433.0).
		Press Mouse Button BUTTON1
		Release Mouse Button BUTTON1
		Press Key 17
		Press Key 65
		Release Key 65
		Release Key 17
		Type text 'hasOwnProperty'

ExecutedAction [21]: 
 @Action ConcreteID = ACp79pcx7e2633557794 AbstractID = AAp79pcx7e2633557794
 ConcreteID CUSTOM = ConcreteID CUSTOM not available AbstractID CUSTOM = AAs9kfxf7f3740267910
 @State ConcreteID = SC468sz67bc616731651 AbstractID = SR1umafqn77b1542006197
 ConcreteID CUSTOM = SC1si8jtb7bd1671711833 AbstractID CUSTOM = SA7e6jek7b53154338134

	ROLE = LeftClickAt
	TARGET =
		WIDGET = WC1lhezjy1971787980, WR1h6ibpb92248851252, WT1h6ibpb92248851252, WP11lh0ts153015450048
		ROLE = UIAButton
		TITLE = 
		SHAPE = Rect [x:904.0 y:741.0 w:26.0 h:26.0]
		CHILDREN = 0
		PATH = [0, 3, 2, 4]
	DESCRIPTION = Left Click at ''
	TEXT = Compound Action =
		Move mouse to (917.0, 754.0).
		Press Mouse Button BUTTON1
		Release Mouse Button BUTTON1

ExecutedAction [22]: 
 @Action ConcreteID = AC1xeks737e436401136 AbstractID = AA1xeks737e436401136
 ConcreteID CUSTOM = ConcreteID CUSTOM not available AbstractID CUSTOM = AA1frgsh7f1477828948
 @State ConcreteID = SC468sz67bc616731651 AbstractID = SR1umafqn77b1542006197
 ConcreteID CUSTOM = SC1si8jtb7bd1671711833 AbstractID CUSTOM = SA7e6jek7b53154338134

	ROLE = LeftClickAt
	TARGET =
		WIDGET = WC14695eq243401952870, WR1e04pz3e358922214, WT1e04pz3e358922214, WPxqycr82084286035
		ROLE = UIASplitButton
		TITLE = 
		SHAPE = Rect [x:831.0 y:444.0 w:180.0 h:272.0]
		CHILDREN = 3
		PATH = [0, 3, 0, 0, 3, 1]
	DESCRIPTION = Left Click at ''
	TEXT = Compound Action =
		Move mouse to (921.0, 580.0).
		Press Mouse Button BUTTON1
		Release Mouse Button BUTTON1

ExecutedAction [23]: 
 @Action ConcreteID = ACqwbcvz7f4196536038 AbstractID = AAqwbcvz7f4196536038
 ConcreteID CUSTOM = ConcreteID CUSTOM not available AbstractID CUSTOM = AA1fdwh567f2485724937
 @State ConcreteID = SCow8rxi7bb1805699369 AbstractID = SR1umafqn77b1542006197
 ConcreteID CUSTOM = SC1lulohv7be2427440769 AbstractID CUSTOM = SA7e6jek7b53154338134

	ROLE = LeftClickAt
	TARGET =
		WIDGET = WC1kvrl7a241388749283, WR1h6ibpb92248851252, WTfj8swh143379978768, WP12mswso201927676573
		ROLE = UIAButton
		TITLE = Close Enter
		SHAPE = Rect [x:689.0 y:790.0 w:75.0 h:23.0]
		CHILDREN = 0
		PATH = [0, 0, 2, 1]
	DESCRIPTION = Left Click at 'Close Enter'
	TEXT = Compound Action =
		Move mouse to (726.5, 801.5).
		Press Mouse Button BUTTON1
		Release Mouse Button BUTTON1

ExecutedAction [24]: 
 @Action ConcreteID = AC1ue7ace7f1558283121 AbstractID = AA1ue7ace7f1558283121
 ConcreteID CUSTOM = ConcreteID CUSTOM not available AbstractID CUSTOM = AAg2kgcm7f1540611668
 @State ConcreteID = SC1kgk1b94c3693347776 AbstractID = SR1gkqdc849a2366266383
 ConcreteID CUSTOM = SC1phkgug4bd44724702 AbstractID CUSTOM = SAp8u85g4bf2743516623

	ROLE = LeftClickAt
	TARGET =
		WIDGET = WCsnsihr193371001170, WR1h6ibpb92248851252, WT1h6ibpb92248851252, WP8rujrl152132155742
		ROLE = UIAButton
		TITLE = 
		SHAPE = Rect [x:904.0 y:741.0 w:26.0 h:26.0]
		CHILDREN = 0
		PATH = [0, 2, 2, 4]
	DESCRIPTION = Left Click at ''
	TEXT = Compound Action =
		Move mouse to (917.0, 754.0).
		Press Mouse Button BUTTON1
		Release Mouse Button BUTTON1

ExecutedAction [25]: 
 @Action ConcreteID = AC1gabpu980351001623 AbstractID = AA1gabpu980351001623
 ConcreteID CUSTOM = ConcreteID CUSTOM not available AbstractID CUSTOM = AA1iy53hl801609054733
 @State ConcreteID = SC1kgk1b94c3693347776 AbstractID = SR1gkqdc849a2366266383
 ConcreteID CUSTOM = SC1phkgug4bd44724702 AbstractID CUSTOM = SAp8u85g4bf2743516623

	ROLE = LeftClickAt
	TARGET =
		WIDGET = WC1u4f4um20533468622, WR4na8ob72534219213, WT4na8ob72534219213, WP3ry1zw1c2720922359
		ROLE = UIATree
		TITLE = 
		SHAPE = Rect [x:1016.0 y:444.0 w:415.0 h:272.0]
		CHILDREN = 3
		PATH = [0, 2, 0, 0, 3, 0, 0]
	DESCRIPTION = Left Click at ''
	TEXT = Compound Action =
		Move mouse to (1223.5, 580.0).
		Press Mouse Button BUTTON1
		Release Mouse Button BUTTON1

ExecutedAction [26]: 
 @Action ConcreteID = ACpa7qzp802468560471 AbstractID = AApa7qzp802468560471
 ConcreteID CUSTOM = ConcreteID CUSTOM not available AbstractID CUSTOM = AAry14n1803626031181
 @State ConcreteID = SC1kgk1b94c3693347776 AbstractID = SR1gkqdc849a2366266383
 ConcreteID CUSTOM = SC1phkgug4bd44724702 AbstractID CUSTOM = SAp8u85g4bf2743516623

	ROLE = LeftClickAt
	TARGET =
		WIDGET = WC1pm5r0o232668325901, WR17v7k2nb1067391859, WT1p8hf68161996799177, WP19ngj4m1f1149120030
		ROLE = UIAMenuItem
		TITLE = Video Alt+V
		SHAPE = Rect [x:991.0 y:398.0 w:46.0 h:20.0]
		CHILDREN = 0
		PATH = [0, 1, 3]
	DESCRIPTION = Left Click at 'Video Alt+V'
	TEXT = Compound Action =
		Move mouse to (1014.0, 408.0).
		Press Mouse Button BUTTON1
		Release Mouse Button BUTTON1

ExecutedAction [27]: 
 @Action ConcreteID = AChcnpf5803511539753 AbstractID = AAhcnpf5803511539753
 ConcreteID CUSTOM = ConcreteID CUSTOM not available AbstractID CUSTOM = AA1jinrw1804181974162
 @State ConcreteID = SC1jo0ecb5ef469983472 AbstractID = SR14imwm75c51016451942
 ConcreteID CUSTOM = SC1mk0qox5eb2849159128 AbstractID CUSTOM = SAdchyk55eb1555196105

	ROLE = LeftClickAt
	TARGET =
		WIDGET = WC117me3u22367970642, WR17v7k2nb1067391859, WT1y895rf152412617792, WP15oh92w1e2024737031
		ROLE = UIAMenuItem
		TITLE = View Alt+i
		SHAPE = Rect [x:1136.0 y:398.0 w:41.0 h:20.0]
		CHILDREN = 0
		PATH = [0, 1, 6]
	DESCRIPTION = Left Click at 'View Alt+i'
	TEXT = Compound Action =
		Move mouse to (1156.5, 408.0).
		Press Mouse Button BUTTON1
		Release Mouse Button BUTTON1

ExecutedAction [28]: 
 @Action ConcreteID = ACwh3rgg7f2502532828 AbstractID = AAwh3rgg7f2502532828
 ConcreteID CUSTOM = ConcreteID CUSTOM not available AbstractID CUSTOM = AA1h6kzfs7f2451293177
 @State ConcreteID = SC1kgk1b94c3693347776 AbstractID = SR1gkqdc849a2366266383
 ConcreteID CUSTOM = SC1phkgug4bd44724702 AbstractID CUSTOM = SAp8u85g4bf2743516623

	ROLE = LeftClickAt
	TARGET =
		WIDGET = WC1nr18z02a2229818547, WR1h6ibpb92248851252, WT1igj3ey14183154147, WPubp6se262598438425
		ROLE = UIAButton
		TITLE = My Pictures
		SHAPE = Rect [x:831.0 y:422.0 w:76.0 h:22.0]
		CHILDREN = 0
		PATH = [0, 2, 0, 0, 0, 0]
	DESCRIPTION = Left Click at 'My Pictures'
	TEXT = Compound Action =
		Move mouse to (869.0, 433.0).
		Press Mouse Button BUTTON1
		Release Mouse Button BUTTON1

ExecutedAction [29]: 
 @Action ConcreteID = AC1phjs3i80972198983 AbstractID = AA1phjs3i80972198983
 ConcreteID CUSTOM = ConcreteID CUSTOM not available AbstractID CUSTOM = AA1s5d5qu801928426077
 @State ConcreteID = SC1kgk1b94c3693347776 AbstractID = SR1gkqdc849a2366266383
 ConcreteID CUSTOM = SC1phkgug4bd44724702 AbstractID CUSTOM = SAp8u85g4bf2743516623

	ROLE = LeftClickAt
	TARGET =
		WIDGET = WC16jbmg11a1783434451, WR10fgh33101836453781, WT10fgh33101836453781, WP1guga8j162634643805
		ROLE = UIACustomControl
		TITLE = 
		SHAPE = Rect [x:831.0 y:419.0 w:600.0 h:352.0]
		CHILDREN = 3
		PATH = [0, 2]
	DESCRIPTION = Left Click at ''
	TEXT = Compound Action =
		Move mouse to (1131.0, 595.0).
		Press Mouse Button BUTTON1
		Release Mouse Button BUTTON1

ExecutedAction [30]: 
 @Action ConcreteID = AC1pws4ve80720479700 AbstractID = AA1pws4ve80720479700
 ConcreteID CUSTOM = ConcreteID CUSTOM not available AbstractID CUSTOM = AA1skliiq801643267022
 @State ConcreteID = SC1kgk1b94c3693347776 AbstractID = SR1gkqdc849a2366266383
 ConcreteID CUSTOM = SC1phkgug4bd44724702 AbstractID CUSTOM = SAp8u85g4bf2743516623

	ROLE = LeftClickAt
	TARGET =
		WIDGET = WCkthkjg1d3961490386, WR10fgh33101836453781, WT10fgh33101836453781, WP34gkui19609072533
		ROLE = UIACustomControl
		TITLE = 
		SHAPE = Rect [x:831.0 y:719.0 w:600.0 h:18.0]
		CHILDREN = 3
		PATH = [0, 2, 1]
	DESCRIPTION = Left Click at ''
	TEXT = Compound Action =
		Move mouse to (1131.0, 728.0).
		Press Mouse Button BUTTON1
		Release Mouse Button BUTTON1

ExecutedAction [31]: 
 @Action ConcreteID = AC17phro9803857250780 AbstractID = AA17phro9803857250780
 ConcreteID CUSTOM = ConcreteID CUSTOM not available AbstractID CUSTOM = AA1adb5bl802934644678
 @State ConcreteID = SC1kgk1b94c3693347776 AbstractID = SR1gkqdc849a2366266383
 ConcreteID CUSTOM = SC1phkgug4bd44724702 AbstractID CUSTOM = SAp8u85g4bf2743516623

	ROLE = LeftClickAt
	TARGET =
		WIDGET = WC1fcenkz201119982758, WR10fgh33101836453781, WT10fgh33101836453781, WPdpsz4l1c4088669326
		ROLE = UIACustomControl
		TITLE = 
		SHAPE = Rect [x:1317.0 y:738.0 w:101.0 h:32.0]
		CHILDREN = 2
		PATH = [0, 2, 2, 0]
	DESCRIPTION = Left Click at ''
	TEXT = Compound Action =
		Move mouse to (1367.5, 754.0).
		Press Mouse Button BUTTON1
		Release Mouse Button BUTTON1

ExecutedAction [32]: 
 @Action ConcreteID = AC17phro9803857250780 AbstractID = AA17phro9803857250780
 ConcreteID CUSTOM = ConcreteID CUSTOM not available AbstractID CUSTOM = AA1adb5bl802934644678
 @State ConcreteID = SC1kgk1b94c3693347776 AbstractID = SR1gkqdc849a2366266383
 ConcreteID CUSTOM = SC1phkgug4bd44724702 AbstractID CUSTOM = SAp8u85g4bf2743516623

	ROLE = LeftClickAt
	TARGET =
		WIDGET = WC1fcenkz201119982758, WR10fgh33101836453781, WT10fgh33101836453781, WPdpsz4l1c4088669326
		ROLE = UIACustomControl
		TITLE = 
		SHAPE = Rect [x:1317.0 y:738.0 w:101.0 h:32.0]
		CHILDREN = 2
		PATH = [0, 2, 2, 0]
	DESCRIPTION = Left Click at ''
	TEXT = Compound Action =
		Move mouse to (1367.5, 754.0).
		Press Mouse Button BUTTON1
		Release Mouse Button BUTTON1

ExecutedAction [33]: 
 @Action ConcreteID = AC1pws4ve80720479700 AbstractID = AA1pws4ve80720479700
 ConcreteID CUSTOM = ConcreteID CUSTOM not available AbstractID CUSTOM = AA1skliiq801643267022
 @State ConcreteID = SC1kgk1b94c3693347776 AbstractID = SR1gkqdc849a2366266383
 ConcreteID CUSTOM = SC1phkgug4bd44724702 AbstractID CUSTOM = SAp8u85g4bf2743516623

	ROLE = LeftClickAt
	TARGET =
		WIDGET = WCkthkjg1d3961490386, WR10fgh33101836453781, WT10fgh33101836453781, WP34gkui19609072533
		ROLE = UIACustomControl
		TITLE = 
		SHAPE = Rect [x:831.0 y:719.0 w:600.0 h:18.0]
		CHILDREN = 3
		PATH = [0, 2, 1]
	DESCRIPTION = Left Click at ''
	TEXT = Compound Action =
		Move mouse to (1131.0, 728.0).
		Press Mouse Button BUTTON1
		Release Mouse Button BUTTON1

ExecutedAction [34]: 
 @Action ConcreteID = AC1pws4ve80720479700 AbstractID = AA1pws4ve80720479700
 ConcreteID CUSTOM = ConcreteID CUSTOM not available AbstractID CUSTOM = AA1skliiq801643267022
 @State ConcreteID = SC1kgk1b94c3693347776 AbstractID = SR1gkqdc849a2366266383
 ConcreteID CUSTOM = SC1phkgug4bd44724702 AbstractID CUSTOM = SAp8u85g4bf2743516623

	ROLE = LeftClickAt
	TARGET =
		WIDGET = WCkthkjg1d3961490386, WR10fgh33101836453781, WT10fgh33101836453781, WP34gkui19609072533
		ROLE = UIACustomControl
		TITLE = 
		SHAPE = Rect [x:831.0 y:719.0 w:600.0 h:18.0]
		CHILDREN = 3
		PATH = [0, 2, 1]
	DESCRIPTION = Left Click at ''
	TEXT = Compound Action =
		Move mouse to (1131.0, 728.0).
		Press Mouse Button BUTTON1
		Release Mouse Button BUTTON1

ExecutedAction [35]: 
 @Action ConcreteID = AC1sxd081802069599452 AbstractID = AA1sxd081802069599452
 ConcreteID CUSTOM = ConcreteID CUSTOM not available AbstractID CUSTOM = AA1vl6dvd80811102918
 @State ConcreteID = SC1kgk1b94c3693347776 AbstractID = SR1gkqdc849a2366266383
 ConcreteID CUSTOM = SC1phkgug4bd44724702 AbstractID CUSTOM = SAp8u85g4bf2743516623

	ROLE = LeftClickAt
	TARGET =
		WIDGET = WC117me3u22367970642, WR17v7k2nb1067391859, WT1y895rf152412617792, WP15oh92w1e2024737031
		ROLE = UIAMenuItem
		TITLE = View Alt+i
		SHAPE = Rect [x:1136.0 y:398.0 w:41.0 h:20.0]
		CHILDREN = 0
		PATH = [0, 1, 6]
	DESCRIPTION = Left Click at 'View Alt+i'
	TEXT = Compound Action =
		Move mouse to (1156.5, 408.0).
		Press Mouse Button BUTTON1
		Release Mouse Button BUTTON1

ExecutedAction [36]: 
 @Action ConcreteID = ACprh03803456473863 AbstractID = AAprh03803456473863
 ConcreteID CUSTOM = ConcreteID CUSTOM not available AbstractID CUSTOM = AAxfxu87f2902754906
 @State ConcreteID = SC15osew15ef3827559602 AbstractID = SR1lewfbz5c52501308968
 ConcreteID CUSTOM = SC18pagpu5ee2850271292 AbstractID CUSTOM = SA5fuge15e82341075615

	ROLE = LeftClickAt
	TARGET =
		WIDGET = WCb8oopr273915996694, WR5quxi6b4097176690, WT5quxi6b4097176690, WP1sol9ch231758362296
		ROLE = UIATreeItem
		TITLE = 
		SHAPE = Rect [x:836.0 y:544.0 w:158.0 h:26.0]
		CHILDREN = 0
		PATH = [0, 2, 0, 0, 3, 1, 1, 4]
	DESCRIPTION = Left Click at ''
	TEXT = Compound Action =
		Move mouse to (915.0, 557.0).
		Press Mouse Button BUTTON1
		Release Mouse Button BUTTON1

ExecutedAction [37]: 
 @Action ConcreteID = AC1gabpu980351001623 AbstractID = AA1gabpu980351001623
 ConcreteID CUSTOM = ConcreteID CUSTOM not available AbstractID CUSTOM = AA1iy53hl801609054733
 @State ConcreteID = SC1kgk1b94c3693347776 AbstractID = SR1gkqdc849a2366266383
 ConcreteID CUSTOM = SC1phkgug4bd44724702 AbstractID CUSTOM = SAp8u85g4bf2743516623

	ROLE = LeftClickAt
	TARGET =
		WIDGET = WC1u4f4um20533468622, WR4na8ob72534219213, WT4na8ob72534219213, WP3ry1zw1c2720922359
		ROLE = UIATree
		TITLE = 
		SHAPE = Rect [x:1016.0 y:444.0 w:415.0 h:272.0]
		CHILDREN = 3
		PATH = [0, 2, 0, 0, 3, 0, 0]
	DESCRIPTION = Left Click at ''
	TEXT = Compound Action =
		Move mouse to (1223.5, 580.0).
		Press Mouse Button BUTTON1
		Release Mouse Button BUTTON1

ExecutedAction [38]: 
 @Action ConcreteID = ACq00iis7f3125390324 AbstractID = AAq00iis7f3125390324
 ConcreteID CUSTOM = ConcreteID CUSTOM not available AbstractID CUSTOM = AA1aphqi47f3179017937
 @State ConcreteID = SC1kgk1b94c3693347776 AbstractID = SR1gkqdc849a2366266383
 ConcreteID CUSTOM = SC1phkgug4bd44724702 AbstractID CUSTOM = SAp8u85g4bf2743516623

	ROLE = LeftClickAt
	TARGET =
		WIDGET = WCb8ooo1273207854480, WR5quxi6b4097176690, WT5quxi6b4097176690, WP1sol9ar231049943358
		ROLE = UIATreeItem
		TITLE = 
		SHAPE = Rect [x:836.0 y:492.0 w:158.0 h:26.0]
		CHILDREN = 0
		PATH = [0, 2, 0, 0, 3, 1, 1, 2]
	DESCRIPTION = Left Click at ''
	TEXT = Compound Action =
		Move mouse to (915.0, 505.0).
		Press Mouse Button BUTTON1
		Release Mouse Button BUTTON1

ExecutedAction [39]: 
 @Action ConcreteID = AC5y4isy80231845387 AbstractID = AA5y4isy80231845387
 ConcreteID CUSTOM = ConcreteID CUSTOM not available AbstractID CUSTOM = AA1aphqi47f3179017937
 @State ConcreteID = SC1vvm97a4c23304495862 AbstractID = SR1gkqdc849a2366266383
 ConcreteID CUSTOM = SCpbo2414be602902429 AbstractID CUSTOM = SAp8u85g4bf2743516623

	ROLE = LeftClickAt
	TARGET =
		WIDGET = WCb8ooo1273207854480, WR5quxi6b4097176690, WT5quxi6b4097176690, WP1sol9ar231049943358
		ROLE = UIATreeItem
		TITLE = 
		SHAPE = Rect [x:836.0 y:492.0 w:158.0 h:26.0]
		CHILDREN = 0
		PATH = [0, 2, 0, 0, 3, 1, 1, 2]
	DESCRIPTION = Left Click at ''
	TEXT = Compound Action =
		Move mouse to (915.0, 505.0).
		Press Mouse Button BUTTON1
		Release Mouse Button BUTTON1

ExecutedAction [40]: 
 @Action ConcreteID = AC1pcyi7f813361574484 AbstractID = AA1pcyi7f813361574484
 ConcreteID CUSTOM = ConcreteID CUSTOM not available AbstractID CUSTOM = AA1adb5bl802934644678
 @State ConcreteID = SC1vvm97a4c23304495862 AbstractID = SR1gkqdc849a2366266383
 ConcreteID CUSTOM = SCpbo2414be602902429 AbstractID CUSTOM = SAp8u85g4bf2743516623

	ROLE = LeftClickAt
	TARGET =
		WIDGET = WC1fcenkz201119982758, WR10fgh33101836453781, WT10fgh33101836453781, WPdpsz4l1c4088669326
		ROLE = UIACustomControl
		TITLE = 
		SHAPE = Rect [x:1317.0 y:738.0 w:101.0 h:32.0]
		CHILDREN = 2
		PATH = [0, 2, 2, 0]
	DESCRIPTION = Left Click at ''
	TEXT = Compound Action =
		Move mouse to (1367.5, 754.0).
		Press Mouse Button BUTTON1
		Release Mouse Button BUTTON1

ExecutedAction [41]: 
 @Action ConcreteID = AC1xxsgdf81962505631 AbstractID = AA1xxsgdf81962505631
 ConcreteID CUSTOM = ConcreteID CUSTOM not available AbstractID CUSTOM = AA1iy53hl801609054733
 @State ConcreteID = SC1vvm97a4c23304495862 AbstractID = SR1gkqdc849a2366266383
 ConcreteID CUSTOM = SCpbo2414be602902429 AbstractID CUSTOM = SAp8u85g4bf2743516623

	ROLE = LeftClickAt
	TARGET =
		WIDGET = WC1qs18f826210102959, WR10fgh33101836453781, WT10fgh33101836453781, WP1bkbbdi221874895209
		ROLE = UIACustomControl
		TITLE = 
		SHAPE = Rect [x:1016.0 y:444.0 w:415.0 h:272.0]
		CHILDREN = 1
		PATH = [0, 2, 0, 0, 3, 0]
	DESCRIPTION = Left Click at ''
	TEXT = Compound Action =
		Move mouse to (1223.5, 580.0).
		Press Mouse Button BUTTON1
		Release Mouse Button BUTTON1

ExecutedAction [42]: 
 @Action ConcreteID = ACwb7pxr801925573297 AbstractID = AAwb7pxr801925573297
 ConcreteID CUSTOM = ConcreteID CUSTOM not available AbstractID CUSTOM = AA21gvnt7f3262100075
 @State ConcreteID = SC1vvm97a4c23304495862 AbstractID = SR1gkqdc849a2366266383
 ConcreteID CUSTOM = SCpbo2414be602902429 AbstractID CUSTOM = SAp8u85g4bf2743516623

	ROLE = LeftClickAt
	TARGET =
		WIDGET = WCb8oopr273915996694, WR5quxi6b4097176690, WT5quxi6b4097176690, WP1sol9ch231758362296
		ROLE = UIATreeItem
		TITLE = 
		SHAPE = Rect [x:836.0 y:544.0 w:158.0 h:26.0]
		CHILDREN = 0
		PATH = [0, 2, 0, 0, 3, 1, 1, 4]
	DESCRIPTION = Left Click at ''
	TEXT = Compound Action =
		Move mouse to (915.0, 557.0).
		Press Mouse Button BUTTON1
		Release Mouse Button BUTTON1

ExecutedAction [43]: 
 @Action ConcreteID = ACcn64k5801009446197 AbstractID = AAcn64k5801009446197
 ConcreteID CUSTOM = ConcreteID CUSTOM not available AbstractID CUSTOM = AAfazi7h801999178543
 @State ConcreteID = SC1kgk1b94c3693347776 AbstractID = SR1gkqdc849a2366266383
 ConcreteID CUSTOM = SC1phkgug4bd44724702 AbstractID CUSTOM = SAp8u85g4bf2743516623

	ROLE = LeftClickAt
	TARGET =
		WIDGET = WC1b1fs831f1220436439, WR1h6ibpb92248851252, WT1h6ibpb92248851252, WP1iy7y8l1b1739092881
		ROLE = UIAButton
		TITLE = 
		SHAPE = Rect [x:1411.0 y:424.0 w:16.0 h:20.0]
		CHILDREN = 0
		PATH = [0, 2, 0, 0, 2, 0]
	DESCRIPTION = Left Click at ''
	TEXT = Compound Action =
		Move mouse to (1419.0, 434.0).
		Press Mouse Button BUTTON1
		Release Mouse Button BUTTON1

ExecutedAction [44]: 
 @Action ConcreteID = AC149p2zq814119838614 AbstractID = AA149p2zq814119838614
 ConcreteID CUSTOM = ConcreteID CUSTOM not available AbstractID CUSTOM = AA64c0bk812210564356
 @State ConcreteID = SC1uaotug5253875631539 AbstractID = SRytkb7j4f82533768409
 ConcreteID CUSTOM = SC1ilhjz15202894377144 AbstractID CUSTOM = SA1bu6fur5281619544356

	ROLE = LeftClickAt
	TARGET =
		WIDGET = WC16jbmg11a1783434451, WR10fgh33101836453781, WT10fgh33101836453781, WP1guga8j162634643805
		ROLE = UIACustomControl
		TITLE = 
		SHAPE = Rect [x:831.0 y:419.0 w:600.0 h:352.0]
		CHILDREN = 3
		PATH = [0, 2]
	DESCRIPTION = Left Click at ''
	TEXT = Compound Action =
		Move mouse to (1131.0, 595.0).
		Press Mouse Button BUTTON1
		Release Mouse Button BUTTON1

ExecutedAction [45]: 
 @Action ConcreteID = ACwik9bq801259514023 AbstractID = AAwik9bq801259514023
 ConcreteID CUSTOM = ConcreteID CUSTOM not available AbstractID CUSTOM = AA1mkgjg803664095975
 @State ConcreteID = SC1uaotug5253875631539 AbstractID = SRytkb7j4f82533768409
 ConcreteID CUSTOM = SC1ilhjz15202894377144 AbstractID CUSTOM = SA1bu6fur5281619544356

	ROLE = LeftClickAt
	TARGET =
		WIDGET = WCb8oomb272365954834, WR5quxi6b4097176690, WT5quxi6b4097176690, WP1sol99123211992508
		ROLE = UIATreeItem
		TITLE = 
		SHAPE = Rect [x:831.0 y:444.0 w:163.0 h:26.0]
		CHILDREN = 0
		PATH = [0, 2, 0, 0, 3, 1, 1, 0]
	DESCRIPTION = Left Click at ''
	TEXT = Compound Action =
		Move mouse to (912.5, 457.0).
		Press Mouse Button BUTTON1
		Release Mouse Button BUTTON1

ExecutedAction [46]: 
 @Action ConcreteID = AC12dz03g7f3172987800 AbstractID = AA12dz03g7f3172987800
 ConcreteID CUSTOM = ConcreteID CUSTOM not available AbstractID CUSTOM = AAyq89xy7f1848620939
 @State ConcreteID = SCz4upxx4ad3364505185 AbstractID = SR17xfj486873679424
 ConcreteID CUSTOM = SCjke9614a82607967139 AbstractID CUSTOM = SA1cuez524ab122910542

	ROLE = LeftClickAt
	TARGET =
		WIDGET = WCb8oomb272365954834, WR5quxi6b4097176690, WT5quxi6b4097176690, WP1sol99123211992508
		ROLE = UIATreeItem
		TITLE = 
		SHAPE = Rect [x:831.0 y:444.0 w:163.0 h:26.0]
		CHILDREN = 0
		PATH = [0, 2, 0, 0, 3, 1, 1, 0]
	DESCRIPTION = Left Click at ''
	TEXT = Compound Action =
		Move mouse to (912.5, 457.0).
		Press Mouse Button BUTTON1
		Release Mouse Button BUTTON1

ExecutedAction [47]: 
 @Action ConcreteID = ACuabpj77f1634063069 AbstractID = AAuabpj77f1634063069
 ConcreteID CUSTOM = ConcreteID CUSTOM not available AbstractID CUSTOM = AAqmkzdp7f2991953614
 @State ConcreteID = SCz4upxx4ad3364505185 AbstractID = SR17xfj486873679424
 ConcreteID CUSTOM = SCjke9614a82607967139 AbstractID CUSTOM = SA1cuez524ab122910542

	ROLE = LeftClickAt
	TARGET =
		WIDGET = WCsnsiim193522581523, WR1h6ibpb92248851252, WT1h6ibpb92248851252, WP8rujsg151712139295
		ROLE = UIAButton
		TITLE = 
		SHAPE = Rect [x:930.0 y:741.0 w:26.0 h:26.0]
		CHILDREN = 0
		PATH = [0, 2, 2, 5]
	DESCRIPTION = Left Click at ''
	TEXT = Compound Action =
		Move mouse to (943.0, 754.0).
		Press Mouse Button BUTTON1
		Release Mouse Button BUTTON1

ExecutedAction [48]: 
 @Action ConcreteID = ACwciclb7f1108144325 AbstractID = AAwciclb7f1108144325
 ConcreteID CUSTOM = ConcreteID CUSTOM not available AbstractID CUSTOM = AAsormft7f2436674774
 @State ConcreteID = SCz4upxx4ad3364505185 AbstractID = SR17xfj486873679424
 ConcreteID CUSTOM = SCjke9614a82607967139 AbstractID CUSTOM = SA1cuez524ab122910542

	ROLE = LeftClickAt
	TARGET =
		WIDGET = WCb8oopr273915996694, WR5quxi6b4097176690, WT5quxi6b4097176690, WP1sol9ch231758362296
		ROLE = UIATreeItem
		TITLE = 
		SHAPE = Rect [x:836.0 y:544.0 w:158.0 h:26.0]
		CHILDREN = 0
		PATH = [0, 2, 0, 0, 3, 1, 1, 4]
	DESCRIPTION = Left Click at ''
	TEXT = Compound Action =
		Move mouse to (915.0, 557.0).
		Press Mouse Button BUTTON1
		Release Mouse Button BUTTON1

ExecutedAction [49]: 
 @Action ConcreteID = AC14oxfrm813867971077 AbstractID = AA14oxfrm813867971077
 ConcreteID CUSTOM = ConcreteID CUSTOM not available AbstractID CUSTOM = AA6jkd3g812428614807
 @State ConcreteID = SC1uaotug5253875631539 AbstractID = SRytkb7j4f82533768409
 ConcreteID CUSTOM = SC1ilhjz15202894377144 AbstractID CUSTOM = SA1bu6fur5281619544356

	ROLE = LeftClickAt
	TARGET =
		WIDGET = WCkthkjg1d3961490386, WR10fgh33101836453781, WT10fgh33101836453781, WP34gkui19609072533
		ROLE = UIACustomControl
		TITLE = 
		SHAPE = Rect [x:831.0 y:719.0 w:600.0 h:18.0]
		CHILDREN = 3
		PATH = [0, 2, 1]
	DESCRIPTION = Left Click at ''
	TEXT = Compound Action =
		Move mouse to (1131.0, 728.0).
		Press Mouse Button BUTTON1
		Release Mouse Button BUTTON1

ExecutedAction [50]: 
 @Action ConcreteID = AC6l3nmg803832928872 AbstractID = AA6l3nmg803832928872
 ConcreteID CUSTOM = ConcreteID CUSTOM not available AbstractID CUSTOM = AA1aq7wta801963120680
 @State ConcreteID = SC1uaotug5253875631539 AbstractID = SRytkb7j4f82533768409
 ConcreteID CUSTOM = SC1ilhjz15202894377144 AbstractID CUSTOM = SA1bu6fur5281619544356

	ROLE = LeftClickAt
	TARGET =
		WIDGET = WC1nr18z02a2229818547, WR1h6ibpb92248851252, WT1igj3ey14183154147, WPubp6se262598438425
		ROLE = UIAButton
		TITLE = My Pictures
		SHAPE = Rect [x:831.0 y:422.0 w:76.0 h:22.0]
		CHILDREN = 0
		PATH = [0, 2, 0, 0, 0, 0]
	DESCRIPTION = Left Click at 'My Pictures'
	TEXT = Compound Action =
		Move mouse to (869.0, 433.0).
		Press Mouse Button BUTTON1
		Release Mouse Button BUTTON1

ExecutedAction [51]: 
 @Action ConcreteID = AC149p2zq814119838614 AbstractID = AA149p2zq814119838614
 ConcreteID CUSTOM = ConcreteID CUSTOM not available AbstractID CUSTOM = AA64c0bk812210564356
 @State ConcreteID = SC1uaotug5253875631539 AbstractID = SRytkb7j4f82533768409
 ConcreteID CUSTOM = SC1ilhjz15202894377144 AbstractID CUSTOM = SA1bu6fur5281619544356

	ROLE = LeftClickAt
	TARGET =
		WIDGET = WC16jbmg11a1783434451, WR10fgh33101836453781, WT10fgh33101836453781, WP1guga8j162634643805
		ROLE = UIACustomControl
		TITLE = 
		SHAPE = Rect [x:831.0 y:419.0 w:600.0 h:352.0]
		CHILDREN = 3
		PATH = [0, 2]
	DESCRIPTION = Left Click at ''
	TEXT = Compound Action =
		Move mouse to (1131.0, 595.0).
		Press Mouse Button BUTTON1
		Release Mouse Button BUTTON1

ExecutedAction [52]: 
 @Action ConcreteID = ACwik9bq801259514023 AbstractID = AAwik9bq801259514023
 ConcreteID CUSTOM = ConcreteID CUSTOM not available AbstractID CUSTOM = AA1mkgjg803664095975
 @State ConcreteID = SC1uaotug5253875631539 AbstractID = SRytkb7j4f82533768409
 ConcreteID CUSTOM = SC1ilhjz15202894377144 AbstractID CUSTOM = SA1bu6fur5281619544356

	ROLE = LeftClickAt
	TARGET =
		WIDGET = WCb8oomb272365954834, WR5quxi6b4097176690, WT5quxi6b4097176690, WP1sol99123211992508
		ROLE = UIATreeItem
		TITLE = 
		SHAPE = Rect [x:831.0 y:444.0 w:163.0 h:26.0]
		CHILDREN = 0
		PATH = [0, 2, 0, 0, 3, 1, 1, 0]
	DESCRIPTION = Left Click at ''
	TEXT = Compound Action =
		Move mouse to (912.5, 457.0).
		Press Mouse Button BUTTON1
		Release Mouse Button BUTTON1

ExecutedAction [53]: 
 @Action ConcreteID = ACwa683r802337135525 AbstractID = AAwa683r802337135525
 ConcreteID CUSTOM = ConcreteID CUSTOM not available AbstractID CUSTOM = AA1owdtbh80253798975
 @State ConcreteID = SCz4upxx4ad3364505185 AbstractID = SR17xfj486873679424
 ConcreteID CUSTOM = SCjke9614a82607967139 AbstractID CUSTOM = SA1cuez524ab122910542

	ROLE = LeftClickAt
	TARGET =
		WIDGET = WC1fbb2e920939640774, WR10fgh33101836453781, WT10fgh33101836453781, WPdopdxv1c2306111470
		ROLE = UIACustomControl
		TITLE = 
		SHAPE = Rect [x:831.0 y:419.0 w:600.0 h:300.0]
		CHILDREN = 4
		PATH = [0, 2, 0, 0]
	DESCRIPTION = Left Click at ''
	TEXT = Compound Action =
		Move mouse to (1131.0, 569.0).
		Press Mouse Button BUTTON1
		Release Mouse Button BUTTON1

ExecutedAction [54]: 
 @Action ConcreteID = ACwa683r802337135525 AbstractID = AAwa683r802337135525
 ConcreteID CUSTOM = ConcreteID CUSTOM not available AbstractID CUSTOM = AA1owdtbh80253798975
 @State ConcreteID = SCz4upxx4ad3364505185 AbstractID = SR17xfj486873679424
 ConcreteID CUSTOM = SCjke9614a82607967139 AbstractID CUSTOM = SA1cuez524ab122910542

	ROLE = LeftClickAt
	TARGET =
		WIDGET = WC1fbb2e920939640774, WR10fgh33101836453781, WT10fgh33101836453781, WPdopdxv1c2306111470
		ROLE = UIACustomControl
		TITLE = 
		SHAPE = Rect [x:831.0 y:419.0 w:600.0 h:300.0]
		CHILDREN = 4
		PATH = [0, 2, 0, 0]
	DESCRIPTION = Left Click at ''
	TEXT = Compound Action =
		Move mouse to (1131.0, 569.0).
		Press Mouse Button BUTTON1
		Release Mouse Button BUTTON1

ExecutedAction [55]: 
 @Action ConcreteID = AC9tngjs7f4277999388 AbstractID = AA9tngjs7f4277999388
 ConcreteID CUSTOM = ConcreteID CUSTOM not available AbstractID CUSTOM = AA65wqea7f768430863
 @State ConcreteID = SCz4upxx4ad3364505185 AbstractID = SR17xfj486873679424
 ConcreteID CUSTOM = SCjke9614a82607967139 AbstractID CUSTOM = SA1cuez524ab122910542

	ROLE = LeftClickAt
	TARGET =
		WIDGET = WCsnsig1192662843092, WR1h6ibpb92248851252, WT1h6ibpb92248851252, WP8rujpv15692894424
		ROLE = UIAButton
		TITLE = 
		SHAPE = Rect [x:834.0 y:738.0 w:32.0 h:32.0]
		CHILDREN = 0
		PATH = [0, 2, 2, 2]
	DESCRIPTION = Left Click at ''
	TEXT = Compound Action =
		Move mouse to (850.0, 754.0).
		Press Mouse Button BUTTON1
		Release Mouse Button BUTTON1

ExecutedAction [56]: 
 @Action ConcreteID = AC1oi2nwq801255126958 AbstractID = AA1oi2nwq801255126958
 ConcreteID CUSTOM = ConcreteID CUSTOM not available AbstractID CUSTOM = AAi3675c803466774068
 @State ConcreteID = SCz4upxx4ad3364505185 AbstractID = SR17xfj486873679424
 ConcreteID CUSTOM = SCjke9614a82607967139 AbstractID CUSTOM = SA1cuez524ab122910542

	ROLE = LeftClickAt
	TARGET =
		WIDGET = WCqo6bfv1b3993562100, WR88rmk0b1934231702, WT88rmk0b1934231702, WP5fia59171780392929
		ROLE = UIACheckBox
		TITLE = 
		SHAPE = Rect [x:1058.0 y:741.0 w:26.0 h:26.0]
		CHILDREN = 0
		PATH = [0, 2, 2, 9]
	DESCRIPTION = Left Click at ''
	TEXT = Compound Action =
		Move mouse to (1071.0, 754.0).
		Press Mouse Button BUTTON1
		Release Mouse Button BUTTON1

ExecutedAction [57]: 
 @Action ConcreteID = AC1kx41ab7f145122385 AbstractID = AA1kx41ab7f145122385
 ConcreteID CUSTOM = ConcreteID CUSTOM not available AbstractID CUSTOM = AA1h9db4t7f3684048962
 @State ConcreteID = SCz4upxx4ad3364505185 AbstractID = SR17xfj486873679424
 ConcreteID CUSTOM = SCjke9614a82607967139 AbstractID CUSTOM = SA1cuez524ab122910542

	ROLE = LeftClickAt
	TARGET =
		WIDGET = WC11132ie26988553567, WR17v7k2nb1067391859, WT7kxrdw19266625713, WP1rp2dz8223396690116
		ROLE = UIAMenuItem
		TITLE = Playback Alt+l
		SHAPE = Rect [x:880.0 y:398.0 w:63.0 h:20.0]
		CHILDREN = 0
		PATH = [0, 1, 1]
	DESCRIPTION = Left Click at 'Playback Alt+l'
	TEXT = Compound Action =
		Move mouse to (911.5, 408.0).
		Press Mouse Button BUTTON1
		Release Mouse Button BUTTON1

ExecutedAction [58]: 
 @Action ConcreteID = ACkq3m36801277612274 AbstractID = AAkq3m36801277612274
 ConcreteID CUSTOM = ConcreteID CUSTOM not available AbstractID CUSTOM = AAlsy7s080343043176
 @State ConcreteID = SC1c6ambm6282824963980 AbstractID = SRssdi3260138748384
 ConcreteID CUSTOM = SC15am19y6293708522247 AbstractID CUSTOM = SA18pxr7s6241456902530

	ROLE = LeftClickAt
	TARGET =
		WIDGET = WCb8ooo1273207854480, WR5quxi6b4097176690, WT5quxi6b4097176690, WP1sol9ar231049943358
		ROLE = UIATreeItem
		TITLE = 
		SHAPE = Rect [x:836.0 y:492.0 w:158.0 h:26.0]
		CHILDREN = 0
		PATH = [0, 2, 0, 0, 3, 1, 1, 2]
	DESCRIPTION = Left Click at ''
	TEXT = Compound Action =
		Move mouse to (915.0, 505.0).
		Press Mouse Button BUTTON1
		Release Mouse Button BUTTON1

ExecutedAction [59]: 
 @Action ConcreteID = ACf91hfz803538473924 AbstractID = AAf91hfz803538473924
 ConcreteID CUSTOM = ConcreteID CUSTOM not available AbstractID CUSTOM = AAgbw34t802327605086
 @State ConcreteID = SC1c6ambm6282824963980 AbstractID = SRssdi3260138748384
 ConcreteID CUSTOM = SC15am19y6293708522247 AbstractID CUSTOM = SA18pxr7s6241456902530

	ROLE = LeftClickAt
	TARGET =
		WIDGET = WC1m1y7eq2c113111660, WR1h6ibpb92248851252, WTumhn1c1632149326, WPkq5l9w281330464099
		ROLE = UIAButton
		TITLE = Media Library
		SHAPE = Rect [x:831.0 y:422.0 w:87.0 h:22.0]
		CHILDREN = 0
		PATH = [0, 2, 0, 0, 0, 0]
	DESCRIPTION = Left Click at 'Media Library'
	TEXT = Compound Action =
		Move mouse to (874.5, 433.0).
		Press Mouse Button BUTTON1
		Release Mouse Button BUTTON1

ExecutedAction [60]: 
 @Action ConcreteID = AC1lma4it80985764632 AbstractID = AA1lma4it80985764632
 ConcreteID CUSTOM = ConcreteID CUSTOM not available AbstractID CUSTOM = AAf7dnrf803199001218
 @State ConcreteID = SCz4upxx4ad3364505185 AbstractID = SR17xfj486873679424
 ConcreteID CUSTOM = SCjke9614a82607967139 AbstractID CUSTOM = SA1cuez524ab122910542

	ROLE = LeftClickAt
	TARGET =
		WIDGET = WCkthkkb1d3341998097, WR10fgh33101836453781, WT10fgh33101836453781, WP34gkvd19258008662
		ROLE = UIACustomControl
		TITLE = 
		SHAPE = Rect [x:831.0 y:737.0 w:600.0 h:34.0]
		CHILDREN = 11
		PATH = [0, 2, 2]
	DESCRIPTION = Left Click at ''
	TEXT = Compound Action =
		Move mouse to (1131.0, 754.0).
		Press Mouse Button BUTTON1
		Release Mouse Button BUTTON1

ExecutedAction [61]: 
 @Action ConcreteID = ACd3hoox801837078687 AbstractID = AAd3hoox801837078687
 ConcreteID CUSTOM = ConcreteID CUSTOM not available AbstractID CUSTOM = AA15pp9wn803910330629
 @State ConcreteID = SCz4upxx4ad3364505185 AbstractID = SR17xfj486873679424
 ConcreteID CUSTOM = SCjke9614a82607967139 AbstractID CUSTOM = SA1cuez524ab122910542

	ROLE = LeftClickAt
	TARGET =
		WIDGET = WC1wr6twp233179607085, WR17v7k2nb1067391859, WTwtxn65161410781764, WPzq9smv1f824583798
		ROLE = UIAMenuItem
		TITLE = Tools Alt+s
		SHAPE = Rect [x:1093.0 y:398.0 w:43.0 h:20.0]
		CHILDREN = 0
		PATH = [0, 1, 5]
	DESCRIPTION = Left Click at 'Tools Alt+s'
	TEXT = Compound Action =
		Move mouse to (1114.5, 408.0).
		Press Mouse Button BUTTON1
		Release Mouse Button BUTTON1

ExecutedAction [62]: 
 @Action ConcreteID = AC11qvsxq7f2159104109 AbstractID = AA11qvsxq7f2159104109
 ConcreteID CUSTOM = ConcreteID CUSTOM not available AbstractID CUSTOM = AAs12cxk801648560622
 @State ConcreteID = SCzx00rl59c2678470416 AbstractID = SR1y2e0qe5752734748832
 ConcreteID CUSTOM = SC1sj7krl59a3434532543 AbstractID CUSTOM = SA1nfcdhb5981551786966

	ROLE = LeftClickAt
	TARGET =
		WIDGET = WC1cj90xv241472876304, WR1e04pz3e358922214, WT1e04pz3e358922214, WP163y8ad202550790949
		ROLE = UIASplitButton
		TITLE = 
		SHAPE = Rect [x:831.0 y:444.0 w:180.0 h:272.0]
		CHILDREN = 3
		PATH = [0, 2, 0, 0, 3, 1]
	DESCRIPTION = Left Click at ''
	TEXT = Compound Action =
		Move mouse to (921.0, 580.0).
		Press Mouse Button BUTTON1
		Release Mouse Button BUTTON1

ExecutedAction [63]: 
 @Action ConcreteID = ACtwoj801845942176 AbstractID = AAtwoj801845942176
 ConcreteID CUSTOM = ConcreteID CUSTOM not available AbstractID CUSTOM = AAsn1hw9803932923450
 @State ConcreteID = SCz4upxx4ad3364505185 AbstractID = SR17xfj486873679424
 ConcreteID CUSTOM = SCjke9614a82607967139 AbstractID CUSTOM = SA1cuez524ab122910542

	ROLE = LeftClickAt
	TARGET =
		WIDGET = WC1qs18f826210102959, WR10fgh33101836453781, WT10fgh33101836453781, WP1bkbbdi221874895209
		ROLE = UIACustomControl
		TITLE = 
		SHAPE = Rect [x:1016.0 y:444.0 w:415.0 h:272.0]
		CHILDREN = 1
		PATH = [0, 2, 0, 0, 3, 0]
	DESCRIPTION = Left Click at ''
	TEXT = Compound Action =
		Move mouse to (1223.5, 580.0).
		Press Mouse Button BUTTON1
		Release Mouse Button BUTTON1

ExecutedAction [64]: 
 @Action ConcreteID = ACmeyadl7f3500940405 AbstractID = AAmeyadl7f3500940405
 ConcreteID CUSTOM = ConcreteID CUSTOM not available AbstractID CUSTOM = AAir7k837f60577894
 @State ConcreteID = SCz4upxx4ad3364505185 AbstractID = SR17xfj486873679424
 ConcreteID CUSTOM = SCjke9614a82607967139 AbstractID CUSTOM = SA1cuez524ab122910542

	ROLE = LeftClickAt
	TARGET =
		WIDGET = WC1u4yxgu201001852223, WR4na8ob72534219213, WT4na8ob72534219213, WP3shum41c2253840902
		ROLE = UIATree
		TITLE = 
		SHAPE = Rect [x:831.0 y:444.0 w:180.0 h:139.0]
		CHILDREN = 6
		PATH = [0, 2, 0, 0, 3, 1, 1]
	DESCRIPTION = Left Click at ''
	TEXT = Compound Action =
		Move mouse to (921.0, 513.5).
		Press Mouse Button BUTTON1
		Release Mouse Button BUTTON1

ExecutedAction [65]: 
 @Action ConcreteID = AC1gvbtjq7f1047500854 AbstractID = AA1gvbtjq7f1047500854
 ConcreteID CUSTOM = ConcreteID CUSTOM not available AbstractID CUSTOM = AA1eao8457f1035611555
 @State ConcreteID = SCwarwbp4ad4042086081 AbstractID = SR17xfj486873679424
 ConcreteID CUSTOM = SCsb21lj4a93945087675 AbstractID CUSTOM = SA1cuez524ab122910542

	ROLE = LeftClickAt
	TARGET =
		WIDGET = WCb8ooow272787690705, WR5quxi6b4097176690, WT5quxi6b4097176690, WP1sol9bm23663743615
		ROLE = UIATreeItem
		TITLE = 
		SHAPE = Rect [x:836.0 y:518.0 w:158.0 h:26.0]
		CHILDREN = 0
		PATH = [0, 2, 0, 0, 3, 1, 1, 3]
	DESCRIPTION = Left Click at ''
	TEXT = Compound Action =
		Move mouse to (915.0, 531.0).
		Press Mouse Button BUTTON1
		Release Mouse Button BUTTON1

ExecutedAction [66]: 
 @Action ConcreteID = AC1jq608s812845303328 AbstractID = AA1jq608s812845303328
 ConcreteID CUSTOM = ConcreteID CUSTOM not available AbstractID CUSTOM = AAsn1hw9803932923450
 @State ConcreteID = SC1h33y9q4ad2959053001 AbstractID = SR17xfj486873679424
 ConcreteID CUSTOM = SCn1m6zs4a92737036163 AbstractID CUSTOM = SA1cuez524ab122910542

	ROLE = LeftClickAt
	TARGET =
		WIDGET = WC1qs18f826210102959, WR10fgh33101836453781, WT10fgh33101836453781, WP1bkbbdi221874895209
		ROLE = UIACustomControl
		TITLE = 
		SHAPE = Rect [x:1016.0 y:444.0 w:415.0 h:272.0]
		CHILDREN = 1
		PATH = [0, 2, 0, 0, 3, 0]
	DESCRIPTION = Left Click at ''
	TEXT = Compound Action =
		Move mouse to (1223.5, 580.0).
		Press Mouse Button BUTTON1
		Release Mouse Button BUTTON1

ExecutedAction [67]: 
 @Action ConcreteID = AC1wd7amk813324488427 AbstractID = AA1wd7amk813324488427
 ConcreteID CUSTOM = ConcreteID CUSTOM not available AbstractID CUSTOM = AA15a2sa1802245783281
 @State ConcreteID = SC1h33y9q4ad2959053001 AbstractID = SR17xfj486873679424
 ConcreteID CUSTOM = SCn1m6zs4a92737036163 AbstractID CUSTOM = SA1cuez524ab122910542

	ROLE = LeftClickAt
	TARGET =
		WIDGET = WC117me3u22367970642, WR17v7k2nb1067391859, WT1y895rf152412617792, WP15oh92w1e2024737031
		ROLE = UIAMenuItem
		TITLE = View Alt+i
		SHAPE = Rect [x:1136.0 y:398.0 w:41.0 h:20.0]
		CHILDREN = 0
		PATH = [0, 1, 6]
	DESCRIPTION = Left Click at 'View Alt+i'
	TEXT = Compound Action =
		Move mouse to (1156.5, 408.0).
		Press Mouse Button BUTTON1
		Release Mouse Button BUTTON1

ExecutedAction [68]: 
 @Action ConcreteID = AC8bnord803625680417 AbstractID = AA8bnord803625680417
 ConcreteID CUSTOM = ConcreteID CUSTOM not available AbstractID CUSTOM = AAvkwhl4801777860299
 @State ConcreteID = SC53rlyy5d93249284978 AbstractID = SR8y2ql25b11697237854
 ConcreteID CUSTOM = SCvnr3ya5da3163332434 AbstractID CUSTOM = SA7cc6mz5d41916012639

	ROLE = LeftClickAt
	TARGET =
		WIDGET = WC1pm5r0o232668325901, WR17v7k2nb1067391859, WT1p8hf68161996799177, WP19ngj4m1f1149120030
		ROLE = UIAMenuItem
		TITLE = Video Alt+V
		SHAPE = Rect [x:991.0 y:398.0 w:46.0 h:20.0]
		CHILDREN = 0
		PATH = [0, 1, 3]
	DESCRIPTION = Left Click at 'Video Alt+V'
	TEXT = Compound Action =
		Move mouse to (1014.0, 408.0).
		Press Mouse Button BUTTON1
		Release Mouse Button BUTTON1

ExecutedAction [69]: 
 @Action ConcreteID = AC1b4ikf4802519803918 AbstractID = AA1b4ikf4802519803918
 ConcreteID CUSTOM = ConcreteID CUSTOM not available AbstractID CUSTOM = AAir7k837f60577894
 @State ConcreteID = SC1h33y9q4ad2959053001 AbstractID = SR17xfj486873679424
 ConcreteID CUSTOM = SCn1m6zs4a92737036163 AbstractID CUSTOM = SA1cuez524ab122910542

	ROLE = LeftClickAt
	TARGET =
		WIDGET = WC1u4yxgu201001852223, WR4na8ob72534219213, WT4na8ob72534219213, WP3shum41c2253840902
		ROLE = UIATree
		TITLE = 
		SHAPE = Rect [x:831.0 y:444.0 w:180.0 h:139.0]
		CHILDREN = 6
		PATH = [0, 2, 0, 0, 3, 1, 1]
	DESCRIPTION = Left Click at ''
	TEXT = Compound Action =
		Move mouse to (921.0, 513.5).
		Press Mouse Button BUTTON1
		Release Mouse Button BUTTON1

ExecutedAction [70]: 
 @Action ConcreteID = ACl59vhq7f702386875 AbstractID = AAl59vhq7f702386875
 ConcreteID CUSTOM = ConcreteID CUSTOM not available AbstractID CUSTOM = AAikma257f705177390
 @State ConcreteID = SCwarwbp4ad4042086081 AbstractID = SR17xfj486873679424
 ConcreteID CUSTOM = SCsb21lj4a93945087675 AbstractID CUSTOM = SA1cuez524ab122910542

	ROLE = LeftClickAt
	TARGET =
		WIDGET = WCb8oon6272485037651, WR5quxi6b4097176690, WT5quxi6b4097176690, WP1sol99w23364482301
		ROLE = UIATreeItem
		TITLE = 
		SHAPE = Rect [x:831.0 y:470.0 w:163.0 h:22.0]
		CHILDREN = 0
		PATH = [0, 2, 0, 0, 3, 1, 1, 1]
	DESCRIPTION = Left Click at ''
	TEXT = Compound Action =
		Move mouse to (912.5, 481.0).
		Press Mouse Button BUTTON1
		Release Mouse Button BUTTON1

ExecutedAction [71]: 
 @Action ConcreteID = AC7f8qd57f2836043815 AbstractID = AA7f8qd57f2836043815
 ConcreteID CUSTOM = ConcreteID CUSTOM not available AbstractID CUSTOM = AA4ul4xk7f2866752946
 @State ConcreteID = SCwarwbp4ad4042086081 AbstractID = SR17xfj486873679424
 ConcreteID CUSTOM = SCsb21lj4a93945087675 AbstractID CUSTOM = SA1cuez524ab122910542

	ROLE = LeftClickAt
	TARGET =
		WIDGET = WC41bsun282622999846, WR1h6ibpb92248851252, WT1u0ptgt12975207968, WP1bkhc8x242086074223
		ROLE = UIAButton
		TITLE = My Videos
		SHAPE = Rect [x:831.0 y:422.0 w:67.0 h:22.0]
		CHILDREN = 0
		PATH = [0, 2, 0, 0, 0, 0]
	DESCRIPTION = Left Click at 'My Videos'
	TEXT = Compound Action =
		Move mouse to (864.5, 433.0).
		Press Mouse Button BUTTON1
		Release Mouse Button BUTTON1

ExecutedAction [72]: 
 @Action ConcreteID = AC1et74vz7f379868812 AbstractID = AA1et74vz7f379868812
 ConcreteID CUSTOM = ConcreteID CUSTOM not available AbstractID CUSTOM = AA1c8jjge7f359785241
 @State ConcreteID = SCwarwbp4ad4042086081 AbstractID = SR17xfj486873679424
 ConcreteID CUSTOM = SCsb21lj4a93945087675 AbstractID CUSTOM = SA1cuez524ab122910542

	ROLE = LeftClickAt
	TARGET =
		WIDGET = WCv2iyh7231187149563, WR17v7k2nb1067391859, WT12et6eo161830467638, WP186y9jt1f939178242
		ROLE = UIAMenuItem
		TITLE = Media Alt+M
		SHAPE = Rect [x:831.0 y:398.0 w:49.0 h:20.0]
		CHILDREN = 0
		PATH = [0, 1, 0]
	DESCRIPTION = Left Click at 'Media Alt+M'
	TEXT = Compound Action =
		Move mouse to (855.5, 408.0).
		Press Mouse Button BUTTON1
		Release Mouse Button BUTTON1

ExecutedAction [73]: 
 @Action ConcreteID = ACw0rh5w81898691338 AbstractID = AAw0rh5w81898691338
 ConcreteID CUSTOM = ConcreteID CUSTOM not available AbstractID CUSTOM = AA1me5or9814208334981
 @State ConcreteID = SC1gaq9io5ed3916374049 AbstractID = SR1qnea745c51673315429
 ConcreteID CUSTOM = SC169wir05ea595894339 AbstractID CUSTOM = SA1f9zoso5e71946204512

	ROLE = LeftClickAt
	TARGET =
		WIDGET = WC1fcenkz201119982758, WR10fgh33101836453781, WT10fgh33101836453781, WPdpsz4l1c4088669326
		ROLE = UIACustomControl
		TITLE = 
		SHAPE = Rect [x:1317.0 y:738.0 w:101.0 h:32.0]
		CHILDREN = 2
		PATH = [0, 2, 2, 0]
	DESCRIPTION = Left Click at ''
	TEXT = Compound Action =
		Move mouse to (1367.5, 754.0).
		Press Mouse Button BUTTON1
		Release Mouse Button BUTTON1

ExecutedAction [74]: 
 @Action ConcreteID = AC11avvdj7f1845101086 AbstractID = AA11avvdj7f1845101086
 ConcreteID CUSTOM = ConcreteID CUSTOM not available AbstractID CUSTOM = AAyq89xy7f1848620939
 @State ConcreteID = SCwarwbp4ad4042086081 AbstractID = SR17xfj486873679424
 ConcreteID CUSTOM = SCsb21lj4a93945087675 AbstractID CUSTOM = SA1cuez524ab122910542

	ROLE = LeftClickAt
	TARGET =
		WIDGET = WCb8oomb272365954834, WR5quxi6b4097176690, WT5quxi6b4097176690, WP1sol99123211992508
		ROLE = UIATreeItem
		TITLE = 
		SHAPE = Rect [x:831.0 y:444.0 w:163.0 h:26.0]
		CHILDREN = 0
		PATH = [0, 2, 0, 0, 3, 1, 1, 0]
	DESCRIPTION = Left Click at ''
	TEXT = Compound Action =
		Move mouse to (912.5, 457.0).
		Press Mouse Button BUTTON1
		Release Mouse Button BUTTON1

ExecutedAction [75]: 
 @Action ConcreteID = ACmeyadl7f3500940405 AbstractID = AAmeyadl7f3500940405
 ConcreteID CUSTOM = ConcreteID CUSTOM not available AbstractID CUSTOM = AAir7k837f60577894
 @State ConcreteID = SCz4upxx4ad3364505185 AbstractID = SR17xfj486873679424
 ConcreteID CUSTOM = SCjke9614a82607967139 AbstractID CUSTOM = SA1cuez524ab122910542

	ROLE = LeftClickAt
	TARGET =
		WIDGET = WC1u4yxgu201001852223, WR4na8ob72534219213, WT4na8ob72534219213, WP3shum41c2253840902
		ROLE = UIATree
		TITLE = 
		SHAPE = Rect [x:831.0 y:444.0 w:180.0 h:139.0]
		CHILDREN = 6
		PATH = [0, 2, 0, 0, 3, 1, 1]
	DESCRIPTION = Left Click at ''
	TEXT = Compound Action =
		Move mouse to (921.0, 513.5).
		Press Mouse Button BUTTON1
		Release Mouse Button BUTTON1

ExecutedAction [76]: 
 @Action ConcreteID = ACnyl27e801053446396 AbstractID = AAnyl27e801053446396
 ConcreteID CUSTOM = ConcreteID CUSTOM not available AbstractID CUSTOM = AAf7dnrf803199001218
 @State ConcreteID = SCwarwbp4ad4042086081 AbstractID = SR17xfj486873679424
 ConcreteID CUSTOM = SCsb21lj4a93945087675 AbstractID CUSTOM = SA1cuez524ab122910542

	ROLE = LeftClickAt
	TARGET =
		WIDGET = WCkthkkb1d3341998097, WR10fgh33101836453781, WT10fgh33101836453781, WP34gkvd19258008662
		ROLE = UIACustomControl
		TITLE = 
		SHAPE = Rect [x:831.0 y:737.0 w:600.0 h:34.0]
		CHILDREN = 11
		PATH = [0, 2, 2]
	DESCRIPTION = Left Click at ''
	TEXT = Compound Action =
		Move mouse to (1131.0, 754.0).
		Press Mouse Button BUTTON1
		Release Mouse Button BUTTON1

ExecutedAction [77]: 
 @Action ConcreteID = ACnyl27e801053446396 AbstractID = AAnyl27e801053446396
 ConcreteID CUSTOM = ConcreteID CUSTOM not available AbstractID CUSTOM = AAf7dnrf803199001218
 @State ConcreteID = SCwarwbp4ad4042086081 AbstractID = SR17xfj486873679424
 ConcreteID CUSTOM = SCsb21lj4a93945087675 AbstractID CUSTOM = SA1cuez524ab122910542

	ROLE = LeftClickAt
	TARGET =
		WIDGET = WCkthkkb1d3341998097, WR10fgh33101836453781, WT10fgh33101836453781, WP34gkvd19258008662
		ROLE = UIACustomControl
		TITLE = 
		SHAPE = Rect [x:831.0 y:737.0 w:600.0 h:34.0]
		CHILDREN = 11
		PATH = [0, 2, 2]
	DESCRIPTION = Left Click at ''
	TEXT = Compound Action =
		Move mouse to (1131.0, 754.0).
		Press Mouse Button BUTTON1
		Release Mouse Button BUTTON1

ExecutedAction [78]: 
 @Action ConcreteID = ACl59vhq7f702386875 AbstractID = AAl59vhq7f702386875
 ConcreteID CUSTOM = ConcreteID CUSTOM not available AbstractID CUSTOM = AAikma257f705177390
 @State ConcreteID = SCwarwbp4ad4042086081 AbstractID = SR17xfj486873679424
 ConcreteID CUSTOM = SCsb21lj4a93945087675 AbstractID CUSTOM = SA1cuez524ab122910542

	ROLE = LeftClickAt
	TARGET =
		WIDGET = WCb8oon6272485037651, WR5quxi6b4097176690, WT5quxi6b4097176690, WP1sol99w23364482301
		ROLE = UIATreeItem
		TITLE = 
		SHAPE = Rect [x:831.0 y:470.0 w:163.0 h:22.0]
		CHILDREN = 0
		PATH = [0, 2, 0, 0, 3, 1, 1, 1]
	DESCRIPTION = Left Click at ''
	TEXT = Compound Action =
		Move mouse to (912.5, 481.0).
		Press Mouse Button BUTTON1
		Release Mouse Button BUTTON1

ExecutedAction [79]: 
 @Action ConcreteID = ACqudllb801321497674 AbstractID = AAqudllb801321497674
 ConcreteID CUSTOM = ConcreteID CUSTOM not available AbstractID CUSTOM = AAi3675c803466774068
 @State ConcreteID = SCwarwbp4ad4042086081 AbstractID = SR17xfj486873679424
 ConcreteID CUSTOM = SCsb21lj4a93945087675 AbstractID CUSTOM = SA1cuez524ab122910542

	ROLE = LeftClickAt
	TARGET =
		WIDGET = WCqo6bfv1b3993562100, WR88rmk0b1934231702, WT88rmk0b1934231702, WP5fia59171780392929
		ROLE = UIACheckBox
		TITLE = 
		SHAPE = Rect [x:1058.0 y:741.0 w:26.0 h:26.0]
		CHILDREN = 0
		PATH = [0, 2, 2, 9]
	DESCRIPTION = Left Click at ''
	TEXT = Compound Action =
		Move mouse to (1071.0, 754.0).
		Press Mouse Button BUTTON1
		Release Mouse Button BUTTON1

ExecutedAction [80]: 
 @Action ConcreteID = AC6qobel802779752957 AbstractID = AA6qobel802779752957
 ConcreteID CUSTOM = ConcreteID CUSTOM not available AbstractID CUSTOM = AA1x0kyxq80633936771
 @State ConcreteID = SCwarwbp4ad4042086081 AbstractID = SR17xfj486873679424
 ConcreteID CUSTOM = SCsb21lj4a93945087675 AbstractID CUSTOM = SA1cuez524ab122910542

	ROLE = LeftClickAt
	TARGET =
		WIDGET = WCezylrw213754510323, WR1e04pz3e358922214, WT1e04pz3e358922214, WP1y99m6i1d2845979881
		ROLE = UIASplitButton
		TITLE = 
		SHAPE = Rect [x:1148.0 y:422.0 w:23.0 h:22.0]
		CHILDREN = 0
		PATH = [0, 2, 0, 0, 1]
	DESCRIPTION = Left Click at ''
	TEXT = Compound Action =
		Move mouse to (1159.5, 433.0).
		Press Mouse Button BUTTON1
		Release Mouse Button BUTTON1

ExecutedAction [81]: 
 @Action ConcreteID = ACppnuuk7e1975944930 AbstractID = AAppnuuk7e1975944930
 ConcreteID CUSTOM = ConcreteID CUSTOM not available AbstractID CUSTOM = AAarorhe7f1853113169
 @State ConcreteID = SCpbph2v46f832138028 AbstractID = SRjjy19u44a3349665755
 ConcreteID CUSTOM = SC1sgs4hx46b1604234034 AbstractID CUSTOM = SAyjop8x46b1406169761

	ROLE = LeftClickAt
	TARGET =
		WIDGET = WCb8oopr273915996694, WR5quxi6b4097176690, WT5quxi6b4097176690, WP1sol9ch231758362296
		ROLE = UIATreeItem
		TITLE = 
		SHAPE = Rect [x:836.0 y:544.0 w:158.0 h:26.0]
		CHILDREN = 0
		PATH = [0, 2, 0, 0, 3, 1, 1, 4]
	DESCRIPTION = Left Click at ''
	TEXT = Compound Action =
		Move mouse to (915.0, 557.0).
		Press Mouse Button BUTTON1
		Release Mouse Button BUTTON1

ExecutedAction [82]: 
 @Action ConcreteID = AC15mvi0h81944105318 AbstractID = AA15mvi0h81944105318
 ConcreteID CUSTOM = ConcreteID CUSTOM not available AbstractID CUSTOM = AA1nrlk3k813648403833
 @State ConcreteID = SC1tmmip04994019722032 AbstractID = SR15vv58y4702738527217
 ConcreteID CUSTOM = SC1kuyuaw4932561340491 AbstractID CUSTOM = SA1snqywk4921076588098

	ROLE = LeftClickAt
	TARGET =
		WIDGET = WC1pm5r0o232668325901, WR17v7k2nb1067391859, WT1p8hf68161996799177, WP19ngj4m1f1149120030
		ROLE = UIAMenuItem
		TITLE = Video Alt+V
		SHAPE = Rect [x:991.0 y:398.0 w:46.0 h:20.0]
		CHILDREN = 0
		PATH = [0, 1, 3]
	DESCRIPTION = Left Click at 'Video Alt+V'
	TEXT = Compound Action =
		Move mouse to (1014.0, 408.0).
		Press Mouse Button BUTTON1
		Release Mouse Button BUTTON1

ExecutedAction [83]: 
 @Action ConcreteID = AC4n1cxq812262624836 AbstractID = AA4n1cxq812262624836
 ConcreteID CUSTOM = ConcreteID CUSTOM not available AbstractID CUSTOM = AA8cs1ax7f1793301909
 @State ConcreteID = SC1vhd02i5c53010032257 AbstractID = SR1w9yai159b883029191
 ConcreteID CUSTOM = SCixifb55c13294869657 AbstractID CUSTOM = SAw0vu3n5be322868522

	ROLE = LeftClickAt
	TARGET =
		WIDGET = WCkthkjg1d3961490386, WR10fgh33101836453781, WT10fgh33101836453781, WP34gkui19609072533
		ROLE = UIACustomControl
		TITLE = 
		SHAPE = Rect [x:831.0 y:719.0 w:600.0 h:18.0]
		CHILDREN = 3
		PATH = [0, 2, 1]
	DESCRIPTION = Left Click at ''
	TEXT = Compound Action =
		Move mouse to (1131.0, 728.0).
		Press Mouse Button BUTTON1
		Release Mouse Button BUTTON1

ExecutedAction [84]: 
 @Action ConcreteID = AC12dk5lr803759762385 AbstractID = AA12dk5lr803759762385
 ConcreteID CUSTOM = ConcreteID CUSTOM not available AbstractID CUSTOM = AAbsz4803714018458
 @State ConcreteID = SC1tmmip04994019722032 AbstractID = SR15vv58y4702738527217
 ConcreteID CUSTOM = SC1kuyuaw4932561340491 AbstractID CUSTOM = SA1snqywk4921076588098

	ROLE = LeftClickAt
	TARGET =
		WIDGET = WC1u4yxgu201001852223, WR4na8ob72534219213, WT4na8ob72534219213, WP3shum41c2253840902
		ROLE = UIATree
		TITLE = 
		SHAPE = Rect [x:831.0 y:444.0 w:180.0 h:139.0]
		CHILDREN = 6
		PATH = [0, 2, 0, 0, 3, 1, 1]
	DESCRIPTION = Left Click at ''
	TEXT = Compound Action =
		Move mouse to (921.0, 513.5).
		Press Mouse Button BUTTON1
		Release Mouse Button BUTTON1

ExecutedAction [85]: 
 @Action ConcreteID = ACczbpkm7f3827321383 AbstractID = AAczbpkm7f3827321383
 ConcreteID CUSTOM = ConcreteID CUSTOM not available AbstractID CUSTOM = AA1axw728803058899668
 @State ConcreteID = SCpbph2v46f832138028 AbstractID = SRjjy19u44a3349665755
 ConcreteID CUSTOM = SC1sgs4hx46b1604234034 AbstractID CUSTOM = SAyjop8x46b1406169761

	ROLE = LeftClickAt
	TARGET =
		WIDGET = WCsnsil7191683499614, WR1h6ibpb92248851252, WT1h6ibpb92248851252, WP8rujv1153550696018
		ROLE = UIAButton
		TITLE = 
		SHAPE = Rect [x:1032.0 y:741.0 w:26.0 h:26.0]
		CHILDREN = 0
		PATH = [0, 2, 2, 8]
	DESCRIPTION = Left Click at ''
	TEXT = Compound Action =
		Move mouse to (1045.0, 754.0).
		Press Mouse Button BUTTON1
		Release Mouse Button BUTTON1

ExecutedAction [86]: 
 @Action ConcreteID = AC1ljbcsq812426188422 AbstractID = AA1ljbcsq812426188422
 ConcreteID CUSTOM = ConcreteID CUSTOM not available AbstractID CUSTOM = AA6cien6813780507834
 @State ConcreteID = SC1upx5yl2ef1109330879 AbstractID = SRhm0lj32dc1979954928
 ConcreteID CUSTOM = SCj60bga2e62071604510 AbstractID CUSTOM = SA14rmmgy2ed2766135332

	ROLE = LeftClickAt
	TARGET =
		WIDGET = WCsnsikc193821024913, WR1h6ibpb92248851252, WT1h6ibpb92248851252, WP8ruju6151413172893
		ROLE = UIAButton
		TITLE = 
		SHAPE = Rect [x:994.0 y:788.0 w:26.0 h:26.0]
		CHILDREN = 0
		PATH = [0, 2, 2, 7]
	DESCRIPTION = Left Click at ''
	TEXT = Compound Action =
		Move mouse to (1007.0, 801.0).
		Press Mouse Button BUTTON1
		Release Mouse Button BUTTON1

ExecutedAction [87]: 
 @Action ConcreteID = ACcnj05t803387219339 AbstractID = AAcnj05t803387219339
 ConcreteID CUSTOM = ConcreteID CUSTOM not available AbstractID CUSTOM = AA4mztup801374063657
 @State ConcreteID = SC1v4javo5e6684465129 AbstractID = SR1kxto805bd1260449688
 ConcreteID CUSTOM = SC1kq48b65eb2404253858 AbstractID CUSTOM = SA1pz6p7d5e5818488534

	ROLE = LeftClickAt
	TARGET =
		WIDGET = WC1jhssi21b581102442, WR88rmk0b1934231702, WT88rmk0b1934231702, WPy94r7g172796856191
		ROLE = UIACheckBox
		TITLE = 
		SHAPE = Rect [x:1058.0 y:788.0 w:26.0 h:26.0]
		CHILDREN = 0
		PATH = [0, 3, 2, 9]
	DESCRIPTION = Left Click at ''
	TEXT = Compound Action =
		Move mouse to (1071.0, 801.0).
		Press Mouse Button BUTTON1
		Release Mouse Button BUTTON1

ExecutedAction [88]: 
 @Action ConcreteID = AC1jrye4j7f3471238164 AbstractID = AA1jrye4j7f3471238164
 ConcreteID CUSTOM = ConcreteID CUSTOM not available AbstractID CUSTOM = AAgkcywj7f513276502
 @State ConcreteID = SC1v4javo5e6684465129 AbstractID = SR1kxto805bd1260449688
 ConcreteID CUSTOM = SC1kq48b65eb2404253858 AbstractID CUSTOM = SA1pz6p7d5e5818488534

	ROLE = LeftClickAt
	TARGET =
		WIDGET = WCoa5w6c233122696270, WR17v7k2nb1067391859, WT1faw5jq16422026351, WPzrter61f3097932180
		ROLE = UIAMenuItem
		TITLE = Audio Alt+A
		SHAPE = Rect [x:943.0 y:398.0 w:48.0 h:20.0]
		CHILDREN = 0
		PATH = [0, 2, 2]
	DESCRIPTION = Left Click at 'Audio Alt+A'
	TEXT = Compound Action =
		Move mouse to (967.0, 408.0).
		Press Mouse Button BUTTON1
		Release Mouse Button BUTTON1

ExecutedAction [89]: 
 @Action ConcreteID = AC17i48b2802470232314 AbstractID = AA17i48b2802470232314
 ConcreteID CUSTOM = ConcreteID CUSTOM not available AbstractID CUSTOM = AA2owm5f801350956423
 @State ConcreteID = SC1ivkta56ac3652695101 AbstractID = SRnchu9j684647093814
 ConcreteID CUSTOM = SC1lvgz166af3258066714 AbstractID CUSTOM = SA10wygil6ac2976430286

	ROLE = LeftClickAt
	TARGET =
		WIDGET = WCzh8ir72c3690954354, WR1k8fo0ra1109144095, WT1nm4611192860587041, WP16x9qdd282568739354
		ROLE = UIATabItem
		TITLE = Synchronization
		SHAPE = Rect [x:596.0 y:400.0 w:100.0 h:21.0]
		CHILDREN = 0
		PATH = [0, 0, 1, 1, 2]
	DESCRIPTION = Left Click at 'Synchronization'
	TEXT = Compound Action =
		Move mouse to (646.0, 410.5).
		Press Mouse Button BUTTON1
		Release Mouse Button BUTTON1

ExecutedAction [90]: 
 @Action ConcreteID = ACwub369811076783573 AbstractID = AAwub369811076783573
 ConcreteID CUSTOM = ConcreteID CUSTOM not available AbstractID CUSTOM = AA131ezpa812499585559
 @State ConcreteID = SC1lb4a0750c4269537651 AbstractID = SR1azeq3c4e7524216876
 ConcreteID CUSTOM = SC1jrccvf5143057727379 AbstractID CUSTOM = SA1soqewr5032467865114

	ROLE = LeftClickAt
	TARGET =
		WIDGET = WC1b8yprg1c1241856940, WR1p34e3y91942684430, WT1p34e3y91942684430, WPgzsjzu18725337081
		ROLE = UIASlider
		TITLE = 
		SHAPE = Rect [x:1333.0 y:791.0 w:85.0 h:26.0]
		CHILDREN = 0
		PATH = [0, 3, 2, 0, 1]
	DESCRIPTION = Left Click at ''
	TEXT = Compound Action =
		Move mouse to (1375.5, 804.0).
		Press Mouse Button BUTTON1
		Release Mouse Button BUTTON1

ExecutedAction [91]: 
 @Action ConcreteID = ACidf6kt811392885923 AbstractID = AAidf6kt811392885923
 ConcreteID CUSTOM = ConcreteID CUSTOM not available AbstractID CUSTOM = AAokj33u812279018337
 @State ConcreteID = SC1lb4a0750c4269537651 AbstractID = SR1azeq3c4e7524216876
 ConcreteID CUSTOM = SC1jrccvf5143057727379 AbstractID CUSTOM = SA1soqewr5032467865114

	ROLE = LeftClickAt
	TARGET =
		WIDGET = WC1lhezmj19795489807, WR1h6ibpb92248851252, WT1h6ibpb92248851252, WP11lh0wd152559659523
		ROLE = UIAButton
		TITLE = 
		SHAPE = Rect [x:994.0 y:788.0 w:26.0 h:26.0]
		CHILDREN = 0
		PATH = [0, 3, 2, 7]
	DESCRIPTION = Left Click at ''
	TEXT = Compound Action =
		Move mouse to (1007.0, 801.0).
		Press Mouse Button BUTTON1
		Release Mouse Button BUTTON1

ExecutedAction [92]: 
 @Action ConcreteID = AC1uqrnt7f1674116805 AbstractID = AA1uqrnt7f1674116805
 ConcreteID CUSTOM = ConcreteID CUSTOM not available AbstractID CUSTOM = AAxo9eex7f3015303303
 @State ConcreteID = SC1v4javo5e6684465129 AbstractID = SR1kxto805bd1260449688
 ConcreteID CUSTOM = SC1kq48b65eb2404253858 AbstractID CUSTOM = SA1pz6p7d5e5818488534

	ROLE = LeftClickAt
	TARGET =
		WIDGET = WC1dqip5w261808108306, WR10fgh33101836453781, WT10fgh33101836453781, WPyiss4622142655700
		ROLE = UIACustomControl
		TITLE = 
		SHAPE = Rect [x:432.0 y:431.0 w:400.0 h:343.0]
		CHILDREN = 2
		PATH = [0, 0, 1, 0, 0, 0]
	DESCRIPTION = Left Click at ''
	TEXT = Compound Action =
		Move mouse to (632.0, 602.5).
		Press Mouse Button BUTTON1
		Release Mouse Button BUTTON1

ExecutedAction [93]: 
 @Action ConcreteID = ACofp5157f678794941 AbstractID = AAofp5157f678794941
 ConcreteID CUSTOM = ConcreteID CUSTOM not available AbstractID CUSTOM = AA1k97rs97f4161046783
 @State ConcreteID = SC1v4javo5e6684465129 AbstractID = SR1kxto805bd1260449688
 ConcreteID CUSTOM = SC1kq48b65eb2404253858 AbstractID CUSTOM = SA1pz6p7d5e5818488534

	ROLE = LeftClickAt
	TARGET =
		WIDGET = WCdrk02m343723220059, WR1k8fo0ra1109144095, WTxko2cb18914322636, WP13nivk303854828260
		ROLE = UIATabItem
		TITLE = Stereo Widener
		SHAPE = Rect [x:653.0 y:431.0 w:99.0 h:21.0]
		CHILDREN = 0
		PATH = [0, 0, 1, 0, 0, 0, 1, 3]
	DESCRIPTION = Left Click at 'Stereo Widener'
	TEXT = Compound Action =
		Move mouse to (702.5, 441.5).
		Press Mouse Button BUTTON1
		Release Mouse Button BUTTON1

ExecutedAction [94]: 
 @Action ConcreteID = AC1t3jcq2801369919609 AbstractID = AA1t3jcq2801369919609
 ConcreteID CUSTOM = ConcreteID CUSTOM not available AbstractID CUSTOM = AA1pcqv7b7f1871563601
 @State ConcreteID = SC1b9k5dn5ac1914269174 AbstractID = SR1rvqiyg5851938428478
 ConcreteID CUSTOM = SC164m7ol5b14199410391 AbstractID CUSTOM = SA4j5ugp5a92358611240

	ROLE = LeftClickAt
	TARGET =
		WIDGET = WC1lhezjy1971787980, WR1h6ibpb92248851252, WT1h6ibpb92248851252, WP11lh0ts153015450048
		ROLE = UIAButton
		TITLE = 
		SHAPE = Rect [x:904.0 y:788.0 w:26.0 h:26.0]
		CHILDREN = 0
		PATH = [0, 3, 2, 4]
	DESCRIPTION = Left Click at ''
	TEXT = Compound Action =
		Move mouse to (917.0, 801.0).
		Press Mouse Button BUTTON1
		Release Mouse Button BUTTON1

ExecutedAction [95]: 
 @Action ConcreteID = AC2sizso802638392801 AbstractID = AA2sizso802638392801
 ConcreteID CUSTOM = ConcreteID CUSTOM not available AbstractID CUSTOM = AA1y2uk917f2741515977
 @State ConcreteID = SC1b9k5dn5ac1914269174 AbstractID = SR1rvqiyg5851938428478
 ConcreteID CUSTOM = SC164m7ol5b14199410391 AbstractID CUSTOM = SA4j5ugp5a92358611240

	ROLE = LeftClickAt
	TARGET =
		WIDGET = WC1n98eey23743137595, WR10fgh33101836453781, WT10fgh33101836453781, WPr1hwi01f3737083353
		ROLE = UIACustomControl
		TITLE = 
		SHAPE = Rect [x:423.0 y:422.0 w:418.0 h:361.0]
		CHILDREN = 1
		PATH = [0, 0, 1, 0, 0]
	DESCRIPTION = Left Click at ''
	TEXT = Compound Action =
		Move mouse to (632.0, 602.5).
		Press Mouse Button BUTTON1
		Release Mouse Button BUTTON1

ExecutedAction [96]: 
 @Action ConcreteID = AC1e281yz812701416681 AbstractID = AA1e281yz812701416681
 ConcreteID CUSTOM = ConcreteID CUSTOM not available AbstractID CUSTOM = AA50t0su802492455560
 @State ConcreteID = SC1b9k5dn5ac1914269174 AbstractID = SR1rvqiyg5851938428478
 ConcreteID CUSTOM = SC164m7ol5b14199410391 AbstractID CUSTOM = SA4j5ugp5a92358611240

	ROLE = LeftClickAt
	TARGET =
		WIDGET = WCigl81b221236350214, WR17v7k2nb1067391859, WT1e6tvxi153323975668, WP1lyad311e2164392518
		ROLE = UIAMenuItem
		TITLE = Help Alt+H
		SHAPE = Rect [x:1177.0 y:398.0 w:41.0 h:20.0]
		CHILDREN = 0
		PATH = [0, 2, 7]
	DESCRIPTION = Left Click at 'Help Alt+H'
	TEXT = Compound Action =
		Move mouse to (1197.5, 408.0).
		Press Mouse Button BUTTON1
		Release Mouse Button BUTTON1

ExecutedAction [97]: 
 @Action ConcreteID = ACundzdk813726035730 AbstractID = AAundzdk813726035730
 ConcreteID CUSTOM = ConcreteID CUSTOM not available AbstractID CUSTOM = AA1y8h6r881896278657
 @State ConcreteID = SC1cdq61o60e1255684814 AbstractID = SRsu306v5e83766769892
 ConcreteID CUSTOM = SC1al2qvi613570013473 AbstractID CUSTOM = SA1vh52xv60d2067442272

	ROLE = LeftClickAt
	TARGET =
		WIDGET = WCku1d4t1d3514802786, WR10fgh33101836453781, WT10fgh33101836453781, WP350dfv19422419493
		ROLE = UIACustomControl
		TITLE = 
		SHAPE = Rect [x:831.0 y:766.0 w:600.0 h:18.0]
		CHILDREN = 3
		PATH = [0, 3, 1]
	DESCRIPTION = Left Click at ''
	TEXT = Compound Action =
		Move mouse to (1131.0, 775.0).
		Press Mouse Button BUTTON1
		Release Mouse Button BUTTON1

ExecutedAction [98]: 
 @Action ConcreteID = ACp0mezy803814873734 AbstractID = AAp0mezy803814873734
 ConcreteID CUSTOM = ConcreteID CUSTOM not available AbstractID CUSTOM = AAl9txh77f3712532910
 @State ConcreteID = SC1b9k5dn5ac1914269174 AbstractID = SR1rvqiyg5851938428478
 ConcreteID CUSTOM = SC164m7ol5b14199410391 AbstractID CUSTOM = SA4j5ugp5a92358611240

	ROLE = LeftClickAt
	TARGET =
		WIDGET = WCksdzcq1d2531252402, WR10fgh33101836453781, WT10fgh33101836453781, WP33czns191586358005
		ROLE = UIACustomControl
		TITLE = 
		SHAPE = Rect [x:421.0 y:400.0 w:424.0 h:387.0]
		CHILDREN = 2
		PATH = [0, 0, 1]
	DESCRIPTION = Left Click at ''
	TEXT = Compound Action =
		Move mouse to (633.0, 593.5).
		Press Mouse Button BUTTON1
		Release Mouse Button BUTTON1

ExecutedAction [99]: 
 @Action ConcreteID = AC2sizso802638392801 AbstractID = AA2sizso802638392801
 ConcreteID CUSTOM = ConcreteID CUSTOM not available AbstractID CUSTOM = AA1y2uk917f2741515977
 @State ConcreteID = SC1b9k5dn5ac1914269174 AbstractID = SR1rvqiyg5851938428478
 ConcreteID CUSTOM = SC164m7ol5b14199410391 AbstractID CUSTOM = SA4j5ugp5a92358611240

	ROLE = LeftClickAt
	TARGET =
		WIDGET = WC1n98eey23743137595, WR10fgh33101836453781, WT10fgh33101836453781, WPr1hwi01f3737083353
		ROLE = UIACustomControl
		TITLE = 
		SHAPE = Rect [x:423.0 y:422.0 w:418.0 h:361.0]
		CHILDREN = 1
		PATH = [0, 0, 1, 0, 0]
	DESCRIPTION = Left Click at ''
	TEXT = Compound Action =
		Move mouse to (632.0, 602.5).
		Press Mouse Button BUTTON1
		Release Mouse Button BUTTON1

ExecutedAction [100]: 
 @Action ConcreteID = AC1deiw7281792723588 AbstractID = AA1deiw7281792723588
 ConcreteID CUSTOM = ConcreteID CUSTOM not available AbstractID CUSTOM = AA4d3v0x80449544933
 @State ConcreteID = SC1b9k5dn5ac1914269174 AbstractID = SR1rvqiyg5851938428478
 ConcreteID CUSTOM = SC164m7ol5b14199410391 AbstractID CUSTOM = SA4j5ugp5a92358611240

	ROLE = LeftClickAt
	TARGET =
		WIDGET = WCfl317c1c3034426427, WR88rmk0b1934231702, WT88rmk0b1934231702, WP1vfigti183649330840
		ROLE = UIACheckBox
		TITLE = 
		SHAPE = Rect [x:1084.0 y:788.0 w:26.0 h:26.0]
		CHILDREN = 0
		PATH = [0, 3, 2, 10]
	DESCRIPTION = Left Click at ''
	TEXT = Compound Action =
		Move mouse to (1097.0, 801.0).
		Press Mouse Button BUTTON1
		Release Mouse Button BUTTON1

Sequence 1 finished.
Copying generated sequence ("sequence55") to output directory...
Copying classified sequence ("sequence55") to sequences_ok folder...
