Starting sequence 1 (output as: sequence1872)

ExecutedAction [1]: 
 @Action ConcreteID = ACh55orw804031080127 AbstractID = AAh55orw804031080127
 ConcreteID CUSTOM = ConcreteID CUSTOM not available AbstractID CUSTOM = AA1bjkjs27f3747102504
 @State ConcreteID = SC115gt8ce7c2842680936 AbstractID = SR1vz75tvdec4215086265
 ConcreteID CUSTOM = SC1wnaivve8a883739238 AbstractID CUSTOM = SAuuxfdue7e2390299220

	ROLE = LeftClickAt
	TARGET =
		WIDGET = WC1h4r7tf343472643547, WR1h6ibpb92248851252, WT17n94sl212370609578, WP168395t302787361387
		ROLE = UIAButton
		TITLE = Open Type (Ctrl+Shift+T)
		SHAPE = Rect [x:579.0 y:237.0 w:23.0 h:22.0]
		CHILDREN = 0
		PATH = [0, 2, 4, 0, 0]
	DESCRIPTION = Left Click at 'Open Type (Ctrl+Shift+T)'
	TEXT = Compound Action =
		Move mouse to (590.5, 248.0).
		Press Mouse Button BUTTON1
		Release Mouse Button BUTTON1

ExecutedAction [2]: 
 @Action ConcreteID = AC7ijv7w803829899811 AbstractID = AA7ijv7w803829899811
 ConcreteID CUSTOM = ConcreteID CUSTOM not available AbstractID CUSTOM = AAwe0g8i813298147733
 @State ConcreteID = SC1oegsixf44477428319 AbstractID = SR445re3eac2668065608
 ConcreteID CUSTOM = SC1nafwlmf59331267484 AbstractID CUSTOM = SA1nyyvuhf4b3831064462

	ROLE = LeftClickAt
	TARGET =
		WIDGET = WC1p15j521b3556669635, WR1h6ibpb92248851252, WTzj7080b316331869, WPaep0go173936385609
		ROLE = UIAButton
		TITLE = No
		SHAPE = Rect [x:997.0 y:510.0 w:92.0 h:25.0]
		CHILDREN = 0
		PATH = [0, 0, 3, 1]
	DESCRIPTION = Left Click at 'No'
	TEXT = Compound Action =
		Move mouse to (1043.0, 522.5).
		Press Mouse Button BUTTON1
		Release Mouse Button BUTTON1

ExecutedAction [3]: 
 @Action ConcreteID = AC1lhpn1n812999478203 AbstractID = AA1lhpn1n812999478203
 ConcreteID CUSTOM = ConcreteID CUSTOM not available AbstractID CUSTOM = AAr9g16880672729872
 @State ConcreteID = SC1kcjmbie693312666062 AbstractID = SR1ap6djudd8864552344
 ConcreteID CUSTOM = SCaup87te7a3431312073 AbstractID CUSTOM = SA11kto1te7a917550969

	ROLE = LeftClickAt
	TARGET =
		WIDGET = WC18ta5n43b568991113, WR4na8ob72534219213, WT4na8ob72534219213, WP1fi92pu37248619969
		ROLE = UIATree
		TITLE = 
		SHAPE = Rect [x:1227.0 y:398.0 w:220.0 h:55.0]
		CHILDREN = 5
		PATH = [0, 0, 0, 0, 0, 0, 2, 2, 0, 0, 0, 0, 1, 0, 0, 0]
	DESCRIPTION = Left Click at ''
	TEXT = Compound Action =
		Move mouse to (1337.0, 425.5).
		Press Mouse Button BUTTON1
		Release Mouse Button BUTTON1

ExecutedAction [4]: 
 @Action ConcreteID = ACiafbp680380348703 AbstractID = AAiafbp680380348703
 ConcreteID CUSTOM = ConcreteID CUSTOM not available AbstractID CUSTOM = AAbj6zj7f1544751573
 @State ConcreteID = SC1prlbsye7f3663670288 AbstractID = SR17cdmhgdec2210248101
 ConcreteID CUSTOM = SC1hbjoxue8a852738049 AbstractID CUSTOM = SAxyd12de8d3384857536

	ROLE = LeftClickAt
	TARGET =
		WIDGET = WC1s7087g201459384978, WR17v7k2nb1067391859, WT1omh7n413746922249, WP2hrom21c3522112309
		ROLE = UIAMenuItem
		TITLE = Navigate
		SHAPE = Rect [x:300.0 y:212.0 w:61.0 h:19.0]
		CHILDREN = 0
		PATH = [0, 4, 2]
	DESCRIPTION = Left Click at 'Navigate'
	TEXT = Compound Action =
		Move mouse to (330.5, 221.5).
		Press Mouse Button BUTTON1
		Release Mouse Button BUTTON1

ExecutedAction [5]: 
 @Action ConcreteID = ACpw0zrk801530462585 AbstractID = AApw0zrk801530462585
 ConcreteID CUSTOM = ConcreteID CUSTOM not available AbstractID CUSTOM = AA14lrkpe811481483656
 @State ConcreteID = SC1ny6do21026404408225 AbstractID = SR7kji5zf8f1106508456
 ConcreteID CUSTOM = SCyo9ilk103a4045927946 AbstractID CUSTOM = SA13wg99s10202976345045

	ROLE = LeftClickAt
	TARGET =
		WIDGET = WCn2x7xx2d3482881233, WR17v7k2nb1067391859, WTsjala202511803949, WPweussj29187958973
		ROLE = UIAMenuItem
		TITLE = Open Task...	Ctrl+F12
		SHAPE = Rect [x:303.0 y:409.0 w:326.0 h:22.0]
		CHILDREN = 0
		PATH = [0, 0, 7]
	DESCRIPTION = Left Click at 'Open Task...	Ctrl+F12'
	TEXT = Compound Action =
		Move mouse to (466.0, 420.0).
		Press Mouse Button BUTTON1
		Release Mouse Button BUTTON1

ExecutedAction [6]: 
 @Action ConcreteID = AC5v8tdo822485206777 AbstractID = AA5v8tdo822485206777
 ConcreteID CUSTOM = ConcreteID CUSTOM not available AbstractID CUSTOM = AA1par720803352218719
 @State ConcreteID = SC1jn5we810773993996756 AbstractID = SR1t7aandfc82058758785
 ConcreteID CUSTOM = SCbkvoyr108b1652674005 AbstractID CUSTOM = SAyyofqt107a249878783

	ROLE = LeftClickAt
	TARGET =
		WIDGET = WC9fu2n8253270179606, WR1h6ibpb92248851252, WT1h6ibpb92248851252, WP1qc6imu211202249499
		ROLE = UIAButton
		TITLE = 
		SHAPE = Rect [x:996.0 y:276.0 w:23.0 h:22.0]
		CHILDREN = 0
		PATH = [0, 0, 0, 0, 0, 0, 1, 0]
	DESCRIPTION = Left Click at ''
	TEXT = Compound Action =
		Move mouse to (1007.5, 287.0).
		Press Mouse Button BUTTON1
		Release Mouse Button BUTTON1

ExecutedAction [7]: 
 @Action ConcreteID = ACaztk3h803363012067 AbstractID = AAaztk3h803363012067
 ConcreteID CUSTOM = ConcreteID CUSTOM not available AbstractID CUSTOM = AAphyvl67e1890356949
 @State ConcreteID = SC59ue2x11031008012797 AbstractID = SRggkstc1053339468009
 ConcreteID CUSTOM = SC149vn36111857556652 AbstractID CUSTOM = SAzw2f2n110377084234

	ROLE = LeftClickAt
	TARGET =
		WIDGET = WC19wwe0u1e2271943219, WR1h6ibpb92248851252, WTzj707vb935461581, WP1b7d8ss1a1515150936
		ROLE = UIAButton
		TITLE = OK
		SHAPE = Rect [x:829.0 y:686.0 w:92.0 h:25.0]
		CHILDREN = 0
		PATH = [0, 0, 0, 1, 2]
	DESCRIPTION = Left Click at 'OK'
	TEXT = Compound Action =
		Move mouse to (875.0, 698.5).
		Press Mouse Button BUTTON1
		Release Mouse Button BUTTON1

ExecutedAction [8]: 
 @Action ConcreteID = ACkj44h9812504181917 AbstractID = AAkj44h9812504181917
 ConcreteID CUSTOM = ConcreteID CUSTOM not available AbstractID CUSTOM = AA12cwcc17f3374538351
 @State ConcreteID = SC1jn5we810773993996756 AbstractID = SR1t7aandfc82058758785
 ConcreteID CUSTOM = SCbkvoyr108b1652674005 AbstractID CUSTOM = SAyyofqt107a249878783

	ROLE = LeftClickAt
	TARGET =
		WIDGET = WC162dvuy351458145647, WR88rmk0b1934231702, WTfe5fas1c1479203200, WP1gr3al4313488205828
		ROLE = UIACheckBox
		TITLE = Open with Browser
		SHAPE = Rect [x:457.0 y:587.0 w:121.0 h:16.0]
		CHILDREN = 0
		PATH = [0, 0, 0, 0, 0, 4, 0]
	DESCRIPTION = Left Click at 'Open with Browser'
	TEXT = Compound Action =
		Move mouse to (517.5, 595.0).
		Press Mouse Button BUTTON1
		Release Mouse Button BUTTON1

ExecutedAction [9]: 
 @Action ConcreteID = ACkj44h9812504181917 AbstractID = AAkj44h9812504181917
 ConcreteID CUSTOM = ConcreteID CUSTOM not available AbstractID CUSTOM = AA12cwcc17f3374538351
 @State ConcreteID = SC1jn5we810773993996756 AbstractID = SR1t7aandfc82058758785
 ConcreteID CUSTOM = SCbkvoyr108b1652674005 AbstractID CUSTOM = SAyyofqt107a249878783

	ROLE = LeftClickAt
	TARGET =
		WIDGET = WC162dvuy351458145647, WR88rmk0b1934231702, WTfe5fas1c1479203200, WP1gr3al4313488205828
		ROLE = UIACheckBox
		TITLE = Open with Browser
		SHAPE = Rect [x:457.0 y:587.0 w:121.0 h:16.0]
		CHILDREN = 0
		PATH = [0, 0, 0, 0, 0, 4, 0]
	DESCRIPTION = Left Click at 'Open with Browser'
	TEXT = Compound Action =
		Move mouse to (517.5, 595.0).
		Press Mouse Button BUTTON1
		Release Mouse Button BUTTON1

ExecutedAction [10]: 
 @Action ConcreteID = ACv9xo1s812638874452 AbstractID = AAv9xo1s812638874452
 ConcreteID CUSTOM = ConcreteID CUSTOM not available AbstractID CUSTOM = AA1d3pvwk7f3240858022
 @State ConcreteID = SC1jn5we810773993996756 AbstractID = SR1t7aandfc82058758785
 ConcreteID CUSTOM = SCbkvoyr108b1652674005 AbstractID CUSTOM = SAyyofqt107a249878783

	ROLE = LeftClickAt
	TARGET =
		WIDGET = WC19wwe0u1e2271943219, WR1h6ibpb92248851252, WTzj707vb935461581, WP1b7d8ss1a1515150936
		ROLE = UIAButton
		TITLE = OK
		SHAPE = Rect [x:829.0 y:686.0 w:92.0 h:25.0]
		CHILDREN = 0
		PATH = [0, 0, 0, 1, 2]
	DESCRIPTION = Left Click at 'OK'
	TEXT = Compound Action =
		Move mouse to (875.0, 698.5).
		Press Mouse Button BUTTON1
		Release Mouse Button BUTTON1

ExecutedAction [11]: 
 @Action ConcreteID = AC13usvpt812779436397 AbstractID = AA13usvpt812779436397
 ConcreteID CUSTOM = ConcreteID CUSTOM not available AbstractID CUSTOM = AA1lol3kl7f4190847903
 @State ConcreteID = SC1jn5we810773993996756 AbstractID = SR1t7aandfc82058758785
 ConcreteID CUSTOM = SCbkvoyr108b1652674005 AbstractID CUSTOM = SAyyofqt107a249878783

	ROLE = LeftClickAt
	TARGET =
		WIDGET = WCn813v72c87651507, WR4n4ygb71694219017, WTrctlw2164178500647, WP17gj4cl283046404057
		ROLE = UIAList
		TITLE = Matching items:
		SHAPE = Rect [x:457.0 y:349.0 w:562.0 h:228.0]
		CHILDREN = 0
		PATH = [0, 0, 0, 0, 0, 3]
	DESCRIPTION = Left Click at 'Matching items:'
	TEXT = Compound Action =
		Move mouse to (738.0, 463.0).
		Press Mouse Button BUTTON1
		Release Mouse Button BUTTON1

ExecutedAction [12]: 
 @Action ConcreteID = ACzv4y3l811063568379 AbstractID = AAzv4y3l811063568379
 ConcreteID CUSTOM = ConcreteID CUSTOM not available AbstractID CUSTOM = AA1hox5yd7f1661293833
 @State ConcreteID = SC1jn5we810773993996756 AbstractID = SR1t7aandfc82058758785
 ConcreteID CUSTOM = SCbkvoyr108b1652674005 AbstractID CUSTOM = SAyyofqt107a249878783

	ROLE = LeftClickAt
	TARGET =
		WIDGET = WC1cookdb223485606206, WR1h6ibpb92248851252, WT1vjbvvdf3603144044, WP1haaay51e2166262702
		ROLE = UIAButton
		TITLE = Cancel
		SHAPE = Rect [x:927.0 y:686.0 w:92.0 h:25.0]
		CHILDREN = 0
		PATH = [0, 0, 0, 1, 3]
	DESCRIPTION = Left Click at 'Cancel'
	TEXT = Compound Action =
		Move mouse to (973.0, 698.5).
		Press Mouse Button BUTTON1
		Release Mouse Button BUTTON1

ExecutedAction [13]: 
 @Action ConcreteID = AC1wvb3kx80772938889 AbstractID = AA1wvb3kx80772938889
 ConcreteID CUSTOM = ConcreteID CUSTOM not available AbstractID CUSTOM = AAcof50s804008627753
 @State ConcreteID = SC8s5i0ze451154419918 AbstractID = SRcvjr5qdb0828468007
 ConcreteID CUSTOM = SC2lvg92e4e2499844006 AbstractID CUSTOM = SAlzr9dse504229847805

	ROLE = LeftClickAt
	TARGET =
		WIDGET = WC1j57qb42f435484828, WR1h6ibpb92248851252, WT1y7s3s5192983196421, WP1sfiyjm2b2740450335
		ROLE = UIAButton
		TITLE = Open Perspective
		SHAPE = Rect [x:1388.0 y:238.0 w:23.0 h:22.0]
		CHILDREN = 0
		PATH = [0, 1, 8, 0, 0, 0]
	DESCRIPTION = Left Click at 'Open Perspective'
	TEXT = Compound Action =
		Move mouse to (1399.5, 249.0).
		Press Mouse Button BUTTON1
		Release Mouse Button BUTTON1

ExecutedAction [14]: 
 @Action ConcreteID = AC1y6yqgn813419685716 AbstractID = AA1y6yqgn813419685716
 ConcreteID CUSTOM = ConcreteID CUSTOM not available AbstractID CUSTOM = AA1xdo60m811326816026
 @State ConcreteID = SC1uv6e8b10b13883393865 AbstractID = SRkszx16ffa667421039
 ConcreteID CUSTOM = SC10q5xck10c7141591582 AbstractID CUSTOM = SA1f781rp10bc2568085142

	ROLE = LeftClickAt
	TARGET =
		WIDGET = WC1vy131r34529170423, WR52qhb2b3065858412, WTx79kzz1e1330630462, WP1469h5t301215471073
		ROLE = UIAListItem
		TITLE = Java Type Hierarchy
		SHAPE = Rect [x:684.0 y:315.0 w:133.0 h:19.0]
		CHILDREN = 1
		PATH = [0, 0, 0, 0, 0, 4]
	DESCRIPTION = Left Click at 'Java Type Hierarchy'
	TEXT = Compound Action =
		Move mouse to (750.5, 324.5).
		Press Mouse Button BUTTON1
		Release Mouse Button BUTTON1

ExecutedAction [15]: 
 @Action ConcreteID = AC50nyje803116546228 AbstractID = AA50nyje803116546228
 ConcreteID CUSTOM = ConcreteID CUSTOM not available AbstractID CUSTOM = AArhwpt480924561746
 @State ConcreteID = SCd98emn10c54113209314 AbstractID = SR3hlh99100c680990611
 ConcreteID CUSTOM = SC166895v10db713727390 AbstractID CUSTOM = SAsyhffu10cf3434267604

	ROLE = LeftClickAt
	TARGET =
		WIDGET = WCcpaqpb1a705962259, WR4n4ygb71694219017, WT4n4ygb71694219017, WP1c46xrx16384024802
		ROLE = UIAList
		TITLE = 
		SHAPE = Rect [x:682.0 y:237.0 w:321.0 h:321.0]
		CHILDREN = 9
		PATH = [0, 0, 0, 0, 0]
	DESCRIPTION = Left Click at ''
	TEXT = Compound Action =
		Move mouse to (842.5, 397.5).
		Press Mouse Button BUTTON1
		Release Mouse Button BUTTON1

ExecutedAction [16]: 
 @Action ConcreteID = ACmwul0m802563004328 AbstractID = AAmwul0m802563004328
 ConcreteID CUSTOM = ConcreteID CUSTOM not available AbstractID CUSTOM = AA19e3cac80371023438
 @State ConcreteID = SCd98emn10c54113209314 AbstractID = SR3hlh99100c680990611
 ConcreteID CUSTOM = SC166895v10db713727390 AbstractID CUSTOM = SAsyhffu10cf3434267604

	ROLE = LeftClickAt
	TARGET =
		WIDGET = WC1jzj9rm20405719840, WR1h6ibpb92248851252, WT1gjzbmxd1262302430, WPkdi6f41c1927054909
		ROLE = UIAButton
		TITLE = Open
		SHAPE = Rect [x:813.0 y:607.0 w:92.0 h:25.0]
		CHILDREN = 0
		PATH = [0, 0, 0, 1, 0]
	DESCRIPTION = Left Click at 'Open'
	TEXT = Compound Action =
		Move mouse to (859.0, 619.5).
		Press Mouse Button BUTTON1
		Release Mouse Button BUTTON1

ExecutedAction [17]: 
 @Action ConcreteID = ACtrmujy7f2968736549 AbstractID = AAtrmujy7f2968736549
 ConcreteID CUSTOM = ConcreteID CUSTOM not available AbstractID CUSTOM = AAwsan5j801126818595
 @State ConcreteID = SCz2ghdy76d1883415949 AbstractID = SR13p2yeo71f4043286259
 ConcreteID CUSTOM = SC6wkfql76d2208303856 AbstractID CUSTOM = SA1i8i0hp7621157323239

	ROLE = LeftClickAt
	TARGET =
		WIDGET = WC1dbcr8r1b1569873485, WR17v7k2nb1067391859, WTdgwhpoe4144656729, WP1a2855172370509623
		ROLE = UIAMenuItem
		TITLE = Run
		SHAPE = Rect [x:569.0 y:212.0 w:35.0 h:19.0]
		CHILDREN = 0
		PATH = [0, 4, 7]
	DESCRIPTION = Left Click at 'Run'
	TEXT = Compound Action =
		Move mouse to (586.5, 221.5).
		Press Mouse Button BUTTON1
		Release Mouse Button BUTTON1

ExecutedAction [18]: 
 @Action ConcreteID = ACk9z9lq7e3166778662 AbstractID = AAk9z9lq7e3166778662
 ConcreteID CUSTOM = ConcreteID CUSTOM not available AbstractID CUSTOM = AA1k845gr804001294905
 @State ConcreteID = SC8uytsz991739622117 AbstractID = SR1lywbo993a3365942483
 ConcreteID CUSTOM = SC1a7vxcq987917919902 AbstractID CUSTOM = SA18160dh96c2763017089

	ROLE = LeftClickAt
	TARGET =
		WIDGET = WCemtik435841420912, WR17v7k2nb1067391859, WT1n3swax273855689408, WPi4t38m313863398441
		ROLE = UIAMenuItem
		TITLE = Add Class Load Breakpoint...
		SHAPE = Rect [x:572.0 y:607.0 w:323.0 h:22.0]
		CHILDREN = 0
		PATH = [0, 0, 16]
	DESCRIPTION = Left Click at 'Add Class Load Breakpoint...'
	TEXT = Compound Action =
		Move mouse to (733.5, 618.0).
		Press Mouse Button BUTTON1
		Release Mouse Button BUTTON1

ExecutedAction [19]: 
 @Action ConcreteID = ACuf68s2801829238968 AbstractID = AAuf68s2801829238968
 ConcreteID CUSTOM = ConcreteID CUSTOM not available AbstractID CUSTOM = AA77qkot814080764451
 @State ConcreteID = SCgbfeoj9b22981446953 AbstractID = SRytufsa94a2167157971
 ConcreteID CUSTOM = SCdl64xh9b93862603048 AbstractID CUSTOM = SA1lknimh99e1814103469

	ROLE = LeftClickAt
	TARGET =
		WIDGET = WC9fu2n8253270179606, WR1h6ibpb92248851252, WT1h6ibpb92248851252, WP1qc6imu211202249499
		ROLE = UIAButton
		TITLE = 
		SHAPE = Rect [x:996.0 y:276.0 w:23.0 h:22.0]
		CHILDREN = 0
		PATH = [0, 0, 0, 0, 0, 0, 1, 0]
	DESCRIPTION = Left Click at ''
	TEXT = Compound Action =
		Move mouse to (1007.5, 287.0).
		Press Mouse Button BUTTON1
		Release Mouse Button BUTTON1

ExecutedAction [20]: 
 @Action ConcreteID = ACvmksu87e2041930834 AbstractID = AAvmksu87e2041930834
 ConcreteID CUSTOM = ConcreteID CUSTOM not available AbstractID CUSTOM = AAtf10s580549583400
 @State ConcreteID = SCxtsyvx9ee42921757 AbstractID = SR1gyg8gp985516137924
 ConcreteID CUSTOM = SC1058u1w9f5230065228 AbstractID CUSTOM = SAzgy3279d93074998955

	ROLE = LeftClickAt
	TARGET =
		WIDGET = WCclkt5v25136382006, WR17v7k2nb1067391859, WTx374fy1b2780805661, WPc8mfth21744637898
		ROLE = UIAMenuItem
		TITLE = Show Status Line
		SHAPE = Rect [x:999.0 y:301.0 w:173.0 h:22.0]
		CHILDREN = 0
		PATH = [1, 0]
	DESCRIPTION = Left Click at 'Show Status Line'
	TEXT = Compound Action =
		Move mouse to (1085.5, 312.0).
		Press Mouse Button BUTTON1
		Release Mouse Button BUTTON1

ExecutedAction [21]: 
 @Action ConcreteID = AC1d2lpav80241225446 AbstractID = AA1d2lpav80241225446
 ConcreteID CUSTOM = ConcreteID CUSTOM not available AbstractID CUSTOM = AA1qz4y8h802527550413
 @State ConcreteID = SC1lw0gpn98b1024917880 AbstractID = SRe1mt6u9252443126056
 ConcreteID CUSTOM = SC1bkzk82990557618199 AbstractID CUSTOM = SA1n9kwab9774228394901

	ROLE = LeftClickAt
	TARGET =
		WIDGET = WCn813v72c87651507, WR4n4ygb71694219017, WTrctlw2164178500647, WP17gj4cl283046404057
		ROLE = UIAList
		TITLE = Matching items:
		SHAPE = Rect [x:457.0 y:349.0 w:562.0 h:311.0]
		CHILDREN = 0
		PATH = [0, 0, 0, 0, 0, 3]
	DESCRIPTION = Left Click at 'Matching items:'
	TEXT = Compound Action =
		Move mouse to (738.0, 504.5).
		Press Mouse Button BUTTON1
		Release Mouse Button BUTTON1

ExecutedAction [22]: 
 @Action ConcreteID = AC1dpfffe803120039613 AbstractID = AA1dpfffe803120039613
 ConcreteID CUSTOM = ConcreteID CUSTOM not available AbstractID CUSTOM = AA1rlyod080557814678
 @State ConcreteID = SC1lw0gpn98b1024917880 AbstractID = SRe1mt6u9252443126056
 ConcreteID CUSTOM = SC1bkzk82990557618199 AbstractID CUSTOM = SA1n9kwab9774228394901

	ROLE = LeftClickAt
	TARGET =
		WIDGET = WC10xzom728347221014, WR1h6ibpb92248851252, WT1vjbvvdf3603144044, WPbqy20d24633674633
		ROLE = UIAButton
		TITLE = Cancel
		SHAPE = Rect [x:927.0 y:686.0 w:92.0 h:25.0]
		CHILDREN = 0
		PATH = [0, 0, 0, 1, 2, 0, 1]
	DESCRIPTION = Left Click at 'Cancel'
	TEXT = Compound Action =
		Move mouse to (973.0, 698.5).
		Press Mouse Button BUTTON1
		Release Mouse Button BUTTON1

ExecutedAction [23]: 
 @Action ConcreteID = AC1xovaq37f3537423201 AbstractID = AA1xovaq37f3537423201
 ConcreteID CUSTOM = ConcreteID CUSTOM not available AbstractID CUSTOM = AA1of1ck80553810791
 @State ConcreteID = SCz2ghdy76d1883415949 AbstractID = SR13p2yeo71f4043286259
 ConcreteID CUSTOM = SC6wkfql76d2208303856 AbstractID CUSTOM = SA1i8i0hp7621157323239

	ROLE = LeftClickAt
	TARGET =
		WIDGET = WC147tnxn341930798570, WR1k8fo0ra1109144095, WT1ttrl62183596524925, WP10a30f1301266646190
		ROLE = UIATabItem
		TITLE = Type Hierarchy
		SHAPE = Rect [x:236.0 y:265.0 w:127.0 h:24.0]
		CHILDREN = 0
		PATH = [0, 0, 0, 0, 0, 0, 0, 3]
	DESCRIPTION = Left Click at 'Type Hierarchy'
	TEXT = Compound Action =
		Move mouse to (299.5, 277.0).
		Press Mouse Button BUTTON1
		Release Mouse Button BUTTON1

ExecutedAction [24]: 
 @Action ConcreteID = ACef4wgd7f3993113476 AbstractID = AAef4wgd7f3993113476
 ConcreteID CUSTOM = ConcreteID CUSTOM not available AbstractID CUSTOM = AAhfsp1y80500736898
 @State ConcreteID = SCz2ghdy76d1883415949 AbstractID = SR13p2yeo71f4043286259
 ConcreteID CUSTOM = SC6wkfql76d2208303856 AbstractID CUSTOM = SA1i8i0hp7621157323239

	ROLE = LeftClickAt
	TARGET =
		WIDGET = WC1t2g1oe1f1600108252, WR17v7k2nb1067391859, WT1q6069m122944502186, WP1rt5mq41b2104094276
		ROLE = UIAMenuItem
		TITLE = Project
		SHAPE = Rect [x:518.0 y:212.0 w:51.0 h:19.0]
		CHILDREN = 0
		PATH = [0, 4, 6]
	DESCRIPTION = Left Click at 'Project'
	TEXT = Compound Action =
		Move mouse to (543.5, 221.5).
		Press Mouse Button BUTTON1
		Release Mouse Button BUTTON1

ExecutedAction [25]: 
 @Action ConcreteID = ACr727n67f896570372 AbstractID = AAr727n67f896570372
 ConcreteID CUSTOM = ConcreteID CUSTOM not available AbstractID CUSTOM = AAhshthx7f3549498352
 @State ConcreteID = SC8a47478391160428626 AbstractID = SR12mztif7e62849741134
 ConcreteID CUSTOM = SCrnx3g8832550875493 AbstractID CUSTOM = SAsqtyq381e2757685351

	ROLE = LeftClickAt
	TARGET =
		WIDGET = WC1s7k0uj201036450980, WR17v7k2nb1067391859, WT1omh7n413746922249, WP2ibh951c3134563587
		ROLE = UIAMenuItem
		TITLE = Navigate
		SHAPE = Rect [x:408.0 y:212.0 w:61.0 h:19.0]
		CHILDREN = 0
		PATH = [0, 5, 4]
	DESCRIPTION = Left Click at 'Navigate'
	TEXT = Compound Action =
		Move mouse to (438.5, 221.5).
		Press Mouse Button BUTTON1
		Release Mouse Button BUTTON1

ExecutedAction [26]: 
 @Action ConcreteID = ACef4wgd7f3993113476 AbstractID = AAef4wgd7f3993113476
 ConcreteID CUSTOM = ConcreteID CUSTOM not available AbstractID CUSTOM = AAhfsp1y80500736898
 @State ConcreteID = SCz2ghdy76d1883415949 AbstractID = SR13p2yeo71f4043286259
 ConcreteID CUSTOM = SC6wkfql76d2208303856 AbstractID CUSTOM = SA1i8i0hp7621157323239

	ROLE = LeftClickAt
	TARGET =
		WIDGET = WC1t2g1oe1f1600108252, WR17v7k2nb1067391859, WT1q6069m122944502186, WP1rt5mq41b2104094276
		ROLE = UIAMenuItem
		TITLE = Project
		SHAPE = Rect [x:518.0 y:212.0 w:51.0 h:19.0]
		CHILDREN = 0
		PATH = [0, 4, 6]
	DESCRIPTION = Left Click at 'Project'
	TEXT = Compound Action =
		Move mouse to (543.5, 221.5).
		Press Mouse Button BUTTON1
		Release Mouse Button BUTTON1

ExecutedAction [27]: 
 @Action ConcreteID = AC1htumw9802883909767 AbstractID = AA1htumw9802883909767
 ConcreteID CUSTOM = ConcreteID CUSTOM not available AbstractID CUSTOM = AA1aeqo9y80298987293
 @State ConcreteID = SC8a47478391160428626 AbstractID = SR12mztif7e62849741134
 ConcreteID CUSTOM = SCrnx3g8832550875493 AbstractID CUSTOM = SAsqtyq381e2757685351

	ROLE = LeftClickAt
	TARGET =
		WIDGET = WC1as7urz2f1704320327, WR1h6ibpb92248851252, WT1y7s3s5192983196421, WP1k2j30h2b3744911812
		ROLE = UIAButton
		TITLE = Open Perspective
		SHAPE = Rect [x:1365.0 y:238.0 w:23.0 h:22.0]
		CHILDREN = 0
		PATH = [0, 2, 8, 0, 0, 0]
	DESCRIPTION = Left Click at 'Open Perspective'
	TEXT = Compound Action =
		Move mouse to (1376.5, 249.0).
		Press Mouse Button BUTTON1
		Release Mouse Button BUTTON1

ExecutedAction [28]: 
 @Action ConcreteID = AC7ndeby7e1759584950 AbstractID = AA7ndeby7e1759584950
 ConcreteID CUSTOM = ConcreteID CUSTOM not available AbstractID CUSTOM = AA8t02h27f3145027662
 @State ConcreteID = SC1la6l429db34920515 AbstractID = SRg5jxyk9693063239414
 ConcreteID CUSTOM = SCtvqeqr9dd609953057 AbstractID CUSTOM = SAawsmvw9d02778220293

	ROLE = LeftClickAt
	TARGET =
		WIDGET = WC11a7i0a29794902971, WR52qhb2b3065858412, WTkef97013719580673, WP1ypyx24253414358195
		ROLE = UIAListItem
		TITLE = Resource
		SHAPE = Rect [x:684.0 y:353.0 w:133.0 h:19.0]
		CHILDREN = 1
		PATH = [0, 0, 0, 0, 0, 6]
	DESCRIPTION = Left Click at 'Resource'
	TEXT = Compound Action =
		Move mouse to (750.5, 362.5).
		Press Mouse Button BUTTON1
		Release Mouse Button BUTTON1

ExecutedAction [29]: 
 @Action ConcreteID = ACl5i07803486871599 AbstractID = AAl5i07803486871599
 ConcreteID CUSTOM = ConcreteID CUSTOM not available AbstractID CUSTOM = AA13bg6oa7e372938334
 @State ConcreteID = SC1xk5ihq9ef2013174273 AbstractID = SR11qxrxl97b661407968
 ConcreteID CUSTOM = SCuybq2a9f13391210776 AbstractID CUSTOM = SAdt4pox9e3643404872

	ROLE = LeftClickAt
	TARGET =
		WIDGET = WC11a7i0a29794902971, WR52qhb2b3065858412, WTkef97013719580673, WP1ypyx24253414358195
		ROLE = UIAListItem
		TITLE = Resource
		SHAPE = Rect [x:684.0 y:353.0 w:133.0 h:19.0]
		CHILDREN = 1
		PATH = [0, 0, 0, 0, 0, 6]
	DESCRIPTION = Left Click at 'Resource'
	TEXT = Compound Action =
		Move mouse to (750.5, 362.5).
		Press Mouse Button BUTTON1
		Release Mouse Button BUTTON1

ExecutedAction [30]: 
 @Action ConcreteID = ACm6eyat801528206770 AbstractID = AAm6eyat801528206770
 ConcreteID CUSTOM = ConcreteID CUSTOM not available AbstractID CUSTOM = AA1owpmyw7e2197386179
 @State ConcreteID = SC1xk5ihq9ef2013174273 AbstractID = SR11qxrxl97b661407968
 ConcreteID CUSTOM = SCuybq2a9f13391210776 AbstractID CUSTOM = SAdt4pox9e3643404872

	ROLE = LeftClickAt
	TARGET =
		WIDGET = WCcpaqpb1a705962259, WR4n4ygb71694219017, WT4n4ygb71694219017, WP1c46xrx16384024802
		ROLE = UIAList
		TITLE = 
		SHAPE = Rect [x:682.0 y:237.0 w:321.0 h:321.0]
		CHILDREN = 9
		PATH = [0, 0, 0, 0, 0]
	DESCRIPTION = Left Click at ''
	TEXT = Compound Action =
		Move mouse to (842.5, 397.5).
		Press Mouse Button BUTTON1
		Release Mouse Button BUTTON1

ExecutedAction [31]: 
 @Action ConcreteID = AC1x2e962801518159768 AbstractID = AA1x2e962801518159768
 ConcreteID CUSTOM = ConcreteID CUSTOM not available AbstractID CUSTOM = AA10rkvv17e2207425001
 @State ConcreteID = SC1xk5ihq9ef2013174273 AbstractID = SR11qxrxl97b661407968
 ConcreteID CUSTOM = SCuybq2a9f13391210776 AbstractID CUSTOM = SAdt4pox9e3643404872

	ROLE = LeftClickAt
	TARGET =
		WIDGET = WCefhplm291552643548, WR52qhb2b3065858412, WT1kygnmj131122739681, WP1sh6bw253211256420
		ROLE = UIAListItem
		TITLE = Planning
		SHAPE = Rect [x:684.0 y:334.0 w:133.0 h:19.0]
		CHILDREN = 1
		PATH = [0, 0, 0, 0, 0, 5]
	DESCRIPTION = Left Click at 'Planning'
	TEXT = Compound Action =
		Move mouse to (750.5, 343.5).
		Press Mouse Button BUTTON1
		Release Mouse Button BUTTON1

ExecutedAction [32]: 
 @Action ConcreteID = ACxlstyv7e2679522704 AbstractID = AAxlstyv7e2679522704
 ConcreteID CUSTOM = ConcreteID CUSTOM not available AbstractID CUSTOM = AAij8jfy7f3588814187
 @State ConcreteID = SC7r03k09db612684196 AbstractID = SRg5jxyk9693063239414
 ConcreteID CUSTOM = SCtvqeqr9dd609953057 AbstractID CUSTOM = SAjlej509cf3091173552

	ROLE = LeftClickAt
	TARGET =
		WIDGET = WC1jzj9rm20405719840, WR1h6ibpb92248851252, WT1gjzbmxd1262302430, WPkdi6f41c1927054909
		ROLE = UIAButton
		TITLE = Open
		SHAPE = Rect [x:813.0 y:607.0 w:92.0 h:25.0]
		CHILDREN = 0
		PATH = [0, 0, 0, 1, 0]
	DESCRIPTION = Left Click at 'Open'
	TEXT = Compound Action =
		Move mouse to (859.0, 619.5).
		Press Mouse Button BUTTON1
		Release Mouse Button BUTTON1

ExecutedAction [33]: 
 @Action ConcreteID = AC1daemr2804263888404 AbstractID = AA1daemr2804263888404
 ConcreteID CUSTOM = ConcreteID CUSTOM not available AbstractID CUSTOM = AApcslkm811731960810
 @State ConcreteID = SC1q5l72l8fd765197049 AbstractID = SR1ny1ikk8972087093600
 ConcreteID CUSTOM = SCcj83qh9021225605824 AbstractID CUSTOM = SA15hb2pf9151386492268

	ROLE = LeftClickAt
	TARGET =
		WIDGET = WCx6pq3k4b872485021, WR5quxi6b4097176690, WT116jh08142480988028, WP1ueen5a47682572469
		ROLE = UIATreeItem
		TITLE = This Week
		SHAPE = Rect [x:1018.0 y:357.0 w:57.0 h:18.0]
		CHILDREN = 0
		PATH = [0, 0, 0, 0, 0, 0, 1, 2, 0, 0, 0, 0, 1, 0, 0, 0, 2]
	DESCRIPTION = Left Click at 'This Week'
	TEXT = Compound Action =
		Move mouse to (1046.5, 366.0).
		Press Mouse Button BUTTON1
		Release Mouse Button BUTTON1

ExecutedAction [34]: 
 @Action ConcreteID = AC194qiva802291500472 AbstractID = AA194qiva802291500472
 ConcreteID CUSTOM = ConcreteID CUSTOM not available AbstractID CUSTOM = AAl74hou81294378566
 @State ConcreteID = SC1q5l72l8fd765197049 AbstractID = SR1ny1ikk8972087093600
 ConcreteID CUSTOM = SCcj83qh9021225605824 AbstractID CUSTOM = SA15hb2pf9151386492268

	ROLE = LeftClickAt
	TARGET =
		WIDGET = WCyoyfgg36355054221, WR88rmk0b1934231702, WTd5rxjx14935243443, WP1p6vjua321785591671
		ROLE = UIACheckBox
		TITLE = Scheduled
		SHAPE = Rect [x:1207.0 y:266.0 w:23.0 h:22.0]
		CHILDREN = 0
		PATH = [0, 0, 0, 0, 0, 0, 1, 0, 0, 2]
	DESCRIPTION = Left Click at 'Scheduled'
	TEXT = Compound Action =
		Move mouse to (1218.5, 277.0).
		Press Mouse Button BUTTON1
		Release Mouse Button BUTTON1

ExecutedAction [35]: 
 @Action ConcreteID = ACcivrm7807780807 AbstractID = AAcivrm7807780807
 ConcreteID CUSTOM = ConcreteID CUSTOM not available AbstractID CUSTOM = AA1nmdsev812573787193
 @State ConcreteID = SC1q5l72l8fd765197049 AbstractID = SR1ny1ikk8972087093600
 ConcreteID CUSTOM = SCcj83qh9021225605824 AbstractID CUSTOM = SA15hb2pf9151386492268

	ROLE = LeftClickAt
	TARGET =
		WIDGET = WC7ysmwo4b3893254597, WR5quxi6b4097176690, WTil7mwa13197286306, WP1mj53e247265572677
		ROLE = UIATreeItem
		TITLE = Outgoing
		SHAPE = Rect [x:1018.0 y:555.0 w:55.0 h:18.0]
		CHILDREN = 0
		PATH = [0, 0, 0, 0, 0, 0, 1, 2, 0, 0, 0, 0, 1, 0, 0, 0, 13]
	DESCRIPTION = Left Click at 'Outgoing'
	TEXT = Compound Action =
		Move mouse to (1045.5, 564.0).
		Press Mouse Button BUTTON1
		Release Mouse Button BUTTON1

ExecutedAction [36]: 
 @Action ConcreteID = AC1rl31g3804129533116 AbstractID = AA1rl31g3804129533116
 ConcreteID CUSTOM = ConcreteID CUSTOM not available AbstractID CUSTOM = AA13nh09n811866331458
 @State ConcreteID = SC1q5l72l8fd765197049 AbstractID = SR1ny1ikk8972087093600
 ConcreteID CUSTOM = SCcj83qh9021225605824 AbstractID CUSTOM = SA15hb2pf9151386492268

	ROLE = LeftClickAt
	TARGET =
		WIDGET = WC6pj9884e3645531954, WR5quxi6b4097176690, WT1k3pvsu17952380268, WP15st1ae4a3198788370
		ROLE = UIATreeItem
		TITLE = Next Tuesday
		SHAPE = Rect [x:1018.0 y:393.0 w:75.0 h:18.0]
		CHILDREN = 0
		PATH = [0, 0, 0, 0, 0, 0, 1, 2, 0, 0, 0, 0, 1, 0, 0, 0, 4]
	DESCRIPTION = Left Click at 'Next Tuesday'
	TEXT = Compound Action =
		Move mouse to (1055.5, 402.0).
		Press Mouse Button BUTTON1
		Release Mouse Button BUTTON1

ExecutedAction [37]: 
 @Action ConcreteID = AC1qdqe31803954840286 AbstractID = AA1qdqe31803954840286
 ConcreteID CUSTOM = ConcreteID CUSTOM not available AbstractID CUSTOM = AA1w6b3c8801808350516
 @State ConcreteID = SCuf3g0097e1762659739 AbstractID = SRde7wec9072650142136
 ConcreteID CUSTOM = SC1jlgpku96b2548204421 AbstractID CUSTOM = SApdmk5o9662698626686

	ROLE = LeftClickAt
	TARGET =
		WIDGET = WC1kgr5wh4e2584554756, WR5quxi6b4097176690, WT182sd9y161506795858, WP1wlc4k34a483926464
		ROLE = UIATreeItem
		TITLE = Unscheduled
		SHAPE = Rect [x:1018.0 y:591.0 w:73.0 h:18.0]
		CHILDREN = 0
		PATH = [0, 1, 0, 0, 0, 0, 1, 2, 0, 0, 0, 0, 1, 0, 0, 0, 15]
	DESCRIPTION = Left Click at 'Unscheduled'
	TEXT = Compound Action =
		Move mouse to (1054.5, 600.0).
		Press Mouse Button BUTTON1
		Release Mouse Button BUTTON1

ExecutedAction [38]: 
 @Action ConcreteID = AC6mtuh87f3299759826 AbstractID = AA6mtuh87f3299759826
 ConcreteID CUSTOM = ConcreteID CUSTOM not available AbstractID CUSTOM = AA3kjpqc803550876369
 @State ConcreteID = SC1q5l72l8fd765197049 AbstractID = SR1ny1ikk8972087093600
 ConcreteID CUSTOM = SCcj83qh9021225605824 AbstractID CUSTOM = SA15hb2pf9151386492268

	ROLE = LeftClickAt
	TARGET =
		WIDGET = WC1t2g1mo1f1835652190, WR17v7k2nb1067391859, WT1q6069m122944502186, WP1rt5moe1b1331662022
		ROLE = UIAMenuItem
		TITLE = Project
		SHAPE = Rect [x:410.0 y:212.0 w:51.0 h:19.0]
		CHILDREN = 0
		PATH = [0, 4, 4]
	DESCRIPTION = Left Click at 'Project'
	TEXT = Compound Action =
		Move mouse to (435.5, 221.5).
		Press Mouse Button BUTTON1
		Release Mouse Button BUTTON1

ExecutedAction [39]: 
 @Action ConcreteID = ACvd971e813570292382 AbstractID = AAvd971e813570292382
 ConcreteID CUSTOM = ConcreteID CUSTOM not available AbstractID CUSTOM = AAelsotu811156557453
 @State ConcreteID = SC1rofluh9bd3165349668 AbstractID = SR1pa4rmx94a2896262792
 ConcreteID CUSTOM = SCatny9a9ac2686659978 AbstractID CUSTOM = SA15n7set9a42628493341

	ROLE = LeftClickAt
	TARGET =
		WIDGET = WC11n2nci291129152018, WR88rmk0b1934231702, WTd3g3u5133881737636, WP1d8oois251124776765
		ROLE = UIACheckBox
		TITLE = Planning
		SHAPE = Rect [x:1419.0 y:238.0 w:23.0 h:22.0]
		CHILDREN = 0
		PATH = [0, 2, 6, 0, 0, 3]
	DESCRIPTION = Left Click at 'Planning'
	TEXT = Compound Action =
		Move mouse to (1430.5, 249.0).
		Press Mouse Button BUTTON1
		Release Mouse Button BUTTON1

ExecutedAction [40]: 
 @Action ConcreteID = AC19nlmvl801306957409 AbstractID = AA19nlmvl801306957409
 ConcreteID CUSTOM = ConcreteID CUSTOM not available AbstractID CUSTOM = AAlpzlp5813573075871
 @State ConcreteID = SC1q5l72l8fd765197049 AbstractID = SR1ny1ikk8972087093600
 ConcreteID CUSTOM = SCcj83qh9021225605824 AbstractID CUSTOM = SA15hb2pf9151386492268

	ROLE = LeftClickAt
	TARGET =
		WIDGET = WC19g67m24f2346247471, WR5quxi6b4097176690, WT3ci1go182430273766, WP1a427vc4b163077563
		ROLE = UIATreeItem
		TITLE = Next Saturday
		SHAPE = Rect [x:1018.0 y:465.0 w:78.0 h:18.0]
		CHILDREN = 0
		PATH = [0, 0, 0, 0, 0, 0, 1, 2, 0, 0, 0, 0, 1, 0, 0, 0, 8]
	DESCRIPTION = Left Click at 'Next Saturday'
	TEXT = Compound Action =
		Move mouse to (1057.0, 474.0).
		Press Mouse Button BUTTON1
		Release Mouse Button BUTTON1

ExecutedAction [41]: 
 @Action ConcreteID = AC10wyfs8803587118105 AbstractID = AA10wyfs8803587118105
 ConcreteID CUSTOM = ConcreteID CUSTOM not available AbstractID CUSTOM = AAczcels811288785383
 @State ConcreteID = SC1q5l72l8fd765197049 AbstractID = SR1ny1ikk8972087093600
 ConcreteID CUSTOM = SCcj83qh9021225605824 AbstractID CUSTOM = SA15hb2pf9151386492268

	ROLE = LeftClickAt
	TARGET =
		WIDGET = WCamq3jk3e735794029, WR88rmk0b1934231702, WTq72q261c2588824796, WPc5odpe3a3521266016
		ROLE = UIACheckBox
		TITLE = Focus on Workweek
		SHAPE = Rect [x:1238.0 y:266.0 w:23.0 h:22.0]
		CHILDREN = 0
		PATH = [0, 0, 0, 0, 0, 0, 1, 0, 0, 3]
	DESCRIPTION = Left Click at 'Focus on Workweek'
	TEXT = Compound Action =
		Move mouse to (1249.5, 277.0).
		Press Mouse Button BUTTON1
		Release Mouse Button BUTTON1

ExecutedAction [42]: 
 @Action ConcreteID = AC1emm7gi804032444975 AbstractID = AA1emm7gi804032444975
 ConcreteID CUSTOM = ConcreteID CUSTOM not available AbstractID CUSTOM = AAibwlbt7f4220671382
 @State ConcreteID = SC1hdtmk48003379448937 AbstractID = SRoxlh2x7a02461789932
 ConcreteID CUSTOM = SC1mqwm3l7ee70556966 AbstractID CUSTOM = SA1o5yt2b7ed477385698

	ROLE = LeftClickAt
	TARGET =
		WIDGET = WC1s7k0st201805409058, WR17v7k2nb1067391859, WT1omh7n413746922249, WP2ibh7f1c3968795269
		ROLE = UIAMenuItem
		TITLE = Navigate
		SHAPE = Rect [x:300.0 y:212.0 w:61.0 h:19.0]
		CHILDREN = 0
		PATH = [0, 5, 2]
	DESCRIPTION = Left Click at 'Navigate'
	TEXT = Compound Action =
		Move mouse to (330.5, 221.5).
		Press Mouse Button BUTTON1
		Release Mouse Button BUTTON1

ExecutedAction [43]: 
 @Action ConcreteID = AC1my3opi7f2914932631 AbstractID = AA1my3opi7f2914932631
 ConcreteID CUSTOM = ConcreteID CUSTOM not available AbstractID CUSTOM = AA1n8zcqh7f4190892183
 @State ConcreteID = SCduaxad9452885877480 AbstractID = SR1qe3ri38df2230756543
 ConcreteID CUSTOM = SCvlczz9934770122563 AbstractID CUSTOM = SAqlj48l92a2770758103

	ROLE = LeftClickAt
	TARGET =
		WIDGET = WCn2x7w72d4256099923, WR17v7k2nb1067391859, WTsjala202511803949, WPweusqt29956458047
		ROLE = UIAMenuItem
		TITLE = Open Task...	Ctrl+F12
		SHAPE = Rect [x:303.0 y:365.0 w:302.0 h:22.0]
		CHILDREN = 0
		PATH = [0, 0, 5]
	DESCRIPTION = Left Click at 'Open Task...	Ctrl+F12'
	TEXT = Compound Action =
		Move mouse to (454.0, 376.0).
		Press Mouse Button BUTTON1
		Release Mouse Button BUTTON1

ExecutedAction [44]: 
 @Action ConcreteID = AC1gqhub0802695592834 AbstractID = AA1gqhub0802695592834
 ConcreteID CUSTOM = ConcreteID CUSTOM not available AbstractID CUSTOM = AA1djwwsj8028543336
 @State ConcreteID = SCt8hm25a243866710764 AbstractID = SRz7l4dd9a43772916954
 ConcreteID CUSTOM = SCodpj68a12292801921 AbstractID CUSTOM = SAu6k8h4a0d1474231722

	ROLE = LeftClickAt
	TARGET =
		WIDGET = WC9fu2n8253270179606, WR1h6ibpb92248851252, WT1h6ibpb92248851252, WP1qc6imu211202249499
		ROLE = UIAButton
		TITLE = 
		SHAPE = Rect [x:996.0 y:276.0 w:23.0 h:22.0]
		CHILDREN = 0
		PATH = [0, 0, 0, 0, 0, 0, 1, 0]
	DESCRIPTION = Left Click at ''
	TEXT = Compound Action =
		Move mouse to (1007.5, 287.0).
		Press Mouse Button BUTTON1
		Release Mouse Button BUTTON1

ExecutedAction [45]: 
 @Action ConcreteID = ACnyluar804267532148 AbstractID = AAnyluar804267532148
 ConcreteID CUSTOM = ConcreteID CUSTOM not available AbstractID CUSTOM = AAkuqtup80651160875
 @State ConcreteID = SC1r5sv90ab0264551451 AbstractID = SRuwagrca2f3332544174
 ConcreteID CUSTOM = SC1pq2nt1a9f1200735631 AbstractID CUSTOM = SA2d59xqa962277389564

	ROLE = LeftClickAt
	TARGET =
		WIDGET = WC1afkjkh292523348761, WR17v7k2nb1067391859, WT1umqwnl1f4050464939, WPpmuykj252167938730
		ROLE = UIAMenuItem
		TITLE = 1 Window Working Set
		SHAPE = Rect [x:999.0 y:425.0 w:216.0 h:22.0]
		CHILDREN = 0
		PATH = [1, 5]
	DESCRIPTION = Left Click at '1 Window Working Set'
	TEXT = Compound Action =
		Move mouse to (1107.0, 436.0).
		Press Mouse Button BUTTON1
		Release Mouse Button BUTTON1

ExecutedAction [46]: 
 @Action ConcreteID = AC1ctrwnk7f2044100669 AbstractID = AA1ctrwnk7f2044100669
 ConcreteID CUSTOM = ConcreteID CUSTOM not available AbstractID CUSTOM = AAwonzrt7f2964788380
 @State ConcreteID = SCt8hm25a243866710764 AbstractID = SRz7l4dd9a43772916954
 ConcreteID CUSTOM = SCodpj68a12292801921 AbstractID CUSTOM = SAu6k8h4a0d1474231722

	ROLE = LeftClickAt
	TARGET =
		WIDGET = WC19wwe0u1e2271943219, WR1h6ibpb92248851252, WTzj707vb935461581, WP1b7d8ss1a1515150936
		ROLE = UIAButton
		TITLE = OK
		SHAPE = Rect [x:829.0 y:686.0 w:92.0 h:25.0]
		CHILDREN = 0
		PATH = [0, 0, 0, 1, 2]
	DESCRIPTION = Left Click at 'OK'
	TEXT = Compound Action =
		Move mouse to (875.0, 698.5).
		Press Mouse Button BUTTON1
		Release Mouse Button BUTTON1

ExecutedAction [47]: 
 @Action ConcreteID = AC1ctrwnk7f2044100669 AbstractID = AA1ctrwnk7f2044100669
 ConcreteID CUSTOM = ConcreteID CUSTOM not available AbstractID CUSTOM = AAwonzrt7f2964788380
 @State ConcreteID = SCt8hm25a243866710764 AbstractID = SRz7l4dd9a43772916954
 ConcreteID CUSTOM = SCodpj68a12292801921 AbstractID CUSTOM = SAu6k8h4a0d1474231722

	ROLE = LeftClickAt
	TARGET =
		WIDGET = WC19wwe0u1e2271943219, WR1h6ibpb92248851252, WTzj707vb935461581, WP1b7d8ss1a1515150936
		ROLE = UIAButton
		TITLE = OK
		SHAPE = Rect [x:829.0 y:686.0 w:92.0 h:25.0]
		CHILDREN = 0
		PATH = [0, 0, 0, 1, 2]
	DESCRIPTION = Left Click at 'OK'
	TEXT = Compound Action =
		Move mouse to (875.0, 698.5).
		Press Mouse Button BUTTON1
		Release Mouse Button BUTTON1

ExecutedAction [48]: 
 @Action ConcreteID = AC1ctrwnk7f2044100669 AbstractID = AA1ctrwnk7f2044100669
 ConcreteID CUSTOM = ConcreteID CUSTOM not available AbstractID CUSTOM = AAwonzrt7f2964788380
 @State ConcreteID = SCt8hm25a243866710764 AbstractID = SRz7l4dd9a43772916954
 ConcreteID CUSTOM = SCodpj68a12292801921 AbstractID CUSTOM = SAu6k8h4a0d1474231722

	ROLE = LeftClickAt
	TARGET =
		WIDGET = WC19wwe0u1e2271943219, WR1h6ibpb92248851252, WTzj707vb935461581, WP1b7d8ss1a1515150936
		ROLE = UIAButton
		TITLE = OK
		SHAPE = Rect [x:829.0 y:686.0 w:92.0 h:25.0]
		CHILDREN = 0
		PATH = [0, 0, 0, 1, 2]
	DESCRIPTION = Left Click at 'OK'
	TEXT = Compound Action =
		Move mouse to (875.0, 698.5).
		Press Mouse Button BUTTON1
		Release Mouse Button BUTTON1

ExecutedAction [49]: 
 @Action ConcreteID = AC1ctrwnk7f2044100669 AbstractID = AA1ctrwnk7f2044100669
 ConcreteID CUSTOM = ConcreteID CUSTOM not available AbstractID CUSTOM = AAwonzrt7f2964788380
 @State ConcreteID = SCt8hm25a243866710764 AbstractID = SRz7l4dd9a43772916954
 ConcreteID CUSTOM = SCodpj68a12292801921 AbstractID CUSTOM = SAu6k8h4a0d1474231722

	ROLE = LeftClickAt
	TARGET =
		WIDGET = WC19wwe0u1e2271943219, WR1h6ibpb92248851252, WTzj707vb935461581, WP1b7d8ss1a1515150936
		ROLE = UIAButton
		TITLE = OK
		SHAPE = Rect [x:829.0 y:686.0 w:92.0 h:25.0]
		CHILDREN = 0
		PATH = [0, 0, 0, 1, 2]
	DESCRIPTION = Left Click at 'OK'
	TEXT = Compound Action =
		Move mouse to (875.0, 698.5).
		Press Mouse Button BUTTON1
		Release Mouse Button BUTTON1

ExecutedAction [50]: 
 @Action ConcreteID = AC122yd317f1910394868 AbstractID = AA122yd317f1910394868
 ConcreteID CUSTOM = ConcreteID CUSTOM not available AbstractID CUSTOM = AAlxug7a7f3099581269
 @State ConcreteID = SCt8hm25a243866710764 AbstractID = SRz7l4dd9a43772916954
 ConcreteID CUSTOM = SCodpj68a12292801921 AbstractID CUSTOM = SAu6k8h4a0d1474231722

	ROLE = LeftClickAt
	TARGET =
		WIDGET = WC162dvuy351458145647, WR88rmk0b1934231702, WTfe5fas1c1479203200, WP1gr3al4313488205828
		ROLE = UIACheckBox
		TITLE = Open with Browser
		SHAPE = Rect [x:457.0 y:587.0 w:121.0 h:16.0]
		CHILDREN = 0
		PATH = [0, 0, 0, 0, 0, 4, 0]
	DESCRIPTION = Left Click at 'Open with Browser'
	TEXT = Compound Action =
		Move mouse to (517.5, 595.0).
		Press Mouse Button BUTTON1
		Release Mouse Button BUTTON1

ExecutedAction [51]: 
 @Action ConcreteID = AC1gqhub0802695592834 AbstractID = AA1gqhub0802695592834
 ConcreteID CUSTOM = ConcreteID CUSTOM not available AbstractID CUSTOM = AA1djwwsj8028543336
 @State ConcreteID = SCt8hm25a243866710764 AbstractID = SRz7l4dd9a43772916954
 ConcreteID CUSTOM = SCodpj68a12292801921 AbstractID CUSTOM = SAu6k8h4a0d1474231722

	ROLE = LeftClickAt
	TARGET =
		WIDGET = WC9fu2n8253270179606, WR1h6ibpb92248851252, WT1h6ibpb92248851252, WP1qc6imu211202249499
		ROLE = UIAButton
		TITLE = 
		SHAPE = Rect [x:996.0 y:276.0 w:23.0 h:22.0]
		CHILDREN = 0
		PATH = [0, 0, 0, 0, 0, 0, 1, 0]
	DESCRIPTION = Left Click at ''
	TEXT = Compound Action =
		Move mouse to (1007.5, 287.0).
		Press Mouse Button BUTTON1
		Release Mouse Button BUTTON1

ExecutedAction [52]: 
 @Action ConcreteID = ACo8753k7f1836446804 AbstractID = AAo8753k7f1836446804
 ConcreteID CUSTOM = ConcreteID CUSTOM not available AbstractID CUSTOM = AA1fmfu8i7f4075581948
 @State ConcreteID = SC1r5sv90ab0264551451 AbstractID = SRuwagrca2f3332544174
 ConcreteID CUSTOM = SC1pq2nt1a9f1200735631 AbstractID CUSTOM = SA2d59xqa962277389564

	ROLE = LeftClickAt
	TARGET =
		WIDGET = WC162dvuy351458145647, WR88rmk0b1934231702, WTfe5fas1c1479203200, WP1gr3al4313488205828
		ROLE = UIACheckBox
		TITLE = Open with Browser
		SHAPE = Rect [x:457.0 y:587.0 w:121.0 h:16.0]
		CHILDREN = 0
		PATH = [0, 0, 0, 0, 0, 4, 0]
	DESCRIPTION = Left Click at 'Open with Browser'
	TEXT = Compound Action =
		Move mouse to (517.5, 595.0).
		Press Mouse Button BUTTON1
		Release Mouse Button BUTTON1

ExecutedAction [53]: 
 @Action ConcreteID = AC122yd317f1910394868 AbstractID = AA122yd317f1910394868
 ConcreteID CUSTOM = ConcreteID CUSTOM not available AbstractID CUSTOM = AAlxug7a7f3099581269
 @State ConcreteID = SCt8hm25a243866710764 AbstractID = SRz7l4dd9a43772916954
 ConcreteID CUSTOM = SCodpj68a12292801921 AbstractID CUSTOM = SAu6k8h4a0d1474231722

	ROLE = LeftClickAt
	TARGET =
		WIDGET = WC162dvuy351458145647, WR88rmk0b1934231702, WTfe5fas1c1479203200, WP1gr3al4313488205828
		ROLE = UIACheckBox
		TITLE = Open with Browser
		SHAPE = Rect [x:457.0 y:587.0 w:121.0 h:16.0]
		CHILDREN = 0
		PATH = [0, 0, 0, 0, 0, 4, 0]
	DESCRIPTION = Left Click at 'Open with Browser'
	TEXT = Compound Action =
		Move mouse to (517.5, 595.0).
		Press Mouse Button BUTTON1
		Release Mouse Button BUTTON1

ExecutedAction [54]: 
 @Action ConcreteID = AC1hez6pd7f3690480786 AbstractID = AA1hez6pd7f3690480786
 ConcreteID CUSTOM = ConcreteID CUSTOM not available AbstractID CUSTOM = AA119v9tm7f312070195
 @State ConcreteID = SCt8hm25a243866710764 AbstractID = SRz7l4dd9a43772916954
 ConcreteID CUSTOM = SCodpj68a12292801921 AbstractID CUSTOM = SAu6k8h4a0d1474231722

	ROLE = LeftClickAt
	TARGET =
		WIDGET = WC1cookdb223485606206, WR1h6ibpb92248851252, WT1vjbvvdf3603144044, WP1haaay51e2166262702
		ROLE = UIAButton
		TITLE = Cancel
		SHAPE = Rect [x:927.0 y:686.0 w:92.0 h:25.0]
		CHILDREN = 0
		PATH = [0, 0, 0, 1, 3]
	DESCRIPTION = Left Click at 'Cancel'
	TEXT = Compound Action =
		Move mouse to (973.0, 698.5).
		Press Mouse Button BUTTON1
		Release Mouse Button BUTTON1

ExecutedAction [55]: 
 @Action ConcreteID = AC1wablzf80733020296 AbstractID = AA1wablzf80733020296
 ConcreteID CUSTOM = ConcreteID CUSTOM not available AbstractID CUSTOM = AAsc6aup802747660006
 @State ConcreteID = SCgk0yt17e93172572938 AbstractID = SR4oplao78c2964052492
 ConcreteID CUSTOM = SCu1y4t57e53926661065 AbstractID CUSTOM = SA1mnn5jn7ee117840777

	ROLE = LeftClickAt
	TARGET =
		WIDGET = WC17jthf22f1266865050, WR1h6ibpb92248851252, WT1y7s3s5192983196421, WP1gu4pnk2b4045528857
		ROLE = UIAButton
		TITLE = Open Perspective
		SHAPE = Rect [x:1342.0 y:238.0 w:23.0 h:22.0]
		CHILDREN = 0
		PATH = [0, 1, 6, 0, 0, 0]
	DESCRIPTION = Left Click at 'Open Perspective'
	TEXT = Compound Action =
		Move mouse to (1353.5, 249.0).
		Press Mouse Button BUTTON1
		Release Mouse Button BUTTON1

ExecutedAction [56]: 
 @Action ConcreteID = AC1igsb6e802113584389 AbstractID = AA1igsb6e802113584389
 ConcreteID CUSTOM = ConcreteID CUSTOM not available AbstractID CUSTOM = AA1au55nz803574896033
 @State ConcreteID = SC1rh0834a5e2264763981 AbstractID = SR1ow4y0m9d63984888982
 ConcreteID CUSTOM = SCfbpqqra4e555228967 AbstractID CUSTOM = SA1m2jkqoa4f3554971084

	ROLE = LeftClickAt
	TARGET =
		WIDGET = WC1cookbl224260643772, WR1h6ibpb92248851252, WT1vjbvvdf3603144044, WP1haaawf1e3005802796
		ROLE = UIAButton
		TITLE = Cancel
		SHAPE = Rect [x:911.0 y:607.0 w:92.0 h:25.0]
		CHILDREN = 0
		PATH = [0, 0, 0, 1, 1]
	DESCRIPTION = Left Click at 'Cancel'
	TEXT = Compound Action =
		Move mouse to (957.0, 619.5).
		Press Mouse Button BUTTON1
		Release Mouse Button BUTTON1

ExecutedAction [57]: 
 @Action ConcreteID = ACa8jlr9801976475509 AbstractID = AAa8jlr9801976475509
 ConcreteID CUSTOM = ConcreteID CUSTOM not available AbstractID CUSTOM = AA15bicln804256852251
 @State ConcreteID = SCgk0yt17e93172572938 AbstractID = SR4oplao78c2964052492
 ConcreteID CUSTOM = SCu1y4t57e53926661065 AbstractID CUSTOM = SA1mnn5jn7ee117840777

	ROLE = LeftClickAt
	TARGET =
		WIDGET = WC3gutk14b4119842653, WR5quxi6b4097176690, WT116jh08142480988028, WP10ojqlr473911312757
		ROLE = UIATreeItem
		TITLE = This Week
		SHAPE = Rect [x:1018.0 y:367.0 w:57.0 h:18.0]
		CHILDREN = 0
		PATH = [0, 0, 0, 0, 0, 0, 1, 2, 0, 0, 0, 0, 1, 1, 0, 0, 2]
	DESCRIPTION = Left Click at 'This Week'
	TEXT = Compound Action =
		Move mouse to (1046.5, 376.0).
		Press Mouse Button BUTTON1
		Release Mouse Button BUTTON1

ExecutedAction [58]: 
 @Action ConcreteID = ACh47mcm80524478824 AbstractID = AAh47mcm80524478824
 ConcreteID CUSTOM = ConcreteID CUSTOM not available AbstractID CUSTOM = AA1c76d70802536906502
 @State ConcreteID = SCgk0yt17e93172572938 AbstractID = SR4oplao78c2964052492
 ConcreteID CUSTOM = SCu1y4t57e53926661065 AbstractID CUSTOM = SA1mnn5jn7ee117840777

	ROLE = LeftClickAt
	TARGET =
		WIDGET = WC1x810802f2401280039, WR1k8fo0ra1109144095, WT708py613944091805, WPye03bm2b1020283792
		ROLE = UIATabItem
		TITLE = Task List
		SHAPE = Rect [x:966.0 y:265.0 w:93.0 h:24.0]
		CHILDREN = 0
		PATH = [0, 0, 0, 0, 0, 0, 1, 3]
	DESCRIPTION = Left Click at 'Task List'
	TEXT = Compound Action =
		Move mouse to (1012.5, 277.0).
		Press Mouse Button BUTTON1
		Release Mouse Button BUTTON1

ExecutedAction [59]: 
 @Action ConcreteID = ACgz025z7f2675229891 AbstractID = AAgz025z7f2675229891
 ConcreteID CUSTOM = ConcreteID CUSTOM not available AbstractID CUSTOM = AA1n7vemp7f3822603291
 @State ConcreteID = SCgk0yt17e93172572938 AbstractID = SR4oplao78c2964052492
 ConcreteID CUSTOM = SCu1y4t57e53926661065 AbstractID CUSTOM = SA1mnn5jn7ee117840777

	ROLE = LeftClickAt
	TARGET =
		WIDGET = WCxo6dd51e3781355840, WR17v7k2nb1067391859, WTixgq3z113705304648, WP1mqnbef1a3817243629
		ROLE = UIAMenuItem
		TITLE = Window
		SHAPE = Rect [x:496.0 y:212.0 w:58.0 h:19.0]
		CHILDREN = 0
		PATH = [0, 4, 6]
	DESCRIPTION = Left Click at 'Window'
	TEXT = Compound Action =
		Move mouse to (525.0, 221.5).
		Press Mouse Button BUTTON1
		Release Mouse Button BUTTON1

ExecutedAction [60]: 
 @Action ConcreteID = AC1w8vrpl7e335532466 AbstractID = AA1w8vrpl7e335532466
 ConcreteID CUSTOM = ConcreteID CUSTOM not available AbstractID CUSTOM = AAqpuijr7f4032147712
 @State ConcreteID = SCf2713x88e300888798 AbstractID = SR3vxycd82b4144676796
 ConcreteID CUSTOM = SC1cj0nau87b1637085525 AbstractID CUSTOM = SA3wbp4k8762007389004

	ROLE = LeftClickAt
	TARGET =
		WIDGET = WCq7txhq213682527188, WR17v7k2nb1067391859, WT1mofhwp142132297230, WPhu1yjg1d2268992890
		ROLE = UIAMenuItem
		TITLE = Show View
		SHAPE = Rect [x:499.0 y:307.0 w:155.0 h:22.0]
		CHILDREN = 0
		PATH = [0, 0, 3]
	DESCRIPTION = Left Click at 'Show View'
	TEXT = Compound Action =
		Move mouse to (576.5, 318.0).
		Press Mouse Button BUTTON1
		Release Mouse Button BUTTON1

ExecutedAction [61]: 
 @Action ConcreteID = AC8jo4xu811696064257 AbstractID = AA8jo4xu811696064257
 ConcreteID CUSTOM = ConcreteID CUSTOM not available AbstractID CUSTOM = AAe19q5d80795562176
 @State ConcreteID = SC1t73pct8f71213879936 AbstractID = SR11ujvbs8a22327265546
 ConcreteID CUSTOM = SCmrii8z8f51135966568 AbstractID CUSTOM = SAqms7ce90a2763563355

	ROLE = LeftClickAt
	TARGET =
		WIDGET = WC1jp7yn22f1173280427, WR1k8fo0ra1109144095, WT708py613944091805, WPkv71qo2b4129176860
		ROLE = UIATabItem
		TITLE = Task List
		SHAPE = Rect [x:966.0 y:265.0 w:93.0 h:24.0]
		CHILDREN = 0
		PATH = [0, 2, 0, 0, 0, 0, 1, 3]
	DESCRIPTION = Left Click at 'Task List'
	TEXT = Compound Action =
		Move mouse to (1012.5, 277.0).
		Press Mouse Button BUTTON1
		Release Mouse Button BUTTON1

ExecutedAction [62]: 
 @Action ConcreteID = ACh47mcm80524478824 AbstractID = AAh47mcm80524478824
 ConcreteID CUSTOM = ConcreteID CUSTOM not available AbstractID CUSTOM = AA1c76d70802536906502
 @State ConcreteID = SCgk0yt17e93172572938 AbstractID = SR4oplao78c2964052492
 ConcreteID CUSTOM = SCu1y4t57e53926661065 AbstractID CUSTOM = SA1mnn5jn7ee117840777

	ROLE = LeftClickAt
	TARGET =
		WIDGET = WC1x810802f2401280039, WR1k8fo0ra1109144095, WT708py613944091805, WPye03bm2b1020283792
		ROLE = UIATabItem
		TITLE = Task List
		SHAPE = Rect [x:966.0 y:265.0 w:93.0 h:24.0]
		CHILDREN = 0
		PATH = [0, 0, 0, 0, 0, 0, 1, 3]
	DESCRIPTION = Left Click at 'Task List'
	TEXT = Compound Action =
		Move mouse to (1012.5, 277.0).
		Press Mouse Button BUTTON1
		Release Mouse Button BUTTON1

ExecutedAction [63]: 
 @Action ConcreteID = AC1o2jiwd80498462231 AbstractID = AA1o2jiwd80498462231
 ConcreteID CUSTOM = ConcreteID CUSTOM not available AbstractID CUSTOM = AAk4e7rn802512459897
 @State ConcreteID = SCgk0yt17e93172572938 AbstractID = SR4oplao78c2964052492
 ConcreteID CUSTOM = SCu1y4t57e53926661065 AbstractID CUSTOM = SA1mnn5jn7ee117840777

	ROLE = LeftClickAt
	TARGET =
		WIDGET = WCmdko9m25550375771, WR88rmk0b1934231702, WT1nvx9gyf2324308261, WPg1y6rw212762472130
		ROLE = UIACheckBox
		TITLE = Java
		SHAPE = Rect [x:1373.0 y:238.0 w:23.0 h:22.0]
		CHILDREN = 0
		PATH = [0, 1, 6, 0, 0, 1]
	DESCRIPTION = Left Click at 'Java'
	TEXT = Compound Action =
		Move mouse to (1384.5, 249.0).
		Press Mouse Button BUTTON1
		Release Mouse Button BUTTON1

ExecutedAction [64]: 
 @Action ConcreteID = ACz4a26t7f43542076 AbstractID = AAz4a26t7f43542076
 ConcreteID CUSTOM = ConcreteID CUSTOM not available AbstractID CUSTOM = AA1d96209803669193123
 @State ConcreteID = SCrnfc41d922061762845 AbstractID = SRuiqpwucfe1724092714
 ConcreteID CUSTOM = SCct3ikdd9c4112137406 AbstractID CUSTOM = SA14nww1pd9a2543936543

	ROLE = LeftClickAt
	TARGET =
		WIDGET = WClakshs343058074724, WR1h6ibpb92248851252, WT7xh7vf123396096274, WPl64436301664960534
		ROLE = UIAButton
		TITLE = View Menu
		SHAPE = Rect [x:461.0 y:266.0 w:23.0 h:22.0]
		CHILDREN = 0
		PATH = [0, 0, 0, 0, 0, 0, 0, 0, 1, 0]
	DESCRIPTION = Left Click at 'View Menu'
	TEXT = Compound Action =
		Move mouse to (472.5, 277.0).
		Press Mouse Button BUTTON1
		Release Mouse Button BUTTON1

ExecutedAction [65]: 
 @Action ConcreteID = ACu0fkp97f2322380042 AbstractID = AAu0fkp97f2322380042
 ConcreteID CUSTOM = ConcreteID CUSTOM not available AbstractID CUSTOM = AAkmft5s802347447611
 @State ConcreteID = SC1pt2crwe93595249452 AbstractID = SR1iy0x7le013107625948
 ConcreteID CUSTOM = SC1wp8sd2ea83962722177 AbstractID CUSTOM = SA1ifl16te9d3977145108

	ROLE = LeftClickAt
	TARGET =
		WIDGET = WC1lp22g5264292352951, WR1e04pz3e358922214, WT1nrspw4134064192791, WP1p1mm9f22951011319
		ROLE = UIASplitButton
		TITLE = Debug
		SHAPE = Rect [x:356.0 y:237.0 w:38.0 h:22.0]
		CHILDREN = 0
		PATH = [0, 1, 2, 0, 0]
	DESCRIPTION = Left Click at 'Debug'
	TEXT = Compound Action =
		Move mouse to (375.0, 248.0).
		Press Mouse Button BUTTON1
		Release Mouse Button BUTTON1

ExecutedAction [66]: 
 @Action ConcreteID = AC5ztcn4801320507166 AbstractID = AA5ztcn4801320507166
 ConcreteID CUSTOM = ConcreteID CUSTOM not available AbstractID CUSTOM = AA3eyh82811350887350
 @State ConcreteID = SCcwmcsje752867875397 AbstractID = SR9y0sjode62868263589
 ConcreteID CUSTOM = SCpqz04re8d1474522489 AbstractID CUSTOM = SA1g6xzyfe7e1538108819

	ROLE = LeftClickAt
	TARGET =
		WIDGET = WCk5myv61b2015160918, WR1h6ibpb92248851252, WTzj707vb935461581, WPyo48hg17494111517
		ROLE = UIAButton
		TITLE = OK
		SHAPE = Rect [x:997.0 y:506.0 w:92.0 h:25.0]
		CHILDREN = 0
		PATH = [0, 0, 3, 0]
	DESCRIPTION = Left Click at 'OK'
	TEXT = Compound Action =
		Move mouse to (1043.0, 518.5).
		Press Mouse Button BUTTON1
		Release Mouse Button BUTTON1

ExecutedAction [67]: 
 @Action ConcreteID = ACv4vn5v803925326464 AbstractID = AAv4vn5v803925326464
 ConcreteID CUSTOM = ConcreteID CUSTOM not available AbstractID CUSTOM = AA175r5nz812308906818
 @State ConcreteID = SCrnfc41d922061762845 AbstractID = SRuiqpwucfe1724092714
 ConcreteID CUSTOM = SCct3ikdd9c4112137406 AbstractID CUSTOM = SA14nww1pd9a2543936543

	ROLE = LeftClickAt
	TARGET =
		WIDGET = WCjwg41y341226301062, WR88rmk0b1934231702, WTzyosql1e1932186725, WP14hra4830948744321
		ROLE = UIACheckBox
		TITLE = Java Type Hierarchy
		SHAPE = Rect [x:1396.0 y:238.0 w:23.0 h:22.0]
		CHILDREN = 0
		PATH = [0, 1, 8, 0, 0, 2]
	DESCRIPTION = Left Click at 'Java Type Hierarchy'
	TEXT = Compound Action =
		Move mouse to (1407.5, 249.0).
		Press Mouse Button BUTTON1
		Release Mouse Button BUTTON1

ExecutedAction [68]: 
 @Action ConcreteID = AC1mnvx1a804061769952 AbstractID = AA1mnvx1a804061769952
 ConcreteID CUSTOM = ConcreteID CUSTOM not available AbstractID CUSTOM = AAlfa5tf812947552446
 @State ConcreteID = SC12g4iy7782861424374 AbstractID = SR1dsmg1z7321761494657
 ConcreteID CUSTOM = SCxau7f7812097597329 AbstractID CUSTOM = SA14s3se17761766763787

	ROLE = LeftClickAt
	TARGET =
		WIDGET = WC1j57qb42f435484828, WR1h6ibpb92248851252, WT1y7s3s5192983196421, WP1sfiyjm2b2740450335
		ROLE = UIAButton
		TITLE = Open Perspective
		SHAPE = Rect [x:1342.0 y:238.0 w:23.0 h:22.0]
		CHILDREN = 0
		PATH = [0, 1, 8, 0, 0, 0]
	DESCRIPTION = Left Click at 'Open Perspective'
	TEXT = Compound Action =
		Move mouse to (1353.5, 249.0).
		Press Mouse Button BUTTON1
		Release Mouse Button BUTTON1

ExecutedAction [69]: 
 @Action ConcreteID = AC1yxz1wt7e1548365557 AbstractID = AA1yxz1wt7e1548365557
 ConcreteID CUSTOM = ConcreteID CUSTOM not available AbstractID CUSTOM = AA1ye4o0f7f1890087558
 @State ConcreteID = SC9lruyd9ef592174313 AbstractID = SR1q417fl97c1250255163
 ConcreteID CUSTOM = SC1rugy2o9f22356031441 AbstractID CUSTOM = SAiss1kb9e52991917299

	ROLE = LeftClickAt
	TARGET =
		WIDGET = WCefhplm291552643548, WR52qhb2b3065858412, WT1kygnmj131122739681, WP1sh6bw253211256420
		ROLE = UIAListItem
		TITLE = Planning
		SHAPE = Rect [x:684.0 y:334.0 w:133.0 h:19.0]
		CHILDREN = 1
		PATH = [0, 0, 0, 0, 0, 5]
	DESCRIPTION = Left Click at 'Planning'
	TEXT = Compound Action =
		Move mouse to (750.5, 343.5).
		Press Mouse Button BUTTON1
		Release Mouse Button BUTTON1

ExecutedAction [70]: 
 @Action ConcreteID = ACcbteh8802461909048 AbstractID = AAcbteh8802461909048
 ConcreteID CUSTOM = ConcreteID CUSTOM not available AbstractID CUSTOM = AA1n0k25l7f742326960
 @State ConcreteID = SC19o213n9ef1374054653 AbstractID = SR1q417fl97c1250255163
 ConcreteID CUSTOM = SC1rugy2o9f22356031441 AbstractID CUSTOM = SAj0qpur9e42780921393

	ROLE = LeftClickAt
	TARGET =
		WIDGET = WC11d1n6a2f1952011925, WR52qhb2b3065858412, WTjkigs0192673559985, WPhvu4qs2b2844549886
		ROLE = UIAListItem
		TITLE = Java (default)
		SHAPE = Rect [x:684.0 y:277.0 w:133.0 h:19.0]
		CHILDREN = 1
		PATH = [0, 0, 0, 0, 0, 2]
	DESCRIPTION = Left Click at 'Java (default)'
	TEXT = Compound Action =
		Move mouse to (750.5, 286.5).
		Press Mouse Button BUTTON1
		Release Mouse Button BUTTON1

ExecutedAction [71]: 
 @Action ConcreteID = AChih70r7e1356627036 AbstractID = AAhih70r7e1356627036
 ConcreteID CUSTOM = ConcreteID CUSTOM not available AbstractID CUSTOM = AA1qkqu58803119219650
 @State ConcreteID = SC6g492pa03788408587 AbstractID = SR171gczo98e1392577288
 ConcreteID CUSTOM = SCtgpe1da064224295974 AbstractID CUSTOM = SA1vozlqu9f83138732615

	ROLE = LeftClickAt
	TARGET =
		WIDGET = WCcpaqpb1a705962259, WR4n4ygb71694219017, WT4n4ygb71694219017, WP1c46xrx16384024802
		ROLE = UIAList
		TITLE = 
		SHAPE = Rect [x:682.0 y:237.0 w:321.0 h:321.0]
		CHILDREN = 9
		PATH = [0, 0, 0, 0, 0]
	DESCRIPTION = Left Click at ''
	TEXT = Compound Action =
		Move mouse to (842.5, 397.5).
		Press Mouse Button BUTTON1
		Release Mouse Button BUTTON1

ExecutedAction [72]: 
 @Action ConcreteID = AC1xi73ii7e52018807 AbstractID = AA1xi73ii7e52018807
 ConcreteID CUSTOM = ConcreteID CUSTOM not available AbstractID CUSTOM = AA17jconv803928900073
 @State ConcreteID = SC6g492pa03788408587 AbstractID = SR171gczo98e1392577288
 ConcreteID CUSTOM = SCtgpe1da064224295974 AbstractID CUSTOM = SA1vozlqu9f83138732615

	ROLE = LeftClickAt
	TARGET =
		WIDGET = WC1q38lwl332856261978, WR52qhb2b3065858412, WTvdlmi01d3557683564, WPxto8gn2f4156342363
		ROLE = UIAListItem
		TITLE = Team Synchronizing
		SHAPE = Rect [x:684.0 y:372.0 w:133.0 h:19.0]
		CHILDREN = 1
		PATH = [0, 0, 0, 0, 0, 7]
	DESCRIPTION = Left Click at 'Team Synchronizing'
	TEXT = Compound Action =
		Move mouse to (750.5, 381.5).
		Press Mouse Button BUTTON1
		Release Mouse Button BUTTON1

ExecutedAction [73]: 
 @Action ConcreteID = ACr3h64y7e3310362037 AbstractID = AAr3h64y7e3310362037
 ConcreteID CUSTOM = ConcreteID CUSTOM not available AbstractID CUSTOM = AA14mrab80745005611
 @State ConcreteID = SC6g492pa03788408587 AbstractID = SR171gczo98e1392577288
 ConcreteID CUSTOM = SCtgpe1da064224295974 AbstractID CUSTOM = SA1vozlqu9f83138732615

	ROLE = LeftClickAt
	TARGET =
		WIDGET = WC2h0cvp24637070256, WR52qhb2b3065858412, WT1szx7h5e1928696678, WPb1civ203511158183
		ROLE = UIAListItem
		TITLE = XML
		SHAPE = Rect [x:684.0 y:391.0 w:133.0 h:19.0]
		CHILDREN = 1
		PATH = [0, 0, 0, 0, 0, 8]
	DESCRIPTION = Left Click at 'XML'
	TEXT = Compound Action =
		Move mouse to (750.5, 400.5).
		Press Mouse Button BUTTON1
		Release Mouse Button BUTTON1

ExecutedAction [74]: 
 @Action ConcreteID = AC1a1y4pa80680562826 AbstractID = AA1a1y4pa80680562826
 ConcreteID CUSTOM = ConcreteID CUSTOM not available AbstractID CUSTOM = AAlpkqej7f2517783042
 @State ConcreteID = SC19o213n9ef1374054653 AbstractID = SR1q417fl97c1250255163
 ConcreteID CUSTOM = SC1rugy2o9f22356031441 AbstractID CUSTOM = SAj0qpur9e42780921393

	ROLE = LeftClickAt
	TARGET =
		WIDGET = WCefhplm291552643548, WR52qhb2b3065858412, WT1kygnmj131122739681, WP1sh6bw253211256420
		ROLE = UIAListItem
		TITLE = Planning
		SHAPE = Rect [x:684.0 y:334.0 w:133.0 h:19.0]
		CHILDREN = 1
		PATH = [0, 0, 0, 0, 0, 5]
	DESCRIPTION = Left Click at 'Planning'
	TEXT = Compound Action =
		Move mouse to (750.5, 343.5).
		Press Mouse Button BUTTON1
		Release Mouse Button BUTTON1

ExecutedAction [75]: 
 @Action ConcreteID = AC1f5oqbs802050916491 AbstractID = AA1f5oqbs802050916491
 ConcreteID CUSTOM = ConcreteID CUSTOM not available AbstractID CUSTOM = AAqtbc117f3300672003
 @State ConcreteID = SC19o213n9ef1374054653 AbstractID = SR1q417fl97c1250255163
 ConcreteID CUSTOM = SC1rugy2o9f22356031441 AbstractID CUSTOM = SAj0qpur9e42780921393

	ROLE = LeftClickAt
	TARGET =
		WIDGET = WC1q38lwl332856261978, WR52qhb2b3065858412, WTvdlmi01d3557683564, WPxto8gn2f4156342363
		ROLE = UIAListItem
		TITLE = Team Synchronizing
		SHAPE = Rect [x:684.0 y:372.0 w:133.0 h:19.0]
		CHILDREN = 1
		PATH = [0, 0, 0, 0, 0, 7]
	DESCRIPTION = Left Click at 'Team Synchronizing'
	TEXT = Compound Action =
		Move mouse to (750.5, 381.5).
		Press Mouse Button BUTTON1
		Release Mouse Button BUTTON1

ExecutedAction [76]: 
 @Action ConcreteID = ACpkl61g7e3363839959 AbstractID = AApkl61g7e3363839959
 ConcreteID CUSTOM = ConcreteID CUSTOM not available AbstractID CUSTOM = AA1ymut5x80565698633
 @State ConcreteID = SC6g492pa03788408587 AbstractID = SR171gczo98e1392577288
 ConcreteID CUSTOM = SCtgpe1da064224295974 AbstractID CUSTOM = SA1vozlqu9f83138732615

	ROLE = LeftClickAt
	TARGET =
		WIDGET = WC56be2h262390575670, WR52qhb2b3065858412, WTqgwb85101755545893, WPlvq0yz22844261582
		ROLE = UIAListItem
		TITLE = Debug
		SHAPE = Rect [x:684.0 y:239.0 w:133.0 h:19.0]
		CHILDREN = 1
		PATH = [0, 0, 0, 0, 0, 0]
	DESCRIPTION = Left Click at 'Debug'
	TEXT = Compound Action =
		Move mouse to (750.5, 248.5).
		Press Mouse Button BUTTON1
		Release Mouse Button BUTTON1

ExecutedAction [77]: 
 @Action ConcreteID = ACs4ggup7e2381974730 AbstractID = AAs4ggup7e2381974730
 ConcreteID CUSTOM = ConcreteID CUSTOM not available AbstractID CUSTOM = AA25m202801691218772
 @State ConcreteID = SC6g492pa03788408587 AbstractID = SR171gczo98e1392577288
 ConcreteID CUSTOM = SCtgpe1da064224295974 AbstractID CUSTOM = SA1vozlqu9f83138732615

	ROLE = LeftClickAt
	TARGET =
		WIDGET = WCtb1o0n243666391391, WR52qhb2b3065858412, WT1szwvkke3160747539, WP19av5c9201863174373
		ROLE = UIAListItem
		TITLE = Git
		SHAPE = Rect [x:684.0 y:258.0 w:133.0 h:19.0]
		CHILDREN = 1
		PATH = [0, 0, 0, 0, 0, 1]
	DESCRIPTION = Left Click at 'Git'
	TEXT = Compound Action =
		Move mouse to (750.5, 267.5).
		Press Mouse Button BUTTON1
		Release Mouse Button BUTTON1

ExecutedAction [78]: 
 @Action ConcreteID = AC13zv3js7e1968610932 AbstractID = AA13zv3js7e1968610932
 ConcreteID CUSTOM = ConcreteID CUSTOM not available AbstractID CUSTOM = AAe10op5802623627754
 @State ConcreteID = SC6g492pa03788408587 AbstractID = SR171gczo98e1392577288
 ConcreteID CUSTOM = SCtgpe1da064224295974 AbstractID CUSTOM = SA1vozlqu9f83138732615

	ROLE = LeftClickAt
	TARGET =
		WIDGET = WC1cookbl224260643772, WR1h6ibpb92248851252, WT1vjbvvdf3603144044, WP1haaawf1e3005802796
		ROLE = UIAButton
		TITLE = Cancel
		SHAPE = Rect [x:911.0 y:607.0 w:92.0 h:25.0]
		CHILDREN = 0
		PATH = [0, 0, 0, 1, 1]
	DESCRIPTION = Left Click at 'Cancel'
	TEXT = Compound Action =
		Move mouse to (957.0, 619.5).
		Press Mouse Button BUTTON1
		Release Mouse Button BUTTON1

ExecutedAction [79]: 
 @Action ConcreteID = AC3w0lvo7f2994114442 AbstractID = AA3w0lvo7f2994114442
 ConcreteID CUSTOM = ConcreteID CUSTOM not available AbstractID CUSTOM = AA1et0bvz801942606704
 @State ConcreteID = SC12g4iy7782861424374 AbstractID = SR1dsmg1z7321761494657
 ConcreteID CUSTOM = SCxau7f7812097597329 AbstractID CUSTOM = SA14s3se17761766763787

	ROLE = LeftClickAt
	TARGET =
		WIDGET = WC10m1jug303102810493, WR1h6ibpb92248851252, WT17yjboe1d2534355506, WP1xbyz2e2c2625517813
		ROLE = UIAButton
		TITLE = Open Task (Ctrl+F12)
		SHAPE = Rect [x:564.0 y:237.0 w:23.0 h:22.0]
		CHILDREN = 0
		PATH = [0, 1, 4, 0, 1]
	DESCRIPTION = Left Click at 'Open Task (Ctrl+F12)'
	TEXT = Compound Action =
		Move mouse to (575.5, 248.0).
		Press Mouse Button BUTTON1
		Release Mouse Button BUTTON1

ExecutedAction [80]: 
 @Action ConcreteID = AC1jyann381410731790 AbstractID = AA1jyann381410731790
 ConcreteID CUSTOM = ConcreteID CUSTOM not available AbstractID CUSTOM = AA1vvbiih813169856522
 @State ConcreteID = SC1k6ywrm9b52029613587 AbstractID = SR1fwlea494a871450660
 ConcreteID CUSTOM = SC13dxpsp9b61939663248 AbstractID CUSTOM = SA1cg27ef9a32268894562

	ROLE = LeftClickAt
	TARGET =
		WIDGET = WC9fu2n8253270179606, WR1h6ibpb92248851252, WT1h6ibpb92248851252, WP1qc6imu211202249499
		ROLE = UIAButton
		TITLE = 
		SHAPE = Rect [x:996.0 y:276.0 w:23.0 h:22.0]
		CHILDREN = 0
		PATH = [0, 0, 0, 0, 0, 0, 1, 0]
	DESCRIPTION = Left Click at ''
	TEXT = Compound Action =
		Move mouse to (1007.5, 287.0).
		Press Mouse Button BUTTON1
		Release Mouse Button BUTTON1

ExecutedAction [81]: 
 @Action ConcreteID = AC1qghm8h804208406321 AbstractID = AA1qghm8h804208406321
 ConcreteID CUSTOM = ConcreteID CUSTOM not available AbstractID CUSTOM = AA1i1gtr07f2759289034
 @State ConcreteID = SC1kai1a3a412217444392 AbstractID = SR16k6zib9d586441310
 ConcreteID CUSTOM = SC1tjwxu6a43906366738 AbstractID CUSTOM = SAgf5zj1a2c1264559766

	ROLE = LeftClickAt
	TARGET =
		WIDGET = WC1cookdb223485606206, WR1h6ibpb92248851252, WT1vjbvvdf3603144044, WP1haaay51e2166262702
		ROLE = UIAButton
		TITLE = Cancel
		SHAPE = Rect [x:927.0 y:686.0 w:92.0 h:25.0]
		CHILDREN = 0
		PATH = [0, 0, 0, 1, 3]
	DESCRIPTION = Left Click at 'Cancel'
	TEXT = Compound Action =
		Move mouse to (973.0, 698.5).
		Press Mouse Button BUTTON1
		Release Mouse Button BUTTON1

ExecutedAction [82]: 
 @Action ConcreteID = AC1mqwwlo7f3878452873 AbstractID = AA1mqwwlo7f3878452873
 ConcreteID CUSTOM = ConcreteID CUSTOM not available AbstractID CUSTOM = AAymskmv80647176819
 @State ConcreteID = SC12g4iy7782861424374 AbstractID = SR1dsmg1z7321761494657
 ConcreteID CUSTOM = SCxau7f7812097597329 AbstractID CUSTOM = SA14s3se17761766763787

	ROLE = LeftClickAt
	TARGET =
		WIDGET = WCcwq7qh2e2935859394, WR1e04pz3e358922214, WTaocbwu1b2980317179, WP1rdavav2a2945874840
		ROLE = UIASplitButton
		TITLE = Run Last Tool
		SHAPE = Rect [x:432.0 y:237.0 w:38.0 h:22.0]
		CHILDREN = 0
		PATH = [0, 1, 2, 0, 2]
	DESCRIPTION = Left Click at 'Run Last Tool'
	TEXT = Compound Action =
		Move mouse to (451.0, 248.0).
		Press Mouse Button BUTTON1
		Release Mouse Button BUTTON1

ExecutedAction [83]: 
 @Action ConcreteID = ACz7vtv5802201151963 AbstractID = AAz7vtv5802201151963
 ConcreteID CUSTOM = ConcreteID CUSTOM not available AbstractID CUSTOM = AA1oxswqv804091259564
 @State ConcreteID = SC1ipez8tc8f4046906977 AbstractID = SRkp5dnwbf315056508
 ConcreteID CUSTOM = SCq1mjkkc872851769592 AbstractID CUSTOM = SA1c51dw9c6c4198920803

	ROLE = LeftClickAt
	TARGET =
		WIDGET = WCkh84o9243333389591, WR88rmk0b1934231702, WT88rmk0b1934231702, WP1bocjuf201538219083
		ROLE = UIACheckBox
		TITLE = 
		SHAPE = Rect [x:461.0 y:664.0 w:31.0 h:30.0]
		CHILDREN = 0
		PATH = [0, 0, 0, 0, 1, 0, 0]
	DESCRIPTION = Left Click at ''
	TEXT = Compound Action =
		Move mouse to (476.5, 679.0).
		Press Mouse Button BUTTON1
		Release Mouse Button BUTTON1

ExecutedAction [84]: 
 @Action ConcreteID = AChxjpnj80356077841 AbstractID = AAhxjpnj80356077841
 ConcreteID CUSTOM = ConcreteID CUSTOM not available AbstractID CUSTOM = AAbkdlqj7f1676758390
 @State ConcreteID = SC1rflxqwf334239237531 AbstractID = SR1kfp798e702736060585
 ConcreteID CUSTOM = SCzvfeb4f341131574392 AbstractID CUSTOM = SAnd733sf281940728966

	ROLE = LeftClickAt
	TARGET =
		WIDGET = WC15mc989463138000849, WR1ca707tc1438424989, WTjo89s21a356895357, WPsoz6sr421884576366
		ROLE = UIAHyperLink
		TITLE = 'Perspectives'
		SHAPE = Rect [x:896.0 y:493.0 w:71.0 h:15.0]
		CHILDREN = 0
		PATH = [0, 0, 0, 0, 0, 1, 0, 1, 0, 0, 0, 12, 0]
	DESCRIPTION = Left Click at ''Perspectives''
	TEXT = Compound Action =
		Move mouse to (931.5, 500.5).
		Press Mouse Button BUTTON1
		Release Mouse Button BUTTON1

ExecutedAction [85]: 
 @Action ConcreteID = AC1nxql3x801260899012 AbstractID = AA1nxql3x801260899012
 ConcreteID CUSTOM = ConcreteID CUSTOM not available AbstractID CUSTOM = AA1k9vppc813016596087
 @State ConcreteID = SC4a5vcz161d3143127901 AbstractID = SR30mc7114eb2784382187
 ConcreteID CUSTOM = SC1tndg81622526367621 AbstractID CUSTOM = SA1k0c7h816211275991223

	ROLE = LeftClickAt
	TARGET =
		WIDGET = WC1n051f4333447468820, WR1h6ibpb92248851252, WT1ub8x67e219175306, WP18o491a2f2726915768
		ROLE = UIAButton
		TITLE = Apply
		SHAPE = Rect [x:844.0 y:667.0 w:92.0 h:25.0]
		CHILDREN = 0
		PATH = [0, 0, 0, 0, 3, 2, 0, 0, 0, 7, 1]
	DESCRIPTION = Left Click at 'Apply'
	TEXT = Compound Action =
		Move mouse to (890.0, 679.5).
		Press Mouse Button BUTTON1
		Release Mouse Button BUTTON1

ExecutedAction [86]: 
 @Action ConcreteID = ACrpm0yh803980528934 AbstractID = AArpm0yh803980528934
 ConcreteID CUSTOM = ConcreteID CUSTOM not available AbstractID CUSTOM = AAo1r5jw81363355541
 @State ConcreteID = SC4a5vcz161d3143127901 AbstractID = SR30mc7114eb2784382187
 ConcreteID CUSTOM = SC1tndg81622526367621 AbstractID CUSTOM = SA1k0c7h816211275991223

	ROLE = LeftClickAt
	TARGET =
		WIDGET = WC7ikahp3e1189033496, WR1h6ibpb92248851252, WT29quub193353596121, WP127sdij3a2458028588
		ROLE = UIAButton
		TITLE = Restore Defaults
		SHAPE = Rect [x:742.0 y:667.0 w:97.0 h:25.0]
		CHILDREN = 0
		PATH = [0, 0, 0, 0, 3, 2, 0, 0, 0, 7, 0]
	DESCRIPTION = Left Click at 'Restore Defaults'
	TEXT = Compound Action =
		Move mouse to (790.5, 679.5).
		Press Mouse Button BUTTON1
		Release Mouse Button BUTTON1

ExecutedAction [87]: 
 @Action ConcreteID = ACj7q6qo802247358067 AbstractID = AAj7q6qo802247358067
 ConcreteID CUSTOM = ConcreteID CUSTOM not available AbstractID CUSTOM = AAfjvbc3812098833088
 @State ConcreteID = SC4a5vcz161d3143127901 AbstractID = SR30mc7114eb2784382187
 ConcreteID CUSTOM = SC1tndg81622526367621 AbstractID CUSTOM = SA1k0c7h816211275991223

	ROLE = LeftClickAt
	TARGET =
		WIDGET = WC1u7qaby393135179342, WR17qbaneb3904637586, WTd76kr5112973204438, WP1ucjzr4352663086122
		ROLE = UIAComboBox
		TITLE = Debug:
		SHAPE = Rect [x:707.0 y:359.0 w:224.0 h:23.0]
		CHILDREN = 1
		PATH = [0, 0, 0, 0, 3, 2, 0, 0, 0, 6, 1, 3]
	DESCRIPTION = Left Click at 'Debug:'
	TEXT = Compound Action =
		Move mouse to (819.0, 370.5).
		Press Mouse Button BUTTON1
		Release Mouse Button BUTTON1

ExecutedAction [88]: 
 @Action ConcreteID = AC8o0yml803830746296 AbstractID = AA8o0yml803830746296
 ConcreteID CUSTOM = ConcreteID CUSTOM not available AbstractID CUSTOM = AAp274vx811206526365
 @State ConcreteID = SC8kwsjk17d41001436017 AbstractID = SR1fy9wuv168d2657803353
 ConcreteID CUSTOM = SC5ny6yf17e81630855461 AbstractID CUSTOM = SA1njb97n17e51367883233

	ROLE = LeftClickAt
	TARGET =
		WIDGET = WC18bdi9z143590851756, WR4n4ygb71694219017, WT19bpkeqd98384530, WP1n0av4l101869819443
		ROLE = UIAList
		TITLE = Debug:
		SHAPE = Rect [x:707.0 y:382.0 w:224.0 h:152.0]
		CHILDREN = 10
		PATH = [1]
	DESCRIPTION = Left Click at 'Debug:'
	TEXT = Compound Action =
		Move mouse to (819.0, 458.0).
		Press Mouse Button BUTTON1
		Release Mouse Button BUTTON1

ExecutedAction [89]: 
 @Action ConcreteID = ACudn6oa801075387418 AbstractID = AAudn6oa801075387418
 ConcreteID CUSTOM = ConcreteID CUSTOM not available AbstractID CUSTOM = AAqpsb9p813102952617
 @State ConcreteID = SC4a5vcz161d3143127901 AbstractID = SR30mc7114eb2784382187
 ConcreteID CUSTOM = SC1tndg81622526367621 AbstractID CUSTOM = SA1k0c7h816211275991223

	ROLE = LeftClickAt
	TARGET =
		WIDGET = WCvcjoh6423773323509, WR5quxi6b4097176690, WT1lplk34171681821011, WPn6jjlk3e3472214948
		ROLE = UIATreeItem
		TITLE = Launch Group
		SHAPE = Rect [x:448.0 y:467.0 w:79.0 h:18.0]
		CHILDREN = 0
		PATH = [0, 0, 0, 0, 3, 2, 0, 0, 0, 6, 0, 1, 6]
	DESCRIPTION = Left Click at 'Launch Group'
	TEXT = Compound Action =
		Move mouse to (487.5, 476.0).
		Press Mouse Button BUTTON1
		Release Mouse Button BUTTON1

ExecutedAction [90]: 
 @Action ConcreteID = AC1xch63w802076399583 AbstractID = AA1xch63w802076399583
 ConcreteID CUSTOM = ConcreteID CUSTOM not available AbstractID CUSTOM = AA1tomapb812200504172
 @State ConcreteID = SC4a5vcz161d3143127901 AbstractID = SR30mc7114eb2784382187
 ConcreteID CUSTOM = SC1tndg81622526367621 AbstractID CUSTOM = SA1k0c7h816211275991223

	ROLE = LeftClickAt
	TARGET =
		WIDGET = WCjsqv2m3b2292910094, WRa3fnoge3263686876, WTyq2ci4132577190482, WP1a1d2kg371822660951
		ROLE = UIARadioButton
		TITLE = Never
		SHAPE = Rect [x:477.0 y:195.0 w:52.0 h:16.0]
		CHILDREN = 0
		PATH = [0, 0, 0, 0, 3, 2, 0, 0, 0, 2, 0, 1]
	DESCRIPTION = Left Click at 'Never'
	TEXT = Compound Action =
		Move mouse to (503.0, 203.0).
		Press Mouse Button BUTTON1
		Release Mouse Button BUTTON1

ExecutedAction [91]: 
 @Action ConcreteID = ACsp13d98095590750 AbstractID = AAsp13d98095590750
 ConcreteID CUSTOM = ConcreteID CUSTOM not available AbstractID CUSTOM = AAp167yo814250454509
 @State ConcreteID = SC4a5vcz161d3143127901 AbstractID = SR30mc7114eb2784382187
 ConcreteID CUSTOM = SC1tndg81622526367621 AbstractID CUSTOM = SA1k0c7h816211275991223

	ROLE = LeftClickAt
	TARGET =
		WIDGET = WC1h4wf81413995525424, WR5quxi6b4097176690, WT67d4h9161433932333, WP1nxrz6n3d1724852675
		ROLE = UIATreeItem
		TITLE = Gradle Test
		SHAPE = Rect [x:448.0 y:395.0 w:61.0 h:18.0]
		CHILDREN = 0
		PATH = [0, 0, 0, 0, 3, 2, 0, 0, 0, 6, 0, 1, 2]
	DESCRIPTION = Left Click at 'Gradle Test'
	TEXT = Compound Action =
		Move mouse to (478.5, 404.0).
		Press Mouse Button BUTTON1
		Release Mouse Button BUTTON1

ExecutedAction [92]: 
 @Action ConcreteID = AC12fc2oo80406866557 AbstractID = AA12fc2oo80406866557
 ConcreteID CUSTOM = ConcreteID CUSTOM not available AbstractID CUSTOM = AAyrh7a3813769244366
 @State ConcreteID = SC4a5vcz161d3143127901 AbstractID = SR30mc7114eb2784382187
 ConcreteID CUSTOM = SC1tndg81622526367621 AbstractID CUSTOM = SA1k0c7h816211275991223

	ROLE = LeftClickAt
	TARGET =
		WIDGET = WCn9c817483752926987, WR5quxi6b4097176690, WT1sgw8o01c3247834811, WP11oql25442400542926
		ROLE = UIATreeItem
		TITLE = Task Context Test
		SHAPE = Rect [x:448.0 y:539.0 w:94.0 h:18.0]
		CHILDREN = 0
		PATH = [0, 0, 0, 0, 3, 2, 0, 0, 0, 6, 0, 1, 10]
	DESCRIPTION = Left Click at 'Task Context Test'
	TEXT = Compound Action =
		Move mouse to (495.0, 548.0).
		Press Mouse Button BUTTON1
		Release Mouse Button BUTTON1

ExecutedAction [93]: 
 @Action ConcreteID = AC1pqfdra801529361026 AbstractID = AA1pqfdra801529361026
 ConcreteID CUSTOM = ConcreteID CUSTOM not available AbstractID CUSTOM = AA1m2kicp812747425329
 @State ConcreteID = SC4a5vcz161d3143127901 AbstractID = SR30mc7114eb2784382187
 ConcreteID CUSTOM = SC1tndg81622526367621 AbstractID CUSTOM = SA1k0c7h816211275991223

	ROLE = LeftClickAt
	TARGET =
		WIDGET = WCso3pec371349166960, WR17qbaneb3904637586, WT162souxf3547793938, WP1rf916u332501890802
		ROLE = UIAComboBox
		TITLE = Run:
		SHAPE = Rect [x:707.0 y:387.0 w:224.0 h:23.0]
		CHILDREN = 1
		PATH = [0, 0, 0, 0, 3, 2, 0, 0, 0, 6, 1, 5]
	DESCRIPTION = Left Click at 'Run:'
	TEXT = Compound Action =
		Move mouse to (819.0, 398.5).
		Press Mouse Button BUTTON1
		Release Mouse Button BUTTON1

ExecutedAction [94]: 
 @Action ConcreteID = AC1diq5xa7f2750016725 AbstractID = AA1diq5xa7f2750016725
 ConcreteID CUSTOM = ConcreteID CUSTOM not available AbstractID CUSTOM = AAzt7wxm813585862297
 @State ConcreteID = SCqfk13a17d7551611616 AbstractID = SRv9xa89168d68469805
 ConcreteID CUSTOM = SC6r2mg617e02886628357 AbstractID CUSTOM = SA1r1hqdw17e62313511629

	ROLE = LeftClickAt
	TARGET =
		WIDGET = WC4h37an3e2634029925, WR52qhb2b3065858412, WTqgwb85101755545893, WP1x2f3tt3a3342293995
		ROLE = UIAListItem
		TITLE = Debug
		SHAPE = Rect [x:708.0 y:426.0 w:222.0 h:15.0]
		CHILDREN = 0
		PATH = [0, 0, 0, 0, 3, 2, 0, 0, 0, 6, 1, 5, 0, 1]
	DESCRIPTION = Left Click at 'Debug'
	TEXT = Compound Action =
		Move mouse to (819.0, 433.5).
		Press Mouse Button BUTTON1
		Release Mouse Button BUTTON1

ExecutedAction [95]: 
 @Action ConcreteID = AC1plqzda801856421898 AbstractID = AA1plqzda801856421898
 ConcreteID CUSTOM = ConcreteID CUSTOM not available AbstractID CUSTOM = AA1lxw3yp812521600185
 @State ConcreteID = SC4a5vcz161d3143127901 AbstractID = SR30mc7114eb2784382187
 ConcreteID CUSTOM = SC1tndg81622526367621 AbstractID CUSTOM = SA1k0c7h816211275991223

	ROLE = LeftClickAt
	TARGET =
		WIDGET = WC1j42sup3c3006177072, WRa3fnoge3263686876, WT4xlz9r141056286155, WP15f2u0z381983176264
		ROLE = UIARadioButton
		TITLE = Always
		SHAPE = Rect [x:411.0 y:244.0 w:58.0 h:16.0]
		CHILDREN = 0
		PATH = [0, 0, 0, 0, 3, 2, 0, 0, 0, 3, 0, 0]
	DESCRIPTION = Left Click at 'Always'
	TEXT = Compound Action =
		Move mouse to (440.0, 252.0).
		Press Mouse Button BUTTON1
		Release Mouse Button BUTTON1

ExecutedAction [96]: 
 @Action ConcreteID = ACcs07zg80837283705 AbstractID = AAcs07zg80837283705
 ConcreteID CUSTOM = ConcreteID CUSTOM not available AbstractID CUSTOM = AA945ckv813373121482
 @State ConcreteID = SC4a5vcz161d3143127901 AbstractID = SR30mc7114eb2784382187
 ConcreteID CUSTOM = SC1tndg81622526367621 AbstractID CUSTOM = SA1k0c7h816211275991223

	ROLE = LeftClickAt
	TARGET =
		WIDGET = WC1tv7big333200801597, WR5quxi6b4097176690, WTg71w6p143372539222, WPmu5pli2f264479936
		ROLE = UIATreeItem
		TITLE = Run/Debug
		SHAPE = Rect [x:232.0 y:125.0 w:65.0 h:18.0]
		CHILDREN = 1
		PATH = [0, 0, 0, 0, 0, 0, 1, 0, 0]
	DESCRIPTION = Left Click at 'Run/Debug'
	TEXT = Compound Action =
		Move mouse to (264.5, 134.0).
		Press Mouse Button BUTTON1
		Release Mouse Button BUTTON1

ExecutedAction [97]: 
 @Action ConcreteID = AC1155qc3812059037118 AbstractID = AA1155qc3812059037118
 ConcreteID CUSTOM = ConcreteID CUSTOM not available AbstractID CUSTOM = AAnk8sk98084232037
 @State ConcreteID = SC11g9wac14a94139778921 AbstractID = SR1mlba7013984108166181
 ConcreteID CUSTOM = SCye54se14c32342066960 AbstractID CUSTOM = SAbd0vdf14bb2223779316

	ROLE = LeftClickAt
	TARGET =
		WIDGET = WC1of0el6393138371136, WR5quxi6b4097176690, WTsobi0l173643541221, WP7ibivg35268907066
		ROLE = UIATreeItem
		TITLE = Perspectives
		SHAPE = Rect [x:248.0 y:143.0 w:69.0 h:18.0]
		CHILDREN = 0
		PATH = [0, 0, 0, 0, 0, 0, 1, 0, 0, 0]
	DESCRIPTION = Left Click at 'Perspectives'
	TEXT = Compound Action =
		Move mouse to (282.5, 152.0).
		Press Mouse Button BUTTON1
		Release Mouse Button BUTTON1

ExecutedAction [98]: 
 @Action ConcreteID = AC18r63k0801676791814 AbstractID = AA18r63k0801676791814
 ConcreteID CUSTOM = ConcreteID CUSTOM not available AbstractID CUSTOM = AA1er53w5812539319656
 @State ConcreteID = SCew18ba161e4050243901 AbstractID = SR30mc7114eb2784382187
 ConcreteID CUSTOM = SCjx99cd1624867379871 AbstractID CUSTOM = SA1pcchbc16212916840828

	ROLE = LeftClickAt
	TARGET =
		WIDGET = WC1h4wf81413995525424, WR5quxi6b4097176690, WT67d4h9161433932333, WP1nxrz6n3d1724852675
		ROLE = UIATreeItem
		TITLE = Gradle Test
		SHAPE = Rect [x:448.0 y:395.0 w:61.0 h:18.0]
		CHILDREN = 0
		PATH = [0, 0, 0, 0, 3, 2, 0, 0, 0, 6, 0, 1, 2]
	DESCRIPTION = Left Click at 'Gradle Test'
	TEXT = Compound Action =
		Move mouse to (478.5, 404.0).
		Press Mouse Button BUTTON1
		Release Mouse Button BUTTON1

ExecutedAction [99]: 
 @Action ConcreteID = AC6rgbyx801030454234 AbstractID = AA6rgbyx801030454234
 ConcreteID CUSTOM = ConcreteID CUSTOM not available AbstractID CUSTOM = AAcrfcb2813384826548
 @State ConcreteID = SCew18ba161e4050243901 AbstractID = SR30mc7114eb2784382187
 ConcreteID CUSTOM = SCjx99cd1624867379871 AbstractID CUSTOM = SA1pcchbc16212916840828

	ROLE = LeftClickAt
	TARGET =
		WIDGET = WCso3pec371349166960, WR17qbaneb3904637586, WT162souxf3547793938, WP1rf916u332501890802
		ROLE = UIAComboBox
		TITLE = Run:
		SHAPE = Rect [x:707.0 y:387.0 w:224.0 h:23.0]
		CHILDREN = 1
		PATH = [0, 0, 0, 0, 3, 2, 0, 0, 0, 6, 1, 5]
	DESCRIPTION = Left Click at 'Run:'
	TEXT = Compound Action =
		Move mouse to (819.0, 398.5).
		Press Mouse Button BUTTON1
		Release Mouse Button BUTTON1

ExecutedAction [100]: 
 @Action ConcreteID = AC1s6o1t7801510547656 AbstractID = AA1s6o1t7801510547656
 ConcreteID CUSTOM = ConcreteID CUSTOM not available AbstractID CUSTOM = AA19rcpi5814263246048
 @State ConcreteID = SCgjyj4p17d81571344294 AbstractID = SRv9xa89168d68469805
 ConcreteID CUSTOM = SCz2xitt17e21361195772 AbstractID CUSTOM = SA15ljbm017e62461712795

	ROLE = LeftClickAt
	TARGET =
		WIDGET = WClbo6ee3c13477855, WR52qhb2b3065858412, WT1szwvkke3160747539, WPpgryhk381034978024
		ROLE = UIAListItem
		TITLE = Git
		SHAPE = Rect [x:708.0 y:546.0 w:222.0 h:15.0]
		CHILDREN = 0
		PATH = [0, 0, 0, 0, 3, 2, 0, 0, 0, 6, 1, 5, 0, 9]
	DESCRIPTION = Left Click at 'Git'
	TEXT = Compound Action =
		Move mouse to (819.0, 553.5).
		Press Mouse Button BUTTON1
		Release Mouse Button BUTTON1

Sequence 1 finished.
Copying generated sequence ("sequence1872") to output directory...
Copying classified sequence ("sequence1872") to sequences_ok folder...
