Starting sequence 1 (output as: sequence716)

ExecutedAction [1]: 
 @Action ConcreteID = ACjfis4l803308831853 AbstractID = AAjfis4l803308831853
 ConcreteID CUSTOM = ConcreteID CUSTOM not available AbstractID CUSTOM = AAvm1jw17f3405957104
 @State ConcreteID = SC1cnmedb4ac3248047646 AbstractID = SR1c93ckp4722174874075
 ConcreteID CUSTOM = SC1v8dmsg4b74056840024 AbstractID CUSTOM = SAh4wk614b32326080043

	ROLE = LeftClickAt
	TARGET =
		WIDGET = WCit2f07243614029648, WR1h6ibpb92248851252, WTmroimq144285515309, WPbgwpnt201643095126
		ROLE = UIAButton
		TITLE = Column left
		SHAPE = Rect [x:255.0 y:923.0 w:17.0 h:17.0]
		CHILDREN = 0
		PATH = [0, 0, 1, 0]
	DESCRIPTION = Left Click at 'Column left'
	TEXT = Compound Action =
		Move mouse to (263.5, 931.5).
		Press Mouse Button BUTTON1
		Release Mouse Button BUTTON1

ExecutedAction [2]: 
 @Action ConcreteID = AC1tqjaxs80543382891 AbstractID = AA1tqjaxs80543382891
 ConcreteID CUSTOM = ConcreteID CUSTOM not available AbstractID CUSTOM = AA6vy0q47f777608950
 @State ConcreteID = SC1cnmedb4ac3248047646 AbstractID = SR1c93ckp4722174874075
 ConcreteID CUSTOM = SC1v8dmsg4b74056840024 AbstractID CUSTOM = SAh4wk614b32326080043

	ROLE = LeftClickAt
	TARGET =
		WIDGET = WCdsg5py1c3010804170, WR17v7k2nb1067391859, WT1qeha5gf2005531835, WPk6niro18548921330
		ROLE = UIAMenuItem
		TITLE = View
		SHAPE = Rect [x:373.0 y:265.0 w:39.0 h:19.0]
		CHILDREN = 0
		PATH = [0, 3, 3]
	DESCRIPTION = Left Click at 'View'
	TEXT = Compound Action =
		Move mouse to (392.5, 274.5).
		Press Mouse Button BUTTON1
		Release Mouse Button BUTTON1

ExecutedAction [3]: 
 @Action ConcreteID = ACtrs5977f3743878100 AbstractID = AAtrs5977f3743878100
 ConcreteID CUSTOM = ConcreteID CUSTOM not available AbstractID CUSTOM = AA14ve15r7f4244261800
 @State ConcreteID = SChhmj114e83461130345 AbstractID = SR1puz85a4ad2697664837
 ConcreteID CUSTOM = SC1jml43d4ec267347311 AbstractID CUSTOM = SAyxsfn34ef1080679078

	ROLE = LeftClickAt
	TARGET =
		WIDGET = WCwlwi5h1e1297672529, WR17v7k2nb1067391859, WTaz2n92112307194186, WP135rkxf1a1146027219
		ROLE = UIAMenuItem
		TITLE = Format
		SHAPE = Rect [x:321.0 y:265.0 w:52.0 h:19.0]
		CHILDREN = 0
		PATH = [1, 4, 2]
	DESCRIPTION = Left Click at 'Format'
	TEXT = Compound Action =
		Move mouse to (347.0, 274.5).
		Press Mouse Button BUTTON1
		Release Mouse Button BUTTON1

ExecutedAction [4]: 
 @Action ConcreteID = AC1ljs5ho81663800889 AbstractID = AA1ljs5ho81663800889
 ConcreteID CUSTOM = ConcreteID CUSTOM not available AbstractID CUSTOM = AA8z9q9s802837453251
 @State ConcreteID = SC1cnmedb4ac3248047646 AbstractID = SR1c93ckp4722174874075
 ConcreteID CUSTOM = SC1v8dmsg4b74056840024 AbstractID CUSTOM = SAh4wk614b32326080043

	ROLE = LeftClickAt
	TARGET =
		WIDGET = WCvzoo6u221758964379, WR1h6ibpb92248851252, WT1cknvro121926923266, WPv5fug81e1979559078
		ROLE = UIAButton
		TITLE = Page down
		SHAPE = Rect [x:1482.0 y:417.0 w:17.0 h:489.0]
		CHILDREN = 0
		PATH = [0, 0, 0, 2]
	DESCRIPTION = Left Click at 'Page down'
	TEXT = Compound Action =
		Move mouse to (1490.5, 661.5).
		Press Mouse Button BUTTON1
		Release Mouse Button BUTTON1

ExecutedAction [5]: 
 @Action ConcreteID = ACpvksw5802567216159 AbstractID = AApvksw5802567216159
 ConcreteID CUSTOM = ConcreteID CUSTOM not available AbstractID CUSTOM = AA1223knl7f2537463682
 @State ConcreteID = SC1cnmedb4ac3248047646 AbstractID = SR1c93ckp4722174874075
 ConcreteID CUSTOM = SC1v8dmsg4b74056840024 AbstractID CUSTOM = SAh4wk614b32326080043

	ROLE = LeftClickAt
	TARGET =
		WIDGET = WC9jaw3l1c2987203652, WR17v7k2nb1067391859, WT1qe72ijf99311909, WP1c5bfin18723600677
		ROLE = UIAMenuItem
		TITLE = File
		SHAPE = Rect [x:255.0 y:265.0 w:32.0 h:19.0]
		CHILDREN = 0
		PATH = [1, 3, 0]
	DESCRIPTION = Left Click at 'File'
	TEXT = Compound Action =
		Move mouse to (271.0, 274.5).
		Press Mouse Button BUTTON1
		Release Mouse Button BUTTON1

ExecutedAction [6]: 
 @Action ConcreteID = AC1fij1si7f2937674845 AbstractID = AA1fij1si7f2937674845
 ConcreteID CUSTOM = ConcreteID CUSTOM not available AbstractID CUSTOM = AA1vcdsxo7f1176410494
 @State ConcreteID = SCwda6da5601449255806 AbstractID = SRuknd765251867408478
 ConcreteID CUSTOM = SCu6dzuv566869459208 AbstractID CUSTOM = SAf4uc2a5644204488468

	ROLE = LeftClickAt
	TARGET =
		WIDGET = WCi6s47l251344177256, WR17v7k2nb1067391859, WT1mkt3k3184259406525, WP19841wf213011897423
		ROLE = UIAMenuItem
		TITLE = Page Setup...
		SHAPE = Rect [x:258.0 y:404.0 w:223.0 h:22.0]
		CHILDREN = 0
		PATH = [1, 0, 5]
	DESCRIPTION = Left Click at 'Page Setup...'
	TEXT = Compound Action =
		Move mouse to (369.5, 415.0).
		Press Mouse Button BUTTON1
		Release Mouse Button BUTTON1

ExecutedAction [7]: 
 @Action ConcreteID = ACua6p6d811999131522 AbstractID = AAua6p6d811999131522
 ConcreteID CUSTOM = ConcreteID CUSTOM not available AbstractID CUSTOM = AA11uz5rz811675669746
 @State ConcreteID = SC1gq6tji75e3720899500 AbstractID = SR1mjd1pz6f42053461276
 ConcreteID CUSTOM = SC9mx2tb7633322607678 AbstractID CUSTOM = SA1irvddz7603053809229

	ROLE = LeftClickAt
	TARGET =
		WIDGET = WCkinj9s223081433268, WR1h6ibpb92248851252, WT493d5b122119396097, WP7do3sy1e1402063273
		ROLE = UIAButton
		TITLE = Line down
		SHAPE = Rect [x:1482.0 y:906.0 w:17.0 h:17.0]
		CHILDREN = 0
		PATH = [0, 0, 0, 3]
	DESCRIPTION = Left Click at 'Line down'
	TEXT = Compound Action =
		Move mouse to (1490.5, 914.5).
		Press Mouse Button BUTTON1
		Release Mouse Button BUTTON1

ExecutedAction [8]: 
 @Action ConcreteID = AC6l0eka802101985590 AbstractID = AA6l0eka802101985590
 ConcreteID CUSTOM = ConcreteID CUSTOM not available AbstractID CUSTOM = AA1s3zy40803036085802
 @State ConcreteID = SC1gq6tji75e3720899500 AbstractID = SR1mjd1pz6f42053461276
 ConcreteID CUSTOM = SC9mx2tb7633322607678 AbstractID CUSTOM = SA1irvddz7603053809229

	ROLE = LeftClickAt
	TARGET =
		WIDGET = WCmvlfzd1d805200349, WR1h6ibpb92248851252, WT1vjbvvdf3603144044, WPlosu57191347202032
		ROLE = UIAButton
		TITLE = Cancel
		SHAPE = Rect [x:710.0 y:599.0 w:75.0 h:23.0]
		CHILDREN = 0
		PATH = [1, 0, 23]
	DESCRIPTION = Left Click at 'Cancel'
	TEXT = Compound Action =
		Move mouse to (747.5, 610.5).
		Press Mouse Button BUTTON1
		Release Mouse Button BUTTON1

ExecutedAction [9]: 
 @Action ConcreteID = ACnay1iy803149791830 AbstractID = AAnay1iy803149791830
 ConcreteID CUSTOM = ConcreteID CUSTOM not available AbstractID CUSTOM = AAzhgtae7f3045327307
 @State ConcreteID = SC1cnmedb4ac3248047646 AbstractID = SR1c93ckp4722174874075
 ConcreteID CUSTOM = SC1v8dmsg4b74056840024 AbstractID CUSTOM = SAh4wk614b32326080043

	ROLE = LeftClickAt
	TARGET =
		WIDGET = WCdfgprn1c4116076503, WR17v7k2nb1067391859, WT1qe6brdf138512687, WP1hwpd4x181691246414
		ROLE = UIAMenuItem
		TITLE = Edit
		SHAPE = Rect [x:287.0 y:265.0 w:34.0 h:19.0]
		CHILDREN = 0
		PATH = [0, 3, 1]
	DESCRIPTION = Left Click at 'Edit'
	TEXT = Compound Action =
		Move mouse to (304.0, 274.5).
		Press Mouse Button BUTTON1
		Release Mouse Button BUTTON1

ExecutedAction [10]: 
 @Action ConcreteID = AC1jzhq6s801232324232 AbstractID = AA1jzhq6s801232324232
 ConcreteID CUSTOM = ConcreteID CUSTOM not available AbstractID CUSTOM = AA16nwg9u7f3832686853
 @State ConcreteID = SC1fvb5e85cb4023554323 AbstractID = SR1m6y9mg5893121578986
 ConcreteID CUSTOM = SC15tcg1q5cd3575959592 AbstractID CUSTOM = SA1kpxsil5cc865107624

	ROLE = LeftClickAt
	TARGET =
		WIDGET = WCe229fs281992633190, WR17v7k2nb1067391859, WT1n6x0k61a2167037663, WP1esq2wq243879837870
		ROLE = UIAMenuItem
		TITLE = Go To...	Ctrl+G
		SHAPE = Rect [x:290.0 y:521.0 w:225.0 h:22.0]
		CHILDREN = 0
		PATH = [1, 0, 10]
	DESCRIPTION = Left Click at 'Go To...	Ctrl+G'
	TEXT = Compound Action =
		Move mouse to (402.5, 532.0).
		Press Mouse Button BUTTON1
		Release Mouse Button BUTTON1

ExecutedAction [11]: 
 @Action ConcreteID = AC73zi0l7f3115750998 AbstractID = AA73zi0l7f3115750998
 ConcreteID CUSTOM = ConcreteID CUSTOM not available AbstractID CUSTOM = AA6my4ro7f4032679576
 @State ConcreteID = SCheapfx5383638545031 AbstractID = SRrb0h0a4f92498881725
 ConcreteID CUSTOM = SC1sco8zk53c638466786 AbstractID CUSTOM = SAk97sxr5442674833241

	ROLE = LeftClickAt
	TARGET =
		WIDGET = WCyz2j3x222061021683, WR1h6ibpb92248851252, WT1cksruh12339931985, WP14ewzzj1e38349162
		ROLE = UIAButton
		TITLE = Page left
		SHAPE = Rect [x:272.0 y:923.0 w:49.0 h:17.0]
		CHILDREN = 0
		PATH = [0, 0, 1, 1]
	DESCRIPTION = Left Click at 'Page left'
	TEXT = Compound Action =
		Move mouse to (296.5, 931.5).
		Press Mouse Button BUTTON1
		Release Mouse Button BUTTON1

ExecutedAction [12]: 
 @Action ConcreteID = ACtcl6k7801757289000 AbstractID = AAtcl6k7801757289000
 ConcreteID CUSTOM = ConcreteID CUSTOM not available AbstractID CUSTOM = AAeoervs80338370247
 @State ConcreteID = SCheapfx5383638545031 AbstractID = SRrb0h0a4f92498881725
 ConcreteID CUSTOM = SC1sco8zk53c638466786 AbstractID CUSTOM = SAk97sxr5442674833241

	ROLE = LeftClickAt
	TARGET =
		WIDGET = WC1n1r5m4202250858034, WR1h6ibpb92248851252, WTrko51k10351550260, WP1dzw1b21c239148232
		ROLE = UIAButton
		TITLE = Line up
		SHAPE = Rect [x:1482.0 y:285.0 w:17.0 h:17.0]
		CHILDREN = 0
		PATH = [0, 0, 0, 0]
	DESCRIPTION = Left Click at 'Line up'
	TEXT = Compound Action =
		Move mouse to (1490.5, 293.5).
		Press Mouse Button BUTTON1
		Release Mouse Button BUTTON1

ExecutedAction [13]: 
 @Action ConcreteID = ACcjtga47f3320009500 AbstractID = AAcjtga47f3320009500
 ConcreteID CUSTOM = ConcreteID CUSTOM not available AbstractID CUSTOM = AAc2s3177f2349337554
 @State ConcreteID = SCheapfx5383638545031 AbstractID = SRrb0h0a4f92498881725
 ConcreteID CUSTOM = SC1sco8zk53c638466786 AbstractID CUSTOM = SAk97sxr5442674833241

	ROLE = LeftClickAt
	TARGET =
		WIDGET = WC1dzutbg231172063261, WR1h6ibpb92248851252, WTecs5t6133953252360, WP1s3nece1f2710215135
		ROLE = UIAButton
		TITLE = Page right
		SHAPE = Rect [x:343.0 y:923.0 w:1122.0 h:17.0]
		CHILDREN = 0
		PATH = [0, 0, 1, 3]
	DESCRIPTION = Left Click at 'Page right'
	TEXT = Compound Action =
		Move mouse to (904.0, 931.5).
		Press Mouse Button BUTTON1
		Release Mouse Button BUTTON1

ExecutedAction [14]: 
 @Action ConcreteID = AChaqtux7f469609230 AbstractID = AAhaqtux7f469609230
 ConcreteID CUSTOM = ConcreteID CUSTOM not available AbstractID CUSTOM = AAgtpgm07f1377235904
 @State ConcreteID = SCheapfx5383638545031 AbstractID = SRrb0h0a4f92498881725
 ConcreteID CUSTOM = SC1sco8zk53c638466786 AbstractID CUSTOM = SAk97sxr5442674833241

	ROLE = LeftClickAt
	TARGET =
		WIDGET = WCt7zy4j1b3527908130, WR1h6ibpb92248851252, WT1uehduce98422009, WP19vvbdd171451199855
		ROLE = UIAButton
		TITLE = Go To
		SHAPE = Rect [x:346.0 y:379.0 w:75.0 h:23.0]
		CHILDREN = 0
		PATH = [1, 0, 2]
	DESCRIPTION = Left Click at 'Go To'
	TEXT = Compound Action =
		Move mouse to (383.5, 390.5).
		Press Mouse Button BUTTON1
		Release Mouse Button BUTTON1

ExecutedAction [15]: 
 @Action ConcreteID = AC1r2k0d6801063448620 AbstractID = AA1r2k0d6801063448620
 ConcreteID CUSTOM = ConcreteID CUSTOM not available AbstractID CUSTOM = AA47yq5i7f827913137
 @State ConcreteID = SC1cnmedb4ac3248047646 AbstractID = SR1c93ckp4722174874075
 ConcreteID CUSTOM = SC1v8dmsg4b74056840024 AbstractID CUSTOM = SAh4wk614b32326080043

	ROLE = LeftClickAt
	TARGET =
		WIDGET = WC12b45x51c517775489, WR17v7k2nb1067391859, WT1qe89j4f2180189081, WP10d1byf183180104482
		ROLE = UIAMenuItem
		TITLE = Help
		SHAPE = Rect [x:412.0 y:265.0 w:39.0 h:19.0]
		CHILDREN = 0
		PATH = [0, 3, 4]
	DESCRIPTION = Left Click at 'Help'
	TEXT = Compound Action =
		Move mouse to (431.5, 274.5).
		Press Mouse Button BUTTON1
		Release Mouse Button BUTTON1

ExecutedAction [16]: 
 @Action ConcreteID = AC1mpfa847f1166472732 AbstractID = AA1mpfa847f1166472732
 ConcreteID CUSTOM = ConcreteID CUSTOM not available AbstractID CUSTOM = AA1bhgd37f3327296035
 @State ConcreteID = SCca6juq4ff3015351501 AbstractID = SRehhbsc4c13048075511
 ConcreteID CUSTOM = SC11i79nd4ff2937649166 AbstractID CUSTOM = SAriou4i5022684859534

	ROLE = LeftClickAt
	TARGET =
		WIDGET = WCvlzmeg252700730945, WR17v7k2nb1067391859, WT1wv077z18170180715, WPotjm2e213842195271
		ROLE = UIAMenuItem
		TITLE = About Notepad
		SHAPE = Rect [x:415.0 y:338.0 w:166.0 h:22.0]
		CHILDREN = 0
		PATH = [1, 0, 2]
	DESCRIPTION = Left Click at 'About Notepad'
	TEXT = Compound Action =
		Move mouse to (498.0, 349.0).
		Press Mouse Button BUTTON1
		Release Mouse Button BUTTON1

ExecutedAction [17]: 
 @Action ConcreteID = AC45cksu7f2045516378 AbstractID = AA45cksu7f2045516378
 ConcreteID CUSTOM = ConcreteID CUSTOM not available AbstractID CUSTOM = AA15rng967c897591783
 @State ConcreteID = SCdsd0vx5b24053657298 AbstractID = SRdehnoi566928283976
 ConcreteID CUSTOM = SCdqdduh5b6628967378 AbstractID CUSTOM = SAupf5lz5b98958188

	ROLE = LeftClickAt
	TARGET =
		WIDGET = WC1ynjevq18133537047, WR1h6ibpb92248851252, WTzj707vb935461581, WP13re3qc141749412799
		ROLE = UIAButton
		TITLE = OK
		SHAPE = Rect [x:668.0 y:707.0 w:75.0 h:23.0]
		CHILDREN = 0
		PATH = [1, 0, 8]
	DESCRIPTION = Left Click at 'OK'
	TEXT = Compound Action =
		Move mouse to (705.5, 718.5).
		Press Mouse Button BUTTON1
		Release Mouse Button BUTTON1

ExecutedAction [18]: 
 @Action ConcreteID = AC9dosy581741671862 AbstractID = AA9dosy581741671862
 ConcreteID CUSTOM = ConcreteID CUSTOM not available AbstractID CUSTOM = AAvuafpd802726680140
 @State ConcreteID = SC1cnmedb4ac3248047646 AbstractID = SR1c93ckp4722174874075
 ConcreteID CUSTOM = SC1v8dmsg4b74056840024 AbstractID CUSTOM = SAh4wk614b32326080043

	ROLE = LeftClickAt
	TARGET =
		WIDGET = WC1a1jope251143864249, WR1h6ibpb92248851252, WT1ungvu9153002714154, WPj6r6pw213221602085
		ROLE = UIAButton
		TITLE = Column right
		SHAPE = Rect [x:1465.0 y:923.0 w:17.0 h:17.0]
		CHILDREN = 0
		PATH = [0, 0, 1, 4]
	DESCRIPTION = Left Click at 'Column right'
	TEXT = Compound Action =
		Move mouse to (1473.5, 931.5).
		Press Mouse Button BUTTON1
		Release Mouse Button BUTTON1

ExecutedAction [19]: 
 @Action ConcreteID = AC2we0j6b73461909227 AbstractID = AA2we0j6b73461909227
 ConcreteID CUSTOM = ConcreteID CUSTOM not available AbstractID CUSTOM = AA1jo9gvab61371886408
 @State ConcreteID = SC1cnmedb4ac3248047646 AbstractID = SR1c93ckp4722174874075
 ConcreteID CUSTOM = SC1v8dmsg4b74056840024 AbstractID CUSTOM = SAh4wk614b32326080043

	ROLE = LeftDrag
	DESCRIPTION = Drag (348.2729449445714, 932.0) To (578.4716981132076, 932.0)
	TEXT = Compound Action =
		Move mouse to (348.2729449445714, 932.0).
		Press Mouse Button BUTTON1
		Move mouse to (578.4716981132076, 932.0).
		Release Mouse Button BUTTON1

ExecutedAction [20]: 
 @Action ConcreteID = AC10dwhqlb713043266 AbstractID = AA10dwhqlb713043266
 ConcreteID CUSTOM = ConcreteID CUSTOM not available AbstractID CUSTOM = AAi4nw3lb62673532897
 @State ConcreteID = SC1cnmedb4ac3248047646 AbstractID = SR1c93ckp4722174874075
 ConcreteID CUSTOM = SC1v8dmsg4b74056840024 AbstractID CUSTOM = SAh4wk614b32326080043

	ROLE = LeftDrag
	DESCRIPTION = Drag (348.2729449445714, 932.0) To (755.3773584905659, 932.0)
	TEXT = Compound Action =
		Move mouse to (348.2729449445714, 932.0).
		Press Mouse Button BUTTON1
		Move mouse to (755.3773584905659, 932.0).
		Release Mouse Button BUTTON1

ExecutedAction [21]: 
 @Action ConcreteID = ACheu9i1b83334749032 AbstractID = AAheu9i1b83334749032
 ConcreteID CUSTOM = ConcreteID CUSTOM not available AbstractID CUSTOM = AAjpc2hxb72307151075
 @State ConcreteID = SC1cnmedb4ac3248047646 AbstractID = SR1c93ckp4722174874075
 ConcreteID CUSTOM = SC1v8dmsg4b74056840024 AbstractID CUSTOM = SAh4wk614b32326080043

	ROLE = LeftDrag
	DESCRIPTION = Drag (348.2729449445714, 932.0) To (1064.9622641509436, 932.0)
	TEXT = Compound Action =
		Move mouse to (348.2729449445714, 932.0).
		Press Mouse Button BUTTON1
		Move mouse to (1064.9622641509436, 932.0).
		Release Mouse Button BUTTON1

ExecutedAction [22]: 
 @Action ConcreteID = AC1nxa18p11c1933198389 AbstractID = AA1idv7sod5209830004
 ConcreteID CUSTOM = ConcreteID CUSTOM not available AbstractID CUSTOM = AAzvtui4d41405253347
 @State ConcreteID = SC1cnmedb4ac3248047646 AbstractID = SR1c93ckp4722174874075
 ConcreteID CUSTOM = SC1v8dmsg4b74056840024 AbstractID CUSTOM = SAh4wk614b32326080043

	ROLE = ClickTypeInto
	TARGET =
		WIDGET = WChabewe1c1368167903, WR4n0dlj72701565195, WTei4yvd121088706799, WP1p7t7s0182500457359
		ROLE = UIAEdit
		TITLE = Text Editor
		SHAPE = Rect [x:255.0 y:285.0 w:1244.0 h:655.0]
		CHILDREN = 3
		PATH = [1, 0]
	DESCRIPTION = Type '<script\x3Etype=...' into 'Text Editor
	TEXT = Compound Action =
		Compound Action =
		Move mouse to (877.0, 612.5).
		Press Mouse Button BUTTON1
		Release Mouse Button BUTTON1
		Press Key 17
		Press Key 65
		Release Key 65
		Release Key 17
		Type text '<script\x3Etype="text/javascript">javascript:alert(1);</script>'

ExecutedAction [23]: 
 @Action ConcreteID = AC184agehb81841409274 AbstractID = AA184agehb81841409274
 ConcreteID CUSTOM = ConcreteID CUSTOM not available AbstractID CUSTOM = AAss1vfnb7416538636
 @State ConcreteID = SC1lucay94ad2315788221 AbstractID = SR1c93ckp4722174874075
 ConcreteID CUSTOM = SC1xo79dk4b82690453031 AbstractID CUSTOM = SAh4wk614b32326080043

	ROLE = LeftDrag
	DESCRIPTION = Drag (348.2729449445714, 932.0) To (1131.3018867924534, 932.0)
	TEXT = Compound Action =
		Move mouse to (348.2729449445714, 932.0).
		Press Mouse Button BUTTON1
		Move mouse to (1131.3018867924534, 932.0).
		Release Mouse Button BUTTON1

ExecutedAction [24]: 
 @Action ConcreteID = ACm7ahmf803133911976 AbstractID = AAm7ahmf803133911976
 ConcreteID CUSTOM = ConcreteID CUSTOM not available AbstractID CUSTOM = AA1iyic9d7f550036008
 @State ConcreteID = SC1lucay94ad2315788221 AbstractID = SR1c93ckp4722174874075
 ConcreteID CUSTOM = SC1xo79dk4b82690453031 AbstractID CUSTOM = SAh4wk614b32326080043

	ROLE = LeftClickAt
	TARGET =
		WIDGET = WCyz2j3x222061021683, WR1h6ibpb92248851252, WT1cksruh12339931985, WP14ewzzj1e38349162
		ROLE = UIAButton
		TITLE = Page left
		SHAPE = Rect [x:272.0 y:923.0 w:49.0 h:17.0]
		CHILDREN = 0
		PATH = [0, 0, 1, 1]
	DESCRIPTION = Left Click at 'Page left'
	TEXT = Compound Action =
		Move mouse to (296.5, 931.5).
		Press Mouse Button BUTTON1
		Release Mouse Button BUTTON1

ExecutedAction [25]: 
 @Action ConcreteID = AC4lq9mkb83853019735 AbstractID = AA4lq9mkb83853019735
 ConcreteID CUSTOM = ConcreteID CUSTOM not available AbstractID CUSTOM = AA1oalqmub72428118689
 @State ConcreteID = SC1lucay94ad2315788221 AbstractID = SR1c93ckp4722174874075
 ConcreteID CUSTOM = SC1xo79dk4b82690453031 AbstractID CUSTOM = SAh4wk614b32326080043

	ROLE = LeftDrag
	DESCRIPTION = Drag (348.2729449445714, 932.0) To (1109.1886792452833, 932.0)
	TEXT = Compound Action =
		Move mouse to (348.2729449445714, 932.0).
		Press Mouse Button BUTTON1
		Move mouse to (1109.1886792452833, 932.0).
		Release Mouse Button BUTTON1

ExecutedAction [26]: 
 @Action ConcreteID = AC1oruqpdb7285832359 AbstractID = AA1oruqpdb7285832359
 ConcreteID CUSTOM = ConcreteID CUSTOM not available AbstractID CUSTOM = AA1lzjvrrb61776688741
 @State ConcreteID = SC1lucay94ad2315788221 AbstractID = SR1c93ckp4722174874075
 ConcreteID CUSTOM = SC1xo79dk4b82690453031 AbstractID CUSTOM = SAh4wk614b32326080043

	ROLE = LeftDrag
	DESCRIPTION = Drag (348.2729449445714, 932.0) To (1042.849056603774, 932.0)
	TEXT = Compound Action =
		Move mouse to (348.2729449445714, 932.0).
		Press Mouse Button BUTTON1
		Move mouse to (1042.849056603774, 932.0).
		Release Mouse Button BUTTON1

ExecutedAction [27]: 
 @Action ConcreteID = AC92jbr9812120589488 AbstractID = AA92jbr9812120589488
 ConcreteID CUSTOM = ConcreteID CUSTOM not available AbstractID CUSTOM = AAu2pxuz802470912193
 @State ConcreteID = SC1lucay94ad2315788221 AbstractID = SR1c93ckp4722174874075
 ConcreteID CUSTOM = SC1xo79dk4b82690453031 AbstractID CUSTOM = SAh4wk614b32326080043

	ROLE = LeftClickAt
	TARGET =
		WIDGET = WCkinj9s223081433268, WR1h6ibpb92248851252, WT493d5b122119396097, WP7do3sy1e1402063273
		ROLE = UIAButton
		TITLE = Line down
		SHAPE = Rect [x:1482.0 y:906.0 w:17.0 h:17.0]
		CHILDREN = 0
		PATH = [0, 0, 0, 3]
	DESCRIPTION = Left Click at 'Line down'
	TEXT = Compound Action =
		Move mouse to (1490.5, 914.5).
		Press Mouse Button BUTTON1
		Release Mouse Button BUTTON1

ExecutedAction [28]: 
 @Action ConcreteID = AC1vb8rfja11254996099 AbstractID = AA1vb8rfja11254996099
 ConcreteID CUSTOM = ConcreteID CUSTOM not available AbstractID CUSTOM = AA8pbnlxa03107347267
 @State ConcreteID = SC1lucay94ad2315788221 AbstractID = SR1c93ckp4722174874075
 ConcreteID CUSTOM = SC1xo79dk4b82690453031 AbstractID CUSTOM = SAh4wk614b32326080043

	ROLE = LeftDrag
	DESCRIPTION = Drag (1491.0, 329.0) To (1491.0, 670.8)
	TEXT = Compound Action =
		Move mouse to (1491.0, 329.0).
		Press Mouse Button BUTTON1
		Move mouse to (1491.0, 670.8).
		Release Mouse Button BUTTON1

ExecutedAction [29]: 
 @Action ConcreteID = ACz1kngrb84237694997 AbstractID = AAz1kngrb84237694997
 ConcreteID CUSTOM = ConcreteID CUSTOM not available AbstractID CUSTOM = AAjpc2hxb72307151075
 @State ConcreteID = SC1lucay94ad2315788221 AbstractID = SR1c93ckp4722174874075
 ConcreteID CUSTOM = SC1xo79dk4b82690453031 AbstractID CUSTOM = SAh4wk614b32326080043

	ROLE = LeftDrag
	DESCRIPTION = Drag (348.2729449445714, 932.0) To (1064.9622641509436, 932.0)
	TEXT = Compound Action =
		Move mouse to (348.2729449445714, 932.0).
		Press Mouse Button BUTTON1
		Move mouse to (1064.9622641509436, 932.0).
		Release Mouse Button BUTTON1

ExecutedAction [30]: 
 @Action ConcreteID = AC5ti1htb72546488240 AbstractID = AA5ti1htb72546488240
 ConcreteID CUSTOM = ConcreteID CUSTOM not available AbstractID CUSTOM = AA3176k7b64012325234
 @State ConcreteID = SC1lucay94ad2315788221 AbstractID = SR1c93ckp4722174874075
 ConcreteID CUSTOM = SC1xo79dk4b82690453031 AbstractID CUSTOM = SAh4wk614b32326080043

	ROLE = LeftDrag
	DESCRIPTION = Drag (348.2729449445714, 932.0) To (865.9433962264151, 932.0)
	TEXT = Compound Action =
		Move mouse to (348.2729449445714, 932.0).
		Press Mouse Button BUTTON1
		Move mouse to (865.9433962264151, 932.0).
		Release Mouse Button BUTTON1

ExecutedAction [31]: 
 @Action ConcreteID = ACsbitgqb7982841221 AbstractID = AAsbitgqb7982841221
 ConcreteID CUSTOM = ConcreteID CUSTOM not available AbstractID CUSTOM = AApj7yj4b61115397447
 @State ConcreteID = SC1lucay94ad2315788221 AbstractID = SR1c93ckp4722174874075
 ConcreteID CUSTOM = SC1xo79dk4b82690453031 AbstractID CUSTOM = SAh4wk614b32326080043

	ROLE = LeftDrag
	DESCRIPTION = Drag (348.2729449445714, 932.0) To (467.9056603773585, 932.0)
	TEXT = Compound Action =
		Move mouse to (348.2729449445714, 932.0).
		Press Mouse Button BUTTON1
		Move mouse to (467.9056603773585, 932.0).
		Release Mouse Button BUTTON1

ExecutedAction [32]: 
 @Action ConcreteID = AC1z0diid81850966550 AbstractID = AA1z0diid81850966550
 ConcreteID CUSTOM = ConcreteID CUSTOM not available AbstractID CUSTOM = AAkzg2mz803751426151
 @State ConcreteID = SC1lucay94ad2315788221 AbstractID = SR1c93ckp4722174874075
 ConcreteID CUSTOM = SC1xo79dk4b82690453031 AbstractID CUSTOM = SAh4wk614b32326080043

	ROLE = LeftClickAt
	TARGET =
		WIDGET = WC1n1r5m4202250858034, WR1h6ibpb92248851252, WTrko51k10351550260, WP1dzw1b21c239148232
		ROLE = UIAButton
		TITLE = Line up
		SHAPE = Rect [x:1482.0 y:285.0 w:17.0 h:17.0]
		CHILDREN = 0
		PATH = [0, 0, 0, 0]
	DESCRIPTION = Left Click at 'Line up'
	TEXT = Compound Action =
		Move mouse to (1490.5, 293.5).
		Press Mouse Button BUTTON1
		Release Mouse Button BUTTON1

ExecutedAction [33]: 
 @Action ConcreteID = AC4lq9mkb83853019735 AbstractID = AA4lq9mkb83853019735
 ConcreteID CUSTOM = ConcreteID CUSTOM not available AbstractID CUSTOM = AA1oalqmub72428118689
 @State ConcreteID = SC1lucay94ad2315788221 AbstractID = SR1c93ckp4722174874075
 ConcreteID CUSTOM = SC1xo79dk4b82690453031 AbstractID CUSTOM = SAh4wk614b32326080043

	ROLE = LeftDrag
	DESCRIPTION = Drag (348.2729449445714, 932.0) To (1109.1886792452833, 932.0)
	TEXT = Compound Action =
		Move mouse to (348.2729449445714, 932.0).
		Press Mouse Button BUTTON1
		Move mouse to (1109.1886792452833, 932.0).
		Release Mouse Button BUTTON1

ExecutedAction [34]: 
 @Action ConcreteID = ACmaxvdrb894432412 AbstractID = AAmaxvdrb894432412
 ConcreteID CUSTOM = ConcreteID CUSTOM not available AbstractID CUSTOM = AA6ypaexb71890754666
 @State ConcreteID = SC1lucay94ad2315788221 AbstractID = SR1c93ckp4722174874075
 ConcreteID CUSTOM = SC1xo79dk4b82690453031 AbstractID CUSTOM = SAh4wk614b32326080043

	ROLE = LeftDrag
	DESCRIPTION = Drag (348.2729449445714, 932.0) To (1308.2075471698122, 932.0)
	TEXT = Compound Action =
		Move mouse to (348.2729449445714, 932.0).
		Press Mouse Button BUTTON1
		Move mouse to (1308.2075471698122, 932.0).
		Release Mouse Button BUTTON1

ExecutedAction [35]: 
 @Action ConcreteID = AC16huxho802874909233 AbstractID = AA16huxho802874909233
 ConcreteID CUSTOM = ConcreteID CUSTOM not available AbstractID CUSTOM = AA47yq5i7f827913137
 @State ConcreteID = SC1lucay94ad2315788221 AbstractID = SR1c93ckp4722174874075
 ConcreteID CUSTOM = SC1xo79dk4b82690453031 AbstractID CUSTOM = SAh4wk614b32326080043

	ROLE = LeftClickAt
	TARGET =
		WIDGET = WC12b45x51c517775489, WR17v7k2nb1067391859, WT1qe89j4f2180189081, WP10d1byf183180104482
		ROLE = UIAMenuItem
		TITLE = Help
		SHAPE = Rect [x:412.0 y:265.0 w:39.0 h:19.0]
		CHILDREN = 0
		PATH = [0, 3, 4]
	DESCRIPTION = Left Click at 'Help'
	TEXT = Compound Action =
		Move mouse to (431.5, 274.5).
		Press Mouse Button BUTTON1
		Release Mouse Button BUTTON1

ExecutedAction [36]: 
 @Action ConcreteID = ACk55g4ye72838893298 AbstractID = AA1rbyfeod41004890689
 ConcreteID CUSTOM = ConcreteID CUSTOM not available AbstractID CUSTOM = AA1okkv9fd437123189
 @State ConcreteID = SCgx2p2m4ff1654228163 AbstractID = SRehhbsc4c13048075511
 ConcreteID CUSTOM = SC8zzenz4ff988998303 AbstractID CUSTOM = SAriou4i5022684859534

	ROLE = ClickTypeInto
	TARGET =
		WIDGET = WChabex91c1217897630, WR4n0dlj72701565195, WTei4yvd121088706799, WP1p7t7sv182350039758
		ROLE = UIAEdit
		TITLE = Text Editor
		SHAPE = Rect [x:255.0 y:285.0 w:1244.0 h:655.0]
		CHILDREN = 3
		PATH = [1, 1]
	DESCRIPTION = Type '' OR '1'='1' into 'Text Editor
	TEXT = Compound Action =
		Compound Action =
		Move mouse to (877.0, 612.5).
		Press Mouse Button BUTTON1
		Release Mouse Button BUTTON1
		Press Key 17
		Press Key 65
		Release Key 65
		Release Key 17
		Type text '' OR '1'='1'

ExecutedAction [37]: 
 @Action ConcreteID = AC6f1k5db6871599024 AbstractID = AA6f1k5db6871599024
 ConcreteID CUSTOM = ConcreteID CUSTOM not available AbstractID CUSTOM = AAm26eu1b6982423063
 @State ConcreteID = SC167hije4ad304590372 AbstractID = SR1c93ckp4722174874075
 ConcreteID CUSTOM = SC188ytu84b83711415275 AbstractID CUSTOM = SAh4wk614b32326080043

	ROLE = LeftDrag
	DESCRIPTION = Drag (348.2729449445714, 932.0) To (666.9245283018868, 932.0)
	TEXT = Compound Action =
		Move mouse to (348.2729449445714, 932.0).
		Press Mouse Button BUTTON1
		Move mouse to (666.9245283018868, 932.0).
		Release Mouse Button BUTTON1

ExecutedAction [38]: 
 @Action ConcreteID = ACc93wyqb63363139184 AbstractID = AAc93wyqb63363139184
 ConcreteID CUSTOM = ConcreteID CUSTOM not available AbstractID CUSTOM = AArw8rneb63238556631
 @State ConcreteID = SC167hije4ad304590372 AbstractID = SR1c93ckp4722174874075
 ConcreteID CUSTOM = SC188ytu84b83711415275 AbstractID CUSTOM = SAh4wk614b32326080043

	ROLE = LeftDrag
	DESCRIPTION = Drag (348.2729449445714, 932.0) To (313.1132075471698, 932.0)
	TEXT = Compound Action =
		Move mouse to (348.2729449445714, 932.0).
		Press Mouse Button BUTTON1
		Move mouse to (313.1132075471698, 932.0).
		Release Mouse Button BUTTON1

ExecutedAction [39]: 
 @Action ConcreteID = ACciw18zb63732748175 AbstractID = AAciw18zb63732748175
 ConcreteID CUSTOM = ConcreteID CUSTOM not available AbstractID CUSTOM = AAs60vxnb63607112232
 @State ConcreteID = SC167hije4ad304590372 AbstractID = SR1c93ckp4722174874075
 ConcreteID CUSTOM = SC188ytu84b83711415275 AbstractID CUSTOM = SAh4wk614b32326080043

	ROLE = LeftDrag
	DESCRIPTION = Drag (348.2729449445714, 932.0) To (976.5094339622643, 932.0)
	TEXT = Compound Action =
		Move mouse to (348.2729449445714, 932.0).
		Press Mouse Button BUTTON1
		Move mouse to (976.5094339622643, 932.0).
		Release Mouse Button BUTTON1

ExecutedAction [40]: 
 @Action ConcreteID = ACtfdk3ob63332301512 AbstractID = AAtfdk3ob63332301512
 ConcreteID CUSTOM = ConcreteID CUSTOM not available AbstractID CUSTOM = AA192iescb63487825775
 @State ConcreteID = SC167hije4ad304590372 AbstractID = SR1c93ckp4722174874075
 ConcreteID CUSTOM = SC188ytu84b83711415275 AbstractID CUSTOM = SAh4wk614b32326080043

	ROLE = LeftDrag
	DESCRIPTION = Drag (348.2729449445714, 932.0) To (423.6792452830189, 932.0)
	TEXT = Compound Action =
		Move mouse to (348.2729449445714, 932.0).
		Press Mouse Button BUTTON1
		Move mouse to (423.6792452830189, 932.0).
		Release Mouse Button BUTTON1

ExecutedAction [41]: 
 @Action ConcreteID = AC1i7dt3qb63254257507 AbstractID = AA1i7dt3qb63254257507
 ConcreteID CUSTOM = ConcreteID CUSTOM not available AbstractID CUSTOM = AA1xuinseb63364166340
 @State ConcreteID = SC167hije4ad304590372 AbstractID = SR1c93ckp4722174874075
 ConcreteID CUSTOM = SC188ytu84b83711415275 AbstractID CUSTOM = SAh4wk614b32326080043

	ROLE = LeftDrag
	DESCRIPTION = Drag (348.2729449445714, 932.0) To (1458.000000000001, 932.0)
	TEXT = Compound Action =
		Move mouse to (348.2729449445714, 932.0).
		Press Mouse Button BUTTON1
		Move mouse to (1458.000000000001, 932.0).
		Release Mouse Button BUTTON1

ExecutedAction [42]: 
 @Action ConcreteID = AC1bend9l7f927166176 AbstractID = AA1bend9l7f927166176
 ConcreteID CUSTOM = ConcreteID CUSTOM not available AbstractID CUSTOM = AA1iyic9d7f550036008
 @State ConcreteID = SC167hije4ad304590372 AbstractID = SR1c93ckp4722174874075
 ConcreteID CUSTOM = SC188ytu84b83711415275 AbstractID CUSTOM = SAh4wk614b32326080043

	ROLE = LeftClickAt
	TARGET =
		WIDGET = WCyz2j3x222061021683, WR1h6ibpb92248851252, WT1cksruh12339931985, WP14ewzzj1e38349162
		ROLE = UIAButton
		TITLE = Page left
		SHAPE = Rect [x:272.0 y:923.0 w:49.0 h:17.0]
		CHILDREN = 0
		PATH = [0, 0, 1, 1]
	DESCRIPTION = Left Click at 'Page left'
	TEXT = Compound Action =
		Move mouse to (296.5, 931.5).
		Press Mouse Button BUTTON1
		Release Mouse Button BUTTON1

ExecutedAction [43]: 
 @Action ConcreteID = AC7pjkgkb63098009535 AbstractID = AA7pjkgkb63098009535
 ConcreteID CUSTOM = ConcreteID CUSTOM not available AbstractID CUSTOM = AAncof58b62983903768
 @State ConcreteID = SC167hije4ad304590372 AbstractID = SR1c93ckp4722174874075
 ConcreteID CUSTOM = SC188ytu84b83711415275 AbstractID CUSTOM = SAh4wk614b32326080043

	ROLE = LeftDrag
	DESCRIPTION = Drag (348.2729449445714, 932.0) To (556.3584905660377, 932.0)
	TEXT = Compound Action =
		Move mouse to (348.2729449445714, 932.0).
		Press Mouse Button BUTTON1
		Move mouse to (556.3584905660377, 932.0).
		Release Mouse Button BUTTON1

ExecutedAction [44]: 
 @Action ConcreteID = AC1k3n8ub73623972343 AbstractID = AA1k3n8ub73623972343
 ConcreteID CUSTOM = ConcreteID CUSTOM not available AbstractID CUSTOM = AA1oalqmub72428118689
 @State ConcreteID = SC167hije4ad304590372 AbstractID = SR1c93ckp4722174874075
 ConcreteID CUSTOM = SC188ytu84b83711415275 AbstractID CUSTOM = SAh4wk614b32326080043

	ROLE = LeftDrag
	DESCRIPTION = Drag (348.2729449445714, 932.0) To (1109.1886792452833, 932.0)
	TEXT = Compound Action =
		Move mouse to (348.2729449445714, 932.0).
		Press Mouse Button BUTTON1
		Move mouse to (1109.1886792452833, 932.0).
		Release Mouse Button BUTTON1

ExecutedAction [45]: 
 @Action ConcreteID = AC19zcqoub61883324130 AbstractID = AA19zcqoub61883324130
 ConcreteID CUSTOM = ConcreteID CUSTOM not available AbstractID CUSTOM = AA1pmhldib62033984325
 @State ConcreteID = SC167hije4ad304590372 AbstractID = SR1c93ckp4722174874075
 ConcreteID CUSTOM = SC188ytu84b83711415275 AbstractID CUSTOM = SAh4wk614b32326080043

	ROLE = LeftDrag
	DESCRIPTION = Drag (348.2729449445714, 932.0) To (1153.415094339623, 932.0)
	TEXT = Compound Action =
		Move mouse to (348.2729449445714, 932.0).
		Press Mouse Button BUTTON1
		Move mouse to (1153.415094339623, 932.0).
		Release Mouse Button BUTTON1

ExecutedAction [46]: 
 @Action ConcreteID = AC9w33ugb61258717408 AbstractID = AA9w33ugb61258717408
 ConcreteID CUSTOM = ConcreteID CUSTOM not available AbstractID CUSTOM = AApj7yj4b61115397447
 @State ConcreteID = SC167hije4ad304590372 AbstractID = SR1c93ckp4722174874075
 ConcreteID CUSTOM = SC188ytu84b83711415275 AbstractID CUSTOM = SAh4wk614b32326080043

	ROLE = LeftDrag
	DESCRIPTION = Drag (348.2729449445714, 932.0) To (467.9056603773585, 932.0)
	TEXT = Compound Action =
		Move mouse to (348.2729449445714, 932.0).
		Press Mouse Button BUTTON1
		Move mouse to (467.9056603773585, 932.0).
		Release Mouse Button BUTTON1

ExecutedAction [47]: 
 @Action ConcreteID = ACtfdk3ob63332301512 AbstractID = AAtfdk3ob63332301512
 ConcreteID CUSTOM = ConcreteID CUSTOM not available AbstractID CUSTOM = AA192iescb63487825775
 @State ConcreteID = SC167hije4ad304590372 AbstractID = SR1c93ckp4722174874075
 ConcreteID CUSTOM = SC188ytu84b83711415275 AbstractID CUSTOM = SAh4wk614b32326080043

	ROLE = LeftDrag
	DESCRIPTION = Drag (348.2729449445714, 932.0) To (423.6792452830189, 932.0)
	TEXT = Compound Action =
		Move mouse to (348.2729449445714, 932.0).
		Press Mouse Button BUTTON1
		Move mouse to (423.6792452830189, 932.0).
		Release Mouse Button BUTTON1

ExecutedAction [48]: 
 @Action ConcreteID = ACb9rduqb62543489697 AbstractID = AAb9rduqb62543489697
 ConcreteID CUSTOM = ConcreteID CUSTOM not available AbstractID CUSTOM = AAqww8jeb62665975558
 @State ConcreteID = SC167hije4ad304590372 AbstractID = SR1c93ckp4722174874075
 ConcreteID CUSTOM = SC188ytu84b83711415275 AbstractID CUSTOM = SAh4wk614b32326080043

	ROLE = LeftDrag
	DESCRIPTION = Drag (348.2729449445714, 932.0) To (622.6981132075472, 932.0)
	TEXT = Compound Action =
		Move mouse to (348.2729449445714, 932.0).
		Press Mouse Button BUTTON1
		Move mouse to (622.6981132075472, 932.0).
		Release Mouse Button BUTTON1

ExecutedAction [49]: 
 @Action ConcreteID = ACui8lnt7f2159350602 AbstractID = AAui8lnt7f2159350602
 ConcreteID CUSTOM = ConcreteID CUSTOM not available AbstractID CUSTOM = AA1223knl7f2537463682
 @State ConcreteID = SC167hije4ad304590372 AbstractID = SR1c93ckp4722174874075
 ConcreteID CUSTOM = SC188ytu84b83711415275 AbstractID CUSTOM = SAh4wk614b32326080043

	ROLE = LeftClickAt
	TARGET =
		WIDGET = WC9jaw3l1c2987203652, WR17v7k2nb1067391859, WT1qe72ijf99311909, WP1c5bfin18723600677
		ROLE = UIAMenuItem
		TITLE = File
		SHAPE = Rect [x:255.0 y:265.0 w:32.0 h:19.0]
		CHILDREN = 0
		PATH = [1, 3, 0]
	DESCRIPTION = Left Click at 'File'
	TEXT = Compound Action =
		Move mouse to (271.0, 274.5).
		Press Mouse Button BUTTON1
		Release Mouse Button BUTTON1

ExecutedAction [50]: 
 @Action ConcreteID = ACwnd0pg7f4140653372 AbstractID = AAwnd0pg7f4140653372
 ConcreteID CUSTOM = ConcreteID CUSTOM not available AbstractID CUSTOM = AAa8vqet7f1896454472
 @State ConcreteID = SC1fgbphc55f510130068 AbstractID = SRuknd765251867408478
 ConcreteID CUSTOM = SCqfqan564801606359 AbstractID CUSTOM = SAf4uc2a5644204488468

	ROLE = LeftClickAt
	TARGET =
		WIDGET = WCbmjtb722459325222, WR17v7k2nb1067391859, WT1otgxiu151058087525, WP7oan751e1894693024
		ROLE = UIAMenuItem
		TITLE = New	Ctrl+N
		SHAPE = Rect [x:258.0 y:287.0 w:223.0 h:22.0]
		CHILDREN = 0
		PATH = [1, 0, 0]
	DESCRIPTION = Left Click at 'New	Ctrl+N'
	TEXT = Compound Action =
		Move mouse to (369.5, 298.0).
		Press Mouse Button BUTTON1
		Release Mouse Button BUTTON1

ExecutedAction [51]: 
 @Action ConcreteID = AC1ba3e4b811517953156 AbstractID = AA1ba3e4b811517953156
 ConcreteID CUSTOM = ConcreteID CUSTOM not available AbstractID CUSTOM = AAz8yxy8813032523178
 @State ConcreteID = SC19b4ozw5381268817000 AbstractID = SRg8zar04fa2897440819
 ConcreteID CUSTOM = SC2lvc8w539267778962 AbstractID CUSTOM = SA1mvpfb55441135059307

	ROLE = LeftClickAt
	TARGET =
		WIDGET = WCvzoo6u221758964379, WR1h6ibpb92248851252, WT1cknvro121926923266, WPv5fug81e1979559078
		ROLE = UIAButton
		TITLE = Page down
		SHAPE = Rect [x:1482.0 y:417.0 w:17.0 h:489.0]
		CHILDREN = 0
		PATH = [0, 0, 0, 2]
	DESCRIPTION = Left Click at 'Page down'
	TEXT = Compound Action =
		Move mouse to (1490.5, 661.5).
		Press Mouse Button BUTTON1
		Release Mouse Button BUTTON1

ExecutedAction [52]: 
 @Action ConcreteID = ACjg9j64b71076770431 AbstractID = AAjg9j64b71076770431
 ConcreteID CUSTOM = ConcreteID CUSTOM not available AbstractID CUSTOM = AA1ntyv8xb73809923276
 @State ConcreteID = SC19b4ozw5381268817000 AbstractID = SRg8zar04fa2897440819
 ConcreteID CUSTOM = SC2lvc8w539267778962 AbstractID CUSTOM = SA1mvpfb55441135059307

	ROLE = LeftDrag
	DESCRIPTION = Drag (348.2729449445714, 932.0) To (733.2641509433961, 932.0)
	TEXT = Compound Action =
		Move mouse to (348.2729449445714, 932.0).
		Press Mouse Button BUTTON1
		Move mouse to (733.2641509433961, 932.0).
		Release Mouse Button BUTTON1

ExecutedAction [53]: 
 @Action ConcreteID = AC1ibxt9sb71505650723 AbstractID = AA1ibxt9sb71505650723
 ConcreteID CUSTOM = ConcreteID CUSTOM not available AbstractID CUSTOM = AAnoj3dhb74203122320
 @State ConcreteID = SC19b4ozw5381268817000 AbstractID = SRg8zar04fa2897440819
 ConcreteID CUSTOM = SC2lvc8w539267778962 AbstractID CUSTOM = SA1mvpfb55441135059307

	ROLE = LeftDrag
	DESCRIPTION = Drag (348.2729449445714, 932.0) To (644.8113207547169, 932.0)
	TEXT = Compound Action =
		Move mouse to (348.2729449445714, 932.0).
		Press Mouse Button BUTTON1
		Move mouse to (644.8113207547169, 932.0).
		Release Mouse Button BUTTON1

ExecutedAction [54]: 
 @Action ConcreteID = AC1ndxsw0b72014048102 AbstractID = AA1ndxsw0b72014048102
 ConcreteID CUSTOM = ConcreteID CUSTOM not available AbstractID CUSTOM = AAsqj2zpb73677555157
 @State ConcreteID = SC19b4ozw5381268817000 AbstractID = SRg8zar04fa2897440819
 ConcreteID CUSTOM = SC2lvc8w539267778962 AbstractID CUSTOM = SA1mvpfb55441135059307

	ROLE = LeftDrag
	DESCRIPTION = Drag (348.2729449445714, 932.0) To (777.4905660377358, 932.0)
	TEXT = Compound Action =
		Move mouse to (348.2729449445714, 932.0).
		Press Mouse Button BUTTON1
		Move mouse to (777.4905660377358, 932.0).
		Release Mouse Button BUTTON1

ExecutedAction [55]: 
 @Action ConcreteID = AC1ockrx1b72219151393 AbstractID = AA1ockrx1b72219151393
 ConcreteID CUSTOM = ConcreteID CUSTOM not available AbstractID CUSTOM = AAtp620qb7662533778
 @State ConcreteID = SC19b4ozw5381268817000 AbstractID = SRg8zar04fa2897440819
 ConcreteID CUSTOM = SC2lvc8w539267778962 AbstractID CUSTOM = SA1mvpfb55441135059307

	ROLE = LeftDrag
	DESCRIPTION = Drag (348.2729449445714, 932.0) To (888.0566037735849, 932.0)
	TEXT = Compound Action =
		Move mouse to (348.2729449445714, 932.0).
		Press Mouse Button BUTTON1
		Move mouse to (888.0566037735849, 932.0).
		Release Mouse Button BUTTON1

ExecutedAction [56]: 
 @Action ConcreteID = AC1ibxt9sb71505650723 AbstractID = AA1ibxt9sb71505650723
 ConcreteID CUSTOM = ConcreteID CUSTOM not available AbstractID CUSTOM = AAnoj3dhb74203122320
 @State ConcreteID = SC19b4ozw5381268817000 AbstractID = SRg8zar04fa2897440819
 ConcreteID CUSTOM = SC2lvc8w539267778962 AbstractID CUSTOM = SA1mvpfb55441135059307

	ROLE = LeftDrag
	DESCRIPTION = Drag (348.2729449445714, 932.0) To (644.8113207547169, 932.0)
	TEXT = Compound Action =
		Move mouse to (348.2729449445714, 932.0).
		Press Mouse Button BUTTON1
		Move mouse to (644.8113207547169, 932.0).
		Release Mouse Button BUTTON1

ExecutedAction [57]: 
 @Action ConcreteID = AC81stufb7746421415 AbstractID = AA81stufb7746421415
 ConcreteID CUSTOM = ConcreteID CUSTOM not available AbstractID CUSTOM = AA1cfi5x8b72403703316
 @State ConcreteID = SC19b4ozw5381268817000 AbstractID = SRg8zar04fa2897440819
 ConcreteID CUSTOM = SC2lvc8w539267778962 AbstractID CUSTOM = SA1mvpfb55441135059307

	ROLE = LeftDrag
	DESCRIPTION = Drag (348.2729449445714, 932.0) To (423.6792452830189, 932.0)
	TEXT = Compound Action =
		Move mouse to (348.2729449445714, 932.0).
		Press Mouse Button BUTTON1
		Move mouse to (423.6792452830189, 932.0).
		Release Mouse Button BUTTON1

ExecutedAction [58]: 
 @Action ConcreteID = AC1aa8johb81943304399 AbstractID = AA1aa8johb81943304399
 ConcreteID CUSTOM = ConcreteID CUSTOM not available AbstractID CUSTOM = AAjj0yjgb8555721247
 @State ConcreteID = SC19b4ozw5381268817000 AbstractID = SRg8zar04fa2897440819
 ConcreteID CUSTOM = SC2lvc8w539267778962 AbstractID CUSTOM = SA1mvpfb55441135059307

	ROLE = LeftDrag
	DESCRIPTION = Drag (348.2729449445714, 932.0) To (335.22641509433964, 932.0)
	TEXT = Compound Action =
		Move mouse to (348.2729449445714, 932.0).
		Press Mouse Button BUTTON1
		Move mouse to (335.22641509433964, 932.0).
		Release Mouse Button BUTTON1

ExecutedAction [59]: 
 @Action ConcreteID = ACols0flb72594349197 AbstractID = AAols0flb72594349197
 ConcreteID CUSTOM = ConcreteID CUSTOM not available AbstractID CUSTOM = AA1szhcieb7966411838
 @State ConcreteID = SC19b4ozw5381268817000 AbstractID = SRg8zar04fa2897440819
 ConcreteID CUSTOM = SC2lvc8w539267778962 AbstractID CUSTOM = SA1mvpfb55441135059307

	ROLE = LeftDrag
	DESCRIPTION = Drag (348.2729449445714, 932.0) To (1153.415094339623, 932.0)
	TEXT = Compound Action =
		Move mouse to (348.2729449445714, 932.0).
		Press Mouse Button BUTTON1
		Move mouse to (1153.415094339623, 932.0).
		Release Mouse Button BUTTON1

ExecutedAction [60]: 
 @Action ConcreteID = AC1sxcgwm80675989730 AbstractID = AA1sxcgwm80675989730
 ConcreteID CUSTOM = ConcreteID CUSTOM not available AbstractID CUSTOM = AArvkonl802628438752
 @State ConcreteID = SC19b4ozw5381268817000 AbstractID = SRg8zar04fa2897440819
 ConcreteID CUSTOM = SC2lvc8w539267778962 AbstractID CUSTOM = SA1mvpfb55441135059307

	ROLE = LeftClickAt
	TARGET =
		WIDGET = WCit2f07243614029648, WR1h6ibpb92248851252, WTmroimq144285515309, WPbgwpnt201643095126
		ROLE = UIAButton
		TITLE = Column left
		SHAPE = Rect [x:255.0 y:923.0 w:17.0 h:17.0]
		CHILDREN = 0
		PATH = [0, 0, 1, 0]
	DESCRIPTION = Left Click at 'Column left'
	TEXT = Compound Action =
		Move mouse to (263.5, 931.5).
		Press Mouse Button BUTTON1
		Release Mouse Button BUTTON1

ExecutedAction [61]: 
 @Action ConcreteID = AC1oxapklb72105085134 AbstractID = AA1oxapklb72105085134
 ConcreteID CUSTOM = ConcreteID CUSTOM not available AbstractID CUSTOM = AAu9vzoab73728861821
 @State ConcreteID = SC19b4ozw5381268817000 AbstractID = SRg8zar04fa2897440819
 ConcreteID CUSTOM = SC2lvc8w539267778962 AbstractID CUSTOM = SA1mvpfb55441135059307

	ROLE = LeftDrag
	DESCRIPTION = Drag (348.2729449445714, 932.0) To (622.6981132075472, 932.0)
	TEXT = Compound Action =
		Move mouse to (348.2729449445714, 932.0).
		Press Mouse Button BUTTON1
		Move mouse to (622.6981132075472, 932.0).
		Release Mouse Button BUTTON1

ExecutedAction [62]: 
 @Action ConcreteID = AC1ockrx1b72219151393 AbstractID = AA1ockrx1b72219151393
 ConcreteID CUSTOM = ConcreteID CUSTOM not available AbstractID CUSTOM = AAtp620qb7662533778
 @State ConcreteID = SC19b4ozw5381268817000 AbstractID = SRg8zar04fa2897440819
 ConcreteID CUSTOM = SC2lvc8w539267778962 AbstractID CUSTOM = SA1mvpfb55441135059307

	ROLE = LeftDrag
	DESCRIPTION = Drag (348.2729449445714, 932.0) To (888.0566037735849, 932.0)
	TEXT = Compound Action =
		Move mouse to (348.2729449445714, 932.0).
		Press Mouse Button BUTTON1
		Move mouse to (888.0566037735849, 932.0).
		Release Mouse Button BUTTON1

ExecutedAction [63]: 
 @Action ConcreteID = AC4nxl17b7378966416 AbstractID = AA4nxl17b7378966416
 ConcreteID CUSTOM = ConcreteID CUSTOM not available AbstractID CUSTOM = AA191mx40b73048109859
 @State ConcreteID = SC19b4ozw5381268817000 AbstractID = SRg8zar04fa2897440819
 ConcreteID CUSTOM = SC2lvc8w539267778962 AbstractID CUSTOM = SA1mvpfb55441135059307

	ROLE = LeftDrag
	DESCRIPTION = Drag (348.2729449445714, 932.0) To (799.6037735849055, 932.0)
	TEXT = Compound Action =
		Move mouse to (348.2729449445714, 932.0).
		Press Mouse Button BUTTON1
		Move mouse to (799.6037735849055, 932.0).
		Release Mouse Button BUTTON1

ExecutedAction [64]: 
 @Action ConcreteID = AC1na9qhi81750780704 AbstractID = AA1na9qhi81750780704
 ConcreteID CUSTOM = ConcreteID CUSTOM not available AbstractID CUSTOM = AA1b95abf813262808078
 @State ConcreteID = SC19b4ozw5381268817000 AbstractID = SRg8zar04fa2897440819
 ConcreteID CUSTOM = SC2lvc8w539267778962 AbstractID CUSTOM = SA1mvpfb55441135059307

	ROLE = LeftClickAt
	TARGET =
		WIDGET = WC1n1r5m4202250858034, WR1h6ibpb92248851252, WTrko51k10351550260, WP1dzw1b21c239148232
		ROLE = UIAButton
		TITLE = Line up
		SHAPE = Rect [x:1482.0 y:285.0 w:17.0 h:17.0]
		CHILDREN = 0
		PATH = [0, 0, 0, 0]
	DESCRIPTION = Left Click at 'Line up'
	TEXT = Compound Action =
		Move mouse to (1490.5, 293.5).
		Press Mouse Button BUTTON1
		Release Mouse Button BUTTON1

ExecutedAction [65]: 
 @Action ConcreteID = ACphpy9ta1448775203 AbstractID = AAphpy9ta1448775203
 ConcreteID CUSTOM = ConcreteID CUSTOM not available AbstractID CUSTOM = AAmnehgma1135240003
 @State ConcreteID = SC19b4ozw5381268817000 AbstractID = SRg8zar04fa2897440819
 ConcreteID CUSTOM = SC2lvc8w539267778962 AbstractID CUSTOM = SA1mvpfb55441135059307

	ROLE = LeftDrag
	DESCRIPTION = Drag (1491.0, 329.0) To (1491.0, 899.0)
	TEXT = Compound Action =
		Move mouse to (1491.0, 329.0).
		Press Mouse Button BUTTON1
		Move mouse to (1491.0, 899.0).
		Release Mouse Button BUTTON1

ExecutedAction [66]: 
 @Action ConcreteID = ACkcwkjja12163082701 AbstractID = AAkcwkjja12163082701
 ConcreteID CUSTOM = ConcreteID CUSTOM not available AbstractID CUSTOM = AAhil3qca12455656621
 @State ConcreteID = SC19b4ozw5381268817000 AbstractID = SRg8zar04fa2897440819
 ConcreteID CUSTOM = SC2lvc8w539267778962 AbstractID CUSTOM = SA1mvpfb55441135059307

	ROLE = LeftDrag
	DESCRIPTION = Drag (1491.0, 329.0) To (1491.0, 554.2)
	TEXT = Compound Action =
		Move mouse to (1491.0, 329.0).
		Press Mouse Button BUTTON1
		Move mouse to (1491.0, 554.2).
		Release Mouse Button BUTTON1

ExecutedAction [67]: 
 @Action ConcreteID = AC1nj0a4eb7672552148 AbstractID = AA1nj0a4eb7672552148
 ConcreteID CUSTOM = ConcreteID CUSTOM not available AbstractID CUSTOM = AAsvlk83b72335093351
 @State ConcreteID = SC19b4ozw5381268817000 AbstractID = SRg8zar04fa2897440819
 ConcreteID CUSTOM = SC2lvc8w539267778962 AbstractID CUSTOM = SA1mvpfb55441135059307

	ROLE = LeftDrag
	DESCRIPTION = Drag (348.2729449445714, 932.0) To (932.2830188679246, 932.0)
	TEXT = Compound Action =
		Move mouse to (348.2729449445714, 932.0).
		Press Mouse Button BUTTON1
		Move mouse to (932.2830188679246, 932.0).
		Release Mouse Button BUTTON1

ExecutedAction [68]: 
 @Action ConcreteID = AC1uvl6seb83857609835 AbstractID = AA1uvl6seb83857609835
 ConcreteID CUSTOM = ConcreteID CUSTOM not available AbstractID CUSTOM = AA144dlndb83072700091
 @State ConcreteID = SC19b4ozw5381268817000 AbstractID = SRg8zar04fa2897440819
 ConcreteID CUSTOM = SC2lvc8w539267778962 AbstractID CUSTOM = SA1mvpfb55441135059307

	ROLE = LeftDrag
	DESCRIPTION = Drag (348.2729449445714, 932.0) To (1308.2075471698122, 932.0)
	TEXT = Compound Action =
		Move mouse to (348.2729449445714, 932.0).
		Press Mouse Button BUTTON1
		Move mouse to (1308.2075471698122, 932.0).
		Release Mouse Button BUTTON1

ExecutedAction [69]: 
 @Action ConcreteID = AC1478xqp803440464356 AbstractID = AA1478xqp803440464356
 ConcreteID CUSTOM = ConcreteID CUSTOM not available AbstractID CUSTOM = AA35h5ho802045858790
 @State ConcreteID = SC19b4ozw5381268817000 AbstractID = SRg8zar04fa2897440819
 ConcreteID CUSTOM = SC2lvc8w539267778962 AbstractID CUSTOM = SA1mvpfb55441135059307

	ROLE = LeftClickAt
	TARGET =
		WIDGET = WCdsg5py1c3010804170, WR17v7k2nb1067391859, WT1qeha5gf2005531835, WPk6niro18548921330
		ROLE = UIAMenuItem
		TITLE = View
		SHAPE = Rect [x:373.0 y:265.0 w:39.0 h:19.0]
		CHILDREN = 0
		PATH = [0, 3, 3]
	DESCRIPTION = Left Click at 'View'
	TEXT = Compound Action =
		Move mouse to (392.5, 274.5).
		Press Mouse Button BUTTON1
		Release Mouse Button BUTTON1

ExecutedAction [70]: 
 @Action ConcreteID = AC1sxcgwm80675989730 AbstractID = AA1sxcgwm80675989730
 ConcreteID CUSTOM = ConcreteID CUSTOM not available AbstractID CUSTOM = AArvkonl802628438752
 @State ConcreteID = SC19b4ozw5381268817000 AbstractID = SRg8zar04fa2897440819
 ConcreteID CUSTOM = SC2lvc8w539267778962 AbstractID CUSTOM = SA1mvpfb55441135059307

	ROLE = LeftClickAt
	TARGET =
		WIDGET = WCit2f07243614029648, WR1h6ibpb92248851252, WTmroimq144285515309, WPbgwpnt201643095126
		ROLE = UIAButton
		TITLE = Column left
		SHAPE = Rect [x:255.0 y:923.0 w:17.0 h:17.0]
		CHILDREN = 0
		PATH = [0, 0, 1, 0]
	DESCRIPTION = Left Click at 'Column left'
	TEXT = Compound Action =
		Move mouse to (263.5, 931.5).
		Press Mouse Button BUTTON1
		Release Mouse Button BUTTON1

ExecutedAction [71]: 
 @Action ConcreteID = AC1urk2stb84182813347 AbstractID = AA1urk2stb84182813347
 ConcreteID CUSTOM = ConcreteID CUSTOM not available AbstractID CUSTOM = AA140chnsb82879090803
 @State ConcreteID = SC19b4ozw5381268817000 AbstractID = SRg8zar04fa2897440819
 ConcreteID CUSTOM = SC2lvc8w539267778962 AbstractID CUSTOM = SA1mvpfb55441135059307

	ROLE = LeftDrag
	DESCRIPTION = Drag (348.2729449445714, 932.0) To (1197.6415094339627, 932.0)
	TEXT = Compound Action =
		Move mouse to (348.2729449445714, 932.0).
		Press Mouse Button BUTTON1
		Move mouse to (1197.6415094339627, 932.0).
		Release Mouse Button BUTTON1

ExecutedAction [72]: 
 @Action ConcreteID = AChdfsb2b73446641518 AbstractID = AAhdfsb2b73446641518
 ConcreteID CUSTOM = ConcreteID CUSTOM not available AbstractID CUSTOM = AA1lr54dvb71851225565
 @State ConcreteID = SC19b4ozw5381268817000 AbstractID = SRg8zar04fa2897440819
 ConcreteID CUSTOM = SC2lvc8w539267778962 AbstractID CUSTOM = SA1mvpfb55441135059307

	ROLE = LeftDrag
	DESCRIPTION = Drag (348.2729449445714, 932.0) To (1175.528301886793, 932.0)
	TEXT = Compound Action =
		Move mouse to (348.2729449445714, 932.0).
		Press Mouse Button BUTTON1
		Move mouse to (1175.528301886793, 932.0).
		Release Mouse Button BUTTON1

ExecutedAction [73]: 
 @Action ConcreteID = ACh8p7au803280006458 AbstractID = AAh8p7au803280006458
 ConcreteID CUSTOM = ConcreteID CUSTOM not available AbstractID CUSTOM = AA1f81h0x802002841400
 @State ConcreteID = SC19b4ozw5381268817000 AbstractID = SRg8zar04fa2897440819
 ConcreteID CUSTOM = SC2lvc8w539267778962 AbstractID CUSTOM = SA1mvpfb55441135059307

	ROLE = LeftClickAt
	TARGET =
		WIDGET = WCyz2j3x222061021683, WR1h6ibpb92248851252, WT1cksruh12339931985, WP14ewzzj1e38349162
		ROLE = UIAButton
		TITLE = Page left
		SHAPE = Rect [x:272.0 y:923.0 w:49.0 h:17.0]
		CHILDREN = 0
		PATH = [0, 0, 1, 1]
	DESCRIPTION = Left Click at 'Page left'
	TEXT = Compound Action =
		Move mouse to (296.5, 931.5).
		Press Mouse Button BUTTON1
		Release Mouse Button BUTTON1

ExecutedAction [74]: 
 @Action ConcreteID = AC17m5e80a12726651483 AbstractID = AA17m5e80a12726651483
 ConcreteID CUSTOM = ConcreteID CUSTOM not available AbstractID CUSTOM = AA14rtxeta12956278587
 @State ConcreteID = SC19b4ozw5381268817000 AbstractID = SRg8zar04fa2897440819
 ConcreteID CUSTOM = SC2lvc8w539267778962 AbstractID CUSTOM = SA1mvpfb55441135059307

	ROLE = LeftDrag
	DESCRIPTION = Drag (1491.0, 329.0) To (1491.0, 670.8)
	TEXT = Compound Action =
		Move mouse to (1491.0, 329.0).
		Press Mouse Button BUTTON1
		Move mouse to (1491.0, 670.8).
		Release Mouse Button BUTTON1

ExecutedAction [75]: 
 @Action ConcreteID = AC1a92tc4b71009055756 AbstractID = AA1a92tc4b71009055756
 ConcreteID CUSTOM = ConcreteID CUSTOM not available AbstractID CUSTOM = AAflo3ftb72669420223
 @State ConcreteID = SC19b4ozw5381268817000 AbstractID = SRg8zar04fa2897440819
 ConcreteID CUSTOM = SC2lvc8w539267778962 AbstractID CUSTOM = SA1mvpfb55441135059307

	ROLE = LeftDrag
	DESCRIPTION = Drag (348.2729449445714, 932.0) To (1440.886792452831, 932.0)
	TEXT = Compound Action =
		Move mouse to (348.2729449445714, 932.0).
		Press Mouse Button BUTTON1
		Move mouse to (1440.886792452831, 932.0).
		Release Mouse Button BUTTON1

ExecutedAction [76]: 
 @Action ConcreteID = AC1w1arieb71423188963 AbstractID = AA1w1arieb71423188963
 ConcreteID CUSTOM = ConcreteID CUSTOM not available AbstractID CUSTOM = AA11dw1m3b74159489360
 @State ConcreteID = SC19b4ozw5381268817000 AbstractID = SRg8zar04fa2897440819
 ConcreteID CUSTOM = SC2lvc8w539267778962 AbstractID CUSTOM = SA1mvpfb55441135059307

	ROLE = LeftDrag
	DESCRIPTION = Drag (348.2729449445714, 932.0) To (600.5849056603774, 932.0)
	TEXT = Compound Action =
		Move mouse to (348.2729449445714, 932.0).
		Press Mouse Button BUTTON1
		Move mouse to (600.5849056603774, 932.0).
		Release Mouse Button BUTTON1

ExecutedAction [77]: 
 @Action ConcreteID = ACxlza4na12579994875 AbstractID = AAxlza4na12579994875
 ConcreteID CUSTOM = ConcreteID CUSTOM not available AbstractID CUSTOM = AAurntbga12339882395
 @State ConcreteID = SC19b4ozw5381268817000 AbstractID = SRg8zar04fa2897440819
 ConcreteID CUSTOM = SC2lvc8w539267778962 AbstractID CUSTOM = SA1mvpfb55441135059307

	ROLE = LeftDrag
	DESCRIPTION = Drag (1491.0, 329.0) To (1491.0, 437.6)
	TEXT = Compound Action =
		Move mouse to (1491.0, 329.0).
		Press Mouse Button BUTTON1
		Move mouse to (1491.0, 437.6).
		Release Mouse Button BUTTON1

ExecutedAction [78]: 
 @Action ConcreteID = AC1uvl6seb83857609835 AbstractID = AA1uvl6seb83857609835
 ConcreteID CUSTOM = ConcreteID CUSTOM not available AbstractID CUSTOM = AA144dlndb83072700091
 @State ConcreteID = SC19b4ozw5381268817000 AbstractID = SRg8zar04fa2897440819
 ConcreteID CUSTOM = SC2lvc8w539267778962 AbstractID CUSTOM = SA1mvpfb55441135059307

	ROLE = LeftDrag
	DESCRIPTION = Drag (348.2729449445714, 932.0) To (1308.2075471698122, 932.0)
	TEXT = Compound Action =
		Move mouse to (348.2729449445714, 932.0).
		Press Mouse Button BUTTON1
		Move mouse to (1308.2075471698122, 932.0).
		Release Mouse Button BUTTON1

ExecutedAction [79]: 
 @Action ConcreteID = ACols0flb72594349197 AbstractID = AAols0flb72594349197
 ConcreteID CUSTOM = ConcreteID CUSTOM not available AbstractID CUSTOM = AA1szhcieb7966411838
 @State ConcreteID = SC19b4ozw5381268817000 AbstractID = SRg8zar04fa2897440819
 ConcreteID CUSTOM = SC2lvc8w539267778962 AbstractID CUSTOM = SA1mvpfb55441135059307

	ROLE = LeftDrag
	DESCRIPTION = Drag (348.2729449445714, 932.0) To (1153.415094339623, 932.0)
	TEXT = Compound Action =
		Move mouse to (348.2729449445714, 932.0).
		Press Mouse Button BUTTON1
		Move mouse to (1153.415094339623, 932.0).
		Release Mouse Button BUTTON1

ExecutedAction [80]: 
 @Action ConcreteID = AC1pwn8olb7580317215 AbstractID = AA1pwn8olb7580317215
 ConcreteID CUSTOM = ConcreteID CUSTOM not available AbstractID CUSTOM = AAv98isab72175669932
 @State ConcreteID = SC19b4ozw5381268817000 AbstractID = SRg8zar04fa2897440819
 ConcreteID CUSTOM = SC2lvc8w539267778962 AbstractID CUSTOM = SA1mvpfb55441135059307

	ROLE = LeftDrag
	DESCRIPTION = Drag (348.2729449445714, 932.0) To (313.1132075471698, 932.0)
	TEXT = Compound Action =
		Move mouse to (348.2729449445714, 932.0).
		Press Mouse Button BUTTON1
		Move mouse to (313.1132075471698, 932.0).
		Release Mouse Button BUTTON1

ExecutedAction [81]: 
 @Action ConcreteID = AC1r4k3vqf4288244838 AbstractID = AA187xz53d54039531802
 ConcreteID CUSTOM = ConcreteID CUSTOM not available AbstractID CUSTOM = AA1b7j45od52038886055
 @State ConcreteID = SC19b4ozw5381268817000 AbstractID = SRg8zar04fa2897440819
 ConcreteID CUSTOM = SC2lvc8w539267778962 AbstractID CUSTOM = SA1mvpfb55441135059307

	ROLE = ClickTypeInto
	TARGET =
		WIDGET = WCh9rmb11c1827454063, WR4n0dlj72701565195, WTei4yvd121088706799, WP1p79f6n182825509439
		ROLE = UIAEdit
		TITLE = Text Editor
		SHAPE = Rect [x:255.0 y:285.0 w:1244.0 h:655.0]
		CHILDREN = 3
		PATH = [0, 0]
	DESCRIPTION = Type 'Lightwater Count...' into 'Text Editor
	TEXT = Compound Action =
		Compound Action =
		Move mouse to (877.0, 612.5).
		Press Mouse Button BUTTON1
		Release Mouse Button BUTTON1
		Press Key 17
		Press Key 65
		Release Key 65
		Release Key 17
		Type text 'Lightwater Country Park'

ExecutedAction [82]: 
 @Action ConcreteID = ACaiwxpi801832465915 AbstractID = AAaiwxpi801832465915
 ConcreteID CUSTOM = ConcreteID CUSTOM not available AbstractID CUSTOM = AA13akh73802916614364
 @State ConcreteID = SC1bzls3q8794107244986 AbstractID = SR6mx26m8173295904214
 ConcreteID CUSTOM = SC3ea53f87a2485608237 AbstractID CUSTOM = SA15lkzxp87f2078058826

	ROLE = LeftClickAt
	TARGET =
		WIDGET = WCralkov31215216381, WR1e04pz3e358922214, WTbfwhi151108363517, WP1y69eup2d2418969500
		ROLE = UIASplitButton
		TITLE = This PC
		SHAPE = Rect [x:405.0 y:322.0 w:62.0 h:21.0]
		CHILDREN = 0
		PATH = [1, 0, 7, 2, 0, 0, 0, 1]
	DESCRIPTION = Left Click at 'This PC'
	TEXT = Compound Action =
		Move mouse to (436.0, 332.5).
		Press Mouse Button BUTTON1
		Release Mouse Button BUTTON1

ExecutedAction [83]: 
 @Action ConcreteID = ACd40z3h7f3084000631 AbstractID = AAd40z3h7f3084000631
 ConcreteID CUSTOM = ConcreteID CUSTOM not available AbstractID CUSTOM = AA1syzobj803653056022
 @State ConcreteID = SC2jlssl8532124727737 AbstractID = SRdqug1a7f11488334960
 ConcreteID CUSTOM = SC13sgklx8513559240977 AbstractID CUSTOM = SA1odfmhi8573013582666

	ROLE = LeftClickAt
	TARGET =
		WIDGET = WC1h068w1343224121768, WR1h6ibpb92248851252, WTtisx9w1b1830715340, WPcyalhr30582640590
		ROLE = UIAButton
		TITLE = Previous Locations
		SHAPE = Rect [x:820.0 y:322.0 w:20.0 h:22.0]
		CHILDREN = 0
		PATH = [1, 0, 7, 2, 0, 1, 0]
	DESCRIPTION = Left Click at 'Previous Locations'
	TEXT = Compound Action =
		Move mouse to (830.0, 333.0).
		Press Mouse Button BUTTON1
		Release Mouse Button BUTTON1

ExecutedAction [84]: 
 @Action ConcreteID = AC106p2k87f134667606 AbstractID = AA106p2k87f134667606
 ConcreteID CUSTOM = ConcreteID CUSTOM not available AbstractID CUSTOM = AAen1vnj801081398444
 @State ConcreteID = SCpom1fw8a41904512334 AbstractID = SR7993is83d1551556783
 ConcreteID CUSTOM = SC2bydmn8a22542926551 AbstractID CUSTOM = SA1dnyjw98a83606477169

	ROLE = LeftClickAt
	TARGET =
		WIDGET = WC1kpbw0p213947463890, WR17qbaneb3904637586, WTs0888t14412445231, WPf19xk71d2365014221
		ROLE = UIAComboBox
		TITLE = Encoding:
		SHAPE = Rect [x:720.0 y:422.0 w:150.0 h:23.0]
		CHILDREN = 1
		PATH = [1, 0, 3]
	DESCRIPTION = Left Click at 'Encoding:'
	TEXT = Compound Action =
		Move mouse to (795.0, 433.5).
		Press Mouse Button BUTTON1
		Release Mouse Button BUTTON1

ExecutedAction [85]: 
 @Action ConcreteID = AC1mxm5zv7f2860545681 AbstractID = AA1mxm5zv7f2860545681
 ConcreteID CUSTOM = ConcreteID CUSTOM not available AbstractID CUSTOM = AA1omvu57f3409633211
 @State ConcreteID = SC6yqtmz82c1772335143 AbstractID = SR1nm4cvc7cb2442823445
 ConcreteID CUSTOM = SC1laju5p8282207981709 AbstractID CUSTOM = SAipqdpu82e1218674919

	ROLE = LeftClickAt
	TARGET =
		WIDGET = WC10hmm4328602985710, WR17qbaneb3904637586, WT9jwsmi123720584876, WPomnuqt243366762128
		ROLE = UIAComboBox
		TITLE = Address
		SHAPE = Rect [x:370.0 y:322.0 w:470.0 h:22.0]
		CHILDREN = 2
		PATH = [1, 0, 7, 2, 0, 1]
	DESCRIPTION = Left Click at 'Address'
	TEXT = Compound Action =
		Move mouse to (605.0, 333.0).
		Press Mouse Button BUTTON1
		Release Mouse Button BUTTON1

ExecutedAction [86]: 
 @Action ConcreteID = AC1f8em97f1612841350 AbstractID = AA1f8em97f1612841350
 ConcreteID CUSTOM = ConcreteID CUSTOM not available AbstractID CUSTOM = AAf7d6fn7f26781868
 @State ConcreteID = SC6yqtmz82c1772335143 AbstractID = SR1nm4cvc7cb2442823445
 ConcreteID CUSTOM = SC1laju5p8282207981709 AbstractID CUSTOM = SAipqdpu82e1218674919

	ROLE = LeftClickAt
	TARGET =
		WIDGET = WC1hbccr827486975661, WR1h6ibpb92248851252, WTr86vn2171065048969, WP3zwkxy231603299960
		ROLE = UIAButton
		TITLE = Browse Folders
		SHAPE = Rect [x:273.0 y:426.0 w:103.0 h:22.0]
		CHILDREN = 0
		PATH = [1, 0, 1, 0]
	DESCRIPTION = Left Click at 'Browse Folders'
	TEXT = Compound Action =
		Move mouse to (324.5, 437.0).
		Press Mouse Button BUTTON1
		Release Mouse Button BUTTON1

ExecutedAction [87]: 
 @Action ConcreteID = AC1o4ncw6802359667355 AbstractID = AA1o4ncw6802359667355
 ConcreteID CUSTOM = ConcreteID CUSTOM not available AbstractID CUSTOM = AA1438zto802312238112
 @State ConcreteID = SC15xfrfqbae1888735971 AbstractID = SRyqbcw0b261988105328
 ConcreteID CUSTOM = SC1i720t7bb12176973949 AbstractID CUSTOM = SA1m6rj77bba3894481288

	ROLE = LeftClickAt
	TARGET =
		WIDGET = WCh9j3gv341000772158, WR5quxi6b4097176690, WT7wiqy31b4267075581, WP1xtesgt304093237716
		ROLE = UIATreeItem
		TITLE = Desktop (pinned)
		SHAPE = Rect [x:314.0 y:422.0 w:47.0 h:24.0]
		CHILDREN = 0
		PATH = [1, 0, 0, 1, 0, 0, 0]
	DESCRIPTION = Left Click at 'Desktop (pinned)'
	TEXT = Compound Action =
		Move mouse to (337.5, 434.0).
		Press Mouse Button BUTTON1
		Release Mouse Button BUTTON1

ExecutedAction [88]: 
 @Action ConcreteID = AC1o3p33q803276450119 AbstractID = AA1o3p33q803276450119
 ConcreteID CUSTOM = ConcreteID CUSTOM not available AbstractID CUSTOM = AAstpvsq7f40733618
 @State ConcreteID = SC1t9dq7qacf1682209931 AbstractID = SR1t1rx4va563910482388
 ConcreteID CUSTOM = SCbzqxruad31655464775 AbstractID CUSTOM = SAo9tmy6adc2972538859

	ROLE = LeftClickAt
	TARGET =
		WIDGET = WC1c0z90p2b587797062, WR5quxi6b4097176690, WTv1ysds12973640235, WP9wht13273722714822
		ROLE = UIATreeItem
		TITLE = Network
		SHAPE = Rect [x:306.0 y:590.0 w:49.0 h:24.0]
		CHILDREN = 0
		PATH = [1, 0, 0, 1, 0, 1, 2]
	DESCRIPTION = Left Click at 'Network'
	TEXT = Compound Action =
		Move mouse to (330.5, 602.0).
		Press Mouse Button BUTTON1
		Release Mouse Button BUTTON1

ExecutedAction [89]: 
 @Action ConcreteID = AC131ym9z7f3876051891 AbstractID = AA131ym9z7f3876051891
 ConcreteID CUSTOM = ConcreteID CUSTOM not available AbstractID CUSTOM = AA4hphu47f2537146357
 @State ConcreteID = SCx2jlj9ad14064270241 AbstractID = SR1t1rx4va563910482388
 ConcreteID CUSTOM = SCqg6ivvad31295957557 AbstractID CUSTOM = SAo9tmy6adc2972538859

	ROLE = LeftClickAt
	TARGET =
		WIDGET = WCugx3m42f403992350, WR52qhb2b3065858412, WT1ehdii319442466983, WP1o1w64e2b3080845036
		ROLE = UIAListItem
		TITLE = New folder (2)
		SHAPE = Rect [x:653.0 y:388.0 w:105.0 h:116.0]
		CHILDREN = 2
		PATH = [1, 0, 0, 2, 0, 2]
	DESCRIPTION = Left Click at 'New folder (2)'
	TEXT = Compound Action =
		Move mouse to (705.5, 446.0).
		Press Mouse Button BUTTON1
		Release Mouse Button BUTTON1

ExecutedAction [90]: 
 @Action ConcreteID = ACb3g6up802288796128 AbstractID = AAb3g6up802288796128
 ConcreteID CUSTOM = ConcreteID CUSTOM not available AbstractID CUSTOM = AA18c44mj7f4108843653
 @State ConcreteID = SC1kmw3l7a8b2958132053 AbstractID = SRbdu488a0d3533324276
 ConcreteID CUSTOM = SCqm1zs9a892699885492 AbstractID CUSTOM = SA1rheckua85913652613

	ROLE = LeftClickAt
	TARGET =
		WIDGET = WClmuwn4412331864259, WR1h6ibpb92248851252, WT12x9gno2b1023359364, WP18lgotu3d2386619218
		ROLE = UIAButton
		TITLE = Back to Desktop (Alt + Left Arrow)
		SHAPE = Rect [x:267.0 y:318.0 w:30.0 h:30.0]
		CHILDREN = 0
		PATH = [1, 0, 7, 0, 0, 0]
	DESCRIPTION = Left Click at 'Back to Desktop (Alt + Left Arrow)'
	TEXT = Compound Action =
		Move mouse to (282.0, 333.0).
		Press Mouse Button BUTTON1
		Release Mouse Button BUTTON1

ExecutedAction [91]: 
 @Action ConcreteID = ACttzces7e2538099151 AbstractID = AAttzces7e2538099151
 ConcreteID CUSTOM = ConcreteID CUSTOM not available AbstractID CUSTOM = AAqdvslm7e884057978
 @State ConcreteID = SChewe4tace504330635 AbstractID = SR1t1rx4va563910482388
 ConcreteID CUSTOM = SC1tcadcfad21358703481 AbstractID CUSTOM = SAjgx8rcadc144388104

	ROLE = LeftClickAt
	TARGET =
		WIDGET = WC1asry8y2f827761739, WR1h6ibpb92248851252, WThz0sl419562620132, WP1l3jbis2b4149732123
		ROLE = UIAButton
		TITLE = Recent locations
		SHAPE = Rect [x:327.0 y:318.0 w:15.0 h:30.0]
		CHILDREN = 0
		PATH = [1, 0, 7, 0, 0, 2]
	DESCRIPTION = Left Click at 'Recent locations'
	TEXT = Compound Action =
		Move mouse to (334.5, 333.0).
		Press Mouse Button BUTTON1
		Release Mouse Button BUTTON1

ExecutedAction [92]: 
 @Action ConcreteID = AC862s5w801775665893 AbstractID = AA862s5w801775665893
 ConcreteID CUSTOM = ConcreteID CUSTOM not available AbstractID CUSTOM = AA1rsg1qn803573010154
 @State ConcreteID = SC1hqswsub323562794169 AbstractID = SR1o8eaawab93179431301
 ConcreteID CUSTOM = SC1qfgo7zb362768232865 AbstractID CUSTOM = SA1tsnzfvb422330183701

	ROLE = LeftClickAt
	TARGET =
		WIDGET = WC3zb86x2d1935548358, WR5quxi6b4097176690, WT158yrsl171516135311, WP1xtjr8r291800616184
		ROLE = UIATreeItem
		TITLE = Quick access
		SHAPE = Rect [x:306.0 y:398.0 w:72.0 h:24.0]
		CHILDREN = 4
		PATH = [1, 0, 0, 1, 0, 0]
	DESCRIPTION = Left Click at 'Quick access'
	TEXT = Compound Action =
		Move mouse to (342.0, 410.0).
		Press Mouse Button BUTTON1
		Release Mouse Button BUTTON1

ExecutedAction [93]: 
 @Action ConcreteID = AC116wror7f3972851111 AbstractID = AA116wror7f3972851111
 ConcreteID CUSTOM = ConcreteID CUSTOM not available AbstractID CUSTOM = AAhla5k6802324310993
 @State ConcreteID = SCq5uar9bd52068820760 AbstractID = SR1n0m7hqb4c2771345086
 ConcreteID CUSTOM = SCkx5yz7bda2575894569 AbstractID CUSTOM = SA119hfuzbe33786102133

	ROLE = LeftClickAt
	TARGET =
		WIDGET = WCgqhmej244245619236, WR4n4ygb71694219017, WT1oejl68112250296216, WP1j6get5201121600799
		ROLE = UIAList
		TITLE = Items View
		SHAPE = Rect [x:423.0 y:382.0 w:664.0 h:303.0]
		CHILDREN = 9
		PATH = [1, 0, 0, 2, 0]
	DESCRIPTION = Left Click at 'Items View'
	TEXT = Compound Action =
		Move mouse to (755.0, 533.5).
		Press Mouse Button BUTTON1
		Release Mouse Button BUTTON1

ExecutedAction [94]: 
 @Action ConcreteID = AC1cd20pe7f1425823574 AbstractID = AA1cd20pe7f1425823574
 ConcreteID CUSTOM = ConcreteID CUSTOM not available AbstractID CUSTOM = AAsrfekt80851089696
 @State ConcreteID = SCq5uar9bd52068820760 AbstractID = SR1n0m7hqb4c2771345086
 ConcreteID CUSTOM = SCkx5yz7bda2575894569 AbstractID CUSTOM = SA119hfuzbe33786102133

	ROLE = LeftClickAt
	TARGET =
		WIDGET = WCqfrm3a253649110358, WR17qbaneb3904637586, WTtg2d9x1567061077, WP1rac6fc212218888145
		ROLE = UIAComboBox
		TITLE = File name:
		SHAPE = Rect [x:388.0 y:696.0 w:694.0 h:23.0]
		CHILDREN = 2
		PATH = [1, 0, 0, 4]
	DESCRIPTION = Left Click at 'File name:'
	TEXT = Compound Action =
		Move mouse to (735.0, 707.5).
		Press Mouse Button BUTTON1
		Release Mouse Button BUTTON1

ExecutedAction [95]: 
 @Action ConcreteID = AC1hcomfq802910860350 AbstractID = AA1hcomfq802910860350
 ConcreteID CUSTOM = ConcreteID CUSTOM not available AbstractID CUSTOM = AAdz40aj81343975673
 @State ConcreteID = SCq5uar9bd52068820760 AbstractID = SR1n0m7hqb4c2771345086
 ConcreteID CUSTOM = SCkx5yz7bda2575894569 AbstractID CUSTOM = SA119hfuzbe33786102133

	ROLE = LeftClickAt
	TARGET =
		WIDGET = WC1elt82x261910783483, WR1e04pz3e358922214, WT1o1rmsv132406183479, WPpadiwn224074072585
		ROLE = UIASplitButton
		TITLE = Views
		SHAPE = Rect [x:987.0 y:353.0 w:55.0 h:26.0]
		CHILDREN = 1
		PATH = [1, 0, 0, 0, 1]
	DESCRIPTION = Left Click at 'Views'
	TEXT = Compound Action =
		Move mouse to (1014.5, 366.0).
		Press Mouse Button BUTTON1
		Release Mouse Button BUTTON1

ExecutedAction [96]: 
 @Action ConcreteID = AC1xnk9sr802549840988 AbstractID = AA1xnk9sr802549840988
 ConcreteID CUSTOM = ConcreteID CUSTOM not available AbstractID CUSTOM = AA68y6jg7f1297421545
 @State ConcreteID = SC1e7ceodd8e3811340509 AbstractID = SRvyspe3cef577037277
 ConcreteID CUSTOM = SC1sptdhfd851881660173 AbstractID CUSTOM = SAbgkhvod9b4006900285

	ROLE = LeftClickAt
	TARGET =
		WIDGET = WC1wriobb292499654410, WR52qhb2b3065858412, WTdysgoj13420361687, WP109mtxl251506930766
		ROLE = UIAListItem
		TITLE = Pictures
		SHAPE = Rect [x:437.0 y:388.0 w:267.0 h:20.0]
		CHILDREN = 2
		PATH = [1, 0, 1, 2, 0, 0]
	DESCRIPTION = Left Click at 'Pictures'
	TEXT = Compound Action =
		Move mouse to (570.5, 398.0).
		Press Mouse Button BUTTON1
		Release Mouse Button BUTTON1

Forcing SUT activation (bring to foreground) action
ExecutedAction [97]: 
 @Action ConcreteID = ACa540d382220822085 AbstractID = AAa540d382220822085
 ConcreteID CUSTOM = ConcreteID CUSTOM not available AbstractID CUSTOM = AAufp05l392879029273
 @State ConcreteID = SC36jsu2bd52140196645 AbstractID = SR106ddz7b4d2769158102
 ConcreteID CUSTOM = SCey3fe3bdb4263815567 AbstractID CUSTOM = SA1jt250nbe53525313691

	DESCRIPTION = Bring the system to the foreground.
	TEXT = Bring the system to the foreground.

Forcing SUT activation (bring to foreground) action
ExecutedAction [98]: 
 @Action ConcreteID = ACa540d382220822085 AbstractID = AAa540d382220822085
 ConcreteID CUSTOM = ConcreteID CUSTOM not available AbstractID CUSTOM = AAufp05l392879029273
 @State ConcreteID = SC36jsu2bd52140196645 AbstractID = SR106ddz7b4d2769158102
 ConcreteID CUSTOM = SCey3fe3bdb4263815567 AbstractID CUSTOM = SA1jt250nbe53525313691

	DESCRIPTION = Bring the system to the foreground.
	TEXT = Bring the system to the foreground.

ExecutedAction [99]: 
 @Action ConcreteID = ACmzlo8k7f227817035 AbstractID = AAmzlo8k7f227817035
 ConcreteID CUSTOM = ConcreteID CUSTOM not available AbstractID CUSTOM = AA1o1p0c8802832810707
 @State ConcreteID = SC36jsu2bd52140196645 AbstractID = SR106ddz7b4d2769158102
 ConcreteID CUSTOM = SCey3fe3bdb4263815567 AbstractID CUSTOM = SA1jt250nbe53525313691

	ROLE = LeftClickAt
	TARGET =
		WIDGET = WCnd79jg25299494193, WR1h6ibpb92248851252, WT1en5qg615612038324, WP1k6qiri21782769487
		ROLE = UIAButton
		TITLE = Hide Folders
		SHAPE = Rect [x:273.0 y:769.0 w:90.0 h:22.0]
		CHILDREN = 0
		PATH = [1, 0, 1, 0]
	DESCRIPTION = Left Click at 'Hide Folders'
	TEXT = Compound Action =
		Move mouse to (318.0, 780.0).
		Press Mouse Button BUTTON1
		Release Mouse Button BUTTON1

ExecutedAction [100]: 
 @Action ConcreteID = AC14n44rh7f3400624589 AbstractID = AA14n44rh7f3400624589
 ConcreteID CUSTOM = ConcreteID CUSTOM not available AbstractID CUSTOM = AAgurovv801734785741
 @State ConcreteID = SCdkdp6b8532408809030 AbstractID = SR1hdpubn7f23643574543
 ConcreteID CUSTOM = SCuz3y4b8522741479836 AbstractID CUSTOM = SA1xcnbuw8594092194945

	ROLE = LeftClickAt
	TARGET =
		WIDGET = WCvy5lw4452453428355, WR1h6ibpb92248851252, WT1y1qvt52f2272535069, WPxqaow641398050525
		ROLE = UIAButton
		TITLE = Forward to Desktop (Alt + Right Arrow)
		SHAPE = Rect [x:297.0 y:318.0 w:30.0 h:30.0]
		CHILDREN = 0
		PATH = [1, 0, 7, 0, 0, 1]
	DESCRIPTION = Left Click at 'Forward to Desktop (Alt + Right Arrow)'
	TEXT = Compound Action =
		Move mouse to (312.0, 333.0).
		Press Mouse Button BUTTON1
		Release Mouse Button BUTTON1

Sequence 1 finished.
Copying generated sequence ("sequence716") to output directory...
Copying classified sequence ("sequence716") to sequences_ok folder...
