Starting sequence 1 (output as: sequence2437)

ExecutedAction [1]: 
 @Action ConcreteID = ACkwus6780790730050 AbstractID = AAkwus6780790730050
 ConcreteID CUSTOM = ConcreteID CUSTOM not available AbstractID CUSTOM = AAlfku0l803187305269
 @State ConcreteID = SC1nc411o4961529421974 AbstractID = SRx1ik4a474333690124
 ConcreteID CUSTOM = SC1n8pk4e495298478986 AbstractID CUSTOM = SA12laes84902498637855

	ROLE = LeftClickAt
	TARGET =
		WIDGET = WCo9m3kz234253084318, WR17v7k2nb1067391859, WT1faw5jq16422026351, WPzr9m5t1f4278635332
		ROLE = UIAMenuItem
		TITLE = Audio Alt+A
		SHAPE = Rect [x:774.0 y:370.0 w:49.0 h:20.0]
		CHILDREN = 0
		PATH = [0, 1, 2]
	DESCRIPTION = Left Click at 'Audio Alt+A'
	TEXT = Compound Action =
		Move mouse to (798.5, 380.0).
		Press Mouse Button BUTTON1
		Release Mouse Button BUTTON1

ExecutedAction [2]: 
 @Action ConcreteID = ACgu3toa7f3074631832 AbstractID = AAgu3toa7f3074631832
 ConcreteID CUSTOM = ConcreteID CUSTOM not available AbstractID CUSTOM = AAvk0i5o80234904903
 @State ConcreteID = SCyno0ex55c3304471789 AbstractID = SR64p3qf53b3710060940
 ConcreteID CUSTOM = SC1c1me90559854182380 AbstractID CUSTOM = SA1k4jr6g5572772635165

	ROLE = LeftClickAt
	TARGET =
		WIDGET = WCezyltm213992921457, WR1e04pz3e358922214, WT1e04pz3e358922214, WP1y99m881d2610189931
		ROLE = UIASplitButton
		TITLE = 
		SHAPE = Rect [x:660.0 y:416.0 w:600.0 h:311.0]
		CHILDREN = 3
		PATH = [0, 2, 0, 0, 3]
	DESCRIPTION = Left Click at ''
	TEXT = Compound Action =
		Move mouse to (960.0, 571.5).
		Press Mouse Button BUTTON1
		Release Mouse Button BUTTON1

ExecutedAction [3]: 
 @Action ConcreteID = AC1l2axoe802751376459 AbstractID = AA1l2axoe802751376459
 ConcreteID CUSTOM = ConcreteID CUSTOM not available AbstractID CUSTOM = AA1ll0zis80824529468
 @State ConcreteID = SC1nc411o4961529421974 AbstractID = SRx1ik4a474333690124
 ConcreteID CUSTOM = SC1n8pk4e495298478986 AbstractID CUSTOM = SA12laes84902498637855

	ROLE = LeftClickAt
	TARGET =
		WIDGET = WC1ulc3am262005825686, WR17v7k2nb1067391859, WTpcm71l192027518401, WPtkzlz0223118695362
		ROLE = UIAMenuItem
		TITLE = Subtitle Alt+t
		SHAPE = Rect [x:870.0 y:370.0 w:57.0 h:20.0]
		CHILDREN = 0
		PATH = [0, 1, 4]
	DESCRIPTION = Left Click at 'Subtitle Alt+t'
	TEXT = Compound Action =
		Move mouse to (898.5, 380.0).
		Press Mouse Button BUTTON1
		Release Mouse Button BUTTON1

ExecutedAction [4]: 
 @Action ConcreteID = AClxz73l7f1215636475 AbstractID = AAlxz73l7f1215636475
 ConcreteID CUSTOM = ConcreteID CUSTOM not available AbstractID CUSTOM = AAkqzuq1802884339471
 @State ConcreteID = SCsrnkwr4d23027281739 AbstractID = SR1bssthd4af4070864674
 ConcreteID CUSTOM = SCjvpltw4d13733213086 AbstractID CUSTOM = SA1db9m964cb1988601731

	ROLE = LeftClickAt
	TARGET =
		WIDGET = WCb8ooow272787690705, WR5quxi6b4097176690, WT5quxi6b4097176690, WP1sol9bm23663743615
		ROLE = UIATreeItem
		TITLE = 
		SHAPE = Rect [x:665.0 y:490.0 w:158.0 h:26.0]
		CHILDREN = 0
		PATH = [0, 2, 0, 0, 3, 1, 1, 3]
	DESCRIPTION = Left Click at ''
	TEXT = Compound Action =
		Move mouse to (744.0, 503.0).
		Press Mouse Button BUTTON1
		Release Mouse Button BUTTON1

ExecutedAction [5]: 
 @Action ConcreteID = AC1ejyays811727882097 AbstractID = AA1ejyays811727882097
 ConcreteID CUSTOM = ConcreteID CUSTOM not available AbstractID CUSTOM = AAhsazcj812471310167
 @State ConcreteID = SC1jx4ull5503715761135 AbstractID = SR1sdj6cz51f2314341141
 ConcreteID CUSTOM = SCw7973s5492495189628 AbstractID CUSTOM = SA1yjj6az5412082435609

	ROLE = LeftClickAt
	TARGET =
		WIDGET = WC1lihb1f353463924856, WR52qhb2b3065858412, WT1ehdin9193769657901, WP1hv9ogl312993138492
		ROLE = UIAListItem
		TITLE = New folder (8)
		SHAPE = Rect [x:963.0 y:704.0 w:116.0 h:143.0]
		CHILDREN = 0
		PATH = [0, 2, 0, 0, 3, 0, 0, 7]
	DESCRIPTION = Left Click at 'New folder (8)'
	TEXT = Compound Action =
		Move mouse to (1021.0, 775.5).
		Press Mouse Button BUTTON1
		Release Mouse Button BUTTON1

ExecutedAction [6]: 
 @Action ConcreteID = AC1m7i5je8074999822 AbstractID = AA1m7i5je8074999822
 ConcreteID CUSTOM = ConcreteID CUSTOM not available AbstractID CUSTOM = AA1e9zl8b803152812377
 @State ConcreteID = SC1jx4ull5503715761135 AbstractID = SR1sdj6cz51f2314341141
 ConcreteID CUSTOM = SCw7973s5492495189628 AbstractID CUSTOM = SA1yjj6az5412082435609

	ROLE = LeftClickAt
	TARGET =
		WIDGET = WCkthkkb1d3341998097, WR10fgh33101836453781, WT10fgh33101836453781, WP34gkvd19258008662
		ROLE = UIACustomControl
		TITLE = 
		SHAPE = Rect [x:660.0 y:756.0 w:600.0 h:34.0]
		CHILDREN = 11
		PATH = [0, 2, 2]
	DESCRIPTION = Left Click at ''
	TEXT = Compound Action =
		Move mouse to (960.0, 773.0).
		Press Mouse Button BUTTON1
		Release Mouse Button BUTTON1

ExecutedAction [7]: 
 @Action ConcreteID = AC1wecmdh80669007427 AbstractID = AA1wecmdh80669007427
 ConcreteID CUSTOM = ConcreteID CUSTOM not available AbstractID CUSTOM = AA1ogu22e802557759252
 @State ConcreteID = SC1jx4ull5503715761135 AbstractID = SR1sdj6cz51f2314341141
 ConcreteID CUSTOM = SCw7973s5492495189628 AbstractID CUSTOM = SA1yjj6az5412082435609

	ROLE = LeftClickAt
	TARGET =
		WIDGET = WCezylrw213754510323, WR1e04pz3e358922214, WT1e04pz3e358922214, WP1y99m6i1d2845979881
		ROLE = UIASplitButton
		TITLE = 
		SHAPE = Rect [x:977.0 y:394.0 w:23.0 h:22.0]
		CHILDREN = 0
		PATH = [0, 2, 0, 0, 1]
	DESCRIPTION = Left Click at ''
	TEXT = Compound Action =
		Move mouse to (988.5, 405.0).
		Press Mouse Button BUTTON1
		Release Mouse Button BUTTON1

ExecutedAction [8]: 
 @Action ConcreteID = ACs4v0i37f2137608881 AbstractID = AAs4v0i37f2137608881
 ConcreteID CUSTOM = ConcreteID CUSTOM not available AbstractID CUSTOM = AA1v92rwg81250905621
 @State ConcreteID = SCuy3sbh7a0371906197 AbstractID = SR1v7v09s75c696783457
 ConcreteID CUSTOM = SC121a3mr7aa2672107326 AbstractID CUSTOM = SA171g2h57a91039855599

	ROLE = LeftClickAt
	TARGET =
		WIDGET = WCig1ffy22236015574, WR17v7k2nb1067391859, WT1e6tvxi153323975668, WP1lxqkho1e3332536470
		ROLE = UIAMenuItem
		TITLE = Help Alt+H
		SHAPE = Rect [x:1013.0 y:370.0 w:42.0 h:20.0]
		CHILDREN = 0
		PATH = [0, 1, 7]
	DESCRIPTION = Left Click at 'Help Alt+H'
	TEXT = Compound Action =
		Move mouse to (1034.0, 380.0).
		Press Mouse Button BUTTON1
		Release Mouse Button BUTTON1

ExecutedAction [9]: 
 @Action ConcreteID = AC1ygrbsz7f162420316 AbstractID = AA1ygrbsz7f162420316
 ConcreteID CUSTOM = ConcreteID CUSTOM not available AbstractID CUSTOM = AAgggsyg7e152545288
 @State ConcreteID = SCnog8oi8022681051750 AbstractID = SR1hkvz4l7bf373562196
 ConcreteID CUSTOM = SCe59dz280c3654567753 AbstractID CUSTOM = SA7un3m180d219739781

	ROLE = LeftClickAt
	TARGET =
		WIDGET = WCsuwxh136551933543, WR5quxi6b4097176690, WT19et411191162416823, WP1qs05ab321530548964
		ROLE = UIATreeItem
		TITLE = New folder (8)
		SHAPE = Rect [x:866.0 y:594.0 w:180.0 h:22.0]
		CHILDREN = 0
		PATH = [0, 2, 0, 0, 3, 0, 9, 24]
	DESCRIPTION = Left Click at 'New folder (8)'
	TEXT = Compound Action =
		Move mouse to (956.0, 605.0).
		Press Mouse Button BUTTON1
		Release Mouse Button BUTTON1

ExecutedAction [10]: 
 @Action ConcreteID = AC1oalr2r7f3441082307 AbstractID = AA1oalr2r7f3441082307
 ConcreteID CUSTOM = ConcreteID CUSTOM not available AbstractID CUSTOM = AAsdpgi0813162990951
 @State ConcreteID = SCuy3sbh7a0371906197 AbstractID = SR1v7v09s75c696783457
 ConcreteID CUSTOM = SC121a3mr7aa2672107326 AbstractID CUSTOM = SA171g2h57a91039855599

	ROLE = LeftClickAt
	TARGET =
		WIDGET = WCr05x86283482838189, WR5quxi6b4097176690, WT5quxi6b4097176690, WP1dzmfd0244269329766
		ROLE = UIATreeItem
		TITLE = 
		SHAPE = Rect [x:1046.0 y:550.0 w:80.0 h:22.0]
		CHILDREN = 0
		PATH = [0, 2, 0, 0, 3, 0, 9, 19]
	DESCRIPTION = Left Click at ''
	TEXT = Compound Action =
		Move mouse to (1086.0, 561.0).
		Press Mouse Button BUTTON1
		Release Mouse Button BUTTON1

ExecutedAction [11]: 
 @Action ConcreteID = AC6bhita7f4004055843 AbstractID = AA6bhita7f4004055843
 ConcreteID CUSTOM = ConcreteID CUSTOM not available AbstractID CUSTOM = AA19fpa7n812671041927
 @State ConcreteID = SCuy3sbh7a0371906197 AbstractID = SR1v7v09s75c696783457
 ConcreteID CUSTOM = SC121a3mr7aa2672107326 AbstractID CUSTOM = SA171g2h57a91039855599

	ROLE = LeftClickAt
	TARGET =
		WIDGET = WCr05x3028897059879, WR5quxi6b4097176690, WT5quxi6b4097176690, WP1dzmf7u2477014508
		ROLE = UIATreeItem
		TITLE = 
		SHAPE = Rect [x:1046.0 y:506.0 w:80.0 h:22.0]
		CHILDREN = 0
		PATH = [0, 2, 0, 0, 3, 0, 9, 13]
	DESCRIPTION = Left Click at ''
	TEXT = Compound Action =
		Move mouse to (1086.0, 517.0).
		Press Mouse Button BUTTON1
		Release Mouse Button BUTTON1

ExecutedAction [12]: 
 @Action ConcreteID = AC1lhmnx07e2146036016 AbstractID = AA1lhmnx07e2146036016
 ConcreteID CUSTOM = ConcreteID CUSTOM not available AbstractID CUSTOM = AA1904pkv801404748916
 @State ConcreteID = SCuy3sbh7a0371906197 AbstractID = SR1v7v09s75c696783457
 ConcreteID CUSTOM = SC121a3mr7aa2672107326 AbstractID CUSTOM = SA171g2h57a91039855599

	ROLE = LeftClickAt
	TARGET =
		WIDGET = WCb8oosc273259239893, WR5quxi6b4097176690, WT5quxi6b4097176690, WP1sol9f2231138960763
		ROLE = UIATreeItem
		TITLE = 
		SHAPE = Rect [x:665.0 y:590.0 w:158.0 h:26.0]
		CHILDREN = 0
		PATH = [0, 2, 0, 0, 3, 1, 1, 7]
	DESCRIPTION = Left Click at ''
	TEXT = Compound Action =
		Move mouse to (744.0, 603.0).
		Press Mouse Button BUTTON1
		Release Mouse Button BUTTON1

ExecutedAction [13]: 
 @Action ConcreteID = AC5nw8uu7f3884953813 AbstractID = AA5nw8uu7f3884953813
 ConcreteID CUSTOM = ConcreteID CUSTOM not available AbstractID CUSTOM = AA18s4097812517788273
 @State ConcreteID = SCuy3sbh7a0371906197 AbstractID = SR1v7v09s75c696783457
 ConcreteID CUSTOM = SC121a3mr7aa2672107326 AbstractID CUSTOM = SA171g2h57a91039855599

	ROLE = LeftClickAt
	TARGET =
		WIDGET = WCrjt1ot321909871046, WR52qhb2b3065858412, WT1ehdiiy1954834150, WP1bh1dp72e702640402
		ROLE = UIAListItem
		TITLE = New folder (3)
		SHAPE = Rect [x:1079.0 y:418.0 w:116.0 h:143.0]
		CHILDREN = 0
		PATH = [0, 2, 0, 0, 3, 0, 2]
	DESCRIPTION = Left Click at 'New folder (3)'
	TEXT = Compound Action =
		Move mouse to (1137.0, 489.5).
		Press Mouse Button BUTTON1
		Release Mouse Button BUTTON1

ExecutedAction [14]: 
 @Action ConcreteID = AC1yfxkgl7e1568354720 AbstractID = AA1yfxkgl7e1568354720
 ConcreteID CUSTOM = ConcreteID CUSTOM not available AbstractID CUSTOM = AA1lyfm4g801898454244
 @State ConcreteID = SCuy3sbh7a0371906197 AbstractID = SR1v7v09s75c696783457
 ConcreteID CUSTOM = SC121a3mr7aa2672107326 AbstractID CUSTOM = SA171g2h57a91039855599

	ROLE = LeftClickAt
	TARGET =
		WIDGET = WCkthkjg1d3961490386, WR10fgh33101836453781, WT10fgh33101836453781, WP34gkui19609072533
		ROLE = UIACustomControl
		TITLE = 
		SHAPE = Rect [x:660.0 y:730.0 w:600.0 h:26.0]
		CHILDREN = 3
		PATH = [0, 2, 1]
	DESCRIPTION = Left Click at ''
	TEXT = Compound Action =
		Move mouse to (960.0, 743.0).
		Press Mouse Button BUTTON1
		Release Mouse Button BUTTON1

ExecutedAction [15]: 
 @Action ConcreteID = AC1jqgvak7e1787622220 AbstractID = AA1jqgvak7e1787622220
 ConcreteID CUSTOM = ConcreteID CUSTOM not available AbstractID CUSTOM = AA178ywyf801189076488
 @State ConcreteID = SCuy3sbh7a0371906197 AbstractID = SR1v7v09s75c696783457
 ConcreteID CUSTOM = SC121a3mr7aa2672107326 AbstractID CUSTOM = SA171g2h57a91039855599

	ROLE = LeftClickAt
	TARGET =
		WIDGET = WC161068t233096303716, WR10fgh33101836453781, WT10fgh33101836453781, WP9t9obv1f1249502342
		ROLE = UIACustomControl
		TITLE = 
		SHAPE = Rect [x:660.0 y:394.0 w:307.0 h:22.0]
		CHILDREN = 1
		PATH = [0, 2, 0, 0, 0]
	DESCRIPTION = Left Click at ''
	TEXT = Compound Action =
		Move mouse to (813.5, 405.0).
		Press Mouse Button BUTTON1
		Release Mouse Button BUTTON1

ExecutedAction [16]: 
 @Action ConcreteID = AC6bhita7f4004055843 AbstractID = AA6bhita7f4004055843
 ConcreteID CUSTOM = ConcreteID CUSTOM not available AbstractID CUSTOM = AA19fpa7n812671041927
 @State ConcreteID = SCuy3sbh7a0371906197 AbstractID = SR1v7v09s75c696783457
 ConcreteID CUSTOM = SC121a3mr7aa2672107326 AbstractID CUSTOM = SA171g2h57a91039855599

	ROLE = LeftClickAt
	TARGET =
		WIDGET = WCr05x3028897059879, WR5quxi6b4097176690, WT5quxi6b4097176690, WP1dzmf7u2477014508
		ROLE = UIATreeItem
		TITLE = 
		SHAPE = Rect [x:1046.0 y:506.0 w:80.0 h:22.0]
		CHILDREN = 0
		PATH = [0, 2, 0, 0, 3, 0, 9, 13]
	DESCRIPTION = Left Click at ''
	TEXT = Compound Action =
		Move mouse to (1086.0, 517.0).
		Press Mouse Button BUTTON1
		Release Mouse Button BUTTON1

ExecutedAction [17]: 
 @Action ConcreteID = AC1aawqgt7f248029017 AbstractID = AA1aawqgt7f248029017
 ConcreteID CUSTOM = ConcreteID CUSTOM not available AbstractID CUSTOM = AAee0fw2812136295933
 @State ConcreteID = SCuy3sbh7a0371906197 AbstractID = SR1v7v09s75c696783457
 ConcreteID CUSTOM = SC121a3mr7aa2672107326 AbstractID CUSTOM = SA171g2h57a91039855599

	ROLE = LeftClickAt
	TARGET =
		WIDGET = WCr05x3v282050595552, WR5quxi6b4097176690, WT5quxi6b4097176690, WP1dzmf8p241272361771
		ROLE = UIATreeItem
		TITLE = 
		SHAPE = Rect [x:1126.0 y:506.0 w:133.0 h:22.0]
		CHILDREN = 0
		PATH = [0, 2, 0, 0, 3, 0, 9, 14]
	DESCRIPTION = Left Click at ''
	TEXT = Compound Action =
		Move mouse to (1192.5, 517.0).
		Press Mouse Button BUTTON1
		Release Mouse Button BUTTON1

ExecutedAction [18]: 
 @Action ConcreteID = AClm8rsh7f1734645748 AbstractID = AAlm8rsh7f1734645748
 ConcreteID CUSTOM = ConcreteID CUSTOM not available AbstractID CUSTOM = AA1oqgj6u81385433936
 @State ConcreteID = SCuy3sbh7a0371906197 AbstractID = SR1v7v09s75c696783457
 ConcreteID CUSTOM = SC121a3mr7aa2672107326 AbstractID CUSTOM = SA171g2h57a91039855599

	ROLE = LeftClickAt
	TARGET =
		WIDGET = WC1fcenkz201119982758, WR10fgh33101836453781, WT10fgh33101836453781, WPdpsz4l1c4088669326
		ROLE = UIACustomControl
		TITLE = 
		SHAPE = Rect [x:1146.0 y:757.0 w:101.0 h:32.0]
		CHILDREN = 2
		PATH = [0, 2, 2, 0]
	DESCRIPTION = Left Click at ''
	TEXT = Compound Action =
		Move mouse to (1196.5, 773.0).
		Press Mouse Button BUTTON1
		Release Mouse Button BUTTON1

ExecutedAction [19]: 
 @Action ConcreteID = AC1mxa8kc7f3024216968 AbstractID = AA1mxa8kc7f3024216968
 ConcreteID CUSTOM = ConcreteID CUSTOM not available AbstractID CUSTOM = AAr0dxzl813319543084
 @State ConcreteID = SCuy3sbh7a0371906197 AbstractID = SR1v7v09s75c696783457
 ConcreteID CUSTOM = SC121a3mr7aa2672107326 AbstractID CUSTOM = SA171g2h57a91039855599

	ROLE = LeftClickAt
	TARGET =
		WIDGET = WC1ncuhzh322614471559, WR52qhb2b3065858412, WT1ehdiko191428034656, WPhm4km32e2456921326
		ROLE = UIAListItem
		TITLE = New folder (5)
		SHAPE = Rect [x:963.0 y:561.0 w:116.0 h:143.0]
		CHILDREN = 0
		PATH = [0, 2, 0, 0, 3, 0, 4]
	DESCRIPTION = Left Click at 'New folder (5)'
	TEXT = Compound Action =
		Move mouse to (1021.0, 632.5).
		Press Mouse Button BUTTON1
		Release Mouse Button BUTTON1

ExecutedAction [20]: 
 @Action ConcreteID = AC1ghpnyr7f1521480361 AbstractID = AA1ghpnyr7f1521480361
 ConcreteID CUSTOM = ConcreteID CUSTOM not available AbstractID CUSTOM = AAkktde081724706317
 @State ConcreteID = SCuy3sbh7a0371906197 AbstractID = SR1v7v09s75c696783457
 ConcreteID CUSTOM = SC121a3mr7aa2672107326 AbstractID CUSTOM = SA171g2h57a91039855599

	ROLE = LeftClickAt
	TARGET =
		WIDGET = WCr05xsu28774210367, WR5quxi6b4097176690, WT5quxi6b4097176690, WP1dzmfxo24533375732
		ROLE = UIATreeItem
		TITLE = 
		SHAPE = Rect [x:1046.0 y:572.0 w:80.0 h:22.0]
		CHILDREN = 0
		PATH = [0, 2, 0, 0, 3, 0, 9, 22]
	DESCRIPTION = Left Click at ''
	TEXT = Compound Action =
		Move mouse to (1086.0, 583.0).
		Press Mouse Button BUTTON1
		Release Mouse Button BUTTON1

ExecutedAction [21]: 
 @Action ConcreteID = AC1rqt4bs7e4195197484 AbstractID = AA1rqt4bs7e4195197484
 ConcreteID CUSTOM = ConcreteID CUSTOM not available AbstractID CUSTOM = AA1f9b5zn803596521320
 @State ConcreteID = SCuy3sbh7a0371906197 AbstractID = SR1v7v09s75c696783457
 ConcreteID CUSTOM = SC121a3mr7aa2672107326 AbstractID CUSTOM = SA171g2h57a91039855599

	ROLE = LeftClickAt
	TARGET =
		WIDGET = WCkm7pvz35779394848, WR5quxi6b4097176690, WT19et3wq192797456252, WP1pbq2ip312607958455
		ROLE = UIATreeItem
		TITLE = New folder (3)
		SHAPE = Rect [x:866.0 y:484.0 w:180.0 h:22.0]
		CHILDREN = 0
		PATH = [0, 2, 0, 0, 3, 0, 9, 9]
	DESCRIPTION = Left Click at 'New folder (3)'
	TEXT = Compound Action =
		Move mouse to (956.0, 495.0).
		Press Mouse Button BUTTON1
		Release Mouse Button BUTTON1

ExecutedAction [22]: 
 @Action ConcreteID = AC6bhita7f4004055843 AbstractID = AA6bhita7f4004055843
 ConcreteID CUSTOM = ConcreteID CUSTOM not available AbstractID CUSTOM = AA19fpa7n812671041927
 @State ConcreteID = SCuy3sbh7a0371906197 AbstractID = SR1v7v09s75c696783457
 ConcreteID CUSTOM = SC121a3mr7aa2672107326 AbstractID CUSTOM = SA171g2h57a91039855599

	ROLE = LeftClickAt
	TARGET =
		WIDGET = WCr05x3028897059879, WR5quxi6b4097176690, WT5quxi6b4097176690, WP1dzmf7u2477014508
		ROLE = UIATreeItem
		TITLE = 
		SHAPE = Rect [x:1046.0 y:506.0 w:80.0 h:22.0]
		CHILDREN = 0
		PATH = [0, 2, 0, 0, 3, 0, 9, 13]
	DESCRIPTION = Left Click at ''
	TEXT = Compound Action =
		Move mouse to (1086.0, 517.0).
		Press Mouse Button BUTTON1
		Release Mouse Button BUTTON1

ExecutedAction [23]: 
 @Action ConcreteID = ACsx66sa7e2041338327 AbstractID = AAsx66sa7e2041338327
 ConcreteID CUSTOM = ConcreteID CUSTOM not available AbstractID CUSTOM = AAgfo8g5801442804883
 @State ConcreteID = SCuy3sbh7a0371906197 AbstractID = SR1v7v09s75c696783457
 ConcreteID CUSTOM = SC121a3mr7aa2672107326 AbstractID CUSTOM = SA171g2h57a91039855599

	ROLE = LeftClickAt
	TARGET =
		WIDGET = WC1u4yxgu201001852223, WR4na8ob72534219213, WT4na8ob72534219213, WP3shum41c2253840902
		ROLE = UIATree
		TITLE = 
		SHAPE = Rect [x:660.0 y:416.0 w:180.0 h:178.0]
		CHILDREN = 8
		PATH = [0, 2, 0, 0, 3, 1, 1]
	DESCRIPTION = Left Click at ''
	TEXT = Compound Action =
		Move mouse to (750.0, 505.0).
		Press Mouse Button BUTTON1
		Release Mouse Button BUTTON1

ExecutedAction [24]: 
 @Action ConcreteID = ACi76o887e3312820551 AbstractID = AAi76o887e3312820551
 ConcreteID CUSTOM = ConcreteID CUSTOM not available AbstractID CUSTOM = AA5popw3803911617539
 @State ConcreteID = SCuy3sbh7a0371906197 AbstractID = SR1v7v09s75c696783457
 ConcreteID CUSTOM = SC121a3mr7aa2672107326 AbstractID CUSTOM = SA171g2h57a91039855599

	ROLE = LeftClickAt
	TARGET =
		WIDGET = WC19h71zr1c2745612408, WR88rmk0b1934231702, WT88rmk0b1934231702, WPqaifmt183472837339
		ROLE = UIACheckBox
		TITLE = 
		SHAPE = Rect [x:913.0 y:760.0 w:26.0 h:26.0]
		CHILDREN = 0
		PATH = [0, 2, 2, 10]
	DESCRIPTION = Left Click at ''
	TEXT = Compound Action =
		Move mouse to (926.0, 773.0).
		Press Mouse Button BUTTON1
		Release Mouse Button BUTTON1

ExecutedAction [25]: 
 @Action ConcreteID = ACi76o887e3312820551 AbstractID = AAi76o887e3312820551
 ConcreteID CUSTOM = ConcreteID CUSTOM not available AbstractID CUSTOM = AA5popw3803911617539
 @State ConcreteID = SCuy3sbh7a0371906197 AbstractID = SR1v7v09s75c696783457
 ConcreteID CUSTOM = SC121a3mr7aa2672107326 AbstractID CUSTOM = SA171g2h57a91039855599

	ROLE = LeftClickAt
	TARGET =
		WIDGET = WC19h71zr1c2745612408, WR88rmk0b1934231702, WT88rmk0b1934231702, WPqaifmt183472837339
		ROLE = UIACheckBox
		TITLE = 
		SHAPE = Rect [x:913.0 y:760.0 w:26.0 h:26.0]
		CHILDREN = 0
		PATH = [0, 2, 2, 10]
	DESCRIPTION = Left Click at ''
	TEXT = Compound Action =
		Move mouse to (926.0, 773.0).
		Press Mouse Button BUTTON1
		Release Mouse Button BUTTON1

ExecutedAction [26]: 
 @Action ConcreteID = AC5nw8uu7f3884953813 AbstractID = AA5nw8uu7f3884953813
 ConcreteID CUSTOM = ConcreteID CUSTOM not available AbstractID CUSTOM = AA18s4097812517788273
 @State ConcreteID = SCuy3sbh7a0371906197 AbstractID = SR1v7v09s75c696783457
 ConcreteID CUSTOM = SC121a3mr7aa2672107326 AbstractID CUSTOM = SA171g2h57a91039855599

	ROLE = LeftClickAt
	TARGET =
		WIDGET = WCrjt1ot321909871046, WR52qhb2b3065858412, WT1ehdiiy1954834150, WP1bh1dp72e702640402
		ROLE = UIAListItem
		TITLE = New folder (3)
		SHAPE = Rect [x:1079.0 y:418.0 w:116.0 h:143.0]
		CHILDREN = 0
		PATH = [0, 2, 0, 0, 3, 0, 2]
	DESCRIPTION = Left Click at 'New folder (3)'
	TEXT = Compound Action =
		Move mouse to (1137.0, 489.5).
		Press Mouse Button BUTTON1
		Release Mouse Button BUTTON1

ExecutedAction [27]: 
 @Action ConcreteID = AC12i0nct7f453109400 AbstractID = AA12i0nct7f453109400
 ConcreteID CUSTOM = ConcreteID CUSTOM not available AbstractID CUSTOM = AA6l4cs2811788620860
 @State ConcreteID = SCuy3sbh7a0371906197 AbstractID = SR1v7v09s75c696783457
 ConcreteID CUSTOM = SC121a3mr7aa2672107326 AbstractID CUSTOM = SA171g2h57a91039855599

	ROLE = LeftClickAt
	TARGET =
		WIDGET = WCr05x6g281360316707, WR5quxi6b4097176690, WT5quxi6b4097176690, WP1dzmfba241627119848
		ROLE = UIATreeItem
		TITLE = 
		SHAPE = Rect [x:1126.0 y:528.0 w:133.0 h:22.0]
		CHILDREN = 0
		PATH = [0, 2, 0, 0, 3, 0, 9, 17]
	DESCRIPTION = Left Click at ''
	TEXT = Compound Action =
		Move mouse to (1192.5, 539.0).
		Press Mouse Button BUTTON1
		Release Mouse Button BUTTON1

ExecutedAction [28]: 
 @Action ConcreteID = AC17n260i7f3888056737 AbstractID = AA17n260i7f3888056737
 ConcreteID CUSTOM = ConcreteID CUSTOM not available AbstractID CUSTOM = AAbq5vfr812518867717
 @State ConcreteID = SCuy3sbh7a0371906197 AbstractID = SR1v7v09s75c696783457
 ConcreteID CUSTOM = SC121a3mr7aa2672107326 AbstractID CUSTOM = SA171g2h57a91039855599

	ROLE = LeftClickAt
	TARGET =
		WIDGET = WC1hkkmef27212345864, WR5quxi6b4097176690, WT5quxi6b4097176690, WPzzd521232366570662
		ROLE = UIATreeItem
		TITLE = 
		SHAPE = Rect [x:1126.0 y:440.0 w:133.0 h:22.0]
		CHILDREN = 0
		PATH = [0, 2, 0, 0, 3, 0, 9, 5]
	DESCRIPTION = Left Click at ''
	TEXT = Compound Action =
		Move mouse to (1192.5, 451.0).
		Press Mouse Button BUTTON1
		Release Mouse Button BUTTON1

ExecutedAction [29]: 
 @Action ConcreteID = AC12i0nct7f453109400 AbstractID = AA12i0nct7f453109400
 ConcreteID CUSTOM = ConcreteID CUSTOM not available AbstractID CUSTOM = AA6l4cs2811788620860
 @State ConcreteID = SCuy3sbh7a0371906197 AbstractID = SR1v7v09s75c696783457
 ConcreteID CUSTOM = SC121a3mr7aa2672107326 AbstractID CUSTOM = SA171g2h57a91039855599

	ROLE = LeftClickAt
	TARGET =
		WIDGET = WCr05x6g281360316707, WR5quxi6b4097176690, WT5quxi6b4097176690, WP1dzmfba241627119848
		ROLE = UIATreeItem
		TITLE = 
		SHAPE = Rect [x:1126.0 y:528.0 w:133.0 h:22.0]
		CHILDREN = 0
		PATH = [0, 2, 0, 0, 3, 0, 9, 17]
	DESCRIPTION = Left Click at ''
	TEXT = Compound Action =
		Move mouse to (1192.5, 539.0).
		Press Mouse Button BUTTON1
		Release Mouse Button BUTTON1

ExecutedAction [30]: 
 @Action ConcreteID = AC1bojdfy7e2437589316 AbstractID = AA1bojdfy7e2437589316
 ConcreteID CUSTOM = ConcreteID CUSTOM not available AbstractID CUSTOM = AAz71f3t803172566016
 @State ConcreteID = SCuy3sbh7a0371906197 AbstractID = SR1v7v09s75c696783457
 ConcreteID CUSTOM = SC121a3mr7aa2672107326 AbstractID CUSTOM = SA171g2h57a91039855599

	ROLE = LeftClickAt
	TARGET =
		WIDGET = WC17gbru5323122144769, WR52qhb2b3065858412, WT1ehdijt191275405601, WP1w250572e1178851581
		ROLE = UIAListItem
		TITLE = New folder (4)
		SHAPE = Rect [x:847.0 y:561.0 w:116.0 h:143.0]
		CHILDREN = 0
		PATH = [0, 2, 0, 0, 3, 0, 3]
	DESCRIPTION = Left Click at 'New folder (4)'
	TEXT = Compound Action =
		Move mouse to (905.0, 632.5).
		Press Mouse Button BUTTON1
		Release Mouse Button BUTTON1

ExecutedAction [31]: 
 @Action ConcreteID = AC1n5lfhp7e3195492175 AbstractID = AA1n5lfhp7e3195492175
 ConcreteID CUSTOM = ConcreteID CUSTOM not available AbstractID CUSTOM = AA1ao3h5k802451864075
 @State ConcreteID = SCuy3sbh7a0371906197 AbstractID = SR1v7v09s75c696783457
 ConcreteID CUSTOM = SC121a3mr7aa2672107326 AbstractID CUSTOM = SA171g2h57a91039855599

	ROLE = LeftClickAt
	TARGET =
		WIDGET = WCsnsig1192662843092, WR1h6ibpb92248851252, WT1h6ibpb92248851252, WP8rujpv15692894424
		ROLE = UIAButton
		TITLE = 
		SHAPE = Rect [x:663.0 y:757.0 w:32.0 h:32.0]
		CHILDREN = 0
		PATH = [0, 2, 2, 2]
	DESCRIPTION = Left Click at ''
	TEXT = Compound Action =
		Move mouse to (679.0, 773.0).
		Press Mouse Button BUTTON1
		Release Mouse Button BUTTON1

ExecutedAction [32]: 
 @Action ConcreteID = AC8bh8ko7e2423900836 AbstractID = AA8bh8ko7e2423900836
 ConcreteID CUSTOM = ConcreteID CUSTOM not available AbstractID CUSTOM = AA1uv3c7n803156928480
 @State ConcreteID = SCuy3sbh7a0371906197 AbstractID = SR1v7v09s75c696783457
 ConcreteID CUSTOM = SC121a3mr7aa2672107326 AbstractID CUSTOM = SA171g2h57a91039855599

	ROLE = LeftClickAt
	TARGET =
		WIDGET = WC1shaoc7311706613686, WR5quxi6b4097176690, WT1iepar015637474325, WP1qep0kp2d3551964177
		ROLE = UIATreeItem
		TITLE = New folder
		SHAPE = Rect [x:866.0 y:440.0 w:180.0 h:22.0]
		CHILDREN = 0
		PATH = [0, 2, 0, 0, 3, 0, 9, 3]
	DESCRIPTION = Left Click at 'New folder'
	TEXT = Compound Action =
		Move mouse to (956.0, 451.0).
		Press Mouse Button BUTTON1
		Release Mouse Button BUTTON1

ExecutedAction [33]: 
 @Action ConcreteID = AC17rn9kd7e885856019 AbstractID = AA17rn9kd7e885856019
 ConcreteID CUSTOM = ConcreteID CUSTOM not available AbstractID CUSTOM = AAva5b8880413022807
 @State ConcreteID = SCuy3sbh7a0371906197 AbstractID = SR1v7v09s75c696783457
 ConcreteID CUSTOM = SC121a3mr7aa2672107326 AbstractID CUSTOM = SA171g2h57a91039855599

	ROLE = LeftClickAt
	TARGET =
		WIDGET = WCezylrw213754510323, WR1e04pz3e358922214, WT1e04pz3e358922214, WP1y99m6i1d2845979881
		ROLE = UIASplitButton
		TITLE = 
		SHAPE = Rect [x:977.0 y:394.0 w:23.0 h:22.0]
		CHILDREN = 0
		PATH = [0, 2, 0, 0, 1]
	DESCRIPTION = Left Click at ''
	TEXT = Compound Action =
		Move mouse to (988.5, 405.0).
		Press Mouse Button BUTTON1
		Release Mouse Button BUTTON1

ExecutedAction [34]: 
 @Action ConcreteID = AC1dqz30k7f3041726842 AbstractID = AA1dqz30k7f3041726842
 ConcreteID CUSTOM = ConcreteID CUSTOM not available AbstractID CUSTOM = AAdooe8j7f2758445970
 @State ConcreteID = SC6xvwcg8112268799325 AbstractID = SRc7tbxo7a52042341924
 ConcreteID CUSTOM = SC4dt6bf7f4370321651 AbstractID CUSTOM = SA1qpkj9i7f2226000706

	ROLE = LeftClickAt
	TARGET =
		WIDGET = WC19bwmmy332501865243, WR5quxi6b4097176690, WT19et3yg194041698554, WPdt98y42f4019938981
		ROLE = UIATreeItem
		TITLE = New folder (5)
		SHAPE = Rect [x:866.0 y:528.0 w:180.0 h:22.0]
		CHILDREN = 0
		PATH = [0, 2, 0, 0, 3, 0, 21]
	DESCRIPTION = Left Click at 'New folder (5)'
	TEXT = Compound Action =
		Move mouse to (956.0, 539.0).
		Press Mouse Button BUTTON1
		Release Mouse Button BUTTON1

ExecutedAction [35]: 
 @Action ConcreteID = ACezrg4t803229579097 AbstractID = AAezrg4t803229579097
 ConcreteID CUSTOM = ConcreteID CUSTOM not available AbstractID CUSTOM = AAxiczlq801858026121
 @State ConcreteID = SC6xvwcg8112268799325 AbstractID = SRc7tbxo7a52042341924
 ConcreteID CUSTOM = SC4dt6bf7f4370321651 AbstractID CUSTOM = SA1qpkj9i7f2226000706

	ROLE = LeftClickAt
	TARGET =
		WIDGET = WCsvuqy42a54345593, WR5quxi6b4097176690, WT195glfg104046578025, WP1s13nby26991959931
		ROLE = UIATreeItem
		TITLE = 00:11
		SHAPE = Rect [x:1046.0 y:616.0 w:80.0 h:22.0]
		CHILDREN = 0
		PATH = [0, 2, 0, 0, 3, 0, 34]
	DESCRIPTION = Left Click at '00:11'
	TEXT = Compound Action =
		Move mouse to (1086.0, 627.0).
		Press Mouse Button BUTTON1
		Release Mouse Button BUTTON1

ExecutedAction [36]: 
 @Action ConcreteID = AC9483ur7f3470751161 AbstractID = AA9483ur7f3470751161
 ConcreteID CUSTOM = ConcreteID CUSTOM not available AbstractID CUSTOM = AA1831h1u7f3757633361
 @State ConcreteID = SC6xvwcg8112268799325 AbstractID = SRc7tbxo7a52042341924
 ConcreteID CUSTOM = SC4dt6bf7f4370321651 AbstractID CUSTOM = SA1qpkj9i7f2226000706

	ROLE = LeftClickAt
	TARGET =
		WIDGET = WCkthkkb1d3341998097, WR10fgh33101836453781, WT10fgh33101836453781, WP34gkvd19258008662
		ROLE = UIACustomControl
		TITLE = 
		SHAPE = Rect [x:660.0 y:756.0 w:600.0 h:34.0]
		CHILDREN = 11
		PATH = [0, 2, 2]
	DESCRIPTION = Left Click at ''
	TEXT = Compound Action =
		Move mouse to (960.0, 773.0).
		Press Mouse Button BUTTON1
		Release Mouse Button BUTTON1

ExecutedAction [37]: 
 @Action ConcreteID = ACmsnj8t802751659914 AbstractID = AAmsnj8t802751659914
 ConcreteID CUSTOM = ConcreteID CUSTOM not available AbstractID CUSTOM = AA15b92pq80180531802
 @State ConcreteID = SC6xvwcg8112268799325 AbstractID = SRc7tbxo7a52042341924
 ConcreteID CUSTOM = SC4dt6bf7f4370321651 AbstractID CUSTOM = SA1qpkj9i7f2226000706

	ROLE = LeftClickAt
	TARGET =
		WIDGET = WC1qfsiwh252272163971, WR5quxi6b4097176690, WT5quxi6b4097176690, WPaj6v1f213644579093
		ROLE = UIATreeItem
		TITLE = 
		SHAPE = Rect [x:1046.0 y:594.0 w:80.0 h:22.0]
		CHILDREN = 0
		PATH = [0, 2, 0, 0, 3, 0, 31]
	DESCRIPTION = Left Click at ''
	TEXT = Compound Action =
		Move mouse to (1086.0, 605.0).
		Press Mouse Button BUTTON1
		Release Mouse Button BUTTON1

ExecutedAction [38]: 
 @Action ConcreteID = AC1f7a72y801105112926 AbstractID = AA1f7a72y801105112926
 ConcreteID CUSTOM = ConcreteID CUSTOM not available AbstractID CUSTOM = AA1xpvqjv804011778702
 @State ConcreteID = SC6xvwcg8112268799325 AbstractID = SRc7tbxo7a52042341924
 ConcreteID CUSTOM = SC4dt6bf7f4370321651 AbstractID CUSTOM = SA1qpkj9i7f2226000706

	ROLE = LeftClickAt
	TARGET =
		WIDGET = WCig1ffy22236015574, WR17v7k2nb1067391859, WT1e6tvxi153323975668, WP1lxqkho1e3332536470
		ROLE = UIAMenuItem
		TITLE = Help Alt+H
		SHAPE = Rect [x:1013.0 y:370.0 w:42.0 h:20.0]
		CHILDREN = 0
		PATH = [0, 1, 7]
	DESCRIPTION = Left Click at 'Help Alt+H'
	TEXT = Compound Action =
		Move mouse to (1034.0, 380.0).
		Press Mouse Button BUTTON1
		Release Mouse Button BUTTON1

ExecutedAction [39]: 
 @Action ConcreteID = AC1iw6sii7f2750513065 AbstractID = AA1iw6sii7f2750513065
 ConcreteID CUSTOM = ConcreteID CUSTOM not available AbstractID CUSTOM = AA2v16907e1228036202
 @State ConcreteID = SCjxvnt78731700724865 AbstractID = SRwdch5j8083663910931
 ConcreteID CUSTOM = SC130mphy8562933916948 AbstractID CUSTOM = SA1lwrgna85656078402

	ROLE = LeftClickAt
	TARGET =
		WIDGET = WCqo6bfv1b3993562100, WR88rmk0b1934231702, WT88rmk0b1934231702, WP5fia59171780392929
		ROLE = UIACheckBox
		TITLE = 
		SHAPE = Rect [x:887.0 y:760.0 w:26.0 h:26.0]
		CHILDREN = 0
		PATH = [0, 2, 2, 9]
	DESCRIPTION = Left Click at ''
	TEXT = Compound Action =
		Move mouse to (900.0, 773.0).
		Press Mouse Button BUTTON1
		Release Mouse Button BUTTON1

ExecutedAction [40]: 
 @Action ConcreteID = ACp6txtx7f1937404906 AbstractID = AAp6txtx7f1937404906
 ConcreteID CUSTOM = ConcreteID CUSTOM not available AbstractID CUSTOM = AA1o5nb107f1650321666
 @State ConcreteID = SC6xvwcg8112268799325 AbstractID = SRc7tbxo7a52042341924
 ConcreteID CUSTOM = SC4dt6bf7f4370321651 AbstractID CUSTOM = SA1qpkj9i7f2226000706

	ROLE = LeftClickAt
	TARGET =
		WIDGET = WC1cj90xv241472876304, WR1e04pz3e358922214, WT1e04pz3e358922214, WP163y8ad202550790949
		ROLE = UIASplitButton
		TITLE = 
		SHAPE = Rect [x:660.0 y:416.0 w:180.0 h:311.0]
		CHILDREN = 3
		PATH = [0, 2, 0, 0, 3, 1]
	DESCRIPTION = Left Click at ''
	TEXT = Compound Action =
		Move mouse to (750.0, 571.5).
		Press Mouse Button BUTTON1
		Release Mouse Button BUTTON1

ExecutedAction [41]: 
 @Action ConcreteID = ACix61tu801561651431 AbstractID = AAix61tu801561651431
 ConcreteID CUSTOM = ConcreteID CUSTOM not available AbstractID CUSTOM = AA11frlar804090799415
 @State ConcreteID = SC6xvwcg8112268799325 AbstractID = SRc7tbxo7a52042341924
 ConcreteID CUSTOM = SC4dt6bf7f4370321651 AbstractID CUSTOM = SA1qpkj9i7f2226000706

	ROLE = LeftClickAt
	TARGET =
		WIDGET = WC1qfshgt253067924079, WR5quxi6b4097176690, WT5quxi6b4097176690, WPaj6tlr213901320185
		ROLE = UIATreeItem
		TITLE = 
		SHAPE = Rect [x:1046.0 y:462.0 w:80.0 h:22.0]
		CHILDREN = 0
		PATH = [0, 2, 0, 0, 3, 0, 13]
	DESCRIPTION = Left Click at ''
	TEXT = Compound Action =
		Move mouse to (1086.0, 473.0).
		Press Mouse Button BUTTON1
		Release Mouse Button BUTTON1

ExecutedAction [42]: 
 @Action ConcreteID = ACejc68p7f399286043 AbstractID = AAejc68p7f399286043
 ConcreteID CUSTOM = ConcreteID CUSTOM not available AbstractID CUSTOM = AA1di5jfs7f116065779
 @State ConcreteID = SC6xvwcg8112268799325 AbstractID = SRc7tbxo7a52042341924
 ConcreteID CUSTOM = SC4dt6bf7f4370321651 AbstractID CUSTOM = SA1qpkj9i7f2226000706

	ROLE = LeftClickAt
	TARGET =
		WIDGET = WC11132ie26988553567, WR17v7k2nb1067391859, WT7kxrdw19266625713, WP1rp2dz8223396690116
		ROLE = UIAMenuItem
		TITLE = Playback Alt+l
		SHAPE = Rect [x:710.0 y:370.0 w:64.0 h:20.0]
		CHILDREN = 0
		PATH = [0, 1, 1]
	DESCRIPTION = Left Click at 'Playback Alt+l'
	TEXT = Compound Action =
		Move mouse to (742.0, 380.0).
		Press Mouse Button BUTTON1
		Release Mouse Button BUTTON1

ExecutedAction [43]: 
 @Action ConcreteID = AC1ttocyg7f1060834048 AbstractID = AA1ttocyg7f1060834048
 ConcreteID CUSTOM = ConcreteID CUSTOM not available AbstractID CUSTOM = AA1cefawl7f918043191
 @State ConcreteID = SC1m6ccz198c169033566 AbstractID = SR8vzsvx92014988102
 ConcreteID CUSTOM = SCdc4ybs975624580226 AbstractID CUSTOM = SAo5mf8k96b1209114888

	ROLE = LeftClickAt
	TARGET =
		WIDGET = WCsnsiim193522581523, WR1h6ibpb92248851252, WT1h6ibpb92248851252, WP8rujsg151712139295
		ROLE = UIAButton
		TITLE = 
		SHAPE = Rect [x:759.0 y:760.0 w:26.0 h:26.0]
		CHILDREN = 0
		PATH = [0, 2, 2, 5]
	DESCRIPTION = Left Click at ''
	TEXT = Compound Action =
		Move mouse to (772.0, 773.0).
		Press Mouse Button BUTTON1
		Release Mouse Button BUTTON1

ExecutedAction [44]: 
 @Action ConcreteID = AC11tjhj57f444908855 AbstractID = AA11tjhj57f444908855
 ConcreteID CUSTOM = ConcreteID CUSTOM not available AbstractID CUSTOM = AA1r8sr47f195256287
 @State ConcreteID = SC6xvwcg8112268799325 AbstractID = SRc7tbxo7a52042341924
 ConcreteID CUSTOM = SC4dt6bf7f4370321651 AbstractID CUSTOM = SA1qpkj9i7f2226000706

	ROLE = LeftClickAt
	TARGET =
		WIDGET = WCb8ooqm274034031447, WR5quxi6b4097176690, WT5quxi6b4097176690, WP1sol9dc231909804025
		ROLE = UIATreeItem
		TITLE = 
		SHAPE = Rect [x:665.0 y:542.0 w:158.0 h:26.0]
		CHILDREN = 0
		PATH = [0, 2, 0, 0, 3, 1, 1, 5]
	DESCRIPTION = Left Click at ''
	TEXT = Compound Action =
		Move mouse to (744.0, 555.0).
		Press Mouse Button BUTTON1
		Release Mouse Button BUTTON1

ExecutedAction [45]: 
 @Action ConcreteID = AC1qx8vtx801789090894 AbstractID = AA1qx8vtx801789090894
 ConcreteID CUSTOM = ConcreteID CUSTOM not available AbstractID CUSTOM = AAt0v7d0812633580249
 @State ConcreteID = SChi4yig5dc3913745354 AbstractID = SR1rg43q5a42003708486
 ConcreteID CUSTOM = SC1ytj1ql5d72732353608 AbstractID CUSTOM = SA1ojenw75d33134202704

	ROLE = LeftClickAt
	TARGET =
		WIDGET = WC101amh8324197401093, WR52qhb2b3065858412, WT1ehdin9193769657901, WP8cbdzu2e2773672835
		ROLE = UIAListItem
		TITLE = New folder (8)
		SHAPE = Rect [x:1079.0 y:704.0 w:116.0 h:143.0]
		CHILDREN = 0
		PATH = [0, 2, 0, 0, 3, 0, 8]
	DESCRIPTION = Left Click at 'New folder (8)'
	TEXT = Compound Action =
		Move mouse to (1137.0, 775.5).
		Press Mouse Button BUTTON1
		Release Mouse Button BUTTON1

ExecutedAction [46]: 
 @Action ConcreteID = AC1cilpqa804219727032 AbstractID = AA1cilpqa804219727032
 ConcreteID CUSTOM = ConcreteID CUSTOM not available AbstractID CUSTOM = AAem819d81232361519
 @State ConcreteID = SChi4yig5dc3913745354 AbstractID = SR1rg43q5a42003708486
 ConcreteID CUSTOM = SC1ytj1ql5d72732353608 AbstractID CUSTOM = SA1ojenw75d33134202704

	ROLE = LeftClickAt
	TARGET =
		WIDGET = WCtl4go5201565971266, WR4n4ygb71694219017, WT4n4ygb71694219017, WP5xk8j1c2699871611
		ROLE = UIAList
		TITLE = 
		SHAPE = Rect [x:845.0 y:416.0 w:415.0 h:311.0]
		CHILDREN = 7
		PATH = [0, 2, 0, 0, 3, 0, 9]
	DESCRIPTION = Left Click at ''
	TEXT = Compound Action =
		Move mouse to (1052.5, 571.5).
		Press Mouse Button BUTTON1
		Release Mouse Button BUTTON1

ExecutedAction [47]: 
 @Action ConcreteID = ACw3t2e67f1695238536 AbstractID = AAw3t2e67f1695238536
 ConcreteID CUSTOM = ConcreteID CUSTOM not available AbstractID CUSTOM = AA1xyq7bz802253358429
 @State ConcreteID = SChi4yig5dc3913745354 AbstractID = SR1rg43q5a42003708486
 ConcreteID CUSTOM = SC1ytj1ql5d72732353608 AbstractID CUSTOM = SA1ojenw75d33134202704

	ROLE = LeftClickAt
	TARGET =
		WIDGET = WCb8oon6272485037651, WR5quxi6b4097176690, WT5quxi6b4097176690, WP1sol99w23364482301
		ROLE = UIATreeItem
		TITLE = 
		SHAPE = Rect [x:660.0 y:442.0 w:163.0 h:26.0]
		CHILDREN = 0
		PATH = [0, 2, 0, 0, 3, 1, 1, 1]
	DESCRIPTION = Left Click at ''
	TEXT = Compound Action =
		Move mouse to (741.5, 455.0).
		Press Mouse Button BUTTON1
		Release Mouse Button BUTTON1

ExecutedAction [48]: 
 @Action ConcreteID = ACp6i5ar7f3825509328 AbstractID = AAp6i5ar7f3825509328
 ConcreteID CUSTOM = ConcreteID CUSTOM not available AbstractID CUSTOM = AA1y7us2h811584490737
 @State ConcreteID = SCgnmptf495567776262 AbstractID = SRx1ik4a474333690124
 ConcreteID CUSTOM = SC6r4qfq4943573535199 AbstractID CUSTOM = SA12laes84902498637855

	ROLE = LeftClickAt
	TARGET =
		WIDGET = WC5xpkbv1c2341201004, WR1p34e3y91942684430, WT1p34e3y91942684430, WP1apngjd183937737785
		ROLE = UIASlider
		TITLE = 
		SHAPE = Rect [x:1162.0 y:763.0 w:85.0 h:26.0]
		CHILDREN = 0
		PATH = [0, 2, 2, 0, 1]
	DESCRIPTION = Left Click at ''
	TEXT = Compound Action =
		Move mouse to (1204.5, 776.0).
		Press Mouse Button BUTTON1
		Release Mouse Button BUTTON1

ExecutedAction [49]: 
 @Action ConcreteID = ACbaukll7e826711696 AbstractID = AAbaukll7e826711696
 ConcreteID CUSTOM = ConcreteID CUSTOM not available AbstractID CUSTOM = AA1y1c6o3802495330916
 @State ConcreteID = SCgnmptf495567776262 AbstractID = SRx1ik4a474333690124
 ConcreteID CUSTOM = SC6r4qfq4943573535199 AbstractID CUSTOM = SA12laes84902498637855

	ROLE = LeftClickAt
	TARGET =
		WIDGET = WCb8oorh273680451732, WR5quxi6b4097176690, WT5quxi6b4097176690, WP1sol9e7231526208570
		ROLE = UIATreeItem
		TITLE = 
		SHAPE = Rect [x:660.0 y:568.0 w:163.0 h:22.0]
		CHILDREN = 0
		PATH = [0, 2, 0, 0, 3, 1, 1, 6]
	DESCRIPTION = Left Click at ''
	TEXT = Compound Action =
		Move mouse to (741.5, 579.0).
		Press Mouse Button BUTTON1
		Release Mouse Button BUTTON1

ExecutedAction [50]: 
 @Action ConcreteID = AC172xi3e7f2285892114 AbstractID = AA172xi3e7f2285892114
 ConcreteID CUSTOM = ConcreteID CUSTOM not available AbstractID CUSTOM = AAh362w081843725107
 @State ConcreteID = SCgnmptf495567776262 AbstractID = SRx1ik4a474333690124
 ConcreteID CUSTOM = SC6r4qfq4943573535199 AbstractID CUSTOM = SA12laes84902498637855

	ROLE = LeftClickAt
	TARGET =
		WIDGET = WCtl4gge202358536203, WR4n4ygb71694219017, WT4n4ygb71694219017, WP5xk0s1c1898872370
		ROLE = UIAList
		TITLE = 
		SHAPE = Rect [x:845.0 y:416.0 w:415.0 h:311.0]
		CHILDREN = 0
		PATH = [0, 2, 0, 0, 3, 0, 0]
	DESCRIPTION = Left Click at ''
	TEXT = Compound Action =
		Move mouse to (1052.5, 571.5).
		Press Mouse Button BUTTON1
		Release Mouse Button BUTTON1

ExecutedAction [51]: 
 @Action ConcreteID = AC82n72d7e3715425597 AbstractID = AA82n72d7e3715425597
 ConcreteID CUSTOM = ConcreteID CUSTOM not available AbstractID CUSTOM = AA1ut4t4v802022293961
 @State ConcreteID = SCgnmptf495567776262 AbstractID = SRx1ik4a474333690124
 ConcreteID CUSTOM = SC6r4qfq4943573535199 AbstractID CUSTOM = SA12laes84902498637855

	ROLE = LeftClickAt
	TARGET =
		WIDGET = WCsnsihr193371001170, WR1h6ibpb92248851252, WT1h6ibpb92248851252, WP8rujrl152132155742
		ROLE = UIAButton
		TITLE = 
		SHAPE = Rect [x:733.0 y:760.0 w:26.0 h:26.0]
		CHILDREN = 0
		PATH = [0, 2, 2, 4]
	DESCRIPTION = Left Click at ''
	TEXT = Compound Action =
		Move mouse to (746.0, 773.0).
		Press Mouse Button BUTTON1
		Release Mouse Button BUTTON1

ExecutedAction [52]: 
 @Action ConcreteID = AC1727fos7e2926901775 AbstractID = AA1727fos7e2926901775
 ConcreteID CUSTOM = ConcreteID CUSTOM not available AbstractID CUSTOM = AAurkzs680193584891
 @State ConcreteID = SCgnmptf495567776262 AbstractID = SRx1ik4a474333690124
 ConcreteID CUSTOM = SC6r4qfq4943573535199 AbstractID CUSTOM = SA12laes84902498637855

	ROLE = LeftClickAt
	TARGET =
		WIDGET = WCb8ooow272787690705, WR5quxi6b4097176690, WT5quxi6b4097176690, WP1sol9bm23663743615
		ROLE = UIATreeItem
		TITLE = 
		SHAPE = Rect [x:665.0 y:490.0 w:158.0 h:26.0]
		CHILDREN = 0
		PATH = [0, 2, 0, 0, 3, 1, 1, 3]
	DESCRIPTION = Left Click at ''
	TEXT = Compound Action =
		Move mouse to (744.0, 503.0).
		Press Mouse Button BUTTON1
		Release Mouse Button BUTTON1

ExecutedAction [53]: 
 @Action ConcreteID = AC1cn3b6j801780395474 AbstractID = AA1cn3b6j801780395474
 ConcreteID CUSTOM = ConcreteID CUSTOM not available AbstractID CUSTOM = AA1klisx081249859047
 @State ConcreteID = SC4pgz3e5de3107477963 AbstractID = SR1rg43q5a42003708486
 ConcreteID CUSTOM = SChjugqg5d73229799150 AbstractID CUSTOM = SA1ojenw75d33134202704

	ROLE = LeftClickAt
	TARGET =
		WIDGET = WCrjt1ot321909871046, WR52qhb2b3065858412, WT1ehdiiy1954834150, WP1bh1dp72e702640402
		ROLE = UIAListItem
		TITLE = New folder (3)
		SHAPE = Rect [x:1079.0 y:418.0 w:116.0 h:143.0]
		CHILDREN = 0
		PATH = [0, 2, 0, 0, 3, 0, 2]
	DESCRIPTION = Left Click at 'New folder (3)'
	TEXT = Compound Action =
		Move mouse to (1137.0, 489.5).
		Press Mouse Button BUTTON1
		Release Mouse Button BUTTON1

ExecutedAction [54]: 
 @Action ConcreteID = AC1dctlpq7f2072640959 AbstractID = AA1dctlpq7f2072640959
 ConcreteID CUSTOM = ConcreteID CUSTOM not available AbstractID CUSTOM = AAcy9fgl803926329510
 @State ConcreteID = SC4pgz3e5de3107477963 AbstractID = SR1rg43q5a42003708486
 ConcreteID CUSTOM = SChjugqg5d73229799150 AbstractID CUSTOM = SA1ojenw75d33134202704

	ROLE = LeftClickAt
	TARGET =
		WIDGET = WC1fbb2e920939640774, WR10fgh33101836453781, WT10fgh33101836453781, WPdopdxv1c2306111470
		ROLE = UIACustomControl
		TITLE = 
		SHAPE = Rect [x:660.0 y:391.0 w:600.0 h:339.0]
		CHILDREN = 4
		PATH = [0, 2, 0, 0]
	DESCRIPTION = Left Click at ''
	TEXT = Compound Action =
		Move mouse to (960.0, 560.5).
		Press Mouse Button BUTTON1
		Release Mouse Button BUTTON1

ExecutedAction [55]: 
 @Action ConcreteID = AC12z6abr7f3484874102 AbstractID = AA12z6abr7f3484874102
 ConcreteID CUSTOM = ConcreteID CUSTOM not available AbstractID CUSTOM = AA2km42m801580728431
 @State ConcreteID = SC4pgz3e5de3107477963 AbstractID = SR1rg43q5a42003708486
 ConcreteID CUSTOM = SChjugqg5d73229799150 AbstractID CUSTOM = SA1ojenw75d33134202704

	ROLE = LeftClickAt
	TARGET =
		WIDGET = WCsnsihr193371001170, WR1h6ibpb92248851252, WT1h6ibpb92248851252, WP8rujrl152132155742
		ROLE = UIAButton
		TITLE = 
		SHAPE = Rect [x:733.0 y:760.0 w:26.0 h:26.0]
		CHILDREN = 0
		PATH = [0, 2, 2, 4]
	DESCRIPTION = Left Click at ''
	TEXT = Compound Action =
		Move mouse to (746.0, 773.0).
		Press Mouse Button BUTTON1
		Release Mouse Button BUTTON1

ExecutedAction [56]: 
 @Action ConcreteID = ACnnvpt3803976630386 AbstractID = AAnnvpt3803976630386
 ConcreteID CUSTOM = ConcreteID CUSTOM not available AbstractID CUSTOM = AAvmb7jk812315040327
 @State ConcreteID = SC4pgz3e5de3107477963 AbstractID = SR1rg43q5a42003708486
 ConcreteID CUSTOM = SChjugqg5d73229799150 AbstractID CUSTOM = SA1ojenw75d33134202704

	ROLE = LeftClickAt
	TARGET =
		WIDGET = WC1lgowry351462282353, WR52qhb2b3065858412, WT1ehdime191730705122, WP1hhqyqo31730246806
		ROLE = UIAListItem
		TITLE = New folder (7)
		SHAPE = Rect [x:847.0 y:724.0 w:394.0 h:51.0]
		CHILDREN = 0
		PATH = [0, 2, 0, 0, 3, 0, 9, 6]
	DESCRIPTION = Left Click at 'New folder (7)'
	TEXT = Compound Action =
		Move mouse to (1044.0, 749.5).
		Press Mouse Button BUTTON1
		Release Mouse Button BUTTON1

ExecutedAction [57]: 
 @Action ConcreteID = ACep4v557f140139355 AbstractID = AAep4v557f140139355
 ConcreteID CUSTOM = ConcreteID CUSTOM not available AbstractID CUSTOM = AA1dboqv4802580852290
 @State ConcreteID = SC4pgz3e5de3107477963 AbstractID = SR1rg43q5a42003708486
 ConcreteID CUSTOM = SChjugqg5d73229799150 AbstractID CUSTOM = SA1ojenw75d33134202704

	ROLE = LeftClickAt
	TARGET =
		WIDGET = WC17gbru5323122144769, WR52qhb2b3065858412, WT1ehdijt191275405601, WP1w250572e1178851581
		ROLE = UIAListItem
		TITLE = New folder (4)
		SHAPE = Rect [x:847.0 y:561.0 w:116.0 h:143.0]
		CHILDREN = 0
		PATH = [0, 2, 0, 0, 3, 0, 3]
	DESCRIPTION = Left Click at 'New folder (4)'
	TEXT = Compound Action =
		Move mouse to (905.0, 632.5).
		Press Mouse Button BUTTON1
		Release Mouse Button BUTTON1

ExecutedAction [58]: 
 @Action ConcreteID = ACas8r9k7f2917000460 AbstractID = AAas8r9k7f2917000460
 ConcreteID CUSTOM = ConcreteID CUSTOM not available AbstractID CUSTOM = AA19esmzj801012076565
 @State ConcreteID = SC4pgz3e5de3107477963 AbstractID = SR1rg43q5a42003708486
 ConcreteID CUSTOM = SChjugqg5d73229799150 AbstractID CUSTOM = SA1ojenw75d33134202704

	ROLE = LeftClickAt
	TARGET =
		WIDGET = WCezylrw213754510323, WR1e04pz3e358922214, WT1e04pz3e358922214, WP1y99m6i1d2845979881
		ROLE = UIASplitButton
		TITLE = 
		SHAPE = Rect [x:977.0 y:394.0 w:23.0 h:22.0]
		CHILDREN = 0
		PATH = [0, 2, 0, 0, 1]
	DESCRIPTION = Left Click at ''
	TEXT = Compound Action =
		Move mouse to (988.5, 405.0).
		Press Mouse Button BUTTON1
		Release Mouse Button BUTTON1

ExecutedAction [59]: 
 @Action ConcreteID = ACcd1egs81452691424 AbstractID = AAcd1egs81452691424
 ConcreteID CUSTOM = ConcreteID CUSTOM not available AbstractID CUSTOM = AA1a2wfeh813398551420
 @State ConcreteID = SC1hjg2xc5dd1758493344 AbstractID = SR1jzk2865a43049712657
 ConcreteID CUSTOM = SCmt75t45da1500702819 AbstractID CUSTOM = SA134lwue5cc2322789350

	ROLE = LeftClickAt
	TARGET =
		WIDGET = WCbnabjh32880220484, WR52qhb2b3065858412, WT1ehdii319442466983, WPqvxr972e2579482629
		ROLE = UIAListItem
		TITLE = New folder (2)
		SHAPE = Rect [x:847.0 y:469.0 w:394.0 h:51.0]
		CHILDREN = 0
		PATH = [0, 2, 0, 0, 3, 0, 1]
	DESCRIPTION = Left Click at 'New folder (2)'
	TEXT = Compound Action =
		Move mouse to (1044.0, 494.5).
		Press Mouse Button BUTTON1
		Release Mouse Button BUTTON1

ExecutedAction [60]: 
 @Action ConcreteID = AC13os5yk804222793172 AbstractID = AA13os5yk804222793172
 ConcreteID CUSTOM = ConcreteID CUSTOM not available AbstractID CUSTOM = AAr10idr804058439217
 @State ConcreteID = SC1hjg2xc5dd1758493344 AbstractID = SR1jzk2865a43049712657
 ConcreteID CUSTOM = SCmt75t45da1500702819 AbstractID CUSTOM = SA134lwue5cc2322789350

	ROLE = LeftClickAt
	TARGET =
		WIDGET = WCb8ooow272787690705, WR5quxi6b4097176690, WT5quxi6b4097176690, WP1sol9bm23663743615
		ROLE = UIATreeItem
		TITLE = 
		SHAPE = Rect [x:665.0 y:490.0 w:158.0 h:26.0]
		CHILDREN = 0
		PATH = [0, 2, 0, 0, 3, 1, 1, 3]
	DESCRIPTION = Left Click at ''
	TEXT = Compound Action =
		Move mouse to (744.0, 503.0).
		Press Mouse Button BUTTON1
		Release Mouse Button BUTTON1

ExecutedAction [61]: 
 @Action ConcreteID = ACbvvxeu811299607845 AbstractID = AAbvvxeu811299607845
 ConcreteID CUSTOM = ConcreteID CUSTOM not available AbstractID CUSTOM = AA19lqycj812635871161
 @State ConcreteID = SC1hjg2xc5dd1758493344 AbstractID = SR1jzk2865a43049712657
 ConcreteID CUSTOM = SCmt75t45da1500702819 AbstractID CUSTOM = SA134lwue5cc2322789350

	ROLE = LeftClickAt
	TARGET =
		WIDGET = WC1ncuhzh322614471559, WR52qhb2b3065858412, WT1ehdiko191428034656, WPhm4km32e2456921326
		ROLE = UIAListItem
		TITLE = New folder (5)
		SHAPE = Rect [x:847.0 y:622.0 w:394.0 h:51.0]
		CHILDREN = 0
		PATH = [0, 2, 0, 0, 3, 0, 4]
	DESCRIPTION = Left Click at 'New folder (5)'
	TEXT = Compound Action =
		Move mouse to (1044.0, 647.5).
		Press Mouse Button BUTTON1
		Release Mouse Button BUTTON1

ExecutedAction [62]: 
 @Action ConcreteID = AC9jw6hm812573942529 AbstractID = AA9jw6hm812573942529
 ConcreteID CUSTOM = ConcreteID CUSTOM not available AbstractID CUSTOM = AA179r7fb811224834461
 @State ConcreteID = SC1hjg2xc5dd1758493344 AbstractID = SR1jzk2865a43049712657
 ConcreteID CUSTOM = SCmt75t45da1500702819 AbstractID CUSTOM = SA134lwue5cc2322789350

	ROLE = LeftClickAt
	TARGET =
		WIDGET = WC1qs18f826210102959, WR10fgh33101836453781, WT10fgh33101836453781, WP1bkbbdi221874895209
		ROLE = UIACustomControl
		TITLE = 
		SHAPE = Rect [x:845.0 y:416.0 w:415.0 h:311.0]
		CHILDREN = 8
		PATH = [0, 2, 0, 0, 3, 0]
	DESCRIPTION = Left Click at ''
	TEXT = Compound Action =
		Move mouse to (1052.5, 571.5).
		Press Mouse Button BUTTON1
		Release Mouse Button BUTTON1

ExecutedAction [63]: 
 @Action ConcreteID = ACwrcpd6803582381971 AbstractID = AAwrcpd6803582381971
 ConcreteID CUSTOM = ConcreteID CUSTOM not available AbstractID CUSTOM = AAk3l1sd803755123830
 @State ConcreteID = SC1hjg2xc5dd1758493344 AbstractID = SR1jzk2865a43049712657
 ConcreteID CUSTOM = SCmt75t45da1500702819 AbstractID CUSTOM = SA134lwue5cc2322789350

	ROLE = LeftClickAt
	TARGET =
		WIDGET = WCsnsil7191683499614, WR1h6ibpb92248851252, WT1h6ibpb92248851252, WP8rujv1153550696018
		ROLE = UIAButton
		TITLE = 
		SHAPE = Rect [x:849.0 y:760.0 w:26.0 h:26.0]
		CHILDREN = 0
		PATH = [0, 2, 2, 8]
	DESCRIPTION = Left Click at ''
	TEXT = Compound Action =
		Move mouse to (862.0, 773.0).
		Press Mouse Button BUTTON1
		Release Mouse Button BUTTON1

ExecutedAction [64]: 
 @Action ConcreteID = AC14qbvfo801978713149 AbstractID = AA14qbvfo801978713149
 ConcreteID CUSTOM = ConcreteID CUSTOM not available AbstractID CUSTOM = AAvsdmn17f1763610848
 @State ConcreteID = SC1rl1opt9771268776317 AbstractID = SRin9jj49271809373295
 ConcreteID CUSTOM = SCez83dx9881491579888 AbstractID CUSTOM = SA34h9nn9671448915348

	ROLE = LeftClickAt
	TARGET =
		WIDGET = WC1lhezkt19492590221, WR1h6ibpb92248851252, WT1h6ibpb92248851252, WP11lh0un152863082625
		ROLE = UIAButton
		TITLE = 
		SHAPE = Rect [x:759.0 y:760.0 w:26.0 h:26.0]
		CHILDREN = 0
		PATH = [0, 3, 2, 5]
	DESCRIPTION = Left Click at ''
	TEXT = Compound Action =
		Move mouse to (772.0, 773.0).
		Press Mouse Button BUTTON1
		Release Mouse Button BUTTON1

ExecutedAction [65]: 
 @Action ConcreteID = AC15ynb2780660640 AbstractID = AA15ynb2780660640
 ConcreteID CUSTOM = ConcreteID CUSTOM not available AbstractID CUSTOM = AAx0p29k7f484720765
 @State ConcreteID = SC1rl1opt9771268776317 AbstractID = SRin9jj49271809373295
 ConcreteID CUSTOM = SCez83dx9881491579888 AbstractID CUSTOM = SA34h9nn9671448915348

	ROLE = LeftClickAt
	TARGET =
		WIDGET = WC1eo6ssr352373922134, WR52qhb2b3065858412, WT1ehdime191730705122, WP1ap8urh314057017265
		ROLE = UIAListItem
		TITLE = New folder (7)
		SHAPE = Rect [x:847.0 y:704.0 w:116.0 h:143.0]
		CHILDREN = 0
		PATH = [0, 3, 0, 0, 3, 0, 7, 6]
	DESCRIPTION = Left Click at 'New folder (7)'
	TEXT = Compound Action =
		Move mouse to (905.0, 775.5).
		Press Mouse Button BUTTON1
		Release Mouse Button BUTTON1

ExecutedAction [66]: 
 @Action ConcreteID = AC1jayv0m801979674720 AbstractID = AA1jayv0m801979674720
 ConcreteID CUSTOM = ConcreteID CUSTOM not available AbstractID CUSTOM = AA1ad0m7z7f1762731197
 @State ConcreteID = SC1rl1opt9771268776317 AbstractID = SRin9jj49271809373295
 ConcreteID CUSTOM = SCez83dx9881491579888 AbstractID CUSTOM = SA34h9nn9671448915348

	ROLE = LeftClickAt
	TARGET =
		WIDGET = WCku1d4t1d3514802786, WR10fgh33101836453781, WT10fgh33101836453781, WP350dfv19422419493
		ROLE = UIACustomControl
		TITLE = 
		SHAPE = Rect [x:660.0 y:730.0 w:600.0 h:26.0]
		CHILDREN = 3
		PATH = [0, 3, 1]
	DESCRIPTION = Left Click at ''
	TEXT = Compound Action =
		Move mouse to (960.0, 743.0).
		Press Mouse Button BUTTON1
		Release Mouse Button BUTTON1

ExecutedAction [67]: 
 @Action ConcreteID = AC1k13lgv804266576435 AbstractID = AA1k13lgv804266576435
 ConcreteID CUSTOM = ConcreteID CUSTOM not available AbstractID CUSTOM = AA1b35co87f3802177262
 @State ConcreteID = SC1rl1opt9771268776317 AbstractID = SRin9jj49271809373295
 ConcreteID CUSTOM = SCez83dx9881491579888 AbstractID CUSTOM = SA34h9nn9671448915348

	ROLE = LeftClickAt
	TARGET =
		WIDGET = WC1pmpjm1233635091165, WR17v7k2nb1067391859, WT1p8hf68161996799177, WP19o0bpz1f64902350
		ROLE = UIAMenuItem
		TITLE = Video Alt+V
		SHAPE = Rect [x:823.0 y:370.0 w:47.0 h:20.0]
		CHILDREN = 0
		PATH = [0, 2, 3]
	DESCRIPTION = Left Click at 'Video Alt+V'
	TEXT = Compound Action =
		Move mouse to (846.5, 380.0).
		Press Mouse Button BUTTON1
		Release Mouse Button BUTTON1

ExecutedAction [68]: 
 @Action ConcreteID = AC1fd1kjj802990151234 AbstractID = AA1fd1kjj802990151234
 ConcreteID CUSTOM = ConcreteID CUSTOM not available AbstractID CUSTOM = AA8b1jj1802624139113
 @State ConcreteID = SC15qxc9haa33054620585 AbstractID = SRdqutq9a521369950640
 ConcreteID CUSTOM = SC1ogqcdsab6473196659 AbstractID CUSTOM = SA1tvdt6ka932499751510

	ROLE = LeftClickAt
	TARGET =
		WIDGET = WC1wrqmi2234196699901, WR17v7k2nb1067391859, WTwtxn65161410781764, WPzqtl881f1988517030
		ROLE = UIAMenuItem
		TITLE = Tools Alt+s
		SHAPE = Rect [x:927.0 y:370.0 w:45.0 h:20.0]
		CHILDREN = 0
		PATH = [0, 2, 5]
	DESCRIPTION = Left Click at 'Tools Alt+s'
	TEXT = Compound Action =
		Move mouse to (949.5, 380.0).
		Press Mouse Button BUTTON1
		Release Mouse Button BUTTON1

ExecutedAction [69]: 
 @Action ConcreteID = AC327ys9803992051847 AbstractID = AA327ys9803992051847
 ConcreteID CUSTOM = ConcreteID CUSTOM not available AbstractID CUSTOM = AA1t5dryq7f4045386842
 @State ConcreteID = SC1rl1opt9771268776317 AbstractID = SRin9jj49271809373295
 ConcreteID CUSTOM = SCez83dx9881491579888 AbstractID CUSTOM = SA34h9nn9671448915348

	ROLE = LeftClickAt
	TARGET =
		WIDGET = WCfl317c1c3034426427, WR88rmk0b1934231702, WT88rmk0b1934231702, WP1vfigti183649330840
		ROLE = UIACheckBox
		TITLE = 
		SHAPE = Rect [x:913.0 y:760.0 w:26.0 h:26.0]
		CHILDREN = 0
		PATH = [0, 3, 2, 10]
	DESCRIPTION = Left Click at ''
	TEXT = Compound Action =
		Move mouse to (926.0, 773.0).
		Press Mouse Button BUTTON1
		Release Mouse Button BUTTON1

ExecutedAction [70]: 
 @Action ConcreteID = AC1qnm08y812147415020 AbstractID = AA1qnm08y812147415020
 ConcreteID CUSTOM = ConcreteID CUSTOM not available AbstractID CUSTOM = AA1xjknhl802273358801
 @State ConcreteID = SC1rl1opt9771268776317 AbstractID = SRin9jj49271809373295
 ConcreteID CUSTOM = SCez83dx9881491579888 AbstractID CUSTOM = SA34h9nn9671448915348

	ROLE = LeftClickAt
	TARGET =
		WIDGET = WC1fyul2g201148401039, WR4n4ygb71694219017, WT4n4ygb71694219017, WPmjnomu1c3116966838
		ROLE = UIAList
		TITLE = 
		SHAPE = Rect [x:845.0 y:416.0 w:415.0 h:311.0]
		CHILDREN = 9
		PATH = [0, 3, 0, 0, 3, 0, 7]
	DESCRIPTION = Left Click at ''
	TEXT = Compound Action =
		Move mouse to (1052.5, 571.5).
		Press Mouse Button BUTTON1
		Release Mouse Button BUTTON1

ExecutedAction [71]: 
 @Action ConcreteID = ACj8xy25803180426388 AbstractID = AAj8xy25803180426388
 ConcreteID CUSTOM = ConcreteID CUSTOM not available AbstractID CUSTOM = AAaazp9i7f2709463113
 @State ConcreteID = SC1rl1opt9771268776317 AbstractID = SRin9jj49271809373295
 ConcreteID CUSTOM = SCez83dx9881491579888 AbstractID CUSTOM = SA34h9nn9671448915348

	ROLE = LeftClickAt
	TARGET =
		WIDGET = WCksdzcq1d2531252402, WR10fgh33101836453781, WT10fgh33101836453781, WP33czns191586358005
		ROLE = UIACustomControl
		TITLE = 
		SHAPE = Rect [x:250.0 y:372.0 w:400.0 h:387.0]
		CHILDREN = 2
		PATH = [0, 0, 1]
	DESCRIPTION = Left Click at ''
	TEXT = Compound Action =
		Move mouse to (450.0, 565.5).
		Press Mouse Button BUTTON1
		Release Mouse Button BUTTON1

ExecutedAction [72]: 
 @Action ConcreteID = ACp95aq3812529778013 AbstractID = AAp95aq3812529778013
 ConcreteID CUSTOM = ConcreteID CUSTOM not available AbstractID CUSTOM = AAw53xyq801857493344
 @State ConcreteID = SC1rl1opt9771268776317 AbstractID = SRin9jj49271809373295
 ConcreteID CUSTOM = SCez83dx9881491579888 AbstractID CUSTOM = SA34h9nn9671448915348

	ROLE = LeftClickAt
	TARGET =
		WIDGET = WC1euxceh35422619950, WR52qhb2b3065858412, WT1ehdin9193769657901, WP1b7pptn311696615530
		ROLE = UIAListItem
		TITLE = New folder (8)
		SHAPE = Rect [x:963.0 y:704.0 w:116.0 h:143.0]
		CHILDREN = 0
		PATH = [0, 3, 0, 0, 3, 0, 7, 7]
	DESCRIPTION = Left Click at 'New folder (8)'
	TEXT = Compound Action =
		Move mouse to (1021.0, 775.5).
		Press Mouse Button BUTTON1
		Release Mouse Button BUTTON1

ExecutedAction [73]: 
 @Action ConcreteID = AC1jayv0m801979674720 AbstractID = AA1jayv0m801979674720
 ConcreteID CUSTOM = ConcreteID CUSTOM not available AbstractID CUSTOM = AA1ad0m7z7f1762731197
 @State ConcreteID = SC1rl1opt9771268776317 AbstractID = SRin9jj49271809373295
 ConcreteID CUSTOM = SCez83dx9881491579888 AbstractID CUSTOM = SA34h9nn9671448915348

	ROLE = LeftClickAt
	TARGET =
		WIDGET = WCku1d4t1d3514802786, WR10fgh33101836453781, WT10fgh33101836453781, WP350dfv19422419493
		ROLE = UIACustomControl
		TITLE = 
		SHAPE = Rect [x:660.0 y:730.0 w:600.0 h:26.0]
		CHILDREN = 3
		PATH = [0, 3, 1]
	DESCRIPTION = Left Click at ''
	TEXT = Compound Action =
		Move mouse to (960.0, 743.0).
		Press Mouse Button BUTTON1
		Release Mouse Button BUTTON1

ExecutedAction [74]: 
 @Action ConcreteID = AC1dfnyqk80285668510 AbstractID = AA1dfnyqk80285668510
 ConcreteID CUSTOM = ConcreteID CUSTOM not available AbstractID CUSTOM = AA14hppxx7f233349187
 @State ConcreteID = SC1rl1opt9771268776317 AbstractID = SRin9jj49271809373295
 ConcreteID CUSTOM = SCez83dx9881491579888 AbstractID CUSTOM = SA34h9nn9671448915348

	ROLE = LeftClickAt
	TARGET =
		WIDGET = WCydso2f2b1726600213, WR1p34e3y91942684430, WT1p34e3y91942684430, WP1oepz2h273487174085
		ROLE = UIASlider
		TITLE = 
		SHAPE = Rect [x:397.0 y:471.0 w:22.0 h:225.0]
		CHILDREN = 0
		PATH = [0, 0, 1, 0, 0, 0, 0, 0, 6, 2]
	DESCRIPTION = Left Click at ''
	TEXT = Compound Action =
		Move mouse to (408.0, 583.5).
		Press Mouse Button BUTTON1
		Release Mouse Button BUTTON1

ExecutedAction [75]: 
 @Action ConcreteID = AC1h6m4gu802790638491 AbstractID = AA1h6m4gu802790638491
 ConcreteID CUSTOM = ConcreteID CUSTOM not available AbstractID CUSTOM = AA188nvo77f3132856134
 @State ConcreteID = SC1rl1opt9771268776317 AbstractID = SRin9jj49271809373295
 ConcreteID CUSTOM = SCez83dx9881491579888 AbstractID CUSTOM = SA34h9nn9671448915348

	ROLE = LeftClickAt
	TARGET =
		WIDGET = WC4ha5up274051276053, WR5quxi6b4097176690, WT5quxi6b4097176690, WP1lx6qhf231893643707
		ROLE = UIATreeItem
		TITLE = 
		SHAPE = Rect [x:660.0 y:442.0 w:163.0 h:26.0]
		CHILDREN = 0
		PATH = [0, 3, 0, 0, 3, 1, 1, 1]
	DESCRIPTION = Left Click at ''
	TEXT = Compound Action =
		Move mouse to (741.5, 455.0).
		Press Mouse Button BUTTON1
		Release Mouse Button BUTTON1

ExecutedAction [76]: 
 @Action ConcreteID = AC1xdaeb57f653174886 AbstractID = AA1xdaeb57f653174886
 ConcreteID CUSTOM = ConcreteID CUSTOM not available AbstractID CUSTOM = AA1xue5xk801236503645
 @State ConcreteID = SCuz7jjp8303758477466 AbstractID = SR1yfevkg7f71642670254
 ConcreteID CUSTOM = SCmgzpu38453996134176 AbstractID CUSTOM = SA1hsge2l82a4019574750

	ROLE = LeftClickAt
	TARGET =
		WIDGET = WC14695eq243401952870, WR1e04pz3e358922214, WT1e04pz3e358922214, WPxqycr82084286035
		ROLE = UIASplitButton
		TITLE = 
		SHAPE = Rect [x:660.0 y:416.0 w:180.0 h:311.0]
		CHILDREN = 3
		PATH = [0, 3, 0, 0, 3, 1]
	DESCRIPTION = Left Click at ''
	TEXT = Compound Action =
		Move mouse to (750.0, 571.5).
		Press Mouse Button BUTTON1
		Release Mouse Button BUTTON1

ExecutedAction [77]: 
 @Action ConcreteID = AC57aem802777019534 AbstractID = AA57aem802777019534
 ConcreteID CUSTOM = ConcreteID CUSTOM not available AbstractID CUSTOM = AAevg2pj81350306446
 @State ConcreteID = SCuz7jjp8303758477466 AbstractID = SR1yfevkg7f71642670254
 ConcreteID CUSTOM = SCmgzpu38453996134176 AbstractID CUSTOM = SA1hsge2l82a4019574750

	ROLE = LeftClickAt
	TARGET =
		WIDGET = WCigl81b221236350214, WR17v7k2nb1067391859, WT1e6tvxi153323975668, WP1lyad311e2164392518
		ROLE = UIAMenuItem
		TITLE = Help Alt+H
		SHAPE = Rect [x:1013.0 y:370.0 w:42.0 h:20.0]
		CHILDREN = 0
		PATH = [0, 2, 7]
	DESCRIPTION = Left Click at 'Help Alt+H'
	TEXT = Compound Action =
		Move mouse to (1034.0, 380.0).
		Press Mouse Button BUTTON1
		Release Mouse Button BUTTON1

ExecutedAction [78]: 
 @Action ConcreteID = AC1ygs30w80486649209 AbstractID = AA1ygs30w80486649209
 ConcreteID CUSTOM = ConcreteID CUSTOM not available AbstractID CUSTOM = AAo8n6jt802899532351
 @State ConcreteID = SC9qblzq8923352084438 AbstractID = SRtm6or385a499366457
 ConcreteID CUSTOM = SC181zcqc8a73740197244 AbstractID CUSTOM = SA1bohgib88e415795276

	ROLE = LeftClickAt
	TARGET =
		WIDGET = WC94x2o2202389414968, WR10fgh33101836453781, WT10fgh33101836453781, WP16jfg6s1c1058939920
		ROLE = UIACustomControl
		TITLE = 
		SHAPE = Rect [x:1146.0 y:757.0 w:101.0 h:32.0]
		CHILDREN = 2
		PATH = [0, 3, 2, 0]
	DESCRIPTION = Left Click at ''
	TEXT = Compound Action =
		Move mouse to (1196.5, 773.0).
		Press Mouse Button BUTTON1
		Release Mouse Button BUTTON1

ExecutedAction [79]: 
 @Action ConcreteID = AC2ay7587f3059794249 AbstractID = AA2ay7587f3059794249
 ConcreteID CUSTOM = ConcreteID CUSTOM not available AbstractID CUSTOM = AA2s1yrn803644712306
 @State ConcreteID = SCuz7jjp8303758477466 AbstractID = SR1yfevkg7f71642670254
 ConcreteID CUSTOM = SCmgzpu38453996134176 AbstractID CUSTOM = SA1hsge2l82a4019574750

	ROLE = LeftClickAt
	TARGET =
		WIDGET = WC4ha5vk273662987990, WR5quxi6b4097176690, WT5quxi6b4097176690, WP1lx6qia231542710904
		ROLE = UIATreeItem
		TITLE = 
		SHAPE = Rect [x:660.0 y:468.0 w:163.0 h:22.0]
		CHILDREN = 0
		PATH = [0, 3, 0, 0, 3, 1, 1, 2]
	DESCRIPTION = Left Click at ''
	TEXT = Compound Action =
		Move mouse to (741.5, 479.0).
		Press Mouse Button BUTTON1
		Release Mouse Button BUTTON1

ExecutedAction [80]: 
 @Action ConcreteID = ACh0cjje7f47148336 AbstractID = AAh0cjje7f47148336
 ConcreteID CUSTOM = ConcreteID CUSTOM not available AbstractID CUSTOM = AAhhgb5t801838303499
 @State ConcreteID = SCuz7jjp8303758477466 AbstractID = SR1yfevkg7f71642670254
 ConcreteID CUSTOM = SCmgzpu38453996134176 AbstractID CUSTOM = SA1hsge2l82a4019574750

	ROLE = LeftClickAt
	TARGET =
		WIDGET = WC4ha5up274051276053, WR5quxi6b4097176690, WT5quxi6b4097176690, WP1lx6qhf231893643707
		ROLE = UIATreeItem
		TITLE = 
		SHAPE = Rect [x:660.0 y:442.0 w:163.0 h:26.0]
		CHILDREN = 0
		PATH = [0, 3, 0, 0, 3, 1, 1, 1]
	DESCRIPTION = Left Click at ''
	TEXT = Compound Action =
		Move mouse to (741.5, 455.0).
		Press Mouse Button BUTTON1
		Release Mouse Button BUTTON1

ExecutedAction [81]: 
 @Action ConcreteID = AC1jipkic7f1495071964 AbstractID = AA1jipkic7f1495071964
 ConcreteID CUSTOM = ConcreteID CUSTOM not available AbstractID CUSTOM = AA1jztc4r80910285031
 @State ConcreteID = SCuz7jjp8303758477466 AbstractID = SR1yfevkg7f71642670254
 ConcreteID CUSTOM = SCmgzpu38453996134176 AbstractID CUSTOM = SA1hsge2l82a4019574750

	ROLE = LeftClickAt
	TARGET =
		WIDGET = WCydso0p2b1423947415, WR1p34e3y91942684430, WT1p34e3y91942684430, WP1oepz0r274260130631
		ROLE = UIASlider
		TITLE = 
		SHAPE = Rect [x:341.0 y:471.0 w:22.0 h:225.0]
		CHILDREN = 0
		PATH = [0, 0, 1, 0, 0, 0, 0, 0, 6, 0]
	DESCRIPTION = Left Click at ''
	TEXT = Compound Action =
		Move mouse to (352.0, 583.5).
		Press Mouse Button BUTTON1
		Release Mouse Button BUTTON1

ExecutedAction [82]: 
 @Action ConcreteID = AC2ay7587f3059794249 AbstractID = AA2ay7587f3059794249
 ConcreteID CUSTOM = ConcreteID CUSTOM not available AbstractID CUSTOM = AA2s1yrn803644712306
 @State ConcreteID = SCuz7jjp8303758477466 AbstractID = SR1yfevkg7f71642670254
 ConcreteID CUSTOM = SCmgzpu38453996134176 AbstractID CUSTOM = SA1hsge2l82a4019574750

	ROLE = LeftClickAt
	TARGET =
		WIDGET = WC4ha5vk273662987990, WR5quxi6b4097176690, WT5quxi6b4097176690, WP1lx6qia231542710904
		ROLE = UIATreeItem
		TITLE = 
		SHAPE = Rect [x:660.0 y:468.0 w:163.0 h:22.0]
		CHILDREN = 0
		PATH = [0, 3, 0, 0, 3, 1, 1, 2]
	DESCRIPTION = Left Click at ''
	TEXT = Compound Action =
		Move mouse to (741.5, 479.0).
		Press Mouse Button BUTTON1
		Release Mouse Button BUTTON1

ExecutedAction [83]: 
 @Action ConcreteID = AC1snp3o4803179819467 AbstractID = AA1snp3o4803179819467
 ConcreteID CUSTOM = ConcreteID CUSTOM not available AbstractID CUSTOM = AA8cttzx81216827339
 @State ConcreteID = SCuz7jjp8303758477466 AbstractID = SR1yfevkg7f71642670254
 ConcreteID CUSTOM = SCmgzpu38453996134176 AbstractID CUSTOM = SA1hsge2l82a4019574750

	ROLE = LeftClickAt
	TARGET =
		WIDGET = WC94x2o2202389414968, WR10fgh33101836453781, WT10fgh33101836453781, WP16jfg6s1c1058939920
		ROLE = UIACustomControl
		TITLE = 
		SHAPE = Rect [x:1146.0 y:757.0 w:101.0 h:32.0]
		CHILDREN = 2
		PATH = [0, 3, 2, 0]
	DESCRIPTION = Left Click at ''
	TEXT = Compound Action =
		Move mouse to (1196.5, 773.0).
		Press Mouse Button BUTTON1
		Release Mouse Button BUTTON1

ExecutedAction [84]: 
 @Action ConcreteID = AC1x5omdm7f3466859757 AbstractID = AA1x5omdm7f3466859757
 ConcreteID CUSTOM = ConcreteID CUSTOM not available AbstractID CUSTOM = AA1xmse01802717462742
 @State ConcreteID = SCuz7jjp8303758477466 AbstractID = SR1yfevkg7f71642670254
 ConcreteID CUSTOM = SCmgzpu38453996134176 AbstractID CUSTOM = SA1hsge2l82a4019574750

	ROLE = LeftClickAt
	TARGET =
		WIDGET = WC1d5m79h302986083547, WR1k8fo0ra1109144095, WT6q4ghs144174538512, WP1k24m9j2c793105210
		ROLE = UIATabItem
		TITLE = Compressor
		SHAPE = Rect [x:289.0 y:403.0 w:39.0 h:21.0]
		CHILDREN = 0
		PATH = [0, 0, 1, 0, 0, 0, 1, 1]
	DESCRIPTION = Left Click at 'Compressor'
	TEXT = Compound Action =
		Move mouse to (308.5, 413.5).
		Press Mouse Button BUTTON1
		Release Mouse Button BUTTON1

ExecutedAction [85]: 
 @Action ConcreteID = AC7yrf2w811928971919 AbstractID = AA7yrf2w811928971919
 ConcreteID CUSTOM = ConcreteID CUSTOM not available AbstractID CUSTOM = AA1lpumdc813589537753
 @State ConcreteID = SC1kho9tp7161913099943 AbstractID = SR1qjqz356ed502638668
 ConcreteID CUSTOM = SC19az28v7273715119311 AbstractID CUSTOM = SA1idd4cf70d2926546246

	ROLE = LeftClickAt
	TARGET =
		WIDGET = WC94x2o2202389414968, WR10fgh33101836453781, WT10fgh33101836453781, WP16jfg6s1c1058939920
		ROLE = UIACustomControl
		TITLE = 
		SHAPE = Rect [x:1146.0 y:757.0 w:101.0 h:32.0]
		CHILDREN = 2
		PATH = [0, 3, 2, 0]
	DESCRIPTION = Left Click at ''
	TEXT = Compound Action =
		Move mouse to (1196.5, 773.0).
		Press Mouse Button BUTTON1
		Release Mouse Button BUTTON1

ExecutedAction [86]: 
 @Action ConcreteID = AC2s3jc580299513140 AbstractID = AA2s3jc580299513140
 ConcreteID CUSTOM = ConcreteID CUSTOM not available AbstractID CUSTOM = AA8yum0t802093286096
 @State ConcreteID = SC1kho9tp7161913099943 AbstractID = SR1qjqz356ed502638668
 ConcreteID CUSTOM = SC19az28v7273715119311 AbstractID CUSTOM = SA1idd4cf70d2926546246

	ROLE = LeftClickAt
	TARGET =
		WIDGET = WC1lhezjy1971787980, WR1h6ibpb92248851252, WT1h6ibpb92248851252, WP11lh0ts153015450048
		ROLE = UIAButton
		TITLE = 
		SHAPE = Rect [x:733.0 y:760.0 w:26.0 h:26.0]
		CHILDREN = 0
		PATH = [0, 3, 2, 4]
	DESCRIPTION = Left Click at ''
	TEXT = Compound Action =
		Move mouse to (746.0, 773.0).
		Press Mouse Button BUTTON1
		Release Mouse Button BUTTON1

ExecutedAction [87]: 
 @Action ConcreteID = ACbowasp80672296792 AbstractID = AAbowasp80672296792
 ConcreteID CUSTOM = ConcreteID CUSTOM not available AbstractID CUSTOM = AAhvndhd801158502588
 @State ConcreteID = SC1kho9tp7161913099943 AbstractID = SR1qjqz356ed502638668
 ConcreteID CUSTOM = SC19az28v7273715119311 AbstractID CUSTOM = SA1idd4cf70d2926546246

	ROLE = LeftClickAt
	TARGET =
		WIDGET = WC1n98eey23743137595, WR10fgh33101836453781, WT10fgh33101836453781, WPr1hwi01f3737083353
		ROLE = UIACustomControl
		TITLE = 
		SHAPE = Rect [x:252.0 y:394.0 w:394.0 h:361.0]
		CHILDREN = 1
		PATH = [0, 0, 1, 0, 0]
	DESCRIPTION = Left Click at ''
	TEXT = Compound Action =
		Move mouse to (449.0, 574.5).
		Press Mouse Button BUTTON1
		Release Mouse Button BUTTON1

ExecutedAction [88]: 
 @Action ConcreteID = ACm77tsd802742062461 AbstractID = AAm77tsd802742062461
 ConcreteID CUSTOM = ConcreteID CUSTOM not available AbstractID CUSTOM = AAsdywh1803463428761
 @State ConcreteID = SC1kho9tp7161913099943 AbstractID = SR1qjqz356ed502638668
 ConcreteID CUSTOM = SC19az28v7273715119311 AbstractID CUSTOM = SA1idd4cf70d2926546246

	ROLE = LeftClickAt
	TARGET =
		WIDGET = WC4ha5tu273898777684, WR5quxi6b4097176690, WT5quxi6b4097176690, WP1lx6qgk231774552314
		ROLE = UIATreeItem
		TITLE = 
		SHAPE = Rect [x:660.0 y:416.0 w:163.0 h:26.0]
		CHILDREN = 0
		PATH = [0, 3, 0, 0, 3, 1, 1, 0]
	DESCRIPTION = Left Click at ''
	TEXT = Compound Action =
		Move mouse to (741.5, 429.0).
		Press Mouse Button BUTTON1
		Release Mouse Button BUTTON1

ExecutedAction [89]: 
 @Action ConcreteID = AC1ing96v7f421011359 AbstractID = AA1ing96v7f421011359
 ConcreteID CUSTOM = ConcreteID CUSTOM not available AbstractID CUSTOM = AA1h49lsr802602838402
 @State ConcreteID = SCr7gpib7164117454614 AbstractID = SR1qjqz356ed502638668
 ConcreteID CUSTOM = SC59krqn7261989085697 AbstractID CUSTOM = SA1idd4cf70d2926546246

	ROLE = LeftClickAt
	TARGET =
		WIDGET = WC1lhezmj19795489807, WR1h6ibpb92248851252, WT1h6ibpb92248851252, WP11lh0wd152559659523
		ROLE = UIAButton
		TITLE = 
		SHAPE = Rect [x:823.0 y:760.0 w:26.0 h:26.0]
		CHILDREN = 0
		PATH = [0, 3, 2, 7]
	DESCRIPTION = Left Click at ''
	TEXT = Compound Action =
		Move mouse to (836.0, 773.0).
		Press Mouse Button BUTTON1
		Release Mouse Button BUTTON1

ExecutedAction [90]: 
 @Action ConcreteID = AC6oin49802579359332 AbstractID = AA6oin49802579359332
 ConcreteID CUSTOM = ConcreteID CUSTOM not available AbstractID CUSTOM = AAk9v5dp804249470629
 @State ConcreteID = SC1rppf8056b4221507511 AbstractID = SR29zr58559973020937
 ConcreteID CUSTOM = SC121log357c592486067 AbstractID CUSTOM = SA1wctv3v5691354844496

	ROLE = LeftClickAt
	TARGET =
		WIDGET = WC1lhezne192834442944, WR1h6ibpb92248851252, WT1h6ibpb92248851252, WP11lh0x815520704716
		ROLE = UIAButton
		TITLE = 
		SHAPE = Rect [x:849.0 y:451.0 w:26.0 h:26.0]
		CHILDREN = 0
		PATH = [0, 3, 2, 8]
	DESCRIPTION = Left Click at ''
	TEXT = Compound Action =
		Move mouse to (862.0, 464.0).
		Press Mouse Button BUTTON1
		Release Mouse Button BUTTON1

ExecutedAction [91]: 
 @Action ConcreteID = AC1x2bik67f1010547213 AbstractID = AA1x2bik67f1010547213
 ConcreteID CUSTOM = ConcreteID CUSTOM not available AbstractID CUSTOM = AA7gnkqn7f3272818007
 @State ConcreteID = SCuyuhmv2ed1671011042 AbstractID = SRrwz38n2e02745166178
 ConcreteID CUSTOM = SCilua512e62032480990 AbstractID CUSTOM = SA66n57f2eb1498926942

	ROLE = LeftClickAt
	TARGET =
		WIDGET = WCsnsikc193821024913, WR1h6ibpb92248851252, WT1h6ibpb92248851252, WP8ruju6151413172893
		ROLE = UIAButton
		TITLE = 
		SHAPE = Rect [x:823.0 y:451.0 w:26.0 h:26.0]
		CHILDREN = 0
		PATH = [0, 2, 2, 7]
	DESCRIPTION = Left Click at ''
	TEXT = Compound Action =
		Move mouse to (836.0, 464.0).
		Press Mouse Button BUTTON1
		Release Mouse Button BUTTON1

ExecutedAction [92]: 
 @Action ConcreteID = AC1tf010u811734533630 AbstractID = AA1tf010u811734533630
 ConcreteID CUSTOM = ConcreteID CUSTOM not available AbstractID CUSTOM = AAaibk7s812844909215
 @State ConcreteID = SC1nc411o4961529421974 AbstractID = SRx1ik4a474333690124
 ConcreteID CUSTOM = SC1n8pk4e495298478986 AbstractID CUSTOM = SA12laes84902498637855

	ROLE = LeftClickAt
	TARGET =
		WIDGET = WCig1ffy22236015574, WR17v7k2nb1067391859, WT1e6tvxi153323975668, WP1lxqkho1e3332536470
		ROLE = UIAMenuItem
		TITLE = Help Alt+H
		SHAPE = Rect [x:1013.0 y:370.0 w:42.0 h:20.0]
		CHILDREN = 0
		PATH = [0, 1, 7]
	DESCRIPTION = Left Click at 'Help Alt+H'
	TEXT = Compound Action =
		Move mouse to (1034.0, 380.0).
		Press Mouse Button BUTTON1
		Release Mouse Button BUTTON1

ExecutedAction [93]: 
 @Action ConcreteID = AC1s8cg9n801014979047 AbstractID = AA1s8cg9n801014979047
 ConcreteID CUSTOM = ConcreteID CUSTOM not available AbstractID CUSTOM = AAjgqbpb802747000381
 @State ConcreteID = SCfj92ld4f83491372319 AbstractID = SRyk3mq74d71742227996
 ConcreteID CUSTOM = SCypefxf4f74161877909 AbstractID CUSTOM = SA1sccj4o4f4912974590

	ROLE = LeftClickAt
	TARGET =
		WIDGET = WC1fcenkz201119982758, WR10fgh33101836453781, WT10fgh33101836453781, WPdpsz4l1c4088669326
		ROLE = UIACustomControl
		TITLE = 
		SHAPE = Rect [x:1146.0 y:757.0 w:101.0 h:32.0]
		CHILDREN = 2
		PATH = [0, 2, 2, 0]
	DESCRIPTION = Left Click at ''
	TEXT = Compound Action =
		Move mouse to (1196.5, 773.0).
		Press Mouse Button BUTTON1
		Release Mouse Button BUTTON1

ExecutedAction [94]: 
 @Action ConcreteID = AC17z8ldd80369393626 AbstractID = AA17z8ldd80369393626
 ConcreteID CUSTOM = ConcreteID CUSTOM not available AbstractID CUSTOM = AA18hyn7r802229240237
 @State ConcreteID = SC1nc411o4961529421974 AbstractID = SRx1ik4a474333690124
 ConcreteID CUSTOM = SC1n8pk4e495298478986 AbstractID CUSTOM = SA12laes84902498637855

	ROLE = LeftClickAt
	TARGET =
		WIDGET = WC1cj90xv241472876304, WR1e04pz3e358922214, WT1e04pz3e358922214, WP163y8ad202550790949
		ROLE = UIASplitButton
		TITLE = 
		SHAPE = Rect [x:660.0 y:416.0 w:180.0 h:311.0]
		CHILDREN = 3
		PATH = [0, 2, 0, 0, 3, 1]
	DESCRIPTION = Left Click at ''
	TEXT = Compound Action =
		Move mouse to (750.0, 571.5).
		Press Mouse Button BUTTON1
		Release Mouse Button BUTTON1

ExecutedAction [95]: 
 @Action ConcreteID = ACcismdj80814018760 AbstractID = AAcismdj80814018760
 ConcreteID CUSTOM = ConcreteID CUSTOM not available AbstractID CUSTOM = AAd1io7x802724138687
 @State ConcreteID = SC1nc411o4961529421974 AbstractID = SRx1ik4a474333690124
 ConcreteID CUSTOM = SC1n8pk4e495298478986 AbstractID CUSTOM = SA12laes84902498637855

	ROLE = LeftClickAt
	TARGET =
		WIDGET = WCv2iyh7231187149563, WR17v7k2nb1067391859, WT12et6eo161830467638, WP186y9jt1f939178242
		ROLE = UIAMenuItem
		TITLE = Media Alt+M
		SHAPE = Rect [x:660.0 y:370.0 w:50.0 h:20.0]
		CHILDREN = 0
		PATH = [0, 1, 0]
	DESCRIPTION = Left Click at 'Media Alt+M'
	TEXT = Compound Action =
		Move mouse to (685.0, 380.0).
		Press Mouse Button BUTTON1
		Release Mouse Button BUTTON1

ExecutedAction [96]: 
 @Action ConcreteID = AC1xx8jzn1092726627258 AbstractID = AA5qjw41d53607850145
 ConcreteID CUSTOM = ConcreteID CUSTOM not available AbstractID CUSTOM = AA1slq64xd32779740320
 @State ConcreteID = SC1o8lv1d5d6764803390 AbstractID = SRaw47975b31360147480
 ConcreteID CUSTOM = SC55f75f5d6520819917 AbstractID CUSTOM = SAywxx25cc688007488

	ROLE = ClickTypeInto
	TARGET =
		WIDGET = WCdrow3n1a2744948869, WR4n0dlj72701565195, WT4n0dlj72701565195, WPg3xaoh161949044659
		ROLE = UIAEdit
		TITLE = 
		SHAPE = Rect [x:1010.0 y:395.0 w:250.0 h:20.0]
		CHILDREN = 0
		PATH = [0, 2, 0, 0, 2]
	DESCRIPTION = Type '<SCRIPT SRC=http...' into '
	TEXT = Compound Action =
		Compound Action =
		Move mouse to (1135.0, 405.0).
		Press Mouse Button BUTTON1
		Release Mouse Button BUTTON1
		Press Key 17
		Press Key 65
		Release Key 65
		Release Key 17
		Type text '<SCRIPT SRC=http://ha.ckers.org/xss.js?< B >'

ExecutedAction [97]: 
 @Action ConcreteID = AC1qhqbex7f388805471 AbstractID = AA1qhqbex7f388805471
 ConcreteID CUSTOM = ConcreteID CUSTOM not available AbstractID CUSTOM = AA1nz1psv7f3642168184
 @State ConcreteID = SCkyxbrr4ab4067878914 AbstractID = SR1kqyar4881326621654
 ConcreteID CUSTOM = SCo3jsha4aa788825155 AbstractID CUSTOM = SAeopr5m4a42929056100

	ROLE = LeftClickAt
	TARGET =
		WIDGET = WCezylrw213754510323, WR1e04pz3e358922214, WT1e04pz3e358922214, WP1y99m6i1d2845979881
		ROLE = UIASplitButton
		TITLE = 
		SHAPE = Rect [x:977.0 y:394.0 w:23.0 h:22.0]
		CHILDREN = 0
		PATH = [0, 2, 0, 0, 1]
	DESCRIPTION = Left Click at ''
	TEXT = Compound Action =
		Move mouse to (988.5, 405.0).
		Press Mouse Button BUTTON1
		Release Mouse Button BUTTON1

ExecutedAction [98]: 
 @Action ConcreteID = AC1dqa2t580738367347 AbstractID = AA1dqa2t580738367347
 ConcreteID CUSTOM = ConcreteID CUSTOM not available AbstractID CUSTOM = AA1q663mj7f2697706765
 @State ConcreteID = SC118ce114e93325216184 AbstractID = SR175vb3k4c42060292993
 ConcreteID CUSTOM = SCktc8e84e81338600967 AbstractID CUSTOM = SAgiu8p14e41526964526

	ROLE = LeftClickAt
	TARGET =
		WIDGET = WCezyltm213992921457, WR1e04pz3e358922214, WT1e04pz3e358922214, WP1y99m881d2610189931
		ROLE = UIASplitButton
		TITLE = 
		SHAPE = Rect [x:660.0 y:416.0 w:600.0 h:311.0]
		CHILDREN = 3
		PATH = [0, 2, 0, 0, 3]
	DESCRIPTION = Left Click at ''
	TEXT = Compound Action =
		Move mouse to (960.0, 571.5).
		Press Mouse Button BUTTON1
		Release Mouse Button BUTTON1

ExecutedAction [99]: 
 @Action ConcreteID = AC43it9v802680970689 AbstractID = AA43it9v802680970689
 ConcreteID CUSTOM = ConcreteID CUSTOM not available AbstractID CUSTOM = AAgjeu397f319125439
 @State ConcreteID = SC118ce114e93325216184 AbstractID = SR175vb3k4c42060292993
 ConcreteID CUSTOM = SCktc8e84e81338600967 AbstractID CUSTOM = SAgiu8p14e41526964526

	ROLE = LeftClickAt
	TARGET =
		WIDGET = WCb8oon6272485037651, WR5quxi6b4097176690, WT5quxi6b4097176690, WP1sol99w23364482301
		ROLE = UIATreeItem
		TITLE = 
		SHAPE = Rect [x:660.0 y:442.0 w:163.0 h:26.0]
		CHILDREN = 0
		PATH = [0, 2, 0, 0, 3, 1, 1, 1]
	DESCRIPTION = Left Click at ''
	TEXT = Compound Action =
		Move mouse to (741.5, 455.0).
		Press Mouse Button BUTTON1
		Release Mouse Button BUTTON1

ExecutedAction [100]: 
 @Action ConcreteID = AC1uh2hof7f1192192752 AbstractID = AA1uh2hof7f1192192752
 ConcreteID CUSTOM = ConcreteID CUSTOM not available AbstractID CUSTOM = AA1gtquvu7f2323756218
 @State ConcreteID = SCzzqu2m4e83558934748 AbstractID = SR175vb3k4c42060292993
 ConcreteID CUSTOM = SC1537kqw4e73626727427 AbstractID CUSTOM = SAgiu8p14e41526964526

	ROLE = LeftClickAt
	TARGET =
		WIDGET = WCkthkkb1d3341998097, WR10fgh33101836453781, WT10fgh33101836453781, WP34gkvd19258008662
		ROLE = UIACustomControl
		TITLE = 
		SHAPE = Rect [x:660.0 y:756.0 w:600.0 h:34.0]
		CHILDREN = 11
		PATH = [0, 2, 2]
	DESCRIPTION = Left Click at ''
	TEXT = Compound Action =
		Move mouse to (960.0, 773.0).
		Press Mouse Button BUTTON1
		Release Mouse Button BUTTON1

Sequence 1 finished.
Copying generated sequence ("sequence2437") to output directory...
Copying classified sequence ("sequence2437") to sequences_ok folder...
