Starting sequence 1 (output as: sequence1024)

ExecutedAction [1]: 
 @Action ConcreteID = ACz1lwxt82521273418 AbstractID = AAz1lwxt82521273418
 ConcreteID CUSTOM = ConcreteID CUSTOM not available AbstractID CUSTOM = AAewj7t8813352873841
 @State ConcreteID = SC1n5gfz711da2273190475 AbstractID = SRa6gep511132082021109
 ConcreteID CUSTOM = SCbzr0mi11c93228221607 AbstractID CUSTOM = SAlwm7x411c92912945933

	ROLE = LeftClickAt
	TARGET =
		WIDGET = WC3129hs831513512185, WR52qhb2b3065858412, WTvpr0iy462859207177, WP1rljlum7f750316571
		ROLE = UIAListItem
		TITLE = Make sure the web address http://127.0.0.1:50820 is correct
		SHAPE = Rect [x:1167.0 y:533.0 w:594.0 h:19.0]
		CHILDREN = 1
		PATH = [0, 0, 0, 1, 2, 0, 0, 0, 0, 0, 0, 0, 0, 0, 0, 0, 0, 1, 0]
	DESCRIPTION = Left Click at 'Make sure the web address http://127.0.0.1:50820 is correct'
	TEXT = Compound Action =
		Move mouse to (1464.0, 542.5).
		Press Mouse Button BUTTON1
		Release Mouse Button BUTTON1

Forcing SUT activation (bring to foreground) action
ExecutedAction [2]: 
 @Action ConcreteID = ACiiusp03a3947695539 AbstractID = AAiiusp03a3947695539
 ConcreteID CUSTOM = ConcreteID CUSTOM not available AbstractID CUSTOM = AA1fu2d5b39154148828
 @State ConcreteID = SC1n5gfz711da2273190475 AbstractID = SRa6gep511132082021109
 ConcreteID CUSTOM = SCbzr0mi11c93228221607 AbstractID CUSTOM = SAlwm7x411c92912945933

	DESCRIPTION = Bring the system to the foreground.
	TEXT = Bring the system to the foreground.

Forcing SUT activation (bring to foreground) action
ExecutedAction [3]: 
 @Action ConcreteID = ACiiusp03a3947695539 AbstractID = AAiiusp03a3947695539
 ConcreteID CUSTOM = ConcreteID CUSTOM not available AbstractID CUSTOM = AA1fu2d5b39154148828
 @State ConcreteID = SC1n5gfz711da2273190475 AbstractID = SRa6gep511132082021109
 ConcreteID CUSTOM = SCbzr0mi11c93228221607 AbstractID CUSTOM = SAlwm7x411c92912945933

	DESCRIPTION = Bring the system to the foreground.
	TEXT = Bring the system to the foreground.

ExecutedAction [4]: 
 @Action ConcreteID = AC58hbpma22548400806 AbstractID = AA58hbpma22548400806
 ConcreteID CUSTOM = ConcreteID CUSTOM not available AbstractID CUSTOM = AA1rbwzx1a1889778911
 @State ConcreteID = SC1n5gfz711da2273190475 AbstractID = SRa6gep511132082021109
 ConcreteID CUSTOM = SCbzr0mi11c93228221607 AbstractID CUSTOM = SAlwm7x411c92912945933

	ROLE = LeftDrag
	DESCRIPTION = Drag (1067.0, 683.0) To (1246.0, 683.0)
	TEXT = Compound Action =
		Move mouse to (1067.0, 683.0).
		Press Mouse Button BUTTON1
		Move mouse to (1246.0, 683.0).
		Release Mouse Button BUTTON1

Forcing SUT activation (bring to foreground) action
ExecutedAction [5]: 
 @Action ConcreteID = ACiiusp03a3947695539 AbstractID = AAiiusp03a3947695539
 ConcreteID CUSTOM = ConcreteID CUSTOM not available AbstractID CUSTOM = AA1fu2d5b39154148828
 @State ConcreteID = SC1n5gfz711da2273190475 AbstractID = SRa6gep511132082021109
 ConcreteID CUSTOM = SCbzr0mi11c93228221607 AbstractID CUSTOM = SAlwm7x411c92912945933

	DESCRIPTION = Bring the system to the foreground.
	TEXT = Bring the system to the foreground.

Forcing SUT activation (bring to foreground) action
ExecutedAction [6]: 
 @Action ConcreteID = ACiiusp03a3947695539 AbstractID = AAiiusp03a3947695539
 ConcreteID CUSTOM = ConcreteID CUSTOM not available AbstractID CUSTOM = AA1fu2d5b39154148828
 @State ConcreteID = SC1n5gfz711da2273190475 AbstractID = SRa6gep511132082021109
 ConcreteID CUSTOM = SCbzr0mi11c93228221607 AbstractID CUSTOM = SAlwm7x411c92912945933

	DESCRIPTION = Bring the system to the foreground.
	TEXT = Bring the system to the foreground.

ExecutedAction [7]: 
 @Action ConcreteID = AC4msq4t813358255990 AbstractID = AA4msq4t813358255990
 ConcreteID CUSTOM = ConcreteID CUSTOM not available AbstractID CUSTOM = AA1tukk2q80264899294
 @State ConcreteID = SC1n5gfz711da2273190475 AbstractID = SRa6gep511132082021109
 ConcreteID CUSTOM = SCbzr0mi11c93228221607 AbstractID CUSTOM = SAlwm7x411c92912945933

	ROLE = LeftClickAt
	TARGET =
		WIDGET = WC1si912b492274457860, WR1h6ibpb92248851252, WT1cknvro121926923266, WP1uvk169451285948
		ROLE = UIAButton
		TITLE = Page down
		SHAPE = Rect [x:983.0 y:392.0 w:17.0 h:131.0]
		CHILDREN = 0
		PATH = [0, 0, 0, 0, 0, 0, 2, 0, 0, 1, 0, 0, 0, 0, 0, 0, 2]
	DESCRIPTION = Left Click at 'Page down'
	TEXT = Compound Action =
		Move mouse to (991.5, 457.5).
		Press Mouse Button BUTTON1
		Release Mouse Button BUTTON1

Forcing SUT activation (bring to foreground) action
ExecutedAction [8]: 
 @Action ConcreteID = ACiiusp03a3947695539 AbstractID = AAiiusp03a3947695539
 ConcreteID CUSTOM = ConcreteID CUSTOM not available AbstractID CUSTOM = AA1fu2d5b39154148828
 @State ConcreteID = SC1n5gfz711da2273190475 AbstractID = SRa6gep511132082021109
 ConcreteID CUSTOM = SCbzr0mi11c93228221607 AbstractID CUSTOM = SAlwm7x411c92912945933

	DESCRIPTION = Bring the system to the foreground.
	TEXT = Bring the system to the foreground.

Forcing SUT activation (bring to foreground) action
ExecutedAction [9]: 
 @Action ConcreteID = ACiiusp03a3947695539 AbstractID = AAiiusp03a3947695539
 ConcreteID CUSTOM = ConcreteID CUSTOM not available AbstractID CUSTOM = AA1fu2d5b39154148828
 @State ConcreteID = SC1n5gfz711da2273190475 AbstractID = SRa6gep511132082021109
 ConcreteID CUSTOM = SCbzr0mi11c93228221607 AbstractID CUSTOM = SAlwm7x411c92912945933

	DESCRIPTION = Bring the system to the foreground.
	TEXT = Bring the system to the foreground.

Forcing SUT activation (bring to foreground) action
ExecutedAction [10]: 
 @Action ConcreteID = ACiiusp03a3947695539 AbstractID = AAiiusp03a3947695539
 ConcreteID CUSTOM = ConcreteID CUSTOM not available AbstractID CUSTOM = AA1fu2d5b39154148828
 @State ConcreteID = SC1n5gfz711da2273190475 AbstractID = SRa6gep511132082021109
 ConcreteID CUSTOM = SCbzr0mi11c93228221607 AbstractID CUSTOM = SAlwm7x411c92912945933

	DESCRIPTION = Bring the system to the foreground.
	TEXT = Bring the system to the foreground.

ExecutedAction [11]: 
 @Action ConcreteID = AC58hbpma22548400806 AbstractID = AA58hbpma22548400806
 ConcreteID CUSTOM = ConcreteID CUSTOM not available AbstractID CUSTOM = AA1rbwzx1a1889778911
 @State ConcreteID = SC1n5gfz711da2273190475 AbstractID = SRa6gep511132082021109
 ConcreteID CUSTOM = SCbzr0mi11c93228221607 AbstractID CUSTOM = SAlwm7x411c92912945933

	ROLE = LeftDrag
	DESCRIPTION = Drag (1067.0, 683.0) To (1246.0, 683.0)
	TEXT = Compound Action =
		Move mouse to (1067.0, 683.0).
		Press Mouse Button BUTTON1
		Move mouse to (1246.0, 683.0).
		Release Mouse Button BUTTON1

Forcing SUT activation (bring to foreground) action
ExecutedAction [12]: 
 @Action ConcreteID = ACiiusp03a3947695539 AbstractID = AAiiusp03a3947695539
 ConcreteID CUSTOM = ConcreteID CUSTOM not available AbstractID CUSTOM = AA1fu2d5b39154148828
 @State ConcreteID = SC1n5gfz711da2273190475 AbstractID = SRa6gep511132082021109
 ConcreteID CUSTOM = SCbzr0mi11c93228221607 AbstractID CUSTOM = SAlwm7x411c92912945933

	DESCRIPTION = Bring the system to the foreground.
	TEXT = Bring the system to the foreground.

Forcing SUT activation (bring to foreground) action
ExecutedAction [13]: 
 @Action ConcreteID = ACiiusp03a3947695539 AbstractID = AAiiusp03a3947695539
 ConcreteID CUSTOM = ConcreteID CUSTOM not available AbstractID CUSTOM = AA1fu2d5b39154148828
 @State ConcreteID = SC1n5gfz711da2273190475 AbstractID = SRa6gep511132082021109
 ConcreteID CUSTOM = SCbzr0mi11c93228221607 AbstractID CUSTOM = SAlwm7x411c92912945933

	DESCRIPTION = Bring the system to the foreground.
	TEXT = Bring the system to the foreground.

ExecutedAction [14]: 
 @Action ConcreteID = ACl47j6p812950504007 AbstractID = AAl47j6p812950504007
 ConcreteID CUSTOM = ConcreteID CUSTOM not available AbstractID CUSTOM = AAbavb5i801748893679
 @State ConcreteID = SC1n5gfz711da2273190475 AbstractID = SRa6gep511132082021109
 ConcreteID CUSTOM = SCbzr0mi11c93228221607 AbstractID CUSTOM = SAlwm7x411c92912945933

	ROLE = LeftClickAt
	TARGET =
		WIDGET = WCkecd0g343143785274, WR1h6ibpb92248851252, WT7xh7vf123396096274, WPk9volu301847170888
		ROLE = UIAButton
		TITLE = View Menu
		SHAPE = Rect [x:388.0 y:529.0 w:23.0 h:22.0]
		CHILDREN = 0
		PATH = [0, 0, 0, 0, 0, 0, 1, 1, 1, 0]
	DESCRIPTION = Left Click at 'View Menu'
	TEXT = Compound Action =
		Move mouse to (399.5, 540.0).
		Press Mouse Button BUTTON1
		Release Mouse Button BUTTON1

Forcing SUT activation (bring to foreground) action
ExecutedAction [15]: 
 @Action ConcreteID = ACiiusp03a3947695539 AbstractID = AAiiusp03a3947695539
 ConcreteID CUSTOM = ConcreteID CUSTOM not available AbstractID CUSTOM = AA1fu2d5b39154148828
 @State ConcreteID = SC1n5gfz711da2273190475 AbstractID = SRa6gep511132082021109
 ConcreteID CUSTOM = SCbzr0mi11c93228221607 AbstractID CUSTOM = SAlwm7x411c92912945933

	DESCRIPTION = Bring the system to the foreground.
	TEXT = Bring the system to the foreground.

Forcing SUT activation (bring to foreground) action
ExecutedAction [16]: 
 @Action ConcreteID = ACiiusp03a3947695539 AbstractID = AAiiusp03a3947695539
 ConcreteID CUSTOM = ConcreteID CUSTOM not available AbstractID CUSTOM = AA1fu2d5b39154148828
 @State ConcreteID = SC1n5gfz711da2273190475 AbstractID = SRa6gep511132082021109
 ConcreteID CUSTOM = SCbzr0mi11c93228221607 AbstractID CUSTOM = SAlwm7x411c92912945933

	DESCRIPTION = Bring the system to the foreground.
	TEXT = Bring the system to the foreground.

Forcing SUT activation (bring to foreground) action
ExecutedAction [17]: 
 @Action ConcreteID = ACiiusp03a3947695539 AbstractID = AAiiusp03a3947695539
 ConcreteID CUSTOM = ConcreteID CUSTOM not available AbstractID CUSTOM = AA1fu2d5b39154148828
 @State ConcreteID = SC1n5gfz711da2273190475 AbstractID = SRa6gep511132082021109
 ConcreteID CUSTOM = SCbzr0mi11c93228221607 AbstractID CUSTOM = SAlwm7x411c92912945933

	DESCRIPTION = Bring the system to the foreground.
	TEXT = Bring the system to the foreground.

Forcing SUT activation (bring to foreground) action
ExecutedAction [18]: 
 @Action ConcreteID = ACiiusp03a3947695539 AbstractID = AAiiusp03a3947695539
 ConcreteID CUSTOM = ConcreteID CUSTOM not available AbstractID CUSTOM = AA1fu2d5b39154148828
 @State ConcreteID = SC1n5gfz711da2273190475 AbstractID = SRa6gep511132082021109
 ConcreteID CUSTOM = SCbzr0mi11c93228221607 AbstractID CUSTOM = SAlwm7x411c92912945933

	DESCRIPTION = Bring the system to the foreground.
	TEXT = Bring the system to the foreground.

ExecutedAction [19]: 
 @Action ConcreteID = AC4msq4t813358255990 AbstractID = AA4msq4t813358255990
 ConcreteID CUSTOM = ConcreteID CUSTOM not available AbstractID CUSTOM = AA1tukk2q80264899294
 @State ConcreteID = SC1n5gfz711da2273190475 AbstractID = SRa6gep511132082021109
 ConcreteID CUSTOM = SCbzr0mi11c93228221607 AbstractID CUSTOM = SAlwm7x411c92912945933

	ROLE = LeftClickAt
	TARGET =
		WIDGET = WC1si912b492274457860, WR1h6ibpb92248851252, WT1cknvro121926923266, WP1uvk169451285948
		ROLE = UIAButton
		TITLE = Page down
		SHAPE = Rect [x:983.0 y:392.0 w:17.0 h:131.0]
		CHILDREN = 0
		PATH = [0, 0, 0, 0, 0, 0, 2, 0, 0, 1, 0, 0, 0, 0, 0, 0, 2]
	DESCRIPTION = Left Click at 'Page down'
	TEXT = Compound Action =
		Move mouse to (991.5, 457.5).
		Press Mouse Button BUTTON1
		Release Mouse Button BUTTON1

Forcing SUT activation (bring to foreground) action
ExecutedAction [20]: 
 @Action ConcreteID = ACiiusp03a3947695539 AbstractID = AAiiusp03a3947695539
 ConcreteID CUSTOM = ConcreteID CUSTOM not available AbstractID CUSTOM = AA1fu2d5b39154148828
 @State ConcreteID = SC1n5gfz711da2273190475 AbstractID = SRa6gep511132082021109
 ConcreteID CUSTOM = SCbzr0mi11c93228221607 AbstractID CUSTOM = SAlwm7x411c92912945933

	DESCRIPTION = Bring the system to the foreground.
	TEXT = Bring the system to the foreground.

Forcing SUT activation (bring to foreground) action
ExecutedAction [21]: 
 @Action ConcreteID = ACiiusp03a3947695539 AbstractID = AAiiusp03a3947695539
 ConcreteID CUSTOM = ConcreteID CUSTOM not available AbstractID CUSTOM = AA1fu2d5b39154148828
 @State ConcreteID = SC1n5gfz711da2273190475 AbstractID = SRa6gep511132082021109
 ConcreteID CUSTOM = SCbzr0mi11c93228221607 AbstractID CUSTOM = SAlwm7x411c92912945933

	DESCRIPTION = Bring the system to the foreground.
	TEXT = Bring the system to the foreground.

ExecutedAction [22]: 
 @Action ConcreteID = AC1uyr7j8811011498037 AbstractID = AA1uyr7j8811011498037
 ConcreteID CUSTOM = ConcreteID CUSTOM not available AbstractID CUSTOM = AA1l5ezi1804222279069
 @State ConcreteID = SC1n5gfz711da2273190475 AbstractID = SRa6gep511132082021109
 ConcreteID CUSTOM = SCbzr0mi11c93228221607 AbstractID CUSTOM = SAlwm7x411c92912945933

	ROLE = LeftClickAt
	TARGET =
		WIDGET = WC3644ub34799335013, WR1h6ibpb92248851252, WT7xh7vf123396096274, WP31ngfp304208930327
		ROLE = UIAButton
		TITLE = View Menu
		SHAPE = Rect [x:939.0 y:566.0 w:23.0 h:22.0]
		CHILDREN = 0
		PATH = [0, 0, 0, 0, 0, 0, 3, 0, 1, 0]
	DESCRIPTION = Left Click at 'View Menu'
	TEXT = Compound Action =
		Move mouse to (950.5, 577.0).
		Press Mouse Button BUTTON1
		Release Mouse Button BUTTON1

Forcing SUT activation (bring to foreground) action
ExecutedAction [23]: 
 @Action ConcreteID = ACiiusp03a3947695539 AbstractID = AAiiusp03a3947695539
 ConcreteID CUSTOM = ConcreteID CUSTOM not available AbstractID CUSTOM = AA1fu2d5b39154148828
 @State ConcreteID = SC1n5gfz711da2273190475 AbstractID = SRa6gep511132082021109
 ConcreteID CUSTOM = SCbzr0mi11c93228221607 AbstractID CUSTOM = SAlwm7x411c92912945933

	DESCRIPTION = Bring the system to the foreground.
	TEXT = Bring the system to the foreground.

Forcing SUT activation (bring to foreground) action
ExecutedAction [24]: 
 @Action ConcreteID = ACiiusp03a3947695539 AbstractID = AAiiusp03a3947695539
 ConcreteID CUSTOM = ConcreteID CUSTOM not available AbstractID CUSTOM = AA1fu2d5b39154148828
 @State ConcreteID = SC1n5gfz711da2273190475 AbstractID = SRa6gep511132082021109
 ConcreteID CUSTOM = SCbzr0mi11c93228221607 AbstractID CUSTOM = SAlwm7x411c92912945933

	DESCRIPTION = Bring the system to the foreground.
	TEXT = Bring the system to the foreground.

ExecutedAction [25]: 
 @Action ConcreteID = AC1lcu4nc813894635739 AbstractID = AA1lcu4nc813894635739
 ConcreteID CUSTOM = ConcreteID CUSTOM not available AbstractID CUSTOM = AA1bjhwm580801344883
 @State ConcreteID = SC1n5gfz711da2273190475 AbstractID = SRa6gep511132082021109
 ConcreteID CUSTOM = SCbzr0mi11c93228221607 AbstractID CUSTOM = SAlwm7x411c92912945933

	ROLE = LeftClickAt
	TARGET =
		WIDGET = WC1e479jz342062320890, WR1h6ibpb92248851252, WT7xh7vf123396096274, WP1dzql5d302945927304
		ROLE = UIAButton
		TITLE = View Menu
		SHAPE = Rect [x:388.0 y:327.0 w:23.0 h:22.0]
		CHILDREN = 0
		PATH = [0, 0, 0, 0, 0, 0, 0, 1, 1, 0]
	DESCRIPTION = Left Click at 'View Menu'
	TEXT = Compound Action =
		Move mouse to (399.5, 338.0).
		Press Mouse Button BUTTON1
		Release Mouse Button BUTTON1

Forcing SUT activation (bring to foreground) action
ExecutedAction [26]: 
 @Action ConcreteID = ACiiusp03a3947695539 AbstractID = AAiiusp03a3947695539
 ConcreteID CUSTOM = ConcreteID CUSTOM not available AbstractID CUSTOM = AA1fu2d5b39154148828
 @State ConcreteID = SC1n5gfz711da2273190475 AbstractID = SRa6gep511132082021109
 ConcreteID CUSTOM = SCbzr0mi11c93228221607 AbstractID CUSTOM = SAlwm7x411c92912945933

	DESCRIPTION = Bring the system to the foreground.
	TEXT = Bring the system to the foreground.

Forcing SUT activation (bring to foreground) action
ExecutedAction [27]: 
 @Action ConcreteID = ACiiusp03a3947695539 AbstractID = AAiiusp03a3947695539
 ConcreteID CUSTOM = ConcreteID CUSTOM not available AbstractID CUSTOM = AA1fu2d5b39154148828
 @State ConcreteID = SC1n5gfz711da2273190475 AbstractID = SRa6gep511132082021109
 ConcreteID CUSTOM = SCbzr0mi11c93228221607 AbstractID CUSTOM = SAlwm7x411c92912945933

	DESCRIPTION = Bring the system to the foreground.
	TEXT = Bring the system to the foreground.

ExecutedAction [28]: 
 @Action ConcreteID = AC14ijlw81188772233 AbstractID = AA14ijlw81188772233
 ConcreteID CUSTOM = ConcreteID CUSTOM not available AbstractID CUSTOM = AA1qcadjt803433074209
 @State ConcreteID = SC1n5gfz711da2273190475 AbstractID = SRa6gep511132082021109
 ConcreteID CUSTOM = SCbzr0mi11c93228221607 AbstractID CUSTOM = SAlwm7x411c92912945933

	ROLE = LeftClickAt
	TARGET =
		WIDGET = WC16x18np301788066393, WR1k8fo0ra1109144095, WTua8d2pe1088929040, WP1lnr98n2c2892256664
		ROLE = UIATabItem
		TITLE = .log
		SHAPE = Rect [x:424.0 y:300.0 w:70.0 h:24.0]
		CHILDREN = 0
		PATH = [0, 0, 0, 0, 0, 0, 2, 0, 0, 2]
	DESCRIPTION = Left Click at '.log'
	TEXT = Compound Action =
		Move mouse to (459.0, 312.0).
		Press Mouse Button BUTTON1
		Release Mouse Button BUTTON1

Forcing SUT activation (bring to foreground) action
ExecutedAction [29]: 
 @Action ConcreteID = ACiiusp03a3947695539 AbstractID = AAiiusp03a3947695539
 ConcreteID CUSTOM = ConcreteID CUSTOM not available AbstractID CUSTOM = AA1fu2d5b39154148828
 @State ConcreteID = SC1n5gfz711da2273190475 AbstractID = SRa6gep511132082021109
 ConcreteID CUSTOM = SCbzr0mi11c93228221607 AbstractID CUSTOM = SAlwm7x411c92912945933

	DESCRIPTION = Bring the system to the foreground.
	TEXT = Bring the system to the foreground.

Forcing SUT activation (bring to foreground) action
ExecutedAction [30]: 
 @Action ConcreteID = ACiiusp03a3947695539 AbstractID = AAiiusp03a3947695539
 ConcreteID CUSTOM = ConcreteID CUSTOM not available AbstractID CUSTOM = AA1fu2d5b39154148828
 @State ConcreteID = SC1n5gfz711da2273190475 AbstractID = SRa6gep511132082021109
 ConcreteID CUSTOM = SCbzr0mi11c93228221607 AbstractID CUSTOM = SAlwm7x411c92912945933

	DESCRIPTION = Bring the system to the foreground.
	TEXT = Bring the system to the foreground.

ExecutedAction [31]: 
 @Action ConcreteID = AC1uyr7j8811011498037 AbstractID = AA1uyr7j8811011498037
 ConcreteID CUSTOM = ConcreteID CUSTOM not available AbstractID CUSTOM = AA1l5ezi1804222279069
 @State ConcreteID = SC1n5gfz711da2273190475 AbstractID = SRa6gep511132082021109
 ConcreteID CUSTOM = SCbzr0mi11c93228221607 AbstractID CUSTOM = SAlwm7x411c92912945933

	ROLE = LeftClickAt
	TARGET =
		WIDGET = WC3644ub34799335013, WR1h6ibpb92248851252, WT7xh7vf123396096274, WP31ngfp304208930327
		ROLE = UIAButton
		TITLE = View Menu
		SHAPE = Rect [x:939.0 y:566.0 w:23.0 h:22.0]
		CHILDREN = 0
		PATH = [0, 0, 0, 0, 0, 0, 3, 0, 1, 0]
	DESCRIPTION = Left Click at 'View Menu'
	TEXT = Compound Action =
		Move mouse to (950.5, 577.0).
		Press Mouse Button BUTTON1
		Release Mouse Button BUTTON1

Forcing SUT activation (bring to foreground) action
ExecutedAction [32]: 
 @Action ConcreteID = ACiiusp03a3947695539 AbstractID = AAiiusp03a3947695539
 ConcreteID CUSTOM = ConcreteID CUSTOM not available AbstractID CUSTOM = AA1fu2d5b39154148828
 @State ConcreteID = SC1n5gfz711da2273190475 AbstractID = SRa6gep511132082021109
 ConcreteID CUSTOM = SCbzr0mi11c93228221607 AbstractID CUSTOM = SAlwm7x411c92912945933

	DESCRIPTION = Bring the system to the foreground.
	TEXT = Bring the system to the foreground.

Forcing SUT activation (bring to foreground) action
ExecutedAction [33]: 
 @Action ConcreteID = ACiiusp03a3947695539 AbstractID = AAiiusp03a3947695539
 ConcreteID CUSTOM = ConcreteID CUSTOM not available AbstractID CUSTOM = AA1fu2d5b39154148828
 @State ConcreteID = SC1n5gfz711da2273190475 AbstractID = SRa6gep511132082021109
 ConcreteID CUSTOM = SCbzr0mi11c93228221607 AbstractID CUSTOM = SAlwm7x411c92912945933

	DESCRIPTION = Bring the system to the foreground.
	TEXT = Bring the system to the foreground.

ExecutedAction [34]: 
 @Action ConcreteID = AC1rigep781426217178 AbstractID = AA1rigep781426217178
 ConcreteID CUSTOM = ConcreteID CUSTOM not available AbstractID CUSTOM = AA1hp46o0803733417842
 @State ConcreteID = SC1n5gfz711da2273190475 AbstractID = SRa6gep511132082021109
 ConcreteID CUSTOM = SCbzr0mi11c93228221607 AbstractID CUSTOM = SAlwm7x411c92912945933

	ROLE = LeftClickAt
	TARGET =
		WIDGET = WCdg0id01c1198951367, WR17v7k2nb1067391859, WT1qe6brdf138512687, WP1hx95qa183605955422
		ROLE = UIAMenuItem
		TITLE = Edit
		SHAPE = Rect [x:241.0 y:247.0 w:34.0 h:19.0]
		CHILDREN = 0
		PATH = [0, 4, 1]
	DESCRIPTION = Left Click at 'Edit'
	TEXT = Compound Action =
		Move mouse to (258.0, 256.5).
		Press Mouse Button BUTTON1
		Release Mouse Button BUTTON1

Forcing SUT activation (bring to foreground) action
ExecutedAction [35]: 
 @Action ConcreteID = ACiiusp03a3947695539 AbstractID = AAiiusp03a3947695539
 ConcreteID CUSTOM = ConcreteID CUSTOM not available AbstractID CUSTOM = AA1fu2d5b39154148828
 @State ConcreteID = SC1n5gfz711da2273190475 AbstractID = SRa6gep511132082021109
 ConcreteID CUSTOM = SCbzr0mi11c93228221607 AbstractID CUSTOM = SAlwm7x411c92912945933

	DESCRIPTION = Bring the system to the foreground.
	TEXT = Bring the system to the foreground.

Forcing SUT activation (bring to foreground) action
ExecutedAction [36]: 
 @Action ConcreteID = ACiiusp03a3947695539 AbstractID = AAiiusp03a3947695539
 ConcreteID CUSTOM = ConcreteID CUSTOM not available AbstractID CUSTOM = AA1fu2d5b39154148828
 @State ConcreteID = SC1n5gfz711da2273190475 AbstractID = SRa6gep511132082021109
 ConcreteID CUSTOM = SCbzr0mi11c93228221607 AbstractID CUSTOM = SAlwm7x411c92912945933

	DESCRIPTION = Bring the system to the foreground.
	TEXT = Bring the system to the foreground.

ExecutedAction [37]: 
 @Action ConcreteID = AC1unfnoa21478230978 AbstractID = AA1unfnoa21478230978
 ConcreteID CUSTOM = ConcreteID CUSTOM not available AbstractID CUSTOM = AA1ny33v3a14210127803
 @State ConcreteID = SC1n5gfz711da2273190475 AbstractID = SRa6gep511132082021109
 ConcreteID CUSTOM = SCbzr0mi11c93228221607 AbstractID CUSTOM = SAlwm7x411c92912945933

	ROLE = LeftDrag
	DESCRIPTION = Drag (1005.0, 681.0) To (1005.0, 673.0)
	TEXT = Compound Action =
		Move mouse to (1005.0, 681.0).
		Press Mouse Button BUTTON1
		Move mouse to (1005.0, 673.0).
		Release Mouse Button BUTTON1

Forcing SUT activation (bring to foreground) action
ExecutedAction [38]: 
 @Action ConcreteID = ACiiusp03a3947695539 AbstractID = AAiiusp03a3947695539
 ConcreteID CUSTOM = ConcreteID CUSTOM not available AbstractID CUSTOM = AA1fu2d5b39154148828
 @State ConcreteID = SC1n5gfz711da2273190475 AbstractID = SRa6gep511132082021109
 ConcreteID CUSTOM = SCbzr0mi11c93228221607 AbstractID CUSTOM = SAlwm7x411c92912945933

	DESCRIPTION = Bring the system to the foreground.
	TEXT = Bring the system to the foreground.

Forcing SUT activation (bring to foreground) action
ExecutedAction [39]: 
 @Action ConcreteID = ACiiusp03a3947695539 AbstractID = AAiiusp03a3947695539
 ConcreteID CUSTOM = ConcreteID CUSTOM not available AbstractID CUSTOM = AA1fu2d5b39154148828
 @State ConcreteID = SC1n5gfz711da2273190475 AbstractID = SRa6gep511132082021109
 ConcreteID CUSTOM = SCbzr0mi11c93228221607 AbstractID CUSTOM = SAlwm7x411c92912945933

	DESCRIPTION = Bring the system to the foreground.
	TEXT = Bring the system to the foreground.

ExecutedAction [40]: 
 @Action ConcreteID = ACl70pcn822056866104 AbstractID = AAl70pcn822056866104
 ConcreteID CUSTOM = ConcreteID CUSTOM not available AbstractID CUSTOM = AA11y082812723381763
 @State ConcreteID = SC1n5gfz711da2273190475 AbstractID = SRa6gep511132082021109
 ConcreteID CUSTOM = SCbzr0mi11c93228221607 AbstractID CUSTOM = SAlwm7x411c92912945933

	ROLE = LeftClickAt
	TARGET =
		WIDGET = WC19ez7365c2396510705, WR1ca707tc1438424989, WTp2108s1c742490077, WPwmye50582544391782
		ROLE = UIAHyperLink
		TITLE = Refresh the page
		SHAPE = Rect [x:1167.0 y:585.0 w:102.0 h:19.0]
		CHILDREN = 1
		PATH = [0, 0, 0, 1, 2, 0, 0, 0, 0, 0, 0, 0, 0, 0, 0, 0, 0, 1, 2, 0]
	DESCRIPTION = Left Click at 'Refresh the page'
	TEXT = Compound Action =
		Move mouse to (1218.0, 594.5).
		Press Mouse Button BUTTON1
		Release Mouse Button BUTTON1

Forcing SUT activation (bring to foreground) action
ExecutedAction [41]: 
 @Action ConcreteID = ACiiusp03a3947695539 AbstractID = AAiiusp03a3947695539
 ConcreteID CUSTOM = ConcreteID CUSTOM not available AbstractID CUSTOM = AA1fu2d5b39154148828
 @State ConcreteID = SC1n5gfz711da2273190475 AbstractID = SRa6gep511132082021109
 ConcreteID CUSTOM = SCbzr0mi11c93228221607 AbstractID CUSTOM = SAlwm7x411c92912945933

	DESCRIPTION = Bring the system to the foreground.
	TEXT = Bring the system to the foreground.

Forcing SUT activation (bring to foreground) action
ExecutedAction [42]: 
 @Action ConcreteID = ACiiusp03a3947695539 AbstractID = AAiiusp03a3947695539
 ConcreteID CUSTOM = ConcreteID CUSTOM not available AbstractID CUSTOM = AA1fu2d5b39154148828
 @State ConcreteID = SC1n5gfz711da2273190475 AbstractID = SRa6gep511132082021109
 ConcreteID CUSTOM = SCbzr0mi11c93228221607 AbstractID CUSTOM = SAlwm7x411c92912945933

	DESCRIPTION = Bring the system to the foreground.
	TEXT = Bring the system to the foreground.

ExecutedAction [43]: 
 @Action ConcreteID = ACz1en39811089358986 AbstractID = AAz1en39811089358986
 ConcreteID CUSTOM = ConcreteID CUSTOM not available AbstractID CUSTOM = AAp82f22802265885986
 @State ConcreteID = SC1n5gfz711da2273190475 AbstractID = SRa6gep511132082021109
 ConcreteID CUSTOM = SCbzr0mi11c93228221607 AbstractID CUSTOM = SAlwm7x411c92912945933

	ROLE = LeftClickAt
	TARGET =
		WIDGET = WCcwq7or2e2630601280, WR1e04pz3e358922214, WTaocbwu1b2980317179, WP1rdav952a2644515098
		ROLE = UIASplitButton
		TITLE = Run Last Tool
		SHAPE = Rect [x:377.0 y:272.0 w:38.0 h:22.0]
		CHILDREN = 0
		PATH = [0, 1, 2, 0, 0]
	DESCRIPTION = Left Click at 'Run Last Tool'
	TEXT = Compound Action =
		Move mouse to (396.0, 283.0).
		Press Mouse Button BUTTON1
		Release Mouse Button BUTTON1

Forcing SUT activation (bring to foreground) action
ExecutedAction [44]: 
 @Action ConcreteID = ACiiusp03a3947695539 AbstractID = AAiiusp03a3947695539
 ConcreteID CUSTOM = ConcreteID CUSTOM not available AbstractID CUSTOM = AA1fu2d5b39154148828
 @State ConcreteID = SC1n5gfz711da2273190475 AbstractID = SRa6gep511132082021109
 ConcreteID CUSTOM = SCbzr0mi11c93228221607 AbstractID CUSTOM = SAlwm7x411c92912945933

	DESCRIPTION = Bring the system to the foreground.
	TEXT = Bring the system to the foreground.

Forcing SUT activation (bring to foreground) action
ExecutedAction [45]: 
 @Action ConcreteID = ACiiusp03a3947695539 AbstractID = AAiiusp03a3947695539
 ConcreteID CUSTOM = ConcreteID CUSTOM not available AbstractID CUSTOM = AA1fu2d5b39154148828
 @State ConcreteID = SC1n5gfz711da2273190475 AbstractID = SRa6gep511132082021109
 ConcreteID CUSTOM = SCbzr0mi11c93228221607 AbstractID CUSTOM = SAlwm7x411c92912945933

	DESCRIPTION = Bring the system to the foreground.
	TEXT = Bring the system to the foreground.

ExecutedAction [46]: 
 @Action ConcreteID = AC79gb2oae2573168512 AbstractID = AA79gb2oae2573168512
 ConcreteID CUSTOM = ConcreteID CUSTOM not available AbstractID CUSTOM = AA1p8v93vad3603999421
 @State ConcreteID = SC1n5gfz711da2273190475 AbstractID = SRa6gep511132082021109
 ConcreteID CUSTOM = SCbzr0mi11c93228221607 AbstractID CUSTOM = SAlwm7x411c92912945933

	ROLE = LeftDrag
	DESCRIPTION = Drag (1005.0, 681.0) To (1005.0, 659.3333333333334)
	TEXT = Compound Action =
		Move mouse to (1005.0, 681.0).
		Press Mouse Button BUTTON1
		Move mouse to (1005.0, 659.3333333333334).
		Release Mouse Button BUTTON1

Forcing SUT activation (bring to foreground) action
ExecutedAction [47]: 
 @Action ConcreteID = ACiiusp03a3947695539 AbstractID = AAiiusp03a3947695539
 ConcreteID CUSTOM = ConcreteID CUSTOM not available AbstractID CUSTOM = AA1fu2d5b39154148828
 @State ConcreteID = SC1n5gfz711da2273190475 AbstractID = SRa6gep511132082021109
 ConcreteID CUSTOM = SCbzr0mi11c93228221607 AbstractID CUSTOM = SAlwm7x411c92912945933

	DESCRIPTION = Bring the system to the foreground.
	TEXT = Bring the system to the foreground.

Forcing SUT activation (bring to foreground) action
ExecutedAction [48]: 
 @Action ConcreteID = ACiiusp03a3947695539 AbstractID = AAiiusp03a3947695539
 ConcreteID CUSTOM = ConcreteID CUSTOM not available AbstractID CUSTOM = AA1fu2d5b39154148828
 @State ConcreteID = SC1n5gfz711da2273190475 AbstractID = SRa6gep511132082021109
 ConcreteID CUSTOM = SCbzr0mi11c93228221607 AbstractID CUSTOM = SAlwm7x411c92912945933

	DESCRIPTION = Bring the system to the foreground.
	TEXT = Bring the system to the foreground.

ExecutedAction [49]: 
 @Action ConcreteID = AC1unfnoa21478230978 AbstractID = AA1unfnoa21478230978
 ConcreteID CUSTOM = ConcreteID CUSTOM not available AbstractID CUSTOM = AA1ny33v3a14210127803
 @State ConcreteID = SC1n5gfz711da2273190475 AbstractID = SRa6gep511132082021109
 ConcreteID CUSTOM = SCbzr0mi11c93228221607 AbstractID CUSTOM = SAlwm7x411c92912945933

	ROLE = LeftDrag
	DESCRIPTION = Drag (1005.0, 681.0) To (1005.0, 673.0)
	TEXT = Compound Action =
		Move mouse to (1005.0, 681.0).
		Press Mouse Button BUTTON1
		Move mouse to (1005.0, 673.0).
		Release Mouse Button BUTTON1

Forcing SUT activation (bring to foreground) action
ExecutedAction [50]: 
 @Action ConcreteID = ACiiusp03a3947695539 AbstractID = AAiiusp03a3947695539
 ConcreteID CUSTOM = ConcreteID CUSTOM not available AbstractID CUSTOM = AA1fu2d5b39154148828
 @State ConcreteID = SC1n5gfz711da2273190475 AbstractID = SRa6gep511132082021109
 ConcreteID CUSTOM = SCbzr0mi11c93228221607 AbstractID CUSTOM = SAlwm7x411c92912945933

	DESCRIPTION = Bring the system to the foreground.
	TEXT = Bring the system to the foreground.

Forcing SUT activation (bring to foreground) action
ExecutedAction [51]: 
 @Action ConcreteID = ACiiusp03a3947695539 AbstractID = AAiiusp03a3947695539
 ConcreteID CUSTOM = ConcreteID CUSTOM not available AbstractID CUSTOM = AA1fu2d5b39154148828
 @State ConcreteID = SC1n5gfz711da2273190475 AbstractID = SRa6gep511132082021109
 ConcreteID CUSTOM = SCbzr0mi11c93228221607 AbstractID CUSTOM = SAlwm7x411c92912945933

	DESCRIPTION = Bring the system to the foreground.
	TEXT = Bring the system to the foreground.

ExecutedAction [52]: 
 @Action ConcreteID = ACp7kzr7813636960370 AbstractID = AAp7kzr7813636960370
 ConcreteID CUSTOM = ConcreteID CUSTOM not available AbstractID CUSTOM = AAfe8rq080522681818
 @State ConcreteID = SC1n5gfz711da2273190475 AbstractID = SRa6gep511132082021109
 ConcreteID CUSTOM = SCbzr0mi11c93228221607 AbstractID CUSTOM = SAlwm7x411c92912945933

	ROLE = LeftClickAt
	TARGET =
		WIDGET = WC1s7087g201459384978, WR17v7k2nb1067391859, WT1omh7n413746922249, WP2hrom21c3522112309
		ROLE = UIAMenuItem
		TITLE = Navigate
		SHAPE = Rect [x:275.0 y:247.0 w:61.0 h:19.0]
		CHILDREN = 0
		PATH = [0, 4, 2]
	DESCRIPTION = Left Click at 'Navigate'
	TEXT = Compound Action =
		Move mouse to (305.5, 256.5).
		Press Mouse Button BUTTON1
		Release Mouse Button BUTTON1

Forcing SUT activation (bring to foreground) action
ExecutedAction [53]: 
 @Action ConcreteID = ACiiusp03a3947695539 AbstractID = AAiiusp03a3947695539
 ConcreteID CUSTOM = ConcreteID CUSTOM not available AbstractID CUSTOM = AA1fu2d5b39154148828
 @State ConcreteID = SC1n5gfz711da2273190475 AbstractID = SRa6gep511132082021109
 ConcreteID CUSTOM = SCbzr0mi11c93228221607 AbstractID CUSTOM = SAlwm7x411c92912945933

	DESCRIPTION = Bring the system to the foreground.
	TEXT = Bring the system to the foreground.

Forcing SUT activation (bring to foreground) action
ExecutedAction [54]: 
 @Action ConcreteID = ACiiusp03a3947695539 AbstractID = AAiiusp03a3947695539
 ConcreteID CUSTOM = ConcreteID CUSTOM not available AbstractID CUSTOM = AA1fu2d5b39154148828
 @State ConcreteID = SC1n5gfz711da2273190475 AbstractID = SRa6gep511132082021109
 ConcreteID CUSTOM = SCbzr0mi11c93228221607 AbstractID CUSTOM = SAlwm7x411c92912945933

	DESCRIPTION = Bring the system to the foreground.
	TEXT = Bring the system to the foreground.

ExecutedAction [55]: 
 @Action ConcreteID = ACz1en39811089358986 AbstractID = AAz1en39811089358986
 ConcreteID CUSTOM = ConcreteID CUSTOM not available AbstractID CUSTOM = AAp82f22802265885986
 @State ConcreteID = SC1n5gfz711da2273190475 AbstractID = SRa6gep511132082021109
 ConcreteID CUSTOM = SCbzr0mi11c93228221607 AbstractID CUSTOM = SAlwm7x411c92912945933

	ROLE = LeftClickAt
	TARGET =
		WIDGET = WCcwq7or2e2630601280, WR1e04pz3e358922214, WTaocbwu1b2980317179, WP1rdav952a2644515098
		ROLE = UIASplitButton
		TITLE = Run Last Tool
		SHAPE = Rect [x:377.0 y:272.0 w:38.0 h:22.0]
		CHILDREN = 0
		PATH = [0, 1, 2, 0, 0]
	DESCRIPTION = Left Click at 'Run Last Tool'
	TEXT = Compound Action =
		Move mouse to (396.0, 283.0).
		Press Mouse Button BUTTON1
		Release Mouse Button BUTTON1

Forcing SUT activation (bring to foreground) action
ExecutedAction [56]: 
 @Action ConcreteID = ACiiusp03a3947695539 AbstractID = AAiiusp03a3947695539
 ConcreteID CUSTOM = ConcreteID CUSTOM not available AbstractID CUSTOM = AA1fu2d5b39154148828
 @State ConcreteID = SC1n5gfz711da2273190475 AbstractID = SRa6gep511132082021109
 ConcreteID CUSTOM = SCbzr0mi11c93228221607 AbstractID CUSTOM = SAlwm7x411c92912945933

	DESCRIPTION = Bring the system to the foreground.
	TEXT = Bring the system to the foreground.

Forcing SUT activation (bring to foreground) action
ExecutedAction [57]: 
 @Action ConcreteID = ACiiusp03a3947695539 AbstractID = AAiiusp03a3947695539
 ConcreteID CUSTOM = ConcreteID CUSTOM not available AbstractID CUSTOM = AA1fu2d5b39154148828
 @State ConcreteID = SC1n5gfz711da2273190475 AbstractID = SRa6gep511132082021109
 ConcreteID CUSTOM = SCbzr0mi11c93228221607 AbstractID CUSTOM = SAlwm7x411c92912945933

	DESCRIPTION = Bring the system to the foreground.
	TEXT = Bring the system to the foreground.

ExecutedAction [58]: 
 @Action ConcreteID = AC4msq4t813358255990 AbstractID = AA4msq4t813358255990
 ConcreteID CUSTOM = ConcreteID CUSTOM not available AbstractID CUSTOM = AA1tukk2q80264899294
 @State ConcreteID = SC1n5gfz711da2273190475 AbstractID = SRa6gep511132082021109
 ConcreteID CUSTOM = SCbzr0mi11c93228221607 AbstractID CUSTOM = SAlwm7x411c92912945933

	ROLE = LeftClickAt
	TARGET =
		WIDGET = WC1si912b492274457860, WR1h6ibpb92248851252, WT1cknvro121926923266, WP1uvk169451285948
		ROLE = UIAButton
		TITLE = Page down
		SHAPE = Rect [x:983.0 y:392.0 w:17.0 h:131.0]
		CHILDREN = 0
		PATH = [0, 0, 0, 0, 0, 0, 2, 0, 0, 1, 0, 0, 0, 0, 0, 0, 2]
	DESCRIPTION = Left Click at 'Page down'
	TEXT = Compound Action =
		Move mouse to (991.5, 457.5).
		Press Mouse Button BUTTON1
		Release Mouse Button BUTTON1

Forcing SUT activation (bring to foreground) action
ExecutedAction [59]: 
 @Action ConcreteID = ACiiusp03a3947695539 AbstractID = AAiiusp03a3947695539
 ConcreteID CUSTOM = ConcreteID CUSTOM not available AbstractID CUSTOM = AA1fu2d5b39154148828
 @State ConcreteID = SC1n5gfz711da2273190475 AbstractID = SRa6gep511132082021109
 ConcreteID CUSTOM = SCbzr0mi11c93228221607 AbstractID CUSTOM = SAlwm7x411c92912945933

	DESCRIPTION = Bring the system to the foreground.
	TEXT = Bring the system to the foreground.

Forcing SUT activation (bring to foreground) action
ExecutedAction [60]: 
 @Action ConcreteID = ACiiusp03a3947695539 AbstractID = AAiiusp03a3947695539
 ConcreteID CUSTOM = ConcreteID CUSTOM not available AbstractID CUSTOM = AA1fu2d5b39154148828
 @State ConcreteID = SC1n5gfz711da2273190475 AbstractID = SRa6gep511132082021109
 ConcreteID CUSTOM = SCbzr0mi11c93228221607 AbstractID CUSTOM = SAlwm7x411c92912945933

	DESCRIPTION = Bring the system to the foreground.
	TEXT = Bring the system to the foreground.

ExecutedAction [61]: 
 @Action ConcreteID = AC12af5qua01061312667 AbstractID = AA12af5qua01061312667
 ConcreteID CUSTOM = ConcreteID CUSTOM not available AbstractID CUSTOM = AAw7qrxd9f1535154048
 @State ConcreteID = SC1n5gfz711da2273190475 AbstractID = SRa6gep511132082021109
 ConcreteID CUSTOM = SCbzr0mi11c93228221607 AbstractID CUSTOM = SAlwm7x411c92912945933

	ROLE = LeftDrag
	DESCRIPTION = Drag (470.0, 688.0) To (972.0, 688.0)
	TEXT = Compound Action =
		Move mouse to (470.0, 688.0).
		Press Mouse Button BUTTON1
		Move mouse to (972.0, 688.0).
		Release Mouse Button BUTTON1

Forcing SUT activation (bring to foreground) action
ExecutedAction [62]: 
 @Action ConcreteID = ACiiusp03a3947695539 AbstractID = AAiiusp03a3947695539
 ConcreteID CUSTOM = ConcreteID CUSTOM not available AbstractID CUSTOM = AA1fu2d5b39154148828
 @State ConcreteID = SC1n5gfz711da2273190475 AbstractID = SRa6gep511132082021109
 ConcreteID CUSTOM = SCbzr0mi11c93228221607 AbstractID CUSTOM = SAlwm7x411c92912945933

	DESCRIPTION = Bring the system to the foreground.
	TEXT = Bring the system to the foreground.

Forcing SUT activation (bring to foreground) action
ExecutedAction [63]: 
 @Action ConcreteID = ACiiusp03a3947695539 AbstractID = AAiiusp03a3947695539
 ConcreteID CUSTOM = ConcreteID CUSTOM not available AbstractID CUSTOM = AA1fu2d5b39154148828
 @State ConcreteID = SC1n5gfz711da2273190475 AbstractID = SRa6gep511132082021109
 ConcreteID CUSTOM = SCbzr0mi11c93228221607 AbstractID CUSTOM = SAlwm7x411c92912945933

	DESCRIPTION = Bring the system to the foreground.
	TEXT = Bring the system to the foreground.

ExecutedAction [64]: 
 @Action ConcreteID = ACgd4fjf813943192458 AbstractID = AAgd4fjf813943192458
 ConcreteID CUSTOM = ConcreteID CUSTOM not available AbstractID CUSTOM = AA6js7i880753448482
 @State ConcreteID = SC1n5gfz711da2273190475 AbstractID = SRa6gep511132082021109
 ConcreteID CUSTOM = SCbzr0mi11c93228221607 AbstractID CUSTOM = SAlwm7x411c92912945933

	ROLE = LeftClickAt
	TARGET =
		WIDGET = WC1g58mh2d2338275225, WR1k8fo0ra1109144095, WTpgsvvr113303787469, WP1o05fq3293645223209
		ROLE = UIATabItem
		TITLE = Outline
		SHAPE = Rect [x:211.0 y:502.0 w:85.0 h:24.0]
		CHILDREN = 0
		PATH = [0, 0, 0, 0, 0, 0, 1, 3]
	DESCRIPTION = Left Click at 'Outline'
	TEXT = Compound Action =
		Move mouse to (253.5, 514.0).
		Press Mouse Button BUTTON1
		Release Mouse Button BUTTON1

Forcing SUT activation (bring to foreground) action
ExecutedAction [65]: 
 @Action ConcreteID = ACiiusp03a3947695539 AbstractID = AAiiusp03a3947695539
 ConcreteID CUSTOM = ConcreteID CUSTOM not available AbstractID CUSTOM = AA1fu2d5b39154148828
 @State ConcreteID = SC1n5gfz711da2273190475 AbstractID = SRa6gep511132082021109
 ConcreteID CUSTOM = SCbzr0mi11c93228221607 AbstractID CUSTOM = SAlwm7x411c92912945933

	DESCRIPTION = Bring the system to the foreground.
	TEXT = Bring the system to the foreground.

Forcing SUT activation (bring to foreground) action
ExecutedAction [66]: 
 @Action ConcreteID = ACiiusp03a3947695539 AbstractID = AAiiusp03a3947695539
 ConcreteID CUSTOM = ConcreteID CUSTOM not available AbstractID CUSTOM = AA1fu2d5b39154148828
 @State ConcreteID = SC1n5gfz711da2273190475 AbstractID = SRa6gep511132082021109
 ConcreteID CUSTOM = SCbzr0mi11c93228221607 AbstractID CUSTOM = SAlwm7x411c92912945933

	DESCRIPTION = Bring the system to the foreground.
	TEXT = Bring the system to the foreground.

Forcing SUT activation (bring to foreground) action
ExecutedAction [67]: 
 @Action ConcreteID = ACiiusp03a3947695539 AbstractID = AAiiusp03a3947695539
 ConcreteID CUSTOM = ConcreteID CUSTOM not available AbstractID CUSTOM = AA1fu2d5b39154148828
 @State ConcreteID = SC1n5gfz711da2273190475 AbstractID = SRa6gep511132082021109
 ConcreteID CUSTOM = SCbzr0mi11c93228221607 AbstractID CUSTOM = SAlwm7x411c92912945933

	DESCRIPTION = Bring the system to the foreground.
	TEXT = Bring the system to the foreground.

ExecutedAction [68]: 
 @Action ConcreteID = AC1ou24fd81738989293 AbstractID = AA1ou24fd81738989293
 ConcreteID CUSTOM = ConcreteID CUSTOM not available AbstractID CUSTOM = AA1f0pwe6803958175045
 @State ConcreteID = SC1n5gfz711da2273190475 AbstractID = SRa6gep511132082021109
 ConcreteID CUSTOM = SCbzr0mi11c93228221607 AbstractID CUSTOM = SAlwm7x411c92912945933

	ROLE = LeftClickAt
	TARGET =
		WIDGET = WC1dbcr711b1873034447, WR17v7k2nb1067391859, WTdgwhpoe4144656729, WP1a283f173212671413
		ROLE = UIAMenuItem
		TITLE = Run
		SHAPE = Rect [x:436.0 y:247.0 w:35.0 h:19.0]
		CHILDREN = 0
		PATH = [0, 4, 5]
	DESCRIPTION = Left Click at 'Run'
	TEXT = Compound Action =
		Move mouse to (453.5, 256.5).
		Press Mouse Button BUTTON1
		Release Mouse Button BUTTON1

Forcing SUT activation (bring to foreground) action
ExecutedAction [69]: 
 @Action ConcreteID = ACiiusp03a3947695539 AbstractID = AAiiusp03a3947695539
 ConcreteID CUSTOM = ConcreteID CUSTOM not available AbstractID CUSTOM = AA1fu2d5b39154148828
 @State ConcreteID = SC1n5gfz711da2273190475 AbstractID = SRa6gep511132082021109
 ConcreteID CUSTOM = SCbzr0mi11c93228221607 AbstractID CUSTOM = SAlwm7x411c92912945933

	DESCRIPTION = Bring the system to the foreground.
	TEXT = Bring the system to the foreground.

Forcing SUT activation (bring to foreground) action
ExecutedAction [70]: 
 @Action ConcreteID = ACiiusp03a3947695539 AbstractID = AAiiusp03a3947695539
 ConcreteID CUSTOM = ConcreteID CUSTOM not available AbstractID CUSTOM = AA1fu2d5b39154148828
 @State ConcreteID = SC1n5gfz711da2273190475 AbstractID = SRa6gep511132082021109
 ConcreteID CUSTOM = SCbzr0mi11c93228221607 AbstractID CUSTOM = SAlwm7x411c92912945933

	DESCRIPTION = Bring the system to the foreground.
	TEXT = Bring the system to the foreground.

ExecutedAction [71]: 
 @Action ConcreteID = ACew1zzc813611645936 AbstractID = AAew1zzc813611645936
 ConcreteID CUSTOM = ConcreteID CUSTOM not available AbstractID CUSTOM = AA52pry580279295576
 @State ConcreteID = SC1n5gfz711da2273190475 AbstractID = SRa6gep511132082021109
 ConcreteID CUSTOM = SCbzr0mi11c93228221607 AbstractID CUSTOM = SAlwm7x411c92912945933

	ROLE = LeftClickAt
	TARGET =
		WIDGET = WC12t4qkh4a4138715605, WR16s6p21c140494670, WTddzkv1164284674305, WP1g6i6wj464046023952
		ROLE = UIAScrollBar
		TITLE = Horizontal
		SHAPE = Rect [x:453.0 y:540.0 w:530.0 h:17.0]
		CHILDREN = 4
		PATH = [0, 0, 0, 0, 0, 0, 2, 0, 0, 1, 0, 0, 0, 0, 0, 1]
	DESCRIPTION = Left Click at 'Horizontal'
	TEXT = Compound Action =
		Move mouse to (718.0, 548.5).
		Press Mouse Button BUTTON1
		Release Mouse Button BUTTON1

Forcing SUT activation (bring to foreground) action
ExecutedAction [72]: 
 @Action ConcreteID = ACiiusp03a3947695539 AbstractID = AAiiusp03a3947695539
 ConcreteID CUSTOM = ConcreteID CUSTOM not available AbstractID CUSTOM = AA1fu2d5b39154148828
 @State ConcreteID = SC1n5gfz711da2273190475 AbstractID = SRa6gep511132082021109
 ConcreteID CUSTOM = SCbzr0mi11c93228221607 AbstractID CUSTOM = SAlwm7x411c92912945933

	DESCRIPTION = Bring the system to the foreground.
	TEXT = Bring the system to the foreground.

Forcing SUT activation (bring to foreground) action
ExecutedAction [73]: 
 @Action ConcreteID = ACiiusp03a3947695539 AbstractID = AAiiusp03a3947695539
 ConcreteID CUSTOM = ConcreteID CUSTOM not available AbstractID CUSTOM = AA1fu2d5b39154148828
 @State ConcreteID = SC1n5gfz711da2273190475 AbstractID = SRa6gep511132082021109
 ConcreteID CUSTOM = SCbzr0mi11c93228221607 AbstractID CUSTOM = SAlwm7x411c92912945933

	DESCRIPTION = Bring the system to the foreground.
	TEXT = Bring the system to the foreground.

ExecutedAction [74]: 
 @Action ConcreteID = AC3qdnzv822626444390 AbstractID = AA3qdnzv822626444390
 ConcreteID CUSTOM = ConcreteID CUSTOM not available AbstractID CUSTOM = AA1imf0ue811145476957
 @State ConcreteID = SC1n5gfz711da2273190475 AbstractID = SRa6gep511132082021109
 ConcreteID CUSTOM = SCbzr0mi11c93228221607 AbstractID CUSTOM = SAlwm7x411c92912945933

	ROLE = LeftClickAt
	TARGET =
		WIDGET = WC1yzx221452382624812, WR16s6p21c140494670, WTdtcs8f142835715827, WP3ehng7412567600273
		ROLE = UIAScrollBar
		TITLE = Vertical
		SHAPE = Rect [x:996.0 y:637.0 w:17.0 h:42.0]
		CHILDREN = 3
		PATH = [0, 0, 0, 0, 0, 0, 3, 2, 0, 2, 0, 0, 1, 0, 2]
	DESCRIPTION = Left Click at 'Vertical'
	TEXT = Compound Action =
		Move mouse to (1004.5, 658.0).
		Press Mouse Button BUTTON1
		Release Mouse Button BUTTON1

Forcing SUT activation (bring to foreground) action
ExecutedAction [75]: 
 @Action ConcreteID = ACiiusp03a3947695539 AbstractID = AAiiusp03a3947695539
 ConcreteID CUSTOM = ConcreteID CUSTOM not available AbstractID CUSTOM = AA1fu2d5b39154148828
 @State ConcreteID = SC1n5gfz711da2273190475 AbstractID = SRa6gep511132082021109
 ConcreteID CUSTOM = SCbzr0mi11c93228221607 AbstractID CUSTOM = SAlwm7x411c92912945933

	DESCRIPTION = Bring the system to the foreground.
	TEXT = Bring the system to the foreground.

Forcing SUT activation (bring to foreground) action
ExecutedAction [76]: 
 @Action ConcreteID = ACiiusp03a3947695539 AbstractID = AAiiusp03a3947695539
 ConcreteID CUSTOM = ConcreteID CUSTOM not available AbstractID CUSTOM = AA1fu2d5b39154148828
 @State ConcreteID = SC1n5gfz711da2273190475 AbstractID = SRa6gep511132082021109
 ConcreteID CUSTOM = SCbzr0mi11c93228221607 AbstractID CUSTOM = SAlwm7x411c92912945933

	DESCRIPTION = Bring the system to the foreground.
	TEXT = Bring the system to the foreground.

ExecutedAction [77]: 
 @Action ConcreteID = AC1btb0ga813829801189 AbstractID = AA1btb0ga813829801189
 ConcreteID CUSTOM = ConcreteID CUSTOM not available AbstractID CUSTOM = AA11zysf380598131021
 @State ConcreteID = SC1n5gfz711da2273190475 AbstractID = SRa6gep511132082021109
 ConcreteID CUSTOM = SCbzr0mi11c93228221607 AbstractID CUSTOM = SAlwm7x411c92912945933

	ROLE = LeftClickAt
	TARGET =
		WIDGET = WC16hwp0n49498521589, WR1h6ibpb92248851252, WT493d5b122119396097, WPfuogol454064311559
		ROLE = UIAButton
		TITLE = Line down
		SHAPE = Rect [x:983.0 y:523.0 w:17.0 h:17.0]
		CHILDREN = 0
		PATH = [0, 0, 0, 0, 0, 0, 2, 0, 0, 1, 0, 0, 0, 0, 0, 0, 3]
	DESCRIPTION = Left Click at 'Line down'
	TEXT = Compound Action =
		Move mouse to (991.5, 531.5).
		Press Mouse Button BUTTON1
		Release Mouse Button BUTTON1

Forcing SUT activation (bring to foreground) action
ExecutedAction [78]: 
 @Action ConcreteID = ACiiusp03a3947695539 AbstractID = AAiiusp03a3947695539
 ConcreteID CUSTOM = ConcreteID CUSTOM not available AbstractID CUSTOM = AA1fu2d5b39154148828
 @State ConcreteID = SC1n5gfz711da2273190475 AbstractID = SRa6gep511132082021109
 ConcreteID CUSTOM = SCbzr0mi11c93228221607 AbstractID CUSTOM = SAlwm7x411c92912945933

	DESCRIPTION = Bring the system to the foreground.
	TEXT = Bring the system to the foreground.

Forcing SUT activation (bring to foreground) action
ExecutedAction [79]: 
 @Action ConcreteID = ACiiusp03a3947695539 AbstractID = AAiiusp03a3947695539
 ConcreteID CUSTOM = ConcreteID CUSTOM not available AbstractID CUSTOM = AA1fu2d5b39154148828
 @State ConcreteID = SC1n5gfz711da2273190475 AbstractID = SRa6gep511132082021109
 ConcreteID CUSTOM = SCbzr0mi11c93228221607 AbstractID CUSTOM = SAlwm7x411c92912945933

	DESCRIPTION = Bring the system to the foreground.
	TEXT = Bring the system to the foreground.

ExecutedAction [80]: 
 @Action ConcreteID = AC1ozvv9d821319706621 AbstractID = AA1ozvv9d821319706621
 ConcreteID CUSTOM = ConcreteID CUSTOM not available AbstractID CUSTOM = AA14ut64s812523124934
 @State ConcreteID = SC1n5gfz711da2273190475 AbstractID = SRa6gep511132082021109
 ConcreteID CUSTOM = SCbzr0mi11c93228221607 AbstractID CUSTOM = SAlwm7x411c92912945933

	ROLE = LeftClickAt
	TARGET =
		WIDGET = WCiititr411105340006, WR4n4ygb71694219017, WT4n4ygb71694219017, WP1gxnojl3d773723174
		ROLE = UIAList
		TITLE = 
		SHAPE = Rect [x:1131.0 y:533.0 w:630.0 h:71.0]
		CHILDREN = 3
		PATH = [0, 0, 0, 1, 2, 0, 0, 0, 0, 0, 0, 0, 0, 0, 0, 0, 0, 1]
	DESCRIPTION = Left Click at ''
	TEXT = Compound Action =
		Move mouse to (1446.0, 568.5).
		Press Mouse Button BUTTON1
		Release Mouse Button BUTTON1

Forcing SUT activation (bring to foreground) action
ExecutedAction [81]: 
 @Action ConcreteID = ACiiusp03a3947695539 AbstractID = AAiiusp03a3947695539
 ConcreteID CUSTOM = ConcreteID CUSTOM not available AbstractID CUSTOM = AA1fu2d5b39154148828
 @State ConcreteID = SC1n5gfz711da2273190475 AbstractID = SRa6gep511132082021109
 ConcreteID CUSTOM = SCbzr0mi11c93228221607 AbstractID CUSTOM = SAlwm7x411c92912945933

	DESCRIPTION = Bring the system to the foreground.
	TEXT = Bring the system to the foreground.

Forcing SUT activation (bring to foreground) action
ExecutedAction [82]: 
 @Action ConcreteID = ACiiusp03a3947695539 AbstractID = AAiiusp03a3947695539
 ConcreteID CUSTOM = ConcreteID CUSTOM not available AbstractID CUSTOM = AA1fu2d5b39154148828
 @State ConcreteID = SC1n5gfz711da2273190475 AbstractID = SRa6gep511132082021109
 ConcreteID CUSTOM = SCbzr0mi11c93228221607 AbstractID CUSTOM = SAlwm7x411c92912945933

	DESCRIPTION = Bring the system to the foreground.
	TEXT = Bring the system to the foreground.

ExecutedAction [83]: 
 @Action ConcreteID = ACnpigrg822787952852 AbstractID = AAnpigrg822787952852
 ConcreteID CUSTOM = ConcreteID CUSTOM not available AbstractID CUSTOM = AA3kfrmv812129003503
 @State ConcreteID = SC1n5gfz711da2273190475 AbstractID = SRa6gep511132082021109
 ConcreteID CUSTOM = SCbzr0mi11c93228221607 AbstractID CUSTOM = SAlwm7x411c92912945933

	ROLE = LeftClickAt
	TARGET =
		WIDGET = WC1av8z2p471577201587, WR1h6ibpb92248851252, WTrko51k10351550260, WPyfdgbj43554155120
		ROLE = UIAButton
		TITLE = Line up
		SHAPE = Rect [x:996.0 y:661.0 w:17.0 h:9.0]
		CHILDREN = 0
		PATH = [0, 0, 0, 0, 0, 0, 3, 2, 0, 2, 0, 0, 1, 0, 1, 0, 0]
	DESCRIPTION = Left Click at 'Line up'
	TEXT = Compound Action =
		Move mouse to (1004.5, 665.5).
		Press Mouse Button BUTTON1
		Release Mouse Button BUTTON1

Forcing SUT activation (bring to foreground) action
ExecutedAction [84]: 
 @Action ConcreteID = ACiiusp03a3947695539 AbstractID = AAiiusp03a3947695539
 ConcreteID CUSTOM = ConcreteID CUSTOM not available AbstractID CUSTOM = AA1fu2d5b39154148828
 @State ConcreteID = SC1n5gfz711da2273190475 AbstractID = SRa6gep511132082021109
 ConcreteID CUSTOM = SCbzr0mi11c93228221607 AbstractID CUSTOM = SAlwm7x411c92912945933

	DESCRIPTION = Bring the system to the foreground.
	TEXT = Bring the system to the foreground.

Forcing SUT activation (bring to foreground) action
ExecutedAction [85]: 
 @Action ConcreteID = ACiiusp03a3947695539 AbstractID = AAiiusp03a3947695539
 ConcreteID CUSTOM = ConcreteID CUSTOM not available AbstractID CUSTOM = AA1fu2d5b39154148828
 @State ConcreteID = SC1n5gfz711da2273190475 AbstractID = SRa6gep511132082021109
 ConcreteID CUSTOM = SCbzr0mi11c93228221607 AbstractID CUSTOM = SAlwm7x411c92912945933

	DESCRIPTION = Bring the system to the foreground.
	TEXT = Bring the system to the foreground.

ExecutedAction [86]: 
 @Action ConcreteID = AC1m1q816803151467995 AbstractID = AA1m1q816803151467995
 ConcreteID CUSTOM = ConcreteID CUSTOM not available AbstractID CUSTOM = AA1xfzei7812511964838
 @State ConcreteID = SCe1671a11ee1110192782 AbstractID = SRil24vq11264099834315
 ConcreteID CUSTOM = SC1tawmc011e578889104 AbstractID CUSTOM = SA16ei5yo11f14181841657

	ROLE = LeftClickAt
	TARGET =
		WIDGET = WC9lwfpt333489870914, WR1h6ibpb92248851252, WT19gdovh112806699093, WPd6ii2r2f1413117042
		ROLE = UIAButton
		TITLE = Open Log
		SHAPE = Rect [x:890.0 y:566.0 w:23.0 h:22.0]
		CHILDREN = 0
		PATH = [1, 0, 0, 0, 0, 0, 3, 0, 0, 4]
	DESCRIPTION = Left Click at 'Open Log'
	TEXT = Compound Action =
		Move mouse to (901.5, 577.0).
		Press Mouse Button BUTTON1
		Release Mouse Button BUTTON1

Forcing SUT activation (bring to foreground) action
ExecutedAction [87]: 
 @Action ConcreteID = AC1pbjbd839468565914 AbstractID = AA1pbjbd839468565914
 ConcreteID CUSTOM = ConcreteID CUSTOM not available AbstractID CUSTOM = AAml3r3n3a1425189023
 @State ConcreteID = SCdpgnf212ce1735396104 AbstractID = SRv11wvt11fa2132469557
 ConcreteID CUSTOM = SC1q0fke312c0392195300 AbstractID CUSTOM = SA1asvcgi12d32366335855

	DESCRIPTION = Bring the system to the foreground.
	TEXT = Bring the system to the foreground.

Forcing SUT activation (bring to foreground) action
ExecutedAction [88]: 
 @Action ConcreteID = AC1pbjbd839468565914 AbstractID = AA1pbjbd839468565914
 ConcreteID CUSTOM = ConcreteID CUSTOM not available AbstractID CUSTOM = AAml3r3n3a1425189023
 @State ConcreteID = SCdpgnf212ce1735396104 AbstractID = SRv11wvt11fa2132469557
 ConcreteID CUSTOM = SC1q0fke312c0392195300 AbstractID CUSTOM = SA1asvcgi12d32366335855

	DESCRIPTION = Bring the system to the foreground.
	TEXT = Bring the system to the foreground.

ExecutedAction [89]: 
 @Action ConcreteID = AC31g6yr803695487804 AbstractID = AA31g6yr803695487804
 ConcreteID CUSTOM = ConcreteID CUSTOM not available AbstractID CUSTOM = AA1jpvz5o81582629538
 @State ConcreteID = SCdpgnf212ce1735396104 AbstractID = SRv11wvt11fa2132469557
 ConcreteID CUSTOM = SC1q0fke312c0392195300 AbstractID CUSTOM = SA1asvcgi12d32366335855

	ROLE = LeftClickAt
	TARGET =
		WIDGET = WC1qhsufc1e768141790, WR17v7k2nb1067391859, WTixgq3z113705304648, WPgj5qhi1a791446387
		ROLE = UIAMenuItem
		TITLE = Window
		SHAPE = Rect [x:471.0 y:247.0 w:58.0 h:19.0]
		CHILDREN = 0
		PATH = [1, 4, 6]
	DESCRIPTION = Left Click at 'Window'
	TEXT = Compound Action =
		Move mouse to (500.0, 256.5).
		Press Mouse Button BUTTON1
		Release Mouse Button BUTTON1

Forcing SUT activation (bring to foreground) action
ExecutedAction [90]: 
 @Action ConcreteID = AC1pbjbd839468565914 AbstractID = AA1pbjbd839468565914
 ConcreteID CUSTOM = ConcreteID CUSTOM not available AbstractID CUSTOM = AAml3r3n3a1425189023
 @State ConcreteID = SCdpgnf212ce1735396104 AbstractID = SRv11wvt11fa2132469557
 ConcreteID CUSTOM = SC1q0fke312c0392195300 AbstractID CUSTOM = SA1asvcgi12d32366335855

	DESCRIPTION = Bring the system to the foreground.
	TEXT = Bring the system to the foreground.

Forcing SUT activation (bring to foreground) action
ExecutedAction [91]: 
 @Action ConcreteID = AC1pbjbd839468565914 AbstractID = AA1pbjbd839468565914
 ConcreteID CUSTOM = ConcreteID CUSTOM not available AbstractID CUSTOM = AAml3r3n3a1425189023
 @State ConcreteID = SCdpgnf212ce1735396104 AbstractID = SRv11wvt11fa2132469557
 ConcreteID CUSTOM = SC1q0fke312c0392195300 AbstractID CUSTOM = SA1asvcgi12d32366335855

	DESCRIPTION = Bring the system to the foreground.
	TEXT = Bring the system to the foreground.

Forcing SUT activation (bring to foreground) action
ExecutedAction [92]: 
 @Action ConcreteID = AC16n1grg3a1430439456 AbstractID = AA16n1grg3a1430439456
 ConcreteID CUSTOM = ConcreteID CUSTOM not available AbstractID CUSTOM = AA1517s4s392325293811
 @State ConcreteID = SC1a5zr8b12ce3794905125 AbstractID = SR12rwc7z11fa570668649
 ConcreteID CUSTOM = SC1r43qhy12bd3005049844 AbstractID CUSTOM = SAldo9m912ba2693280780

	DESCRIPTION = Bring the system to the foreground.
	TEXT = Bring the system to the foreground.

Forcing SUT activation (bring to foreground) action
ExecutedAction [93]: 
 @Action ConcreteID = AC1pbjbd839468565914 AbstractID = AA1pbjbd839468565914
 ConcreteID CUSTOM = ConcreteID CUSTOM not available AbstractID CUSTOM = AAml3r3n3a1425189023
 @State ConcreteID = SCdpgnf212ce1735396104 AbstractID = SRv11wvt11fa2132469557
 ConcreteID CUSTOM = SC1q0fke312c0392195300 AbstractID CUSTOM = SA1asvcgi12d32366335855

	DESCRIPTION = Bring the system to the foreground.
	TEXT = Bring the system to the foreground.

Forcing SUT activation (bring to foreground) action
ExecutedAction [94]: 
 @Action ConcreteID = AC16n1grg3a1430439456 AbstractID = AA16n1grg3a1430439456
 ConcreteID CUSTOM = ConcreteID CUSTOM not available AbstractID CUSTOM = AA1517s4s392325293811
 @State ConcreteID = SC1a5zr8b12ce3794905125 AbstractID = SR12rwc7z11fa570668649
 ConcreteID CUSTOM = SC1r43qhy12bd3005049844 AbstractID CUSTOM = SAldo9m912ba2693280780

	DESCRIPTION = Bring the system to the foreground.
	TEXT = Bring the system to the foreground.

ExecutedAction [95]: 
 @Action ConcreteID = ACfgpt5r812232241339 AbstractID = AAfgpt5r812232241339
 ConcreteID CUSTOM = ConcreteID CUSTOM not available AbstractID CUSTOM = AAesptom822453933163
 @State ConcreteID = SCdpgnf212ce1735396104 AbstractID = SRv11wvt11fa2132469557
 ConcreteID CUSTOM = SC1q0fke312c0392195300 AbstractID CUSTOM = SA1asvcgi12d32366335855

	ROLE = LeftClickAt
	TARGET =
		WIDGET = WC1e1w2g35c3885751296, WR1ca707tc1438424989, WTp2108s1c742490077, WP119v9hx584276376471
		ROLE = UIAHyperLink
		TITLE = Refresh the page
		SHAPE = Rect [x:1167.0 y:585.0 w:102.0 h:19.0]
		CHILDREN = 1
		PATH = [1, 0, 0, 1, 2, 0, 0, 0, 0, 0, 0, 0, 0, 0, 0, 0, 0, 1, 2, 0]
	DESCRIPTION = Left Click at 'Refresh the page'
	TEXT = Compound Action =
		Move mouse to (1218.0, 594.5).
		Press Mouse Button BUTTON1
		Release Mouse Button BUTTON1

Forcing SUT activation (bring to foreground) action
ExecutedAction [96]: 
 @Action ConcreteID = AC1pbjbd839468565914 AbstractID = AA1pbjbd839468565914
 ConcreteID CUSTOM = ConcreteID CUSTOM not available AbstractID CUSTOM = AAml3r3n3a1425189023
 @State ConcreteID = SCdpgnf212ce1735396104 AbstractID = SRv11wvt11fa2132469557
 ConcreteID CUSTOM = SC1q0fke312c0392195300 AbstractID CUSTOM = SA1asvcgi12d32366335855

	DESCRIPTION = Bring the system to the foreground.
	TEXT = Bring the system to the foreground.

Forcing SUT activation (bring to foreground) action
ExecutedAction [97]: 
 @Action ConcreteID = AC1pbjbd839468565914 AbstractID = AA1pbjbd839468565914
 ConcreteID CUSTOM = ConcreteID CUSTOM not available AbstractID CUSTOM = AAml3r3n3a1425189023
 @State ConcreteID = SCdpgnf212ce1735396104 AbstractID = SRv11wvt11fa2132469557
 ConcreteID CUSTOM = SC1q0fke312c0392195300 AbstractID CUSTOM = SA1asvcgi12d32366335855

	DESCRIPTION = Bring the system to the foreground.
	TEXT = Bring the system to the foreground.

ExecutedAction [98]: 
 @Action ConcreteID = ACwk9x4m801356008210 AbstractID = AAwk9x4m801356008210
 ConcreteID CUSTOM = ConcreteID CUSTOM not available AbstractID CUSTOM = AAe7lncf812922223756
 @State ConcreteID = SCdpgnf212ce1735396104 AbstractID = SRv11wvt11fa2132469557
 ConcreteID CUSTOM = SC1q0fke312c0392195300 AbstractID CUSTOM = SA1asvcgi12d32366335855

	ROLE = LeftClickAt
	TARGET =
		WIDGET = WC1ygj97d30908130387, WR1h6ibpb92248851252, WT17yjboe1d2534355506, WPw5cmg72c313516507
		ROLE = UIAButton
		TITLE = Open Task (Ctrl+F12)
		SHAPE = Rect [x:420.0 y:272.0 w:23.0 h:22.0]
		CHILDREN = 0
		PATH = [1, 1, 3, 0, 0]
	DESCRIPTION = Left Click at 'Open Task (Ctrl+F12)'
	TEXT = Compound Action =
		Move mouse to (431.5, 283.0).
		Press Mouse Button BUTTON1
		Release Mouse Button BUTTON1

Forcing SUT activation (bring to foreground) action
ExecutedAction [99]: 
 @Action ConcreteID = AC16n1grg3a1430439456 AbstractID = AA16n1grg3a1430439456
 ConcreteID CUSTOM = ConcreteID CUSTOM not available AbstractID CUSTOM = AA1517s4s392325293811
 @State ConcreteID = SC1a5zr8b12ce3794905125 AbstractID = SR12rwc7z11fa570668649
 ConcreteID CUSTOM = SC1r43qhy12bd3005049844 AbstractID CUSTOM = SAldo9m912ba2693280780

	DESCRIPTION = Bring the system to the foreground.
	TEXT = Bring the system to the foreground.

Forcing SUT activation (bring to foreground) action
ExecutedAction [100]: 
 @Action ConcreteID = AC1pbjbd839468565914 AbstractID = AA1pbjbd839468565914
 ConcreteID CUSTOM = ConcreteID CUSTOM not available AbstractID CUSTOM = AAml3r3n3a1425189023
 @State ConcreteID = SCdpgnf212ce1735396104 AbstractID = SRv11wvt11fa2132469557
 ConcreteID CUSTOM = SC1q0fke312c0392195300 AbstractID CUSTOM = SA1asvcgi12d32366335855

	DESCRIPTION = Bring the system to the foreground.
	TEXT = Bring the system to the foreground.

Sequence 1 finished.
Copying generated sequence ("sequence1024") to output directory...
Copying classified sequence ("sequence1024") to sequences_ok folder...
