Starting sequence 1 (output as: sequence2609)

ExecutedAction [1]: 
 @Action ConcreteID = AC8vobqu7d3681554449 AbstractID = AA8vobqu7d3681554449
 ConcreteID CUSTOM = ConcreteID CUSTOM not available AbstractID CUSTOM = AA1mmfign7d3267633415
 @State ConcreteID = SCokt4g9404418050760 AbstractID = SR1jumdpu3ea1420136284
 ConcreteID CUSTOM = SC7x3hda3fe4134442500 AbstractID CUSTOM = SAylrvaj3f6384252902

	ROLE = LeftClickAt
	TARGET =
		WIDGET = WC11tbk1c2316531994, WR17v7k2nb1067391859, WT1qe6brdf138512687, WP14iagou18462123395
		ROLE = UIAMenuItem
		TITLE = Edit
		SHAPE = Rect [x:92.0 y:58.0 w:34.0 h:19.0]
		CHILDREN = 0
		PATH = [2, 2, 1]
	DESCRIPTION = Left Click at 'Edit'
	TEXT = Compound Action =
		Move mouse to (109.0, 67.5).
		Press Mouse Button BUTTON1
		Release Mouse Button BUTTON1

ExecutedAction [2]: 
 @Action ConcreteID = ACx4fbtq7e853727269 AbstractID = AAx4fbtq7e853727269
 ConcreteID CUSTOM = ConcreteID CUSTOM not available AbstractID CUSTOM = AA1md5z0s7e3323453365
 @State ConcreteID = SCl0bp3q4f04280968813 AbstractID = SRhb5rqv4d91581134308
 ConcreteID CUSTOM = SC7ghlwd4f53175015486 AbstractID CUSTOM = SAx9bh3z4ed2849586149

	ROLE = LeftClickAt
	TARGET =
		WIDGET = WCwkswyr1e3256360177, WR17v7k2nb1067391859, WTaz2n92112307194186, WP134nzqp1a3406694771
		ROLE = UIAMenuItem
		TITLE = Format
		SHAPE = Rect [x:126.0 y:58.0 w:52.0 h:19.0]
		CHILDREN = 0
		PATH = [1, 2, 2]
	DESCRIPTION = Left Click at 'Format'
	TEXT = Compound Action =
		Move mouse to (152.0, 67.5).
		Press Mouse Button BUTTON1
		Release Mouse Button BUTTON1

ExecutedAction [3]: 
 @Action ConcreteID = AC5u0bvd7c59870652 AbstractID = AA5u0bvd7c59870652
 ConcreteID CUSTOM = ConcreteID CUSTOM not available AbstractID CUSTOM = AAkb9ko7c3684100650
 @State ConcreteID = SCokt4g9404418050760 AbstractID = SR1jumdpu3ea1420136284
 ConcreteID CUSTOM = SC7x3hda3fe4134442500 AbstractID CUSTOM = SAylrvaj3f6384252902

	ROLE = LeftClickAt
	TARGET =
		WIDGET = WC12cdkkf1c31601175, WR17v7k2nb1067391859, WT1qe72ijf99311909, WP5xa20d182563664758
		ROLE = UIAMenuItem
		TITLE = File
		SHAPE = Rect [x:60.0 y:58.0 w:32.0 h:19.0]
		CHILDREN = 0
		PATH = [2, 2, 0]
	DESCRIPTION = Left Click at 'File'
	TEXT = Compound Action =
		Move mouse to (76.0, 67.5).
		Press Mouse Button BUTTON1
		Release Mouse Button BUTTON1

ExecutedAction [4]: 
 @Action ConcreteID = AC6ywq077f3750439072 AbstractID = AA6ywq077f3750439072
 ConcreteID CUSTOM = ConcreteID CUSTOM not available AbstractID CUSTOM = AAi1aqsh801730369619
 @State ConcreteID = SCyaelgd4a63227638983 AbstractID = SR25f9j3489363105316
 ConcreteID CUSTOM = SC1y8z6cn4a7149894310 AbstractID CUSTOM = SA12c4vbo49e1258004458

	ROLE = LeftClickAt
	TARGET =
		WIDGET = WC1b0el8x253347755722, WR17v7k2nb1067391859, WT1mkt3k3184259406525, WP30mgyn21605150957
		ROLE = UIAMenuItem
		TITLE = Page Setup...
		SHAPE = Rect [x:63.0 y:175.0 w:188.0 h:22.0]
		CHILDREN = 0
		PATH = [2, 0, 4]
	DESCRIPTION = Left Click at 'Page Setup...'
	TEXT = Compound Action =
		Move mouse to (157.0, 186.0).
		Press Mouse Button BUTTON1
		Release Mouse Button BUTTON1

ExecutedAction [5]: 
 @Action ConcreteID = AC1vxhakv7f3920141154 AbstractID = AA1vxhakv7f3920141154
 ConcreteID CUSTOM = ConcreteID CUSTOM not available AbstractID CUSTOM = AA117rd077e3703208438
 @State ConcreteID = SC1d3ilx76af3399587652 AbstractID = SRoayl2a66c2485306631
 ConcreteID CUSTOM = SC9ktigp6b74093374755 AbstractID CUSTOM = SA1fod2ja6b8987102853

	ROLE = LeftClickAt
	TARGET =
		WIDGET = WC16liu6s1c1119817956, WR17v7k2nb1067391859, WT1qeha5gf2005531835, WP1czq78i183514693340
		ROLE = UIAMenuItem
		TITLE = View
		SHAPE = Rect [x:178.0 y:58.0 w:39.0 h:19.0]
		CHILDREN = 0
		PATH = [1, 2, 3]
	DESCRIPTION = Left Click at 'View'
	TEXT = Compound Action =
		Move mouse to (197.5, 67.5).
		Press Mouse Button BUTTON1
		Release Mouse Button BUTTON1

ExecutedAction [6]: 
 @Action ConcreteID = ACi8xvi6e13052710665 AbstractID = AA1msczmd52249299299
 ConcreteID CUSTOM = ConcreteID CUSTOM not available AbstractID CUSTOM = AA14ucznud4651979244
 @State ConcreteID = SC1d3ilx76af3399587652 AbstractID = SRoayl2a66c2485306631
 ConcreteID CUSTOM = SC9ktigp6b74093374755 AbstractID CUSTOM = SA1fod2ja6b8987102853

	ROLE = ClickTypeInto
	TARGET =
		WIDGET = WC1d6d35b1a1086725484, WR4n0dlj72701565195, WT4prmgsc498560708, WPfc98v5163009321934
		ROLE = UIAEdit
		TITLE = Left:
		SHAPE = Rect [x:248.0 y:242.0 w:42.0 h:20.0]
		CHILDREN = 0
		PATH = [2, 0, 10]
	DESCRIPTION = Type 'test' into 'Left:
	TEXT = Compound Action =
		Compound Action =
		Move mouse to (269.0, 252.0).
		Press Mouse Button BUTTON1
		Release Mouse Button BUTTON1
		Press Key 17
		Press Key 65
		Release Key 65
		Release Key 17
		Type text 'test'

ExecutedAction [7]: 
 @Action ConcreteID = ACxgui41803977219906 AbstractID = AAxgui41803977219906
 ConcreteID CUSTOM = ConcreteID CUSTOM not available AbstractID CUSTOM = AA4pzazt7f442026749
 @State ConcreteID = SC1d3ilx76af3399587652 AbstractID = SRoayl2a66c2485306631
 ConcreteID CUSTOM = SC9ktigp6b74093374755 AbstractID CUSTOM = SA1fod2ja6b8987102853

	ROLE = LeftClickAt
	TARGET =
		WIDGET = WC1622xja1e1465475702, WR1h6ibpb92248851252, WT1oq4bf6111982837149, WP155wro41a596812969
		ROLE = UIAButton
		TITLE = Maximise
		SHAPE = Rect [x:1041.0 y:28.0 w:46.0 h:30.0]
		CHILDREN = 0
		PATH = [1, 1, 2]
	DESCRIPTION = Left Click at 'Maximise'
	TEXT = Compound Action =
		Move mouse to (1064.0, 43.0).
		Press Mouse Button BUTTON1
		Release Mouse Button BUTTON1

ExecutedAction [8]: 
 @Action ConcreteID = AC14cj8b97f2650290986 AbstractID = AA14cj8b97f2650290986
 ConcreteID CUSTOM = ConcreteID CUSTOM not available AbstractID CUSTOM = AA9mtaql7e2833963454
 @State ConcreteID = SC1d3ilx76af3399587652 AbstractID = SRoayl2a66c2485306631
 ConcreteID CUSTOM = SC9ktigp6b74093374755 AbstractID CUSTOM = SA1fod2ja6b8987102853

	ROLE = LeftClickAt
	TARGET =
		WIDGET = WC12akdbs1c599558449, WR17v7k2nb1067391859, WT1qe89j4f2180189081, WP10chjd2182162991762
		ROLE = UIAMenuItem
		TITLE = Help
		SHAPE = Rect [x:217.0 y:58.0 w:39.0 h:19.0]
		CHILDREN = 0
		PATH = [0, 2, 4]
	DESCRIPTION = Left Click at 'Help'
	TEXT = Compound Action =
		Move mouse to (236.5, 67.5).
		Press Mouse Button BUTTON1
		Release Mouse Button BUTTON1

ExecutedAction [9]: 
 @Action ConcreteID = ACh6mjy802254639996 AbstractID = AAh6mjy802254639996
 ConcreteID CUSTOM = ConcreteID CUSTOM not available AbstractID CUSTOM = AA16rfheu7f1899255491
 @State ConcreteID = SC1d3ilx76af3399587652 AbstractID = SRoayl2a66c2485306631
 ConcreteID CUSTOM = SC9ktigp6b74093374755 AbstractID CUSTOM = SA1fod2ja6b8987102853

	ROLE = LeftClickAt
	TARGET =
		WIDGET = WC1s0lh621d376659224, WR1h6ibpb92248851252, WT1vjbvvdf3603144044, WP1qtsvbw191774294837
		ROLE = UIAButton
		TITLE = Cancel
		SHAPE = Rect [x:515.0 y:392.0 w:75.0 h:23.0]
		CHILDREN = 0
		PATH = [2, 0, 23]
	DESCRIPTION = Left Click at 'Cancel'
	TEXT = Compound Action =
		Move mouse to (552.5, 403.5).
		Press Mouse Button BUTTON1
		Release Mouse Button BUTTON1

ExecutedAction [10]: 
 @Action ConcreteID = ACt3r2wne54180675876 AbstractID = AArkhxuwd33830899133
 ConcreteID CUSTOM = ConcreteID CUSTOM not available AbstractID CUSTOM = AA17ikwixd33509566443
 @State ConcreteID = SCokt4g9404418050760 AbstractID = SR1jumdpu3ea1420136284
 ConcreteID CUSTOM = SC7x3hda3fe4134442500 AbstractID CUSTOM = SAylrvaj3f6384252902

	ROLE = ClickTypeInto
	TARGET =
		WIDGET = WChav7hr1c372043535, WR4n0dlj72701565195, WTei4yvd121088706799, WP1p8d0dd183534326111
		ROLE = UIAEdit
		TITLE = Text Editor
		SHAPE = Rect [x:60.0 y:78.0 w:1073.0 h:318.0]
		CHILDREN = 1
		PATH = [2, 0]
	DESCRIPTION = Type '?(???)?:*:' into 'Text Editor
	TEXT = Compound Action =
		Compound Action =
		Move mouse to (596.5, 237.0).
		Press Mouse Button BUTTON1
		Release Mouse Button BUTTON1
		Press Key 17
		Press Key 65
		Release Key 65
		Release Key 17
		Type text '?(???)?:*:'

Sequence 1 finished.
Copying generated sequence ("sequence2609") to output directory...
Copying classified sequence ("sequence2609") to sequences_ok folder...
