Starting sequence 1 (output as: sequence2118)

ExecutedAction [1]: 
 @Action ConcreteID = AC1g9upke7e1052612745 AbstractID = AA1g9upke7e1052612745
 ConcreteID CUSTOM = ConcreteID CUSTOM not available AbstractID CUSTOM = AA11lh62n7e3792378374
 @State ConcreteID = SC6w2h61d63505289064 AbstractID = SRuxvih1ba2513313992
 ConcreteID CUSTOM = SC22ddoh1d53711883251 AbstractID CUSTOM = SA1e0xkku1d417380732

	ROLE = LeftClickAt
	TARGET =
		WIDGET = WCdfgprn1c4116076503, WR17v7k2nb1067391859, WT1qe6brdf138512687, WP1hwpd4x181691246414
		ROLE = UIAMenuItem
		TITLE = Edit
		SHAPE = Rect [x:399.0 y:261.0 w:34.0 h:19.0]
		CHILDREN = 0
		PATH = [0, 3, 1]
	DESCRIPTION = Left Click at 'Edit'
	TEXT = Compound Action =
		Move mouse to (416.0, 270.5).
		Press Mouse Button BUTTON1
		Release Mouse Button BUTTON1

ExecutedAction [2]: 
 @Action ConcreteID = AC17n4gkj7f1950083709 AbstractID = AA17n4gkj7f1950083709
 ConcreteID CUSTOM = ConcreteID CUSTOM not available AbstractID CUSTOM = AAbpcn7d7f103002950
 @State ConcreteID = SC14wfehd2eb793389542 AbstractID = SR1hpakru2d13589890082
 ConcreteID CUSTOM = SCnfn61e2f289313879 AbstractID CUSTOM = SA3bzqiy2ea3536011733

	ROLE = LeftClickAt
	TARGET =
		WIDGET = WC1frc9lv1c3431448778, WR17v7k2nb1067391859, WT1qe72ijf99311909, WPjc8r1t181437309355
		ROLE = UIAMenuItem
		TITLE = File
		SHAPE = Rect [x:367.0 y:261.0 w:32.0 h:19.0]
		CHILDREN = 0
		PATH = [0, 4, 0]
	DESCRIPTION = Left Click at 'File'
	TEXT = Compound Action =
		Move mouse to (383.0, 270.5).
		Press Mouse Button BUTTON1
		Release Mouse Button BUTTON1

ExecutedAction [3]: 
 @Action ConcreteID = AC1wscf8p7e3539573704 AbstractID = AA1wscf8p7e3539573704
 ConcreteID CUSTOM = ConcreteID CUSTOM not available AbstractID CUSTOM = AA1i3yvqy7e240064839
 @State ConcreteID = SC6w2h61d63505289064 AbstractID = SRuxvih1ba2513313992
 ConcreteID CUSTOM = SC22ddoh1d53711883251 AbstractID CUSTOM = SA1e0xkku1d417380732

	ROLE = LeftClickAt
	TARGET =
		WIDGET = WCdsg5py1c3010804170, WR17v7k2nb1067391859, WT1qeha5gf2005531835, WPk6niro18548921330
		ROLE = UIAMenuItem
		TITLE = View
		SHAPE = Rect [x:485.0 y:261.0 w:39.0 h:19.0]
		CHILDREN = 0
		PATH = [0, 3, 3]
	DESCRIPTION = Left Click at 'View'
	TEXT = Compound Action =
		Move mouse to (504.5, 270.5).
		Press Mouse Button BUTTON1
		Release Mouse Button BUTTON1

ExecutedAction [4]: 
 @Action ConcreteID = ACyleioe802733677857 AbstractID = AAyleioe802733677857
 ConcreteID CUSTOM = ConcreteID CUSTOM not available AbstractID CUSTOM = AA1w4lgho80118177108
 @State ConcreteID = SC1j7l7h720b4127314174 AbstractID = SRhdom0g1f51351705365
 ConcreteID CUSTOM = SC1bk9n792112352902825 AbstractID CUSTOM = SA1odsafd20b3326211211

	ROLE = LeftClickAt
	TARGET =
		WIDGET = WCudxb541c3405482637, WR17v7k2nb1067391859, WT1qejys2f1046425153, WPwz8jna183953042271
		ROLE = UIAMenuItem
		TITLE = Zoom
		SHAPE = Rect [x:488.0 y:283.0 w:136.0 h:22.0]
		CHILDREN = 0
		PATH = [0, 0, 0]
	DESCRIPTION = Left Click at 'Zoom'
	TEXT = Compound Action =
		Move mouse to (556.0, 294.0).
		Press Mouse Button BUTTON1
		Release Mouse Button BUTTON1

ExecutedAction [5]: 
 @Action ConcreteID = AC18eml407f1193779200 AbstractID = AA18eml407f1193779200
 ConcreteID CUSTOM = ConcreteID CUSTOM not available AbstractID CUSTOM = AA59t3qu7f809851942
 @State ConcreteID = SCw6rwwd25f3546793172 AbstractID = SRn16q6n244566666292
 ConcreteID CUSTOM = SCsg213g2601280360945 AbstractID CUSTOM = SAt0c55r2561254656356

	ROLE = LeftClickAt
	TARGET =
		WIDGET = WChpcibk2b2020473118, WR17v7k2nb1067391859, WTy3ygp1e1031191529, WP1fdludq27371721886
		ROLE = UIAMenuItem
		TITLE = Zoom Out	Ctrl+Minus
		SHAPE = Rect [x:624.0 y:305.0 w:259.0 h:22.0]
		CHILDREN = 0
		PATH = [0, 0, 1]
	DESCRIPTION = Left Click at 'Zoom Out	Ctrl+Minus'
	TEXT = Compound Action =
		Move mouse to (753.5, 316.0).
		Press Mouse Button BUTTON1
		Release Mouse Button BUTTON1

ExecutedAction [6]: 
 @Action ConcreteID = ACtudbex7f1826525698 AbstractID = AAtudbex7f1826525698
 ConcreteID CUSTOM = ConcreteID CUSTOM not available AbstractID CUSTOM = AA1gxz4687e3488549871
 @State ConcreteID = SCqj3npf1d41219841478 AbstractID = SRuxvih1ba2513313992
 ConcreteID CUSTOM = SCh29yi51d62117921105 AbstractID CUSTOM = SA1e0xkku1d417380732

	ROLE = LeftClickAt
	TARGET =
		WIDGET = WC3rq8hx1e869414367, WR17v7k2nb1067391859, WTaz2n92112307194186, WPablb9v1a985931869
		ROLE = UIAMenuItem
		TITLE = Format
		SHAPE = Rect [x:433.0 y:261.0 w:52.0 h:19.0]
		CHILDREN = 0
		PATH = [0, 3, 2]
	DESCRIPTION = Left Click at 'Format'
	TEXT = Compound Action =
		Move mouse to (459.0, 270.5).
		Press Mouse Button BUTTON1
		Release Mouse Button BUTTON1

ExecutedAction [7]: 
 @Action ConcreteID = AClw7jfo7f1939289037 AbstractID = AAlw7jfo7f1939289037
 ConcreteID CUSTOM = ConcreteID CUSTOM not available AbstractID CUSTOM = AAfw360w80716387406
 @State ConcreteID = SCta16x920c2881992713 AbstractID = SRhdom0g1f51351705365
 ConcreteID CUSTOM = SC1ut2rrt2131627375300 AbstractID CUSTOM = SA1odsafd20b3326211211

	ROLE = LeftClickAt
	TARGET =
		WIDGET = WC1084jd1f2874738980, WR17v7k2nb1067391859, WT1k0pzz412734516100, WPdmv4jr1b3951525617
		ROLE = UIAMenuItem
		TITLE = Font...
		SHAPE = Rect [x:436.0 y:305.0 w:144.0 h:22.0]
		CHILDREN = 0
		PATH = [0, 0, 1]
	DESCRIPTION = Left Click at 'Font...'
	TEXT = Compound Action =
		Move mouse to (508.0, 316.0).
		Press Mouse Button BUTTON1
		Release Mouse Button BUTTON1

ExecutedAction [8]: 
 @Action ConcreteID = AC1lhyaas7e2958344067 AbstractID = AA1lhyaas7e2958344067
 ConcreteID CUSTOM = ConcreteID CUSTOM not available AbstractID CUSTOM = AA1vh12sc802123095666
 @State ConcreteID = SCdsgzbi63a166118970 AbstractID = SR3zizz15ef1087786320
 ConcreteID CUSTOM = SC1r02rwn6463083783411 AbstractID CUSTOM = SA1wvmbj46361290932907

	ROLE = LeftClickAt
	TARGET =
		WIDGET = WC11hoya227860655646, WR16s6p21c140494670, WTdtcs8f142835715827, WP6m4wns232708476707
		ROLE = UIAScrollBar
		TITLE = Vertical
		SHAPE = Rect [x:563.0 y:467.0 w:17.0 h:114.0]
		CHILDREN = 5
		PATH = [0, 0, 1, 0, 0]
	DESCRIPTION = Left Click at 'Vertical'
	TEXT = Compound Action =
		Move mouse to (571.5, 524.0).
		Press Mouse Button BUTTON1
		Release Mouse Button BUTTON1

ExecutedAction [9]: 
 @Action ConcreteID = AC11yj3z87f2222570475 AbstractID = AA11yj3z87f2222570475
 ConcreteID CUSTOM = ConcreteID CUSTOM not available AbstractID CUSTOM = AA19a72ai801633369095
 @State ConcreteID = SC9hf0lc6381768453980 AbstractID = SR3zizz15ef1087786320
 ConcreteID CUSTOM = SC125ya7l6464257215256 AbstractID CUSTOM = SA1wvmbj46361290932907

	ROLE = LeftClickAt
	TARGET =
		WIDGET = WCeiauph201768052026, WR52qhb2b3065858412, WT1bx8b1ad2721479724, WPq6tn431c2502047728
		ROLE = UIAListItem
		TITLE = 22
		SHAPE = Rect [x:747.0 y:482.0 w:42.0 h:15.0]
		CHILDREN = 0
		PATH = [0, 0, 5, 0, 2]
	DESCRIPTION = Left Click at '22'
	TEXT = Compound Action =
		Move mouse to (768.0, 489.5).
		Press Mouse Button BUTTON1
		Release Mouse Button BUTTON1

ExecutedAction [10]: 
 @Action ConcreteID = AC1xkjstrb6853373306 AbstractID = AA1xkjstrb6853373306
 ConcreteID CUSTOM = ConcreteID CUSTOM not available AbstractID CUSTOM = AAzbnkopb72536080365
 @State ConcreteID = SC9hf0lc6381768453980 AbstractID = SR3zizz15ef1087786320
 ConcreteID CUSTOM = SC125ya7l6464257215256 AbstractID CUSTOM = SA1wvmbj46361290932907

	ROLE = LeftDrag
	DESCRIPTION = Drag (574.0, 528.3684210526316) To (574.0, 538.4615384615385)
	TEXT = Compound Action =
		Move mouse to (574.0, 528.3684210526316).
		Press Mouse Button BUTTON1
		Move mouse to (574.0, 538.4615384615385).
		Release Mouse Button BUTTON1

ExecutedAction [11]: 
 @Action ConcreteID = AC1inps8udf2621175438 AbstractID = AA12ah6gjd31321320593
 ConcreteID CUSTOM = ConcreteID CUSTOM not available AbstractID CUSTOM = AAarcojcd53894201592
 @State ConcreteID = SCqo8bi5639187370991 AbstractID = SR3zizz15ef1087786320
 ConcreteID CUSTOM = SC1it5pga6453591976800 AbstractID CUSTOM = SA1wvmbj46361290932907

	ROLE = ClickTypeInto
	TARGET =
		WIDGET = WCdxf2q1221365710834, WR4n0dlj72701565195, WT8pazwj12209811866, WP1t7r4aj1e1214332612
		ROLE = UIAEdit
		TITLE = Font style:
		SHAPE = Rect [x:601.0 y:446.0 w:124.0 h:16.0]
		CHILDREN = 0
		PATH = [0, 0, 3, 1]
	DESCRIPTION = Type 'LPT3' into 'Font style:
	TEXT = Compound Action =
		Compound Action =
		Move mouse to (663.0, 454.0).
		Press Mouse Button BUTTON1
		Release Mouse Button BUTTON1
		Press Key 17
		Press Key 65
		Release Key 65
		Release Key 17
		Type text 'LPT3'

ExecutedAction [12]: 
 @Action ConcreteID = ACnkhtabb52211548924 AbstractID = AAnkhtabb52211548924
 ConcreteID CUSTOM = ConcreteID CUSTOM not available AbstractID CUSTOM = AAelsqkob7341164078
 @State ConcreteID = SCqo8bi5639187370991 AbstractID = SR3zizz15ef1087786320
 ConcreteID CUSTOM = SC1it5pga6453591976800 AbstractID CUSTOM = SA1wvmbj46361290932907

	ROLE = LeftDrag
	DESCRIPTION = Drag (574.0, 531.3947368421053) To (574.0, 536.3846153846154)
	TEXT = Compound Action =
		Move mouse to (574.0, 531.3947368421053).
		Press Mouse Button BUTTON1
		Move mouse to (574.0, 536.3846153846154).
		Release Mouse Button BUTTON1

ExecutedAction [13]: 
 @Action ConcreteID = AC1s057nmaa3417102537 AbstractID = AA1s057nmaa3417102537
 ConcreteID CUSTOM = ConcreteID CUSTOM not available AbstractID CUSTOM = AAfjdl6qab1259962811
 @State ConcreteID = SC1i9iiqy639973154688 AbstractID = SR3zizz15ef1087786320
 ConcreteID CUSTOM = SC1hsjlz16491785642078 AbstractID CUSTOM = SA1wvmbj46361290932907

	ROLE = LeftDrag
	DESCRIPTION = Drag (800.0, 509.8888888888889) To (800.0, 514.5)
	TEXT = Compound Action =
		Move mouse to (800.0, 509.8888888888889).
		Press Mouse Button BUTTON1
		Move mouse to (800.0, 514.5).
		Release Mouse Button BUTTON1

ExecutedAction [14]: 
 @Action ConcreteID = AC1oqw4jeb72537970262 AbstractID = AA1oqw4jeb72537970262
 ConcreteID CUSTOM = ConcreteID CUSTOM not available AbstractID CUSTOM = AAl7hoaqb92694175764
 @State ConcreteID = SC1c4zmyv63628478767 AbstractID = SR3zizz15ef1087786320
 ConcreteID CUSTOM = SC1xka20e6471029855341 AbstractID CUSTOM = SA1wvmbj46361290932907

	ROLE = LeftDrag
	DESCRIPTION = Drag (574.0, 503.02631578947364) To (574.0, 511.61538461538464)
	TEXT = Compound Action =
		Move mouse to (574.0, 503.02631578947364).
		Press Mouse Button BUTTON1
		Move mouse to (574.0, 511.61538461538464).
		Release Mouse Button BUTTON1

ExecutedAction [15]: 
 @Action ConcreteID = ACk4shb2804278647797 AbstractID = AAk4shb2804278647797
 ConcreteID CUSTOM = ConcreteID CUSTOM not available AbstractID CUSTOM = AA19a72ai801633369095
 @State ConcreteID = SC1u9eug96362525426914 AbstractID = SR3zizz15ef1087786320
 ConcreteID CUSTOM = SC1w5f6en6473505006291 AbstractID CUSTOM = SA1wvmbj46361290932907

	ROLE = LeftClickAt
	TARGET =
		WIDGET = WChrve39203184892435, WR52qhb2b3065858412, WT1bx8b0ed269647445, WPc921cz1c4017150086
		ROLE = UIAListItem
		TITLE = 11
		SHAPE = Rect [x:747.0 y:482.0 w:42.0 h:15.0]
		CHILDREN = 0
		PATH = [0, 0, 5, 0, 2]
	DESCRIPTION = Left Click at '11'
	TEXT = Compound Action =
		Move mouse to (768.0, 489.5).
		Press Mouse Button BUTTON1
		Release Mouse Button BUTTON1

ExecutedAction [16]: 
 @Action ConcreteID = AC17i5tlv802351197354 AbstractID = AA17i5tlv802351197354
 ConcreteID CUSTOM = ConcreteID CUSTOM not available AbstractID CUSTOM = AA1wnkelb80309963608
 @State ConcreteID = SC1u9eug96362525426914 AbstractID = SR3zizz15ef1087786320
 ConcreteID CUSTOM = SC1w5f6en6473505006291 AbstractID CUSTOM = SA1wvmbj46361290932907

	ROLE = LeftClickAt
	TARGET =
		WIDGET = WC15h5smi20554021603, WR52qhb2b3065858412, WT1bx8b0ld1775159025, WPo6ggl41c1449595740
		ROLE = UIAListItem
		TITLE = 18
		SHAPE = Rect [x:747.0 y:542.0 w:42.0 h:15.0]
		CHILDREN = 0
		PATH = [0, 0, 5, 0, 6]
	DESCRIPTION = Left Click at '18'
	TEXT = Compound Action =
		Move mouse to (768.0, 549.5).
		Press Mouse Button BUTTON1
		Release Mouse Button BUTTON1

ExecutedAction [17]: 
 @Action ConcreteID = ACxjf9lv803307167154 AbstractID = AAxjf9lv803307167154
 ConcreteID CUSTOM = ConcreteID CUSTOM not available AbstractID CUSTOM = AA1motulb801531091520
 @State ConcreteID = SC1u9eug96362525426914 AbstractID = SR3zizz15ef1087786320
 ConcreteID CUSTOM = SC1w5f6en6473505006291 AbstractID CUSTOM = SA1wvmbj46361290932907

	ROLE = LeftClickAt
	TARGET =
		WIDGET = WC1mj6y7s1d616240915, WR17qbaneb3904637586, WTpnz3gh10593155151, WPpupona193114041324
		ROLE = UIAComboBox
		TITLE = Font:
		SHAPE = Rect [x:410.0 y:443.0 w:172.0 h:140.0]
		CHILDREN = 2
		PATH = [0, 0, 1]
	DESCRIPTION = Left Click at 'Font:'
	TEXT = Compound Action =
		Move mouse to (496.0, 513.0).
		Press Mouse Button BUTTON1
		Release Mouse Button BUTTON1

ExecutedAction [18]: 
 @Action ConcreteID = AC11guunc9e2646207525 AbstractID = AA11guunc9e2646207525
 ConcreteID CUSTOM = ConcreteID CUSTOM not available AbstractID CUSTOM = AA17171gt9f1616391898
 @State ConcreteID = SC1hsz7a7639845831920 AbstractID = SR3zizz15ef1087786320
 ConcreteID CUSTOM = SCzf9r2j6482973485745 AbstractID CUSTOM = SA1wvmbj46361290932907

	ROLE = LeftDrag
	DESCRIPTION = Drag (574.0, 500.0) To (574.0, 501.0)
	TEXT = Compound Action =
		Move mouse to (574.0, 500.0).
		Press Mouse Button BUTTON1
		Move mouse to (574.0, 501.0).
		Release Mouse Button BUTTON1

ExecutedAction [19]: 
 @Action ConcreteID = ACa12mlv7f3722634923 AbstractID = AAa12mlv7f3722634923
 ConcreteID CUSTOM = ConcreteID CUSTOM not available AbstractID CUSTOM = AAdzc5zs804133842429
 @State ConcreteID = SC1i29ne6391177423222 AbstractID = SR3zizz15ef1087786320
 ConcreteID CUSTOM = SC12nkwpp6452966972705 AbstractID CUSTOM = SA1wvmbj46361290932907

	ROLE = LeftClickAt
	TARGET =
		WIDGET = WC1pzmt1p203307391416, WR52qhb2b3065858412, WT1bx8b29d3158346100, WPespowr1c3150070897
		ROLE = UIAListItem
		TITLE = 36
		SHAPE = Rect [x:747.0 y:557.0 w:42.0 h:15.0]
		CHILDREN = 0
		PATH = [0, 0, 5, 0, 7]
	DESCRIPTION = Left Click at '36'
	TEXT = Compound Action =
		Move mouse to (768.0, 564.5).
		Press Mouse Button BUTTON1
		Release Mouse Button BUTTON1

ExecutedAction [20]: 
 @Action ConcreteID = AC1spav7e7f972955662 AbstractID = AA1spav7e7f972955662
 ConcreteID CUSTOM = ConcreteID CUSTOM not available AbstractID CUSTOM = AA1wnkelb80309963608
 @State ConcreteID = SC1i29ne6391177423222 AbstractID = SR3zizz15ef1087786320
 ConcreteID CUSTOM = SC12nkwpp6452966972705 AbstractID CUSTOM = SA1wvmbj46361290932907

	ROLE = LeftClickAt
	TARGET =
		WIDGET = WC18yzs17201511731200, WR52qhb2b3065858412, WT1bx8b1gd1122211122, WP1ak6l151c100485336
		ROLE = UIAListItem
		TITLE = 28
		SHAPE = Rect [x:747.0 y:542.0 w:42.0 h:15.0]
		CHILDREN = 0
		PATH = [0, 0, 5, 0, 6]
	DESCRIPTION = Left Click at '28'
	TEXT = Compound Action =
		Move mouse to (768.0, 549.5).
		Press Mouse Button BUTTON1
		Release Mouse Button BUTTON1

ExecutedAction [21]: 
 @Action ConcreteID = AC1409xywb71025935094 AbstractID = AA1409xywb71025935094
 ConcreteID CUSTOM = ConcreteID CUSTOM not available AbstractID CUSTOM = AAzpcxi5b8424625145
 @State ConcreteID = SC1i29ne6391177423222 AbstractID = SR3zizz15ef1087786320
 ConcreteID CUSTOM = SC12nkwpp6452966972705 AbstractID CUSTOM = SA1wvmbj46361290932907

	ROLE = LeftDrag
	DESCRIPTION = Drag (574.0, 528.9736842105264) To (574.0, 504.53846153846155)
	TEXT = Compound Action =
		Move mouse to (574.0, 528.9736842105264).
		Press Mouse Button BUTTON1
		Move mouse to (574.0, 504.53846153846155).
		Release Mouse Button BUTTON1

ExecutedAction [22]: 
 @Action ConcreteID = AC5ou8ylab124766116 AbstractID = AA5ou8ylab124766116
 ConcreteID CUSTOM = ConcreteID CUSTOM not available AbstractID CUSTOM = AAgt2gzcac2232907459
 @State ConcreteID = SC1hsz7a7639845831920 AbstractID = SR3zizz15ef1087786320
 ConcreteID CUSTOM = SCzf9r2j6482973485745 AbstractID CUSTOM = SA1wvmbj46361290932907

	ROLE = LeftDrag
	DESCRIPTION = Drag (574.0, 500.0) To (574.0, 504.53846153846155)
	TEXT = Compound Action =
		Move mouse to (574.0, 500.0).
		Press Mouse Button BUTTON1
		Move mouse to (574.0, 504.53846153846155).
		Release Mouse Button BUTTON1

ExecutedAction [23]: 
 @Action ConcreteID = AC6br0vdb62963755589 AbstractID = AA6br0vdb62963755589
 ConcreteID CUSTOM = ConcreteID CUSTOM not available AbstractID CUSTOM = AA1trffacb71841429430
 @State ConcreteID = SC1i29ne6391177423222 AbstractID = SR3zizz15ef1087786320
 ConcreteID CUSTOM = SC12nkwpp6452966972705 AbstractID CUSTOM = SA1wvmbj46361290932907

	ROLE = LeftDrag
	DESCRIPTION = Drag (574.0, 528.9736842105264) To (574.0, 532.8461538461538)
	TEXT = Compound Action =
		Move mouse to (574.0, 528.9736842105264).
		Press Mouse Button BUTTON1
		Move mouse to (574.0, 532.8461538461538).
		Release Mouse Button BUTTON1

ExecutedAction [24]: 
 @Action ConcreteID = AC1y00agse92001471042 AbstractID = AA1p3nakrd41666198509
 ConcreteID CUSTOM = ConcreteID CUSTOM not available AbstractID CUSTOM = AA17po9owd53731406187
 @State ConcreteID = SC1hsz7a7639845831920 AbstractID = SR3zizz15ef1087786320
 ConcreteID CUSTOM = SCzf9r2j6482973485745 AbstractID CUSTOM = SA1wvmbj46361290932907

	ROLE = ClickTypeInto
	TARGET =
		WIDGET = WC1c9f37u1c900160808, WR4n0dlj72701565195, WT4tp51ec4080314411, WP1rwf5vg183341526434
		ROLE = UIAEdit
		TITLE = Size:
		SHAPE = Rect [x:748.0 y:446.0 w:57.0 h:16.0]
		CHILDREN = 0
		PATH = [0, 0, 5, 1]
	DESCRIPTION = Type '`?€‹›??‡°·‚—±' into 'Size:
	TEXT = Compound Action =
		Compound Action =
		Move mouse to (776.5, 454.0).
		Press Mouse Button BUTTON1
		Release Mouse Button BUTTON1
		Press Key 17
		Press Key 65
		Release Key 65
		Release Key 17
		Type text '`?€‹›??‡°·‚—±'

ExecutedAction [25]: 
 @Action ConcreteID = AC4y35027f369483750 AbstractID = AA4y35027f369483750
 ConcreteID CUSTOM = ConcreteID CUSTOM not available AbstractID CUSTOM = AA3f95os801771865483
 @State ConcreteID = SC143gga6627143216701 AbstractID = SR1y4h1i5db4203992728
 ConcreteID CUSTOM = SCr72g5y6361934342411 AbstractID CUSTOM = SA12hhjld6203698812968

	ROLE = LeftClickAt
	TARGET =
		WIDGET = WC1jdok051c4293971032, WR4n4ygb71694219017, WTf8ueqoc3265374131, WPzsmgn183428033851
		ROLE = UIAList
		TITLE = Font:
		SHAPE = Rect [x:410.0 y:465.0 w:172.0 h:118.0]
		CHILDREN = 7
		PATH = [0, 0, 1, 0]
	DESCRIPTION = Left Click at 'Font:'
	TEXT = Compound Action =
		Move mouse to (496.0, 524.0).
		Press Mouse Button BUTTON1
		Release Mouse Button BUTTON1

ExecutedAction [26]: 
 @Action ConcreteID = AC1etv5go7f4178898659 AbstractID = AA1etv5go7f4178898659
 ConcreteID CUSTOM = ConcreteID CUSTOM not available AbstractID CUSTOM = AA1db165e802257433742
 @State ConcreteID = SC143gga6627143216701 AbstractID = SR1y4h1i5db4203992728
 ConcreteID CUSTOM = SCr72g5y6361934342411 AbstractID CUSTOM = SA12hhjld6203698812968

	ROLE = LeftClickAt
	TARGET =
		WIDGET = WC14svuvb2b977350188, WR52qhb2b3065858412, WT1qtzggc18612260208, WP1tbtt1x272681941931
		ROLE = UIAListItem
		TITLE = MS Sans Serif
		SHAPE = Rect [x:412.0 y:562.0 w:151.0 h:19.0]
		CHILDREN = 0
		PATH = [0, 0, 1, 0, 6]
	DESCRIPTION = Left Click at 'MS Sans Serif'
	TEXT = Compound Action =
		Move mouse to (487.5, 571.5).
		Press Mouse Button BUTTON1
		Release Mouse Button BUTTON1

ExecutedAction [27]: 
 @Action ConcreteID = ACkhqakgab1585799683 AbstractID = AAkhqakgab1585799683
 ConcreteID CUSTOM = ConcreteID CUSTOM not available AbstractID CUSTOM = AA1lo9h8vab2729730459
 @State ConcreteID = SC14ujwj66261113924262 AbstractID = SR1y4h1i5db4203992728
 ConcreteID CUSTOM = SCqydsfq6344290428764 AbstractID CUSTOM = SA12hhjld6203698812968

	ROLE = LeftDrag
	DESCRIPTION = Drag (574.0, 500.0) To (574.0, 515.1538461538462)
	TEXT = Compound Action =
		Move mouse to (574.0, 500.0).
		Press Mouse Button BUTTON1
		Move mouse to (574.0, 515.1538461538462).
		Release Mouse Button BUTTON1

ExecutedAction [28]: 
 @Action ConcreteID = AC1utthoab73245589818 AbstractID = AA1utthoab73245589818
 ConcreteID CUSTOM = ConcreteID CUSTOM not available AbstractID CUSTOM = AA14oyo2yb8193864884
 @State ConcreteID = SCr51rbr6264124684530 AbstractID = SR1y4h1i5db4203992728
 ConcreteID CUSTOM = SC1ulc4946311379937218 AbstractID CUSTOM = SA12hhjld6203698812968

	ROLE = LeftDrag
	DESCRIPTION = Drag (574.0, 528.9736842105264) To (574.0, 504.53846153846155)
	TEXT = Compound Action =
		Move mouse to (574.0, 528.9736842105264).
		Press Mouse Button BUTTON1
		Move mouse to (574.0, 504.53846153846155).
		Release Mouse Button BUTTON1

ExecutedAction [29]: 
 @Action ConcreteID = AC15ognhyac1738396472 AbstractID = AA15ognhyac1738396472
 ConcreteID CUSTOM = ConcreteID CUSTOM not available AbstractID CUSTOM = AA1lt6ix3ac2578839885
 @State ConcreteID = SC14ujwj66261113924262 AbstractID = SR1y4h1i5db4203992728
 ConcreteID CUSTOM = SCqydsfq6344290428764 AbstractID CUSTOM = SA12hhjld6203698812968

	ROLE = LeftDrag
	DESCRIPTION = Drag (574.0, 500.0) To (574.0, 511.61538461538464)
	TEXT = Compound Action =
		Move mouse to (574.0, 500.0).
		Press Mouse Button BUTTON1
		Move mouse to (574.0, 511.61538461538464).
		Release Mouse Button BUTTON1

ExecutedAction [30]: 
 @Action ConcreteID = AC138l4fy7f593608535 AbstractID = AA138l4fy7f593608535
 ConcreteID CUSTOM = ConcreteID CUSTOM not available AbstractID CUSTOM = AAwimdm6803205988082
 @State ConcreteID = SCr51rbr6264124684530 AbstractID = SR1y4h1i5db4203992728
 ConcreteID CUSTOM = SC1ulc4946311379937218 AbstractID CUSTOM = SA12hhjld6203698812968

	ROLE = LeftClickAt
	TARGET =
		WIDGET = WCi7byp7192515450361, WR1h6ibpb92248851252, WTzj707vb935461581, WP1iyc4pp151301029461
		ROLE = UIAButton
		TITLE = OK
		SHAPE = Rect [x:645.0 y:816.0 w:79.0 h:26.0]
		CHILDREN = 0
		PATH = [0, 0, 11]
	DESCRIPTION = Left Click at 'OK'
	TEXT = Compound Action =
		Move mouse to (684.5, 829.0).
		Press Mouse Button BUTTON1
		Release Mouse Button BUTTON1

ExecutedAction [31]: 
 @Action ConcreteID = ACbszlji802360554091 AbstractID = AAbszlji802360554091
 ConcreteID CUSTOM = ConcreteID CUSTOM not available AbstractID CUSTOM = AApzwvjq7f1612302589
 @State ConcreteID = SC1s6fjfs69d390298070 AbstractID = SRd7y27g64e2972255958
 ConcreteID CUSTOM = SC1efwa436a8913613323 AbstractID CUSTOM = SA5a1ii369b502029991

	ROLE = LeftClickAt
	TARGET =
		WIDGET = WCk3zl331b1069322374, WR1h6ibpb92248851252, WTzj707vb935461581, WPymgupd171523839437
		ROLE = UIAButton
		TITLE = OK
		SHAPE = Rect [x:984.0 y:650.0 w:75.0 h:23.0]
		CHILDREN = 0
		PATH = [0, 0, 0, 0]
	DESCRIPTION = Left Click at 'OK'
	TEXT = Compound Action =
		Move mouse to (1021.5, 661.5).
		Press Mouse Button BUTTON1
		Release Mouse Button BUTTON1

ExecutedAction [32]: 
 @Action ConcreteID = AC17he3w37f3355287827 AbstractID = AA17he3w37f3355287827
 ConcreteID CUSTOM = ConcreteID CUSTOM not available AbstractID CUSTOM = AA10rfd2b801535860918
 @State ConcreteID = SCr51rbr6264124684530 AbstractID = SR1y4h1i5db4203992728
 ConcreteID CUSTOM = SC1ulc4946311379937218 AbstractID CUSTOM = SA12hhjld6203698812968

	ROLE = LeftClickAt
	TARGET =
		WIDGET = WC1e6239283124257528, WR1h6ibpb92248851252, WT493d5b122119396097, WP568qrr24545304214
		ROLE = UIAButton
		TITLE = Line down
		SHAPE = Rect [x:789.0 y:555.0 w:17.0 h:17.0]
		CHILDREN = 0
		PATH = [0, 0, 5, 0, 0, 3]
	DESCRIPTION = Left Click at 'Line down'
	TEXT = Compound Action =
		Move mouse to (797.5, 563.5).
		Press Mouse Button BUTTON1
		Release Mouse Button BUTTON1

ExecutedAction [33]: 
 @Action ConcreteID = ACzd7aev7f3223313236 AbstractID = AAzd7aev7f3223313236
 ConcreteID CUSTOM = ConcreteID CUSTOM not available AbstractID CUSTOM = AA1e9s0os80556337352
 @State ConcreteID = SC1ytw3d6373214661664 AbstractID = SR3zizz15ef1087786320
 ConcreteID CUSTOM = SC1alw5w6461232142940 AbstractID CUSTOM = SA1wvmbj46361290932907

	ROLE = LeftClickAt
	TARGET =
		WIDGET = WCfds2zx261928856858, WR1h6ibpb92248851252, WTrko51k10351550260, WP2rgzz3224118192536
		ROLE = UIAButton
		TITLE = Line up
		SHAPE = Rect [x:563.0 y:467.0 w:17.0 h:17.0]
		CHILDREN = 0
		PATH = [0, 0, 1, 0, 0, 0]
	DESCRIPTION = Left Click at 'Line up'
	TEXT = Compound Action =
		Move mouse to (571.5, 475.5).
		Press Mouse Button BUTTON1
		Release Mouse Button BUTTON1

ExecutedAction [34]: 
 @Action ConcreteID = ACebjd0s80472885790 AbstractID = AAebjd0s80472885790
 ConcreteID CUSTOM = ConcreteID CUSTOM not available AbstractID CUSTOM = AAgbzydz801687648979
 @State ConcreteID = SC1qioqd26362035655784 AbstractID = SR3zizz15ef1087786320
 ConcreteID CUSTOM = SCzlrfh56463814002552 AbstractID CUSTOM = SA1wvmbj46361290932907

	ROLE = LeftClickAt
	TARGET =
		WIDGET = WC6suwid2698650252, WR1h6ibpb92248851252, WTbcxonh101439247762, WP11fampz222597488693
		ROLE = UIAButton
		TITLE = Page up
		SHAPE = Rect [x:789.0 y:484.0 w:17.0 h:7.0]
		CHILDREN = 0
		PATH = [0, 0, 5, 0, 0, 1]
	DESCRIPTION = Left Click at 'Page up'
	TEXT = Compound Action =
		Move mouse to (797.5, 487.5).
		Press Mouse Button BUTTON1
		Release Mouse Button BUTTON1

ExecutedAction [35]: 
 @Action ConcreteID = AC1m5j0ih7f2329416965 AbstractID = AA1m5j0ih7f2329416965
 ConcreteID CUSTOM = ConcreteID CUSTOM not available AbstractID CUSTOM = AAtx14b801923150177
 @State ConcreteID = SClcub7e6253423758114 AbstractID = SR1y4h1i5db4203992728
 ConcreteID CUSTOM = SC155z2hv6311487767538 AbstractID CUSTOM = SA12hhjld6203698812968

	ROLE = LeftClickAt
	TARGET =
		WIDGET = WCb0gvbn20191358616, WR52qhb2b3065858412, WT1bx8b0fd2300260335, WP3t3iox1c3752025397
		ROLE = UIAListItem
		TITLE = 12
		SHAPE = Rect [x:747.0 y:497.0 w:42.0 h:15.0]
		CHILDREN = 0
		PATH = [0, 0, 5, 0, 3]
	DESCRIPTION = Left Click at '12'
	TEXT = Compound Action =
		Move mouse to (768.0, 504.5).
		Press Mouse Button BUTTON1
		Release Mouse Button BUTTON1

ExecutedAction [36]: 
 @Action ConcreteID = AC1kewvh17f578667478 AbstractID = AA1kewvh17f578667478
 ConcreteID CUSTOM = ConcreteID CUSTOM not available AbstractID CUSTOM = AA1y4ey1z803657770930
 @State ConcreteID = SClcub7e6253423758114 AbstractID = SR1y4h1i5db4203992728
 ConcreteID CUSTOM = SC155z2hv6311487767538 AbstractID CUSTOM = SA12hhjld6203698812968

	ROLE = LeftClickAt
	TARGET =
		WIDGET = WC1jf7b8s1f2199453133, WR17qbaneb3904637586, WT1oe7pvp1243228967, WP1lvuol61b2004616232
		ROLE = UIAComboBox
		TITLE = Script:
		SHAPE = Rect [x:598.0 y:704.0 w:210.0 h:22.0]
		CHILDREN = 1
		PATH = [0, 0, 9]
	DESCRIPTION = Left Click at 'Script:'
	TEXT = Compound Action =
		Move mouse to (703.0, 715.0).
		Press Mouse Button BUTTON1
		Release Mouse Button BUTTON1

ExecutedAction [37]: 
 @Action ConcreteID = ACtft2z7f3884872154 AbstractID = AAtft2z7f3884872154
 ConcreteID CUSTOM = ConcreteID CUSTOM not available AbstractID CUSTOM = AAu18trq803980899388
 @State ConcreteID = SCysqvdj6752037204343 AbstractID = SRjtbasa627798782146
 ConcreteID CUSTOM = SC61a4wn6863636277435 AbstractID CUSTOM = SA1d7wbxr66d3213672818

	ROLE = LeftClickAt
	TARGET =
		WIDGET = WC2imhqy1f3558734837, WR52qhb2b3065858412, WTfaksm2c3199387433, WPzc7sfc1b2211751423
		ROLE = UIAListItem
		TITLE = 8
		SHAPE = Rect [x:747.0 y:467.0 w:42.0 h:15.0]
		CHILDREN = 0
		PATH = [0, 0, 5, 0, 1]
	DESCRIPTION = Left Click at '8'
	TEXT = Compound Action =
		Move mouse to (768.0, 474.5).
		Press Mouse Button BUTTON1
		Release Mouse Button BUTTON1

ExecutedAction [38]: 
 @Action ConcreteID = ACzlj3kg7f2130006250 AbstractID = AAzlj3kg7f2130006250
 ConcreteID CUSTOM = ConcreteID CUSTOM not available AbstractID CUSTOM = AA1db165e802257433742
 @State ConcreteID = SClcub7e6253423758114 AbstractID = SR1y4h1i5db4203992728
 ConcreteID CUSTOM = SC155z2hv6311487767538 AbstractID CUSTOM = SA12hhjld6203698812968

	ROLE = LeftClickAt
	TARGET =
		WIDGET = WCts71fv303940299789, WR52qhb2b3065858412, WT1i5w5fs1d2073281275, WP1cgy9212c34327495
		ROLE = UIAListItem
		TITLE = MingLiU_HKSCS-ExtB
		SHAPE = Rect [x:412.0 y:562.0 w:151.0 h:19.0]
		CHILDREN = 0
		PATH = [0, 0, 1, 0, 6]
	DESCRIPTION = Left Click at 'MingLiU_HKSCS-ExtB'
	TEXT = Compound Action =
		Move mouse to (487.5, 571.5).
		Press Mouse Button BUTTON1
		Release Mouse Button BUTTON1

ExecutedAction [39]: 
 @Action ConcreteID = AC1h0ogag7e970348167 AbstractID = AA1h0ogag7e970348167
 ConcreteID CUSTOM = ConcreteID CUSTOM not available AbstractID CUSTOM = AA1qlqhp4802732207073
 @State ConcreteID = SCnpbqqh634377597601 AbstractID = SR3zizz15ef1087786320
 ConcreteID CUSTOM = SC12di4vu6443188100060 AbstractID CUSTOM = SA1wvmbj46361290932907

	ROLE = LeftClickAt
	TARGET =
		WIDGET = WCtvfp11303638353599, WR52qhb2b3065858412, WT12lc4f1d3379562285, WP1blgapv2c103643901
		ROLE = UIAListItem
		TITLE = Microsoft Yi Baiti
		SHAPE = Rect [x:412.0 y:543.0 w:151.0 h:19.0]
		CHILDREN = 0
		PATH = [0, 0, 1, 0, 5]
	DESCRIPTION = Left Click at 'Microsoft Yi Baiti'
	TEXT = Compound Action =
		Move mouse to (487.5, 552.5).
		Press Mouse Button BUTTON1
		Release Mouse Button BUTTON1

ExecutedAction [40]: 
 @Action ConcreteID = ACjt27fn7e673525971 AbstractID = AAjt27fn7e673525971
 ConcreteID CUSTOM = ConcreteID CUSTOM not available AbstractID CUSTOM = AAte48ub803005828533
 @State ConcreteID = SCnpbqqh634377597601 AbstractID = SR3zizz15ef1087786320
 ConcreteID CUSTOM = SC12di4vu6443188100060 AbstractID CUSTOM = SA1wvmbj46361290932907

	ROLE = LeftClickAt
	TARGET =
		WIDGET = WC1grpg081d601422470, WR1h6ibpb92248851252, WT1vjbvvdf3603144044, WP1fkwu62191550463147
		ROLE = UIAButton
		TITLE = Cancel
		SHAPE = Rect [x:731.0 y:816.0 w:79.0 h:26.0]
		CHILDREN = 0
		PATH = [0, 0, 12]
	DESCRIPTION = Left Click at 'Cancel'
	TEXT = Compound Action =
		Move mouse to (770.5, 829.0).
		Press Mouse Button BUTTON1
		Release Mouse Button BUTTON1

ExecutedAction [41]: 
 @Action ConcreteID = ACv0d2zn7f2910748842 AbstractID = AAv0d2zn7f2910748842
 ConcreteID CUSTOM = ConcreteID CUSTOM not available AbstractID CUSTOM = AA1i3yvqy7e240064839
 @State ConcreteID = SCqj3npf1d41219841478 AbstractID = SRuxvih1ba2513313992
 ConcreteID CUSTOM = SCh29yi51d62117921105 AbstractID CUSTOM = SA1e0xkku1d417380732

	ROLE = LeftClickAt
	TARGET =
		WIDGET = WCdsg5py1c3010804170, WR17v7k2nb1067391859, WT1qeha5gf2005531835, WPk6niro18548921330
		ROLE = UIAMenuItem
		TITLE = View
		SHAPE = Rect [x:485.0 y:261.0 w:39.0 h:19.0]
		CHILDREN = 0
		PATH = [0, 3, 3]
	DESCRIPTION = Left Click at 'View'
	TEXT = Compound Action =
		Move mouse to (504.5, 270.5).
		Press Mouse Button BUTTON1
		Release Mouse Button BUTTON1

ExecutedAction [42]: 
 @Action ConcreteID = ACakltuc7f4134049750 AbstractID = AAakltuc7f4134049750
 ConcreteID CUSTOM = ConcreteID CUSTOM not available AbstractID CUSTOM = AAlyx83g804007758000
 @State ConcreteID = SCodkt3j20a2424419798 AbstractID = SRhdom0g1f51351705365
 ConcreteID CUSTOM = SCz2risp212378931041 AbstractID CUSTOM = SA1odsafd20b3326211211

	ROLE = LeftClickAt
	TARGET =
		WIDGET = WC12bnyii1c2902228113, WR17v7k2nb1067391859, WT1qe89j4f2180189081, WP10dl4js18262952754
		ROLE = UIAMenuItem
		TITLE = Help
		SHAPE = Rect [x:524.0 y:261.0 w:39.0 h:19.0]
		CHILDREN = 0
		PATH = [0, 4, 4]
	DESCRIPTION = Left Click at 'Help'
	TEXT = Compound Action =
		Move mouse to (543.5, 270.5).
		Press Mouse Button BUTTON1
		Release Mouse Button BUTTON1

ExecutedAction [43]: 
 @Action ConcreteID = AC1i9hc5k7f641226968 AbstractID = AA1i9hc5k7f641226968
 ConcreteID CUSTOM = ConcreteID CUSTOM not available AbstractID CUSTOM = AA6bz2xr7e2232009013
 @State ConcreteID = SCqj3npf1d41219841478 AbstractID = SRuxvih1ba2513313992
 ConcreteID CUSTOM = SCh29yi51d62117921105 AbstractID CUSTOM = SA1e0xkku1d417380732

	ROLE = LeftClickAt
	TARGET =
		WIDGET = WC12b45x51c517775489, WR17v7k2nb1067391859, WT1qe89j4f2180189081, WP10d1byf183180104482
		ROLE = UIAMenuItem
		TITLE = Help
		SHAPE = Rect [x:524.0 y:261.0 w:39.0 h:19.0]
		CHILDREN = 0
		PATH = [0, 3, 4]
	DESCRIPTION = Left Click at 'Help'
	TEXT = Compound Action =
		Move mouse to (543.5, 270.5).
		Press Mouse Button BUTTON1
		Release Mouse Button BUTTON1

ExecutedAction [44]: 
 @Action ConcreteID = AC16vjj437f3997221033 AbstractID = AA16vjj437f3997221033
 ConcreteID CUSTOM = ConcreteID CUSTOM not available AbstractID CUSTOM = AAjurf7p801530347991
 @State ConcreteID = SC1gzjvc4220616296347 AbstractID = SR1p2iogu2092294951997
 ConcreteID CUSTOM = SCbvkwc4228284955917 AbstractID CUSTOM = SA19xk86e21f1597656056

	ROLE = LeftClickAt
	TARGET =
		WIDGET = WC2sd5c9251817436895, WR17v7k2nb1067391859, WT1wv077z18170180715, WP1v116zb21698957785
		ROLE = UIAMenuItem
		TITLE = About Notepad
		SHAPE = Rect [x:527.0 y:334.0 w:166.0 h:22.0]
		CHILDREN = 0
		PATH = [0, 0, 2]
	DESCRIPTION = Left Click at 'About Notepad'
	TEXT = Compound Action =
		Move mouse to (610.0, 345.0).
		Press Mouse Button BUTTON1
		Release Mouse Button BUTTON1

ExecutedAction [45]: 
 @Action ConcreteID = ACr2i1ap7e2430964809 AbstractID = AAr2i1ap7e2430964809
 ConcreteID CUSTOM = ConcreteID CUSTOM not available AbstractID CUSTOM = AA1ovytaa7d2341259767
 @State ConcreteID = SClqjztn2d7844249977 AbstractID = SR9z8pzo2ae1627457717
 ConcreteID CUSTOM = SCgkxaw62da861902569 AbstractID CUSTOM = SAanktvk2d643465284

	ROLE = LeftClickAt
	TARGET =
		WIDGET = WC15twxtj183412041097, WR1h6ibpb92248851252, WTzj707vb935461581, WPaxrmo5142767186721
		ROLE = UIAButton
		TITLE = OK
		SHAPE = Rect [x:780.0 y:703.0 w:75.0 h:23.0]
		CHILDREN = 0
		PATH = [0, 0, 8]
	DESCRIPTION = Left Click at 'OK'
	TEXT = Compound Action =
		Move mouse to (817.5, 714.5).
		Press Mouse Button BUTTON1
		Release Mouse Button BUTTON1

ExecutedAction [46]: 
 @Action ConcreteID = ACehvdbc7f1094353899 AbstractID = AAehvdbc7f1094353899
 ConcreteID CUSTOM = ConcreteID CUSTOM not available AbstractID CUSTOM = AA11lh62n7e3792378374
 @State ConcreteID = SCqj3npf1d41219841478 AbstractID = SRuxvih1ba2513313992
 ConcreteID CUSTOM = SCh29yi51d62117921105 AbstractID CUSTOM = SA1e0xkku1d417380732

	ROLE = LeftClickAt
	TARGET =
		WIDGET = WCdfgprn1c4116076503, WR17v7k2nb1067391859, WT1qe6brdf138512687, WP1hwpd4x181691246414
		ROLE = UIAMenuItem
		TITLE = Edit
		SHAPE = Rect [x:399.0 y:261.0 w:34.0 h:19.0]
		CHILDREN = 0
		PATH = [0, 3, 1]
	DESCRIPTION = Left Click at 'Edit'
	TEXT = Compound Action =
		Move mouse to (416.0, 270.5).
		Press Mouse Button BUTTON1
		Release Mouse Button BUTTON1

ExecutedAction [47]: 
 @Action ConcreteID = AC18ic757f2614824722 AbstractID = AA18ic757f2614824722
 ConcreteID CUSTOM = ConcreteID CUSTOM not available AbstractID CUSTOM = AA1iqb3yt7f3490597560
 @State ConcreteID = SC1d4blw92ea220361023 AbstractID = SR1hpakru2d13589890082
 ConcreteID CUSTOM = SC1wfnch82f31276818650 AbstractID CUSTOM = SA3bzqiy2ea3536011733

	ROLE = LeftClickAt
	TARGET =
		WIDGET = WC1pv9rrt292400734696, WR17v7k2nb1067391859, WT1ia206w1c1487822300, WP1xypciv251073608230
		ROLE = UIAMenuItem
		TITLE = Replace...	Ctrl+H
		SHAPE = Rect [x:402.0 y:495.0 w:225.0 h:22.0]
		CHILDREN = 0
		PATH = [0, 0, 9]
	DESCRIPTION = Left Click at 'Replace...	Ctrl+H'
	TEXT = Compound Action =
		Move mouse to (514.5, 506.0).
		Press Mouse Button BUTTON1
		Release Mouse Button BUTTON1

ExecutedAction [48]: 
 @Action ConcreteID = ACaw8hf17f2245700792 AbstractID = AAaw8hf17f2245700792
 ConcreteID CUSTOM = ConcreteID CUSTOM not available AbstractID CUSTOM = AAa3h5n87f4006699397
 @State ConcreteID = SCeolsl12d41842393658 AbstractID = SRuslxte2b42539683488
 ConcreteID CUSTOM = SC162ar82de3730290280 AbstractID CUSTOM = SAb8duvk2d71146417331

	ROLE = LeftClickAt
	TARGET =
		WIDGET = WCzvjnsu1d2007606170, WR1h6ibpb92248851252, WT16r0ool104128427134, WP15mf158191288016103
		ROLE = UIAButton
		TITLE = Replace
		SHAPE = Rect [x:690.0 y:418.0 w:75.0 h:23.0]
		CHILDREN = 0
		PATH = [0, 0, 7]
	DESCRIPTION = Left Click at 'Replace'
	TEXT = Compound Action =
		Move mouse to (727.5, 429.5).
		Press Mouse Button BUTTON1
		Release Mouse Button BUTTON1

ExecutedAction [49]: 
 @Action ConcreteID = AC5mktef811687188083 AbstractID = AA5mktef811687188083
 ConcreteID CUSTOM = ConcreteID CUSTOM not available AbstractID CUSTOM = AA19vitil802506266418
 @State ConcreteID = SC1j5xkf034a4003477051 AbstractID = SR7ctyio3274230475868
 ConcreteID CUSTOM = SC1io8kk23512229345934 AbstractID CUSTOM = SAg8cccz3521011646821

	ROLE = LeftClickAt
	TARGET =
		WIDGET = WCk3zl331b1069322374, WR1h6ibpb92248851252, WTzj707vb935461581, WPymgupd171523839437
		ROLE = UIAButton
		TITLE = OK
		SHAPE = Rect [x:994.0 y:650.0 w:75.0 h:23.0]
		CHILDREN = 0
		PATH = [0, 0, 0, 0]
	DESCRIPTION = Left Click at 'OK'
	TEXT = Compound Action =
		Move mouse to (1031.5, 661.5).
		Press Mouse Button BUTTON1
		Release Mouse Button BUTTON1

ExecutedAction [50]: 
 @Action ConcreteID = AC10nmlcz7f3398512239 AbstractID = AA10nmlcz7f3398512239
 ConcreteID CUSTOM = ConcreteID CUSTOM not available AbstractID CUSTOM = AAzuv9l67f2711282514
 @State ConcreteID = SCeolsl12d41842393658 AbstractID = SRuslxte2b42539683488
 ConcreteID CUSTOM = SC162ar82de3730290280 AbstractID CUSTOM = SAb8duvk2d71146417331

	ROLE = LeftClickAt
	TARGET =
		WIDGET = WC56xoez22849951752, WR88rmk0b1934231702, WTn10erf151057493661, WP1adzqh1e2190317272
		ROLE = UIACheckBox
		TITLE = Match case
		SHAPE = Rect [x:435.0 y:485.0 w:89.0 h:20.0]
		CHILDREN = 0
		PATH = [0, 0, 4]
	DESCRIPTION = Left Click at 'Match case'
	TEXT = Compound Action =
		Move mouse to (479.5, 495.0).
		Press Mouse Button BUTTON1
		Release Mouse Button BUTTON1

ExecutedAction [51]: 
 @Action ConcreteID = AC1fyq0y07f1314997371 AbstractID = AA1fyq0y07f1314997371
 ConcreteID CUSTOM = ConcreteID CUSTOM not available AbstractID CUSTOM = AA1f5yp677f627738950
 @State ConcreteID = SCeolsl12d41842393658 AbstractID = SRuslxte2b42539683488
 ConcreteID CUSTOM = SC162ar82de3730290280 AbstractID CUSTOM = SAb8duvk2d71146417331

	ROLE = LeftClickAt
	TARGET =
		WIDGET = WC1bmkwt8211250102373, WR1h6ibpb92248851252, WT18mmbpy141109197180, WPfc3wmi1d1931204546
		ROLE = UIAButton
		TITLE = Replace All
		SHAPE = Rect [x:690.0 y:446.0 w:75.0 h:23.0]
		CHILDREN = 0
		PATH = [0, 0, 8]
	DESCRIPTION = Left Click at 'Replace All'
	TEXT = Compound Action =
		Move mouse to (727.5, 457.5).
		Press Mouse Button BUTTON1
		Release Mouse Button BUTTON1

ExecutedAction [52]: 
 @Action ConcreteID = ACcivvgd10752523013 AbstractID = AAboyzexd43494405726
 ConcreteID CUSTOM = ConcreteID CUSTOM not available AbstractID CUSTOM = AA5vh7cyd42239022720
 @State ConcreteID = SCeolsl12d41842393658 AbstractID = SRuslxte2b42539683488
 ConcreteID CUSTOM = SC162ar82de3730290280 AbstractID CUSTOM = SAb8duvk2d71146417331

	ROLE = ClickTypeInto
	TARGET =
		WIDGET = WCh9rmbw1c1979157806, WR4n0dlj72701565195, WTei4yvd121088706799, WP1p79f7i182977098622
		ROLE = UIAEdit
		TITLE = Text Editor
		SHAPE = Rect [x:367.0 y:281.0 w:847.0 h:534.0]
		CHILDREN = 1
		PATH = [0, 1]
	DESCRIPTION = Type '??? ????? ????? ...' into 'Text Editor
	TEXT = Compound Action =
		Compound Action =
		Move mouse to (790.5, 548.0).
		Press Mouse Button BUTTON1
		Release Mouse Button BUTTON1
		Press Key 17
		Press Key 65
		Release Key 65
		Release Key 17
		Type text '??? ????? ????? ??? ????? ???? ??? ???? ???'

ExecutedAction [53]: 
 @Action ConcreteID = ACwsex507e1912688206 AbstractID = AAwsex507e1912688206
 ConcreteID CUSTOM = ConcreteID CUSTOM not available AbstractID CUSTOM = AA1jr6mjb7f1964190383
 @State ConcreteID = SCe6hlxm2d3719262975 AbstractID = SRuslxte2b42539683488
 ConcreteID CUSTOM = SC19m62382dd1462712464 AbstractID CUSTOM = SAb8duvk2d71146417331

	ROLE = LeftClickAt
	TARGET =
		WIDGET = WC1frc9lv1c3431448778, WR17v7k2nb1067391859, WT1qe72ijf99311909, WPjc8r1t181437309355
		ROLE = UIAMenuItem
		TITLE = File
		SHAPE = Rect [x:367.0 y:261.0 w:32.0 h:19.0]
		CHILDREN = 0
		PATH = [0, 4, 0]
	DESCRIPTION = Left Click at 'File'
	TEXT = Compound Action =
		Move mouse to (383.0, 270.5).
		Press Mouse Button BUTTON1
		Release Mouse Button BUTTON1

ExecutedAction [54]: 
 @Action ConcreteID = AC6whiac11b337073386 AbstractID = AAfctxdad31520162229
 ConcreteID CUSTOM = ConcreteID CUSTOM not available AbstractID CUSTOM = AAy96syod44149875322
 @State ConcreteID = SCv1aj4b38d246250314 AbstractID = SR1dg3kd367521854135
 ConcreteID CUSTOM = SC1ukgu7138d457777901 AbstractID CUSTOM = SA8veoi63812248403547

	ROLE = ClickTypeInto
	TARGET =
		WIDGET = WC3z0qv211451553393, WR4n0dlj72701565195, WT17t9cmp142792281692, WP1hyfmqd1d1945323837
		ROLE = UIAEdit
		TITLE = Replace with:
		SHAPE = Rect [x:510.0 y:423.0 w:171.0 h:20.0]
		CHILDREN = 0
		PATH = [0, 1, 3]
	DESCRIPTION = Type 'ABC<div style="x...' into 'Replace with:
	TEXT = Compound Action =
		Compound Action =
		Move mouse to (595.5, 433.0).
		Press Mouse Button BUTTON1
		Release Mouse Button BUTTON1
		Press Key 17
		Press Key 65
		Release Key 65
		Release Key 17
		Type text 'ABC<div style="x:\xE2\x80\x80expression(javascript:alert(1)">DEF'

ExecutedAction [55]: 
 @Action ConcreteID = ACusfndm801318302642 AbstractID = AAusfndm801318302642
 ConcreteID CUSTOM = ConcreteID CUSTOM not available AbstractID CUSTOM = AA5x5e9n81436846509
 @State ConcreteID = SCl7ngj96fb2000962260 AbstractID = SR1chcokw6bd1205389655
 ConcreteID CUSTOM = SC1ep8bdc70092936701 AbstractID CUSTOM = SA1ojdhwp70f2906437617

	ROLE = LeftClickAt
	TARGET =
		WIDGET = WCzhdzk22a2989501098, WR1h6ibpb92248851252, WTnbm3rx14926922420, WPgjb3qs263189882311
		ROLE = UIAButton
		TITLE = View Slider
		SHAPE = Rect [x:1126.0 y:349.0 w:18.0 h:26.0]
		CHILDREN = 0
		PATH = [0, 0, 0, 0, 1, 0]
	DESCRIPTION = Left Click at 'View Slider'
	TEXT = Compound Action =
		Move mouse to (1135.0, 362.0).
		Press Mouse Button BUTTON1
		Release Mouse Button BUTTON1

ExecutedAction [56]: 
 @Action ConcreteID = AC1dvi0f380822982792 AbstractID = AA1dvi0f380822982792
 ConcreteID CUSTOM = ConcreteID CUSTOM not available AbstractID CUSTOM = AA5gq960802846368990
 @State ConcreteID = SC7feyax8aa2464011845 AbstractID = SRjrhw4t8603034949610
 ConcreteID CUSTOM = SCqs2kxe8a42370497448 AbstractID CUSTOM = SAtcm3kn8a43311690138

	ROLE = LeftClickAt
	TARGET =
		WIDGET = WC1b9kuv027294312416, WR1h6ibpb92248851252, WT1xwezk21439374647, WPzw4rka231489315868
		ROLE = UIAButton
		TITLE = Small icons
		SHAPE = Rect [x:1159.0 y:350.0 w:135.0 h:24.0]
		CHILDREN = 0
		PATH = [0, 0, 0, 4, 0]
	DESCRIPTION = Left Click at 'Small icons'
	TEXT = Compound Action =
		Move mouse to (1226.5, 362.0).
		Press Mouse Button BUTTON1
		Release Mouse Button BUTTON1

ExecutedAction [57]: 
 @Action ConcreteID = ACzi6iur7f3553269292 AbstractID = AAzi6iur7f3553269292
 ConcreteID CUSTOM = ConcreteID CUSTOM not available AbstractID CUSTOM = AA1pc9289801976547031
 @State ConcreteID = SCa5g6v86fc1788160697 AbstractID = SR1sqqdkx6be2084131485
 ConcreteID CUSTOM = SCmfcviu6fc1535868623 AbstractID CUSTOM = SA1j6qnkg70e3292697528

	ROLE = LeftClickAt
	TARGET =
		WIDGET = WC6phy9q312543852073, WR1e04pz3e358922214, WTbfwhi151108363517, WP1dl5sfk2d190669128
		ROLE = UIASplitButton
		TITLE = This PC
		SHAPE = Rect [x:517.0 y:318.0 w:62.0 h:21.0]
		CHILDREN = 0
		PATH = [0, 0, 7, 2, 0, 0, 0, 1]
	DESCRIPTION = Left Click at 'This PC'
	TEXT = Compound Action =
		Move mouse to (548.0, 328.5).
		Press Mouse Button BUTTON1
		Release Mouse Button BUTTON1

ExecutedAction [58]: 
 @Action ConcreteID = AC1aiz3dv802421495088 AbstractID = AA1aiz3dv802421495088
 ConcreteID CUSTOM = ConcreteID CUSTOM not available AbstractID CUSTOM = AA154vpdi802536047988
 @State ConcreteID = SC1h7wrvf6d31475876615 AbstractID = SRx7z03g6962342137774
 ConcreteID CUSTOM = SCh9mzlg6d5267894226 AbstractID CUSTOM = SA1etjbrl6e74161037856

	ROLE = LeftClickAt
	TARGET =
		WIDGET = WCrvpeyi21669221964, WR17qbaneb3904637586, WTs0888t14412445231, WP1l8rih41d1079853139
		ROLE = UIAComboBox
		TITLE = Encoding:
		SHAPE = Rect [x:832.0 y:439.0 w:150.0 h:23.0]
		CHILDREN = 1
		PATH = [0, 0, 3]
	DESCRIPTION = Left Click at 'Encoding:'
	TEXT = Compound Action =
		Move mouse to (907.0, 450.5).
		Press Mouse Button BUTTON1
		Release Mouse Button BUTTON1

ExecutedAction [59]: 
 @Action ConcreteID = ACxqowdk7e2526390012 AbstractID = AAxqowdk7e2526390012
 ConcreteID CUSTOM = ConcreteID CUSTOM not available AbstractID CUSTOM = AA1iwosro7e25238383
 @State ConcreteID = SChbwchn7c5493040873 AbstractID = SRtwztbm77a2259350192
 ConcreteID CUSTOM = SCk49mcg7c9879980199 AbstractID CUSTOM = SAfjx8g47da265333903

	ROLE = LeftClickAt
	TARGET =
		WIDGET = WCxay0k61a455398927, WR52qhb2b3065858412, WTqpxc0k103410417110, WP96fq6g163727009765
		ROLE = UIAListItem
		TITLE = UTF-8
		SHAPE = Rect [x:833.0 y:508.0 w:148.0 h:15.0]
		CHILDREN = 0
		PATH = [1, 3]
	DESCRIPTION = Left Click at 'UTF-8'
	TEXT = Compound Action =
		Move mouse to (907.0, 515.5).
		Press Mouse Button BUTTON1
		Release Mouse Button BUTTON1

ExecutedAction [60]: 
 @Action ConcreteID = ACu1fg44801636187020 AbstractID = AAu1fg44801636187020
 ConcreteID CUSTOM = ConcreteID CUSTOM not available AbstractID CUSTOM = AAonc23r801727671240
 @State ConcreteID = SC1h7wrvf6d31475876615 AbstractID = SRx7z03g6962342137774
 ConcreteID CUSTOM = SCh9mzlg6d5267894226 AbstractID CUSTOM = SA1etjbrl6e74161037856

	ROLE = LeftClickAt
	TARGET =
		WIDGET = WC54y5s9372049022285, WR1e04pz3e358922214, WT1c4o4m81b2311801335, WPgjbqkb333067261602
		ROLE = UIASplitButton
		TITLE = All locations
		SHAPE = Rect [x:482.0 y:318.0 w:35.0 h:21.0]
		CHILDREN = 0
		PATH = [0, 0, 7, 2, 0, 0, 0, 0]
	DESCRIPTION = Left Click at 'All locations'
	TEXT = Compound Action =
		Move mouse to (499.5, 328.5).
		Press Mouse Button BUTTON1
		Release Mouse Button BUTTON1

ExecutedAction [61]: 
 @Action ConcreteID = AC1o3zecw7f1626556568 AbstractID = AA1o3zecw7f1626556568
 ConcreteID CUSTOM = ConcreteID CUSTOM not available AbstractID CUSTOM = AAxqwxyv7f600974787
 @State ConcreteID = SC1uqaow06a8529604595 AbstractID = SR159ry2e6703323821322
 ConcreteID CUSTOM = SCnp6efl6b0727759215 AbstractID CUSTOM = SAoer0ov6bb1027027027

	ROLE = LeftClickAt
	TARGET =
		WIDGET = WCkij0y6383027096708, WR1h6ibpb92248851252, WT1a8fz6v1f4035439926, WPcj11wc343296659493
		ROLE = UIAButton
		TITLE = Refresh "This PC" (F5)
		SHAPE = Rect [x:952.0 y:318.0 w:20.0 h:22.0]
		CHILDREN = 0
		PATH = [0, 0, 7, 2, 0, 0, 0]
	DESCRIPTION = Left Click at 'Refresh "This PC" (F5)'
	TEXT = Compound Action =
		Move mouse to (962.0, 329.0).
		Press Mouse Button BUTTON1
		Release Mouse Button BUTTON1

ExecutedAction [62]: 
 @Action ConcreteID = AC192lb677f2133158325 AbstractID = AA192lb677f2133158325
 ConcreteID CUSTOM = ConcreteID CUSTOM not available AbstractID CUSTOM = AAipius67f1006896366
 @State ConcreteID = SC1uqaow06a8529604595 AbstractID = SR159ry2e6703323821322
 ConcreteID CUSTOM = SCnp6efl6b0727759215 AbstractID CUSTOM = SAoer0ov6bb1027027027

	ROLE = LeftClickAt
	TARGET =
		WIDGET = WC8feks23f694909404, WR1h6ibpb92248851252, WT14x6f1k29289470678, WP1nlcr6s3b1662943636
		ROLE = UIAButton
		TITLE = Up to "Desktop" (Alt + Up Arrow)
		SHAPE = Rect [x:456.0 y:317.0 w:24.0 h:24.0]
		CHILDREN = 0
		PATH = [0, 0, 7, 1, 0, 0]
	DESCRIPTION = Left Click at 'Up to "Desktop" (Alt + Up Arrow)'
	TEXT = Compound Action =
		Move mouse to (468.0, 329.0).
		Press Mouse Button BUTTON1
		Release Mouse Button BUTTON1

ExecutedAction [63]: 
 @Action ConcreteID = ACce1ox1069417625 AbstractID = AA1o1v9ozd52180349914
 ConcreteID CUSTOM = ConcreteID CUSTOM not available AbstractID CUSTOM = AA8t1sywd41631816506
 @State ConcreteID = SC1rfinug6d31176689476 AbstractID = SR1qunyog697913213216
 ConcreteID CUSTOM = SC1f3xwtx6d82642709348 AbstractID CUSTOM = SA1b606tf6e5672340686

	ROLE = ClickTypeInto
	TARGET =
		WIDGET = WC9kkl5m241372546801, WR4n0dlj72701565195, WT9fe9ia11101724996, WP1te390o201741019482
		ROLE = UIAEdit
		TITLE = File name:
		SHAPE = Rect [x:503.0 y:392.0 w:671.0 h:17.0]
		CHILDREN = 0
		PATH = [0, 0, 0, 2, 0]
	DESCRIPTION = Type '' onfocus=JaVaSC...' into 'File name:
	TEXT = Compound Action =
		Compound Action =
		Move mouse to (838.5, 400.5).
		Press Mouse Button BUTTON1
		Release Mouse Button BUTTON1
		Press Key 17
		Press Key 65
		Release Key 65
		Release Key 17
		Type text '' onfocus=JaVaSCript:alert(123) autofocus'

ExecutedAction [64]: 
 @Action ConcreteID = ACl3unk77f2934696067 AbstractID = AAl3unk77f2934696067
 ConcreteID CUSTOM = ConcreteID CUSTOM not available AbstractID CUSTOM = AAp2h68i7f3052358372
 @State ConcreteID = SCekwf8f7483944026195 AbstractID = SR1jozh707091172241298
 ConcreteID CUSTOM = SC1yfqolb7503938116971 AbstractID CUSTOM = SA8dqw8w75c1197490438

	ROLE = LeftClickAt
	TARGET =
		WIDGET = WCyyz9g525264349659, WR52qhb2b3065858412, WTb6j8i91b643911469, WPpzdhqf212486159224
		ROLE = UIAListItem
		TITLE = All Files  (*.*)
		SHAPE = Rect [x:501.0 y:438.0 w:692.0 h:15.0]
		CHILDREN = 0
		PATH = [1, 1]
	DESCRIPTION = Left Click at 'All Files  (*.*)'
	TEXT = Compound Action =
		Move mouse to (847.0, 445.5).
		Press Mouse Button BUTTON1
		Release Mouse Button BUTTON1

ExecutedAction [65]: 
 @Action ConcreteID = AC1r7o38t802885560337 AbstractID = AA1r7o38t802885560337
 ConcreteID CUSTOM = ConcreteID CUSTOM not available AbstractID CUSTOM = AA1yh5t887f2250454796
 @State ConcreteID = SC1rfinug6d31176689476 AbstractID = SR1qunyog697913213216
 ConcreteID CUSTOM = SC1f3xwtx6d82642709348 AbstractID CUSTOM = SA1b606tf6e5672340686

	ROLE = LeftClickAt
	TARGET =
		WIDGET = WCtjjga2262183750900, WR1h6ibpb92248851252, WTm2ii31133448143099, WP1e0c9vc221645422599
		ROLE = UIAButton
		TITLE = New folder
		SHAPE = Rect [x:469.0 y:349.0 w:88.0 h:26.0]
		CHILDREN = 0
		PATH = [0, 0, 0, 0, 3]
	DESCRIPTION = Left Click at 'New folder'
	TEXT = Compound Action =
		Move mouse to (513.0, 362.0).
		Press Mouse Button BUTTON1
		Release Mouse Button BUTTON1

ExecutedAction [66]: 
 @Action ConcreteID = ACmzkotm802591350807 AbstractID = AAmzkotm802591350807
 ConcreteID CUSTOM = ConcreteID CUSTOM not available AbstractID CUSTOM = AAu92et17f3081371402
 @State ConcreteID = SC1rfinug6d31176689476 AbstractID = SR1qunyog697913213216
 ConcreteID CUSTOM = SC1f3xwtx6d82642709348 AbstractID CUSTOM = SA1b606tf6e5672340686

	ROLE = LeftClickAt
	TARGET =
		WIDGET = WC1a30str24322022917, WR1h6ibpb92248851252, WT4keizt112994300114, WP1lsmugt203143925966
		ROLE = UIAButton
		TITLE = Organise
		SHAPE = Rect [x:378.0 y:349.0 w:91.0 h:26.0]
		CHILDREN = 0
		PATH = [0, 0, 0, 0, 2]
	DESCRIPTION = Left Click at 'Organise'
	TEXT = Compound Action =
		Move mouse to (423.5, 362.0).
		Press Mouse Button BUTTON1
		Release Mouse Button BUTTON1

ExecutedAction [67]: 
 @Action ConcreteID = AC1duwp0de422627203 AbstractID = AA1egvfc3d42362166646
 ConcreteID CUSTOM = ConcreteID CUSTOM not available AbstractID CUSTOM = AA9yk4qed4700977967
 @State ConcreteID = SC26r14o7ed2235191164 AbstractID = SRaifjpr7ae2331437517
 ConcreteID CUSTOM = SC1pfi7lq7f5203304404 AbstractID CUSTOM = SA6xu7yc7fe3899525743

	ROLE = ClickTypeInto
	TARGET =
		WIDGET = WC1ffabo41e864194532, WR4n0dlj72701565195, WT1gjbb46112826526592, WP1v7jv4y1a1743897683
		ROLE = UIAEdit
		TITLE = Find what:
		SHAPE = Rect [x:510.0 y:395.0 w:171.0 h:20.0]
		CHILDREN = 0
		PATH = [0, 1, 1]
	DESCRIPTION = Type '1'000.00' into 'Find what:
	TEXT = Compound Action =
		Compound Action =
		Move mouse to (595.5, 405.0).
		Press Mouse Button BUTTON1
		Release Mouse Button BUTTON1
		Press Key 17
		Press Key 65
		Release Key 65
		Release Key 17
		Type text '1'000.00'

ExecutedAction [68]: 
 @Action ConcreteID = AC1o4vvyo804028133283 AbstractID = AA1o4vvyo804028133283
 ConcreteID CUSTOM = ConcreteID CUSTOM not available AbstractID CUSTOM = AA14w1uxx80601202682
 @State ConcreteID = SCekwf8f7483944026195 AbstractID = SR1jozh707091172241298
 ConcreteID CUSTOM = SC1yfqolb7503938116971 AbstractID CUSTOM = SA8dqw8w75c1197490438

	ROLE = LeftClickAt
	TARGET =
		WIDGET = WC1myt3m2263974880397, WR1e04pz3e358922214, WT1o1rmsv132406183479, WPxndefs221876593535
		ROLE = UIASplitButton
		TITLE = Views
		SHAPE = Rect [x:1099.0 y:349.0 w:55.0 h:26.0]
		CHILDREN = 1
		PATH = [0, 0, 0, 0, 1]
	DESCRIPTION = Left Click at 'Views'
	TEXT = Compound Action =
		Move mouse to (1126.5, 362.0).
		Press Mouse Button BUTTON1
		Release Mouse Button BUTTON1

ExecutedAction [69]: 
 @Action ConcreteID = AC1qedcwx802206586222 AbstractID = AA1qedcwx802206586222
 ConcreteID CUSTOM = ConcreteID CUSTOM not available AbstractID CUSTOM = AA1xnv2wc7f2925054579
 @State ConcreteID = SC1rfinug6d31176689476 AbstractID = SR1qunyog697913213216
 ConcreteID CUSTOM = SC1f3xwtx6d82642709348 AbstractID CUSTOM = SA1b606tf6e5672340686

	ROLE = LeftClickAt
	TARGET =
		WIDGET = WC12p5tmu41386282813, WR1h6ibpb92248851252, WTlnub172b1806996768, WPi37wzc3d2439581322
		ROLE = UIAButton
		TITLE = Back to This PC (Alt + Left Arrow)
		SHAPE = Rect [x:379.0 y:314.0 w:30.0 h:30.0]
		CHILDREN = 0
		PATH = [0, 0, 7, 0, 0, 0]
	DESCRIPTION = Left Click at 'Back to This PC (Alt + Left Arrow)'
	TEXT = Compound Action =
		Move mouse to (394.0, 329.0).
		Press Mouse Button BUTTON1
		Release Mouse Button BUTTON1

ExecutedAction [70]: 
 @Action ConcreteID = ACdgmz1f802766085614 AbstractID = AAdgmz1f802766085614
 ConcreteID CUSTOM = ConcreteID CUSTOM not available AbstractID CUSTOM = AA18cmy6b803618400397
 @State ConcreteID = SC1n3rx2z6d2278272325 AbstractID = SRx7z03g6962342137774
 ConcreteID CUSTOM = SCbm9lvx6d62486816487 AbstractID CUSTOM = SAh80fog6e81578132307

	ROLE = LeftClickAt
	TARGET =
		WIDGET = WCya1eq7282372732690, WR1h6ibpb92248851252, WT44wytjf874873785, WPiarrx9242867114882
		ROLE = UIAButton
		TITLE = Search
		SHAPE = Rect [x:1165.0 y:317.0 w:16.0 h:24.0]
		CHILDREN = 0
		PATH = [0, 0, 7, 4, 0, 0, 1]
	DESCRIPTION = Left Click at 'Search'
	TEXT = Compound Action =
		Move mouse to (1173.0, 329.0).
		Press Mouse Button BUTTON1
		Release Mouse Button BUTTON1

ExecutedAction [71]: 
 @Action ConcreteID = AC1c9zzle7f1366881717 AbstractID = AA1c9zzle7f1366881717
 ConcreteID CUSTOM = ConcreteID CUSTOM not available AbstractID CUSTOM = AA1u150qp7f1948432421
 @State ConcreteID = SCe1riv17cd2509567150 AbstractID = SRo5hwg777a1584840222
 ConcreteID CUSTOM = SC1en64r97c43228310075 AbstractID CUSTOM = SAlvsuf67d33080875918

	ROLE = LeftClickAt
	TARGET =
		WIDGET = WC1m765f23419172380, WR88rmk0b1934231702, WT1t7jjo3161798943962, WPezyek11f3912035051
		ROLE = UIACheckBox
		TITLE = Wrap around
		SHAPE = Rect [x:435.0 y:511.0 w:96.0 h:20.0]
		CHILDREN = 0
		PATH = [0, 1, 5]
	DESCRIPTION = Left Click at 'Wrap around'
	TEXT = Compound Action =
		Move mouse to (483.0, 521.0).
		Press Mouse Button BUTTON1
		Release Mouse Button BUTTON1

ExecutedAction [72]: 
 @Action ConcreteID = AC6tmq817f443752562 AbstractID = AA6tmq817f443752562
 ConcreteID CUSTOM = ConcreteID CUSTOM not available AbstractID CUSTOM = AA1x8e4y87f2862409510
 @State ConcreteID = SCglz2lv6db1179237019 AbstractID = SR1e1282r697513158443
 ConcreteID CUSTOM = SCf8hwnz6e21338323156 AbstractID CUSTOM = SAnffwue6d81474152924

	ROLE = LeftClickAt
	TARGET =
		WIDGET = WCg21y9s2f738168446, WR1h6ibpb92248851252, WThz0sl419562620132, WPqctbjm2b3992897838
		ROLE = UIAButton
		TITLE = Recent locations
		SHAPE = Rect [x:439.0 y:314.0 w:15.0 h:30.0]
		CHILDREN = 0
		PATH = [0, 1, 7, 0, 0, 2]
	DESCRIPTION = Left Click at 'Recent locations'
	TEXT = Compound Action =
		Move mouse to (446.5, 329.0).
		Press Mouse Button BUTTON1
		Release Mouse Button BUTTON1

ExecutedAction [73]: 
 @Action ConcreteID = ACt36bjv7f2590780793 AbstractID = AAt36bjv7f2590780793
 ConcreteID CUSTOM = ConcreteID CUSTOM not available AbstractID CUSTOM = AAd1wd4z803886535745
 @State ConcreteID = SC4xjw3m81d3109264658 AbstractID = SRypheol7ca3247502586
 ConcreteID CUSTOM = SCdqebl819567518277 AbstractID CUSTOM = SA1kbx81t8221918209658

	ROLE = LeftClickAt
	TARGET =
		WIDGET = WCpow3vt1a1406164438, WR17v7k2nb1067391859, WTgi41za102607321662, WPl8aopn164222320047
		ROLE = UIAMenuItem
		TITLE = Music
		SHAPE = Rect [x:378.0 y:391.0 w:95.0 h:22.0]
		CHILDREN = 0
		PATH = [1, 2]
	DESCRIPTION = Left Click at 'Music'
	TEXT = Compound Action =
		Move mouse to (425.5, 402.0).
		Press Mouse Button BUTTON1
		Release Mouse Button BUTTON1

ExecutedAction [74]: 
 @Action ConcreteID = ACs1qit1801188749518 AbstractID = AAs1qit1801188749518
 ConcreteID CUSTOM = ConcreteID CUSTOM not available AbstractID CUSTOM = AA1jwugcf814020072996
 @State ConcreteID = SC5uql477f44047931676 AbstractID = SR1anpnrn7a12131135870
 ConcreteID CUSTOM = SCewp7kl7ea3328670120 AbstractID CUSTOM = SA1uvmif07fb1016953400

	ROLE = LeftClickAt
	TARGET =
		WIDGET = WC1trwpkg47293373199, WR52qhb2b3065858412, WTtcute3311110830243, WPim171e433372160608
		ROLE = UIAListItem
		TITLE = 0><script>\xEF\xBB\xBFjavascript:alert
		SHAPE = Rect [x:986.0 y:342.0 w:200.0 h:21.0]
		CHILDREN = 1
		PATH = [0, 0, 0, 0, 1, 0]
	DESCRIPTION = Left Click at '0><script>\xEF\xBB\xBFjavascript:alert'
	TEXT = Compound Action =
		Move mouse to (1086.0, 352.5).
		Press Mouse Button BUTTON1
		Release Mouse Button BUTTON1

ExecutedAction [75]: 
 @Action ConcreteID = ACwftf5l7e370244477 AbstractID = AAwftf5l7e370244477
 ConcreteID CUSTOM = ConcreteID CUSTOM not available AbstractID CUSTOM = AAi24qhi802401982433
 @State ConcreteID = SCupqgpz6f9399122446 AbstractID = SR1chcokw6bd1205389655
 ConcreteID CUSTOM = SC1llrid36ff1163596883 AbstractID CUSTOM = SA1yjp7bm7102640284236

	ROLE = LeftClickAt
	TARGET =
		WIDGET = WC1k5mil3251314224400, WR17qbaneb3904637586, WTtg2d9x1567061077, WPlz30y121328594327
		ROLE = UIAComboBox
		TITLE = File name:
		SHAPE = Rect [x:500.0 y:389.0 w:694.0 h:23.0]
		CHILDREN = 2
		PATH = [0, 0, 0, 2]
	DESCRIPTION = Left Click at 'File name:'
	TEXT = Compound Action =
		Move mouse to (847.0, 400.5).
		Press Mouse Button BUTTON1
		Release Mouse Button BUTTON1

ExecutedAction [76]: 
 @Action ConcreteID = ACcktcxy7f4092056628 AbstractID = AAcktcxy7f4092056628
 ConcreteID CUSTOM = ConcreteID CUSTOM not available AbstractID CUSTOM = AAcnyr1r7f3027227684
 @State ConcreteID = SC1053cn174a985227875 AbstractID = SR17i1h1q7081704243471
 ConcreteID CUSTOM = SC195hg37521300677252 AbstractID CUSTOM = SAki44pa75e1590190600

	ROLE = LeftClickAt
	TARGET =
		WIDGET = WCht5094373333934602, WR52qhb2b3065858412, WT1frh9go21411027726, WPa8q7ay332550508532
		ROLE = UIAListItem
		TITLE = Text Documents (*.txt)
		SHAPE = Rect [x:501.0 y:423.0 w:692.0 h:15.0]
		CHILDREN = 0
		PATH = [0, 0, 0, 4, 0, 0]
	DESCRIPTION = Left Click at 'Text Documents (*.txt)'
	TEXT = Compound Action =
		Move mouse to (847.0, 430.5).
		Press Mouse Button BUTTON1
		Release Mouse Button BUTTON1

ExecutedAction [77]: 
 @Action ConcreteID = AC1s38al6802289446756 AbstractID = AA1s38al6802289446756
 ConcreteID CUSTOM = ConcreteID CUSTOM not available AbstractID CUSTOM = AA1mnhpfg802404478505
 @State ConcreteID = SC1q8kqmk6d53630372574 AbstractID = SRx7z03g6962342137774
 ConcreteID CUSTOM = SCa8zeh56da544852590 AbstractID CUSTOM = SA1etjbrl6e74161037856

	ROLE = LeftClickAt
	TARGET =
		WIDGET = WC19qtanu1f1760353706, WR1h6ibpb92248851252, WT1523ifv122562923779, WPi2z43s1b2628762829
		ROLE = UIAButton
		TITLE = Find Next
		SHAPE = Rect [x:690.0 y:391.0 w:75.0 h:23.0]
		CHILDREN = 0
		PATH = [0, 1, 6]
	DESCRIPTION = Left Click at 'Find Next'
	TEXT = Compound Action =
		Move mouse to (727.5, 402.5).
		Press Mouse Button BUTTON1
		Release Mouse Button BUTTON1

ExecutedAction [78]: 
 @Action ConcreteID = AC1dmm6i67f3893464318 AbstractID = AA1dmm6i67f3893464318
 ConcreteID CUSTOM = ConcreteID CUSTOM not available AbstractID CUSTOM = AA1dprklz7f2946075886
 @State ConcreteID = SC1053cn174a985227875 AbstractID = SR17i1h1q7081704243471
 ConcreteID CUSTOM = SC195hg37521300677252 AbstractID CUSTOM = SAki44pa75e1590190600

	ROLE = LeftClickAt
	TARGET =
		WIDGET = WC1nrkroi342773158638, WR1h6ibpb92248851252, WTtisx9w1b1830715340, WPjpp4a8301205688456
		ROLE = UIAButton
		TITLE = Previous Locations
		SHAPE = Rect [x:932.0 y:318.0 w:20.0 h:22.0]
		CHILDREN = 0
		PATH = [0, 0, 7, 2, 0, 1, 0]
	DESCRIPTION = Left Click at 'Previous Locations'
	TEXT = Compound Action =
		Move mouse to (942.0, 329.0).
		Press Mouse Button BUTTON1
		Release Mouse Button BUTTON1

ExecutedAction [79]: 
 @Action ConcreteID = AC1kd9pl080528368389 AbstractID = AA1kd9pl080528368389
 ConcreteID CUSTOM = ConcreteID CUSTOM not available AbstractID CUSTOM = AA1exj4fa80408486472
 @State ConcreteID = SC1q8kqmk6d53630372574 AbstractID = SRx7z03g6962342137774
 ConcreteID CUSTOM = SCa8zeh56da544852590 AbstractID CUSTOM = SA1etjbrl6e74161037856

	ROLE = LeftClickAt
	TARGET =
		WIDGET = WC1tdc12a4f1341141113, WR1h6ibpb92248851252, WT1tztoig394235288023, WPpml3kk4b1124741581
		ROLE = UIAButton
		TITLE = Up to "Search Results in Music" (Alt + Up Arrow)
		SHAPE = Rect [x:456.0 y:317.0 w:24.0 h:24.0]
		CHILDREN = 0
		PATH = [0, 0, 7, 1, 0, 0]
	DESCRIPTION = Left Click at 'Up to "Search Results in Music" (Alt + Up Arrow)'
	TEXT = Compound Action =
		Move mouse to (468.0, 329.0).
		Press Mouse Button BUTTON1
		Release Mouse Button BUTTON1

ExecutedAction [80]: 
 @Action ConcreteID = AC17nqory7f4021861628 AbstractID = AA17nqory7f4021861628
 ConcreteID CUSTOM = ConcreteID CUSTOM not available AbstractID CUSTOM = AA1y1f939804047927565
 @State ConcreteID = SC34art06d22988884890 AbstractID = SRhummet6973096730307
 ConcreteID CUSTOM = SC1vsuvw76d91283368336 AbstractID CUSTOM = SA1kt9r9o6e53642080737

	ROLE = LeftClickAt
	TARGET =
		WIDGET = WCx7jsc748822155604, WR1h6ibpb92248851252, WTsv3vzy2f2676781749, WPrjcw5443846333352
		ROLE = UIAButton
		TITLE = Refresh "Search Results in Music" (F5)
		SHAPE = Rect [x:952.0 y:318.0 w:20.0 h:22.0]
		CHILDREN = 0
		PATH = [0, 0, 7, 2, 0, 1, 1]
	DESCRIPTION = Left Click at 'Refresh "Search Results in Music" (F5)'
	TEXT = Compound Action =
		Move mouse to (962.0, 329.0).
		Press Mouse Button BUTTON1
		Release Mouse Button BUTTON1

ExecutedAction [81]: 
 @Action ConcreteID = AC1ddnpji801581791777 AbstractID = AA1ddnpji801581791777
 ConcreteID CUSTOM = ConcreteID CUSTOM not available AbstractID CUSTOM = AA1xpwt5a804035272718
 @State ConcreteID = SC1mzkj3y6d23615598838 AbstractID = SRx7z03g6962342137774
 ConcreteID CUSTOM = SCs6z08a6d91465022258 AbstractID CUSTOM = SA1etjbrl6e74161037856

	ROLE = LeftClickAt
	TARGET =
		WIDGET = WCetzdrs602596551896, WR1h6ibpb92248851252, WT1ec6q54a2629385927, WPjeynl65c3268583523
		ROLE = UIAButton
		TITLE = Back to 0><script>\xEF\xBB\xBFjavascript:alert (Alt + Left Arrow)
		SHAPE = Rect [x:379.0 y:314.0 w:30.0 h:30.0]
		CHILDREN = 0
		PATH = [0, 0, 7, 0, 0, 0]
	DESCRIPTION = Left Click at 'Back to 0><script>\xEF\xBB\xBFjavascript:alert (Alt + Left Arrow)'
	TEXT = Compound Action =
		Move mouse to (394.0, 329.0).
		Press Mouse Button BUTTON1
		Release Mouse Button BUTTON1

ExecutedAction [82]: 
 @Action ConcreteID = AC1aye8um802332657965 AbstractID = AA1aye8um802332657965
 ConcreteID CUSTOM = ConcreteID CUSTOM not available AbstractID CUSTOM = AA15sf2a67e1923166091
 @State ConcreteID = SCrtojf17421281321680 AbstractID = SR179o5v36f83843014577
 ConcreteID CUSTOM = SC1npznx573d1168845341 AbstractID CUSTOM = SAs6nrwb74365736800

	ROLE = LeftClickAt
	TARGET =
		WIDGET = WCjuoxhg303222383273, WR17v7k2nb1067391859, WTxbj3c01a3687263118, WPukb2462c3834026313
		ROLE = UIAMenuItem
		TITLE =  Date modified:
		SHAPE = Rect [x:986.0 y:361.0 w:92.0 h:22.0]
		CHILDREN = 0
		PATH = [0, 0, 0, 0, 0, 0]
	DESCRIPTION = Left Click at ' Date modified:'
	TEXT = Compound Action =
		Move mouse to (1032.0, 372.0).
		Press Mouse Button BUTTON1
		Release Mouse Button BUTTON1

ExecutedAction [83]: 
 @Action ConcreteID = AC4iv576803866845407 AbstractID = AA4iv576803866845407
 ConcreteID CUSTOM = ConcreteID CUSTOM not available AbstractID CUSTOM = AA1vx5zte7f3626240821
 @State ConcreteID = SCd7e2ircb14025694079 AbstractID = SRypbz9pc262283490275
 ConcreteID CUSTOM = SCypo1uccc9964925045 AbstractID CUSTOM = SA6hmg79cb7248736537

	ROLE = LeftClickAt
	TARGET =
		WIDGET = WC1534sh02f456238478, WRceq816b3820106996, WT1r07atdd2279186148, WP63y6c62b931001922
		ROLE = UIADataItem
		TITLE = ?6
		SHAPE = Rect [x:1155.0 y:417.0 w:24.0 h:15.0]
		CHILDREN = 0
		PATH = [0, 0, 0, 0, 2, 0, 2, 1, 1, 5]
	DESCRIPTION = Left Click at '?6'
	TEXT = Compound Action =
		Move mouse to (1167.0, 424.5).
		Press Mouse Button BUTTON1
		Release Mouse Button BUTTON1

ExecutedAction [84]: 
 @Action ConcreteID = AC1p8ab87813543233796 AbstractID = AA1p8ab87813543233796
 ConcreteID CUSTOM = ConcreteID CUSTOM not available AbstractID CUSTOM = AA1561zpv7f2576223727
 @State ConcreteID = SC1x711qjcb52563976154 AbstractID = SRypbz9pc262283490275
 ConcreteID CUSTOM = SCp8axv8cca2713106816 AbstractID CUSTOM = SA6hmg79cb7248736537

	ROLE = LeftClickAt
	TARGET =
		WIDGET = WCklgvep2a3912795297, WR52qhb2b3065858412, WT1m9vhs014901131615, WPnk6jub26759991871
		ROLE = UIAListItem
		TITLE = Last week
		SHAPE = Rect [x:972.0 y:579.0 w:212.0 h:21.0]
		CHILDREN = 1
		PATH = [0, 0, 0, 0, 0, 3]
	DESCRIPTION = Left Click at 'Last week'
	TEXT = Compound Action =
		Move mouse to (1078.0, 589.5).
		Press Mouse Button BUTTON1
		Release Mouse Button BUTTON1

ExecutedAction [85]: 
 @Action ConcreteID = AC18hniesdf1551344402 AbstractID = AA1rwx04md3135024456
 ConcreteID CUSTOM = ConcreteID CUSTOM not available AbstractID CUSTOM = AA1yu1t07d41141400178
 @State ConcreteID = SCf6yex9730563759206 AbstractID = SR1yscnas6e53649623288
 ConcreteID CUSTOM = SCxk5b2p72c2319853629 AbstractID CUSTOM = SAal26817301995607541

	ROLE = ClickTypeInto
	TARGET =
		WIDGET = WC3z0qv211451553393, WR4n0dlj72701565195, WT17t9cmp142792281692, WP1hyfmqd1d1945323837
		ROLE = UIAEdit
		TITLE = Replace with:
		SHAPE = Rect [x:510.0 y:423.0 w:171.0 h:20.0]
		CHILDREN = 0
		PATH = [0, 1, 3]
	DESCRIPTION = Type '0..0' into 'Replace with:
	TEXT = Compound Action =
		Compound Action =
		Move mouse to (595.5, 433.0).
		Press Mouse Button BUTTON1
		Release Mouse Button BUTTON1
		Press Key 17
		Press Key 65
		Release Key 65
		Release Key 17
		Type text '0..0'

ExecutedAction [86]: 
 @Action ConcreteID = AC1jk3rir7e3744234093 AbstractID = AA1jk3rir7e3744234093
 ConcreteID CUSTOM = ConcreteID CUSTOM not available AbstractID CUSTOM = AA1wqlt3l803345506807
 @State ConcreteID = SChvvgsw6d5505593395 AbstractID = SRhummet6973096730307
 ConcreteID CUSTOM = SC9vyn066d84033786166 AbstractID CUSTOM = SA17mdhcr6e63973991756

	ROLE = LeftClickAt
	TARGET =
		WIDGET = WCgvef863f3913806559, WR1h6ibpb92248851252, WTcjvmp729217435792, WPbjwbuw3b3931359522
		ROLE = UIAButton
		TITLE = Back to Music (Alt + Left Arrow)
		SHAPE = Rect [x:379.0 y:314.0 w:30.0 h:30.0]
		CHILDREN = 0
		PATH = [0, 0, 7, 0, 0, 0]
	DESCRIPTION = Left Click at 'Back to Music (Alt + Left Arrow)'
	TEXT = Compound Action =
		Move mouse to (394.0, 329.0).
		Press Mouse Button BUTTON1
		Release Mouse Button BUTTON1

ExecutedAction [87]: 
 @Action ConcreteID = ACksp9jz7f298277964 AbstractID = AAksp9jz7f298277964
 ConcreteID CUSTOM = ConcreteID CUSTOM not available AbstractID CUSTOM = AA1rdkohc803939497604
 @State ConcreteID = SCvqanad7f81847969629 AbstractID = SR1anpnrn7a12131135870
 ConcreteID CUSTOM = SClcr3827ec706947105 AbstractID CUSTOM = SA1uvmif07fb1016953400

	ROLE = LeftClickAt
	TARGET =
		WIDGET = WC1hv8bh361240464429, WR1h6ibpb92248851252, WThhyjfb1d749248776, WP1c0nygb32471486834
		ROLE = UIAButton
		TITLE = Refresh "Music" (F5)
		SHAPE = Rect [x:952.0 y:318.0 w:20.0 h:22.0]
		CHILDREN = 0
		PATH = [0, 0, 8, 2, 0, 1, 1]
	DESCRIPTION = Left Click at 'Refresh "Music" (F5)'
	TEXT = Compound Action =
		Move mouse to (962.0, 329.0).
		Press Mouse Button BUTTON1
		Release Mouse Button BUTTON1

ExecutedAction [88]: 
 @Action ConcreteID = AC17j7w2g7e3678958997 AbstractID = AA17j7w2g7e3678958997
 ConcreteID CUSTOM = ConcreteID CUSTOM not available AbstractID CUSTOM = AA1m8l2kc802921850217
 @State ConcreteID = SC68u8hg6fa597560040 AbstractID = SR1chcokw6bd1205389655
 ConcreteID CUSTOM = SC1gcee517002481966312 AbstractID CUSTOM = SA1yjp7bm7102640284236

	ROLE = LeftClickAt
	TARGET =
		WIDGET = WC1o3xqvf3f2922232264, WR1h6ibpb92248851252, WT1i422gx29844724642, WPki9xh93b1041278678
		ROLE = UIAButton
		TITLE = Up to "This PC" (Alt + Up Arrow)
		SHAPE = Rect [x:456.0 y:317.0 w:24.0 h:24.0]
		CHILDREN = 0
		PATH = [0, 0, 7, 1, 0, 0]
	DESCRIPTION = Left Click at 'Up to "This PC" (Alt + Up Arrow)'
	TEXT = Compound Action =
		Move mouse to (468.0, 329.0).
		Press Mouse Button BUTTON1
		Release Mouse Button BUTTON1

ExecutedAction [89]: 
 @Action ConcreteID = AC6so1i180595333309 AbstractID = AA6so1i180595333309
 ConcreteID CUSTOM = ConcreteID CUSTOM not available AbstractID CUSTOM = AA1ks96ls7e3074272440
 @State ConcreteID = SCmo36jj7d14284203715 AbstractID = SRo5hwg777a1584840222
 ConcreteID CUSTOM = SC16iemva7c5942578378 AbstractID CUSTOM = SA9l61z57d399045868

	ROLE = LeftClickAt
	TARGET =
		WIDGET = WCcpaqq61a856625234, WR4n4ygb71694219017, WT4n4ygb71694219017, WP1c46xss16267973027
		ROLE = UIAList
		TITLE = 
		SHAPE = Rect [x:986.0 y:342.0 w:200.0 h:63.0]
		CHILDREN = 3
		PATH = [0, 0, 0, 0, 1]
	DESCRIPTION = Left Click at ''
	TEXT = Compound Action =
		Move mouse to (1086.0, 373.5).
		Press Mouse Button BUTTON1
		Release Mouse Button BUTTON1

ExecutedAction [90]: 
 @Action ConcreteID = ACl3vw2i7f1989629824 AbstractID = AAl3vw2i7f1989629824
 ConcreteID CUSTOM = ConcreteID CUSTOM not available AbstractID CUSTOM = AAloaric803034350990
 @State ConcreteID = SC45arqx6d21330825558 AbstractID = SRx7z03g6962342137774
 ConcreteID CUSTOM = SC17sjexs6d5804083744 AbstractID CUSTOM = SA1etjbrl6e74161037856

	ROLE = LeftClickAt
	TARGET =
		WIDGET = WC1h3262z253495376113, WR1h6ibpb92248851252, WT1en5qg615612038324, WPevhdbx214012294799
		ROLE = UIAButton
		TITLE = Hide Folders
		SHAPE = Rect [x:385.0 y:443.0 w:90.0 h:22.0]
		CHILDREN = 0
		PATH = [0, 0, 1, 0]
	DESCRIPTION = Left Click at 'Hide Folders'
	TEXT = Compound Action =
		Move mouse to (430.0, 454.0).
		Press Mouse Button BUTTON1
		Release Mouse Button BUTTON1

ExecutedAction [91]: 
 @Action ConcreteID = AC10uh9uo803651387615 AbstractID = AA10uh9uo803651387615
 ConcreteID CUSTOM = ConcreteID CUSTOM not available AbstractID CUSTOM = AA2v2r4y7f3979702696
 @State ConcreteID = SC1tqywza6e24112743410 AbstractID = SR1libuno6952798549565
 ConcreteID CUSTOM = SC16l00dy6db1560029133 AbstractID CUSTOM = SA14ly11n6d9107069377

	ROLE = LeftClickAt
	TARGET =
		WIDGET = WClyxx2r511111749950, WR1h6ibpb92248851252, WTwnf4ko3b300268360, WPn34ejp4d1447340205
		ROLE = UIAButton
		TITLE = Up to "Search Results in This PC" (Alt + Up Arrow)
		SHAPE = Rect [x:456.0 y:317.0 w:24.0 h:24.0]
		CHILDREN = 0
		PATH = [0, 0, 8, 1, 0, 0]
	DESCRIPTION = Left Click at 'Up to "Search Results in This PC" (Alt + Up Arrow)'
	TEXT = Compound Action =
		Move mouse to (468.0, 329.0).
		Press Mouse Button BUTTON1
		Release Mouse Button BUTTON1

ExecutedAction [92]: 
 @Action ConcreteID = AC1s3arsq801588531962 AbstractID = AA1s3arsq801588531962
 ConcreteID CUSTOM = ConcreteID CUSTOM not available AbstractID CUSTOM = AA10k81j87f1661610705
 @State ConcreteID = SC15zidrm76f2720475976 AbstractID = SRpwsmjm7172657824038
 ConcreteID CUSTOM = SC1a0twqe7651125168155 AbstractID CUSTOM = SAiyqj4s7692316618232

	ROLE = LeftClickAt
	TARGET =
		WIDGET = WC81bb7q4a1727378207, WR1h6ibpb92248851252, WTtgw5xq313191213449, WP18uy15g462340046421
		ROLE = UIAButton
		TITLE = Refresh "Search Results in This PC" (F5)
		SHAPE = Rect [x:952.0 y:318.0 w:20.0 h:22.0]
		CHILDREN = 0
		PATH = [0, 0, 8, 2, 0, 1, 1]
	DESCRIPTION = Left Click at 'Refresh "Search Results in This PC" (F5)'
	TEXT = Compound Action =
		Move mouse to (962.0, 329.0).
		Press Mouse Button BUTTON1
		Release Mouse Button BUTTON1

ExecutedAction [93]: 
 @Action ConcreteID = AC1lm80gz7f3547268282 AbstractID = AA1lm80gz7f3547268282
 ConcreteID CUSTOM = ConcreteID CUSTOM not available AbstractID CUSTOM = AAhva7zv7f373297541
 @State ConcreteID = SC65ytwx6682586015363 AbstractID = SRf42xtr6333194187616
 ConcreteID CUSTOM = SCk78p5b66f2549335401 AbstractID CUSTOM = SA12das2e67e970767783

	ROLE = LeftClickAt
	TARGET =
		WIDGET = WCc037bn273699930989, WR1h6ibpb92248851252, WTr86vn2171065048969, WPxprhhh232652812728
		ROLE = UIAButton
		TITLE = Browse Folders
		SHAPE = Rect [x:385.0 y:422.0 w:103.0 h:22.0]
		CHILDREN = 0
		PATH = [0, 0, 1, 0]
	DESCRIPTION = Left Click at 'Browse Folders'
	TEXT = Compound Action =
		Move mouse to (436.5, 433.0).
		Press Mouse Button BUTTON1
		Release Mouse Button BUTTON1

ExecutedAction [94]: 
 @Action ConcreteID = AC1jxhwpo7f4283001927 AbstractID = AA1jxhwpo7f4283001927
 ConcreteID CUSTOM = ConcreteID CUSTOM not available AbstractID CUSTOM = AA1155n7w803701457169
 @State ConcreteID = SCurevva6d02395924677 AbstractID = SRx7z03g6962342137774
 ConcreteID CUSTOM = SCy1g3c06d63165258219 AbstractID CUSTOM = SA1etjbrl6e74161037856

	ROLE = LeftClickAt
	TARGET =
		WIDGET = WCnimpr9431054678344, WR1e04pz3e358922214, WT1r1bdp27552485645, WP1pj1qs73f2135767701
		ROLE = UIASplitButton
		TITLE = Search Results in This PC
		SHAPE = Rect [x:517.0 y:318.0 w:153.0 h:21.0]
		CHILDREN = 0
		PATH = [0, 0, 7, 2, 0, 0, 0, 1]
	DESCRIPTION = Left Click at 'Search Results in This PC'
	TEXT = Compound Action =
		Move mouse to (593.5, 328.5).
		Press Mouse Button BUTTON1
		Release Mouse Button BUTTON1

ExecutedAction [95]: 
 @Action ConcreteID = AC8x8721802929163377 AbstractID = AA8x8721802929163377
 ConcreteID CUSTOM = ConcreteID CUSTOM not available AbstractID CUSTOM = AA1xpwt5a804035272718
 @State ConcreteID = SC1u7wwye6d14192014665 AbstractID = SRx7z03g6962342137774
 ConcreteID CUSTOM = SC1lj1mqw6d62126670116 AbstractID CUSTOM = SA1etjbrl6e74161037856

	ROLE = LeftClickAt
	TARGET =
		WIDGET = WC1651tof532050515293, WR1h6ibpb92248851252, WTyhk5lg3d2645208267, WP1xt0dip4f3521006271
		ROLE = UIAButton
		TITLE = Back to Search Results in This PC (Alt + Left Arrow)
		SHAPE = Rect [x:379.0 y:314.0 w:30.0 h:30.0]
		CHILDREN = 0
		PATH = [0, 0, 7, 0, 0, 0]
	DESCRIPTION = Left Click at 'Back to Search Results in This PC (Alt + Left Arrow)'
	TEXT = Compound Action =
		Move mouse to (394.0, 329.0).
		Press Mouse Button BUTTON1
		Release Mouse Button BUTTON1

ExecutedAction [96]: 
 @Action ConcreteID = AC8dwlb1813799565062 AbstractID = AA8dwlb1813799565062
 ConcreteID CUSTOM = ConcreteID CUSTOM not available AbstractID CUSTOM = AA1n8ndki801293342532
 @State ConcreteID = SC1a6v0ej6d02003729485 AbstractID = SRx7z03g6962342137774
 ConcreteID CUSTOM = SCrghx8y6d6370777031 AbstractID CUSTOM = SAh80fog6e81578132307

	ROLE = LeftClickAt
	TARGET =
		WIDGET = WCzhdzk22a2989501098, WR1h6ibpb92248851252, WTnbm3rx14926922420, WPgjb3qs263189882311
		ROLE = UIAButton
		TITLE = View Slider
		SHAPE = Rect [x:1126.0 y:349.0 w:18.0 h:26.0]
		CHILDREN = 0
		PATH = [0, 0, 0, 0, 1, 0]
	DESCRIPTION = Left Click at 'View Slider'
	TEXT = Compound Action =
		Move mouse to (1135.0, 362.0).
		Press Mouse Button BUTTON1
		Release Mouse Button BUTTON1

ExecutedAction [97]: 
 @Action ConcreteID = ACmaj80h802993589639 AbstractID = AAmaj80h802993589639
 ConcreteID CUSTOM = ConcreteID CUSTOM not available AbstractID CUSTOM = AA1stti9u803976344756
 @State ConcreteID = SCykaxiv8724265990415 AbstractID = SRnt2v8y8251585843790
 ConcreteID CUSTOM = SC1toygph8683072924497 AbstractID CUSTOM = SA6q8ufh86a2629401484

	ROLE = LeftClickAt
	TARGET =
		WIDGET = WCgymj71f512150420, WR1p34e3y91942684430, WTo9c5wvf1111142815, WP1ph9e9x1b4116014891
		ROLE = UIASlider
		TITLE = Slider
		SHAPE = Rect [x:1125.0 y:122.0 w:27.0 h:255.0]
		CHILDREN = 2
		PATH = [0, 0, 0, 0]
	DESCRIPTION = Left Click at 'Slider'
	TEXT = Compound Action =
		Move mouse to (1138.5, 249.5).
		Press Mouse Button BUTTON1
		Release Mouse Button BUTTON1

ExecutedAction [98]: 
 @Action ConcreteID = AC1bl9ywp803614335058 AbstractID = AA1bl9ywp803614335058
 ConcreteID CUSTOM = ConcreteID CUSTOM not available AbstractID CUSTOM = AA1whpl0d811170399504
 @State ConcreteID = SCky6vcc6d03631732702 AbstractID = SRhummet6973096730307
 ConcreteID CUSTOM = SCp7dze86d6307193384 AbstractID CUSTOM = SA17mdhcr6e63973991756

	ROLE = LeftClickAt
	TARGET =
		WIDGET = WC1gqj4k221922786594, WR1h6ibpb92248851252, WT1tvopige1890384806, WPpao3s01d3195526401
		ROLE = UIAButton
		TITLE = &Help
		SHAPE = Rect [x:1162.0 y:349.0 w:28.0 h:26.0]
		CHILDREN = 0
		PATH = [0, 0, 0, 0, 0]
	DESCRIPTION = Left Click at '&Help'
	TEXT = Compound Action =
		Move mouse to (1176.0, 362.0).
		Press Mouse Button BUTTON1
		Release Mouse Button BUTTON1

Forcing SUT activation (bring to foreground) action
ExecutedAction [99]: 
 @Action ConcreteID = AC1r5yftv381949274372 AbstractID = AA1r5yftv381949274372
 ConcreteID CUSTOM = ConcreteID CUSTOM not available AbstractID CUSTOM = AA1w9dv0n39515608601
 @State ConcreteID = SCky6vcc6d03631732702 AbstractID = SRhummet6973096730307
 ConcreteID CUSTOM = SCp7dze86d6307193384 AbstractID CUSTOM = SA17mdhcr6e63973991756

	DESCRIPTION = Bring the system to the foreground.
	TEXT = Bring the system to the foreground.

Forcing SUT activation (bring to foreground) action
ExecutedAction [100]: 
 @Action ConcreteID = AC1vgh7nn394252672392 AbstractID = AA1vgh7nn394252672392
 ConcreteID CUSTOM = ConcreteID CUSTOM not available AbstractID CUSTOM = AA164xlai371457359202
 @State ConcreteID = SC1a7h5aq6f22879846051 AbstractID = SR1v4i6e66ab2066381957
 ConcreteID CUSTOM = SC6dt0j46ea3234757397 AbstractID CUSTOM = SA1mtnh06f0998756038

	DESCRIPTION = Bring the system to the foreground.
	TEXT = Bring the system to the foreground.

Sequence 1 finished.
Copying generated sequence ("sequence2118") to output directory...
Copying classified sequence ("sequence2118") to sequences_ok folder...
