Starting sequence 1 (output as: sequence2965)

ExecutedAction [1]: 
 @Action ConcreteID = ACf511oj7f133249443 AbstractID = AAf511oj7f133249443
 ConcreteID CUSTOM = ConcreteID CUSTOM not available AbstractID CUSTOM = AAggg1ap7d1707561058
 @State ConcreteID = SC14yrgk44031933115141 AbstractID = SR1jumdpu3ea1420136284
 ConcreteID CUSTOM = SCrceh6d3fe629244999 AbstractID CUSTOM = SAylrvaj3f6384252902

	ROLE = LeftClickAt
	TARGET =
		WIDGET = WCe199v1c3425703687, WR17v7k2nb1067391859, WT1qeha5gf2005531835, WP6s8mbl181609756991
		ROLE = UIAMenuItem
		TITLE = View
		SHAPE = Rect [x:178.0 y:58.0 w:39.0 h:19.0]
		CHILDREN = 0
		PATH = [2, 2, 3]
	DESCRIPTION = Left Click at 'View'
	TEXT = Compound Action =
		Move mouse to (197.5, 67.5).
		Press Mouse Button BUTTON1
		Release Mouse Button BUTTON1

ExecutedAction [2]: 
 @Action ConcreteID = AC1en6dn77e2336268339 AbstractID = AA1en6dn77e2336268339
 ConcreteID CUSTOM = ConcreteID CUSTOM not available AbstractID CUSTOM = AA14w5huq7e2745331915
 @State ConcreteID = SCo80rqu42a2894709537 AbstractID = SRu7fzor41191188062
 ConcreteID CUSTOM = SCiaowlj42e2821223286 AbstractID CUSTOM = SA1apmqet426551091108

	ROLE = LeftClickAt
	TARGET =
		WIDGET = WC3r6fwk1e246553711, WR17v7k2nb1067391859, WTaz2n92112307194186, WPab1ioi1a128190957
		ROLE = UIAMenuItem
		TITLE = Format
		SHAPE = Rect [x:126.0 y:58.0 w:52.0 h:19.0]
		CHILDREN = 0
		PATH = [0, 2, 2]
	DESCRIPTION = Left Click at 'Format'
	TEXT = Compound Action =
		Move mouse to (152.0, 67.5).
		Press Mouse Button BUTTON1
		Release Mouse Button BUTTON1

ExecutedAction [3]: 
 @Action ConcreteID = AChitjuc1031311832218 AbstractID = AAcywehnd5499235388
 ConcreteID CUSTOM = ConcreteID CUSTOM not available AbstractID CUSTOM = AA17ikwixd33509566443
 @State ConcreteID = SC14yrgk44031933115141 AbstractID = SR1jumdpu3ea1420136284
 ConcreteID CUSTOM = SCrceh6d3fe629244999 AbstractID CUSTOM = SAylrvaj3f6384252902

	ROLE = ClickTypeInto
	TARGET =
		WIDGET = WCh9rmb11c1827454063, WR4n0dlj72701565195, WTei4yvd121088706799, WP1p79f6n182825509439
		ROLE = UIAEdit
		TITLE = Text Editor
		SHAPE = Rect [x:60.0 y:78.0 w:1073.0 h:318.0]
		CHILDREN = 1
		PATH = [0, 0]
	DESCRIPTION = Type '</textarea><scri...' into 'Text Editor
	TEXT = Compound Action =
		Compound Action =
		Move mouse to (596.5, 237.0).
		Press Mouse Button BUTTON1
		Release Mouse Button BUTTON1
		Press Key 17
		Press Key 65
		Release Key 65
		Release Key 17
		Type text '</textarea><script>alert(123)</script>'

ExecutedAction [4]: 
 @Action ConcreteID = AC30yvxv1242829235389 AbstractID = AAcywehnd5499235388
 ConcreteID CUSTOM = ConcreteID CUSTOM not available AbstractID CUSTOM = AA17ikwixd33509566443
 @State ConcreteID = SC14yrgk44031933115141 AbstractID = SR1jumdpu3ea1420136284
 ConcreteID CUSTOM = SCrceh6d3fe629244999 AbstractID CUSTOM = SAylrvaj3f6384252902

	ROLE = ClickTypeInto
	TARGET =
		WIDGET = WChav7hr1c372043535, WR4n0dlj72701565195, WTei4yvd121088706799, WP1p8d0dd183534326111
		ROLE = UIAEdit
		TITLE = Text Editor
		SHAPE = Rect [x:60.0 y:78.0 w:1073.0 h:318.0]
		CHILDREN = 1
		PATH = [2, 0]
	DESCRIPTION = Type '<a href="\x07jav...' into 'Text Editor
	TEXT = Compound Action =
		Compound Action =
		Move mouse to (596.5, 237.0).
		Press Mouse Button BUTTON1
		Release Mouse Button BUTTON1
		Press Key 17
		Press Key 65
		Release Key 65
		Release Key 17
		Type text '<a href="\x07javascript:javascript:alert(1)" id="fuzzelement1">test</a>'

ExecutedAction [5]: 
 @Action ConcreteID = ACi2c59f10f1896509207 AbstractID = AAcywehnd5499235388
 ConcreteID CUSTOM = ConcreteID CUSTOM not available AbstractID CUSTOM = AA17ikwixd33509566443
 @State ConcreteID = SC14yrgk44031933115141 AbstractID = SR1jumdpu3ea1420136284
 ConcreteID CUSTOM = SCrceh6d3fe629244999 AbstractID CUSTOM = SAylrvaj3f6384252902

	ROLE = ClickTypeInto
	TARGET =
		WIDGET = WChav7hr1c372043535, WR4n0dlj72701565195, WTei4yvd121088706799, WP1p8d0dd183534326111
		ROLE = UIAEdit
		TITLE = Text Editor
		SHAPE = Rect [x:60.0 y:78.0 w:1073.0 h:318.0]
		CHILDREN = 1
		PATH = [2, 0]
	DESCRIPTION = Type '<SCRIPT/SRC="htt...' into 'Text Editor
	TEXT = Compound Action =
		Compound Action =
		Move mouse to (596.5, 237.0).
		Press Mouse Button BUTTON1
		Release Mouse Button BUTTON1
		Press Key 17
		Press Key 65
		Release Key 65
		Release Key 17
		Type text '<SCRIPT/SRC="http://ha.ckers.org/xss.js"></SCRIPT>'

ExecutedAction [6]: 
 @Action ConcreteID = AC1ml71e17f1939970539 AbstractID = AA1ml71e17f1939970539
 ConcreteID CUSTOM = ConcreteID CUSTOM not available AbstractID CUSTOM = AA1nwm1077d295170090
 @State ConcreteID = SC14yrgk44031933115141 AbstractID = SR1jumdpu3ea1420136284
 ConcreteID CUSTOM = SCrceh6d3fe629244999 AbstractID CUSTOM = SAylrvaj3f6384252902

	ROLE = LeftClickAt
	TARGET =
		WIDGET = WC12akdbs1c599558449, WR17v7k2nb1067391859, WT1qe89j4f2180189081, WP10chjd2182162991762
		ROLE = UIAMenuItem
		TITLE = Help
		SHAPE = Rect [x:217.0 y:58.0 w:39.0 h:19.0]
		CHILDREN = 0
		PATH = [0, 2, 4]
	DESCRIPTION = Left Click at 'Help'
	TEXT = Compound Action =
		Move mouse to (236.5, 67.5).
		Press Mouse Button BUTTON1
		Release Mouse Button BUTTON1

ExecutedAction [7]: 
 @Action ConcreteID = AC1d7seq4801860516453 AbstractID = AA1d7seq4801860516453
 ConcreteID CUSTOM = ConcreteID CUSTOM not available AbstractID CUSTOM = AA126vfyz803193794955
 @State ConcreteID = SC18ipai043c4227096311 AbstractID = SRgj7g0p4251755097958
 ConcreteID CUSTOM = SCnwn1344413046194255 AbstractID CUSTOM = SA1whcouh43a1233960764

	ROLE = LeftClickAt
	TARGET =
		WIDGET = WC1yw976u1e2658541381, WR1h6ibpb92248851252, WT1oq4bf6111982837149, WP1y031bo1a3938310554
		ROLE = UIAButton
		TITLE = Maximise
		SHAPE = Rect [x:1041.0 y:28.0 w:46.0 h:30.0]
		CHILDREN = 0
		PATH = [2, 2, 2]
	DESCRIPTION = Left Click at 'Maximise'
	TEXT = Compound Action =
		Move mouse to (1064.0, 43.0).
		Press Mouse Button BUTTON1
		Release Mouse Button BUTTON1

ExecutedAction [8]: 
 @Action ConcreteID = ACdm4wal7e458605433 AbstractID = AAdm4wal7e458605433
 ConcreteID CUSTOM = ConcreteID CUSTOM not available AbstractID CUSTOM = AA1u5ie4c7c2136373098
 @State ConcreteID = SC11umjgk4032590869821 AbstractID = SR1jumdpu3ea1420136284
 ConcreteID CUSTOM = SC12dt55t3fc3486166086 AbstractID CUSTOM = SAylrvaj3f6384252902

	ROLE = LeftClickAt
	TARGET =
		WIDGET = WC11tbk1c2316531994, WR17v7k2nb1067391859, WT1qe6brdf138512687, WP14iagou18462123395
		ROLE = UIAMenuItem
		TITLE = Edit
		SHAPE = Rect [x:32.0 y:23.0 w:34.0 h:19.0]
		CHILDREN = 0
		PATH = [2, 2, 1]
	DESCRIPTION = Left Click at 'Edit'
	TEXT = Compound Action =
		Move mouse to (49.0, 32.5).
		Press Mouse Button BUTTON1
		Release Mouse Button BUTTON1

ExecutedAction [9]: 
 @Action ConcreteID = AC6qn4kq7f1803208603 AbstractID = AA6qn4kq7f1803208603
 ConcreteID CUSTOM = ConcreteID CUSTOM not available AbstractID CUSTOM = AA1xpydug7f775783666
 @State ConcreteID = SCnd58w04f23949465353 AbstractID = SRhb5rqv4d91581134308
 ConcreteID CUSTOM = SC1ilxg154f41026212420 AbstractID CUSTOM = SAqf4vsm4ed3724528798

	ROLE = LeftClickAt
	TARGET =
		WIDGET = WCjlivef241286856223, WR17v7k2nb1067391859, WT1rua1p7173493758977, WPxpebwl201289671435
		ROLE = UIAMenuItem
		TITLE = Find Next	F3
		SHAPE = Rect [x:35.0 y:191.0 w:176.0 h:22.0]
		CHILDREN = 0
		PATH = [2, 0, 6]
	DESCRIPTION = Left Click at 'Find Next	F3'
	TEXT = Compound Action =
		Move mouse to (123.0, 202.0).
		Press Mouse Button BUTTON1
		Release Mouse Button BUTTON1

ExecutedAction [10]: 
 @Action ConcreteID = AC1ewobfn7e3380818085 AbstractID = AA1ewobfn7e3380818085
 ConcreteID CUSTOM = ConcreteID CUSTOM not available AbstractID CUSTOM = AAyvfad17e1644938749
 @State ConcreteID = SC9nyn3i4e3294142876 AbstractID = SR1cqvf8r4bc4208681416
 ConcreteID CUSTOM = SC1r7a46r4e4464694465 AbstractID CUSTOM = SAvkbrgv4e1831655685

	ROLE = LeftClickAt
	TARGET =
		WIDGET = WC1irjyoo1c3347420606, WR1h6ibpb92248851252, WT1vjbvvdf3603144044, WP1u6m0me18524420082
		ROLE = UIAButton
		TITLE = Cancel
		SHAPE = Rect [x:326.0 y:230.0 w:75.0 h:23.0]
		CHILDREN = 0
		PATH = [2, 0, 7]
	DESCRIPTION = Left Click at 'Cancel'
	TEXT = Compound Action =
		Move mouse to (363.5, 241.5).
		Press Mouse Button BUTTON1
		Release Mouse Button BUTTON1

Sequence 1 finished.
Copying generated sequence ("sequence2965") to output directory...
Copying classified sequence ("sequence2965") to sequences_ok folder...
