Starting sequence 1 (output as: sequence2646)

ExecutedAction [1]: 
 @Action ConcreteID = ACl4b51s7e424600041 AbstractID = AAl4b51s7e424600041
 ConcreteID CUSTOM = ConcreteID CUSTOM not available AbstractID CUSTOM = AAh8ptb7e3984842889
 @State ConcreteID = SCokt4g9404418050760 AbstractID = SR1jumdpu3ea1420136284
 ConcreteID CUSTOM = SC7x3hda3fe4134442500 AbstractID CUSTOM = SAylrvaj3f6384252902

	ROLE = LeftClickAt
	TARGET =
		WIDGET = WCd8ggh31e2616419048, WR1h6ibpb92248851252, WT1oq4bf6111982837149, WPccaalx1a4013466679
		ROLE = UIAButton
		TITLE = Maximise
		SHAPE = Rect [x:1041.0 y:28.0 w:46.0 h:30.0]
		CHILDREN = 0
		PATH = [0, 1, 2]
	DESCRIPTION = Left Click at 'Maximise'
	TEXT = Compound Action =
		Move mouse to (1064.0, 43.0).
		Press Mouse Button BUTTON1
		Release Mouse Button BUTTON1

ExecutedAction [2]: 
 @Action ConcreteID = ACn6fknd7e2429069059 AbstractID = AAn6fknd7e2429069059
 ConcreteID CUSTOM = ConcreteID CUSTOM not available AbstractID CUSTOM = AA1nwm1077d295170090
 @State ConcreteID = SClgo7cp4044055860464 AbstractID = SR1jumdpu3ea1420136284
 ConcreteID CUSTOM = SC15u561m3fc717293989 AbstractID CUSTOM = SAylrvaj3f6384252902

	ROLE = LeftClickAt
	TARGET =
		WIDGET = WC1v46udz1c4011231663, WR17v7k2nb1067391859, WT1qe89j4f2180189081, WP1t640f9181279697420
		ROLE = UIAMenuItem
		TITLE = Help
		SHAPE = Rect [x:217.0 y:58.0 w:39.0 h:19.0]
		CHILDREN = 0
		PATH = [1, 2, 4]
	DESCRIPTION = Left Click at 'Help'
	TEXT = Compound Action =
		Move mouse to (236.5, 67.5).
		Press Mouse Button BUTTON1
		Release Mouse Button BUTTON1

ExecutedAction [3]: 
 @Action ConcreteID = AC1knul3a7d987172606 AbstractID = AA1knul3a7d987172606
 ConcreteID CUSTOM = ConcreteID CUSTOM not available AbstractID CUSTOM = AAkb9ko7c3684100650
 @State ConcreteID = SClgo7cp4044055860464 AbstractID = SR1jumdpu3ea1420136284
 ConcreteID CUSTOM = SC15u561m3fc717293989 AbstractID CUSTOM = SAylrvaj3f6384252902

	ROLE = LeftClickAt
	TARGET =
		WIDGET = WC1fq8of51c1137128810, WR17v7k2nb1067391859, WT1qe72ijf99311909, WPjb55v3183672861707
		ROLE = UIAMenuItem
		TITLE = File
		SHAPE = Rect [x:60.0 y:58.0 w:32.0 h:19.0]
		CHILDREN = 0
		PATH = [0, 2, 0]
	DESCRIPTION = Left Click at 'File'
	TEXT = Compound Action =
		Move mouse to (76.0, 67.5).
		Press Mouse Button BUTTON1
		Release Mouse Button BUTTON1

ExecutedAction [4]: 
 @Action ConcreteID = ACgkv53y7d1708850115 AbstractID = AAgkv53y7d1708850115
 ConcreteID CUSTOM = ConcreteID CUSTOM not available AbstractID CUSTOM = AAvifvkg7c2224758551
 @State ConcreteID = SClgo7cp4044055860464 AbstractID = SR1jumdpu3ea1420136284
 ConcreteID CUSTOM = SC15u561m3fc717293989 AbstractID CUSTOM = SAylrvaj3f6384252902

	ROLE = LeftClickAt
	TARGET =
		WIDGET = WC1pefe0y1e1284971282, WR17v7k2nb1067391859, WTaz2n92112307194186, WP1vyagsw1a1166085776
		ROLE = UIAMenuItem
		TITLE = Format
		SHAPE = Rect [x:66.0 y:23.0 w:52.0 h:19.0]
		CHILDREN = 0
		PATH = [2, 2, 2]
	DESCRIPTION = Left Click at 'Format'
	TEXT = Compound Action =
		Move mouse to (92.0, 32.5).
		Press Mouse Button BUTTON1
		Release Mouse Button BUTTON1

ExecutedAction [5]: 
 @Action ConcreteID = AC12uiv4s7e4285842931 AbstractID = AA12uiv4s7e4285842931
 ConcreteID CUSTOM = ConcreteID CUSTOM not available AbstractID CUSTOM = AA1ljqkej7f2948994037
 @State ConcreteID = SC4lz48e43f3821145326 AbstractID = SRgj7g0p4251755097958
 ConcreteID CUSTOM = SC1s10m6k43f4005784062 AbstractID CUSTOM = SA1whcouh43a1233960764

	ROLE = LeftClickAt
	TARGET =
		WIDGET = WC168je8h1c77364985, WR17v7k2nb1067391859, WT1qe6brdf138512687, WPbonzmn182500097632
		ROLE = UIAMenuItem
		TITLE = Edit
		SHAPE = Rect [x:92.0 y:58.0 w:34.0 h:19.0]
		CHILDREN = 0
		PATH = [1, 2, 1]
	DESCRIPTION = Left Click at 'Edit'
	TEXT = Compound Action =
		Move mouse to (109.0, 67.5).
		Press Mouse Button BUTTON1
		Release Mouse Button BUTTON1

ExecutedAction [6]: 
 @Action ConcreteID = AC1swe2zy7e1591865093 AbstractID = AA1swe2zy7e1591865093
 ConcreteID CUSTOM = ConcreteID CUSTOM not available AbstractID CUSTOM = AA10t8wf47e920939965
 @State ConcreteID = SC3tri1s8703386784315 AbstractID = SR11q40qu81f3400166835
 ConcreteID CUSTOM = SC1e40xqs86b2978799866 AbstractID CUSTOM = SA7bgc9d8741697598047

	ROLE = LeftClickAt
	TARGET =
		WIDGET = WCdrwd4l1c2383745146, WR17v7k2nb1067391859, WT1qeha5gf2005531835, WPk63q6b18500692546
		ROLE = UIAMenuItem
		TITLE = View
		SHAPE = Rect [x:178.0 y:58.0 w:39.0 h:19.0]
		CHILDREN = 0
		PATH = [0, 2, 3]
	DESCRIPTION = Left Click at 'View'
	TEXT = Compound Action =
		Move mouse to (197.5, 67.5).
		Press Mouse Button BUTTON1
		Release Mouse Button BUTTON1

ExecutedAction [7]: 
 @Action ConcreteID = ACh8ygsx7f3791943662 AbstractID = AAh8ygsx7f3791943662
 ConcreteID CUSTOM = ConcreteID CUSTOM not available AbstractID CUSTOM = AA1xxyijj7f668355026
 @State ConcreteID = SC3tri1s8703386784315 AbstractID = SR11q40qu81f3400166835
 ConcreteID CUSTOM = SC1e40xqs86b2978799866 AbstractID CUSTOM = SA7bgc9d8741697598047

	ROLE = LeftClickAt
	TARGET =
		WIDGET = WCw9darp231055661909, WR17qbaneb3904637586, WT1p15swg161714730526, WPntp85v1f3128181895
		ROLE = UIAComboBox
		TITLE = Font style:
		SHAPE = Rect [x:231.0 y:205.0 w:130.0 h:143.0]
		CHILDREN = 2
		PATH = [2, 0, 3]
	DESCRIPTION = Left Click at 'Font style:'
	TEXT = Compound Action =
		Move mouse to (296.0, 276.5).
		Press Mouse Button BUTTON1
		Release Mouse Button BUTTON1

ExecutedAction [8]: 
 @Action ConcreteID = AC1476a8kb71427570246 AbstractID = AA1476a8kb71427570246
 ConcreteID CUSTOM = ConcreteID CUSTOM not available AbstractID CUSTOM = AA16vemg2b71367511080
 @State ConcreteID = SC3tri1s8703386784315 AbstractID = SR11q40qu81f3400166835
 ConcreteID CUSTOM = SC1e40xqs86b2978799866 AbstractID CUSTOM = SA7bgc9d8741697598047

	ROLE = LeftDrag
	DESCRIPTION = Drag (207.0, 278.6666666666667) To (207.0, 295.85714285714283)
	TEXT = Compound Action =
		Move mouse to (207.0, 278.6666666666667).
		Press Mouse Button BUTTON1
		Move mouse to (207.0, 295.85714285714283).
		Release Mouse Button BUTTON1

ExecutedAction [9]: 
 @Action ConcreteID = AC15q1vao7e329337837 AbstractID = AA15q1vao7e329337837
 ConcreteID CUSTOM = ConcreteID CUSTOM not available AbstractID CUSTOM = AA98au5i7e1119145461
 @State ConcreteID = SC52y9xw8731244075255 AbstractID = SR11q40qu81f3400166835
 ConcreteID CUSTOM = SC1mr5kbr867381247016 AbstractID CUSTOM = SA7bgc9d8741697598047

	ROLE = LeftClickAt
	TARGET =
		WIDGET = WC12akdbs1c599558449, WR17v7k2nb1067391859, WT1qe89j4f2180189081, WP10chjd2182162991762
		ROLE = UIAMenuItem
		TITLE = Help
		SHAPE = Rect [x:217.0 y:58.0 w:39.0 h:19.0]
		CHILDREN = 0
		PATH = [0, 2, 4]
	DESCRIPTION = Left Click at 'Help'
	TEXT = Compound Action =
		Move mouse to (236.5, 67.5).
		Press Mouse Button BUTTON1
		Release Mouse Button BUTTON1

ExecutedAction [10]: 
 @Action ConcreteID = ACp1izq57f3036806182 AbstractID = AAp1izq57f3036806182
 ConcreteID CUSTOM = ConcreteID CUSTOM not available AbstractID CUSTOM = AAc6trxj7f2788979190
 @State ConcreteID = SC52y9xw8731244075255 AbstractID = SR11q40qu81f3400166835
 ConcreteID CUSTOM = SC1mr5kbr867381247016 AbstractID CUSTOM = SA7bgc9d8741697598047

	ROLE = LeftClickAt
	TARGET =
		WIDGET = WCtg7z3h193138949503, WR1h6ibpb92248851252, WTzj707vb935461581, WP1u7853z151668942547
		ROLE = UIAButton
		TITLE = OK
		SHAPE = Rect [x:278.0 y:578.0 w:79.0 h:26.0]
		CHILDREN = 0
		PATH = [2, 0, 11]
	DESCRIPTION = Left Click at 'OK'
	TEXT = Compound Action =
		Move mouse to (317.5, 591.0).
		Press Mouse Button BUTTON1
		Release Mouse Button BUTTON1

Sequence 1 finished.
Copying generated sequence ("sequence2646") to output directory...
Copying classified sequence ("sequence2646") to sequences_ok folder...
