Starting sequence 1 (output as: sequence739)

ExecutedAction [1]: 
 @Action ConcreteID = AC13j1yd47f1560259253 AbstractID = AA13j1yd47f1560259253
 ConcreteID CUSTOM = ConcreteID CUSTOM not available AbstractID CUSTOM = AA1ja48ti803330214107
 @State ConcreteID = SC4cgnyq3b7484622800 AbstractID = SReblvoj39a4110896717
 ConcreteID CUSTOM = SC1j67h203b81652811606 AbstractID CUSTOM = SA6raqf93b64265445569

	ROLE = LeftClickAt
	TARGET =
		WIDGET = WCb8oon6272485037651, WR5quxi6b4097176690, WT5quxi6b4097176690, WP1sol99w23364482301
		ROLE = UIATreeItem
		TITLE = 
		SHAPE = Rect [x:548.0 y:1044.0 w:163.0 h:26.0]
		CHILDREN = 0
		PATH = [0, 2, 0, 0, 3, 1, 1, 1]
	DESCRIPTION = Left Click at ''
	TEXT = Compound Action =
		Move mouse to (629.5, 1057.0).
		Press Mouse Button BUTTON1
		Release Mouse Button BUTTON1

ExecutedAction [2]: 
 @Action ConcreteID = ACtdjvm17f788030784 AbstractID = AAtdjvm17f788030784
 ConcreteID CUSTOM = ConcreteID CUSTOM not available AbstractID CUSTOM = AA134i8xp802186844286
 @State ConcreteID = SCkm09tx3b6933814668 AbstractID = SReblvoj39a4110896717
 ConcreteID CUSTOM = SC1qx5xqu3b73913635703 AbstractID CUSTOM = SA6raqf93b64265445569

	ROLE = LeftClickAt
	TARGET =
		WIDGET = WCb8ooo1273207854480, WR5quxi6b4097176690, WT5quxi6b4097176690, WP1sol9ar231049943358
		ROLE = UIATreeItem
		TITLE = 
		SHAPE = Rect [x:548.0 y:1070.0 w:163.0 h:22.0]
		CHILDREN = 0
		PATH = [0, 2, 0, 0, 3, 1, 1, 2]
	DESCRIPTION = Left Click at ''
	TEXT = Compound Action =
		Move mouse to (629.5, 1081.0).
		Press Mouse Button BUTTON1
		Release Mouse Button BUTTON1

ExecutedAction [3]: 
 @Action ConcreteID = AC1f5f9yr7e1204428930 AbstractID = AA1f5f9yr7e1204428930
 ConcreteID CUSTOM = ConcreteID CUSTOM not available AbstractID CUSTOM = AA5mzu0v7f1540251305
 @State ConcreteID = SCkm09tx3b6933814668 AbstractID = SReblvoj39a4110896717
 ConcreteID CUSTOM = SC1qx5xqu3b73913635703 AbstractID CUSTOM = SA6raqf93b64265445569

	ROLE = LeftClickAt
	TARGET =
		WIDGET = WC117me3u22367970642, WR17v7k2nb1067391859, WT1y895rf152412617792, WP15oh92w1e2024737031
		ROLE = UIAMenuItem
		TITLE = View Alt+i
		SHAPE = Rect [x:853.0 y:938.0 w:41.0 h:20.0]
		CHILDREN = 0
		PATH = [0, 1, 6]
	DESCRIPTION = Left Click at 'View Alt+i'
	TEXT = Compound Action =
		Move mouse to (873.5, 948.0).
		Press Mouse Button BUTTON1
		Release Mouse Button BUTTON1

ExecutedAction [4]: 
 @Action ConcreteID = AC8x3keu801714326650 AbstractID = AA8x3keu801714326650
 ConcreteID CUSTOM = ConcreteID CUSTOM not available AbstractID CUSTOM = AA10zqz6v813005789386
 @State ConcreteID = SCtuf3wp4e21866809798 AbstractID = SR1upmkvu4c5212314369
 ConcreteID CUSTOM = SC7hfecw4e81115147927 AbstractID CUSTOM = SA1ho0oa84df4097045776

	ROLE = LeftClickAt
	TARGET =
		WIDGET = WC16ouel5281829205270, WR17v7k2nb1067391859, WT7p80e01e523954293, WP1lb5ft7244231310493
		ROLE = UIAMenuItem
		TITLE = Always on top Alt+t
		SHAPE = Rect [x:856.0 y:1036.0 w:219.0 h:22.0]
		CHILDREN = 0
		PATH = [1, 4]
	DESCRIPTION = Left Click at 'Always on top Alt+t'
	TEXT = Compound Action =
		Move mouse to (965.5, 1047.0).
		Press Mouse Button BUTTON1
		Release Mouse Button BUTTON1

ExecutedAction [5]: 
 @Action ConcreteID = AC12fkskn7f2053600958 AbstractID = AA12fkskn7f2053600958
 ConcreteID CUSTOM = ConcreteID CUSTOM not available AbstractID CUSTOM = AA1c6j5wb803603401600
 @State ConcreteID = SCkm09tx3b6933814668 AbstractID = SReblvoj39a4110896717
 ConcreteID CUSTOM = SC1qx5xqu3b73913635703 AbstractID CUSTOM = SA6raqf93b64265445569

	ROLE = LeftClickAt
	TARGET =
		WIDGET = WC1cj90xv241472876304, WR1e04pz3e358922214, WT1e04pz3e358922214, WP163y8ad202550790949
		ROLE = UIASplitButton
		TITLE = 
		SHAPE = Rect [x:548.0 y:1018.0 w:180.0 h:290.0]
		CHILDREN = 3
		PATH = [0, 2, 0, 0, 3, 1]
	DESCRIPTION = Left Click at ''
	TEXT = Compound Action =
		Move mouse to (638.0, 1163.0).
		Press Mouse Button BUTTON1
		Release Mouse Button BUTTON1

ExecutedAction [6]: 
 @Action ConcreteID = AC1g0xi50803546869361 AbstractID = AA1g0xi50803546869361
 ConcreteID CUSTOM = ConcreteID CUSTOM not available AbstractID CUSTOM = AA1vgd6wr7f3343557407
 @State ConcreteID = SC19esp6z46f1941365906 AbstractID = SR17vrhx0445156885217
 ConcreteID CUSTOM = SCulvgym46d3934167 AbstractID CUSTOM = SA14me76w467732056352

	ROLE = LeftClickAt
	TARGET =
		WIDGET = WCo9m3kz234253084318, WR17v7k2nb1067391859, WT1faw5jq16422026351, WPzr9m5t1f4278635332
		ROLE = UIAMenuItem
		TITLE = Audio Alt+A
		SHAPE = Rect [x:660.0 y:938.0 w:48.0 h:20.0]
		CHILDREN = 0
		PATH = [0, 1, 2]
	DESCRIPTION = Left Click at 'Audio Alt+A'
	TEXT = Compound Action =
		Move mouse to (684.0, 948.0).
		Press Mouse Button BUTTON1
		Release Mouse Button BUTTON1

ExecutedAction [7]: 
 @Action ConcreteID = AC1afcgxe812850326644 AbstractID = AA1afcgxe812850326644
 ConcreteID CUSTOM = ConcreteID CUSTOM not available AbstractID CUSTOM = AA1n7w0nd812708815573
 @State ConcreteID = SC1asyfry5353354203004 AbstractID = SRvlodaf50c1424485733
 ConcreteID CUSTOM = SC1ao02zo5311174583709 AbstractID CUSTOM = SA1ykjj6w52e2309859337

	ROLE = LeftClickAt
	TARGET =
		WIDGET = WCb8oon6272485037651, WR5quxi6b4097176690, WT5quxi6b4097176690, WP1sol99w23364482301
		ROLE = UIATreeItem
		TITLE = 
		SHAPE = Rect [x:548.0 y:1044.0 w:163.0 h:26.0]
		CHILDREN = 0
		PATH = [0, 2, 0, 0, 3, 1, 1, 1]
	DESCRIPTION = Left Click at ''
	TEXT = Compound Action =
		Move mouse to (629.5, 1057.0).
		Press Mouse Button BUTTON1
		Release Mouse Button BUTTON1

ExecutedAction [8]: 
 @Action ConcreteID = AC1f5f9yr7e1204428930 AbstractID = AA1f5f9yr7e1204428930
 ConcreteID CUSTOM = ConcreteID CUSTOM not available AbstractID CUSTOM = AA5mzu0v7f1540251305
 @State ConcreteID = SCkm09tx3b6933814668 AbstractID = SReblvoj39a4110896717
 ConcreteID CUSTOM = SC1qx5xqu3b73913635703 AbstractID CUSTOM = SA6raqf93b64265445569

	ROLE = LeftClickAt
	TARGET =
		WIDGET = WC117me3u22367970642, WR17v7k2nb1067391859, WT1y895rf152412617792, WP15oh92w1e2024737031
		ROLE = UIAMenuItem
		TITLE = View Alt+i
		SHAPE = Rect [x:853.0 y:938.0 w:41.0 h:20.0]
		CHILDREN = 0
		PATH = [0, 1, 6]
	DESCRIPTION = Left Click at 'View Alt+i'
	TEXT = Compound Action =
		Move mouse to (873.5, 948.0).
		Press Mouse Button BUTTON1
		Release Mouse Button BUTTON1

ExecutedAction [9]: 
 @Action ConcreteID = AC13mtq0k802892083954 AbstractID = AA13mtq0k802892083954
 ConcreteID CUSTOM = ConcreteID CUSTOM not available AbstractID CUSTOM = AA1vph4sl812036828738
 @State ConcreteID = SCtuf3wp4e21866809798 AbstractID = SR1upmkvu4c5212314369
 ConcreteID CUSTOM = SC7hfecw4e81115147927 AbstractID CUSTOM = SA1ho0oa84df4097045776

	ROLE = LeftClickAt
	TARGET =
		WIDGET = WC1drwc6k2d2242619564, WR17v7k2nb1067391859, WTuhosb1231792944361, WP1ckq1we291184140328
		ROLE = UIAMenuItem
		TITLE = Minimal Interface Ctrl+H
		SHAPE = Rect [x:856.0 y:1067.0 w:219.0 h:22.0]
		CHILDREN = 0
		PATH = [1, 6]
	DESCRIPTION = Left Click at 'Minimal Interface Ctrl+H'
	TEXT = Compound Action =
		Move mouse to (965.5, 1078.0).
		Press Mouse Button BUTTON1
		Release Mouse Button BUTTON1

ExecutedAction [10]: 
 @Action ConcreteID = ACvqu29x81573195009 AbstractID = AAvqu29x81573195009
 ConcreteID CUSTOM = ConcreteID CUSTOM not available AbstractID CUSTOM = AA1yg6pa4803200882621
 @State ConcreteID = SC1b6ypu42703175259370 AbstractID = SR1940u4525a3307022151
 ConcreteID CUSTOM = SC1nmr22426c1872979456 AbstractID CUSTOM = SA138z5g26c4126350052

	ROLE = LeftClickAt
	TARGET =
		WIDGET = WC17r8t0t201747801787, WR4na8ob72534219213, WT4na8ob72534219213, WP1gfvs571c3586963842
		ROLE = UIATree
		TITLE = 
		SHAPE = Rect [x:548.0 y:963.0 w:180.0 h:175.0]
		CHILDREN = 8
		PATH = [0, 1, 0, 0, 3, 1, 1]
	DESCRIPTION = Left Click at ''
	TEXT = Compound Action =
		Move mouse to (638.0, 1050.5).
		Press Mouse Button BUTTON1
		Release Mouse Button BUTTON1

ExecutedAction [11]: 
 @Action ConcreteID = AC1r0zdow803263442966 AbstractID = AA1r0zdow803263442966
 ConcreteID CUSTOM = ConcreteID CUSTOM not available AbstractID CUSTOM = AAo2nscj801451496475
 @State ConcreteID = SC1fi42dn26f491917678 AbstractID = SR1940u4525a3307022151
 ConcreteID CUSTOM = SC16hf2kn26b94964217 AbstractID CUSTOM = SA138z5g26c4126350052

	ROLE = LeftClickAt
	TARGET =
		WIDGET = WC1kw8wh024732654283, WR1e04pz3e358922214, WT1e04pz3e358922214, WP1egy3ti203832078078
		ROLE = UIASplitButton
		TITLE = 
		SHAPE = Rect [x:548.0 y:963.0 w:180.0 h:308.0]
		CHILDREN = 3
		PATH = [0, 1, 0, 0, 3, 1]
	DESCRIPTION = Left Click at ''
	TEXT = Compound Action =
		Move mouse to (638.0, 1117.0).
		Press Mouse Button BUTTON1
		Release Mouse Button BUTTON1

ExecutedAction [12]: 
 @Action ConcreteID = AC12de8nd80717861808 AbstractID = AA12de8nd80717861808
 ConcreteID CUSTOM = ConcreteID CUSTOM not available AbstractID CUSTOM = AA1yg6pa4803200882621
 @State ConcreteID = SC1fi42dn26f491917678 AbstractID = SR1940u4525a3307022151
 ConcreteID CUSTOM = SC16hf2kn26b94964217 AbstractID CUSTOM = SA138z5g26c4126350052

	ROLE = LeftClickAt
	TARGET =
		WIDGET = WC17r8t0t201747801787, WR4na8ob72534219213, WT4na8ob72534219213, WP1gfvs571c3586963842
		ROLE = UIATree
		TITLE = 
		SHAPE = Rect [x:548.0 y:963.0 w:180.0 h:175.0]
		CHILDREN = 8
		PATH = [0, 1, 0, 0, 3, 1, 1]
	DESCRIPTION = Left Click at ''
	TEXT = Compound Action =
		Move mouse to (638.0, 1050.5).
		Press Mouse Button BUTTON1
		Release Mouse Button BUTTON1

ExecutedAction [13]: 
 @Action ConcreteID = AC1qcom67804090744128 AbstractID = AA1qcom67804090744128
 ConcreteID CUSTOM = ConcreteID CUSTOM not available AbstractID CUSTOM = AAned0tu801741941069
 @State ConcreteID = SC1fi42dn26f491917678 AbstractID = SR1940u4525a3307022151
 ConcreteID CUSTOM = SC16hf2kn26b94964217 AbstractID CUSTOM = SA138z5g26c4126350052

	ROLE = LeftClickAt
	TARGET =
		WIDGET = WCi037kt271844264991, WR5quxi6b4097176690, WT5quxi6b4097176690, WPevq8f233964298417
		ROLE = UIATreeItem
		TITLE = 
		SHAPE = Rect [x:553.0 y:1137.0 w:158.0 h:26.0]
		CHILDREN = 0
		PATH = [0, 1, 0, 0, 3, 1, 1, 7]
	DESCRIPTION = Left Click at ''
	TEXT = Compound Action =
		Move mouse to (632.0, 1150.0).
		Press Mouse Button BUTTON1
		Release Mouse Button BUTTON1

ExecutedAction [14]: 
 @Action ConcreteID = AC7z4q4l7f1824927917 AbstractID = AA7z4q4l7f1824927917
 ConcreteID CUSTOM = ConcreteID CUSTOM not available AbstractID CUSTOM = AAkgtiuq7f148486436
 @State ConcreteID = SC1fi42dn26f491917678 AbstractID = SR1940u4525a3307022151
 ConcreteID CUSTOM = SC16hf2kn26b94964217 AbstractID CUSTOM = SA138z5g26c4126350052

	ROLE = LeftClickAt
	TARGET =
		WIDGET = WCi037es27581752536, WR5quxi6b4097176690, WT5quxi6b4097176690, WPevq2e232735469174
		ROLE = UIATreeItem
		TITLE = 
		SHAPE = Rect [x:548.0 y:963.0 w:163.0 h:26.0]
		CHILDREN = 0
		PATH = [0, 1, 0, 0, 3, 1, 1, 0]
	DESCRIPTION = Left Click at ''
	TEXT = Compound Action =
		Move mouse to (629.5, 976.0).
		Press Mouse Button BUTTON1
		Release Mouse Button BUTTON1

ExecutedAction [15]: 
 @Action ConcreteID = ACbghovu81668527227 AbstractID = AAbghovu81668527227
 ConcreteID CUSTOM = ConcreteID CUSTOM not available AbstractID CUSTOM = AA1kfxj8i802207231203
 @State ConcreteID = SC1vx4x5q26d1604955754 AbstractID = SR1940u4525a3307022151
 ConcreteID CUSTOM = SC1gzo8zo26c2848545831 AbstractID CUSTOM = SA138z5g26c4126350052

	ROLE = LeftClickAt
	TARGET =
		WIDGET = WC77ec0d203742249871, WR4n4ygb71694219017, WT4n4ygb71694219017, WP1ctbhjv1c582231478
		ROLE = UIAList
		TITLE = 
		SHAPE = Rect [x:733.0 y:963.0 w:415.0 h:308.0]
		CHILDREN = 0
		PATH = [0, 1, 0, 0, 3, 0, 0]
	DESCRIPTION = Left Click at ''
	TEXT = Compound Action =
		Move mouse to (940.5, 1117.0).
		Press Mouse Button BUTTON1
		Release Mouse Button BUTTON1

ExecutedAction [16]: 
 @Action ConcreteID = ACrvfjt5811131347251 AbstractID = AArvfjt5811131347251
 ConcreteID CUSTOM = ConcreteID CUSTOM not available AbstractID CUSTOM = AA1trc6p803879320491
 @State ConcreteID = SC1vx4x5q26d1604955754 AbstractID = SR1940u4525a3307022151
 ConcreteID CUSTOM = SC1gzo8zo26c2848545831 AbstractID CUSTOM = SA138z5g26c4126350052

	ROLE = LeftClickAt
	TARGET =
		WIDGET = WCi037hd27159483163, WR5quxi6b4097176690, WT5quxi6b4097176690, WPevq4z232284233141
		ROLE = UIATreeItem
		TITLE = 
		SHAPE = Rect [x:553.0 y:1037.0 w:158.0 h:26.0]
		CHILDREN = 0
		PATH = [0, 1, 0, 0, 3, 1, 1, 3]
	DESCRIPTION = Left Click at ''
	TEXT = Compound Action =
		Move mouse to (632.0, 1050.0).
		Press Mouse Button BUTTON1
		Release Mouse Button BUTTON1

ExecutedAction [17]: 
 @Action ConcreteID = AC1qcom67804090744128 AbstractID = AA1qcom67804090744128
 ConcreteID CUSTOM = ConcreteID CUSTOM not available AbstractID CUSTOM = AAned0tu801741941069
 @State ConcreteID = SC1fi42dn26f491917678 AbstractID = SR1940u4525a3307022151
 ConcreteID CUSTOM = SC16hf2kn26b94964217 AbstractID CUSTOM = SA138z5g26c4126350052

	ROLE = LeftClickAt
	TARGET =
		WIDGET = WCi037kt271844264991, WR5quxi6b4097176690, WT5quxi6b4097176690, WPevq8f233964298417
		ROLE = UIATreeItem
		TITLE = 
		SHAPE = Rect [x:553.0 y:1137.0 w:158.0 h:26.0]
		CHILDREN = 0
		PATH = [0, 1, 0, 0, 3, 1, 1, 7]
	DESCRIPTION = Left Click at ''
	TEXT = Compound Action =
		Move mouse to (632.0, 1150.0).
		Press Mouse Button BUTTON1
		Release Mouse Button BUTTON1

ExecutedAction [18]: 
 @Action ConcreteID = ACod52lr80395282670 AbstractID = AAod52lr80395282670
 ConcreteID CUSTOM = ConcreteID CUSTOM not available AbstractID CUSTOM = AA1kfxj8i802207231203
 @State ConcreteID = SC1fi42dn26f491917678 AbstractID = SR1940u4525a3307022151
 ConcreteID CUSTOM = SC16hf2kn26b94964217 AbstractID CUSTOM = SA138z5g26c4126350052

	ROLE = LeftClickAt
	TARGET =
		WIDGET = WC77ec0d203742249871, WR4n4ygb71694219017, WT4n4ygb71694219017, WP1ctbhjv1c582231478
		ROLE = UIAList
		TITLE = 
		SHAPE = Rect [x:733.0 y:963.0 w:415.0 h:308.0]
		CHILDREN = 0
		PATH = [0, 1, 0, 0, 3, 0, 0]
	DESCRIPTION = Left Click at ''
	TEXT = Compound Action =
		Move mouse to (940.5, 1117.0).
		Press Mouse Button BUTTON1
		Release Mouse Button BUTTON1

ExecutedAction [19]: 
 @Action ConcreteID = ACjm1gq07f1472913769 AbstractID = AAjm1gq07f1472913769
 ConcreteID CUSTOM = ConcreteID CUSTOM not available AbstractID CUSTOM = AAw3q9g57f869624032
 @State ConcreteID = SC1fi42dn26f491917678 AbstractID = SR1940u4525a3307022151
 ConcreteID CUSTOM = SC16hf2kn26b94964217 AbstractID CUSTOM = SA138z5g26c4126350052

	ROLE = LeftClickAt
	TARGET =
		WIDGET = WCpr0t823560971365, WR10fgh33101836453781, WT10fgh33101836453781, WP13j4kve1f3550184071
		ROLE = UIACustomControl
		TITLE = 
		SHAPE = Rect [x:548.0 y:941.0 w:307.0 h:22.0]
		CHILDREN = 1
		PATH = [0, 1, 0, 0, 0]
	DESCRIPTION = Left Click at ''
	TEXT = Compound Action =
		Move mouse to (701.5, 952.0).
		Press Mouse Button BUTTON1
		Release Mouse Button BUTTON1

ExecutedAction [20]: 
 @Action ConcreteID = ACjm1gq07f1472913769 AbstractID = AAjm1gq07f1472913769
 ConcreteID CUSTOM = ConcreteID CUSTOM not available AbstractID CUSTOM = AAw3q9g57f869624032
 @State ConcreteID = SC1fi42dn26f491917678 AbstractID = SR1940u4525a3307022151
 ConcreteID CUSTOM = SC16hf2kn26b94964217 AbstractID CUSTOM = SA138z5g26c4126350052

	ROLE = LeftClickAt
	TARGET =
		WIDGET = WCpr0t823560971365, WR10fgh33101836453781, WT10fgh33101836453781, WP13j4kve1f3550184071
		ROLE = UIACustomControl
		TITLE = 
		SHAPE = Rect [x:548.0 y:941.0 w:307.0 h:22.0]
		CHILDREN = 1
		PATH = [0, 1, 0, 0, 0]
	DESCRIPTION = Left Click at ''
	TEXT = Compound Action =
		Move mouse to (701.5, 952.0).
		Press Mouse Button BUTTON1
		Release Mouse Button BUTTON1

ExecutedAction [21]: 
 @Action ConcreteID = ACzyj9w1801867315874 AbstractID = AAzyj9w1801867315874
 ConcreteID CUSTOM = ConcreteID CUSTOM not available AbstractID CUSTOM = AA1w1bqis804216118959
 @State ConcreteID = SC1fi42dn26f491917678 AbstractID = SR1940u4525a3307022151
 ConcreteID CUSTOM = SC16hf2kn26b94964217 AbstractID CUSTOM = SA138z5g26c4126350052

	ROLE = LeftClickAt
	TARGET =
		WIDGET = WC16jbmf61a1096834832, WR10fgh33101836453781, WT10fgh33101836453781, WP1guga7o163055823518
		ROLE = UIACustomControl
		TITLE = 
		SHAPE = Rect [x:548.0 y:938.0 w:600.0 h:336.0]
		CHILDREN = 1
		PATH = [0, 1]
	DESCRIPTION = Left Click at ''
	TEXT = Compound Action =
		Move mouse to (848.0, 1106.0).
		Press Mouse Button BUTTON1
		Release Mouse Button BUTTON1

ExecutedAction [22]: 
 @Action ConcreteID = AC7z4q4l7f1824927917 AbstractID = AA7z4q4l7f1824927917
 ConcreteID CUSTOM = ConcreteID CUSTOM not available AbstractID CUSTOM = AAkgtiuq7f148486436
 @State ConcreteID = SC1fi42dn26f491917678 AbstractID = SR1940u4525a3307022151
 ConcreteID CUSTOM = SC16hf2kn26b94964217 AbstractID CUSTOM = SA138z5g26c4126350052

	ROLE = LeftClickAt
	TARGET =
		WIDGET = WCi037es27581752536, WR5quxi6b4097176690, WT5quxi6b4097176690, WPevq2e232735469174
		ROLE = UIATreeItem
		TITLE = 
		SHAPE = Rect [x:548.0 y:963.0 w:163.0 h:26.0]
		CHILDREN = 0
		PATH = [0, 1, 0, 0, 3, 1, 1, 0]
	DESCRIPTION = Left Click at ''
	TEXT = Compound Action =
		Move mouse to (629.5, 976.0).
		Press Mouse Button BUTTON1
		Release Mouse Button BUTTON1

ExecutedAction [23]: 
 @Action ConcreteID = ACpgquxg81446615845 AbstractID = AApgquxg81446615845
 ConcreteID CUSTOM = ConcreteID CUSTOM not available AbstractID CUSTOM = AA1yg6pa4803200882621
 @State ConcreteID = SC1vx4x5q26d1604955754 AbstractID = SR1940u4525a3307022151
 ConcreteID CUSTOM = SC1gzo8zo26c2848545831 AbstractID CUSTOM = SA138z5g26c4126350052

	ROLE = LeftClickAt
	TARGET =
		WIDGET = WC17r8t0t201747801787, WR4na8ob72534219213, WT4na8ob72534219213, WP1gfvs571c3586963842
		ROLE = UIATree
		TITLE = 
		SHAPE = Rect [x:548.0 y:963.0 w:180.0 h:175.0]
		CHILDREN = 8
		PATH = [0, 1, 0, 0, 3, 1, 1]
	DESCRIPTION = Left Click at ''
	TEXT = Compound Action =
		Move mouse to (638.0, 1050.5).
		Press Mouse Button BUTTON1
		Release Mouse Button BUTTON1

ExecutedAction [24]: 
 @Action ConcreteID = ACzyj9w1801867315874 AbstractID = AAzyj9w1801867315874
 ConcreteID CUSTOM = ConcreteID CUSTOM not available AbstractID CUSTOM = AA1w1bqis804216118959
 @State ConcreteID = SC1fi42dn26f491917678 AbstractID = SR1940u4525a3307022151
 ConcreteID CUSTOM = SC16hf2kn26b94964217 AbstractID CUSTOM = SA138z5g26c4126350052

	ROLE = LeftClickAt
	TARGET =
		WIDGET = WCmholc2203062808613, WR10fgh33101836453781, WT10fgh33101836453781, WP1jw6yus1c133918733
		ROLE = UIACustomControl
		TITLE = 
		SHAPE = Rect [x:548.0 y:938.0 w:600.0 h:336.0]
		CHILDREN = 4
		PATH = [0, 1, 0, 0]
	DESCRIPTION = Left Click at ''
	TEXT = Compound Action =
		Move mouse to (848.0, 1106.0).
		Press Mouse Button BUTTON1
		Release Mouse Button BUTTON1

ExecutedAction [25]: 
 @Action ConcreteID = AC12de8nd80717861808 AbstractID = AA12de8nd80717861808
 ConcreteID CUSTOM = ConcreteID CUSTOM not available AbstractID CUSTOM = AA1yg6pa4803200882621
 @State ConcreteID = SC1fi42dn26f491917678 AbstractID = SR1940u4525a3307022151
 ConcreteID CUSTOM = SC16hf2kn26b94964217 AbstractID CUSTOM = SA138z5g26c4126350052

	ROLE = LeftClickAt
	TARGET =
		WIDGET = WC17r8t0t201747801787, WR4na8ob72534219213, WT4na8ob72534219213, WP1gfvs571c3586963842
		ROLE = UIATree
		TITLE = 
		SHAPE = Rect [x:548.0 y:963.0 w:180.0 h:175.0]
		CHILDREN = 8
		PATH = [0, 1, 0, 0, 3, 1, 1]
	DESCRIPTION = Left Click at ''
	TEXT = Compound Action =
		Move mouse to (638.0, 1050.5).
		Press Mouse Button BUTTON1
		Release Mouse Button BUTTON1

ExecutedAction [26]: 
 @Action ConcreteID = AC7n7uzt7f3848824171 AbstractID = AA7n7uzt7f3848824171
 ConcreteID CUSTOM = ConcreteID CUSTOM not available AbstractID CUSTOM = AAk4wnpy7f2172120290
 @State ConcreteID = SC1fi42dn26f491917678 AbstractID = SR1940u4525a3307022151
 ConcreteID CUSTOM = SC16hf2kn26b94964217 AbstractID CUSTOM = SA138z5g26c4126350052

	ROLE = LeftClickAt
	TARGET =
		WIDGET = WC18ptibf211177231858, WR1e04pz3e358922214, WT1e04pz3e358922214, WPsy0gqx1d809521896
		ROLE = UIASplitButton
		TITLE = 
		SHAPE = Rect [x:865.0 y:941.0 w:23.0 h:22.0]
		CHILDREN = 0
		PATH = [0, 1, 0, 0, 1]
	DESCRIPTION = Left Click at ''
	TEXT = Compound Action =
		Move mouse to (876.5, 952.0).
		Press Mouse Button BUTTON1
		Release Mouse Button BUTTON1

ExecutedAction [27]: 
 @Action ConcreteID = AC1j3su7l812154041604 AbstractID = AA1j3su7l812154041604
 ConcreteID CUSTOM = ConcreteID CUSTOM not available AbstractID CUSTOM = AA102tvlh812510661730
 @State ConcreteID = SC1811uak2ae4291224936 AbstractID = SRikcdoi2963343333953
 ConcreteID CUSTOM = SCil22pu2aa4168452355 AbstractID CUSTOM = SA1vykedg2ab4010871461

	ROLE = LeftClickAt
	TARGET =
		WIDGET = WC17qp0el201280724554, WR4na8ob72534219213, WT4na8ob72534219213, WP1gfbziz1c4055343475
		ROLE = UIATree
		TITLE = 
		SHAPE = Rect [x:733.0 y:963.0 w:415.0 h:308.0]
		CHILDREN = 3
		PATH = [0, 1, 0, 0, 3, 0, 0]
	DESCRIPTION = Left Click at ''
	TEXT = Compound Action =
		Move mouse to (940.5, 1117.0).
		Press Mouse Button BUTTON1
		Release Mouse Button BUTTON1

ExecutedAction [28]: 
 @Action ConcreteID = AC1up71hv814171719496 AbstractID = AA1up71hv814171719496
 ConcreteID CUSTOM = ConcreteID CUSTOM not available AbstractID CUSTOM = AA1bo82vr813982940718
 @State ConcreteID = SC1811uak2ae4291224936 AbstractID = SRikcdoi2963343333953
 ConcreteID CUSTOM = SCil22pu2aa4168452355 AbstractID CUSTOM = SA1vykedg2ab4010871461

	ROLE = LeftClickAt
	TARGET =
		WIDGET = WCmholc2203062808613, WR10fgh33101836453781, WT10fgh33101836453781, WP1jw6yus1c133918733
		ROLE = UIACustomControl
		TITLE = 
		SHAPE = Rect [x:548.0 y:938.0 w:600.0 h:336.0]
		CHILDREN = 4
		PATH = [0, 1, 0, 0]
	DESCRIPTION = Left Click at ''
	TEXT = Compound Action =
		Move mouse to (848.0, 1106.0).
		Press Mouse Button BUTTON1
		Release Mouse Button BUTTON1

ExecutedAction [29]: 
 @Action ConcreteID = ACra6yyb81656483329 AbstractID = AAra6yyb81656483329
 ConcreteID CUSTOM = ConcreteID CUSTOM not available AbstractID CUSTOM = AA8980c781853581159
 @State ConcreteID = SC1811uak2ae4291224936 AbstractID = SRikcdoi2963343333953
 ConcreteID CUSTOM = SCil22pu2aa4168452355 AbstractID CUSTOM = SA1vykedg2ab4010871461

	ROLE = LeftClickAt
	TARGET =
		WIDGET = WC18ptid5211948074864, WR1e04pz3e358922214, WT1e04pz3e358922214, WPsy0gsn1d41300074
		ROLE = UIASplitButton
		TITLE = 
		SHAPE = Rect [x:548.0 y:963.0 w:600.0 h:308.0]
		CHILDREN = 3
		PATH = [0, 1, 0, 0, 3]
	DESCRIPTION = Left Click at ''
	TEXT = Compound Action =
		Move mouse to (848.0, 1117.0).
		Press Mouse Button BUTTON1
		Release Mouse Button BUTTON1

ExecutedAction [30]: 
 @Action ConcreteID = AC1owec0k813497991440 AbstractID = AA1owec0k813497991440
 ConcreteID CUSTOM = ConcreteID CUSTOM not available AbstractID CUSTOM = AA15vfdeg813317605494
 @State ConcreteID = SC1811uak2ae4291224936 AbstractID = SRikcdoi2963343333953
 ConcreteID CUSTOM = SCil22pu2aa4168452355 AbstractID CUSTOM = SA1vykedg2ab4010871461

	ROLE = LeftClickAt
	TARGET =
		WIDGET = WCi037fn271001908121, WR5quxi6b4097176690, WT5quxi6b4097176690, WPevq39233121660727
		ROLE = UIATreeItem
		TITLE = 
		SHAPE = Rect [x:548.0 y:989.0 w:163.0 h:26.0]
		CHILDREN = 0
		PATH = [0, 1, 0, 0, 3, 1, 1, 1]
	DESCRIPTION = Left Click at ''
	TEXT = Compound Action =
		Move mouse to (629.5, 1002.0).
		Press Mouse Button BUTTON1
		Release Mouse Button BUTTON1

ExecutedAction [31]: 
 @Action ConcreteID = AC9ea5937f3468311757 AbstractID = AA9ea5937f3468311757
 ConcreteID CUSTOM = ConcreteID CUSTOM not available AbstractID CUSTOM = AA319d6t811912204748
 @State ConcreteID = SC12hq5a32af51318192 AbstractID = SRikcdoi2963343333953
 ConcreteID CUSTOM = SClxcf992ab1397718424 AbstractID CUSTOM = SA1vykedg2ab4010871461

	ROLE = LeftClickAt
	TARGET =
		WIDGET = WCi037kt271844264991, WR5quxi6b4097176690, WT5quxi6b4097176690, WPevq8f233964298417
		ROLE = UIATreeItem
		TITLE = 
		SHAPE = Rect [x:553.0 y:1137.0 w:158.0 h:26.0]
		CHILDREN = 0
		PATH = [0, 1, 0, 0, 3, 1, 1, 7]
	DESCRIPTION = Left Click at ''
	TEXT = Compound Action =
		Move mouse to (632.0, 1150.0).
		Press Mouse Button BUTTON1
		Release Mouse Button BUTTON1

ExecutedAction [32]: 
 @Action ConcreteID = AC45m9zk7e3870210828 AbstractID = AA45m9zk7e3870210828
 ConcreteID CUSTOM = ConcreteID CUSTOM not available AbstractID CUSTOM = AAokm9nm801964944447
 @State ConcreteID = SC12hq5a32af51318192 AbstractID = SRikcdoi2963343333953
 ConcreteID CUSTOM = SClxcf992ab1397718424 AbstractID CUSTOM = SA1vykedg2ab4010871461

	ROLE = LeftClickAt
	TARGET =
		WIDGET = WCpr0t823560971365, WR10fgh33101836453781, WT10fgh33101836453781, WP13j4kve1f3550184071
		ROLE = UIACustomControl
		TITLE = 
		SHAPE = Rect [x:548.0 y:941.0 w:307.0 h:22.0]
		CHILDREN = 1
		PATH = [0, 1, 0, 0, 0]
	DESCRIPTION = Left Click at ''
	TEXT = Compound Action =
		Move mouse to (701.5, 952.0).
		Press Mouse Button BUTTON1
		Release Mouse Button BUTTON1

ExecutedAction [33]: 
 @Action ConcreteID = AC1i18uy17f1378159407 AbstractID = AA1i18uy17f1378159407
 ConcreteID CUSTOM = ConcreteID CUSTOM not available AbstractID CUSTOM = AA1bo82vr813982940718
 @State ConcreteID = SC12hq5a32af51318192 AbstractID = SRikcdoi2963343333953
 ConcreteID CUSTOM = SClxcf992ab1397718424 AbstractID CUSTOM = SA1vykedg2ab4010871461

	ROLE = LeftClickAt
	TARGET =
		WIDGET = WCmholc2203062808613, WR10fgh33101836453781, WT10fgh33101836453781, WP1jw6yus1c133918733
		ROLE = UIACustomControl
		TITLE = 
		SHAPE = Rect [x:548.0 y:938.0 w:600.0 h:336.0]
		CHILDREN = 4
		PATH = [0, 1, 0, 0]
	DESCRIPTION = Left Click at ''
	TEXT = Compound Action =
		Move mouse to (848.0, 1106.0).
		Press Mouse Button BUTTON1
		Release Mouse Button BUTTON1

ExecutedAction [34]: 
 @Action ConcreteID = AC16funnr7f719747427 AbstractID = AA16funnr7f719747427
 ConcreteID CUSTOM = ConcreteID CUSTOM not available AbstractID CUSTOM = AA102tvlh812510661730
 @State ConcreteID = SC12hq5a32af51318192 AbstractID = SRikcdoi2963343333953
 ConcreteID CUSTOM = SClxcf992ab1397718424 AbstractID CUSTOM = SA1vykedg2ab4010871461

	ROLE = LeftClickAt
	TARGET =
		WIDGET = WC17qp0el201280724554, WR4na8ob72534219213, WT4na8ob72534219213, WP1gfbziz1c4055343475
		ROLE = UIATree
		TITLE = 
		SHAPE = Rect [x:733.0 y:963.0 w:415.0 h:308.0]
		CHILDREN = 3
		PATH = [0, 1, 0, 0, 3, 0, 0]
	DESCRIPTION = Left Click at ''
	TEXT = Compound Action =
		Move mouse to (940.5, 1117.0).
		Press Mouse Button BUTTON1
		Release Mouse Button BUTTON1

ExecutedAction [35]: 
 @Action ConcreteID = ACvpu33ve13901342151 AbstractID = AAtavx36d4262326319
 ConcreteID CUSTOM = ConcreteID CUSTOM not available AbstractID CUSTOM = AA150hc0kd6168484276
 @State ConcreteID = SC12hq5a32af51318192 AbstractID = SRikcdoi2963343333953
 ConcreteID CUSTOM = SClxcf992ab1397718424 AbstractID CUSTOM = SA1vykedg2ab4010871461

	ROLE = ClickTypeInto
	TARGET =
		WIDGET = WC17hjsn61a981401220, WR4n0dlj72701565195, WT4n0dlj72701565195, WP19ts780163989727666
		ROLE = UIAEdit
		TITLE = 
		SHAPE = Rect [x:898.0 y:942.0 w:250.0 h:20.0]
		CHILDREN = 0
		PATH = [0, 1, 0, 0, 2]
	DESCRIPTION = Type 'FALSE' into '
	TEXT = Compound Action =
		Compound Action =
		Move mouse to (1023.0, 952.0).
		Press Mouse Button BUTTON1
		Release Mouse Button BUTTON1
		Press Key 17
		Press Key 65
		Release Key 65
		Release Key 17
		Type text 'FALSE'

ExecutedAction [36]: 
 @Action ConcreteID = ACsoz92q811299944140 AbstractID = AAsoz92q811299944140
 ConcreteID CUSTOM = ConcreteID CUSTOM not available AbstractID CUSTOM = AA17brqok802541521383
 @State ConcreteID = SC1lmn36t2c31727519176 AbstractID = SRgyy8ln2aa2585708128
 ConcreteID CUSTOM = SC1rw9zl12bf4087702830 AbstractID CUSTOM = SA322rnv2c03552657091

	ROLE = LeftClickAt
	TARGET =
		WIDGET = WCi037kt271844264991, WR5quxi6b4097176690, WT5quxi6b4097176690, WPevq8f233964298417
		ROLE = UIATreeItem
		TITLE = 
		SHAPE = Rect [x:553.0 y:1137.0 w:158.0 h:26.0]
		CHILDREN = 0
		PATH = [0, 1, 0, 0, 3, 1, 1, 7]
	DESCRIPTION = Left Click at ''
	TEXT = Compound Action =
		Move mouse to (632.0, 1150.0).
		Press Mouse Button BUTTON1
		Release Mouse Button BUTTON1

ExecutedAction [37]: 
 @Action ConcreteID = AC2atwsk813521422638 AbstractID = AA2atwsk813521422638
 ConcreteID CUSTOM = ConcreteID CUSTOM not available AbstractID CUSTOM = AAgxmeee80199474693
 @State ConcreteID = SC1lmn36t2c31727519176 AbstractID = SRgyy8ln2aa2585708128
 ConcreteID CUSTOM = SC1rw9zl12bf4087702830 AbstractID CUSTOM = SA322rnv2c03552657091

	ROLE = LeftClickAt
	TARGET =
		WIDGET = WCmholc2203062808613, WR10fgh33101836453781, WT10fgh33101836453781, WP1jw6yus1c133918733
		ROLE = UIACustomControl
		TITLE = 
		SHAPE = Rect [x:548.0 y:938.0 w:600.0 h:336.0]
		CHILDREN = 4
		PATH = [0, 1, 0, 0]
	DESCRIPTION = Left Click at ''
	TEXT = Compound Action =
		Move mouse to (848.0, 1106.0).
		Press Mouse Button BUTTON1
		Release Mouse Button BUTTON1

ExecutedAction [38]: 
 @Action ConcreteID = ACichc36803481906399 AbstractID = AAichc36803481906399
 ConcreteID CUSTOM = ConcreteID CUSTOM not available AbstractID CUSTOM = AA1lrrg287f2821347252
 @State ConcreteID = SC1lmn36t2c31727519176 AbstractID = SRgyy8ln2aa2585708128
 ConcreteID CUSTOM = SC1rw9zl12bf4087702830 AbstractID CUSTOM = SA322rnv2c03552657091

	ROLE = LeftClickAt
	TARGET =
		WIDGET = WCi037es27581752536, WR5quxi6b4097176690, WT5quxi6b4097176690, WPevq2e232735469174
		ROLE = UIATreeItem
		TITLE = 
		SHAPE = Rect [x:548.0 y:963.0 w:163.0 h:26.0]
		CHILDREN = 0
		PATH = [0, 1, 0, 0, 3, 1, 1, 0]
	DESCRIPTION = Left Click at ''
	TEXT = Compound Action =
		Move mouse to (629.5, 976.0).
		Press Mouse Button BUTTON1
		Release Mouse Button BUTTON1

ExecutedAction [39]: 
 @Action ConcreteID = AC19us81q8178374237 AbstractID = AA19us81q8178374237
 ConcreteID CUSTOM = ConcreteID CUSTOM not available AbstractID CUSTOM = AAjchd5q801315370775
 @State ConcreteID = SC1vsgutv2c01241049906 AbstractID = SRgyy8ln2aa2585708128
 ConcreteID CUSTOM = SCehz7652bf3094897198 AbstractID CUSTOM = SA322rnv2c03552657091

	ROLE = LeftClickAt
	TARGET =
		WIDGET = WC17r8t0t201747801787, WR4na8ob72534219213, WT4na8ob72534219213, WP1gfvs571c3586963842
		ROLE = UIATree
		TITLE = 
		SHAPE = Rect [x:548.0 y:963.0 w:180.0 h:175.0]
		CHILDREN = 8
		PATH = [0, 1, 0, 0, 3, 1, 1]
	DESCRIPTION = Left Click at ''
	TEXT = Compound Action =
		Move mouse to (638.0, 1050.5).
		Press Mouse Button BUTTON1
		Release Mouse Button BUTTON1

ExecutedAction [40]: 
 @Action ConcreteID = ACy6x1517f491695703 AbstractID = AAy6x1517f491695703
 ConcreteID CUSTOM = ConcreteID CUSTOM not available AbstractID CUSTOM = AA1802i79802787865777
 @State ConcreteID = SC3hx96u2c2437975114 AbstractID = SRgyy8ln2aa2585708128
 ConcreteID CUSTOM = SC19s8lbe2be26389876 AbstractID CUSTOM = SA322rnv2c03552657091

	ROLE = LeftClickAt
	TARGET =
		WIDGET = WC1kw8wh024732654283, WR1e04pz3e358922214, WT1e04pz3e358922214, WP1egy3ti203832078078
		ROLE = UIASplitButton
		TITLE = 
		SHAPE = Rect [x:548.0 y:963.0 w:180.0 h:308.0]
		CHILDREN = 3
		PATH = [0, 1, 0, 0, 3, 1]
	DESCRIPTION = Left Click at ''
	TEXT = Compound Action =
		Move mouse to (638.0, 1117.0).
		Press Mouse Button BUTTON1
		Release Mouse Button BUTTON1

ExecutedAction [41]: 
 @Action ConcreteID = AC74gxc67f2961597667 AbstractID = AA74gxc67f2961597667
 ConcreteID CUSTOM = ConcreteID CUSTOM not available AbstractID CUSTOM = AAgxmeee80199474693
 @State ConcreteID = SC3hx96u2c2437975114 AbstractID = SRgyy8ln2aa2585708128
 ConcreteID CUSTOM = SC19s8lbe2be26389876 AbstractID CUSTOM = SA322rnv2c03552657091

	ROLE = LeftClickAt
	TARGET =
		WIDGET = WCmholc2203062808613, WR10fgh33101836453781, WT10fgh33101836453781, WP1jw6yus1c133918733
		ROLE = UIACustomControl
		TITLE = 
		SHAPE = Rect [x:548.0 y:938.0 w:600.0 h:336.0]
		CHILDREN = 4
		PATH = [0, 1, 0, 0]
	DESCRIPTION = Left Click at ''
	TEXT = Compound Action =
		Move mouse to (848.0, 1106.0).
		Press Mouse Button BUTTON1
		Release Mouse Button BUTTON1

ExecutedAction [42]: 
 @Action ConcreteID = ACmzb2ss7f2795775681 AbstractID = AAmzb2ss7f2795775681
 ConcreteID CUSTOM = ConcreteID CUSTOM not available AbstractID CUSTOM = AAwsgjv080499252263
 @State ConcreteID = SC3hx96u2c2437975114 AbstractID = SRgyy8ln2aa2585708128
 ConcreteID CUSTOM = SC19s8lbe2be26389876 AbstractID CUSTOM = SA322rnv2c03552657091

	ROLE = LeftClickAt
	TARGET =
		WIDGET = WC1jefnr81f887047180, WR1h6ibpb92248851252, WT1h6ibpb92248851252, WP1rb7trq1b466179658
		ROLE = UIAButton
		TITLE = 
		SHAPE = Rect [x:1128.0 y:943.0 w:16.0 h:20.0]
		CHILDREN = 0
		PATH = [0, 1, 0, 0, 2, 0]
	DESCRIPTION = Left Click at ''
	TEXT = Compound Action =
		Move mouse to (1136.0, 953.0).
		Press Mouse Button BUTTON1
		Release Mouse Button BUTTON1

ExecutedAction [43]: 
 @Action ConcreteID = AC1gx8o2w81455872528 AbstractID = AA1gx8o2w81455872528
 ConcreteID CUSTOM = ConcreteID CUSTOM not available AbstractID CUSTOM = AAxw9pgs81250456438
 @State ConcreteID = SC1811uak2ae4291224936 AbstractID = SRikcdoi2963343333953
 ConcreteID CUSTOM = SCil22pu2aa4168452355 AbstractID CUSTOM = SA1vykedg2ab4010871461

	ROLE = LeftClickAt
	TARGET =
		WIDGET = WCi037j3271608196765, WR5quxi6b4097176690, WT5quxi6b4097176690, WPevq6p233732670003
		ROLE = UIATreeItem
		TITLE = 
		SHAPE = Rect [x:553.0 y:1089.0 w:158.0 h:26.0]
		CHILDREN = 0
		PATH = [0, 1, 0, 0, 3, 1, 1, 5]
	DESCRIPTION = Left Click at ''
	TEXT = Compound Action =
		Move mouse to (632.0, 1102.0).
		Press Mouse Button BUTTON1
		Release Mouse Button BUTTON1

ExecutedAction [44]: 
 @Action ConcreteID = AC1fruu9482318777918 AbstractID = AA1fruu9482318777918
 ConcreteID CUSTOM = ConcreteID CUSTOM not available AbstractID CUSTOM = AA18agwws814157595532
 @State ConcreteID = SC1lg16qd5f71777459299 AbstractID = SRjvx3az5b4273591458
 ConcreteID CUSTOM = SC1s58wyp6031432944808 AbstractID CUSTOM = SA3b39o25ec2410605322

	ROLE = LeftClickAt
	TARGET =
		WIDGET = WC1nfyjjo472237767009, WR52qhb2b3065858412, WT1tbfu582e3711505095, WPsxuede434032931394
		ROLE = UIAListItem
		TITLE = vlcsnap-2019-08-31-14h47m27s052.png
		SHAPE = Rect [x:967.0 y:1251.0 w:116.0 h:143.0]
		CHILDREN = 0
		PATH = [0, 1, 0, 0, 3, 0, 8]
	DESCRIPTION = Left Click at 'vlcsnap-2019-08-31-14h47m27s052.png'
	TEXT = Compound Action =
		Move mouse to (1025.0, 1322.5).
		Press Mouse Button BUTTON1
		Release Mouse Button BUTTON1

Forcing SUT activation (bring to foreground) action
ExecutedAction [45]: 
 @Action ConcreteID = ACiv9261391601549900 AbstractID = AAiv9261391601549900
 ConcreteID CUSTOM = ConcreteID CUSTOM not available AbstractID CUSTOM = AA16yco1x382477008394
 @State ConcreteID = SC1lg16qd5f71777459299 AbstractID = SRjvx3az5b4273591458
 ConcreteID CUSTOM = SC1s58wyp6031432944808 AbstractID CUSTOM = SA3b39o25ec2410605322

	DESCRIPTION = Bring the system to the foreground.
	TEXT = Bring the system to the foreground.

Forcing SUT activation (bring to foreground) action
ExecutedAction [46]: 
 @Action ConcreteID = ACiv9261391601549900 AbstractID = AAiv9261391601549900
 ConcreteID CUSTOM = ConcreteID CUSTOM not available AbstractID CUSTOM = AA16yco1x382477008394
 @State ConcreteID = SC1lg16qd5f71777459299 AbstractID = SRjvx3az5b4273591458
 ConcreteID CUSTOM = SC1s58wyp6031432944808 AbstractID CUSTOM = SA3b39o25ec2410605322

	DESCRIPTION = Bring the system to the foreground.
	TEXT = Bring the system to the foreground.

ExecutedAction [47]: 
 @Action ConcreteID = AClfl9dq811068945582 AbstractID = AAlfl9dq811068945582
 ConcreteID CUSTOM = ConcreteID CUSTOM not available AbstractID CUSTOM = AAglxbnu804270614818
 @State ConcreteID = SC1lg16qd5f71777459299 AbstractID = SRjvx3az5b4273591458
 ConcreteID CUSTOM = SC1s58wyp6031432944808 AbstractID CUSTOM = SA3b39o25ec2410605322

	ROLE = LeftClickAt
	TARGET =
		WIDGET = WC12s23ul2d468964461, WR5quxi6b4097176690, WT195glff102251739647, WP1y3pvt7291373948123
		ROLE = UIATreeItem
		TITLE = 00:10
		SHAPE = Rect [x:934.0 y:1141.0 w:80.0 h:22.0]
		CHILDREN = 0
		PATH = [0, 1, 0, 0, 3, 0, 9, 25]
	DESCRIPTION = Left Click at '00:10'
	TEXT = Compound Action =
		Move mouse to (974.0, 1152.0).
		Press Mouse Button BUTTON1
		Release Mouse Button BUTTON1

ExecutedAction [48]: 
 @Action ConcreteID = AC1vmjfay8164206925 AbstractID = AA1vmjfay8164206925
 ConcreteID CUSTOM = ConcreteID CUSTOM not available AbstractID CUSTOM = AA1qsvhl2803270050241
 @State ConcreteID = SC1lg16qd5f71777459299 AbstractID = SRjvx3az5b4273591458
 ConcreteID CUSTOM = SC1s58wyp6031432944808 AbstractID CUSTOM = SA3b39o25ec2410605322

	ROLE = LeftClickAt
	TARGET =
		WIDGET = WCi037hd27159483163, WR5quxi6b4097176690, WT5quxi6b4097176690, WPevq4z232284233141
		ROLE = UIATreeItem
		TITLE = 
		SHAPE = Rect [x:553.0 y:1037.0 w:158.0 h:26.0]
		CHILDREN = 0
		PATH = [0, 1, 0, 0, 3, 1, 1, 3]
	DESCRIPTION = Left Click at ''
	TEXT = Compound Action =
		Move mouse to (632.0, 1050.0).
		Press Mouse Button BUTTON1
		Release Mouse Button BUTTON1

ExecutedAction [49]: 
 @Action ConcreteID = AC1gx8o2w81455872528 AbstractID = AA1gx8o2w81455872528
 ConcreteID CUSTOM = ConcreteID CUSTOM not available AbstractID CUSTOM = AAxw9pgs81250456438
 @State ConcreteID = SC1811uak2ae4291224936 AbstractID = SRikcdoi2963343333953
 ConcreteID CUSTOM = SCil22pu2aa4168452355 AbstractID CUSTOM = SA1vykedg2ab4010871461

	ROLE = LeftClickAt
	TARGET =
		WIDGET = WCi037j3271608196765, WR5quxi6b4097176690, WT5quxi6b4097176690, WPevq6p233732670003
		ROLE = UIATreeItem
		TITLE = 
		SHAPE = Rect [x:553.0 y:1089.0 w:158.0 h:26.0]
		CHILDREN = 0
		PATH = [0, 1, 0, 0, 3, 1, 1, 5]
	DESCRIPTION = Left Click at ''
	TEXT = Compound Action =
		Move mouse to (632.0, 1102.0).
		Press Mouse Button BUTTON1
		Release Mouse Button BUTTON1

ExecutedAction [50]: 
 @Action ConcreteID = ACcukjug823122665840 AbstractID = AAcukjug823122665840
 ConcreteID CUSTOM = ConcreteID CUSTOM not available AbstractID CUSTOM = AA5d6mi4811592782018
 @State ConcreteID = SC1lg16qd5f71777459299 AbstractID = SRjvx3az5b4273591458
 ConcreteID CUSTOM = SC1s58wyp6031432944808 AbstractID CUSTOM = SA3b39o25ec2410605322

	ROLE = LeftClickAt
	TARGET =
		WIDGET = WCnibyk6283067074583, WR5quxi6b4097176690, WT5quxi6b4097176690, WP1ahsgp0242267083228
		ROLE = UIATreeItem
		TITLE = 
		SHAPE = Rect [x:1014.0 y:1163.0 w:133.0 h:22.0]
		CHILDREN = 0
		PATH = [0, 1, 0, 0, 3, 0, 9, 29]
	DESCRIPTION = Left Click at ''
	TEXT = Compound Action =
		Move mouse to (1080.5, 1174.0).
		Press Mouse Button BUTTON1
		Release Mouse Button BUTTON1

ExecutedAction [51]: 
 @Action ConcreteID = AC5tt35q811438824486 AbstractID = AA5tt35q811438824486
 ConcreteID CUSTOM = ConcreteID CUSTOM not available AbstractID CUSTOM = AA1055fu802499281322
 @State ConcreteID = SC1lg16qd5f71777459299 AbstractID = SRjvx3az5b4273591458
 ConcreteID CUSTOM = SC1s58wyp6031432944808 AbstractID CUSTOM = SA3b39o25ec2410605322

	ROLE = LeftClickAt
	TARGET =
		WIDGET = WC12s24hu2d2120055646, WR5quxi6b4097176690, WT195glff102251739647, WP1y3pwgg29877291496
		ROLE = UIATreeItem
		TITLE = 00:10
		SHAPE = Rect [x:934.0 y:1185.0 w:80.0 h:22.0]
		CHILDREN = 0
		PATH = [0, 1, 0, 0, 3, 0, 9, 31]
	DESCRIPTION = Left Click at '00:10'
	TEXT = Compound Action =
		Move mouse to (974.0, 1196.0).
		Press Mouse Button BUTTON1
		Release Mouse Button BUTTON1

ExecutedAction [52]: 
 @Action ConcreteID = ACo3ftu1812110788809 AbstractID = AAo3ftu1812110788809
 ConcreteID CUSTOM = ConcreteID CUSTOM not available AbstractID CUSTOM = AAj9rw45803169496389
 @State ConcreteID = SC1lg16qd5f71777459299 AbstractID = SRjvx3az5b4273591458
 ConcreteID CUSTOM = SC1s58wyp6031432944808 AbstractID CUSTOM = SA3b39o25ec2410605322

	ROLE = LeftClickAt
	TARGET =
		WIDGET = WC12s24kf2d53120795, WR5quxi6b4097176690, WT195glff102251739647, WP1y3pwj1291228772269
		ROLE = UIATreeItem
		TITLE = 00:10
		SHAPE = Rect [x:934.0 y:1207.0 w:80.0 h:22.0]
		CHILDREN = 0
		PATH = [0, 1, 0, 0, 3, 0, 9, 34]
	DESCRIPTION = Left Click at '00:10'
	TEXT = Compound Action =
		Move mouse to (974.0, 1218.0).
		Press Mouse Button BUTTON1
		Release Mouse Button BUTTON1

ExecutedAction [53]: 
 @Action ConcreteID = AC1yud1r4813776347741 AbstractID = AA1yud1r4813776347741
 ConcreteID CUSTOM = ConcreteID CUSTOM not available AbstractID CUSTOM = AA1u0p41880539805649
 @State ConcreteID = SC1lg16qd5f71777459299 AbstractID = SRjvx3az5b4273591458
 ConcreteID CUSTOM = SC1s58wyp6031432944808 AbstractID CUSTOM = SA3b39o25ec2410605322

	ROLE = LeftClickAt
	TARGET =
		WIDGET = WC1325ny44b792059648, WR5quxi6b4097176690, WT1vxfaxp2e3710399674, WP11t32i473757565853
		ROLE = UIATreeItem
		TITLE = vlcsnap-2019-08-31-14h47m26s032.png
		SHAPE = Rect [x:754.0 y:1141.0 w:180.0 h:22.0]
		CHILDREN = 0
		PATH = [0, 1, 0, 0, 3, 0, 9, 24]
	DESCRIPTION = Left Click at 'vlcsnap-2019-08-31-14h47m26s032.png'
	TEXT = Compound Action =
		Move mouse to (844.0, 1152.0).
		Press Mouse Button BUTTON1
		Release Mouse Button BUTTON1

ExecutedAction [54]: 
 @Action ConcreteID = ACztqin281812232669 AbstractID = AAztqin281812232669
 ConcreteID CUSTOM = ConcreteID CUSTOM not available AbstractID CUSTOM = AAv02kx6804048754257
 @State ConcreteID = SC1lg16qd5f71777459299 AbstractID = SRjvx3az5b4273591458
 ConcreteID CUSTOM = SC1s58wyp6031432944808 AbstractID CUSTOM = SA3b39o25ec2410605322

	ROLE = LeftClickAt
	TARGET =
		WIDGET = WCnibxlq281699470599, WR5quxi6b4097176690, WT5quxi6b4097176690, WP1ahsfqk241420096716
		ROLE = UIATreeItem
		TITLE = 
		SHAPE = Rect [x:934.0 y:1031.0 w:80.0 h:22.0]
		CHILDREN = 0
		PATH = [0, 1, 0, 0, 3, 0, 9, 10]
	DESCRIPTION = Left Click at ''
	TEXT = Compound Action =
		Move mouse to (974.0, 1042.0).
		Press Mouse Button BUTTON1
		Release Mouse Button BUTTON1

ExecutedAction [55]: 
 @Action ConcreteID = ACt8hchq81177005802 AbstractID = AAt8hchq81177005802
 ConcreteID CUSTOM = ConcreteID CUSTOM not available AbstractID CUSTOM = AAoeteru803417726310
 @State ConcreteID = SC1lg16qd5f71777459299 AbstractID = SRjvx3az5b4273591458
 ConcreteID CUSTOM = SC1s58wyp6031432944808 AbstractID CUSTOM = SA3b39o25ec2410605322

	ROLE = LeftClickAt
	TARGET =
		WIDGET = WCnibye5281429930460, WR5quxi6b4097176690, WT5quxi6b4097176690, WP1ahsgiz241691625495
		ROLE = UIATreeItem
		TITLE = 
		SHAPE = Rect [x:934.0 y:1119.0 w:80.0 h:22.0]
		CHILDREN = 0
		PATH = [0, 1, 0, 0, 3, 0, 9, 22]
	DESCRIPTION = Left Click at ''
	TEXT = Compound Action =
		Move mouse to (974.0, 1130.0).
		Press Mouse Button BUTTON1
		Release Mouse Button BUTTON1

ExecutedAction [56]: 
 @Action ConcreteID = AC51ogqg82764761114 AbstractID = AA51ogqg82764761114
 ConcreteID CUSTOM = ConcreteID CUSTOM not available AbstractID CUSTOM = AA1wleld8813378160040
 @State ConcreteID = SC1lg16qd5f71777459299 AbstractID = SRjvx3az5b4273591458
 ConcreteID CUSTOM = SC1s58wyp6031432944808 AbstractID CUSTOM = SA3b39o25ec2410605322

	ROLE = LeftClickAt
	TARGET =
		WIDGET = WCnibz4u281425632235, WR5quxi6b4097176690, WT5quxi6b4097176690, WP1ahsh9o241695957536
		ROLE = UIATreeItem
		TITLE = 
		SHAPE = Rect [x:1014.0 y:1185.0 w:133.0 h:22.0]
		CHILDREN = 0
		PATH = [0, 1, 0, 0, 3, 0, 9, 32]
	DESCRIPTION = Left Click at ''
	TEXT = Compound Action =
		Move mouse to (1080.5, 1196.0).
		Press Mouse Button BUTTON1
		Release Mouse Button BUTTON1

ExecutedAction [57]: 
 @Action ConcreteID = ACt8hchq81177005802 AbstractID = AAt8hchq81177005802
 ConcreteID CUSTOM = ConcreteID CUSTOM not available AbstractID CUSTOM = AAoeteru803417726310
 @State ConcreteID = SC1lg16qd5f71777459299 AbstractID = SRjvx3az5b4273591458
 ConcreteID CUSTOM = SC1s58wyp6031432944808 AbstractID CUSTOM = SA3b39o25ec2410605322

	ROLE = LeftClickAt
	TARGET =
		WIDGET = WCnibye5281429930460, WR5quxi6b4097176690, WT5quxi6b4097176690, WP1ahsgiz241691625495
		ROLE = UIATreeItem
		TITLE = 
		SHAPE = Rect [x:934.0 y:1119.0 w:80.0 h:22.0]
		CHILDREN = 0
		PATH = [0, 1, 0, 0, 3, 0, 9, 22]
	DESCRIPTION = Left Click at ''
	TEXT = Compound Action =
		Move mouse to (974.0, 1130.0).
		Press Mouse Button BUTTON1
		Release Mouse Button BUTTON1

ExecutedAction [58]: 
 @Action ConcreteID = ACi611yz812201610923 AbstractID = AAi611yz812201610923
 ConcreteID CUSTOM = ConcreteID CUSTOM not available AbstractID CUSTOM = AAdcd493801107514151
 @State ConcreteID = SC1lg16qd5f71777459299 AbstractID = SRjvx3az5b4273591458
 ConcreteID CUSTOM = SC1s58wyp6031432944808 AbstractID CUSTOM = SA3b39o25ec2410605322

	ROLE = LeftClickAt
	TARGET =
		WIDGET = WCi037kt271844264991, WR5quxi6b4097176690, WT5quxi6b4097176690, WPevq8f233964298417
		ROLE = UIATreeItem
		TITLE = 
		SHAPE = Rect [x:553.0 y:1137.0 w:158.0 h:26.0]
		CHILDREN = 0
		PATH = [0, 1, 0, 0, 3, 1, 1, 7]
	DESCRIPTION = Left Click at ''
	TEXT = Compound Action =
		Move mouse to (632.0, 1150.0).
		Press Mouse Button BUTTON1
		Release Mouse Button BUTTON1

ExecutedAction [59]: 
 @Action ConcreteID = ACndzp4d813223362048 AbstractID = AAndzp4d813223362048
 ConcreteID CUSTOM = ConcreteID CUSTOM not available AbstractID CUSTOM = AAikbreh8018490252
 @State ConcreteID = SC1lg16qd5f71777459299 AbstractID = SRjvx3az5b4273591458
 ConcreteID CUSTOM = SC1s58wyp6031432944808 AbstractID CUSTOM = SA3b39o25ec2410605322

	ROLE = LeftClickAt
	TARGET =
		WIDGET = WC18ptid5211948074864, WR1e04pz3e358922214, WT1e04pz3e358922214, WPsy0gsn1d41300074
		ROLE = UIASplitButton
		TITLE = 
		SHAPE = Rect [x:548.0 y:963.0 w:600.0 h:308.0]
		CHILDREN = 3
		PATH = [0, 1, 0, 0, 3]
	DESCRIPTION = Left Click at ''
	TEXT = Compound Action =
		Move mouse to (848.0, 1117.0).
		Press Mouse Button BUTTON1
		Release Mouse Button BUTTON1

ExecutedAction [60]: 
 @Action ConcreteID = ACt8hchq81177005802 AbstractID = AAt8hchq81177005802
 ConcreteID CUSTOM = ConcreteID CUSTOM not available AbstractID CUSTOM = AAoeteru803417726310
 @State ConcreteID = SC1lg16qd5f71777459299 AbstractID = SRjvx3az5b4273591458
 ConcreteID CUSTOM = SC1s58wyp6031432944808 AbstractID CUSTOM = SA3b39o25ec2410605322

	ROLE = LeftClickAt
	TARGET =
		WIDGET = WCnibye5281429930460, WR5quxi6b4097176690, WT5quxi6b4097176690, WP1ahsgiz241691625495
		ROLE = UIATreeItem
		TITLE = 
		SHAPE = Rect [x:934.0 y:1119.0 w:80.0 h:22.0]
		CHILDREN = 0
		PATH = [0, 1, 0, 0, 3, 0, 9, 22]
	DESCRIPTION = Left Click at ''
	TEXT = Compound Action =
		Move mouse to (974.0, 1130.0).
		Press Mouse Button BUTTON1
		Release Mouse Button BUTTON1

ExecutedAction [61]: 
 @Action ConcreteID = AC12hl33d812829764663 AbstractID = AA12hl33d812829764663
 ConcreteID CUSTOM = ConcreteID CUSTOM not available AbstractID CUSTOM = AAxnx5dh801771073979
 @State ConcreteID = SC1lg16qd5f71777459299 AbstractID = SRjvx3az5b4273591458
 ConcreteID CUSTOM = SC1s58wyp6031432944808 AbstractID CUSTOM = SA3b39o25ec2410605322

	ROLE = LeftClickAt
	TARGET =
		WIDGET = WCnibxth283028903502, WR5quxi6b4097176690, WT5quxi6b4097176690, WP1ahsfyb242238074757
		ROLE = UIATreeItem
		TITLE = 
		SHAPE = Rect [x:934.0 y:1097.0 w:80.0 h:22.0]
		CHILDREN = 0
		PATH = [0, 1, 0, 0, 3, 0, 9, 19]
	DESCRIPTION = Left Click at ''
	TEXT = Compound Action =
		Move mouse to (974.0, 1108.0).
		Press Mouse Button BUTTON1
		Release Mouse Button BUTTON1

ExecutedAction [62]: 
 @Action ConcreteID = AC1rveefl813945988525 AbstractID = AA1rveefl813945988525
 ConcreteID CUSTOM = ConcreteID CUSTOM not available AbstractID CUSTOM = AA1n1qgpp80705280033
 @State ConcreteID = SC1lg16qd5f71777459299 AbstractID = SRjvx3az5b4273591458
 ConcreteID CUSTOM = SC1s58wyp6031432944808 AbstractID CUSTOM = SA3b39o25ec2410605322

	ROLE = LeftClickAt
	TARGET =
		WIDGET = WCi037jy271962307934, WR5quxi6b4097176690, WT5quxi6b4097176690, WPevq7k234115748336
		ROLE = UIATreeItem
		TITLE = 
		SHAPE = Rect [x:548.0 y:1115.0 w:163.0 h:22.0]
		CHILDREN = 0
		PATH = [0, 1, 0, 0, 3, 1, 1, 6]
	DESCRIPTION = Left Click at ''
	TEXT = Compound Action =
		Move mouse to (629.5, 1126.0).
		Press Mouse Button BUTTON1
		Release Mouse Button BUTTON1

ExecutedAction [63]: 
 @Action ConcreteID = ACsgcq2g821926957270 AbstractID = AAsgcq2g821926957270
 ConcreteID CUSTOM = ConcreteID CUSTOM not available AbstractID CUSTOM = AAkyysq4812517957988
 @State ConcreteID = SC1lg16qd5f71777459299 AbstractID = SRjvx3az5b4273591458
 ConcreteID CUSTOM = SC1s58wyp6031432944808 AbstractID CUSTOM = SA3b39o25ec2410605322

	ROLE = LeftClickAt
	TARGET =
		WIDGET = WCnibyf0281277178013, WR5quxi6b4097176690, WT5quxi6b4097176690, WP1ahsgju242110724438
		ROLE = UIATreeItem
		TITLE = 
		SHAPE = Rect [x:1014.0 y:1119.0 w:133.0 h:22.0]
		CHILDREN = 0
		PATH = [0, 1, 0, 0, 3, 0, 9, 23]
	DESCRIPTION = Left Click at ''
	TEXT = Compound Action =
		Move mouse to (1080.5, 1130.0).
		Press Mouse Button BUTTON1
		Release Mouse Button BUTTON1

ExecutedAction [64]: 
 @Action ConcreteID = AC6ei5xc81319300812 AbstractID = AA6ei5xc81319300812
 ConcreteID CUSTOM = ConcreteID CUSTOM not available AbstractID CUSTOM = AA1ku87g803526532416
 @State ConcreteID = SC1lg16qd5f71777459299 AbstractID = SRjvx3az5b4273591458
 ConcreteID CUSTOM = SC1s58wyp6031432944808 AbstractID CUSTOM = SA3b39o25ec2410605322

	ROLE = LeftClickAt
	TARGET =
		WIDGET = WC1vdwofk361810903712, WR5quxi6b4097176690, WT19et3wq192797456252, WP1esokfy3286913681
		ROLE = UIATreeItem
		TITLE = New folder (3)
		SHAPE = Rect [x:754.0 y:1053.0 w:180.0 h:22.0]
		CHILDREN = 0
		PATH = [0, 1, 0, 0, 3, 0, 9, 12]
	DESCRIPTION = Left Click at 'New folder (3)'
	TEXT = Compound Action =
		Move mouse to (844.0, 1064.0).
		Press Mouse Button BUTTON1
		Release Mouse Button BUTTON1

ExecutedAction [65]: 
 @Action ConcreteID = ACx10ttg81762111649 AbstractID = AAx10ttg81762111649
 ConcreteID CUSTOM = ConcreteID CUSTOM not available AbstractID CUSTOM = AAs7cw3k803965083437
 @State ConcreteID = SC1lg16qd5f71777459299 AbstractID = SRjvx3az5b4273591458
 ConcreteID CUSTOM = SC1s58wyp6031432944808 AbstractID CUSTOM = SA3b39o25ec2410605322

	ROLE = LeftClickAt
	TARGET =
		WIDGET = WCl2lnez322797857602, WR52qhb2b3065858412, WT1ehdijt191275405601, WP19oevq12e1519916478
		ROLE = UIAListItem
		TITLE = New folder (4)
		SHAPE = Rect [x:851.0 y:1108.0 w:116.0 h:143.0]
		CHILDREN = 0
		PATH = [0, 1, 0, 0, 3, 0, 4]
	DESCRIPTION = Left Click at 'New folder (4)'
	TEXT = Compound Action =
		Move mouse to (909.0, 1179.5).
		Press Mouse Button BUTTON1
		Release Mouse Button BUTTON1

ExecutedAction [66]: 
 @Action ConcreteID = AC1a0mtmm814262632879 AbstractID = AA1a0mtmm814262632879
 ConcreteID CUSTOM = ConcreteID CUSTOM not available AbstractID CUSTOM = AA156yvwq801059595299
 @State ConcreteID = SC1lg16qd5f71777459299 AbstractID = SRjvx3az5b4273591458
 ConcreteID CUSTOM = SC1s58wyp6031432944808 AbstractID CUSTOM = SA3b39o25ec2410605322

	ROLE = LeftClickAt
	TARGET =
		WIDGET = WCi037i8271186993116, WR5quxi6b4097176690, WT5quxi6b4097176690, WPevq5u233345430386
		ROLE = UIATreeItem
		TITLE = 
		SHAPE = Rect [x:553.0 y:1063.0 w:158.0 h:26.0]
		CHILDREN = 0
		PATH = [0, 1, 0, 0, 3, 1, 1, 4]
	DESCRIPTION = Left Click at ''
	TEXT = Compound Action =
		Move mouse to (632.0, 1076.0).
		Press Mouse Button BUTTON1
		Release Mouse Button BUTTON1

ExecutedAction [67]: 
 @Action ConcreteID = ACgajhyx802966585825 AbstractID = AAgajhyx802966585825
 ConcreteID CUSTOM = ConcreteID CUSTOM not available AbstractID CUSTOM = AA1ta252x81788058765
 @State ConcreteID = SC9yhluj5333934974549 AbstractID = SR1dkk1xe4f63194368163
 ConcreteID CUSTOM = SCgqjslq5382589404911 AbstractID CUSTOM = SA12qj2h45271804046417

	ROLE = LeftClickAt
	TARGET =
		WIDGET = WCwow62k2d3794275345, WR5quxi6b4097176690, WT195glel103895119912, WP1i8mebu29321496744
		ROLE = UIATreeItem
		TITLE = 00:01
		SHAPE = Rect [x:934.0 y:1141.0 w:80.0 h:22.0]
		CHILDREN = 0
		PATH = [0, 1, 0, 0, 3, 0, 8, 25]
	DESCRIPTION = Left Click at '00:01'
	TEXT = Compound Action =
		Move mouse to (974.0, 1152.0).
		Press Mouse Button BUTTON1
		Release Mouse Button BUTTON1

ExecutedAction [68]: 
 @Action ConcreteID = AC1mqcn0s801683443938 AbstractID = AA1mqcn0s801683443938
 ConcreteID CUSTOM = ConcreteID CUSTOM not available AbstractID CUSTOM = AA10or85o814202496910
 @State ConcreteID = SC9yhluj5333934974549 AbstractID = SR1dkk1xe4f63194368163
 ConcreteID CUSTOM = SCgqjslq5382589404911 AbstractID CUSTOM = SA12qj2h45271804046417

	ROLE = LeftClickAt
	TARGET =
		WIDGET = WCi037jy271962307934, WR5quxi6b4097176690, WT5quxi6b4097176690, WPevq7k234115748336
		ROLE = UIATreeItem
		TITLE = 
		SHAPE = Rect [x:548.0 y:1115.0 w:163.0 h:22.0]
		CHILDREN = 0
		PATH = [0, 1, 0, 0, 3, 1, 1, 6]
	DESCRIPTION = Left Click at ''
	TEXT = Compound Action =
		Move mouse to (629.5, 1126.0).
		Press Mouse Button BUTTON1
		Release Mouse Button BUTTON1

ExecutedAction [69]: 
 @Action ConcreteID = ACkf5yvc81907091035 AbstractID = AAkf5yvc81907091035
 ConcreteID CUSTOM = ConcreteID CUSTOM not available AbstractID CUSTOM = AA1bcupu0821921719163
 @State ConcreteID = SC9yhluj5333934974549 AbstractID = SR1dkk1xe4f63194368163
 ConcreteID CUSTOM = SCgqjslq5382589404911 AbstractID CUSTOM = SA12qj2h45271804046417

	ROLE = LeftClickAt
	TARGET =
		WIDGET = WCn1aby8282891034875, WR5quxi6b4097176690, WT5quxi6b4097176690, WP1a0qu32242646513968
		ROLE = UIATreeItem
		TITLE = 
		SHAPE = Rect [x:1014.0 y:1097.0 w:133.0 h:22.0]
		CHILDREN = 0
		PATH = [0, 1, 0, 0, 3, 0, 8, 20]
	DESCRIPTION = Left Click at ''
	TEXT = Compound Action =
		Move mouse to (1080.5, 1108.0).
		Press Mouse Button BUTTON1
		Release Mouse Button BUTTON1

ExecutedAction [70]: 
 @Action ConcreteID = ACxjscsy7f1685369266 AbstractID = AAxjscsy7f1685369266
 ConcreteID CUSTOM = ConcreteID CUSTOM not available AbstractID CUSTOM = AAwu6rf680716340917
 @State ConcreteID = SC9yhluj5333934974549 AbstractID = SR1dkk1xe4f63194368163
 ConcreteID CUSTOM = SCgqjslq5382589404911 AbstractID CUSTOM = SA12qj2h45271804046417

	ROLE = LeftClickAt
	TARGET =
		WIDGET = WC18ptibf211177231858, WR1e04pz3e358922214, WT1e04pz3e358922214, WPsy0gqx1d809521896
		ROLE = UIASplitButton
		TITLE = 
		SHAPE = Rect [x:865.0 y:941.0 w:23.0 h:22.0]
		CHILDREN = 0
		PATH = [0, 1, 0, 0, 1]
	DESCRIPTION = Left Click at ''
	TEXT = Compound Action =
		Move mouse to (876.5, 952.0).
		Press Mouse Button BUTTON1
		Release Mouse Button BUTTON1

ExecutedAction [71]: 
 @Action ConcreteID = ACp0nh3a813878515681 AbstractID = AAp0nh3a813878515681
 ConcreteID CUSTOM = ConcreteID CUSTOM not available AbstractID CUSTOM = AA1ov0dfq812592154516
 @State ConcreteID = SC1mzco4u5702718757017 AbstractID = SRf4agr952c2849452826
 ConcreteID CUSTOM = SCc75zi75633552139556 AbstractID CUSTOM = SA1i70fof5782097272533

	ROLE = LeftClickAt
	TARGET =
		WIDGET = WCi037gi27278574170, WR5quxi6b4097176690, WT5quxi6b4097176690, WPevq44232436731124
		ROLE = UIATreeItem
		TITLE = 
		SHAPE = Rect [x:548.0 y:1015.0 w:163.0 h:22.0]
		CHILDREN = 0
		PATH = [0, 1, 0, 0, 3, 1, 1, 2]
	DESCRIPTION = Left Click at ''
	TEXT = Compound Action =
		Move mouse to (629.5, 1026.0).
		Press Mouse Button BUTTON1
		Release Mouse Button BUTTON1

ExecutedAction [72]: 
 @Action ConcreteID = AC13tk7li814115697913 AbstractID = AA13tk7li814115697913
 ConcreteID CUSTOM = ConcreteID CUSTOM not available AbstractID CUSTOM = AA4mt1yu812298265740
 @State ConcreteID = SC1mzco4u5702718757017 AbstractID = SRf4agr952c2849452826
 ConcreteID CUSTOM = SCc75zi75633552139556 AbstractID CUSTOM = SA1i70fof5782097272533

	ROLE = LeftClickAt
	TARGET =
		WIDGET = WC1ee3kmk551390621020, WR52qhb2b3065858412, WTbq8g2l381288274106, WP1erkad6511634388504
		ROLE = UIAListItem
		TITLE = vlc-record-2019-08-31-13h19m15s-dshow___-.wav
		SHAPE = Rect [x:735.0 y:1067.0 w:394.0 h:51.0]
		CHILDREN = 0
		PATH = [0, 1, 0, 0, 3, 0, 32, 2]
	DESCRIPTION = Left Click at 'vlc-record-2019-08-31-13h19m15s-dshow___-.wav'
	TEXT = Compound Action =
		Move mouse to (932.0, 1092.5).
		Press Mouse Button BUTTON1
		Release Mouse Button BUTTON1

ExecutedAction [73]: 
 @Action ConcreteID = ACqchd1w812309471027 AbstractID = AAqchd1w812309471027
 ConcreteID CUSTOM = ConcreteID CUSTOM not available AbstractID CUSTOM = AA1q6u9ec814094421830
 @State ConcreteID = SC1mzco4u5702718757017 AbstractID = SRf4agr952c2849452826
 ConcreteID CUSTOM = SCc75zi75633552139556 AbstractID CUSTOM = SA1i70fof5782097272533

	ROLE = LeftClickAt
	TARGET =
		WIDGET = WCad2pm82a1623743084, WR5quxi6b4097176690, WT195glen10103067908, WP1frppcy263905618751
		ROLE = UIATreeItem
		TITLE = 00:03
		SHAPE = Rect [x:934.0 y:1009.0 w:80.0 h:22.0]
		CHILDREN = 0
		PATH = [0, 1, 0, 0, 3, 0, 12]
	DESCRIPTION = Left Click at '00:03'
	TEXT = Compound Action =
		Move mouse to (974.0, 1020.0).
		Press Mouse Button BUTTON1
		Release Mouse Button BUTTON1

ExecutedAction [74]: 
 @Action ConcreteID = AC1ece6ls812401736935 AbstractID = AA1ece6ls812401736935
 ConcreteID CUSTOM = ConcreteID CUSTOM not available AbstractID CUSTOM = AAf5n0z4814069247122
 @State ConcreteID = SC1mzco4u5702718757017 AbstractID = SRf4agr952c2849452826
 ConcreteID CUSTOM = SCc75zi75633552139556 AbstractID CUSTOM = SA1i70fof5782097272533

	ROLE = LeftClickAt
	TARGET =
		WIDGET = WCi037hd27159483163, WR5quxi6b4097176690, WT5quxi6b4097176690, WPevq4z232284233141
		ROLE = UIATreeItem
		TITLE = 
		SHAPE = Rect [x:553.0 y:1037.0 w:158.0 h:26.0]
		CHILDREN = 0
		PATH = [0, 1, 0, 0, 3, 1, 1, 3]
	DESCRIPTION = Left Click at ''
	TEXT = Compound Action =
		Move mouse to (632.0, 1050.0).
		Press Mouse Button BUTTON1
		Release Mouse Button BUTTON1

ExecutedAction [75]: 
 @Action ConcreteID = ACod52lr80395282670 AbstractID = AAod52lr80395282670
 ConcreteID CUSTOM = ConcreteID CUSTOM not available AbstractID CUSTOM = AA1kfxj8i802207231203
 @State ConcreteID = SC1fi42dn26f491917678 AbstractID = SR1940u4525a3307022151
 ConcreteID CUSTOM = SC16hf2kn26b94964217 AbstractID CUSTOM = SA138z5g26c4126350052

	ROLE = LeftClickAt
	TARGET =
		WIDGET = WC3x1z9261894043508, WR10fgh33101836453781, WT10fgh33101836453781, WP1jxb6wn22329352370
		ROLE = UIACustomControl
		TITLE = 
		SHAPE = Rect [x:733.0 y:963.0 w:415.0 h:308.0]
		CHILDREN = 1
		PATH = [0, 1, 0, 0, 3, 0]
	DESCRIPTION = Left Click at ''
	TEXT = Compound Action =
		Move mouse to (940.5, 1117.0).
		Press Mouse Button BUTTON1
		Release Mouse Button BUTTON1

ExecutedAction [76]: 
 @Action ConcreteID = AC1vkn9bl802966076907 AbstractID = AA1vkn9bl802966076907
 ConcreteID CUSTOM = ConcreteID CUSTOM not available AbstractID CUSTOM = AAsmbnz880617257446
 @State ConcreteID = SC1fi42dn26f491917678 AbstractID = SR1940u4525a3307022151
 ConcreteID CUSTOM = SC16hf2kn26b94964217 AbstractID CUSTOM = SA138z5g26c4126350052

	ROLE = LeftClickAt
	TARGET =
		WIDGET = WC18ptid5211948074864, WR1e04pz3e358922214, WT1e04pz3e358922214, WPsy0gsn1d41300074
		ROLE = UIASplitButton
		TITLE = 
		SHAPE = Rect [x:548.0 y:963.0 w:600.0 h:308.0]
		CHILDREN = 3
		PATH = [0, 1, 0, 0, 3]
	DESCRIPTION = Left Click at ''
	TEXT = Compound Action =
		Move mouse to (848.0, 1117.0).
		Press Mouse Button BUTTON1
		Release Mouse Button BUTTON1

ExecutedAction [77]: 
 @Action ConcreteID = AC14s2xj2801933156262 AbstractID = AA14s2xj2801933156262
 ConcreteID CUSTOM = ConcreteID CUSTOM not available AbstractID CUSTOM = AA1trc6p803879320491
 @State ConcreteID = SC1fi42dn26f491917678 AbstractID = SR1940u4525a3307022151
 ConcreteID CUSTOM = SC16hf2kn26b94964217 AbstractID CUSTOM = SA138z5g26c4126350052

	ROLE = LeftClickAt
	TARGET =
		WIDGET = WCi037hd27159483163, WR5quxi6b4097176690, WT5quxi6b4097176690, WPevq4z232284233141
		ROLE = UIATreeItem
		TITLE = 
		SHAPE = Rect [x:553.0 y:1037.0 w:158.0 h:26.0]
		CHILDREN = 0
		PATH = [0, 1, 0, 0, 3, 1, 1, 3]
	DESCRIPTION = Left Click at ''
	TEXT = Compound Action =
		Move mouse to (632.0, 1050.0).
		Press Mouse Button BUTTON1
		Release Mouse Button BUTTON1

ExecutedAction [78]: 
 @Action ConcreteID = AC110xwnp802614699590 AbstractID = AA110xwnp802614699590
 ConcreteID CUSTOM = ConcreteID CUSTOM not available AbstractID CUSTOM = AA1x3qdag80265880139
 @State ConcreteID = SC1fi42dn26f491917678 AbstractID = SR1940u4525a3307022151
 ConcreteID CUSTOM = SC16hf2kn26b94964217 AbstractID CUSTOM = SA138z5g26c4126350052

	ROLE = LeftClickAt
	TARGET =
		WIDGET = WCi037jy271962307934, WR5quxi6b4097176690, WT5quxi6b4097176690, WPevq7k234115748336
		ROLE = UIATreeItem
		TITLE = 
		SHAPE = Rect [x:548.0 y:1115.0 w:163.0 h:22.0]
		CHILDREN = 0
		PATH = [0, 1, 0, 0, 3, 1, 1, 6]
	DESCRIPTION = Left Click at ''
	TEXT = Compound Action =
		Move mouse to (629.5, 1126.0).
		Press Mouse Button BUTTON1
		Release Mouse Button BUTTON1

ExecutedAction [79]: 
 @Action ConcreteID = ACzyj9w1801867315874 AbstractID = AAzyj9w1801867315874
 ConcreteID CUSTOM = ConcreteID CUSTOM not available AbstractID CUSTOM = AA1w1bqis804216118959
 @State ConcreteID = SC1fi42dn26f491917678 AbstractID = SR1940u4525a3307022151
 ConcreteID CUSTOM = SC16hf2kn26b94964217 AbstractID CUSTOM = SA138z5g26c4126350052

	ROLE = LeftClickAt
	TARGET =
		WIDGET = WCmholc2203062808613, WR10fgh33101836453781, WT10fgh33101836453781, WP1jw6yus1c133918733
		ROLE = UIACustomControl
		TITLE = 
		SHAPE = Rect [x:548.0 y:938.0 w:600.0 h:336.0]
		CHILDREN = 4
		PATH = [0, 1, 0, 0]
	DESCRIPTION = Left Click at ''
	TEXT = Compound Action =
		Move mouse to (848.0, 1106.0).
		Press Mouse Button BUTTON1
		Release Mouse Button BUTTON1

ExecutedAction [80]: 
 @Action ConcreteID = AC7n7uzt7f3848824171 AbstractID = AA7n7uzt7f3848824171
 ConcreteID CUSTOM = ConcreteID CUSTOM not available AbstractID CUSTOM = AAk4wnpy7f2172120290
 @State ConcreteID = SC1fi42dn26f491917678 AbstractID = SR1940u4525a3307022151
 ConcreteID CUSTOM = SC16hf2kn26b94964217 AbstractID CUSTOM = SA138z5g26c4126350052

	ROLE = LeftClickAt
	TARGET =
		WIDGET = WC18ptibf211177231858, WR1e04pz3e358922214, WT1e04pz3e358922214, WPsy0gqx1d809521896
		ROLE = UIASplitButton
		TITLE = 
		SHAPE = Rect [x:865.0 y:941.0 w:23.0 h:22.0]
		CHILDREN = 0
		PATH = [0, 1, 0, 0, 1]
	DESCRIPTION = Left Click at ''
	TEXT = Compound Action =
		Move mouse to (876.5, 952.0).
		Press Mouse Button BUTTON1
		Release Mouse Button BUTTON1

ExecutedAction [81]: 
 @Action ConcreteID = AC110xwnp802614699590 AbstractID = AA110xwnp802614699590
 ConcreteID CUSTOM = ConcreteID CUSTOM not available AbstractID CUSTOM = AA1x3qdag80265880139
 @State ConcreteID = SC1fi42dn26f491917678 AbstractID = SR1940u4525a3307022151
 ConcreteID CUSTOM = SC16hf2kn26b94964217 AbstractID CUSTOM = SA138z5g26c4126350052

	ROLE = LeftClickAt
	TARGET =
		WIDGET = WCi037jy271962307934, WR5quxi6b4097176690, WT5quxi6b4097176690, WPevq7k234115748336
		ROLE = UIATreeItem
		TITLE = 
		SHAPE = Rect [x:548.0 y:1115.0 w:163.0 h:22.0]
		CHILDREN = 0
		PATH = [0, 1, 0, 0, 3, 1, 1, 6]
	DESCRIPTION = Left Click at ''
	TEXT = Compound Action =
		Move mouse to (629.5, 1126.0).
		Press Mouse Button BUTTON1
		Release Mouse Button BUTTON1

ExecutedAction [82]: 
 @Action ConcreteID = AC12de8nd80717861808 AbstractID = AA12de8nd80717861808
 ConcreteID CUSTOM = ConcreteID CUSTOM not available AbstractID CUSTOM = AA1yg6pa4803200882621
 @State ConcreteID = SC1fi42dn26f491917678 AbstractID = SR1940u4525a3307022151
 ConcreteID CUSTOM = SC16hf2kn26b94964217 AbstractID CUSTOM = SA138z5g26c4126350052

	ROLE = LeftClickAt
	TARGET =
		WIDGET = WC17r8t0t201747801787, WR4na8ob72534219213, WT4na8ob72534219213, WP1gfvs571c3586963842
		ROLE = UIATree
		TITLE = 
		SHAPE = Rect [x:548.0 y:963.0 w:180.0 h:175.0]
		CHILDREN = 8
		PATH = [0, 1, 0, 0, 3, 1, 1]
	DESCRIPTION = Left Click at ''
	TEXT = Compound Action =
		Move mouse to (638.0, 1050.5).
		Press Mouse Button BUTTON1
		Release Mouse Button BUTTON1

ExecutedAction [83]: 
 @Action ConcreteID = ACj66buq802398665284 AbstractID = AAj66buq802398665284
 ConcreteID CUSTOM = ConcreteID CUSTOM not available AbstractID CUSTOM = AA1f8yshh80452501065
 @State ConcreteID = SC1fi42dn26f491917678 AbstractID = SR1940u4525a3307022151
 ConcreteID CUSTOM = SC16hf2kn26b94964217 AbstractID CUSTOM = SA138z5g26c4126350052

	ROLE = LeftClickAt
	TARGET =
		WIDGET = WCi037i8271186993116, WR5quxi6b4097176690, WT5quxi6b4097176690, WPevq5u233345430386
		ROLE = UIATreeItem
		TITLE = 
		SHAPE = Rect [x:553.0 y:1063.0 w:158.0 h:26.0]
		CHILDREN = 0
		PATH = [0, 1, 0, 0, 3, 1, 1, 4]
	DESCRIPTION = Left Click at ''
	TEXT = Compound Action =
		Move mouse to (632.0, 1076.0).
		Press Mouse Button BUTTON1
		Release Mouse Button BUTTON1

ExecutedAction [84]: 
 @Action ConcreteID = AC14y7q7n812719386917 AbstractID = AA14y7q7n812719386917
 ConcreteID CUSTOM = ConcreteID CUSTOM not available AbstractID CUSTOM = AAwu2e3380515203229
 @State ConcreteID = SC18pg36z3892832231443 AbstractID = SRc1b7px3641432665393
 ConcreteID CUSTOM = SC1ydy5nn3873262586420 AbstractID CUSTOM = SA1hshojf389538553850

	ROLE = LeftClickAt
	TARGET =
		WIDGET = WC1733of6541697151117, WR52qhb2b3065858412, WT3q9xbr3854862989, WP1ay885w501522838927
		ROLE = UIAListItem
		TITLE = vlc-record-2019-08-31-13h00m57s-dshow___-.wav
		SHAPE = Rect [x:851.0 y:965.0 w:116.0 h:143.0]
		CHILDREN = 0
		PATH = [0, 1, 0, 0, 3, 0, 6, 1]
	DESCRIPTION = Left Click at 'vlc-record-2019-08-31-13h00m57s-dshow___-.wav'
	TEXT = Compound Action =
		Move mouse to (909.0, 1036.5).
		Press Mouse Button BUTTON1
		Release Mouse Button BUTTON1

ExecutedAction [85]: 
 @Action ConcreteID = AC14y7q7n812719386917 AbstractID = AA14y7q7n812719386917
 ConcreteID CUSTOM = ConcreteID CUSTOM not available AbstractID CUSTOM = AAwu2e3380515203229
 @State ConcreteID = SC18pg36z3892832231443 AbstractID = SRc1b7px3641432665393
 ConcreteID CUSTOM = SC1ydy5nn3873262586420 AbstractID CUSTOM = SA1hshojf389538553850

	ROLE = LeftClickAt
	TARGET =
		WIDGET = WC1733of6541697151117, WR52qhb2b3065858412, WT3q9xbr3854862989, WP1ay885w501522838927
		ROLE = UIAListItem
		TITLE = vlc-record-2019-08-31-13h00m57s-dshow___-.wav
		SHAPE = Rect [x:851.0 y:965.0 w:116.0 h:143.0]
		CHILDREN = 0
		PATH = [0, 1, 0, 0, 3, 0, 6, 1]
	DESCRIPTION = Left Click at 'vlc-record-2019-08-31-13h00m57s-dshow___-.wav'
	TEXT = Compound Action =
		Move mouse to (909.0, 1036.5).
		Press Mouse Button BUTTON1
		Release Mouse Button BUTTON1

ExecutedAction [86]: 
 @Action ConcreteID = AC1ucnl7o812850793173 AbstractID = AA1ucnl7o812850793173
 ConcreteID CUSTOM = ConcreteID CUSTOM not available AbstractID CUSTOM = AA10ihbun802526658848
 @State ConcreteID = SC1pl89al38a1353252163 AbstractID = SRc1b7px3641432665393
 ConcreteID CUSTOM = SC1wg91ug3881139689078 AbstractID CUSTOM = SA1hshojf389538553850

	ROLE = LeftClickAt
	TARGET =
		WIDGET = WCcy802o512201878196, WR52qhb2b3065858412, WT3q9xbr3854862989, WPdo8gj24d3506591531
		ROLE = UIAListItem
		TITLE = vlc-record-2019-08-31-13h00m57s-dshow___-.wav
		SHAPE = Rect [x:735.0 y:1016.0 w:394.0 h:51.0]
		CHILDREN = 0
		PATH = [0, 1, 0, 0, 3, 0, 1]
	DESCRIPTION = Left Click at 'vlc-record-2019-08-31-13h00m57s-dshow___-.wav'
	TEXT = Compound Action =
		Move mouse to (932.0, 1041.5).
		Press Mouse Button BUTTON1
		Release Mouse Button BUTTON1

ExecutedAction [87]: 
 @Action ConcreteID = ACuu66dp811119984775 AbstractID = AAuu66dp811119984775
 ConcreteID CUSTOM = ConcreteID CUSTOM not available AbstractID CUSTOM = AAzzx0o802108947314
 @State ConcreteID = SC1pl89al38a1353252163 AbstractID = SRc1b7px3641432665393
 ConcreteID CUSTOM = SC1wg91ug3881139689078 AbstractID CUSTOM = SA1hshojf389538553850

	ROLE = LeftClickAt
	TARGET =
		WIDGET = WC16jbmf61a1096834832, WR10fgh33101836453781, WT10fgh33101836453781, WP1guga7o163055823518
		ROLE = UIACustomControl
		TITLE = 
		SHAPE = Rect [x:548.0 y:938.0 w:600.0 h:336.0]
		CHILDREN = 1
		PATH = [0, 1]
	DESCRIPTION = Left Click at ''
	TEXT = Compound Action =
		Move mouse to (848.0, 1106.0).
		Press Mouse Button BUTTON1
		Release Mouse Button BUTTON1

ExecutedAction [88]: 
 @Action ConcreteID = ACvwkt5d813058974819 AbstractID = AAvwkt5d813058974819
 ConcreteID CUSTOM = ConcreteID CUSTOM not available AbstractID CUSTOM = AA22ejsc802300979094
 @State ConcreteID = SC1pl89al38a1353252163 AbstractID = SRc1b7px3641432665393
 ConcreteID CUSTOM = SC1wg91ug3881139689078 AbstractID CUSTOM = SA1hshojf389538553850

	ROLE = LeftClickAt
	TARGET =
		WIDGET = WCi037jy271962307934, WR5quxi6b4097176690, WT5quxi6b4097176690, WPevq7k234115748336
		ROLE = UIATreeItem
		TITLE = 
		SHAPE = Rect [x:548.0 y:1115.0 w:163.0 h:22.0]
		CHILDREN = 0
		PATH = [0, 1, 0, 0, 3, 1, 1, 6]
	DESCRIPTION = Left Click at ''
	TEXT = Compound Action =
		Move mouse to (629.5, 1126.0).
		Press Mouse Button BUTTON1
		Release Mouse Button BUTTON1

ExecutedAction [89]: 
 @Action ConcreteID = ACp4vv0g81616821149 AbstractID = AAp4vv0g81616821149
 ConcreteID CUSTOM = ConcreteID CUSTOM not available AbstractID CUSTOM = AA1ubtnmj80464623208
 @State ConcreteID = SC1pl89al38a1353252163 AbstractID = SRc1b7px3641432665393
 ConcreteID CUSTOM = SC1wg91ug3881139689078 AbstractID CUSTOM = SA1hshojf389538553850

	ROLE = LeftClickAt
	TARGET =
		WIDGET = WCu6l68p511236616816, WR52qhb2b3065858412, WTbq8g2l381288274106, WP996ecn4d1177440965
		ROLE = UIAListItem
		TITLE = vlc-record-2019-08-31-13h19m15s-dshow___-.wav
		SHAPE = Rect [x:735.0 y:1067.0 w:394.0 h:51.0]
		CHILDREN = 0
		PATH = [0, 1, 0, 0, 3, 0, 2]
	DESCRIPTION = Left Click at 'vlc-record-2019-08-31-13h19m15s-dshow___-.wav'
	TEXT = Compound Action =
		Move mouse to (932.0, 1092.5).
		Press Mouse Button BUTTON1
		Release Mouse Button BUTTON1

ExecutedAction [90]: 
 @Action ConcreteID = AC19jwryq803087191508 AbstractID = AA19jwryq803087191508
 ConcreteID CUSTOM = ConcreteID CUSTOM not available AbstractID CUSTOM = AA5myzvb7f2137253234
 @State ConcreteID = SC1pl89al38a1353252163 AbstractID = SRc1b7px3641432665393
 ConcreteID CUSTOM = SC1wg91ug3881139689078 AbstractID CUSTOM = SA1hshojf389538553850

	ROLE = LeftClickAt
	TARGET =
		WIDGET = WC138wfeb27734355940, WR1h6ibpb92248851252, WTfqv6nk11735077970, WPfofpph231137238486
		ROLE = UIAButton
		TITLE = My Music
		SHAPE = Rect [x:548.0 y:941.0 w:62.0 h:22.0]
		CHILDREN = 0
		PATH = [0, 1, 0, 0, 0, 0]
	DESCRIPTION = Left Click at 'My Music'
	TEXT = Compound Action =
		Move mouse to (579.0, 952.0).
		Press Mouse Button BUTTON1
		Release Mouse Button BUTTON1

ExecutedAction [91]: 
 @Action ConcreteID = ACj8rz3f81973270731 AbstractID = AAj8rz3f81973270731
 ConcreteID CUSTOM = ConcreteID CUSTOM not available AbstractID CUSTOM = AA1ofprpi8091261246
 @State ConcreteID = SC1pl89al38a1353252163 AbstractID = SRc1b7px3641432665393
 ConcreteID CUSTOM = SC1wg91ug3881139689078 AbstractID CUSTOM = SA1hshojf389538553850

	ROLE = LeftClickAt
	TARGET =
		WIDGET = WC3x1z9261894043508, WR10fgh33101836453781, WT10fgh33101836453781, WP1jxb6wn22329352370
		ROLE = UIACustomControl
		TITLE = 
		SHAPE = Rect [x:733.0 y:963.0 w:415.0 h:308.0]
		CHILDREN = 7
		PATH = [0, 1, 0, 0, 3, 0]
	DESCRIPTION = Left Click at ''
	TEXT = Compound Action =
		Move mouse to (940.5, 1117.0).
		Press Mouse Button BUTTON1
		Release Mouse Button BUTTON1

ExecutedAction [92]: 
 @Action ConcreteID = ACdvjf3781904053331 AbstractID = AAdvjf3781904053331
 ConcreteID CUSTOM = ConcreteID CUSTOM not available AbstractID CUSTOM = AA1j2h7pa80177251750
 @State ConcreteID = SC1pl89al38a1353252163 AbstractID = SRc1b7px3641432665393
 ConcreteID CUSTOM = SC1wg91ug3881139689078 AbstractID CUSTOM = SA1hshojf389538553850

	ROLE = LeftClickAt
	TARGET =
		WIDGET = WCnfq58j54389695058, WR52qhb2b3065858412, WT1ay64fx382570970804, WP6pktf9503470541102
		ROLE = UIAListItem
		TITLE = vlc-record-2019-09-01-02h56m43s-dshow___-.wav
		SHAPE = Rect [x:735.0 y:1251.0 w:116.0 h:143.0]
		CHILDREN = 0
		PATH = [0, 1, 0, 0, 3, 0, 6, 6]
	DESCRIPTION = Left Click at 'vlc-record-2019-09-01-02h56m43s-dshow___-.wav'
	TEXT = Compound Action =
		Move mouse to (793.0, 1322.5).
		Press Mouse Button BUTTON1
		Release Mouse Button BUTTON1

Forcing SUT activation (bring to foreground) action
ExecutedAction [93]: 
 @Action ConcreteID = ACofr709391208717709 AbstractID = AAofr709391208717709
 ConcreteID CUSTOM = ConcreteID CUSTOM not available AbstractID CUSTOM = AAhxo8r8381423040650
 @State ConcreteID = SC1pl89al38a1353252163 AbstractID = SRc1b7px3641432665393
 ConcreteID CUSTOM = SC1wg91ug3881139689078 AbstractID CUSTOM = SA1hshojf389538553850

	DESCRIPTION = Bring the system to the foreground.
	TEXT = Bring the system to the foreground.

Forcing SUT activation (bring to foreground) action
ExecutedAction [94]: 
 @Action ConcreteID = ACofr709391208717709 AbstractID = AAofr709391208717709
 ConcreteID CUSTOM = ConcreteID CUSTOM not available AbstractID CUSTOM = AAhxo8r8381423040650
 @State ConcreteID = SC1pl89al38a1353252163 AbstractID = SRc1b7px3641432665393
 ConcreteID CUSTOM = SC1wg91ug3881139689078 AbstractID CUSTOM = SA1hshojf389538553850

	DESCRIPTION = Bring the system to the foreground.
	TEXT = Bring the system to the foreground.

ExecutedAction [95]: 
 @Action ConcreteID = ACp4vv0g81616821149 AbstractID = AAp4vv0g81616821149
 ConcreteID CUSTOM = ConcreteID CUSTOM not available AbstractID CUSTOM = AA1ubtnmj80464623208
 @State ConcreteID = SC1pl89al38a1353252163 AbstractID = SRc1b7px3641432665393
 ConcreteID CUSTOM = SC1wg91ug3881139689078 AbstractID CUSTOM = SA1hshojf389538553850

	ROLE = LeftClickAt
	TARGET =
		WIDGET = WCu6l68p511236616816, WR52qhb2b3065858412, WTbq8g2l381288274106, WP996ecn4d1177440965
		ROLE = UIAListItem
		TITLE = vlc-record-2019-08-31-13h19m15s-dshow___-.wav
		SHAPE = Rect [x:735.0 y:1067.0 w:394.0 h:51.0]
		CHILDREN = 0
		PATH = [0, 1, 0, 0, 3, 0, 2]
	DESCRIPTION = Left Click at 'vlc-record-2019-08-31-13h19m15s-dshow___-.wav'
	TEXT = Compound Action =
		Move mouse to (932.0, 1092.5).
		Press Mouse Button BUTTON1
		Release Mouse Button BUTTON1

ExecutedAction [96]: 
 @Action ConcreteID = ACh27syq812706042847 AbstractID = AAh27syq812706042847
 ConcreteID CUSTOM = ConcreteID CUSTOM not available AbstractID CUSTOM = AA1m95lkt802654505002
 @State ConcreteID = SC1pl89al38a1353252163 AbstractID = SRc1b7px3641432665393
 ConcreteID CUSTOM = SC1wg91ug3881139689078 AbstractID CUSTOM = SA1hshojf389538553850

	ROLE = LeftClickAt
	TARGET =
		WIDGET = WCi037j3271608196765, WR5quxi6b4097176690, WT5quxi6b4097176690, WPevq6p233732670003
		ROLE = UIATreeItem
		TITLE = 
		SHAPE = Rect [x:553.0 y:1089.0 w:158.0 h:26.0]
		CHILDREN = 0
		PATH = [0, 1, 0, 0, 3, 1, 1, 5]
	DESCRIPTION = Left Click at ''
	TEXT = Compound Action =
		Move mouse to (632.0, 1102.0).
		Press Mouse Button BUTTON1
		Release Mouse Button BUTTON1

ExecutedAction [97]: 
 @Action ConcreteID = ACz6vpx780342910117 AbstractID = AAz6vpx780342910117
 ConcreteID CUSTOM = ConcreteID CUSTOM not available AbstractID CUSTOM = AA1vq9k6j801232224350
 @State ConcreteID = SC44ddnn3a12794933078 AbstractID = SRmvulnc3773410629693
 ConcreteID CUSTOM = SCc748b73a03775451087 AbstractID CUSTOM = SAplxks739d4102234431

	ROLE = LeftClickAt
	TARGET =
		WIDGET = WC1rm8f0135205927920, WR52qhb2b3065858412, WT1ehdijt191275405601, WP1mo3ilf313323919351
		ROLE = UIAListItem
		TITLE = New folder (4)
		SHAPE = Rect [x:851.0 y:1108.0 w:116.0 h:143.0]
		CHILDREN = 0
		PATH = [0, 1, 0, 0, 3, 0, 6, 4]
	DESCRIPTION = Left Click at 'New folder (4)'
	TEXT = Compound Action =
		Move mouse to (909.0, 1179.5).
		Press Mouse Button BUTTON1
		Release Mouse Button BUTTON1

ExecutedAction [98]: 
 @Action ConcreteID = AC184bfzi803961315905 AbstractID = AA184bfzi803961315905
 ConcreteID CUSTOM = ConcreteID CUSTOM not available AbstractID CUSTOM = AA5ml89q802971584186
 @State ConcreteID = SC44ddnn3a12794933078 AbstractID = SRmvulnc3773410629693
 ConcreteID CUSTOM = SCc748b73a03775451087 AbstractID CUSTOM = SAplxks739d4102234431

	ROLE = LeftClickAt
	TARGET =
		WIDGET = WC562x9n32995572483, WR52qhb2b3065858412, WT1ehdiiy1954834150, WPp3b9a12e1667242967
		ROLE = UIAListItem
		TITLE = New folder (3)
		SHAPE = Rect [x:735.0 y:1118.0 w:394.0 h:51.0]
		CHILDREN = 0
		PATH = [0, 1, 0, 0, 3, 0, 3]
	DESCRIPTION = Left Click at 'New folder (3)'
	TEXT = Compound Action =
		Move mouse to (932.0, 1143.5).
		Press Mouse Button BUTTON1
		Release Mouse Button BUTTON1

ExecutedAction [99]: 
 @Action ConcreteID = ACl06plf802339542521 AbstractID = AAl06plf802339542521
 ConcreteID CUSTOM = ConcreteID CUSTOM not available AbstractID CUSTOM = AA1hjkjur803597709570
 @State ConcreteID = SC44ddnn3a12794933078 AbstractID = SRmvulnc3773410629693
 ConcreteID CUSTOM = SCc748b73a03775451087 AbstractID CUSTOM = SAplxks739d4102234431

	ROLE = LeftClickAt
	TARGET =
		WIDGET = WC1kw8wh024732654283, WR1e04pz3e358922214, WT1e04pz3e358922214, WP1egy3ti203832078078
		ROLE = UIASplitButton
		TITLE = 
		SHAPE = Rect [x:548.0 y:963.0 w:180.0 h:308.0]
		CHILDREN = 3
		PATH = [0, 1, 0, 0, 3, 1]
	DESCRIPTION = Left Click at ''
	TEXT = Compound Action =
		Move mouse to (638.0, 1117.0).
		Press Mouse Button BUTTON1
		Release Mouse Button BUTTON1

ExecutedAction [100]: 
 @Action ConcreteID = AC1vdpmj0801665078879 AbstractID = AA1vdpmj0801665078879
 ConcreteID CUSTOM = ConcreteID CUSTOM not available AbstractID CUSTOM = AAsvzet8801044198052
 @State ConcreteID = SC44ddnn3a12794933078 AbstractID = SRmvulnc3773410629693
 ConcreteID CUSTOM = SCc748b73a03775451087 AbstractID CUSTOM = SAplxks739d4102234431

	ROLE = LeftClickAt
	TARGET =
		WIDGET = WC17r8t0t201747801787, WR4na8ob72534219213, WT4na8ob72534219213, WP1gfvs571c3586963842
		ROLE = UIATree
		TITLE = 
		SHAPE = Rect [x:548.0 y:963.0 w:180.0 h:175.0]
		CHILDREN = 8
		PATH = [0, 1, 0, 0, 3, 1, 1]
	DESCRIPTION = Left Click at ''
	TEXT = Compound Action =
		Move mouse to (638.0, 1050.5).
		Press Mouse Button BUTTON1
		Release Mouse Button BUTTON1

Sequence 1 finished.
Copying generated sequence ("sequence739") to output directory...
Copying classified sequence ("sequence739") to sequences_ok folder...
