Starting sequence 1 (output as: sequence698)

ExecutedAction [1]: 
 @Action ConcreteID = AC167ausc7e3689673508 AbstractID = AA167ausc7e3689673508
 ConcreteID CUSTOM = ConcreteID CUSTOM not available AbstractID CUSTOM = AArixbal7e123564459
 @State ConcreteID = SC6w2h61d63505289064 AbstractID = SRuxvih1ba2513313992
 ConcreteID CUSTOM = SC22ddoh1d53711883251 AbstractID CUSTOM = SA1e0xkku1d417380732

	ROLE = LeftClickAt
	TARGET =
		WIDGET = WC3rq8hx1e869414367, WR17v7k2nb1067391859, WTaz2n92112307194186, WPablb9v1a985931869
		ROLE = UIAMenuItem
		TITLE = Format
		SHAPE = Rect [x:734.0 y:641.0 w:52.0 h:19.0]
		CHILDREN = 0
		PATH = [0, 3, 2]
	DESCRIPTION = Left Click at 'Format'
	TEXT = Compound Action =
		Move mouse to (760.0, 650.5).
		Press Mouse Button BUTTON1
		Release Mouse Button BUTTON1

ExecutedAction [2]: 
 @Action ConcreteID = ACkc5js8802268246884 AbstractID = AAkc5js8802268246884
 ConcreteID CUSTOM = ConcreteID CUSTOM not available AbstractID CUSTOM = AAkauita80456893360
 @State ConcreteID = SC1t3h04d20d3763755446 AbstractID = SRhdom0g1f51351705365
 ConcreteID CUSTOM = SCyu6wed212968771561 AbstractID CUSTOM = SA1odsafd20b3326211211

	ROLE = LeftClickAt
	TARGET =
		WIDGET = WC12bnyii1c2902228113, WR17v7k2nb1067391859, WT1qe89j4f2180189081, WP10dl4js18262952754
		ROLE = UIAMenuItem
		TITLE = Help
		SHAPE = Rect [x:825.0 y:641.0 w:39.0 h:19.0]
		CHILDREN = 0
		PATH = [0, 4, 4]
	DESCRIPTION = Left Click at 'Help'
	TEXT = Compound Action =
		Move mouse to (844.5, 650.5).
		Press Mouse Button BUTTON1
		Release Mouse Button BUTTON1

ExecutedAction [3]: 
 @Action ConcreteID = AC1els0a87e3851832879 AbstractID = AA1els0a87e3851832879
 ConcreteID CUSTOM = ConcreteID CUSTOM not available AbstractID CUSTOM = AAzxegsh7e958450848
 @State ConcreteID = SC6w2h61d63505289064 AbstractID = SRuxvih1ba2513313992
 ConcreteID CUSTOM = SC22ddoh1d53711883251 AbstractID CUSTOM = SA1e0xkku1d417380732

	ROLE = LeftClickAt
	TARGET =
		WIDGET = WCdfgprn1c4116076503, WR17v7k2nb1067391859, WT1qe6brdf138512687, WP1hwpd4x181691246414
		ROLE = UIAMenuItem
		TITLE = Edit
		SHAPE = Rect [x:700.0 y:641.0 w:34.0 h:19.0]
		CHILDREN = 0
		PATH = [0, 3, 1]
	DESCRIPTION = Left Click at 'Edit'
	TEXT = Compound Action =
		Move mouse to (717.0, 650.5).
		Press Mouse Button BUTTON1
		Release Mouse Button BUTTON1

ExecutedAction [4]: 
 @Action ConcreteID = AC13eezx67f152003550 AbstractID = AA13eezx67f152003550
 ConcreteID CUSTOM = ConcreteID CUSTOM not available AbstractID CUSTOM = AA7gn6k07f2065119973
 @State ConcreteID = SC14wfehd2eb793389542 AbstractID = SR1hpakru2d13589890082
 ConcreteID CUSTOM = SCnfn61e2f289313879 AbstractID CUSTOM = SA3bzqiy2ea3536011733

	ROLE = LeftClickAt
	TARGET =
		WIDGET = WCdg0id01c1198951367, WR17v7k2nb1067391859, WT1qe6brdf138512687, WP1hx95qa183605955422
		ROLE = UIAMenuItem
		TITLE = Edit
		SHAPE = Rect [x:700.0 y:641.0 w:34.0 h:19.0]
		CHILDREN = 0
		PATH = [0, 4, 1]
	DESCRIPTION = Left Click at 'Edit'
	TEXT = Compound Action =
		Move mouse to (717.0, 650.5).
		Press Mouse Button BUTTON1
		Release Mouse Button BUTTON1

ExecutedAction [5]: 
 @Action ConcreteID = ACjc9x5c7e2892327098 AbstractID = AAjc9x5c7e2892327098
 ConcreteID CUSTOM = ConcreteID CUSTOM not available AbstractID CUSTOM = AA4nwdnl7e1892936245
 @State ConcreteID = SC6w2h61d63505289064 AbstractID = SRuxvih1ba2513313992
 ConcreteID CUSTOM = SC22ddoh1d53711883251 AbstractID CUSTOM = SA1e0xkku1d417380732

	ROLE = LeftClickAt
	TARGET =
		WIDGET = WC12b45x51c517775489, WR17v7k2nb1067391859, WT1qe89j4f2180189081, WP10d1byf183180104482
		ROLE = UIAMenuItem
		TITLE = Help
		SHAPE = Rect [x:825.0 y:641.0 w:39.0 h:19.0]
		CHILDREN = 0
		PATH = [0, 3, 4]
	DESCRIPTION = Left Click at 'Help'
	TEXT = Compound Action =
		Move mouse to (844.5, 650.5).
		Press Mouse Button BUTTON1
		Release Mouse Button BUTTON1

ExecutedAction [6]: 
 @Action ConcreteID = AC1nq4nke7f1623948104 AbstractID = AA1nq4nke7f1623948104
 ConcreteID CUSTOM = ConcreteID CUSTOM not available AbstractID CUSTOM = AA1phoaje802542555784
 @State ConcreteID = SCiqbf6u2214275623817 AbstractID = SR1p2iogu2092294951997
 ConcreteID CUSTOM = SC18iu7be2271352204780 AbstractID CUSTOM = SA19xk86e21f1597656056

	ROLE = LeftClickAt
	TARGET =
		WIDGET = WCdszybb1c22406618, WR17v7k2nb1067391859, WT1qeha5gf2005531835, WPk77bd1182459370466
		ROLE = UIAMenuItem
		TITLE = View
		SHAPE = Rect [x:786.0 y:641.0 w:39.0 h:19.0]
		CHILDREN = 0
		PATH = [0, 4, 3]
	DESCRIPTION = Left Click at 'View'
	TEXT = Compound Action =
		Move mouse to (805.5, 650.5).
		Press Mouse Button BUTTON1
		Release Mouse Button BUTTON1

ExecutedAction [7]: 
 @Action ConcreteID = AC1els0a87e3851832879 AbstractID = AA1els0a87e3851832879
 ConcreteID CUSTOM = ConcreteID CUSTOM not available AbstractID CUSTOM = AAzxegsh7e958450848
 @State ConcreteID = SC6w2h61d63505289064 AbstractID = SRuxvih1ba2513313992
 ConcreteID CUSTOM = SC22ddoh1d53711883251 AbstractID CUSTOM = SA1e0xkku1d417380732

	ROLE = LeftClickAt
	TARGET =
		WIDGET = WCdfgprn1c4116076503, WR17v7k2nb1067391859, WT1qe6brdf138512687, WP1hwpd4x181691246414
		ROLE = UIAMenuItem
		TITLE = Edit
		SHAPE = Rect [x:700.0 y:641.0 w:34.0 h:19.0]
		CHILDREN = 0
		PATH = [0, 3, 1]
	DESCRIPTION = Left Click at 'Edit'
	TEXT = Compound Action =
		Move mouse to (717.0, 650.5).
		Press Mouse Button BUTTON1
		Release Mouse Button BUTTON1

ExecutedAction [8]: 
 @Action ConcreteID = ACuzxufa7f930275029 AbstractID = AAuzxufa7f930275029
 ConcreteID CUSTOM = ConcreteID CUSTOM not available AbstractID CUSTOM = AA1y3a3187f1164609518
 @State ConcreteID = SC14wfehd2eb793389542 AbstractID = SR1hpakru2d13589890082
 ConcreteID CUSTOM = SCnfn61e2f289313879 AbstractID CUSTOM = SA3bzqiy2ea3536011733

	ROLE = LeftClickAt
	TARGET =
		WIDGET = WC3sa13a1e2180180431, WR17v7k2nb1067391859, WTaz2n92112307194186, WPac53v81a2296708173
		ROLE = UIAMenuItem
		TITLE = Format
		SHAPE = Rect [x:734.0 y:641.0 w:52.0 h:19.0]
		CHILDREN = 0
		PATH = [0, 4, 2]
	DESCRIPTION = Left Click at 'Format'
	TEXT = Compound Action =
		Move mouse to (760.0, 650.5).
		Press Mouse Button BUTTON1
		Release Mouse Button BUTTON1

ExecutedAction [9]: 
 @Action ConcreteID = AC8s8x1ce02988857089 AbstractID = AA1gttwpkd51871500563
 ConcreteID CUSTOM = ConcreteID CUSTOM not available AbstractID CUSTOM = AAxjhiufd5393627355
 @State ConcreteID = SC6w2h61d63505289064 AbstractID = SRuxvih1ba2513313992
 ConcreteID CUSTOM = SC22ddoh1d53711883251 AbstractID CUSTOM = SA1e0xkku1d417380732

	ROLE = ClickTypeInto
	TARGET =
		WIDGET = WCh9rmb11c1827454063, WR4n0dlj72701565195, WTei4yvd121088706799, WP1p79f6n182825509439
		ROLE = UIAEdit
		TITLE = Text Editor
		SHAPE = Rect [x:668.0 y:661.0 w:1881.0 h:878.0]
		CHILDREN = 1
		PATH = [0, 0]
	DESCRIPTION = Type '{0}' into 'Text Editor
	TEXT = Compound Action =
		Compound Action =
		Move mouse to (1608.5, 1100.0).
		Press Mouse Button BUTTON1
		Release Mouse Button BUTTON1
		Press Key 17
		Press Key 65
		Release Key 65
		Release Key 17
		Type text '{0}'

ExecutedAction [10]: 
 @Action ConcreteID = AC1oufhm801930527347 AbstractID = AA1oufhm801930527347
 ConcreteID CUSTOM = ConcreteID CUSTOM not available AbstractID CUSTOM = AA4nwdnl7e1892936245
 @State ConcreteID = SC1ik3puj1d61673412600 AbstractID = SRuxvih1ba2513313992
 ConcreteID CUSTOM = SCcoqpoa1d52993612308 AbstractID CUSTOM = SA1e0xkku1d417380732

	ROLE = LeftClickAt
	TARGET =
		WIDGET = WC12b45x51c517775489, WR17v7k2nb1067391859, WT1qe89j4f2180189081, WP10d1byf183180104482
		ROLE = UIAMenuItem
		TITLE = Help
		SHAPE = Rect [x:825.0 y:641.0 w:39.0 h:19.0]
		CHILDREN = 0
		PATH = [0, 3, 4]
	DESCRIPTION = Left Click at 'Help'
	TEXT = Compound Action =
		Move mouse to (844.5, 650.5).
		Press Mouse Button BUTTON1
		Release Mouse Button BUTTON1

ExecutedAction [11]: 
 @Action ConcreteID = AC7bn9vo7d2636179944 AbstractID = AA7bn9vo7d2636179944
 ConcreteID CUSTOM = ConcreteID CUSTOM not available AbstractID CUSTOM = AAi6opxj801961418770
 @State ConcreteID = SC34lhg221151284978 AbstractID = SR1p2iogu2092294951997
 ConcreteID CUSTOM = SC6h66042272665164544 AbstractID CUSTOM = SA19xk86e21f1597656056

	ROLE = LeftClickAt
	TARGET =
		WIDGET = WC2sd5c9251817436895, WR17v7k2nb1067391859, WT1wv077z18170180715, WP1v116zb21698957785
		ROLE = UIAMenuItem
		TITLE = About Notepad
		SHAPE = Rect [x:828.0 y:714.0 w:166.0 h:22.0]
		CHILDREN = 0
		PATH = [0, 0, 2]
	DESCRIPTION = Left Click at 'About Notepad'
	TEXT = Compound Action =
		Move mouse to (911.0, 725.0).
		Press Mouse Button BUTTON1
		Release Mouse Button BUTTON1

ExecutedAction [12]: 
 @Action ConcreteID = ACki01v4822541596201 AbstractID = AAki01v4822541596201
 ConcreteID CUSTOM = ConcreteID CUSTOM not available AbstractID CUSTOM = AA17kurj17f2082747833
 @State ConcreteID = SC1wmjqaz2d91323841824 AbstractID = SR9z8pzo2ae1627457717
 ConcreteID CUSTOM = SC5u0flo2d9900467770 AbstractID CUSTOM = SAanktvk2d643465284

	ROLE = LeftClickAt
	TARGET =
		WIDGET = WC15twxtj183412041097, WR1h6ibpb92248851252, WTzj707vb935461581, WPaxrmo5142767186721
		ROLE = UIAButton
		TITLE = OK
		SHAPE = Rect [x:1081.0 y:1083.0 w:75.0 h:23.0]
		CHILDREN = 0
		PATH = [0, 0, 8]
	DESCRIPTION = Left Click at 'OK'
	TEXT = Compound Action =
		Move mouse to (1118.5, 1094.5).
		Press Mouse Button BUTTON1
		Release Mouse Button BUTTON1

ExecutedAction [13]: 
 @Action ConcreteID = AC1dgu8at804101164346 AbstractID = AA1dgu8at804101164346
 ConcreteID CUSTOM = ConcreteID CUSTOM not available AbstractID CUSTOM = AA1gfw6gs7e4155549052
 @State ConcreteID = SC1ik3puj1d61673412600 AbstractID = SRuxvih1ba2513313992
 ConcreteID CUSTOM = SCcoqpoa1d52993612308 AbstractID CUSTOM = SA1e0xkku1d417380732

	ROLE = LeftClickAt
	TARGET =
		WIDGET = WCdsg5py1c3010804170, WR17v7k2nb1067391859, WT1qeha5gf2005531835, WPk6niro18548921330
		ROLE = UIAMenuItem
		TITLE = View
		SHAPE = Rect [x:786.0 y:641.0 w:39.0 h:19.0]
		CHILDREN = 0
		PATH = [0, 3, 3]
	DESCRIPTION = Left Click at 'View'
	TEXT = Compound Action =
		Move mouse to (805.5, 650.5).
		Press Mouse Button BUTTON1
		Release Mouse Button BUTTON1

ExecutedAction [14]: 
 @Action ConcreteID = AC1pn6wga803474047155 AbstractID = AA1pn6wga803474047155
 ConcreteID CUSTOM = ConcreteID CUSTOM not available AbstractID CUSTOM = AAkauita80456893360
 @State ConcreteID = SC169ce6120b2905989968 AbstractID = SRhdom0g1f51351705365
 ConcreteID CUSTOM = SCl005lb2113923160242 AbstractID CUSTOM = SA1odsafd20b3326211211

	ROLE = LeftClickAt
	TARGET =
		WIDGET = WC12bnyii1c2902228113, WR17v7k2nb1067391859, WT1qe89j4f2180189081, WP10dl4js18262952754
		ROLE = UIAMenuItem
		TITLE = Help
		SHAPE = Rect [x:825.0 y:641.0 w:39.0 h:19.0]
		CHILDREN = 0
		PATH = [0, 4, 4]
	DESCRIPTION = Left Click at 'Help'
	TEXT = Compound Action =
		Move mouse to (844.5, 650.5).
		Press Mouse Button BUTTON1
		Release Mouse Button BUTTON1

ExecutedAction [15]: 
 @Action ConcreteID = ACojvd4m8077535725 AbstractID = AAojvd4m8077535725
 ConcreteID CUSTOM = ConcreteID CUSTOM not available AbstractID CUSTOM = AArixbal7e123564459
 @State ConcreteID = SC1ik3puj1d61673412600 AbstractID = SRuxvih1ba2513313992
 ConcreteID CUSTOM = SCcoqpoa1d52993612308 AbstractID CUSTOM = SA1e0xkku1d417380732

	ROLE = LeftClickAt
	TARGET =
		WIDGET = WC3rq8hx1e869414367, WR17v7k2nb1067391859, WTaz2n92112307194186, WPablb9v1a985931869
		ROLE = UIAMenuItem
		TITLE = Format
		SHAPE = Rect [x:734.0 y:641.0 w:52.0 h:19.0]
		CHILDREN = 0
		PATH = [0, 3, 2]
	DESCRIPTION = Left Click at 'Format'
	TEXT = Compound Action =
		Move mouse to (760.0, 650.5).
		Press Mouse Button BUTTON1
		Release Mouse Button BUTTON1

ExecutedAction [16]: 
 @Action ConcreteID = AC7s50bb7f675357561 AbstractID = AA7s50bb7f675357561
 ConcreteID CUSTOM = ConcreteID CUSTOM not available AbstractID CUSTOM = AA175vgga801823815726
 @State ConcreteID = SCr31lh720d2439911513 AbstractID = SRhdom0g1f51351705365
 ConcreteID CUSTOM = SC10ba9eh212871846996 AbstractID CUSTOM = SA1odsafd20b3326211211

	ROLE = LeftClickAt
	TARGET =
		WIDGET = WC3sa13a1e2180180431, WR17v7k2nb1067391859, WTaz2n92112307194186, WPac53v81a2296708173
		ROLE = UIAMenuItem
		TITLE = Format
		SHAPE = Rect [x:734.0 y:641.0 w:52.0 h:19.0]
		CHILDREN = 0
		PATH = [0, 4, 2]
	DESCRIPTION = Left Click at 'Format'
	TEXT = Compound Action =
		Move mouse to (760.0, 650.5).
		Press Mouse Button BUTTON1
		Release Mouse Button BUTTON1

ExecutedAction [17]: 
 @Action ConcreteID = ACvlrbwk7f3883116779 AbstractID = AAvlrbwk7f3883116779
 ConcreteID CUSTOM = ConcreteID CUSTOM not available AbstractID CUSTOM = AA1uzhs1j802743579580
 @State ConcreteID = SCr31lh720d2439911513 AbstractID = SRhdom0g1f51351705365
 ConcreteID CUSTOM = SC10ba9eh212871846996 AbstractID CUSTOM = SA1odsafd20b3326211211

	ROLE = LeftClickAt
	TARGET =
		WIDGET = WC1u4fdmh214152205479, WR17v7k2nb1067391859, WTxuhgyp144189972595, WP1dm09vr1d3477249161
		ROLE = UIAMenuItem
		TITLE = Word Wrap
		SHAPE = Rect [x:737.0 y:663.0 w:144.0 h:22.0]
		CHILDREN = 0
		PATH = [0, 0, 0]
	DESCRIPTION = Left Click at 'Word Wrap'
	TEXT = Compound Action =
		Move mouse to (809.0, 674.0).
		Press Mouse Button BUTTON1
		Release Mouse Button BUTTON1

ExecutedAction [18]: 
 @Action ConcreteID = AC2yu6vy7f2386144896 AbstractID = AA2yu6vy7f2386144896
 ConcreteID CUSTOM = ConcreteID CUSTOM not available AbstractID CUSTOM = AA1qj34rw7f2400770496
 @State ConcreteID = SCx0ucmv2212689415416 AbstractID = SR1hca8yg2083573223560
 ConcreteID CUSTOM = SC158qwm82221728645543 AbstractID CUSTOM = SAtloevc21f2668501822

	ROLE = LeftClickAt
	TARGET =
		WIDGET = WC3rq8hx1e869414367, WR17v7k2nb1067391859, WTaz2n92112307194186, WPablb9v1a985931869
		ROLE = UIAMenuItem
		TITLE = Format
		SHAPE = Rect [x:734.0 y:641.0 w:52.0 h:19.0]
		CHILDREN = 0
		PATH = [0, 3, 2]
	DESCRIPTION = Left Click at 'Format'
	TEXT = Compound Action =
		Move mouse to (760.0, 650.5).
		Press Mouse Button BUTTON1
		Release Mouse Button BUTTON1

ExecutedAction [19]: 
 @Action ConcreteID = AC1ktxbzh803955938100 AbstractID = AA1ktxbzh803955938100
 ConcreteID CUSTOM = ConcreteID CUSTOM not available AbstractID CUSTOM = AA1n5bm8q7f4103499802
 @State ConcreteID = SC16ietoe25e3052410987 AbstractID = SRj5frjz243105811488
 ConcreteID CUSTOM = SC1qs9u322621845386684 AbstractID CUSTOM = SA1k5pjmd25b739509799

	ROLE = LeftClickAt
	TARGET =
		WIDGET = WC1frc9lv1c3431448778, WR17v7k2nb1067391859, WT1qe72ijf99311909, WPjc8r1t181437309355
		ROLE = UIAMenuItem
		TITLE = File
		SHAPE = Rect [x:668.0 y:641.0 w:32.0 h:19.0]
		CHILDREN = 0
		PATH = [0, 4, 0]
	DESCRIPTION = Left Click at 'File'
	TEXT = Compound Action =
		Move mouse to (684.0, 650.5).
		Press Mouse Button BUTTON1
		Release Mouse Button BUTTON1

ExecutedAction [20]: 
 @Action ConcreteID = ACdxy3r17f1218920015 AbstractID = AAdxy3r17f1218920015
 ConcreteID CUSTOM = ConcreteID CUSTOM not available AbstractID CUSTOM = AA2h2znv7f1233537295
 @State ConcreteID = SCx0ucmv2212689415416 AbstractID = SR1hca8yg2083573223560
 ConcreteID CUSTOM = SC158qwm82221728645543 AbstractID CUSTOM = SAtloevc21f2668501822

	ROLE = LeftClickAt
	TARGET =
		WIDGET = WC1fqsh0i1c2124881114, WR17v7k2nb1067391859, WT1qe72ijf99311909, WPjboygg183884664251
		ROLE = UIAMenuItem
		TITLE = File
		SHAPE = Rect [x:668.0 y:641.0 w:32.0 h:19.0]
		CHILDREN = 0
		PATH = [0, 3, 0]
	DESCRIPTION = Left Click at 'File'
	TEXT = Compound Action =
		Move mouse to (684.0, 650.5).
		Press Mouse Button BUTTON1
		Release Mouse Button BUTTON1

ExecutedAction [21]: 
 @Action ConcreteID = AC10hcs7q7e1840011385 AbstractID = AA10hcs7q7e1840011385
 ConcreteID CUSTOM = ConcreteID CUSTOM not available AbstractID CUSTOM = AA7sea08801433135387
 @State ConcreteID = SCk1q2ea2db488006920 AbstractID = SR33u8k32bb3556486730
 ConcreteID CUSTOM = SC1ahi3m12dc954629171 AbstractID CUSTOM = SA11pdpav2d21519878219

	ROLE = LeftClickAt
	TARGET =
		WIDGET = WC1hu1e84223620388792, WR17v7k2nb1067391859, WT1otgxiu151058087525, WP1dvs8421e3158620222
		ROLE = UIAMenuItem
		TITLE = New	Ctrl+N
		SHAPE = Rect [x:671.0 y:663.0 w:223.0 h:22.0]
		CHILDREN = 0
		PATH = [0, 0, 0]
	DESCRIPTION = Left Click at 'New	Ctrl+N'
	TEXT = Compound Action =
		Move mouse to (782.5, 674.0).
		Press Mouse Button BUTTON1
		Release Mouse Button BUTTON1

ExecutedAction [22]: 
 @Action ConcreteID = ACife7d8811749709577 AbstractID = AAife7d8811749709577
 ConcreteID CUSTOM = ConcreteID CUSTOM not available AbstractID CUSTOM = AA3hndbk80889491628
 @State ConcreteID = SC14trl402b13182950198 AbstractID = SRvkdtd12901075876324
 ConcreteID CUSTOM = SCqcjeow2b13985007650 AbstractID CUSTOM = SA1kzrcjy2ae427165885

	ROLE = LeftClickAt
	TARGET =
		WIDGET = WC1w5f2fy1c3788265415, WR1h6ibpb92248851252, WT1vjbvvdf3603144044, WP8jd2ek18957071755
		ROLE = UIAButton
		TITLE = Cancel
		SHAPE = Rect [x:1045.0 y:579.0 w:72.0 h:23.0]
		CHILDREN = 0
		PATH = [0, 0, 3]
	DESCRIPTION = Left Click at 'Cancel'
	TEXT = Compound Action =
		Move mouse to (1081.0, 590.5).
		Press Mouse Button BUTTON1
		Release Mouse Button BUTTON1

ExecutedAction [23]: 
 @Action ConcreteID = ACrvt2257f2127854167 AbstractID = AArvt2257f2127854167
 ConcreteID CUSTOM = ConcreteID CUSTOM not available AbstractID CUSTOM = AAgexxyz7f2146766103
 @State ConcreteID = SCx0ucmv2212689415416 AbstractID = SR1hca8yg2083573223560
 ConcreteID CUSTOM = SC158qwm82221728645543 AbstractID CUSTOM = SAtloevc21f2668501822

	ROLE = LeftClickAt
	TARGET =
		WIDGET = WCdsg5py1c3010804170, WR17v7k2nb1067391859, WT1qeha5gf2005531835, WPk6niro18548921330
		ROLE = UIAMenuItem
		TITLE = View
		SHAPE = Rect [x:786.0 y:641.0 w:39.0 h:19.0]
		CHILDREN = 0
		PATH = [0, 3, 3]
	DESCRIPTION = Left Click at 'View'
	TEXT = Compound Action =
		Move mouse to (805.5, 650.5).
		Press Mouse Button BUTTON1
		Release Mouse Button BUTTON1

ExecutedAction [24]: 
 @Action ConcreteID = AC1nhs5mg7e155780848 AbstractID = AA1nhs5mg7e155780848
 ConcreteID CUSTOM = ConcreteID CUSTOM not available AbstractID CUSTOM = AA1n5bm8q7f4103499802
 @State ConcreteID = SCl09lsu25c454869893 AbstractID = SRj5frjz243105811488
 ConcreteID CUSTOM = SCavoipk2613964921998 AbstractID CUSTOM = SA1k5pjmd25b739509799

	ROLE = LeftClickAt
	TARGET =
		WIDGET = WC1frc9lv1c3431448778, WR17v7k2nb1067391859, WT1qe72ijf99311909, WPjc8r1t181437309355
		ROLE = UIAMenuItem
		TITLE = File
		SHAPE = Rect [x:668.0 y:641.0 w:32.0 h:19.0]
		CHILDREN = 0
		PATH = [0, 4, 0]
	DESCRIPTION = Left Click at 'File'
	TEXT = Compound Action =
		Move mouse to (684.0, 650.5).
		Press Mouse Button BUTTON1
		Release Mouse Button BUTTON1

ExecutedAction [25]: 
 @Action ConcreteID = AC1f4xb827f4189533470 AbstractID = AA1f4xb827f4189533470
 ConcreteID CUSTOM = ConcreteID CUSTOM not available AbstractID CUSTOM = AA13o274w7f4170596958
 @State ConcreteID = SCx0ucmv2212689415416 AbstractID = SR1hca8yg2083573223560
 ConcreteID CUSTOM = SC158qwm82221728645543 AbstractID CUSTOM = SAtloevc21f2668501822

	ROLE = LeftClickAt
	TARGET =
		WIDGET = WC12b45x51c517775489, WR17v7k2nb1067391859, WT1qe89j4f2180189081, WP10d1byf183180104482
		ROLE = UIAMenuItem
		TITLE = Help
		SHAPE = Rect [x:825.0 y:641.0 w:39.0 h:19.0]
		CHILDREN = 0
		PATH = [0, 3, 4]
	DESCRIPTION = Left Click at 'Help'
	TEXT = Compound Action =
		Move mouse to (844.5, 650.5).
		Press Mouse Button BUTTON1
		Release Mouse Button BUTTON1

ExecutedAction [26]: 
 @Action ConcreteID = AC32b6hj7f2469077462 AbstractID = AA32b6hj7f2469077462
 ConcreteID CUSTOM = ConcreteID CUSTOM not available AbstractID CUSTOM = AAkrh3jb803306547
 @State ConcreteID = SC14lk7th272667214494 AbstractID = SR16prhrh2572136073137
 ConcreteID CUSTOM = SCqe6s492772273562778 AbstractID CUSTOM = SA1vjl86q26f2973890247

	ROLE = LeftClickAt
	TARGET =
		WIDGET = WC12bnyii1c2902228113, WR17v7k2nb1067391859, WT1qe89j4f2180189081, WP10dl4js18262952754
		ROLE = UIAMenuItem
		TITLE = Help
		SHAPE = Rect [x:825.0 y:641.0 w:39.0 h:19.0]
		CHILDREN = 0
		PATH = [0, 4, 4]
	DESCRIPTION = Left Click at 'Help'
	TEXT = Compound Action =
		Move mouse to (844.5, 650.5).
		Press Mouse Button BUTTON1
		Release Mouse Button BUTTON1

ExecutedAction [27]: 
 @Action ConcreteID = AC7jbeov7f4146912261 AbstractID = AA7jbeov7f4146912261
 ConcreteID CUSTOM = ConcreteID CUSTOM not available AbstractID CUSTOM = AAp8hbqn801681230304
 @State ConcreteID = SC14lk7th272667214494 AbstractID = SR16prhrh2572136073137
 ConcreteID CUSTOM = SCqe6s492772273562778 AbstractID CUSTOM = SA1vjl86q26f2973890247

	ROLE = LeftClickAt
	TARGET =
		WIDGET = WC2sd5c9251817436895, WR17v7k2nb1067391859, WT1wv077z18170180715, WP1v116zb21698957785
		ROLE = UIAMenuItem
		TITLE = About Notepad
		SHAPE = Rect [x:828.0 y:714.0 w:166.0 h:22.0]
		CHILDREN = 0
		PATH = [0, 0, 2]
	DESCRIPTION = Left Click at 'About Notepad'
	TEXT = Compound Action =
		Move mouse to (911.0, 725.0).
		Press Mouse Button BUTTON1
		Release Mouse Button BUTTON1

ExecutedAction [28]: 
 @Action ConcreteID = AC1yj7pes812475870880 AbstractID = AA1yj7pes812475870880
 ConcreteID CUSTOM = ConcreteID CUSTOM not available AbstractID CUSTOM = AA16q09vx821350249498
 @State ConcreteID = SCie0x8u32a1792342360 AbstractID = SRg6rm6z2fc3281829624
 ConcreteID CUSTOM = SC1k4x27v329237684446 AbstractID CUSTOM = SA1nr5jrk3261417152448

	ROLE = LeftClickAt
	TARGET =
		WIDGET = WC15twxtj183412041097, WR1h6ibpb92248851252, WTzj707vb935461581, WPaxrmo5142767186721
		ROLE = UIAButton
		TITLE = OK
		SHAPE = Rect [x:1081.0 y:1083.0 w:75.0 h:23.0]
		CHILDREN = 0
		PATH = [0, 0, 8]
	DESCRIPTION = Left Click at 'OK'
	TEXT = Compound Action =
		Move mouse to (1118.5, 1094.5).
		Press Mouse Button BUTTON1
		Release Mouse Button BUTTON1

ExecutedAction [29]: 
 @Action ConcreteID = AC1ul0ith1162516395120 AbstractID = AAubmbh2d6537786479
 ConcreteID CUSTOM = ConcreteID CUSTOM not available AbstractID CUSTOM = AA1nbexqgd6823340586
 @State ConcreteID = SCx0ucmv2212689415416 AbstractID = SR1hca8yg2083573223560
 ConcreteID CUSTOM = SC158qwm82221728645543 AbstractID CUSTOM = SAtloevc21f2668501822

	ROLE = ClickTypeInto
	TARGET =
		WIDGET = WCh9rmbw1c1979157806, WR4n0dlj72701565195, WTei4yvd121088706799, WP1p79f7i182977098622
		ROLE = UIAEdit
		TITLE = Text Editor
		SHAPE = Rect [x:668.0 y:661.0 w:1881.0 h:878.0]
		CHILDREN = 3
		PATH = [0, 1]
	DESCRIPTION = Type 'ABC<div style="x...' into 'Text Editor
	TEXT = Compound Action =
		Compound Action =
		Move mouse to (1608.5, 1100.0).
		Press Mouse Button BUTTON1
		Release Mouse Button BUTTON1
		Press Key 17
		Press Key 65
		Release Key 65
		Release Key 17
		Type text 'ABC<div style="x:\x20expression(javascript:alert(1)">DEF'

ExecutedAction [30]: 
 @Action ConcreteID = AC1cjlw4803496375742 AbstractID = AA1cjlw4803496375742
 ConcreteID CUSTOM = ConcreteID CUSTOM not available AbstractID CUSTOM = AA1yxka9s7f2976212171
 @State ConcreteID = SC147anqa2213116076347 AbstractID = SR1hca8yg2083573223560
 ConcreteID CUSTOM = SC1drxkka2221929288184 AbstractID CUSTOM = SAtloevc21f2668501822

	ROLE = LeftClickAt
	TARGET =
		WIDGET = WCdfgprn1c4116076503, WR17v7k2nb1067391859, WT1qe6brdf138512687, WP1hwpd4x181691246414
		ROLE = UIAMenuItem
		TITLE = Edit
		SHAPE = Rect [x:700.0 y:641.0 w:34.0 h:19.0]
		CHILDREN = 0
		PATH = [0, 3, 1]
	DESCRIPTION = Left Click at 'Edit'
	TEXT = Compound Action =
		Move mouse to (717.0, 650.5).
		Press Mouse Button BUTTON1
		Release Mouse Button BUTTON1

ExecutedAction [31]: 
 @Action ConcreteID = ACttfre27f3542005397 AbstractID = AAttfre27f3542005397
 ConcreteID CUSTOM = ConcreteID CUSTOM not available AbstractID CUSTOM = AA1pit8q97e2638298204
 @State ConcreteID = SC1p5mjub33d505040219 AbstractID = SRk5nhfd31f3017710691
 ConcreteID CUSTOM = SCjvcdoo3411856402664 AbstractID CUSTOM = SAj362ep337221153563

	ROLE = LeftClickAt
	TARGET =
		WIDGET = WC1b6cg9e2e2740816840, WR17v7k2nb1067391859, WTegevvk211768697895, WPz2xb8g2a3977213408
		ROLE = UIAMenuItem
		TITLE = Find Previous	Shift+F3
		SHAPE = Rect [x:703.0 y:853.0 w:225.0 h:22.0]
		CHILDREN = 0
		PATH = [0, 0, 8]
	DESCRIPTION = Left Click at 'Find Previous	Shift+F3'
	TEXT = Compound Action =
		Move mouse to (815.5, 864.0).
		Press Mouse Button BUTTON1
		Release Mouse Button BUTTON1

ExecutedAction [32]: 
 @Action ConcreteID = AC92p5ju7e782894941 AbstractID = AA92p5ju7e782894941
 ConcreteID CUSTOM = ConcreteID CUSTOM not available AbstractID CUSTOM = AAx3trmw80334861941
 @State ConcreteID = SC609trb314242426152 AbstractID = SRbpj1742ed1409724681
 ConcreteID CUSTOM = SC19w5whn319874539540 AbstractID CUSTOM = SA1q6svgb3141054675636

	ROLE = LeftClickAt
	TARGET =
		WIDGET = WCdszybb1c22406618, WR17v7k2nb1067391859, WT1qeha5gf2005531835, WPk77bd1182459370466
		ROLE = UIAMenuItem
		TITLE = View
		SHAPE = Rect [x:786.0 y:641.0 w:39.0 h:19.0]
		CHILDREN = 0
		PATH = [0, 4, 3]
	DESCRIPTION = Left Click at 'View'
	TEXT = Compound Action =
		Move mouse to (805.5, 650.5).
		Press Mouse Button BUTTON1
		Release Mouse Button BUTTON1

ExecutedAction [33]: 
 @Action ConcreteID = AC5nlbza80924614711 AbstractID = AA5nlbza80924614711
 ConcreteID CUSTOM = ConcreteID CUSTOM not available AbstractID CUSTOM = AA1vl2pgm80896489176
 @State ConcreteID = SCsfnoqs3501659879025 AbstractID = SR6ggw753284227543867
 ConcreteID CUSTOM = SC160i4oq3543058165650 AbstractID CUSTOM = SApz9fr434a3154458050

	ROLE = LeftClickAt
	TARGET =
		WIDGET = WC1w5yv5m1c1062774716, WR1h6ibpb92248851252, WT1vjbvvdf3603144044, WP8jwv48183885969904
		ROLE = UIAButton
		TITLE = Cancel
		SHAPE = Rect [x:994.0 y:848.0 w:75.0 h:23.0]
		CHILDREN = 0
		PATH = [0, 1, 8]
	DESCRIPTION = Left Click at 'Cancel'
	TEXT = Compound Action =
		Move mouse to (1031.5, 859.5).
		Press Mouse Button BUTTON1
		Release Mouse Button BUTTON1

ExecutedAction [34]: 
 @Action ConcreteID = AChv1bkf80519445602 AbstractID = AAhv1bkf80519445602
 ConcreteID CUSTOM = ConcreteID CUSTOM not available AbstractID CUSTOM = AAgexxyz7f2146766103
 @State ConcreteID = SC147anqa2213116076347 AbstractID = SR1hca8yg2083573223560
 ConcreteID CUSTOM = SC1drxkka2221929288184 AbstractID CUSTOM = SAtloevc21f2668501822

	ROLE = LeftClickAt
	TARGET =
		WIDGET = WCdsg5py1c3010804170, WR17v7k2nb1067391859, WT1qeha5gf2005531835, WPk6niro18548921330
		ROLE = UIAMenuItem
		TITLE = View
		SHAPE = Rect [x:786.0 y:641.0 w:39.0 h:19.0]
		CHILDREN = 0
		PATH = [0, 3, 3]
	DESCRIPTION = Left Click at 'View'
	TEXT = Compound Action =
		Move mouse to (805.5, 650.5).
		Press Mouse Button BUTTON1
		Release Mouse Button BUTTON1

ExecutedAction [35]: 
 @Action ConcreteID = AC1y84vlq7f2714270538 AbstractID = AA1y84vlq7f2714270538
 ConcreteID CUSTOM = ConcreteID CUSTOM not available AbstractID CUSTOM = AA1kkouvj7f209018334
 @State ConcreteID = SC9uyc6a25c2500050294 AbstractID = SRj5frjz243105811488
 ConcreteID CUSTOM = SC1csk66j2603222195347 AbstractID CUSTOM = SA1k5pjmd25b739509799

	ROLE = LeftClickAt
	TARGET =
		WIDGET = WCdg0id01c1198951367, WR17v7k2nb1067391859, WT1qe6brdf138512687, WP1hx95qa183605955422
		ROLE = UIAMenuItem
		TITLE = Edit
		SHAPE = Rect [x:700.0 y:641.0 w:34.0 h:19.0]
		CHILDREN = 0
		PATH = [0, 4, 1]
	DESCRIPTION = Left Click at 'Edit'
	TEXT = Compound Action =
		Move mouse to (717.0, 650.5).
		Press Mouse Button BUTTON1
		Release Mouse Button BUTTON1

ExecutedAction [36]: 
 @Action ConcreteID = AC3x6d9b80679827578 AbstractID = AA3x6d9b80679827578
 ConcreteID CUSTOM = ConcreteID CUSTOM not available AbstractID CUSTOM = AA2h2znv7f1233537295
 @State ConcreteID = SC147anqa2213116076347 AbstractID = SR1hca8yg2083573223560
 ConcreteID CUSTOM = SC1drxkka2221929288184 AbstractID CUSTOM = SAtloevc21f2668501822

	ROLE = LeftClickAt
	TARGET =
		WIDGET = WC1fqsh0i1c2124881114, WR17v7k2nb1067391859, WT1qe72ijf99311909, WPjboygg183884664251
		ROLE = UIAMenuItem
		TITLE = File
		SHAPE = Rect [x:668.0 y:641.0 w:32.0 h:19.0]
		CHILDREN = 0
		PATH = [0, 3, 0]
	DESCRIPTION = Left Click at 'File'
	TEXT = Compound Action =
		Move mouse to (684.0, 650.5).
		Press Mouse Button BUTTON1
		Release Mouse Button BUTTON1

ExecutedAction [37]: 
 @Action ConcreteID = ACzseoya7f3706005734 AbstractID = AAzseoya7f3706005734
 ConcreteID CUSTOM = ConcreteID CUSTOM not available AbstractID CUSTOM = AA12tdiqs80710796482
 @State ConcreteID = SC8wesrq2db2466847739 AbstractID = SR33u8k32bb3556486730
 ConcreteID CUSTOM = SC172g36i2db3467285488 AbstractID CUSTOM = SA11pdpav2d21519878219

	ROLE = LeftClickAt
	TARGET =
		WIDGET = WC1oe9p4i252629076214, WR17v7k2nb1067391859, WT1mkt3k3184259406525, WPgehku8212133846225
		ROLE = UIAMenuItem
		TITLE = Page Setup...
		SHAPE = Rect [x:671.0 y:780.0 w:223.0 h:22.0]
		CHILDREN = 0
		PATH = [0, 0, 5]
	DESCRIPTION = Left Click at 'Page Setup...'
	TEXT = Compound Action =
		Move mouse to (782.5, 791.0).
		Press Mouse Button BUTTON1
		Release Mouse Button BUTTON1

ExecutedAction [38]: 
 @Action ConcreteID = AC18cie49eb247643442 AbstractID = AAtmh86dd4172437687
 ConcreteID CUSTOM = ConcreteID CUSTOM not available AbstractID CUSTOM = AAdv9r7rd53247533397
 @State ConcreteID = SCotfyxv4d13003725136 AbstractID = SR14p00mo48a4208164770
 ConcreteID CUSTOM = SC1g3x62q4d32264327966 AbstractID CUSTOM = SA1qitkit4d13260906379

	ROLE = ClickTypeInto
	TARGET =
		WIDGET = WC1ksxts31c1049069563, WR4n0dlj72701565195, WT1l4r1coe3555323271, WP1lqgp2t181026134469
		ROLE = UIAEdit
		TITLE = Bottom:
		SHAPE = Rect [x:970.0 y:859.0 w:42.0 h:20.0]
		CHILDREN = 0
		PATH = [0, 0, 16]
	DESCRIPTION = Type 'magna cum laude' into 'Bottom:
	TEXT = Compound Action =
		Compound Action =
		Move mouse to (991.0, 869.0).
		Press Mouse Button BUTTON1
		Release Mouse Button BUTTON1
		Press Key 17
		Press Key 65
		Release Key 65
		Release Key 17
		Type text 'magna cum laude'

ExecutedAction [39]: 
 @Action ConcreteID = ACsn45mc7f3478093550 AbstractID = AAsn45mc7f3478093550
 ConcreteID CUSTOM = ConcreteID CUSTOM not available AbstractID CUSTOM = AA1t1p236801935399264
 @State ConcreteID = SCotfyxv4d13003725136 AbstractID = SR14p00mo48a4208164770
 ConcreteID CUSTOM = SC1g3x62q4d32264327966 AbstractID CUSTOM = SA1qitkit4d13260906379

	ROLE = LeftClickAt
	TARGET =
		WIDGET = WCjg5w54241201387136, WRa3fnoge3263686876, WTjezmd7174119221906, WPfw7qkm203012848288
		ROLE = UIARadioButton
		TITLE = Landscape
		SHAPE = Rect [x:700.0 y:859.0 w:78.0 h:20.0]
		CHILDREN = 0
		PATH = [0, 0, 7]
	DESCRIPTION = Left Click at 'Landscape'
	TEXT = Compound Action =
		Move mouse to (739.0, 869.0).
		Press Mouse Button BUTTON1
		Release Mouse Button BUTTON1

ExecutedAction [40]: 
 @Action ConcreteID = ACaty8wi803320187163 AbstractID = AAaty8wi803320187163
 ConcreteID CUSTOM = ConcreteID CUSTOM not available AbstractID CUSTOM = AA2w5bsk813478827931
 @State ConcreteID = SCotfyxv4d13003725136 AbstractID = SR14p00mo48a4208164770
 ConcreteID CUSTOM = SC1g3x62q4d32264327966 AbstractID CUSTOM = SA1qitkit4d13260906379

	ROLE = LeftClickAt
	TARGET =
		WIDGET = WCi7bzgr193162854499, WR1h6ibpb92248851252, WTzj707vb935461581, WP1iyc5h9151692913615
		ROLE = UIAButton
		TITLE = OK
		SHAPE = Rect [x:1042.0 y:975.0 w:75.0 h:23.0]
		CHILDREN = 0
		PATH = [0, 0, 22]
	DESCRIPTION = Left Click at 'OK'
	TEXT = Compound Action =
		Move mouse to (1079.5, 986.5).
		Press Mouse Button BUTTON1
		Release Mouse Button BUTTON1

ExecutedAction [41]: 
 @Action ConcreteID = AC1545kqc802576700203 AbstractID = AA1545kqc802576700203
 ConcreteID CUSTOM = ConcreteID CUSTOM not available AbstractID CUSTOM = AA13o274w7f4170596958
 @State ConcreteID = SC147anqa2213116076347 AbstractID = SR1hca8yg2083573223560
 ConcreteID CUSTOM = SC1drxkka2221929288184 AbstractID CUSTOM = SAtloevc21f2668501822

	ROLE = LeftClickAt
	TARGET =
		WIDGET = WC12b45x51c517775489, WR17v7k2nb1067391859, WT1qe89j4f2180189081, WP10d1byf183180104482
		ROLE = UIAMenuItem
		TITLE = Help
		SHAPE = Rect [x:825.0 y:641.0 w:39.0 h:19.0]
		CHILDREN = 0
		PATH = [0, 3, 4]
	DESCRIPTION = Left Click at 'Help'
	TEXT = Compound Action =
		Move mouse to (844.5, 650.5).
		Press Mouse Button BUTTON1
		Release Mouse Button BUTTON1

ExecutedAction [42]: 
 @Action ConcreteID = ACmxn7ud12531578259 AbstractID = AA1coyoifd61256381425
 ConcreteID CUSTOM = ConcreteID CUSTOM not available AbstractID CUSTOM = AA10t25sxd71699210918
 @State ConcreteID = SCtg8y6x2722849741933 AbstractID = SR16prhrh2572136073137
 ConcreteID CUSTOM = SCx95wqy2762070359235 AbstractID CUSTOM = SA1vjl86q26f2973890247

	ROLE = ClickTypeInto
	TARGET =
		WIDGET = WCh9rmcr1c1591402221, WR4n0dlj72701565195, WTei4yvd121088706799, WP1p79f8d182589964477
		ROLE = UIAEdit
		TITLE = Text Editor
		SHAPE = Rect [x:668.0 y:661.0 w:1881.0 h:878.0]
		CHILDREN = 3
		PATH = [0, 2]
	DESCRIPTION = Type '<a href="javascr...' into 'Text Editor
	TEXT = Compound Action =
		Compound Action =
		Move mouse to (1608.5, 1100.0).
		Press Mouse Button BUTTON1
		Release Mouse Button BUTTON1
		Press Key 17
		Press Key 65
		Release Key 65
		Release Key 17
		Type text '<a href="javascript\x09:javascript:alert(1)" id="fuzzelement1">test</a>'

ExecutedAction [43]: 
 @Action ConcreteID = AC9d7w7i7f1048700730 AbstractID = AA9d7w7i7f1048700730
 ConcreteID CUSTOM = ConcreteID CUSTOM not available AbstractID CUSTOM = AAgexxyz7f2146766103
 @State ConcreteID = SCla74w32212898880496 AbstractID = SR1hca8yg2083573223560
 ConcreteID CUSTOM = SC14qu9x92221998162275 AbstractID CUSTOM = SAtloevc21f2668501822

	ROLE = LeftClickAt
	TARGET =
		WIDGET = WCdsg5py1c3010804170, WR17v7k2nb1067391859, WT1qeha5gf2005531835, WPk6niro18548921330
		ROLE = UIAMenuItem
		TITLE = View
		SHAPE = Rect [x:786.0 y:641.0 w:39.0 h:19.0]
		CHILDREN = 0
		PATH = [0, 3, 3]
	DESCRIPTION = Left Click at 'View'
	TEXT = Compound Action =
		Move mouse to (805.5, 650.5).
		Press Mouse Button BUTTON1
		Release Mouse Button BUTTON1

ExecutedAction [44]: 
 @Action ConcreteID = AC1beoo5k7e1537256484 AbstractID = AA1beoo5k7e1537256484
 ConcreteID CUSTOM = ConcreteID CUSTOM not available AbstractID CUSTOM = AA222ikq7f3269800962
 @State ConcreteID = SCnmmfl525c439340524 AbstractID = SRj5frjz243105811488
 ConcreteID CUSTOM = SC1bh02fa2601139351224 AbstractID CUSTOM = SA1k5pjmd25b739509799

	ROLE = LeftClickAt
	TARGET =
		WIDGET = WCdszybb1c22406618, WR17v7k2nb1067391859, WT1qeha5gf2005531835, WPk77bd1182459370466
		ROLE = UIAMenuItem
		TITLE = View
		SHAPE = Rect [x:786.0 y:641.0 w:39.0 h:19.0]
		CHILDREN = 0
		PATH = [0, 4, 3]
	DESCRIPTION = Left Click at 'View'
	TEXT = Compound Action =
		Move mouse to (805.5, 650.5).
		Press Mouse Button BUTTON1
		Release Mouse Button BUTTON1

ExecutedAction [45]: 
 @Action ConcreteID = AC1beoo5k7e1537256484 AbstractID = AA1beoo5k7e1537256484
 ConcreteID CUSTOM = ConcreteID CUSTOM not available AbstractID CUSTOM = AA222ikq7f3269800962
 @State ConcreteID = SCnmmfl525c439340524 AbstractID = SRj5frjz243105811488
 ConcreteID CUSTOM = SC1bh02fa2601139351224 AbstractID CUSTOM = SA1k5pjmd25b739509799

	ROLE = LeftClickAt
	TARGET =
		WIDGET = WCdszybb1c22406618, WR17v7k2nb1067391859, WT1qeha5gf2005531835, WPk77bd1182459370466
		ROLE = UIAMenuItem
		TITLE = View
		SHAPE = Rect [x:786.0 y:641.0 w:39.0 h:19.0]
		CHILDREN = 0
		PATH = [0, 4, 3]
	DESCRIPTION = Left Click at 'View'
	TEXT = Compound Action =
		Move mouse to (805.5, 650.5).
		Press Mouse Button BUTTON1
		Release Mouse Button BUTTON1

ExecutedAction [46]: 
 @Action ConcreteID = AC1jhd30f7f3463197677 AbstractID = AA1jhd30f7f3463197677
 ConcreteID CUSTOM = ConcreteID CUSTOM not available AbstractID CUSTOM = AA1qj34rw7f2400770496
 @State ConcreteID = SCla74w32212898880496 AbstractID = SR1hca8yg2083573223560
 ConcreteID CUSTOM = SC14qu9x92221998162275 AbstractID CUSTOM = SAtloevc21f2668501822

	ROLE = LeftClickAt
	TARGET =
		WIDGET = WC3rq8hx1e869414367, WR17v7k2nb1067391859, WTaz2n92112307194186, WPablb9v1a985931869
		ROLE = UIAMenuItem
		TITLE = Format
		SHAPE = Rect [x:734.0 y:641.0 w:52.0 h:19.0]
		CHILDREN = 0
		PATH = [0, 3, 2]
	DESCRIPTION = Left Click at 'Format'
	TEXT = Compound Action =
		Move mouse to (760.0, 650.5).
		Press Mouse Button BUTTON1
		Release Mouse Button BUTTON1

ExecutedAction [47]: 
 @Action ConcreteID = AC1smrwnq801538601000 AbstractID = AA1smrwnq801538601000
 ConcreteID CUSTOM = ConcreteID CUSTOM not available AbstractID CUSTOM = AApb6rqn7f1166441291
 @State ConcreteID = SC194rngp25e3032684034 AbstractID = SRj5frjz243105811488
 ConcreteID CUSTOM = SC13zbueo2611347084652 AbstractID CUSTOM = SA1k5pjmd25b739509799

	ROLE = LeftClickAt
	TARGET =
		WIDGET = WC12bnyii1c2902228113, WR17v7k2nb1067391859, WT1qe89j4f2180189081, WP10dl4js18262952754
		ROLE = UIAMenuItem
		TITLE = Help
		SHAPE = Rect [x:825.0 y:641.0 w:39.0 h:19.0]
		CHILDREN = 0
		PATH = [0, 4, 4]
	DESCRIPTION = Left Click at 'Help'
	TEXT = Compound Action =
		Move mouse to (844.5, 650.5).
		Press Mouse Button BUTTON1
		Release Mouse Button BUTTON1

ExecutedAction [48]: 
 @Action ConcreteID = AC1jhd30f7f3463197677 AbstractID = AA1jhd30f7f3463197677
 ConcreteID CUSTOM = ConcreteID CUSTOM not available AbstractID CUSTOM = AA1qj34rw7f2400770496
 @State ConcreteID = SCla74w32212898880496 AbstractID = SR1hca8yg2083573223560
 ConcreteID CUSTOM = SC14qu9x92221998162275 AbstractID CUSTOM = SAtloevc21f2668501822

	ROLE = LeftClickAt
	TARGET =
		WIDGET = WC3rq8hx1e869414367, WR17v7k2nb1067391859, WTaz2n92112307194186, WPablb9v1a985931869
		ROLE = UIAMenuItem
		TITLE = Format
		SHAPE = Rect [x:734.0 y:641.0 w:52.0 h:19.0]
		CHILDREN = 0
		PATH = [0, 3, 2]
	DESCRIPTION = Left Click at 'Format'
	TEXT = Compound Action =
		Move mouse to (760.0, 650.5).
		Press Mouse Button BUTTON1
		Release Mouse Button BUTTON1

ExecutedAction [49]: 
 @Action ConcreteID = ACrfsp6p803936697209 AbstractID = AArfsp6p803936697209
 ConcreteID CUSTOM = ConcreteID CUSTOM not available AbstractID CUSTOM = AA1n5bm8q7f4103499802
 @State ConcreteID = SC194rngp25e3032684034 AbstractID = SRj5frjz243105811488
 ConcreteID CUSTOM = SC13zbueo2611347084652 AbstractID CUSTOM = SA1k5pjmd25b739509799

	ROLE = LeftClickAt
	TARGET =
		WIDGET = WC1frc9lv1c3431448778, WR17v7k2nb1067391859, WT1qe72ijf99311909, WPjc8r1t181437309355
		ROLE = UIAMenuItem
		TITLE = File
		SHAPE = Rect [x:668.0 y:641.0 w:32.0 h:19.0]
		CHILDREN = 0
		PATH = [0, 4, 0]
	DESCRIPTION = Left Click at 'File'
	TEXT = Compound Action =
		Move mouse to (684.0, 650.5).
		Press Mouse Button BUTTON1
		Release Mouse Button BUTTON1

ExecutedAction [50]: 
 @Action ConcreteID = AC1tuhpmh1253965315774 AbstractID = AAkkjhp1d6216640026
 ConcreteID CUSTOM = ConcreteID CUSTOM not available AbstractID CUSTOM = AA1nbexqgd6823340586
 @State ConcreteID = SCla74w32212898880496 AbstractID = SR1hca8yg2083573223560
 ConcreteID CUSTOM = SC14qu9x92221998162275 AbstractID CUSTOM = SAtloevc21f2668501822

	ROLE = ClickTypeInto
	TARGET =
		WIDGET = WCh9rmbw1c1979157806, WR4n0dlj72701565195, WTei4yvd121088706799, WP1p79f7i182977098622
		ROLE = UIAEdit
		TITLE = Text Editor
		SHAPE = Rect [x:668.0 y:661.0 w:1881.0 h:878.0]
		CHILDREN = 3
		PATH = [0, 1]
	DESCRIPTION = Type '<a href="\x07jav...' into 'Text Editor
	TEXT = Compound Action =
		Compound Action =
		Move mouse to (1608.5, 1100.0).
		Press Mouse Button BUTTON1
		Release Mouse Button BUTTON1
		Press Key 17
		Press Key 65
		Release Key 65
		Release Key 17
		Type text '<a href="\x07javascript:javascript:alert(1)" id="fuzzelement1">test</a>'

ExecutedAction [51]: 
 @Action ConcreteID = ACwmc5df7f3118639219 AbstractID = AAwmc5df7f3118639219
 ConcreteID CUSTOM = ConcreteID CUSTOM not available AbstractID CUSTOM = AA13o274w7f4170596958
 @State ConcreteID = SCla74w32212898880496 AbstractID = SR1hca8yg2083573223560
 ConcreteID CUSTOM = SC14qu9x92221998162275 AbstractID CUSTOM = SAtloevc21f2668501822

	ROLE = LeftClickAt
	TARGET =
		WIDGET = WC12b45x51c517775489, WR17v7k2nb1067391859, WT1qe89j4f2180189081, WP10d1byf183180104482
		ROLE = UIAMenuItem
		TITLE = Help
		SHAPE = Rect [x:825.0 y:641.0 w:39.0 h:19.0]
		CHILDREN = 0
		PATH = [0, 3, 4]
	DESCRIPTION = Left Click at 'Help'
	TEXT = Compound Action =
		Move mouse to (844.5, 650.5).
		Press Mouse Button BUTTON1
		Release Mouse Button BUTTON1

ExecutedAction [52]: 
 @Action ConcreteID = AC121hvu37f782631180 AbstractID = AA121hvu37f782631180
 ConcreteID CUSTOM = ConcreteID CUSTOM not available AbstractID CUSTOM = AA1illy1e802971828066
 @State ConcreteID = SC177x1ls272653782263 AbstractID = SR16prhrh2572136073137
 ConcreteID CUSTOM = SCvxlszp2764169203432 AbstractID CUSTOM = SA1vjl86q26f2973890247

	ROLE = LeftClickAt
	TARGET =
		WIDGET = WC1frc9lv1c3431448778, WR17v7k2nb1067391859, WT1qe72ijf99311909, WPjc8r1t181437309355
		ROLE = UIAMenuItem
		TITLE = File
		SHAPE = Rect [x:668.0 y:641.0 w:32.0 h:19.0]
		CHILDREN = 0
		PATH = [0, 4, 0]
	DESCRIPTION = Left Click at 'File'
	TEXT = Compound Action =
		Move mouse to (684.0, 650.5).
		Press Mouse Button BUTTON1
		Release Mouse Button BUTTON1

ExecutedAction [53]: 
 @Action ConcreteID = AC3mpdgg1001204775892 AbstractID = AAkkjhp1d6216640026
 ConcreteID CUSTOM = ConcreteID CUSTOM not available AbstractID CUSTOM = AA1nbexqgd6823340586
 @State ConcreteID = SCla74w32212898880496 AbstractID = SR1hca8yg2083573223560
 ConcreteID CUSTOM = SC14qu9x92221998162275 AbstractID CUSTOM = SAtloevc21f2668501822

	ROLE = ClickTypeInto
	TARGET =
		WIDGET = WCh9rmbw1c1979157806, WR4n0dlj72701565195, WTei4yvd121088706799, WP1p79f7i182977098622
		ROLE = UIAEdit
		TITLE = Text Editor
		SHAPE = Rect [x:668.0 y:661.0 w:1881.0 h:878.0]
		CHILDREN = 3
		PATH = [0, 1]
	DESCRIPTION = Type '<<SCRIPT>alert("...' into 'Text Editor
	TEXT = Compound Action =
		Compound Action =
		Move mouse to (1608.5, 1100.0).
		Press Mouse Button BUTTON1
		Release Mouse Button BUTTON1
		Press Key 17
		Press Key 65
		Release Key 65
		Release Key 17
		Type text '<<SCRIPT>alert("XSS");//<</SCRIPT>'

ExecutedAction [54]: 
 @Action ConcreteID = AC1memihc7f4043841945 AbstractID = AA1memihc7f4043841945
 ConcreteID CUSTOM = ConcreteID CUSTOM not available AbstractID CUSTOM = AAgexxyz7f2146766103
 @State ConcreteID = SCsgdz1o2203042171421 AbstractID = SR1hca8yg2083573223560
 ConcreteID CUSTOM = SCy1ohjs2222073799934 AbstractID CUSTOM = SAtloevc21f2668501822

	ROLE = LeftClickAt
	TARGET =
		WIDGET = WCdsg5py1c3010804170, WR17v7k2nb1067391859, WT1qeha5gf2005531835, WPk6niro18548921330
		ROLE = UIAMenuItem
		TITLE = View
		SHAPE = Rect [x:786.0 y:641.0 w:39.0 h:19.0]
		CHILDREN = 0
		PATH = [0, 3, 3]
	DESCRIPTION = Left Click at 'View'
	TEXT = Compound Action =
		Move mouse to (805.5, 650.5).
		Press Mouse Button BUTTON1
		Release Mouse Button BUTTON1

ExecutedAction [55]: 
 @Action ConcreteID = ACeywxqe804281785702 AbstractID = AAeywxqe804281785702
 ConcreteID CUSTOM = ConcreteID CUSTOM not available AbstractID CUSTOM = AApb6rqn7f1166441291
 @State ConcreteID = SC1o7js6625b2413811311 AbstractID = SRj5frjz243105811488
 ConcreteID CUSTOM = SC101zx4a2601525070122 AbstractID CUSTOM = SA1k5pjmd25b739509799

	ROLE = LeftClickAt
	TARGET =
		WIDGET = WC12bnyii1c2902228113, WR17v7k2nb1067391859, WT1qe89j4f2180189081, WP10dl4js18262952754
		ROLE = UIAMenuItem
		TITLE = Help
		SHAPE = Rect [x:825.0 y:641.0 w:39.0 h:19.0]
		CHILDREN = 0
		PATH = [0, 4, 4]
	DESCRIPTION = Left Click at 'Help'
	TEXT = Compound Action =
		Move mouse to (844.5, 650.5).
		Press Mouse Button BUTTON1
		Release Mouse Button BUTTON1

ExecutedAction [56]: 
 @Action ConcreteID = ACoqnkr212d896625282 AbstractID = AA18o5dqrd63834270520
 ConcreteID CUSTOM = ConcreteID CUSTOM not available AbstractID CUSTOM = AA1nbexqgd6823340586
 @State ConcreteID = SCsgdz1o2203042171421 AbstractID = SR1hca8yg2083573223560
 ConcreteID CUSTOM = SCy1ohjs2222073799934 AbstractID CUSTOM = SAtloevc21f2668501822

	ROLE = ClickTypeInto
	TARGET =
		WIDGET = WCh9rmbw1c1979157806, WR4n0dlj72701565195, WTei4yvd121088706799, WP1p79f7i182977098622
		ROLE = UIAEdit
		TITLE = Text Editor
		SHAPE = Rect [x:668.0 y:661.0 w:1881.0 h:878.0]
		CHILDREN = 3
		PATH = [0, 1]
	DESCRIPTION = Type '<a href="\xE2\x8...' into 'Text Editor
	TEXT = Compound Action =
		Compound Action =
		Move mouse to (1608.5, 1100.0).
		Press Mouse Button BUTTON1
		Release Mouse Button BUTTON1
		Press Key 17
		Press Key 65
		Release Key 65
		Release Key 17
		Type text '<a href="\xE2\x80\xA8javascript:javascript:alert(1)" id="fuzzelement1">test</a>'

ExecutedAction [57]: 
 @Action ConcreteID = AC1nye9jl7f1473755273 AbstractID = AA1nye9jl7f1473755273
 ConcreteID CUSTOM = ConcreteID CUSTOM not available AbstractID CUSTOM = AA1yxka9s7f2976212171
 @State ConcreteID = SC1sus5gs220100262410 AbstractID = SR1hca8yg2083573223560
 ConcreteID CUSTOM = SC1rbbrd72201344390057 AbstractID CUSTOM = SAtloevc21f2668501822

	ROLE = LeftClickAt
	TARGET =
		WIDGET = WCdfgprn1c4116076503, WR17v7k2nb1067391859, WT1qe6brdf138512687, WP1hwpd4x181691246414
		ROLE = UIAMenuItem
		TITLE = Edit
		SHAPE = Rect [x:700.0 y:641.0 w:34.0 h:19.0]
		CHILDREN = 0
		PATH = [0, 3, 1]
	DESCRIPTION = Left Click at 'Edit'
	TEXT = Compound Action =
		Move mouse to (717.0, 650.5).
		Press Mouse Button BUTTON1
		Release Mouse Button BUTTON1

ExecutedAction [58]: 
 @Action ConcreteID = AC18sst9x7f3070770160 AbstractID = AA18sst9x7f3070770160
 ConcreteID CUSTOM = ConcreteID CUSTOM not available AbstractID CUSTOM = AApsdls17e1566962766
 @State ConcreteID = SCwij5ft33c3987070193 AbstractID = SRk5nhfd31f3017710691
 ConcreteID CUSTOM = SC151j45o342355134707 AbstractID CUSTOM = SAj362ep337221153563

	ROLE = LeftClickAt
	TARGET =
		WIDGET = WC3sa13a1e2180180431, WR17v7k2nb1067391859, WTaz2n92112307194186, WPac53v81a2296708173
		ROLE = UIAMenuItem
		TITLE = Format
		SHAPE = Rect [x:734.0 y:641.0 w:52.0 h:19.0]
		CHILDREN = 0
		PATH = [0, 4, 2]
	DESCRIPTION = Left Click at 'Format'
	TEXT = Compound Action =
		Move mouse to (760.0, 650.5).
		Press Mouse Button BUTTON1
		Release Mouse Button BUTTON1

ExecutedAction [59]: 
 @Action ConcreteID = AC55osdy12c4273981732 AbstractID = AA1xra2jbd61159993440
 ConcreteID CUSTOM = ConcreteID CUSTOM not available AbstractID CUSTOM = AA1nbexqgd6823340586
 @State ConcreteID = SC1sus5gs220100262410 AbstractID = SR1hca8yg2083573223560
 ConcreteID CUSTOM = SC1rbbrd72201344390057 AbstractID CUSTOM = SAtloevc21f2668501822

	ROLE = ClickTypeInto
	TARGET =
		WIDGET = WCh9rmbw1c1979157806, WR4n0dlj72701565195, WTei4yvd121088706799, WP1p79f7i182977098622
		ROLE = UIAEdit
		TITLE = Text Editor
		SHAPE = Rect [x:668.0 y:661.0 w:1881.0 h:878.0]
		CHILDREN = 3
		PATH = [0, 1]
	DESCRIPTION = Type '??? ?????...' into 'Text Editor
	TEXT = Compound Action =
		Compound Action =
		Move mouse to (1608.5, 1100.0).
		Press Mouse Button BUTTON1
		Release Mouse Button BUTTON1
		Press Key 17
		Press Key 65
		Release Key 65
		Release Key 17
		Type text '??? ????? ????? ??? ????? ???? ??? ???? ???'

ExecutedAction [60]: 
 @Action ConcreteID = ACtgdf6v803006194217 AbstractID = AAtgdf6v803006194217
 ConcreteID CUSTOM = ConcreteID CUSTOM not available AbstractID CUSTOM = AA13o274w7f4170596958
 @State ConcreteID = SC1c4se6z2211379863324 AbstractID = SR1hca8yg2083573223560
 ConcreteID CUSTOM = SCq0ekl2213830387987 AbstractID CUSTOM = SAtloevc21f2668501822

	ROLE = LeftClickAt
	TARGET =
		WIDGET = WC12b45x51c517775489, WR17v7k2nb1067391859, WT1qe89j4f2180189081, WP10d1byf183180104482
		ROLE = UIAMenuItem
		TITLE = Help
		SHAPE = Rect [x:825.0 y:641.0 w:39.0 h:19.0]
		CHILDREN = 0
		PATH = [0, 3, 4]
	DESCRIPTION = Left Click at 'Help'
	TEXT = Compound Action =
		Move mouse to (844.5, 650.5).
		Press Mouse Button BUTTON1
		Release Mouse Button BUTTON1

ExecutedAction [61]: 
 @Action ConcreteID = ACvlci6h7f4119360677 AbstractID = AAvlci6h7f4119360677
 ConcreteID CUSTOM = ConcreteID CUSTOM not available AbstractID CUSTOM = AA17mi16b802008870829
 @State ConcreteID = SC66mbs42721652416564 AbstractID = SR16prhrh2572136073137
 ConcreteID CUSTOM = SC1jd9kox2771284214927 AbstractID CUSTOM = SA1vjl86q26f2973890247

	ROLE = LeftClickAt
	TARGET =
		WIDGET = WC3sa13a1e2180180431, WR17v7k2nb1067391859, WTaz2n92112307194186, WPac53v81a2296708173
		ROLE = UIAMenuItem
		TITLE = Format
		SHAPE = Rect [x:734.0 y:641.0 w:52.0 h:19.0]
		CHILDREN = 0
		PATH = [0, 4, 2]
	DESCRIPTION = Left Click at 'Format'
	TEXT = Compound Action =
		Move mouse to (760.0, 650.5).
		Press Mouse Button BUTTON1
		Release Mouse Button BUTTON1

ExecutedAction [62]: 
 @Action ConcreteID = AC67960y80877505888 AbstractID = AA67960y80877505888
 ConcreteID CUSTOM = ConcreteID CUSTOM not available AbstractID CUSTOM = AAgexxyz7f2146766103
 @State ConcreteID = SC1c4se6z2211379863324 AbstractID = SR1hca8yg2083573223560
 ConcreteID CUSTOM = SCq0ekl2213830387987 AbstractID CUSTOM = SAtloevc21f2668501822

	ROLE = LeftClickAt
	TARGET =
		WIDGET = WCdsg5py1c3010804170, WR17v7k2nb1067391859, WT1qeha5gf2005531835, WPk6niro18548921330
		ROLE = UIAMenuItem
		TITLE = View
		SHAPE = Rect [x:786.0 y:641.0 w:39.0 h:19.0]
		CHILDREN = 0
		PATH = [0, 3, 3]
	DESCRIPTION = Left Click at 'View'
	TEXT = Compound Action =
		Move mouse to (805.5, 650.5).
		Press Mouse Button BUTTON1
		Release Mouse Button BUTTON1

ExecutedAction [63]: 
 @Action ConcreteID = AC6vz2l802760761288 AbstractID = AA6vz2l802760761288
 ConcreteID CUSTOM = ConcreteID CUSTOM not available AbstractID CUSTOM = AApb6rqn7f1166441291
 @State ConcreteID = SC1lmfrql25c1587921199 AbstractID = SRj5frjz243105811488
 ConcreteID CUSTOM = SC13urba8261660318363 AbstractID CUSTOM = SA1k5pjmd25b739509799

	ROLE = LeftClickAt
	TARGET =
		WIDGET = WC12bnyii1c2902228113, WR17v7k2nb1067391859, WT1qe89j4f2180189081, WP10dl4js18262952754
		ROLE = UIAMenuItem
		TITLE = Help
		SHAPE = Rect [x:825.0 y:641.0 w:39.0 h:19.0]
		CHILDREN = 0
		PATH = [0, 4, 4]
	DESCRIPTION = Left Click at 'Help'
	TEXT = Compound Action =
		Move mouse to (844.5, 650.5).
		Press Mouse Button BUTTON1
		Release Mouse Button BUTTON1

ExecutedAction [64]: 
 @Action ConcreteID = AC1r95zzz113281903440 AbstractID = AA1u3l5upd71439382462
 ConcreteID CUSTOM = ConcreteID CUSTOM not available AbstractID CUSTOM = AA1nbexqgd6823340586
 @State ConcreteID = SC1c4se6z2211379863324 AbstractID = SR1hca8yg2083573223560
 ConcreteID CUSTOM = SCq0ekl2213830387987 AbstractID CUSTOM = SAtloevc21f2668501822

	ROLE = ClickTypeInto
	TARGET =
		WIDGET = WCh9rmbw1c1979157806, WR4n0dlj72701565195, WTei4yvd121088706799, WP1p79f7i182977098622
		ROLE = UIAEdit
		TITLE = Text Editor
		SHAPE = Rect [x:668.0 y:661.0 w:1881.0 h:878.0]
		CHILDREN = 3
		PATH = [0, 1]
	DESCRIPTION = Type '"`'><script>\xE2...' into 'Text Editor
	TEXT = Compound Action =
		Compound Action =
		Move mouse to (1608.5, 1100.0).
		Press Mouse Button BUTTON1
		Release Mouse Button BUTTON1
		Press Key 17
		Press Key 65
		Release Key 65
		Release Key 17
		Type text '"`'><script>\xE2\x80\x84javascript:alert(1)</script>'

ExecutedAction [65]: 
 @Action ConcreteID = AC1o30u6se01609483777 AbstractID = AA3qcyxnd74194084152
 ConcreteID CUSTOM = ConcreteID CUSTOM not available AbstractID CUSTOM = AA1nbexqgd6823340586
 @State ConcreteID = SC1n8skg02211119042158 AbstractID = SR1hca8yg2083573223560
 ConcreteID CUSTOM = SCfm3w40222522047603 AbstractID CUSTOM = SAtloevc21f2668501822

	ROLE = ClickTypeInto
	TARGET =
		WIDGET = WCh9rmbw1c1979157806, WR4n0dlj72701565195, WTei4yvd121088706799, WP1p79f7i182977098622
		ROLE = UIAEdit
		TITLE = Text Editor
		SHAPE = Rect [x:668.0 y:661.0 w:1881.0 h:878.0]
		CHILDREN = 3
		PATH = [0, 1]
	DESCRIPTION = Type '1' into 'Text Editor
	TEXT = Compound Action =
		Compound Action =
		Move mouse to (1608.5, 1100.0).
		Press Mouse Button BUTTON1
		Release Mouse Button BUTTON1
		Press Key 17
		Press Key 65
		Release Key 65
		Release Key 17
		Type text '1'

ExecutedAction [66]: 
 @Action ConcreteID = ACnuzlip7f1892690489 AbstractID = AAnuzlip7f1892690489
 ConcreteID CUSTOM = ConcreteID CUSTOM not available AbstractID CUSTOM = AA2h2znv7f1233537295
 @State ConcreteID = SCpruw322211787267848 AbstractID = SR1hca8yg2083573223560
 ConcreteID CUSTOM = SC1ez8r2s222675643567 AbstractID CUSTOM = SAtloevc21f2668501822

	ROLE = LeftClickAt
	TARGET =
		WIDGET = WC1fqsh0i1c2124881114, WR17v7k2nb1067391859, WT1qe72ijf99311909, WPjboygg183884664251
		ROLE = UIAMenuItem
		TITLE = File
		SHAPE = Rect [x:668.0 y:641.0 w:32.0 h:19.0]
		CHILDREN = 0
		PATH = [0, 3, 0]
	DESCRIPTION = Left Click at 'File'
	TEXT = Compound Action =
		Move mouse to (684.0, 650.5).
		Press Mouse Button BUTTON1
		Release Mouse Button BUTTON1

ExecutedAction [67]: 
 @Action ConcreteID = AC164vmjo802297971575 AbstractID = AA164vmjo802297971575
 ConcreteID CUSTOM = ConcreteID CUSTOM not available AbstractID CUSTOM = AA1nke3qn803503381639
 @State ConcreteID = SC19kmqob2db1188974461 AbstractID = SR33u8k32bb3556486730
 ConcreteID CUSTOM = SC1yfbmkf2db2861879235 AbstractID CUSTOM = SA11pdpav2d21519878219

	ROLE = LeftClickAt
	TARGET =
		WIDGET = WC1frc9lv1c3431448778, WR17v7k2nb1067391859, WT1qe72ijf99311909, WPjc8r1t181437309355
		ROLE = UIAMenuItem
		TITLE = File
		SHAPE = Rect [x:668.0 y:641.0 w:32.0 h:19.0]
		CHILDREN = 0
		PATH = [0, 4, 0]
	DESCRIPTION = Left Click at 'File'
	TEXT = Compound Action =
		Move mouse to (684.0, 650.5).
		Press Mouse Button BUTTON1
		Release Mouse Button BUTTON1

ExecutedAction [68]: 
 @Action ConcreteID = AC1pdzusd80222492395 AbstractID = AA1pdzusd80222492395
 ConcreteID CUSTOM = ConcreteID CUSTOM not available AbstractID CUSTOM = AA7sea08801433135387
 @State ConcreteID = SC19kmqob2db1188974461 AbstractID = SR33u8k32bb3556486730
 ConcreteID CUSTOM = SC1yfbmkf2db2861879235 AbstractID CUSTOM = SA11pdpav2d21519878219

	ROLE = LeftClickAt
	TARGET =
		WIDGET = WC1hu1e84223620388792, WR17v7k2nb1067391859, WT1otgxiu151058087525, WP1dvs8421e3158620222
		ROLE = UIAMenuItem
		TITLE = New	Ctrl+N
		SHAPE = Rect [x:671.0 y:663.0 w:223.0 h:22.0]
		CHILDREN = 0
		PATH = [0, 0, 0]
	DESCRIPTION = Left Click at 'New	Ctrl+N'
	TEXT = Compound Action =
		Move mouse to (782.5, 674.0).
		Press Mouse Button BUTTON1
		Release Mouse Button BUTTON1

ExecutedAction [69]: 
 @Action ConcreteID = ACbd0mtq803485087282 AbstractID = AAbd0mtq803485087282
 ConcreteID CUSTOM = ConcreteID CUSTOM not available AbstractID CUSTOM = AA3hndbk80889491628
 @State ConcreteID = SC6rxmjb2b13807480840 AbstractID = SRvkdtd12901075876324
 ConcreteID CUSTOM = SCvnwtok2b01688745202 AbstractID CUSTOM = SA1kzrcjy2ae427165885

	ROLE = LeftClickAt
	TARGET =
		WIDGET = WC1w5f2fy1c3788265415, WR1h6ibpb92248851252, WT1vjbvvdf3603144044, WP8jd2ek18957071755
		ROLE = UIAButton
		TITLE = Cancel
		SHAPE = Rect [x:1045.0 y:579.0 w:72.0 h:23.0]
		CHILDREN = 0
		PATH = [0, 0, 3]
	DESCRIPTION = Left Click at 'Cancel'
	TEXT = Compound Action =
		Move mouse to (1081.0, 590.5).
		Press Mouse Button BUTTON1
		Release Mouse Button BUTTON1

ExecutedAction [70]: 
 @Action ConcreteID = AC11sujtt7f1185115681 AbstractID = AA11sujtt7f1185115681
 ConcreteID CUSTOM = ConcreteID CUSTOM not available AbstractID CUSTOM = AAgexxyz7f2146766103
 @State ConcreteID = SCpruw322211787267848 AbstractID = SR1hca8yg2083573223560
 ConcreteID CUSTOM = SC1ez8r2s222675643567 AbstractID CUSTOM = SAtloevc21f2668501822

	ROLE = LeftClickAt
	TARGET =
		WIDGET = WCdsg5py1c3010804170, WR17v7k2nb1067391859, WT1qeha5gf2005531835, WPk6niro18548921330
		ROLE = UIAMenuItem
		TITLE = View
		SHAPE = Rect [x:786.0 y:641.0 w:39.0 h:19.0]
		CHILDREN = 0
		PATH = [0, 3, 3]
	DESCRIPTION = Left Click at 'View'
	TEXT = Compound Action =
		Move mouse to (805.5, 650.5).
		Press Mouse Button BUTTON1
		Release Mouse Button BUTTON1

ExecutedAction [71]: 
 @Action ConcreteID = AC1bo57ln801527559512 AbstractID = AA1bo57ln801527559512
 ConcreteID CUSTOM = ConcreteID CUSTOM not available AbstractID CUSTOM = AA222ikq7f3269800962
 @State ConcreteID = SC1aj6a2v25c1087695344 AbstractID = SRj5frjz243105811488
 ConcreteID CUSTOM = SC54bnlc2602754646176 AbstractID CUSTOM = SA1k5pjmd25b739509799

	ROLE = LeftClickAt
	TARGET =
		WIDGET = WCdszybb1c22406618, WR17v7k2nb1067391859, WT1qeha5gf2005531835, WPk77bd1182459370466
		ROLE = UIAMenuItem
		TITLE = View
		SHAPE = Rect [x:786.0 y:641.0 w:39.0 h:19.0]
		CHILDREN = 0
		PATH = [0, 4, 3]
	DESCRIPTION = Left Click at 'View'
	TEXT = Compound Action =
		Move mouse to (805.5, 650.5).
		Press Mouse Button BUTTON1
		Release Mouse Button BUTTON1

ExecutedAction [72]: 
 @Action ConcreteID = AC1bo57ln801527559512 AbstractID = AA1bo57ln801527559512
 ConcreteID CUSTOM = ConcreteID CUSTOM not available AbstractID CUSTOM = AA222ikq7f3269800962
 @State ConcreteID = SC1aj6a2v25c1087695344 AbstractID = SRj5frjz243105811488
 ConcreteID CUSTOM = SC54bnlc2602754646176 AbstractID CUSTOM = SA1k5pjmd25b739509799

	ROLE = LeftClickAt
	TARGET =
		WIDGET = WCdszybb1c22406618, WR17v7k2nb1067391859, WT1qeha5gf2005531835, WPk77bd1182459370466
		ROLE = UIAMenuItem
		TITLE = View
		SHAPE = Rect [x:786.0 y:641.0 w:39.0 h:19.0]
		CHILDREN = 0
		PATH = [0, 4, 3]
	DESCRIPTION = Left Click at 'View'
	TEXT = Compound Action =
		Move mouse to (805.5, 650.5).
		Press Mouse Button BUTTON1
		Release Mouse Button BUTTON1

ExecutedAction [73]: 
 @Action ConcreteID = AC1p1yszq7f3250594152 AbstractID = AA1p1yszq7f3250594152
 ConcreteID CUSTOM = ConcreteID CUSTOM not available AbstractID CUSTOM = AA13o274w7f4170596958
 @State ConcreteID = SCpruw322211787267848 AbstractID = SR1hca8yg2083573223560
 ConcreteID CUSTOM = SC1ez8r2s222675643567 AbstractID CUSTOM = SAtloevc21f2668501822

	ROLE = LeftClickAt
	TARGET =
		WIDGET = WC12b45x51c517775489, WR17v7k2nb1067391859, WT1qe89j4f2180189081, WP10d1byf183180104482
		ROLE = UIAMenuItem
		TITLE = Help
		SHAPE = Rect [x:825.0 y:641.0 w:39.0 h:19.0]
		CHILDREN = 0
		PATH = [0, 3, 4]
	DESCRIPTION = Left Click at 'Help'
	TEXT = Compound Action =
		Move mouse to (844.5, 650.5).
		Press Mouse Button BUTTON1
		Release Mouse Button BUTTON1

ExecutedAction [74]: 
 @Action ConcreteID = AC1lmcnci802293878170 AbstractID = AA1lmcnci802293878170
 ConcreteID CUSTOM = ConcreteID CUSTOM not available AbstractID CUSTOM = AA1wjgwci802270247802
 @State ConcreteID = SC1u4gw3i2722081212651 AbstractID = SR16prhrh2572136073137
 ConcreteID CUSTOM = SC1om1g4v276525955312 AbstractID CUSTOM = SA1vjl86q26f2973890247

	ROLE = LeftClickAt
	TARGET =
		WIDGET = WCdszybb1c22406618, WR17v7k2nb1067391859, WT1qeha5gf2005531835, WPk77bd1182459370466
		ROLE = UIAMenuItem
		TITLE = View
		SHAPE = Rect [x:786.0 y:641.0 w:39.0 h:19.0]
		CHILDREN = 0
		PATH = [0, 4, 3]
	DESCRIPTION = Left Click at 'View'
	TEXT = Compound Action =
		Move mouse to (805.5, 650.5).
		Press Mouse Button BUTTON1
		Release Mouse Button BUTTON1

ExecutedAction [75]: 
 @Action ConcreteID = AC1p1yszq7f3250594152 AbstractID = AA1p1yszq7f3250594152
 ConcreteID CUSTOM = ConcreteID CUSTOM not available AbstractID CUSTOM = AA13o274w7f4170596958
 @State ConcreteID = SCpruw322211787267848 AbstractID = SR1hca8yg2083573223560
 ConcreteID CUSTOM = SC1ez8r2s222675643567 AbstractID CUSTOM = SAtloevc21f2668501822

	ROLE = LeftClickAt
	TARGET =
		WIDGET = WC12b45x51c517775489, WR17v7k2nb1067391859, WT1qe89j4f2180189081, WP10d1byf183180104482
		ROLE = UIAMenuItem
		TITLE = Help
		SHAPE = Rect [x:825.0 y:641.0 w:39.0 h:19.0]
		CHILDREN = 0
		PATH = [0, 3, 4]
	DESCRIPTION = Left Click at 'Help'
	TEXT = Compound Action =
		Move mouse to (844.5, 650.5).
		Press Mouse Button BUTTON1
		Release Mouse Button BUTTON1

ExecutedAction [76]: 
 @Action ConcreteID = AC17ohp1e803200944514 AbstractID = AA17ohp1e803200944514
 ConcreteID CUSTOM = ConcreteID CUSTOM not available AbstractID CUSTOM = AA1illy1e802971828066
 @State ConcreteID = SC1u4gw3i2722081212651 AbstractID = SR16prhrh2572136073137
 ConcreteID CUSTOM = SC1om1g4v276525955312 AbstractID CUSTOM = SA1vjl86q26f2973890247

	ROLE = LeftClickAt
	TARGET =
		WIDGET = WC1frc9lv1c3431448778, WR17v7k2nb1067391859, WT1qe72ijf99311909, WPjc8r1t181437309355
		ROLE = UIAMenuItem
		TITLE = File
		SHAPE = Rect [x:668.0 y:641.0 w:32.0 h:19.0]
		CHILDREN = 0
		PATH = [0, 4, 0]
	DESCRIPTION = Left Click at 'File'
	TEXT = Compound Action =
		Move mouse to (684.0, 650.5).
		Press Mouse Button BUTTON1
		Release Mouse Button BUTTON1

ExecutedAction [77]: 
 @Action ConcreteID = ACcvvonm7f3058612982 AbstractID = AAcvvonm7f3058612982
 ConcreteID CUSTOM = ConcreteID CUSTOM not available AbstractID CUSTOM = AA1qj34rw7f2400770496
 @State ConcreteID = SCpruw322211787267848 AbstractID = SR1hca8yg2083573223560
 ConcreteID CUSTOM = SC1ez8r2s222675643567 AbstractID CUSTOM = SAtloevc21f2668501822

	ROLE = LeftClickAt
	TARGET =
		WIDGET = WC3rq8hx1e869414367, WR17v7k2nb1067391859, WTaz2n92112307194186, WPablb9v1a985931869
		ROLE = UIAMenuItem
		TITLE = Format
		SHAPE = Rect [x:734.0 y:641.0 w:52.0 h:19.0]
		CHILDREN = 0
		PATH = [0, 3, 2]
	DESCRIPTION = Left Click at 'Format'
	TEXT = Compound Action =
		Move mouse to (760.0, 650.5).
		Press Mouse Button BUTTON1
		Release Mouse Button BUTTON1

ExecutedAction [78]: 
 @Action ConcreteID = AC1yyvcwi802736142227 AbstractID = AA1yyvcwi802736142227
 ConcreteID CUSTOM = ConcreteID CUSTOM not available AbstractID CUSTOM = AApb6rqn7f1166441291
 @State ConcreteID = SC1w1bhyf25e3996660254 AbstractID = SRj5frjz243105811488
 ConcreteID CUSTOM = SC1wnrhju2613079892852 AbstractID CUSTOM = SA1k5pjmd25b739509799

	ROLE = LeftClickAt
	TARGET =
		WIDGET = WC12bnyii1c2902228113, WR17v7k2nb1067391859, WT1qe89j4f2180189081, WP10dl4js18262952754
		ROLE = UIAMenuItem
		TITLE = Help
		SHAPE = Rect [x:825.0 y:641.0 w:39.0 h:19.0]
		CHILDREN = 0
		PATH = [0, 4, 4]
	DESCRIPTION = Left Click at 'Help'
	TEXT = Compound Action =
		Move mouse to (844.5, 650.5).
		Press Mouse Button BUTTON1
		Release Mouse Button BUTTON1

ExecutedAction [79]: 
 @Action ConcreteID = ACcvvonm7f3058612982 AbstractID = AAcvvonm7f3058612982
 ConcreteID CUSTOM = ConcreteID CUSTOM not available AbstractID CUSTOM = AA1qj34rw7f2400770496
 @State ConcreteID = SCpruw322211787267848 AbstractID = SR1hca8yg2083573223560
 ConcreteID CUSTOM = SC1ez8r2s222675643567 AbstractID CUSTOM = SAtloevc21f2668501822

	ROLE = LeftClickAt
	TARGET =
		WIDGET = WC3rq8hx1e869414367, WR17v7k2nb1067391859, WTaz2n92112307194186, WPablb9v1a985931869
		ROLE = UIAMenuItem
		TITLE = Format
		SHAPE = Rect [x:734.0 y:641.0 w:52.0 h:19.0]
		CHILDREN = 0
		PATH = [0, 3, 2]
	DESCRIPTION = Left Click at 'Format'
	TEXT = Compound Action =
		Move mouse to (760.0, 650.5).
		Press Mouse Button BUTTON1
		Release Mouse Button BUTTON1

ExecutedAction [80]: 
 @Action ConcreteID = ACxrw5fh80302398658 AbstractID = AAxrw5fh80302398658
 ConcreteID CUSTOM = ConcreteID CUSTOM not available AbstractID CUSTOM = AA1n5bm8q7f4103499802
 @State ConcreteID = SC1w1bhyf25e3996660254 AbstractID = SRj5frjz243105811488
 ConcreteID CUSTOM = SC1wnrhju2613079892852 AbstractID CUSTOM = SA1k5pjmd25b739509799

	ROLE = LeftClickAt
	TARGET =
		WIDGET = WC1frc9lv1c3431448778, WR17v7k2nb1067391859, WT1qe72ijf99311909, WPjc8r1t181437309355
		ROLE = UIAMenuItem
		TITLE = File
		SHAPE = Rect [x:668.0 y:641.0 w:32.0 h:19.0]
		CHILDREN = 0
		PATH = [0, 4, 0]
	DESCRIPTION = Left Click at 'File'
	TEXT = Compound Action =
		Move mouse to (684.0, 650.5).
		Press Mouse Button BUTTON1
		Release Mouse Button BUTTON1

ExecutedAction [81]: 
 @Action ConcreteID = ACcvvonm7f3058612982 AbstractID = AAcvvonm7f3058612982
 ConcreteID CUSTOM = ConcreteID CUSTOM not available AbstractID CUSTOM = AA1qj34rw7f2400770496
 @State ConcreteID = SCpruw322211787267848 AbstractID = SR1hca8yg2083573223560
 ConcreteID CUSTOM = SC1ez8r2s222675643567 AbstractID CUSTOM = SAtloevc21f2668501822

	ROLE = LeftClickAt
	TARGET =
		WIDGET = WC3rq8hx1e869414367, WR17v7k2nb1067391859, WTaz2n92112307194186, WPablb9v1a985931869
		ROLE = UIAMenuItem
		TITLE = Format
		SHAPE = Rect [x:734.0 y:641.0 w:52.0 h:19.0]
		CHILDREN = 0
		PATH = [0, 3, 2]
	DESCRIPTION = Left Click at 'Format'
	TEXT = Compound Action =
		Move mouse to (760.0, 650.5).
		Press Mouse Button BUTTON1
		Release Mouse Button BUTTON1

ExecutedAction [82]: 
 @Action ConcreteID = AC12tih1n802350869237 AbstractID = AA12tih1n802350869237
 ConcreteID CUSTOM = ConcreteID CUSTOM not available AbstractID CUSTOM = AA1s6xxuw7f1787766317
 @State ConcreteID = SC1w1bhyf25e3996660254 AbstractID = SRj5frjz243105811488
 ConcreteID CUSTOM = SC1wnrhju2613079892852 AbstractID CUSTOM = SA1k5pjmd25b739509799

	ROLE = LeftClickAt
	TARGET =
		WIDGET = WC1084jd1f2874738980, WR17v7k2nb1067391859, WT1k0pzz412734516100, WPdmv4jr1b3951525617
		ROLE = UIAMenuItem
		TITLE = Font...
		SHAPE = Rect [x:737.0 y:685.0 w:144.0 h:22.0]
		CHILDREN = 0
		PATH = [0, 0, 1]
	DESCRIPTION = Left Click at 'Font...'
	TEXT = Compound Action =
		Move mouse to (809.0, 696.0).
		Press Mouse Button BUTTON1
		Release Mouse Button BUTTON1

ExecutedAction [83]: 
 @Action ConcreteID = ACwd7jcn802600691484 AbstractID = AAwd7jcn802600691484
 ConcreteID CUSTOM = ConcreteID CUSTOM not available AbstractID CUSTOM = AA1pj3p6v81827519056
 @State ConcreteID = SCgtrrog69d2749149458 AbstractID = SR11bhgzn64f1906138360
 ConcreteID CUSTOM = SCrwpsez6a6821261738 AbstractID CUSTOM = SA1e5oxbf69b1486292046

	ROLE = LeftClickAt
	TARGET =
		WIDGET = WC83xqs71c1934605973, WR4n4ygb71694219017, WTffw52mc121423905, WP1kyox1l183156097240
		ROLE = UIAList
		TITLE = Size:
		SHAPE = Rect [x:1046.0 y:761.0 w:63.0 h:109.0]
		CHILDREN = 8
		PATH = [0, 0, 5, 0]
	DESCRIPTION = Left Click at 'Size:'
	TEXT = Compound Action =
		Move mouse to (1077.5, 815.5).
		Press Mouse Button BUTTON1
		Release Mouse Button BUTTON1

ExecutedAction [84]: 
 @Action ConcreteID = AC1mq2ws67f476071652 AbstractID = AA1mq2ws67f476071652
 ConcreteID CUSTOM = ConcreteID CUSTOM not available AbstractID CUSTOM = AA39u5i801203459466
 @State ConcreteID = SCgtrrog69d2749149458 AbstractID = SR11bhgzn64f1906138360
 ConcreteID CUSTOM = SCrwpsez6a6821261738 AbstractID CUSTOM = SA1e5oxbf69b1486292046

	ROLE = LeftClickAt
	TARGET =
		WIDGET = WC6fa34h22743648695, WR52qhb2b3065858412, WTq22ksjf2912385765, WPl0h6hr1e4237094975
		ROLE = UIAListItem
		TITLE = Bold
		SHAPE = Rect [x:901.0 y:801.0 w:109.0 h:19.0]
		CHILDREN = 0
		PATH = [0, 0, 3, 0, 3]
	DESCRIPTION = Left Click at 'Bold'
	TEXT = Compound Action =
		Move mouse to (955.5, 810.5).
		Press Mouse Button BUTTON1
		Release Mouse Button BUTTON1

ExecutedAction [85]: 
 @Action ConcreteID = AC1bhupdb80325128763 AbstractID = AA1bhupdb80325128763
 ConcreteID CUSTOM = ConcreteID CUSTOM not available AbstractID CUSTOM = AA5mmt8f813106964855
 @State ConcreteID = SCgtrrog69d2749149458 AbstractID = SR11bhgzn64f1906138360
 ConcreteID CUSTOM = SCrwpsez6a6821261738 AbstractID CUSTOM = SA1e5oxbf69b1486292046

	ROLE = LeftClickAt
	TARGET =
		WIDGET = WC18yzs22201124073793, WR52qhb2b3065858412, WT1bx8b1gd1122211122, WP1ak6l201c484866457
		ROLE = UIAListItem
		TITLE = 28
		SHAPE = Rect [x:1048.0 y:853.0 w:42.0 h:15.0]
		CHILDREN = 0
		PATH = [0, 0, 5, 0, 7]
	DESCRIPTION = Left Click at '28'
	TEXT = Compound Action =
		Move mouse to (1069.0, 860.5).
		Press Mouse Button BUTTON1
		Release Mouse Button BUTTON1

ExecutedAction [86]: 
 @Action ConcreteID = ACivgy2i7f1876862359 AbstractID = AAivgy2i7f1876862359
 ConcreteID CUSTOM = ConcreteID CUSTOM not available AbstractID CUSTOM = AAv9rxey80872789753
 @State ConcreteID = SCgtrrog69d2749149458 AbstractID = SR11bhgzn64f1906138360
 ConcreteID CUSTOM = SCrwpsez6a6821261738 AbstractID CUSTOM = SA1e5oxbf69b1486292046

	ROLE = LeftClickAt
	TARGET =
		WIDGET = WCd4p191251593521301, WR52qhb2b3065858412, WT1qn1xz2121674022502, WPiyqswz211552643590
		ROLE = UIAListItem
		TITLE = Candara
		SHAPE = Rect [x:713.0 y:858.0 w:151.0 h:19.0]
		CHILDREN = 0
		PATH = [0, 0, 1, 0, 6]
	DESCRIPTION = Left Click at 'Candara'
	TEXT = Compound Action =
		Move mouse to (788.5, 867.5).
		Press Mouse Button BUTTON1
		Release Mouse Button BUTTON1

ExecutedAction [87]: 
 @Action ConcreteID = ACxmoccs801257057906 AbstractID = AAxmoccs801257057906
 ConcreteID CUSTOM = ConcreteID CUSTOM not available AbstractID CUSTOM = AA1r610jn803679618219
 @State ConcreteID = SC97zvol68b1425573676 AbstractID = SR1v7qsoq63b479198167
 ConcreteID CUSTOM = SCkm02rq6923037769707 AbstractID CUSTOM = SAe9drwy6863896272632

	ROLE = LeftClickAt
	TARGET =
		WIDGET = WC1e6239283124257528, WR1h6ibpb92248851252, WT493d5b122119396097, WP568qrr24545304214
		ROLE = UIAButton
		TITLE = Line down
		SHAPE = Rect [x:1090.0 y:851.0 w:17.0 h:17.0]
		CHILDREN = 0
		PATH = [0, 0, 5, 0, 0, 3]
	DESCRIPTION = Left Click at 'Line down'
	TEXT = Compound Action =
		Move mouse to (1098.5, 859.5).
		Press Mouse Button BUTTON1
		Release Mouse Button BUTTON1

ExecutedAction [88]: 
 @Action ConcreteID = AC108yy857f1064126076 AbstractID = AA108yy857f1064126076
 ConcreteID CUSTOM = ConcreteID CUSTOM not available AbstractID CUSTOM = AAgkvuy67f3836414002
 @State ConcreteID = SC97zvol68b1425573676 AbstractID = SR1v7qsoq63b479198167
 ConcreteID CUSTOM = SCkm02rq6923037769707 AbstractID CUSTOM = SAe9drwy6863896272632

	ROLE = LeftClickAt
	TARGET =
		WIDGET = WC1jdok051c4293971032, WR4n4ygb71694219017, WTf8ueqoc3265374131, WPzsmgn183428033851
		ROLE = UIAList
		TITLE = Font:
		SHAPE = Rect [x:711.0 y:761.0 w:172.0 h:118.0]
		CHILDREN = 7
		PATH = [0, 0, 1, 0]
	DESCRIPTION = Left Click at 'Font:'
	TEXT = Compound Action =
		Move mouse to (797.0, 820.0).
		Press Mouse Button BUTTON1
		Release Mouse Button BUTTON1

ExecutedAction [89]: 
 @Action ConcreteID = AC9lvhc0812273569911 AbstractID = AA9lvhc0812273569911
 ConcreteID CUSTOM = ConcreteID CUSTOM not available AbstractID CUSTOM = AAp2yucw812225502155
 @State ConcreteID = SC16nsywp6622795072619 AbstractID = SR1dh1km26153263125887
 ConcreteID CUSTOM = SCz6j8o766c1897844196 AbstractID CUSTOM = SA1o21s8b65f2978621347

	ROLE = LeftClickAt
	TARGET =
		WIDGET = WCfx07dy1d3795152478, WR17qbaneb3904637586, WTpv0tsf103871849437, WP1qieqpg194284676796
		ROLE = UIAComboBox
		TITLE = Size:
		SHAPE = Rect [x:1046.0 y:739.0 w:63.0 h:131.0]
		CHILDREN = 2
		PATH = [0, 0, 5]
	DESCRIPTION = Left Click at 'Size:'
	TEXT = Compound Action =
		Move mouse to (1077.5, 804.5).
		Press Mouse Button BUTTON1
		Release Mouse Button BUTTON1

ExecutedAction [90]: 
 @Action ConcreteID = AC17viiw8803407463387 AbstractID = AA17viiw8803407463387
 ConcreteID CUSTOM = ConcreteID CUSTOM not available AbstractID CUSTOM = AAu80oo801482715993
 @State ConcreteID = SC16nsywp6622795072619 AbstractID = SR1dh1km26153263125887
 ConcreteID CUSTOM = SCz6j8o766c1897844196 AbstractID CUSTOM = SA1o21s8b65f2978621347

	ROLE = LeftClickAt
	TARGET =
		WIDGET = WC11s1efs252702934042, WR52qhb2b3065858412, WTh6zdq12834902686, WP133ev1i213109690462
		ROLE = UIAListItem
		TITLE = Regular
		SHAPE = Rect [x:901.0 y:763.0 w:109.0 h:19.0]
		CHILDREN = 0
		PATH = [0, 0, 3, 0, 1]
	DESCRIPTION = Left Click at 'Regular'
	TEXT = Compound Action =
		Move mouse to (955.5, 772.5).
		Press Mouse Button BUTTON1
		Release Mouse Button BUTTON1

ExecutedAction [91]: 
 @Action ConcreteID = AC1ydbyxgab2539357141 AbstractID = AA1ydbyxgab2539357141
 ConcreteID CUSTOM = ConcreteID CUSTOM not available AbstractID CUSTOM = AA127fzgkab1801931696
 @State ConcreteID = SC16nsywp6622795072619 AbstractID = SR1dh1km26153263125887
 ConcreteID CUSTOM = SCz6j8o766c1897844196 AbstractID CUSTOM = SA1o21s8b65f2978621347

	ROLE = LeftDrag
	DESCRIPTION = Drag (875.0, 805.0) To (875.0, 807.6153846153846)
	TEXT = Compound Action =
		Move mouse to (875.0, 805.0).
		Press Mouse Button BUTTON1
		Move mouse to (875.0, 807.6153846153846).
		Release Mouse Button BUTTON1

ExecutedAction [92]: 
 @Action ConcreteID = AC1n94iy97f1967276040 AbstractID = AA1n94iy97f1967276040
 ConcreteID CUSTOM = ConcreteID CUSTOM not available AbstractID CUSTOM = AA17ep1au7f2256075150
 @State ConcreteID = SCyo68vw6782006791640 AbstractID = SR9wni3n629994063433
 ConcreteID CUSTOM = SC13gt5kx6813666370589 AbstractID CUSTOM = SA3xnecr6712254097057

	ROLE = LeftClickAt
	TARGET =
		WIDGET = WCd4p14q25297443922, WR52qhb2b3065858412, WT1qn1xz2121674022502, WPiyqsso21332062913
		ROLE = UIAListItem
		TITLE = Candara
		SHAPE = Rect [x:713.0 y:763.0 w:151.0 h:19.0]
		CHILDREN = 0
		PATH = [0, 0, 1, 0, 1]
	DESCRIPTION = Left Click at 'Candara'
	TEXT = Compound Action =
		Move mouse to (788.5, 772.5).
		Press Mouse Button BUTTON1
		Release Mouse Button BUTTON1

ExecutedAction [93]: 
 @Action ConcreteID = AC80a72xe03448208931 AbstractID = AAh0yyied52070828069
 ConcreteID CUSTOM = ConcreteID CUSTOM not available AbstractID CUSTOM = AArthrp8d51205986032
 @State ConcreteID = SC1mdeoii6a1535972553 AbstractID = SR3nly0z64f3373000535
 ConcreteID CUSTOM = SCwlqg806a71370859564 AbstractID CUSTOM = SA1u1bjte698870058414

	ROLE = ClickTypeInto
	TARGET =
		WIDGET = WC1c9f37u1c900160808, WR4n0dlj72701565195, WT4tp51ec4080314411, WP1rwf5vg183341526434
		ROLE = UIAEdit
		TITLE = Size:
		SHAPE = Rect [x:1049.0 y:742.0 w:57.0 h:16.0]
		CHILDREN = 0
		PATH = [0, 0, 5, 1]
	DESCRIPTION = Type 'NIL' into 'Size:
	TEXT = Compound Action =
		Compound Action =
		Move mouse to (1077.5, 750.0).
		Press Mouse Button BUTTON1
		Release Mouse Button BUTTON1
		Press Key 17
		Press Key 65
		Release Key 65
		Release Key 17
		Type text 'NIL'

ExecutedAction [94]: 
 @Action ConcreteID = AC14o5wm3b63208292051 AbstractID = AA14o5wm3b63208292051
 ConcreteID CUSTOM = ConcreteID CUSTOM not available AbstractID CUSTOM = AAysh826b6880071088
 @State ConcreteID = SCibm48v6a33209070892 AbstractID = SR10454fp64f2425582828
 ConcreteID CUSTOM = SCrnnvgp6a83486937023 AbstractID CUSTOM = SAdvwrng6973573940075

	ROLE = LeftDrag
	DESCRIPTION = Drag (875.0, 808.0263157894736) To (875.0, 814.6923076923077)
	TEXT = Compound Action =
		Move mouse to (875.0, 808.0263157894736).
		Press Mouse Button BUTTON1
		Move mouse to (875.0, 814.6923076923077).
		Release Mouse Button BUTTON1

ExecutedAction [95]: 
 @Action ConcreteID = ACl09yzz801222967883 AbstractID = AAl09yzz801222967883
 ConcreteID CUSTOM = ConcreteID CUSTOM not available AbstractID CUSTOM = AAbims9h80530938261
 @State ConcreteID = SCvqwqcw6a51536286489 AbstractID = SR10454fp64f2425582828
 ConcreteID CUSTOM = SC1nrc8r26a93309721383 AbstractID CUSTOM = SAdvwrng6973573940075

	ROLE = LeftClickAt
	TARGET =
		WIDGET = WCoj9wwl203249115156, WR52qhb2b3065858412, WT1bx8b0dd1729449667, WPkp0k2r1c1476622422
		ROLE = UIAListItem
		TITLE = 10
		SHAPE = Rect [x:1048.0 y:793.0 w:42.0 h:15.0]
		CHILDREN = 0
		PATH = [0, 0, 5, 0, 3]
	DESCRIPTION = Left Click at '10'
	TEXT = Compound Action =
		Move mouse to (1069.0, 800.5).
		Press Mouse Button BUTTON1
		Release Mouse Button BUTTON1

ExecutedAction [96]: 
 @Action ConcreteID = AC1h34vwf7f1719609129 AbstractID = AA1h34vwf7f1719609129
 ConcreteID CUSTOM = ConcreteID CUSTOM not available AbstractID CUSTOM = AA15body17f1320279133
 @State ConcreteID = SCvqwqcw6a51536286489 AbstractID = SR10454fp64f2425582828
 ConcreteID CUSTOM = SC1nrc8r26a93309721383 AbstractID CUSTOM = SAdvwrng6973573940075

	ROLE = LeftClickAt
	TARGET =
		WIDGET = WC1jdok051c4293971032, WR4n4ygb71694219017, WTf8ueqoc3265374131, WPzsmgn183428033851
		ROLE = UIAList
		TITLE = Font:
		SHAPE = Rect [x:711.0 y:761.0 w:172.0 h:118.0]
		CHILDREN = 7
		PATH = [0, 0, 1, 0]
	DESCRIPTION = Left Click at 'Font:'
	TEXT = Compound Action =
		Move mouse to (797.0, 820.0).
		Press Mouse Button BUTTON1
		Release Mouse Button BUTTON1

ExecutedAction [97]: 
 @Action ConcreteID = AC1hqiia17f1450794320 AbstractID = AA1hqiia17f1450794320
 ConcreteID CUSTOM = ConcreteID CUSTOM not available AbstractID CUSTOM = AAj7rrgx7f1781102693
 @State ConcreteID = SCchfk3d5d92717371157 AbstractID = SRict9np59083682627
 ConcreteID CUSTOM = SC9h8cxr5db3419033858 AbstractID CUSTOM = SAhq7sxv5d32250373339

	ROLE = LeftClickAt
	TARGET =
		WIDGET = WC17p42aw292875891550, WR52qhb2b3065858412, WT1oehc7j16143327502, WPykqe25507543844
		ROLE = UIAListItem
		TITLE = Courier New
		SHAPE = Rect [x:713.0 y:782.0 w:151.0 h:19.0]
		CHILDREN = 0
		PATH = [0, 0, 1, 0, 2]
	DESCRIPTION = Left Click at 'Courier New'
	TEXT = Compound Action =
		Move mouse to (788.5, 791.5).
		Press Mouse Button BUTTON1
		Release Mouse Button BUTTON1

ExecutedAction [98]: 
 @Action ConcreteID = ACcfmxpzb71646854139 AbstractID = AAcfmxpzb71646854139
 ConcreteID CUSTOM = ConcreteID CUSTOM not available AbstractID CUSTOM = AA1a5erlgb72939085822
 @State ConcreteID = SC1yplwjr68b1940404899 AbstractID = SRdwtcoc63d2608603672
 ConcreteID CUSTOM = SC1fn05js6941286032693 AbstractID CUSTOM = SA13h9d2q6864147623809

	ROLE = LeftDrag
	DESCRIPTION = Drag (875.0, 811.0526315789474) To (875.0, 807.6153846153846)
	TEXT = Compound Action =
		Move mouse to (875.0, 811.0526315789474).
		Press Mouse Button BUTTON1
		Move mouse to (875.0, 807.6153846153846).
		Release Mouse Button BUTTON1

ExecutedAction [99]: 
 @Action ConcreteID = ACyqo0hs7f3457462222 AbstractID = AAyqo0hs7f3457462222
 ConcreteID CUSTOM = ConcreteID CUSTOM not available AbstractID CUSTOM = AAqa7ry0803864069209
 @State ConcreteID = SC1jwxgu68b1487969710 AbstractID = SRdwtcoc63d2608603672
 ConcreteID CUSTOM = SC1phxb616933554204568 AbstractID CUSTOM = SA13h9d2q6864147623809

	ROLE = LeftClickAt
	TARGET =
		WIDGET = WC8713bp263804974975, WR52qhb2b3065858412, WT1qtbbpf13885618562, WP38b65f223762301998
		ROLE = UIAListItem
		TITLE = Gabriola
		SHAPE = Rect [x:713.0 y:763.0 w:151.0 h:19.0]
		CHILDREN = 0
		PATH = [0, 0, 1, 0, 1]
	DESCRIPTION = Left Click at 'Gabriola'
	TEXT = Compound Action =
		Move mouse to (788.5, 772.5).
		Press Mouse Button BUTTON1
		Release Mouse Button BUTTON1

ExecutedAction [100]: 
 @Action ConcreteID = AC1lrpf76802069590941 AbstractID = AA1lrpf76802069590941
 ConcreteID CUSTOM = ConcreteID CUSTOM not available AbstractID CUSTOM = AA47j8ly803874437398
 @State ConcreteID = SC16v2qlp6892813425576 AbstractID = SRdwtcoc63d2608603672
 ConcreteID CUSTOM = SCdvx4bs6921688931168 AbstractID CUSTOM = SA13h9d2q6864147623809

	ROLE = LeftClickAt
	TARGET =
		WIDGET = WC11s1efs252702934042, WR52qhb2b3065858412, WTh6zdq12834902686, WP133ev1i213109690462
		ROLE = UIAListItem
		TITLE = Regular
		SHAPE = Rect [x:901.0 y:763.0 w:109.0 h:19.0]
		CHILDREN = 0
		PATH = [0, 0, 3, 0, 1]
	DESCRIPTION = Left Click at 'Regular'
	TEXT = Compound Action =
		Move mouse to (955.5, 772.5).
		Press Mouse Button BUTTON1
		Release Mouse Button BUTTON1

Sequence 1 finished.
Copying generated sequence ("sequence698") to output directory...
Copying classified sequence ("sequence698") to sequences_ok folder...
