Starting sequence 1 (output as: sequence2175)

ExecutedAction [1]: 
 @Action ConcreteID = AC1e74jjk803783310634 AbstractID = AA1e74jjk803783310634
 ConcreteID CUSTOM = ConcreteID CUSTOM not available AbstractID CUSTOM = AA1epuldy801935360861
 @State ConcreteID = SC1nc411o4961529421974 AbstractID = SRx1ik4a474333690124
 ConcreteID CUSTOM = SC1n8pk4e495298478986 AbstractID CUSTOM = SA12laes84902498637855

	ROLE = LeftClickAt
	TARGET =
		WIDGET = WCsnsiim193522581523, WR1h6ibpb92248851252, WT1h6ibpb92248851252, WP8rujsg151712139295
		ROLE = UIAButton
		TITLE = 
		SHAPE = Rect [x:759.0 y:760.0 w:26.0 h:26.0]
		CHILDREN = 0
		PATH = [0, 2, 2, 5]
	DESCRIPTION = Left Click at ''
	TEXT = Compound Action =
		Move mouse to (772.0, 773.0).
		Press Mouse Button BUTTON1
		Release Mouse Button BUTTON1

ExecutedAction [2]: 
 @Action ConcreteID = AC6xhmbb80936674939 AbstractID = AA6xhmbb80936674939
 ConcreteID CUSTOM = ConcreteID CUSTOM not available AbstractID CUSTOM = AA7g7o5p802769254412
 @State ConcreteID = SC1nc411o4961529421974 AbstractID = SRx1ik4a474333690124
 ConcreteID CUSTOM = SC1n8pk4e495298478986 AbstractID CUSTOM = SA12laes84902498637855

	ROLE = LeftClickAt
	TARGET =
		WIDGET = WC1wr6twp233179607085, WR17v7k2nb1067391859, WTwtxn65161410781764, WPzq9smv1f824583798
		ROLE = UIAMenuItem
		TITLE = Tools Alt+s
		SHAPE = Rect [x:927.0 y:370.0 w:45.0 h:20.0]
		CHILDREN = 0
		PATH = [0, 1, 5]
	DESCRIPTION = Left Click at 'Tools Alt+s'
	TEXT = Compound Action =
		Move mouse to (949.5, 380.0).
		Press Mouse Button BUTTON1
		Release Mouse Button BUTTON1

ExecutedAction [3]: 
 @Action ConcreteID = ACldxqnw803577811121 AbstractID = AAldxqnw803577811121
 ConcreteID CUSTOM = ConcreteID CUSTOM not available AbstractID CUSTOM = AA1tmqn9i801410195494
 @State ConcreteID = SCn9ayf45852363208182 AbstractID = SRq6j13l5631449069549
 ConcreteID CUSTOM = SCse436u5871130539632 AbstractID CUSTOM = SA4e50db57d1510674958

	ROLE = LeftClickAt
	TARGET =
		WIDGET = WCig1ffy22236015574, WR17v7k2nb1067391859, WT1e6tvxi153323975668, WP1lxqkho1e3332536470
		ROLE = UIAMenuItem
		TITLE = Help Alt+H
		SHAPE = Rect [x:1013.0 y:370.0 w:42.0 h:20.0]
		CHILDREN = 0
		PATH = [0, 1, 7]
	DESCRIPTION = Left Click at 'Help Alt+H'
	TEXT = Compound Action =
		Move mouse to (1034.0, 380.0).
		Press Mouse Button BUTTON1
		Release Mouse Button BUTTON1

ExecutedAction [4]: 
 @Action ConcreteID = ACcismdj80814018760 AbstractID = AAcismdj80814018760
 ConcreteID CUSTOM = ConcreteID CUSTOM not available AbstractID CUSTOM = AAd1io7x802724138687
 @State ConcreteID = SC1nc411o4961529421974 AbstractID = SRx1ik4a474333690124
 ConcreteID CUSTOM = SC1n8pk4e495298478986 AbstractID CUSTOM = SA12laes84902498637855

	ROLE = LeftClickAt
	TARGET =
		WIDGET = WCv2iyh7231187149563, WR17v7k2nb1067391859, WT12et6eo161830467638, WP186y9jt1f939178242
		ROLE = UIAMenuItem
		TITLE = Media Alt+M
		SHAPE = Rect [x:660.0 y:370.0 w:50.0 h:20.0]
		CHILDREN = 0
		PATH = [0, 1, 0]
	DESCRIPTION = Left Click at 'Media Alt+M'
	TEXT = Compound Action =
		Move mouse to (685.0, 380.0).
		Press Mouse Button BUTTON1
		Release Mouse Button BUTTON1

ExecutedAction [5]: 
 @Action ConcreteID = AC3pdnbe7f2617025527 AbstractID = AA3pdnbe7f2617025527
 ConcreteID CUSTOM = ConcreteID CUSTOM not available AbstractID CUSTOM = AApns0ay7d2948299954
 @State ConcreteID = SC1o8lv1d5d6764803390 AbstractID = SRaw47975b31360147480
 ConcreteID CUSTOM = SC55f75f5d6520819917 AbstractID CUSTOM = SAywxx25cc688007488

	ROLE = LeftClickAt
	TARGET =
		WIDGET = WCb8oopr273915996694, WR5quxi6b4097176690, WT5quxi6b4097176690, WP1sol9ch231758362296
		ROLE = UIATreeItem
		TITLE = 
		SHAPE = Rect [x:665.0 y:516.0 w:158.0 h:26.0]
		CHILDREN = 0
		PATH = [0, 2, 0, 0, 3, 1, 1, 4]
	DESCRIPTION = Left Click at ''
	TEXT = Compound Action =
		Move mouse to (744.0, 529.0).
		Press Mouse Button BUTTON1
		Release Mouse Button BUTTON1

ExecutedAction [6]: 
 @Action ConcreteID = ACp0xlyb7e4172795121 AbstractID = AAp0xlyb7e4172795121
 ConcreteID CUSTOM = ConcreteID CUSTOM not available AbstractID CUSTOM = AAl4myyp7f128907332
 @State ConcreteID = SCtbeltk599921029908 AbstractID = SR1ogn40f5702163708818
 ConcreteID CUSTOM = SC1hm8z5m5a72377834327 AbstractID CUSTOM = SAhng8c158b3541458344

	ROLE = LeftClickAt
	TARGET =
		WIDGET = WC6nna4w23493009546, WR1h6ibpb92248851252, WTikfmy3132961463836, WPpp7dvm1f4081551358
		ROLE = UIAButton
		TITLE = Play Enter
		SHAPE = Rect [x:921.0 y:621.0 w:75.0 h:23.0]
		CHILDREN = 0
		PATH = [0, 0, 1, 0]
	DESCRIPTION = Left Click at 'Play Enter'
	TEXT = Compound Action =
		Move mouse to (958.5, 632.5).
		Press Mouse Button BUTTON1
		Release Mouse Button BUTTON1

ExecutedAction [7]: 
 @Action ConcreteID = AC119204w802179690558 AbstractID = AA119204w802179690558
 ConcreteID CUSTOM = ConcreteID CUSTOM not available AbstractID CUSTOM = AA11rs1za80321949257
 @State ConcreteID = SC1nc411o4961529421974 AbstractID = SRx1ik4a474333690124
 ConcreteID CUSTOM = SC1n8pk4e495298478986 AbstractID CUSTOM = SA12laes84902498637855

	ROLE = LeftClickAt
	TARGET =
		WIDGET = WCezyltm213992921457, WR1e04pz3e358922214, WT1e04pz3e358922214, WP1y99m881d2610189931
		ROLE = UIASplitButton
		TITLE = 
		SHAPE = Rect [x:660.0 y:416.0 w:600.0 h:311.0]
		CHILDREN = 3
		PATH = [0, 2, 0, 0, 3]
	DESCRIPTION = Left Click at ''
	TEXT = Compound Action =
		Move mouse to (960.0, 571.5).
		Press Mouse Button BUTTON1
		Release Mouse Button BUTTON1

ExecutedAction [8]: 
 @Action ConcreteID = AC17z8ldd80369393626 AbstractID = AA17z8ldd80369393626
 ConcreteID CUSTOM = ConcreteID CUSTOM not available AbstractID CUSTOM = AA18hyn7r802229240237
 @State ConcreteID = SC1nc411o4961529421974 AbstractID = SRx1ik4a474333690124
 ConcreteID CUSTOM = SC1n8pk4e495298478986 AbstractID CUSTOM = SA12laes84902498637855

	ROLE = LeftClickAt
	TARGET =
		WIDGET = WC1cj90xv241472876304, WR1e04pz3e358922214, WT1e04pz3e358922214, WP163y8ad202550790949
		ROLE = UIASplitButton
		TITLE = 
		SHAPE = Rect [x:660.0 y:416.0 w:180.0 h:311.0]
		CHILDREN = 3
		PATH = [0, 2, 0, 0, 3, 1]
	DESCRIPTION = Left Click at ''
	TEXT = Compound Action =
		Move mouse to (750.0, 571.5).
		Press Mouse Button BUTTON1
		Release Mouse Button BUTTON1

ExecutedAction [9]: 
 @Action ConcreteID = AC1qneskq80841333388 AbstractID = AA1qneskq80841333388
 ConcreteID CUSTOM = ConcreteID CUSTOM not available AbstractID CUSTOM = AA1r64uf4802701018363
 @State ConcreteID = SC1nc411o4961529421974 AbstractID = SRx1ik4a474333690124
 ConcreteID CUSTOM = SC1n8pk4e495298478986 AbstractID CUSTOM = SA12laes84902498637855

	ROLE = LeftClickAt
	TARGET =
		WIDGET = WCb8oon6272485037651, WR5quxi6b4097176690, WT5quxi6b4097176690, WP1sol99w23364482301
		ROLE = UIATreeItem
		TITLE = 
		SHAPE = Rect [x:660.0 y:442.0 w:163.0 h:26.0]
		CHILDREN = 0
		PATH = [0, 2, 0, 0, 3, 1, 1, 1]
	DESCRIPTION = Left Click at ''
	TEXT = Compound Action =
		Move mouse to (741.5, 455.0).
		Press Mouse Button BUTTON1
		Release Mouse Button BUTTON1

ExecutedAction [10]: 
 @Action ConcreteID = AC7a4pcn7e1561880999 AbstractID = AA7a4pcn7e1561880999
 ConcreteID CUSTOM = ConcreteID CUSTOM not available AbstractID CUSTOM = AA1u0mbf5804175777107
 @State ConcreteID = SCgnmptf495567776262 AbstractID = SRx1ik4a474333690124
 ConcreteID CUSTOM = SC6r4qfq4943573535199 AbstractID CUSTOM = SA12laes84902498637855

	ROLE = LeftClickAt
	TARGET =
		WIDGET = WC1pm5r0o232668325901, WR17v7k2nb1067391859, WT1p8hf68161996799177, WP19ngj4m1f1149120030
		ROLE = UIAMenuItem
		TITLE = Video Alt+V
		SHAPE = Rect [x:823.0 y:370.0 w:47.0 h:20.0]
		CHILDREN = 0
		PATH = [0, 1, 3]
	DESCRIPTION = Left Click at 'Video Alt+V'
	TEXT = Compound Action =
		Move mouse to (846.5, 380.0).
		Press Mouse Button BUTTON1
		Release Mouse Button BUTTON1

ExecutedAction [11]: 
 @Action ConcreteID = AC1s0w3967f1820861462 AbstractID = AA1s0w3967f1820861462
 ConcreteID CUSTOM = ConcreteID CUSTOM not available AbstractID CUSTOM = AA8sgopq802022870725
 @State ConcreteID = SCo5r8vd5c13154113801 AbstractID = SR1puplip59f2046217050
 ConcreteID CUSTOM = SC12gwr8d5c23162418027 AbstractID CUSTOM = SA1cdyq6f5bc1088529850

	ROLE = LeftClickAt
	TARGET =
		WIDGET = WCb8ooo1273207854480, WR5quxi6b4097176690, WT5quxi6b4097176690, WP1sol9ar231049943358
		ROLE = UIATreeItem
		TITLE = 
		SHAPE = Rect [x:660.0 y:468.0 w:163.0 h:22.0]
		CHILDREN = 0
		PATH = [0, 2, 0, 0, 3, 1, 1, 2]
	DESCRIPTION = Left Click at ''
	TEXT = Compound Action =
		Move mouse to (741.5, 479.0).
		Press Mouse Button BUTTON1
		Release Mouse Button BUTTON1

ExecutedAction [12]: 
 @Action ConcreteID = AC104rz3e7e2151710792 AbstractID = AA104rz3e7e2151710792
 ConcreteID CUSTOM = ConcreteID CUSTOM not available AbstractID CUSTOM = AAnu5j6s80633185468
 @State ConcreteID = SCgnmptf495567776262 AbstractID = SRx1ik4a474333690124
 ConcreteID CUSTOM = SC6r4qfq4943573535199 AbstractID CUSTOM = SA12laes84902498637855

	ROLE = LeftClickAt
	TARGET =
		WIDGET = WCsnsil7191683499614, WR1h6ibpb92248851252, WT1h6ibpb92248851252, WP8rujv1153550696018
		ROLE = UIAButton
		TITLE = 
		SHAPE = Rect [x:849.0 y:760.0 w:26.0 h:26.0]
		CHILDREN = 0
		PATH = [0, 2, 2, 8]
	DESCRIPTION = Left Click at ''
	TEXT = Compound Action =
		Move mouse to (862.0, 773.0).
		Press Mouse Button BUTTON1
		Release Mouse Button BUTTON1

ExecutedAction [13]: 
 @Action ConcreteID = AC1rhj1627f3100899448 AbstractID = AA1rhj1627f3100899448
 ConcreteID CUSTOM = ConcreteID CUSTOM not available AbstractID CUSTOM = AA1rymssh803616463939
 @State ConcreteID = SCuz7jjp8303758477466 AbstractID = SR1yfevkg7f71642670254
 ConcreteID CUSTOM = SCmgzpu38453996134176 AbstractID CUSTOM = SA1hsge2l82a4019574750

	ROLE = LeftClickAt
	TARGET =
		WIDGET = WC1kb7r7h21508008499, WR1e04pz3e358922214, WT1e04pz3e358922214, WP14jepmz1d1747774249
		ROLE = UIASplitButton
		TITLE = 
		SHAPE = Rect [x:977.0 y:394.0 w:23.0 h:22.0]
		CHILDREN = 0
		PATH = [0, 3, 0, 0, 1]
	DESCRIPTION = Left Click at ''
	TEXT = Compound Action =
		Move mouse to (988.5, 405.0).
		Press Mouse Button BUTTON1
		Release Mouse Button BUTTON1

ExecutedAction [14]: 
 @Action ConcreteID = ACog5h4j7f2677445129 AbstractID = AAog5h4j7f2677445129
 ConcreteID CUSTOM = ConcreteID CUSTOM not available AbstractID CUSTOM = AA1xe7bwm7f35098080
 @State ConcreteID = SCbshy9286e4258818260 AbstractID = SR1vl1zpv8333899990081
 ConcreteID CUSTOM = SC17me82q8812577797430 AbstractID CUSTOM = SAm03ujo8693060994942

	ROLE = LeftClickAt
	TARGET =
		WIDGET = WChhkzxr203155281532, WR4na8ob72534219213, WT4na8ob72534219213, WPq67z251c32516421
		ROLE = UIATree
		TITLE = 
		SHAPE = Rect [x:660.0 y:416.0 w:180.0 h:178.0]
		CHILDREN = 8
		PATH = [0, 3, 0, 0, 3, 1, 1]
	DESCRIPTION = Left Click at ''
	TEXT = Compound Action =
		Move mouse to (750.0, 505.0).
		Press Mouse Button BUTTON1
		Release Mouse Button BUTTON1

ExecutedAction [15]: 
 @Action ConcreteID = ACnhjpbh7f2580261026 AbstractID = AAnhjpbh7f2580261026
 ConcreteID CUSTOM = ConcreteID CUSTOM not available AbstractID CUSTOM = AA1nr0e8w7f4163554110
 @State ConcreteID = SCz1mkgpb422544636194 AbstractID = SR1o581smadf2091065052
 ConcreteID CUSTOM = SCg2exw1b5c2460391649 AbstractID CUSTOM = SAwosarcb2f1235075852

	ROLE = LeftClickAt
	TARGET =
		WIDGET = WCudm5vj2e1662650780, WR1k8fo0ra1109144095, WT1u6eeu5122310558738, WP1ennb5d2a2628714310
		ROLE = UIATabItem
		TITLE = Advanced
		SHAPE = Rect [x:391.0 y:403.0 w:24.0 h:21.0]
		CHILDREN = 0
		PATH = [0, 0, 1, 0, 0, 0, 1, 4]
	DESCRIPTION = Left Click at 'Advanced'
	TEXT = Compound Action =
		Move mouse to (403.0, 413.5).
		Press Mouse Button BUTTON1
		Release Mouse Button BUTTON1

ExecutedAction [16]: 
 @Action ConcreteID = AC10bafgq802913077410 AbstractID = AA10bafgq802913077410
 ConcreteID CUSTOM = ConcreteID CUSTOM not available AbstractID CUSTOM = AAlzh827802368229344
 @State ConcreteID = SCo0311t9b63542268358 AbstractID = SR166bz7i9603381601562
 ConcreteID CUSTOM = SCyzqr7h9c23330169315 AbstractID CUSTOM = SA3fwa5g9993520026275

	ROLE = LeftClickAt
	TARGET =
		WIDGET = WCqlzalq323070000198, WR52qhb2b3065858412, WT1ehdilj192117289891, WP1okybi42e2049533905
		ROLE = UIAListItem
		TITLE = New folder (6)
		SHAPE = Rect [x:1079.0 y:561.0 w:116.0 h:143.0]
		CHILDREN = 0
		PATH = [0, 3, 0, 0, 3, 0, 5]
	DESCRIPTION = Left Click at 'New folder (6)'
	TEXT = Compound Action =
		Move mouse to (1137.0, 632.5).
		Press Mouse Button BUTTON1
		Release Mouse Button BUTTON1

ExecutedAction [17]: 
 @Action ConcreteID = AC1syd8vk801819406017 AbstractID = AA1syd8vk801819406017
 ConcreteID CUSTOM = ConcreteID CUSTOM not available AbstractID CUSTOM = AA1emk1h1801291561347
 @State ConcreteID = SCo0311t9b63542268358 AbstractID = SR166bz7i9603381601562
 ConcreteID CUSTOM = SCyzqr7h9c23330169315 AbstractID CUSTOM = SA3fwa5g9993520026275

	ROLE = LeftClickAt
	TARGET =
		WIDGET = WC1mf0qwe324195456393, WR52qhb2b3065858412, WT1ehdin9193769657901, WPuq1if02e2775331855
		ROLE = UIAListItem
		TITLE = New folder (8)
		SHAPE = Rect [x:963.0 y:704.0 w:116.0 h:143.0]
		CHILDREN = 0
		PATH = [0, 3, 0, 0, 3, 0, 7]
	DESCRIPTION = Left Click at 'New folder (8)'
	TEXT = Compound Action =
		Move mouse to (1021.0, 775.5).
		Press Mouse Button BUTTON1
		Release Mouse Button BUTTON1

ExecutedAction [18]: 
 @Action ConcreteID = AC1joz7d380207488062 AbstractID = AA1joz7d380207488062
 ConcreteID CUSTOM = ConcreteID CUSTOM not available AbstractID CUSTOM = AA15d5zyk80752108412
 @State ConcreteID = SCo0311t9b63542268358 AbstractID = SR166bz7i9603381601562
 ConcreteID CUSTOM = SCyzqr7h9c23330169315 AbstractID CUSTOM = SA3fwa5g9993520026275

	ROLE = LeftClickAt
	TARGET =
		WIDGET = WCuhzwf4282173688954, WR5quxi6b4097176690, WT5quxi6b4097176690, WP1hhgejy242959144369
		ROLE = UIATreeItem
		TITLE = 
		SHAPE = Rect [x:1046.0 y:484.0 w:80.0 h:22.0]
		CHILDREN = 0
		PATH = [0, 3, 0, 0, 3, 0, 9, 10]
	DESCRIPTION = Left Click at ''
	TEXT = Compound Action =
		Move mouse to (1086.0, 495.0).
		Press Mouse Button BUTTON1
		Release Mouse Button BUTTON1

ExecutedAction [19]: 
 @Action ConcreteID = AC19qd2iy80342291590 AbstractID = AA19qd2iy80342291590
 ConcreteID CUSTOM = ConcreteID CUSTOM not available AbstractID CUSTOM = AAvejv4f80887927748
 @State ConcreteID = SCo0311t9b63542268358 AbstractID = SR166bz7i9603381601562
 ConcreteID CUSTOM = SCyzqr7h9c23330169315 AbstractID CUSTOM = SA3fwa5g9993520026275

	ROLE = LeftClickAt
	TARGET =
		WIDGET = WC3txktt52352066224, WR52qhb2b3065858412, WTf8529t392528353257, WPkrl8fz4e1397322271
		ROLE = UIAListItem
		TITLE = vlc-record-2019-10-19-14h24m45s-screen___-.avi
		SHAPE = Rect [x:1079.0 y:704.0 w:116.0 h:143.0]
		CHILDREN = 0
		PATH = [0, 3, 0, 0, 3, 0, 8]
	DESCRIPTION = Left Click at 'vlc-record-2019-10-19-14h24m45s-screen___-.avi'
	TEXT = Compound Action =
		Move mouse to (1137.0, 775.5).
		Press Mouse Button BUTTON1
		Release Mouse Button BUTTON1

ExecutedAction [20]: 
 @Action ConcreteID = AClw41xq7f215683915 AbstractID = AAlw41xq7f215683915
 ConcreteID CUSTOM = ConcreteID CUSTOM not available AbstractID CUSTOM = AAulf8x57f3910787646
 @State ConcreteID = SCo0311t9b63542268358 AbstractID = SR166bz7i9603381601562
 ConcreteID CUSTOM = SCyzqr7h9c23330169315 AbstractID CUSTOM = SA3fwa5g9993520026275

	ROLE = LeftClickAt
	TARGET =
		WIDGET = WCoa5w6c233122696270, WR17v7k2nb1067391859, WT1faw5jq16422026351, WPzrter61f3097932180
		ROLE = UIAMenuItem
		TITLE = Audio Alt+A
		SHAPE = Rect [x:774.0 y:370.0 w:49.0 h:20.0]
		CHILDREN = 0
		PATH = [0, 2, 2]
	DESCRIPTION = Left Click at 'Audio Alt+A'
	TEXT = Compound Action =
		Move mouse to (798.5, 380.0).
		Press Mouse Button BUTTON1
		Release Mouse Button BUTTON1

ExecutedAction [21]: 
 @Action ConcreteID = AC587u6k804188368340 AbstractID = AA587u6k804188368340
 ConcreteID CUSTOM = ConcreteID CUSTOM not available AbstractID CUSTOM = AA16intyg7f3430339299
 @State ConcreteID = SC1u9eyrea7c3958188886 AbstractID = SRo2iu4na272276643160
 ConcreteID CUSTOM = SC1a3fppxa86133842400 AbstractID CUSTOM = SAdqvnu0a602672078088

	ROLE = LeftClickAt
	TARGET =
		WIDGET = WC1upfzam2822555728, WR1h6ibpb92248851252, WT1u0ptgt12975207968, WP137hgps243780711961
		ROLE = UIAButton
		TITLE = My Videos
		SHAPE = Rect [x:660.0 y:394.0 w:17.0 h:22.0]
		CHILDREN = 0
		PATH = [0, 3, 0, 0, 0, 0]
	DESCRIPTION = Left Click at 'My Videos'
	TEXT = Compound Action =
		Move mouse to (668.5, 405.0).
		Press Mouse Button BUTTON1
		Release Mouse Button BUTTON1

ExecutedAction [22]: 
 @Action ConcreteID = ACdi9wno7f1518018457 AbstractID = AAdi9wno7f1518018457
 ConcreteID CUSTOM = ConcreteID CUSTOM not available AbstractID CUSTOM = AAm7l3n37f3216633580
 @State ConcreteID = SCo0311t9b63542268358 AbstractID = SR166bz7i9603381601562
 ConcreteID CUSTOM = SCyzqr7h9c23330169315 AbstractID CUSTOM = SA3fwa5g9993520026275

	ROLE = LeftClickAt
	TARGET =
		WIDGET = WCfl317c1c3034426427, WR88rmk0b1934231702, WT88rmk0b1934231702, WP1vfigti183649330840
		ROLE = UIACheckBox
		TITLE = 
		SHAPE = Rect [x:913.0 y:760.0 w:26.0 h:26.0]
		CHILDREN = 0
		PATH = [0, 3, 2, 10]
	DESCRIPTION = Left Click at ''
	TEXT = Compound Action =
		Move mouse to (926.0, 773.0).
		Press Mouse Button BUTTON1
		Release Mouse Button BUTTON1

ExecutedAction [23]: 
 @Action ConcreteID = AC1k76mco7f1030059484 AbstractID = AA1k76mco7f1030059484
 ConcreteID CUSTOM = ConcreteID CUSTOM not available AbstractID CUSTOM = AA1swhtc37f3634857129
 @State ConcreteID = SCo0311t9b63542268358 AbstractID = SR166bz7i9603381601562
 ConcreteID CUSTOM = SCyzqr7h9c23330169315 AbstractID CUSTOM = SA3fwa5g9993520026275

	ROLE = LeftClickAt
	TARGET =
		WIDGET = WCx2xd4b312174155616, WR1k8fo0ra1109144095, WT1xn65vr151465452121, WP1kvj3bx2d3413647731
		ROLE = UIATabItem
		TITLE = Spatializer
		SHAPE = Rect [x:328.0 y:403.0 w:28.0 h:21.0]
		CHILDREN = 0
		PATH = [0, 0, 1, 0, 0, 0, 1, 2]
	DESCRIPTION = Left Click at 'Spatializer'
	TEXT = Compound Action =
		Move mouse to (342.0, 413.5).
		Press Mouse Button BUTTON1
		Release Mouse Button BUTTON1

ExecutedAction [24]: 
 @Action ConcreteID = AC1vdu64t813549922740 AbstractID = AA1vdu64t813549922740
 ConcreteID CUSTOM = ConcreteID CUSTOM not available AbstractID CUSTOM = AAnpm8jj813693905031
 @State ConcreteID = SC1qzjcmi9ec2034296537 AbstractID = SR1yw7qha99b3555544719
 ConcreteID CUSTOM = SCq0a1ya001616254078 AbstractID CUSTOM = SA1j1r0uz9d52250559044

	ROLE = LeftClickAt
	TARGET =
		WIDGET = WCuhzwik283856865662, WR5quxi6b4097176690, WT5quxi6b4097176690, WP1hhgene243557568693
		ROLE = UIATreeItem
		TITLE = 
		SHAPE = Rect [x:1126.0 y:506.0 w:133.0 h:22.0]
		CHILDREN = 0
		PATH = [0, 3, 0, 0, 3, 0, 9, 14]
	DESCRIPTION = Left Click at ''
	TEXT = Compound Action =
		Move mouse to (1192.5, 517.0).
		Press Mouse Button BUTTON1
		Release Mouse Button BUTTON1

ExecutedAction [25]: 
 @Action ConcreteID = AC16iy9b6811737587774 AbstractID = AA16iy9b6811737587774
 ConcreteID CUSTOM = ConcreteID CUSTOM not available AbstractID CUSTOM = AA1xvudp0811747614989
 @State ConcreteID = SC1qzjcmi9ec2034296537 AbstractID = SR1yw7qha99b3555544719
 ConcreteID CUSTOM = SCq0a1ya001616254078 AbstractID CUSTOM = SA1j1r0uz9d52250559044

	ROLE = LeftClickAt
	TARGET =
		WIDGET = WCuhzx8e282833527264, WR5quxi6b4097176690, WT5quxi6b4097176690, WP1hhgfd8242567641131
		ROLE = UIATreeItem
		TITLE = 
		SHAPE = Rect [x:1126.0 y:572.0 w:133.0 h:22.0]
		CHILDREN = 0
		PATH = [0, 3, 0, 0, 3, 0, 9, 23]
	DESCRIPTION = Left Click at ''
	TEXT = Compound Action =
		Move mouse to (1192.5, 583.0).
		Press Mouse Button BUTTON1
		Release Mouse Button BUTTON1

ExecutedAction [26]: 
 @Action ConcreteID = ACrf0gro804170605410 AbstractID = AArf0gro804170605410
 ConcreteID CUSTOM = ConcreteID CUSTOM not available AbstractID CUSTOM = AA9yvt6a801131308075
 @State ConcreteID = SC1qzjcmi9ec2034296537 AbstractID = SR1yw7qha99b3555544719
 ConcreteID CUSTOM = SCq0a1ya001616254078 AbstractID CUSTOM = SA1j1r0uz9d52250559044

	ROLE = LeftClickAt
	TARGET =
		WIDGET = WC14695eq243401952870, WR1e04pz3e358922214, WT1e04pz3e358922214, WPxqycr82084286035
		ROLE = UIASplitButton
		TITLE = 
		SHAPE = Rect [x:660.0 y:416.0 w:180.0 h:311.0]
		CHILDREN = 3
		PATH = [0, 3, 0, 0, 3, 1]
	DESCRIPTION = Left Click at ''
	TEXT = Compound Action =
		Move mouse to (750.0, 571.5).
		Press Mouse Button BUTTON1
		Release Mouse Button BUTTON1

ExecutedAction [27]: 
 @Action ConcreteID = ACoqke0z813665921846 AbstractID = AAoqke0z813665921846
 ConcreteID CUSTOM = ConcreteID CUSTOM not available AbstractID CUSTOM = AA1g3giet813577382405
 @State ConcreteID = SC1qzjcmi9ec2034296537 AbstractID = SR1yw7qha99b3555544719
 ConcreteID CUSTOM = SCq0a1ya001616254078 AbstractID CUSTOM = SA1j1r0uz9d52250559044

	ROLE = LeftClickAt
	TARGET =
		WIDGET = WC1at63l3271892953615, WR5quxi6b4097176690, WT5quxi6b4097176690, WPt7ym8p234050848417
		ROLE = UIATreeItem
		TITLE = 
		SHAPE = Rect [x:1046.0 y:440.0 w:80.0 h:22.0]
		CHILDREN = 0
		PATH = [0, 3, 0, 0, 3, 0, 9, 4]
	DESCRIPTION = Left Click at ''
	TEXT = Compound Action =
		Move mouse to (1086.0, 451.0).
		Press Mouse Button BUTTON1
		Release Mouse Button BUTTON1

ExecutedAction [28]: 
 @Action ConcreteID = AC1t50i7r80411912099 AbstractID = AA1t50i7r80411912099
 ConcreteID CUSTOM = ConcreteID CUSTOM not available AbstractID CUSTOM = AA1bovumd802742370538
 @State ConcreteID = SC1qzjcmi9ec2034296537 AbstractID = SR1yw7qha99b3555544719
 ConcreteID CUSTOM = SCq0a1ya001616254078 AbstractID CUSTOM = SA1j1r0uz9d52250559044

	ROLE = LeftClickAt
	TARGET =
		WIDGET = WC3ov4pj2a1543854926, WR1k8fo0ra1109144095, WTip8fqa174052975287, WP1yyvwf9262005146579
		ROLE = UIATabItem
		TITLE = Video Effects
		SHAPE = Rect [x:285.0 y:372.0 w:41.0 h:21.0]
		CHILDREN = 0
		PATH = [0, 0, 1, 1, 1]
	DESCRIPTION = Left Click at 'Video Effects'
	TEXT = Compound Action =
		Move mouse to (305.5, 382.5).
		Press Mouse Button BUTTON1
		Release Mouse Button BUTTON1

ExecutedAction [29]: 
 @Action ConcreteID = ACbb6dnk7f2067741893 AbstractID = AAbb6dnk7f2067741893
 ConcreteID CUSTOM = ConcreteID CUSTOM not available AbstractID CUSTOM = AA1nfsgg77e1978834614
 @State ConcreteID = SCuxi0kwaf03369256221 AbstractID = SR166zp0vaad2209117484
 ConcreteID CUSTOM = SC1v7x6wpb072982149621 AbstractID CUSTOM = SA4ndxyoadb444383202

	ROLE = LeftClickAt
	TARGET =
		WIDGET = WCq7nngn343000394540, WR88rmk0b1934231702, WT18i42xb152215782980, WPcqzck5301244272764
		ROLE = UIACheckBox
		TITLE = Film Grain
		SHAPE = Rect [x:451.0 y:637.0 w:173.0 h:95.0]
		CHILDREN = 2
		PATH = [0, 0, 1, 0, 0, 0, 0, 0, 3]
	DESCRIPTION = Left Click at 'Film Grain'
	TEXT = Compound Action =
		Move mouse to (537.5, 684.5).
		Press Mouse Button BUTTON1
		Release Mouse Button BUTTON1

ExecutedAction [30]: 
 @Action ConcreteID = ACby82rz7f969964228 AbstractID = AAby82rz7f969964228
 ConcreteID CUSTOM = ConcreteID CUSTOM not available AbstractID CUSTOM = AA1o2u5km7e924702903
 @State ConcreteID = SCuxi0kwaf03369256221 AbstractID = SR166zp0vaad2209117484
 ConcreteID CUSTOM = SC1v7x6wpb072982149621 AbstractID CUSTOM = SA4ndxyoadb444383202

	ROLE = LeftClickAt
	TARGET =
		WIDGET = WC1wrqmi2234196699901, WR17v7k2nb1067391859, WTwtxn65161410781764, WPzqtl881f1988517030
		ROLE = UIAMenuItem
		TITLE = Tools Alt+s
		SHAPE = Rect [x:927.0 y:370.0 w:45.0 h:20.0]
		CHILDREN = 0
		PATH = [0, 2, 5]
	DESCRIPTION = Left Click at 'Tools Alt+s'
	TEXT = Compound Action =
		Move mouse to (949.5, 380.0).
		Press Mouse Button BUTTON1
		Release Mouse Button BUTTON1

ExecutedAction [31]: 
 @Action ConcreteID = AC1wvnc3c7e785173435 AbstractID = AA1wvnc3c7e785173435
 ConcreteID CUSTOM = ConcreteID CUSTOM not available AbstractID CUSTOM = AAfmja0y802140062144
 @State ConcreteID = SCi75zf0bdf251387156 AbstractID = SRb15pyob9c3286506024
 ConcreteID CUSTOM = SC15hwmm7bf91881049426 AbstractID CUSTOM = SA1rdl2kbbc82021164284

	ROLE = LeftClickAt
	TARGET =
		WIDGET = WC1kvrl7a241388749283, WR1h6ibpb92248851252, WTfj8swh143379978768, WP12mswso201927676573
		ROLE = UIAButton
		TITLE = Close Enter
		SHAPE = Rect [x:494.0 y:762.0 w:75.0 h:23.0]
		CHILDREN = 0
		PATH = [0, 0, 2, 1]
	DESCRIPTION = Left Click at 'Close Enter'
	TEXT = Compound Action =
		Move mouse to (531.5, 773.5).
		Press Mouse Button BUTTON1
		Release Mouse Button BUTTON1

ExecutedAction [32]: 
 @Action ConcreteID = ACdn5k327e3130253406 AbstractID = AAdn5k327e3130253406
 ConcreteID CUSTOM = ConcreteID CUSTOM not available AbstractID CUSTOM = AA15nlqx802529217818
 @State ConcreteID = SCuy3sbh7a0371906197 AbstractID = SR1v7v09s75c696783457
 ConcreteID CUSTOM = SC121a3mr7aa2672107326 AbstractID CUSTOM = SA171g2h57a91039855599

	ROLE = LeftClickAt
	TARGET =
		WIDGET = WC12pomjx2e2524802376, WR52qhb2b3065858412, WTrktj1o154143545019, WP1g58f7f2a2981353807
		ROLE = UIAListItem
		TITLE = New folder
		SHAPE = Rect [x:847.0 y:418.0 w:116.0 h:143.0]
		CHILDREN = 0
		PATH = [0, 2, 0, 0, 3, 0, 0]
	DESCRIPTION = Left Click at 'New folder'
	TEXT = Compound Action =
		Move mouse to (905.0, 489.5).
		Press Mouse Button BUTTON1
		Release Mouse Button BUTTON1

ExecutedAction [33]: 
 @Action ConcreteID = ACazbt0z7e2030984284 AbstractID = AAazbt0z7e2030984284
 ConcreteID CUSTOM = ConcreteID CUSTOM not available AbstractID CUSTOM = AA1xixwny801432187160
 @State ConcreteID = SCuy3sbh7a0371906197 AbstractID = SR1v7v09s75c696783457
 ConcreteID CUSTOM = SC121a3mr7aa2672107326 AbstractID CUSTOM = SA171g2h57a91039855599

	ROLE = LeftClickAt
	TARGET =
		WIDGET = WC5nhgtu36945367668, WR5quxi6b4097176690, WT19et3xl193925630395, WP1y719z4322900752116
		ROLE = UIATreeItem
		TITLE = New folder (4)
		SHAPE = Rect [x:866.0 y:506.0 w:180.0 h:22.0]
		CHILDREN = 0
		PATH = [0, 2, 0, 0, 3, 0, 9, 12]
	DESCRIPTION = Left Click at 'New folder (4)'
	TEXT = Compound Action =
		Move mouse to (956.0, 517.0).
		Press Mouse Button BUTTON1
		Release Mouse Button BUTTON1

ExecutedAction [34]: 
 @Action ConcreteID = AClg0tn67f3134088915 AbstractID = AAlg0tn67f3134088915
 ConcreteID CUSTOM = ConcreteID CUSTOM not available AbstractID CUSTOM = AA1ok8l1j813411259511
 @State ConcreteID = SCuy3sbh7a0371906197 AbstractID = SR1v7v09s75c696783457
 ConcreteID CUSTOM = SC121a3mr7aa2672107326 AbstractID CUSTOM = SA171g2h57a91039855599

	ROLE = LeftClickAt
	TARGET =
		WIDGET = WCr05xtp28926855806, WR5quxi6b4097176690, WT5quxi6b4097176690, WP1dzmfyj24114400181
		ROLE = UIATreeItem
		TITLE = 
		SHAPE = Rect [x:1126.0 y:572.0 w:133.0 h:22.0]
		CHILDREN = 0
		PATH = [0, 2, 0, 0, 3, 0, 9, 23]
	DESCRIPTION = Left Click at ''
	TEXT = Compound Action =
		Move mouse to (1192.5, 583.0).
		Press Mouse Button BUTTON1
		Release Mouse Button BUTTON1

ExecutedAction [35]: 
 @Action ConcreteID = ACvwrh7h7f514399948 AbstractID = AAvwrh7h7f514399948
 ConcreteID CUSTOM = ConcreteID CUSTOM not available AbstractID CUSTOM = AA1z0z8lu811865730152
 @State ConcreteID = SCuy3sbh7a0371906197 AbstractID = SR1v7v09s75c696783457
 ConcreteID CUSTOM = SC121a3mr7aa2672107326 AbstractID CUSTOM = SA171g2h57a91039855599

	ROLE = LeftClickAt
	TARGET =
		WIDGET = WCr05xyv283453049588, WR5quxi6b4097176690, WT5quxi6b4097176690, WP1dzmg3p244231951167
		ROLE = UIATreeItem
		TITLE = 
		SHAPE = Rect [x:1126.0 y:616.0 w:133.0 h:22.0]
		CHILDREN = 0
		PATH = [0, 2, 0, 0, 3, 0, 9, 29]
	DESCRIPTION = Left Click at ''
	TEXT = Compound Action =
		Move mouse to (1192.5, 627.0).
		Press Mouse Button BUTTON1
		Release Mouse Button BUTTON1

ExecutedAction [36]: 
 @Action ConcreteID = ACyppj6b7f3836917021 AbstractID = AAyppj6b7f3836917021
 ConcreteID CUSTOM = ConcreteID CUSTOM not available AbstractID CUSTOM = AA2st8lk812502910905
 @State ConcreteID = SCuy3sbh7a0371906197 AbstractID = SR1v7v09s75c696783457
 ConcreteID CUSTOM = SC121a3mr7aa2672107326 AbstractID CUSTOM = SA171g2h57a91039855599

	ROLE = LeftClickAt
	TARGET =
		WIDGET = WC1qs18f826210102959, WR10fgh33101836453781, WT10fgh33101836453781, WP1bkbbdi221874895209
		ROLE = UIACustomControl
		TITLE = 
		SHAPE = Rect [x:845.0 y:416.0 w:415.0 h:311.0]
		CHILDREN = 10
		PATH = [0, 2, 0, 0, 3, 0]
	DESCRIPTION = Left Click at ''
	TEXT = Compound Action =
		Move mouse to (1052.5, 571.5).
		Press Mouse Button BUTTON1
		Release Mouse Button BUTTON1

ExecutedAction [37]: 
 @Action ConcreteID = AC1xjphoe7f4217402082 AbstractID = AA1xjphoe7f4217402082
 ConcreteID CUSTOM = ConcreteID CUSTOM not available AbstractID CUSTOM = AA11mt73n812331878470
 @State ConcreteID = SCuy3sbh7a0371906197 AbstractID = SR1v7v09s75c696783457
 ConcreteID CUSTOM = SC121a3mr7aa2672107326 AbstractID CUSTOM = SA171g2h57a91039855599

	ROLE = LeftClickAt
	TARGET =
		WIDGET = WCr05x5l281209006178, WR5quxi6b4097176690, WT5quxi6b4097176690, WP1dzmfaf242044776873
		ROLE = UIATreeItem
		TITLE = 
		SHAPE = Rect [x:1046.0 y:528.0 w:80.0 h:22.0]
		CHILDREN = 0
		PATH = [0, 2, 0, 0, 3, 0, 9, 16]
	DESCRIPTION = Left Click at ''
	TEXT = Compound Action =
		Move mouse to (1086.0, 539.0).
		Press Mouse Button BUTTON1
		Release Mouse Button BUTTON1

ExecutedAction [38]: 
 @Action ConcreteID = AC12zwv487e3460738044 AbstractID = AA12zwv487e3460738044
 ConcreteID CUSTOM = ConcreteID CUSTOM not available AbstractID CUSTOM = AAqiews3803793061560
 @State ConcreteID = SCuy3sbh7a0371906197 AbstractID = SR1v7v09s75c696783457
 ConcreteID CUSTOM = SC121a3mr7aa2672107326 AbstractID CUSTOM = SA171g2h57a91039855599

	ROLE = LeftClickAt
	TARGET =
		WIDGET = WC11132ie26988553567, WR17v7k2nb1067391859, WT7kxrdw19266625713, WP1rp2dz8223396690116
		ROLE = UIAMenuItem
		TITLE = Playback Alt+l
		SHAPE = Rect [x:710.0 y:370.0 w:64.0 h:20.0]
		CHILDREN = 0
		PATH = [0, 1, 1]
	DESCRIPTION = Left Click at 'Playback Alt+l'
	TEXT = Compound Action =
		Move mouse to (742.0, 380.0).
		Press Mouse Button BUTTON1
		Release Mouse Button BUTTON1

ExecutedAction [39]: 
 @Action ConcreteID = AC1sd02ed7e2604182554 AbstractID = AA1sd02ed7e2604182554
 ConcreteID CUSTOM = ConcreteID CUSTOM not available AbstractID CUSTOM = AA1x8ptet7f2446228562
 @State ConcreteID = SCpxks4091b645778557 AbstractID = SR2aydnz8d73209813667
 ConcreteID CUSTOM = SCqq6rhs92b3560419413 AbstractID CUSTOM = SAqykcrv9224228782152

	ROLE = LeftClickAt
	TARGET =
		WIDGET = WC12pomjx2e2524802376, WR52qhb2b3065858412, WTrktj1o154143545019, WP1g58f7f2a2981353807
		ROLE = UIAListItem
		TITLE = New folder
		SHAPE = Rect [x:847.0 y:418.0 w:116.0 h:143.0]
		CHILDREN = 0
		PATH = [0, 2, 0, 0, 3, 0, 0]
	DESCRIPTION = Left Click at 'New folder'
	TEXT = Compound Action =
		Move mouse to (905.0, 489.5).
		Press Mouse Button BUTTON1
		Release Mouse Button BUTTON1

ExecutedAction [40]: 
 @Action ConcreteID = AC1qa46eo7e3272536528 AbstractID = AA1qa46eo7e3272536528
 ConcreteID CUSTOM = ConcreteID CUSTOM not available AbstractID CUSTOM = AA1dsm82j804015905940
 @State ConcreteID = SCuy3sbh7a0371906197 AbstractID = SR1v7v09s75c696783457
 ConcreteID CUSTOM = SC121a3mr7aa2672107326 AbstractID CUSTOM = SA171g2h57a91039855599

	ROLE = LeftClickAt
	TARGET =
		WIDGET = WCb8ooqm274034031447, WR5quxi6b4097176690, WT5quxi6b4097176690, WP1sol9dc231909804025
		ROLE = UIATreeItem
		TITLE = 
		SHAPE = Rect [x:665.0 y:542.0 w:158.0 h:26.0]
		CHILDREN = 0
		PATH = [0, 2, 0, 0, 3, 1, 1, 5]
	DESCRIPTION = Left Click at ''
	TEXT = Compound Action =
		Move mouse to (744.0, 555.0).
		Press Mouse Button BUTTON1
		Release Mouse Button BUTTON1

ExecutedAction [41]: 
 @Action ConcreteID = AC1i94nes81219753955 AbstractID = AA1i94nes81219753955
 ConcreteID CUSTOM = ConcreteID CUSTOM not available AbstractID CUSTOM = AA1thkfzo7f1214196304
 @State ConcreteID = SC1vthp9q8c63177276794 AbstractID = SR1iu9aac8793407060352
 ConcreteID CUSTOM = SCpjjgu08de1338932596 AbstractID CUSTOM = SAsdovo58d1116708607

	ROLE = LeftClickAt
	TARGET =
		WIDGET = WCr05x5l281209006178, WR5quxi6b4097176690, WT5quxi6b4097176690, WP1dzmfaf242044776873
		ROLE = UIATreeItem
		TITLE = 
		SHAPE = Rect [x:1046.0 y:528.0 w:80.0 h:22.0]
		CHILDREN = 0
		PATH = [0, 2, 0, 0, 3, 0, 9, 16]
	DESCRIPTION = Left Click at ''
	TEXT = Compound Action =
		Move mouse to (1086.0, 539.0).
		Press Mouse Button BUTTON1
		Release Mouse Button BUTTON1

ExecutedAction [42]: 
 @Action ConcreteID = ACu7jlpl804194792695 AbstractID = AAu7jlpl804194792695
 ConcreteID CUSTOM = ConcreteID CUSTOM not available AbstractID CUSTOM = AA13qjh2x7e1667019482
 @State ConcreteID = SC1vthp9q8c63177276794 AbstractID = SR1iu9aac8793407060352
 ConcreteID CUSTOM = SCpjjgu08de1338932596 AbstractID CUSTOM = SAsdovo58d1116708607

	ROLE = LeftClickAt
	TARGET =
		WIDGET = WCb8ooo1273207854480, WR5quxi6b4097176690, WT5quxi6b4097176690, WP1sol9ar231049943358
		ROLE = UIATreeItem
		TITLE = 
		SHAPE = Rect [x:660.0 y:468.0 w:163.0 h:22.0]
		CHILDREN = 0
		PATH = [0, 2, 0, 0, 3, 1, 1, 2]
	DESCRIPTION = Left Click at ''
	TEXT = Compound Action =
		Move mouse to (741.5, 479.0).
		Press Mouse Button BUTTON1
		Release Mouse Button BUTTON1

ExecutedAction [43]: 
 @Action ConcreteID = ACm2ggh6802600919090 AbstractID = AAm2ggh6802600919090
 ConcreteID CUSTOM = ConcreteID CUSTOM not available AbstractID CUSTOM = AAvlgbui7e39659039
 @State ConcreteID = SC1vthp9q8c63177276794 AbstractID = SR1iu9aac8793407060352
 ConcreteID CUSTOM = SCpjjgu08de1338932596 AbstractID CUSTOM = SAsdovo58d1116708607

	ROLE = LeftClickAt
	TARGET =
		WIDGET = WC16jbmg11a1783434451, WR10fgh33101836453781, WT10fgh33101836453781, WP1guga8j162634643805
		ROLE = UIACustomControl
		TITLE = 
		SHAPE = Rect [x:660.0 y:391.0 w:600.0 h:399.0]
		CHILDREN = 3
		PATH = [0, 2]
	DESCRIPTION = Left Click at ''
	TEXT = Compound Action =
		Move mouse to (960.0, 590.5).
		Press Mouse Button BUTTON1
		Release Mouse Button BUTTON1

ExecutedAction [44]: 
 @Action ConcreteID = ACfl9zb680239071529 AbstractID = AAfl9zb680239071529
 ConcreteID CUSTOM = ConcreteID CUSTOM not available AbstractID CUSTOM = AAp49uoi7e2539927300
 @State ConcreteID = SC1vthp9q8c63177276794 AbstractID = SR1iu9aac8793407060352
 ConcreteID CUSTOM = SCpjjgu08de1338932596 AbstractID CUSTOM = SAsdovo58d1116708607

	ROLE = LeftClickAt
	TARGET =
		WIDGET = WC11132ie26988553567, WR17v7k2nb1067391859, WT7kxrdw19266625713, WP1rp2dz8223396690116
		ROLE = UIAMenuItem
		TITLE = Playback Alt+l
		SHAPE = Rect [x:710.0 y:370.0 w:64.0 h:20.0]
		CHILDREN = 0
		PATH = [0, 1, 1]
	DESCRIPTION = Left Click at 'Playback Alt+l'
	TEXT = Compound Action =
		Move mouse to (742.0, 380.0).
		Press Mouse Button BUTTON1
		Release Mouse Button BUTTON1

ExecutedAction [45]: 
 @Action ConcreteID = ACarfr2v80429304218 AbstractID = AAarfr2v80429304218
 ConcreteID CUSTOM = ConcreteID CUSTOM not available AbstractID CUSTOM = AAry6jg4813102592928
 @State ConcreteID = SC2v5t0ha411543344984 AbstractID = SR1l8t5459f42039894952
 ConcreteID CUSTOM = SCkanqdha5f3099591290 AbstractID CUSTOM = SA1j40mt3a4a2974827252

	ROLE = LeftClickAt
	TARGET =
		WIDGET = WCr05xvf281633949176, WR5quxi6b4097176690, WT5quxi6b4097176690, WP1dzmg09241351302195
		ROLE = UIATreeItem
		TITLE = 
		SHAPE = Rect [x:1046.0 y:594.0 w:80.0 h:22.0]
		CHILDREN = 0
		PATH = [0, 2, 0, 0, 3, 0, 9, 25]
	DESCRIPTION = Left Click at ''
	TEXT = Compound Action =
		Move mouse to (1086.0, 605.0).
		Press Mouse Button BUTTON1
		Release Mouse Button BUTTON1

ExecutedAction [46]: 
 @Action ConcreteID = AC36dxp8801403844416 AbstractID = AA36dxp8801403844416
 ConcreteID CUSTOM = ConcreteID CUSTOM not available AbstractID CUSTOM = AAcpdt2k7e3405197677
 @State ConcreteID = SC1vthp9q8c63177276794 AbstractID = SR1iu9aac8793407060352
 ConcreteID CUSTOM = SCpjjgu08de1338932596 AbstractID CUSTOM = SAsdovo58d1116708607

	ROLE = LeftClickAt
	TARGET =
		WIDGET = WCo9m3kz234253084318, WR17v7k2nb1067391859, WT1faw5jq16422026351, WPzr9m5t1f4278635332
		ROLE = UIAMenuItem
		TITLE = Audio Alt+A
		SHAPE = Rect [x:774.0 y:370.0 w:49.0 h:20.0]
		CHILDREN = 0
		PATH = [0, 1, 2]
	DESCRIPTION = Left Click at 'Audio Alt+A'
	TEXT = Compound Action =
		Move mouse to (798.5, 380.0).
		Press Mouse Button BUTTON1
		Release Mouse Button BUTTON1

ExecutedAction [47]: 
 @Action ConcreteID = AC5et48e803278373952 AbstractID = AA5et48e803278373952
 ConcreteID CUSTOM = ConcreteID CUSTOM not available AbstractID CUSTOM = AA1cvtuos7f1398751978
 @State ConcreteID = SC1yi972398c2136916411 AbstractID = SRnxnfdz940915735847
 ConcreteID CUSTOM = SCpl0ab69a2411691276 AbstractID CUSTOM = SAmkg11x9983120652886

	ROLE = LeftClickAt
	TARGET =
		WIDGET = WC5nhgwf361998109875, WR5quxi6b4097176690, WT19et3xl193925630395, WP1y71a1p323819200563
		ROLE = UIATreeItem
		TITLE = New folder (4)
		SHAPE = Rect [x:866.0 y:528.0 w:180.0 h:22.0]
		CHILDREN = 0
		PATH = [0, 2, 0, 0, 3, 0, 9, 15]
	DESCRIPTION = Left Click at 'New folder (4)'
	TEXT = Compound Action =
		Move mouse to (956.0, 539.0).
		Press Mouse Button BUTTON1
		Release Mouse Button BUTTON1

ExecutedAction [48]: 
 @Action ConcreteID = AC1un80kl8168646752 AbstractID = AA1un80kl8168646752
 ConcreteID CUSTOM = ConcreteID CUSTOM not available AbstractID CUSTOM = AA6ujr6d7f1095856339
 @State ConcreteID = SC1vthp9q8c63177276794 AbstractID = SR1iu9aac8793407060352
 ConcreteID CUSTOM = SCpjjgu08de1338932596 AbstractID CUSTOM = SAsdovo58d1116708607

	ROLE = LeftClickAt
	TARGET =
		WIDGET = WCr05x3v282050595552, WR5quxi6b4097176690, WT5quxi6b4097176690, WP1dzmf8p241272361771
		ROLE = UIATreeItem
		TITLE = 
		SHAPE = Rect [x:1126.0 y:506.0 w:116.0 h:22.0]
		CHILDREN = 0
		PATH = [0, 2, 0, 0, 3, 0, 9, 14]
	DESCRIPTION = Left Click at ''
	TEXT = Compound Action =
		Move mouse to (1184.0, 517.0).
		Press Mouse Button BUTTON1
		Release Mouse Button BUTTON1

ExecutedAction [49]: 
 @Action ConcreteID = AC11uxi1x81464095622 AbstractID = AA11uxi1x81464095622
 ConcreteID CUSTOM = ConcreteID CUSTOM not available AbstractID CUSTOM = AA1d3damt7f1592757813
 @State ConcreteID = SC1vthp9q8c63177276794 AbstractID = SR1iu9aac8793407060352
 ConcreteID CUSTOM = SCpjjgu08de1338932596 AbstractID CUSTOM = SAsdovo58d1116708607

	ROLE = LeftClickAt
	TARGET =
		WIDGET = WCr05zby282096257035, WR5quxi6b4097176690, WT5quxi6b4097176690, WP1dzmhgs241293775296
		ROLE = UIATreeItem
		TITLE = 
		SHAPE = Rect [x:1126.0 y:726.0 w:116.0 h:22.0]
		CHILDREN = 0
		PATH = [0, 2, 0, 0, 3, 0, 9, 44]
	DESCRIPTION = Left Click at ''
	TEXT = Compound Action =
		Move mouse to (1184.0, 737.0).
		Press Mouse Button BUTTON1
		Release Mouse Button BUTTON1

ExecutedAction [50]: 
 @Action ConcreteID = ACm2ggh6802600919090 AbstractID = AAm2ggh6802600919090
 ConcreteID CUSTOM = ConcreteID CUSTOM not available AbstractID CUSTOM = AAvlgbui7e39659039
 @State ConcreteID = SC1vthp9q8c63177276794 AbstractID = SR1iu9aac8793407060352
 ConcreteID CUSTOM = SCpjjgu08de1338932596 AbstractID CUSTOM = SAsdovo58d1116708607

	ROLE = LeftClickAt
	TARGET =
		WIDGET = WC16jbmg11a1783434451, WR10fgh33101836453781, WT10fgh33101836453781, WP1guga8j162634643805
		ROLE = UIACustomControl
		TITLE = 
		SHAPE = Rect [x:660.0 y:391.0 w:600.0 h:399.0]
		CHILDREN = 3
		PATH = [0, 2]
	DESCRIPTION = Left Click at ''
	TEXT = Compound Action =
		Move mouse to (960.0, 590.5).
		Press Mouse Button BUTTON1
		Release Mouse Button BUTTON1

ExecutedAction [51]: 
 @Action ConcreteID = AC1i94nes81219753955 AbstractID = AA1i94nes81219753955
 ConcreteID CUSTOM = ConcreteID CUSTOM not available AbstractID CUSTOM = AA1thkfzo7f1214196304
 @State ConcreteID = SC1vthp9q8c63177276794 AbstractID = SR1iu9aac8793407060352
 ConcreteID CUSTOM = SCpjjgu08de1338932596 AbstractID CUSTOM = SAsdovo58d1116708607

	ROLE = LeftClickAt
	TARGET =
		WIDGET = WCr05x5l281209006178, WR5quxi6b4097176690, WT5quxi6b4097176690, WP1dzmfaf242044776873
		ROLE = UIATreeItem
		TITLE = 
		SHAPE = Rect [x:1046.0 y:528.0 w:80.0 h:22.0]
		CHILDREN = 0
		PATH = [0, 2, 0, 0, 3, 0, 9, 16]
	DESCRIPTION = Left Click at ''
	TEXT = Compound Action =
		Move mouse to (1086.0, 539.0).
		Press Mouse Button BUTTON1
		Release Mouse Button BUTTON1

ExecutedAction [52]: 
 @Action ConcreteID = ACjcrt42803624608765 AbstractID = AAjcrt42803624608765
 ConcreteID CUSTOM = ConcreteID CUSTOM not available AbstractID CUSTOM = AAsvrohe7e1095820752
 @State ConcreteID = SC1vthp9q8c63177276794 AbstractID = SR1iu9aac8793407060352
 ConcreteID CUSTOM = SCpjjgu08de1338932596 AbstractID CUSTOM = SAsdovo58d1116708607

	ROLE = LeftClickAt
	TARGET =
		WIDGET = WC154xtw373216970348, WR5quxi6b4097176690, WT1m5xadx1a1211808522, WP1j86hzm331037394562
		ROLE = UIATreeItem
		TITLE = New folder (11)
		SHAPE = Rect [x:866.0 y:682.0 w:180.0 h:22.0]
		CHILDREN = 0
		PATH = [0, 2, 0, 0, 3, 0, 9, 36]
	DESCRIPTION = Left Click at 'New folder (11)'
	TEXT = Compound Action =
		Move mouse to (956.0, 693.0).
		Press Mouse Button BUTTON1
		Release Mouse Button BUTTON1

ExecutedAction [53]: 
 @Action ConcreteID = ACzqyjon802114850202 AbstractID = AAzqyjon802114850202
 ConcreteID CUSTOM = ConcreteID CUSTOM not available AbstractID CUSTOM = AA199yf1z7e3881159607
 @State ConcreteID = SC1vthp9q8c63177276794 AbstractID = SR1iu9aac8793407060352
 ConcreteID CUSTOM = SCpjjgu08de1338932596 AbstractID CUSTOM = SAsdovo58d1116708607

	ROLE = LeftClickAt
	TARGET =
		WIDGET = WCsnsig1192662843092, WR1h6ibpb92248851252, WT1h6ibpb92248851252, WP8rujpv15692894424
		ROLE = UIAButton
		TITLE = 
		SHAPE = Rect [x:663.0 y:757.0 w:32.0 h:32.0]
		CHILDREN = 0
		PATH = [0, 2, 2, 2]
	DESCRIPTION = Left Click at ''
	TEXT = Compound Action =
		Move mouse to (679.0, 773.0).
		Press Mouse Button BUTTON1
		Release Mouse Button BUTTON1

ExecutedAction [54]: 
 @Action ConcreteID = ACjf4owp81315353628 AbstractID = AAjf4owp81315353628
 ConcreteID CUSTOM = ConcreteID CUSTOM not available AbstractID CUSTOM = AAunkhhl7f1468919215
 @State ConcreteID = SC1vthp9q8c63177276794 AbstractID = SR1iu9aac8793407060352
 ConcreteID CUSTOM = SCpjjgu08de1338932596 AbstractID CUSTOM = SAsdovo58d1116708607

	ROLE = LeftClickAt
	TARGET =
		WIDGET = WC1qs18f826210102959, WR10fgh33101836453781, WT10fgh33101836453781, WP1bkbbdi221874895209
		ROLE = UIACustomControl
		TITLE = 
		SHAPE = Rect [x:845.0 y:416.0 w:415.0 h:311.0]
		CHILDREN = 10
		PATH = [0, 2, 0, 0, 3, 0]
	DESCRIPTION = Left Click at ''
	TEXT = Compound Action =
		Move mouse to (1052.5, 571.5).
		Press Mouse Button BUTTON1
		Release Mouse Button BUTTON1

ExecutedAction [55]: 
 @Action ConcreteID = AC1pxljrl801772787326 AbstractID = AA1pxljrl801772787326
 ConcreteID CUSTOM = ConcreteID CUSTOM not available AbstractID CUSTOM = AAfhd5t7e4042346579
 @State ConcreteID = SC1vthp9q8c63177276794 AbstractID = SR1iu9aac8793407060352
 ConcreteID CUSTOM = SCpjjgu08de1338932596 AbstractID CUSTOM = SAsdovo58d1116708607

	ROLE = LeftClickAt
	TARGET =
		WIDGET = WCb8oopr273915996694, WR5quxi6b4097176690, WT5quxi6b4097176690, WP1sol9ch231758362296
		ROLE = UIATreeItem
		TITLE = 
		SHAPE = Rect [x:665.0 y:516.0 w:158.0 h:26.0]
		CHILDREN = 0
		PATH = [0, 2, 0, 0, 3, 1, 1, 4]
	DESCRIPTION = Left Click at ''
	TEXT = Compound Action =
		Move mouse to (744.0, 529.0).
		Press Mouse Button BUTTON1
		Release Mouse Button BUTTON1

ExecutedAction [56]: 
 @Action ConcreteID = ACq3lsih7e1925779929 AbstractID = AAq3lsih7e1925779929
 ConcreteID CUSTOM = ConcreteID CUSTOM not available AbstractID CUSTOM = AA19xri717e1958970471
 @State ConcreteID = SCoe43kl8c4868532114 AbstractID = SR1iu9aac8793407060352
 ConcreteID CUSTOM = SC1j7kg998df1610730115 AbstractID CUSTOM = SAsdovo58d1116708607

	ROLE = LeftClickAt
	TARGET =
		WIDGET = WCynrt2z361269600645, WR5quxi6b4097176690, WT19et41w191548887030, WP7neu2x321343809174
		ROLE = UIATreeItem
		TITLE = New folder (9)
		SHAPE = Rect [x:866.0 y:638.0 w:180.0 h:22.0]
		CHILDREN = 0
		PATH = [0, 2, 0, 0, 3, 0, 9, 30]
	DESCRIPTION = Left Click at 'New folder (9)'
	TEXT = Compound Action =
		Move mouse to (956.0, 649.0).
		Press Mouse Button BUTTON1
		Release Mouse Button BUTTON1

ExecutedAction [57]: 
 @Action ConcreteID = AC1but48i7e4185556139 AbstractID = AA1but48i7e4185556139
 ConcreteID CUSTOM = ConcreteID CUSTOM not available AbstractID CUSTOM = AA1voytx27e4285534485
 @State ConcreteID = SCoe43kl8c4868532114 AbstractID = SR1iu9aac8793407060352
 ConcreteID CUSTOM = SC1j7kg998df1610730115 AbstractID CUSTOM = SAsdovo58d1116708607

	ROLE = LeftClickAt
	TARGET =
		WIDGET = WCqo6bfv1b3993562100, WR88rmk0b1934231702, WT88rmk0b1934231702, WP5fia59171780392929
		ROLE = UIACheckBox
		TITLE = 
		SHAPE = Rect [x:887.0 y:760.0 w:26.0 h:26.0]
		CHILDREN = 0
		PATH = [0, 2, 2, 9]
	DESCRIPTION = Left Click at ''
	TEXT = Compound Action =
		Move mouse to (900.0, 773.0).
		Press Mouse Button BUTTON1
		Release Mouse Button BUTTON1

ExecutedAction [58]: 
 @Action ConcreteID = ACcw0e4u7f4002224829 AbstractID = AAcw0e4u7f4002224829
 ConcreteID CUSTOM = ConcreteID CUSTOM not available AbstractID CUSTOM = AA1nm12h67f3260190371
 @State ConcreteID = SCoe43kl8c4868532114 AbstractID = SR1iu9aac8793407060352
 ConcreteID CUSTOM = SC1j7kg998df1610730115 AbstractID CUSTOM = SAsdovo58d1116708607

	ROLE = LeftClickAt
	TARGET =
		WIDGET = WCr05x1a28122580645, WR5quxi6b4097176690, WT5quxi6b4097176690, WP1dzmf6424916539246
		ROLE = UIATreeItem
		TITLE = 
		SHAPE = Rect [x:1126.0 y:484.0 w:116.0 h:22.0]
		CHILDREN = 0
		PATH = [0, 2, 0, 0, 3, 0, 9, 11]
	DESCRIPTION = Left Click at ''
	TEXT = Compound Action =
		Move mouse to (1184.0, 495.0).
		Press Mouse Button BUTTON1
		Release Mouse Button BUTTON1

ExecutedAction [59]: 
 @Action ConcreteID = AC1yqm3ta7f2605157587 AbstractID = AA1yqm3ta7f2605157587
 ConcreteID CUSTOM = ConcreteID CUSTOM not available AbstractID CUSTOM = AA1afiq6i7f3080198349
 @State ConcreteID = SCoe43kl8c4868532114 AbstractID = SR1iu9aac8793407060352
 ConcreteID CUSTOM = SC1j7kg998df1610730115 AbstractID CUSTOM = SAsdovo58d1116708607

	ROLE = LeftClickAt
	TARGET =
		WIDGET = WCr05ym4281621524431, WR5quxi6b4097176690, WT5quxi6b4097176690, WP1dzmgqy241363760644
		ROLE = UIATreeItem
		TITLE = 
		SHAPE = Rect [x:1126.0 y:660.0 w:116.0 h:22.0]
		CHILDREN = 0
		PATH = [0, 2, 0, 0, 3, 0, 9, 35]
	DESCRIPTION = Left Click at ''
	TEXT = Compound Action =
		Move mouse to (1184.0, 671.0).
		Press Mouse Button BUTTON1
		Release Mouse Button BUTTON1

ExecutedAction [60]: 
 @Action ConcreteID = ACndtadw7e2007391270 AbstractID = AAndtadw7e2007391270
 ConcreteID CUSTOM = ConcreteID CUSTOM not available AbstractID CUSTOM = AA177z02g7e1907149208
 @State ConcreteID = SCoe43kl8c4868532114 AbstractID = SR1iu9aac8793407060352
 ConcreteID CUSTOM = SC1j7kg998df1610730115 AbstractID CUSTOM = SAsdovo58d1116708607

	ROLE = LeftClickAt
	TARGET =
		WIDGET = WC48966k32444064966, WR52qhb2b3065858412, WT1ehdilj192117289891, WP127872y2e3601006417
		ROLE = UIAListItem
		TITLE = New folder (6)
		SHAPE = Rect [x:847.0 y:704.0 w:116.0 h:143.0]
		CHILDREN = 0
		PATH = [0, 2, 0, 0, 3, 0, 6]
	DESCRIPTION = Left Click at 'New folder (6)'
	TEXT = Compound Action =
		Move mouse to (905.0, 775.5).
		Press Mouse Button BUTTON1
		Release Mouse Button BUTTON1

ExecutedAction [61]: 
 @Action ConcreteID = AC2dcmah7f1915755051 AbstractID = AA2dcmah7f1915755051
 ConcreteID CUSTOM = ConcreteID CUSTOM not available AbstractID CUSTOM = AA1d3damt7f1592757813
 @State ConcreteID = SCoe43kl8c4868532114 AbstractID = SR1iu9aac8793407060352
 ConcreteID CUSTOM = SC1j7kg998df1610730115 AbstractID CUSTOM = SAsdovo58d1116708607

	ROLE = LeftClickAt
	TARGET =
		WIDGET = WCr05zby282096257035, WR5quxi6b4097176690, WT5quxi6b4097176690, WP1dzmhgs241293775296
		ROLE = UIATreeItem
		TITLE = 
		SHAPE = Rect [x:1126.0 y:726.0 w:116.0 h:22.0]
		CHILDREN = 0
		PATH = [0, 2, 0, 0, 3, 0, 9, 44]
	DESCRIPTION = Left Click at ''
	TEXT = Compound Action =
		Move mouse to (1184.0, 737.0).
		Press Mouse Button BUTTON1
		Release Mouse Button BUTTON1

ExecutedAction [62]: 
 @Action ConcreteID = ACpwuksw7f2020572281 AbstractID = AApwuksw7f2020572281
 ConcreteID CUSTOM = ConcreteID CUSTOM not available AbstractID CUSTOM = AA1lr7647f1420879975
 @State ConcreteID = SCoe43kl8c4868532114 AbstractID = SR1iu9aac8793407060352
 ConcreteID CUSTOM = SC1j7kg998df1610730115 AbstractID CUSTOM = SAsdovo58d1116708607

	ROLE = LeftClickAt
	TARGET =
		WIDGET = WCbnabkc32526011015, WR52qhb2b3065858412, WT1ehdii319442466983, WPqvxra22e2995952582
		ROLE = UIAListItem
		TITLE = New folder (2)
		SHAPE = Rect [x:1079.0 y:418.0 w:116.0 h:143.0]
		CHILDREN = 0
		PATH = [0, 2, 0, 0, 3, 0, 2]
	DESCRIPTION = Left Click at 'New folder (2)'
	TEXT = Compound Action =
		Move mouse to (1137.0, 489.5).
		Press Mouse Button BUTTON1
		Release Mouse Button BUTTON1

ExecutedAction [63]: 
 @Action ConcreteID = AC1u5etrh7f2273357713 AbstractID = AA1u5etrh7f2273357713
 ConcreteID CUSTOM = ConcreteID CUSTOM not available AbstractID CUSTOM = AA15ubg4p7f2875145103
 @State ConcreteID = SCoe43kl8c4868532114 AbstractID = SR1iu9aac8793407060352
 ConcreteID CUSTOM = SC1j7kg998df1610730115 AbstractID CUSTOM = SAsdovo58d1116708607

	ROLE = LeftClickAt
	TARGET =
		WIDGET = WCr05yl9282042449550, WR5quxi6b4097176690, WT5quxi6b4097176690, WP1dzmgq3241213359941
		ROLE = UIATreeItem
		TITLE = 
		SHAPE = Rect [x:1046.0 y:660.0 w:80.0 h:22.0]
		CHILDREN = 0
		PATH = [0, 2, 0, 0, 3, 0, 9, 34]
	DESCRIPTION = Left Click at ''
	TEXT = Compound Action =
		Move mouse to (1086.0, 671.0).
		Press Mouse Button BUTTON1
		Release Mouse Button BUTTON1

ExecutedAction [64]: 
 @Action ConcreteID = ACnrtxsq7e549576822 AbstractID = AAnrtxsq7e549576822
 ConcreteID CUSTOM = ConcreteID CUSTOM not available AbstractID CUSTOM = AA17lznha7e650868168
 @State ConcreteID = SCoe43kl8c4868532114 AbstractID = SR1iu9aac8793407060352
 ConcreteID CUSTOM = SC1j7kg998df1610730115 AbstractID CUSTOM = SAsdovo58d1116708607

	ROLE = LeftClickAt
	TARGET =
		WIDGET = WCb8oosc273259239893, WR5quxi6b4097176690, WT5quxi6b4097176690, WP1sol9f2231138960763
		ROLE = UIATreeItem
		TITLE = 
		SHAPE = Rect [x:665.0 y:590.0 w:158.0 h:26.0]
		CHILDREN = 0
		PATH = [0, 2, 0, 0, 3, 1, 1, 7]
	DESCRIPTION = Left Click at ''
	TEXT = Compound Action =
		Move mouse to (744.0, 603.0).
		Press Mouse Button BUTTON1
		Release Mouse Button BUTTON1

ExecutedAction [65]: 
 @Action ConcreteID = AC1yqm3ta7f2605157587 AbstractID = AA1yqm3ta7f2605157587
 ConcreteID CUSTOM = ConcreteID CUSTOM not available AbstractID CUSTOM = AA1afiq6i7f3080198349
 @State ConcreteID = SCoe43kl8c4868532114 AbstractID = SR1iu9aac8793407060352
 ConcreteID CUSTOM = SC1j7kg998df1610730115 AbstractID CUSTOM = SAsdovo58d1116708607

	ROLE = LeftClickAt
	TARGET =
		WIDGET = WCr05ym4281621524431, WR5quxi6b4097176690, WT5quxi6b4097176690, WP1dzmgqy241363760644
		ROLE = UIATreeItem
		TITLE = 
		SHAPE = Rect [x:1126.0 y:660.0 w:116.0 h:22.0]
		CHILDREN = 0
		PATH = [0, 2, 0, 0, 3, 0, 9, 35]
	DESCRIPTION = Left Click at ''
	TEXT = Compound Action =
		Move mouse to (1184.0, 671.0).
		Press Mouse Button BUTTON1
		Release Mouse Button BUTTON1

ExecutedAction [66]: 
 @Action ConcreteID = ACc6ali07f1630029338 AbstractID = AAc6ali07f1630029338
 ConcreteID CUSTOM = ConcreteID CUSTOM not available AbstractID CUSTOM = AA1mwb9uc7f1308086788
 @State ConcreteID = SCoe43kl8c4868532114 AbstractID = SR1iu9aac8793407060352
 ConcreteID CUSTOM = SC1j7kg998df1610730115 AbstractID CUSTOM = SAsdovo58d1116708607

	ROLE = LeftClickAt
	TARGET =
		WIDGET = WCr05xy0283570035637, WR5quxi6b4097176690, WT5quxi6b4097176690, WP1dzmg2u243844424318
		ROLE = UIATreeItem
		TITLE = 
		SHAPE = Rect [x:1046.0 y:616.0 w:80.0 h:22.0]
		CHILDREN = 0
		PATH = [0, 2, 0, 0, 3, 0, 9, 28]
	DESCRIPTION = Left Click at ''
	TEXT = Compound Action =
		Move mouse to (1086.0, 627.0).
		Press Mouse Button BUTTON1
		Release Mouse Button BUTTON1

ExecutedAction [67]: 
 @Action ConcreteID = AC1lnwcyi7e3139745382 AbstractID = AA1lnwcyi7e3139745382
 ConcreteID CUSTOM = ConcreteID CUSTOM not available AbstractID CUSTOM = AA6gy0ny7e3173917656
 @State ConcreteID = SCoe43kl8c4868532114 AbstractID = SR1iu9aac8793407060352
 ConcreteID CUSTOM = SC1j7kg998df1610730115 AbstractID CUSTOM = SAsdovo58d1116708607

	ROLE = LeftClickAt
	TARGET =
		WIDGET = WCb8oomb272365954834, WR5quxi6b4097176690, WT5quxi6b4097176690, WP1sol99123211992508
		ROLE = UIATreeItem
		TITLE = 
		SHAPE = Rect [x:660.0 y:416.0 w:163.0 h:26.0]
		CHILDREN = 0
		PATH = [0, 2, 0, 0, 3, 1, 1, 0]
	DESCRIPTION = Left Click at ''
	TEXT = Compound Action =
		Move mouse to (741.5, 429.0).
		Press Mouse Button BUTTON1
		Release Mouse Button BUTTON1

ExecutedAction [68]: 
 @Action ConcreteID = ACgtevg7802080153909 AbstractID = AAgtevg7802080153909
 ConcreteID CUSTOM = ConcreteID CUSTOM not available AbstractID CUSTOM = AA1isxqyi802414088232
 @State ConcreteID = SC11ea8564d44104894457 AbstractID = SR1fuwazr4b01196372936
 ConcreteID CUSTOM = SCc1xl804d3318868114 AbstractID CUSTOM = SA12488pv4d02382251738

	ROLE = LeftClickAt
	TARGET =
		WIDGET = WCezylrw213754510323, WR1e04pz3e358922214, WT1e04pz3e358922214, WP1y99m6i1d2845979881
		ROLE = UIASplitButton
		TITLE = 
		SHAPE = Rect [x:977.0 y:394.0 w:23.0 h:22.0]
		CHILDREN = 0
		PATH = [0, 2, 0, 0, 1]
	DESCRIPTION = Left Click at ''
	TEXT = Compound Action =
		Move mouse to (988.5, 405.0).
		Press Mouse Button BUTTON1
		Release Mouse Button BUTTON1

ExecutedAction [69]: 
 @Action ConcreteID = AC1tf010u811734533630 AbstractID = AA1tf010u811734533630
 ConcreteID CUSTOM = ConcreteID CUSTOM not available AbstractID CUSTOM = AAaibk7s812844909215
 @State ConcreteID = SC1nc411o4961529421974 AbstractID = SRx1ik4a474333690124
 ConcreteID CUSTOM = SC1n8pk4e495298478986 AbstractID CUSTOM = SA12laes84902498637855

	ROLE = LeftClickAt
	TARGET =
		WIDGET = WCig1ffy22236015574, WR17v7k2nb1067391859, WT1e6tvxi153323975668, WP1lxqkho1e3332536470
		ROLE = UIAMenuItem
		TITLE = Help Alt+H
		SHAPE = Rect [x:1013.0 y:370.0 w:42.0 h:20.0]
		CHILDREN = 0
		PATH = [0, 1, 7]
	DESCRIPTION = Left Click at 'Help Alt+H'
	TEXT = Compound Action =
		Move mouse to (1034.0, 380.0).
		Press Mouse Button BUTTON1
		Release Mouse Button BUTTON1

ExecutedAction [70]: 
 @Action ConcreteID = AC1imw9nx7f1823719956 AbstractID = AA1imw9nx7f1823719956
 ConcreteID CUSTOM = ConcreteID CUSTOM not available AbstractID CUSTOM = AA1o2dd6x7f401128786
 @State ConcreteID = SCfj92ld4f83491372319 AbstractID = SRyk3mq74d71742227996
 ConcreteID CUSTOM = SCypefxf4f74161877909 AbstractID CUSTOM = SA1sccj4o4f4912974590

	ROLE = LeftClickAt
	TARGET =
		WIDGET = WCb8oopr273915996694, WR5quxi6b4097176690, WT5quxi6b4097176690, WP1sol9ch231758362296
		ROLE = UIATreeItem
		TITLE = 
		SHAPE = Rect [x:665.0 y:516.0 w:158.0 h:26.0]
		CHILDREN = 0
		PATH = [0, 2, 0, 0, 3, 1, 1, 4]
	DESCRIPTION = Left Click at ''
	TEXT = Compound Action =
		Move mouse to (744.0, 529.0).
		Press Mouse Button BUTTON1
		Release Mouse Button BUTTON1

ExecutedAction [71]: 
 @Action ConcreteID = ACnmtw4u802770063540 AbstractID = AAnmtw4u802770063540
 ConcreteID CUSTOM = ConcreteID CUSTOM not available AbstractID CUSTOM = AA1osqswv803068743753
 @State ConcreteID = SC1c9j7vb5d82837008090 AbstractID = SR1rg43q5a42003708486
 ConcreteID CUSTOM = SC1rwadmt5d7688738199 AbstractID CUSTOM = SA1ojenw75d33134202704

	ROLE = LeftClickAt
	TARGET =
		WIDGET = WCsnsig1192662843092, WR1h6ibpb92248851252, WT1h6ibpb92248851252, WP8rujpv15692894424
		ROLE = UIAButton
		TITLE = 
		SHAPE = Rect [x:663.0 y:757.0 w:32.0 h:32.0]
		CHILDREN = 0
		PATH = [0, 2, 2, 2]
	DESCRIPTION = Left Click at ''
	TEXT = Compound Action =
		Move mouse to (679.0, 773.0).
		Press Mouse Button BUTTON1
		Release Mouse Button BUTTON1

ExecutedAction [72]: 
 @Action ConcreteID = ACe4n3cl802979840246 AbstractID = AAe4n3cl802979840246
 ConcreteID CUSTOM = ConcreteID CUSTOM not available AbstractID CUSTOM = AA1fak04m802725134347
 @State ConcreteID = SC1c9j7vb5d82837008090 AbstractID = SR1rg43q5a42003708486
 ConcreteID CUSTOM = SC1rwadmt5d7688738199 AbstractID CUSTOM = SA1ojenw75d33134202704

	ROLE = LeftClickAt
	TARGET =
		WIDGET = WC1cj90xv241472876304, WR1e04pz3e358922214, WT1e04pz3e358922214, WP163y8ad202550790949
		ROLE = UIASplitButton
		TITLE = 
		SHAPE = Rect [x:660.0 y:416.0 w:180.0 h:311.0]
		CHILDREN = 3
		PATH = [0, 2, 0, 0, 3, 1]
	DESCRIPTION = Left Click at ''
	TEXT = Compound Action =
		Move mouse to (750.0, 571.5).
		Press Mouse Button BUTTON1
		Release Mouse Button BUTTON1

ExecutedAction [73]: 
 @Action ConcreteID = AC4097rp813861036764 AbstractID = AA4097rp813861036764
 ConcreteID CUSTOM = ConcreteID CUSTOM not available AbstractID CUSTOM = AAjlskas81624804605
 @State ConcreteID = SC1c9j7vb5d82837008090 AbstractID = SR1rg43q5a42003708486
 ConcreteID CUSTOM = SC1rwadmt5d7688738199 AbstractID CUSTOM = SA1ojenw75d33134202704

	ROLE = LeftClickAt
	TARGET =
		WIDGET = WC1ncui0c322194578118, WR52qhb2b3065858412, WT1ehdiko191428034656, WPhm4kmy2e2339018159
		ROLE = UIAListItem
		TITLE = New folder (5)
		SHAPE = Rect [x:1079.0 y:561.0 w:116.0 h:143.0]
		CHILDREN = 0
		PATH = [0, 2, 0, 0, 3, 0, 5]
	DESCRIPTION = Left Click at 'New folder (5)'
	TEXT = Compound Action =
		Move mouse to (1137.0, 632.5).
		Press Mouse Button BUTTON1
		Release Mouse Button BUTTON1

ExecutedAction [74]: 
 @Action ConcreteID = ACwstajy802512192928 AbstractID = AAwstajy802512192928
 ConcreteID CUSTOM = ConcreteID CUSTOM not available AbstractID CUSTOM = AA1xyq7bz802253358429
 @State ConcreteID = SC1c9j7vb5d82837008090 AbstractID = SR1rg43q5a42003708486
 ConcreteID CUSTOM = SC1rwadmt5d7688738199 AbstractID CUSTOM = SA1ojenw75d33134202704

	ROLE = LeftClickAt
	TARGET =
		WIDGET = WCb8oon6272485037651, WR5quxi6b4097176690, WT5quxi6b4097176690, WP1sol99w23364482301
		ROLE = UIATreeItem
		TITLE = 
		SHAPE = Rect [x:660.0 y:442.0 w:163.0 h:26.0]
		CHILDREN = 0
		PATH = [0, 2, 0, 0, 3, 1, 1, 1]
	DESCRIPTION = Left Click at ''
	TEXT = Compound Action =
		Move mouse to (741.5, 455.0).
		Press Mouse Button BUTTON1
		Release Mouse Button BUTTON1

ExecutedAction [75]: 
 @Action ConcreteID = AC1qvnbph7e3781038360 AbstractID = AA1qvnbph7e3781038360
 ConcreteID CUSTOM = ConcreteID CUSTOM not available AbstractID CUSTOM = AA1el0vsv801151546860
 @State ConcreteID = SCgnmptf495567776262 AbstractID = SRx1ik4a474333690124
 ConcreteID CUSTOM = SC6r4qfq4943573535199 AbstractID CUSTOM = SA12laes84902498637855

	ROLE = LeftClickAt
	TARGET =
		WIDGET = WC161068t233096303716, WR10fgh33101836453781, WT10fgh33101836453781, WP9t9obv1f1249502342
		ROLE = UIACustomControl
		TITLE = 
		SHAPE = Rect [x:660.0 y:394.0 w:307.0 h:22.0]
		CHILDREN = 1
		PATH = [0, 2, 0, 0, 0]
	DESCRIPTION = Left Click at ''
	TEXT = Compound Action =
		Move mouse to (813.5, 405.0).
		Press Mouse Button BUTTON1
		Release Mouse Button BUTTON1

ExecutedAction [76]: 
 @Action ConcreteID = ACpc544j7e128068171 AbstractID = AApc544j7e128068171
 ConcreteID CUSTOM = ConcreteID CUSTOM not available AbstractID CUSTOM = AAd1io7x802724138687
 @State ConcreteID = SCgnmptf495567776262 AbstractID = SRx1ik4a474333690124
 ConcreteID CUSTOM = SC6r4qfq4943573535199 AbstractID CUSTOM = SA12laes84902498637855

	ROLE = LeftClickAt
	TARGET =
		WIDGET = WCv2iyh7231187149563, WR17v7k2nb1067391859, WT12et6eo161830467638, WP186y9jt1f939178242
		ROLE = UIAMenuItem
		TITLE = Media Alt+M
		SHAPE = Rect [x:660.0 y:370.0 w:50.0 h:20.0]
		CHILDREN = 0
		PATH = [0, 1, 0]
	DESCRIPTION = Left Click at 'Media Alt+M'
	TEXT = Compound Action =
		Move mouse to (685.0, 380.0).
		Press Mouse Button BUTTON1
		Release Mouse Button BUTTON1

ExecutedAction [77]: 
 @Action ConcreteID = ACgqxzth801623919708 AbstractID = AAgqxzth801623919708
 ConcreteID CUSTOM = ConcreteID CUSTOM not available AbstractID CUSTOM = AA18xgffp7d289272135
 @State ConcreteID = SC1o7xwn25d51095740486 AbstractID = SRaw47975b31360147480
 ConcreteID CUSTOM = SCggr49t5d53457066199 AbstractID CUSTOM = SAywxx25cc688007488

	ROLE = LeftClickAt
	TARGET =
		WIDGET = WCkthkkb1d3341998097, WR10fgh33101836453781, WT10fgh33101836453781, WP34gkvd19258008662
		ROLE = UIACustomControl
		TITLE = 
		SHAPE = Rect [x:660.0 y:756.0 w:600.0 h:34.0]
		CHILDREN = 11
		PATH = [0, 2, 2]
	DESCRIPTION = Left Click at ''
	TEXT = Compound Action =
		Move mouse to (960.0, 773.0).
		Press Mouse Button BUTTON1
		Release Mouse Button BUTTON1

ExecutedAction [78]: 
 @Action ConcreteID = ACxdh6hh7e3013411168 AbstractID = AAxdh6hh7e3013411168
 ConcreteID CUSTOM = ConcreteID CUSTOM not available AbstractID CUSTOM = AAl2uqkv80375399828
 @State ConcreteID = SCgnmptf495567776262 AbstractID = SRx1ik4a474333690124
 ConcreteID CUSTOM = SC6r4qfq4943573535199 AbstractID CUSTOM = SA12laes84902498637855

	ROLE = LeftClickAt
	TARGET =
		WIDGET = WC1m1y7eq2c113111660, WR1h6ibpb92248851252, WTumhn1c1632149326, WPkq5l9w281330464099
		ROLE = UIAButton
		TITLE = Media Library
		SHAPE = Rect [x:660.0 y:394.0 w:20.0 h:22.0]
		CHILDREN = 0
		PATH = [0, 2, 0, 0, 0, 0]
	DESCRIPTION = Left Click at 'Media Library'
	TEXT = Compound Action =
		Move mouse to (670.0, 405.0).
		Press Mouse Button BUTTON1
		Release Mouse Button BUTTON1

ExecutedAction [79]: 
 @Action ConcreteID = ACxdh6hh7e3013411168 AbstractID = AAxdh6hh7e3013411168
 ConcreteID CUSTOM = ConcreteID CUSTOM not available AbstractID CUSTOM = AAl2uqkv80375399828
 @State ConcreteID = SCgnmptf495567776262 AbstractID = SRx1ik4a474333690124
 ConcreteID CUSTOM = SC6r4qfq4943573535199 AbstractID CUSTOM = SA12laes84902498637855

	ROLE = LeftClickAt
	TARGET =
		WIDGET = WC1m1y7eq2c113111660, WR1h6ibpb92248851252, WTumhn1c1632149326, WPkq5l9w281330464099
		ROLE = UIAButton
		TITLE = Media Library
		SHAPE = Rect [x:660.0 y:394.0 w:20.0 h:22.0]
		CHILDREN = 0
		PATH = [0, 2, 0, 0, 0, 0]
	DESCRIPTION = Left Click at 'Media Library'
	TEXT = Compound Action =
		Move mouse to (670.0, 405.0).
		Press Mouse Button BUTTON1
		Release Mouse Button BUTTON1

ExecutedAction [80]: 
 @Action ConcreteID = AC1g826ub7e982896239 AbstractID = AA1g826ub7e982896239
 ConcreteID CUSTOM = ConcreteID CUSTOM not available AbstractID CUSTOM = AA13xfqxp802674453147
 @State ConcreteID = SCgnmptf495567776262 AbstractID = SRx1ik4a474333690124
 ConcreteID CUSTOM = SC6r4qfq4943573535199 AbstractID CUSTOM = SA12laes84902498637855

	ROLE = LeftClickAt
	TARGET =
		WIDGET = WCsnsikc193821024913, WR1h6ibpb92248851252, WT1h6ibpb92248851252, WP8ruju6151413172893
		ROLE = UIAButton
		TITLE = 
		SHAPE = Rect [x:823.0 y:760.0 w:26.0 h:26.0]
		CHILDREN = 0
		PATH = [0, 2, 2, 7]
	DESCRIPTION = Left Click at ''
	TEXT = Compound Action =
		Move mouse to (836.0, 773.0).
		Press Mouse Button BUTTON1
		Release Mouse Button BUTTON1

ExecutedAction [81]: 
 @Action ConcreteID = ACh97mxo7f1727580887 AbstractID = AAh97mxo7f1727580887
 ConcreteID CUSTOM = ConcreteID CUSTOM not available AbstractID CUSTOM = AAqonr397f2580565389
 @State ConcreteID = SCuyuhmv2ed1671011042 AbstractID = SRrwz38n2e02745166178
 ConcreteID CUSTOM = SCilua512e62032480990 AbstractID CUSTOM = SA66n57f2eb1498926942

	ROLE = LeftClickAt
	TARGET =
		WIDGET = WCsnsigw192276258709, WR1h6ibpb92248851252, WT1h6ibpb92248851252, WP8rujqq15811043737
		ROLE = UIAButton
		TITLE = 
		SHAPE = Rect [x:707.0 y:451.0 w:26.0 h:26.0]
		CHILDREN = 0
		PATH = [0, 2, 2, 3]
	DESCRIPTION = Left Click at ''
	TEXT = Compound Action =
		Move mouse to (720.0, 464.0).
		Press Mouse Button BUTTON1
		Release Mouse Button BUTTON1

ExecutedAction [82]: 
 @Action ConcreteID = AC1t7fdwe804058501648 AbstractID = AA1t7fdwe804058501648
 ConcreteID CUSTOM = ConcreteID CUSTOM not available AbstractID CUSTOM = AA2cqotx802057716349
 @State ConcreteID = SCuyuhmv2ed1671011042 AbstractID = SRrwz38n2e02745166178
 ConcreteID CUSTOM = SCilua512e62032480990 AbstractID CUSTOM = SA66n57f2eb1498926942

	ROLE = LeftClickAt
	TARGET =
		WIDGET = WCig1ffy22236015574, WR17v7k2nb1067391859, WT1e6tvxi153323975668, WP1lxqkho1e3332536470
		ROLE = UIAMenuItem
		TITLE = Help Alt+H
		SHAPE = Rect [x:1013.0 y:370.0 w:42.0 h:20.0]
		CHILDREN = 0
		PATH = [0, 1, 7]
	DESCRIPTION = Left Click at 'Help Alt+H'
	TEXT = Compound Action =
		Move mouse to (1034.0, 380.0).
		Press Mouse Button BUTTON1
		Release Mouse Button BUTTON1

ExecutedAction [83]: 
 @Action ConcreteID = AC3mdg56812649723818 AbstractID = AA3mdg56812649723818
 ConcreteID CUSTOM = ConcreteID CUSTOM not available AbstractID CUSTOM = AApdiaju812996080614
 @State ConcreteID = SC1p00f8234f3394638113 AbstractID = SRtt96ho3433248047772
 ConcreteID CUSTOM = SC11svhps3483043115949 AbstractID CUSTOM = SA1jabezf34f3086789404

	ROLE = LeftClickAt
	TARGET =
		WIDGET = WC5xpkbv1c2341201004, WR1p34e3y91942684430, WT1p34e3y91942684430, WP1apngjd183937737785
		ROLE = UIASlider
		TITLE = 
		SHAPE = Rect [x:1047.0 y:454.0 w:85.0 h:26.0]
		CHILDREN = 0
		PATH = [0, 2, 2, 0, 1]
	DESCRIPTION = Left Click at ''
	TEXT = Compound Action =
		Move mouse to (1089.5, 467.0).
		Press Mouse Button BUTTON1
		Release Mouse Button BUTTON1

ExecutedAction [84]: 
 @Action ConcreteID = ACrivewp7f4108074759 AbstractID = AArivewp7f4108074759
 ConcreteID CUSTOM = ConcreteID CUSTOM not available AbstractID CUSTOM = AAschifb81691900473
 @State ConcreteID = SCwpxog145b298765577 AbstractID = SR1xiil7c43a1136919888
 ConcreteID CUSTOM = SC1g9b5k445f836243669 AbstractID CUSTOM = SA188slx744c1530742315

	ROLE = LeftClickAt
	TARGET =
		WIDGET = WC1n98eey23743137595, WR10fgh33101836453781, WT10fgh33101836453781, WPr1hwi01f3737083353
		ROLE = UIACustomControl
		TITLE = 
		SHAPE = Rect [x:841.0 y:277.0 w:424.0 h:323.0]
		CHILDREN = 1
		PATH = [0, 0, 1, 0, 0]
	DESCRIPTION = Left Click at ''
	TEXT = Compound Action =
		Move mouse to (1053.0, 438.5).
		Press Mouse Button BUTTON1
		Release Mouse Button BUTTON1

ExecutedAction [85]: 
 @Action ConcreteID = ACpc5ufv7e677882207 AbstractID = AApc5ufv7e677882207
 ConcreteID CUSTOM = ConcreteID CUSTOM not available AbstractID CUSTOM = AA5r6ml803300154928
 @State ConcreteID = SCwpxog145b298765577 AbstractID = SR1xiil7c43a1136919888
 ConcreteID CUSTOM = SC1g9b5k445f836243669 AbstractID CUSTOM = SA188slx744c1530742315

	ROLE = LeftClickAt
	TARGET =
		WIDGET = WCksdzdl1d3186789233, WR10fgh33101836453781, WT10fgh33101836453781, WP33czon191973466422
		ROLE = UIACustomControl
		TITLE = 
		SHAPE = Rect [x:530.0 y:609.0 w:744.0 h:60.0]
		CHILDREN = 3
		PATH = [0, 0, 2]
	DESCRIPTION = Left Click at ''
	TEXT = Compound Action =
		Move mouse to (902.0, 639.0).
		Press Mouse Button BUTTON1
		Release Mouse Button BUTTON1

ExecutedAction [86]: 
 @Action ConcreteID = AC8d4jg3801014365531 AbstractID = AA8d4jg3801014365531
 ConcreteID CUSTOM = ConcreteID CUSTOM not available AbstractID CUSTOM = AAdbiiwz801844681615
 @State ConcreteID = SC3sjdvx4833526177918 AbstractID = SRq7or92463407411211
 ConcreteID CUSTOM = SC1qwtj214841517514378 AbstractID CUSTOM = SAl84bb14772409520421

	ROLE = LeftClickAt
	TARGET =
		WIDGET = WC1dqip6r261927199315, WR10fgh33101836453781, WT10fgh33101836453781, WPyiss5122295432597
		ROLE = UIACustomControl
		TITLE = 
		SHAPE = Rect [x:1252.0 y:278.0 w:12.0 h:321.0]
		CHILDREN = 1
		PATH = [0, 0, 1, 0, 0, 1]
	DESCRIPTION = Left Click at ''
	TEXT = Compound Action =
		Move mouse to (1258.0, 438.5).
		Press Mouse Button BUTTON1
		Release Mouse Button BUTTON1

ExecutedAction [87]: 
 @Action ConcreteID = AC1ycaqxh802462770193 AbstractID = AA1ycaqxh802462770193
 ConcreteID CUSTOM = ConcreteID CUSTOM not available AbstractID CUSTOM = AA49kof9803276571333
 @State ConcreteID = SC3sjdvx4833526177918 AbstractID = SRq7or92463407411211
 ConcreteID CUSTOM = SC1qwtj214841517514378 AbstractID CUSTOM = SAl84bb14772409520421

	ROLE = LeftClickAt
	TARGET =
		WIDGET = WC1dqip5w261808108306, WR10fgh33101836453781, WT10fgh33101836453781, WPyiss4622142655700
		ROLE = UIACustomControl
		TITLE = 
		SHAPE = Rect [x:842.0 y:278.0 w:410.0 h:321.0]
		CHILDREN = 0
		PATH = [0, 0, 1, 0, 0, 0]
	DESCRIPTION = Left Click at ''
	TEXT = Compound Action =
		Move mouse to (1047.0, 438.5).
		Press Mouse Button BUTTON1
		Release Mouse Button BUTTON1

ExecutedAction [88]: 
 @Action ConcreteID = ACc24bv17f2078701174 AbstractID = AAc24bv17f2078701174
 ConcreteID CUSTOM = ConcreteID CUSTOM not available AbstractID CUSTOM = AAujrw3h7f595630151
 @State ConcreteID = SC3sjdvx4833526177918 AbstractID = SRq7or92463407411211
 ConcreteID CUSTOM = SC1qwtj214841517514378 AbstractID CUSTOM = SAl84bb14772409520421

	ROLE = LeftClickAt
	TARGET =
		WIDGET = WCksdzcq1d2531252402, WR10fgh33101836453781, WT10fgh33101836453781, WP33czns191586358005
		ROLE = UIACustomControl
		TITLE = 
		SHAPE = Rect [x:530.0 y:181.0 w:744.0 h:428.0]
		CHILDREN = 4
		PATH = [0, 0, 1]
	DESCRIPTION = Left Click at ''
	TEXT = Compound Action =
		Move mouse to (902.0, 395.0).
		Press Mouse Button BUTTON1
		Release Mouse Button BUTTON1

ExecutedAction [89]: 
 @Action ConcreteID = AC8d4jg3801014365531 AbstractID = AA8d4jg3801014365531
 ConcreteID CUSTOM = ConcreteID CUSTOM not available AbstractID CUSTOM = AAdbiiwz801844681615
 @State ConcreteID = SC3sjdvx4833526177918 AbstractID = SRq7or92463407411211
 ConcreteID CUSTOM = SC1qwtj214841517514378 AbstractID CUSTOM = SAl84bb14772409520421

	ROLE = LeftClickAt
	TARGET =
		WIDGET = WC1dqip6r261927199315, WR10fgh33101836453781, WT10fgh33101836453781, WPyiss5122295432597
		ROLE = UIACustomControl
		TITLE = 
		SHAPE = Rect [x:1252.0 y:278.0 w:12.0 h:321.0]
		CHILDREN = 1
		PATH = [0, 0, 1, 0, 0, 1]
	DESCRIPTION = Left Click at ''
	TEXT = Compound Action =
		Move mouse to (1258.0, 438.5).
		Press Mouse Button BUTTON1
		Release Mouse Button BUTTON1

ExecutedAction [90]: 
 @Action ConcreteID = AC1to2cpm7f2199302300 AbstractID = AA1to2cpm7f2199302300
 ConcreteID CUSTOM = ConcreteID CUSTOM not available AbstractID CUSTOM = AAd4luyy7f3681574573
 @State ConcreteID = SC3sjdvx4833526177918 AbstractID = SRq7or92463407411211
 ConcreteID CUSTOM = SC1qwtj214841517514378 AbstractID CUSTOM = SAl84bb14772409520421

	ROLE = LeftClickAt
	TARGET =
		WIDGET = WCksdzdl1d3186789233, WR10fgh33101836453781, WT10fgh33101836453781, WP33czon191973466422
		ROLE = UIACustomControl
		TITLE = 
		SHAPE = Rect [x:530.0 y:609.0 w:744.0 h:60.0]
		CHILDREN = 3
		PATH = [0, 0, 2]
	DESCRIPTION = Left Click at ''
	TEXT = Compound Action =
		Move mouse to (902.0, 639.0).
		Press Mouse Button BUTTON1
		Release Mouse Button BUTTON1

ExecutedAction [91]: 
 @Action ConcreteID = AC1to2cpm7f2199302300 AbstractID = AA1to2cpm7f2199302300
 ConcreteID CUSTOM = ConcreteID CUSTOM not available AbstractID CUSTOM = AAd4luyy7f3681574573
 @State ConcreteID = SC3sjdvx4833526177918 AbstractID = SRq7or92463407411211
 ConcreteID CUSTOM = SC1qwtj214841517514378 AbstractID CUSTOM = SAl84bb14772409520421

	ROLE = LeftClickAt
	TARGET =
		WIDGET = WCksdzdl1d3186789233, WR10fgh33101836453781, WT10fgh33101836453781, WP33czon191973466422
		ROLE = UIACustomControl
		TITLE = 
		SHAPE = Rect [x:530.0 y:609.0 w:744.0 h:60.0]
		CHILDREN = 3
		PATH = [0, 0, 2]
	DESCRIPTION = Left Click at ''
	TEXT = Compound Action =
		Move mouse to (902.0, 639.0).
		Press Mouse Button BUTTON1
		Release Mouse Button BUTTON1

ExecutedAction [92]: 
 @Action ConcreteID = AC8d4jg3801014365531 AbstractID = AA8d4jg3801014365531
 ConcreteID CUSTOM = ConcreteID CUSTOM not available AbstractID CUSTOM = AAdbiiwz801844681615
 @State ConcreteID = SC3sjdvx4833526177918 AbstractID = SRq7or92463407411211
 ConcreteID CUSTOM = SC1qwtj214841517514378 AbstractID CUSTOM = SAl84bb14772409520421

	ROLE = LeftClickAt
	TARGET =
		WIDGET = WC1dqip6r261927199315, WR10fgh33101836453781, WT10fgh33101836453781, WPyiss5122295432597
		ROLE = UIACustomControl
		TITLE = 
		SHAPE = Rect [x:1252.0 y:278.0 w:12.0 h:321.0]
		CHILDREN = 1
		PATH = [0, 0, 1, 0, 0, 1]
	DESCRIPTION = Left Click at ''
	TEXT = Compound Action =
		Move mouse to (1258.0, 438.5).
		Press Mouse Button BUTTON1
		Release Mouse Button BUTTON1

ExecutedAction [93]: 
 @Action ConcreteID = AC1s1xxupe11997176734 AbstractID = AArpgn67d54007770451
 ConcreteID CUSTOM = ConcreteID CUSTOM not available AbstractID CUSTOM = AAs8fa7zd52955544164
 @State ConcreteID = SC3sjdvx4833526177918 AbstractID = SRq7or92463407411211
 ConcreteID CUSTOM = SC1qwtj214841517514378 AbstractID CUSTOM = SAl84bb14772409520421

	ROLE = ClickTypeInto
	TARGET =
		WIDGET = WCuzx4821a90981208, WR4n0dlj72701565195, WT4n0dlj72701565195, WPxc5isw163537687662
		ROLE = UIAEdit
		TITLE = 
		SHAPE = Rect [x:841.0 y:277.0 w:424.0 h:323.0]
		CHILDREN = 2
		PATH = [0, 0, 1, 0, 0]
	DESCRIPTION = Type '0,00' into '
	TEXT = Compound Action =
		Compound Action =
		Move mouse to (1053.0, 438.5).
		Press Mouse Button BUTTON1
		Release Mouse Button BUTTON1
		Press Key 17
		Press Key 65
		Release Key 65
		Release Key 17
		Type text '0,00'

ExecutedAction [94]: 
 @Action ConcreteID = AC1to2cpm7f2199302300 AbstractID = AA1to2cpm7f2199302300
 ConcreteID CUSTOM = ConcreteID CUSTOM not available AbstractID CUSTOM = AAd4luyy7f3681574573
 @State ConcreteID = SC3sjdvx4833526177918 AbstractID = SRq7or92463407411211
 ConcreteID CUSTOM = SC1qwtj214841517514378 AbstractID CUSTOM = SAl84bb14772409520421

	ROLE = LeftClickAt
	TARGET =
		WIDGET = WCksdzdl1d3186789233, WR10fgh33101836453781, WT10fgh33101836453781, WP33czon191973466422
		ROLE = UIACustomControl
		TITLE = 
		SHAPE = Rect [x:530.0 y:609.0 w:744.0 h:60.0]
		CHILDREN = 3
		PATH = [0, 0, 2]
	DESCRIPTION = Left Click at ''
	TEXT = Compound Action =
		Move mouse to (902.0, 639.0).
		Press Mouse Button BUTTON1
		Release Mouse Button BUTTON1

ExecutedAction [95]: 
 @Action ConcreteID = AClmj0j41073060322903 AbstractID = AArpgn67d54007770451
 ConcreteID CUSTOM = ConcreteID CUSTOM not available AbstractID CUSTOM = AAs8fa7zd52955544164
 @State ConcreteID = SC3sjdvx4833526177918 AbstractID = SRq7or92463407411211
 ConcreteID CUSTOM = SC1qwtj214841517514378 AbstractID CUSTOM = SAl84bb14772409520421

	ROLE = ClickTypeInto
	TARGET =
		WIDGET = WCuzx4821a90981208, WR4n0dlj72701565195, WT4n0dlj72701565195, WPxc5isw163537687662
		ROLE = UIAEdit
		TITLE = 
		SHAPE = Rect [x:841.0 y:277.0 w:424.0 h:323.0]
		CHILDREN = 2
		PATH = [0, 0, 1, 0, 0]
	DESCRIPTION = Type '0?? 1?? 2?? 3?? ...' into '
	TEXT = Compound Action =
		Compound Action =
		Move mouse to (1053.0, 438.5).
		Press Mouse Button BUTTON1
		Release Mouse Button BUTTON1
		Press Key 17
		Press Key 65
		Release Key 65
		Release Key 17
		Type text '0?? 1?? 2?? 3?? 4?? 5?? 6?? 7?? 8?? 9?? ?'

ExecutedAction [96]: 
 @Action ConcreteID = AC1to2cpm7f2199302300 AbstractID = AA1to2cpm7f2199302300
 ConcreteID CUSTOM = ConcreteID CUSTOM not available AbstractID CUSTOM = AAd4luyy7f3681574573
 @State ConcreteID = SC3sjdvx4833526177918 AbstractID = SRq7or92463407411211
 ConcreteID CUSTOM = SC1qwtj214841517514378 AbstractID CUSTOM = SAl84bb14772409520421

	ROLE = LeftClickAt
	TARGET =
		WIDGET = WCksdzdl1d3186789233, WR10fgh33101836453781, WT10fgh33101836453781, WP33czon191973466422
		ROLE = UIACustomControl
		TITLE = 
		SHAPE = Rect [x:530.0 y:609.0 w:744.0 h:60.0]
		CHILDREN = 3
		PATH = [0, 0, 2]
	DESCRIPTION = Left Click at ''
	TEXT = Compound Action =
		Move mouse to (902.0, 639.0).
		Press Mouse Button BUTTON1
		Release Mouse Button BUTTON1

ExecutedAction [97]: 
 @Action ConcreteID = ACc24bv17f2078701174 AbstractID = AAc24bv17f2078701174
 ConcreteID CUSTOM = ConcreteID CUSTOM not available AbstractID CUSTOM = AAujrw3h7f595630151
 @State ConcreteID = SC3sjdvx4833526177918 AbstractID = SRq7or92463407411211
 ConcreteID CUSTOM = SC1qwtj214841517514378 AbstractID CUSTOM = SAl84bb14772409520421

	ROLE = LeftClickAt
	TARGET =
		WIDGET = WCksdzcq1d2531252402, WR10fgh33101836453781, WT10fgh33101836453781, WP33czns191586358005
		ROLE = UIACustomControl
		TITLE = 
		SHAPE = Rect [x:530.0 y:181.0 w:744.0 h:428.0]
		CHILDREN = 4
		PATH = [0, 0, 1]
	DESCRIPTION = Left Click at ''
	TEXT = Compound Action =
		Move mouse to (902.0, 395.0).
		Press Mouse Button BUTTON1
		Release Mouse Button BUTTON1

ExecutedAction [98]: 
 @Action ConcreteID = AC1to2cpm7f2199302300 AbstractID = AA1to2cpm7f2199302300
 ConcreteID CUSTOM = ConcreteID CUSTOM not available AbstractID CUSTOM = AAd4luyy7f3681574573
 @State ConcreteID = SC3sjdvx4833526177918 AbstractID = SRq7or92463407411211
 ConcreteID CUSTOM = SC1qwtj214841517514378 AbstractID CUSTOM = SAl84bb14772409520421

	ROLE = LeftClickAt
	TARGET =
		WIDGET = WCksdzdl1d3186789233, WR10fgh33101836453781, WT10fgh33101836453781, WP33czon191973466422
		ROLE = UIACustomControl
		TITLE = 
		SHAPE = Rect [x:530.0 y:609.0 w:744.0 h:60.0]
		CHILDREN = 3
		PATH = [0, 0, 2]
	DESCRIPTION = Left Click at ''
	TEXT = Compound Action =
		Move mouse to (902.0, 639.0).
		Press Mouse Button BUTTON1
		Release Mouse Button BUTTON1

ExecutedAction [99]: 
 @Action ConcreteID = AC8d4jg3801014365531 AbstractID = AA8d4jg3801014365531
 ConcreteID CUSTOM = ConcreteID CUSTOM not available AbstractID CUSTOM = AAdbiiwz801844681615
 @State ConcreteID = SC3sjdvx4833526177918 AbstractID = SRq7or92463407411211
 ConcreteID CUSTOM = SC1qwtj214841517514378 AbstractID CUSTOM = SAl84bb14772409520421

	ROLE = LeftClickAt
	TARGET =
		WIDGET = WC1kudd41252973831876, WR16s6p21c140494670, WT16s6p21c140494670, WP8ppkof212765069910
		ROLE = UIAScrollBar
		TITLE = 
		SHAPE = Rect [x:1252.0 y:278.0 w:12.0 h:321.0]
		CHILDREN = 0
		PATH = [0, 0, 1, 0, 0, 1, 0]
	DESCRIPTION = Left Click at ''
	TEXT = Compound Action =
		Move mouse to (1258.0, 438.5).
		Press Mouse Button BUTTON1
		Release Mouse Button BUTTON1

ExecutedAction [100]: 
 @Action ConcreteID = AC8d4jg3801014365531 AbstractID = AA8d4jg3801014365531
 ConcreteID CUSTOM = ConcreteID CUSTOM not available AbstractID CUSTOM = AAdbiiwz801844681615
 @State ConcreteID = SC3sjdvx4833526177918 AbstractID = SRq7or92463407411211
 ConcreteID CUSTOM = SC1qwtj214841517514378 AbstractID CUSTOM = SAl84bb14772409520421

	ROLE = LeftClickAt
	TARGET =
		WIDGET = WC1dqip6r261927199315, WR10fgh33101836453781, WT10fgh33101836453781, WPyiss5122295432597
		ROLE = UIACustomControl
		TITLE = 
		SHAPE = Rect [x:1252.0 y:278.0 w:12.0 h:321.0]
		CHILDREN = 1
		PATH = [0, 0, 1, 0, 0, 1]
	DESCRIPTION = Left Click at ''
	TEXT = Compound Action =
		Move mouse to (1258.0, 438.5).
		Press Mouse Button BUTTON1
		Release Mouse Button BUTTON1

Sequence 1 finished.
Copying generated sequence ("sequence2175") to output directory...
Copying classified sequence ("sequence2175") to sequences_ok folder...
