Starting sequence 1 (output as: sequence1251)

ExecutedAction [1]: 
 @Action ConcreteID = AC156xofr802303657144 AbstractID = AA156xofr802303657144
 ConcreteID CUSTOM = ConcreteID CUSTOM not available AbstractID CUSTOM = AA1jk70mt803887886408
 @State ConcreteID = SC1aizj7k4ac1263585316 AbstractID = SR1t0hgcj488686626942
 ConcreteID CUSTOM = SC1qea3q94b14154235829 AbstractID CUSTOM = SA17pskou49a3260808033

	ROLE = LeftClickAt
	TARGET =
		WIDGET = WChhkzxr203155281532, WR4na8ob72534219213, WT4na8ob72534219213, WPq67z251c32516421
		ROLE = UIATree
		TITLE = 
		SHAPE = Rect [x:660.0 y:450.0 w:180.0 h:178.0]
		CHILDREN = 8
		PATH = [0, 3, 0, 0, 3, 1, 1]
	DESCRIPTION = Left Click at ''
	TEXT = Compound Action =
		Move mouse to (750.0, 539.0).
		Press Mouse Button BUTTON1
		Release Mouse Button BUTTON1

ExecutedAction [2]: 
 @Action ConcreteID = ACmrjsll7d1649621776 AbstractID = AAmrjsll7d1649621776
 ConcreteID CUSTOM = ConcreteID CUSTOM not available AbstractID CUSTOM = AAzqunk07f3353828163
 @State ConcreteID = SC63x48r51028352355 AbstractID = SR1oxf3p64e62930351761
 ConcreteID CUSTOM = SC1qpd55f50d402447984 AbstractID CUSTOM = SA509e4j5073652342694

	ROLE = LeftClickAt
	TARGET =
		WIDGET = WC1wr6twp233179607085, WR17v7k2nb1067391859, WTwtxn65161410781764, WPzq9smv1f824583798
		ROLE = UIAMenuItem
		TITLE = Tools Alt+s
		SHAPE = Rect [x:922.0 y:370.0 w:43.0 h:20.0]
		CHILDREN = 0
		PATH = [0, 1, 5]
	DESCRIPTION = Left Click at 'Tools Alt+s'
	TEXT = Compound Action =
		Move mouse to (943.5, 380.0).
		Press Mouse Button BUTTON1
		Release Mouse Button BUTTON1

ExecutedAction [3]: 
 @Action ConcreteID = AC15w6dom7e3900230053 AbstractID = AA15w6dom7e3900230053
 ConcreteID CUSTOM = ConcreteID CUSTOM not available AbstractID CUSTOM = AA1n5y9367f3100636906
 @State ConcreteID = SCtcyib35ff796380488 AbstractID = SR1vj8i415d5942497211
 ConcreteID CUSTOM = SCvznasb5ff2213248652 AbstractID CUSTOM = SA3781zw5f43926794870

	ROLE = LeftClickAt
	TARGET =
		WIDGET = WC1ighz2p311585284916, WR52qhb2b3065858412, WTrktj1o154143545019, WPhakt372d2806453661
		ROLE = UIAListItem
		TITLE = New folder
		SHAPE = Rect [x:847.0 y:452.0 w:116.0 h:143.0]
		CHILDREN = 0
		PATH = [0, 2, 0, 0, 3, 0, 0, 0]
	DESCRIPTION = Left Click at 'New folder'
	TEXT = Compound Action =
		Move mouse to (905.0, 523.5).
		Press Mouse Button BUTTON1
		Release Mouse Button BUTTON1

ExecutedAction [4]: 
 @Action ConcreteID = AC1gtld3o7e4224682524 AbstractID = AA1gtld3o7e4224682524
 ConcreteID CUSTOM = ConcreteID CUSTOM not available AbstractID CUSTOM = AAt19ovx80151535154
 @State ConcreteID = SC63x48r51028352355 AbstractID = SR1oxf3p64e62930351761
 ConcreteID CUSTOM = SC1qpd55f50d402447984 AbstractID CUSTOM = SA509e4j5073652342694

	ROLE = LeftClickAt
	TARGET =
		WIDGET = WC1ke21f3353633984495, WR52qhb2b3065858412, WT1ehdii319442466983, WP1esgi3l312757651049
		ROLE = UIAListItem
		TITLE = New folder (2)
		SHAPE = Rect [x:963.0 y:452.0 w:116.0 h:143.0]
		CHILDREN = 0
		PATH = [0, 2, 0, 0, 3, 0, 0, 1]
	DESCRIPTION = Left Click at 'New folder (2)'
	TEXT = Compound Action =
		Move mouse to (1021.0, 523.5).
		Press Mouse Button BUTTON1
		Release Mouse Button BUTTON1

ExecutedAction [5]: 
 @Action ConcreteID = AC1gtld3o7e4224682524 AbstractID = AA1gtld3o7e4224682524
 ConcreteID CUSTOM = ConcreteID CUSTOM not available AbstractID CUSTOM = AAt19ovx80151535154
 @State ConcreteID = SC63x48r51028352355 AbstractID = SR1oxf3p64e62930351761
 ConcreteID CUSTOM = SC1qpd55f50d402447984 AbstractID CUSTOM = SA509e4j5073652342694

	ROLE = LeftClickAt
	TARGET =
		WIDGET = WC1ke21f3353633984495, WR52qhb2b3065858412, WT1ehdii319442466983, WP1esgi3l312757651049
		ROLE = UIAListItem
		TITLE = New folder (2)
		SHAPE = Rect [x:963.0 y:452.0 w:116.0 h:143.0]
		CHILDREN = 0
		PATH = [0, 2, 0, 0, 3, 0, 0, 1]
	DESCRIPTION = Left Click at 'New folder (2)'
	TEXT = Compound Action =
		Move mouse to (1021.0, 523.5).
		Press Mouse Button BUTTON1
		Release Mouse Button BUTTON1

ExecutedAction [6]: 
 @Action ConcreteID = AC1monrhb7f1140469695 AbstractID = AA1monrhb7f1140469695
 ConcreteID CUSTOM = ConcreteID CUSTOM not available AbstractID CUSTOM = AAxhftjv7f2300347796
 @State ConcreteID = SC1f7k7gj4aa950991226 AbstractID = SR1kqyar4881326621654
 ConcreteID CUSTOM = SC14q00wp4a82534315603 AbstractID CUSTOM = SAyali1j4a51413339604

	ROLE = LeftClickAt
	TARGET =
		WIDGET = WCb8oomb272365954834, WR5quxi6b4097176690, WT5quxi6b4097176690, WP1sol99123211992508
		ROLE = UIATreeItem
		TITLE = 
		SHAPE = Rect [x:660.0 y:450.0 w:163.0 h:26.0]
		CHILDREN = 0
		PATH = [0, 2, 0, 0, 3, 1, 1, 0]
	DESCRIPTION = Left Click at ''
	TEXT = Compound Action =
		Move mouse to (741.5, 463.0).
		Press Mouse Button BUTTON1
		Release Mouse Button BUTTON1

ExecutedAction [7]: 
 @Action ConcreteID = ACwl9j9u801113418623 AbstractID = AAwl9j9u801113418623
 ConcreteID CUSTOM = ConcreteID CUSTOM not available AbstractID CUSTOM = AAx3zl48803498480904
 @State ConcreteID = SC1nc411o4961529421974 AbstractID = SRx1ik4a474333690124
 ConcreteID CUSTOM = SC1n8pk4e495298478986 AbstractID CUSTOM = SA12laes84902498637855

	ROLE = LeftClickAt
	TARGET =
		WIDGET = WCqo6bfv1b3993562100, WR88rmk0b1934231702, WT88rmk0b1934231702, WP5fia59171780392929
		ROLE = UIACheckBox
		TITLE = 
		SHAPE = Rect [x:887.0 y:395.0 w:26.0 h:26.0]
		CHILDREN = 0
		PATH = [0, 2, 2, 9]
	DESCRIPTION = Left Click at ''
	TEXT = Compound Action =
		Move mouse to (900.0, 408.0).
		Press Mouse Button BUTTON1
		Release Mouse Button BUTTON1

ExecutedAction [8]: 
 @Action ConcreteID = AC17lyx4o804274184428 AbstractID = AA17lyx4o804274184428
 ConcreteID CUSTOM = ConcreteID CUSTOM not available AbstractID CUSTOM = AA184oyz2801813585563
 @State ConcreteID = SC1nc411o4961529421974 AbstractID = SRx1ik4a474333690124
 ConcreteID CUSTOM = SC1n8pk4e495298478986 AbstractID CUSTOM = SA12laes84902498637855

	ROLE = LeftClickAt
	TARGET =
		WIDGET = WC1u4yxgu201001852223, WR4na8ob72534219213, WT4na8ob72534219213, WP3shum41c2253840902
		ROLE = UIATree
		TITLE = 
		SHAPE = Rect [x:660.0 y:450.0 w:180.0 h:178.0]
		CHILDREN = 8
		PATH = [0, 2, 0, 0, 3, 1, 1]
	DESCRIPTION = Left Click at ''
	TEXT = Compound Action =
		Move mouse to (750.0, 539.0).
		Press Mouse Button BUTTON1
		Release Mouse Button BUTTON1

ExecutedAction [9]: 
 @Action ConcreteID = ACti6c377d3504765168 AbstractID = AAti6c377d3504765168
 ConcreteID CUSTOM = ConcreteID CUSTOM not available AbstractID CUSTOM = AA16hh71m7f1968314531
 @State ConcreteID = SC63x48r51028352355 AbstractID = SR1oxf3p64e62930351761
 ConcreteID CUSTOM = SC1qpd55f50d402447984 AbstractID CUSTOM = SA509e4j5073652342694

	ROLE = LeftClickAt
	TARGET =
		WIDGET = WC1ulc3am262005825686, WR17v7k2nb1067391859, WTpcm71l192027518401, WPtkzlz0223118695362
		ROLE = UIAMenuItem
		TITLE = Subtitle Alt+t
		SHAPE = Rect [x:866.0 y:370.0 w:56.0 h:20.0]
		CHILDREN = 0
		PATH = [0, 1, 4]
	DESCRIPTION = Left Click at 'Subtitle Alt+t'
	TEXT = Compound Action =
		Move mouse to (894.0, 380.0).
		Press Mouse Button BUTTON1
		Release Mouse Button BUTTON1

ExecutedAction [10]: 
 @Action ConcreteID = AC14rqv8k7f3989644577 AbstractID = AA14rqv8k7f3989644577
 ConcreteID CUSTOM = ConcreteID CUSTOM not available AbstractID CUSTOM = AAexce0j7f1760079649
 @State ConcreteID = SC11o6moa54c835648606 AbstractID = SRtb5di9521304430438
 ConcreteID CUSTOM = SC1t6yzg9549910154614 AbstractID CUSTOM = SAfz9ipd5423150589807

	ROLE = LeftClickAt
	TARGET =
		WIDGET = WCsnsihr193371001170, WR1h6ibpb92248851252, WT1h6ibpb92248851252, WP8rujrl152132155742
		ROLE = UIAButton
		TITLE = 
		SHAPE = Rect [x:733.0 y:395.0 w:26.0 h:26.0]
		CHILDREN = 0
		PATH = [0, 2, 2, 4]
	DESCRIPTION = Left Click at ''
	TEXT = Compound Action =
		Move mouse to (746.0, 408.0).
		Press Mouse Button BUTTON1
		Release Mouse Button BUTTON1

ExecutedAction [11]: 
 @Action ConcreteID = ACwaljxt7e4124612103 AbstractID = AAwaljxt7e4124612103
 ConcreteID CUSTOM = ConcreteID CUSTOM not available AbstractID CUSTOM = AA8i9vq280119480873
 @State ConcreteID = SC63x48r51028352355 AbstractID = SR1oxf3p64e62930351761
 ConcreteID CUSTOM = SC1qpd55f50d402447984 AbstractID CUSTOM = SA509e4j5073652342694

	ROLE = LeftClickAt
	TARGET =
		WIDGET = WC1fcenkz201119982758, WR10fgh33101836453781, WT10fgh33101836453781, WPdpsz4l1c4088669326
		ROLE = UIACustomControl
		TITLE = 
		SHAPE = Rect [x:1146.0 y:392.0 w:101.0 h:32.0]
		CHILDREN = 2
		PATH = [0, 2, 2, 0]
	DESCRIPTION = Left Click at ''
	TEXT = Compound Action =
		Move mouse to (1196.5, 408.0).
		Press Mouse Button BUTTON1
		Release Mouse Button BUTTON1

ExecutedAction [12]: 
 @Action ConcreteID = ACqx0olz7d4064979470 AbstractID = AAqx0olz7d4064979470
 ConcreteID CUSTOM = ConcreteID CUSTOM not available AbstractID CUSTOM = AA13wbjke7f1476315741
 @State ConcreteID = SC63x48r51028352355 AbstractID = SR1oxf3p64e62930351761
 ConcreteID CUSTOM = SC1qpd55f50d402447984 AbstractID CUSTOM = SA509e4j5073652342694

	ROLE = LeftClickAt
	TARGET =
		WIDGET = WCezylrw213754510323, WR1e04pz3e358922214, WT1e04pz3e358922214, WP1y99m6i1d2845979881
		ROLE = UIASplitButton
		TITLE = 
		SHAPE = Rect [x:977.0 y:428.0 w:23.0 h:22.0]
		CHILDREN = 0
		PATH = [0, 2, 0, 0, 1]
	DESCRIPTION = Left Click at ''
	TEXT = Compound Action =
		Move mouse to (988.5, 439.0).
		Press Mouse Button BUTTON1
		Release Mouse Button BUTTON1

ExecutedAction [13]: 
 @Action ConcreteID = AC11271xc7f4189069279 AbstractID = AA11271xc7f4189069279
 ConcreteID CUSTOM = ConcreteID CUSTOM not available AbstractID CUSTOM = AA1ka0e8f80369743602
 @State ConcreteID = SCkf54496ba2175047865 AbstractID = SR1x326x36783825984595
 ConcreteID CUSTOM = SC1fmpsak6bb3419488803 AbstractID CUSTOM = SA1q0us0c6ae1090737301

	ROLE = LeftClickAt
	TARGET =
		WIDGET = WC1ulc3am262005825686, WR17v7k2nb1067391859, WTpcm71l192027518401, WPtkzlz0223118695362
		ROLE = UIAMenuItem
		TITLE = Subtitle Alt+t
		SHAPE = Rect [x:866.0 y:370.0 w:56.0 h:20.0]
		CHILDREN = 0
		PATH = [0, 1, 4]
	DESCRIPTION = Left Click at 'Subtitle Alt+t'
	TEXT = Compound Action =
		Move mouse to (894.0, 380.0).
		Press Mouse Button BUTTON1
		Release Mouse Button BUTTON1

ExecutedAction [14]: 
 @Action ConcreteID = AChjm8z8813387005956 AbstractID = AAhjm8z8813387005956
 ConcreteID CUSTOM = ConcreteID CUSTOM not available AbstractID CUSTOM = AAdyk5l07f1600694711
 @State ConcreteID = SC1tb4ovc6f63218773812 AbstractID = SRbblmge6b3745223680
 ConcreteID CUSTOM = SCgt9l7m6f74082326269 AbstractID CUSTOM = SAonfq66e91316088091

	ROLE = LeftClickAt
	TARGET =
		WIDGET = WC1hix8ox27995544468, WR5quxi6b4097176690, WT5quxi6b4097176690, WPzxprcj233136416058
		ROLE = UIATreeItem
		TITLE = 
		SHAPE = Rect [x:1126.0 y:496.0 w:133.0 h:22.0]
		CHILDREN = 0
		PATH = [0, 2, 0, 0, 3, 0, 6, 8]
	DESCRIPTION = Left Click at ''
	TEXT = Compound Action =
		Move mouse to (1192.5, 507.0).
		Press Mouse Button BUTTON1
		Release Mouse Button BUTTON1

ExecutedAction [15]: 
 @Action ConcreteID = AC12dxibp7f47173289 AbstractID = AA12dxibp7f47173289
 ConcreteID CUSTOM = ConcreteID CUSTOM not available AbstractID CUSTOM = AA1llqums803983935364
 @State ConcreteID = SCkf54496ba2175047865 AbstractID = SR1x326x36783825984595
 ConcreteID CUSTOM = SC1fmpsak6bb3419488803 AbstractID CUSTOM = SA1q0us0c6ae1090737301

	ROLE = LeftClickAt
	TARGET =
		WIDGET = WC17gbru5323122144769, WR52qhb2b3065858412, WT1ehdijt191275405601, WP1w250572e1178851581
		ROLE = UIAListItem
		TITLE = New folder (4)
		SHAPE = Rect [x:847.0 y:595.0 w:116.0 h:143.0]
		CHILDREN = 0
		PATH = [0, 2, 0, 0, 3, 0, 3]
	DESCRIPTION = Left Click at 'New folder (4)'
	TEXT = Compound Action =
		Move mouse to (905.0, 666.5).
		Press Mouse Button BUTTON1
		Release Mouse Button BUTTON1

ExecutedAction [16]: 
 @Action ConcreteID = AC20i6x67f378031112 AbstractID = AA20i6x67f378031112
 ConcreteID CUSTOM = ConcreteID CUSTOM not available AbstractID CUSTOM = AAl8bj89804180772133
 @State ConcreteID = SCkf54496ba2175047865 AbstractID = SR1x326x36783825984595
 ConcreteID CUSTOM = SC1fmpsak6bb3419488803 AbstractID CUSTOM = SA1q0us0c6ae1090737301

	ROLE = LeftClickAt
	TARGET =
		WIDGET = WC1fbb2e920939640774, WR10fgh33101836453781, WT10fgh33101836453781, WPdopdxv1c2306111470
		ROLE = UIACustomControl
		TITLE = 
		SHAPE = Rect [x:660.0 y:425.0 w:600.0 h:339.0]
		CHILDREN = 4
		PATH = [0, 2, 0, 0]
	DESCRIPTION = Left Click at ''
	TEXT = Compound Action =
		Move mouse to (960.0, 594.5).
		Press Mouse Button BUTTON1
		Release Mouse Button BUTTON1

ExecutedAction [17]: 
 @Action ConcreteID = AC1wxvsp27f3018674045 AbstractID = AA1wxvsp27f3018674045
 ConcreteID CUSTOM = ConcreteID CUSTOM not available AbstractID CUSTOM = AAh4l311801549043280
 @State ConcreteID = SCkf54496ba2175047865 AbstractID = SR1x326x36783825984595
 ConcreteID CUSTOM = SC1fmpsak6bb3419488803 AbstractID CUSTOM = SA1q0us0c6ae1090737301

	ROLE = LeftClickAt
	TARGET =
		WIDGET = WCb8ooo1273207854480, WR5quxi6b4097176690, WT5quxi6b4097176690, WP1sol9ar231049943358
		ROLE = UIATreeItem
		TITLE = 
		SHAPE = Rect [x:660.0 y:502.0 w:163.0 h:22.0]
		CHILDREN = 0
		PATH = [0, 2, 0, 0, 3, 1, 1, 2]
	DESCRIPTION = Left Click at ''
	TEXT = Compound Action =
		Move mouse to (741.5, 513.0).
		Press Mouse Button BUTTON1
		Release Mouse Button BUTTON1

ExecutedAction [18]: 
 @Action ConcreteID = AC2xre5j801345839394 AbstractID = AA2xre5j801345839394
 ConcreteID CUSTOM = ConcreteID CUSTOM not available AbstractID CUSTOM = AAuf4jw881352781470
 @State ConcreteID = SCkf54496ba2175047865 AbstractID = SR1x326x36783825984595
 ConcreteID CUSTOM = SC1fmpsak6bb3419488803 AbstractID CUSTOM = SA1q0us0c6ae1090737301

	ROLE = LeftClickAt
	TARGET =
		WIDGET = WCbnabjh32880220484, WR52qhb2b3065858412, WT1ehdii319442466983, WPqvxr972e2579482629
		ROLE = UIAListItem
		TITLE = New folder (2)
		SHAPE = Rect [x:963.0 y:452.0 w:116.0 h:143.0]
		CHILDREN = 0
		PATH = [0, 2, 0, 0, 3, 0, 1]
	DESCRIPTION = Left Click at 'New folder (2)'
	TEXT = Compound Action =
		Move mouse to (1021.0, 523.5).
		Press Mouse Button BUTTON1
		Release Mouse Button BUTTON1

ExecutedAction [19]: 
 @Action ConcreteID = AChai44q7f577776151 AbstractID = AAhai44q7f577776151
 ConcreteID CUSTOM = ConcreteID CUSTOM not available AbstractID CUSTOM = AA10ibgft803452560186
 @State ConcreteID = SCkf54496ba2175047865 AbstractID = SR1x326x36783825984595
 ConcreteID CUSTOM = SC1fmpsak6bb3419488803 AbstractID CUSTOM = SA1q0us0c6ae1090737301

	ROLE = LeftClickAt
	TARGET =
		WIDGET = WCkdtsgg35400357174, WR5quxi6b4097176690, WT19et3vv193215391293, WP1orltmq312041013310
		ROLE = UIATreeItem
		TITLE = New folder (2)
		SHAPE = Rect [x:866.0 y:496.0 w:180.0 h:22.0]
		CHILDREN = 0
		PATH = [0, 2, 0, 0, 3, 0, 6, 6]
	DESCRIPTION = Left Click at 'New folder (2)'
	TEXT = Compound Action =
		Move mouse to (956.0, 507.0).
		Press Mouse Button BUTTON1
		Release Mouse Button BUTTON1

ExecutedAction [20]: 
 @Action ConcreteID = ACftiphi7f2402607417 AbstractID = AAftiphi7f2402607417
 ConcreteID CUSTOM = ConcreteID CUSTOM not available AbstractID CUSTOM = AAz1c1sl801619863572
 @State ConcreteID = SCkf54496ba2175047865 AbstractID = SR1x326x36783825984595
 ConcreteID CUSTOM = SC1fmpsak6bb3419488803 AbstractID CUSTOM = SA1q0us0c6ae1090737301

	ROLE = LeftClickAt
	TARGET =
		WIDGET = WC16jbmg11a1783434451, WR10fgh33101836453781, WT10fgh33101836453781, WP1guga8j162634643805
		ROLE = UIACustomControl
		TITLE = 
		SHAPE = Rect [x:660.0 y:391.0 w:600.0 h:399.0]
		CHILDREN = 3
		PATH = [0, 2]
	DESCRIPTION = Left Click at ''
	TEXT = Compound Action =
		Move mouse to (960.0, 590.5).
		Press Mouse Button BUTTON1
		Release Mouse Button BUTTON1

ExecutedAction [21]: 
 @Action ConcreteID = AC4ozcjx801553577708 AbstractID = AA4ozcjx801553577708
 ConcreteID CUSTOM = ConcreteID CUSTOM not available AbstractID CUSTOM = AAw6ciam81430527312
 @State ConcreteID = SCkf54496ba2175047865 AbstractID = SR1x326x36783825984595
 ConcreteID CUSTOM = SC1fmpsak6bb3419488803 AbstractID CUSTOM = SA1q0us0c6ae1090737301

	ROLE = LeftClickAt
	TARGET =
		WIDGET = WCig1ffy22236015574, WR17v7k2nb1067391859, WT1e6tvxi153323975668, WP1lxqkho1e3332536470
		ROLE = UIAMenuItem
		TITLE = Help Alt+H
		SHAPE = Rect [x:1006.0 y:370.0 w:41.0 h:20.0]
		CHILDREN = 0
		PATH = [0, 1, 7]
	DESCRIPTION = Left Click at 'Help Alt+H'
	TEXT = Compound Action =
		Move mouse to (1026.5, 380.0).
		Press Mouse Button BUTTON1
		Release Mouse Button BUTTON1

ExecutedAction [22]: 
 @Action ConcreteID = AC14rhrhy804231886477 AbstractID = AA14rhrhy804231886477
 ConcreteID CUSTOM = ConcreteID CUSTOM not available AbstractID CUSTOM = AA1hy5fl481492969801
 @State ConcreteID = SCgrzwku71c3559394476 AbstractID = SRhxu54s6db3608893247
 ConcreteID CUSTOM = SCl6qb4171d3483302298 AbstractID CUSTOM = SA1t7kbm47123724078799

	ROLE = LeftClickAt
	TARGET =
		WIDGET = WCrjt1ot321909871046, WR52qhb2b3065858412, WT1ehdiiy1954834150, WP1bh1dp72e702640402
		ROLE = UIAListItem
		TITLE = New folder (3)
		SHAPE = Rect [x:1079.0 y:452.0 w:116.0 h:143.0]
		CHILDREN = 0
		PATH = [0, 2, 0, 0, 3, 0, 2]
	DESCRIPTION = Left Click at 'New folder (3)'
	TEXT = Compound Action =
		Move mouse to (1137.0, 523.5).
		Press Mouse Button BUTTON1
		Release Mouse Button BUTTON1

ExecutedAction [23]: 
 @Action ConcreteID = AC1p5bpcc7f1520613297 AbstractID = AA1p5bpcc7f1520613297
 ConcreteID CUSTOM = ConcreteID CUSTOM not available AbstractID CUSTOM = AA9c0zob803038477980
 @State ConcreteID = SCkf54496ba2175047865 AbstractID = SR1x326x36783825984595
 ConcreteID CUSTOM = SC1fmpsak6bb3419488803 AbstractID CUSTOM = SA1q0us0c6ae1090737301

	ROLE = LeftClickAt
	TARGET =
		WIDGET = WCkthkjg1d3961490386, WR10fgh33101836453781, WT10fgh33101836453781, WP34gkui19609072533
		ROLE = UIACustomControl
		TITLE = 
		SHAPE = Rect [x:660.0 y:764.0 w:600.0 h:26.0]
		CHILDREN = 3
		PATH = [0, 2, 1]
	DESCRIPTION = Left Click at ''
	TEXT = Compound Action =
		Move mouse to (960.0, 777.0).
		Press Mouse Button BUTTON1
		Release Mouse Button BUTTON1

ExecutedAction [24]: 
 @Action ConcreteID = ACubkifq7f1258642495 AbstractID = AAubkifq7f1258642495
 ConcreteID CUSTOM = ConcreteID CUSTOM not available AbstractID CUSTOM = AA1djduqt802763822354
 @State ConcreteID = SCkf54496ba2175047865 AbstractID = SR1x326x36783825984595
 ConcreteID CUSTOM = SC1fmpsak6bb3419488803 AbstractID CUSTOM = SA1q0us0c6ae1090737301

	ROLE = LeftClickAt
	TARGET =
		WIDGET = WC1wr6twp233179607085, WR17v7k2nb1067391859, WTwtxn65161410781764, WPzq9smv1f824583798
		ROLE = UIAMenuItem
		TITLE = Tools Alt+s
		SHAPE = Rect [x:922.0 y:370.0 w:43.0 h:20.0]
		CHILDREN = 0
		PATH = [0, 1, 5]
	DESCRIPTION = Left Click at 'Tools Alt+s'
	TEXT = Compound Action =
		Move mouse to (943.5, 380.0).
		Press Mouse Button BUTTON1
		Release Mouse Button BUTTON1

ExecutedAction [25]: 
 @Action ConcreteID = AC1pd7sx8802744373753 AbstractID = AA1pd7sx8802744373753
 ConcreteID CUSTOM = ConcreteID CUSTOM not available AbstractID CUSTOM = AA18he0oy812666737519
 @State ConcreteID = SC2pzedp7a91194419135 AbstractID = SR1avkike7674062527621
 ConcreteID CUSTOM = SCsq8olg7ad3726116490 AbstractID CUSTOM = SA1s39b6b79b3883416986

	ROLE = LeftClickAt
	TARGET =
		WIDGET = WCrjt1ot321909871046, WR52qhb2b3065858412, WT1ehdiiy1954834150, WP1bh1dp72e702640402
		ROLE = UIAListItem
		TITLE = New folder (3)
		SHAPE = Rect [x:1079.0 y:452.0 w:116.0 h:143.0]
		CHILDREN = 0
		PATH = [0, 2, 0, 0, 3, 0, 2]
	DESCRIPTION = Left Click at 'New folder (3)'
	TEXT = Compound Action =
		Move mouse to (1137.0, 523.5).
		Press Mouse Button BUTTON1
		Release Mouse Button BUTTON1

ExecutedAction [26]: 
 @Action ConcreteID = AC6s2x4y802907208026 AbstractID = AA6s2x4y802907208026
 ConcreteID CUSTOM = ConcreteID CUSTOM not available AbstractID CUSTOM = AA1yiyimk80835663367
 @State ConcreteID = SCuirl4d8002281008723 AbstractID = SRh3ru57ad2698793111
 ConcreteID CUSTOM = SC1naayti7ff3506868952 AbstractID CUSTOM = SAqmvs7m7f22917862901

	ROLE = LeftClickAt
	TARGET =
		WIDGET = WCpl11z0283109636791, WR5quxi6b4097176690, WT5quxi6b4097176690, WP1ckhk3u242293654396
		ROLE = UIATreeItem
		TITLE = 
		SHAPE = Rect [x:1046.0 y:562.0 w:80.0 h:22.0]
		CHILDREN = 0
		PATH = [0, 2, 0, 0, 3, 0, 6, 16]
	DESCRIPTION = Left Click at ''
	TEXT = Compound Action =
		Move mouse to (1086.0, 573.0).
		Press Mouse Button BUTTON1
		Release Mouse Button BUTTON1

ExecutedAction [27]: 
 @Action ConcreteID = AC1gbt75s7f183137821 AbstractID = AA1gbt75s7f183137821
 ConcreteID CUSTOM = ConcreteID CUSTOM not available AbstractID CUSTOM = AA1bidkfq7f2225308377
 @State ConcreteID = SCuirl4d8002281008723 AbstractID = SRh3ru57ad2698793111
 ConcreteID CUSTOM = SC1naayti7ff3506868952 AbstractID CUSTOM = SAqmvs7m7f22917862901

	ROLE = LeftClickAt
	TARGET =
		WIDGET = WCezylrw213754510323, WR1e04pz3e358922214, WT1e04pz3e358922214, WP1y99m6i1d2845979881
		ROLE = UIASplitButton
		TITLE = 
		SHAPE = Rect [x:977.0 y:428.0 w:23.0 h:22.0]
		CHILDREN = 0
		PATH = [0, 2, 0, 0, 1]
	DESCRIPTION = Left Click at ''
	TEXT = Compound Action =
		Move mouse to (988.5, 439.0).
		Press Mouse Button BUTTON1
		Release Mouse Button BUTTON1

ExecutedAction [28]: 
 @Action ConcreteID = ACaae00r7f1901326451 AbstractID = AAaae00r7f1901326451
 ConcreteID CUSTOM = ConcreteID CUSTOM not available AbstractID CUSTOM = AA5gydap7f4279895223
 @State ConcreteID = SCuirl4d8002281008723 AbstractID = SRh3ru57ad2698793111
 ConcreteID CUSTOM = SC1naayti7ff3506868952 AbstractID CUSTOM = SAqmvs7m7f22917862901

	ROLE = LeftClickAt
	TARGET =
		WIDGET = WCa17goj362292836023, WR5quxi6b4097176690, WT19et3yg194041698554, WPdnb30h322088683943
		ROLE = UIATreeItem
		TITLE = New folder (5)
		SHAPE = Rect [x:866.0 y:562.0 w:180.0 h:22.0]
		CHILDREN = 0
		PATH = [0, 2, 0, 0, 3, 0, 6, 15]
	DESCRIPTION = Left Click at 'New folder (5)'
	TEXT = Compound Action =
		Move mouse to (956.0, 573.0).
		Press Mouse Button BUTTON1
		Release Mouse Button BUTTON1

ExecutedAction [29]: 
 @Action ConcreteID = AC18h6wva7f4085851510 AbstractID = AA18h6wva7f4085851510
 ConcreteID CUSTOM = ConcreteID CUSTOM not available AbstractID CUSTOM = AA13nra587f2109788594
 @State ConcreteID = SCuirl4d8002281008723 AbstractID = SRh3ru57ad2698793111
 ConcreteID CUSTOM = SC1naayti7ff3506868952 AbstractID CUSTOM = SAqmvs7m7f22917862901

	ROLE = LeftClickAt
	TARGET =
		WIDGET = WCb8ooow272787690705, WR5quxi6b4097176690, WT5quxi6b4097176690, WP1sol9bm23663743615
		ROLE = UIATreeItem
		TITLE = 
		SHAPE = Rect [x:665.0 y:524.0 w:158.0 h:26.0]
		CHILDREN = 0
		PATH = [0, 2, 0, 0, 3, 1, 1, 3]
	DESCRIPTION = Left Click at ''
	TEXT = Compound Action =
		Move mouse to (744.0, 537.0).
		Press Mouse Button BUTTON1
		Release Mouse Button BUTTON1

ExecutedAction [30]: 
 @Action ConcreteID = AC1bqptis7f799600415 AbstractID = AA1bqptis7f799600415
 ConcreteID CUSTOM = ConcreteID CUSTOM not available AbstractID CUSTOM = AA16xa6sq7f2715884507
 @State ConcreteID = SCuirl4d8002281008723 AbstractID = SRh3ru57ad2698793111
 ConcreteID CUSTOM = SC1naayti7ff3506868952 AbstractID CUSTOM = SAqmvs7m7f22917862901

	ROLE = LeftClickAt
	TARGET =
		WIDGET = WC117me3u22367970642, WR17v7k2nb1067391859, WT1y895rf152412617792, WP15oh92w1e2024737031
		ROLE = UIAMenuItem
		TITLE = View Alt+i
		SHAPE = Rect [x:965.0 y:370.0 w:41.0 h:20.0]
		CHILDREN = 0
		PATH = [0, 1, 6]
	DESCRIPTION = Left Click at 'View Alt+i'
	TEXT = Compound Action =
		Move mouse to (985.5, 380.0).
		Press Mouse Button BUTTON1
		Release Mouse Button BUTTON1

ExecutedAction [31]: 
 @Action ConcreteID = AC83kkag7f507660924 AbstractID = AA83kkag7f507660924
 ConcreteID CUSTOM = ConcreteID CUSTOM not available AbstractID CUSTOM = AA3a4xke7f2416688824
 @State ConcreteID = SCuirl4d8002281008723 AbstractID = SRh3ru57ad2698793111
 ConcreteID CUSTOM = SC1naayti7ff3506868952 AbstractID CUSTOM = SAqmvs7m7f22917862901

	ROLE = LeftClickAt
	TARGET =
		WIDGET = WC1pm5r0o232668325901, WR17v7k2nb1067391859, WT1p8hf68161996799177, WP19ngj4m1f1149120030
		ROLE = UIAMenuItem
		TITLE = Video Alt+V
		SHAPE = Rect [x:820.0 y:370.0 w:46.0 h:20.0]
		CHILDREN = 0
		PATH = [0, 1, 3]
	DESCRIPTION = Left Click at 'Video Alt+V'
	TEXT = Compound Action =
		Move mouse to (843.0, 380.0).
		Press Mouse Button BUTTON1
		Release Mouse Button BUTTON1

ExecutedAction [32]: 
 @Action ConcreteID = AC1samsvz7f1420530242 AbstractID = AA1samsvz7f1420530242
 ConcreteID CUSTOM = ConcreteID CUSTOM not available AbstractID CUSTOM = AA1nh765x7f3672270470
 @State ConcreteID = SCuirl4d8002281008723 AbstractID = SRh3ru57ad2698793111
 ConcreteID CUSTOM = SC1naayti7ff3506868952 AbstractID CUSTOM = SAqmvs7m7f22917862901

	ROLE = LeftClickAt
	TARGET =
		WIDGET = WC161068t233096303716, WR10fgh33101836453781, WT10fgh33101836453781, WP9t9obv1f1249502342
		ROLE = UIACustomControl
		TITLE = 
		SHAPE = Rect [x:660.0 y:428.0 w:307.0 h:22.0]
		CHILDREN = 1
		PATH = [0, 2, 0, 0, 0]
	DESCRIPTION = Left Click at ''
	TEXT = Compound Action =
		Move mouse to (813.5, 439.0).
		Press Mouse Button BUTTON1
		Release Mouse Button BUTTON1

ExecutedAction [33]: 
 @Action ConcreteID = AC1dhxqvh7f1242791929 AbstractID = AA1dhxqvh7f1242791929
 ConcreteID CUSTOM = ConcreteID CUSTOM not available AbstractID CUSTOM = AA18oi45f7f3294268221
 @State ConcreteID = SCuirl4d8002281008723 AbstractID = SRh3ru57ad2698793111
 ConcreteID CUSTOM = SC1naayti7ff3506868952 AbstractID CUSTOM = SAqmvs7m7f22917862901

	ROLE = LeftClickAt
	TARGET =
		WIDGET = WCkthkkb1d3341998097, WR10fgh33101836453781, WT10fgh33101836453781, WP34gkvd19258008662
		ROLE = UIACustomControl
		TITLE = 
		SHAPE = Rect [x:660.0 y:391.0 w:600.0 h:34.0]
		CHILDREN = 11
		PATH = [0, 2, 2]
	DESCRIPTION = Left Click at ''
	TEXT = Compound Action =
		Move mouse to (960.0, 408.0).
		Press Mouse Button BUTTON1
		Release Mouse Button BUTTON1

ExecutedAction [34]: 
 @Action ConcreteID = ACaae00r7f1901326451 AbstractID = AAaae00r7f1901326451
 ConcreteID CUSTOM = ConcreteID CUSTOM not available AbstractID CUSTOM = AA5gydap7f4279895223
 @State ConcreteID = SCuirl4d8002281008723 AbstractID = SRh3ru57ad2698793111
 ConcreteID CUSTOM = SC1naayti7ff3506868952 AbstractID CUSTOM = SAqmvs7m7f22917862901

	ROLE = LeftClickAt
	TARGET =
		WIDGET = WCa17goj362292836023, WR5quxi6b4097176690, WT19et3yg194041698554, WPdnb30h322088683943
		ROLE = UIATreeItem
		TITLE = New folder (5)
		SHAPE = Rect [x:866.0 y:562.0 w:180.0 h:22.0]
		CHILDREN = 0
		PATH = [0, 2, 0, 0, 3, 0, 6, 15]
	DESCRIPTION = Left Click at 'New folder (5)'
	TEXT = Compound Action =
		Move mouse to (956.0, 573.0).
		Press Mouse Button BUTTON1
		Release Mouse Button BUTTON1

ExecutedAction [35]: 
 @Action ConcreteID = AC1c6cb5e7f2599675651 AbstractID = AA1c6cb5e7f2599675651
 ConcreteID CUSTOM = ConcreteID CUSTOM not available AbstractID CUSTOM = AA17cwofc7f347739079
 @State ConcreteID = SCuirl4d8002281008723 AbstractID = SRh3ru57ad2698793111
 ConcreteID CUSTOM = SC1naayti7ff3506868952 AbstractID CUSTOM = SAqmvs7m7f22917862901

	ROLE = LeftClickAt
	TARGET =
		WIDGET = WC1wr6twp233179607085, WR17v7k2nb1067391859, WTwtxn65161410781764, WPzq9smv1f824583798
		ROLE = UIAMenuItem
		TITLE = Tools Alt+s
		SHAPE = Rect [x:922.0 y:370.0 w:43.0 h:20.0]
		CHILDREN = 0
		PATH = [0, 1, 5]
	DESCRIPTION = Left Click at 'Tools Alt+s'
	TEXT = Compound Action =
		Move mouse to (943.5, 380.0).
		Press Mouse Button BUTTON1
		Release Mouse Button BUTTON1

ExecutedAction [36]: 
 @Action ConcreteID = ACrcwzm07f1774673407 AbstractID = AArcwzm07f1774673407
 ConcreteID CUSTOM = ConcreteID CUSTOM not available AbstractID CUSTOM = AAmjhcvy7f3884886331
 @State ConcreteID = SCuirl4d8002281008723 AbstractID = SRh3ru57ad2698793111
 ConcreteID CUSTOM = SC1naayti7ff3506868952 AbstractID CUSTOM = SAqmvs7m7f22917862901

	ROLE = LeftClickAt
	TARGET =
		WIDGET = WC16jvf0j1a2080405152, WR10fgh33101836453781, WT10fgh33101836453781, WP1gv02t1162336490286
		ROLE = UIACustomControl
		TITLE = 
		SHAPE = Rect [x:635.0 y:355.0 w:650.0 h:263.0]
		CHILDREN = 1
		PATH = [1, 1]
	DESCRIPTION = Left Click at ''
	TEXT = Compound Action =
		Move mouse to (960.0, 486.5).
		Press Mouse Button BUTTON1
		Release Mouse Button BUTTON1

ExecutedAction [37]: 
 @Action ConcreteID = ACz59wue7f4085682475 AbstractID = AAz59wue7f4085682475
 ConcreteID CUSTOM = ConcreteID CUSTOM not available AbstractID CUSTOM = AAubua4c7f2110744047
 @State ConcreteID = SCuirl4d8002281008723 AbstractID = SRh3ru57ad2698793111
 ConcreteID CUSTOM = SC1naayti7ff3506868952 AbstractID CUSTOM = SAqmvs7m7f22917862901

	ROLE = LeftClickAt
	TARGET =
		WIDGET = WCkdtsgg35400357174, WR5quxi6b4097176690, WT19et3vv193215391293, WP1orltmq312041013310
		ROLE = UIATreeItem
		TITLE = New folder (2)
		SHAPE = Rect [x:866.0 y:496.0 w:180.0 h:22.0]
		CHILDREN = 0
		PATH = [0, 2, 0, 0, 3, 0, 6, 6]
	DESCRIPTION = Left Click at 'New folder (2)'
	TEXT = Compound Action =
		Move mouse to (956.0, 507.0).
		Press Mouse Button BUTTON1
		Release Mouse Button BUTTON1

ExecutedAction [38]: 
 @Action ConcreteID = AC41mbns7f3811666408 AbstractID = AA41mbns7f3811666408
 ConcreteID CUSTOM = ConcreteID CUSTOM not available AbstractID CUSTOM = AA1y9aqwu7f1836621100
 @State ConcreteID = SCuirl4d8002281008723 AbstractID = SRh3ru57ad2698793111
 ConcreteID CUSTOM = SC1naayti7ff3506868952 AbstractID CUSTOM = SAqmvs7m7f22917862901

	ROLE = LeftClickAt
	TARGET =
		WIDGET = WCsnsig1192662843092, WR1h6ibpb92248851252, WT1h6ibpb92248851252, WP8rujpv15692894424
		ROLE = UIAButton
		TITLE = 
		SHAPE = Rect [x:663.0 y:392.0 w:32.0 h:32.0]
		CHILDREN = 0
		PATH = [0, 2, 2, 2]
	DESCRIPTION = Left Click at ''
	TEXT = Compound Action =
		Move mouse to (679.0, 408.0).
		Press Mouse Button BUTTON1
		Release Mouse Button BUTTON1

ExecutedAction [39]: 
 @Action ConcreteID = AC1samsvz7f1420530242 AbstractID = AA1samsvz7f1420530242
 ConcreteID CUSTOM = ConcreteID CUSTOM not available AbstractID CUSTOM = AA1nh765x7f3672270470
 @State ConcreteID = SCuirl4d8002281008723 AbstractID = SRh3ru57ad2698793111
 ConcreteID CUSTOM = SC1naayti7ff3506868952 AbstractID CUSTOM = SAqmvs7m7f22917862901

	ROLE = LeftClickAt
	TARGET =
		WIDGET = WC161068t233096303716, WR10fgh33101836453781, WT10fgh33101836453781, WP9t9obv1f1249502342
		ROLE = UIACustomControl
		TITLE = 
		SHAPE = Rect [x:660.0 y:428.0 w:307.0 h:22.0]
		CHILDREN = 1
		PATH = [0, 2, 0, 0, 0]
	DESCRIPTION = Left Click at ''
	TEXT = Compound Action =
		Move mouse to (813.5, 439.0).
		Press Mouse Button BUTTON1
		Release Mouse Button BUTTON1

ExecutedAction [40]: 
 @Action ConcreteID = AC96wsy37f3066192454 AbstractID = AA96wsy37f3066192454
 ConcreteID CUSTOM = ConcreteID CUSTOM not available AbstractID CUSTOM = AA4dh6817f948672130
 @State ConcreteID = SCuirl4d8002281008723 AbstractID = SRh3ru57ad2698793111
 ConcreteID CUSTOM = SC1naayti7ff3506868952 AbstractID CUSTOM = SAqmvs7m7f22917862901

	ROLE = LeftClickAt
	TARGET =
		WIDGET = WCsnsigw192276258709, WR1h6ibpb92248851252, WT1h6ibpb92248851252, WP8rujqq15811043737
		ROLE = UIAButton
		TITLE = 
		SHAPE = Rect [x:707.0 y:395.0 w:26.0 h:26.0]
		CHILDREN = 0
		PATH = [0, 2, 2, 3]
	DESCRIPTION = Left Click at ''
	TEXT = Compound Action =
		Move mouse to (720.0, 408.0).
		Press Mouse Button BUTTON1
		Release Mouse Button BUTTON1

ExecutedAction [41]: 
 @Action ConcreteID = ACwfqod4801626527913 AbstractID = AAwfqod4801626527913
 ConcreteID CUSTOM = ConcreteID CUSTOM not available AbstractID CUSTOM = AAp5i7vm804235565044
 @State ConcreteID = SCuirl4d8002281008723 AbstractID = SRh3ru57ad2698793111
 ConcreteID CUSTOM = SC1naayti7ff3506868952 AbstractID CUSTOM = SAqmvs7m7f22917862901

	ROLE = LeftClickAt
	TARGET =
		WIDGET = WC5xpkbv1c2341201004, WR1p34e3y91942684430, WT1p34e3y91942684430, WP1apngjd183937737785
		ROLE = UIASlider
		TITLE = 
		SHAPE = Rect [x:1162.0 y:398.0 w:85.0 h:26.0]
		CHILDREN = 0
		PATH = [0, 2, 2, 0, 1]
	DESCRIPTION = Left Click at ''
	TEXT = Compound Action =
		Move mouse to (1204.5, 411.0).
		Press Mouse Button BUTTON1
		Release Mouse Button BUTTON1

ExecutedAction [42]: 
 @Action ConcreteID = ACddc3aa802896094834 AbstractID = AAddc3aa802896094834
 ConcreteID CUSTOM = ConcreteID CUSTOM not available AbstractID CUSTOM = AA633mss80806988079
 @State ConcreteID = SCuirl4d8002281008723 AbstractID = SRh3ru57ad2698793111
 ConcreteID CUSTOM = SC1naayti7ff3506868952 AbstractID CUSTOM = SAqmvs7m7f22917862901

	ROLE = LeftClickAt
	TARGET =
		WIDGET = WC1hix8lh272548269720, WR5quxi6b4097176690, WT5quxi6b4097176690, WPzxpr9323373597750
		ROLE = UIATreeItem
		TITLE = 
		SHAPE = Rect [x:1046.0 y:474.0 w:80.0 h:22.0]
		CHILDREN = 0
		PATH = [0, 2, 0, 0, 3, 0, 6, 4]
	DESCRIPTION = Left Click at ''
	TEXT = Compound Action =
		Move mouse to (1086.0, 485.0).
		Press Mouse Button BUTTON1
		Release Mouse Button BUTTON1

ExecutedAction [43]: 
 @Action ConcreteID = AC1gbt75s7f183137821 AbstractID = AA1gbt75s7f183137821
 ConcreteID CUSTOM = ConcreteID CUSTOM not available AbstractID CUSTOM = AA1bidkfq7f2225308377
 @State ConcreteID = SCuirl4d8002281008723 AbstractID = SRh3ru57ad2698793111
 ConcreteID CUSTOM = SC1naayti7ff3506868952 AbstractID CUSTOM = SAqmvs7m7f22917862901

	ROLE = LeftClickAt
	TARGET =
		WIDGET = WCezylrw213754510323, WR1e04pz3e358922214, WT1e04pz3e358922214, WP1y99m6i1d2845979881
		ROLE = UIASplitButton
		TITLE = 
		SHAPE = Rect [x:977.0 y:428.0 w:23.0 h:22.0]
		CHILDREN = 0
		PATH = [0, 2, 0, 0, 1]
	DESCRIPTION = Left Click at ''
	TEXT = Compound Action =
		Move mouse to (988.5, 439.0).
		Press Mouse Button BUTTON1
		Release Mouse Button BUTTON1

ExecutedAction [44]: 
 @Action ConcreteID = ACvmytyl80798824450 AbstractID = AAvmytyl80798824450
 ConcreteID CUSTOM = ConcreteID CUSTOM not available AbstractID CUSTOM = AAocqdh3803004847967
 @State ConcreteID = SCuirl4d8002281008723 AbstractID = SRh3ru57ad2698793111
 ConcreteID CUSTOM = SC1naayti7ff3506868952 AbstractID CUSTOM = SAqmvs7m7f22917862901

	ROLE = LeftClickAt
	TARGET =
		WIDGET = WC1hix8o2273167670619, WR5quxi6b4097176690, WT5quxi6b4097176690, WPzxprbo231030354421
		ROLE = UIATreeItem
		TITLE = 
		SHAPE = Rect [x:1046.0 y:496.0 w:80.0 h:22.0]
		CHILDREN = 0
		PATH = [0, 2, 0, 0, 3, 0, 6, 7]
	DESCRIPTION = Left Click at ''
	TEXT = Compound Action =
		Move mouse to (1086.0, 507.0).
		Press Mouse Button BUTTON1
		Release Mouse Button BUTTON1

ExecutedAction [45]: 
 @Action ConcreteID = ACi3a34r7f355367072 AbstractID = AAi3a34r7f355367072
 ConcreteID CUSTOM = ConcreteID CUSTOM not available AbstractID CUSTOM = AAd9ugep7f2607254628
 @State ConcreteID = SCuirl4d8002281008723 AbstractID = SRh3ru57ad2698793111
 ConcreteID CUSTOM = SC1naayti7ff3506868952 AbstractID CUSTOM = SAqmvs7m7f22917862901

	ROLE = LeftClickAt
	TARGET =
		WIDGET = WC48cln9363373242529, WR5quxi6b4097176690, WT19et3xl193925630395, WP1wrwesj321572029473
		ROLE = UIATreeItem
		TITLE = New folder (4)
		SHAPE = Rect [x:866.0 y:540.0 w:180.0 h:22.0]
		CHILDREN = 0
		PATH = [0, 2, 0, 0, 3, 0, 6, 12]
	DESCRIPTION = Left Click at 'New folder (4)'
	TEXT = Compound Action =
		Move mouse to (956.0, 551.0).
		Press Mouse Button BUTTON1
		Release Mouse Button BUTTON1

ExecutedAction [46]: 
 @Action ConcreteID = ACwfqod4801626527913 AbstractID = AAwfqod4801626527913
 ConcreteID CUSTOM = ConcreteID CUSTOM not available AbstractID CUSTOM = AAp5i7vm804235565044
 @State ConcreteID = SCuirl4d8002281008723 AbstractID = SRh3ru57ad2698793111
 ConcreteID CUSTOM = SC1naayti7ff3506868952 AbstractID CUSTOM = SAqmvs7m7f22917862901

	ROLE = LeftClickAt
	TARGET =
		WIDGET = WC5xpkbv1c2341201004, WR1p34e3y91942684430, WT1p34e3y91942684430, WP1apngjd183937737785
		ROLE = UIASlider
		TITLE = 
		SHAPE = Rect [x:1162.0 y:398.0 w:85.0 h:26.0]
		CHILDREN = 0
		PATH = [0, 2, 2, 0, 1]
	DESCRIPTION = Left Click at ''
	TEXT = Compound Action =
		Move mouse to (1204.5, 411.0).
		Press Mouse Button BUTTON1
		Release Mouse Button BUTTON1

ExecutedAction [47]: 
 @Action ConcreteID = ACi3a34r7f355367072 AbstractID = AAi3a34r7f355367072
 ConcreteID CUSTOM = ConcreteID CUSTOM not available AbstractID CUSTOM = AAd9ugep7f2607254628
 @State ConcreteID = SCuirl4d8002281008723 AbstractID = SRh3ru57ad2698793111
 ConcreteID CUSTOM = SC1naayti7ff3506868952 AbstractID CUSTOM = SAqmvs7m7f22917862901

	ROLE = LeftClickAt
	TARGET =
		WIDGET = WC48cln9363373242529, WR5quxi6b4097176690, WT19et3xl193925630395, WP1wrwesj321572029473
		ROLE = UIATreeItem
		TITLE = New folder (4)
		SHAPE = Rect [x:866.0 y:540.0 w:180.0 h:22.0]
		CHILDREN = 0
		PATH = [0, 2, 0, 0, 3, 0, 6, 12]
	DESCRIPTION = Left Click at 'New folder (4)'
	TEXT = Compound Action =
		Move mouse to (956.0, 551.0).
		Press Mouse Button BUTTON1
		Release Mouse Button BUTTON1

ExecutedAction [48]: 
 @Action ConcreteID = AC1ebrkl77f374730044 AbstractID = AA1ebrkl77f374730044
 ConcreteID CUSTOM = ConcreteID CUSTOM not available AbstractID CUSTOM = AA19ibxv57f2551978488
 @State ConcreteID = SCuirl4d8002281008723 AbstractID = SRh3ru57ad2698793111
 ConcreteID CUSTOM = SC1naayti7ff3506868952 AbstractID CUSTOM = SAqmvs7m7f22917862901

	ROLE = LeftClickAt
	TARGET =
		WIDGET = WCo9m3kz234253084318, WR17v7k2nb1067391859, WT1faw5jq16422026351, WPzr9m5t1f4278635332
		ROLE = UIAMenuItem
		TITLE = Audio Alt+A
		SHAPE = Rect [x:772.0 y:370.0 w:48.0 h:20.0]
		CHILDREN = 0
		PATH = [0, 1, 2]
	DESCRIPTION = Left Click at 'Audio Alt+A'
	TEXT = Compound Action =
		Move mouse to (796.0, 380.0).
		Press Mouse Button BUTTON1
		Release Mouse Button BUTTON1

ExecutedAction [49]: 
 @Action ConcreteID = ACe4e27h7f1337690029 AbstractID = AAe4e27h7f1337690029
 ConcreteID CUSTOM = ConcreteID CUSTOM not available AbstractID CUSTOM = AA9ayfhf7f3253891945
 @State ConcreteID = SCuirl4d8002281008723 AbstractID = SRh3ru57ad2698793111
 ConcreteID CUSTOM = SC1naayti7ff3506868952 AbstractID CUSTOM = SAqmvs7m7f22917862901

	ROLE = LeftClickAt
	TARGET =
		WIDGET = WCllzyg3203304010166, WR10fgh33101836453781, WT10fgh33101836453781, WP1j0ibyt1c1973059998
		ROLE = UIACustomControl
		TITLE = 
		SHAPE = Rect [x:646.0 y:667.0 w:628.0 h:98.0]
		CHILDREN = 0
		PATH = [1, 2, 1, 0]
	DESCRIPTION = Left Click at ''
	TEXT = Compound Action =
		Move mouse to (960.0, 716.0).
		Press Mouse Button BUTTON1
		Release Mouse Button BUTTON1

ExecutedAction [50]: 
 @Action ConcreteID = AC12ym1oh801126174075 AbstractID = AA12ym1oh801126174075
 ConcreteID CUSTOM = ConcreteID CUSTOM not available AbstractID CUSTOM = AAvodl6z803752280614
 @State ConcreteID = SCuirl4d8002281008723 AbstractID = SRh3ru57ad2698793111
 ConcreteID CUSTOM = SC1naayti7ff3506868952 AbstractID CUSTOM = SAqmvs7m7f22917862901

	ROLE = LeftClickAt
	TARGET =
		WIDGET = WCpl12kj283980743528, WR5quxi6b4097176690, WT5quxi6b4097176690, WP1ckhkpd243702160035
		ROLE = UIATreeItem
		TITLE = 
		SHAPE = Rect [x:1126.0 y:584.0 w:133.0 h:22.0]
		CHILDREN = 0
		PATH = [0, 2, 0, 0, 3, 0, 6, 20]
	DESCRIPTION = Left Click at ''
	TEXT = Compound Action =
		Move mouse to (1192.5, 595.0).
		Press Mouse Button BUTTON1
		Release Mouse Button BUTTON1

ExecutedAction [51]: 
 @Action ConcreteID = ACm3q6k1e13267644769 AbstractID = AA1rrsgxdd53660758957
 ConcreteID CUSTOM = ConcreteID CUSTOM not available AbstractID CUSTOM = AA8uxgtjd52506393274
 @State ConcreteID = SCuirl4d8002281008723 AbstractID = SRh3ru57ad2698793111
 ConcreteID CUSTOM = SC1naayti7ff3506868952 AbstractID CUSTOM = SAqmvs7m7f22917862901

	ROLE = ClickTypeInto
	TARGET =
		WIDGET = WCdrow3n1a2744948869, WR4n0dlj72701565195, WT4n0dlj72701565195, WPg3xaoh161949044659
		ROLE = UIAEdit
		TITLE = 
		SHAPE = Rect [x:1010.0 y:429.0 w:250.0 h:20.0]
		CHILDREN = 0
		PATH = [0, 2, 0, 0, 2]
	DESCRIPTION = Type 'true' into '
	TEXT = Compound Action =
		Compound Action =
		Move mouse to (1135.0, 439.0).
		Press Mouse Button BUTTON1
		Release Mouse Button BUTTON1
		Press Key 17
		Press Key 65
		Release Key 65
		Release Key 17
		Type text 'true'

ExecutedAction [52]: 
 @Action ConcreteID = AC1y0aw02802738985217 AbstractID = AA1y0aw02802738985217
 ConcreteID CUSTOM = ConcreteID CUSTOM not available AbstractID CUSTOM = AA1qq2fik801069995612
 @State ConcreteID = SCuirl4d8002281008723 AbstractID = SRh3ru57ad2698793111
 ConcreteID CUSTOM = SC1naayti7ff3506868952 AbstractID CUSTOM = SAqmvs7m7f22917862901

	ROLE = LeftClickAt
	TARGET =
		WIDGET = WC151hr0b2d53016070, WR5quxi6b4097176690, WT195glfg104046578025, WP1nrsg9292453843759
		ROLE = UIATreeItem
		TITLE = 00:11
		SHAPE = Rect [x:1046.0 y:584.0 w:80.0 h:22.0]
		CHILDREN = 0
		PATH = [0, 2, 0, 0, 3, 0, 6, 19]
	DESCRIPTION = Left Click at '00:11'
	TEXT = Compound Action =
		Move mouse to (1086.0, 595.0).
		Press Mouse Button BUTTON1
		Release Mouse Button BUTTON1

ExecutedAction [53]: 
 @Action ConcreteID = AC1yua4037f3422160908 AbstractID = AA1yua4037f3422160908
 ConcreteID CUSTOM = ConcreteID CUSTOM not available AbstractID CUSTOM = AA1u0uha17f1169423560
 @State ConcreteID = SCuirl4d8002281008723 AbstractID = SRh3ru57ad2698793111
 ConcreteID CUSTOM = SC1naayti7ff3506868952 AbstractID CUSTOM = SAqmvs7m7f22917862901

	ROLE = LeftClickAt
	TARGET =
		WIDGET = WCb8ooqm274034031447, WR5quxi6b4097176690, WT5quxi6b4097176690, WP1sol9dc231909804025
		ROLE = UIATreeItem
		TITLE = 
		SHAPE = Rect [x:665.0 y:576.0 w:158.0 h:26.0]
		CHILDREN = 0
		PATH = [0, 2, 0, 0, 3, 1, 1, 5]
	DESCRIPTION = Left Click at ''
	TEXT = Compound Action =
		Move mouse to (744.0, 589.0).
		Press Mouse Button BUTTON1
		Release Mouse Button BUTTON1

ExecutedAction [54]: 
 @Action ConcreteID = AC1tkh1887f4195479165 AbstractID = AA1tkh1887f4195479165
 ConcreteID CUSTOM = ConcreteID CUSTOM not available AbstractID CUSTOM = AA1or1ei67f1951931065
 @State ConcreteID = SCuirl4d8002281008723 AbstractID = SRh3ru57ad2698793111
 ConcreteID CUSTOM = SC1naayti7ff3506868952 AbstractID CUSTOM = SAqmvs7m7f22917862901

	ROLE = LeftClickAt
	TARGET =
		WIDGET = WCv2iyh7231187149563, WR17v7k2nb1067391859, WT12et6eo161830467638, WP186y9jt1f939178242
		ROLE = UIAMenuItem
		TITLE = Media Alt+M
		SHAPE = Rect [x:660.0 y:370.0 w:49.0 h:20.0]
		CHILDREN = 0
		PATH = [0, 1, 0]
	DESCRIPTION = Left Click at 'Media Alt+M'
	TEXT = Compound Action =
		Move mouse to (684.5, 380.0).
		Press Mouse Button BUTTON1
		Release Mouse Button BUTTON1

ExecutedAction [55]: 
 @Action ConcreteID = AC1bqptis7f799600415 AbstractID = AA1bqptis7f799600415
 ConcreteID CUSTOM = ConcreteID CUSTOM not available AbstractID CUSTOM = AA16xa6sq7f2715884507
 @State ConcreteID = SCuirl4d8002281008723 AbstractID = SRh3ru57ad2698793111
 ConcreteID CUSTOM = SC1naayti7ff3506868952 AbstractID CUSTOM = SAqmvs7m7f22917862901

	ROLE = LeftClickAt
	TARGET =
		WIDGET = WC117me3u22367970642, WR17v7k2nb1067391859, WT1y895rf152412617792, WP15oh92w1e2024737031
		ROLE = UIAMenuItem
		TITLE = View Alt+i
		SHAPE = Rect [x:965.0 y:370.0 w:41.0 h:20.0]
		CHILDREN = 0
		PATH = [0, 1, 6]
	DESCRIPTION = Left Click at 'View Alt+i'
	TEXT = Compound Action =
		Move mouse to (985.5, 380.0).
		Press Mouse Button BUTTON1
		Release Mouse Button BUTTON1

ExecutedAction [56]: 
 @Action ConcreteID = ACnu2qul80978608579 AbstractID = AAnu2qul80978608579
 ConcreteID CUSTOM = ConcreteID CUSTOM not available AbstractID CUSTOM = AAgjuad3802798857886
 @State ConcreteID = SCuirl4d8002281008723 AbstractID = SRh3ru57ad2698793111
 ConcreteID CUSTOM = SC1naayti7ff3506868952 AbstractID CUSTOM = SAqmvs7m7f22917862901

	ROLE = LeftClickAt
	TARGET =
		WIDGET = WCpl11tu284010011953, WR5quxi6b4097176690, WT5quxi6b4097176690, WP1ckhjyo243740058874
		ROLE = UIATreeItem
		TITLE = 
		SHAPE = Rect [x:1046.0 y:518.0 w:80.0 h:22.0]
		CHILDREN = 0
		PATH = [0, 2, 0, 0, 3, 0, 6, 10]
	DESCRIPTION = Left Click at ''
	TEXT = Compound Action =
		Move mouse to (1086.0, 529.0).
		Press Mouse Button BUTTON1
		Release Mouse Button BUTTON1

ExecutedAction [57]: 
 @Action ConcreteID = AC1hcraxt801291809288 AbstractID = AA1hcraxt801291809288
 ConcreteID CUSTOM = ConcreteID CUSTOM not available AbstractID CUSTOM = AA1a2iugb803497540949
 @State ConcreteID = SCuirl4d8002281008723 AbstractID = SRh3ru57ad2698793111
 ConcreteID CUSTOM = SC1naayti7ff3506868952 AbstractID CUSTOM = SAqmvs7m7f22917862901

	ROLE = LeftClickAt
	TARGET =
		WIDGET = WC1hix8mc272398663641, WR5quxi6b4097176690, WT5quxi6b4097176690, WPzxpr9y23257922935
		ROLE = UIATreeItem
		TITLE = 
		SHAPE = Rect [x:1126.0 y:474.0 w:133.0 h:22.0]
		CHILDREN = 0
		PATH = [0, 2, 0, 0, 3, 0, 6, 5]
	DESCRIPTION = Left Click at ''
	TEXT = Compound Action =
		Move mouse to (1192.5, 485.0).
		Press Mouse Button BUTTON1
		Release Mouse Button BUTTON1

ExecutedAction [58]: 
 @Action ConcreteID = AC1atmnz57f289341316 AbstractID = AA1atmnz57f289341316
 ConcreteID CUSTOM = ConcreteID CUSTOM not available AbstractID CUSTOM = AA16071937f2675379008
 @State ConcreteID = SCuirl4d8002281008723 AbstractID = SRh3ru57ad2698793111
 ConcreteID CUSTOM = SC1naayti7ff3506868952 AbstractID CUSTOM = SAqmvs7m7f22917862901

	ROLE = LeftClickAt
	TARGET =
		WIDGET = WC12pomjx2e2524802376, WR52qhb2b3065858412, WTrktj1o154143545019, WP1g58f7f2a2981353807
		ROLE = UIAListItem
		TITLE = New folder
		SHAPE = Rect [x:847.0 y:452.0 w:116.0 h:143.0]
		CHILDREN = 0
		PATH = [0, 2, 0, 0, 3, 0, 0]
	DESCRIPTION = Left Click at 'New folder'
	TEXT = Compound Action =
		Move mouse to (905.0, 523.5).
		Press Mouse Button BUTTON1
		Release Mouse Button BUTTON1

ExecutedAction [59]: 
 @Action ConcreteID = AC1dhm4rf803111778951 AbstractID = AA1dhm4rf803111778951
 ConcreteID CUSTOM = ConcreteID CUSTOM not available AbstractID CUSTOM = AA167do9x80637449690
 @State ConcreteID = SCuirl4d8002281008723 AbstractID = SRh3ru57ad2698793111
 ConcreteID CUSTOM = SC1naayti7ff3506868952 AbstractID CUSTOM = SAqmvs7m7f22917862901

	ROLE = LeftClickAt
	TARGET =
		WIDGET = WC1nv8sxr24229980165, WR1h6ibpb92248851252, WTfh0b4q142849730282, WP1vn63u9201278443286
		ROLE = UIAButton
		TITLE = Close Alt+C
		SHAPE = Rect [x:1200.0 y:772.0 w:75.0 h:23.0]
		CHILDREN = 0
		PATH = [1, 2, 2, 0]
	DESCRIPTION = Left Click at 'Close Alt+C'
	TEXT = Compound Action =
		Move mouse to (1237.5, 783.5).
		Press Mouse Button BUTTON1
		Release Mouse Button BUTTON1

ExecutedAction [60]: 
 @Action ConcreteID = AC1y1zffj7f2708722791 AbstractID = AA1y1zffj7f2708722791
 ConcreteID CUSTOM = ConcreteID CUSTOM not available AbstractID CUSTOM = AAi8opri801321868618
 @State ConcreteID = SCkf54496ba2175047865 AbstractID = SR1x326x36783825984595
 ConcreteID CUSTOM = SC1fmpsak6bb3419488803 AbstractID CUSTOM = SA1q0us0c6ae1090737301

	ROLE = LeftClickAt
	TARGET =
		WIDGET = WC1sfnak4313890760807, WR5quxi6b4097176690, WT1iepar015637474325, WP1qd1msm2d1374043072
		ROLE = UIATreeItem
		TITLE = New folder
		SHAPE = Rect [x:866.0 y:474.0 w:180.0 h:22.0]
		CHILDREN = 0
		PATH = [0, 2, 0, 0, 3, 0, 6, 3]
	DESCRIPTION = Left Click at 'New folder'
	TEXT = Compound Action =
		Move mouse to (956.0, 485.0).
		Press Mouse Button BUTTON1
		Release Mouse Button BUTTON1

ExecutedAction [61]: 
 @Action ConcreteID = AC1np50517f835617540 AbstractID = AA1np50517f835617540
 ConcreteID CUSTOM = ConcreteID CUSTOM not available AbstractID CUSTOM = AA7vuah0803732359721
 @State ConcreteID = SCkf54496ba2175047865 AbstractID = SR1x326x36783825984595
 ConcreteID CUSTOM = SC1fmpsak6bb3419488803 AbstractID CUSTOM = SA1q0us0c6ae1090737301

	ROLE = LeftClickAt
	TARGET =
		WIDGET = WCezyltm213992921457, WR1e04pz3e358922214, WT1e04pz3e358922214, WP1y99m881d2610189931
		ROLE = UIASplitButton
		TITLE = 
		SHAPE = Rect [x:660.0 y:450.0 w:600.0 h:311.0]
		CHILDREN = 3
		PATH = [0, 2, 0, 0, 3]
	DESCRIPTION = Left Click at ''
	TEXT = Compound Action =
		Move mouse to (960.0, 605.5).
		Press Mouse Button BUTTON1
		Release Mouse Button BUTTON1

ExecutedAction [62]: 
 @Action ConcreteID = ACjmkbo17f2524808165 AbstractID = AAjmkbo17f2524808165
 ConcreteID CUSTOM = ConcreteID CUSTOM not available AbstractID CUSTOM = AA12udnz4802042907336
 @State ConcreteID = SCkf54496ba2175047865 AbstractID = SR1x326x36783825984595
 ConcreteID CUSTOM = SC1fmpsak6bb3419488803 AbstractID CUSTOM = SA1q0us0c6ae1090737301

	ROLE = LeftClickAt
	TARGET =
		WIDGET = WC1u4yxgu201001852223, WR4na8ob72534219213, WT4na8ob72534219213, WP3shum41c2253840902
		ROLE = UIATree
		TITLE = 
		SHAPE = Rect [x:660.0 y:450.0 w:180.0 h:178.0]
		CHILDREN = 8
		PATH = [0, 2, 0, 0, 3, 1, 1]
	DESCRIPTION = Left Click at ''
	TEXT = Compound Action =
		Move mouse to (750.0, 539.0).
		Press Mouse Button BUTTON1
		Release Mouse Button BUTTON1

ExecutedAction [63]: 
 @Action ConcreteID = AC1758vux7f1039640992 AbstractID = AA1758vux7f1039640992
 ConcreteID CUSTOM = ConcreteID CUSTOM not available AbstractID CUSTOM = AA1qd2860803528351885
 @State ConcreteID = SCkf54496ba2175047865 AbstractID = SR1x326x36783825984595
 ConcreteID CUSTOM = SC1fmpsak6bb3419488803 AbstractID CUSTOM = SA1q0us0c6ae1090737301

	ROLE = LeftClickAt
	TARGET =
		WIDGET = WCsnsikc193821024913, WR1h6ibpb92248851252, WT1h6ibpb92248851252, WP8ruju6151413172893
		ROLE = UIAButton
		TITLE = 
		SHAPE = Rect [x:823.0 y:395.0 w:26.0 h:26.0]
		CHILDREN = 0
		PATH = [0, 2, 2, 7]
	DESCRIPTION = Left Click at ''
	TEXT = Compound Action =
		Move mouse to (836.0, 408.0).
		Press Mouse Button BUTTON1
		Release Mouse Button BUTTON1

ExecutedAction [64]: 
 @Action ConcreteID = AC1mwn08r7f1454408968 AbstractID = AA1mwn08r7f1454408968
 ConcreteID CUSTOM = ConcreteID CUSTOM not available AbstractID CUSTOM = AA1wc34ec7f2845311570
 @State ConcreteID = SCuyuhmv2ed1671011042 AbstractID = SRrwz38n2e02745166178
 ConcreteID CUSTOM = SCilua512e62032480990 AbstractID CUSTOM = SA66n57f2eb1498926942

	ROLE = LeftClickAt
	TARGET =
		WIDGET = WCkthkkb1d3341998097, WR10fgh33101836453781, WT10fgh33101836453781, WP34gkvd19258008662
		ROLE = UIACustomControl
		TITLE = 
		SHAPE = Rect [x:660.0 y:391.0 w:485.0 h:34.0]
		CHILDREN = 11
		PATH = [0, 2, 2]
	DESCRIPTION = Left Click at ''
	TEXT = Compound Action =
		Move mouse to (902.5, 408.0).
		Press Mouse Button BUTTON1
		Release Mouse Button BUTTON1

ExecutedAction [65]: 
 @Action ConcreteID = AC1wqvbxl7f903873317 AbstractID = AA1wqvbxl7f903873317
 ConcreteID CUSTOM = ConcreteID CUSTOM not available AbstractID CUSTOM = AA757e427f3402138751
 @State ConcreteID = SCuyuhmv2ed1671011042 AbstractID = SRrwz38n2e02745166178
 ConcreteID CUSTOM = SCilua512e62032480990 AbstractID CUSTOM = SA66n57f2eb1498926942

	ROLE = LeftClickAt
	TARGET =
		WIDGET = WCsnsiim193522581523, WR1h6ibpb92248851252, WT1h6ibpb92248851252, WP8rujsg151712139295
		ROLE = UIAButton
		TITLE = 
		SHAPE = Rect [x:759.0 y:395.0 w:26.0 h:26.0]
		CHILDREN = 0
		PATH = [0, 2, 2, 5]
	DESCRIPTION = Left Click at ''
	TEXT = Compound Action =
		Move mouse to (772.0, 408.0).
		Press Mouse Button BUTTON1
		Release Mouse Button BUTTON1

ExecutedAction [66]: 
 @Action ConcreteID = AC1k9882i7e41907228 AbstractID = AA1k9882i7e41907228
 ConcreteID CUSTOM = ConcreteID CUSTOM not available AbstractID CUSTOM = AAwb9al37f650741210
 @State ConcreteID = SChb7thw31d803380791 AbstractID = SR10hnve72fe2322686964
 ConcreteID CUSTOM = SC1mn750830d2668020754 AbstractID CUSTOM = SAl5gzr03201009945896

	ROLE = LeftClickAt
	TARGET =
		WIDGET = WC160k16m193910336526, WR1h6ibpb92248851252, WT1h6ibpb92248851252, WPm4m2gg151592293378
		ROLE = UIAButton
		TITLE = 
		SHAPE = Rect [x:759.0 y:395.0 w:26.0 h:26.0]
		CHILDREN = 0
		PATH = [0, 0, 0, 5]
	DESCRIPTION = Left Click at ''
	TEXT = Compound Action =
		Move mouse to (772.0, 408.0).
		Press Mouse Button BUTTON1
		Release Mouse Button BUTTON1

ExecutedAction [67]: 
 @Action ConcreteID = AC1cd5qk9802329090463 AbstractID = AA1cd5qk9802329090463
 ConcreteID CUSTOM = ConcreteID CUSTOM not available AbstractID CUSTOM = AAqdfvgt802352285902
 @State ConcreteID = SC1jij3pa3333832528447 AbstractID = SR14qi35o311798225834
 ConcreteID CUSTOM = SC13scvc73222489040875 AbstractID CUSTOM = SA1crqwpn3333042803594

	ROLE = LeftClickAt
	TARGET =
		WIDGET = WCxa7st31c3231199733, WR88rmk0b1934231702, WT88rmk0b1934231702, WPe3j6g5182915156822
		ROLE = UIACheckBox
		TITLE = 
		SHAPE = Rect [x:913.0 y:395.0 w:26.0 h:26.0]
		CHILDREN = 0
		PATH = [0, 0, 0, 10]
	DESCRIPTION = Left Click at ''
	TEXT = Compound Action =
		Move mouse to (926.0, 408.0).
		Press Mouse Button BUTTON1
		Release Mouse Button BUTTON1

ExecutedAction [68]: 
 @Action ConcreteID = ACf05l8k80315768101 AbstractID = AAf05l8k80315768101
 ConcreteID CUSTOM = ConcreteID CUSTOM not available AbstractID CUSTOM = AA1s1js4880338963572
 @State ConcreteID = SC1jij3pa3333832528447 AbstractID = SR14qi35o311798225834
 ConcreteID CUSTOM = SC13scvc73222489040875 AbstractID CUSTOM = SA1crqwpn3333042803594

	ROLE = LeftClickAt
	TARGET =
		WIDGET = WC160k16m193910336526, WR1h6ibpb92248851252, WT1h6ibpb92248851252, WPm4m2gg151592293378
		ROLE = UIAButton
		TITLE = 
		SHAPE = Rect [x:759.0 y:395.0 w:26.0 h:26.0]
		CHILDREN = 0
		PATH = [0, 0, 0, 5]
	DESCRIPTION = Left Click at ''
	TEXT = Compound Action =
		Move mouse to (772.0, 408.0).
		Press Mouse Button BUTTON1
		Release Mouse Button BUTTON1

ExecutedAction [69]: 
 @Action ConcreteID = AC1cd5qk9802329090463 AbstractID = AA1cd5qk9802329090463
 ConcreteID CUSTOM = ConcreteID CUSTOM not available AbstractID CUSTOM = AAqdfvgt802352285902
 @State ConcreteID = SC1jij3pa3333832528447 AbstractID = SR14qi35o311798225834
 ConcreteID CUSTOM = SC13scvc73222489040875 AbstractID CUSTOM = SA1crqwpn3333042803594

	ROLE = LeftClickAt
	TARGET =
		WIDGET = WCxa7st31c3231199733, WR88rmk0b1934231702, WT88rmk0b1934231702, WPe3j6g5182915156822
		ROLE = UIACheckBox
		TITLE = 
		SHAPE = Rect [x:913.0 y:395.0 w:26.0 h:26.0]
		CHILDREN = 0
		PATH = [0, 0, 0, 10]
	DESCRIPTION = Left Click at ''
	TEXT = Compound Action =
		Move mouse to (926.0, 408.0).
		Press Mouse Button BUTTON1
		Release Mouse Button BUTTON1

ExecutedAction [70]: 
 @Action ConcreteID = ACmceoha80211995651 AbstractID = AAmceoha80211995651
 ConcreteID CUSTOM = ConcreteID CUSTOM not available AbstractID CUSTOM = AAcotdu80172285266
 @State ConcreteID = SC1jij3pa3333832528447 AbstractID = SR14qi35o311798225834
 ConcreteID CUSTOM = SC13scvc73222489040875 AbstractID CUSTOM = SA1crqwpn3333042803594

	ROLE = LeftClickAt
	TARGET =
		WIDGET = WC1pm5r0o232668325901, WR17v7k2nb1067391859, WT1p8hf68161996799177, WP19ngj4m1f1149120030
		ROLE = UIAMenuItem
		TITLE = Video Alt+V
		SHAPE = Rect [x:820.0 y:370.0 w:46.0 h:20.0]
		CHILDREN = 0
		PATH = [0, 1, 3]
	DESCRIPTION = Left Click at 'Video Alt+V'
	TEXT = Compound Action =
		Move mouse to (843.0, 380.0).
		Press Mouse Button BUTTON1
		Release Mouse Button BUTTON1

ExecutedAction [71]: 
 @Action ConcreteID = AC1cz5jdq7f2866764849 AbstractID = AA1cz5jdq7f2866764849
 ConcreteID CUSTOM = ConcreteID CUSTOM not available AbstractID CUSTOM = AAdeqysa7f3419582527
 @State ConcreteID = SC1fqrv8545c844819242 AbstractID = SRlvue4l43c2450770311
 ConcreteID CUSTOM = SC14hosw4501533296533 AbstractID CUSTOM = SA1fbz75i45d926850019

	ROLE = LeftClickAt
	TARGET =
		WIDGET = WC160k16m193910336526, WR1h6ibpb92248851252, WT1h6ibpb92248851252, WPm4m2gg151592293378
		ROLE = UIAButton
		TITLE = 
		SHAPE = Rect [x:759.0 y:395.0 w:26.0 h:26.0]
		CHILDREN = 0
		PATH = [0, 0, 0, 5]
	DESCRIPTION = Left Click at ''
	TEXT = Compound Action =
		Move mouse to (772.0, 408.0).
		Press Mouse Button BUTTON1
		Release Mouse Button BUTTON1

ExecutedAction [72]: 
 @Action ConcreteID = ACiagfum804057067415 AbstractID = AAiagfum804057067415
 ConcreteID CUSTOM = ConcreteID CUSTOM not available AbstractID CUSTOM = AA1vbumqa804147642054
 @State ConcreteID = SC1jij3pa3333832528447 AbstractID = SR14qi35o311798225834
 ConcreteID CUSTOM = SC13scvc73222489040875 AbstractID CUSTOM = SA1crqwpn3333042803594

	ROLE = LeftClickAt
	TARGET =
		WIDGET = WC160k141192790430409, WR1h6ibpb92248851252, WT1h6ibpb92248851252, WPm4m2dv15296349381
		ROLE = UIAButton
		TITLE = 
		SHAPE = Rect [x:663.0 y:392.0 w:32.0 h:32.0]
		CHILDREN = 0
		PATH = [0, 0, 0, 2]
	DESCRIPTION = Left Click at ''
	TEXT = Compound Action =
		Move mouse to (679.0, 408.0).
		Press Mouse Button BUTTON1
		Release Mouse Button BUTTON1

ExecutedAction [73]: 
 @Action ConcreteID = ACdt0v4d801097679708 AbstractID = AAdt0v4d801097679708
 ConcreteID CUSTOM = ConcreteID CUSTOM not available AbstractID CUSTOM = AA1quf201801200312845
 @State ConcreteID = SC1jij3pa3333832528447 AbstractID = SR14qi35o311798225834
 ConcreteID CUSTOM = SC13scvc73222489040875 AbstractID CUSTOM = SA1crqwpn3333042803594

	ROLE = LeftClickAt
	TARGET =
		WIDGET = WC11132ie26988553567, WR17v7k2nb1067391859, WT7kxrdw19266625713, WP1rp2dz8223396690116
		ROLE = UIAMenuItem
		TITLE = Playback Alt+l
		SHAPE = Rect [x:709.0 y:370.0 w:63.0 h:20.0]
		CHILDREN = 0
		PATH = [0, 1, 1]
	DESCRIPTION = Left Click at 'Playback Alt+l'
	TEXT = Compound Action =
		Move mouse to (740.5, 380.0).
		Press Mouse Button BUTTON1
		Release Mouse Button BUTTON1

ExecutedAction [74]: 
 @Action ConcreteID = AC2ivxzk7f1471576716 AbstractID = AA2ivxzk7f1471576716
 ConcreteID CUSTOM = ConcreteID CUSTOM not available AbstractID CUSTOM = AAhjoouv803439635091
 @State ConcreteID = SCi86g3e4ad2564931120 AbstractID = SR18nm5hp48c1564879801
 ConcreteID CUSTOM = SC1vmaz2c4a3851101883 AbstractID CUSTOM = SA1cimune4aa3907289692

	ROLE = LeftClickAt
	TARGET =
		WIDGET = WC160k18c193676660364, WR1h6ibpb92248851252, WT1h6ibpb92248851252, WPm4m2i6151826495104
		ROLE = UIAButton
		TITLE = 
		SHAPE = Rect [x:823.0 y:395.0 w:26.0 h:26.0]
		CHILDREN = 0
		PATH = [0, 0, 0, 7]
	DESCRIPTION = Left Click at ''
	TEXT = Compound Action =
		Move mouse to (836.0, 408.0).
		Press Mouse Button BUTTON1
		Release Mouse Button BUTTON1

ExecutedAction [75]: 
 @Action ConcreteID = AC1qfp2ck7f3649227858 AbstractID = AA1qfp2ck7f3649227858
 ConcreteID CUSTOM = ConcreteID CUSTOM not available AbstractID CUSTOM = AA6fdr8r801127226445
 @State ConcreteID = SCi86g3e4ad2564931120 AbstractID = SR18nm5hp48c1564879801
 ConcreteID CUSTOM = SC1vmaz2c4a3851101883 AbstractID CUSTOM = SA1cimune4aa3907289692

	ROLE = LeftClickAt
	TARGET =
		WIDGET = WCauvu52274005229056, WR17v7k2nb1067391859, WT1qsfjru1d113192345, WPxikkeg233231297652
		ROLE = UIAMenuItem
		TITLE = Jump Forward Alt+J
		SHAPE = Rect [x:712.0 y:552.0 w:230.0 h:22.0]
		CHILDREN = 0
		PATH = [1, 9]
	DESCRIPTION = Left Click at 'Jump Forward Alt+J'
	TEXT = Compound Action =
		Move mouse to (827.0, 563.0).
		Press Mouse Button BUTTON1
		Release Mouse Button BUTTON1

ExecutedAction [76]: 
 @Action ConcreteID = ACiagfum804057067415 AbstractID = AAiagfum804057067415
 ConcreteID CUSTOM = ConcreteID CUSTOM not available AbstractID CUSTOM = AA1vbumqa804147642054
 @State ConcreteID = SC1jij3pa3333832528447 AbstractID = SR14qi35o311798225834
 ConcreteID CUSTOM = SC13scvc73222489040875 AbstractID CUSTOM = SA1crqwpn3333042803594

	ROLE = LeftClickAt
	TARGET =
		WIDGET = WC160k141192790430409, WR1h6ibpb92248851252, WT1h6ibpb92248851252, WPm4m2dv15296349381
		ROLE = UIAButton
		TITLE = 
		SHAPE = Rect [x:663.0 y:392.0 w:32.0 h:32.0]
		CHILDREN = 0
		PATH = [0, 0, 0, 2]
	DESCRIPTION = Left Click at ''
	TEXT = Compound Action =
		Move mouse to (679.0, 408.0).
		Press Mouse Button BUTTON1
		Release Mouse Button BUTTON1

ExecutedAction [77]: 
 @Action ConcreteID = AC1sklos18078998339 AbstractID = AA1sklos18078998339
 ConcreteID CUSTOM = ConcreteID CUSTOM not available AbstractID CUSTOM = AA16kvtol8039025170
 @State ConcreteID = SC1jij3pa3333832528447 AbstractID = SR14qi35o311798225834
 ConcreteID CUSTOM = SC13scvc73222489040875 AbstractID CUSTOM = SA1crqwpn3333042803594

	ROLE = LeftClickAt
	TARGET =
		WIDGET = WCo9m3kz234253084318, WR17v7k2nb1067391859, WT1faw5jq16422026351, WPzr9m5t1f4278635332
		ROLE = UIAMenuItem
		TITLE = Audio Alt+A
		SHAPE = Rect [x:772.0 y:370.0 w:48.0 h:20.0]
		CHILDREN = 0
		PATH = [0, 1, 2]
	DESCRIPTION = Left Click at 'Audio Alt+A'
	TEXT = Compound Action =
		Move mouse to (796.0, 380.0).
		Press Mouse Button BUTTON1
		Release Mouse Button BUTTON1

ExecutedAction [78]: 
 @Action ConcreteID = AC3hcih7f2753784172 AbstractID = AA3hcih7f2753784172
 ConcreteID CUSTOM = ConcreteID CUSTOM not available AbstractID CUSTOM = AA5cpach803983921466
 @State ConcreteID = SCg4pwq43f83894823914 AbstractID = SR5ulhvz3d83231235341
 ConcreteID CUSTOM = SC5nbq833e6851470309 AbstractID CUSTOM = SA17cbph53fa2318422287

	ROLE = LeftClickAt
	TARGET =
		WIDGET = WCo9m3kz234253084318, WR17v7k2nb1067391859, WT1faw5jq16422026351, WPzr9m5t1f4278635332
		ROLE = UIAMenuItem
		TITLE = Audio Alt+A
		SHAPE = Rect [x:772.0 y:370.0 w:48.0 h:20.0]
		CHILDREN = 0
		PATH = [0, 1, 2]
	DESCRIPTION = Left Click at 'Audio Alt+A'
	TEXT = Compound Action =
		Move mouse to (796.0, 380.0).
		Press Mouse Button BUTTON1
		Release Mouse Button BUTTON1

ExecutedAction [79]: 
 @Action ConcreteID = AC1sklos18078998339 AbstractID = AA1sklos18078998339
 ConcreteID CUSTOM = ConcreteID CUSTOM not available AbstractID CUSTOM = AA16kvtol8039025170
 @State ConcreteID = SC1jij3pa3333832528447 AbstractID = SR14qi35o311798225834
 ConcreteID CUSTOM = SC13scvc73222489040875 AbstractID CUSTOM = SA1crqwpn3333042803594

	ROLE = LeftClickAt
	TARGET =
		WIDGET = WCo9m3kz234253084318, WR17v7k2nb1067391859, WT1faw5jq16422026351, WPzr9m5t1f4278635332
		ROLE = UIAMenuItem
		TITLE = Audio Alt+A
		SHAPE = Rect [x:772.0 y:370.0 w:48.0 h:20.0]
		CHILDREN = 0
		PATH = [0, 1, 2]
	DESCRIPTION = Left Click at 'Audio Alt+A'
	TEXT = Compound Action =
		Move mouse to (796.0, 380.0).
		Press Mouse Button BUTTON1
		Release Mouse Button BUTTON1

ExecutedAction [80]: 
 @Action ConcreteID = ACoug5k67f1363668408 AbstractID = AAoug5k67f1363668408
 ConcreteID CUSTOM = ConcreteID CUSTOM not available AbstractID CUSTOM = AAu3o3e680403789294
 @State ConcreteID = SCg4pwq43f83894823914 AbstractID = SR5ulhvz3d83231235341
 ConcreteID CUSTOM = SC5nbq833e6851470309 AbstractID CUSTOM = SA17cbph53fa2318422287

	ROLE = LeftClickAt
	TARGET =
		WIDGET = WC160k141192790430409, WR1h6ibpb92248851252, WT1h6ibpb92248851252, WPm4m2dv15296349381
		ROLE = UIAButton
		TITLE = 
		SHAPE = Rect [x:663.0 y:392.0 w:32.0 h:32.0]
		CHILDREN = 0
		PATH = [0, 0, 0, 2]
	DESCRIPTION = Left Click at ''
	TEXT = Compound Action =
		Move mouse to (679.0, 408.0).
		Press Mouse Button BUTTON1
		Release Mouse Button BUTTON1

ExecutedAction [81]: 
 @Action ConcreteID = ACf05l8k80315768101 AbstractID = AAf05l8k80315768101
 ConcreteID CUSTOM = ConcreteID CUSTOM not available AbstractID CUSTOM = AA1s1js4880338963572
 @State ConcreteID = SC1jij3pa3333832528447 AbstractID = SR14qi35o311798225834
 ConcreteID CUSTOM = SC13scvc73222489040875 AbstractID CUSTOM = SA1crqwpn3333042803594

	ROLE = LeftClickAt
	TARGET =
		WIDGET = WC160k16m193910336526, WR1h6ibpb92248851252, WT1h6ibpb92248851252, WPm4m2gg151592293378
		ROLE = UIAButton
		TITLE = 
		SHAPE = Rect [x:759.0 y:395.0 w:26.0 h:26.0]
		CHILDREN = 0
		PATH = [0, 0, 0, 5]
	DESCRIPTION = Left Click at ''
	TEXT = Compound Action =
		Move mouse to (772.0, 408.0).
		Press Mouse Button BUTTON1
		Release Mouse Button BUTTON1

ExecutedAction [82]: 
 @Action ConcreteID = ACiagfum804057067415 AbstractID = AAiagfum804057067415
 ConcreteID CUSTOM = ConcreteID CUSTOM not available AbstractID CUSTOM = AA1vbumqa804147642054
 @State ConcreteID = SC1jij3pa3333832528447 AbstractID = SR14qi35o311798225834
 ConcreteID CUSTOM = SC13scvc73222489040875 AbstractID CUSTOM = SA1crqwpn3333042803594

	ROLE = LeftClickAt
	TARGET =
		WIDGET = WC160k141192790430409, WR1h6ibpb92248851252, WT1h6ibpb92248851252, WPm4m2dv15296349381
		ROLE = UIAButton
		TITLE = 
		SHAPE = Rect [x:663.0 y:392.0 w:32.0 h:32.0]
		CHILDREN = 0
		PATH = [0, 0, 0, 2]
	DESCRIPTION = Left Click at ''
	TEXT = Compound Action =
		Move mouse to (679.0, 408.0).
		Press Mouse Button BUTTON1
		Release Mouse Button BUTTON1

ExecutedAction [83]: 
 @Action ConcreteID = AC14pgupp803925095733 AbstractID = AA14pgupp803925095733
 ConcreteID CUSTOM = ConcreteID CUSTOM not available AbstractID CUSTOM = AAipqzm9804010943588
 @State ConcreteID = SC1jij3pa3333832528447 AbstractID = SR14qi35o311798225834
 ConcreteID CUSTOM = SC13scvc73222489040875 AbstractID CUSTOM = SA1crqwpn3333042803594

	ROLE = LeftClickAt
	TARGET =
		WIDGET = WC140xu3v1b3605905385, WR88rmk0b1934231702, WT88rmk0b1934231702, WPis9st9171392244732
		ROLE = UIACheckBox
		TITLE = 
		SHAPE = Rect [x:887.0 y:395.0 w:26.0 h:26.0]
		CHILDREN = 0
		PATH = [0, 0, 0, 9]
	DESCRIPTION = Left Click at ''
	TEXT = Compound Action =
		Move mouse to (900.0, 408.0).
		Press Mouse Button BUTTON1
		Release Mouse Button BUTTON1

ExecutedAction [84]: 
 @Action ConcreteID = AC1vl5wwv802647046217 AbstractID = AA1vl5wwv802647046217
 ConcreteID CUSTOM = ConcreteID CUSTOM not available AbstractID CUSTOM = AA19lg1tf802602608920
 @State ConcreteID = SC1jij3pa3333832528447 AbstractID = SR14qi35o311798225834
 ConcreteID CUSTOM = SC13scvc73222489040875 AbstractID CUSTOM = SA1crqwpn3333042803594

	ROLE = LeftClickAt
	TARGET =
		WIDGET = WC160k17h193258864589, WR1h6ibpb92248851252, WT1h6ibpb92248851252, WPm4m2hb151975856065
		ROLE = UIAButton
		TITLE = 
		SHAPE = Rect [x:797.0 y:395.0 w:26.0 h:26.0]
		CHILDREN = 0
		PATH = [0, 0, 0, 6]
	DESCRIPTION = Left Click at ''
	TEXT = Compound Action =
		Move mouse to (810.0, 408.0).
		Press Mouse Button BUTTON1
		Release Mouse Button BUTTON1

ExecutedAction [85]: 
 @Action ConcreteID = AC1vsnd98521076609286 AbstractID = AAbi66cp4f2896323298
 ConcreteID CUSTOM = ConcreteID CUSTOM not available AbstractID CUSTOM = AA1qnho1a4e2390458219
 @State ConcreteID = SC1rofswk8c1615767475 AbstractID = SR1akxiee853813796688
 ConcreteID CUSTOM = SCx6a07p8d539825860 AbstractID CUSTOM = SAlzggkx8d2988547284

	ROLE = HitKey
	DESCRIPTION = Hit Key 27
	TEXT = Compound Action =
		Press Key 27
		Release Key 27
		No Operation

ExecutedAction [86]: 
 @Action ConcreteID = AC1x5sytu80983966364 AbstractID = AA1x5sytu80983966364
 ConcreteID CUSTOM = ConcreteID CUSTOM not available AbstractID CUSTOM = AA1b633qe801010840525
 @State ConcreteID = SC1jij3pa3333832528447 AbstractID = SR14qi35o311798225834
 ConcreteID CUSTOM = SC13scvc73222489040875 AbstractID CUSTOM = SA1crqwpn3333042803594

	ROLE = LeftClickAt
	TARGET =
		WIDGET = WC1ulc3am262005825686, WR17v7k2nb1067391859, WTpcm71l192027518401, WPtkzlz0223118695362
		ROLE = UIAMenuItem
		TITLE = Subtitle Alt+t
		SHAPE = Rect [x:866.0 y:370.0 w:56.0 h:20.0]
		CHILDREN = 0
		PATH = [0, 1, 4]
	DESCRIPTION = Left Click at 'Subtitle Alt+t'
	TEXT = Compound Action =
		Move mouse to (894.0, 380.0).
		Press Mouse Button BUTTON1
		Release Mouse Button BUTTON1

ExecutedAction [87]: 
 @Action ConcreteID = AC1gmp8ka7f4032986642 AbstractID = AA1gmp8ka7f4032986642
 ConcreteID CUSTOM = ConcreteID CUSTOM not available AbstractID CUSTOM = AA1eyl23c801555012764
 @State ConcreteID = SC993js936f1237446451 AbstractID = SR1btdat134c4085303501
 ConcreteID CUSTOM = SC1vnzyw335e4024720933 AbstractID CUSTOM = SA1v8h1s936e3644429838

	ROLE = LeftClickAt
	TARGET =
		WIDGET = WC160k141192790430409, WR1h6ibpb92248851252, WT1h6ibpb92248851252, WPm4m2dv15296349381
		ROLE = UIAButton
		TITLE = 
		SHAPE = Rect [x:663.0 y:392.0 w:32.0 h:32.0]
		CHILDREN = 0
		PATH = [0, 0, 0, 2]
	DESCRIPTION = Left Click at ''
	TEXT = Compound Action =
		Move mouse to (679.0, 408.0).
		Press Mouse Button BUTTON1
		Release Mouse Button BUTTON1

ExecutedAction [88]: 
 @Action ConcreteID = ACv3fszh80419479473 AbstractID = AAv3fszh80419479473
 ConcreteID CUSTOM = ConcreteID CUSTOM not available AbstractID CUSTOM = AA93pxw180535211744
 @State ConcreteID = SC1jij3pa3333832528447 AbstractID = SR14qi35o311798225834
 ConcreteID CUSTOM = SC13scvc73222489040875 AbstractID CUSTOM = SA1crqwpn3333042803594

	ROLE = LeftClickAt
	TARGET =
		WIDGET = WC160k15r194027068751, WR1h6ibpb92248851252, WT1h6ibpb92248851252, WPm4m2fl151207126339
		ROLE = UIAButton
		TITLE = 
		SHAPE = Rect [x:733.0 y:395.0 w:26.0 h:26.0]
		CHILDREN = 0
		PATH = [0, 0, 0, 4]
	DESCRIPTION = Left Click at ''
	TEXT = Compound Action =
		Move mouse to (746.0, 408.0).
		Press Mouse Button BUTTON1
		Release Mouse Button BUTTON1

ExecutedAction [89]: 
 @Action ConcreteID = AC18x8l8e80630528830 AbstractID = AA18x8l8e80630528830
 ConcreteID CUSTOM = ConcreteID CUSTOM not available AbstractID CUSTOM = AA1vn51ry7d1416660879
 @State ConcreteID = SC16dy7rq2f23090771522 AbstractID = SR6mhjv32d82051854219
 ConcreteID CUSTOM = SC1pf4ti72e33452631738 AbstractID CUSTOM = SAr9y9be2f876326424

	ROLE = LeftClickAt
	TARGET =
		WIDGET = WC11132ie26988553567, WR17v7k2nb1067391859, WT7kxrdw19266625713, WP1rp2dz8223396690116
		ROLE = UIAMenuItem
		TITLE = Playback Alt+l
		SHAPE = Rect [x:709.0 y:370.0 w:63.0 h:20.0]
		CHILDREN = 0
		PATH = [0, 1, 1]
	DESCRIPTION = Left Click at 'Playback Alt+l'
	TEXT = Compound Action =
		Move mouse to (740.5, 380.0).
		Press Mouse Button BUTTON1
		Release Mouse Button BUTTON1

ExecutedAction [90]: 
 @Action ConcreteID = AC1cvj27x7f2038674367 AbstractID = AA1cvj27x7f2038674367
 ConcreteID CUSTOM = ConcreteID CUSTOM not available AbstractID CUSTOM = AA1m4ty92801055568700
 @State ConcreteID = SCjtfscz46d1948186052 AbstractID = SRrwhsda4531474318535
 ConcreteID CUSTOM = SCvazq2o4642246327694 AbstractID CUSTOM = SA1sptiiw4712424672922

	ROLE = LeftClickAt
	TARGET =
		WIDGET = WC1wr6twp233179607085, WR17v7k2nb1067391859, WTwtxn65161410781764, WPzq9smv1f824583798
		ROLE = UIAMenuItem
		TITLE = Tools Alt+s
		SHAPE = Rect [x:922.0 y:370.0 w:43.0 h:20.0]
		CHILDREN = 0
		PATH = [0, 1, 5]
	DESCRIPTION = Left Click at 'Tools Alt+s'
	TEXT = Compound Action =
		Move mouse to (943.5, 380.0).
		Press Mouse Button BUTTON1
		Release Mouse Button BUTTON1

ExecutedAction [91]: 
 @Action ConcreteID = ACskium802366401879 AbstractID = AAskium802366401879
 ConcreteID CUSTOM = ConcreteID CUSTOM not available AbstractID CUSTOM = AAnigze67d4243190246
 @State ConcreteID = SC16dy7rq2f23090771522 AbstractID = SR6mhjv32d82051854219
 ConcreteID CUSTOM = SC1pf4ti72e33452631738 AbstractID CUSTOM = SAr9y9be2f876326424

	ROLE = LeftClickAt
	TARGET =
		WIDGET = WC140xu3v1b3605905385, WR88rmk0b1934231702, WT88rmk0b1934231702, WPis9st9171392244732
		ROLE = UIACheckBox
		TITLE = 
		SHAPE = Rect [x:887.0 y:395.0 w:26.0 h:26.0]
		CHILDREN = 0
		PATH = [0, 0, 0, 9]
	DESCRIPTION = Left Click at ''
	TEXT = Compound Action =
		Move mouse to (900.0, 408.0).
		Press Mouse Button BUTTON1
		Release Mouse Button BUTTON1

ExecutedAction [92]: 
 @Action ConcreteID = AC8g9ep6803995812349 AbstractID = AA8g9ep6803995812349
 ConcreteID CUSTOM = ConcreteID CUSTOM not available AbstractID CUSTOM = AAv65v8q7d2681134412
 @State ConcreteID = SC16dy7rq2f23090771522 AbstractID = SR6mhjv32d82051854219
 ConcreteID CUSTOM = SC1pf4ti72e33452631738 AbstractID CUSTOM = SAr9y9be2f876326424

	ROLE = LeftClickAt
	TARGET =
		WIDGET = WCxa7st31c3231199733, WR88rmk0b1934231702, WT88rmk0b1934231702, WPe3j6g5182915156822
		ROLE = UIACheckBox
		TITLE = 
		SHAPE = Rect [x:913.0 y:395.0 w:26.0 h:26.0]
		CHILDREN = 0
		PATH = [0, 0, 0, 10]
	DESCRIPTION = Left Click at ''
	TEXT = Compound Action =
		Move mouse to (926.0, 408.0).
		Press Mouse Button BUTTON1
		Release Mouse Button BUTTON1

ExecutedAction [93]: 
 @Action ConcreteID = AC13wetjz802349412448 AbstractID = AA13wetjz802349412448
 ConcreteID CUSTOM = ConcreteID CUSTOM not available AbstractID CUSTOM = AA1qmba3j7d4260146385
 @State ConcreteID = SC16dy7rq2f23090771522 AbstractID = SR6mhjv32d82051854219
 ConcreteID CUSTOM = SC1pf4ti72e33452631738 AbstractID CUSTOM = SAr9y9be2f876326424

	ROLE = LeftClickAt
	TARGET =
		WIDGET = WCv2iyh7231187149563, WR17v7k2nb1067391859, WT12et6eo161830467638, WP186y9jt1f939178242
		ROLE = UIAMenuItem
		TITLE = Media Alt+M
		SHAPE = Rect [x:660.0 y:370.0 w:49.0 h:20.0]
		CHILDREN = 0
		PATH = [0, 1, 0]
	DESCRIPTION = Left Click at 'Media Alt+M'
	TEXT = Compound Action =
		Move mouse to (684.5, 380.0).
		Press Mouse Button BUTTON1
		Release Mouse Button BUTTON1

ExecutedAction [94]: 
 @Action ConcreteID = AC13xc0r07f3807437167 AbstractID = AA13xc0r07f3807437167
 ConcreteID CUSTOM = ConcreteID CUSTOM not available AbstractID CUSTOM = AAhsxfyu7f3730383938
 @State ConcreteID = SC9y9cmz4321437692013 AbstractID = SR1jrvk4w417648287438
 ConcreteID CUSTOM = SCrt9rjy4241734801851 AbstractID CUSTOM = SAm108f64343275319542

	ROLE = LeftClickAt
	TARGET =
		WIDGET = WC1auso0x383649557819, WR17v7k2nb1067391859, WTdopyf62e3343751742, WP1xq1b4j341576893362
		ROLE = UIAMenuItem
		TITLE = Open Location from clipboard Ctrl+V
		SHAPE = Rect [x:663.0 y:525.0 w:309.0 h:22.0]
		CHILDREN = 0
		PATH = [1, 6]
	DESCRIPTION = Left Click at 'Open Location from clipboard Ctrl+V'
	TEXT = Compound Action =
		Move mouse to (817.5, 536.0).
		Press Mouse Button BUTTON1
		Release Mouse Button BUTTON1

ExecutedAction [95]: 
 @Action ConcreteID = ACym2415802210926813 AbstractID = AAym2415802210926813
 ConcreteID CUSTOM = ConcreteID CUSTOM not available AbstractID CUSTOM = AAw7dfqg81911821726
 @State ConcreteID = SCj663ia3f62353983209 AbstractID = SRg121923d44189732992
 ConcreteID CUSTOM = SC1ppwiat3fd1138151774 AbstractID CUSTOM = SA1rxfeqv3f04227872218

	ROLE = LeftClickAt
	TARGET =
		WIDGET = WChkzp0d257772711, WR1h6ibpb92248851252, WT179pbei153540817138, WP1mr58lr2153921384
		ROLE = UIAButton
		TITLE = Cancel Alt+C
		SHAPE = Rect [x:1079.0 y:467.0 w:75.0 h:23.0]
		CHILDREN = 0
		PATH = [0, 0, 1, 2]
	DESCRIPTION = Left Click at 'Cancel Alt+C'
	TEXT = Compound Action =
		Move mouse to (1116.5, 478.5).
		Press Mouse Button BUTTON1
		Release Mouse Button BUTTON1

ExecutedAction [96]: 
 @Action ConcreteID = ACvp5vna812729702367 AbstractID = AAvp5vna812729702367
 ConcreteID CUSTOM = ConcreteID CUSTOM not available AbstractID CUSTOM = AApozkqe7e514102617
 @State ConcreteID = SC16dy7rq2f23090771522 AbstractID = SR6mhjv32d82051854219
 ConcreteID CUSTOM = SC1pf4ti72e33452631738 AbstractID CUSTOM = SAr9y9be2f876326424

	ROLE = LeftClickAt
	TARGET =
		WIDGET = WC7q6faj1c2445433552, WR1p34e3y91942684430, WT1p34e3y91942684430, WP1ci4bi1184043088517
		ROLE = UIASlider
		TITLE = 
		SHAPE = Rect [x:1047.0 y:398.0 w:85.0 h:26.0]
		CHILDREN = 0
		PATH = [0, 0, 0, 0, 1]
	DESCRIPTION = Left Click at ''
	TEXT = Compound Action =
		Move mouse to (1089.5, 411.0).
		Press Mouse Button BUTTON1
		Release Mouse Button BUTTON1

ExecutedAction [97]: 
 @Action ConcreteID = AC1a4dbcl801982489927 AbstractID = AA1a4dbcl801982489927
 ConcreteID CUSTOM = ConcreteID CUSTOM not available AbstractID CUSTOM = AA1wu9rw57d131070454
 @State ConcreteID = SC16dy7rq2f23090771522 AbstractID = SR6mhjv32d82051854219
 ConcreteID CUSTOM = SC1pf4ti72e33452631738 AbstractID CUSTOM = SAr9y9be2f876326424

	ROLE = LeftClickAt
	TARGET =
		WIDGET = WC160k16m193910336526, WR1h6ibpb92248851252, WT1h6ibpb92248851252, WPm4m2gg151592293378
		ROLE = UIAButton
		TITLE = 
		SHAPE = Rect [x:759.0 y:395.0 w:26.0 h:26.0]
		CHILDREN = 0
		PATH = [0, 0, 0, 5]
	DESCRIPTION = Left Click at ''
	TEXT = Compound Action =
		Move mouse to (772.0, 408.0).
		Press Mouse Button BUTTON1
		Release Mouse Button BUTTON1

ExecutedAction [98]: 
 @Action ConcreteID = AC14pgupp803925095733 AbstractID = AA14pgupp803925095733
 ConcreteID CUSTOM = ConcreteID CUSTOM not available AbstractID CUSTOM = AAipqzm9804010943588
 @State ConcreteID = SC1jij3pa3333832528447 AbstractID = SR14qi35o311798225834
 ConcreteID CUSTOM = SC13scvc73222489040875 AbstractID CUSTOM = SA1crqwpn3333042803594

	ROLE = LeftClickAt
	TARGET =
		WIDGET = WC140xu3v1b3605905385, WR88rmk0b1934231702, WT88rmk0b1934231702, WPis9st9171392244732
		ROLE = UIACheckBox
		TITLE = 
		SHAPE = Rect [x:887.0 y:395.0 w:26.0 h:26.0]
		CHILDREN = 0
		PATH = [0, 0, 0, 9]
	DESCRIPTION = Left Click at ''
	TEXT = Compound Action =
		Move mouse to (900.0, 408.0).
		Press Mouse Button BUTTON1
		Release Mouse Button BUTTON1

ExecutedAction [99]: 
 @Action ConcreteID = AC1sklos18078998339 AbstractID = AA1sklos18078998339
 ConcreteID CUSTOM = ConcreteID CUSTOM not available AbstractID CUSTOM = AA16kvtol8039025170
 @State ConcreteID = SC1jij3pa3333832528447 AbstractID = SR14qi35o311798225834
 ConcreteID CUSTOM = SC13scvc73222489040875 AbstractID CUSTOM = SA1crqwpn3333042803594

	ROLE = LeftClickAt
	TARGET =
		WIDGET = WCo9m3kz234253084318, WR17v7k2nb1067391859, WT1faw5jq16422026351, WPzr9m5t1f4278635332
		ROLE = UIAMenuItem
		TITLE = Audio Alt+A
		SHAPE = Rect [x:772.0 y:370.0 w:48.0 h:20.0]
		CHILDREN = 0
		PATH = [0, 1, 2]
	DESCRIPTION = Left Click at 'Audio Alt+A'
	TEXT = Compound Action =
		Move mouse to (796.0, 380.0).
		Press Mouse Button BUTTON1
		Release Mouse Button BUTTON1

ExecutedAction [100]: 
 @Action ConcreteID = ACarqghv7f1584895692 AbstractID = AAarqghv7f1584895692
 ConcreteID CUSTOM = ConcreteID CUSTOM not available AbstractID CUSTOM = AAg0yebv80388050586
 @State ConcreteID = SCg4pwq43f83894823914 AbstractID = SR5ulhvz3d83231235341
 ConcreteID CUSTOM = SC5nbq833e6851470309 AbstractID CUSTOM = SA17cbph53fa2318422287

	ROLE = LeftClickAt
	TARGET =
		WIDGET = WC160k18c193676660364, WR1h6ibpb92248851252, WT1h6ibpb92248851252, WPm4m2i6151826495104
		ROLE = UIAButton
		TITLE = 
		SHAPE = Rect [x:823.0 y:395.0 w:26.0 h:26.0]
		CHILDREN = 0
		PATH = [0, 0, 0, 7]
	DESCRIPTION = Left Click at ''
	TEXT = Compound Action =
		Move mouse to (836.0, 408.0).
		Press Mouse Button BUTTON1
		Release Mouse Button BUTTON1

Sequence 1 finished.
Copying generated sequence ("sequence1251") to output directory...
Copying classified sequence ("sequence1251") to sequences_ok folder...
