Starting sequence 1 (output as: sequence1079)

ExecutedAction [1]: 
 @Action ConcreteID = AC1h6ernf7e494232555 AbstractID = AA1h6ernf7e494232555
 ConcreteID CUSTOM = ConcreteID CUSTOM not available AbstractID CUSTOM = AA12i185o7e3250839908
 @State ConcreteID = SC6w2h61d63505289064 AbstractID = SRuxvih1ba2513313992
 ConcreteID CUSTOM = SC22ddoh1d53711883251 AbstractID CUSTOM = SA1e0xkku1d417380732

	ROLE = LeftClickAt
	TARGET =
		WIDGET = WC1fqsh0i1c2124881114, WR17v7k2nb1067391859, WT1qe72ijf99311909, WPjboygg183884664251
		ROLE = UIAMenuItem
		TITLE = File
		SHAPE = Rect [x:668.0 y:641.0 w:32.0 h:19.0]
		CHILDREN = 0
		PATH = [0, 3, 0]
	DESCRIPTION = Left Click at 'File'
	TEXT = Compound Action =
		Move mouse to (684.0, 650.5).
		Press Mouse Button BUTTON1
		Release Mouse Button BUTTON1

ExecutedAction [2]: 
 @Action ConcreteID = ACq9q9gs802753747923 AbstractID = AAq9q9gs802753747923
 ConcreteID CUSTOM = ConcreteID CUSTOM not available AbstractID CUSTOM = AA1hd8bn77f533154186
 @State ConcreteID = SC14j9imr28a3294422702 AbstractID = SRml6io426d3670816528
 ConcreteID CUSTOM = SCoupvnk28c2420503617 AbstractID CUSTOM = SAbduj6h2823690180780

	ROLE = LeftClickAt
	TARGET =
		WIDGET = WC1hu1e84223620388792, WR17v7k2nb1067391859, WT1otgxiu151058087525, WP1dvs8421e3158620222
		ROLE = UIAMenuItem
		TITLE = New	Ctrl+N
		SHAPE = Rect [x:671.0 y:663.0 w:223.0 h:22.0]
		CHILDREN = 0
		PATH = [0, 0, 0]
	DESCRIPTION = Left Click at 'New	Ctrl+N'
	TEXT = Compound Action =
		Move mouse to (782.5, 674.0).
		Press Mouse Button BUTTON1
		Release Mouse Button BUTTON1

ExecutedAction [3]: 
 @Action ConcreteID = ACjc9x5c7e2892327098 AbstractID = AAjc9x5c7e2892327098
 ConcreteID CUSTOM = ConcreteID CUSTOM not available AbstractID CUSTOM = AA4nwdnl7e1892936245
 @State ConcreteID = SC6w2h61d63505289064 AbstractID = SRuxvih1ba2513313992
 ConcreteID CUSTOM = SC22ddoh1d53711883251 AbstractID CUSTOM = SA1e0xkku1d417380732

	ROLE = LeftClickAt
	TARGET =
		WIDGET = WC12b45x51c517775489, WR17v7k2nb1067391859, WT1qe89j4f2180189081, WP10d1byf183180104482
		ROLE = UIAMenuItem
		TITLE = Help
		SHAPE = Rect [x:825.0 y:641.0 w:39.0 h:19.0]
		CHILDREN = 0
		PATH = [0, 3, 4]
	DESCRIPTION = Left Click at 'Help'
	TEXT = Compound Action =
		Move mouse to (844.5, 650.5).
		Press Mouse Button BUTTON1
		Release Mouse Button BUTTON1

ExecutedAction [4]: 
 @Action ConcreteID = AC1nq4nke7f1623948104 AbstractID = AA1nq4nke7f1623948104
 ConcreteID CUSTOM = ConcreteID CUSTOM not available AbstractID CUSTOM = AA1phoaje802542555784
 @State ConcreteID = SCiqbf6u2214275623817 AbstractID = SR1p2iogu2092294951997
 ConcreteID CUSTOM = SC18iu7be2271352204780 AbstractID CUSTOM = SA19xk86e21f1597656056

	ROLE = LeftClickAt
	TARGET =
		WIDGET = WCdszybb1c22406618, WR17v7k2nb1067391859, WT1qeha5gf2005531835, WPk77bd1182459370466
		ROLE = UIAMenuItem
		TITLE = View
		SHAPE = Rect [x:786.0 y:641.0 w:39.0 h:19.0]
		CHILDREN = 0
		PATH = [0, 4, 3]
	DESCRIPTION = Left Click at 'View'
	TEXT = Compound Action =
		Move mouse to (805.5, 650.5).
		Press Mouse Button BUTTON1
		Release Mouse Button BUTTON1

ExecutedAction [5]: 
 @Action ConcreteID = AC1v49pyj7e721823731 AbstractID = AA1v49pyj7e721823731
 ConcreteID CUSTOM = ConcreteID CUSTOM not available AbstractID CUSTOM = AA1gfw6gs7e4155549052
 @State ConcreteID = SC6w2h61d63505289064 AbstractID = SRuxvih1ba2513313992
 ConcreteID CUSTOM = SC22ddoh1d53711883251 AbstractID CUSTOM = SA1e0xkku1d417380732

	ROLE = LeftClickAt
	TARGET =
		WIDGET = WCdsg5py1c3010804170, WR17v7k2nb1067391859, WT1qeha5gf2005531835, WPk6niro18548921330
		ROLE = UIAMenuItem
		TITLE = View
		SHAPE = Rect [x:786.0 y:641.0 w:39.0 h:19.0]
		CHILDREN = 0
		PATH = [0, 3, 3]
	DESCRIPTION = Left Click at 'View'
	TEXT = Compound Action =
		Move mouse to (805.5, 650.5).
		Press Mouse Button BUTTON1
		Release Mouse Button BUTTON1

ExecutedAction [6]: 
 @Action ConcreteID = ACwxbte8802831672483 AbstractID = AAwxbte8802831672483
 ConcreteID CUSTOM = ConcreteID CUSTOM not available AbstractID CUSTOM = AA1ugir7i80222053590
 @State ConcreteID = SC1j7l7h720b4127314174 AbstractID = SRhdom0g1f51351705365
 ConcreteID CUSTOM = SC1bk9n792112352902825 AbstractID CUSTOM = SA1odsafd20b3326211211

	ROLE = LeftClickAt
	TARGET =
		WIDGET = WCudxb541c3405482637, WR17v7k2nb1067391859, WT1qejys2f1046425153, WPwz8jna183953042271
		ROLE = UIAMenuItem
		TITLE = Zoom
		SHAPE = Rect [x:789.0 y:663.0 w:136.0 h:22.0]
		CHILDREN = 0
		PATH = [0, 0, 0]
	DESCRIPTION = Left Click at 'Zoom'
	TEXT = Compound Action =
		Move mouse to (857.0, 674.0).
		Press Mouse Button BUTTON1
		Release Mouse Button BUTTON1

ExecutedAction [7]: 
 @Action ConcreteID = AC1pdi78g80366905792 AbstractID = AA1pdi78g80366905792
 ConcreteID CUSTOM = ConcreteID CUSTOM not available AbstractID CUSTOM = AA1jr16h6803349442241
 @State ConcreteID = SCw6rwwd25f3546793172 AbstractID = SRn16q6n244566666292
 ConcreteID CUSTOM = SCsg213g2601280360945 AbstractID CUSTOM = SAt0c55r2561254656356

	ROLE = LeftClickAt
	TARGET =
		WIDGET = WC16o0lzq293934833465, WR17v7k2nb1067391859, WT1g8gep01c2403462414, WP14q46ck254176152606
		ROLE = UIAMenuItem
		TITLE = Zoom In	Ctrl+Plus
		SHAPE = Rect [x:925.0 y:663.0 w:259.0 h:22.0]
		CHILDREN = 0
		PATH = [0, 0, 0]
	DESCRIPTION = Left Click at 'Zoom In	Ctrl+Plus'
	TEXT = Compound Action =
		Move mouse to (1054.5, 674.0).
		Press Mouse Button BUTTON1
		Release Mouse Button BUTTON1

ExecutedAction [8]: 
 @Action ConcreteID = AC6f6trb7f2113706033 AbstractID = AA6f6trb7f2113706033
 ConcreteID CUSTOM = ConcreteID CUSTOM not available AbstractID CUSTOM = AA12i185o7e3250839908
 @State ConcreteID = SCadliz71d63945526927 AbstractID = SRuxvih1ba2513313992
 ConcreteID CUSTOM = SC6wkyea1d51928682181 AbstractID CUSTOM = SA1e0xkku1d417380732

	ROLE = LeftClickAt
	TARGET =
		WIDGET = WC1fqsh0i1c2124881114, WR17v7k2nb1067391859, WT1qe72ijf99311909, WPjboygg183884664251
		ROLE = UIAMenuItem
		TITLE = File
		SHAPE = Rect [x:668.0 y:641.0 w:32.0 h:19.0]
		CHILDREN = 0
		PATH = [0, 3, 0]
	DESCRIPTION = Left Click at 'File'
	TEXT = Compound Action =
		Move mouse to (684.0, 650.5).
		Press Mouse Button BUTTON1
		Release Mouse Button BUTTON1

ExecutedAction [9]: 
 @Action ConcreteID = ACbia58t80724601604 AbstractID = AAbia58t80724601604
 ConcreteID CUSTOM = ConcreteID CUSTOM not available AbstractID CUSTOM = AA1c1z1pm7f2886645774
 @State ConcreteID = SC1a7di9c2893677094597 AbstractID = SRml6io426d3670816528
 ConcreteID CUSTOM = SCciuwt128c3395362589 AbstractID CUSTOM = SAbduj6h2823690180780

	ROLE = LeftClickAt
	TARGET =
		WIDGET = WCdszybb1c22406618, WR17v7k2nb1067391859, WT1qeha5gf2005531835, WPk77bd1182459370466
		ROLE = UIAMenuItem
		TITLE = View
		SHAPE = Rect [x:786.0 y:641.0 w:39.0 h:19.0]
		CHILDREN = 0
		PATH = [0, 4, 3]
	DESCRIPTION = Left Click at 'View'
	TEXT = Compound Action =
		Move mouse to (805.5, 650.5).
		Press Mouse Button BUTTON1
		Release Mouse Button BUTTON1

ExecutedAction [10]: 
 @Action ConcreteID = ACkd1s2f7f1267719209 AbstractID = AAkd1s2f7f1267719209
 ConcreteID CUSTOM = ConcreteID CUSTOM not available AbstractID CUSTOM = AA1gfw6gs7e4155549052
 @State ConcreteID = SCadliz71d63945526927 AbstractID = SRuxvih1ba2513313992
 ConcreteID CUSTOM = SC6wkyea1d51928682181 AbstractID CUSTOM = SA1e0xkku1d417380732

	ROLE = LeftClickAt
	TARGET =
		WIDGET = WCdsg5py1c3010804170, WR17v7k2nb1067391859, WT1qeha5gf2005531835, WPk6niro18548921330
		ROLE = UIAMenuItem
		TITLE = View
		SHAPE = Rect [x:786.0 y:641.0 w:39.0 h:19.0]
		CHILDREN = 0
		PATH = [0, 3, 3]
	DESCRIPTION = Left Click at 'View'
	TEXT = Compound Action =
		Move mouse to (805.5, 650.5).
		Press Mouse Button BUTTON1
		Release Mouse Button BUTTON1

ExecutedAction [11]: 
 @Action ConcreteID = AC1jduiff803934634199 AbstractID = AA1jduiff803934634199
 ConcreteID CUSTOM = ConcreteID CUSTOM not available AbstractID CUSTOM = AA1ugir7i80222053590
 @State ConcreteID = SC1ofcch420a1584837097 AbstractID = SRhdom0g1f51351705365
 ConcreteID CUSTOM = SCz8eocq2113592067573 AbstractID CUSTOM = SA1odsafd20b3326211211

	ROLE = LeftClickAt
	TARGET =
		WIDGET = WCudxb541c3405482637, WR17v7k2nb1067391859, WT1qejys2f1046425153, WPwz8jna183953042271
		ROLE = UIAMenuItem
		TITLE = Zoom
		SHAPE = Rect [x:789.0 y:663.0 w:136.0 h:22.0]
		CHILDREN = 0
		PATH = [0, 0, 0]
	DESCRIPTION = Left Click at 'Zoom'
	TEXT = Compound Action =
		Move mouse to (857.0, 674.0).
		Press Mouse Button BUTTON1
		Release Mouse Button BUTTON1

ExecutedAction [12]: 
 @Action ConcreteID = AC1wllcuv801552805784 AbstractID = AA1wllcuv801552805784
 ConcreteID CUSTOM = ConcreteID CUSTOM not available AbstractID CUSTOM = AArhd4kx7f4079180752
 @State ConcreteID = SC1jvwpml25e3750722206 AbstractID = SRn16q6n244566666292
 ConcreteID CUSTOM = SCptmqx12602746621450 AbstractID CUSTOM = SAt0c55r2561254656356

	ROLE = LeftClickAt
	TARGET =
		WIDGET = WCueh3qh1c4154172221, WR17v7k2nb1067391859, WT1qejys2f1046425153, WPwzsc8n183607005935
		ROLE = UIAMenuItem
		TITLE = Zoom
		SHAPE = Rect [x:789.0 y:663.0 w:136.0 h:22.0]
		CHILDREN = 0
		PATH = [0, 1, 0]
	DESCRIPTION = Left Click at 'Zoom'
	TEXT = Compound Action =
		Move mouse to (857.0, 674.0).
		Press Mouse Button BUTTON1
		Release Mouse Button BUTTON1

ExecutedAction [13]: 
 @Action ConcreteID = AC19ay23n801023710048 AbstractID = AA19ay23n801023710048
 ConcreteID CUSTOM = ConcreteID CUSTOM not available AbstractID CUSTOM = AA46pttp7f2460624680
 @State ConcreteID = SC1jvwpml25e3750722206 AbstractID = SRn16q6n244566666292
 ConcreteID CUSTOM = SCptmqx12602746621450 AbstractID CUSTOM = SAt0c55r2561254656356

	ROLE = LeftClickAt
	TARGET =
		WIDGET = WC3stton1e3163734143, WR17v7k2nb1067391859, WTaz2n92112307194186, WPacowgl1a3045381629
		ROLE = UIAMenuItem
		TITLE = Format
		SHAPE = Rect [x:734.0 y:641.0 w:52.0 h:19.0]
		CHILDREN = 0
		PATH = [0, 5, 2]
	DESCRIPTION = Left Click at 'Format'
	TEXT = Compound Action =
		Move mouse to (760.0, 650.5).
		Press Mouse Button BUTTON1
		Release Mouse Button BUTTON1

ExecutedAction [14]: 
 @Action ConcreteID = AC6f6trb7f2113706033 AbstractID = AA6f6trb7f2113706033
 ConcreteID CUSTOM = ConcreteID CUSTOM not available AbstractID CUSTOM = AA12i185o7e3250839908
 @State ConcreteID = SCadliz71d63945526927 AbstractID = SRuxvih1ba2513313992
 ConcreteID CUSTOM = SC6wkyea1d51928682181 AbstractID CUSTOM = SA1e0xkku1d417380732

	ROLE = LeftClickAt
	TARGET =
		WIDGET = WC1fqsh0i1c2124881114, WR17v7k2nb1067391859, WT1qe72ijf99311909, WPjboygg183884664251
		ROLE = UIAMenuItem
		TITLE = File
		SHAPE = Rect [x:668.0 y:641.0 w:32.0 h:19.0]
		CHILDREN = 0
		PATH = [0, 3, 0]
	DESCRIPTION = Left Click at 'File'
	TEXT = Compound Action =
		Move mouse to (684.0, 650.5).
		Press Mouse Button BUTTON1
		Release Mouse Button BUTTON1

ExecutedAction [15]: 
 @Action ConcreteID = AC1lmfc1q803688718291 AbstractID = AA1lmfc1q803688718291
 ConcreteID CUSTOM = ConcreteID CUSTOM not available AbstractID CUSTOM = AAn506jf7f1558408409
 @State ConcreteID = SC1a7di9c2893677094597 AbstractID = SRml6io426d3670816528
 ConcreteID CUSTOM = SCciuwt128c3395362589 AbstractID CUSTOM = SAbduj6h2823690180780

	ROLE = LeftClickAt
	TARGET =
		WIDGET = WC3sa13a1e2180180431, WR17v7k2nb1067391859, WTaz2n92112307194186, WPac53v81a2296708173
		ROLE = UIAMenuItem
		TITLE = Format
		SHAPE = Rect [x:734.0 y:641.0 w:52.0 h:19.0]
		CHILDREN = 0
		PATH = [0, 4, 2]
	DESCRIPTION = Left Click at 'Format'
	TEXT = Compound Action =
		Move mouse to (760.0, 650.5).
		Press Mouse Button BUTTON1
		Release Mouse Button BUTTON1

ExecutedAction [16]: 
 @Action ConcreteID = AC3uk2e47f2233447925 AbstractID = AA3uk2e47f2233447925
 ConcreteID CUSTOM = ConcreteID CUSTOM not available AbstractID CUSTOM = AAzxegsh7e958450848
 @State ConcreteID = SCadliz71d63945526927 AbstractID = SRuxvih1ba2513313992
 ConcreteID CUSTOM = SC6wkyea1d51928682181 AbstractID CUSTOM = SA1e0xkku1d417380732

	ROLE = LeftClickAt
	TARGET =
		WIDGET = WCdfgprn1c4116076503, WR17v7k2nb1067391859, WT1qe6brdf138512687, WP1hwpd4x181691246414
		ROLE = UIAMenuItem
		TITLE = Edit
		SHAPE = Rect [x:700.0 y:641.0 w:34.0 h:19.0]
		CHILDREN = 0
		PATH = [0, 3, 1]
	DESCRIPTION = Left Click at 'Edit'
	TEXT = Compound Action =
		Move mouse to (717.0, 650.5).
		Press Mouse Button BUTTON1
		Release Mouse Button BUTTON1

ExecutedAction [17]: 
 @Action ConcreteID = ACzzmhx27f920835783 AbstractID = AAzzmhx27f920835783
 ConcreteID CUSTOM = ConcreteID CUSTOM not available AbstractID CUSTOM = AA41kldf7f1854797354
 @State ConcreteID = SCe4z3aq2ea3285546240 AbstractID = SR1hpakru2d13589890082
 ConcreteID CUSTOM = SCb3s76v2f21601583371 AbstractID CUSTOM = SA3bzqiy2ea3536011733

	ROLE = LeftClickAt
	TARGET =
		WIDGET = WC12k47km252947986193, WR17v7k2nb1067391859, WT1ukegtj174003865368, WPcde18o21552160172
		ROLE = UIAMenuItem
		TITLE = Time/Date	F5
		SHAPE = Rect [x:703.0 y:948.0 w:225.0 h:22.0]
		CHILDREN = 0
		PATH = [0, 0, 12]
	DESCRIPTION = Left Click at 'Time/Date	F5'
	TEXT = Compound Action =
		Move mouse to (815.5, 959.0).
		Press Mouse Button BUTTON1
		Release Mouse Button BUTTON1

ExecutedAction [18]: 
 @Action ConcreteID = AC10g2lqu801228964337 AbstractID = AA10g2lqu801228964337
 ConcreteID CUSTOM = ConcreteID CUSTOM not available AbstractID CUSTOM = AArixbal7e123564459
 @State ConcreteID = SC1m7udey1d61474866036 AbstractID = SRuxvih1ba2513313992
 ConcreteID CUSTOM = SCwpbqyg1d53581999551 AbstractID CUSTOM = SA1e0xkku1d417380732

	ROLE = LeftClickAt
	TARGET =
		WIDGET = WC3rq8hx1e869414367, WR17v7k2nb1067391859, WTaz2n92112307194186, WPablb9v1a985931869
		ROLE = UIAMenuItem
		TITLE = Format
		SHAPE = Rect [x:734.0 y:641.0 w:52.0 h:19.0]
		CHILDREN = 0
		PATH = [0, 3, 2]
	DESCRIPTION = Left Click at 'Format'
	TEXT = Compound Action =
		Move mouse to (760.0, 650.5).
		Press Mouse Button BUTTON1
		Release Mouse Button BUTTON1

ExecutedAction [19]: 
 @Action ConcreteID = AC8d29z80946852741 AbstractID = AA8d29z80946852741
 ConcreteID CUSTOM = ConcreteID CUSTOM not available AbstractID CUSTOM = AA175vgga801823815726
 @State ConcreteID = SC1hko77j20b1079126385 AbstractID = SRhdom0g1f51351705365
 ConcreteID CUSTOM = SC1wdw4jk2123791009049 AbstractID CUSTOM = SA1odsafd20b3326211211

	ROLE = LeftClickAt
	TARGET =
		WIDGET = WC3sa13a1e2180180431, WR17v7k2nb1067391859, WTaz2n92112307194186, WPac53v81a2296708173
		ROLE = UIAMenuItem
		TITLE = Format
		SHAPE = Rect [x:734.0 y:641.0 w:52.0 h:19.0]
		CHILDREN = 0
		PATH = [0, 4, 2]
	DESCRIPTION = Left Click at 'Format'
	TEXT = Compound Action =
		Move mouse to (760.0, 650.5).
		Press Mouse Button BUTTON1
		Release Mouse Button BUTTON1

ExecutedAction [20]: 
 @Action ConcreteID = AC8mu7rv80101871246 AbstractID = AA8mu7rv80101871246
 ConcreteID CUSTOM = ConcreteID CUSTOM not available AbstractID CUSTOM = AA1fkcly6801388872997
 @State ConcreteID = SC1hko77j20b1079126385 AbstractID = SRhdom0g1f51351705365
 ConcreteID CUSTOM = SC1wdw4jk2123791009049 AbstractID CUSTOM = SA1odsafd20b3326211211

	ROLE = LeftClickAt
	TARGET =
		WIDGET = WCdg0id01c1198951367, WR17v7k2nb1067391859, WT1qe6brdf138512687, WP1hx95qa183605955422
		ROLE = UIAMenuItem
		TITLE = Edit
		SHAPE = Rect [x:700.0 y:641.0 w:34.0 h:19.0]
		CHILDREN = 0
		PATH = [0, 4, 1]
	DESCRIPTION = Left Click at 'Edit'
	TEXT = Compound Action =
		Move mouse to (717.0, 650.5).
		Press Mouse Button BUTTON1
		Release Mouse Button BUTTON1

ExecutedAction [21]: 
 @Action ConcreteID = AC10g2lqu801228964337 AbstractID = AA10g2lqu801228964337
 ConcreteID CUSTOM = ConcreteID CUSTOM not available AbstractID CUSTOM = AArixbal7e123564459
 @State ConcreteID = SC1m7udey1d61474866036 AbstractID = SRuxvih1ba2513313992
 ConcreteID CUSTOM = SCwpbqyg1d53581999551 AbstractID CUSTOM = SA1e0xkku1d417380732

	ROLE = LeftClickAt
	TARGET =
		WIDGET = WC3rq8hx1e869414367, WR17v7k2nb1067391859, WTaz2n92112307194186, WPablb9v1a985931869
		ROLE = UIAMenuItem
		TITLE = Format
		SHAPE = Rect [x:734.0 y:641.0 w:52.0 h:19.0]
		CHILDREN = 0
		PATH = [0, 3, 2]
	DESCRIPTION = Left Click at 'Format'
	TEXT = Compound Action =
		Move mouse to (760.0, 650.5).
		Press Mouse Button BUTTON1
		Release Mouse Button BUTTON1

ExecutedAction [22]: 
 @Action ConcreteID = AC1ceg6m3801340164123 AbstractID = AA1ceg6m3801340164123
 ConcreteID CUSTOM = ConcreteID CUSTOM not available AbstractID CUSTOM = AAkauita80456893360
 @State ConcreteID = SC1hko77j20b1079126385 AbstractID = SRhdom0g1f51351705365
 ConcreteID CUSTOM = SC1wdw4jk2123791009049 AbstractID CUSTOM = SA1odsafd20b3326211211

	ROLE = LeftClickAt
	TARGET =
		WIDGET = WC12bnyii1c2902228113, WR17v7k2nb1067391859, WT1qe89j4f2180189081, WP10dl4js18262952754
		ROLE = UIAMenuItem
		TITLE = Help
		SHAPE = Rect [x:825.0 y:641.0 w:39.0 h:19.0]
		CHILDREN = 0
		PATH = [0, 4, 4]
	DESCRIPTION = Left Click at 'Help'
	TEXT = Compound Action =
		Move mouse to (844.5, 650.5).
		Press Mouse Button BUTTON1
		Release Mouse Button BUTTON1

ExecutedAction [23]: 
 @Action ConcreteID = AC1bf6ilx802413695294 AbstractID = AA1bf6ilx802413695294
 ConcreteID CUSTOM = ConcreteID CUSTOM not available AbstractID CUSTOM = AA12i185o7e3250839908
 @State ConcreteID = SC1m7udey1d61474866036 AbstractID = SRuxvih1ba2513313992
 ConcreteID CUSTOM = SCwpbqyg1d53581999551 AbstractID CUSTOM = SA1e0xkku1d417380732

	ROLE = LeftClickAt
	TARGET =
		WIDGET = WC1fqsh0i1c2124881114, WR17v7k2nb1067391859, WT1qe72ijf99311909, WPjboygg183884664251
		ROLE = UIAMenuItem
		TITLE = File
		SHAPE = Rect [x:668.0 y:641.0 w:32.0 h:19.0]
		CHILDREN = 0
		PATH = [0, 3, 0]
	DESCRIPTION = Left Click at 'File'
	TEXT = Compound Action =
		Move mouse to (684.0, 650.5).
		Press Mouse Button BUTTON1
		Release Mouse Button BUTTON1

ExecutedAction [24]: 
 @Action ConcreteID = AC1sxnagt7f3087612102 AbstractID = AA1sxnagt7f3087612102
 ConcreteID CUSTOM = ConcreteID CUSTOM not available AbstractID CUSTOM = AAdd3ien7f1626424403
 @State ConcreteID = SCev1jp52881309386314 AbstractID = SRml6io426d3670816528
 ConcreteID CUSTOM = SCqd3zqz28c3434548265 AbstractID CUSTOM = SAbduj6h2823690180780

	ROLE = LeftClickAt
	TARGET =
		WIDGET = WC1oe9p4i252629076214, WR17v7k2nb1067391859, WT1mkt3k3184259406525, WPgehku8212133846225
		ROLE = UIAMenuItem
		TITLE = Page Setup...
		SHAPE = Rect [x:671.0 y:780.0 w:223.0 h:22.0]
		CHILDREN = 0
		PATH = [0, 0, 5]
	DESCRIPTION = Left Click at 'Page Setup...'
	TEXT = Compound Action =
		Move mouse to (782.5, 791.0).
		Press Mouse Button BUTTON1
		Release Mouse Button BUTTON1

ExecutedAction [25]: 
 @Action ConcreteID = AC1u44lpm7f2397216884 AbstractID = AA1u44lpm7f2397216884
 ConcreteID CUSTOM = ConcreteID CUSTOM not available AbstractID CUSTOM = AA1jwe6zi7c611330792
 @State ConcreteID = SCuan2ok47e2770070409 AbstractID = SR9msvzd43c3778389333
 ConcreteID CUSTOM = SC172gzuh4843781142921 AbstractID CUSTOM = SAr428348157730185

	ROLE = LeftClickAt
	TARGET =
		WIDGET = WCfx07bd1d2910124185, WR17qbaneb3904637586, WTpv0tsf103871849437, WP1qieqmv192955111547
		ROLE = UIAComboBox
		TITLE = Size:
		SHAPE = Rect [x:772.0 y:729.0 w:240.0 h:21.0]
		CHILDREN = 1
		PATH = [0, 0, 2]
	DESCRIPTION = Left Click at 'Size:'
	TEXT = Compound Action =
		Move mouse to (892.0, 739.5).
		Press Mouse Button BUTTON1
		Release Mouse Button BUTTON1

ExecutedAction [26]: 
 @Action ConcreteID = ACykt0cn803895315993 AbstractID = AAykt0cn803895315993
 ConcreteID CUSTOM = ConcreteID CUSTOM not available AbstractID CUSTOM = AA1cxlux37e4242755653
 @State ConcreteID = SC13lvkpa4f93753341918 AbstractID = SR83y2p34ae4075370157
 ConcreteID CUSTOM = SCej6nu34fe2682087664 AbstractID CUSTOM = SAuduon24f9938691665

	ROLE = LeftClickAt
	TARGET =
		WIDGET = WC11z86zr202254527314, WR52qhb2b3065858412, WT1bx8be9d1330115372, WP19gkv911c3379470456
		ROLE = UIAListItem
		TITLE = A4
		SHAPE = Rect [x:773.0 y:751.0 w:238.0 h:13.0]
		CHILDREN = 0
		PATH = [0, 0, 2, 0, 0]
	DESCRIPTION = Left Click at 'A4'
	TEXT = Compound Action =
		Move mouse to (892.0, 757.5).
		Press Mouse Button BUTTON1
		Release Mouse Button BUTTON1

ExecutedAction [27]: 
 @Action ConcreteID = ACocj1ul7f1730030108 AbstractID = AAocj1ul7f1730030108
 ConcreteID CUSTOM = ConcreteID CUSTOM not available AbstractID CUSTOM = AAe4sn4h7c3448545408
 @State ConcreteID = SCuan2ok47e2770070409 AbstractID = SR9msvzd43c3778389333
 ConcreteID CUSTOM = SC172gzuh4843781142921 AbstractID CUSTOM = SAr428348157730185

	ROLE = LeftClickAt
	TARGET =
		WIDGET = WC1np2nvl1f2818365999, WR17qbaneb3904637586, WT1u4k19x12231763435, WP1v265671b2782544959
		ROLE = UIAComboBox
		TITLE = Source:
		SHAPE = Rect [x:772.0 y:760.0 w:240.0 h:21.0]
		CHILDREN = 1
		PATH = [0, 0, 4]
	DESCRIPTION = Left Click at 'Source:'
	TEXT = Compound Action =
		Move mouse to (892.0, 770.5).
		Press Mouse Button BUTTON1
		Release Mouse Button BUTTON1

ExecutedAction [28]: 
 @Action ConcreteID = AC1oabldm7f2765772204 AbstractID = AA1oabldm7f2765772204
 ConcreteID CUSTOM = ConcreteID CUSTOM not available AbstractID CUSTOM = AA1l9ojfn7f2638888716
 @State ConcreteID = SC1ml7s3b4d0978623042 AbstractID = SR1sshk154883897869669
 ConcreteID CUSTOM = SC1bsy5e64d41163049032 AbstractID CUSTOM = SArku3i94cf1855003065

	ROLE = LeftClickAt
	TARGET =
		WIDGET = WCuhgjg9233190973938, WRa3fnoge3263686876, WTu95paz162645246549, WPppvphj1f3289767898
		ROLE = UIARadioButton
		TITLE = Portrait
		SHAPE = Rect [x:700.0 y:825.0 w:78.0 h:20.0]
		CHILDREN = 0
		PATH = [0, 0, 6]
	DESCRIPTION = Left Click at 'Portrait'
	TEXT = Compound Action =
		Move mouse to (739.0, 835.0).
		Press Mouse Button BUTTON1
		Release Mouse Button BUTTON1

ExecutedAction [29]: 
 @Action ConcreteID = AC105mafq7f2406545369 AbstractID = AA105mafq7f2406545369
 ConcreteID CUSTOM = ConcreteID CUSTOM not available AbstractID CUSTOM = AApxvvpm7c635600197
 @State ConcreteID = SCuan2ok47e2770070409 AbstractID = SR9msvzd43c3778389333
 ConcreteID CUSTOM = SC172gzuh4843781142921 AbstractID CUSTOM = SAr428348157730185

	ROLE = LeftClickAt
	TARGET =
		WIDGET = WCuhgjg9233190973938, WRa3fnoge3263686876, WTu95paz162645246549, WPppvphj1f3289767898
		ROLE = UIARadioButton
		TITLE = Portrait
		SHAPE = Rect [x:700.0 y:825.0 w:78.0 h:20.0]
		CHILDREN = 0
		PATH = [0, 0, 6]
	DESCRIPTION = Left Click at 'Portrait'
	TEXT = Compound Action =
		Move mouse to (739.0, 835.0).
		Press Mouse Button BUTTON1
		Release Mouse Button BUTTON1

ExecutedAction [30]: 
 @Action ConcreteID = ACocj1ul7f1730030108 AbstractID = AAocj1ul7f1730030108
 ConcreteID CUSTOM = ConcreteID CUSTOM not available AbstractID CUSTOM = AAe4sn4h7c3448545408
 @State ConcreteID = SCuan2ok47e2770070409 AbstractID = SR9msvzd43c3778389333
 ConcreteID CUSTOM = SC172gzuh4843781142921 AbstractID CUSTOM = SAr428348157730185

	ROLE = LeftClickAt
	TARGET =
		WIDGET = WC1np2nvl1f2818365999, WR17qbaneb3904637586, WT1u4k19x12231763435, WP1v265671b2782544959
		ROLE = UIAComboBox
		TITLE = Source:
		SHAPE = Rect [x:772.0 y:760.0 w:240.0 h:21.0]
		CHILDREN = 1
		PATH = [0, 0, 4]
	DESCRIPTION = Left Click at 'Source:'
	TEXT = Compound Action =
		Move mouse to (892.0, 770.5).
		Press Mouse Button BUTTON1
		Release Mouse Button BUTTON1

ExecutedAction [31]: 
 @Action ConcreteID = AC1jxkfqg7f492462349 AbstractID = AA1jxkfqg7f492462349
 ConcreteID CUSTOM = ConcreteID CUSTOM not available AbstractID CUSTOM = AA1gwxdsh7f617221037
 @State ConcreteID = SC1ml7s3b4d0978623042 AbstractID = SR1sshk154883897869669
 ConcreteID CUSTOM = SC1bsy5e64d41163049032 AbstractID CUSTOM = SArku3i94cf1855003065

	ROLE = LeftClickAt
	TARGET =
		WIDGET = WC10z3tdo293586628176, WR52qhb2b3065858412, WT1r9yp931f2203879893, WP1pzqpke253478310849
		ROLE = UIAListItem
		TITLE = Automatically select
		SHAPE = Rect [x:773.0 y:782.0 w:238.0 h:13.0]
		CHILDREN = 0
		PATH = [1, 0]
	DESCRIPTION = Left Click at 'Automatically select'
	TEXT = Compound Action =
		Move mouse to (892.0, 788.5).
		Press Mouse Button BUTTON1
		Release Mouse Button BUTTON1

ExecutedAction [32]: 
 @Action ConcreteID = AC1u44lpm7f2397216884 AbstractID = AA1u44lpm7f2397216884
 ConcreteID CUSTOM = ConcreteID CUSTOM not available AbstractID CUSTOM = AA1jwe6zi7c611330792
 @State ConcreteID = SCuan2ok47e2770070409 AbstractID = SR9msvzd43c3778389333
 ConcreteID CUSTOM = SC172gzuh4843781142921 AbstractID CUSTOM = SAr428348157730185

	ROLE = LeftClickAt
	TARGET =
		WIDGET = WCfx07bd1d2910124185, WR17qbaneb3904637586, WTpv0tsf103871849437, WP1qieqmv192955111547
		ROLE = UIAComboBox
		TITLE = Size:
		SHAPE = Rect [x:772.0 y:729.0 w:240.0 h:21.0]
		CHILDREN = 1
		PATH = [0, 0, 2]
	DESCRIPTION = Left Click at 'Size:'
	TEXT = Compound Action =
		Move mouse to (892.0, 739.5).
		Press Mouse Button BUTTON1
		Release Mouse Button BUTTON1

ExecutedAction [33]: 
 @Action ConcreteID = AC1lu730e801163886887 AbstractID = AA1lu730e801163886887
 ConcreteID CUSTOM = ConcreteID CUSTOM not available AbstractID CUSTOM = AA15vvlq7e1368465275
 @State ConcreteID = SC13lvkpa4f93753341918 AbstractID = SR83y2p34ae4075370157
 ConcreteID CUSTOM = SCej6nu34fe2682087664 AbstractID CUSTOM = SAuduon24f9938691665

	ROLE = LeftClickAt
	TARGET =
		WIDGET = WC1np2nvl1f2818365999, WR17qbaneb3904637586, WT1u4k19x12231763435, WP1v265671b2782544959
		ROLE = UIAComboBox
		TITLE = Source:
		SHAPE = Rect [x:772.0 y:760.0 w:240.0 h:21.0]
		CHILDREN = 1
		PATH = [0, 0, 4]
	DESCRIPTION = Left Click at 'Source:'
	TEXT = Compound Action =
		Move mouse to (892.0, 770.5).
		Press Mouse Button BUTTON1
		Release Mouse Button BUTTON1

ExecutedAction [34]: 
 @Action ConcreteID = AC1u44lpm7f2397216884 AbstractID = AA1u44lpm7f2397216884
 ConcreteID CUSTOM = ConcreteID CUSTOM not available AbstractID CUSTOM = AA1jwe6zi7c611330792
 @State ConcreteID = SCuan2ok47e2770070409 AbstractID = SR9msvzd43c3778389333
 ConcreteID CUSTOM = SC172gzuh4843781142921 AbstractID CUSTOM = SAr428348157730185

	ROLE = LeftClickAt
	TARGET =
		WIDGET = WCfx07bd1d2910124185, WR17qbaneb3904637586, WTpv0tsf103871849437, WP1qieqmv192955111547
		ROLE = UIAComboBox
		TITLE = Size:
		SHAPE = Rect [x:772.0 y:729.0 w:240.0 h:21.0]
		CHILDREN = 1
		PATH = [0, 0, 2]
	DESCRIPTION = Left Click at 'Size:'
	TEXT = Compound Action =
		Move mouse to (892.0, 739.5).
		Press Mouse Button BUTTON1
		Release Mouse Button BUTTON1

ExecutedAction [35]: 
 @Action ConcreteID = ACyet5lq8039812609 AbstractID = AAyet5lq8039812609
 ConcreteID CUSTOM = ConcreteID CUSTOM not available AbstractID CUSTOM = AA1crm0667e378658909
 @State ConcreteID = SC13lvkpa4f93753341918 AbstractID = SR83y2p34ae4075370157
 ConcreteID CUSTOM = SCej6nu34fe2682087664 AbstractID CUSTOM = SAuduon24f9938691665

	ROLE = LeftClickAt
	TARGET =
		WIDGET = WC1vk8ai313544393063, WR4n4ygb71694219017, WTffw52mc121423905, WPkl48e1f1508655017
		ROLE = UIAList
		TITLE = Size:
		SHAPE = Rect [x:772.0 y:750.0 w:240.0 h:28.0]
		CHILDREN = 2
		PATH = [1]
	DESCRIPTION = Left Click at 'Size:'
	TEXT = Compound Action =
		Move mouse to (892.0, 764.0).
		Press Mouse Button BUTTON1
		Release Mouse Button BUTTON1

ExecutedAction [36]: 
 @Action ConcreteID = AC1u44lpm7f2397216884 AbstractID = AA1u44lpm7f2397216884
 ConcreteID CUSTOM = ConcreteID CUSTOM not available AbstractID CUSTOM = AA1jwe6zi7c611330792
 @State ConcreteID = SCuan2ok47e2770070409 AbstractID = SR9msvzd43c3778389333
 ConcreteID CUSTOM = SC172gzuh4843781142921 AbstractID CUSTOM = SAr428348157730185

	ROLE = LeftClickAt
	TARGET =
		WIDGET = WCfx07bd1d2910124185, WR17qbaneb3904637586, WTpv0tsf103871849437, WP1qieqmv192955111547
		ROLE = UIAComboBox
		TITLE = Size:
		SHAPE = Rect [x:772.0 y:729.0 w:240.0 h:21.0]
		CHILDREN = 1
		PATH = [0, 0, 2]
	DESCRIPTION = Left Click at 'Size:'
	TEXT = Compound Action =
		Move mouse to (892.0, 739.5).
		Press Mouse Button BUTTON1
		Release Mouse Button BUTTON1

ExecutedAction [37]: 
 @Action ConcreteID = ACyet5lq8039812609 AbstractID = AAyet5lq8039812609
 ConcreteID CUSTOM = ConcreteID CUSTOM not available AbstractID CUSTOM = AA1crm0667e378658909
 @State ConcreteID = SC13lvkpa4f93753341918 AbstractID = SR83y2p34ae4075370157
 ConcreteID CUSTOM = SCej6nu34fe2682087664 AbstractID CUSTOM = SAuduon24f9938691665

	ROLE = LeftClickAt
	TARGET =
		WIDGET = WC1vk8ai313544393063, WR4n4ygb71694219017, WTffw52mc121423905, WPkl48e1f1508655017
		ROLE = UIAList
		TITLE = Size:
		SHAPE = Rect [x:772.0 y:750.0 w:240.0 h:28.0]
		CHILDREN = 2
		PATH = [1]
	DESCRIPTION = Left Click at 'Size:'
	TEXT = Compound Action =
		Move mouse to (892.0, 764.0).
		Press Mouse Button BUTTON1
		Release Mouse Button BUTTON1

ExecutedAction [38]: 
 @Action ConcreteID = AC1u44lpm7f2397216884 AbstractID = AA1u44lpm7f2397216884
 ConcreteID CUSTOM = ConcreteID CUSTOM not available AbstractID CUSTOM = AA1jwe6zi7c611330792
 @State ConcreteID = SCuan2ok47e2770070409 AbstractID = SR9msvzd43c3778389333
 ConcreteID CUSTOM = SC172gzuh4843781142921 AbstractID CUSTOM = SAr428348157730185

	ROLE = LeftClickAt
	TARGET =
		WIDGET = WCfx07bd1d2910124185, WR17qbaneb3904637586, WTpv0tsf103871849437, WP1qieqmv192955111547
		ROLE = UIAComboBox
		TITLE = Size:
		SHAPE = Rect [x:772.0 y:729.0 w:240.0 h:21.0]
		CHILDREN = 1
		PATH = [0, 0, 2]
	DESCRIPTION = Left Click at 'Size:'
	TEXT = Compound Action =
		Move mouse to (892.0, 739.5).
		Press Mouse Button BUTTON1
		Release Mouse Button BUTTON1

ExecutedAction [39]: 
 @Action ConcreteID = AC1lu730e801163886887 AbstractID = AA1lu730e801163886887
 ConcreteID CUSTOM = ConcreteID CUSTOM not available AbstractID CUSTOM = AA15vvlq7e1368465275
 @State ConcreteID = SC13lvkpa4f93753341918 AbstractID = SR83y2p34ae4075370157
 ConcreteID CUSTOM = SCej6nu34fe2682087664 AbstractID CUSTOM = SAuduon24f9938691665

	ROLE = LeftClickAt
	TARGET =
		WIDGET = WC1ryzm2b24447157633, WR52qhb2b3065858412, WT1709ihw112377124544, WPpmivgh202231449382
		ROLE = UIAListItem
		TITLE = Letter
		SHAPE = Rect [x:773.0 y:764.0 w:238.0 h:13.0]
		CHILDREN = 0
		PATH = [0, 0, 2, 0, 1]
	DESCRIPTION = Left Click at 'Letter'
	TEXT = Compound Action =
		Move mouse to (892.0, 770.5).
		Press Mouse Button BUTTON1
		Release Mouse Button BUTTON1

ExecutedAction [40]: 
 @Action ConcreteID = AC1u44lpm7f2397216884 AbstractID = AA1u44lpm7f2397216884
 ConcreteID CUSTOM = ConcreteID CUSTOM not available AbstractID CUSTOM = AA1jwe6zi7c611330792
 @State ConcreteID = SCuan2ok47e2770070409 AbstractID = SR9msvzd43c3778389333
 ConcreteID CUSTOM = SC172gzuh4843781142921 AbstractID CUSTOM = SAr428348157730185

	ROLE = LeftClickAt
	TARGET =
		WIDGET = WCfx07bd1d2910124185, WR17qbaneb3904637586, WTpv0tsf103871849437, WP1qieqmv192955111547
		ROLE = UIAComboBox
		TITLE = Size:
		SHAPE = Rect [x:772.0 y:729.0 w:240.0 h:21.0]
		CHILDREN = 1
		PATH = [0, 0, 2]
	DESCRIPTION = Left Click at 'Size:'
	TEXT = Compound Action =
		Move mouse to (892.0, 739.5).
		Press Mouse Button BUTTON1
		Release Mouse Button BUTTON1

ExecutedAction [41]: 
 @Action ConcreteID = AC1xnablj802905693410 AbstractID = AA1xnablj802905693410
 ConcreteID CUSTOM = ConcreteID CUSTOM not available AbstractID CUSTOM = AAcyz46v7e3120546494
 @State ConcreteID = SC13lvkpa4f93753341918 AbstractID = SR83y2p34ae4075370157
 ConcreteID CUSTOM = SCej6nu34fe2682087664 AbstractID CUSTOM = SAuduon24f9938691665

	ROLE = LeftClickAt
	TARGET =
		WIDGET = WCuhgjg9233190973938, WRa3fnoge3263686876, WTu95paz162645246549, WPppvphj1f3289767898
		ROLE = UIARadioButton
		TITLE = Portrait
		SHAPE = Rect [x:700.0 y:825.0 w:78.0 h:20.0]
		CHILDREN = 0
		PATH = [0, 0, 6]
	DESCRIPTION = Left Click at 'Portrait'
	TEXT = Compound Action =
		Move mouse to (739.0, 835.0).
		Press Mouse Button BUTTON1
		Release Mouse Button BUTTON1

ExecutedAction [42]: 
 @Action ConcreteID = AC1kil2477f548837321 AbstractID = AA1kil2477f548837321
 ConcreteID CUSTOM = ConcreteID CUSTOM not available AbstractID CUSTOM = AA1aaune37c2317622613
 @State ConcreteID = SCuan2ok47e2770070409 AbstractID = SR9msvzd43c3778389333
 ConcreteID CUSTOM = SC172gzuh4843781142921 AbstractID CUSTOM = SAr428348157730185

	ROLE = LeftClickAt
	TARGET =
		WIDGET = WCjg5w54241201387136, WRa3fnoge3263686876, WTjezmd7174119221906, WPfw7qkm203012848288
		ROLE = UIARadioButton
		TITLE = Landscape
		SHAPE = Rect [x:700.0 y:859.0 w:78.0 h:20.0]
		CHILDREN = 0
		PATH = [0, 0, 7]
	DESCRIPTION = Left Click at 'Landscape'
	TEXT = Compound Action =
		Move mouse to (739.0, 869.0).
		Press Mouse Button BUTTON1
		Release Mouse Button BUTTON1

ExecutedAction [43]: 
 @Action ConcreteID = ACmk5kkv801610827161 AbstractID = AAmk5kkv801610827161
 ConcreteID CUSTOM = ConcreteID CUSTOM not available AbstractID CUSTOM = AA1p1z5yz7d2567964796
 @State ConcreteID = SCuan2ok47e2770070409 AbstractID = SR9msvzd43c3778389333
 ConcreteID CUSTOM = SC172gzuh4843781142921 AbstractID CUSTOM = SAr428348157730185

	ROLE = LeftClickAt
	TARGET =
		WIDGET = WCi7bzgr193162854499, WR1h6ibpb92248851252, WTzj707vb935461581, WP1iyc5h9151692913615
		ROLE = UIAButton
		TITLE = OK
		SHAPE = Rect [x:1042.0 y:975.0 w:75.0 h:23.0]
		CHILDREN = 0
		PATH = [0, 0, 22]
	DESCRIPTION = Left Click at 'OK'
	TEXT = Compound Action =
		Move mouse to (1079.5, 986.5).
		Press Mouse Button BUTTON1
		Release Mouse Button BUTTON1

ExecutedAction [44]: 
 @Action ConcreteID = AC1pd1gx1803115144486 AbstractID = AA1pd1gx1803115144486
 ConcreteID CUSTOM = ConcreteID CUSTOM not available AbstractID CUSTOM = AA1gfw6gs7e4155549052
 @State ConcreteID = SC1m7udey1d61474866036 AbstractID = SRuxvih1ba2513313992
 ConcreteID CUSTOM = SCwpbqyg1d53581999551 AbstractID CUSTOM = SA1e0xkku1d417380732

	ROLE = LeftClickAt
	TARGET =
		WIDGET = WCdsg5py1c3010804170, WR17v7k2nb1067391859, WT1qeha5gf2005531835, WPk6niro18548921330
		ROLE = UIAMenuItem
		TITLE = View
		SHAPE = Rect [x:786.0 y:641.0 w:39.0 h:19.0]
		CHILDREN = 0
		PATH = [0, 3, 3]
	DESCRIPTION = Left Click at 'View'
	TEXT = Compound Action =
		Move mouse to (805.5, 650.5).
		Press Mouse Button BUTTON1
		Release Mouse Button BUTTON1

ExecutedAction [45]: 
 @Action ConcreteID = ACymeflt7e330468091 AbstractID = AAymeflt7e330468091
 ConcreteID CUSTOM = ConcreteID CUSTOM not available AbstractID CUSTOM = AA175vgga801823815726
 @State ConcreteID = SC259h31209935730252 AbstractID = SRhdom0g1f51351705365
 ConcreteID CUSTOM = SC1h2m0qe2111003998719 AbstractID CUSTOM = SA1odsafd20b3326211211

	ROLE = LeftClickAt
	TARGET =
		WIDGET = WC3sa13a1e2180180431, WR17v7k2nb1067391859, WTaz2n92112307194186, WPac53v81a2296708173
		ROLE = UIAMenuItem
		TITLE = Format
		SHAPE = Rect [x:734.0 y:641.0 w:52.0 h:19.0]
		CHILDREN = 0
		PATH = [0, 4, 2]
	DESCRIPTION = Left Click at 'Format'
	TEXT = Compound Action =
		Move mouse to (760.0, 650.5).
		Press Mouse Button BUTTON1
		Release Mouse Button BUTTON1

ExecutedAction [46]: 
 @Action ConcreteID = AC1pd1gx1803115144486 AbstractID = AA1pd1gx1803115144486
 ConcreteID CUSTOM = ConcreteID CUSTOM not available AbstractID CUSTOM = AA1gfw6gs7e4155549052
 @State ConcreteID = SC1m7udey1d61474866036 AbstractID = SRuxvih1ba2513313992
 ConcreteID CUSTOM = SCwpbqyg1d53581999551 AbstractID CUSTOM = SA1e0xkku1d417380732

	ROLE = LeftClickAt
	TARGET =
		WIDGET = WCdsg5py1c3010804170, WR17v7k2nb1067391859, WT1qeha5gf2005531835, WPk6niro18548921330
		ROLE = UIAMenuItem
		TITLE = View
		SHAPE = Rect [x:786.0 y:641.0 w:39.0 h:19.0]
		CHILDREN = 0
		PATH = [0, 3, 3]
	DESCRIPTION = Left Click at 'View'
	TEXT = Compound Action =
		Move mouse to (805.5, 650.5).
		Press Mouse Button BUTTON1
		Release Mouse Button BUTTON1

ExecutedAction [47]: 
 @Action ConcreteID = AC170vl3p7e768554992 AbstractID = AA170vl3p7e768554992
 ConcreteID CUSTOM = ConcreteID CUSTOM not available AbstractID CUSTOM = AA1fkcly6801388872997
 @State ConcreteID = SC259h31209935730252 AbstractID = SRhdom0g1f51351705365
 ConcreteID CUSTOM = SC1h2m0qe2111003998719 AbstractID CUSTOM = SA1odsafd20b3326211211

	ROLE = LeftClickAt
	TARGET =
		WIDGET = WCdg0id01c1198951367, WR17v7k2nb1067391859, WT1qe6brdf138512687, WP1hx95qa183605955422
		ROLE = UIAMenuItem
		TITLE = Edit
		SHAPE = Rect [x:700.0 y:641.0 w:34.0 h:19.0]
		CHILDREN = 0
		PATH = [0, 4, 1]
	DESCRIPTION = Left Click at 'Edit'
	TEXT = Compound Action =
		Move mouse to (717.0, 650.5).
		Press Mouse Button BUTTON1
		Release Mouse Button BUTTON1

ExecutedAction [48]: 
 @Action ConcreteID = AC1bf6ilx802413695294 AbstractID = AA1bf6ilx802413695294
 ConcreteID CUSTOM = ConcreteID CUSTOM not available AbstractID CUSTOM = AA12i185o7e3250839908
 @State ConcreteID = SC1m7udey1d61474866036 AbstractID = SRuxvih1ba2513313992
 ConcreteID CUSTOM = SCwpbqyg1d53581999551 AbstractID CUSTOM = SA1e0xkku1d417380732

	ROLE = LeftClickAt
	TARGET =
		WIDGET = WC1fqsh0i1c2124881114, WR17v7k2nb1067391859, WT1qe72ijf99311909, WPjboygg183884664251
		ROLE = UIAMenuItem
		TITLE = File
		SHAPE = Rect [x:668.0 y:641.0 w:32.0 h:19.0]
		CHILDREN = 0
		PATH = [0, 3, 0]
	DESCRIPTION = Left Click at 'File'
	TEXT = Compound Action =
		Move mouse to (684.0, 650.5).
		Press Mouse Button BUTTON1
		Release Mouse Button BUTTON1

ExecutedAction [49]: 
 @Action ConcreteID = ACxwo1q97f3342808351 AbstractID = AAxwo1q97f3342808351
 ConcreteID CUSTOM = ConcreteID CUSTOM not available AbstractID CUSTOM = AA1hd8bn77f533154186
 @State ConcreteID = SCev1jp52881309386314 AbstractID = SRml6io426d3670816528
 ConcreteID CUSTOM = SCqd3zqz28c3434548265 AbstractID CUSTOM = SAbduj6h2823690180780

	ROLE = LeftClickAt
	TARGET =
		WIDGET = WC1hu1e84223620388792, WR17v7k2nb1067391859, WT1otgxiu151058087525, WP1dvs8421e3158620222
		ROLE = UIAMenuItem
		TITLE = New	Ctrl+N
		SHAPE = Rect [x:671.0 y:663.0 w:223.0 h:22.0]
		CHILDREN = 0
		PATH = [0, 0, 0]
	DESCRIPTION = Left Click at 'New	Ctrl+N'
	TEXT = Compound Action =
		Move mouse to (782.5, 674.0).
		Press Mouse Button BUTTON1
		Release Mouse Button BUTTON1

ExecutedAction [50]: 
 @Action ConcreteID = AC7tysys7f1085306837 AbstractID = AA7tysys7f1085306837
 ConcreteID CUSTOM = ConcreteID CUSTOM not available AbstractID CUSTOM = AAz8zhrg811692162735
 @State ConcreteID = SCnrdlbv25e744301214 AbstractID = SR1wh82la2422780807981
 ConcreteID CUSTOM = SCjw07fa2614126219441 AbstractID CUSTOM = SA1wzwftm25e1874330336

	ROLE = LeftClickAt
	TARGET =
		WIDGET = WC1w5f2fy1c3788265415, WR1h6ibpb92248851252, WT1vjbvvdf3603144044, WP8jd2ek18957071755
		ROLE = UIAButton
		TITLE = Cancel
		SHAPE = Rect [x:1045.0 y:579.0 w:72.0 h:23.0]
		CHILDREN = 0
		PATH = [0, 0, 3]
	DESCRIPTION = Left Click at 'Cancel'
	TEXT = Compound Action =
		Move mouse to (1081.0, 590.5).
		Press Mouse Button BUTTON1
		Release Mouse Button BUTTON1

ExecutedAction [51]: 
 @Action ConcreteID = AC10g2lqu801228964337 AbstractID = AA10g2lqu801228964337
 ConcreteID CUSTOM = ConcreteID CUSTOM not available AbstractID CUSTOM = AArixbal7e123564459
 @State ConcreteID = SC1m7udey1d61474866036 AbstractID = SRuxvih1ba2513313992
 ConcreteID CUSTOM = SCwpbqyg1d53581999551 AbstractID CUSTOM = SA1e0xkku1d417380732

	ROLE = LeftClickAt
	TARGET =
		WIDGET = WC3rq8hx1e869414367, WR17v7k2nb1067391859, WTaz2n92112307194186, WPablb9v1a985931869
		ROLE = UIAMenuItem
		TITLE = Format
		SHAPE = Rect [x:734.0 y:641.0 w:52.0 h:19.0]
		CHILDREN = 0
		PATH = [0, 3, 2]
	DESCRIPTION = Left Click at 'Format'
	TEXT = Compound Action =
		Move mouse to (760.0, 650.5).
		Press Mouse Button BUTTON1
		Release Mouse Button BUTTON1

ExecutedAction [52]: 
 @Action ConcreteID = ACg93ar8801625822589 AbstractID = AAg93ar8801625822589
 ConcreteID CUSTOM = ConcreteID CUSTOM not available AbstractID CUSTOM = AA1n6loxj80875757270
 @State ConcreteID = SC1hko77j20b1079126385 AbstractID = SRhdom0g1f51351705365
 ConcreteID CUSTOM = SC1wdw4jk2123791009049 AbstractID CUSTOM = SA1odsafd20b3326211211

	ROLE = LeftClickAt
	TARGET =
		WIDGET = WC1084jd1f2874738980, WR17v7k2nb1067391859, WT1k0pzz412734516100, WPdmv4jr1b3951525617
		ROLE = UIAMenuItem
		TITLE = Font...
		SHAPE = Rect [x:737.0 y:685.0 w:144.0 h:22.0]
		CHILDREN = 0
		PATH = [0, 0, 1]
	DESCRIPTION = Left Click at 'Font...'
	TEXT = Compound Action =
		Move mouse to (809.0, 696.0).
		Press Mouse Button BUTTON1
		Release Mouse Button BUTTON1

ExecutedAction [53]: 
 @Action ConcreteID = AC15fpodn801913893486 AbstractID = AA15fpodn801913893486
 ConcreteID CUSTOM = ConcreteID CUSTOM not available AbstractID CUSTOM = AAc0tn2s811232712937
 @State ConcreteID = SC1856nhk64a455839510 AbstractID = SR1t07cxg6013367860381
 ConcreteID CUSTOM = SClvhprd6572125815011 AbstractID CUSTOM = SA14646pp64b2636390816

	ROLE = LeftClickAt
	TARGET =
		WIDGET = WCdw86fu283981117603, WR1h6ibpb92248851252, WT1cknvro121926923266, WPl155zg2427170313
		ROLE = UIAButton
		TITLE = Page down
		SHAPE = Rect [x:1090.0 y:838.0 w:17.0 h:13.0]
		CHILDREN = 0
		PATH = [0, 0, 5, 0, 0, 3]
	DESCRIPTION = Left Click at 'Page down'
	TEXT = Compound Action =
		Move mouse to (1098.5, 844.5).
		Press Mouse Button BUTTON1
		Release Mouse Button BUTTON1

ExecutedAction [54]: 
 @Action ConcreteID = AC15we1o6802732663475 AbstractID = AA15we1o6802732663475
 ConcreteID CUSTOM = ConcreteID CUSTOM not available AbstractID CUSTOM = AA1lsrrup804250481179
 @State ConcreteID = SC16yd1ox6362589627940 AbstractID = SR1eko84r5ed3139079436
 ConcreteID CUSTOM = SC1ge4k83644169553688 AbstractID CUSTOM = SA17nqqdc6361408877522

	ROLE = LeftClickAt
	TARGET =
		WIDGET = WC1el0kgt291643822616, WR52qhb2b3065858412, WT1lfcchm161892832692, WPdz6cbv251771119437
		ROLE = UIAListItem
		TITLE = Bahnschrift
		SHAPE = Rect [x:713.0 y:782.0 w:151.0 h:19.0]
		CHILDREN = 0
		PATH = [0, 0, 1, 0, 2]
	DESCRIPTION = Left Click at 'Bahnschrift'
	TEXT = Compound Action =
		Move mouse to (788.5, 791.5).
		Press Mouse Button BUTTON1
		Release Mouse Button BUTTON1

ExecutedAction [55]: 
 @Action ConcreteID = ACtynj4q7f4053220847 AbstractID = AAtynj4q7f4053220847
 ConcreteID CUSTOM = ConcreteID CUSTOM not available AbstractID CUSTOM = AA1siwhco7f2931251079
 @State ConcreteID = SC1xezrrj68971606109 AbstractID = SR56z7uh63c125825751
 ConcreteID CUSTOM = SCi968t16953326286968 AbstractID CUSTOM = SAo4iryo684498114554

	ROLE = LeftClickAt
	TARGET =
		WIDGET = WCdw86fu283981117603, WR1h6ibpb92248851252, WT1cknvro121926923266, WPl155zg2427170313
		ROLE = UIAButton
		TITLE = Page down
		SHAPE = Rect [x:1090.0 y:838.0 w:17.0 h:13.0]
		CHILDREN = 0
		PATH = [0, 0, 5, 0, 0, 3]
	DESCRIPTION = Left Click at 'Page down'
	TEXT = Compound Action =
		Move mouse to (1098.5, 844.5).
		Press Mouse Button BUTTON1
		Release Mouse Button BUTTON1

ExecutedAction [56]: 
 @Action ConcreteID = ACgigo5n801790778842 AbstractID = AAgigo5n801790778842
 ConcreteID CUSTOM = ConcreteID CUSTOM not available AbstractID CUSTOM = AAv6p5h57f2675261107
 @State ConcreteID = SC1ixtpjg6753303993941 AbstractID = SRc0usc0628306950773
 ConcreteID CUSTOM = SC4r2kxj6823895925240 AbstractID CUSTOM = SA1evvxu566f198097360

	ROLE = LeftClickAt
	TARGET =
		WIDGET = WC16nc57x27925756681, WR52qhb2b3065858412, WTbmosyx143477865046, WP1hsd8aj23244407183
		ROLE = UIAListItem
		TITLE = Condensed
		SHAPE = Rect [x:901.0 y:763.0 w:109.0 h:19.0]
		CHILDREN = 0
		PATH = [0, 0, 3, 0, 1]
	DESCRIPTION = Left Click at 'Condensed'
	TEXT = Compound Action =
		Move mouse to (955.5, 772.5).
		Press Mouse Button BUTTON1
		Release Mouse Button BUTTON1

ExecutedAction [57]: 
 @Action ConcreteID = ACncx8gj9f3320618417 AbstractID = AAncx8gj9f3320618417
 ConcreteID CUSTOM = ConcreteID CUSTOM not available AbstractID CUSTOM = AAkk11gl9e3117776469
 @State ConcreteID = SC1ixtpjg6753303993941 AbstractID = SRc0usc0628306950773
 ConcreteID CUSTOM = SC4r2kxj6823895925240 AbstractID CUSTOM = SA1evvxu566f198097360

	ROLE = LeftDrag
	DESCRIPTION = Drag (875.0, 805.0) To (875.0, 838.0)
	TEXT = Compound Action =
		Move mouse to (875.0, 805.0).
		Press Mouse Button BUTTON1
		Move mouse to (875.0, 838.0).
		Release Mouse Button BUTTON1

ExecutedAction [58]: 
 @Action ConcreteID = AC14b93em7f321311012 AbstractID = AA14b93em7f321311012
 ConcreteID CUSTOM = ConcreteID CUSTOM not available AbstractID CUSTOM = AAm114ff811061225897
 @State ConcreteID = SCsnun7b68b185948770 AbstractID = SR185vu9z63c1169523684
 ConcreteID CUSTOM = SCcgpnjb6973043123766 AbstractID CUSTOM = SA1etswi56811791008462

	ROLE = LeftClickAt
	TARGET =
		WIDGET = WC83xqs71c1934605973, WR4n4ygb71694219017, WTffw52mc121423905, WP1kyox1l183156097240
		ROLE = UIAList
		TITLE = Size:
		SHAPE = Rect [x:1046.0 y:761.0 w:63.0 h:109.0]
		CHILDREN = 8
		PATH = [0, 0, 5, 0]
	DESCRIPTION = Left Click at 'Size:'
	TEXT = Compound Action =
		Move mouse to (1077.5, 815.5).
		Press Mouse Button BUTTON1
		Release Mouse Button BUTTON1

ExecutedAction [59]: 
 @Action ConcreteID = AC1979t677e3194081301 AbstractID = AA1979t677e3194081301
 ConcreteID CUSTOM = ConcreteID CUSTOM not available AbstractID CUSTOM = AA1k2h6aq802873003
 @State ConcreteID = SCsnun7b68b185948770 AbstractID = SR185vu9z63c1169523684
 ConcreteID CUSTOM = SCcgpnjb6973043123766 AbstractID CUSTOM = SA1etswi56811791008462

	ROLE = LeftClickAt
	TARGET =
		WIDGET = WC11hoya227860655646, WR16s6p21c140494670, WTdtcs8f142835715827, WP6m4wns232708476707
		ROLE = UIAScrollBar
		TITLE = Vertical
		SHAPE = Rect [x:864.0 y:763.0 w:17.0 h:114.0]
		CHILDREN = 5
		PATH = [0, 0, 1, 0, 0]
	DESCRIPTION = Left Click at 'Vertical'
	TEXT = Compound Action =
		Move mouse to (872.5, 820.0).
		Press Mouse Button BUTTON1
		Release Mouse Button BUTTON1

ExecutedAction [60]: 
 @Action ConcreteID = AC1ip6y57813663140682 AbstractID = AA1ip6y57813663140682
 ConcreteID CUSTOM = ConcreteID CUSTOM not available AbstractID CUSTOM = AAkssh2i813141003784
 @State ConcreteID = SC1njrtnq68d1936198700 AbstractID = SR185vu9z63c1169523684
 ConcreteID CUSTOM = SC1ej2cnk698119401677 AbstractID CUSTOM = SA1etswi56811791008462

	ROLE = LeftClickAt
	TARGET =
		WIDGET = WC1fynqul202888185286, WR52qhb2b3065858412, WT1bx8b36d347681460, WPkairy31c2731147216
		ROLE = UIAListItem
		TITLE = 48
		SHAPE = Rect [x:1048.0 y:838.0 w:42.0 h:15.0]
		CHILDREN = 0
		PATH = [0, 0, 5, 0, 6]
	DESCRIPTION = Left Click at '48'
	TEXT = Compound Action =
		Move mouse to (1069.0, 845.5).
		Press Mouse Button BUTTON1
		Release Mouse Button BUTTON1

ExecutedAction [61]: 
 @Action ConcreteID = ACh2yohk802986409778 AbstractID = AAh2yohk802986409778
 ConcreteID CUSTOM = ConcreteID CUSTOM not available AbstractID CUSTOM = AA1gne8p5803103944428
 @State ConcreteID = SC1njrtnq68d1936198700 AbstractID = SR185vu9z63c1169523684
 ConcreteID CUSTOM = SC1ej2cnk698119401677 AbstractID CUSTOM = SA1etswi56811791008462

	ROLE = LeftClickAt
	TARGET =
		WIDGET = WC18sn2kb2d357825516, WR52qhb2b3065858412, WTqyfsbd1a1007487430, WP1b78d55291041086757
		ROLE = UIAListItem
		TITLE = Franklin Gothic
		SHAPE = Rect [x:713.0 y:839.0 w:151.0 h:19.0]
		CHILDREN = 0
		PATH = [0, 0, 1, 0, 5]
	DESCRIPTION = Left Click at 'Franklin Gothic'
	TEXT = Compound Action =
		Move mouse to (788.5, 848.5).
		Press Mouse Button BUTTON1
		Release Mouse Button BUTTON1

ExecutedAction [62]: 
 @Action ConcreteID = ACj92es6821636672785 AbstractID = AAj92es6821636672785
 ConcreteID CUSTOM = ConcreteID CUSTOM not available AbstractID CUSTOM = AAdco04o824147341965
 @State ConcreteID = SC1d57wh46263249452008 AbstractID = SR14ipclw5db2735424803
 ConcreteID CUSTOM = SCo2fyep634606590470 AbstractID CUSTOM = SA1b9z0al6213691014931

	ROLE = LeftClickAt
	TARGET =
		WIDGET = WC1jf7b8s1f2199453133, WR17qbaneb3904637586, WT1oe7pvp1243228967, WP1lvuol61b2004616232
		ROLE = UIAComboBox
		TITLE = Script:
		SHAPE = Rect [x:899.0 y:1000.0 w:210.0 h:22.0]
		CHILDREN = 1
		PATH = [0, 0, 9]
	DESCRIPTION = Left Click at 'Script:'
	TEXT = Compound Action =
		Move mouse to (1004.0, 1011.0).
		Press Mouse Button BUTTON1
		Release Mouse Button BUTTON1

ExecutedAction [63]: 
 @Action ConcreteID = AC1mke04v80367315621 AbstractID = AA1mke04v80367315621
 ConcreteID CUSTOM = ConcreteID CUSTOM not available AbstractID CUSTOM = AAsj7dgy812907250502
 @State ConcreteID = SCvnfdpc743828792264 AbstractID = SRnj2z9y6e5317694255
 ConcreteID CUSTOM = SC1me9r9y750834841704 AbstractID CUSTOM = SAywu1nh7372989831911

	ROLE = LeftClickAt
	TARGET =
		WIDGET = WC1grpg081d601422470, WR1h6ibpb92248851252, WT1vjbvvdf3603144044, WP1fkwu62191550463147
		ROLE = UIAButton
		TITLE = Cancel
		SHAPE = Rect [x:1032.0 y:1112.0 w:79.0 h:26.0]
		CHILDREN = 0
		PATH = [0, 0, 12]
	DESCRIPTION = Left Click at 'Cancel'
	TEXT = Compound Action =
		Move mouse to (1071.5, 1125.0).
		Press Mouse Button BUTTON1
		Release Mouse Button BUTTON1

ExecutedAction [64]: 
 @Action ConcreteID = ACyndcet824259951762 AbstractID = AAyndcet824259951762
 ConcreteID CUSTOM = ConcreteID CUSTOM not available AbstractID CUSTOM = AAsqyxrb821800895246
 @State ConcreteID = SC1d57wh46263249452008 AbstractID = SR14ipclw5db2735424803
 ConcreteID CUSTOM = SCo2fyep634606590470 AbstractID CUSTOM = SA1b9z0al6213691014931

	ROLE = LeftClickAt
	TARGET =
		WIDGET = WC1grpg081d601422470, WR1h6ibpb92248851252, WT1vjbvvdf3603144044, WP1fkwu62191550463147
		ROLE = UIAButton
		TITLE = Cancel
		SHAPE = Rect [x:1032.0 y:1112.0 w:79.0 h:26.0]
		CHILDREN = 0
		PATH = [0, 0, 12]
	DESCRIPTION = Left Click at 'Cancel'
	TEXT = Compound Action =
		Move mouse to (1071.5, 1125.0).
		Press Mouse Button BUTTON1
		Release Mouse Button BUTTON1

ExecutedAction [65]: 
 @Action ConcreteID = ACdl1o3u801053694575 AbstractID = AAdl1o3u801053694575
 ConcreteID CUSTOM = ConcreteID CUSTOM not available AbstractID CUSTOM = AA4nwdnl7e1892936245
 @State ConcreteID = SC1m7udey1d61474866036 AbstractID = SRuxvih1ba2513313992
 ConcreteID CUSTOM = SCwpbqyg1d53581999551 AbstractID CUSTOM = SA1e0xkku1d417380732

	ROLE = LeftClickAt
	TARGET =
		WIDGET = WC12b45x51c517775489, WR17v7k2nb1067391859, WT1qe89j4f2180189081, WP10d1byf183180104482
		ROLE = UIAMenuItem
		TITLE = Help
		SHAPE = Rect [x:825.0 y:641.0 w:39.0 h:19.0]
		CHILDREN = 0
		PATH = [0, 3, 4]
	DESCRIPTION = Left Click at 'Help'
	TEXT = Compound Action =
		Move mouse to (844.5, 650.5).
		Press Mouse Button BUTTON1
		Release Mouse Button BUTTON1

ExecutedAction [66]: 
 @Action ConcreteID = AC1ermvj87f3144188344 AbstractID = AA1ermvj87f3144188344
 ConcreteID CUSTOM = ConcreteID CUSTOM not available AbstractID CUSTOM = AA10kpfd7801734444639
 @State ConcreteID = SCska45k21f2850055238 AbstractID = SR1p2iogu2092294951997
 ConcreteID CUSTOM = SC12js1572271289375309 AbstractID CUSTOM = SA19xk86e21f1597656056

	ROLE = LeftClickAt
	TARGET =
		WIDGET = WC3sa13a1e2180180431, WR17v7k2nb1067391859, WTaz2n92112307194186, WPac53v81a2296708173
		ROLE = UIAMenuItem
		TITLE = Format
		SHAPE = Rect [x:734.0 y:641.0 w:52.0 h:19.0]
		CHILDREN = 0
		PATH = [0, 4, 2]
	DESCRIPTION = Left Click at 'Format'
	TEXT = Compound Action =
		Move mouse to (760.0, 650.5).
		Press Mouse Button BUTTON1
		Release Mouse Button BUTTON1

ExecutedAction [67]: 
 @Action ConcreteID = AC18ujr8q802000502010 AbstractID = AA18ujr8q802000502010
 ConcreteID CUSTOM = ConcreteID CUSTOM not available AbstractID CUSTOM = AAzxegsh7e958450848
 @State ConcreteID = SC1m7udey1d61474866036 AbstractID = SRuxvih1ba2513313992
 ConcreteID CUSTOM = SCwpbqyg1d53581999551 AbstractID CUSTOM = SA1e0xkku1d417380732

	ROLE = LeftClickAt
	TARGET =
		WIDGET = WCdfgprn1c4116076503, WR17v7k2nb1067391859, WT1qe6brdf138512687, WP1hwpd4x181691246414
		ROLE = UIAMenuItem
		TITLE = Edit
		SHAPE = Rect [x:700.0 y:641.0 w:34.0 h:19.0]
		CHILDREN = 0
		PATH = [0, 3, 1]
	DESCRIPTION = Left Click at 'Edit'
	TEXT = Compound Action =
		Move mouse to (717.0, 650.5).
		Press Mouse Button BUTTON1
		Release Mouse Button BUTTON1

ExecutedAction [68]: 
 @Action ConcreteID = AC10aj3ex7d603899740 AbstractID = AA10aj3ex7d603899740
 ConcreteID CUSTOM = ConcreteID CUSTOM not available AbstractID CUSTOM = AAqpjsl87f1968381599
 @State ConcreteID = SCnj6wph2e857270958 AbstractID = SR1hpakru2d13589890082
 ConcreteID CUSTOM = SC8c4q8d2f21306098971 AbstractID CUSTOM = SA32r9dy2e72639583375

	ROLE = LeftClickAt
	TARGET =
		WIDGET = WCwzdza024395175971, WR17v7k2nb1067391859, WT1rua1p7173493758977, WP1b39fs620400614711
		ROLE = UIAMenuItem
		TITLE = Find Next	F3
		SHAPE = Rect [x:703.0 y:831.0 w:225.0 h:22.0]
		CHILDREN = 0
		PATH = [0, 0, 7]
	DESCRIPTION = Left Click at 'Find Next	F3'
	TEXT = Compound Action =
		Move mouse to (815.5, 842.0).
		Press Mouse Button BUTTON1
		Release Mouse Button BUTTON1

ExecutedAction [69]: 
 @Action ConcreteID = ACt33vfr7f397474820 AbstractID = AAt33vfr7f397474820
 ConcreteID CUSTOM = ConcreteID CUSTOM not available AbstractID CUSTOM = AA1tx451v7f4028532265
 @State ConcreteID = SC7u4l7c2c12784007747 AbstractID = SR4ddoxt29f766351808
 ConcreteID CUSTOM = SC1e5f6ey2ca187992995 AbstractID CUSTOM = SA75if752c42522409749

	ROLE = LeftClickAt
	TARGET =
		WIDGET = WCdszybb1c22406618, WR17v7k2nb1067391859, WT1qeha5gf2005531835, WPk77bd1182459370466
		ROLE = UIAMenuItem
		TITLE = View
		SHAPE = Rect [x:786.0 y:641.0 w:39.0 h:19.0]
		CHILDREN = 0
		PATH = [0, 4, 3]
	DESCRIPTION = Left Click at 'View'
	TEXT = Compound Action =
		Move mouse to (805.5, 650.5).
		Press Mouse Button BUTTON1
		Release Mouse Button BUTTON1

ExecutedAction [70]: 
 @Action ConcreteID = AC12agi85802007527284 AbstractID = AA12agi85802007527284
 ConcreteID CUSTOM = ConcreteID CUSTOM not available AbstractID CUSTOM = AA1hawoxp7f3552480923
 @State ConcreteID = SC19i73ka2fe1680220985 AbstractID = SR1thh6cy2da2922162793
 ConcreteID CUSTOM = SCo941i8300997027594 AbstractID CUSTOM = SAycs8tn2f61145996036

	ROLE = LeftClickAt
	TARGET =
		WIDGET = WCc755uj1d3519514128, WRa3fnoge3263686876, WT15hnp0b101431103500, WPd3tbd19211332480
		ROLE = UIARadioButton
		TITLE = Up
		SHAPE = Rect [x:888.0 y:873.0 w:38.0 h:20.0]
		CHILDREN = 0
		PATH = [0, 1, 5]
	DESCRIPTION = Left Click at 'Up'
	TEXT = Compound Action =
		Move mouse to (907.0, 883.0).
		Press Mouse Button BUTTON1
		Release Mouse Button BUTTON1

ExecutedAction [71]: 
 @Action ConcreteID = ACt33vfr7f397474820 AbstractID = AAt33vfr7f397474820
 ConcreteID CUSTOM = ConcreteID CUSTOM not available AbstractID CUSTOM = AA1tx451v7f4028532265
 @State ConcreteID = SC7u4l7c2c12784007747 AbstractID = SR4ddoxt29f766351808
 ConcreteID CUSTOM = SC1e5f6ey2ca187992995 AbstractID CUSTOM = SA75if752c42522409749

	ROLE = LeftClickAt
	TARGET =
		WIDGET = WCdszybb1c22406618, WR17v7k2nb1067391859, WT1qeha5gf2005531835, WPk77bd1182459370466
		ROLE = UIAMenuItem
		TITLE = View
		SHAPE = Rect [x:786.0 y:641.0 w:39.0 h:19.0]
		CHILDREN = 0
		PATH = [0, 4, 3]
	DESCRIPTION = Left Click at 'View'
	TEXT = Compound Action =
		Move mouse to (805.5, 650.5).
		Press Mouse Button BUTTON1
		Release Mouse Button BUTTON1

ExecutedAction [72]: 
 @Action ConcreteID = ACo5w7qe804120902263 AbstractID = AAo5w7qe804120902263
 ConcreteID CUSTOM = ConcreteID CUSTOM not available AbstractID CUSTOM = AA136cefy7f1367939992
 @State ConcreteID = SC19i73ka2fe1680220985 AbstractID = SR1thh6cy2da2922162793
 ConcreteID CUSTOM = SCo941i8300997027594 AbstractID CUSTOM = SAycs8tn2f61145996036

	ROLE = LeftClickAt
	TARGET =
		WIDGET = WCdtjqwo1c1010158698, WR17v7k2nb1067391859, WT1qeha5gf2005531835, WPk7r3ye182952211026
		ROLE = UIAMenuItem
		TITLE = View
		SHAPE = Rect [x:786.0 y:641.0 w:39.0 h:19.0]
		CHILDREN = 0
		PATH = [0, 5, 3]
	DESCRIPTION = Left Click at 'View'
	TEXT = Compound Action =
		Move mouse to (805.5, 650.5).
		Press Mouse Button BUTTON1
		Release Mouse Button BUTTON1

ExecutedAction [73]: 
 @Action ConcreteID = ACf58x4n7f566474780 AbstractID = AAf58x4n7f566474780
 ConcreteID CUSTOM = ConcreteID CUSTOM not available AbstractID CUSTOM = AA1fz96qr7f3329081905
 @State ConcreteID = SC7u4l7c2c12784007747 AbstractID = SR4ddoxt29f766351808
 ConcreteID CUSTOM = SC1e5f6ey2ca187992995 AbstractID CUSTOM = SA75if752c42522409749

	ROLE = LeftClickAt
	TARGET =
		WIDGET = WC1frc9lv1c3431448778, WR17v7k2nb1067391859, WT1qe72ijf99311909, WPjc8r1t181437309355
		ROLE = UIAMenuItem
		TITLE = File
		SHAPE = Rect [x:668.0 y:641.0 w:32.0 h:19.0]
		CHILDREN = 0
		PATH = [0, 4, 0]
	DESCRIPTION = Left Click at 'File'
	TEXT = Compound Action =
		Move mouse to (684.0, 650.5).
		Press Mouse Button BUTTON1
		Release Mouse Button BUTTON1

ExecutedAction [74]: 
 @Action ConcreteID = ACngebs08082387211 AbstractID = AAngebs08082387211
 ConcreteID CUSTOM = ConcreteID CUSTOM not available AbstractID CUSTOM = AA14wa9l07f1137647339
 @State ConcreteID = SC1epbcoc37d1544373008 AbstractID = SRlcucxy3524002342856
 ConcreteID CUSTOM = SCohhnsj37b1499571518 AbstractID CUSTOM = SAl4puqh36d3536599012

	ROLE = LeftClickAt
	TARGET =
		WIDGET = WCc755uj1d3519514128, WRa3fnoge3263686876, WT15hnp0b101431103500, WPd3tbd19211332480
		ROLE = UIARadioButton
		TITLE = Up
		SHAPE = Rect [x:888.0 y:873.0 w:38.0 h:20.0]
		CHILDREN = 0
		PATH = [0, 1, 5]
	DESCRIPTION = Left Click at 'Up'
	TEXT = Compound Action =
		Move mouse to (907.0, 883.0).
		Press Mouse Button BUTTON1
		Release Mouse Button BUTTON1

ExecutedAction [75]: 
 @Action ConcreteID = ACp8zy66801716025384 AbstractID = AAp8zy66801716025384
 ConcreteID CUSTOM = ConcreteID CUSTOM not available AbstractID CUSTOM = AAulfclu80594577959
 @State ConcreteID = SC7u4l7c2c12784007747 AbstractID = SR4ddoxt29f766351808
 ConcreteID CUSTOM = SC1e5f6ey2ca187992995 AbstractID CUSTOM = SA75if752c42522409749

	ROLE = LeftClickAt
	TARGET =
		WIDGET = WC1w5f2k91c37260812, WR1h6ibpb92248851252, WT1vjbvvdf3603144044, WP8jd2iv183674150976
		ROLE = UIAButton
		TITLE = Cancel
		SHAPE = Rect [x:994.0 y:848.0 w:75.0 h:23.0]
		CHILDREN = 0
		PATH = [0, 0, 8]
	DESCRIPTION = Left Click at 'Cancel'
	TEXT = Compound Action =
		Move mouse to (1031.5, 859.5).
		Press Mouse Button BUTTON1
		Release Mouse Button BUTTON1

ExecutedAction [76]: 
 @Action ConcreteID = AC18ujr8q802000502010 AbstractID = AA18ujr8q802000502010
 ConcreteID CUSTOM = ConcreteID CUSTOM not available AbstractID CUSTOM = AAzxegsh7e958450848
 @State ConcreteID = SC1m7udey1d61474866036 AbstractID = SRuxvih1ba2513313992
 ConcreteID CUSTOM = SCwpbqyg1d53581999551 AbstractID CUSTOM = SA1e0xkku1d417380732

	ROLE = LeftClickAt
	TARGET =
		WIDGET = WCdfgprn1c4116076503, WR17v7k2nb1067391859, WT1qe6brdf138512687, WP1hwpd4x181691246414
		ROLE = UIAMenuItem
		TITLE = Edit
		SHAPE = Rect [x:700.0 y:641.0 w:34.0 h:19.0]
		CHILDREN = 0
		PATH = [0, 3, 1]
	DESCRIPTION = Left Click at 'Edit'
	TEXT = Compound Action =
		Move mouse to (717.0, 650.5).
		Press Mouse Button BUTTON1
		Release Mouse Button BUTTON1

ExecutedAction [77]: 
 @Action ConcreteID = AC5ji0s07d1903337022 AbstractID = AA5ji0s07d1903337022
 ConcreteID CUSTOM = ConcreteID CUSTOM not available AbstractID CUSTOM = AA1uzmrxf7f668944381
 @State ConcreteID = SCnj6wph2e857270958 AbstractID = SR1hpakru2d13589890082
 ConcreteID CUSTOM = SC8c4q8d2f21306098971 AbstractID CUSTOM = SA32r9dy2e72639583375

	ROLE = LeftClickAt
	TARGET =
		WIDGET = WC15uqtry2a3639049637, WR17v7k2nb1067391859, WT1uqmzu61c233198249, WPwdsxm8262533183897
		ROLE = UIAMenuItem
		TITLE = Select All	Ctrl+A
		SHAPE = Rect [x:703.0 y:926.0 w:225.0 h:22.0]
		CHILDREN = 0
		PATH = [0, 0, 11]
	DESCRIPTION = Left Click at 'Select All	Ctrl+A'
	TEXT = Compound Action =
		Move mouse to (815.5, 937.0).
		Press Mouse Button BUTTON1
		Release Mouse Button BUTTON1

ExecutedAction [78]: 
 @Action ConcreteID = ACdl1o3u801053694575 AbstractID = AAdl1o3u801053694575
 ConcreteID CUSTOM = ConcreteID CUSTOM not available AbstractID CUSTOM = AA4nwdnl7e1892936245
 @State ConcreteID = SC1m7udey1d61474866036 AbstractID = SRuxvih1ba2513313992
 ConcreteID CUSTOM = SCwpbqyg1d53581999551 AbstractID CUSTOM = SA1e0xkku1d417380732

	ROLE = LeftClickAt
	TARGET =
		WIDGET = WC12b45x51c517775489, WR17v7k2nb1067391859, WT1qe89j4f2180189081, WP10d1byf183180104482
		ROLE = UIAMenuItem
		TITLE = Help
		SHAPE = Rect [x:825.0 y:641.0 w:39.0 h:19.0]
		CHILDREN = 0
		PATH = [0, 3, 4]
	DESCRIPTION = Left Click at 'Help'
	TEXT = Compound Action =
		Move mouse to (844.5, 650.5).
		Press Mouse Button BUTTON1
		Release Mouse Button BUTTON1

ExecutedAction [79]: 
 @Action ConcreteID = ACrwlxw87f3437632038 AbstractID = AArwlxw87f3437632038
 ConcreteID CUSTOM = ConcreteID CUSTOM not available AbstractID CUSTOM = AAdpohq780284106177
 @State ConcreteID = SCska45k21f2850055238 AbstractID = SR1p2iogu2092294951997
 ConcreteID CUSTOM = SC12js1572271289375309 AbstractID CUSTOM = SA19xk86e21f1597656056

	ROLE = LeftClickAt
	TARGET =
		WIDGET = WC12bnyii1c2902228113, WR17v7k2nb1067391859, WT1qe89j4f2180189081, WP10dl4js18262952754
		ROLE = UIAMenuItem
		TITLE = Help
		SHAPE = Rect [x:825.0 y:641.0 w:39.0 h:19.0]
		CHILDREN = 0
		PATH = [0, 4, 4]
	DESCRIPTION = Left Click at 'Help'
	TEXT = Compound Action =
		Move mouse to (844.5, 650.5).
		Press Mouse Button BUTTON1
		Release Mouse Button BUTTON1

ExecutedAction [80]: 
 @Action ConcreteID = AC1ermvj87f3144188344 AbstractID = AA1ermvj87f3144188344
 ConcreteID CUSTOM = ConcreteID CUSTOM not available AbstractID CUSTOM = AA10kpfd7801734444639
 @State ConcreteID = SCska45k21f2850055238 AbstractID = SR1p2iogu2092294951997
 ConcreteID CUSTOM = SC12js1572271289375309 AbstractID CUSTOM = SA19xk86e21f1597656056

	ROLE = LeftClickAt
	TARGET =
		WIDGET = WC3sa13a1e2180180431, WR17v7k2nb1067391859, WTaz2n92112307194186, WPac53v81a2296708173
		ROLE = UIAMenuItem
		TITLE = Format
		SHAPE = Rect [x:734.0 y:641.0 w:52.0 h:19.0]
		CHILDREN = 0
		PATH = [0, 4, 2]
	DESCRIPTION = Left Click at 'Format'
	TEXT = Compound Action =
		Move mouse to (760.0, 650.5).
		Press Mouse Button BUTTON1
		Release Mouse Button BUTTON1

ExecutedAction [81]: 
 @Action ConcreteID = AC10g2lqu801228964337 AbstractID = AA10g2lqu801228964337
 ConcreteID CUSTOM = ConcreteID CUSTOM not available AbstractID CUSTOM = AArixbal7e123564459
 @State ConcreteID = SC1m7udey1d61474866036 AbstractID = SRuxvih1ba2513313992
 ConcreteID CUSTOM = SCwpbqyg1d53581999551 AbstractID CUSTOM = SA1e0xkku1d417380732

	ROLE = LeftClickAt
	TARGET =
		WIDGET = WC3rq8hx1e869414367, WR17v7k2nb1067391859, WTaz2n92112307194186, WPablb9v1a985931869
		ROLE = UIAMenuItem
		TITLE = Format
		SHAPE = Rect [x:734.0 y:641.0 w:52.0 h:19.0]
		CHILDREN = 0
		PATH = [0, 3, 2]
	DESCRIPTION = Left Click at 'Format'
	TEXT = Compound Action =
		Move mouse to (760.0, 650.5).
		Press Mouse Button BUTTON1
		Release Mouse Button BUTTON1

ExecutedAction [82]: 
 @Action ConcreteID = ACg93ar8801625822589 AbstractID = AAg93ar8801625822589
 ConcreteID CUSTOM = ConcreteID CUSTOM not available AbstractID CUSTOM = AA1n6loxj80875757270
 @State ConcreteID = SC1hko77j20b1079126385 AbstractID = SRhdom0g1f51351705365
 ConcreteID CUSTOM = SC1wdw4jk2123791009049 AbstractID CUSTOM = SA1odsafd20b3326211211

	ROLE = LeftClickAt
	TARGET =
		WIDGET = WC1084jd1f2874738980, WR17v7k2nb1067391859, WT1k0pzz412734516100, WPdmv4jr1b3951525617
		ROLE = UIAMenuItem
		TITLE = Font...
		SHAPE = Rect [x:737.0 y:685.0 w:144.0 h:22.0]
		CHILDREN = 0
		PATH = [0, 0, 1]
	DESCRIPTION = Left Click at 'Font...'
	TEXT = Compound Action =
		Move mouse to (809.0, 696.0).
		Press Mouse Button BUTTON1
		Release Mouse Button BUTTON1

ExecutedAction [83]: 
 @Action ConcreteID = AC41aib2803645836237 AbstractID = AA41aib2803645836237
 ConcreteID CUSTOM = ConcreteID CUSTOM not available AbstractID CUSTOM = AA19niizb813794079050
 @State ConcreteID = SC1856nhk64a455839510 AbstractID = SR1t07cxg6013367860381
 ConcreteID CUSTOM = SClvhprd6572125815011 AbstractID CUSTOM = SA14646pp64b2636390816

	ROLE = LeftClickAt
	TARGET =
		WIDGET = WC83xqs71c1934605973, WR4n4ygb71694219017, WTffw52mc121423905, WP1kyox1l183156097240
		ROLE = UIAList
		TITLE = Size:
		SHAPE = Rect [x:1046.0 y:761.0 w:63.0 h:109.0]
		CHILDREN = 8
		PATH = [0, 0, 5, 0]
	DESCRIPTION = Left Click at 'Size:'
	TEXT = Compound Action =
		Move mouse to (1077.5, 815.5).
		Press Mouse Button BUTTON1
		Release Mouse Button BUTTON1

ExecutedAction [84]: 
 @Action ConcreteID = AC15okg1v7f4106559189 AbstractID = AA15okg1v7f4106559189
 ConcreteID CUSTOM = ConcreteID CUSTOM not available AbstractID CUSTOM = AAoozwze804041429493
 @State ConcreteID = SC1856nhk64a455839510 AbstractID = SR1t07cxg6013367860381
 ConcreteID CUSTOM = SClvhprd6572125815011 AbstractID CUSTOM = SA14646pp64b2636390816

	ROLE = LeftClickAt
	TARGET =
		WIDGET = WC1pqjqlz281149848160, WR1h6ibpb92248851252, WT1cknvro121926923266, WP1wvgq5l242824656074
		ROLE = UIAButton
		TITLE = Page down
		SHAPE = Rect [x:864.0 y:788.0 w:17.0 h:72.0]
		CHILDREN = 0
		PATH = [0, 0, 1, 0, 0, 2]
	DESCRIPTION = Left Click at 'Page down'
	TEXT = Compound Action =
		Move mouse to (872.5, 824.0).
		Press Mouse Button BUTTON1
		Release Mouse Button BUTTON1

ExecutedAction [85]: 
 @Action ConcreteID = AC1b4kbwu81683315996 AbstractID = AA1b4kbwu81683315996
 ConcreteID CUSTOM = ConcreteID CUSTOM not available AbstractID CUSTOM = AAw6lizt80679560594
 @State ConcreteID = SC13tamfx6601681088305 AbstractID = SR1nccnwd6151023269541
 ConcreteID CUSTOM = SC1303xq166c2850444463 AbstractID CUSTOM = SAohzg8t65d3446533844

	ROLE = LeftClickAt
	TARGET =
		WIDGET = WC1izyu35202008837955, WR52qhb2b3065858412, WT1bx8b0jd2390158326, WP152dhun1c967078704
		ROLE = UIAListItem
		TITLE = 16
		SHAPE = Rect [x:1048.0 y:763.0 w:42.0 h:15.0]
		CHILDREN = 0
		PATH = [0, 0, 5, 0, 1]
	DESCRIPTION = Left Click at '16'
	TEXT = Compound Action =
		Move mouse to (1069.0, 770.5).
		Press Mouse Button BUTTON1
		Release Mouse Button BUTTON1

ExecutedAction [86]: 
 @Action ConcreteID = AC2okbfd813263362768 AbstractID = AA2okbfd813263362768
 ConcreteID CUSTOM = ConcreteID CUSTOM not available AbstractID CUSTOM = AA1mrpkhg803266912350
 @State ConcreteID = SC13tamfx6601681088305 AbstractID = SR1nccnwd6151023269541
 ConcreteID CUSTOM = SC1303xq166c2850444463 AbstractID CUSTOM = SAohzg8t65d3446533844

	ROLE = LeftClickAt
	TARGET =
		WIDGET = WC1e6244284118410303, WR1h6ibpb92248851252, WT493d5b122119396097, WP568qsm241874933841
		ROLE = UIAButton
		TITLE = Line down
		SHAPE = Rect [x:1090.0 y:851.0 w:17.0 h:17.0]
		CHILDREN = 0
		PATH = [0, 0, 5, 0, 0, 4]
	DESCRIPTION = Left Click at 'Line down'
	TEXT = Compound Action =
		Move mouse to (1098.5, 859.5).
		Press Mouse Button BUTTON1
		Release Mouse Button BUTTON1

ExecutedAction [87]: 
 @Action ConcreteID = AC123hobh10f649803643 AbstractID = AAkq9lod32803814026
 ConcreteID CUSTOM = ConcreteID CUSTOM not available AbstractID CUSTOM = AA11wtlaqd43582849641
 @State ConcreteID = SC2bmva4660805055789 AbstractID = SR1nccnwd6151023269541
 ConcreteID CUSTOM = SC1xbpld766c3129997832 AbstractID CUSTOM = SAohzg8t65d3446533844

	ROLE = ClickTypeInto
	TARGET =
		WIDGET = WCoi1ugo1c3105370085, WR4n0dlj72701565195, WT4mnepgc917096377, WP7xivai183076929601
		ROLE = UIAEdit
		TITLE = Font:
		SHAPE = Rect [x:714.0 y:742.0 w:166.0 h:16.0]
		CHILDREN = 0
		PATH = [0, 0, 1, 1]
	DESCRIPTION = Type '"`'><script>\xE2...' into 'Font:
	TEXT = Compound Action =
		Compound Action =
		Move mouse to (797.0, 750.0).
		Press Mouse Button BUTTON1
		Release Mouse Button BUTTON1
		Press Key 17
		Press Key 65
		Release Key 65
		Release Key 17
		Type text '"`'><script>\xE2\x80\x81javascript:alert(1)</script>'

ExecutedAction [88]: 
 @Action ConcreteID = ACrfy6vb7f268549580 AbstractID = AArfy6vb7f268549580
 ConcreteID CUSTOM = ConcreteID CUSTOM not available AbstractID CUSTOM = AAagdnsu80338162412
 @State ConcreteID = SC1856nhk64a455839510 AbstractID = SR1t07cxg6013367860381
 ConcreteID CUSTOM = SClvhprd6572125815011 AbstractID CUSTOM = SA14646pp64b2636390816

	ROLE = LeftClickAt
	TARGET =
		WIDGET = WC1084tra291979720388, WR52qhb2b3065858412, WT7gg8y5164076938408, WP1ok37g425141173910
		ROLE = UIAListItem
		TITLE = Bold Italic
		SHAPE = Rect [x:901.0 y:820.0 w:109.0 h:19.0]
		CHILDREN = 0
		PATH = [0, 0, 3, 0, 4]
	DESCRIPTION = Left Click at 'Bold Italic'
	TEXT = Compound Action =
		Move mouse to (955.5, 829.5).
		Press Mouse Button BUTTON1
		Release Mouse Button BUTTON1

ExecutedAction [89]: 
 @Action ConcreteID = ACecacho7f1058127936 AbstractID = AAecacho7f1058127936
 ConcreteID CUSTOM = ConcreteID CUSTOM not available AbstractID CUSTOM = AA1wdtveb80993496928
 @State ConcreteID = SC1856nhk64a455839510 AbstractID = SR1t07cxg6013367860381
 ConcreteID CUSTOM = SClvhprd6572125815011 AbstractID CUSTOM = SA14646pp64b2636390816

	ROLE = LeftClickAt
	TARGET =
		WIDGET = WCqzv36b23655479858, WR52qhb2b3065858412, WTqfhczp103634659407, WP1s8enc11f2426656714
		ROLE = UIAListItem
		TITLE = Arial
		SHAPE = Rect [x:713.0 y:763.0 w:151.0 h:19.0]
		CHILDREN = 0
		PATH = [0, 0, 1, 0, 1]
	DESCRIPTION = Left Click at 'Arial'
	TEXT = Compound Action =
		Move mouse to (788.5, 772.5).
		Press Mouse Button BUTTON1
		Release Mouse Button BUTTON1

ExecutedAction [90]: 
 @Action ConcreteID = AC1c5ldwt7f2270160034 AbstractID = AA1c5ldwt7f2270160034
 ConcreteID CUSTOM = ConcreteID CUSTOM not available AbstractID CUSTOM = AAv60uuc802204740482
 @State ConcreteID = SC1856nhk64a455839510 AbstractID = SR1t07cxg6013367860381
 ConcreteID CUSTOM = SClvhprd6572125815011 AbstractID CUSTOM = SA14646pp64b2636390816

	ROLE = LeftClickAt
	TARGET =
		WIDGET = WC1mj6y7s1d616240915, WR17qbaneb3904637586, WTpnz3gh10593155151, WPpupona193114041324
		ROLE = UIAComboBox
		TITLE = Font:
		SHAPE = Rect [x:711.0 y:739.0 w:172.0 h:140.0]
		CHILDREN = 2
		PATH = [0, 0, 1]
	DESCRIPTION = Left Click at 'Font:'
	TEXT = Compound Action =
		Move mouse to (797.0, 809.0).
		Press Mouse Button BUTTON1
		Release Mouse Button BUTTON1

ExecutedAction [91]: 
 @Action ConcreteID = ACq3jap9802481581954 AbstractID = AAq3jap9802481581954
 ConcreteID CUSTOM = ConcreteID CUSTOM not available AbstractID CUSTOM = AA38t2gd81225666942
 @State ConcreteID = SC3ojo0h64b3559914134 AbstractID = SR1t07cxg6013367860381
 ConcreteID CUSTOM = SCra0b8i6562248449626 AbstractID CUSTOM = SA14646pp64b2636390816

	ROLE = LeftClickAt
	TARGET =
		WIDGET = WC1izyu35202008837955, WR52qhb2b3065858412, WT1bx8b0jd2390158326, WP152dhun1c967078704
		ROLE = UIAListItem
		TITLE = 16
		SHAPE = Rect [x:1048.0 y:763.0 w:42.0 h:15.0]
		CHILDREN = 0
		PATH = [0, 0, 5, 0, 1]
	DESCRIPTION = Left Click at '16'
	TEXT = Compound Action =
		Move mouse to (1069.0, 770.5).
		Press Mouse Button BUTTON1
		Release Mouse Button BUTTON1

ExecutedAction [92]: 
 @Action ConcreteID = AC179qsfy7f3929714155 AbstractID = AA179qsfy7f3929714155
 ConcreteID CUSTOM = ConcreteID CUSTOM not available AbstractID CUSTOM = AAagdnsu80338162412
 @State ConcreteID = SC3ojo0h64b3559914134 AbstractID = SR1t07cxg6013367860381
 ConcreteID CUSTOM = SCra0b8i6562248449626 AbstractID CUSTOM = SA14646pp64b2636390816

	ROLE = LeftClickAt
	TARGET =
		WIDGET = WCv2ugyt24859905361, WR52qhb2b3065858412, WT15t19m611856301530, WP1mrwj3n204113782593
		ROLE = UIAListItem
		TITLE = Italic
		SHAPE = Rect [x:901.0 y:820.0 w:109.0 h:19.0]
		CHILDREN = 0
		PATH = [0, 0, 3, 0, 4]
	DESCRIPTION = Left Click at 'Italic'
	TEXT = Compound Action =
		Move mouse to (955.5, 829.5).
		Press Mouse Button BUTTON1
		Release Mouse Button BUTTON1

ExecutedAction [93]: 
 @Action ConcreteID = AC6xa39he01393225515 AbstractID = AA60659wd4602867677
 ConcreteID CUSTOM = ConcreteID CUSTOM not available AbstractID CUSTOM = AArkmy2cd53933766555
 @State ConcreteID = SC3ojo0h64b3559914134 AbstractID = SR1t07cxg6013367860381
 ConcreteID CUSTOM = SCra0b8i6562248449626 AbstractID CUSTOM = SA14646pp64b2636390816

	ROLE = ClickTypeInto
	TARGET =
		WIDGET = WCdxf2q1221365710834, WR4n0dlj72701565195, WT8pazwj12209811866, WP1t7r4aj1e1214332612
		ROLE = UIAEdit
		TITLE = Font style:
		SHAPE = Rect [x:902.0 y:742.0 w:124.0 h:16.0]
		CHILDREN = 0
		PATH = [0, 0, 3, 1]
	DESCRIPTION = Type 'then' into 'Font style:
	TEXT = Compound Action =
		Compound Action =
		Move mouse to (964.0, 750.0).
		Press Mouse Button BUTTON1
		Release Mouse Button BUTTON1
		Press Key 17
		Press Key 65
		Release Key 65
		Release Key 17
		Type text 'then'

ExecutedAction [94]: 
 @Action ConcreteID = AC1i44i3a7f2685080857 AbstractID = AA1i44i3a7f2685080857
 ConcreteID CUSTOM = ConcreteID CUSTOM not available AbstractID CUSTOM = AAlardg6801578519070
 @State ConcreteID = SC3ojo0h64b3559914134 AbstractID = SR1t07cxg6013367860381
 ConcreteID CUSTOM = SCra0b8i6562248449626 AbstractID CUSTOM = SA14646pp64b2636390816

	ROLE = LeftClickAt
	TARGET =
		WIDGET = WCfds2zx261928856858, WR1h6ibpb92248851252, WTrko51k10351550260, WP2rgzz3224118192536
		ROLE = UIAButton
		TITLE = Line up
		SHAPE = Rect [x:864.0 y:763.0 w:17.0 h:17.0]
		CHILDREN = 0
		PATH = [0, 0, 1, 0, 0, 0]
	DESCRIPTION = Left Click at 'Line up'
	TEXT = Compound Action =
		Move mouse to (872.5, 771.5).
		Press Mouse Button BUTTON1
		Release Mouse Button BUTTON1

ExecutedAction [95]: 
 @Action ConcreteID = AC19tm3977f785721035 AbstractID = AA19tm3977f785721035
 ConcreteID CUSTOM = ConcreteID CUSTOM not available AbstractID CUSTOM = AAd08ym3803502799308
 @State ConcreteID = SC3ojo0h64b3559914134 AbstractID = SR1t07cxg6013367860381
 ConcreteID CUSTOM = SCra0b8i6562248449626 AbstractID CUSTOM = SA14646pp64b2636390816

	ROLE = LeftClickAt
	TARGET =
		WIDGET = WC6fa367222047445553, WR52qhb2b3065858412, WTq22ksjf2912385765, WPl0h6jh1e2866173881
		ROLE = UIAListItem
		TITLE = Bold
		SHAPE = Rect [x:901.0 y:839.0 w:109.0 h:19.0]
		CHILDREN = 0
		PATH = [0, 0, 3, 0, 5]
	DESCRIPTION = Left Click at 'Bold'
	TEXT = Compound Action =
		Move mouse to (955.5, 848.5).
		Press Mouse Button BUTTON1
		Release Mouse Button BUTTON1

ExecutedAction [96]: 
 @Action ConcreteID = AC83eeq97f3314871592 AbstractID = AA83eeq97f3314871592
 ConcreteID CUSTOM = ConcreteID CUSTOM not available AbstractID CUSTOM = AA1ab5c2980998879791
 @State ConcreteID = SC3ojo0h64b3559914134 AbstractID = SR1t07cxg6013367860381
 ConcreteID CUSTOM = SCra0b8i6562248449626 AbstractID CUSTOM = SA14646pp64b2636390816

	ROLE = LeftClickAt
	TARGET =
		WIDGET = WC1v10ffi23615736097, WR52qhb2b3065858412, WTqldbbs101864145525, WPb6fgbw1f818758073
		ROLE = UIAListItem
		TITLE = Light
		SHAPE = Rect [x:901.0 y:763.0 w:109.0 h:19.0]
		CHILDREN = 0
		PATH = [0, 0, 3, 0, 1]
	DESCRIPTION = Left Click at 'Light'
	TEXT = Compound Action =
		Move mouse to (955.5, 772.5).
		Press Mouse Button BUTTON1
		Release Mouse Button BUTTON1

ExecutedAction [97]: 
 @Action ConcreteID = AC1tcfbs07f3934556324 AbstractID = AA1tcfbs07f3934556324
 ConcreteID CUSTOM = ConcreteID CUSTOM not available AbstractID CUSTOM = AAwj274w80345624483
 @State ConcreteID = SC3ojo0h64b3559914134 AbstractID = SR1t07cxg6013367860381
 ConcreteID CUSTOM = SCra0b8i6562248449626 AbstractID CUSTOM = SA14646pp64b2636390816

	ROLE = LeftClickAt
	TARGET =
		WIDGET = WC7w035o251553920829, WR52qhb2b3065858412, WT1qmh7sp123059383769, WP1x489my21976641600
		ROLE = UIAListItem
		TITLE = Cambria
		SHAPE = Rect [x:713.0 y:820.0 w:151.0 h:19.0]
		CHILDREN = 0
		PATH = [0, 0, 1, 0, 4]
	DESCRIPTION = Left Click at 'Cambria'
	TEXT = Compound Action =
		Move mouse to (788.5, 829.5).
		Press Mouse Button BUTTON1
		Release Mouse Button BUTTON1

ExecutedAction [98]: 
 @Action ConcreteID = ACmw2b3a802160521159 AbstractID = AAmw2b3a802160521159
 ConcreteID CUSTOM = ConcreteID CUSTOM not available AbstractID CUSTOM = AAew7c0i8064430595
 @State ConcreteID = SC1avff7s6234125817702 AbstractID = SR35gtlg5db463339148
 ConcreteID CUSTOM = SCpye047630919784586 AbstractID CUSTOM = SA1frtbxc6241304428088

	ROLE = LeftClickAt
	TARGET =
		WIDGET = WCqh5omd2a296031115, WR52qhb2b3065858412, WT1cjazvz173786828615, WPdre0fn26638294635
		ROLE = UIAListItem
		TITLE = Cambria Math
		SHAPE = Rect [x:713.0 y:839.0 w:151.0 h:19.0]
		CHILDREN = 0
		PATH = [0, 0, 1, 0, 5]
	DESCRIPTION = Left Click at 'Cambria Math'
	TEXT = Compound Action =
		Move mouse to (788.5, 848.5).
		Press Mouse Button BUTTON1
		Release Mouse Button BUTTON1

ExecutedAction [99]: 
 @Action ConcreteID = ACm39bjb803486158458 AbstractID = AAm39bjb803486158458
 ConcreteID CUSTOM = ConcreteID CUSTOM not available AbstractID CUSTOM = AA1c73pgo803902204384
 @State ConcreteID = SC1rrh5ex6212198715741 AbstractID = SR35gtlg5db463339148
 ConcreteID CUSTOM = SC1a5lbpy62f2259318280 AbstractID CUSTOM = SA1frtbxc6241304428088

	ROLE = LeftClickAt
	TARGET =
		WIDGET = WCqzv36b23655479858, WR52qhb2b3065858412, WTqfhczp103634659407, WP1s8enc11f2426656714
		ROLE = UIAListItem
		TITLE = Arial
		SHAPE = Rect [x:713.0 y:763.0 w:151.0 h:19.0]
		CHILDREN = 0
		PATH = [0, 0, 1, 0, 1]
	DESCRIPTION = Left Click at 'Arial'
	TEXT = Compound Action =
		Move mouse to (788.5, 772.5).
		Press Mouse Button BUTTON1
		Release Mouse Button BUTTON1

ExecutedAction [100]: 
 @Action ConcreteID = AC12abwin7f1513096510 AbstractID = AA12abwin7f1513096510
 ConcreteID CUSTOM = ConcreteID CUSTOM not available AbstractID CUSTOM = AAlardg6801578519070
 @State ConcreteID = SC1856nhk64a455839510 AbstractID = SR1t07cxg6013367860381
 ConcreteID CUSTOM = SClvhprd6572125815011 AbstractID CUSTOM = SA14646pp64b2636390816

	ROLE = LeftClickAt
	TARGET =
		WIDGET = WCfds2zx261928856858, WR1h6ibpb92248851252, WTrko51k10351550260, WP2rgzz3224118192536
		ROLE = UIAButton
		TITLE = Line up
		SHAPE = Rect [x:864.0 y:763.0 w:17.0 h:17.0]
		CHILDREN = 0
		PATH = [0, 0, 1, 0, 0, 0]
	DESCRIPTION = Left Click at 'Line up'
	TEXT = Compound Action =
		Move mouse to (872.5, 771.5).
		Press Mouse Button BUTTON1
		Release Mouse Button BUTTON1

Sequence 1 finished.
Copying generated sequence ("sequence1079") to output directory...
Copying classified sequence ("sequence1079") to sequences_ok folder...
