Starting sequence 1 (output as: sequence1574)

ExecutedAction [1]: 
 @Action ConcreteID = AC5u0bvd7c59870652 AbstractID = AA5u0bvd7c59870652
 ConcreteID CUSTOM = ConcreteID CUSTOM not available AbstractID CUSTOM = AAkb9ko7c3684100650
 @State ConcreteID = SCokt4g9404418050760 AbstractID = SR1jumdpu3ea1420136284
 ConcreteID CUSTOM = SC7x3hda3fe4134442500 AbstractID CUSTOM = SAylrvaj3f6384252902

	ROLE = LeftClickAt
	TARGET =
		WIDGET = WC1fq8of51c1137128810, WR17v7k2nb1067391859, WT1qe72ijf99311909, WPjb55v3183672861707
		ROLE = UIAMenuItem
		TITLE = File
		SHAPE = Rect [x:60.0 y:58.0 w:32.0 h:19.0]
		CHILDREN = 0
		PATH = [0, 2, 0]
	DESCRIPTION = Left Click at 'File'
	TEXT = Compound Action =
		Move mouse to (76.0, 67.5).
		Press Mouse Button BUTTON1
		Release Mouse Button BUTTON1

ExecutedAction [2]: 
 @Action ConcreteID = AC4ukpa5e02268367645 AbstractID = AA1eiv99hd43395130517
 ConcreteID CUSTOM = ConcreteID CUSTOM not available AbstractID CUSTOM = AA1t0fiwbd51825951311
 @State ConcreteID = SCyaelgd4a63227638983 AbstractID = SR25f9j3489363105316
 ConcreteID CUSTOM = SC1y8z6cn4a7149894310 AbstractID CUSTOM = SA12c4vbo49e1258004458

	ROLE = ClickTypeInto
	TARGET =
		WIDGET = WChabewe1c1368167903, WR4n0dlj72701565195, WTei4yvd121088706799, WP1p7t7s0182500457359
		ROLE = UIAEdit
		TITLE = Text Editor
		SHAPE = Rect [x:60.0 y:78.0 w:1073.0 h:318.0]
		CHILDREN = 1
		PATH = [1, 0]
	DESCRIPTION = Type '1E02' into 'Text Editor
	TEXT = Compound Action =
		Compound Action =
		Move mouse to (596.5, 237.0).
		Press Mouse Button BUTTON1
		Release Mouse Button BUTTON1
		Press Key 17
		Press Key 65
		Release Key 65
		Release Key 17
		Type text '1E02'

ExecutedAction [3]: 
 @Action ConcreteID = ACl4b51s7e424600041 AbstractID = AAl4b51s7e424600041
 ConcreteID CUSTOM = ConcreteID CUSTOM not available AbstractID CUSTOM = AAh8ptb7e3984842889
 @State ConcreteID = SCokt4g9404418050760 AbstractID = SR1jumdpu3ea1420136284
 ConcreteID CUSTOM = SC7x3hda3fe4134442500 AbstractID CUSTOM = SAylrvaj3f6384252902

	ROLE = LeftClickAt
	TARGET =
		WIDGET = WCd8ggh31e2616419048, WR1h6ibpb92248851252, WT1oq4bf6111982837149, WPccaalx1a4013466679
		ROLE = UIAButton
		TITLE = Maximise
		SHAPE = Rect [x:1041.0 y:28.0 w:46.0 h:30.0]
		CHILDREN = 0
		PATH = [0, 1, 2]
	DESCRIPTION = Left Click at 'Maximise'
	TEXT = Compound Action =
		Move mouse to (1064.0, 43.0).
		Press Mouse Button BUTTON1
		Release Mouse Button BUTTON1

ExecutedAction [4]: 
 @Action ConcreteID = AC1xglkcd7f2947557298 AbstractID = AA1xglkcd7f2947557298
 ConcreteID CUSTOM = ConcreteID CUSTOM not available AbstractID CUSTOM = AAh8ptb7e3984842889
 @State ConcreteID = SClgo7cp4044055860464 AbstractID = SR1jumdpu3ea1420136284
 ConcreteID CUSTOM = SC15u561m3fc717293989 AbstractID CUSTOM = SAylrvaj3f6384252902

	ROLE = LeftClickAt
	TARGET =
		WIDGET = WCd8ggh31e2616419048, WR1h6ibpb92248851252, WT1oq4bf6111982837149, WPccaalx1a4013466679
		ROLE = UIAButton
		TITLE = Maximise
		SHAPE = Rect [x:1041.0 y:28.0 w:46.0 h:30.0]
		CHILDREN = 0
		PATH = [0, 1, 2]
	DESCRIPTION = Left Click at 'Maximise'
	TEXT = Compound Action =
		Move mouse to (1064.0, 43.0).
		Press Mouse Button BUTTON1
		Release Mouse Button BUTTON1

ExecutedAction [5]: 
 @Action ConcreteID = ACr5kje01061773699467 AbstractID = AA24pjobd41538672600
 ConcreteID CUSTOM = ConcreteID CUSTOM not available AbstractID CUSTOM = AA17ikwixd33509566443
 @State ConcreteID = SClgo7cp4044055860464 AbstractID = SR1jumdpu3ea1420136284
 ConcreteID CUSTOM = SC15u561m3fc717293989 AbstractID CUSTOM = SAylrvaj3f6384252902

	ROLE = ClickTypeInto
	TARGET =
		WIDGET = WChabewe1c1368167903, WR4n0dlj72701565195, WTei4yvd121088706799, WP1p7t7s0182500457359
		ROLE = UIAEdit
		TITLE = Text Editor
		SHAPE = Rect [x:60.0 y:78.0 w:1073.0 h:318.0]
		CHILDREN = 1
		PATH = [1, 0]
	DESCRIPTION = Type '../../../../../....' into 'Text Editor
	TEXT = Compound Action =
		Compound Action =
		Move mouse to (596.5, 237.0).
		Press Mouse Button BUTTON1
		Release Mouse Button BUTTON1
		Press Key 17
		Press Key 65
		Release Key 65
		Release Key 17
		Type text '../../../../../../../../../../../etc/hosts'

ExecutedAction [6]: 
 @Action ConcreteID = AC1f7xnnu7d2652345278 AbstractID = AA1f7xnnu7d2652345278
 ConcreteID CUSTOM = ConcreteID CUSTOM not available AbstractID CUSTOM = AA1u5ie4c7c2136373098
 @State ConcreteID = SClgo7cp4044055860464 AbstractID = SR1jumdpu3ea1420136284
 ConcreteID CUSTOM = SC15u561m3fc717293989 AbstractID CUSTOM = SAylrvaj3f6384252902

	ROLE = LeftClickAt
	TARGET =
		WIDGET = WC11tbk1c2316531994, WR17v7k2nb1067391859, WT1qe6brdf138512687, WP14iagou18462123395
		ROLE = UIAMenuItem
		TITLE = Edit
		SHAPE = Rect [x:32.0 y:23.0 w:34.0 h:19.0]
		CHILDREN = 0
		PATH = [2, 2, 1]
	DESCRIPTION = Left Click at 'Edit'
	TEXT = Compound Action =
		Move mouse to (49.0, 32.5).
		Press Mouse Button BUTTON1
		Release Mouse Button BUTTON1

ExecutedAction [7]: 
 @Action ConcreteID = AC1wgkom07e1391720531 AbstractID = AA1wgkom07e1391720531
 ConcreteID CUSTOM = ConcreteID CUSTOM not available AbstractID CUSTOM = AAxke63q7e761122085
 @State ConcreteID = SCyay4x74f34276410082 AbstractID = SRhb5rqv4d91581134308
 ConcreteID CUSTOM = SC1bih1pe4f42451676718 AbstractID CUSTOM = SAqf4vsm4ed3724528798

	ROLE = LeftClickAt
	TARGET =
		WIDGET = WCel1v81c4048567991, WR17v7k2nb1067391859, WT1qeha5gf2005531835, WP6ssewy181653790863
		ROLE = UIAMenuItem
		TITLE = View
		SHAPE = Rect [x:118.0 y:23.0 w:39.0 h:19.0]
		CHILDREN = 0
		PATH = [2, 3, 3]
	DESCRIPTION = Left Click at 'View'
	TEXT = Compound Action =
		Move mouse to (137.5, 32.5).
		Press Mouse Button BUTTON1
		Release Mouse Button BUTTON1

ExecutedAction [8]: 
 @Action ConcreteID = ACn6fknd7e2429069059 AbstractID = AAn6fknd7e2429069059
 ConcreteID CUSTOM = ConcreteID CUSTOM not available AbstractID CUSTOM = AA1nwm1077d295170090
 @State ConcreteID = SClgo7cp4044055860464 AbstractID = SR1jumdpu3ea1420136284
 ConcreteID CUSTOM = SC15u561m3fc717293989 AbstractID CUSTOM = SAylrvaj3f6384252902

	ROLE = LeftClickAt
	TARGET =
		WIDGET = WC1v46udz1c4011231663, WR17v7k2nb1067391859, WT1qe89j4f2180189081, WP1t640f9181279697420
		ROLE = UIAMenuItem
		TITLE = Help
		SHAPE = Rect [x:217.0 y:58.0 w:39.0 h:19.0]
		CHILDREN = 0
		PATH = [1, 2, 4]
	DESCRIPTION = Left Click at 'Help'
	TEXT = Compound Action =
		Move mouse to (236.5, 67.5).
		Press Mouse Button BUTTON1
		Release Mouse Button BUTTON1

ExecutedAction [9]: 
 @Action ConcreteID = ACn6fknd7e2429069059 AbstractID = AAn6fknd7e2429069059
 ConcreteID CUSTOM = ConcreteID CUSTOM not available AbstractID CUSTOM = AA1nwm1077d295170090
 @State ConcreteID = SClgo7cp4044055860464 AbstractID = SR1jumdpu3ea1420136284
 ConcreteID CUSTOM = SC15u561m3fc717293989 AbstractID CUSTOM = SAylrvaj3f6384252902

	ROLE = LeftClickAt
	TARGET =
		WIDGET = WC12akdbs1c599558449, WR17v7k2nb1067391859, WT1qe89j4f2180189081, WP10chjd2182162991762
		ROLE = UIAMenuItem
		TITLE = Help
		SHAPE = Rect [x:217.0 y:58.0 w:39.0 h:19.0]
		CHILDREN = 0
		PATH = [0, 2, 4]
	DESCRIPTION = Left Click at 'Help'
	TEXT = Compound Action =
		Move mouse to (236.5, 67.5).
		Press Mouse Button BUTTON1
		Release Mouse Button BUTTON1

ExecutedAction [10]: 
 @Action ConcreteID = AC1erdmwz7e3835168587 AbstractID = AA1erdmwz7e3835168587
 ConcreteID CUSTOM = ConcreteID CUSTOM not available AbstractID CUSTOM = AAggg1ap7d1707561058
 @State ConcreteID = SClgo7cp4044055860464 AbstractID = SR1jumdpu3ea1420136284
 ConcreteID CUSTOM = SC15u561m3fc717293989 AbstractID CUSTOM = SAylrvaj3f6384252902

	ROLE = LeftClickAt
	TARGET =
		WIDGET = WCdrwd4l1c2383745146, WR17v7k2nb1067391859, WT1qeha5gf2005531835, WPk63q6b18500692546
		ROLE = UIAMenuItem
		TITLE = View
		SHAPE = Rect [x:178.0 y:58.0 w:39.0 h:19.0]
		CHILDREN = 0
		PATH = [0, 2, 3]
	DESCRIPTION = Left Click at 'View'
	TEXT = Compound Action =
		Move mouse to (197.5, 67.5).
		Press Mouse Button BUTTON1
		Release Mouse Button BUTTON1

Sequence 1 finished.
Copying generated sequence ("sequence1574") to output directory...
Copying classified sequence ("sequence1574") to sequences_ok folder...
