Starting sequence 1 (output as: sequence1787)

ExecutedAction [1]: 
 @Action ConcreteID = AC1069ssj1131835269740 AbstractID = AA103hwkjd51368596213
 ConcreteID CUSTOM = ConcreteID CUSTOM not available AbstractID CUSTOM = AA1wt5pq1d61146391798
 @State ConcreteID = SCg1y5bx4ac3406295431 AbstractID = SR1t0hgcj488686626942
 ConcreteID CUSTOM = SCodeex04b22788588205 AbstractID CUSTOM = SA17pskou49a3260808033

	ROLE = ClickTypeInto
	TARGET =
		WIDGET = WC1j2y1j81a1645365061, WR4n0dlj72701565195, WT4n0dlj72701565195, WP1lf6g42163047346291
		ROLE = UIAEdit
		TITLE = 
		SHAPE = Rect [x:1010.0 y:429.0 w:250.0 h:20.0]
		CHILDREN = 0
		PATH = [0, 3, 0, 0, 2]
	DESCRIPTION = Type '<SCRIPT/XSS SRC=...' into '
	TEXT = Compound Action =
		Compound Action =
		Move mouse to (1135.0, 439.0).
		Press Mouse Button BUTTON1
		Release Mouse Button BUTTON1
		Press Key 17
		Press Key 65
		Release Key 65
		Release Key 17
		Type text '<SCRIPT/XSS SRC="http://ha.ckers.org/xss.js"></SCRIPT>'

ExecutedAction [2]: 
 @Action ConcreteID = AC16m9bh803070351521 AbstractID = AA16m9bh803070351521
 ConcreteID CUSTOM = ConcreteID CUSTOM not available AbstractID CUSTOM = AA1pcb5v80635053782
 @State ConcreteID = SC1nc411o4961529421974 AbstractID = SRx1ik4a474333690124
 ConcreteID CUSTOM = SC1n8pk4e495298478986 AbstractID CUSTOM = SA12laes84902498637855

	ROLE = LeftClickAt
	TARGET =
		WIDGET = WCb8ooo1273207854480, WR5quxi6b4097176690, WT5quxi6b4097176690, WP1sol9ar231049943358
		ROLE = UIATreeItem
		TITLE = 
		SHAPE = Rect [x:665.0 y:498.0 w:158.0 h:26.0]
		CHILDREN = 0
		PATH = [0, 2, 0, 0, 3, 1, 1, 2]
	DESCRIPTION = Left Click at ''
	TEXT = Compound Action =
		Move mouse to (744.0, 511.0).
		Press Mouse Button BUTTON1
		Release Mouse Button BUTTON1

ExecutedAction [3]: 
 @Action ConcreteID = AC1c65gaq7d486789163 AbstractID = AA1c65gaq7d486789163
 ConcreteID CUSTOM = ConcreteID CUSTOM not available AbstractID CUSTOM = AAn9xzt0802140526525
 @State ConcreteID = SCaw364961775947442 AbstractID = SRx1ik4a474333690124
 ConcreteID CUSTOM = SC190exgc495505114999 AbstractID CUSTOM = SA12laes84902498637855

	ROLE = LeftClickAt
	TARGET =
		WIDGET = WCb8oorh273680451732, WR5quxi6b4097176690, WT5quxi6b4097176690, WP1sol9e7231526208570
		ROLE = UIATreeItem
		TITLE = 
		SHAPE = Rect [x:665.0 y:598.0 w:158.0 h:26.0]
		CHILDREN = 0
		PATH = [0, 2, 0, 0, 3, 1, 1, 6]
	DESCRIPTION = Left Click at ''
	TEXT = Compound Action =
		Move mouse to (744.0, 611.0).
		Press Mouse Button BUTTON1
		Release Mouse Button BUTTON1

ExecutedAction [4]: 
 @Action ConcreteID = ACmg6pmz7e4015384379 AbstractID = AAmg6pmz7e4015384379
 ConcreteID CUSTOM = ConcreteID CUSTOM not available AbstractID CUSTOM = AA156clpm814147181876
 @State ConcreteID = SCsstpzz4a915102499 AbstractID = SRftydf7487956780461
 ConcreteID CUSTOM = SC1g8zd7e4a82725964161 AbstractID CUSTOM = SA1h3fuv54a43292001994

	ROLE = LeftClickAt
	TARGET =
		WIDGET = WC1qs18f826210102959, WR10fgh33101836453781, WT10fgh33101836453781, WP1bkbbdi221874895209
		ROLE = UIACustomControl
		TITLE = 
		SHAPE = Rect [x:845.0 y:450.0 w:415.0 h:311.0]
		CHILDREN = 1
		PATH = [0, 2, 0, 0, 3, 0]
	DESCRIPTION = Left Click at ''
	TEXT = Compound Action =
		Move mouse to (1052.5, 605.5).
		Press Mouse Button BUTTON1
		Release Mouse Button BUTTON1

ExecutedAction [5]: 
 @Action ConcreteID = ACgkotv67d2113693076 AbstractID = AAgkotv67d2113693076
 ConcreteID CUSTOM = ConcreteID CUSTOM not available AbstractID CUSTOM = AAlretv7802946833731
 @State ConcreteID = SCsstpzz4a915102499 AbstractID = SRftydf7487956780461
 ConcreteID CUSTOM = SC1g8zd7e4a82725964161 AbstractID CUSTOM = SA1h3fuv54a43292001994

	ROLE = LeftClickAt
	TARGET =
		WIDGET = WC1pm5r0o232668325901, WR17v7k2nb1067391859, WT1p8hf68161996799177, WP19ngj4m1f1149120030
		ROLE = UIAMenuItem
		TITLE = Video Alt+V
		SHAPE = Rect [x:823.0 y:370.0 w:47.0 h:20.0]
		CHILDREN = 0
		PATH = [0, 1, 3]
	DESCRIPTION = Left Click at 'Video Alt+V'
	TEXT = Compound Action =
		Move mouse to (846.5, 380.0).
		Press Mouse Button BUTTON1
		Release Mouse Button BUTTON1

ExecutedAction [6]: 
 @Action ConcreteID = ACeqwzyi7f49938459 AbstractID = AAeqwzyi7f49938459
 ConcreteID CUSTOM = ConcreteID CUSTOM not available AbstractID CUSTOM = AA1ovpxms7f650889311
 @State ConcreteID = SC1300kt15d5368149398 AbstractID = SR1rgwu2k5b281352455
 ConcreteID CUSTOM = SC15oity95d62890615656 AbstractID CUSTOM = SApjh3jk5d01552280788

	ROLE = LeftClickAt
	TARGET =
		WIDGET = WC1wr6twp233179607085, WR17v7k2nb1067391859, WTwtxn65161410781764, WPzq9smv1f824583798
		ROLE = UIAMenuItem
		TITLE = Tools Alt+s
		SHAPE = Rect [x:927.0 y:370.0 w:45.0 h:20.0]
		CHILDREN = 0
		PATH = [0, 1, 5]
	DESCRIPTION = Left Click at 'Tools Alt+s'
	TEXT = Compound Action =
		Move mouse to (949.5, 380.0).
		Press Mouse Button BUTTON1
		Release Mouse Button BUTTON1

ExecutedAction [7]: 
 @Action ConcreteID = ACd52m657d1990189845 AbstractID = AAd52m657d1990189845
 ConcreteID CUSTOM = ConcreteID CUSTOM not available AbstractID CUSTOM = AAibsm66802764479426
 @State ConcreteID = SCsstpzz4a915102499 AbstractID = SRftydf7487956780461
 ConcreteID CUSTOM = SC1g8zd7e4a82725964161 AbstractID CUSTOM = SA1h3fuv54a43292001994

	ROLE = LeftClickAt
	TARGET =
		WIDGET = WCb8oopr273915996694, WR5quxi6b4097176690, WT5quxi6b4097176690, WP1sol9ch231758362296
		ROLE = UIATreeItem
		TITLE = 
		SHAPE = Rect [x:660.0 y:550.0 w:163.0 h:22.0]
		CHILDREN = 0
		PATH = [0, 2, 0, 0, 3, 1, 1, 4]
	DESCRIPTION = Left Click at ''
	TEXT = Compound Action =
		Move mouse to (741.5, 561.0).
		Press Mouse Button BUTTON1
		Release Mouse Button BUTTON1

ExecutedAction [8]: 
 @Action ConcreteID = ACkmx32y7d240750626 AbstractID = AAkmx32y7d240750626
 ConcreteID CUSTOM = ConcreteID CUSTOM not available AbstractID CUSTOM = AAptn32z803691047157
 @State ConcreteID = SCsstpzz4a915102499 AbstractID = SRftydf7487956780461
 ConcreteID CUSTOM = SC1g8zd7e4a82725964161 AbstractID CUSTOM = SA1h3fuv54a43292001994

	ROLE = LeftClickAt
	TARGET =
		WIDGET = WC117me3u22367970642, WR17v7k2nb1067391859, WT1y895rf152412617792, WP15oh92w1e2024737031
		ROLE = UIAMenuItem
		TITLE = View Alt+i
		SHAPE = Rect [x:972.0 y:370.0 w:41.0 h:20.0]
		CHILDREN = 0
		PATH = [0, 1, 6]
	DESCRIPTION = Left Click at 'View Alt+i'
	TEXT = Compound Action =
		Move mouse to (992.5, 380.0).
		Press Mouse Button BUTTON1
		Release Mouse Button BUTTON1

ExecutedAction [9]: 
 @Action ConcreteID = AC1g3uejo801709966594 AbstractID = AA1g3uejo801709966594
 ConcreteID CUSTOM = ConcreteID CUSTOM not available AbstractID CUSTOM = AAbwebap80251622086
 @State ConcreteID = SCddn89n5d54119952917 AbstractID = SR8019a45b23277408335
 ConcreteID CUSTOM = SC1giziww5d93619509842 AbstractID CUSTOM = SAfj0k8c5cd4044333353

	ROLE = LeftClickAt
	TARGET =
		WIDGET = WCuguyb52c2998196663, WR17v7k2nb1067391859, WTxdzuqc22467020781, WPxu5nhf282493625320
		ROLE = UIAMenuItem
		TITLE = Advanced Controls Alt+A
		SHAPE = Rect [x:975.0 y:543.0 w:220.0 h:22.0]
		CHILDREN = 0
		PATH = [1, 8]
	DESCRIPTION = Left Click at 'Advanced Controls Alt+A'
	TEXT = Compound Action =
		Move mouse to (1085.0, 554.0).
		Press Mouse Button BUTTON1
		Release Mouse Button BUTTON1

ExecutedAction [10]: 
 @Action ConcreteID = AC13vxpk27f3022718436 AbstractID = AA13vxpk27f3022718436
 ConcreteID CUSTOM = ConcreteID CUSTOM not available AbstractID CUSTOM = AAin7wa3802934160012
 @State ConcreteID = SCcnnfyn4fa2794219028 AbstractID = SR2dyjkp4d82448480962
 ConcreteID CUSTOM = SC1sncbl74fa1735668827 AbstractID CUSTOM = SA1wwyaby4fa2167696475

	ROLE = LeftClickAt
	TARGET =
		WIDGET = WCb8oon6272485037651, WR5quxi6b4097176690, WT5quxi6b4097176690, WP1sol99w23364482301
		ROLE = UIATreeItem
		TITLE = 
		SHAPE = Rect [x:665.0 y:498.0 w:158.0 h:26.0]
		CHILDREN = 0
		PATH = [0, 2, 0, 0, 3, 1, 1, 1]
	DESCRIPTION = Left Click at ''
	TEXT = Compound Action =
		Move mouse to (744.0, 511.0).
		Press Mouse Button BUTTON1
		Release Mouse Button BUTTON1

ExecutedAction [11]: 
 @Action ConcreteID = ACzy81m7f1905806958 AbstractID = AAzy81m7f1905806958
 ConcreteID CUSTOM = ConcreteID CUSTOM not available AbstractID CUSTOM = AA1escgqr801800466694
 @State ConcreteID = SCcnnfyn4fa2794219028 AbstractID = SR2dyjkp4d82448480962
 ConcreteID CUSTOM = SC1sncbl74fa1735668827 AbstractID CUSTOM = SA1wwyaby4fa2167696475

	ROLE = LeftClickAt
	TARGET =
		WIDGET = WC11132ie26988553567, WR17v7k2nb1067391859, WT7kxrdw19266625713, WP1rp2dz8223396690116
		ROLE = UIAMenuItem
		TITLE = Playback Alt+l
		SHAPE = Rect [x:710.0 y:370.0 w:64.0 h:20.0]
		CHILDREN = 0
		PATH = [0, 1, 1]
	DESCRIPTION = Left Click at 'Playback Alt+l'
	TEXT = Compound Action =
		Move mouse to (742.0, 380.0).
		Press Mouse Button BUTTON1
		Release Mouse Button BUTTON1

ExecutedAction [12]: 
 @Action ConcreteID = ACpp0xny803213591291 AbstractID = AApp0xny803213591291
 ConcreteID CUSTOM = ConcreteID CUSTOM not available AbstractID CUSTOM = AApf5e107f731023387
 @State ConcreteID = SC1upefrr6733117430640 AbstractID = SRs4ic2w653737206053
 ConcreteID CUSTOM = SC1ye477c67b3706407374 AbstractID CUSTOM = SA26wuzx6742245074502

	ROLE = LeftClickAt
	TARGET =
		WIDGET = WC1iq88z6232901648304, WR17v7k2nb1067391859, WTz0ixde194231008949, WPwh0h2c1f844776713
		ROLE = UIAMenuItem
		TITLE = Renderer Alt+R
		SHAPE = Rect [x:713.0 y:490.0 w:231.0 h:22.0]
		CHILDREN = 0
		PATH = [1, 5]
	DESCRIPTION = Left Click at 'Renderer Alt+R'
	TEXT = Compound Action =
		Move mouse to (828.5, 501.0).
		Press Mouse Button BUTTON1
		Release Mouse Button BUTTON1

ExecutedAction [13]: 
 @Action ConcreteID = AC12da1sl80456997364 AbstractID = AA12da1sl80456997364
 ConcreteID CUSTOM = ConcreteID CUSTOM not available AbstractID CUSTOM = AA1xaujxi7f695113046
 @State ConcreteID = SC162daob6c02886148550 AbstractID = SR1dao1fd6a23946615701
 ConcreteID CUSTOM = SC1yyyrn06ca642751410 AbstractID CUSTOM = SAax4pcd6c61850106444

	ROLE = LeftClickAt
	TARGET =
		WIDGET = WCb8ooqm274034031447, WR5quxi6b4097176690, WT5quxi6b4097176690, WP1sol9dc231909804025
		ROLE = UIATreeItem
		TITLE = 
		SHAPE = Rect [x:665.0 y:598.0 w:158.0 h:26.0]
		CHILDREN = 0
		PATH = [0, 2, 0, 0, 3, 1, 1, 5]
	DESCRIPTION = Left Click at ''
	TEXT = Compound Action =
		Move mouse to (744.0, 611.0).
		Press Mouse Button BUTTON1
		Release Mouse Button BUTTON1

ExecutedAction [14]: 
 @Action ConcreteID = ACq8gc6l803561039152 AbstractID = AAq8gc6l803561039152
 ConcreteID CUSTOM = ConcreteID CUSTOM not available AbstractID CUSTOM = AAuaczlx7e1691467550
 @State ConcreteID = SC120ka425af1916786305 AbstractID = SR1csuwuu586667092306
 ConcreteID CUSTOM = SCikkpau5b62621792903 AbstractID CUSTOM = SA1xff79s59f12765718

	ROLE = LeftClickAt
	TARGET =
		WIDGET = WC1kb7r7h21508008499, WR1e04pz3e358922214, WT1e04pz3e358922214, WP14jepmz1d1747774249
		ROLE = UIASplitButton
		TITLE = 
		SHAPE = Rect [x:977.0 y:454.0 w:23.0 h:22.0]
		CHILDREN = 0
		PATH = [0, 3, 0, 0, 1]
	DESCRIPTION = Left Click at ''
	TEXT = Compound Action =
		Move mouse to (988.5, 465.0).
		Press Mouse Button BUTTON1
		Release Mouse Button BUTTON1

ExecutedAction [15]: 
 @Action ConcreteID = AC1igxurc801729918819 AbstractID = AA1igxurc801729918819
 ConcreteID CUSTOM = ConcreteID CUSTOM not available AbstractID CUSTOM = AAg4rgee803496275472
 @State ConcreteID = SC1hkujx462e201043947 AbstractID = SRkhrssb5fb772000955
 ConcreteID CUSTOM = SC1wxmjxc62f3332968798 AbstractID CUSTOM = SAnvgsrs6143443463801

	ROLE = LeftClickAt
	TARGET =
		WIDGET = WC94x2ox202540742009, WR10fgh33101836453781, WT10fgh33101836453781, WP16jfg7n1c637867345
		ROLE = UIACustomControl
		TITLE = 
		SHAPE = Rect [x:1146.0 y:418.0 w:101.0 h:32.0]
		CHILDREN = 2
		PATH = [0, 3, 2, 1]
	DESCRIPTION = Left Click at ''
	TEXT = Compound Action =
		Move mouse to (1196.5, 434.0).
		Press Mouse Button BUTTON1
		Release Mouse Button BUTTON1

ExecutedAction [16]: 
 @Action ConcreteID = AC8lcu3g80900759341 AbstractID = AA8lcu3g80900759341
 ConcreteID CUSTOM = ConcreteID CUSTOM not available AbstractID CUSTOM = AA15aahpm802194204254
 @State ConcreteID = SC1hkujx462e201043947 AbstractID = SRkhrssb5fb772000955
 ConcreteID CUSTOM = SC1wxmjxc62f3332968798 AbstractID CUSTOM = SAnvgsrs6143443463801

	ROLE = LeftClickAt
	TARGET =
		WIDGET = WC17mr9pc1c3373239139, WR1h6ibpb92248851252, WT1ejd82ff2407850442, WPq39oa6184284984570
		ROLE = UIAButton
		TITLE =  Enter
		SHAPE = Rect [x:1099.0 y:591.0 w:28.0 h:24.0]
		CHILDREN = 0
		PATH = [0, 0, 3]
	DESCRIPTION = Left Click at ' Enter'
	TEXT = Compound Action =
		Move mouse to (1113.0, 603.0).
		Press Mouse Button BUTTON1
		Release Mouse Button BUTTON1

ExecutedAction [17]: 
 @Action ConcreteID = ACfiyzh87f14250881 AbstractID = AAfiyzh87f14250881
 ConcreteID CUSTOM = ConcreteID CUSTOM not available AbstractID CUSTOM = AA1xa5eha7f3306961919
 @State ConcreteID = SC1hkujx462e201043947 AbstractID = SRkhrssb5fb772000955
 ConcreteID CUSTOM = SC1wxmjxc62f3332968798 AbstractID CUSTOM = SAnvgsrs6143443463801

	ROLE = LeftClickAt
	TARGET =
		WIDGET = WC1ulvvvz26808321606, WR17v7k2nb1067391859, WTpcm71l192027518401, WPtljekd224265867538
		ROLE = UIAMenuItem
		TITLE = Subtitle Alt+t
		SHAPE = Rect [x:870.0 y:370.0 w:57.0 h:20.0]
		CHILDREN = 0
		PATH = [0, 2, 4]
	DESCRIPTION = Left Click at 'Subtitle Alt+t'
	TEXT = Compound Action =
		Move mouse to (898.5, 380.0).
		Press Mouse Button BUTTON1
		Release Mouse Button BUTTON1

ExecutedAction [18]: 
 @Action ConcreteID = ACa82q1a803184271666 AbstractID = AAa82q1a803184271666
 ConcreteID CUSTOM = ConcreteID CUSTOM not available AbstractID CUSTOM = AAjz681p7e2628734354
 @State ConcreteID = SC171nv0b66a3508252211 AbstractID = SRsrlo186361470878230
 ConcreteID CUSTOM = SCpxog2e66b2496304244 AbstractID CUSTOM = SA9wllci64f555284568

	ROLE = LeftClickAt
	TARGET =
		WIDGET = WCcb59pa232030241700, WR10fgh33101836453781, WT10fgh33101836453781, WP1f4itrg1f2348235590
		ROLE = UIACustomControl
		TITLE = 
		SHAPE = Rect [x:660.0 y:454.0 w:307.0 h:22.0]
		CHILDREN = 1
		PATH = [0, 3, 0, 0, 0]
	DESCRIPTION = Left Click at ''
	TEXT = Compound Action =
		Move mouse to (813.5, 465.0).
		Press Mouse Button BUTTON1
		Release Mouse Button BUTTON1

ExecutedAction [19]: 
 @Action ConcreteID = AC1l1hk887f2921930426 AbstractID = AA1l1hk887f2921930426
 ConcreteID CUSTOM = ConcreteID CUSTOM not available AbstractID CUSTOM = AA13rjx967f1810650820
 @State ConcreteID = SC1hkujx462e201043947 AbstractID = SRkhrssb5fb772000955
 ConcreteID CUSTOM = SC1wxmjxc62f3332968798 AbstractID CUSTOM = SAnvgsrs6143443463801

	ROLE = LeftClickAt
	TARGET =
		WIDGET = WC4ha5wf273276796823, WR5quxi6b4097176690, WT5quxi6b4097176690, WP1lx6qj5231122555705
		ROLE = UIATreeItem
		TITLE = 
		SHAPE = Rect [x:665.0 y:550.0 w:158.0 h:26.0]
		CHILDREN = 0
		PATH = [0, 3, 0, 0, 3, 1, 1, 3]
	DESCRIPTION = Left Click at ''
	TEXT = Compound Action =
		Move mouse to (744.0, 563.0).
		Press Mouse Button BUTTON1
		Release Mouse Button BUTTON1

ExecutedAction [20]: 
 @Action ConcreteID = AC1btiifce13819578908 AbstractID = AAxsk1sbd51094595312
 ConcreteID CUSTOM = ConcreteID CUSTOM not available AbstractID CUSTOM = AA1is9gprd5367115929
 @State ConcreteID = SC10ssvma5db869331332 AbstractID = SRhmotw45af1749583639
 ConcreteID CUSTOM = SC6axrco5df2524851552 AbstractID CUSTOM = SA1p1k52j5ca716454848

	ROLE = ClickTypeInto
	TARGET =
		WIDGET = WC1j2y1j81a1645365061, WR4n0dlj72701565195, WT4n0dlj72701565195, WP1lf6g42163047346291
		ROLE = UIAEdit
		TITLE = 
		SHAPE = Rect [x:1010.0 y:455.0 w:250.0 h:20.0]
		CHILDREN = 0
		PATH = [0, 3, 0, 0, 2]
	DESCRIPTION = Type '-1E2' into '
	TEXT = Compound Action =
		Compound Action =
		Move mouse to (1135.0, 465.0).
		Press Mouse Button BUTTON1
		Release Mouse Button BUTTON1
		Press Key 17
		Press Key 65
		Release Key 65
		Release Key 17
		Type text '-1E2'

ExecutedAction [21]: 
 @Action ConcreteID = AC1j52ze4801913404503 AbstractID = AA1j52ze4801913404503
 ConcreteID CUSTOM = ConcreteID CUSTOM not available AbstractID CUSTOM = AA1ev84er801007319755
 @State ConcreteID = SC1f8ufon5f03530389241 AbstractID = SR19ite0b5c31324928092
 ConcreteID CUSTOM = SCtxve645f410063814 AbstractID CUSTOM = SA1wqf32t5df2492942383

	ROLE = LeftClickAt
	TARGET =
		WIDGET = WC1kb7r7h21508008499, WR1e04pz3e358922214, WT1e04pz3e358922214, WP14jepmz1d1747774249
		ROLE = UIASplitButton
		TITLE = 
		SHAPE = Rect [x:977.0 y:454.0 w:23.0 h:22.0]
		CHILDREN = 0
		PATH = [0, 3, 0, 0, 1]
	DESCRIPTION = Left Click at ''
	TEXT = Compound Action =
		Move mouse to (988.5, 465.0).
		Press Mouse Button BUTTON1
		Release Mouse Button BUTTON1

ExecutedAction [22]: 
 @Action ConcreteID = AC1vu6tv87f2489919217 AbstractID = AA1vu6tv87f2489919217
 ConcreteID CUSTOM = ConcreteID CUSTOM not available AbstractID CUSTOM = AA54ps2i801147919569
 @State ConcreteID = SCqda8qg5b23726411391 AbstractID = SR18xwdw85872725457917
 ConcreteID CUSTOM = SC1gnpgxp5b81112586198 AbstractID CUSTOM = SA1xxq18c5a04137394012

	ROLE = LeftClickAt
	TARGET =
		WIDGET = WC4ha5y5272501202961, WR5quxi6b4097176690, WT5quxi6b4097176690, WP1lx6qkv23347238591
		ROLE = UIATreeItem
		TITLE = 
		SHAPE = Rect [x:665.0 y:598.0 w:158.0 h:26.0]
		CHILDREN = 0
		PATH = [0, 3, 0, 0, 3, 1, 1, 5]
	DESCRIPTION = Left Click at ''
	TEXT = Compound Action =
		Move mouse to (744.0, 611.0).
		Press Mouse Button BUTTON1
		Release Mouse Button BUTTON1

ExecutedAction [23]: 
 @Action ConcreteID = ACv45rlw7f3671696240 AbstractID = AAv45rlw7f3671696240
 ConcreteID CUSTOM = ConcreteID CUSTOM not available AbstractID CUSTOM = AA13fsrsa80182147408
 @State ConcreteID = SCqda8qg5b23726411391 AbstractID = SR18xwdw85872725457917
 ConcreteID CUSTOM = SC1gnpgxp5b81112586198 AbstractID CUSTOM = SA1xxq18c5a04137394012

	ROLE = LeftClickAt
	TARGET =
		WIDGET = WC1ulvvvz26808321606, WR17v7k2nb1067391859, WTpcm71l192027518401, WPtljekd224265867538
		ROLE = UIAMenuItem
		TITLE = Subtitle Alt+t
		SHAPE = Rect [x:870.0 y:370.0 w:57.0 h:20.0]
		CHILDREN = 0
		PATH = [0, 2, 4]
	DESCRIPTION = Left Click at 'Subtitle Alt+t'
	TEXT = Compound Action =
		Move mouse to (898.5, 380.0).
		Press Mouse Button BUTTON1
		Release Mouse Button BUTTON1

ExecutedAction [24]: 
 @Action ConcreteID = ACqx6xgu801808910608 AbstractID = AAqx6xgu801808910608
 ConcreteID CUSTOM = ConcreteID CUSTOM not available AbstractID CUSTOM = AApseklc803561482768
 @State ConcreteID = SCitb9235ee2610168013 AbstractID = SRpvzrrd5c2998485169
 ConcreteID CUSTOM = SC1nyt5tz5f44272703397 AbstractID CUSTOM = SA1tx1k6e5db102440134

	ROLE = LeftClickAt
	TARGET =
		WIDGET = WC1fyukwf20187867976, WR4n4ygb71694219017, WT4n4ygb71694219017, WPmjnogt1c4136154481
		ROLE = UIAList
		TITLE = 
		SHAPE = Rect [x:845.0 y:476.0 w:415.0 h:285.0]
		CHILDREN = 0
		PATH = [0, 3, 0, 0, 3, 0, 0]
	DESCRIPTION = Left Click at ''
	TEXT = Compound Action =
		Move mouse to (1052.5, 618.5).
		Press Mouse Button BUTTON1
		Release Mouse Button BUTTON1

ExecutedAction [25]: 
 @Action ConcreteID = AC1gxtg7p7f4158505827 AbstractID = AA1gxtg7p7f4158505827
 ConcreteID CUSTOM = ConcreteID CUSTOM not available AbstractID CUSTOM = AA1p9gge380668940611
 @State ConcreteID = SCqda8qg5b23726411391 AbstractID = SR18xwdw85872725457917
 ConcreteID CUSTOM = SC1gnpgxp5b81112586198 AbstractID CUSTOM = SA1xxq18c5a04137394012

	ROLE = LeftClickAt
	TARGET =
		WIDGET = WCku1d5o1d4199739809, WR10fgh33101836453781, WT10fgh33101836453781, WP350dgq19838914022
		ROLE = UIACustomControl
		TITLE = 
		SHAPE = Rect [x:660.0 y:391.0 w:600.0 h:60.0]
		CHILDREN = 12
		PATH = [0, 3, 2]
	DESCRIPTION = Left Click at ''
	TEXT = Compound Action =
		Move mouse to (960.0, 421.0).
		Press Mouse Button BUTTON1
		Release Mouse Button BUTTON1

ExecutedAction [26]: 
 @Action ConcreteID = AC1tniq9g804291870071 AbstractID = AA1tniq9g804291870071
 ConcreteID CUSTOM = ConcreteID CUSTOM not available AbstractID CUSTOM = AA13jvnv2813295584069
 @State ConcreteID = SCqda8qg5b23726411391 AbstractID = SR18xwdw85872725457917
 ConcreteID CUSTOM = SC1gnpgxp5b81112586198 AbstractID CUSTOM = SA1xxq18c5a04137394012

	ROLE = LeftClickAt
	TARGET =
		WIDGET = WC17mr9pc1c3373239139, WR1h6ibpb92248851252, WT1ejd82ff2407850442, WPq39oa6184284984570
		ROLE = UIAButton
		TITLE =  Enter
		SHAPE = Rect [x:1099.0 y:591.0 w:28.0 h:24.0]
		CHILDREN = 0
		PATH = [0, 0, 3]
	DESCRIPTION = Left Click at ' Enter'
	TEXT = Compound Action =
		Move mouse to (1113.0, 603.0).
		Press Mouse Button BUTTON1
		Release Mouse Button BUTTON1

ExecutedAction [27]: 
 @Action ConcreteID = AC1n6l4qh7f1262148483 AbstractID = AA1n6l4qh7f1262148483
 ConcreteID CUSTOM = ConcreteID CUSTOM not available AbstractID CUSTOM = AA1vi84wv802604147107
 @State ConcreteID = SCqda8qg5b23726411391 AbstractID = SR18xwdw85872725457917
 ConcreteID CUSTOM = SC1gnpgxp5b81112586198 AbstractID CUSTOM = SA1xxq18c5a04137394012

	ROLE = LeftClickAt
	TARGET =
		WIDGET = WCku1d4t1d3514802786, WR10fgh33101836453781, WT10fgh33101836453781, WP350dfv19422419493
		ROLE = UIACustomControl
		TITLE = 
		SHAPE = Rect [x:660.0 y:764.0 w:600.0 h:26.0]
		CHILDREN = 3
		PATH = [0, 3, 1]
	DESCRIPTION = Left Click at ''
	TEXT = Compound Action =
		Move mouse to (960.0, 777.0).
		Press Mouse Button BUTTON1
		Release Mouse Button BUTTON1

ExecutedAction [28]: 
 @Action ConcreteID = AC213uc67f2904558169 AbstractID = AA213uc67f2904558169
 ConcreteID CUSTOM = ConcreteID CUSTOM not available AbstractID CUSTOM = AAacquik802099441785
 @State ConcreteID = SCqda8qg5b23726411391 AbstractID = SR18xwdw85872725457917
 ConcreteID CUSTOM = SC1gnpgxp5b81112586198 AbstractID CUSTOM = SA1xxq18c5a04137394012

	ROLE = LeftClickAt
	TARGET =
		WIDGET = WC1lhezo9192984844161, WR1h6ibpb92248851252, WT1h6ibpb92248851252, WP11lh0y315101868429
		ROLE = UIAButton
		TITLE = 
		SHAPE = Rect [x:849.0 y:421.0 w:26.0 h:26.0]
		CHILDREN = 0
		PATH = [0, 3, 2, 9]
	DESCRIPTION = Left Click at ''
	TEXT = Compound Action =
		Move mouse to (862.0, 434.0).
		Press Mouse Button BUTTON1
		Release Mouse Button BUTTON1

ExecutedAction [29]: 
 @Action ConcreteID = AC1ne39z37f3198546360 AbstractID = AA1ne39z37f3198546360
 ConcreteID CUSTOM = ConcreteID CUSTOM not available AbstractID CUSTOM = AA1e6vuib7f1290560207
 @State ConcreteID = SCfr3fxr94b2247217750 AbstractID = SRr5hxkq90a3352905384
 ConcreteID CUSTOM = SCw2v3zz95e1722504483 AbstractID CUSTOM = SA1u7emyp94d273991348

	ROLE = LeftClickAt
	TARGET =
		WIDGET = WCzh8ir72c3690954354, WR1k8fo0ra1109144095, WT1nm4611192860587041, WP16x9qdd282568739354
		ROLE = UIATabItem
		TITLE = Synchronization
		SHAPE = Rect [x:326.0 y:372.0 w:28.0 h:21.0]
		CHILDREN = 0
		PATH = [0, 0, 1, 1, 2]
	DESCRIPTION = Left Click at 'Synchronization'
	TEXT = Compound Action =
		Move mouse to (340.0, 382.5).
		Press Mouse Button BUTTON1
		Release Mouse Button BUTTON1

ExecutedAction [30]: 
 @Action ConcreteID = AC1u1q8i7812367653955 AbstractID = AA1u1q8i7812367653955
 ConcreteID CUSTOM = ConcreteID CUSTOM not available AbstractID CUSTOM = AA17t60pn80518758193
 @State ConcreteID = SC15f3sfr7d01137080941 AbstractID = SRufiugh7923641233567
 ConcreteID CUSTOM = SC1cq2amx7da4211672193 AbstractID CUSTOM = SA1co7bcc7c9717530069

	ROLE = LeftClickAt
	TARGET =
		WIDGET = WC1uswcwd171757179085, WR1cs7rxoa2579320938, WT1cs7rxoa2579320938, WP1fi4nbv133448824281
		ROLE = UIASpinner
		TITLE = 
		SHAPE = Rect [x:983.0 y:591.0 w:110.0 h:24.0]
		CHILDREN = 0
		PATH = [0, 1, 2]
	DESCRIPTION = Left Click at ''
	TEXT = Compound Action =
		Move mouse to (1038.0, 603.0).
		Press Mouse Button BUTTON1
		Release Mouse Button BUTTON1

ExecutedAction [31]: 
 @Action ConcreteID = AC1pk4jb67f688815747 AbstractID = AA1pk4jb67f688815747
 ConcreteID CUSTOM = ConcreteID CUSTOM not available AbstractID CUSTOM = AAiinnka7f3813135613
 @State ConcreteID = SCfubmyq7d42188962296 AbstractID = SR1k9y965792444460568
 ConcreteID CUSTOM = SC16cin2e7d41354553642 AbstractID CUSTOM = SA184ipjk7c6194813744

	ROLE = LeftClickAt
	TARGET =
		WIDGET = WC1wqzp5n271602003265, WR5quxi6b4097176690, WT5quxi6b4097176690, WP1f5s7t9233738928623
		ROLE = UIATreeItem
		TITLE = 
		SHAPE = Rect [x:665.0 y:624.0 w:158.0 h:26.0]
		CHILDREN = 0
		PATH = [0, 4, 0, 0, 3, 1, 1, 6]
	DESCRIPTION = Left Click at ''
	TEXT = Compound Action =
		Move mouse to (744.0, 637.0).
		Press Mouse Button BUTTON1
		Release Mouse Button BUTTON1

ExecutedAction [32]: 
 @Action ConcreteID = AC1rb0oes7f1276554160 AbstractID = AA1rb0oes7f1276554160
 ConcreteID CUSTOM = ConcreteID CUSTOM not available AbstractID CUSTOM = AAk9jsnw7f2254373326
 @State ConcreteID = SCfubmyq7d42188962296 AbstractID = SR1k9y965792444460568
 ConcreteID CUSTOM = SC16cin2e7d41354553642 AbstractID CUSTOM = SA184ipjk7c6194813744

	ROLE = LeftClickAt
	TARGET =
		WIDGET = WCvdbbw634914587149, WR10fgh33101836453781, WT1c4n0f71b3275149907, WP1septtw301939163151
		ROLE = UIACustomControl
		TITLE = Audio/Video
		SHAPE = Rect [x:452.0 y:454.0 w:175.0 h:70.0]
		CHILDREN = 2
		PATH = [0, 1, 1, 0, 0, 0, 1]
	DESCRIPTION = Left Click at 'Audio/Video'
	TEXT = Compound Action =
		Move mouse to (539.5, 489.0).
		Press Mouse Button BUTTON1
		Release Mouse Button BUTTON1

ExecutedAction [33]: 
 @Action ConcreteID = AC176lzmj802253349879 AbstractID = AA176lzmj802253349879
 ConcreteID CUSTOM = ConcreteID CUSTOM not available AbstractID CUSTOM = AAxau3rj7f2074578042
 @State ConcreteID = SC15f3sfr7d01137080941 AbstractID = SRufiugh7923641233567
 ConcreteID CUSTOM = SC1cq2amx7da4211672193 AbstractID CUSTOM = SA1co7bcc7c9717530069

	ROLE = LeftClickAt
	TARGET =
		WIDGET = WCzh8ir72c3690954354, WR1k8fo0ra1109144095, WT1nm4611192860587041, WP16x9qdd282568739354
		ROLE = UIATabItem
		TITLE = Synchronization
		SHAPE = Rect [x:326.0 y:372.0 w:28.0 h:21.0]
		CHILDREN = 0
		PATH = [0, 0, 1, 1, 2]
	DESCRIPTION = Left Click at 'Synchronization'
	TEXT = Compound Action =
		Move mouse to (340.0, 382.5).
		Press Mouse Button BUTTON1
		Release Mouse Button BUTTON1

ExecutedAction [34]: 
 @Action ConcreteID = AC10isebz801452017922 AbstractID = AA10isebz801452017922
 ConcreteID CUSTOM = ConcreteID CUSTOM not available AbstractID CUSTOM = AAqn0igz7f2875516559
 @State ConcreteID = SC15f3sfr7d01137080941 AbstractID = SRufiugh7923641233567
 ConcreteID CUSTOM = SC1cq2amx7da4211672193 AbstractID CUSTOM = SA1co7bcc7c9717530069

	ROLE = LeftClickAt
	TARGET =
		WIDGET = WCqqe6kc322114377163, WR1cs7rxoa2579320938, WTqnwiqj193662825705, WPor7vgq2e1554707198
		ROLE = UIASpinner
		TITLE = Subtitles/Video
		SHAPE = Rect [x:452.0 y:690.0 w:175.0 h:20.0]
		CHILDREN = 0
		PATH = [0, 0, 1, 0, 0, 1, 3]
	DESCRIPTION = Left Click at 'Subtitles/Video'
	TEXT = Compound Action =
		Move mouse to (539.5, 700.0).
		Press Mouse Button BUTTON1
		Release Mouse Button BUTTON1

ExecutedAction [35]: 
 @Action ConcreteID = AC1ddaax48063715089 AbstractID = AA1ddaax48063715089
 ConcreteID CUSTOM = ConcreteID CUSTOM not available AbstractID CUSTOM = AA13hif247f4263827612
 @State ConcreteID = SC15f3sfr7d01137080941 AbstractID = SRufiugh7923641233567
 ConcreteID CUSTOM = SC1cq2amx7da4211672193 AbstractID CUSTOM = SA1co7bcc7c9717530069

	ROLE = LeftClickAt
	TARGET =
		WIDGET = WCvt99vl242936538278, WR1e04pz3e358922214, WT1e04pz3e358922214, WPpdyh83201623961747
		ROLE = UIASplitButton
		TITLE = 
		SHAPE = Rect [x:660.0 y:476.0 w:180.0 h:285.0]
		CHILDREN = 3
		PATH = [0, 4, 0, 0, 3, 1]
	DESCRIPTION = Left Click at ''
	TEXT = Compound Action =
		Move mouse to (750.0, 618.5).
		Press Mouse Button BUTTON1
		Release Mouse Button BUTTON1

ExecutedAction [36]: 
 @Action ConcreteID = AC576oac803931311796 AbstractID = AA576oac803931311796
 ConcreteID CUSTOM = ConcreteID CUSTOM not available AbstractID CUSTOM = AA1uciueg7f398188857
 @State ConcreteID = SC15f3sfr7d01137080941 AbstractID = SRufiugh7923641233567
 ConcreteID CUSTOM = SC1cq2amx7da4211672193 AbstractID CUSTOM = SA1co7bcc7c9717530069

	ROLE = LeftClickAt
	TARGET =
		WIDGET = WCf9xenw19395926932, WR1h6ibpb92248851252, WT1h6ibpb92248851252, WP1uf3hwu152690786712
		ROLE = UIAButton
		TITLE = 
		SHAPE = Rect [x:733.0 y:421.0 w:26.0 h:26.0]
		CHILDREN = 0
		PATH = [0, 4, 2, 5]
	DESCRIPTION = Left Click at ''
	TEXT = Compound Action =
		Move mouse to (746.0, 434.0).
		Press Mouse Button BUTTON1
		Release Mouse Button BUTTON1

ExecutedAction [37]: 
 @Action ConcreteID = AC19svrp0803873426887 AbstractID = AA19svrp0803873426887
 ConcreteID CUSTOM = ConcreteID CUSTOM not available AbstractID CUSTOM = AAzx3vu07f456598090
 @State ConcreteID = SC15f3sfr7d01137080941 AbstractID = SRufiugh7923641233567
 ConcreteID CUSTOM = SC1cq2amx7da4211672193 AbstractID CUSTOM = SA1co7bcc7c9717530069

	ROLE = LeftClickAt
	TARGET =
		WIDGET = WC1kvrl6f241272811682, WR1h6ibpb92248851252, WTfj8swh143379978768, WP12mswrt201811755996
		ROLE = UIAButton
		TITLE = Close Enter
		SHAPE = Rect [x:575.0 y:762.0 w:75.0 h:23.0]
		CHILDREN = 0
		PATH = [0, 0, 2, 0]
	DESCRIPTION = Left Click at 'Close Enter'
	TEXT = Compound Action =
		Move mouse to (612.5, 773.5).
		Press Mouse Button BUTTON1
		Release Mouse Button BUTTON1

ExecutedAction [38]: 
 @Action ConcreteID = AC16cselk803591385045 AbstractID = AA16cselk803591385045
 ConcreteID CUSTOM = ConcreteID CUSTOM not available AbstractID CUSTOM = AAg95c76813987607015
 @State ConcreteID = SCqda8qg5b23726411391 AbstractID = SR18xwdw85872725457917
 ConcreteID CUSTOM = SC1gnpgxp5b81112586198 AbstractID CUSTOM = SA1xxq18c5a04137394012

	ROLE = LeftClickAt
	TARGET =
		WIDGET = WCigl81b221236350214, WR17v7k2nb1067391859, WT1e6tvxi153323975668, WP1lyad311e2164392518
		ROLE = UIAMenuItem
		TITLE = Help Alt+H
		SHAPE = Rect [x:1013.0 y:370.0 w:42.0 h:20.0]
		CHILDREN = 0
		PATH = [0, 2, 7]
	DESCRIPTION = Left Click at 'Help Alt+H'
	TEXT = Compound Action =
		Move mouse to (1034.0, 380.0).
		Press Mouse Button BUTTON1
		Release Mouse Button BUTTON1

ExecutedAction [39]: 
 @Action ConcreteID = ACocvsjc812561360128 AbstractID = AAocvsjc812561360128
 ConcreteID CUSTOM = ConcreteID CUSTOM not available AbstractID CUSTOM = AA1wi5dwv811590961356
 @State ConcreteID = SC1keh5296142526346244 AbstractID = SRygefvb5ea1336752616
 ConcreteID CUSTOM = SC1h0hd7q61a516016562 AbstractID CUSTOM = SA1iwbhzm6043805799279

	ROLE = LeftClickAt
	TARGET =
		WIDGET = WChmn2rl253820701332, WR1h6ibpb92248851252, WT179pbei153540817138, WP1mssmcz213774552795
		ROLE = UIAButton
		TITLE = Cancel Alt+C
		SHAPE = Rect [x:1052.0 y:621.0 w:75.0 h:23.0]
		CHILDREN = 0
		PATH = [0, 0, 4, 1]
	DESCRIPTION = Left Click at 'Cancel Alt+C'
	TEXT = Compound Action =
		Move mouse to (1089.5, 632.5).
		Press Mouse Button BUTTON1
		Release Mouse Button BUTTON1

ExecutedAction [40]: 
 @Action ConcreteID = AC1gm3ah5801262129665 AbstractID = AA1gm3ah5801262129665
 ConcreteID CUSTOM = ConcreteID CUSTOM not available AbstractID CUSTOM = AAmeblc67f3344183391
 @State ConcreteID = SC126pjs94fb2828835472 AbstractID = SRqqa1o54d91389006694
 ConcreteID CUSTOM = SC1qu13cc4fb3985192962 AbstractID CUSTOM = SAiq7h1j4fa2434335150

	ROLE = LeftClickAt
	TARGET =
		WIDGET = WC19h71zr1c2745612408, WR88rmk0b1934231702, WT88rmk0b1934231702, WPqaifmt183472837339
		ROLE = UIACheckBox
		TITLE = 
		SHAPE = Rect [x:887.0 y:421.0 w:26.0 h:26.0]
		CHILDREN = 0
		PATH = [0, 2, 2, 10]
	DESCRIPTION = Left Click at ''
	TEXT = Compound Action =
		Move mouse to (900.0, 434.0).
		Press Mouse Button BUTTON1
		Release Mouse Button BUTTON1

ExecutedAction [41]: 
 @Action ConcreteID = ACt44w2k802432947417 AbstractID = AAt44w2k802432947417
 ConcreteID CUSTOM = ConcreteID CUSTOM not available AbstractID CUSTOM = AA1xxh8wp7f493713031
 @State ConcreteID = SC126pjs94fb2828835472 AbstractID = SRqqa1o54d91389006694
 ConcreteID CUSTOM = SC1qu13cc4fb3985192962 AbstractID CUSTOM = SAiq7h1j4fa2434335150

	ROLE = LeftClickAt
	TARGET =
		WIDGET = WC1ulc3am262005825686, WR17v7k2nb1067391859, WTpcm71l192027518401, WPtkzlz0223118695362
		ROLE = UIAMenuItem
		TITLE = Subtitle Alt+t
		SHAPE = Rect [x:870.0 y:370.0 w:57.0 h:20.0]
		CHILDREN = 0
		PATH = [0, 1, 4]
	DESCRIPTION = Left Click at 'Subtitle Alt+t'
	TEXT = Compound Action =
		Move mouse to (898.5, 380.0).
		Press Mouse Button BUTTON1
		Release Mouse Button BUTTON1

ExecutedAction [42]: 
 @Action ConcreteID = AC17sx9e67f1440676509 AbstractID = AA17sx9e67f1440676509
 ConcreteID CUSTOM = ConcreteID CUSTOM not available AbstractID CUSTOM = AA312xm780251415704
 @State ConcreteID = SC6hhbi25371272423403 AbstractID = SRzb3o8e514861172353
 ConcreteID CUSTOM = SC1x9zhhu5373840790316 AbstractID CUSTOM = SA12s5btl5353327551551

	ROLE = LeftClickAt
	TARGET =
		WIDGET = WCb8oopr273915996694, WR5quxi6b4097176690, WT5quxi6b4097176690, WP1sol9ch231758362296
		ROLE = UIATreeItem
		TITLE = 
		SHAPE = Rect [x:660.0 y:576.0 w:163.0 h:22.0]
		CHILDREN = 0
		PATH = [0, 2, 0, 0, 3, 1, 1, 4]
	DESCRIPTION = Left Click at ''
	TEXT = Compound Action =
		Move mouse to (741.5, 587.0).
		Press Mouse Button BUTTON1
		Release Mouse Button BUTTON1

ExecutedAction [43]: 
 @Action ConcreteID = AC1tu5ybw803753070936 AbstractID = AA1tu5ybw803753070936
 ConcreteID CUSTOM = ConcreteID CUSTOM not available AbstractID CUSTOM = AAzme96x7f1407054598
 @State ConcreteID = SC126pjs94fb2828835472 AbstractID = SRqqa1o54d91389006694
 ConcreteID CUSTOM = SC1qu13cc4fb3985192962 AbstractID CUSTOM = SAiq7h1j4fa2434335150

	ROLE = LeftClickAt
	TARGET =
		WIDGET = WCb8ooqm274034031447, WR5quxi6b4097176690, WT5quxi6b4097176690, WP1sol9dc231909804025
		ROLE = UIATreeItem
		TITLE = 
		SHAPE = Rect [x:665.0 y:598.0 w:158.0 h:26.0]
		CHILDREN = 0
		PATH = [0, 2, 0, 0, 3, 1, 1, 5]
	DESCRIPTION = Left Click at ''
	TEXT = Compound Action =
		Move mouse to (744.0, 611.0).
		Press Mouse Button BUTTON1
		Release Mouse Button BUTTON1

ExecutedAction [44]: 
 @Action ConcreteID = AC1pyprxj803712221066 AbstractID = AA1pyprxj803712221066
 ConcreteID CUSTOM = ConcreteID CUSTOM not available AbstractID CUSTOM = AAvqy2sk7f1361927636
 @State ConcreteID = SC126pjs94fb2828835472 AbstractID = SRqqa1o54d91389006694
 ConcreteID CUSTOM = SC1qu13cc4fb3985192962 AbstractID CUSTOM = SAiq7h1j4fa2434335150

	ROLE = LeftClickAt
	TARGET =
		WIDGET = WCb8oomb272365954834, WR5quxi6b4097176690, WT5quxi6b4097176690, WP1sol99123211992508
		ROLE = UIATreeItem
		TITLE = 
		SHAPE = Rect [x:660.0 y:476.0 w:163.0 h:22.0]
		CHILDREN = 0
		PATH = [0, 2, 0, 0, 3, 1, 1, 0]
	DESCRIPTION = Left Click at ''
	TEXT = Compound Action =
		Move mouse to (741.5, 487.0).
		Press Mouse Button BUTTON1
		Release Mouse Button BUTTON1

ExecutedAction [45]: 
 @Action ConcreteID = AC17028qx803150846085 AbstractID = AA17028qx803150846085
 ConcreteID CUSTOM = ConcreteID CUSTOM not available AbstractID CUSTOM = AAcsajly7f933280475
 @State ConcreteID = SC126pjs94fb2828835472 AbstractID = SRqqa1o54d91389006694
 ConcreteID CUSTOM = SC1qu13cc4fb3985192962 AbstractID CUSTOM = SAiq7h1j4fa2434335150

	ROLE = LeftClickAt
	TARGET =
		WIDGET = WCsnsiim193522581523, WR1h6ibpb92248851252, WT1h6ibpb92248851252, WP8rujsg151712139295
		ROLE = UIAButton
		TITLE = 
		SHAPE = Rect [x:733.0 y:421.0 w:26.0 h:26.0]
		CHILDREN = 0
		PATH = [0, 2, 2, 5]
	DESCRIPTION = Left Click at ''
	TEXT = Compound Action =
		Move mouse to (746.0, 434.0).
		Press Mouse Button BUTTON1
		Release Mouse Button BUTTON1

ExecutedAction [46]: 
 @Action ConcreteID = AC1gm3ah5801262129665 AbstractID = AA1gm3ah5801262129665
 ConcreteID CUSTOM = ConcreteID CUSTOM not available AbstractID CUSTOM = AAmeblc67f3344183391
 @State ConcreteID = SC126pjs94fb2828835472 AbstractID = SRqqa1o54d91389006694
 ConcreteID CUSTOM = SC1qu13cc4fb3985192962 AbstractID CUSTOM = SAiq7h1j4fa2434335150

	ROLE = LeftClickAt
	TARGET =
		WIDGET = WC19h71zr1c2745612408, WR88rmk0b1934231702, WT88rmk0b1934231702, WPqaifmt183472837339
		ROLE = UIACheckBox
		TITLE = 
		SHAPE = Rect [x:887.0 y:421.0 w:26.0 h:26.0]
		CHILDREN = 0
		PATH = [0, 2, 2, 10]
	DESCRIPTION = Left Click at ''
	TEXT = Compound Action =
		Move mouse to (900.0, 434.0).
		Press Mouse Button BUTTON1
		Release Mouse Button BUTTON1

ExecutedAction [47]: 
 @Action ConcreteID = AC1tu5ybw803753070936 AbstractID = AA1tu5ybw803753070936
 ConcreteID CUSTOM = ConcreteID CUSTOM not available AbstractID CUSTOM = AAzme96x7f1407054598
 @State ConcreteID = SC126pjs94fb2828835472 AbstractID = SRqqa1o54d91389006694
 ConcreteID CUSTOM = SC1qu13cc4fb3985192962 AbstractID CUSTOM = SAiq7h1j4fa2434335150

	ROLE = LeftClickAt
	TARGET =
		WIDGET = WCb8ooqm274034031447, WR5quxi6b4097176690, WT5quxi6b4097176690, WP1sol9dc231909804025
		ROLE = UIATreeItem
		TITLE = 
		SHAPE = Rect [x:665.0 y:598.0 w:158.0 h:26.0]
		CHILDREN = 0
		PATH = [0, 2, 0, 0, 3, 1, 1, 5]
	DESCRIPTION = Left Click at ''
	TEXT = Compound Action =
		Move mouse to (744.0, 611.0).
		Press Mouse Button BUTTON1
		Release Mouse Button BUTTON1

ExecutedAction [48]: 
 @Action ConcreteID = AC1tu5ybw803753070936 AbstractID = AA1tu5ybw803753070936
 ConcreteID CUSTOM = ConcreteID CUSTOM not available AbstractID CUSTOM = AAzme96x7f1407054598
 @State ConcreteID = SC126pjs94fb2828835472 AbstractID = SRqqa1o54d91389006694
 ConcreteID CUSTOM = SC1qu13cc4fb3985192962 AbstractID CUSTOM = SAiq7h1j4fa2434335150

	ROLE = LeftClickAt
	TARGET =
		WIDGET = WCb8ooqm274034031447, WR5quxi6b4097176690, WT5quxi6b4097176690, WP1sol9dc231909804025
		ROLE = UIATreeItem
		TITLE = 
		SHAPE = Rect [x:665.0 y:598.0 w:158.0 h:26.0]
		CHILDREN = 0
		PATH = [0, 2, 0, 0, 3, 1, 1, 5]
	DESCRIPTION = Left Click at ''
	TEXT = Compound Action =
		Move mouse to (744.0, 611.0).
		Press Mouse Button BUTTON1
		Release Mouse Button BUTTON1

ExecutedAction [49]: 
 @Action ConcreteID = AC1dicla08137581826 AbstractID = AA1dicla08137581826
 ConcreteID CUSTOM = ConcreteID CUSTOM not available AbstractID CUSTOM = AA107ynob802388813395
 @State ConcreteID = SC126pjs94fb2828835472 AbstractID = SRqqa1o54d91389006694
 ConcreteID CUSTOM = SC1qu13cc4fb3985192962 AbstractID CUSTOM = SAiq7h1j4fa2434335150

	ROLE = LeftClickAt
	TARGET =
		WIDGET = WC1fcenlu201541055975, WR10fgh33101836453781, WT10fgh33101836453781, WPdpsz5g1c3937342927
		ROLE = UIACustomControl
		TITLE = 
		SHAPE = Rect [x:1146.0 y:418.0 w:101.0 h:32.0]
		CHILDREN = 2
		PATH = [0, 2, 2, 1]
	DESCRIPTION = Left Click at ''
	TEXT = Compound Action =
		Move mouse to (1196.5, 434.0).
		Press Mouse Button BUTTON1
		Release Mouse Button BUTTON1

ExecutedAction [50]: 
 @Action ConcreteID = AC1o9s6bp80673037995 AbstractID = AA1o9s6bp80673037995
 ConcreteID CUSTOM = ConcreteID CUSTOM not available AbstractID CUSTOM = AAu20h6q7f2759007477
 @State ConcreteID = SC126pjs94fb2828835472 AbstractID = SRqqa1o54d91389006694
 ConcreteID CUSTOM = SC1qu13cc4fb3985192962 AbstractID CUSTOM = SAiq7h1j4fa2434335150

	ROLE = LeftClickAt
	TARGET =
		WIDGET = WC19h720m1c3132983609, WR88rmk0b1934231702, WT88rmk0b1934231702, WPqaifno183622075290
		ROLE = UIACheckBox
		TITLE = 
		SHAPE = Rect [x:913.0 y:421.0 w:26.0 h:26.0]
		CHILDREN = 0
		PATH = [0, 2, 2, 11]
	DESCRIPTION = Left Click at ''
	TEXT = Compound Action =
		Move mouse to (926.0, 434.0).
		Press Mouse Button BUTTON1
		Release Mouse Button BUTTON1

ExecutedAction [51]: 
 @Action ConcreteID = ACg51tel801381048608 AbstractID = AAg51tel801381048608
 ConcreteID CUSTOM = ConcreteID CUSTOM not available AbstractID CUSTOM = AA1kye68q7f3728704382
 @State ConcreteID = SC126pjs94fb2828835472 AbstractID = SRqqa1o54d91389006694
 ConcreteID CUSTOM = SC1qu13cc4fb3985192962 AbstractID CUSTOM = SAiq7h1j4fa2434335150

	ROLE = LeftClickAt
	TARGET =
		WIDGET = WC1cj90xv241472876304, WR1e04pz3e358922214, WT1e04pz3e358922214, WP163y8ad202550790949
		ROLE = UIASplitButton
		TITLE = 
		SHAPE = Rect [x:660.0 y:476.0 w:180.0 h:285.0]
		CHILDREN = 3
		PATH = [0, 2, 0, 0, 3, 1]
	DESCRIPTION = Left Click at ''
	TEXT = Compound Action =
		Move mouse to (750.0, 618.5).
		Press Mouse Button BUTTON1
		Release Mouse Button BUTTON1

ExecutedAction [52]: 
 @Action ConcreteID = AC189k9or802247925811 AbstractID = AA189k9or802247925811
 ConcreteID CUSTOM = ConcreteID CUSTOM not available AbstractID CUSTOM = AAe1skjs7f160563821
 @State ConcreteID = SC126pjs94fb2828835472 AbstractID = SRqqa1o54d91389006694
 ConcreteID CUSTOM = SC1qu13cc4fb3985192962 AbstractID CUSTOM = SAiq7h1j4fa2434335150

	ROLE = LeftClickAt
	TARGET =
		WIDGET = WCb8oon6272485037651, WR5quxi6b4097176690, WT5quxi6b4097176690, WP1sol99w23364482301
		ROLE = UIATreeItem
		TITLE = 
		SHAPE = Rect [x:665.0 y:498.0 w:158.0 h:26.0]
		CHILDREN = 0
		PATH = [0, 2, 0, 0, 3, 1, 1, 1]
	DESCRIPTION = Left Click at ''
	TEXT = Compound Action =
		Move mouse to (744.0, 511.0).
		Press Mouse Button BUTTON1
		Release Mouse Button BUTTON1

ExecutedAction [53]: 
 @Action ConcreteID = AC12x6y6l801103010501 AbstractID = AA12x6y6l801103010501
 ConcreteID CUSTOM = ConcreteID CUSTOM not available AbstractID CUSTOM = AA8pf91m7f3452975259
 @State ConcreteID = SC126pjs94fb2828835472 AbstractID = SRqqa1o54d91389006694
 ConcreteID CUSTOM = SC1qu13cc4fb3985192962 AbstractID CUSTOM = SAiq7h1j4fa2434335150

	ROLE = LeftClickAt
	TARGET =
		WIDGET = WC1u4yxgu201001852223, WR4na8ob72534219213, WT4na8ob72534219213, WP3shum41c2253840902
		ROLE = UIATree
		TITLE = 
		SHAPE = Rect [x:660.0 y:476.0 w:180.0 h:152.0]
		CHILDREN = 7
		PATH = [0, 2, 0, 0, 3, 1, 1]
	DESCRIPTION = Left Click at ''
	TEXT = Compound Action =
		Move mouse to (750.0, 552.0).
		Press Mouse Button BUTTON1
		Release Mouse Button BUTTON1

ExecutedAction [54]: 
 @Action ConcreteID = ACqws100802954664465 AbstractID = AAqws100802954664465
 ConcreteID CUSTOM = ConcreteID CUSTOM not available AbstractID CUSTOM = AA1vq4du57f1014118479
 @State ConcreteID = SC126pjs94fb2828835472 AbstractID = SRqqa1o54d91389006694
 ConcreteID CUSTOM = SC1qu13cc4fb3985192962 AbstractID CUSTOM = SAiq7h1j4fa2434335150

	ROLE = LeftClickAt
	TARGET =
		WIDGET = WCsnsijh194208658384, WR1h6ibpb92248851252, WT1h6ibpb92248851252, WP8rujtb151293975516
		ROLE = UIAButton
		TITLE = 
		SHAPE = Rect [x:759.0 y:421.0 w:26.0 h:26.0]
		CHILDREN = 0
		PATH = [0, 2, 2, 6]
	DESCRIPTION = Left Click at ''
	TEXT = Compound Action =
		Move mouse to (772.0, 434.0).
		Press Mouse Button BUTTON1
		Release Mouse Button BUTTON1

ExecutedAction [55]: 
 @Action ConcreteID = ACbur9cb803581344418 AbstractID = AAbur9cb803581344418
 ConcreteID CUSTOM = ConcreteID CUSTOM not available AbstractID CUSTOM = AA1go3m6g7f1494767868
 @State ConcreteID = SC126pjs94fb2828835472 AbstractID = SRqqa1o54d91389006694
 ConcreteID CUSTOM = SC1qu13cc4fb3985192962 AbstractID CUSTOM = SAiq7h1j4fa2434335150

	ROLE = LeftClickAt
	TARGET =
		WIDGET = WC16jbmg11a1783434451, WR10fgh33101836453781, WT10fgh33101836453781, WP1guga8j162634643805
		ROLE = UIACustomControl
		TITLE = 
		SHAPE = Rect [x:660.0 y:391.0 w:600.0 h:399.0]
		CHILDREN = 3
		PATH = [0, 2]
	DESCRIPTION = Left Click at ''
	TEXT = Compound Action =
		Move mouse to (960.0, 590.5).
		Press Mouse Button BUTTON1
		Release Mouse Button BUTTON1

ExecutedAction [56]: 
 @Action ConcreteID = AC189k9or802247925811 AbstractID = AA189k9or802247925811
 ConcreteID CUSTOM = ConcreteID CUSTOM not available AbstractID CUSTOM = AAe1skjs7f160563821
 @State ConcreteID = SC126pjs94fb2828835472 AbstractID = SRqqa1o54d91389006694
 ConcreteID CUSTOM = SC1qu13cc4fb3985192962 AbstractID CUSTOM = SAiq7h1j4fa2434335150

	ROLE = LeftClickAt
	TARGET =
		WIDGET = WCb8oon6272485037651, WR5quxi6b4097176690, WT5quxi6b4097176690, WP1sol99w23364482301
		ROLE = UIATreeItem
		TITLE = 
		SHAPE = Rect [x:665.0 y:498.0 w:158.0 h:26.0]
		CHILDREN = 0
		PATH = [0, 2, 0, 0, 3, 1, 1, 1]
	DESCRIPTION = Left Click at ''
	TEXT = Compound Action =
		Move mouse to (744.0, 511.0).
		Press Mouse Button BUTTON1
		Release Mouse Button BUTTON1

ExecutedAction [57]: 
 @Action ConcreteID = ACci7elk801571401068 AbstractID = AAci7elk801571401068
 ConcreteID CUSTOM = ConcreteID CUSTOM not available AbstractID CUSTOM = AA1hbjrfp7f3519483698
 @State ConcreteID = SC126pjs94fb2828835472 AbstractID = SRqqa1o54d91389006694
 ConcreteID CUSTOM = SC1qu13cc4fb3985192962 AbstractID CUSTOM = SAiq7h1j4fa2434335150

	ROLE = LeftClickAt
	TARGET =
		WIDGET = WCb8oopr273915996694, WR5quxi6b4097176690, WT5quxi6b4097176690, WP1sol9ch231758362296
		ROLE = UIATreeItem
		TITLE = 
		SHAPE = Rect [x:660.0 y:576.0 w:163.0 h:22.0]
		CHILDREN = 0
		PATH = [0, 2, 0, 0, 3, 1, 1, 4]
	DESCRIPTION = Left Click at ''
	TEXT = Compound Action =
		Move mouse to (741.5, 587.0).
		Press Mouse Button BUTTON1
		Release Mouse Button BUTTON1

ExecutedAction [58]: 
 @Action ConcreteID = ACg4d6jr801546597335 AbstractID = AAg4d6jr801546597335
 ConcreteID CUSTOM = ConcreteID CUSTOM not available AbstractID CUSTOM = AA1kxpjdw7f3493958025
 @State ConcreteID = SC126pjs94fb2828835472 AbstractID = SRqqa1o54d91389006694
 ConcreteID CUSTOM = SC1qu13cc4fb3985192962 AbstractID CUSTOM = SAiq7h1j4fa2434335150

	ROLE = LeftClickAt
	TARGET =
		WIDGET = WCsnsil7191683499614, WR1h6ibpb92248851252, WT1h6ibpb92248851252, WP8rujv1153550696018
		ROLE = UIAButton
		TITLE = 
		SHAPE = Rect [x:823.0 y:421.0 w:26.0 h:26.0]
		CHILDREN = 0
		PATH = [0, 2, 2, 8]
	DESCRIPTION = Left Click at ''
	TEXT = Compound Action =
		Move mouse to (836.0, 434.0).
		Press Mouse Button BUTTON1
		Release Mouse Button BUTTON1

ExecutedAction [59]: 
 @Action ConcreteID = AC1242k3x80928700840 AbstractID = AA1242k3x80928700840
 ConcreteID CUSTOM = ConcreteID CUSTOM not available AbstractID CUSTOM = AA4fhi2c7f3593949813
 @State ConcreteID = SC1prxrb53521519093550 AbstractID = SRjesmxn3442842778057
 ConcreteID CUSTOM = SC2etpf534d2150020120 AbstractID CUSTOM = SAfccroj3551049107472

	ROLE = LeftClickAt
	TARGET =
		WIDGET = WCsnsil7191683499614, WR1h6ibpb92248851252, WT1h6ibpb92248851252, WP8rujv1153550696018
		ROLE = UIAButton
		TITLE = 
		SHAPE = Rect [x:823.0 y:421.0 w:26.0 h:26.0]
		CHILDREN = 0
		PATH = [0, 2, 2, 8]
	DESCRIPTION = Left Click at ''
	TEXT = Compound Action =
		Move mouse to (836.0, 434.0).
		Press Mouse Button BUTTON1
		Release Mouse Button BUTTON1

ExecutedAction [60]: 
 @Action ConcreteID = AC1o9s6bp80673037995 AbstractID = AA1o9s6bp80673037995
 ConcreteID CUSTOM = ConcreteID CUSTOM not available AbstractID CUSTOM = AAu20h6q7f2759007477
 @State ConcreteID = SC126pjs94fb2828835472 AbstractID = SRqqa1o54d91389006694
 ConcreteID CUSTOM = SC1qu13cc4fb3985192962 AbstractID CUSTOM = SAiq7h1j4fa2434335150

	ROLE = LeftClickAt
	TARGET =
		WIDGET = WC19h720m1c3132983609, WR88rmk0b1934231702, WT88rmk0b1934231702, WPqaifno183622075290
		ROLE = UIACheckBox
		TITLE = 
		SHAPE = Rect [x:913.0 y:421.0 w:26.0 h:26.0]
		CHILDREN = 0
		PATH = [0, 2, 2, 11]
	DESCRIPTION = Left Click at ''
	TEXT = Compound Action =
		Move mouse to (926.0, 434.0).
		Press Mouse Button BUTTON1
		Release Mouse Button BUTTON1

ExecutedAction [61]: 
 @Action ConcreteID = AC18pdzv7813574235040 AbstractID = AA18pdzv7813574235040
 ConcreteID CUSTOM = ConcreteID CUSTOM not available AbstractID CUSTOM = AAvf029i801498770929
 @State ConcreteID = SC126pjs94fb2828835472 AbstractID = SRqqa1o54d91389006694
 ConcreteID CUSTOM = SC1qu13cc4fb3985192962 AbstractID CUSTOM = SAiq7h1j4fa2434335150

	ROLE = LeftClickAt
	TARGET =
		WIDGET = WC5y9cx81c3068906972, WR1p34e3y91942684430, WT1p34e3y91942684430, WP1aq794q183621074313
		ROLE = UIASlider
		TITLE = 
		SHAPE = Rect [x:1162.0 y:424.0 w:85.0 h:26.0]
		CHILDREN = 0
		PATH = [0, 2, 2, 1, 1]
	DESCRIPTION = Left Click at ''
	TEXT = Compound Action =
		Move mouse to (1204.5, 437.0).
		Press Mouse Button BUTTON1
		Release Mouse Button BUTTON1

ExecutedAction [62]: 
 @Action ConcreteID = AC9ev864803317575364 AbstractID = AA9ev864803317575364
 ConcreteID CUSTOM = ConcreteID CUSTOM not available AbstractID CUSTOM = AA1e87l097f1238404250
 @State ConcreteID = SC126pjs94fb2828835472 AbstractID = SRqqa1o54d91389006694
 ConcreteID CUSTOM = SC1qu13cc4fb3985192962 AbstractID CUSTOM = SAiq7h1j4fa2434335150

	ROLE = LeftClickAt
	TARGET =
		WIDGET = WCezyltm213992921457, WR1e04pz3e358922214, WT1e04pz3e358922214, WP1y99m881d2610189931
		ROLE = UIASplitButton
		TITLE = 
		SHAPE = Rect [x:660.0 y:476.0 w:600.0 h:285.0]
		CHILDREN = 3
		PATH = [0, 2, 0, 0, 3]
	DESCRIPTION = Left Click at ''
	TEXT = Compound Action =
		Move mouse to (960.0, 618.5).
		Press Mouse Button BUTTON1
		Release Mouse Button BUTTON1

ExecutedAction [63]: 
 @Action ConcreteID = AC12ht590813074368449 AbstractID = AA12ht590813074368449
 ConcreteID CUSTOM = ConcreteID CUSTOM not available AbstractID CUSTOM = AAp7f7nb80996159888
 @State ConcreteID = SC126pjs94fb2828835472 AbstractID = SRqqa1o54d91389006694
 ConcreteID CUSTOM = SC1qu13cc4fb3985192962 AbstractID CUSTOM = SAiq7h1j4fa2434335150

	ROLE = LeftClickAt
	TARGET =
		WIDGET = WC1b1fs831f1220436439, WR1h6ibpb92248851252, WT1h6ibpb92248851252, WP1iy7y8l1b1739092881
		ROLE = UIAButton
		TITLE = 
		SHAPE = Rect [x:1240.0 y:456.0 w:16.0 h:20.0]
		CHILDREN = 0
		PATH = [0, 2, 0, 0, 2, 0]
	DESCRIPTION = Left Click at ''
	TEXT = Compound Action =
		Move mouse to (1248.0, 466.0).
		Press Mouse Button BUTTON1
		Release Mouse Button BUTTON1

ExecutedAction [64]: 
 @Action ConcreteID = AC552r5y802053702657 AbstractID = AA552r5y802053702657
 ConcreteID CUSTOM = ConcreteID CUSTOM not available AbstractID CUSTOM = AA15wxnr77e4225248810
 @State ConcreteID = SC1r41lua4e62955156703 AbstractID = SRa2xsta4c5370856100
 ConcreteID CUSTOM = SC5gd23u4e64160540786 AbstractID CUSTOM = SAwfvl454e6110042248

	ROLE = LeftClickAt
	TARGET =
		WIDGET = WCb8ooow272787690705, WR5quxi6b4097176690, WT5quxi6b4097176690, WP1sol9bm23663743615
		ROLE = UIATreeItem
		TITLE = 
		SHAPE = Rect [x:665.0 y:550.0 w:158.0 h:26.0]
		CHILDREN = 0
		PATH = [0, 2, 0, 0, 3, 1, 1, 3]
	DESCRIPTION = Left Click at ''
	TEXT = Compound Action =
		Move mouse to (744.0, 563.0).
		Press Mouse Button BUTTON1
		Release Mouse Button BUTTON1

ExecutedAction [65]: 
 @Action ConcreteID = AC1xjc4uz801481003059 AbstractID = AA1xjc4uz801481003059
 ConcreteID CUSTOM = ConcreteID CUSTOM not available AbstractID CUSTOM = AAza2zh47e3656874520
 @State ConcreteID = SC1r41lua4e62955156703 AbstractID = SRa2xsta4c5370856100
 ConcreteID CUSTOM = SC5gd23u4e64160540786 AbstractID CUSTOM = SAwfvl454e6110042248

	ROLE = LeftClickAt
	TARGET =
		WIDGET = WCo9m3kz234253084318, WR17v7k2nb1067391859, WT1faw5jq16422026351, WPzr9m5t1f4278635332
		ROLE = UIAMenuItem
		TITLE = Audio Alt+A
		SHAPE = Rect [x:774.0 y:370.0 w:49.0 h:20.0]
		CHILDREN = 0
		PATH = [0, 1, 2]
	DESCRIPTION = Left Click at 'Audio Alt+A'
	TEXT = Compound Action =
		Move mouse to (798.5, 380.0).
		Press Mouse Button BUTTON1
		Release Mouse Button BUTTON1

ExecutedAction [66]: 
 @Action ConcreteID = AChn5s1f7f4100631294 AbstractID = AAhn5s1f7f4100631294
 ConcreteID CUSTOM = ConcreteID CUSTOM not available AbstractID CUSTOM = AA1kqxc6p7f2613400130
 @State ConcreteID = SCbrth9b5ac2633197157 AbstractID = SRjmtyi958c2240440
 ConcreteID CUSTOM = SC184aotg5aa3361288730 AbstractID CUSTOM = SAle78o55ad4241879269

	ROLE = LeftClickAt
	TARGET =
		WIDGET = WC1cj90xv241472876304, WR1e04pz3e358922214, WT1e04pz3e358922214, WP163y8ad202550790949
		ROLE = UIASplitButton
		TITLE = 
		SHAPE = Rect [x:660.0 y:476.0 w:180.0 h:285.0]
		CHILDREN = 3
		PATH = [0, 2, 0, 0, 3, 1]
	DESCRIPTION = Left Click at ''
	TEXT = Compound Action =
		Move mouse to (750.0, 618.5).
		Press Mouse Button BUTTON1
		Release Mouse Button BUTTON1

ExecutedAction [67]: 
 @Action ConcreteID = ACs770bx801034369074 AbstractID = AAs770bx801034369074
 ConcreteID CUSTOM = ConcreteID CUSTOM not available AbstractID CUSTOM = AA1sz1wx67e3155563033
 @State ConcreteID = SC1r41lua4e62955156703 AbstractID = SRa2xsta4c5370856100
 ConcreteID CUSTOM = SC5gd23u4e64160540786 AbstractID CUSTOM = SAwfvl454e6110042248

	ROLE = LeftClickAt
	TARGET =
		WIDGET = WCb8ooo1273207854480, WR5quxi6b4097176690, WT5quxi6b4097176690, WP1sol9ar231049943358
		ROLE = UIATreeItem
		TITLE = 
		SHAPE = Rect [x:665.0 y:524.0 w:158.0 h:26.0]
		CHILDREN = 0
		PATH = [0, 2, 0, 0, 3, 1, 1, 2]
	DESCRIPTION = Left Click at ''
	TEXT = Compound Action =
		Move mouse to (744.0, 537.0).
		Press Mouse Button BUTTON1
		Release Mouse Button BUTTON1

ExecutedAction [68]: 
 @Action ConcreteID = AC6ow81y80995333071 AbstractID = AA6ow81y80995333071
 ConcreteID CUSTOM = ConcreteID CUSTOM not available AbstractID CUSTOM = AAka3pwr7f22629951
 @State ConcreteID = SCq13vru4e72154277770 AbstractID = SRa2xsta4c5370856100
 ConcreteID CUSTOM = SC7ritb54e7176660760 AbstractID CUSTOM = SAwfvl454e6110042248

	ROLE = LeftClickAt
	TARGET =
		WIDGET = WC1qs18f826210102959, WR10fgh33101836453781, WT10fgh33101836453781, WP1bkbbdi221874895209
		ROLE = UIACustomControl
		TITLE = 
		SHAPE = Rect [x:845.0 y:476.0 w:415.0 h:285.0]
		CHILDREN = 1
		PATH = [0, 2, 0, 0, 3, 0]
	DESCRIPTION = Left Click at ''
	TEXT = Compound Action =
		Move mouse to (1052.5, 618.5).
		Press Mouse Button BUTTON1
		Release Mouse Button BUTTON1

ExecutedAction [69]: 
 @Action ConcreteID = AC162mpfu7f3251332377 AbstractID = AA162mpfu7f3251332377
 ConcreteID CUSTOM = ConcreteID CUSTOM not available AbstractID CUSTOM = AA1vprvd17e2118605688
 @State ConcreteID = SCq13vru4e72154277770 AbstractID = SRa2xsta4c5370856100
 ConcreteID CUSTOM = SC7ritb54e7176660760 AbstractID CUSTOM = SAwfvl454e6110042248

	ROLE = LeftClickAt
	TARGET =
		WIDGET = WC16fifv7341237373702, WR1h6ibpb92248851252, WT12svipd1e1404616964, WP1stzjgl302462176586
		ROLE = UIAButton
		TITLE = Network streams (SAP)
		SHAPE = Rect [x:660.0 y:454.0 w:25.0 h:22.0]
		CHILDREN = 0
		PATH = [0, 2, 0, 0, 0, 0]
	DESCRIPTION = Left Click at 'Network streams (SAP)'
	TEXT = Compound Action =
		Move mouse to (672.5, 465.0).
		Press Mouse Button BUTTON1
		Release Mouse Button BUTTON1

ExecutedAction [70]: 
 @Action ConcreteID = ACsj0cbv7f2932953867 AbstractID = AAsj0cbv7f2932953867
 ConcreteID CUSTOM = ConcreteID CUSTOM not available AbstractID CUSTOM = AA1i65i927e291335530
 @State ConcreteID = SCq13vru4e72154277770 AbstractID = SRa2xsta4c5370856100
 ConcreteID CUSTOM = SC7ritb54e7176660760 AbstractID CUSTOM = SAwfvl454e6110042248

	ROLE = LeftClickAt
	TARGET =
		WIDGET = WC16jbmg11a1783434451, WR10fgh33101836453781, WT10fgh33101836453781, WP1guga8j162634643805
		ROLE = UIACustomControl
		TITLE = 
		SHAPE = Rect [x:660.0 y:391.0 w:600.0 h:399.0]
		CHILDREN = 3
		PATH = [0, 2]
	DESCRIPTION = Left Click at ''
	TEXT = Compound Action =
		Move mouse to (960.0, 590.5).
		Press Mouse Button BUTTON1
		Release Mouse Button BUTTON1

ExecutedAction [71]: 
 @Action ConcreteID = AC2tpa7l7f2068252035 AbstractID = AA2tpa7l7f2068252035
 ConcreteID CUSTOM = ConcreteID CUSTOM not available AbstractID CUSTOM = AAsgug4s7e3301653474
 @State ConcreteID = SCq13vru4e72154277770 AbstractID = SRa2xsta4c5370856100
 ConcreteID CUSTOM = SC7ritb54e7176660760 AbstractID CUSTOM = SAwfvl454e6110042248

	ROLE = LeftClickAt
	TARGET =
		WIDGET = WCkthkjg1d3961490386, WR10fgh33101836453781, WT10fgh33101836453781, WP34gkui19609072533
		ROLE = UIACustomControl
		TITLE = 
		SHAPE = Rect [x:660.0 y:764.0 w:600.0 h:26.0]
		CHILDREN = 3
		PATH = [0, 2, 1]
	DESCRIPTION = Left Click at ''
	TEXT = Compound Action =
		Move mouse to (960.0, 777.0).
		Press Mouse Button BUTTON1
		Release Mouse Button BUTTON1

ExecutedAction [72]: 
 @Action ConcreteID = AC1uoopo57f2123257664 AbstractID = AA1uoopo57f2123257664
 ConcreteID CUSTOM = ConcreteID CUSTOM not available AbstractID CUSTOM = AAlaptm87e3238160673
 @State ConcreteID = SCq13vru4e72154277770 AbstractID = SRa2xsta4c5370856100
 ConcreteID CUSTOM = SC7ritb54e7176660760 AbstractID CUSTOM = SAwfvl454e6110042248

	ROLE = LeftClickAt
	TARGET =
		WIDGET = WC1wr6twp233179607085, WR17v7k2nb1067391859, WTwtxn65161410781764, WPzq9smv1f824583798
		ROLE = UIAMenuItem
		TITLE = Tools Alt+s
		SHAPE = Rect [x:927.0 y:370.0 w:45.0 h:20.0]
		CHILDREN = 0
		PATH = [0, 1, 5]
	DESCRIPTION = Left Click at 'Tools Alt+s'
	TEXT = Compound Action =
		Move mouse to (949.5, 380.0).
		Press Mouse Button BUTTON1
		Release Mouse Button BUTTON1

ExecutedAction [73]: 
 @Action ConcreteID = ACq9w3fg7f1603744373 AbstractID = AAq9w3fg7f1603744373
 ConcreteID CUSTOM = ConcreteID CUSTOM not available AbstractID CUSTOM = AA1ddpd6g804007354401
 @State ConcreteID = SCtho8ti5d64084301056 AbstractID = SR1knal1j5b43997130492
 ConcreteID CUSTOM = SC1f81vqh5d91813548910 AbstractID CUSTOM = SA12j4xf05d31270913639

	ROLE = LeftClickAt
	TARGET =
		WIDGET = WCsnsim2192101549855, WR1h6ibpb92248851252, WT1h6ibpb92248851252, WP8rujvw153401081619
		ROLE = UIAButton
		TITLE = 
		SHAPE = Rect [x:849.0 y:421.0 w:26.0 h:26.0]
		CHILDREN = 0
		PATH = [0, 2, 2, 9]
	DESCRIPTION = Left Click at ''
	TEXT = Compound Action =
		Move mouse to (862.0, 434.0).
		Press Mouse Button BUTTON1
		Release Mouse Button BUTTON1

ExecutedAction [74]: 
 @Action ConcreteID = AC1jjyph57f1895044019 AbstractID = AA1jjyph57f1895044019
 ConcreteID CUSTOM = ConcreteID CUSTOM not available AbstractID CUSTOM = AAkfnem7802622273857
 @State ConcreteID = SCk72box87f4261262657 AbstractID = SRyngtsa8482787136811
 ConcreteID CUSTOM = SCxzhd4989493791266 AbstractID CUSTOM = SA18l5nap87a1034987880

	ROLE = LeftClickAt
	TARGET =
		WIDGET = WC1lhezlo19913377102, WR1h6ibpb92248851252, WT1h6ibpb92248851252, WP11lh0vi152173337410
		ROLE = UIAButton
		TITLE = 
		SHAPE = Rect [x:759.0 y:421.0 w:26.0 h:26.0]
		CHILDREN = 0
		PATH = [0, 3, 2, 6]
	DESCRIPTION = Left Click at ''
	TEXT = Compound Action =
		Move mouse to (772.0, 434.0).
		Press Mouse Button BUTTON1
		Release Mouse Button BUTTON1

ExecutedAction [75]: 
 @Action ConcreteID = AC1221wn97f89565030 AbstractID = AA1221wn97f89565030
 ConcreteID CUSTOM = ConcreteID CUSTOM not available AbstractID CUSTOM = AA2xqlsb803924692372
 @State ConcreteID = SCk72box87f4261262657 AbstractID = SRyngtsa8482787136811
 ConcreteID CUSTOM = SCxzhd4989493791266 AbstractID CUSTOM = SA18l5nap87a1034987880

	ROLE = LeftClickAt
	TARGET =
		WIDGET = WC1kb7r9721745667249, WR1e04pz3e358922214, WT1e04pz3e358922214, WP14jepop1d1511688619
		ROLE = UIASplitButton
		TITLE = 
		SHAPE = Rect [x:660.0 y:476.0 w:600.0 h:285.0]
		CHILDREN = 3
		PATH = [0, 3, 0, 0, 3]
	DESCRIPTION = Left Click at ''
	TEXT = Compound Action =
		Move mouse to (960.0, 618.5).
		Press Mouse Button BUTTON1
		Release Mouse Button BUTTON1

ExecutedAction [76]: 
 @Action ConcreteID = AC4v43n87f563057890 AbstractID = AA4v43n87f563057890
 ConcreteID CUSTOM = ConcreteID CUSTOM not available AbstractID CUSTOM = AA14rwure803442949648
 @State ConcreteID = SCk72box87f4261262657 AbstractID = SRyngtsa8482787136811
 ConcreteID CUSTOM = SCxzhd4989493791266 AbstractID CUSTOM = SA18l5nap87a1034987880

	ROLE = LeftClickAt
	TARGET =
		WIDGET = WC1n98eey23743137595, WR10fgh33101836453781, WT10fgh33101836453781, WPr1hwi01f3737083353
		ROLE = UIACustomControl
		TITLE = 
		SHAPE = Rect [x:252.0 y:394.0 w:394.0 h:361.0]
		CHILDREN = 1
		PATH = [0, 0, 1, 0, 0]
	DESCRIPTION = Left Click at ''
	TEXT = Compound Action =
		Move mouse to (449.0, 574.5).
		Press Mouse Button BUTTON1
		Release Mouse Button BUTTON1

ExecutedAction [77]: 
 @Action ConcreteID = AC1aan25c7f1248389961 AbstractID = AA1aan25c7f1248389961
 ConcreteID CUSTOM = ConcreteID CUSTOM not available AbstractID CUSTOM = AAb6brae802798666171
 @State ConcreteID = SCk72box87f4261262657 AbstractID = SRyngtsa8482787136811
 ConcreteID CUSTOM = SCxzhd4989493791266 AbstractID CUSTOM = SA18l5nap87a1034987880

	ROLE = LeftClickAt
	TARGET =
		WIDGET = WCydso1k2b1304725462, WR1p34e3y91942684430, WT1p34e3y91942684430, WP1oepz1m273841416710
		ROLE = UIASlider
		TITLE = 
		SHAPE = Rect [x:369.0 y:471.0 w:22.0 h:225.0]
		CHILDREN = 0
		PATH = [0, 0, 1, 0, 0, 0, 0, 0, 6, 1]
	DESCRIPTION = Left Click at ''
	TEXT = Compound Action =
		Move mouse to (380.0, 583.5).
		Press Mouse Button BUTTON1
		Release Mouse Button BUTTON1

ExecutedAction [78]: 
 @Action ConcreteID = AC1ubz5l7f3801808152 AbstractID = AA1ubz5l7f3801808152
 ConcreteID CUSTOM = ConcreteID CUSTOM not available AbstractID CUSTOM = AA11r4q9r80237131754
 @State ConcreteID = SCk72box87f4261262657 AbstractID = SRyngtsa8482787136811
 ConcreteID CUSTOM = SCxzhd4989493791266 AbstractID CUSTOM = SA18l5nap87a1034987880

	ROLE = LeftClickAt
	TARGET =
		WIDGET = WC4ha5z0273191343058, WR5quxi6b4097176690, WT5quxi6b4097176690, WP1lx6qlq231067393916
		ROLE = UIATreeItem
		TITLE = 
		SHAPE = Rect [x:665.0 y:624.0 w:158.0 h:26.0]
		CHILDREN = 0
		PATH = [0, 3, 0, 0, 3, 1, 1, 6]
	DESCRIPTION = Left Click at ''
	TEXT = Compound Action =
		Move mouse to (744.0, 637.0).
		Press Mouse Button BUTTON1
		Release Mouse Button BUTTON1

ExecutedAction [79]: 
 @Action ConcreteID = AC1nlh9pr7f2003008697 AbstractID = AA1nlh9pr7f2003008697
 ConcreteID CUSTOM = ConcreteID CUSTOM not available AbstractID CUSTOM = AAoh5yut802614875723
 @State ConcreteID = SCk72box87f4261262657 AbstractID = SRyngtsa8482787136811
 ConcreteID CUSTOM = SCxzhd4989493791266 AbstractID CUSTOM = SA18l5nap87a1034987880

	ROLE = LeftClickAt
	TARGET =
		WIDGET = WCydso2f2b1726600213, WR1p34e3y91942684430, WT1p34e3y91942684430, WP1oepz2h273487174085
		ROLE = UIASlider
		TITLE = 
		SHAPE = Rect [x:397.0 y:471.0 w:22.0 h:225.0]
		CHILDREN = 0
		PATH = [0, 0, 1, 0, 0, 0, 0, 0, 6, 2]
	DESCRIPTION = Left Click at ''
	TEXT = Compound Action =
		Move mouse to (408.0, 583.5).
		Press Mouse Button BUTTON1
		Release Mouse Button BUTTON1

ExecutedAction [80]: 
 @Action ConcreteID = ACy0rgng7f2158453275 AbstractID = AAy0rgng7f2158453275
 ConcreteID CUSTOM = ConcreteID CUSTOM not available AbstractID CUSTOM = AA1xxk7rm801814022377
 @State ConcreteID = SCk72box87f4261262657 AbstractID = SRyngtsa8482787136811
 ConcreteID CUSTOM = SCxzhd4989493791266 AbstractID CUSTOM = SA18l5nap87a1034987880

	ROLE = LeftClickAt
	TARGET =
		WIDGET = WC111mv3r262102156175, WR17v7k2nb1067391859, WT7kxrdw19266625713, WP1rpm6kl222379553300
		ROLE = UIAMenuItem
		TITLE = Playback Alt+l
		SHAPE = Rect [x:710.0 y:370.0 w:64.0 h:20.0]
		CHILDREN = 0
		PATH = [0, 2, 1]
	DESCRIPTION = Left Click at 'Playback Alt+l'
	TEXT = Compound Action =
		Move mouse to (742.0, 380.0).
		Press Mouse Button BUTTON1
		Release Mouse Button BUTTON1

ExecutedAction [81]: 
 @Action ConcreteID = ACbhyc9b7f724988611 AbstractID = AAbhyc9b7f724988611
 ConcreteID CUSTOM = ConcreteID CUSTOM not available AbstractID CUSTOM = AAw0p0cb803301247868
 @State ConcreteID = SCz202ax9f81462971829 AbstractID = SRvur9e99c33885211691
 ConcreteID CUSTOM = SCydzfzca15658447366 AbstractID CUSTOM = SA1i63ydk9f44229738581

	ROLE = LeftClickAt
	TARGET =
		WIDGET = WCydso2f2b1726600213, WR1p34e3y91942684430, WT1p34e3y91942684430, WP1oepz2h273487174085
		ROLE = UIASlider
		TITLE = 
		SHAPE = Rect [x:397.0 y:471.0 w:22.0 h:225.0]
		CHILDREN = 0
		PATH = [0, 0, 1, 0, 0, 0, 0, 0, 6, 2]
	DESCRIPTION = Left Click at ''
	TEXT = Compound Action =
		Move mouse to (408.0, 583.5).
		Press Mouse Button BUTTON1
		Release Mouse Button BUTTON1

ExecutedAction [82]: 
 @Action ConcreteID = AC1c25zca7f2956057431 AbstractID = AA1c25zca7f2956057431
 ConcreteID CUSTOM = ConcreteID CUSTOM not available AbstractID CUSTOM = AAcxuohc801552511397
 @State ConcreteID = SCk72box87f4261262657 AbstractID = SRyngtsa8482787136811
 ConcreteID CUSTOM = SCxzhd4989493791266 AbstractID CUSTOM = SA18l5nap87a1034987880

	ROLE = LeftClickAt
	TARGET =
		WIDGET = WCcb59pa232030241700, WR10fgh33101836453781, WT10fgh33101836453781, WP1f4itrg1f2348235590
		ROLE = UIACustomControl
		TITLE = 
		SHAPE = Rect [x:660.0 y:454.0 w:307.0 h:22.0]
		CHILDREN = 1
		PATH = [0, 3, 0, 0, 0]
	DESCRIPTION = Left Click at ''
	TEXT = Compound Action =
		Move mouse to (813.5, 465.0).
		Press Mouse Button BUTTON1
		Release Mouse Button BUTTON1

ExecutedAction [83]: 
 @Action ConcreteID = ACesmvp67f3221759368 AbstractID = AAesmvp67f3221759368
 ConcreteID CUSTOM = ConcreteID CUSTOM not available AbstractID CUSTOM = AA1epfmtc80749768570
 @State ConcreteID = SCk72box87f4261262657 AbstractID = SRyngtsa8482787136811
 ConcreteID CUSTOM = SCxzhd4989493791266 AbstractID CUSTOM = SA18l5nap87a1034987880

	ROLE = LeftClickAt
	TARGET =
		WIDGET = WCku1d4t1d3514802786, WR10fgh33101836453781, WT10fgh33101836453781, WP350dfv19422419493
		ROLE = UIACustomControl
		TITLE = 
		SHAPE = Rect [x:660.0 y:764.0 w:600.0 h:26.0]
		CHILDREN = 3
		PATH = [0, 3, 1]
	DESCRIPTION = Left Click at ''
	TEXT = Compound Action =
		Move mouse to (960.0, 777.0).
		Press Mouse Button BUTTON1
		Release Mouse Button BUTTON1

ExecutedAction [84]: 
 @Action ConcreteID = ACmm9gbh802889483623 AbstractID = AAmm9gbh802889483623
 ConcreteID CUSTOM = ConcreteID CUSTOM not available AbstractID CUSTOM = AA1yebz9z814284821245
 @State ConcreteID = SCk72box87f4261262657 AbstractID = SRyngtsa8482787136811
 ConcreteID CUSTOM = SCxzhd4989493791266 AbstractID CUSTOM = SA18l5nap87a1034987880

	ROLE = LeftClickAt
	TARGET =
		WIDGET = WC1if1cw3262441743321, WR10fgh33101836453781, WT10fgh33101836453781, WP137bfud224073668639
		ROLE = UIACustomControl
		TITLE = 
		SHAPE = Rect [x:845.0 y:476.0 w:415.0 h:285.0]
		CHILDREN = 1
		PATH = [0, 3, 0, 0, 3, 0]
	DESCRIPTION = Left Click at ''
	TEXT = Compound Action =
		Move mouse to (1052.5, 618.5).
		Press Mouse Button BUTTON1
		Release Mouse Button BUTTON1

ExecutedAction [85]: 
 @Action ConcreteID = ACm4v8y7f2066125095 AbstractID = AAm4v8y7f2066125095
 ConcreteID CUSTOM = ConcreteID CUSTOM not available AbstractID CUSTOM = AA10ixmd4802543729621
 @State ConcreteID = SCk72box87f4261262657 AbstractID = SRyngtsa8482787136811
 ConcreteID CUSTOM = SCxzhd4989493791266 AbstractID CUSTOM = SA18l5nap87a1034987880

	ROLE = LeftClickAt
	TARGET =
		WIDGET = WC1lhezkt19492590221, WR1h6ibpb92248851252, WT1h6ibpb92248851252, WP11lh0un152863082625
		ROLE = UIAButton
		TITLE = 
		SHAPE = Rect [x:733.0 y:421.0 w:26.0 h:26.0]
		CHILDREN = 0
		PATH = [0, 3, 2, 5]
	DESCRIPTION = Left Click at ''
	TEXT = Compound Action =
		Move mouse to (746.0, 434.0).
		Press Mouse Button BUTTON1
		Release Mouse Button BUTTON1

ExecutedAction [86]: 
 @Action ConcreteID = AC1lglqnne9780100817 AbstractID = AA1roeescd5911894309
 ConcreteID CUSTOM = ConcreteID CUSTOM not available AbstractID CUSTOM = AAnetd7md64008194287
 @State ConcreteID = SCk72box87f4261262657 AbstractID = SRyngtsa8482787136811
 ConcreteID CUSTOM = SCxzhd4989493791266 AbstractID CUSTOM = SA18l5nap87a1034987880

	ROLE = ClickTypeInto
	TARGET =
		WIDGET = WC1j2y1j81a1645365061, WR4n0dlj72701565195, WT4n0dlj72701565195, WP1lf6g42163047346291
		ROLE = UIAEdit
		TITLE = 
		SHAPE = Rect [x:1010.0 y:455.0 w:250.0 h:20.0]
		CHILDREN = 0
		PATH = [0, 3, 0, 0, 2]
	DESCRIPTION = Type '1.000.000,00' into '
	TEXT = Compound Action =
		Compound Action =
		Move mouse to (1135.0, 465.0).
		Press Mouse Button BUTTON1
		Release Mouse Button BUTTON1
		Press Key 17
		Press Key 65
		Release Key 65
		Release Key 17
		Type text '1.000.000,00'

ExecutedAction [87]: 
 @Action ConcreteID = AC1ah9s47f631227394 AbstractID = AA1ah9s47f631227394
 ConcreteID CUSTOM = ConcreteID CUSTOM not available AbstractID CUSTOM = AAqfzh6q7f3915132829
 @State ConcreteID = SCdh9r0m8941270528821 AbstractID = SR1wm21f85c2743253115
 ConcreteID CUSTOM = SC1apoy2r8a93748562623 AbstractID CUSTOM = SA10qijv88f3713052582

	ROLE = LeftClickAt
	TARGET =
		WIDGET = WCku1d4t1d3514802786, WR10fgh33101836453781, WT10fgh33101836453781, WP350dfv19422419493
		ROLE = UIACustomControl
		TITLE = 
		SHAPE = Rect [x:660.0 y:764.0 w:600.0 h:26.0]
		CHILDREN = 3
		PATH = [0, 3, 1]
	DESCRIPTION = Left Click at ''
	TEXT = Compound Action =
		Move mouse to (960.0, 777.0).
		Press Mouse Button BUTTON1
		Release Mouse Button BUTTON1

ExecutedAction [88]: 
 @Action ConcreteID = AC1ah9s47f631227394 AbstractID = AA1ah9s47f631227394
 ConcreteID CUSTOM = ConcreteID CUSTOM not available AbstractID CUSTOM = AAqfzh6q7f3915132829
 @State ConcreteID = SCdh9r0m8941270528821 AbstractID = SR1wm21f85c2743253115
 ConcreteID CUSTOM = SC1apoy2r8a93748562623 AbstractID CUSTOM = SA10qijv88f3713052582

	ROLE = LeftClickAt
	TARGET =
		WIDGET = WCku1d4t1d3514802786, WR10fgh33101836453781, WT10fgh33101836453781, WP350dfv19422419493
		ROLE = UIACustomControl
		TITLE = 
		SHAPE = Rect [x:660.0 y:764.0 w:600.0 h:26.0]
		CHILDREN = 3
		PATH = [0, 3, 1]
	DESCRIPTION = Left Click at ''
	TEXT = Compound Action =
		Move mouse to (960.0, 777.0).
		Press Mouse Button BUTTON1
		Release Mouse Button BUTTON1

ExecutedAction [89]: 
 @Action ConcreteID = AC1qe2jpa7f3289937256 AbstractID = AA1qe2jpa7f3289937256
 ConcreteID CUSTOM = ConcreteID CUSTOM not available AbstractID CUSTOM = AAgigp4s7f148610807
 @State ConcreteID = SCdh9r0m8941270528821 AbstractID = SR1wm21f85c2743253115
 ConcreteID CUSTOM = SC1apoy2r8a93748562623 AbstractID CUSTOM = SA10qijv88f3713052582

	ROLE = LeftClickAt
	TARGET =
		WIDGET = WC1n98eey23743137595, WR10fgh33101836453781, WT10fgh33101836453781, WPr1hwi01f3737083353
		ROLE = UIACustomControl
		TITLE = 
		SHAPE = Rect [x:252.0 y:394.0 w:394.0 h:361.0]
		CHILDREN = 1
		PATH = [0, 0, 1, 0, 0]
	DESCRIPTION = Left Click at ''
	TEXT = Compound Action =
		Move mouse to (449.0, 574.5).
		Press Mouse Button BUTTON1
		Release Mouse Button BUTTON1

ExecutedAction [90]: 
 @Action ConcreteID = AC1i280qo7f1690432237 AbstractID = AA1i280qo7f1690432237
 ConcreteID CUSTOM = ConcreteID CUSTOM not available AbstractID CUSTOM = AA86m6667f2818709874
 @State ConcreteID = SCdh9r0m8941270528821 AbstractID = SR1wm21f85c2743253115
 ConcreteID CUSTOM = SC1apoy2r8a93748562623 AbstractID CUSTOM = SA10qijv88f3713052582

	ROLE = LeftClickAt
	TARGET =
		WIDGET = WChhkzxr203155281532, WR4na8ob72534219213, WT4na8ob72534219213, WPq67z251c32516421
		ROLE = UIATree
		TITLE = 
		SHAPE = Rect [x:660.0 y:476.0 w:180.0 h:152.0]
		CHILDREN = 7
		PATH = [0, 3, 0, 0, 3, 1, 1]
	DESCRIPTION = Left Click at ''
	TEXT = Compound Action =
		Move mouse to (750.0, 552.0).
		Press Mouse Button BUTTON1
		Release Mouse Button BUTTON1

ExecutedAction [91]: 
 @Action ConcreteID = ACnnlce37f2000116131 AbstractID = AAnnlce37f2000116131
 ConcreteID CUSTOM = ConcreteID CUSTOM not available AbstractID CUSTOM = AA1v7bayp7f1503664550
 @State ConcreteID = SCog6i588951341222642 AbstractID = SR1wm21f85c2743253115
 ConcreteID CUSTOM = SC2za5kl8aa967768212 AbstractID CUSTOM = SA10qijv88f3713052582

	ROLE = LeftClickAt
	TARGET =
		WIDGET = WC1lhezlo19913377102, WR1h6ibpb92248851252, WT1h6ibpb92248851252, WP11lh0vi152173337410
		ROLE = UIAButton
		TITLE = 
		SHAPE = Rect [x:759.0 y:421.0 w:26.0 h:26.0]
		CHILDREN = 0
		PATH = [0, 3, 2, 6]
	DESCRIPTION = Left Click at ''
	TEXT = Compound Action =
		Move mouse to (772.0, 434.0).
		Press Mouse Button BUTTON1
		Release Mouse Button BUTTON1

ExecutedAction [92]: 
 @Action ConcreteID = AC1xyf3bx7f2619379776 AbstractID = AA1xyf3bx7f2619379776
 ConcreteID CUSTOM = ConcreteID CUSTOM not available AbstractID CUSTOM = AA16h0zxf7f2998390853
 @State ConcreteID = SCog6i588951341222642 AbstractID = SR1wm21f85c2743253115
 ConcreteID CUSTOM = SC2za5kl8aa967768212 AbstractID CUSTOM = SA10qijv88f3713052582

	ROLE = LeftClickAt
	TARGET =
		WIDGET = WCydso0p2b1423947415, WR1p34e3y91942684430, WT1p34e3y91942684430, WP1oepz0r274260130631
		ROLE = UIASlider
		TITLE = 
		SHAPE = Rect [x:341.0 y:471.0 w:22.0 h:225.0]
		CHILDREN = 0
		PATH = [0, 0, 1, 0, 0, 0, 0, 0, 6, 0]
	DESCRIPTION = Left Click at ''
	TEXT = Compound Action =
		Move mouse to (352.0, 583.5).
		Press Mouse Button BUTTON1
		Release Mouse Button BUTTON1

ExecutedAction [93]: 
 @Action ConcreteID = AC150dl2u7f1121411969 AbstractID = AA150dl2u7f1121411969
 ConcreteID CUSTOM = ConcreteID CUSTOM not available AbstractID CUSTOM = AAdizhoc7f1816142724
 @State ConcreteID = SCog6i588951341222642 AbstractID = SR1wm21f85c2743253115
 ConcreteID CUSTOM = SC2za5kl8aa967768212 AbstractID CUSTOM = SA10qijv88f3713052582

	ROLE = LeftClickAt
	TARGET =
		WIDGET = WC4ha5up274051276053, WR5quxi6b4097176690, WT5quxi6b4097176690, WP1lx6qhf231893643707
		ROLE = UIATreeItem
		TITLE = 
		SHAPE = Rect [x:665.0 y:498.0 w:158.0 h:26.0]
		CHILDREN = 0
		PATH = [0, 3, 0, 0, 3, 1, 1, 1]
	DESCRIPTION = Left Click at ''
	TEXT = Compound Action =
		Move mouse to (744.0, 511.0).
		Press Mouse Button BUTTON1
		Release Mouse Button BUTTON1

ExecutedAction [94]: 
 @Action ConcreteID = AC10wwipo7f2432217554 AbstractID = AA10wwipo7f2432217554
 ConcreteID CUSTOM = ConcreteID CUSTOM not available AbstractID CUSTOM = AA9fifb67f3195007447
 @State ConcreteID = SCog6i588951341222642 AbstractID = SR1wm21f85c2743253115
 ConcreteID CUSTOM = SC2za5kl8aa967768212 AbstractID CUSTOM = SA10qijv88f3713052582

	ROLE = LeftClickAt
	TARGET =
		WIDGET = WCudm5vj2e1662650780, WR1k8fo0ra1109144095, WT1u6eeu5122310558738, WP1ennb5d2a2628714310
		ROLE = UIATabItem
		TITLE = Advanced
		SHAPE = Rect [x:391.0 y:403.0 w:24.0 h:21.0]
		CHILDREN = 0
		PATH = [0, 0, 1, 0, 0, 0, 1, 4]
	DESCRIPTION = Left Click at 'Advanced'
	TEXT = Compound Action =
		Move mouse to (403.0, 413.5).
		Press Mouse Button BUTTON1
		Release Mouse Button BUTTON1

ExecutedAction [95]: 
 @Action ConcreteID = AC3moni87e1887765758 AbstractID = AA3moni87e1887765758
 ConcreteID CUSTOM = ConcreteID CUSTOM not available AbstractID CUSTOM = AA1l7mb9r802202545650
 @State ConcreteID = SC5oor8c709437738721 AbstractID = SR17aujmp6dd2989048113
 ConcreteID CUSTOM = SCw5153v7101631224885 AbstractID CUSTOM = SA1whbfrr6f93483080422

	ROLE = LeftClickAt
	TARGET =
		WIDGET = WC3ov4pj2a1543854926, WR1k8fo0ra1109144095, WTip8fqa174052975287, WP1yyvwf9262005146579
		ROLE = UIATabItem
		TITLE = Video Effects
		SHAPE = Rect [x:285.0 y:372.0 w:41.0 h:21.0]
		CHILDREN = 0
		PATH = [0, 0, 1, 1, 1]
	DESCRIPTION = Left Click at 'Video Effects'
	TEXT = Compound Action =
		Move mouse to (305.5, 382.5).
		Press Mouse Button BUTTON1
		Release Mouse Button BUTTON1

ExecutedAction [96]: 
 @Action ConcreteID = AC1ahuf207f1096663651 AbstractID = AA1ahuf207f1096663651
 ConcreteID CUSTOM = ConcreteID CUSTOM not available AbstractID CUSTOM = AAbyx2lh801143798922
 @State ConcreteID = SChptgx18432473273089 AbstractID = SR1i2exgs82a1817964496
 ConcreteID CUSTOM = SC1bzovzd8552807764804 AbstractID CUSTOM = SA1pxn3sp83b3158098665

	ROLE = LeftClickAt
	TARGET =
		WIDGET = WC4ha5z0273191343058, WR5quxi6b4097176690, WT5quxi6b4097176690, WP1lx6qlq231067393916
		ROLE = UIATreeItem
		TITLE = 
		SHAPE = Rect [x:665.0 y:624.0 w:158.0 h:26.0]
		CHILDREN = 0
		PATH = [0, 3, 0, 0, 3, 1, 1, 6]
	DESCRIPTION = Left Click at ''
	TEXT = Compound Action =
		Move mouse to (744.0, 637.0).
		Press Mouse Button BUTTON1
		Release Mouse Button BUTTON1

ExecutedAction [97]: 
 @Action ConcreteID = ACt6d3eg7f3543346376 AbstractID = AAt6d3eg7f3543346376
 ConcreteID CUSTOM = ConcreteID CUSTOM not available AbstractID CUSTOM = AA1tojsx1803594654241
 @State ConcreteID = SChptgx18432473273089 AbstractID = SR1i2exgs82a1817964496
 ConcreteID CUSTOM = SC1bzovzd8552807764804 AbstractID CUSTOM = SA1pxn3sp83b3158098665

	ROLE = LeftClickAt
	TARGET =
		WIDGET = WC1lhezlo19913377102, WR1h6ibpb92248851252, WT1h6ibpb92248851252, WP11lh0vi152173337410
		ROLE = UIAButton
		TITLE = 
		SHAPE = Rect [x:759.0 y:421.0 w:26.0 h:26.0]
		CHILDREN = 0
		PATH = [0, 3, 2, 6]
	DESCRIPTION = Left Click at ''
	TEXT = Compound Action =
		Move mouse to (772.0, 434.0).
		Press Mouse Button BUTTON1
		Release Mouse Button BUTTON1

ExecutedAction [98]: 
 @Action ConcreteID = AC1f3gd447f2848324606 AbstractID = AA1f3gd447f2848324606
 ConcreteID CUSTOM = ConcreteID CUSTOM not available AbstractID CUSTOM = AAgkj0nl802897528087
 @State ConcreteID = SChptgx18432473273089 AbstractID = SR1i2exgs82a1817964496
 ConcreteID CUSTOM = SC1bzovzd8552807764804 AbstractID CUSTOM = SA1pxn3sp83b3158098665

	ROLE = LeftClickAt
	TARGET =
		WIDGET = WC93thhc204104898392, WR10fgh33101836453781, WT10fgh33101836453781, WP16ibv021c1172207472
		ROLE = UIACustomControl
		TITLE = 
		SHAPE = Rect [x:660.0 y:451.0 w:600.0 h:313.0]
		CHILDREN = 4
		PATH = [0, 3, 0, 0]
	DESCRIPTION = Left Click at ''
	TEXT = Compound Action =
		Move mouse to (960.0, 607.5).
		Press Mouse Button BUTTON1
		Release Mouse Button BUTTON1

ExecutedAction [99]: 
 @Action ConcreteID = AC1dc4xo47f3913682600 AbstractID = AA1dc4xo47f3913682600
 ConcreteID CUSTOM = ConcreteID CUSTOM not available AbstractID CUSTOM = AAet7l7l803963039809
 @State ConcreteID = SChptgx18432473273089 AbstractID = SR1i2exgs82a1817964496
 ConcreteID CUSTOM = SC1bzovzd8552807764804 AbstractID CUSTOM = SA1pxn3sp83b3158098665

	ROLE = LeftClickAt
	TARGET =
		WIDGET = WCy94u8f2c1159628575, WR1k8fo0ra1109144095, WT1phqcvf102241997960, WPbp82rl284229651176
		ROLE = UIATabItem
		TITLE = Colors
		SHAPE = Rect [x:320.0 y:403.0 w:35.0 h:21.0]
		CHILDREN = 0
		PATH = [0, 0, 1, 0, 0, 0, 1, 2]
	DESCRIPTION = Left Click at 'Colors'
	TEXT = Compound Action =
		Move mouse to (337.5, 413.5).
		Press Mouse Button BUTTON1
		Release Mouse Button BUTTON1

ExecutedAction [100]: 
 @Action ConcreteID = AC14yl2r9802456245408 AbstractID = AA14yl2r9802456245408
 ConcreteID CUSTOM = ConcreteID CUSTOM not available AbstractID CUSTOM = AA1f1smin7f1782558555
 @State ConcreteID = SC1rm093q8651305650398 AbstractID = SRl7l5rc83b1123334609
 ConcreteID CUSTOM = SCofw42986b2210006512 AbstractID CUSTOM = SA1srfacn851278191080

	ROLE = LeftClickAt
	TARGET =
		WIDGET = WCv32r2k2323202859, WR17v7k2nb1067391859, WT12et6eo161830467638, WP187i2561f1884996562
		ROLE = UIAMenuItem
		TITLE = Media Alt+M
		SHAPE = Rect [x:660.0 y:370.0 w:50.0 h:20.0]
		CHILDREN = 0
		PATH = [0, 2, 0]
	DESCRIPTION = Left Click at 'Media Alt+M'
	TEXT = Compound Action =
		Move mouse to (685.0, 380.0).
		Press Mouse Button BUTTON1
		Release Mouse Button BUTTON1

Sequence 1 finished.
Copying generated sequence ("sequence1787") to output directory...
Copying classified sequence ("sequence1787") to sequences_ok folder...
