Starting sequence 1 (output as: sequence2542)

ExecutedAction [1]: 
 @Action ConcreteID = AC1qgag8u801250423312 AbstractID = AA1qgag8u801250423312
 ConcreteID CUSTOM = ConcreteID CUSTOM not available AbstractID CUSTOM = AA1d13uv802019905344
 @State ConcreteID = SCkuksc91ea01856867869 AbstractID = SRn0gvdc1d2d3437807960
 ConcreteID CUSTOM = SC15j9bbx1e582002011873 AbstractID CUSTOM = SA1mmvgbm1e88658296777

	ROLE = LeftClickAt
	TARGET =
		WIDGET = WC161lr3h413449168949, WR88rmk0b1934231702, WTt8lv8r1f3964487852, WP1aktu5b3d2698705967
		ROLE = UIACheckBox
		TITLE = Hide Completed Tasks
		SHAPE = Rect [x:889.0 y:193.0 w:23.0 h:22.0]
		CHILDREN = 0
		PATH = [1, 0, 0, 0, 0, 0, 2, 1, 0, 4]
	DESCRIPTION = Left Click at 'Hide Completed Tasks'
	TEXT = Compound Action =
		Move mouse to (900.5, 204.0).
		Press Mouse Button BUTTON1
		Release Mouse Button BUTTON1

ExecutedAction [2]: 
 @Action ConcreteID = ACkn3w7e812046441268 AbstractID = AAkn3w7e812046441268
 ConcreteID CUSTOM = ConcreteID CUSTOM not available AbstractID CUSTOM = AA19aca8k812423740956
 @State ConcreteID = SC1yd1zhn1eb01875213948 AbstractID = SR1ojolsa1d413460993371
 ConcreteID CUSTOM = SC1xnx56c1e69877126912 AbstractID CUSTOM = SA1g3ky1j1e9c4055201921

	ROLE = LeftClickAt
	TARGET =
		WIDGET = WC1ndc7r12d615091487, WR1k8fo0ra1109144095, WT1n3azeh112754537827, WPlp3zn329816489767
		ROLE = UIATabItem
		TITLE = History
		SHAPE = Rect [x:507.0 y:762.0 w:67.0 h:24.0]
		CHILDREN = 0
		PATH = [0, 0, 0, 0, 0, 0, 3, 3]
	DESCRIPTION = Left Click at 'History'
	TEXT = Compound Action =
		Move mouse to (540.5, 774.0).
		Press Mouse Button BUTTON1
		Release Mouse Button BUTTON1

ExecutedAction [3]: 
 @Action ConcreteID = AC12g73kr81615390925 AbstractID = AA12g73kr81615390925
 ConcreteID CUSTOM = ConcreteID CUSTOM not available AbstractID CUSTOM = AA1cqrhwr812872016077
 @State ConcreteID = SC1d9ytza1e763856589581 AbstractID = SR1nuqyus1d051978161769
 ConcreteID CUSTOM = SC1si557i1e2d109338526 AbstractID CUSTOM = SA1nc37i81e5f3304085772

	ROLE = LeftClickAt
	TARGET =
		WIDGET = WCiskd9e2f1408446499, WR1k8fo0ra1109144095, WT708py613944091805, WP1iznic42b3758349204
		ROLE = UIATabItem
		TITLE = Task List
		SHAPE = Rect [x:882.0 y:136.0 w:93.0 h:24.0]
		CHILDREN = 0
		PATH = [1, 0, 0, 0, 0, 0, 2, 3]
	DESCRIPTION = Left Click at 'Task List'
	TEXT = Compound Action =
		Move mouse to (928.5, 148.0).
		Press Mouse Button BUTTON1
		Release Mouse Button BUTTON1

ExecutedAction [4]: 
 @Action ConcreteID = AC180e5qf82683570340 AbstractID = AA180e5qf82683570340
 ConcreteID CUSTOM = ConcreteID CUSTOM not available AbstractID CUSTOM = AA1f6xi13822075854108
 @State ConcreteID = SC1yasdms1e8f1475563382 AbstractID = SRtbmlkb1d19765669852
 ConcreteID CUSTOM = SCkbtm6e1e5b2170305028 AbstractID CUSTOM = SA1x400my1e512275697636

	ROLE = LeftClickAt
	TARGET =
		WIDGET = WC17yv1mq341729404232, WR1h6ibpb92248851252, WT7xh7vf123396096274, WP17ued84302993639738
		ROLE = UIAButton
		TITLE = View Menu
		SHAPE = Rect [x:1037.0 y:408.0 w:23.0 h:22.0]
		CHILDREN = 0
		PATH = [1, 1, 0, 0, 0, 0, 3, 1, 1, 0]
	DESCRIPTION = Left Click at 'View Menu'
	TEXT = Compound Action =
		Move mouse to (1048.5, 419.0).
		Press Mouse Button BUTTON1
		Release Mouse Button BUTTON1

ExecutedAction [5]: 
 @Action ConcreteID = AC18feac4813463204847 AbstractID = AA18feac4813463204847
 ConcreteID CUSTOM = ConcreteID CUSTOM not available AbstractID CUSTOM = AAdfsxwe80648917880
 @State ConcreteID = SC1818cbd1e9f1904026357 AbstractID = SR1rmiddx1d2c1499985549
 ConcreteID CUSTOM = SCjeavvt1e56844272732 AbstractID CUSTOM = SAlr5vb31e863540432529

	ROLE = LeftClickAt
	TARGET =
		WIDGET = WC1ndc7r12d615091487, WR1k8fo0ra1109144095, WT1n3azeh112754537827, WPlp3zn329816489767
		ROLE = UIATabItem
		TITLE = History
		SHAPE = Rect [x:507.0 y:762.0 w:67.0 h:24.0]
		CHILDREN = 0
		PATH = [0, 0, 0, 0, 0, 0, 3, 3]
	DESCRIPTION = Left Click at 'History'
	TEXT = Compound Action =
		Move mouse to (540.5, 774.0).
		Press Mouse Button BUTTON1
		Release Mouse Button BUTTON1

ExecutedAction [6]: 
 @Action ConcreteID = ACbfzpcje74153409277 AbstractID = AAfksxi5d63106822570
 ConcreteID CUSTOM = ConcreteID CUSTOM not available AbstractID CUSTOM = AA10tfm6ld63230018196
 @State ConcreteID = SC1d9ytza1e763856589581 AbstractID = SR1nuqyus1d051978161769
 ConcreteID CUSTOM = SC1si557i1e2d109338526 AbstractID CUSTOM = SA1nc37i81e5f3304085772

	ROLE = ClickTypeInto
	TARGET =
		WIDGET = WC12kn1lh3f3828975284, WR4n0dlj72701565195, WT9bbltcb3168621408, WP19jy2x33b877614385
		ROLE = UIAEdit
		TITLE = Find
		SHAPE = Rect [x:893.0 y:245.0 w:65.0 h:21.0]
		CHILDREN = 0
		PATH = [1, 0, 0, 0, 0, 0, 2, 2, 0, 0, 0, 0, 0, 0, 0, 0]
	DESCRIPTION = Type 'undefined' into 'Find
	TEXT = Compound Action =
		Compound Action =
		Move mouse to (925.5, 255.5).
		Press Mouse Button BUTTON1
		Release Mouse Button BUTTON1
		Press Key 17
		Press Key 65
		Release Key 65
		Release Key 17
		Type text 'undefined'

ExecutedAction [7]: 
 @Action ConcreteID = AC11ro5y280738741124 AbstractID = AA11ro5y280738741124
 ConcreteID CUSTOM = ConcreteID CUSTOM not available AbstractID CUSTOM = AA5qn069803212500821
 @State ConcreteID = SCflz3s81d901255739431 AbstractID = SRazh2th1c2d270593936
 ConcreteID CUSTOM = SC3vq8ae1d501220221474 AbstractID CUSTOM = SArxzij61d831945308055

	ROLE = LeftClickAt
	TARGET =
		WIDGET = WCe7qe0l2e4169083510, WR1k8fo0ra1109144095, WT1pfi7n3123142606374, WPn1f6nb2a2396629043
		ROLE = UIATabItem
		TITLE = Problems
		SHAPE = Rect [x:317.0 y:625.0 w:80.0 h:24.0]
		CHILDREN = 0
		PATH = [1, 0, 0, 0, 0, 0, 4, 3]
	DESCRIPTION = Left Click at 'Problems'
	TEXT = Compound Action =
		Move mouse to (357.0, 637.0).
		Press Mouse Button BUTTON1
		Release Mouse Button BUTTON1

ExecutedAction [8]: 
 @Action ConcreteID = ACc5u11m813169987368 AbstractID = AAc5u11m813169987368
 ConcreteID CUSTOM = ConcreteID CUSTOM not available AbstractID CUSTOM = AA1pas1ar7f2030143715
 @State ConcreteID = SC1xowjmt1de02744554132 AbstractID = SR6toa031c72518974693
 ConcreteID CUSTOM = SC1nuc3l01d9f1192979930 AbstractID CUSTOM = SAywtslr1dd2698507355

	ROLE = LeftClickAt
	TARGET =
		WIDGET = WC1k513fa2b2437936860, WR1k8fo0ra1109144095, WTfzfshff4269280633, WP2cffyg271747607079
		ROLE = UIATabItem
		TITLE = Tasks
		SHAPE = Rect [x:574.0 y:762.0 w:77.0 h:24.0]
		CHILDREN = 0
		PATH = [0, 0, 0, 0, 0, 0, 3, 4]
	DESCRIPTION = Left Click at 'Tasks'
	TEXT = Compound Action =
		Move mouse to (612.5, 774.0).
		Press Mouse Button BUTTON1
		Release Mouse Button BUTTON1

ExecutedAction [9]: 
 @Action ConcreteID = AC1hn7jqt823552838018 AbstractID = AA1hn7jqt823552838018
 ConcreteID CUSTOM = ConcreteID CUSTOM not available AbstractID CUSTOM = AAe80k5o803753371929
 @State ConcreteID = SC1xowjmt1de02744554132 AbstractID = SR6toa031c72518974693
 ConcreteID CUSTOM = SC1nuc3l01d9f1192979930 AbstractID CUSTOM = SAywtslr1dd2698507355

	ROLE = LeftClickAt
	TARGET =
		WIDGET = WC1rottqx253547769881, WR88rmk0b1934231702, WT1nvx9gyf2324308261, WP1ld7c97211461667712
		ROLE = UIACheckBox
		TITLE = Java
		SHAPE = Rect [x:1072.0 y:213.0 w:23.0 h:22.0]
		CHILDREN = 0
		PATH = [0, 1, 7, 0, 0, 3]
	DESCRIPTION = Left Click at 'Java'
	TEXT = Compound Action =
		Move mouse to (1083.5, 224.0).
		Press Mouse Button BUTTON1
		Release Mouse Button BUTTON1

ExecutedAction [10]: 
 @Action ConcreteID = ACof4wtu802938130618 AbstractID = AAof4wtu802938130618
 ConcreteID CUSTOM = ConcreteID CUSTOM not available AbstractID CUSTOM = AAbgzd6l812477936143
 @State ConcreteID = SCsb4i0t20841122757128 AbstractID = SRxsrf7g1f072392927592
 ConcreteID CUSTOM = SCgyf0v720872256554098 AbstractID CUSTOM = SA1864mr120501948786563

	ROLE = LeftClickAt
	TARGET =
		WIDGET = WC19u6hzg243492954391, WR1e04pz3e358922214, WT1xe5qx811605016857, WP1t0vbh6202649859003
		ROLE = UIASplitButton
		TITLE = Run
		SHAPE = Rect [x:220.0 y:108.0 w:38.0 h:22.0]
		CHILDREN = 0
		PATH = [0, 1, 2, 0, 1]
	DESCRIPTION = Left Click at 'Run'
	TEXT = Compound Action =
		Move mouse to (239.0, 119.0).
		Press Mouse Button BUTTON1
		Release Mouse Button BUTTON1

ExecutedAction [11]: 
 @Action ConcreteID = ACh0gpek8074011789 AbstractID = AAh0gpek8074011789
 ConcreteID CUSTOM = ConcreteID CUSTOM not available AbstractID CUSTOM = AA10qlwfi803472035151
 @State ConcreteID = SC368glh213f1672770910 AbstractID = SRfpt7m91fb33889683229
 ConcreteID CUSTOM = SC1plm2zk212b3991366081 AbstractID CUSTOM = SAiwcs4y21112896953075

	ROLE = LeftClickAt
	TARGET =
		WIDGET = WC1pgw4ar1b3113366934, WR1h6ibpb92248851252, WTzj707vb935461581, WP4y9bxx173707589853
		ROLE = UIAButton
		TITLE = OK
		SHAPE = Rect [x:719.0 y:443.0 w:92.0 h:25.0]
		CHILDREN = 0
		PATH = [1, 0, 3, 0]
	DESCRIPTION = Left Click at 'OK'
	TEXT = Compound Action =
		Move mouse to (765.0, 455.5).
		Press Mouse Button BUTTON1
		Release Mouse Button BUTTON1

ExecutedAction [12]: 
 @Action ConcreteID = AC1haf029814254308897 AbstractID = AA1haf029814254308897
 ConcreteID CUSTOM = ConcreteID CUSTOM not available AbstractID CUSTOM = AAoxv2le801407559739
 @State ConcreteID = SC190wzdl20642749397347 AbstractID = SR1qe6ldb1ef33209706620
 ConcreteID CUSTOM = SCl32yvz20572583199235 AbstractID CUSTOM = SAekh358206e3769331109

	ROLE = LeftClickAt
	TARGET =
		WIDGET = WC15qcotj2e2068617501, WR1e04pz3e358922214, WTaocbwu1b2980317179, WPl5taet2a2049395271
		ROLE = UIASplitButton
		TITLE = Run Last Tool
		SHAPE = Rect [x:466.0 y:212.0 w:38.0 h:22.0]
		CHILDREN = 0
		PATH = [0, 1, 3, 0, 3]
	DESCRIPTION = Left Click at 'Run Last Tool'
	TEXT = Compound Action =
		Move mouse to (485.0, 223.0).
		Press Mouse Button BUTTON1
		Release Mouse Button BUTTON1

ExecutedAction [13]: 
 @Action ConcreteID = AC1sgjfa1a14058103926 AbstractID = AA1sgjfa1a14058103926
 ConcreteID CUSTOM = ConcreteID CUSTOM not available AbstractID CUSTOM = AA1qhpp0qa03353107372
 @State ConcreteID = SC190wzdl20642749397347 AbstractID = SR1qe6ldb1ef33209706620
 ConcreteID CUSTOM = SCl32yvz20572583199235 AbstractID CUSTOM = SAekh358206e3769331109

	ROLE = LeftDrag
	DESCRIPTION = Drag (968.0, 874.0) To (1128.0, 874.0)
	TEXT = Compound Action =
		Move mouse to (968.0, 874.0).
		Press Mouse Button BUTTON1
		Move mouse to (1128.0, 874.0).
		Release Mouse Button BUTTON1

ExecutedAction [14]: 
 @Action ConcreteID = AC1iosexcad2517072879 AbstractID = AA1iosexcad2517072879
 ConcreteID CUSTOM = ConcreteID CUSTOM not available AbstractID CUSTOM = AA4eymbzab435709223
 @State ConcreteID = SC5gynrz1df52792361810 AbstractID = SR1n0gqab1ca81747217141
 ConcreteID CUSTOM = SC1dw98xl1de81836910833 AbstractID CUSTOM = SAzmfoya1df137808522

	ROLE = LeftDrag
	DESCRIPTION = Drag (1109.0, 874.0) To (1070.3333333333333, 874.0)
	TEXT = Compound Action =
		Move mouse to (1109.0, 874.0).
		Press Mouse Button BUTTON1
		Move mouse to (1070.3333333333333, 874.0).
		Release Mouse Button BUTTON1

ExecutedAction [15]: 
 @Action ConcreteID = ACq9zic7813226645884 AbstractID = AAq9zic7813226645884
 ConcreteID CUSTOM = ConcreteID CUSTOM not available AbstractID CUSTOM = AAd9wfu6803524126423
 @State ConcreteID = SC1mp4j341e08812124975 AbstractID = SRzjjsqe1cba1783854846
 ConcreteID CUSTOM = SC1x1o1tt1dfa776948109 AbstractID CUSTOM = SAhwkvai1e06792097755

	ROLE = LeftClickAt
	TARGET =
		WIDGET = WC1h8lyge261718705357, WR88rmk0b1934231702, WT9lh4cj101334423775, WPtbufj4222964960680
		ROLE = UIACheckBox
		TITLE = Debug
		SHAPE = Rect [x:1026.0 y:213.0 w:23.0 h:22.0]
		CHILDREN = 0
		PATH = [1, 1, 8, 0, 0, 1]
	DESCRIPTION = Left Click at 'Debug'
	TEXT = Compound Action =
		Move mouse to (1037.5, 224.0).
		Press Mouse Button BUTTON1
		Release Mouse Button BUTTON1

ExecutedAction [16]: 
 @Action ConcreteID = AC20fd3z7f1119705241 AbstractID = AA20fd3z7f1119705241
 ConcreteID CUSTOM = ConcreteID CUSTOM not available AbstractID CUSTOM = AA1r9skb47f595275079
 @State ConcreteID = SCl37m41ea52804297196 AbstractID = SR8cxsdp1d5e885721918
 ConcreteID CUSTOM = SCx8fhew1e9b1368823884 AbstractID CUSTOM = SA9tq4ao1e9a636165676

	ROLE = LeftClickAt
	TARGET =
		WIDGET = WC2lskq73b3980401943, WR4na8ob72534219213, WT4na8ob72534219213, WP9arhsx373262882655
		ROLE = UIATree
		TITLE = 
		SHAPE = Rect [x:884.0 y:300.0 w:198.0 h:73.0]
		CHILDREN = 0
		PATH = [0, 0, 0, 0, 0, 0, 2, 2, 0, 0, 0, 0, 1, 1, 0, 0]
	DESCRIPTION = Left Click at ''
	TEXT = Compound Action =
		Move mouse to (983.0, 336.5).
		Press Mouse Button BUTTON1
		Release Mouse Button BUTTON1

ExecutedAction [17]: 
 @Action ConcreteID = AC18cxpo7803947398302 AbstractID = AA18cxpo7803947398302
 ConcreteID CUSTOM = ConcreteID CUSTOM not available AbstractID CUSTOM = AArsrfm7811261159167
 @State ConcreteID = SCu5sv471e042629426128 AbstractID = SRtzpwfr1cc32273920955
 ConcreteID CUSTOM = SC3ooqkh1df34284183042 AbstractID CUSTOM = SA1hnlf2j1df93955785508

	ROLE = LeftClickAt
	TARGET =
		WIDGET = WC1ok55f83d2166470168, WR88rmk0b1934231702, WTwegaa91b3021749952, WPbjlq1y391259696000
		ROLE = UIACheckBox
		TITLE = Link with Editor
		SHAPE = Rect [x:264.0 y:289.0 w:23.0 h:22.0]
		CHILDREN = 0
		PATH = [1, 0, 0, 0, 0, 0, 0, 1, 0, 1]
	DESCRIPTION = Left Click at 'Link with Editor'
	TEXT = Compound Action =
		Move mouse to (275.5, 300.0).
		Press Mouse Button BUTTON1
		Release Mouse Button BUTTON1

ExecutedAction [18]: 
 @Action ConcreteID = AC1yw89y2801561004828 AbstractID = AA1yw89y2801561004828
 ConcreteID CUSTOM = ConcreteID CUSTOM not available AbstractID CUSTOM = AAnor4z1811226315164
 @State ConcreteID = SC15mp2oz1e3d290225258 AbstractID = SRvbv9r61cf858232831
 ConcreteID CUSTOM = SCyo53w01e334082186211 AbstractID CUSTOM = SA1a78tzk1e353122984062

	ROLE = LeftClickAt
	TARGET =
		WIDGET = WC1vy74te361668172135, WR1h6ibpb92248851252, WTogc9bu141497257592, WP1tn0l5g322748446610
		ROLE = UIAButton
		TITLE = &Filters...
		SHAPE = Rect [x:934.0 y:626.0 w:23.0 h:22.0]
		CHILDREN = 0
		PATH = [0, 0, 0, 0, 0, 0, 4, 0, 0, 0]
	DESCRIPTION = Left Click at '&Filters...'
	TEXT = Compound Action =
		Move mouse to (945.5, 637.0).
		Press Mouse Button BUTTON1
		Release Mouse Button BUTTON1

ExecutedAction [19]: 
 @Action ConcreteID = AC1gwoc2y821988006449 AbstractID = AA1gwoc2y821988006449
 ConcreteID CUSTOM = ConcreteID CUSTOM not available AbstractID CUSTOM = AA1pe5kx382748560393
 @State ConcreteID = SC13010cp1e3d3213057462 AbstractID = SRvbv9r61cf858232831
 ConcreteID CUSTOM = SCrnezcg1e321863175522 AbstractID CUSTOM = SA1a78tzk1e353122984062

	ROLE = LeftClickAt
	TARGET =
		WIDGET = WCxyyx5o251924676189, WR88rmk0b1934231702, WT1nvx9gyf2324308261, WPrncfny214140945860
		ROLE = UIACheckBox
		TITLE = Java
		SHAPE = Rect [x:1037.0 y:109.0 w:23.0 h:22.0]
		CHILDREN = 0
		PATH = [0, 1, 8, 0, 0, 1]
	DESCRIPTION = Left Click at 'Java'
	TEXT = Compound Action =
		Move mouse to (1048.5, 120.0).
		Press Mouse Button BUTTON1
		Release Mouse Button BUTTON1

ExecutedAction [20]: 
 @Action ConcreteID = ACt2oqqs7f334897873 AbstractID = AAt2oqqs7f334897873
 ConcreteID CUSTOM = ConcreteID CUSTOM not available AbstractID CUSTOM = AAl6sy75803259371592
 @State ConcreteID = SCr06ou1e551459630691 AbstractID = SR1qvbt6s1cf81305170425
 ConcreteID CUSTOM = SCenshws1e241485168 AbstractID CUSTOM = SAd6kjhg1e3e2751413244

	ROLE = LeftClickAt
	TARGET =
		WIDGET = WCxo6dd51e3781355840, WR17v7k2nb1067391859, WTixgq3z113705304648, WP1mqnbef1a3817243629
		ROLE = UIAMenuItem
		TITLE = Window
		SHAPE = Rect [x:426.0 y:187.0 w:58.0 h:19.0]
		CHILDREN = 0
		PATH = [0, 4, 6]
	DESCRIPTION = Left Click at 'Window'
	TEXT = Compound Action =
		Move mouse to (455.0, 196.5).
		Press Mouse Button BUTTON1
		Release Mouse Button BUTTON1

ExecutedAction [21]: 
 @Action ConcreteID = ACfjufgc7f3539324624 AbstractID = AAfjufgc7f3539324624
 ConcreteID CUSTOM = ConcreteID CUSTOM not available AbstractID CUSTOM = AA7nymwp8054918217
 @State ConcreteID = SCr06ou1e551459630691 AbstractID = SR1qvbt6s1cf81305170425
 ConcreteID CUSTOM = SCenshws1e241485168 AbstractID CUSTOM = SAd6kjhg1e3e2751413244

	ROLE = LeftClickAt
	TARGET =
		WIDGET = WCcs790c3f3060796127, WR88rmk0b1934231702, WT1pzkc3f1d1473772488, WP79z3ke3b1807832016
		ROLE = UIACheckBox
		TITLE = Show only my tasks
		SHAPE = Rect [x:912.0 y:193.0 w:23.0 h:22.0]
		CHILDREN = 0
		PATH = [1, 0, 0, 0, 0, 0, 2, 1, 0, 5]
	DESCRIPTION = Left Click at 'Show only my tasks'
	TEXT = Compound Action =
		Move mouse to (923.5, 204.0).
		Press Mouse Button BUTTON1
		Release Mouse Button BUTTON1

ExecutedAction [22]: 
 @Action ConcreteID = AC11hdxia7f736885800 AbstractID = AA11hdxia7f736885800
 ConcreteID CUSTOM = ConcreteID CUSTOM not available AbstractID CUSTOM = AAtli4yn804200320689
 @State ConcreteID = SCr06ou1e551459630691 AbstractID = SR1qvbt6s1cf81305170425
 ConcreteID CUSTOM = SCenshws1e241485168 AbstractID CUSTOM = SAd6kjhg1e3e2751413244

	ROLE = LeftClickAt
	TARGET =
		WIDGET = WC1jazy7b461401736675, WR5quxi6b4097176690, WTme9qth184067111209, WP1v29ffd421151409311
		ROLE = UIATreeItem
		TITLE = _pasted_code_
		SHAPE = Rect [x:206.0 y:311.0 w:80.0 h:18.0]
		CHILDREN = 0
		PATH = [0, 0, 0, 0, 0, 0, 0, 2, 0, 0, 0, 0, 0, 0]
	DESCRIPTION = Left Click at '_pasted_code_'
	TEXT = Compound Action =
		Move mouse to (246.0, 320.0).
		Press Mouse Button BUTTON1
		Release Mouse Button BUTTON1

ExecutedAction [23]: 
 @Action ConcreteID = ACsup7su802481596009 AbstractID = AAsup7su802481596009
 ConcreteID CUSTOM = ConcreteID CUSTOM not available AbstractID CUSTOM = AAbqafkh804029625032
 @State ConcreteID = SCyz09xn1e7f2112174989 AbstractID = SRvkix481d20119886633
 ConcreteID CUSTOM = SCscb6bx1e4f3115501839 AbstractID CUSTOM = SA1a1v1s21e67169543389

	ROLE = LeftClickAt
	TARGET =
		WIDGET = WC1i0znar341574648515, WR1h6ibpb92248851252, WT17n94sl212370609578, WP174bon530889498995
		ROLE = UIAButton
		TITLE = Open Type (Ctrl+Shift+T)
		SHAPE = Rect [x:666.0 y:207.0 w:23.0 h:22.0]
		CHILDREN = 0
		PATH = [0, 1, 3, 0, 0]
	DESCRIPTION = Left Click at 'Open Type (Ctrl+Shift+T)'
	TEXT = Compound Action =
		Move mouse to (677.5, 218.0).
		Press Mouse Button BUTTON1
		Release Mouse Button BUTTON1

ExecutedAction [24]: 
 @Action ConcreteID = AC1sdzwnb801133095069 AbstractID = AA1sdzwnb801133095069
 ConcreteID CUSTOM = ConcreteID CUSTOM not available AbstractID CUSTOM = AA1b9l4ey80541899836
 @State ConcreteID = SCyz09xn1e7f2112174989 AbstractID = SRvkix481d20119886633
 ConcreteID CUSTOM = SCscb6bx1e4f3115501839 AbstractID CUSTOM = SA1a1v1s21e67169543389

	ROLE = LeftClickAt
	TARGET =
		WIDGET = WCz78ncg3b2218333810, WR4na8ob72534219213, WT4na8ob72534219213, WP15w7kf6372869078074
		ROLE = UIATree
		TITLE = 
		SHAPE = Rect [x:884.0 y:300.0 w:198.0 h:73.0]
		CHILDREN = 0
		PATH = [1, 0, 0, 0, 0, 0, 2, 2, 0, 0, 0, 0, 1, 1, 0, 0]
	DESCRIPTION = Left Click at ''
	TEXT = Compound Action =
		Move mouse to (983.0, 336.5).
		Press Mouse Button BUTTON1
		Release Mouse Button BUTTON1

ExecutedAction [25]: 
 @Action ConcreteID = ACbkkzo7803729562388 AbstractID = AAbkkzo7803729562388
 ConcreteID CUSTOM = ConcreteID CUSTOM not available AbstractID CUSTOM = AA1f8nmnu811464729798
 @State ConcreteID = SCr06ou1e551459630691 AbstractID = SR1qvbt6s1cf81305170425
 ConcreteID CUSTOM = SCenshws1e241485168 AbstractID CUSTOM = SAd6kjhg1e3e2751413244

	ROLE = LeftClickAt
	TARGET =
		WIDGET = WCdtykvj2f2316045402, WR1h6ibpb92248851252, WT1y7s3s5192983196421, WPn49t412b816775385
		ROLE = UIAButton
		TITLE = Open Perspective
		SHAPE = Rect [x:995.0 y:235.0 w:23.0 h:22.0]
		CHILDREN = 0
		PATH = [0, 1, 7, 0, 0, 0]
	DESCRIPTION = Left Click at 'Open Perspective'
	TEXT = Compound Action =
		Move mouse to (1006.5, 246.0).
		Press Mouse Button BUTTON1
		Release Mouse Button BUTTON1

ExecutedAction [26]: 
 @Action ConcreteID = AC1634s917f850868425 AbstractID = AA1634s917f850868425
 ConcreteID CUSTOM = ConcreteID CUSTOM not available AbstractID CUSTOM = AAy78zpe803808889424
 @State ConcreteID = SCr06ou1e551459630691 AbstractID = SR1qvbt6s1cf81305170425
 ConcreteID CUSTOM = SCenshws1e241485168 AbstractID CUSTOM = SAd6kjhg1e3e2751413244

	ROLE = LeftClickAt
	TARGET =
		WIDGET = WC1hjlv092b3238584693, WR1k8fo0ra1109144095, WTfqpak8f3263508297, WPk37b8r273005463989
		ROLE = UIATabItem
		TITLE = Debug
		SHAPE = Rect [x:166.0 y:262.0 w:53.0 h:24.0]
		CHILDREN = 0
		PATH = [0, 0, 0, 0, 0, 0, 0, 3]
	DESCRIPTION = Left Click at 'Debug'
	TEXT = Compound Action =
		Move mouse to (192.5, 274.0).
		Press Mouse Button BUTTON1
		Release Mouse Button BUTTON1

ExecutedAction [27]: 
 @Action ConcreteID = ACbqn663811969236948 AbstractID = AAbqn663811969236948
 ConcreteID CUSTOM = ConcreteID CUSTOM not available AbstractID CUSTOM = AA1d6tars813570564542
 @State ConcreteID = SCyz09xn1e7f2112174989 AbstractID = SRvkix481d20119886633
 ConcreteID CUSTOM = SCscb6bx1e4f3115501839 AbstractID CUSTOM = SA1a1v1s21e67169543389

	ROLE = LeftClickAt
	TARGET =
		WIDGET = WC1y1k3qt262136687485, WR1h6ibpb92248851252, WT1gjqpmud2189653581, WPzqc4ar223537942508
		ROLE = UIAButton
		TITLE = Back
		SHAPE = Rect [x:1046.0 y:263.0 w:23.0 h:22.0]
		CHILDREN = 0
		PATH = [0, 0, 0, 1, 0, 0, 0]
	DESCRIPTION = Left Click at 'Back'
	TEXT = Compound Action =
		Move mouse to (1057.5, 274.0).
		Press Mouse Button BUTTON1
		Release Mouse Button BUTTON1

ExecutedAction [28]: 
 @Action ConcreteID = AC1qjj4h8801518103004 AbstractID = AA1qjj4h8801518103004
 ConcreteID CUSTOM = ConcreteID CUSTOM not available AbstractID CUSTOM = AA1fy5dn27f1941414788
 @State ConcreteID = SClxmbip252c1154705567 AbstractID = SRrwnswr236a3216601448
 ConcreteID CUSTOM = SCh74puy25042288960490 AbstractID CUSTOM = SAsqfelp24eb351784009

	ROLE = LeftClickAt
	TARGET =
		WIDGET = WC14boov122495736463, WR1h6ibpb92248851252, WT1vjbvvdf3603144044, WP18xaffv1e1397816351
		ROLE = UIAButton
		TITLE = Cancel
		SHAPE = Rect [x:791.0 y:694.0 w:92.0 h:25.0]
		CHILDREN = 0
		PATH = [1, 0, 0, 1, 4]
	DESCRIPTION = Left Click at 'Cancel'
	TEXT = Compound Action =
		Move mouse to (837.0, 706.5).
		Press Mouse Button BUTTON1
		Release Mouse Button BUTTON1

ExecutedAction [29]: 
 @Action ConcreteID = ACfmt8vz803398600359 AbstractID = AAfmt8vz803398600359
 ConcreteID CUSTOM = ConcreteID CUSTOM not available AbstractID CUSTOM = AA1javvvm811133518197
 @State ConcreteID = SCr06ou1e551459630691 AbstractID = SR1qvbt6s1cf81305170425
 ConcreteID CUSTOM = SCenshws1e241485168 AbstractID CUSTOM = SAd6kjhg1e3e2751413244

	ROLE = LeftClickAt
	TARGET =
		WIDGET = WC17nqfkb241606383529, WR88rmk0b1934231702, WTtfej2fe1932382, WPmwcvct20685092298
		ROLE = UIACheckBox
		TITLE = XML
		SHAPE = Rect [x:1141.0 y:235.0 w:23.0 h:22.0]
		CHILDREN = 0
		PATH = [0, 1, 7, 0, 0, 6]
	DESCRIPTION = Left Click at 'XML'
	TEXT = Compound Action =
		Move mouse to (1152.5, 246.0).
		Press Mouse Button BUTTON1
		Release Mouse Button BUTTON1

ExecutedAction [30]: 
 @Action ConcreteID = AC1gutun67f1337017493 AbstractID = AA1gutun67f1337017493
 ConcreteID CUSTOM = ConcreteID CUSTOM not available AbstractID CUSTOM = AAx7d4mq803079924512
 @State ConcreteID = SC5ia0rr1a72571738653 AbstractID = SRbi2bv7193f1558958176
 ConcreteID CUSTOM = SC1raljvk1a711090753091 AbstractID CUSTOM = SAkhaw451a463581382678

	ROLE = LeftClickAt
	TARGET =
		WIDGET = WC17yv1mq341729404232, WR1h6ibpb92248851252, WT7xh7vf123396096274, WP17ued84302993639738
		ROLE = UIAButton
		TITLE = View Menu
		SHAPE = Rect [x:886.0 y:267.0 w:23.0 h:22.0]
		CHILDREN = 0
		PATH = [1, 1, 0, 0, 0, 0, 3, 1, 1, 0]
	DESCRIPTION = Left Click at 'View Menu'
	TEXT = Compound Action =
		Move mouse to (897.5, 278.0).
		Press Mouse Button BUTTON1
		Release Mouse Button BUTTON1

ExecutedAction [31]: 
 @Action ConcreteID = AC17oi7mv802454509064 AbstractID = AA17oi7mv802454509064
 ConcreteID CUSTOM = ConcreteID CUSTOM not available AbstractID CUSTOM = AAezcuxe813033740216
 @State ConcreteID = SCmhz4di1a7e3981819729 AbstractID = SRgxeobx19523952056574
 ConcreteID CUSTOM = SC17mcwce1a683506648369 AbstractID CUSTOM = SA1gqlizc1a612901883849

	ROLE = LeftClickAt
	TARGET =
		WIDGET = WC1ynhi0231389914742, WR1k8fo0ra1109144095, WT97bnkv152356888552, WP1fit5qs2d1831772818
		ROLE = UIATabItem
		TITLE = Declaration
		SHAPE = Rect [x:488.0 y:625.0 w:89.0 h:24.0]
		CHILDREN = 0
		PATH = [0, 0, 0, 0, 0, 0, 4, 5]
	DESCRIPTION = Left Click at 'Declaration'
	TEXT = Compound Action =
		Move mouse to (532.5, 637.0).
		Press Mouse Button BUTTON1
		Release Mouse Button BUTTON1

ExecutedAction [32]: 
 @Action ConcreteID = AC16vcrr2802142234947 AbstractID = AA16vcrr2802142234947
 ConcreteID CUSTOM = ConcreteID CUSTOM not available AbstractID CUSTOM = AA1m0h0w87f2217421111
 @State ConcreteID = SC1xzfbm01a35605228768 AbstractID = SRop3u9g1903245521710
 ConcreteID CUSTOM = SClfb8qh1a2c2863549060 AbstractID CUSTOM = SAw9kdv1a071421433819

	ROLE = LeftClickAt
	TARGET =
		WIDGET = WC1q3bpa7344277599049, WR1h6ibpb92248851252, WT7xh7vf123396096274, WP1pyv0vl30730675003
		ROLE = UIAButton
		TITLE = View Menu
		SHAPE = Rect [x:306.0 y:267.0 w:23.0 h:22.0]
		CHILDREN = 0
		PATH = [1, 1, 0, 0, 0, 0, 0, 1, 1, 0]
	DESCRIPTION = Left Click at 'View Menu'
	TEXT = Compound Action =
		Move mouse to (317.5, 278.0).
		Press Mouse Button BUTTON1
		Release Mouse Button BUTTON1

ExecutedAction [33]: 
 @Action ConcreteID = AC1wvhl8o811314647994 AbstractID = AA1wvhl8o811314647994
 ConcreteID CUSTOM = ConcreteID CUSTOM not available AbstractID CUSTOM = AAto9czg802154620366
 @State ConcreteID = SC1lehgmz1b944294498481 AbstractID = SRmfj26x1a65639068473
 ConcreteID CUSTOM = SChbgpwl1b84767897094 AbstractID CUSTOM = SAgrnz7f1b831581501541

	ROLE = LeftClickAt
	TARGET =
		WIDGET = WClzinaj202589356556, WR17v7k2nb1067391859, WT1omh7n413746922249, WPvbe5o91c491072427
		ROLE = UIAMenuItem
		TITLE = Navigate
		SHAPE = Rect [x:230.0 y:187.0 w:61.0 h:19.0]
		CHILDREN = 0
		PATH = [1, 4, 2]
	DESCRIPTION = Left Click at 'Navigate'
	TEXT = Compound Action =
		Move mouse to (260.5, 196.5).
		Press Mouse Button BUTTON1
		Release Mouse Button BUTTON1

ExecutedAction [34]: 
 @Action ConcreteID = AC1b8xuo5803957555402 AbstractID = AA1b8xuo5803957555402
 ConcreteID CUSTOM = ConcreteID CUSTOM not available AbstractID CUSTOM = AA5aq03u803064678088
 @State ConcreteID = SC8yzb481bf92527019139 AbstractID = SR1r3gh511ab53905987666
 ConcreteID CUSTOM = SC1qv7uwd1be8338852499 AbstractID CUSTOM = SAmbyv1h1bbe2084175623

	ROLE = LeftClickAt
	TARGET =
		WIDGET = WCfaxxfv2d260816235, WR1k8fo0ra1109144095, WTpgsvvr113303787469, WP2tu2kd291569797083
		ROLE = UIATabItem
		TITLE = Outline
		SHAPE = Rect [x:746.0 y:240.0 w:89.0 h:24.0]
		CHILDREN = 0
		PATH = [1, 1, 0, 0, 0, 0, 3, 3]
	DESCRIPTION = Left Click at 'Outline'
	TEXT = Compound Action =
		Move mouse to (790.5, 252.0).
		Press Mouse Button BUTTON1
		Release Mouse Button BUTTON1

ExecutedAction [35]: 
 @Action ConcreteID = AC1o5tebd812387825029 AbstractID = AA1o5tebd812387825029
 ConcreteID CUSTOM = ConcreteID CUSTOM not available AbstractID CUSTOM = AAh00vtk80689702281
 @State ConcreteID = SC12zor7j1a1b2972024191 AbstractID = SR8kak8t18ef2971772669
 ConcreteID CUSTOM = SC1yfg38l1a052235906643 AbstractID CUSTOM = SAjxkaii19fb3149376375

	ROLE = LeftClickAt
	TARGET =
		WIDGET = WC169mzf71c2346486617, WR17v7k2nb1067391859, WT1qe6brdf138512687, WPbprktd18440697792
		ROLE = UIAMenuItem
		TITLE = Edit
		SHAPE = Rect [x:196.0 y:187.0 w:34.0 h:19.0]
		CHILDREN = 0
		PATH = [1, 4, 1]
	DESCRIPTION = Left Click at 'Edit'
	TEXT = Compound Action =
		Move mouse to (213.0, 196.5).
		Press Mouse Button BUTTON1
		Release Mouse Button BUTTON1

ExecutedAction [36]: 
 @Action ConcreteID = AC8r8eq0813308394528 AbstractID = AA8r8eq0813308394528
 ConcreteID CUSTOM = ConcreteID CUSTOM not available AbstractID CUSTOM = AA1g6ro6y82281800337
 @State ConcreteID = SCyyutgt1b031069593121 AbstractID = SR100lwl819ca2242513617
 ConcreteID CUSTOM = SC1ee6wwy1af43680657949 AbstractID CUSTOM = SA1gcn06e1acf2493431477

	ROLE = LeftClickAt
	TARGET =
		WIDGET = WC9qho283e2123576818, WR88rmk0b1934231702, WTq72q261c2588824796, WPb9fy823a2225743871
		ROLE = UIACheckBox
		TITLE = Focus on Workweek
		SHAPE = Rect [x:989.0 y:163.0 w:23.0 h:22.0]
		CHILDREN = 0
		PATH = [0, 0, 0, 0, 0, 0, 2, 1, 0, 3]
	DESCRIPTION = Left Click at 'Focus on Workweek'
	TEXT = Compound Action =
		Move mouse to (1000.5, 174.0).
		Press Mouse Button BUTTON1
		Release Mouse Button BUTTON1

ExecutedAction [37]: 
 @Action ConcreteID = AC1o7zna3811015290833 AbstractID = AA1o7zna3811015290833
 ConcreteID CUSTOM = ConcreteID CUSTOM not available AbstractID CUSTOM = AAh274sa802613792733
 @State ConcreteID = SC12zor7j1a1b2972024191 AbstractID = SR8kak8t18ef2971772669
 ConcreteID CUSTOM = SC1yfg38l1a052235906643 AbstractID CUSTOM = SAjxkaii19fb3149376375

	ROLE = LeftClickAt
	TARGET =
		WIDGET = WC1ynhi0231389914742, WR1k8fo0ra1109144095, WT97bnkv152356888552, WP1fit5qs2d1831772818
		ROLE = UIATabItem
		TITLE = Declaration
		SHAPE = Rect [x:488.0 y:625.0 w:89.0 h:24.0]
		CHILDREN = 0
		PATH = [0, 0, 0, 0, 0, 0, 4, 5]
	DESCRIPTION = Left Click at 'Declaration'
	TEXT = Compound Action =
		Move mouse to (532.5, 637.0).
		Press Mouse Button BUTTON1
		Release Mouse Button BUTTON1

ExecutedAction [38]: 
 @Action ConcreteID = ACd70vyc80920054435 AbstractID = AAd70vyc80920054435
 ConcreteID CUSTOM = ConcreteID CUSTOM not available AbstractID CUSTOM = AA1u5k7r0801251485901
 @State ConcreteID = SCfall6m1ae62046784605 AbstractID = SR8hkdms19ae416873488
 ConcreteID CUSTOM = SCth9kqf1ad11961609006 AbstractID CUSTOM = SAy67rsv1ac71883703493

	ROLE = LeftClickAt
	TARGET =
		WIDGET = WC188y2pc533365963587, WR1h6ibpb92248851252, WT1yjedt8313260187067, WPi2rdia4f3755433379
		ROLE = UIAButton
		TITLE = Collapse All  (Ctrl+Shift+Numpad_Divide)
		SHAPE = Rect [x:226.0 y:267.0 w:23.0 h:22.0]
		CHILDREN = 0
		PATH = [1, 0, 0, 0, 0, 0, 0, 1, 0, 0]
	DESCRIPTION = Left Click at 'Collapse All  (Ctrl+Shift+Numpad_Divide)'
	TEXT = Compound Action =
		Move mouse to (237.5, 278.0).
		Press Mouse Button BUTTON1
		Release Mouse Button BUTTON1

ExecutedAction [39]: 
 @Action ConcreteID = AC17ugurj802161480534 AbstractID = AA17ugurj802161480534
 ConcreteID CUSTOM = ConcreteID CUSTOM not available AbstractID CUSTOM = AA1rs2qca801266434588
 @State ConcreteID = SCli1i981ae33259352377 AbstractID = SR8hkdms19ae416873488
 ConcreteID CUSTOM = SC1dwk8nw1ad24094502812 AbstractID CUSTOM = SAy67rsv1ac71883703493

	ROLE = LeftClickAt
	TARGET =
		WIDGET = WC1w0vay43718853665, WR1h6ibpb92248851252, WT1m81vjh15668110752, WP1nt8zha333559906224
		ROLE = UIAButton
		TITLE = Collapse All
		SHAPE = Rect [x:935.0 y:193.0 w:23.0 h:22.0]
		CHILDREN = 0
		PATH = [0, 0, 0, 0, 0, 0, 2, 1, 0, 6]
	DESCRIPTION = Left Click at 'Collapse All'
	TEXT = Compound Action =
		Move mouse to (946.5, 204.0).
		Press Mouse Button BUTTON1
		Release Mouse Button BUTTON1

ExecutedAction [40]: 
 @Action ConcreteID = ACzmoroh801820905028 AbstractID = AAzmoroh801820905028
 ConcreteID CUSTOM = ConcreteID CUSTOM not available AbstractID CUSTOM = AA1jkan98802803965710
 @State ConcreteID = SCli1i981ae33259352377 AbstractID = SR8hkdms19ae416873488
 ConcreteID CUSTOM = SC1dwk8nw1ad24094502812 AbstractID CUSTOM = SAy67rsv1ac71883703493

	ROLE = LeftClickAt
	TARGET =
		WIDGET = WC1kt1hpf3e442078141, WR1h6ibpb92248851252, WTtbaw051c1143779680, WP1w78wnp3a3025140021
		ROLE = UIAButton
		TITLE = Synchronize Changed
		SHAPE = Rect [x:966.0 y:193.0 w:23.0 h:22.0]
		CHILDREN = 0
		PATH = [0, 0, 0, 0, 0, 0, 2, 1, 0, 7]
	DESCRIPTION = Left Click at 'Synchronize Changed'
	TEXT = Compound Action =
		Move mouse to (977.5, 204.0).
		Press Mouse Button BUTTON1
		Release Mouse Button BUTTON1

ExecutedAction [41]: 
 @Action ConcreteID = AC1hm61s7801161590252 AbstractID = AA1hm61s7801161590252
 ConcreteID CUSTOM = ConcreteID CUSTOM not available AbstractID CUSTOM = AA2invdu802392171686
 @State ConcreteID = SCli1i981ae33259352377 AbstractID = SR8hkdms19ae416873488
 ConcreteID CUSTOM = SC1dwk8nw1ad24094502812 AbstractID CUSTOM = SAy67rsv1ac71883703493

	ROLE = LeftClickAt
	TARGET =
		WIDGET = WC1e479jz342062320890, WR1h6ibpb92248851252, WT7xh7vf123396096274, WP1dzql5d302945927304
		ROLE = UIAButton
		TITLE = View Menu
		SHAPE = Rect [x:281.0 y:163.0 w:23.0 h:22.0]
		CHILDREN = 0
		PATH = [0, 0, 0, 0, 0, 0, 0, 1, 1, 0]
	DESCRIPTION = Left Click at 'View Menu'
	TEXT = Compound Action =
		Move mouse to (292.5, 174.0).
		Press Mouse Button BUTTON1
		Release Mouse Button BUTTON1

ExecutedAction [42]: 
 @Action ConcreteID = AC153ixdp802863315499 AbstractID = AA153ixdp802863315499
 ConcreteID CUSTOM = ConcreteID CUSTOM not available AbstractID CUSTOM = AA1p14syg801627614049
 @State ConcreteID = SCli1i981ae33259352377 AbstractID = SR8hkdms19ae416873488
 ConcreteID CUSTOM = SC1dwk8nw1ad24094502812 AbstractID CUSTOM = SAy67rsv1ac71883703493

	ROLE = LeftClickAt
	TARGET =
		WIDGET = WC25515u341099424799, WR1h6ibpb92248851252, WT7xh7vf123396096274, WP20ocr8302499553389
		ROLE = UIAButton
		TITLE = View Menu
		SHAPE = Rect [x:710.0 y:659.0 w:23.0 h:22.0]
		CHILDREN = 0
		PATH = [1, 0, 0, 0, 0, 0, 2, 1, 1, 0]
	DESCRIPTION = Left Click at 'View Menu'
	TEXT = Compound Action =
		Move mouse to (721.5, 670.0).
		Press Mouse Button BUTTON1
		Release Mouse Button BUTTON1

ExecutedAction [43]: 
 @Action ConcreteID = ACcvzhfz7f1395911759 AbstractID = AAcvzhfz7f1395911759
 ConcreteID CUSTOM = ConcreteID CUSTOM not available AbstractID CUSTOM = AAgx6ucf7f1038127726
 @State ConcreteID = SCa2dz451b9f519434478 AbstractID = SR1bef3ac1a5f16670216
 ConcreteID CUSTOM = SCsv85231b843184194872 AbstractID CUSTOM = SAoi2qo31b7e621301907

	ROLE = LeftClickAt
	TARGET =
		WIDGET = WC15bthhs293090657845, WR1e04pz3e358922214, WT1irvxqf16925407563, WPvmmefy253066493456
		ROLE = UIASplitButton
		TITLE = Coverage
		SHAPE = Rect [x:258.0 y:108.0 w:38.0 h:22.0]
		CHILDREN = 0
		PATH = [0, 1, 2, 0, 2]
	DESCRIPTION = Left Click at 'Coverage'
	TEXT = Compound Action =
		Move mouse to (277.0, 119.0).
		Press Mouse Button BUTTON1
		Release Mouse Button BUTTON1

ExecutedAction [44]: 
 @Action ConcreteID = AC1rcikj4801298669596 AbstractID = AA1rcikj4801298669596
 ConcreteID CUSTOM = ConcreteID CUSTOM not available AbstractID CUSTOM = AA11v6y7n802896422410
 @State ConcreteID = SC3watwo1ca62926767520 AbstractID = SRx93ynf1b46538174325
 ConcreteID CUSTOM = SC1q7vqkv1c832834413142 AbstractID CUSTOM = SAb0vsgp1c504269638835

	ROLE = LeftClickAt
	TARGET =
		WIDGET = WC1pgw4ar1b3113366934, WR1h6ibpb92248851252, WTzj707vb935461581, WP4y9bxx173707589853
		ROLE = UIAButton
		TITLE = OK
		SHAPE = Rect [x:719.0 y:443.0 w:92.0 h:25.0]
		CHILDREN = 0
		PATH = [1, 0, 3, 0]
	DESCRIPTION = Left Click at 'OK'
	TEXT = Compound Action =
		Move mouse to (765.0, 455.5).
		Press Mouse Button BUTTON1
		Release Mouse Button BUTTON1

ExecutedAction [45]: 
 @Action ConcreteID = AC7zbrhs821873150985 AbstractID = AA7zbrhs821873150985
 ConcreteID CUSTOM = ConcreteID CUSTOM not available AbstractID CUSTOM = AA130l97t812858333307
 @State ConcreteID = SC1wki3uo1af82837303528 AbstractID = SR1vb2kdl19c02880809947
 ConcreteID CUSTOM = SC1p9oxho1adf2799540736 AbstractID CUSTOM = SAlnpb9b1ae63159074055

	ROLE = LeftClickAt
	TARGET =
		WIDGET = WC1y1k3qt262136687485, WR1h6ibpb92248851252, WT1gjqpmud2189653581, WPzqc4ar223537942508
		ROLE = UIAButton
		TITLE = Back
		SHAPE = Rect [x:1046.0 y:241.0 w:23.0 h:22.0]
		CHILDREN = 0
		PATH = [0, 0, 0, 1, 0, 0, 0]
	DESCRIPTION = Left Click at 'Back'
	TEXT = Compound Action =
		Move mouse to (1057.5, 252.0).
		Press Mouse Button BUTTON1
		Release Mouse Button BUTTON1

ExecutedAction [46]: 
 @Action ConcreteID = AC19nk7bjf080467808 AbstractID = AAhebnhkd6663360765
 ConcreteID CUSTOM = ConcreteID CUSTOM not available AbstractID CUSTOM = AA1l2kvrwd54286113038
 @State ConcreteID = SC14njg6j1d551826700103 AbstractID = SR1ql1cod1bed4183583654
 ConcreteID CUSTOM = SC7gg62r1d361562762156 AbstractID CUSTOM = SAi5ke7p1d0d1722869796

	ROLE = ClickTypeInto
	TARGET =
		WIDGET = WC18cmtdz5b3470245908, WR4n0dlj72701565195, WT1hwg5tv452845780456, WP7h7oop571377876815
		ROLE = UIAEdit
		TITLE = Select a task to activate (? = any character, * = any String):
		SHAPE = Rect [x:283.0 y:174.0 w:562.0 h:21.0]
		CHILDREN = 0
		PATH = [1, 0, 0, 0, 0, 1]
	DESCRIPTION = Type '\";alert('XSS');...' into 'Select a task to activate (? = any character, * = any String):
	TEXT = Compound Action =
		Compound Action =
		Move mouse to (564.0, 184.5).
		Press Mouse Button BUTTON1
		Release Mouse Button BUTTON1
		Press Key 17
		Press Key 65
		Release Key 65
		Release Key 17
		Type text '\";alert('XSS');//'

ExecutedAction [47]: 
 @Action ConcreteID = ACu1pdcq81603627322 AbstractID = AAu1pdcq81603627322
 ConcreteID CUSTOM = ConcreteID CUSTOM not available AbstractID CUSTOM = AA1vpz9ap801135624981
 @State ConcreteID = SC1mu5r8u1d673561156135 AbstractID = SR7pgrly1c00474611051
 ConcreteID CUSTOM = SC14536rz1d4b807130436 AbstractID CUSTOM = SA3ghifd1d224288954321

	ROLE = LeftClickAt
	TARGET =
		WIDGET = WC19lr8b82c2191507440, WR4n4ygb71694219017, WTrctlw2164178500647, WP1tu98sm28842179738
		ROLE = UIAList
		TITLE = Matching items:
		SHAPE = Rect [x:283.0 y:220.0 w:562.0 h:278.0]
		CHILDREN = 0
		PATH = [1, 0, 0, 0, 0, 3]
	DESCRIPTION = Left Click at 'Matching items:'
	TEXT = Compound Action =
		Move mouse to (564.0, 359.0).
		Press Mouse Button BUTTON1
		Release Mouse Button BUTTON1

ExecutedAction [48]: 
 @Action ConcreteID = AChjq7do81274997156 AbstractID = AAhjq7do81274997156
 ConcreteID CUSTOM = ConcreteID CUSTOM not available AbstractID CUSTOM = AA1j803bn801882112907
 @State ConcreteID = SC1mu5r8u1d673561156135 AbstractID = SR7pgrly1c00474611051
 ConcreteID CUSTOM = SC14536rz1d4b807130436 AbstractID CUSTOM = SA3ghifd1d224288954321

	ROLE = LeftClickAt
	TARGET =
		WIDGET = WCgrrvxs2c3644647000, WR1h6ibpb92248851252, WT1q26ne0191922931430, WPqh5ola283251882066
		ROLE = UIAButton
		TITLE = I'm Feeling Lazy
		SHAPE = Rect [x:418.0 y:554.0 w:96.0 h:25.0]
		CHILDREN = 0
		PATH = [1, 0, 0, 1, 2]
	DESCRIPTION = Left Click at 'I'm Feeling Lazy'
	TEXT = Compound Action =
		Move mouse to (466.0, 566.5).
		Press Mouse Button BUTTON1
		Release Mouse Button BUTTON1

ExecutedAction [49]: 
 @Action ConcreteID = AC6ak32y81758014261 AbstractID = AA6ak32y81758014261
 ConcreteID CUSTOM = ConcreteID CUSTOM not available AbstractID CUSTOM = AAc3woin804172554368
 @State ConcreteID = SC1r95xg91e2e1397520094 AbstractID = SR10ec83g1cc0960318454
 ConcreteID CUSTOM = SC1b3yjwo1e091835006717 AbstractID CUSTOM = SA65pc981dea2000843172

	ROLE = LeftClickAt
	TARGET =
		WIDGET = WC11l03mp1e1385351847, WR1h6ibpb92248851252, WTzj707vb935461581, WP12vgyen1a2411105996
		ROLE = UIAButton
		TITLE = OK
		SHAPE = Rect [x:719.0 y:360.0 w:92.0 h:25.0]
		CHILDREN = 0
		PATH = [1, 0, 0, 3, 0]
	DESCRIPTION = Left Click at 'OK'
	TEXT = Compound Action =
		Move mouse to (765.0, 372.5).
		Press Mouse Button BUTTON1
		Release Mouse Button BUTTON1

ExecutedAction [50]: 
 @Action ConcreteID = AC1bs3y6mee900902604 AbstractID = AA1oehimyd61949861771
 ConcreteID CUSTOM = ConcreteID CUSTOM not available AbstractID CUSTOM = AA1nqph4zd51273377891
 @State ConcreteID = SC1mu5r8u1d673561156135 AbstractID = SR7pgrly1c00474611051
 ConcreteID CUSTOM = SC14536rz1d4b807130436 AbstractID CUSTOM = SA3ghifd1d224288954321

	ROLE = ClickTypeInto
	TARGET =
		WIDGET = WC18cmtdz5b3470245908, WR4n0dlj72701565195, WT1hwg5tv452845780456, WP7h7oop571377876815
		ROLE = UIAEdit
		TITLE = Select a task to activate (? = any character, * = any String):
		SHAPE = Rect [x:283.0 y:174.0 w:562.0 h:21.0]
		CHILDREN = 1
		PATH = [1, 0, 0, 0, 0, 1]
	DESCRIPTION = Type '';alert(123);t='' into 'Select a task to activate (? = any character, * = any String):
	TEXT = Compound Action =
		Compound Action =
		Move mouse to (564.0, 184.5).
		Press Mouse Button BUTTON1
		Release Mouse Button BUTTON1
		Press Key 17
		Press Key 65
		Release Key 65
		Release Key 17
		Type text '';alert(123);t=''

ExecutedAction [51]: 
 @Action ConcreteID = AC1xe05vkf54166039450 AbstractID = AA1oehimyd61949861771
 ConcreteID CUSTOM = ConcreteID CUSTOM not available AbstractID CUSTOM = AA1nqph4zd51273377891
 @State ConcreteID = SC1mu5r8u1d673561156135 AbstractID = SR7pgrly1c00474611051
 ConcreteID CUSTOM = SC14536rz1d4b807130436 AbstractID CUSTOM = SA3ghifd1d224288954321

	ROLE = ClickTypeInto
	TARGET =
		WIDGET = WC18cmtdz5b3470245908, WR4n0dlj72701565195, WT1hwg5tv452845780456, WP7h7oop571377876815
		ROLE = UIAEdit
		TITLE = Select a task to activate (? = any character, * = any String):
		SHAPE = Rect [x:283.0 y:174.0 w:562.0 h:21.0]
		CHILDREN = 1
		PATH = [1, 0, 0, 0, 0, 1]
	DESCRIPTION = Type '🚾 🆒 🆓 🆕 🆖 ?...' into 'Select a task to activate (? = any character, * = any String):
	TEXT = Compound Action =
		Compound Action =
		Move mouse to (564.0, 184.5).
		Press Mouse Button BUTTON1
		Release Mouse Button BUTTON1
		Press Key 17
		Press Key 65
		Release Key 65
		Release Key 17
		Type text '🚾 🆒 🆓 🆕 🆖 🆗 🆙 🏧'

ExecutedAction [52]: 
 @Action ConcreteID = AC13x37ot813650172538 AbstractID = AA13x37ot813650172538
 ConcreteID CUSTOM = ConcreteID CUSTOM not available AbstractID CUSTOM = AA6k91no803118197333
 @State ConcreteID = SC1mu5r8u1d673561156135 AbstractID = SR7pgrly1c00474611051
 ConcreteID CUSTOM = SC14536rz1d4b807130436 AbstractID CUSTOM = SA3ghifd1d224288954321

	ROLE = LeftClickAt
	TARGET =
		WIDGET = WCu0xp2d251503203778, WR1h6ibpb92248851252, WT1h6ibpb92248851252, WPbw632v213705353679
		ROLE = UIAButton
		TITLE = 
		SHAPE = Rect [x:822.0 y:147.0 w:23.0 h:22.0]
		CHILDREN = 0
		PATH = [1, 0, 0, 0, 0, 0, 1, 0]
	DESCRIPTION = Left Click at ''
	TEXT = Compound Action =
		Move mouse to (833.5, 158.0).
		Press Mouse Button BUTTON1
		Release Mouse Button BUTTON1

ExecutedAction [53]: 
 @Action ConcreteID = AC1qtknhs7f2346638325 AbstractID = AA1qtknhs7f2346638325
 ConcreteID CUSTOM = ConcreteID CUSTOM not available AbstractID CUSTOM = AAqxz0zy811519049455
 @State ConcreteID = SCkm9dyo1df4344176371 AbstractID = SR1565q371c8b1872566497
 ConcreteID CUSTOM = SC1677e2h1ddc3879102174 AbstractID CUSTOM = SA1iogm9s1daf4035524750

	ROLE = LeftClickAt
	TARGET =
		WIDGET = WCcm4lr8251333886182, WR17v7k2nb1067391859, WTx374fy1b2780805661, WPc968eu211807892250
		ROLE = UIAMenuItem
		TITLE = Show Status Line
		SHAPE = Rect [x:825.0 y:172.0 w:216.0 h:22.0]
		CHILDREN = 0
		PATH = [2, 0]
	DESCRIPTION = Left Click at 'Show Status Line'
	TEXT = Compound Action =
		Move mouse to (933.0, 183.0).
		Press Mouse Button BUTTON1
		Release Mouse Button BUTTON1

ExecutedAction [54]: 
 @Action ConcreteID = AC14foilp803687077876 AbstractID = AA14foilp803687077876
 ConcreteID CUSTOM = ConcreteID CUSTOM not available AbstractID CUSTOM = AA1ouufwu801736985052
 @State ConcreteID = SCi44mgb1d3f4232567393 AbstractID = SRj16jqw1bdb291832025
 ConcreteID CUSTOM = SCjotiom1d23158458842 AbstractID CUSTOM = SA1s070e71cf9833875789

	ROLE = LeftClickAt
	TARGET =
		WIDGET = WC14boovw2277031374, WR1h6ibpb92248851252, WT1vjbvvdf3603144044, WP18xafgq1e1246481758
		ROLE = UIAButton
		TITLE = Cancel
		SHAPE = Rect [x:753.0 y:554.0 w:92.0 h:25.0]
		CHILDREN = 0
		PATH = [1, 0, 0, 1, 5]
	DESCRIPTION = Left Click at 'Cancel'
	TEXT = Compound Action =
		Move mouse to (799.0, 566.5).
		Press Mouse Button BUTTON1
		Release Mouse Button BUTTON1

ExecutedAction [55]: 
 @Action ConcreteID = AC1mmfrqn82598192006 AbstractID = AA1mmfrqn82598192006
 ConcreteID CUSTOM = ConcreteID CUSTOM not available AbstractID CUSTOM = AAiml7hk813864993780
 @State ConcreteID = SC1wki3uo1af82837303528 AbstractID = SR1vb2kdl19c02880809947
 ConcreteID CUSTOM = SC1p9oxho1adf2799540736 AbstractID CUSTOM = SAlnpb9b1ae63159074055

	ROLE = LeftClickAt
	TARGET =
		WIDGET = WC8b1v8h341411408711, WR88rmk0b1934231702, WTzyosql1e1932186725, WPswd1ar30633015616
		ROLE = UIACheckBox
		TITLE = Java Type Hierarchy
		SHAPE = Rect [x:1118.0 y:213.0 w:23.0 h:22.0]
		CHILDREN = 0
		PATH = [0, 1, 6, 0, 0, 5]
	DESCRIPTION = Left Click at 'Java Type Hierarchy'
	TEXT = Compound Action =
		Move mouse to (1129.5, 224.0).
		Press Mouse Button BUTTON1
		Release Mouse Button BUTTON1

ExecutedAction [56]: 
 @Action ConcreteID = ACcvbhyv81523249621 AbstractID = AAcvbhyv81523249621
 ConcreteID CUSTOM = ConcreteID CUSTOM not available AbstractID CUSTOM = AAb6j9iy802661270718
 @State ConcreteID = SC1ypbcvu17ee3162430361 AbstractID = SR1sssntc16e0746199708
 ConcreteID CUSTOM = SC1fs79yh17f72866777954 AbstractID CUSTOM = SAbqnkdb17e94226116923

	ROLE = LeftClickAt
	TARGET =
		WIDGET = WC1ynhi0231389914742, WR1k8fo0ra1109144095, WT97bnkv152356888552, WP1fit5qs2d1831772818
		ROLE = UIATabItem
		TITLE = Declaration
		SHAPE = Rect [x:488.0 y:625.0 w:89.0 h:24.0]
		CHILDREN = 0
		PATH = [0, 0, 0, 0, 0, 0, 4, 5]
	DESCRIPTION = Left Click at 'Declaration'
	TEXT = Compound Action =
		Move mouse to (532.5, 637.0).
		Press Mouse Button BUTTON1
		Release Mouse Button BUTTON1

ExecutedAction [57]: 
 @Action ConcreteID = AC16n0qj811330229122 AbstractID = AA16n0qj811330229122
 ConcreteID CUSTOM = ConcreteID CUSTOM not available AbstractID CUSTOM = AA1yiyu9q803471199465
 @State ConcreteID = SC1ypbcvu17ee3162430361 AbstractID = SR1sssntc16e0746199708
 ConcreteID CUSTOM = SC1fs79yh17f72866777954 AbstractID CUSTOM = SAbqnkdb17e94226116923

	ROLE = LeftClickAt
	TARGET =
		WIDGET = WChqwi5x361612572194, WR1k8fo0ra1109144095, WTvx93041a1599598058, WP11wm3qf321746405345
		ROLE = UIATabItem
		TITLE = Package Explorer
		SHAPE = Rect [x:62.0 y:136.0 w:140.0 h:24.0]
		CHILDREN = 0
		PATH = [0, 0, 0, 0, 0, 0, 0, 3]
	DESCRIPTION = Left Click at 'Package Explorer'
	TEXT = Compound Action =
		Move mouse to (132.0, 148.0).
		Press Mouse Button BUTTON1
		Release Mouse Button BUTTON1

ExecutedAction [58]: 
 @Action ConcreteID = ACi622wr812823004733 AbstractID = AAi622wr812823004733
 ConcreteID CUSTOM = ConcreteID CUSTOM not available AbstractID CUSTOM = AA1990046804238811332
 @State ConcreteID = SC9b04an18412349691328 AbstractID = SR1dcoji9171c1699337653
 ConcreteID CUSTOM = SC1l18q0o182a3310416870 AbstractID CUSTOM = SAwrq5m3180c602513352

	ROLE = LeftClickAt
	TARGET =
		WIDGET = WC1y1k3qt262136687485, WR1h6ibpb92248851252, WT1gjqpmud2189653581, WPzqc4ar223537942508
		ROLE = UIAButton
		TITLE = Back
		SHAPE = Rect [x:1046.0 y:241.0 w:23.0 h:22.0]
		CHILDREN = 0
		PATH = [0, 0, 0, 1, 0, 0, 0]
	DESCRIPTION = Left Click at 'Back'
	TEXT = Compound Action =
		Move mouse to (1057.5, 252.0).
		Press Mouse Button BUTTON1
		Release Mouse Button BUTTON1

ExecutedAction [59]: 
 @Action ConcreteID = AC83yzu7812739174302 AbstractID = AA83yzu7812739174302
 ConcreteID CUSTOM = ConcreteID CUSTOM not available AbstractID CUSTOM = AA2nyme7802206802590
 @State ConcreteID = SC12ydsn21a221648587380 AbstractID = SRfnhu1018e82285366396
 ConcreteID CUSTOM = SCidaepw1a0b3066415595 AbstractID CUSTOM = SAkcnf4419f72158356501

	ROLE = LeftClickAt
	TARGET =
		WIDGET = WC14boovw2277031374, WR1h6ibpb92248851252, WT1vjbvvdf3603144044, WP18xafgq1e1246481758
		ROLE = UIAButton
		TITLE = Cancel
		SHAPE = Rect [x:753.0 y:554.0 w:92.0 h:25.0]
		CHILDREN = 0
		PATH = [1, 0, 0, 1, 5]
	DESCRIPTION = Left Click at 'Cancel'
	TEXT = Compound Action =
		Move mouse to (799.0, 566.5).
		Press Mouse Button BUTTON1
		Release Mouse Button BUTTON1

ExecutedAction [60]: 
 @Action ConcreteID = AC1s9rr4v813250330483 AbstractID = AA1s9rr4v813250330483
 ConcreteID CUSTOM = ConcreteID CUSTOM not available AbstractID CUSTOM = AA3ulwiw803884845417
 @State ConcreteID = SC1o7gcm917f01883699643 AbstractID = SR1mhtqf016e04076575842
 ConcreteID CUSTOM = SC1f4ttgv17db1907196063 AbstractID CUSTOM = SAtn81bu17f91584032272

	ROLE = LeftClickAt
	TARGET =
		WIDGET = WC1e479jz342062320890, WR1h6ibpb92248851252, WT7xh7vf123396096274, WP1dzql5d302945927304
		ROLE = UIAButton
		TITLE = View Menu
		SHAPE = Rect [x:321.0 y:267.0 w:23.0 h:22.0]
		CHILDREN = 0
		PATH = [0, 0, 0, 0, 0, 0, 0, 1, 1, 0]
	DESCRIPTION = Left Click at 'View Menu'
	TEXT = Compound Action =
		Move mouse to (332.5, 278.0).
		Press Mouse Button BUTTON1
		Release Mouse Button BUTTON1

ExecutedAction [61]: 
 @Action ConcreteID = AC1j398x814169813511 AbstractID = AA1j398x814169813511
 ConcreteID CUSTOM = ConcreteID CUSTOM not available AbstractID CUSTOM = AAc51gm2803736624157
 @State ConcreteID = SC1o7gcm917f01883699643 AbstractID = SR1mhtqf016e04076575842
 ConcreteID CUSTOM = SC1f4ttgv17db1907196063 AbstractID CUSTOM = SAtn81bu17f91584032272

	ROLE = LeftClickAt
	TARGET =
		WIDGET = WC1jmrsrg4b2892581095, WR88rmk0b1934231702, WT1etv7xy1769208503, WPosemku471458272181
		ROLE = UIACheckBox
		TITLE = Summary only
		SHAPE = Rect [x:889.0 y:274.0 w:98.0 h:16.0]
		CHILDREN = 0
		PATH = [1, 0, 0, 0, 0, 0, 2, 2, 0, 0, 0, 0, 1, 0, 0, 0]
	DESCRIPTION = Left Click at 'Summary only'
	TEXT = Compound Action =
		Move mouse to (938.0, 282.0).
		Press Mouse Button BUTTON1
		Release Mouse Button BUTTON1

ExecutedAction [62]: 
 @Action ConcreteID = ACwmef87812940833892 AbstractID = AAwmef87812940833892
 ConcreteID CUSTOM = ConcreteID CUSTOM not available AbstractID CUSTOM = AA178cmlc802306572926
 @State ConcreteID = SC1o7gcm917f01883699643 AbstractID = SR1mhtqf016e04076575842
 ConcreteID CUSTOM = SC1f4ttgv17db1907196063 AbstractID CUSTOM = SAtn81bu17f91584032272

	ROLE = LeftClickAt
	TARGET =
		WIDGET = WC1dbcr8r1b1569873485, WR17v7k2nb1067391859, WTdgwhpoe4144656729, WP1a2855172370509623
		ROLE = UIAMenuItem
		TITLE = Run
		SHAPE = Rect [x:499.0 y:187.0 w:35.0 h:19.0]
		CHILDREN = 0
		PATH = [0, 4, 7]
	DESCRIPTION = Left Click at 'Run'
	TEXT = Compound Action =
		Move mouse to (516.5, 196.5).
		Press Mouse Button BUTTON1
		Release Mouse Button BUTTON1

ExecutedAction [63]: 
 @Action ConcreteID = ACeyl64i812662205287 AbstractID = AAeyl64i812662205287
 ConcreteID CUSTOM = ConcreteID CUSTOM not available AbstractID CUSTOM = AApkjdhn803097236861
 @State ConcreteID = SC1o7gcm917f01883699643 AbstractID = SR1mhtqf016e04076575842
 ConcreteID CUSTOM = SC1f4ttgv17db1907196063 AbstractID CUSTOM = SAtn81bu17f91584032272

	ROLE = LeftClickAt
	TARGET =
		WIDGET = WCdg0id01c1198951367, WR17v7k2nb1067391859, WT1qe6brdf138512687, WP1hx95qa183605955422
		ROLE = UIAMenuItem
		TITLE = Edit
		SHAPE = Rect [x:196.0 y:187.0 w:34.0 h:19.0]
		CHILDREN = 0
		PATH = [0, 4, 1]
	DESCRIPTION = Left Click at 'Edit'
	TEXT = Compound Action =
		Move mouse to (213.0, 196.5).
		Press Mouse Button BUTTON1
		Release Mouse Button BUTTON1

ExecutedAction [64]: 
 @Action ConcreteID = AC10xz9fw812571194413 AbstractID = AA10xz9fw812571194413
 ConcreteID CUSTOM = ConcreteID CUSTOM not available AbstractID CUSTOM = AAah7tiu80828165792
 @State ConcreteID = SC17dcavo181a1647639965 AbstractID = SR1fjhnmg1708501129974
 ConcreteID CUSTOM = SC14mbjuq18062691354328 AbstractID CUSTOM = SA113ufiw1822402076482

	ROLE = LeftClickAt
	TARGET =
		WIDGET = WCm2cg8c2d1793885741, WR1k8fo0ra1109144095, WTpgsvvr113303787469, WP9l8lcu29955648157
		ROLE = UIATabItem
		TITLE = Outline
		SHAPE = Rect [x:882.0 y:381.0 w:89.0 h:24.0]
		CHILDREN = 0
		PATH = [1, 0, 0, 0, 0, 0, 3, 3]
	DESCRIPTION = Left Click at 'Outline'
	TEXT = Compound Action =
		Move mouse to (926.5, 393.0).
		Press Mouse Button BUTTON1
		Release Mouse Button BUTTON1

ExecutedAction [65]: 
 @Action ConcreteID = AC18rz1m2813351038936 AbstractID = AA18rz1m2813351038936
 ConcreteID CUSTOM = ConcreteID CUSTOM not available AbstractID CUSTOM = AA1jdx8z7803784235458
 @State ConcreteID = SC1o7gcm917f01883699643 AbstractID = SR1mhtqf016e04076575842
 ConcreteID CUSTOM = SC1f4ttgv17db1907196063 AbstractID CUSTOM = SAtn81bu17f91584032272

	ROLE = LeftClickAt
	TARGET =
		WIDGET = WCz78ncg3b2218333810, WR4na8ob72534219213, WT4na8ob72534219213, WP15w7kf6372869078074
		ROLE = UIATree
		TITLE = 
		SHAPE = Rect [x:884.0 y:300.0 w:198.0 h:73.0]
		CHILDREN = 0
		PATH = [1, 0, 0, 0, 0, 0, 2, 2, 0, 0, 0, 0, 1, 1, 0, 0]
	DESCRIPTION = Left Click at ''
	TEXT = Compound Action =
		Move mouse to (983.0, 336.5).
		Press Mouse Button BUTTON1
		Release Mouse Button BUTTON1

ExecutedAction [66]: 
 @Action ConcreteID = AC9bzqhr811556802670 AbstractID = AA9bzqhr811556802670
 ConcreteID CUSTOM = ConcreteID CUSTOM not available AbstractID CUSTOM = AAjxxxuw802063138420
 @State ConcreteID = SC1o7gcm917f01883699643 AbstractID = SR1mhtqf016e04076575842
 ConcreteID CUSTOM = SC1f4ttgv17db1907196063 AbstractID CUSTOM = SAtn81bu17f91584032272

	ROLE = LeftClickAt
	TARGET =
		WIDGET = WC15qcoso2e1649911900, WR1e04pz3e358922214, WTaocbwu1b2980317179, WPl5tady2a1664908038
		ROLE = UIASplitButton
		TITLE = Run Last Tool
		SHAPE = Rect [x:428.0 y:212.0 w:38.0 h:22.0]
		CHILDREN = 0
		PATH = [0, 1, 3, 0, 2]
	DESCRIPTION = Left Click at 'Run Last Tool'
	TEXT = Compound Action =
		Move mouse to (447.0, 223.0).
		Press Mouse Button BUTTON1
		Release Mouse Button BUTTON1

ExecutedAction [67]: 
 @Action ConcreteID = ACkdvebs801647007351 AbstractID = AAkdvebs801647007351
 ConcreteID CUSTOM = ConcreteID CUSTOM not available AbstractID CUSTOM = AA1c81jz37f2299125831
 @State ConcreteID = SC1o7gcm917f01883699643 AbstractID = SR1mhtqf016e04076575842
 ConcreteID CUSTOM = SC1f4ttgv17db1907196063 AbstractID CUSTOM = SAtn81bu17f91584032272

	ROLE = LeftClickAt
	TARGET =
		WIDGET = WC1qhsufc1e768141790, WR17v7k2nb1067391859, WTixgq3z113705304648, WPgj5qhi1a791446387
		ROLE = UIAMenuItem
		TITLE = Window
		SHAPE = Rect [x:322.0 y:83.0 w:58.0 h:19.0]
		CHILDREN = 0
		PATH = [1, 4, 6]
	DESCRIPTION = Left Click at 'Window'
	TEXT = Compound Action =
		Move mouse to (351.0, 92.5).
		Press Mouse Button BUTTON1
		Release Mouse Button BUTTON1

ExecutedAction [68]: 
 @Action ConcreteID = AC16ujhtq803635264094 AbstractID = AA16ujhtq803635264094
 ConcreteID CUSTOM = ConcreteID CUSTOM not available AbstractID CUSTOM = AA1nbavan811483158345
 @State ConcreteID = SCyqnl9f18cd3447133687 AbstractID = SR7g8mn17a72235592798
 ConcreteID CUSTOM = SC12zr1oy18b9442433842 AbstractID CUSTOM = SA1i16x8918941567277540

	ROLE = LeftClickAt
	TARGET =
		WIDGET = WC1xkatqw303155994122, WR1h6ibpb92248851252, WT17yjboe1d2534355506, WPv946zq2c2559819650
		ROLE = UIAButton
		TITLE = Open Task (Ctrl+F12)
		SHAPE = Rect [x:428.0 y:108.0 w:23.0 h:22.0]
		CHILDREN = 0
		PATH = [1, 2, 4, 0, 1]
	DESCRIPTION = Left Click at 'Open Task (Ctrl+F12)'
	TEXT = Compound Action =
		Move mouse to (439.5, 119.0).
		Press Mouse Button BUTTON1
		Release Mouse Button BUTTON1

ExecutedAction [69]: 
 @Action ConcreteID = ACir1cpa7f439063811 AbstractID = AAir1cpa7f439063811
 ConcreteID CUSTOM = ConcreteID CUSTOM not available AbstractID CUSTOM = AA1dx3l397f3515231509
 @State ConcreteID = SCcl45vn254f407657015 AbstractID = SR1o364bk23a82618053747
 ConcreteID CUSTOM = SC12c3fg225421125505229 AbstractID CUSTOM = SAah0scq2556141266005

	ROLE = LeftClickAt
	TARGET =
		WIDGET = WC1qb863t461490217696, WR5quxi6b4097176690, WTme9qth184067111209, WP31dlcr421342127004
		ROLE = UIATreeItem
		TITLE = _pasted_code_
		SHAPE = Rect [x:76.0 y:159.0 w:80.0 h:18.0]
		CHILDREN = 0
		PATH = [2, 0, 0, 0, 0, 0, 0, 2, 0, 0, 0, 0, 0, 0]
	DESCRIPTION = Left Click at '_pasted_code_'
	TEXT = Compound Action =
		Move mouse to (116.0, 168.0).
		Press Mouse Button BUTTON1
		Release Mouse Button BUTTON1

ExecutedAction [70]: 
 @Action ConcreteID = AC1tltbxy80454653554 AbstractID = AA1tltbxy80454653554
 ConcreteID CUSTOM = ConcreteID CUSTOM not available AbstractID CUSTOM = AA3ftj3n7f1150602349
 @State ConcreteID = SCpu9zh5254e2191136143 AbstractID = SR1o364bk23a82618053747
 ConcreteID CUSTOM = SC1a5cuyv25433781318866 AbstractID CUSTOM = SAah0scq2556141266005

	ROLE = LeftClickAt
	TARGET =
		WIDGET = WCm2cg8c2d1793885741, WR1k8fo0ra1109144095, WTpgsvvr113303787469, WP9l8lcu29955648157
		ROLE = UIATabItem
		TITLE = Outline
		SHAPE = Rect [x:882.0 y:381.0 w:89.0 h:24.0]
		CHILDREN = 0
		PATH = [1, 0, 0, 0, 0, 0, 3, 3]
	DESCRIPTION = Left Click at 'Outline'
	TEXT = Compound Action =
		Move mouse to (926.5, 393.0).
		Press Mouse Button BUTTON1
		Release Mouse Button BUTTON1

Forcing SUT activation (bring to foreground) action
ExecutedAction [71]: 
 @Action ConcreteID = AC13fmept391333090445 AbstractID = AA13fmept391333090445
 ConcreteID CUSTOM = ConcreteID CUSTOM not available AbstractID CUSTOM = AAvkyqn8383046419681
 @State ConcreteID = SCpu9zh5254e2191136143 AbstractID = SR1o364bk23a82618053747
 ConcreteID CUSTOM = SC1a5cuyv25433781318866 AbstractID CUSTOM = SAah0scq2556141266005

	DESCRIPTION = Bring the system to the foreground.
	TEXT = Bring the system to the foreground.

Forcing SUT activation (bring to foreground) action
ExecutedAction [72]: 
 @Action ConcreteID = AC13fmept391333090445 AbstractID = AA13fmept391333090445
 ConcreteID CUSTOM = ConcreteID CUSTOM not available AbstractID CUSTOM = AAvkyqn8383046419681
 @State ConcreteID = SCpu9zh5254e2191136143 AbstractID = SR1o364bk23a82618053747
 ConcreteID CUSTOM = SC1a5cuyv25433781318866 AbstractID CUSTOM = SAah0scq2556141266005

	DESCRIPTION = Bring the system to the foreground.
	TEXT = Bring the system to the foreground.

ExecutedAction [73]: 
 @Action ConcreteID = ACyvbrxq7f135208991 AbstractID = AAyvbrxq7f135208991
 ConcreteID CUSTOM = ConcreteID CUSTOM not available AbstractID CUSTOM = AA9y9b9t7e2151495462
 @State ConcreteID = SCpu9zh5254e2191136143 AbstractID = SR1o364bk23a82618053747
 ConcreteID CUSTOM = SC1a5cuyv25433781318866 AbstractID CUSTOM = SAah0scq2556141266005

	ROLE = LeftClickAt
	TARGET =
		WIDGET = WCzxhne11b532109616, WR17v7k2nb1067391859, WTdgwhpoe4144656729, WP1mxb69j173480099914
		ROLE = UIAMenuItem
		TITLE = Run
		SHAPE = Rect [x:369.0 y:57.0 w:35.0 h:19.0]
		CHILDREN = 0
		PATH = [2, 4, 7]
	DESCRIPTION = Left Click at 'Run'
	TEXT = Compound Action =
		Move mouse to (386.5, 66.5).
		Press Mouse Button BUTTON1
		Release Mouse Button BUTTON1

ExecutedAction [74]: 
 @Action ConcreteID = AC1adel7y811061923409 AbstractID = AA1adel7y811061923409
 ConcreteID CUSTOM = ConcreteID CUSTOM not available AbstractID CUSTOM = AA1ke2gj9813446032851
 @State ConcreteID = SC15cf3jq27a84034511185 AbstractID = SR1jp8qa726133457800869
 ConcreteID CUSTOM = SC1uw3677279a1474016694 AbstractID CUSTOM = SA1rimzz427c01586025538

	ROLE = LeftClickAt
	TARGET =
		WIDGET = WC1l8i0e9361634975949, WR88rmk0b1934231702, WTd5rxjx14935243443, WPcpb2sz32506955063
		ROLE = UIACheckBox
		TITLE = Scheduled
		SHAPE = Rect [x:932.0 y:137.0 w:23.0 h:22.0]
		CHILDREN = 0
		PATH = [2, 1, 0, 0, 0, 0, 2, 1, 0, 2]
	DESCRIPTION = Left Click at 'Scheduled'
	TEXT = Compound Action =
		Move mouse to (943.5, 148.0).
		Press Mouse Button BUTTON1
		Release Mouse Button BUTTON1

ExecutedAction [75]: 
 @Action ConcreteID = AC46fy8802384023611 AbstractID = AA46fy8802384023611
 ConcreteID CUSTOM = ConcreteID CUSTOM not available AbstractID CUSTOM = AA1mshdbl803919587712
 @State ConcreteID = SCy03m6u26674283811599 AbstractID = SRegao1k24b63392043206
 ConcreteID CUSTOM = SC1p9wwty26623364475042 AbstractID CUSTOM = SAn5fjgu26731225164286

	ROLE = LeftClickAt
	TARGET =
		WIDGET = WC1wezll63f609700151, WR88rmk0b1934231702, WT1pdq8cv2c2923321407, WP1mw5mmw3b2701261095
		ROLE = UIACheckBox
		TITLE = Skip All Breakpoints (Ctrl+Alt+B)
		SHAPE = Rect [x:154.0 y:108.0 w:23.0 h:22.0]
		CHILDREN = 0
		PATH = [1, 1, 1, 0, 0]
	DESCRIPTION = Left Click at 'Skip All Breakpoints (Ctrl+Alt+B)'
	TEXT = Compound Action =
		Move mouse to (165.5, 119.0).
		Press Mouse Button BUTTON1
		Release Mouse Button BUTTON1

ExecutedAction [76]: 
 @Action ConcreteID = ACtwt1ik81772554903 AbstractID = AAtwt1ik81772554903
 ConcreteID CUSTOM = ConcreteID CUSTOM not available AbstractID CUSTOM = AA1cx74bm801760556711
 @State ConcreteID = SC18y005f25101971783792 AbstractID = SR1g0neip236a2513623199
 ConcreteID CUSTOM = SC1skjteo25053434664844 AbstractID CUSTOM = SA2hihb225124043689781

	ROLE = LeftClickAt
	TARGET =
		WIDGET = WC9xxcgm522690842813, WR1h6ibpb92248851252, WTehicr6303086359913, WP13r76884e3385136392
		ROLE = UIAButton
		TITLE = Collapse All (Ctrl+Shift+Numpad_Divide)
		SHAPE = Rect [x:201.0 y:163.0 w:23.0 h:22.0]
		CHILDREN = 0
		PATH = [1, 0, 0, 0, 0, 0, 0, 1, 0, 0]
	DESCRIPTION = Left Click at 'Collapse All (Ctrl+Shift+Numpad_Divide)'
	TEXT = Compound Action =
		Move mouse to (212.5, 174.0).
		Press Mouse Button BUTTON1
		Release Mouse Button BUTTON1

ExecutedAction [77]: 
 @Action ConcreteID = AC11z3490813451417386 AbstractID = AA11z3490813451417386
 ConcreteID CUSTOM = ConcreteID CUSTOM not available AbstractID CUSTOM = AA1kzh722802338047258
 @State ConcreteID = SC18y005f25101971783792 AbstractID = SR1g0neip236a2513623199
 ConcreteID CUSTOM = SC1skjteo25053434664844 AbstractID CUSTOM = SA2hihb225124043689781

	ROLE = LeftClickAt
	TARGET =
		WIDGET = WC672o3k381042471680, WR88rmk0b1934231702, WTq71wij16501672612, WP1mqex9u341273109225
		ROLE = UIACheckBox
		TITLE = Categorized
		SHAPE = Rect [x:935.0 y:163.0 w:23.0 h:22.0]
		CHILDREN = 0
		PATH = [1, 0, 0, 0, 0, 0, 2, 1, 0, 1]
	DESCRIPTION = Left Click at 'Categorized'
	TEXT = Compound Action =
		Move mouse to (946.5, 174.0).
		Press Mouse Button BUTTON1
		Release Mouse Button BUTTON1

ExecutedAction [78]: 
 @Action ConcreteID = ACyv6m0n812481454841 AbstractID = AAyv6m0n812481454841
 ConcreteID CUSTOM = ConcreteID CUSTOM not available AbstractID CUSTOM = AA1hvkotp803573827785
 @State ConcreteID = SC18y005f25101971783792 AbstractID = SR1g0neip236a2513623199
 ConcreteID CUSTOM = SC1skjteo25053434664844 AbstractID CUSTOM = SA2hihb225124043689781

	ROLE = LeftClickAt
	TARGET =
		WIDGET = WC11h6mgb241295884385, WR1e04pz3e358922214, WT1xe5qx811605016857, WP1knvfy12016663245
		ROLE = UIASplitButton
		TITLE = Run
		SHAPE = Rect [x:220.0 y:108.0 w:38.0 h:22.0]
		CHILDREN = 0
		PATH = [1, 1, 2, 0, 1]
	DESCRIPTION = Left Click at 'Run'
	TEXT = Compound Action =
		Move mouse to (239.0, 119.0).
		Press Mouse Button BUTTON1
		Release Mouse Button BUTTON1

ExecutedAction [79]: 
 @Action ConcreteID = AC833lx3811238127846 AbstractID = AA833lx3811238127846
 ConcreteID CUSTOM = ConcreteID CUSTOM not available AbstractID CUSTOM = AAr3hoq580254796502
 @State ConcreteID = SC18y005f25101971783792 AbstractID = SR1g0neip236a2513623199
 ConcreteID CUSTOM = SC1skjteo25053434664844 AbstractID CUSTOM = SA2hihb225124043689781

	ROLE = LeftClickAt
	TARGET =
		WIDGET = WCmfmk4i1e3076396571, WR17v7k2nb1067391859, WTh4pr2y11146075878, WPzreywg1a1828649547
		ROLE = UIAMenuItem
		TITLE = Source
		SHAPE = Rect [x:230.0 y:187.0 w:50.0 h:19.0]
		CHILDREN = 0
		PATH = [0, 4, 2]
	DESCRIPTION = Left Click at 'Source'
	TEXT = Compound Action =
		Move mouse to (255.0, 196.5).
		Press Mouse Button BUTTON1
		Release Mouse Button BUTTON1

ExecutedAction [80]: 
 @Action ConcreteID = AC1sadyzp821883428751 AbstractID = AA1sadyzp821883428751
 ConcreteID CUSTOM = ConcreteID CUSTOM not available AbstractID CUSTOM = AAechw8f811457325205
 @State ConcreteID = SC18y005f25101971783792 AbstractID = SR1g0neip236a2513623199
 ConcreteID CUSTOM = SC1skjteo25053434664844 AbstractID CUSTOM = SA2hihb225124043689781

	ROLE = LeftClickAt
	TARGET =
		WIDGET = WC1y1k3qt262136687485, WR1h6ibpb92248851252, WT1gjqpmud2189653581, WPzqc4ar223537942508
		ROLE = UIAButton
		TITLE = Back
		SHAPE = Rect [x:1046.0 y:241.0 w:23.0 h:22.0]
		CHILDREN = 0
		PATH = [0, 0, 0, 1, 0, 0, 0]
	DESCRIPTION = Left Click at 'Back'
	TEXT = Compound Action =
		Move mouse to (1057.5, 252.0).
		Press Mouse Button BUTTON1
		Release Mouse Button BUTTON1

Forcing SUT activation (bring to foreground) action
ExecutedAction [81]: 
 @Action ConcreteID = AC123w4wm3a3185225086 AbstractID = AA123w4wm3a3185225086
 ConcreteID CUSTOM = ConcreteID CUSTOM not available AbstractID CUSTOM = AAgv7izk39531309442
 @State ConcreteID = SC18y005f25101971783792 AbstractID = SR1g0neip236a2513623199
 ConcreteID CUSTOM = SC1skjteo25053434664844 AbstractID CUSTOM = SA2hihb225124043689781

	DESCRIPTION = Bring the system to the foreground.
	TEXT = Bring the system to the foreground.

Forcing SUT activation (bring to foreground) action
ExecutedAction [82]: 
 @Action ConcreteID = AC123w4wm3a3185225086 AbstractID = AA123w4wm3a3185225086
 ConcreteID CUSTOM = ConcreteID CUSTOM not available AbstractID CUSTOM = AAgv7izk39531309442
 @State ConcreteID = SC18y005f25101971783792 AbstractID = SR1g0neip236a2513623199
 ConcreteID CUSTOM = SC1skjteo25053434664844 AbstractID CUSTOM = SA2hihb225124043689781

	DESCRIPTION = Bring the system to the foreground.
	TEXT = Bring the system to the foreground.

ExecutedAction [83]: 
 @Action ConcreteID = ACavy4yt821235061240 AbstractID = AAavy4yt821235061240
 ConcreteID CUSTOM = ConcreteID CUSTOM not available AbstractID CUSTOM = AAvz646n811862425314
 @State ConcreteID = SC18y005f25101971783792 AbstractID = SR1g0neip236a2513623199
 ConcreteID CUSTOM = SC1skjteo25053434664844 AbstractID CUSTOM = SA2hihb225124043689781

	ROLE = LeftClickAt
	TARGET =
		WIDGET = WCm81fft4b4029948359, WR16s6p21c140494670, WTdtcs8f142835715827, WP1c3fqyf472212981633
		ROLE = UIAScrollBar
		TITLE = Vertical
		SHAPE = Rect [x:1022.0 y:213.0 w:17.0 h:134.0]
		CHILDREN = 4
		PATH = [2, 0, 0, 0, 0, 0, 1, 2, 0, 0, 0, 0, 1, 0, 0, 0, 0]
	DESCRIPTION = Left Click at 'Vertical'
	TEXT = Compound Action =
		Move mouse to (1030.5, 280.0).
		Press Mouse Button BUTTON1
		Release Mouse Button BUTTON1

ExecutedAction [84]: 
 @Action ConcreteID = AC1y5dgk3811409260924 AbstractID = AA1y5dgk3811409260924
 ConcreteID CUSTOM = ConcreteID CUSTOM not available AbstractID CUSTOM = AAqhfmvc813799183270
 @State ConcreteID = SC1tyiplb25394171425000 AbstractID = SRpdcy5d23921792954730
 ConcreteID CUSTOM = SC1arkcht25311948102570 AbstractID CUSTOM = SA1mcewnd253d3425718996

	ROLE = LeftClickAt
	TARGET =
		WIDGET = WC8getnx371645770245, WR1h6ibpb92248851252, WT1m81vjh15668110752, WP8si73333072852628
		ROLE = UIAButton
		TITLE = Collapse All
		SHAPE = Rect [x:935.0 y:193.0 w:23.0 h:22.0]
		CHILDREN = 0
		PATH = [1, 0, 0, 0, 0, 0, 2, 1, 0, 6]
	DESCRIPTION = Left Click at 'Collapse All'
	TEXT = Compound Action =
		Move mouse to (946.5, 204.0).
		Press Mouse Button BUTTON1
		Release Mouse Button BUTTON1

ExecutedAction [85]: 
 @Action ConcreteID = AC16lyxes821997968978 AbstractID = AA16lyxes821997968978
 ConcreteID CUSTOM = ConcreteID CUSTOM not available AbstractID CUSTOM = AAwtuzt682515857548
 @State ConcreteID = SC1grilb625613408556674 AbstractID = SRjtswgq23b92405365647
 ConcreteID CUSTOM = SC1pv1gal25593347561288 AbstractID CUSTOM = SA1s3yd8d25633674089536

	ROLE = LeftClickAt
	TARGET =
		WIDGET = WC1q2ui1j4c3743331454, WR1h6ibpb92248851252, WT1cknvro121926923266, WP1e57mq1484277450423
		ROLE = UIAButton
		TITLE = Page down
		SHAPE = Rect [x:1022.0 y:299.0 w:17.0 h:31.0]
		CHILDREN = 0
		PATH = [2, 0, 0, 0, 0, 0, 1, 2, 0, 0, 0, 0, 1, 0, 0, 0, 0, 3]
	DESCRIPTION = Left Click at 'Page down'
	TEXT = Compound Action =
		Move mouse to (1030.5, 314.5).
		Press Mouse Button BUTTON1
		Release Mouse Button BUTTON1

ExecutedAction [86]: 
 @Action ConcreteID = AC17q0wlg803128886703 AbstractID = AA17q0wlg803128886703
 ConcreteID CUSTOM = ConcreteID CUSTOM not available AbstractID CUSTOM = AAltzf4z81677629342
 @State ConcreteID = SC6d5dh224ff1343088999 AbstractID = SR1ezokx23572191635573
 ConcreteID CUSTOM = SC1i847oo24f283631215 AbstractID CUSTOM = SA17rzugo25012098545886

	ROLE = LeftClickAt
	TARGET =
		WIDGET = WC16yihgv2f1115742317, WR4na8ob72534219213, WT4na8ob72534219213, WP1whywgx2b941751336
		ROLE = UIATree
		TITLE = 
		SHAPE = Rect [x:319.0 y:693.0 w:763.0 h:90.0]
		CHILDREN = 0
		PATH = [1, 0, 0, 0, 0, 0, 4, 2, 0, 2, 0, 1]
	DESCRIPTION = Left Click at ''
	TEXT = Compound Action =
		Move mouse to (700.5, 738.0).
		Press Mouse Button BUTTON1
		Release Mouse Button BUTTON1

ExecutedAction [87]: 
 @Action ConcreteID = ACp923dz801535901308 AbstractID = AAp923dz801535901308
 ConcreteID CUSTOM = ConcreteID CUSTOM not available AbstractID CUSTOM = AA3d0lxi813382130253
 @State ConcreteID = SC6d5dh224ff1343088999 AbstractID = SR1ezokx23572191635573
 ConcreteID CUSTOM = SC1i847oo24f283631215 AbstractID CUSTOM = SA17rzugo25012098545886

	ROLE = LeftClickAt
	TARGET =
		WIDGET = WCyfif6832104534116, WR4na8ob72534219213, WT4na8ob72534219213, WPqr8un22e936153366
		ROLE = UIATree
		TITLE = 
		SHAPE = Rect [x:64.0 y:185.0 w:262.0 h:598.0]
		CHILDREN = 1
		PATH = [1, 0, 0, 0, 0, 0, 0, 2, 0, 0, 0, 0, 0]
	DESCRIPTION = Left Click at ''
	TEXT = Compound Action =
		Move mouse to (195.0, 484.0).
		Press Mouse Button BUTTON1
		Release Mouse Button BUTTON1

ExecutedAction [88]: 
 @Action ConcreteID = AC1jcxejs7f3084274887 AbstractID = AA1jcxejs7f3084274887
 ConcreteID CUSTOM = ConcreteID CUSTOM not available AbstractID CUSTOM = AA10bluw9802039539211
 @State ConcreteID = SC6d5dh224ff1343088999 AbstractID = SR1ezokx23572191635573
 ConcreteID CUSTOM = SC1i847oo24f283631215 AbstractID CUSTOM = SA17rzugo25012098545886

	ROLE = LeftClickAt
	TARGET =
		WIDGET = WCc5fubo262419710201, WR1e04pz3e358922214, WT1nrspw4134064192791, WPfi0e4y221464763577
		ROLE = UIASplitButton
		TITLE = Debug
		SHAPE = Rect [x:128.0 y:82.0 w:38.0 h:22.0]
		CHILDREN = 0
		PATH = [2, 1, 1, 0, 0]
	DESCRIPTION = Left Click at 'Debug'
	TEXT = Compound Action =
		Move mouse to (147.0, 93.0).
		Press Mouse Button BUTTON1
		Release Mouse Button BUTTON1

ExecutedAction [89]: 
 @Action ConcreteID = AC1ggaz88802100576283 AbstractID = AA1ggaz88802100576283
 ConcreteID CUSTOM = ConcreteID CUSTOM not available AbstractID CUSTOM = AA9qwzgc801875514329
 @State ConcreteID = SCz2mrrn25bf2379328934 AbstractID = SRahp6eh24173761446870
 ConcreteID CUSTOM = SC5fkw1w25a62941712553 AbstractID CUSTOM = SAn80wpz25d51794055093

	ROLE = LeftClickAt
	TARGET =
		WIDGET = WCvr17r81b544232343, WR1h6ibpb92248851252, WTzj707vb935461581, WP1a9ihdi171159672540
		ROLE = UIAButton
		TITLE = OK
		SHAPE = Rect [x:693.0 y:417.0 w:92.0 h:25.0]
		CHILDREN = 0
		PATH = [2, 0, 3, 0]
	DESCRIPTION = Left Click at 'OK'
	TEXT = Compound Action =
		Move mouse to (739.0, 429.5).
		Press Mouse Button BUTTON1
		Release Mouse Button BUTTON1

ExecutedAction [90]: 
 @Action ConcreteID = ACo4t34t812609507337 AbstractID = AAo4t34t812609507337
 ConcreteID CUSTOM = ConcreteID CUSTOM not available AbstractID CUSTOM = AAr28a4g822857269005
 @State ConcreteID = SC13ffqe224ff547813236 AbstractID = SR1ezokx23572191635573
 ConcreteID CUSTOM = SCcmwzwi24f42861462081 AbstractID CUSTOM = SA17rzugo25012098545886

	ROLE = LeftClickAt
	TARGET =
		WIDGET = WCd2rkcy4a1524119883, WR1h6ibpb92248851252, WTbcxonh101439247762, WP1xy8if8462565759903
		ROLE = UIAButton
		TITLE = Page up
		SHAPE = Rect [x:1022.0 y:230.0 w:17.0 h:63.0]
		CHILDREN = 0
		PATH = [2, 0, 0, 0, 0, 0, 1, 2, 0, 0, 0, 0, 1, 0, 0, 0, 0, 1]
	DESCRIPTION = Left Click at 'Page up'
	TEXT = Compound Action =
		Move mouse to (1030.5, 261.5).
		Press Mouse Button BUTTON1
		Release Mouse Button BUTTON1

ExecutedAction [91]: 
 @Action ConcreteID = ACq2e26a7f4263418794 AbstractID = AAq2e26a7f4263418794
 ConcreteID CUSTOM = ConcreteID CUSTOM not available AbstractID CUSTOM = AA1mt9vg9801481846392
 @State ConcreteID = SCfkgwkz25391941366449 AbstractID = SRpdcy5d23921792954730
 ConcreteID CUSTOM = SC13evuw725332912613769 AbstractID CUSTOM = SA1mcewnd253d3425718996

	ROLE = LeftClickAt
	TARGET =
		WIDGET = WC1dgejt0273789134806, WR1e04pz3e358922214, WT9vanma142991095703, WP1rfnymq231563913696
		ROLE = UIASplitButton
		TITLE = Launch
		SHAPE = Rect [x:204.0 y:82.0 w:38.0 h:22.0]
		CHILDREN = 0
		PATH = [2, 1, 1, 0, 2]
	DESCRIPTION = Left Click at 'Launch'
	TEXT = Compound Action =
		Move mouse to (223.0, 93.0).
		Press Mouse Button BUTTON1
		Release Mouse Button BUTTON1

ExecutedAction [92]: 
 @Action ConcreteID = ACi2s7d802975096824 AbstractID = AAi2s7d802975096824
 ConcreteID CUSTOM = ConcreteID CUSTOM not available AbstractID CUSTOM = AAczwj41804270554295
 @State ConcreteID = SCie3owp25ff3291241988 AbstractID = SRz1z52h24524012916352
 ConcreteID CUSTOM = SC1tm9r4d25ee184419067 AbstractID CUSTOM = SA1s4wro82614692377220

	ROLE = LeftClickAt
	TARGET =
		WIDGET = WCvr17r81b544232343, WR1h6ibpb92248851252, WTzj707vb935461581, WP1a9ihdi171159672540
		ROLE = UIAButton
		TITLE = OK
		SHAPE = Rect [x:693.0 y:417.0 w:92.0 h:25.0]
		CHILDREN = 0
		PATH = [2, 0, 3, 0]
	DESCRIPTION = Left Click at 'OK'
	TEXT = Compound Action =
		Move mouse to (739.0, 429.5).
		Press Mouse Button BUTTON1
		Release Mouse Button BUTTON1

ExecutedAction [93]: 
 @Action ConcreteID = AC1jijk437f3225539289 AbstractID = AA1jijk437f3225539289
 ConcreteID CUSTOM = ConcreteID CUSTOM not available AbstractID CUSTOM = AAh8bbey801712088843
 @State ConcreteID = SCfkgwkz25391941366449 AbstractID = SRpdcy5d23921792954730
 ConcreteID CUSTOM = SC13evuw725332912613769 AbstractID CUSTOM = SA1mcewnd253d3425718996

	ROLE = LeftClickAt
	TARGET =
		WIDGET = WC1fokxry1f793563939, WR17v7k2nb1067391859, WT1q6069m122944502186, WP1efaito1b226134971
		ROLE = UIAMenuItem
		TITLE = Project
		SHAPE = Rect [x:210.0 y:57.0 w:51.0 h:19.0]
		CHILDREN = 0
		PATH = [2, 4, 4]
	DESCRIPTION = Left Click at 'Project'
	TEXT = Compound Action =
		Move mouse to (235.5, 66.5).
		Press Mouse Button BUTTON1
		Release Mouse Button BUTTON1

ExecutedAction [94]: 
 @Action ConcreteID = ACmxbw1l823427236402 AbstractID = AAmxbw1l823427236402
 ConcreteID CUSTOM = ConcreteID CUSTOM not available AbstractID CUSTOM = AAgslwd4813848569005
 @State ConcreteID = SC1g8kvni25f22598324952 AbstractID = SRrwffwq24593533185720
 ConcreteID CUSTOM = SCdjvua525ef4169352520 AbstractID CUSTOM = SA9l4l9q26081976520406

	ROLE = LeftClickAt
	TARGET =
		WIDGET = WCdxvj0s243427238767, WR88rmk0b1934231702, WTtfej2fe1932382, WP1s7m0se203140311308
		ROLE = UIACheckBox
		TITLE = XML
		SHAPE = Rect [x:1141.0 y:213.0 w:23.0 h:22.0]
		CHILDREN = 0
		PATH = [0, 1, 8, 0, 0, 6]
	DESCRIPTION = Left Click at 'XML'
	TEXT = Compound Action =
		Move mouse to (1152.5, 224.0).
		Press Mouse Button BUTTON1
		Release Mouse Button BUTTON1

ExecutedAction [95]: 
 @Action ConcreteID = AC1m75f4a80799842664 AbstractID = AA1m75f4a80799842664
 ConcreteID CUSTOM = ConcreteID CUSTOM not available AbstractID CUSTOM = AA7vut2r811205296933
 @State ConcreteID = SCfkgwkz25391941366449 AbstractID = SRpdcy5d23921792954730
 ConcreteID CUSTOM = SC13evuw725332912613769 AbstractID CUSTOM = SA1mcewnd253d3425718996

	ROLE = LeftClickAt
	TARGET =
		WIDGET = WCk7h2g3312353941154, WR1k8fo0ra1109144095, WT97bnkv152356888552, WP12sq6t2d4133308486
		ROLE = UIATabItem
		TITLE = Declaration
		SHAPE = Rect [x:488.0 y:625.0 w:89.0 h:24.0]
		CHILDREN = 0
		PATH = [1, 0, 0, 0, 0, 0, 4, 5]
	DESCRIPTION = Left Click at 'Declaration'
	TEXT = Compound Action =
		Move mouse to (532.5, 637.0).
		Press Mouse Button BUTTON1
		Release Mouse Button BUTTON1

ExecutedAction [96]: 
 @Action ConcreteID = ACvhgc8s812520270447 AbstractID = AAvhgc8s812520270447
 ConcreteID CUSTOM = ConcreteID CUSTOM not available AbstractID CUSTOM = AA1ppj5g4812151758311
 @State ConcreteID = SC1j8vbw4253e2453380478 AbstractID = SR9ih83u23a62406041111
 ConcreteID CUSTOM = SC5mazi92538184707533 AbstractID CUSTOM = SA1l1f45525552014519365

	ROLE = LeftClickAt
	TARGET =
		WIDGET = WC1u1495s2d2261901653, WR1k8fo0ra1109144095, WTdnxji3112124294269, WPztnz2q294241196683
		ROLE = UIATabItem
		TITLE = Javadoc
		SHAPE = Rect [x:417.0 y:625.0 w:71.0 h:24.0]
		CHILDREN = 0
		PATH = [1, 0, 0, 0, 0, 0, 4, 4]
	DESCRIPTION = Left Click at 'Javadoc'
	TEXT = Compound Action =
		Move mouse to (452.5, 637.0).
		Press Mouse Button BUTTON1
		Release Mouse Button BUTTON1

ExecutedAction [97]: 
 @Action ConcreteID = AC1hj3k0r80775952361 AbstractID = AA1hj3k0r80775952361
 ConcreteID CUSTOM = ConcreteID CUSTOM not available AbstractID CUSTOM = AA37sxz8811178331556
 @State ConcreteID = SCfkgwkz25391941366449 AbstractID = SRpdcy5d23921792954730
 ConcreteID CUSTOM = SC13evuw725332912613769 AbstractID CUSTOM = SA1mcewnd253d3425718996

	ROLE = LeftClickAt
	TARGET =
		WIDGET = WC147tnxn341930798570, WR1k8fo0ra1109144095, WT1ttrl62183596524925, WP10a30f1301266646190
		ROLE = UIATabItem
		TITLE = Type Hierarchy
		SHAPE = Rect [x:166.0 y:240.0 w:125.0 h:24.0]
		CHILDREN = 0
		PATH = [0, 0, 0, 0, 0, 0, 0, 3]
	DESCRIPTION = Left Click at 'Type Hierarchy'
	TEXT = Compound Action =
		Move mouse to (228.5, 252.0).
		Press Mouse Button BUTTON1
		Release Mouse Button BUTTON1

ExecutedAction [98]: 
 @Action ConcreteID = AC13qijsf80450053145 AbstractID = AA13qijsf80450053145
 ConcreteID CUSTOM = ConcreteID CUSTOM not available AbstractID CUSTOM = AA1ogbzq0811923660372
 @State ConcreteID = SCfkgwkz25391941366449 AbstractID = SRpdcy5d23921792954730
 ConcreteID CUSTOM = SC13evuw725332912613769 AbstractID CUSTOM = SA1mcewnd253d3425718996

	ROLE = LeftClickAt
	TARGET =
		WIDGET = WCfhkhj826863116073, WR1e04pz3e358922214, WT1nrspw4134064192791, WPiu51ci224093986665
		ROLE = UIASplitButton
		TITLE = Debug
		SHAPE = Rect [x:352.0 y:212.0 w:38.0 h:22.0]
		CHILDREN = 0
		PATH = [0, 1, 3, 0, 0]
	DESCRIPTION = Left Click at 'Debug'
	TEXT = Compound Action =
		Move mouse to (371.0, 223.0).
		Press Mouse Button BUTTON1
		Release Mouse Button BUTTON1

ExecutedAction [99]: 
 @Action ConcreteID = ACazi7ow7f2529905569 AbstractID = AAazi7ow7f2529905569
 ConcreteID CUSTOM = ConcreteID CUSTOM not available AbstractID CUSTOM = AA17qe0yv80814153331
 @State ConcreteID = SCfkgwkz25391941366449 AbstractID = SRpdcy5d23921792954730
 ConcreteID CUSTOM = SC13evuw725332912613769 AbstractID CUSTOM = SA1mcewnd253d3425718996

	ROLE = LeftClickAt
	TARGET =
		WIDGET = WCkab9if1e2739400253, WR17v7k2nb1067391859, WTixgq3z113705304648, WP19cs7jp1a2711848080
		ROLE = UIAMenuItem
		TITLE = Window
		SHAPE = Rect [x:296.0 y:57.0 w:58.0 h:19.0]
		CHILDREN = 0
		PATH = [2, 4, 6]
	DESCRIPTION = Left Click at 'Window'
	TEXT = Compound Action =
		Move mouse to (325.0, 66.5).
		Press Mouse Button BUTTON1
		Release Mouse Button BUTTON1

ExecutedAction [100]: 
 @Action ConcreteID = AC1wa7qb780322664559 AbstractID = AA1wa7qb780322664559
 ConcreteID CUSTOM = ConcreteID CUSTOM not available AbstractID CUSTOM = AAs4jq3n7f4020141138
 @State ConcreteID = SCgd5uuc260a3502993523 AbstractID = SR1hvvp4246d2745097275
 ConcreteID CUSTOM = SC3hy6pd26032831701020 AbstractID CUSTOM = SApqpvug261a666048709

	ROLE = LeftClickAt
	TARGET =
		WIDGET = WCgw2nz62e1090337411, WR17v7k2nb1067391859, WT19d5nf221454770855, WP1s7xcj42a168468781
		ROLE = UIAMenuItem
		TITLE = 2 testar - Eclipse IDE
		SHAPE = Rect [x:299.0 y:283.0 w:189.0 h:22.0]
		CHILDREN = 0
		PATH = [2, 0, 8]
	DESCRIPTION = Left Click at '2 testar - Eclipse IDE'
	TEXT = Compound Action =
		Move mouse to (393.5, 294.0).
		Press Mouse Button BUTTON1
		Release Mouse Button BUTTON1

Sequence 1 finished.
Copying generated sequence ("sequence2542") to output directory...
Copying classified sequence ("sequence2542") to sequences_ok folder...
