Starting sequence 1 (output as: sequence399)

ExecutedAction [1]: 
 @Action ConcreteID = AC6s92z67f1764745407 AbstractID = AA6s92z67f1764745407
 ConcreteID CUSTOM = ConcreteID CUSTOM not available AbstractID CUSTOM = AA17915g67f1004636822
 @State ConcreteID = SC1vfifyx4ad740625235 AbstractID = SR1c93ckp4722174874075
 ConcreteID CUSTOM = SC18i76z4b6396937683 AbstractID CUSTOM = SAh4wk614b32326080043

	ROLE = LeftClickAt
	TARGET =
		WIDGET = WCyz2j3x222061021683, WR1h6ibpb92248851252, WT1cksruh12339931985, WP14ewzzj1e38349162
		ROLE = UIAButton
		TITLE = Page left
		SHAPE = Rect [x:272.0 y:923.0 w:26.0 h:17.0]
		CHILDREN = 0
		PATH = [0, 0, 1, 1]
	DESCRIPTION = Left Click at 'Page left'
	TEXT = Compound Action =
		Move mouse to (285.0, 931.5).
		Press Mouse Button BUTTON1
		Release Mouse Button BUTTON1

ExecutedAction [2]: 
 @Action ConcreteID = AC1lbi6l7f3320903083 AbstractID = AA1lbi6l7f3320903083
 ConcreteID CUSTOM = ConcreteID CUSTOM not available AbstractID CUSTOM = AA1223knl7f2537463682
 @State ConcreteID = SC1vfifyx4ad740625235 AbstractID = SR1c93ckp4722174874075
 ConcreteID CUSTOM = SC18i76z4b6396937683 AbstractID CUSTOM = SAh4wk614b32326080043

	ROLE = LeftClickAt
	TARGET =
		WIDGET = WC9jaw3l1c2987203652, WR17v7k2nb1067391859, WT1qe72ijf99311909, WP1c5bfin18723600677
		ROLE = UIAMenuItem
		TITLE = File
		SHAPE = Rect [x:255.0 y:265.0 w:32.0 h:19.0]
		CHILDREN = 0
		PATH = [1, 3, 0]
	DESCRIPTION = Left Click at 'File'
	TEXT = Compound Action =
		Move mouse to (271.0, 274.5).
		Press Mouse Button BUTTON1
		Release Mouse Button BUTTON1

ExecutedAction [3]: 
 @Action ConcreteID = AC1jlzdba7e1709170680 AbstractID = AA1jlzdba7e1709170680
 ConcreteID CUSTOM = ConcreteID CUSTOM not available AbstractID CUSTOM = AAzp9p6k7f3178736463
 @State ConcreteID = SCg7pcx6561470321491 AbstractID = SRuknd765251867408478
 ConcreteID CUSTOM = SCvtsu905653672086902 AbstractID CUSTOM = SAf4uc2a5644204488468

	ROLE = LeftClickAt
	TARGET =
		WIDGET = WC169mzf71c2346486617, WR17v7k2nb1067391859, WT1qe6brdf138512687, WPbprktd18440697792
		ROLE = UIAMenuItem
		TITLE = Edit
		SHAPE = Rect [x:287.0 y:265.0 w:34.0 h:19.0]
		CHILDREN = 0
		PATH = [1, 4, 1]
	DESCRIPTION = Left Click at 'Edit'
	TEXT = Compound Action =
		Move mouse to (304.0, 274.5).
		Press Mouse Button BUTTON1
		Release Mouse Button BUTTON1

ExecutedAction [4]: 
 @Action ConcreteID = AC11vx6o5803764748362 AbstractID = AA11vx6o5803764748362
 ConcreteID CUSTOM = ConcreteID CUSTOM not available AbstractID CUSTOM = AAvuafpd802726680140
 @State ConcreteID = SC1vfifyx4ad740625235 AbstractID = SR1c93ckp4722174874075
 ConcreteID CUSTOM = SC18i76z4b6396937683 AbstractID CUSTOM = SAh4wk614b32326080043

	ROLE = LeftClickAt
	TARGET =
		WIDGET = WC1a1jope251143864249, WR1h6ibpb92248851252, WT1ungvu9153002714154, WPj6r6pw213221602085
		ROLE = UIAButton
		TITLE = Column right
		SHAPE = Rect [x:1465.0 y:923.0 w:17.0 h:17.0]
		CHILDREN = 0
		PATH = [0, 0, 1, 4]
	DESCRIPTION = Left Click at 'Column right'
	TEXT = Compound Action =
		Move mouse to (1473.5, 931.5).
		Press Mouse Button BUTTON1
		Release Mouse Button BUTTON1

ExecutedAction [5]: 
 @Action ConcreteID = AC110n1ts801268551459 AbstractID = AA110n1ts801268551459
 ConcreteID CUSTOM = ConcreteID CUSTOM not available AbstractID CUSTOM = AAuz0av080159176997
 @State ConcreteID = SC1vfifyx4ad740625235 AbstractID = SR1c93ckp4722174874075
 ConcreteID CUSTOM = SC18i76z4b6396937683 AbstractID CUSTOM = SAh4wk614b32326080043

	ROLE = LeftClickAt
	TARGET =
		WIDGET = WCvzoo6u221758964379, WR1h6ibpb92248851252, WT1cknvro121926923266, WPv5fug81e1979559078
		ROLE = UIAButton
		TITLE = Page down
		SHAPE = Rect [x:1482.0 y:418.0 w:17.0 h:488.0]
		CHILDREN = 0
		PATH = [0, 0, 0, 2]
	DESCRIPTION = Left Click at 'Page down'
	TEXT = Compound Action =
		Move mouse to (1490.5, 662.0).
		Press Mouse Button BUTTON1
		Release Mouse Button BUTTON1

ExecutedAction [6]: 
 @Action ConcreteID = AC15ga0887f2090284255 AbstractID = AA15ga0887f2090284255
 ConcreteID CUSTOM = ConcreteID CUSTOM not available AbstractID CUSTOM = AA6vy0q47f777608950
 @State ConcreteID = SC1vfifyx4ad740625235 AbstractID = SR1c93ckp4722174874075
 ConcreteID CUSTOM = SC18i76z4b6396937683 AbstractID CUSTOM = SAh4wk614b32326080043

	ROLE = LeftClickAt
	TARGET =
		WIDGET = WC16m2ms51c2145335636, WR17v7k2nb1067391859, WT1qeha5gf2005531835, WP1d09ztv183961380716
		ROLE = UIAMenuItem
		TITLE = View
		SHAPE = Rect [x:373.0 y:265.0 w:39.0 h:19.0]
		CHILDREN = 0
		PATH = [1, 3, 3]
	DESCRIPTION = Left Click at 'View'
	TEXT = Compound Action =
		Move mouse to (392.5, 274.5).
		Press Mouse Button BUTTON1
		Release Mouse Button BUTTON1

ExecutedAction [7]: 
 @Action ConcreteID = ACwcups480723585319 AbstractID = AAwcups480723585319
 ConcreteID CUSTOM = ConcreteID CUSTOM not available AbstractID CUSTOM = AA1tai1we7f1300858445
 @State ConcreteID = SC1rk6g5f4e91692908706 AbstractID = SR1puz85a4ad2697664837
 ConcreteID CUSTOM = SC1cjz5wi4eb2725776802 AbstractID CUSTOM = SAyxsfn34ef1080679078

	ROLE = LeftClickAt
	TARGET =
		WIDGET = WC12b45x51c517775489, WR17v7k2nb1067391859, WT1qe89j4f2180189081, WP10d1byf183180104482
		ROLE = UIAMenuItem
		TITLE = Help
		SHAPE = Rect [x:412.0 y:265.0 w:39.0 h:19.0]
		CHILDREN = 0
		PATH = [0, 3, 4]
	DESCRIPTION = Left Click at 'Help'
	TEXT = Compound Action =
		Move mouse to (431.5, 274.5).
		Press Mouse Button BUTTON1
		Release Mouse Button BUTTON1

ExecutedAction [8]: 
 @Action ConcreteID = AC1u6dje57f2580327897 AbstractID = AA1u6dje57f2580327897
 ConcreteID CUSTOM = ConcreteID CUSTOM not available AbstractID CUSTOM = AAvm1jw17f3405957104
 @State ConcreteID = SC1vfifyx4ad740625235 AbstractID = SR1c93ckp4722174874075
 ConcreteID CUSTOM = SC18i76z4b6396937683 AbstractID CUSTOM = SAh4wk614b32326080043

	ROLE = LeftClickAt
	TARGET =
		WIDGET = WCit2f07243614029648, WR1h6ibpb92248851252, WTmroimq144285515309, WPbgwpnt201643095126
		ROLE = UIAButton
		TITLE = Column left
		SHAPE = Rect [x:255.0 y:923.0 w:17.0 h:17.0]
		CHILDREN = 0
		PATH = [0, 0, 1, 0]
	DESCRIPTION = Left Click at 'Column left'
	TEXT = Compound Action =
		Move mouse to (263.5, 931.5).
		Press Mouse Button BUTTON1
		Release Mouse Button BUTTON1

ExecutedAction [9]: 
 @Action ConcreteID = ACed6owz7f3538244733 AbstractID = AAed6owz7f3538244733
 ConcreteID CUSTOM = ConcreteID CUSTOM not available AbstractID CUSTOM = AA1etyrdz7f2150317652
 @State ConcreteID = SC1vfifyx4ad740625235 AbstractID = SR1c93ckp4722174874075
 ConcreteID CUSTOM = SC18i76z4b6396937683 AbstractID CUSTOM = SAh4wk614b32326080043

	ROLE = LeftClickAt
	TARGET =
		WIDGET = WCwlcpk41e4286068033, WR17v7k2nb1067391859, WTaz2n92112307194186, WP1357sc21a4134412483
		ROLE = UIAMenuItem
		TITLE = Format
		SHAPE = Rect [x:321.0 y:265.0 w:52.0 h:19.0]
		CHILDREN = 0
		PATH = [1, 3, 2]
	DESCRIPTION = Left Click at 'Format'
	TEXT = Compound Action =
		Move mouse to (347.0, 274.5).
		Press Mouse Button BUTTON1
		Release Mouse Button BUTTON1

ExecutedAction [10]: 
 @Action ConcreteID = AC1prgkea7f1795874720 AbstractID = AA1prgkea7f1795874720
 ConcreteID CUSTOM = ConcreteID CUSTOM not available AbstractID CUSTOM = AA1uv4sw27f3493143630
 @State ConcreteID = SC6r4jgj4eb3182568201 AbstractID = SR1puz85a4ad2697664837
 ConcreteID CUSTOM = SC22ai594ed3873920824 AbstractID CUSTOM = SAyxsfn34ef1080679078

	ROLE = LeftClickAt
	TARGET =
		WIDGET = WCnwxspk211003987001, WR17v7k2nb1067391859, WTxuhgyp144189972595, WP7eioyu1d65575959
		ROLE = UIAMenuItem
		TITLE = Word Wrap
		SHAPE = Rect [x:324.0 y:287.0 w:144.0 h:22.0]
		CHILDREN = 0
		PATH = [1, 0, 0]
	DESCRIPTION = Left Click at 'Word Wrap'
	TEXT = Compound Action =
		Move mouse to (396.0, 298.0).
		Press Mouse Button BUTTON1
		Release Mouse Button BUTTON1

ExecutedAction [11]: 
 @Action ConcreteID = AC1vmsa90803441719510 AbstractID = AA1vmsa90803441719510
 ConcreteID CUSTOM = ConcreteID CUSTOM not available AbstractID CUSTOM = AA1mrwgth7f3576210934
 @State ConcreteID = SC1fzyeln45e3251004379 AbstractID = SR1eivhwm4242111831426
 ConcreteID CUSTOM = SCiurohw4684252673056 AbstractID CUSTOM = SAlbrqmq45d1573545789

	ROLE = LeftClickAt
	TARGET =
		WIDGET = WC1dzutbg231172063261, WR1h6ibpb92248851252, WTecs5t6133953252360, WP1s3nece1f2710215135
		ROLE = UIAButton
		TITLE = Page right
		SHAPE = Rect [x:496.0 y:923.0 w:969.0 h:17.0]
		CHILDREN = 0
		PATH = [0, 0, 1, 3]
	DESCRIPTION = Left Click at 'Page right'
	TEXT = Compound Action =
		Move mouse to (980.5, 931.5).
		Press Mouse Button BUTTON1
		Release Mouse Button BUTTON1

ExecutedAction [12]: 
 @Action ConcreteID = ACojdw5y813324024640 AbstractID = AAojdw5y813324024640
 ConcreteID CUSTOM = ConcreteID CUSTOM not available AbstractID CUSTOM = AAy2frp1804250319701
 @State ConcreteID = SC1fzyeln45e3251004379 AbstractID = SR1eivhwm4242111831426
 ConcreteID CUSTOM = SCiurohw4684252673056 AbstractID CUSTOM = SAlbrqmq45d1573545789

	ROLE = LeftClickAt
	TARGET =
		WIDGET = WCkinj9s223081433268, WR1h6ibpb92248851252, WT493d5b122119396097, WP7do3sy1e1402063273
		ROLE = UIAButton
		TITLE = Line down
		SHAPE = Rect [x:1482.0 y:906.0 w:17.0 h:17.0]
		CHILDREN = 0
		PATH = [0, 0, 0, 3]
	DESCRIPTION = Left Click at 'Line down'
	TEXT = Compound Action =
		Move mouse to (1490.5, 914.5).
		Press Mouse Button BUTTON1
		Release Mouse Button BUTTON1

ExecutedAction [13]: 
 @Action ConcreteID = ACfg40xy812331873254 AbstractID = AAfg40xy812331873254
 ConcreteID CUSTOM = ConcreteID CUSTOM not available AbstractID CUSTOM = AAoz5wh1802978718707
 @State ConcreteID = SC1fzyeln45e3251004379 AbstractID = SR1eivhwm4242111831426
 ConcreteID CUSTOM = SCiurohw4684252673056 AbstractID CUSTOM = SAlbrqmq45d1573545789

	ROLE = LeftClickAt
	TARGET =
		WIDGET = WC1n1r5m4202250858034, WR1h6ibpb92248851252, WTrko51k10351550260, WP1dzw1b21c239148232
		ROLE = UIAButton
		TITLE = Line up
		SHAPE = Rect [x:1482.0 y:285.0 w:17.0 h:17.0]
		CHILDREN = 0
		PATH = [0, 0, 0, 0]
	DESCRIPTION = Left Click at 'Line up'
	TEXT = Compound Action =
		Move mouse to (1490.5, 293.5).
		Press Mouse Button BUTTON1
		Release Mouse Button BUTTON1

ExecutedAction [14]: 
 @Action ConcreteID = AC1vmsa90803441719510 AbstractID = AA1vmsa90803441719510
 ConcreteID CUSTOM = ConcreteID CUSTOM not available AbstractID CUSTOM = AA1mrwgth7f3576210934
 @State ConcreteID = SC1fzyeln45e3251004379 AbstractID = SR1eivhwm4242111831426
 ConcreteID CUSTOM = SCiurohw4684252673056 AbstractID CUSTOM = SAlbrqmq45d1573545789

	ROLE = LeftClickAt
	TARGET =
		WIDGET = WC1dzutbg231172063261, WR1h6ibpb92248851252, WTecs5t6133953252360, WP1s3nece1f2710215135
		ROLE = UIAButton
		TITLE = Page right
		SHAPE = Rect [x:496.0 y:923.0 w:969.0 h:17.0]
		CHILDREN = 0
		PATH = [0, 0, 1, 3]
	DESCRIPTION = Left Click at 'Page right'
	TEXT = Compound Action =
		Move mouse to (980.5, 931.5).
		Press Mouse Button BUTTON1
		Release Mouse Button BUTTON1

ExecutedAction [15]: 
 @Action ConcreteID = AC17jlpo1a11296293449 AbstractID = AA17jlpo1a11296293449
 ConcreteID CUSTOM = ConcreteID CUSTOM not available AbstractID CUSTOM = AA7hvqj4a03224211826
 @State ConcreteID = SC1fzyeln45e3251004379 AbstractID = SR1eivhwm4242111831426
 ConcreteID CUSTOM = SCiurohw4684252673056 AbstractID CUSTOM = SAlbrqmq45d1573545789

	ROLE = LeftDrag
	DESCRIPTION = Drag (1491.0, 329.0) To (1491.0, 899.0)
	TEXT = Compound Action =
		Move mouse to (1491.0, 329.0).
		Press Mouse Button BUTTON1
		Move mouse to (1491.0, 899.0).
		Release Mouse Button BUTTON1

ExecutedAction [16]: 
 @Action ConcreteID = AC1rm7jmj801405705478 AbstractID = AA1rm7jmj801405705478
 ConcreteID CUSTOM = ConcreteID CUSTOM not available AbstractID CUSTOM = AA1irbq707f1271234598
 @State ConcreteID = SC1fzyeln45e3251004379 AbstractID = SR1eivhwm4242111831426
 ConcreteID CUSTOM = SCiurohw4684252673056 AbstractID CUSTOM = SAlbrqmq45d1573545789

	ROLE = LeftClickAt
	TARGET =
		WIDGET = WC1v4qmzc1c3530989599, WR17v7k2nb1067391859, WT1qe89j4f2180189081, WP1t6nt0m181898351548
		ROLE = UIAMenuItem
		TITLE = Help
		SHAPE = Rect [x:412.0 y:265.0 w:39.0 h:19.0]
		CHILDREN = 0
		PATH = [1, 3, 4]
	DESCRIPTION = Left Click at 'Help'
	TEXT = Compound Action =
		Move mouse to (431.5, 274.5).
		Press Mouse Button BUTTON1
		Release Mouse Button BUTTON1

ExecutedAction [17]: 
 @Action ConcreteID = ACasm7xd801124920736 AbstractID = AAasm7xd801124920736
 ConcreteID CUSTOM = ConcreteID CUSTOM not available AbstractID CUSTOM = AAcuzbr77f2494388568
 @State ConcreteID = SC1ynzik74ab1806336819 AbstractID = SR1tuh4x5473723361534
 ConcreteID CUSTOM = SCwfkssf4ac1935086523 AbstractID CUSTOM = SA14a7o304b2736995359

	ROLE = LeftClickAt
	TARGET =
		WIDGET = WCvlzmeg252700730945, WR17v7k2nb1067391859, WT1wv077z18170180715, WPotjm2e213842195271
		ROLE = UIAMenuItem
		TITLE = About Notepad
		SHAPE = Rect [x:415.0 y:338.0 w:166.0 h:22.0]
		CHILDREN = 0
		PATH = [1, 0, 2]
	DESCRIPTION = Left Click at 'About Notepad'
	TEXT = Compound Action =
		Move mouse to (498.0, 349.0).
		Press Mouse Button BUTTON1
		Release Mouse Button BUTTON1

ExecutedAction [18]: 
 @Action ConcreteID = AC1bpdbvc7f1311520116 AbstractID = AA1bpdbvc7f1311520116
 ConcreteID CUSTOM = ConcreteID CUSTOM not available AbstractID CUSTOM = AA1atuyaf7f3031556051
 @State ConcreteID = SCabnbya55e2577707646 AbstractID = SR1mas1av5182905061225
 ConcreteID CUSTOM = SCmsq74l563179266200 AbstractID CUSTOM = SA12l71z5693160487736

	ROLE = LeftClickAt
	TARGET =
		WIDGET = WC1ynjevq18133537047, WR1h6ibpb92248851252, WTzj707vb935461581, WP13re3qc141749412799
		ROLE = UIAButton
		TITLE = OK
		SHAPE = Rect [x:668.0 y:707.0 w:75.0 h:23.0]
		CHILDREN = 0
		PATH = [1, 0, 8]
	DESCRIPTION = Left Click at 'OK'
	TEXT = Compound Action =
		Move mouse to (705.5, 718.5).
		Press Mouse Button BUTTON1
		Release Mouse Button BUTTON1

ExecutedAction [19]: 
 @Action ConcreteID = ACfg40xy812331873254 AbstractID = AAfg40xy812331873254
 ConcreteID CUSTOM = ConcreteID CUSTOM not available AbstractID CUSTOM = AAoz5wh1802978718707
 @State ConcreteID = SC1fzyeln45e3251004379 AbstractID = SR1eivhwm4242111831426
 ConcreteID CUSTOM = SCiurohw4684252673056 AbstractID CUSTOM = SAlbrqmq45d1573545789

	ROLE = LeftClickAt
	TARGET =
		WIDGET = WC1n1r5m4202250858034, WR1h6ibpb92248851252, WTrko51k10351550260, WP1dzw1b21c239148232
		ROLE = UIAButton
		TITLE = Line up
		SHAPE = Rect [x:1482.0 y:285.0 w:17.0 h:17.0]
		CHILDREN = 0
		PATH = [0, 0, 0, 0]
	DESCRIPTION = Left Click at 'Line up'
	TEXT = Compound Action =
		Move mouse to (1490.5, 293.5).
		Press Mouse Button BUTTON1
		Release Mouse Button BUTTON1

ExecutedAction [20]: 
 @Action ConcreteID = ACqf8c5i804121899317 AbstractID = AAqf8c5i804121899317
 ConcreteID CUSTOM = ConcreteID CUSTOM not available AbstractID CUSTOM = AAhkcipz7f3986942997
 @State ConcreteID = SC1fzyeln45e3251004379 AbstractID = SR1eivhwm4242111831426
 ConcreteID CUSTOM = SCiurohw4684252673056 AbstractID CUSTOM = SAlbrqmq45d1573545789

	ROLE = LeftClickAt
	TARGET =
		WIDGET = WC9jaw3l1c2987203652, WR17v7k2nb1067391859, WT1qe72ijf99311909, WP1c5bfin18723600677
		ROLE = UIAMenuItem
		TITLE = File
		SHAPE = Rect [x:255.0 y:265.0 w:32.0 h:19.0]
		CHILDREN = 0
		PATH = [1, 3, 0]
	DESCRIPTION = Left Click at 'File'
	TEXT = Compound Action =
		Move mouse to (271.0, 274.5).
		Press Mouse Button BUTTON1
		Release Mouse Button BUTTON1

ExecutedAction [21]: 
 @Action ConcreteID = AC1f8k1rx804091270538 AbstractID = AA1f8k1rx804091270538
 ConcreteID CUSTOM = ConcreteID CUSTOM not available AbstractID CUSTOM = AA1peu6e3803857777911
 @State ConcreteID = SC1lmdabf50c1248752286 AbstractID = SR1swmjpr4d73682032483
 ConcreteID CUSTOM = SC6dip3l5132465144331 AbstractID CUSTOM = SA11afvi45144165774464

	ROLE = LeftClickAt
	TARGET =
		WIDGET = WC1xrenix2f770624771, WR17v7k2nb1067391859, WTts8vz223311468155, WP195rht32b2723386033
		ROLE = UIAMenuItem
		TITLE = New Window	Ctrl+Shift+N
		SHAPE = Rect [x:258.0 y:309.0 w:223.0 h:22.0]
		CHILDREN = 0
		PATH = [1, 0, 1]
	DESCRIPTION = Left Click at 'New Window	Ctrl+Shift+N'
	TEXT = Compound Action =
		Move mouse to (369.5, 320.0).
		Press Mouse Button BUTTON1
		Release Mouse Button BUTTON1

ExecutedAction [22]: 
 @Action ConcreteID = AC54so4k7f3094598378 AbstractID = AA54so4k7f3094598378
 ConcreteID CUSTOM = ConcreteID CUSTOM not available AbstractID CUSTOM = AA15cjx1q7f2191263434
 @State ConcreteID = SCcy4yf567c3760979500 AbstractID = SRxlga4w62c2347984354
 ConcreteID CUSTOM = SC9htx6o688759896548 AbstractID CUSTOM = SA9xiu9m67e2484645150

	ROLE = LeftClickAt
	TARGET =
		WIDGET = WC16m2ms51c2145335636, WR17v7k2nb1067391859, WT1qeha5gf2005531835, WP1d09ztv183961380716
		ROLE = UIAMenuItem
		TITLE = View
		SHAPE = Rect [x:373.0 y:265.0 w:39.0 h:19.0]
		CHILDREN = 0
		PATH = [1, 3, 3]
	DESCRIPTION = Left Click at 'View'
	TEXT = Compound Action =
		Move mouse to (392.5, 274.5).
		Press Mouse Button BUTTON1
		Release Mouse Button BUTTON1

ExecutedAction [23]: 
 @Action ConcreteID = ACzhudsk7e2987704584 AbstractID = AAzhudsk7e2987704584
 ConcreteID CUSTOM = ConcreteID CUSTOM not available AbstractID CUSTOM = AAekf9xw7f2396938480
 @State ConcreteID = SCuy8ljs6b6609370617 AbstractID = SRwb2o5b6673424445972
 ConcreteID CUSTOM = SC1lliu96ca3622641754 AbstractID CUSTOM = SAw2d2ck6c23303081820

	ROLE = LeftClickAt
	TARGET =
		WIDGET = WCh027ae1c2296286704, WR17v7k2nb1067391859, WT1qejys2f1046425153, WPjldfsk182847646754
		ROLE = UIAMenuItem
		TITLE = Zoom
		SHAPE = Rect [x:376.0 y:287.0 w:136.0 h:22.0]
		CHILDREN = 0
		PATH = [2, 0, 0]
	DESCRIPTION = Left Click at 'Zoom'
	TEXT = Compound Action =
		Move mouse to (444.0, 298.0).
		Press Mouse Button BUTTON1
		Release Mouse Button BUTTON1

ExecutedAction [24]: 
 @Action ConcreteID = AC1fejjdw7e1182372138 AbstractID = AA1fejjdw7e1182372138
 ConcreteID CUSTOM = ConcreteID CUSTOM not available AbstractID CUSTOM = AA1l0id8w7f3689276548
 @State ConcreteID = SCd2tp5i70d803981828 AbstractID = SR1mdf4ly6b63386962709
 ConcreteID CUSTOM = SC1yrijq5719839543827 AbstractID CUSTOM = SA1dfetnw70a976083499

	ROLE = LeftClickAt
	TARGET =
		WIDGET = WC4bhegu2b977862243, WR17v7k2nb1067391859, WTy3ygp1e1031191529, WP11zqqj0271410138595
		ROLE = UIAMenuItem
		TITLE = Zoom Out	Ctrl+Minus
		SHAPE = Rect [x:512.0 y:309.0 w:259.0 h:22.0]
		CHILDREN = 0
		PATH = [2, 0, 1]
	DESCRIPTION = Left Click at 'Zoom Out	Ctrl+Minus'
	TEXT = Compound Action =
		Move mouse to (641.5, 320.0).
		Press Mouse Button BUTTON1
		Release Mouse Button BUTTON1

ExecutedAction [25]: 
 @Action ConcreteID = AC175ep797f1232199526 AbstractID = AA175ep797f1232199526
 ConcreteID CUSTOM = ConcreteID CUSTOM not available AbstractID CUSTOM = AAe9glqh7f753821288
 @State ConcreteID = SC4y7ig367b3785666629 AbstractID = SRxlga4w62c2347984354
 ConcreteID CUSTOM = SC1uuicqr6883928438422 AbstractID CUSTOM = SA9xiu9m67e2484645150

	ROLE = LeftClickAt
	TARGET =
		WIDGET = WC3rq8hx1e869414367, WR17v7k2nb1067391859, WTaz2n92112307194186, WPablb9v1a985931869
		ROLE = UIAMenuItem
		TITLE = Format
		SHAPE = Rect [x:321.0 y:265.0 w:52.0 h:19.0]
		CHILDREN = 0
		PATH = [0, 3, 2]
	DESCRIPTION = Left Click at 'Format'
	TEXT = Compound Action =
		Move mouse to (347.0, 274.5).
		Press Mouse Button BUTTON1
		Release Mouse Button BUTTON1

ExecutedAction [26]: 
 @Action ConcreteID = AC1lhi0pq803552056864 AbstractID = AA1lhi0pq803552056864
 ConcreteID CUSTOM = ConcreteID CUSTOM not available AbstractID CUSTOM = AA1ltwxp47f600105106
 @State ConcreteID = SC1eas5ja6b44005351943 AbstractID = SRwb2o5b6673424445972
 ConcreteID CUSTOM = SC19pqfs26c928853012 AbstractID CUSTOM = SAw2d2ck6c23303081820

	ROLE = LeftClickAt
	TARGET =
		WIDGET = WC1mnh2nr1f3917221465, WR17v7k2nb1067391859, WT1k0pzz412734516100, WP900p11b2845997452
		ROLE = UIAMenuItem
		TITLE = Font...
		SHAPE = Rect [x:324.0 y:309.0 w:144.0 h:22.0]
		CHILDREN = 0
		PATH = [2, 0, 1]
	DESCRIPTION = Left Click at 'Font...'
	TEXT = Compound Action =
		Move mouse to (396.0, 320.0).
		Press Mouse Button BUTTON1
		Release Mouse Button BUTTON1

ExecutedAction [27]: 
 @Action ConcreteID = AC1haxwza7f2573166888 AbstractID = AA1haxwza7f2573166888
 ConcreteID CUSTOM = ConcreteID CUSTOM not available AbstractID CUSTOM = AA2hunmh802902666055
 @State ConcreteID = SC8tes0pae42582439418 AbstractID = SRtif8x8a611057335173
 ConcreteID CUSTOM = SCvqul2kaf41787318031 AbstractID CUSTOM = SA1bf23f2afc2889384654

	ROLE = LeftClickAt
	TARGET =
		WIDGET = WCecuput242222292602, WR52qhb2b3065858412, WT15t19m611856301530, WP161wrzn201107768426
		ROLE = UIAListItem
		TITLE = Italic
		SHAPE = Rect [x:488.0 y:490.0 w:109.0 h:19.0]
		CHILDREN = 0
		PATH = [2, 0, 3, 0, 2]
	DESCRIPTION = Left Click at 'Italic'
	TEXT = Compound Action =
		Move mouse to (542.5, 499.5).
		Press Mouse Button BUTTON1
		Release Mouse Button BUTTON1

ExecutedAction [28]: 
 @Action ConcreteID = ACcae1w77f3903619056 AbstractID = AAcae1w77f3903619056
 ConcreteID CUSTOM = ConcreteID CUSTOM not available AbstractID CUSTOM = AAwieuii803706731935
 @State ConcreteID = SC8tes0pae42582439418 AbstractID = SRtif8x8a611057335173
 ConcreteID CUSTOM = SCvqul2kaf41787318031 AbstractID CUSTOM = SA1bf23f2afc2889384654

	ROLE = LeftClickAt
	TARGET =
		WIDGET = WC2j53j81d2685430051, WR17qbaneb3904637586, WTpv0tsf103871849437, WP1d4jmuq193175611841
		ROLE = UIAComboBox
		TITLE = Size:
		SHAPE = Rect [x:633.0 y:447.0 w:63.0 h:131.0]
		CHILDREN = 2
		PATH = [2, 0, 5]
	DESCRIPTION = Left Click at 'Size:'
	TEXT = Compound Action =
		Move mouse to (664.5, 512.5).
		Press Mouse Button BUTTON1
		Release Mouse Button BUTTON1

ExecutedAction [29]: 
 @Action ConcreteID = AC1uowt8z7f3373542170 AbstractID = AA1uowt8z7f3373542170
 ConcreteID CUSTOM = ConcreteID CUSTOM not available AbstractID CUSTOM = AAfvtjw6804249381237
 @State ConcreteID = SC8tes0pae42582439418 AbstractID = SRtif8x8a611057335173
 ConcreteID CUSTOM = SCvqul2kaf41787318031 AbstractID CUSTOM = SA1bf23f2afc2889384654

	ROLE = LeftClickAt
	TARGET =
		WIDGET = WCkrp77s273525465267, WR16s6p21c140494670, WTdtcs8f142835715827, WP1ox97km231075763086
		ROLE = UIAScrollBar
		TITLE = Vertical
		SHAPE = Rect [x:451.0 y:471.0 w:17.0 h:114.0]
		CHILDREN = 5
		PATH = [2, 0, 1, 0, 0]
	DESCRIPTION = Left Click at 'Vertical'
	TEXT = Compound Action =
		Move mouse to (459.5, 528.0).
		Press Mouse Button BUTTON1
		Release Mouse Button BUTTON1

ExecutedAction [30]: 
 @Action ConcreteID = AC188gh7l7e796059441 AbstractID = AA188gh7l7e796059441
 ConcreteID CUSTOM = ConcreteID CUSTOM not available AbstractID CUSTOM = AA1manx6l803974225341
 @State ConcreteID = SCwy784oae9259685807 AbstractID = SRtif8x8a611057335173
 ConcreteID CUSTOM = SC10p52b8af4866365593 AbstractID CUSTOM = SA1bf23f2afc2889384654

	ROLE = LeftClickAt
	TARGET =
		WIDGET = WC15g1csn241105230812, WR52qhb2b3065858412, WT14kk157114219456005, WPx8s7h120173889967
		ROLE = UIAListItem
		TITLE = Gadugi
		SHAPE = Rect [x:300.0 y:547.0 w:151.0 h:19.0]
		CHILDREN = 0
		PATH = [2, 0, 1, 0, 5]
	DESCRIPTION = Left Click at 'Gadugi'
	TEXT = Compound Action =
		Move mouse to (375.5, 556.5).
		Press Mouse Button BUTTON1
		Release Mouse Button BUTTON1

ExecutedAction [31]: 
 @Action ConcreteID = ACczghe07e3475382923 AbstractID = AAczghe07e3475382923
 ConcreteID CUSTOM = ConcreteID CUSTOM not available AbstractID CUSTOM = AA2hunmh802902666055
 @State ConcreteID = SC2fqbd9ae9343063194 AbstractID = SRtif8x8a611057335173
 ConcreteID CUSTOM = SCyb8z8caf31318777704 AbstractID CUSTOM = SA1bf23f2afc2889384654

	ROLE = LeftClickAt
	TARGET =
		WIDGET = WC1oqee0g223559315547, WR52qhb2b3065858412, WTq22ksjf2912385765, WP4ahfem1e83428819
		ROLE = UIAListItem
		TITLE = Bold
		SHAPE = Rect [x:488.0 y:490.0 w:109.0 h:19.0]
		CHILDREN = 0
		PATH = [2, 0, 3, 0, 2]
	DESCRIPTION = Left Click at 'Bold'
	TEXT = Compound Action =
		Move mouse to (542.5, 499.5).
		Press Mouse Button BUTTON1
		Release Mouse Button BUTTON1

ExecutedAction [32]: 
 @Action ConcreteID = ACdwfqmv7e2799242017 AbstractID = AAdwfqmv7e2799242017
 ConcreteID CUSTOM = ConcreteID CUSTOM not available AbstractID CUSTOM = AA3etwvc803304850157
 @State ConcreteID = SC2fqbd9ae9343063194 AbstractID = SRtif8x8a611057335173
 ConcreteID CUSTOM = SCyb8z8caf31318777704 AbstractID CUSTOM = SA1bf23f2afc2889384654

	ROLE = LeftClickAt
	TARGET =
		WIDGET = WCw9darp231055661909, WR17qbaneb3904637586, WT1p15swg161714730526, WPntp85v1f3128181895
		ROLE = UIAComboBox
		TITLE = Font style:
		SHAPE = Rect [x:486.0 y:447.0 w:130.0 h:143.0]
		CHILDREN = 2
		PATH = [2, 0, 3]
	DESCRIPTION = Left Click at 'Font style:'
	TEXT = Compound Action =
		Move mouse to (551.0, 518.5).
		Press Mouse Button BUTTON1
		Release Mouse Button BUTTON1

ExecutedAction [33]: 
 @Action ConcreteID = AC8zdj347e4171774433 AbstractID = AA8zdj347e4171774433
 ConcreteID CUSTOM = ConcreteID CUSTOM not available AbstractID CUSTOM = AA1xivrap802592944173
 @State ConcreteID = SC2fqbd9ae9343063194 AbstractID = SRtif8x8a611057335173
 ConcreteID CUSTOM = SCyb8z8caf31318777704 AbstractID CUSTOM = SA1bf23f2afc2889384654

	ROLE = LeftClickAt
	TARGET =
		WIDGET = WCl21ndi251081427127, WR52qhb2b3065858412, WTh6zdq12834902686, WPmdf3z8211479858419
		ROLE = UIAListItem
		TITLE = Regular
		SHAPE = Rect [x:488.0 y:471.0 w:109.0 h:19.0]
		CHILDREN = 0
		PATH = [2, 0, 3, 0, 1]
	DESCRIPTION = Left Click at 'Regular'
	TEXT = Compound Action =
		Move mouse to (542.5, 480.5).
		Press Mouse Button BUTTON1
		Release Mouse Button BUTTON1

ExecutedAction [34]: 
 @Action ConcreteID = AC1e0io1v7e3780025859 AbstractID = AA1e0io1v7e3780025859
 ConcreteID CUSTOM = ConcreteID CUSTOM not available AbstractID CUSTOM = AA13iwuac802204866511
 @State ConcreteID = SC2fqbd9ae9343063194 AbstractID = SRtif8x8a611057335173
 ConcreteID CUSTOM = SCyb8z8caf31318777704 AbstractID CUSTOM = SA1bf23f2afc2889384654

	ROLE = LeftClickAt
	TARGET =
		WIDGET = WC129z31q203187669037, WR52qhb2b3065858412, WT1bx8b0jd2390158326, WPocdqt81c4092060766
		ROLE = UIAListItem
		TITLE = 16
		SHAPE = Rect [x:635.0 y:486.0 w:42.0 h:15.0]
		CHILDREN = 0
		PATH = [2, 0, 5, 0, 2]
	DESCRIPTION = Left Click at '16'
	TEXT = Compound Action =
		Move mouse to (656.0, 493.5).
		Press Mouse Button BUTTON1
		Release Mouse Button BUTTON1

ExecutedAction [35]: 
 @Action ConcreteID = ACxnmuoa7e3460359574 AbstractID = AAxnmuoa7e3460359574
 ConcreteID CUSTOM = ConcreteID CUSTOM not available AbstractID CUSTOM = AAn610wr802892360794
 @State ConcreteID = SC2fqbd9ae9343063194 AbstractID = SRtif8x8a611057335173
 ConcreteID CUSTOM = SCyb8z8caf31318777704 AbstractID CUSTOM = SA1bf23f2afc2889384654

	ROLE = LeftClickAt
	TARGET =
		WIDGET = WC1fss4lt201545395554, WR52qhb2b3065858412, WT1bx8b0hd1618512602, WP158as671c1600819966
		ROLE = UIAListItem
		TITLE = 14
		SHAPE = Rect [x:635.0 y:471.0 w:42.0 h:15.0]
		CHILDREN = 0
		PATH = [2, 0, 5, 0, 1]
	DESCRIPTION = Left Click at '14'
	TEXT = Compound Action =
		Move mouse to (656.0, 478.5).
		Press Mouse Button BUTTON1
		Release Mouse Button BUTTON1

ExecutedAction [36]: 
 @Action ConcreteID = ACz250q27e2106002776 AbstractID = AAz250q27e2106002776
 ConcreteID CUSTOM = ConcreteID CUSTOM not available AbstractID CUSTOM = AAokj6yj80530711700
 @State ConcreteID = SC2fqbd9ae9343063194 AbstractID = SRtif8x8a611057335173
 ConcreteID CUSTOM = SCyb8z8caf31318777704 AbstractID CUSTOM = SA1bf23f2afc2889384654

	ROLE = LeftClickAt
	TARGET =
		WIDGET = WC1oscwri262187889506, WR52qhb2b3065858412, WTjke9sn132556118657, WP3x2gfg2274103780
		ROLE = UIAListItem
		TITLE = Fixedsys
		SHAPE = Rect [x:300.0 y:490.0 w:151.0 h:19.0]
		CHILDREN = 0
		PATH = [2, 0, 1, 0, 2]
	DESCRIPTION = Left Click at 'Fixedsys'
	TEXT = Compound Action =
		Move mouse to (375.5, 499.5).
		Press Mouse Button BUTTON1
		Release Mouse Button BUTTON1

ExecutedAction [37]: 
 @Action ConcreteID = AC1fxgz07f1174507748 AbstractID = AA1fxgz07f1174507748
 ConcreteID CUSTOM = ConcreteID CUSTOM not available AbstractID CUSTOM = AA1q2ejze7f1644174390
 @State ConcreteID = SC6syovya2e1609555079 AbstractID = SRbnrtt19b41865670278
 ConcreteID CUSTOM = SC1p9tal3a3f2973304009 AbstractID CUSTOM = SA1he3iesa41585228601

	ROLE = LeftClickAt
	TARGET =
		WIDGET = WC161c7e21f3242064560, WR17qbaneb3904637586, WT1oe7pvp1243228967, WP18hzkqg1b895026005
		ROLE = UIAComboBox
		TITLE = Script:
		SHAPE = Rect [x:486.0 y:708.0 w:210.0 h:22.0]
		CHILDREN = 1
		PATH = [2, 0, 9]
	DESCRIPTION = Left Click at 'Script:'
	TEXT = Compound Action =
		Move mouse to (591.0, 719.0).
		Press Mouse Button BUTTON1
		Release Mouse Button BUTTON1

ExecutedAction [38]: 
 @Action ConcreteID = ACv8vg5v803239246125 AbstractID = AAv8vg5v803239246125
 ConcreteID CUSTOM = ConcreteID CUSTOM not available AbstractID CUSTOM = AA15edpy37f395819003
 @State ConcreteID = SC1a8j6jfa7e2868392826 AbstractID = SR19cgoe5a001715959922
 ConcreteID CUSTOM = SC1y1w7nia904183668863 AbstractID CUSTOM = SAvisp4aa914246695751

	ROLE = LeftClickAt
	TARGET =
		WIDGET = WCs2nbgb2d2724698311, WR52qhb2b3065858412, WTqyfsbd1a1007487430, WPuh8m15292302269966
		ROLE = UIAListItem
		TITLE = Franklin Gothic
		SHAPE = Rect [x:300.0 y:509.0 w:151.0 h:19.0]
		CHILDREN = 0
		PATH = [2, 0, 1, 0, 3]
	DESCRIPTION = Left Click at 'Franklin Gothic'
	TEXT = Compound Action =
		Move mouse to (375.5, 518.5).
		Press Mouse Button BUTTON1
		Release Mouse Button BUTTON1

ExecutedAction [39]: 
 @Action ConcreteID = ACyewqlv7f2056358864 AbstractID = AAyewqlv7f2056358864
 ConcreteID CUSTOM = ConcreteID CUSTOM not available AbstractID CUSTOM = AAo09rn57f1586497282
 @State ConcreteID = SC6syovya2e1609555079 AbstractID = SRbnrtt19b41865670278
 ConcreteID CUSTOM = SC1p9tal3a3f2973304009 AbstractID CUSTOM = SA1he3iesa41585228601

	ROLE = LeftClickAt
	TARGET =
		WIDGET = WCiuobvd26191297187, WR52qhb2b3065858412, WT1bqzmyj132256915856, WPcxx7mv223936313286
		ROLE = UIAListItem
		TITLE = Standard
		SHAPE = Rect [x:488.0 y:471.0 w:109.0 h:19.0]
		CHILDREN = 0
		PATH = [2, 0, 3, 0, 1]
	DESCRIPTION = Left Click at 'Standard'
	TEXT = Compound Action =
		Move mouse to (542.5, 480.5).
		Press Mouse Button BUTTON1
		Release Mouse Button BUTTON1

ExecutedAction [40]: 
 @Action ConcreteID = ACj9s9dy7f588903255 AbstractID = AAj9s9dy7f588903255
 ConcreteID CUSTOM = ConcreteID CUSTOM not available AbstractID CUSTOM = AA8v5af87f119046021
 @State ConcreteID = SC6syovya2e1609555079 AbstractID = SRbnrtt19b41865670278
 ConcreteID CUSTOM = SC1p9tal3a3f2973304009 AbstractID CUSTOM = SA1he3iesa41585228601

	ROLE = LeftClickAt
	TARGET =
		WIDGET = WC195bud21d1721634926, WR17qbaneb3904637586, WTpnz3gh10593155151, WPcguksk194223236241
		ROLE = UIAComboBox
		TITLE = Font:
		SHAPE = Rect [x:298.0 y:447.0 w:172.0 h:140.0]
		CHILDREN = 2
		PATH = [2, 0, 1]
	DESCRIPTION = Left Click at 'Font:'
	TEXT = Compound Action =
		Move mouse to (384.0, 517.0).
		Press Mouse Button BUTTON1
		Release Mouse Button BUTTON1

ExecutedAction [41]: 
 @Action ConcreteID = ACy1uq4a7e3586660197 AbstractID = AAy1uq4a7e3586660197
 ConcreteID CUSTOM = ConcreteID CUSTOM not available AbstractID CUSTOM = AA1jqsmdc80672028317
 @State ConcreteID = SC6siitiaea160781661 AbstractID = SRtif8x8a611057335173
 ConcreteID CUSTOM = SC1bn8u9haf4858659624 AbstractID CUSTOM = SA1bf23f2afc2889384654

	ROLE = LeftClickAt
	TARGET =
		WIDGET = WC1qi5eb4262127724439, WR52qhb2b3065858412, WT1qtbbpf13885618562, WP1ljfh4u222086214854
		ROLE = UIAListItem
		TITLE = Gabriola
		SHAPE = Rect [x:300.0 y:528.0 w:151.0 h:19.0]
		CHILDREN = 0
		PATH = [2, 0, 1, 0, 4]
	DESCRIPTION = Left Click at 'Gabriola'
	TEXT = Compound Action =
		Move mouse to (375.5, 537.5).
		Press Mouse Button BUTTON1
		Release Mouse Button BUTTON1

ExecutedAction [42]: 
 @Action ConcreteID = AC1buwglc804233553008 AbstractID = AA1buwglc804233553008
 ConcreteID CUSTOM = ConcreteID CUSTOM not available AbstractID CUSTOM = AAxo431a802595191118
 @State ConcreteID = SC12t95eeae92378603549 AbstractID = SRtif8x8a611057335173
 ConcreteID CUSTOM = SCy79mbbaf2857924051 AbstractID CUSTOM = SA1bf23f2afc2889384654

	ROLE = LeftClickAt
	TARGET =
		WIDGET = WCitwg0t2a3383123244, WR52qhb2b3065858412, WTqr3zqs171083766660, WP1uovzvv261822782676
		ROLE = UIAListItem
		TITLE = Bold Oblique
		SHAPE = Rect [x:488.0 y:528.0 w:109.0 h:19.0]
		CHILDREN = 0
		PATH = [2, 0, 3, 0, 4]
	DESCRIPTION = Left Click at 'Bold Oblique'
	TEXT = Compound Action =
		Move mouse to (542.5, 537.5).
		Press Mouse Button BUTTON1
		Release Mouse Button BUTTON1

ExecutedAction [43]: 
 @Action ConcreteID = ACnv1z1b803309506071 AbstractID = AAnv1z1b803309506071
 ConcreteID CUSTOM = ConcreteID CUSTOM not available AbstractID CUSTOM = AA9o9lh9802746913577
 @State ConcreteID = SC12t95eeae92378603549 AbstractID = SRtif8x8a611057335173
 ConcreteID CUSTOM = SCy79mbbaf2857924051 AbstractID CUSTOM = SA1bf23f2afc2889384654

	ROLE = LeftClickAt
	TARGET =
		WIDGET = WC15rt2kq203147206283, WR52qhb2b3065858412, WT1bx8b1ed2774251573, WP1aq3vdk1c3708439455
		ROLE = UIAListItem
		TITLE = 26
		SHAPE = Rect [x:635.0 y:561.0 w:42.0 h:15.0]
		CHILDREN = 0
		PATH = [2, 0, 5, 0, 7]
	DESCRIPTION = Left Click at '26'
	TEXT = Compound Action =
		Move mouse to (656.0, 568.5).
		Press Mouse Button BUTTON1
		Release Mouse Button BUTTON1

ExecutedAction [44]: 
 @Action ConcreteID = AC1oq6qrm80456236821 AbstractID = AA1oq6qrm80456236821
 ConcreteID CUSTOM = ConcreteID CUSTOM not available AbstractID CUSTOM = AA1ajed7k802110259755
 @State ConcreteID = SC12t95eeae92378603549 AbstractID = SRtif8x8a611057335173
 ConcreteID CUSTOM = SCy79mbbaf2857924051 AbstractID CUSTOM = SA1bf23f2afc2889384654

	ROLE = LeftClickAt
	TARGET =
		WIDGET = WC1wtf5ow203343714128, WR52qhb2b3065858412, WT1bx8b1ad2721479724, WP9gtw4e1c990733722
		ROLE = UIAListItem
		TITLE = 22
		SHAPE = Rect [x:635.0 y:531.0 w:42.0 h:15.0]
		CHILDREN = 0
		PATH = [2, 0, 5, 0, 5]
	DESCRIPTION = Left Click at '22'
	TEXT = Compound Action =
		Move mouse to (656.0, 538.5).
		Press Mouse Button BUTTON1
		Release Mouse Button BUTTON1

ExecutedAction [45]: 
 @Action ConcreteID = ACwohtdc803148755896 AbstractID = AAwohtdc803148755896
 ConcreteID CUSTOM = ConcreteID CUSTOM not available AbstractID CUSTOM = AAihpfta803713511046
 @State ConcreteID = SC12t95eeae92378603549 AbstractID = SRtif8x8a611057335173
 ConcreteID CUSTOM = SCy79mbbaf2857924051 AbstractID CUSTOM = SA1bf23f2afc2889384654

	ROLE = LeftClickAt
	TARGET =
		WIDGET = WCsdinmb261627696073, WR1h6ibpb92248851252, WTbcxonh101439247762, WP1mzydtx224265044848
		ROLE = UIAButton
		TITLE = Page up
		SHAPE = Rect [x:451.0 y:488.0 w:17.0 h:11.0]
		CHILDREN = 0
		PATH = [2, 0, 1, 0, 0, 1]
	DESCRIPTION = Left Click at 'Page up'
	TEXT = Compound Action =
		Move mouse to (459.5, 493.5).
		Press Mouse Button BUTTON1
		Release Mouse Button BUTTON1

ExecutedAction [46]: 
 @Action ConcreteID = AC54al4p7e3157953146 AbstractID = AA54al4p7e3157953146
 ConcreteID CUSTOM = ConcreteID CUSTOM not available AbstractID CUSTOM = AA2hunmh802902666055
 @State ConcreteID = SCeogpafae4458228808 AbstractID = SRtif8x8a611057335173
 ConcreteID CUSTOM = SCa0yz5baf2595796369 AbstractID CUSTOM = SA1bf23f2afc2889384654

	ROLE = LeftClickAt
	TARGET =
		WIDGET = WC1c7jeo25534568030, WR52qhb2b3065858412, WTq4iqsz124266912943, WPbf513i21582339926
		ROLE = UIAListItem
		TITLE = Oblique
		SHAPE = Rect [x:488.0 y:490.0 w:109.0 h:19.0]
		CHILDREN = 0
		PATH = [2, 0, 3, 0, 2]
	DESCRIPTION = Left Click at 'Oblique'
	TEXT = Compound Action =
		Move mouse to (542.5, 499.5).
		Press Mouse Button BUTTON1
		Release Mouse Button BUTTON1

ExecutedAction [47]: 
 @Action ConcreteID = AC1rgz5i27e3373702799 AbstractID = AA1rgz5i27e3373702799
 ConcreteID CUSTOM = ConcreteID CUSTOM not available AbstractID CUSTOM = AA1ouj7zu803626975154
 @State ConcreteID = SCeogpafae4458228808 AbstractID = SRtif8x8a611057335173
 ConcreteID CUSTOM = SCa0yz5baf2595796369 AbstractID CUSTOM = SA1bf23f2afc2889384654

	ROLE = LeftClickAt
	TARGET =
		WIDGET = WCoeqckr241593143972, WR52qhb2b3065858412, WT13n9a06111701651249, WPal3m9l202548437958
		ROLE = UIAListItem
		TITLE = Ebrima
		SHAPE = Rect [x:300.0 y:566.0 w:151.0 h:19.0]
		CHILDREN = 0
		PATH = [2, 0, 1, 0, 6]
	DESCRIPTION = Left Click at 'Ebrima'
	TEXT = Compound Action =
		Move mouse to (375.5, 575.5).
		Press Mouse Button BUTTON1
		Release Mouse Button BUTTON1

ExecutedAction [48]: 
 @Action ConcreteID = AC6ie9ye7f526603231 AbstractID = AA6ie9ye7f526603231
 ConcreteID CUSTOM = ConcreteID CUSTOM not available AbstractID CUSTOM = AA6qm97r7f3297226551
 @State ConcreteID = SCpyexivacf1416803260 AbstractID = SRq3fs2ra4d3311687685
 ConcreteID CUSTOM = SC1784acqae32216473385 AbstractID CUSTOM = SA14kleebae7791217573

	ROLE = LeftClickAt
	TARGET =
		WIDGET = WCz8nzsb201296626027, WR52qhb2b3065858412, WT1bx8b36d347681460, WP3kj0vt1c1135033213
		ROLE = UIAListItem
		TITLE = 48
		SHAPE = Rect [x:635.0 y:546.0 w:42.0 h:15.0]
		CHILDREN = 0
		PATH = [2, 0, 5, 0, 6]
	DESCRIPTION = Left Click at '48'
	TEXT = Compound Action =
		Move mouse to (656.0, 553.5).
		Press Mouse Button BUTTON1
		Release Mouse Button BUTTON1

ExecutedAction [49]: 
 @Action ConcreteID = AC1ws0ju7f63672050 AbstractID = AA1ws0ju7f63672050
 ConcreteID CUSTOM = ConcreteID CUSTOM not available AbstractID CUSTOM = AA24zzt77f3626988058
 @State ConcreteID = SCpyexivacf1416803260 AbstractID = SRq3fs2ra4d3311687685
 ConcreteID CUSTOM = SC1784acqae32216473385 AbstractID CUSTOM = SA14kleebae7791217573

	ROLE = LeftClickAt
	TARGET =
		WIDGET = WCqz4bb72988460596, WR52qhb2b3065858412, WT1oehc7j16143327502, WP1ic2vpt252960118606
		ROLE = UIAListItem
		TITLE = Courier New
		SHAPE = Rect [x:300.0 y:547.0 w:151.0 h:19.0]
		CHILDREN = 0
		PATH = [2, 0, 1, 0, 5]
	DESCRIPTION = Left Click at 'Courier New'
	TEXT = Compound Action =
		Move mouse to (375.5, 556.5).
		Press Mouse Button BUTTON1
		Release Mouse Button BUTTON1

ExecutedAction [50]: 
 @Action ConcreteID = AC921wsb7f4284693276 AbstractID = AA921wsb7f4284693276
 ConcreteID CUSTOM = ConcreteID CUSTOM not available AbstractID CUSTOM = AA1iecyw27f3081058408
 @State ConcreteID = SCqxcdhhad02553160388 AbstractID = SRq3fs2ra4d3311687685
 ConcreteID CUSTOM = SC1s8ke2wae43888414328 AbstractID CUSTOM = SA14kleebae7791217573

	ROLE = LeftClickAt
	TARGET =
		WIDGET = WC1jam41d20204409922, WR52qhb2b3065858412, WT1bx8b1cd1263917337, WP1rm0wn31c668834489
		ROLE = UIAListItem
		TITLE = 24
		SHAPE = Rect [x:635.0 y:486.0 w:42.0 h:15.0]
		CHILDREN = 0
		PATH = [2, 0, 5, 0, 2]
	DESCRIPTION = Left Click at '24'
	TEXT = Compound Action =
		Move mouse to (656.0, 493.5).
		Press Mouse Button BUTTON1
		Release Mouse Button BUTTON1

ExecutedAction [51]: 
 @Action ConcreteID = ACg2jfpj7f29404920 AbstractID = AAg2jfpj7f29404920
 ConcreteID CUSTOM = ConcreteID CUSTOM not available AbstractID CUSTOM = AA1peuhta7f1225174412
 @State ConcreteID = SCqxcdhhad02553160388 AbstractID = SRq3fs2ra4d3311687685
 ConcreteID CUSTOM = SC1s8ke2wae43888414328 AbstractID CUSTOM = SA14kleebae7791217573

	ROLE = LeftClickAt
	TARGET =
		WIDGET = WC199n1xp20377122711, WR52qhb2b3065858412, WT1bx8b29d3158346100, WP1x3tzrv1c1754980958
		ROLE = UIAListItem
		TITLE = 36
		SHAPE = Rect [x:635.0 y:531.0 w:42.0 h:15.0]
		CHILDREN = 0
		PATH = [2, 0, 5, 0, 5]
	DESCRIPTION = Left Click at '36'
	TEXT = Compound Action =
		Move mouse to (656.0, 538.5).
		Press Mouse Button BUTTON1
		Release Mouse Button BUTTON1

ExecutedAction [52]: 
 @Action ConcreteID = AC1p4pd4q7f1411691309 AbstractID = AA1p4pd4q7f1411691309
 ConcreteID CUSTOM = ConcreteID CUSTOM not available AbstractID CUSTOM = AAzfwd9d7f484618329
 @State ConcreteID = SCqxcdhhad02553160388 AbstractID = SRq3fs2ra4d3311687685
 ConcreteID CUSTOM = SC1s8ke2wae43888414328 AbstractID CUSTOM = SA14kleebae7791217573

	ROLE = LeftClickAt
	TARGET =
		WIDGET = WCcd3d8826149626929, WR52qhb2b3065858412, WTgncbem133408135534, WPtedzie222630839685
		ROLE = UIAListItem
		TITLE = Consolas
		SHAPE = Rect [x:300.0 y:471.0 w:151.0 h:19.0]
		CHILDREN = 0
		PATH = [2, 0, 1, 0, 1]
	DESCRIPTION = Left Click at 'Consolas'
	TEXT = Compound Action =
		Move mouse to (375.5, 480.5).
		Press Mouse Button BUTTON1
		Release Mouse Button BUTTON1

ExecutedAction [53]: 
 @Action ConcreteID = ACgwy6xl7f4211934077 AbstractID = AAgwy6xl7f4211934077
 ConcreteID CUSTOM = ConcreteID CUSTOM not available AbstractID CUSTOM = AA1q9991c7f3016425481
 @State ConcreteID = SCqxcdhhad02553160388 AbstractID = SRq3fs2ra4d3311687685
 ConcreteID CUSTOM = SC1s8ke2wae43888414328 AbstractID CUSTOM = SA14kleebae7791217573

	ROLE = LeftClickAt
	TARGET =
		WIDGET = WC1s0lgei1d221172224, WR1h6ibpb92248851252, WT1vjbvvdf3603144044, WP1qtsukc191922832429
		ROLE = UIAButton
		TITLE = Cancel
		SHAPE = Rect [x:619.0 y:820.0 w:79.0 h:26.0]
		CHILDREN = 0
		PATH = [2, 0, 12]
	DESCRIPTION = Left Click at 'Cancel'
	TEXT = Compound Action =
		Move mouse to (658.5, 833.0).
		Press Mouse Button BUTTON1
		Release Mouse Button BUTTON1

ExecutedAction [54]: 
 @Action ConcreteID = AC1rnyb9cb64218203864 AbstractID = AA1rnyb9cb64218203864
 ConcreteID CUSTOM = ConcreteID CUSTOM not available AbstractID CUSTOM = AA1ix0hscb61583790823
 @State ConcreteID = SC4y7ig367b3785666629 AbstractID = SRxlga4w62c2347984354
 ConcreteID CUSTOM = SC1uuicqr6883928438422 AbstractID CUSTOM = SA9xiu9m67e2484645150

	ROLE = LeftDrag
	DESCRIPTION = Drag (329.4960156122947, 932.0) To (681.6666666666667, 932.0)
	TEXT = Compound Action =
		Move mouse to (329.4960156122947, 932.0).
		Press Mouse Button BUTTON1
		Move mouse to (681.6666666666667, 932.0).
		Release Mouse Button BUTTON1

ExecutedAction [55]: 
 @Action ConcreteID = AC1y8i0ii7f3875782596 AbstractID = AA1y8i0ii7f3875782596
 ConcreteID CUSTOM = ConcreteID CUSTOM not available AbstractID CUSTOM = AA15cjx1q7f2191263434
 @State ConcreteID = SC4y7ig367b3785666629 AbstractID = SRxlga4w62c2347984354
 ConcreteID CUSTOM = SC1uuicqr6883928438422 AbstractID CUSTOM = SA9xiu9m67e2484645150

	ROLE = LeftClickAt
	TARGET =
		WIDGET = WCdsg5py1c3010804170, WR17v7k2nb1067391859, WT1qeha5gf2005531835, WPk6niro18548921330
		ROLE = UIAMenuItem
		TITLE = View
		SHAPE = Rect [x:373.0 y:265.0 w:39.0 h:19.0]
		CHILDREN = 0
		PATH = [0, 3, 3]
	DESCRIPTION = Left Click at 'View'
	TEXT = Compound Action =
		Move mouse to (392.5, 274.5).
		Press Mouse Button BUTTON1
		Release Mouse Button BUTTON1

ExecutedAction [56]: 
 @Action ConcreteID = AC1k1qapp7e1005172534 AbstractID = AA1k1qapp7e1005172534
 ConcreteID CUSTOM = ConcreteID CUSTOM not available AbstractID CUSTOM = AAvdud4k7f245196773
 @State ConcreteID = SCh6pqy46b4898228163 AbstractID = SRwb2o5b6673424445972
 ConcreteID CUSTOM = SCnri48f6cb60994691 AbstractID CUSTOM = SAw2d2ck6c23303081820

	ROLE = LeftClickAt
	TARGET =
		WIDGET = WC1sclser222700090772, WR17v7k2nb1067391859, WT1mzygsk152008856611, WPbpt4v51e835020313
		ROLE = UIAMenuItem
		TITLE = Status Bar
		SHAPE = Rect [x:376.0 y:309.0 w:136.0 h:22.0]
		CHILDREN = 0
		PATH = [2, 0, 1]
	DESCRIPTION = Left Click at 'Status Bar'
	TEXT = Compound Action =
		Move mouse to (444.0, 320.0).
		Press Mouse Button BUTTON1
		Release Mouse Button BUTTON1

ExecutedAction [57]: 
 @Action ConcreteID = AC184hlib7f4093548646 AbstractID = AA184hlib7f4093548646
 ConcreteID CUSTOM = ConcreteID CUSTOM not available AbstractID CUSTOM = AArnwavk7f977874747
 @State ConcreteID = SC1boibmp601907817088 AbstractID = SR130f6cz5c0119411644
 ConcreteID CUSTOM = SC1lutc01609780832393 AbstractID CUSTOM = SA509rw56021210726654

	ROLE = LeftClickAt
	TARGET =
		WIDGET = WCdfgprn1c4116076503, WR17v7k2nb1067391859, WT1qe6brdf138512687, WP1hwpd4x181691246414
		ROLE = UIAMenuItem
		TITLE = Edit
		SHAPE = Rect [x:287.0 y:265.0 w:34.0 h:19.0]
		CHILDREN = 0
		PATH = [0, 3, 1]
	DESCRIPTION = Left Click at 'Edit'
	TEXT = Compound Action =
		Move mouse to (304.0, 274.5).
		Press Mouse Button BUTTON1
		Release Mouse Button BUTTON1

ExecutedAction [58]: 
 @Action ConcreteID = AC1hli8wt7e859154786 AbstractID = AA1hli8wt7e859154786
 ConcreteID CUSTOM = ConcreteID CUSTOM not available AbstractID CUSTOM = AAk9hr3s7f1009091014
 @State ConcreteID = SCojn27a719971675570 AbstractID = SR1j57zmk6d72502768004
 ConcreteID CUSTOM = SCc7clrj72a3244334815 AbstractID CUSTOM = SA15atb47222529888066

	ROLE = LeftClickAt
	TARGET =
		WIDGET = WC1h3mu682a4128331043, WR17v7k2nb1067391859, WT1uqmzu61c233198249, WP17moy0i263087759647
		ROLE = UIAMenuItem
		TITLE = Select All	Ctrl+A
		SHAPE = Rect [x:290.0 y:550.0 w:225.0 h:22.0]
		CHILDREN = 0
		PATH = [2, 0, 11]
	DESCRIPTION = Left Click at 'Select All	Ctrl+A'
	TEXT = Compound Action =
		Move mouse to (402.5, 561.0).
		Press Mouse Button BUTTON1
		Release Mouse Button BUTTON1

ExecutedAction [59]: 
 @Action ConcreteID = ACfiysy17f1747175259 AbstractID = AAfiysy17f1747175259
 ConcreteID CUSTOM = ConcreteID CUSTOM not available AbstractID CUSTOM = AA1y3hkae7f2710859782
 @State ConcreteID = SC1boibmp601907817088 AbstractID = SR130f6cz5c0119411644
 ConcreteID CUSTOM = SC1lutc01609780832393 AbstractID CUSTOM = SA509rw56021210726654

	ROLE = LeftClickAt
	TARGET =
		WIDGET = WCdsg5py1c3010804170, WR17v7k2nb1067391859, WT1qeha5gf2005531835, WPk6niro18548921330
		ROLE = UIAMenuItem
		TITLE = View
		SHAPE = Rect [x:373.0 y:265.0 w:39.0 h:19.0]
		CHILDREN = 0
		PATH = [0, 3, 3]
	DESCRIPTION = Left Click at 'View'
	TEXT = Compound Action =
		Move mouse to (392.5, 274.5).
		Press Mouse Button BUTTON1
		Release Mouse Button BUTTON1

ExecutedAction [60]: 
 @Action ConcreteID = ACmv4l0uaa2083325624 AbstractID = AAmv4l0uaa2083325624
 ConcreteID CUSTOM = ConcreteID CUSTOM not available AbstractID CUSTOM = AAe57iw5ab3200880726
 @State ConcreteID = SC1l1l3ow63e99756296 AbstractID = SRshjy765fb4055925482
 ConcreteID CUSTOM = SC1dq2dqa64e1680544797 AbstractID CUSTOM = SAbybiiz6453462270104

	ROLE = LeftDrag
	DESCRIPTION = Drag (329.4960156122947, 932.0) To (1458.0, 932.0)
	TEXT = Compound Action =
		Move mouse to (329.4960156122947, 932.0).
		Press Mouse Button BUTTON1
		Move mouse to (1458.0, 932.0).
		Release Mouse Button BUTTON1

ExecutedAction [61]: 
 @Action ConcreteID = AC1sgjtn3a03949354570 AbstractID = AA1sgjtn3a03949354570
 ConcreteID CUSTOM = ConcreteID CUSTOM not available AbstractID CUSTOM = AA18gau82a03844753058
 @State ConcreteID = SC1boibmp601907817088 AbstractID = SR130f6cz5c0119411644
 ConcreteID CUSTOM = SC1lutc01609780832393 AbstractID CUSTOM = SA509rw56021210726654

	ROLE = LeftDrag
	DESCRIPTION = Drag (1491.0, 329.0) To (1491.0, 437.6)
	TEXT = Compound Action =
		Move mouse to (1491.0, 329.0).
		Press Mouse Button BUTTON1
		Move mouse to (1491.0, 437.6).
		Release Mouse Button BUTTON1

ExecutedAction [62]: 
 @Action ConcreteID = ACvs3a1p118643950015 AbstractID = AAk89kofd42351413416
 ConcreteID CUSTOM = ConcreteID CUSTOM not available AbstractID CUSTOM = AA1ab4gmad44164096120
 @State ConcreteID = SC1boibmp601907817088 AbstractID = SR130f6cz5c0119411644
 ConcreteID CUSTOM = SC1lutc01609780832393 AbstractID CUSTOM = SA509rw56021210726654

	ROLE = ClickTypeInto
	TARGET =
		WIDGET = WChabex91c1217897630, WR4n0dlj72701565195, WTei4yvd121088706799, WP1p7t7sv182350039758
		ROLE = UIAEdit
		TITLE = Text Editor
		SHAPE = Rect [x:255.0 y:285.0 w:1244.0 h:655.0]
		CHILDREN = 1
		PATH = [1, 1]
	DESCRIPTION = Type '???????????, ???...' into 'Text Editor
	TEXT = Compound Action =
		Compound Action =
		Move mouse to (877.0, 612.5).
		Press Mouse Button BUTTON1
		Release Mouse Button BUTTON1
		Press Key 17
		Press Key 65
		Release Key 65
		Release Key 17
		Type text '???????????, ?????? ????????, ??? ???????????, ????? ???????'

ExecutedAction [63]: 
 @Action ConcreteID = AC6stj4we0158240382 AbstractID = AAymematd52466836486
 ConcreteID CUSTOM = ConcreteID CUSTOM not available AbstractID CUSTOM = AA1i6ec5ad41039477007
 @State ConcreteID = SC1a73qsa6013352813499 AbstractID = SR130f6cz5c0119411644
 ConcreteID CUSTOM = SCg66z3x60a657444686 AbstractID CUSTOM = SA509rw56021210726654

	ROLE = ClickTypeInto
	TARGET =
		WIDGET = WChav7hr1c372043535, WR4n0dlj72701565195, WTei4yvd121088706799, WP1p8d0dd183534326111
		ROLE = UIAEdit
		TITLE = Text Editor
		SHAPE = Rect [x:255.0 y:285.0 w:1244.0 h:678.0]
		CHILDREN = 3
		PATH = [2, 0]
	DESCRIPTION = Type 'NaN' into 'Text Editor
	TEXT = Compound Action =
		Compound Action =
		Move mouse to (877.0, 624.0).
		Press Mouse Button BUTTON1
		Release Mouse Button BUTTON1
		Press Key 17
		Press Key 65
		Release Key 65
		Release Key 17
		Type text 'NaN'

ExecutedAction [64]: 
 @Action ConcreteID = AC16k8dw4802297532355 AbstractID = AA16k8dw4802297532355
 ConcreteID CUSTOM = ConcreteID CUSTOM not available AbstractID CUSTOM = AAu8j28r7f418623858
 @State ConcreteID = SC1a73qsa6013352813499 AbstractID = SR130f6cz5c0119411644
 ConcreteID CUSTOM = SCg66z3x60a657444686 AbstractID CUSTOM = SA509rw56021210726654

	ROLE = LeftClickAt
	TARGET =
		WIDGET = WC9jaw3l1c2987203652, WR17v7k2nb1067391859, WT1qe72ijf99311909, WP1c5bfin18723600677
		ROLE = UIAMenuItem
		TITLE = File
		SHAPE = Rect [x:255.0 y:265.0 w:32.0 h:19.0]
		CHILDREN = 0
		PATH = [1, 3, 0]
	DESCRIPTION = Left Click at 'File'
	TEXT = Compound Action =
		Move mouse to (271.0, 274.5).
		Press Mouse Button BUTTON1
		Release Mouse Button BUTTON1

ExecutedAction [65]: 
 @Action ConcreteID = AC3e6srk801063236230 AbstractID = AA3e6srk801063236230
 ConcreteID CUSTOM = ConcreteID CUSTOM not available AbstractID CUSTOM = AA1c99v0n7f499553522
 @State ConcreteID = SC1a3fdmi6ba2793343492 AbstractID = SR1tjo60m6731218216994
 ConcreteID CUSTOM = SCd9rmyh6ca3608133859 AbstractID CUSTOM = SAn1o59z6bc1167132999

	ROLE = LeftClickAt
	TARGET =
		WIDGET = WC1b0el9s253734078347, WR17v7k2nb1067391859, WT1mkt3k3184259406525, WP30mgzi211024126892
		ROLE = UIAMenuItem
		TITLE = Page Setup...
		SHAPE = Rect [x:258.0 y:404.0 w:223.0 h:22.0]
		CHILDREN = 0
		PATH = [2, 0, 5]
	DESCRIPTION = Left Click at 'Page Setup...'
	TEXT = Compound Action =
		Move mouse to (369.5, 415.0).
		Press Mouse Button BUTTON1
		Release Mouse Button BUTTON1

ExecutedAction [66]: 
 @Action ConcreteID = ACv3k337f2197258082 AbstractID = AAv3k337f2197258082
 ConcreteID CUSTOM = ConcreteID CUSTOM not available AbstractID CUSTOM = AA930i7p7f1130104027
 @State ConcreteID = SC19ohd58af1968461876 AbstractID = SRb45zdh8421825149019
 ConcreteID CUSTOM = SC1gh0dlj8c4794762835 AbstractID CUSTOM = SArlafoz8c42710200066

	ROLE = LeftClickAt
	TARGET =
		WIDGET = WCh3lflj234229390991, WRa3fnoge3263686876, WTu95paz162645246549, WPcc0lmt1f2251348135
		ROLE = UIARadioButton
		TITLE = Portrait
		SHAPE = Rect [x:287.0 y:449.0 w:78.0 h:20.0]
		CHILDREN = 0
		PATH = [2, 0, 6]
	DESCRIPTION = Left Click at 'Portrait'
	TEXT = Compound Action =
		Move mouse to (326.0, 459.0).
		Press Mouse Button BUTTON1
		Release Mouse Button BUTTON1

ExecutedAction [67]: 
 @Action ConcreteID = ACcszf3f7f1053530056 AbstractID = AAcszf3f7f1053530056
 ConcreteID CUSTOM = ConcreteID CUSTOM not available AbstractID CUSTOM = AAl0wd817f4284542065
 @State ConcreteID = SC19ohd58af1968461876 AbstractID = SRb45zdh8421825149019
 ConcreteID CUSTOM = SC1gh0dlj8c4794762835 AbstractID CUSTOM = SArlafoz8c42710200066

	ROLE = LeftClickAt
	TARGET =
		WIDGET = WC1ab7k0v1f3856260434, WR17qbaneb3904637586, WT1u4k19x12231763435, WP1hob1bh1b3892265794
		ROLE = UIAComboBox
		TITLE = Source:
		SHAPE = Rect [x:359.0 y:384.0 w:240.0 h:21.0]
		CHILDREN = 1
		PATH = [2, 0, 4]
	DESCRIPTION = Left Click at 'Source:'
	TEXT = Compound Action =
		Move mouse to (479.0, 394.5).
		Press Mouse Button BUTTON1
		Release Mouse Button BUTTON1

ExecutedAction [68]: 
 @Action ConcreteID = AC9ia1iq7f2030780837 AbstractID = AA9ia1iq7f2030780837
 ConcreteID CUSTOM = ConcreteID CUSTOM not available AbstractID CUSTOM = AA1ukowme7f2940441267
 @State ConcreteID = SCbbqzcp9023119299287 AbstractID = SR1sy5xgd88e1253081068
 ConcreteID CUSTOM = SC1hm2gdc9142903701306 AbstractID CUSTOM = SAafcmqr9144101907750

	ROLE = LeftClickAt
	TARGET =
		WIDGET = WC62asae2496383485, WRa3fnoge3263686876, WTjezmd7174119221906, WP2icmpw204054937053
		ROLE = UIARadioButton
		TITLE = Landscape
		SHAPE = Rect [x:287.0 y:483.0 w:78.0 h:20.0]
		CHILDREN = 0
		PATH = [2, 0, 7]
	DESCRIPTION = Left Click at 'Landscape'
	TEXT = Compound Action =
		Move mouse to (326.0, 493.0).
		Press Mouse Button BUTTON1
		Release Mouse Button BUTTON1

ExecutedAction [69]: 
 @Action ConcreteID = AC6o7xdi7f2089382301 AbstractID = AA6o7xdi7f2089382301
 ConcreteID CUSTOM = ConcreteID CUSTOM not available AbstractID CUSTOM = AAew4vi47f3173124644
 @State ConcreteID = SC19ohd58af1968461876 AbstractID = SRb45zdh8421825149019
 ConcreteID CUSTOM = SC1gh0dlj8c4794762835 AbstractID CUSTOM = SArlafoz8c42710200066

	ROLE = LeftClickAt
	TARGET =
		WIDGET = WC1fqsh0i1c2124881114, WR17v7k2nb1067391859, WT1qe72ijf99311909, WPjboygg183884664251
		ROLE = UIAMenuItem
		TITLE = File
		SHAPE = Rect [x:255.0 y:265.0 w:32.0 h:19.0]
		CHILDREN = 0
		PATH = [0, 3, 0]
	DESCRIPTION = Left Click at 'File'
	TEXT = Compound Action =
		Move mouse to (271.0, 274.5).
		Press Mouse Button BUTTON1
		Release Mouse Button BUTTON1

ExecutedAction [70]: 
 @Action ConcreteID = AC6o7xdi7f2089382301 AbstractID = AA6o7xdi7f2089382301
 ConcreteID CUSTOM = ConcreteID CUSTOM not available AbstractID CUSTOM = AAew4vi47f3173124644
 @State ConcreteID = SC19ohd58af1968461876 AbstractID = SRb45zdh8421825149019
 ConcreteID CUSTOM = SC1gh0dlj8c4794762835 AbstractID CUSTOM = SArlafoz8c42710200066

	ROLE = LeftClickAt
	TARGET =
		WIDGET = WC1fqsh0i1c2124881114, WR17v7k2nb1067391859, WT1qe72ijf99311909, WPjboygg183884664251
		ROLE = UIAMenuItem
		TITLE = File
		SHAPE = Rect [x:255.0 y:265.0 w:32.0 h:19.0]
		CHILDREN = 0
		PATH = [0, 3, 0]
	DESCRIPTION = Left Click at 'File'
	TEXT = Compound Action =
		Move mouse to (271.0, 274.5).
		Press Mouse Button BUTTON1
		Release Mouse Button BUTTON1

ExecutedAction [71]: 
 @Action ConcreteID = ACjg343w7f1805439051 AbstractID = AAjg343w7f1805439051
 ConcreteID CUSTOM = ConcreteID CUSTOM not available AbstractID CUSTOM = AAro028i7f2855775218
 @State ConcreteID = SC19ohd58af1968461876 AbstractID = SRb45zdh8421825149019
 ConcreteID CUSTOM = SC1gh0dlj8c4794762835 AbstractID CUSTOM = SArlafoz8c42710200066

	ROLE = LeftClickAt
	TARGET =
		WIDGET = WCwlcpk41e4286068033, WR17v7k2nb1067391859, WTaz2n92112307194186, WP1357sc21a4134412483
		ROLE = UIAMenuItem
		TITLE = Format
		SHAPE = Rect [x:321.0 y:265.0 w:52.0 h:19.0]
		CHILDREN = 0
		PATH = [1, 3, 2]
	DESCRIPTION = Left Click at 'Format'
	TEXT = Compound Action =
		Move mouse to (347.0, 274.5).
		Press Mouse Button BUTTON1
		Release Mouse Button BUTTON1

ExecutedAction [72]: 
 @Action ConcreteID = AC85wly7f548743663 AbstractID = AA85wly7f548743663
 ConcreteID CUSTOM = ConcreteID CUSTOM not available AbstractID CUSTOM = AA8g2uqk7f3776860758
 @State ConcreteID = SC19ohd58af1968461876 AbstractID = SRb45zdh8421825149019
 ConcreteID CUSTOM = SC1gh0dlj8c4794762835 AbstractID CUSTOM = SArlafoz8c42710200066

	ROLE = LeftClickAt
	TARGET =
		WIDGET = WCit2f07243614029648, WR1h6ibpb92248851252, WTmroimq144285515309, WPbgwpnt201643095126
		ROLE = UIAButton
		TITLE = Column left
		SHAPE = Rect [x:255.0 y:923.0 w:17.0 h:17.0]
		CHILDREN = 0
		PATH = [0, 0, 1, 0]
	DESCRIPTION = Left Click at 'Column left'
	TEXT = Compound Action =
		Move mouse to (263.5, 931.5).
		Press Mouse Button BUTTON1
		Release Mouse Button BUTTON1

ExecutedAction [73]: 
 @Action ConcreteID = AC43l60b7f1580462036 AbstractID = AA43l60b7f1580462036
 ConcreteID CUSTOM = ConcreteID CUSTOM not available AbstractID CUSTOM = AAcbi44x7f2677576813
 @State ConcreteID = SC19ohd58af1968461876 AbstractID = SRb45zdh8421825149019
 ConcreteID CUSTOM = SC1gh0dlj8c4794762835 AbstractID CUSTOM = SArlafoz8c42710200066

	ROLE = LeftClickAt
	TARGET =
		WIDGET = WCdfgprn1c4116076503, WR17v7k2nb1067391859, WT1qe6brdf138512687, WP1hwpd4x181691246414
		ROLE = UIAMenuItem
		TITLE = Edit
		SHAPE = Rect [x:287.0 y:265.0 w:34.0 h:19.0]
		CHILDREN = 0
		PATH = [0, 3, 1]
	DESCRIPTION = Left Click at 'Edit'
	TEXT = Compound Action =
		Move mouse to (304.0, 274.5).
		Press Mouse Button BUTTON1
		Release Mouse Button BUTTON1

ExecutedAction [74]: 
 @Action ConcreteID = AC1aj6ff57f3320754409 AbstractID = AA1aj6ff57f3320754409
 ConcreteID CUSTOM = ConcreteID CUSTOM not available AbstractID CUSTOM = AA1ir3djr7f71682896
 @State ConcreteID = SC19ohd58af1968461876 AbstractID = SRb45zdh8421825149019
 ConcreteID CUSTOM = SC1gh0dlj8c4794762835 AbstractID CUSTOM = SArlafoz8c42710200066

	ROLE = LeftClickAt
	TARGET =
		WIDGET = WC16m2ms51c2145335636, WR17v7k2nb1067391859, WT1qeha5gf2005531835, WP1d09ztv183961380716
		ROLE = UIAMenuItem
		TITLE = View
		SHAPE = Rect [x:373.0 y:265.0 w:39.0 h:19.0]
		CHILDREN = 0
		PATH = [1, 3, 3]
	DESCRIPTION = Left Click at 'View'
	TEXT = Compound Action =
		Move mouse to (392.5, 274.5).
		Press Mouse Button BUTTON1
		Release Mouse Button BUTTON1

ExecutedAction [75]: 
 @Action ConcreteID = ACoi1s3ka03904518816 AbstractID = AAoi1s3ka03904518816
 ConcreteID CUSTOM = ConcreteID CUSTOM not available AbstractID CUSTOM = AA67xfgaa01801516145
 @State ConcreteID = SC19ohd58af1968461876 AbstractID = SRb45zdh8421825149019
 ConcreteID CUSTOM = SC1gh0dlj8c4794762835 AbstractID CUSTOM = SArlafoz8c42710200066

	ROLE = LeftDrag
	DESCRIPTION = Drag (1491.0, 329.0) To (1491.0, 670.8)
	TEXT = Compound Action =
		Move mouse to (1491.0, 329.0).
		Press Mouse Button BUTTON1
		Move mouse to (1491.0, 670.8).
		Release Mouse Button BUTTON1

ExecutedAction [76]: 
 @Action ConcreteID = AC1fk1nty80514104026 AbstractID = AA1fk1nty80514104026
 ConcreteID CUSTOM = ConcreteID CUSTOM not available AbstractID CUSTOM = AAm8ytwg802899851913
 @State ConcreteID = SC19ohd58af1968461876 AbstractID = SRb45zdh8421825149019
 ConcreteID CUSTOM = SC1gh0dlj8c4794762835 AbstractID CUSTOM = SArlafoz8c42710200066

	ROLE = LeftClickAt
	TARGET =
		WIDGET = WCkinj9s223081433268, WR1h6ibpb92248851252, WT493d5b122119396097, WP7do3sy1e1402063273
		ROLE = UIAButton
		TITLE = Line down
		SHAPE = Rect [x:1482.0 y:906.0 w:17.0 h:17.0]
		CHILDREN = 0
		PATH = [0, 0, 0, 3]
	DESCRIPTION = Left Click at 'Line down'
	TEXT = Compound Action =
		Move mouse to (1490.5, 914.5).
		Press Mouse Button BUTTON1
		Release Mouse Button BUTTON1

ExecutedAction [77]: 
 @Action ConcreteID = ACbv5i637f3495322761 AbstractID = AAbv5i637f3495322761
 ConcreteID CUSTOM = ConcreteID CUSTOM not available AbstractID CUSTOM = AAk32gap7f301801264
 @State ConcreteID = SC19ohd58af1968461876 AbstractID = SRb45zdh8421825149019
 ConcreteID CUSTOM = SC1gh0dlj8c4794762835 AbstractID CUSTOM = SArlafoz8c42710200066

	ROLE = LeftClickAt
	TARGET =
		WIDGET = WCyz2j3x222061021683, WR1h6ibpb92248851252, WT1cksruh12339931985, WP14ewzzj1e38349162
		ROLE = UIAButton
		TITLE = Page left
		SHAPE = Rect [x:272.0 y:923.0 w:26.0 h:17.0]
		CHILDREN = 0
		PATH = [0, 0, 1, 1]
	DESCRIPTION = Left Click at 'Page left'
	TEXT = Compound Action =
		Move mouse to (285.0, 931.5).
		Press Mouse Button BUTTON1
		Release Mouse Button BUTTON1

ExecutedAction [78]: 
 @Action ConcreteID = AC1ub4w3w114804531693 AbstractID = AA73bqjfd43994971526
 ConcreteID CUSTOM = ConcreteID CUSTOM not available AbstractID CUSTOM = AAwaac5xd462251988
 @State ConcreteID = SC19ohd58af1968461876 AbstractID = SRb45zdh8421825149019
 ConcreteID CUSTOM = SC1gh0dlj8c4794762835 AbstractID CUSTOM = SArlafoz8c42710200066

	ROLE = ClickTypeInto
	TARGET =
		WIDGET = WC1w1tu6d1c275885949, WR4n0dlj72701565195, WT1l4r1coe3555323271, WP1wzcph318333429059
		ROLE = UIAEdit
		TITLE = Bottom:
		SHAPE = Rect [x:557.0 y:483.0 w:42.0 h:20.0]
		CHILDREN = 0
		PATH = [2, 0, 16]
	DESCRIPTION = Type 'ABC<div style="x...' into 'Bottom:
	TEXT = Compound Action =
		Compound Action =
		Move mouse to (578.0, 493.0).
		Press Mouse Button BUTTON1
		Release Mouse Button BUTTON1
		Press Key 17
		Press Key 65
		Release Key 65
		Release Key 17
		Type text 'ABC<div style="x:\x00expression(javascript:alert(1)">DEF'

ExecutedAction [79]: 
 @Action ConcreteID = AC1hbm5oc80795241559 AbstractID = AA1hbm5oc80795241559
 ConcreteID CUSTOM = ConcreteID CUSTOM not available AbstractID CUSTOM = AAo0jbqu802635779076
 @State ConcreteID = SC19ohd58af1968461876 AbstractID = SRb45zdh8421825149019
 ConcreteID CUSTOM = SC1gh0dlj8c4794762835 AbstractID CUSTOM = SArlafoz8c42710200066

	ROLE = LeftClickAt
	TARGET =
		WIDGET = WC1a1jope251143864249, WR1h6ibpb92248851252, WT1ungvu9153002714154, WPj6r6pw213221602085
		ROLE = UIAButton
		TITLE = Column right
		SHAPE = Rect [x:1465.0 y:923.0 w:17.0 h:17.0]
		CHILDREN = 0
		PATH = [0, 0, 1, 4]
	DESCRIPTION = Left Click at 'Column right'
	TEXT = Compound Action =
		Move mouse to (1473.5, 931.5).
		Press Mouse Button BUTTON1
		Release Mouse Button BUTTON1

ExecutedAction [80]: 
 @Action ConcreteID = AC1iflk3pe4194536393 AbstractID = AA19vdg8vd41659393586
 ConcreteID CUSTOM = ConcreteID CUSTOM not available AbstractID CUSTOM = AA17zw9d42403588192
 @State ConcreteID = SC19ohd58af1968461876 AbstractID = SRb45zdh8421825149019
 ConcreteID CUSTOM = SC1gh0dlj8c4794762835 AbstractID CUSTOM = SArlafoz8c42710200066

	ROLE = ClickTypeInto
	TARGET =
		WIDGET = WC1rkhq23193906869272, WR4n0dlj72701565195, WT9bko3gb450032618, WPsgpdel153771750545
		ROLE = UIAEdit
		TITLE = Top:
		SHAPE = Rect [x:443.0 y:483.0 w:42.0 h:20.0]
		CHILDREN = 0
		PATH = [2, 0, 14]
	DESCRIPTION = Type 'Infinity' into 'Top:
	TEXT = Compound Action =
		Compound Action =
		Move mouse to (464.0, 493.0).
		Press Mouse Button BUTTON1
		Release Mouse Button BUTTON1
		Press Key 17
		Press Key 65
		Release Key 65
		Release Key 17
		Type text 'Infinity'

ExecutedAction [81]: 
 @Action ConcreteID = AC18syf3a03402717494 AbstractID = AA18syf3a03402717494
 ConcreteID CUSTOM = ConcreteID CUSTOM not available AbstractID CUSTOM = AA1hzsnqxa01225496551
 @State ConcreteID = SC19ohd58af1968461876 AbstractID = SRb45zdh8421825149019
 ConcreteID CUSTOM = SC1gh0dlj8c4794762835 AbstractID CUSTOM = SArlafoz8c42710200066

	ROLE = LeftDrag
	DESCRIPTION = Drag (1491.0, 329.0) To (1491.0, 554.2)
	TEXT = Compound Action =
		Move mouse to (1491.0, 329.0).
		Press Mouse Button BUTTON1
		Move mouse to (1491.0, 554.2).
		Release Mouse Button BUTTON1

ExecutedAction [82]: 
 @Action ConcreteID = AC85wly7f548743663 AbstractID = AA85wly7f548743663
 ConcreteID CUSTOM = ConcreteID CUSTOM not available AbstractID CUSTOM = AA8g2uqk7f3776860758
 @State ConcreteID = SC19ohd58af1968461876 AbstractID = SRb45zdh8421825149019
 ConcreteID CUSTOM = SC1gh0dlj8c4794762835 AbstractID CUSTOM = SArlafoz8c42710200066

	ROLE = LeftClickAt
	TARGET =
		WIDGET = WCit2f07243614029648, WR1h6ibpb92248851252, WTmroimq144285515309, WPbgwpnt201643095126
		ROLE = UIAButton
		TITLE = Column left
		SHAPE = Rect [x:255.0 y:923.0 w:17.0 h:17.0]
		CHILDREN = 0
		PATH = [0, 0, 1, 0]
	DESCRIPTION = Left Click at 'Column left'
	TEXT = Compound Action =
		Move mouse to (263.5, 931.5).
		Press Mouse Button BUTTON1
		Release Mouse Button BUTTON1

ExecutedAction [83]: 
 @Action ConcreteID = AC85wly7f548743663 AbstractID = AA85wly7f548743663
 ConcreteID CUSTOM = ConcreteID CUSTOM not available AbstractID CUSTOM = AA8g2uqk7f3776860758
 @State ConcreteID = SC19ohd58af1968461876 AbstractID = SRb45zdh8421825149019
 ConcreteID CUSTOM = SC1gh0dlj8c4794762835 AbstractID CUSTOM = SArlafoz8c42710200066

	ROLE = LeftClickAt
	TARGET =
		WIDGET = WCit2f07243614029648, WR1h6ibpb92248851252, WTmroimq144285515309, WPbgwpnt201643095126
		ROLE = UIAButton
		TITLE = Column left
		SHAPE = Rect [x:255.0 y:923.0 w:17.0 h:17.0]
		CHILDREN = 0
		PATH = [0, 0, 1, 0]
	DESCRIPTION = Left Click at 'Column left'
	TEXT = Compound Action =
		Move mouse to (263.5, 931.5).
		Press Mouse Button BUTTON1
		Release Mouse Button BUTTON1

ExecutedAction [84]: 
 @Action ConcreteID = ACbv5i637f3495322761 AbstractID = AAbv5i637f3495322761
 ConcreteID CUSTOM = ConcreteID CUSTOM not available AbstractID CUSTOM = AAk32gap7f301801264
 @State ConcreteID = SC19ohd58af1968461876 AbstractID = SRb45zdh8421825149019
 ConcreteID CUSTOM = SC1gh0dlj8c4794762835 AbstractID CUSTOM = SArlafoz8c42710200066

	ROLE = LeftClickAt
	TARGET =
		WIDGET = WCyz2j3x222061021683, WR1h6ibpb92248851252, WT1cksruh12339931985, WP14ewzzj1e38349162
		ROLE = UIAButton
		TITLE = Page left
		SHAPE = Rect [x:272.0 y:923.0 w:26.0 h:17.0]
		CHILDREN = 0
		PATH = [0, 0, 1, 1]
	DESCRIPTION = Left Click at 'Page left'
	TEXT = Compound Action =
		Move mouse to (285.0, 931.5).
		Press Mouse Button BUTTON1
		Release Mouse Button BUTTON1

ExecutedAction [85]: 
 @Action ConcreteID = ACcszf3f7f1053530056 AbstractID = AAcszf3f7f1053530056
 ConcreteID CUSTOM = ConcreteID CUSTOM not available AbstractID CUSTOM = AAl0wd817f4284542065
 @State ConcreteID = SC19ohd58af1968461876 AbstractID = SRb45zdh8421825149019
 ConcreteID CUSTOM = SC1gh0dlj8c4794762835 AbstractID CUSTOM = SArlafoz8c42710200066

	ROLE = LeftClickAt
	TARGET =
		WIDGET = WC1ab7k0v1f3856260434, WR17qbaneb3904637586, WT1u4k19x12231763435, WP1hob1bh1b3892265794
		ROLE = UIAComboBox
		TITLE = Source:
		SHAPE = Rect [x:359.0 y:384.0 w:240.0 h:21.0]
		CHILDREN = 1
		PATH = [2, 0, 4]
	DESCRIPTION = Left Click at 'Source:'
	TEXT = Compound Action =
		Move mouse to (479.0, 394.5).
		Press Mouse Button BUTTON1
		Release Mouse Button BUTTON1

ExecutedAction [86]: 
 @Action ConcreteID = ACym21kv7f3518059706 AbstractID = AAym21kv7f3518059706
 ConcreteID CUSTOM = ConcreteID CUSTOM not available AbstractID CUSTOM = AAkncupf7f133793708
 @State ConcreteID = SCbbqzcp9023119299287 AbstractID = SR1sy5xgd88e1253081068
 ConcreteID CUSTOM = SC1hm2gdc9142903701306 AbstractID CUSTOM = SAafcmqr9144101907750

	ROLE = LeftClickAt
	TARGET =
		WIDGET = WC182gzr132829122213, WR52qhb2b3065858412, WT1r9yp931f2203879893, WP1lpbr2j2e4009669916
		ROLE = UIAListItem
		TITLE = Automatically select
		SHAPE = Rect [x:360.0 y:406.0 w:238.0 h:13.0]
		CHILDREN = 0
		PATH = [2, 0, 4, 0, 0]
	DESCRIPTION = Left Click at 'Automatically select'
	TEXT = Compound Action =
		Move mouse to (479.0, 412.5).
		Press Mouse Button BUTTON1
		Release Mouse Button BUTTON1

ExecutedAction [87]: 
 @Action ConcreteID = AC1f9jn37a04030468182 AbstractID = AA1f9jn37a04030468182
 ConcreteID CUSTOM = ConcreteID CUSTOM not available AbstractID CUSTOM = AAwzfafxa01944510087
 @State ConcreteID = SC19ohd58af1968461876 AbstractID = SRb45zdh8421825149019
 ConcreteID CUSTOM = SC1gh0dlj8c4794762835 AbstractID CUSTOM = SArlafoz8c42710200066

	ROLE = LeftDrag
	DESCRIPTION = Drag (1491.0, 329.0) To (1491.0, 787.4)
	TEXT = Compound Action =
		Move mouse to (1491.0, 329.0).
		Press Mouse Button BUTTON1
		Move mouse to (1491.0, 787.4).
		Release Mouse Button BUTTON1

ExecutedAction [88]: 
 @Action ConcreteID = AC1fdk10pb64288030751 AbstractID = AA1fdk10pb64288030751
 ConcreteID CUSTOM = ConcreteID CUSTOM not available AbstractID CUSTOM = AA1alh3fnb632116140
 @State ConcreteID = SC19ohd58af1968461876 AbstractID = SRb45zdh8421825149019
 ConcreteID CUSTOM = SC1gh0dlj8c4794762835 AbstractID CUSTOM = SArlafoz8c42710200066

	ROLE = LeftDrag
	DESCRIPTION = Drag (329.4960156122947, 932.0) To (681.6666666666667, 932.0)
	TEXT = Compound Action =
		Move mouse to (329.4960156122947, 932.0).
		Press Mouse Button BUTTON1
		Move mouse to (681.6666666666667, 932.0).
		Release Mouse Button BUTTON1

ExecutedAction [89]: 
 @Action ConcreteID = AC6o7xdi7f2089382301 AbstractID = AA6o7xdi7f2089382301
 ConcreteID CUSTOM = ConcreteID CUSTOM not available AbstractID CUSTOM = AAew4vi47f3173124644
 @State ConcreteID = SC19ohd58af1968461876 AbstractID = SRb45zdh8421825149019
 ConcreteID CUSTOM = SC1gh0dlj8c4794762835 AbstractID CUSTOM = SArlafoz8c42710200066

	ROLE = LeftClickAt
	TARGET =
		WIDGET = WC1fqsh0i1c2124881114, WR17v7k2nb1067391859, WT1qe72ijf99311909, WPjboygg183884664251
		ROLE = UIAMenuItem
		TITLE = File
		SHAPE = Rect [x:255.0 y:265.0 w:32.0 h:19.0]
		CHILDREN = 0
		PATH = [0, 3, 0]
	DESCRIPTION = Left Click at 'File'
	TEXT = Compound Action =
		Move mouse to (271.0, 274.5).
		Press Mouse Button BUTTON1
		Release Mouse Button BUTTON1

ExecutedAction [90]: 
 @Action ConcreteID = AC1945qh21081338737768 AbstractID = AAtmcdrxd43760873044
 ConcreteID CUSTOM = ConcreteID CUSTOM not available AbstractID CUSTOM = AA1itazefd4226611206
 @State ConcreteID = SC19ohd58af1968461876 AbstractID = SRb45zdh8421825149019
 ConcreteID CUSTOM = SC1gh0dlj8c4794762835 AbstractID CUSTOM = SArlafoz8c42710200066

	ROLE = ClickTypeInto
	TARGET =
		WIDGET = WCrw7vrw1c3049297090, WR4n0dlj72701565195, WT18qgy08e4032554063, WPm0gq6m183935218249
		ROLE = UIAEdit
		TITLE = Footer:
		SHAPE = Rect [x:347.0 y:565.0 w:261.0 h:20.0]
		CHILDREN = 0
		PATH = [2, 0, 20]
	DESCRIPTION = Type '"`'><script>\x7E...' into 'Footer:
	TEXT = Compound Action =
		Compound Action =
		Move mouse to (477.5, 575.0).
		Press Mouse Button BUTTON1
		Release Mouse Button BUTTON1
		Press Key 17
		Press Key 65
		Release Key 65
		Release Key 17
		Type text '"`'><script>\x7Ejavascript:alert(1)</script>'

ExecutedAction [91]: 
 @Action ConcreteID = ACehvo07a03556295680 AbstractID = AAehvo07a03556295680
 ConcreteID CUSTOM = ConcreteID CUSTOM not available AbstractID CUSTOM = AA1v8vdc1a01344408273
 @State ConcreteID = SC19ohd58af1968461876 AbstractID = SRb45zdh8421825149019
 ConcreteID CUSTOM = SC1gh0dlj8c4794762835 AbstractID CUSTOM = SArlafoz8c42710200066

	ROLE = LeftDrag
	DESCRIPTION = Drag (1491.0, 329.0) To (1491.0, 437.6)
	TEXT = Compound Action =
		Move mouse to (1491.0, 329.0).
		Press Mouse Button BUTTON1
		Move mouse to (1491.0, 437.6).
		Release Mouse Button BUTTON1

ExecutedAction [92]: 
 @Action ConcreteID = ACv3k337f2197258082 AbstractID = AAv3k337f2197258082
 ConcreteID CUSTOM = ConcreteID CUSTOM not available AbstractID CUSTOM = AA930i7p7f1130104027
 @State ConcreteID = SC19ohd58af1968461876 AbstractID = SRb45zdh8421825149019
 ConcreteID CUSTOM = SC1gh0dlj8c4794762835 AbstractID CUSTOM = SArlafoz8c42710200066

	ROLE = LeftClickAt
	TARGET =
		WIDGET = WCh3lflj234229390991, WRa3fnoge3263686876, WTu95paz162645246549, WPcc0lmt1f2251348135
		ROLE = UIARadioButton
		TITLE = Portrait
		SHAPE = Rect [x:287.0 y:449.0 w:78.0 h:20.0]
		CHILDREN = 0
		PATH = [2, 0, 6]
	DESCRIPTION = Left Click at 'Portrait'
	TEXT = Compound Action =
		Move mouse to (326.0, 459.0).
		Press Mouse Button BUTTON1
		Release Mouse Button BUTTON1

ExecutedAction [93]: 
 @Action ConcreteID = AC1bvrvh07f1140996222 AbstractID = AA1bvrvh07f1140996222
 ConcreteID CUSTOM = ConcreteID CUSTOM not available AbstractID CUSTOM = AA1k3otlm7f2242462663
 @State ConcreteID = SC19ohd58af1968461876 AbstractID = SRb45zdh8421825149019
 ConcreteID CUSTOM = SC1gh0dlj8c4794762835 AbstractID CUSTOM = SArlafoz8c42710200066

	ROLE = LeftClickAt
	TARGET =
		WIDGET = WC1dzutbg231172063261, WR1h6ibpb92248851252, WTecs5t6133953252360, WP1s3nece1f2710215135
		ROLE = UIAButton
		TITLE = Page right
		SHAPE = Rect [x:496.0 y:923.0 w:969.0 h:17.0]
		CHILDREN = 0
		PATH = [0, 0, 1, 3]
	DESCRIPTION = Left Click at 'Page right'
	TEXT = Compound Action =
		Move mouse to (980.5, 931.5).
		Press Mouse Button BUTTON1
		Release Mouse Button BUTTON1

ExecutedAction [94]: 
 @Action ConcreteID = AC1aj6ff57f3320754409 AbstractID = AA1aj6ff57f3320754409
 ConcreteID CUSTOM = ConcreteID CUSTOM not available AbstractID CUSTOM = AA1ir3djr7f71682896
 @State ConcreteID = SC19ohd58af1968461876 AbstractID = SRb45zdh8421825149019
 ConcreteID CUSTOM = SC1gh0dlj8c4794762835 AbstractID CUSTOM = SArlafoz8c42710200066

	ROLE = LeftClickAt
	TARGET =
		WIDGET = WC16m2ms51c2145335636, WR17v7k2nb1067391859, WT1qeha5gf2005531835, WP1d09ztv183961380716
		ROLE = UIAMenuItem
		TITLE = View
		SHAPE = Rect [x:373.0 y:265.0 w:39.0 h:19.0]
		CHILDREN = 0
		PATH = [1, 3, 3]
	DESCRIPTION = Left Click at 'View'
	TEXT = Compound Action =
		Move mouse to (392.5, 274.5).
		Press Mouse Button BUTTON1
		Release Mouse Button BUTTON1

ExecutedAction [95]: 
 @Action ConcreteID = AC3p3xlf61740713551 AbstractID = AAtmcdrxd43760873044
 ConcreteID CUSTOM = ConcreteID CUSTOM not available AbstractID CUSTOM = AA1itazefd4226611206
 @State ConcreteID = SC19ohd58af1968461876 AbstractID = SRb45zdh8421825149019
 ConcreteID CUSTOM = SC1gh0dlj8c4794762835 AbstractID CUSTOM = SArlafoz8c42710200066

	ROLE = ClickTypeInto
	TARGET =
		WIDGET = WCrw7vrw1c3049297090, WR4n0dlj72701565195, WT18qgy08e4032554063, WPm0gq6m183935218249
		ROLE = UIAEdit
		TITLE = Footer:
		SHAPE = Rect [x:347.0 y:565.0 w:261.0 h:20.0]
		CHILDREN = 0
		PATH = [2, 0, 20]
	DESCRIPTION = Type 'Z???????????????...' into 'Footer:
	TEXT = Compound Action =
		Compound Action =
		Move mouse to (477.5, 575.0).
		Press Mouse Button BUTTON1
		Release Mouse Button BUTTON1
		Press Key 17
		Press Key 65
		Release Key 65
		Release Key 17
		Type text 'Z???????????????????G?O???'

ExecutedAction [96]: 
 @Action ConcreteID = AC1rbmu4se83034888558 AbstractID = AA1sffe5jd4525210899
 ConcreteID CUSTOM = ConcreteID CUSTOM not available AbstractID CUSTOM = AAil9xsxd44075133761
 @State ConcreteID = SC19ohd58af1968461876 AbstractID = SRb45zdh8421825149019
 ConcreteID CUSTOM = SC1gh0dlj8c4794762835 AbstractID CUSTOM = SArlafoz8c42710200066

	ROLE = ClickTypeInto
	TARGET =
		WIDGET = WCh9rmb11c1827454063, WR4n0dlj72701565195, WTei4yvd121088706799, WP1p79f6n182825509439
		ROLE = UIAEdit
		TITLE = Text Editor
		SHAPE = Rect [x:255.0 y:285.0 w:1244.0 h:655.0]
		CHILDREN = 3
		PATH = [0, 0]
	DESCRIPTION = Type '1'000'000,00' into 'Text Editor
	TEXT = Compound Action =
		Compound Action =
		Move mouse to (877.0, 612.5).
		Press Mouse Button BUTTON1
		Release Mouse Button BUTTON1
		Press Key 17
		Press Key 65
		Release Key 65
		Release Key 17
		Type text '1'000'000,00'

ExecutedAction [97]: 
 @Action ConcreteID = ACjruo9x7f944845632 AbstractID = AAjruo9x7f944845632
 ConcreteID CUSTOM = ConcreteID CUSTOM not available AbstractID CUSTOM = AArzrmej7f4193929465
 @State ConcreteID = SC19ohd58af1968461876 AbstractID = SRb45zdh8421825149019
 ConcreteID CUSTOM = SC1gh0dlj8c4794762835 AbstractID CUSTOM = SArlafoz8c42710200066

	ROLE = LeftClickAt
	TARGET =
		WIDGET = WC62asae2496383485, WRa3fnoge3263686876, WTjezmd7174119221906, WP2icmpw204054937053
		ROLE = UIARadioButton
		TITLE = Landscape
		SHAPE = Rect [x:287.0 y:483.0 w:78.0 h:20.0]
		CHILDREN = 0
		PATH = [2, 0, 7]
	DESCRIPTION = Left Click at 'Landscape'
	TEXT = Compound Action =
		Move mouse to (326.0, 493.0).
		Press Mouse Button BUTTON1
		Release Mouse Button BUTTON1

ExecutedAction [98]: 
 @Action ConcreteID = AC43l60b7f1580462036 AbstractID = AA43l60b7f1580462036
 ConcreteID CUSTOM = ConcreteID CUSTOM not available AbstractID CUSTOM = AAcbi44x7f2677576813
 @State ConcreteID = SC19ohd58af1968461876 AbstractID = SRb45zdh8421825149019
 ConcreteID CUSTOM = SC1gh0dlj8c4794762835 AbstractID CUSTOM = SArlafoz8c42710200066

	ROLE = LeftClickAt
	TARGET =
		WIDGET = WC16936tu1c972838729, WR17v7k2nb1067391859, WT1qe6brdf138512687, WPbp7s80182825150416
		ROLE = UIAMenuItem
		TITLE = Edit
		SHAPE = Rect [x:287.0 y:265.0 w:34.0 h:19.0]
		CHILDREN = 0
		PATH = [1, 3, 1]
	DESCRIPTION = Left Click at 'Edit'
	TEXT = Compound Action =
		Move mouse to (304.0, 274.5).
		Press Mouse Button BUTTON1
		Release Mouse Button BUTTON1

ExecutedAction [99]: 
 @Action ConcreteID = AC17v74uj7f3673103790 AbstractID = AA17v74uj7f3673103790
 ConcreteID CUSTOM = ConcreteID CUSTOM not available AbstractID CUSTOM = AA1g342z57f457467415
 @State ConcreteID = SC19ohd58af1968461876 AbstractID = SRb45zdh8421825149019
 ConcreteID CUSTOM = SC1gh0dlj8c4794762835 AbstractID CUSTOM = SArlafoz8c42710200066

	ROLE = LeftClickAt
	TARGET =
		WIDGET = WC12b45x51c517775489, WR17v7k2nb1067391859, WT1qe89j4f2180189081, WP10d1byf183180104482
		ROLE = UIAMenuItem
		TITLE = Help
		SHAPE = Rect [x:412.0 y:265.0 w:39.0 h:19.0]
		CHILDREN = 0
		PATH = [0, 3, 4]
	DESCRIPTION = Left Click at 'Help'
	TEXT = Compound Action =
		Move mouse to (431.5, 274.5).
		Press Mouse Button BUTTON1
		Release Mouse Button BUTTON1

ExecutedAction [100]: 
 @Action ConcreteID = ACjxx701ab937505234 AbstractID = AAjxx701ab937505234
 ConcreteID CUSTOM = ConcreteID CUSTOM not available AbstractID CUSTOM = AA1sxqanrab3285938469
 @State ConcreteID = SC19ohd58af1968461876 AbstractID = SRb45zdh8421825149019
 ConcreteID CUSTOM = SC1gh0dlj8c4794762835 AbstractID CUSTOM = SArlafoz8c42710200066

	ROLE = LeftDrag
	DESCRIPTION = Drag (329.4960156122947, 932.0) To (1458.0, 932.0)
	TEXT = Compound Action =
		Move mouse to (329.4960156122947, 932.0).
		Press Mouse Button BUTTON1
		Move mouse to (1458.0, 932.0).
		Release Mouse Button BUTTON1

Sequence 1 finished.
Copying generated sequence ("sequence399") to output directory...
Copying classified sequence ("sequence399") to sequences_ok folder...
