Starting sequence 1 (output as: sequence310)

ExecutedAction [1]: 
 @Action ConcreteID = ACutpz4m7e4149308445 AbstractID = AAutpz4m7e4149308445
 ConcreteID CUSTOM = ConcreteID CUSTOM not available AbstractID CUSTOM = AAg5cfmv7e736620178
 @State ConcreteID = SC6w2h61d63505289064 AbstractID = SRuxvih1ba2513313992
 ConcreteID CUSTOM = SC22ddoh1d53711883251 AbstractID CUSTOM = SA1e0xkku1d417380732

	ROLE = LeftClickAt
	TARGET =
		WIDGET = WCdfgprn1c4116076503, WR17v7k2nb1067391859, WT1qe6brdf138512687, WP1hwpd4x181691246414
		ROLE = UIAMenuItem
		TITLE = Edit
		SHAPE = Rect [x:120.0 y:111.0 w:34.0 h:19.0]
		CHILDREN = 0
		PATH = [0, 3, 1]
	DESCRIPTION = Left Click at 'Edit'
	TEXT = Compound Action =
		Move mouse to (137.0, 120.5).
		Press Mouse Button BUTTON1
		Release Mouse Button BUTTON1

ExecutedAction [2]: 
 @Action ConcreteID = ACo06goz7f3103333933 AbstractID = AAo06goz7f3103333933
 ConcreteID CUSTOM = ConcreteID CUSTOM not available AbstractID CUSTOM = AA1r3ipax7f3403761430
 @State ConcreteID = SC14wfehd2eb793389542 AbstractID = SR1hpakru2d13589890082
 ConcreteID CUSTOM = SCnfn61e2f289313879 AbstractID CUSTOM = SA3bzqiy2ea3536011733

	ROLE = LeftClickAt
	TARGET =
		WIDGET = WC15uqtry2a3639049637, WR17v7k2nb1067391859, WT1uqmzu61c233198249, WPwdsxm8262533183897
		ROLE = UIAMenuItem
		TITLE = Select All	Ctrl+A
		SHAPE = Rect [x:123.0 y:396.0 w:225.0 h:22.0]
		CHILDREN = 0
		PATH = [0, 0, 11]
	DESCRIPTION = Left Click at 'Select All	Ctrl+A'
	TEXT = Compound Action =
		Move mouse to (235.5, 407.0).
		Press Mouse Button BUTTON1
		Release Mouse Button BUTTON1

ExecutedAction [3]: 
 @Action ConcreteID = AC1bc7osx7e2624769589 AbstractID = AA1bc7osx7e2624769589
 ConcreteID CUSTOM = ConcreteID CUSTOM not available AbstractID CUSTOM = AAwnu5b67e1086606522
 @State ConcreteID = SC6w2h61d63505289064 AbstractID = SRuxvih1ba2513313992
 ConcreteID CUSTOM = SC22ddoh1d53711883251 AbstractID CUSTOM = SA1e0xkku1d417380732

	ROLE = LeftClickAt
	TARGET =
		WIDGET = WCdsg5py1c3010804170, WR17v7k2nb1067391859, WT1qeha5gf2005531835, WPk6niro18548921330
		ROLE = UIAMenuItem
		TITLE = View
		SHAPE = Rect [x:206.0 y:111.0 w:39.0 h:19.0]
		CHILDREN = 0
		PATH = [0, 3, 3]
	DESCRIPTION = Left Click at 'View'
	TEXT = Compound Action =
		Move mouse to (225.5, 120.5).
		Press Mouse Button BUTTON1
		Release Mouse Button BUTTON1

ExecutedAction [4]: 
 @Action ConcreteID = AC1xa7oye803857975138 AbstractID = AA1xa7oye803857975138
 ConcreteID CUSTOM = ConcreteID CUSTOM not available AbstractID CUSTOM = AAvsaksk801074767639
 @State ConcreteID = SC1j7l7h720b4127314174 AbstractID = SRhdom0g1f51351705365
 ConcreteID CUSTOM = SC1bk9n792112352902825 AbstractID CUSTOM = SA1odsafd20b3326211211

	ROLE = LeftClickAt
	TARGET =
		WIDGET = WCdg0id01c1198951367, WR17v7k2nb1067391859, WT1qe6brdf138512687, WP1hx95qa183605955422
		ROLE = UIAMenuItem
		TITLE = Edit
		SHAPE = Rect [x:120.0 y:111.0 w:34.0 h:19.0]
		CHILDREN = 0
		PATH = [0, 4, 1]
	DESCRIPTION = Left Click at 'Edit'
	TEXT = Compound Action =
		Move mouse to (137.0, 120.5).
		Press Mouse Button BUTTON1
		Release Mouse Button BUTTON1

ExecutedAction [5]: 
 @Action ConcreteID = AC1ksg213dd611434851 AbstractID = AA8qbrmcd33471725537
 ConcreteID CUSTOM = ConcreteID CUSTOM not available AbstractID CUSTOM = AAxboh0jd34135412219
 @State ConcreteID = SC6w2h61d63505289064 AbstractID = SRuxvih1ba2513313992
 ConcreteID CUSTOM = SC22ddoh1d53711883251 AbstractID CUSTOM = SA1e0xkku1d417380732

	ROLE = ClickTypeInto
	TARGET =
		WIDGET = WCh9rmb11c1827454063, WR4n0dlj72701565195, WTei4yvd121088706799, WP1p79f6n182825509439
		ROLE = UIAEdit
		TITLE = Text Editor
		SHAPE = Rect [x:88.0 y:131.0 w:1227.0 h:412.0]
		CHILDREN = 1
		PATH = [0, 0]
	DESCRIPTION = Type '%@' into 'Text Editor
	TEXT = Compound Action =
		Compound Action =
		Move mouse to (701.5, 337.0).
		Press Mouse Button BUTTON1
		Release Mouse Button BUTTON1
		Press Key 17
		Press Key 65
		Release Key 65
		Release Key 17
		Type text '%@'

ExecutedAction [6]: 
 @Action ConcreteID = ACnt5yek803422845829 AbstractID = AAnt5yek803422845829
 ConcreteID CUSTOM = ConcreteID CUSTOM not available AbstractID CUSTOM = AA7qva4z7e2900675774
 @State ConcreteID = SC184ev3p1d62865025435 AbstractID = SRuxvih1ba2513313992
 ConcreteID CUSTOM = SC16fyjxa1d4134607494 AbstractID CUSTOM = SA1e0xkku1d417380732

	ROLE = LeftClickAt
	TARGET =
		WIDGET = WC3rq8hx1e869414367, WR17v7k2nb1067391859, WTaz2n92112307194186, WPablb9v1a985931869
		ROLE = UIAMenuItem
		TITLE = Format
		SHAPE = Rect [x:154.0 y:111.0 w:52.0 h:19.0]
		CHILDREN = 0
		PATH = [0, 3, 2]
	DESCRIPTION = Left Click at 'Format'
	TEXT = Compound Action =
		Move mouse to (180.0, 120.5).
		Press Mouse Button BUTTON1
		Release Mouse Button BUTTON1

ExecutedAction [7]: 
 @Action ConcreteID = AC1dtccdx7f4019836243 AbstractID = AA1dtccdx7f4019836243
 ConcreteID CUSTOM = ConcreteID CUSTOM not available AbstractID CUSTOM = AAndtfao803339486523
 @State ConcreteID = SCazym5u20d1373963602 AbstractID = SRhdom0g1f51351705365
 ConcreteID CUSTOM = SCwd3b4p2124198717148 AbstractID CUSTOM = SA1odsafd20b3326211211

	ROLE = LeftClickAt
	TARGET =
		WIDGET = WC3sa13a1e2180180431, WR17v7k2nb1067391859, WTaz2n92112307194186, WPac53v81a2296708173
		ROLE = UIAMenuItem
		TITLE = Format
		SHAPE = Rect [x:154.0 y:111.0 w:52.0 h:19.0]
		CHILDREN = 0
		PATH = [0, 4, 2]
	DESCRIPTION = Left Click at 'Format'
	TEXT = Compound Action =
		Move mouse to (180.0, 120.5).
		Press Mouse Button BUTTON1
		Release Mouse Button BUTTON1

ExecutedAction [8]: 
 @Action ConcreteID = AC3p75l07f62477655 AbstractID = AA3p75l07f62477655
 ConcreteID CUSTOM = ConcreteID CUSTOM not available AbstractID CUSTOM = AA1casagv80724305215
 @State ConcreteID = SCazym5u20d1373963602 AbstractID = SRhdom0g1f51351705365
 ConcreteID CUSTOM = SCwd3b4p2124198717148 AbstractID CUSTOM = SA1odsafd20b3326211211

	ROLE = LeftClickAt
	TARGET =
		WIDGET = WCdszybb1c22406618, WR17v7k2nb1067391859, WT1qeha5gf2005531835, WPk77bd1182459370466
		ROLE = UIAMenuItem
		TITLE = View
		SHAPE = Rect [x:206.0 y:111.0 w:39.0 h:19.0]
		CHILDREN = 0
		PATH = [0, 4, 3]
	DESCRIPTION = Left Click at 'View'
	TEXT = Compound Action =
		Move mouse to (225.5, 120.5).
		Press Mouse Button BUTTON1
		Release Mouse Button BUTTON1

ExecutedAction [9]: 
 @Action ConcreteID = AC11x7wh1de1655434463 AbstractID = AA1ce9mqyd538545811
 ConcreteID CUSTOM = ConcreteID CUSTOM not available AbstractID CUSTOM = AAxboh0jd34135412219
 @State ConcreteID = SC184ev3p1d62865025435 AbstractID = SRuxvih1ba2513313992
 ConcreteID CUSTOM = SC16fyjxa1d4134607494 AbstractID CUSTOM = SA1e0xkku1d417380732

	ROLE = ClickTypeInto
	TARGET =
		WIDGET = WCh9rmb11c1827454063, WR4n0dlj72701565195, WTei4yvd121088706799, WP1p79f6n182825509439
		ROLE = UIAEdit
		TITLE = Text Editor
		SHAPE = Rect [x:88.0 y:131.0 w:1227.0 h:412.0]
		CHILDREN = 1
		PATH = [0, 0]
	DESCRIPTION = Type '1' into 'Text Editor
	TEXT = Compound Action =
		Compound Action =
		Move mouse to (701.5, 337.0).
		Press Mouse Button BUTTON1
		Release Mouse Button BUTTON1
		Press Key 17
		Press Key 65
		Release Key 65
		Release Key 17
		Type text '1'

ExecutedAction [10]: 
 @Action ConcreteID = AC1cq4tkr80539294593 AbstractID = AA1cq4tkr80539294593
 ConcreteID CUSTOM = ConcreteID CUSTOM not available AbstractID CUSTOM = AAwnu5b67e1086606522
 @State ConcreteID = SC184ev3p1d62865025435 AbstractID = SRuxvih1ba2513313992
 ConcreteID CUSTOM = SC16fyjxa1d4134607494 AbstractID CUSTOM = SA1e0xkku1d417380732

	ROLE = LeftClickAt
	TARGET =
		WIDGET = WCdsg5py1c3010804170, WR17v7k2nb1067391859, WT1qeha5gf2005531835, WPk6niro18548921330
		ROLE = UIAMenuItem
		TITLE = View
		SHAPE = Rect [x:206.0 y:111.0 w:39.0 h:19.0]
		CHILDREN = 0
		PATH = [0, 3, 3]
	DESCRIPTION = Left Click at 'View'
	TEXT = Compound Action =
		Move mouse to (225.5, 120.5).
		Press Mouse Button BUTTON1
		Release Mouse Button BUTTON1

ExecutedAction [11]: 
 @Action ConcreteID = AC1bk2bpm7f3576246060 AbstractID = AA1bk2bpm7f3576246060
 ConcreteID CUSTOM = ConcreteID CUSTOM not available AbstractID CUSTOM = AA1casagv80724305215
 @State ConcreteID = SCq69euo20b1841233499 AbstractID = SRhdom0g1f51351705365
 ConcreteID CUSTOM = SCh1t7bj211543338042 AbstractID CUSTOM = SA1odsafd20b3326211211

	ROLE = LeftClickAt
	TARGET =
		WIDGET = WCdszybb1c22406618, WR17v7k2nb1067391859, WT1qeha5gf2005531835, WPk77bd1182459370466
		ROLE = UIAMenuItem
		TITLE = View
		SHAPE = Rect [x:206.0 y:111.0 w:39.0 h:19.0]
		CHILDREN = 0
		PATH = [0, 4, 3]
	DESCRIPTION = Left Click at 'View'
	TEXT = Compound Action =
		Move mouse to (225.5, 120.5).
		Press Mouse Button BUTTON1
		Release Mouse Button BUTTON1

ExecutedAction [12]: 
 @Action ConcreteID = AC19xqran7f352992148 AbstractID = AA19xqran7f352992148
 ConcreteID CUSTOM = ConcreteID CUSTOM not available AbstractID CUSTOM = AA1aogq1w803943633287
 @State ConcreteID = SCq69euo20b1841233499 AbstractID = SRhdom0g1f51351705365
 ConcreteID CUSTOM = SCh1t7bj211543338042 AbstractID CUSTOM = SA1odsafd20b3326211211

	ROLE = LeftClickAt
	TARGET =
		WIDGET = WCudxb541c3405482637, WR17v7k2nb1067391859, WT1qejys2f1046425153, WPwz8jna183953042271
		ROLE = UIAMenuItem
		TITLE = Zoom
		SHAPE = Rect [x:209.0 y:133.0 w:136.0 h:22.0]
		CHILDREN = 0
		PATH = [0, 0, 0]
	DESCRIPTION = Left Click at 'Zoom'
	TEXT = Compound Action =
		Move mouse to (277.0, 144.0).
		Press Mouse Button BUTTON1
		Release Mouse Button BUTTON1

ExecutedAction [13]: 
 @Action ConcreteID = ACzqbwu97f926879365 AbstractID = AAzqbwu97f926879365
 ConcreteID CUSTOM = ConcreteID CUSTOM not available AbstractID CUSTOM = AA9bmnua7f3576896057
 @State ConcreteID = SC7qejmf25f4124274418 AbstractID = SRn16q6n244566666292
 ConcreteID CUSTOM = SC1jifx3v25f1953812093 AbstractID CUSTOM = SAt0c55r2561254656356

	ROLE = LeftClickAt
	TARGET =
		WIDGET = WCdtjqwo1c1010158698, WR17v7k2nb1067391859, WT1qeha5gf2005531835, WPk7r3ye182952211026
		ROLE = UIAMenuItem
		TITLE = View
		SHAPE = Rect [x:206.0 y:111.0 w:39.0 h:19.0]
		CHILDREN = 0
		PATH = [0, 5, 3]
	DESCRIPTION = Left Click at 'View'
	TEXT = Compound Action =
		Move mouse to (225.5, 120.5).
		Press Mouse Button BUTTON1
		Release Mouse Button BUTTON1

ExecutedAction [14]: 
 @Action ConcreteID = AC1cq4tkr80539294593 AbstractID = AA1cq4tkr80539294593
 ConcreteID CUSTOM = ConcreteID CUSTOM not available AbstractID CUSTOM = AAwnu5b67e1086606522
 @State ConcreteID = SC184ev3p1d62865025435 AbstractID = SRuxvih1ba2513313992
 ConcreteID CUSTOM = SC16fyjxa1d4134607494 AbstractID CUSTOM = SA1e0xkku1d417380732

	ROLE = LeftClickAt
	TARGET =
		WIDGET = WCdsg5py1c3010804170, WR17v7k2nb1067391859, WT1qeha5gf2005531835, WPk6niro18548921330
		ROLE = UIAMenuItem
		TITLE = View
		SHAPE = Rect [x:206.0 y:111.0 w:39.0 h:19.0]
		CHILDREN = 0
		PATH = [0, 3, 3]
	DESCRIPTION = Left Click at 'View'
	TEXT = Compound Action =
		Move mouse to (225.5, 120.5).
		Press Mouse Button BUTTON1
		Release Mouse Button BUTTON1

ExecutedAction [15]: 
 @Action ConcreteID = AC1bk2bpm7f3576246060 AbstractID = AA1bk2bpm7f3576246060
 ConcreteID CUSTOM = ConcreteID CUSTOM not available AbstractID CUSTOM = AA1casagv80724305215
 @State ConcreteID = SCq69euo20b1841233499 AbstractID = SRhdom0g1f51351705365
 ConcreteID CUSTOM = SCh1t7bj211543338042 AbstractID CUSTOM = SA1odsafd20b3326211211

	ROLE = LeftClickAt
	TARGET =
		WIDGET = WCdszybb1c22406618, WR17v7k2nb1067391859, WT1qeha5gf2005531835, WPk77bd1182459370466
		ROLE = UIAMenuItem
		TITLE = View
		SHAPE = Rect [x:206.0 y:111.0 w:39.0 h:19.0]
		CHILDREN = 0
		PATH = [0, 4, 3]
	DESCRIPTION = Left Click at 'View'
	TEXT = Compound Action =
		Move mouse to (225.5, 120.5).
		Press Mouse Button BUTTON1
		Release Mouse Button BUTTON1

ExecutedAction [16]: 
 @Action ConcreteID = ACy50rk802806494408 AbstractID = AAy50rk802806494408
 ConcreteID CUSTOM = ConcreteID CUSTOM not available AbstractID CUSTOM = AA1jwyeh37e3349611507
 @State ConcreteID = SC184ev3p1d62865025435 AbstractID = SRuxvih1ba2513313992
 ConcreteID CUSTOM = SC16fyjxa1d4134607494 AbstractID CUSTOM = SA1e0xkku1d417380732

	ROLE = LeftClickAt
	TARGET =
		WIDGET = WC12b45x51c517775489, WR17v7k2nb1067391859, WT1qe89j4f2180189081, WP10d1byf183180104482
		ROLE = UIAMenuItem
		TITLE = Help
		SHAPE = Rect [x:245.0 y:111.0 w:39.0 h:19.0]
		CHILDREN = 0
		PATH = [0, 3, 4]
	DESCRIPTION = Left Click at 'Help'
	TEXT = Compound Action =
		Move mouse to (264.5, 120.5).
		Press Mouse Button BUTTON1
		Release Mouse Button BUTTON1

ExecutedAction [17]: 
 @Action ConcreteID = AC9t2e0w804003612320 AbstractID = AA9t2e0w804003612320
 ConcreteID CUSTOM = ConcreteID CUSTOM not available AbstractID CUSTOM = AAp74jph801272650086
 @State ConcreteID = SC1j15o572213381621241 AbstractID = SR1p2iogu2092294951997
 ConcreteID CUSTOM = SC2iz7qc2271466903944 AbstractID CUSTOM = SA19xk86e21f1597656056

	ROLE = LeftClickAt
	TARGET =
		WIDGET = WCdg0id01c1198951367, WR17v7k2nb1067391859, WT1qe6brdf138512687, WP1hx95qa183605955422
		ROLE = UIAMenuItem
		TITLE = Edit
		SHAPE = Rect [x:120.0 y:111.0 w:34.0 h:19.0]
		CHILDREN = 0
		PATH = [0, 4, 1]
	DESCRIPTION = Left Click at 'Edit'
	TEXT = Compound Action =
		Move mouse to (137.0, 120.5).
		Press Mouse Button BUTTON1
		Release Mouse Button BUTTON1

ExecutedAction [18]: 
 @Action ConcreteID = ACy50rk802806494408 AbstractID = AAy50rk802806494408
 ConcreteID CUSTOM = ConcreteID CUSTOM not available AbstractID CUSTOM = AA1jwyeh37e3349611507
 @State ConcreteID = SC184ev3p1d62865025435 AbstractID = SRuxvih1ba2513313992
 ConcreteID CUSTOM = SC16fyjxa1d4134607494 AbstractID CUSTOM = SA1e0xkku1d417380732

	ROLE = LeftClickAt
	TARGET =
		WIDGET = WC12b45x51c517775489, WR17v7k2nb1067391859, WT1qe89j4f2180189081, WP10d1byf183180104482
		ROLE = UIAMenuItem
		TITLE = Help
		SHAPE = Rect [x:245.0 y:111.0 w:39.0 h:19.0]
		CHILDREN = 0
		PATH = [0, 3, 4]
	DESCRIPTION = Left Click at 'Help'
	TEXT = Compound Action =
		Move mouse to (264.5, 120.5).
		Press Mouse Button BUTTON1
		Release Mouse Button BUTTON1

ExecutedAction [19]: 
 @Action ConcreteID = AC1lhpnmo802956159844 AbstractID = AA1lhpnmo802956159844
 ConcreteID CUSTOM = ConcreteID CUSTOM not available AbstractID CUSTOM = AA1unrc580357184674
 @State ConcreteID = SC1j15o572213381621241 AbstractID = SR1p2iogu2092294951997
 ConcreteID CUSTOM = SC2iz7qc2271466903944 AbstractID CUSTOM = SA19xk86e21f1597656056

	ROLE = LeftClickAt
	TARGET =
		WIDGET = WC1frc9lv1c3431448778, WR17v7k2nb1067391859, WT1qe72ijf99311909, WPjc8r1t181437309355
		ROLE = UIAMenuItem
		TITLE = File
		SHAPE = Rect [x:88.0 y:111.0 w:32.0 h:19.0]
		CHILDREN = 0
		PATH = [0, 4, 0]
	DESCRIPTION = Left Click at 'File'
	TEXT = Compound Action =
		Move mouse to (104.0, 120.5).
		Press Mouse Button BUTTON1
		Release Mouse Button BUTTON1

ExecutedAction [20]: 
 @Action ConcreteID = AC1cq4tkr80539294593 AbstractID = AA1cq4tkr80539294593
 ConcreteID CUSTOM = ConcreteID CUSTOM not available AbstractID CUSTOM = AAwnu5b67e1086606522
 @State ConcreteID = SC184ev3p1d62865025435 AbstractID = SRuxvih1ba2513313992
 ConcreteID CUSTOM = SC16fyjxa1d4134607494 AbstractID CUSTOM = SA1e0xkku1d417380732

	ROLE = LeftClickAt
	TARGET =
		WIDGET = WCdsg5py1c3010804170, WR17v7k2nb1067391859, WT1qeha5gf2005531835, WPk6niro18548921330
		ROLE = UIAMenuItem
		TITLE = View
		SHAPE = Rect [x:206.0 y:111.0 w:39.0 h:19.0]
		CHILDREN = 0
		PATH = [0, 3, 3]
	DESCRIPTION = Left Click at 'View'
	TEXT = Compound Action =
		Move mouse to (225.5, 120.5).
		Press Mouse Button BUTTON1
		Release Mouse Button BUTTON1

ExecutedAction [21]: 
 @Action ConcreteID = AC1yt6kvj7f1380606053 AbstractID = AA1yt6kvj7f1380606053
 ConcreteID CUSTOM = ConcreteID CUSTOM not available AbstractID CUSTOM = AAishno802890877558
 @State ConcreteID = SCq69euo20b1841233499 AbstractID = SRhdom0g1f51351705365
 ConcreteID CUSTOM = SCh1t7bj211543338042 AbstractID CUSTOM = SA1odsafd20b3326211211

	ROLE = LeftClickAt
	TARGET =
		WIDGET = WC12bnyii1c2902228113, WR17v7k2nb1067391859, WT1qe89j4f2180189081, WP10dl4js18262952754
		ROLE = UIAMenuItem
		TITLE = Help
		SHAPE = Rect [x:245.0 y:111.0 w:39.0 h:19.0]
		CHILDREN = 0
		PATH = [0, 4, 4]
	DESCRIPTION = Left Click at 'Help'
	TEXT = Compound Action =
		Move mouse to (264.5, 120.5).
		Press Mouse Button BUTTON1
		Release Mouse Button BUTTON1

ExecutedAction [22]: 
 @Action ConcreteID = ACnt5yek803422845829 AbstractID = AAnt5yek803422845829
 ConcreteID CUSTOM = ConcreteID CUSTOM not available AbstractID CUSTOM = AA7qva4z7e2900675774
 @State ConcreteID = SC184ev3p1d62865025435 AbstractID = SRuxvih1ba2513313992
 ConcreteID CUSTOM = SC16fyjxa1d4134607494 AbstractID CUSTOM = SA1e0xkku1d417380732

	ROLE = LeftClickAt
	TARGET =
		WIDGET = WC3rq8hx1e869414367, WR17v7k2nb1067391859, WTaz2n92112307194186, WPablb9v1a985931869
		ROLE = UIAMenuItem
		TITLE = Format
		SHAPE = Rect [x:154.0 y:111.0 w:52.0 h:19.0]
		CHILDREN = 0
		PATH = [0, 3, 2]
	DESCRIPTION = Left Click at 'Format'
	TEXT = Compound Action =
		Move mouse to (180.0, 120.5).
		Press Mouse Button BUTTON1
		Release Mouse Button BUTTON1

ExecutedAction [23]: 
 @Action ConcreteID = AC1m7thvt7f1754986367 AbstractID = AA1m7thvt7f1754986367
 ConcreteID CUSTOM = ConcreteID CUSTOM not available AbstractID CUSTOM = AAvsaksk801074767639
 @State ConcreteID = SCazym5u20d1373963602 AbstractID = SRhdom0g1f51351705365
 ConcreteID CUSTOM = SCwd3b4p2124198717148 AbstractID CUSTOM = SA1odsafd20b3326211211

	ROLE = LeftClickAt
	TARGET =
		WIDGET = WCdg0id01c1198951367, WR17v7k2nb1067391859, WT1qe6brdf138512687, WP1hx95qa183605955422
		ROLE = UIAMenuItem
		TITLE = Edit
		SHAPE = Rect [x:120.0 y:111.0 w:34.0 h:19.0]
		CHILDREN = 0
		PATH = [0, 4, 1]
	DESCRIPTION = Left Click at 'Edit'
	TEXT = Compound Action =
		Move mouse to (137.0, 120.5).
		Press Mouse Button BUTTON1
		Release Mouse Button BUTTON1

ExecutedAction [24]: 
 @Action ConcreteID = ACw7n3wg801258772905 AbstractID = AAw7n3wg801258772905
 ConcreteID CUSTOM = ConcreteID CUSTOM not available AbstractID CUSTOM = AAg5cfmv7e736620178
 @State ConcreteID = SC184ev3p1d62865025435 AbstractID = SRuxvih1ba2513313992
 ConcreteID CUSTOM = SC16fyjxa1d4134607494 AbstractID CUSTOM = SA1e0xkku1d417380732

	ROLE = LeftClickAt
	TARGET =
		WIDGET = WCdfgprn1c4116076503, WR17v7k2nb1067391859, WT1qe6brdf138512687, WP1hwpd4x181691246414
		ROLE = UIAMenuItem
		TITLE = Edit
		SHAPE = Rect [x:120.0 y:111.0 w:34.0 h:19.0]
		CHILDREN = 0
		PATH = [0, 3, 1]
	DESCRIPTION = Left Click at 'Edit'
	TEXT = Compound Action =
		Move mouse to (137.0, 120.5).
		Press Mouse Button BUTTON1
		Release Mouse Button BUTTON1

ExecutedAction [25]: 
 @Action ConcreteID = ACslufdm801338073871 AbstractID = AAslufdm801338073871
 ConcreteID CUSTOM = ConcreteID CUSTOM not available AbstractID CUSTOM = AA16tr8ue7f1678535766
 @State ConcreteID = SC1f27m4o2ea1542685825 AbstractID = SR1hpakru2d13589890082
 ConcreteID CUSTOM = SC17cfysm2f21449926366 AbstractID CUSTOM = SA32r9dy2e72639583375

	ROLE = LeftClickAt
	TARGET =
		WIDGET = WCdg0id01c1198951367, WR17v7k2nb1067391859, WT1qe6brdf138512687, WP1hx95qa183605955422
		ROLE = UIAMenuItem
		TITLE = Edit
		SHAPE = Rect [x:120.0 y:111.0 w:34.0 h:19.0]
		CHILDREN = 0
		PATH = [0, 4, 1]
	DESCRIPTION = Left Click at 'Edit'
	TEXT = Compound Action =
		Move mouse to (137.0, 120.5).
		Press Mouse Button BUTTON1
		Release Mouse Button BUTTON1

ExecutedAction [26]: 
 @Action ConcreteID = ACasc26ee12667106166 AbstractID = AA1ce9mqyd538545811
 ConcreteID CUSTOM = ConcreteID CUSTOM not available AbstractID CUSTOM = AAxboh0jd34135412219
 @State ConcreteID = SC184ev3p1d62865025435 AbstractID = SRuxvih1ba2513313992
 ConcreteID CUSTOM = SC16fyjxa1d4134607494 AbstractID CUSTOM = SA1e0xkku1d417380732

	ROLE = ClickTypeInto
	TARGET =
		WIDGET = WCh9rmb11c1827454063, WR4n0dlj72701565195, WTei4yvd121088706799, WP1p79f6n182825509439
		ROLE = UIAEdit
		TITLE = Text Editor
		SHAPE = Rect [x:88.0 y:131.0 w:1227.0 h:412.0]
		CHILDREN = 1
		PATH = [0, 0]
	DESCRIPTION = Type 'COM3' into 'Text Editor
	TEXT = Compound Action =
		Compound Action =
		Move mouse to (701.5, 337.0).
		Press Mouse Button BUTTON1
		Release Mouse Button BUTTON1
		Press Key 17
		Press Key 65
		Release Key 65
		Release Key 17
		Type text 'COM3'

ExecutedAction [27]: 
 @Action ConcreteID = AC1vhtnxp803245153218 AbstractID = AA1vhtnxp803245153218
 ConcreteID CUSTOM = ConcreteID CUSTOM not available AbstractID CUSTOM = AA7qva4z7e2900675774
 @State ConcreteID = SC1yzeu8p1d52712633537 AbstractID = SRuxvih1ba2513313992
 ConcreteID CUSTOM = SC33fbch1d53440726360 AbstractID CUSTOM = SA1e0xkku1d417380732

	ROLE = LeftClickAt
	TARGET =
		WIDGET = WC3rq8hx1e869414367, WR17v7k2nb1067391859, WTaz2n92112307194186, WPablb9v1a985931869
		ROLE = UIAMenuItem
		TITLE = Format
		SHAPE = Rect [x:154.0 y:111.0 w:52.0 h:19.0]
		CHILDREN = 0
		PATH = [0, 3, 2]
	DESCRIPTION = Left Click at 'Format'
	TEXT = Compound Action =
		Move mouse to (180.0, 120.5).
		Press Mouse Button BUTTON1
		Release Mouse Button BUTTON1

ExecutedAction [28]: 
 @Action ConcreteID = AC1stq6rc7f41137575 AbstractID = AA1stq6rc7f41137575
 ConcreteID CUSTOM = ConcreteID CUSTOM not available AbstractID CUSTOM = AA13ejnrx80566849086
 @State ConcreteID = SChxi0i120c2036366902 AbstractID = SRhdom0g1f51351705365
 ConcreteID CUSTOM = SCvt3g652123505648296 AbstractID CUSTOM = SA1odsafd20b3326211211

	ROLE = LeftClickAt
	TARGET =
		WIDGET = WC1084jd1f2874738980, WR17v7k2nb1067391859, WT1k0pzz412734516100, WPdmv4jr1b3951525617
		ROLE = UIAMenuItem
		TITLE = Font...
		SHAPE = Rect [x:157.0 y:155.0 w:144.0 h:22.0]
		CHILDREN = 0
		PATH = [0, 0, 1]
	DESCRIPTION = Left Click at 'Font...'
	TEXT = Compound Action =
		Move mouse to (229.0, 166.0).
		Press Mouse Button BUTTON1
		Release Mouse Button BUTTON1

ExecutedAction [29]: 
 @Action ConcreteID = AC1ka4pr4b64154599914 AbstractID = AA1ka4pr4b64154599914
 ConcreteID CUSTOM = ConcreteID CUSTOM not available AbstractID CUSTOM = AA2mocurb72571544984
 @State ConcreteID = SC3hn8j76351668564517 AbstractID = SR3zizz15ef1087786320
 ConcreteID CUSTOM = SCig0d1v6483094678868 AbstractID CUSTOM = SA1wvmbj46361290932907

	ROLE = LeftDrag
	DESCRIPTION = Drag (295.0, 351.8157894736842) To (295.0, 372.2307692307692)
	TEXT = Compound Action =
		Move mouse to (295.0, 351.8157894736842).
		Press Mouse Button BUTTON1
		Move mouse to (295.0, 372.2307692307692).
		Release Mouse Button BUTTON1

ExecutedAction [30]: 
 @Action ConcreteID = ACzpg3q17e750691057 AbstractID = AAzpg3q17e750691057
 ConcreteID CUSTOM = ConcreteID CUSTOM not available AbstractID CUSTOM = AA1m090js804109414488
 @State ConcreteID = SCfdfypg636692136120 AbstractID = SR3zizz15ef1087786320
 ConcreteID CUSTOM = SC1rkub716482591970100 AbstractID CUSTOM = SA1wvmbj46361290932907

	ROLE = LeftClickAt
	TARGET =
		WIDGET = WCdw86fu283981117603, WR1h6ibpb92248851252, WT1cknvro121926923266, WPl155zg2427170313
		ROLE = UIAButton
		TITLE = Page down
		SHAPE = Rect [x:510.0 y:378.0 w:17.0 h:27.0]
		CHILDREN = 0
		PATH = [0, 0, 5, 0, 0, 3]
	DESCRIPTION = Left Click at 'Page down'
	TEXT = Compound Action =
		Move mouse to (518.5, 391.5).
		Press Mouse Button BUTTON1
		Release Mouse Button BUTTON1

ExecutedAction [31]: 
 @Action ConcreteID = ACgafjxa801326455278 AbstractID = AAgafjxa801326455278
 ConcreteID CUSTOM = ConcreteID CUSTOM not available AbstractID CUSTOM = AA180zmyc801181499024
 @State ConcreteID = SC11v45p56261285735187 AbstractID = SR14ipclw5db2735424803
 ConcreteID CUSTOM = SC16xdzxa633437292699 AbstractID CUSTOM = SA1b9z0al6213691014931

	ROLE = LeftClickAt
	TARGET =
		WIDGET = WC1e6239283124257528, WR1h6ibpb92248851252, WT493d5b122119396097, WP568qrr24545304214
		ROLE = UIAButton
		TITLE = Line down
		SHAPE = Rect [x:510.0 y:405.0 w:17.0 h:17.0]
		CHILDREN = 0
		PATH = [0, 0, 5, 0, 0, 3]
	DESCRIPTION = Left Click at 'Line down'
	TEXT = Compound Action =
		Move mouse to (518.5, 413.5).
		Press Mouse Button BUTTON1
		Release Mouse Button BUTTON1

ExecutedAction [32]: 
 @Action ConcreteID = AC1f8lzwm80585016549 AbstractID = AA1f8lzwm80585016549
 ConcreteID CUSTOM = ConcreteID CUSTOM not available AbstractID CUSTOM = AA7y20yk80732070811
 @State ConcreteID = SC11v45p56261285735187 AbstractID = SR14ipclw5db2735424803
 ConcreteID CUSTOM = SC16xdzxa633437292699 AbstractID CUSTOM = SA1b9z0al6213691014931

	ROLE = LeftClickAt
	TARGET =
		WIDGET = WC1mhstjk201049923362, WR52qhb2b3065858412, WT1bx8b1ed2774251573, WP1rg3mce1c1476938294
		ROLE = UIAListItem
		TITLE = 26
		SHAPE = Rect [x:468.0 y:347.0 w:42.0 h:15.0]
		CHILDREN = 0
		PATH = [0, 0, 5, 0, 3]
	DESCRIPTION = Left Click at '26'
	TEXT = Compound Action =
		Move mouse to (489.0, 354.5).
		Press Mouse Button BUTTON1
		Release Mouse Button BUTTON1

ExecutedAction [33]: 
 @Action ConcreteID = AC1svp3je801521951129 AbstractID = AA1svp3je801521951129
 ConcreteID CUSTOM = ConcreteID CUSTOM not available AbstractID CUSTOM = AAll54lc801405814503
 @State ConcreteID = SC11v45p56261285735187 AbstractID = SR14ipclw5db2735424803
 ConcreteID CUSTOM = SC16xdzxa633437292699 AbstractID CUSTOM = SA1b9z0al6213691014931

	ROLE = LeftClickAt
	TARGET =
		WIDGET = WC11s1efs252702934042, WR52qhb2b3065858412, WTh6zdq12834902686, WP133ev1i213109690462
		ROLE = UIAListItem
		TITLE = Regular
		SHAPE = Rect [x:321.0 y:317.0 w:109.0 h:19.0]
		CHILDREN = 0
		PATH = [0, 0, 3, 0, 1]
	DESCRIPTION = Left Click at 'Regular'
	TEXT = Compound Action =
		Move mouse to (375.5, 326.5).
		Press Mouse Button BUTTON1
		Release Mouse Button BUTTON1

ExecutedAction [34]: 
 @Action ConcreteID = ACsu1d0d802192823342 AbstractID = AAsu1d0d802192823342
 ConcreteID CUSTOM = ConcreteID CUSTOM not available AbstractID CUSTOM = AA1kklg1f802345661264
 @State ConcreteID = SC11v45p56261285735187 AbstractID = SR14ipclw5db2735424803
 ConcreteID CUSTOM = SC16xdzxa633437292699 AbstractID CUSTOM = SA1b9z0al6213691014931

	ROLE = LeftClickAt
	TARGET =
		WIDGET = WCycjiw1271073887721, WR52qhb2b3065858412, WTk81fjm14391569198, WP4dq46n23222956500
		ROLE = UIAListItem
		TITLE = MS Gothic
		SHAPE = Rect [x:133.0 y:412.0 w:151.0 h:19.0]
		CHILDREN = 0
		PATH = [0, 0, 1, 0, 6]
	DESCRIPTION = Left Click at 'MS Gothic'
	TEXT = Compound Action =
		Move mouse to (208.5, 421.5).
		Press Mouse Button BUTTON1
		Release Mouse Button BUTTON1

ExecutedAction [35]: 
 @Action ConcreteID = AC1i6y01804096574001 AbstractID = AA1i6y01804096574001
 ConcreteID CUSTOM = ConcreteID CUSTOM not available AbstractID CUSTOM = AAt8r113804249937231
 @State ConcreteID = SC11v45p56261285735187 AbstractID = SR14ipclw5db2735424803
 ConcreteID CUSTOM = SC16xdzxa633437292699 AbstractID CUSTOM = SA1b9z0al6213691014931

	ROLE = LeftClickAt
	TARGET =
		WIDGET = WCzjw7332a684235137, WR52qhb2b3065858412, WTqr3zqs171083766660, WPcdroz1262378936441
		ROLE = UIAListItem
		TITLE = Bold Oblique
		SHAPE = Rect [x:321.0 y:374.0 w:109.0 h:19.0]
		CHILDREN = 0
		PATH = [0, 0, 3, 0, 4]
	DESCRIPTION = Left Click at 'Bold Oblique'
	TEXT = Compound Action =
		Move mouse to (375.5, 383.5).
		Press Mouse Button BUTTON1
		Release Mouse Button BUTTON1

ExecutedAction [36]: 
 @Action ConcreteID = ACge6oh5b73784612497 AbstractID = AAge6oh5b73784612497
 ConcreteID CUSTOM = ConcreteID CUSTOM not available AbstractID CUSTOM = AAd9sqxfb7728196924
 @State ConcreteID = SC11v45p56261285735187 AbstractID = SR14ipclw5db2735424803
 ConcreteID CUSTOM = SC16xdzxa633437292699 AbstractID CUSTOM = SA1b9z0al6213691014931

	ROLE = LeftDrag
	DESCRIPTION = Drag (295.0, 380.7894736842105) To (295.0, 358.0769230769231)
	TEXT = Compound Action =
		Move mouse to (295.0, 380.7894736842105).
		Press Mouse Button BUTTON1
		Move mouse to (295.0, 358.0769230769231).
		Release Mouse Button BUTTON1

ExecutedAction [37]: 
 @Action ConcreteID = AC1plfjsl7f3271350573 AbstractID = AA1plfjsl7f3271350573
 ConcreteID CUSTOM = ConcreteID CUSTOM not available AbstractID CUSTOM = AAo1aoc280493884165
 @State ConcreteID = SCrbybp06264001070700 AbstractID = SR14ipclw5db2735424803
 ConcreteID CUSTOM = SC1t2dguk6322827975756 AbstractID CUSTOM = SA1b9z0al6213691014931

	ROLE = LeftClickAt
	TARGET =
		WIDGET = WC1mj6y7s1d616240915, WR17qbaneb3904637586, WTpnz3gh10593155151, WPpupona193114041324
		ROLE = UIAComboBox
		TITLE = Font:
		SHAPE = Rect [x:131.0 y:293.0 w:172.0 h:140.0]
		CHILDREN = 2
		PATH = [0, 0, 1]
	DESCRIPTION = Left Click at 'Font:'
	TEXT = Compound Action =
		Move mouse to (217.0, 363.0).
		Press Mouse Button BUTTON1
		Release Mouse Button BUTTON1

ExecutedAction [38]: 
 @Action ConcreteID = AC1mx60npb8479953702 AbstractID = AA1mx60npb8479953702
 ConcreteID CUSTOM = ConcreteID CUSTOM not available AbstractID CUSTOM = AA1pjxrt1b92151468487
 @State ConcreteID = SCnpbvfv6261623422872 AbstractID = SR14ipclw5db2735424803
 ConcreteID CUSTOM = SC15rebef6332262531820 AbstractID CUSTOM = SA1b9z0al6213691014931

	ROLE = LeftDrag
	DESCRIPTION = Drag (295.0, 365.05263157894734) To (295.0, 388.46153846153845)
	TEXT = Compound Action =
		Move mouse to (295.0, 365.05263157894734).
		Press Mouse Button BUTTON1
		Move mouse to (295.0, 388.46153846153845).
		Release Mouse Button BUTTON1

ExecutedAction [39]: 
 @Action ConcreteID = ACpdtjx803211656510 AbstractID = AApdtjx803211656510
 ConcreteID CUSTOM = ConcreteID CUSTOM not available AbstractID CUSTOM = AAsi48jn803543581588
 @State ConcreteID = SC19qzt9g6263993398183 AbstractID = SR14ipclw5db2735424803
 ConcreteID CUSTOM = SCckoqxy6323794068615 AbstractID CUSTOM = SA1b9z0al6213691014931

	ROLE = LeftClickAt
	TARGET =
		WIDGET = WC1d8hmb4281168148413, WR1h6ibpb92248851252, WT493d5b122119396097, WP1h0kazm243742911443
		ROLE = UIAButton
		TITLE = Line down
		SHAPE = Rect [x:284.0 y:414.0 w:17.0 h:17.0]
		CHILDREN = 0
		PATH = [0, 0, 1, 0, 0, 4]
	DESCRIPTION = Left Click at 'Line down'
	TEXT = Compound Action =
		Move mouse to (292.5, 422.5).
		Press Mouse Button BUTTON1
		Release Mouse Button BUTTON1

ExecutedAction [40]: 
 @Action ConcreteID = AC1tjr077803212222448 AbstractID = AA1tjr077803212222448
 ConcreteID CUSTOM = ConcreteID CUSTOM not available AbstractID CUSTOM = AAknombl80650559641
 @State ConcreteID = SC1h5ljin6274110947881 AbstractID = SR14ipclw5db2735424803
 ConcreteID CUSTOM = SC12v7kbc6361830158272 AbstractID CUSTOM = SA1b9z0al6213691014931

	ROLE = LeftClickAt
	TARGET =
		WIDGET = WC1grpg081d601422470, WR1h6ibpb92248851252, WT1vjbvvdf3603144044, WP1fkwu62191550463147
		ROLE = UIAButton
		TITLE = Cancel
		SHAPE = Rect [x:452.0 y:666.0 w:79.0 h:26.0]
		CHILDREN = 0
		PATH = [0, 0, 12]
	DESCRIPTION = Left Click at 'Cancel'
	TEXT = Compound Action =
		Move mouse to (491.5, 679.0).
		Press Mouse Button BUTTON1
		Release Mouse Button BUTTON1

ExecutedAction [41]: 
 @Action ConcreteID = AC1gju12980419370026 AbstractID = AA1gju12980419370026
 ConcreteID CUSTOM = ConcreteID CUSTOM not available AbstractID CUSTOM = AA1rtzp8n7e1970717526
 @State ConcreteID = SC1yzeu8p1d52712633537 AbstractID = SRuxvih1ba2513313992
 ConcreteID CUSTOM = SC33fbch1d53440726360 AbstractID CUSTOM = SA1e0xkku1d417380732

	ROLE = LeftClickAt
	TARGET =
		WIDGET = WC1fqsh0i1c2124881114, WR17v7k2nb1067391859, WT1qe72ijf99311909, WPjboygg183884664251
		ROLE = UIAMenuItem
		TITLE = File
		SHAPE = Rect [x:88.0 y:111.0 w:32.0 h:19.0]
		CHILDREN = 0
		PATH = [0, 3, 0]
	DESCRIPTION = Left Click at 'File'
	TEXT = Compound Action =
		Move mouse to (104.0, 120.5).
		Press Mouse Button BUTTON1
		Release Mouse Button BUTTON1

ExecutedAction [42]: 
 @Action ConcreteID = AC1xqin6g7f1354268383 AbstractID = AA1xqin6g7f1354268383
 ConcreteID CUSTOM = ConcreteID CUSTOM not available AbstractID CUSTOM = AAbrfavp7f1884943328
 @State ConcreteID = SCpdwp8v2893362115229 AbstractID = SRml6io426d3670816528
 ConcreteID CUSTOM = SC1otfdco28c4256353176 AbstractID CUSTOM = SAbduj6h2823690180780

	ROLE = LeftClickAt
	TARGET =
		WIDGET = WCdg0id01c1198951367, WR17v7k2nb1067391859, WT1qe6brdf138512687, WP1hx95qa183605955422
		ROLE = UIAMenuItem
		TITLE = Edit
		SHAPE = Rect [x:120.0 y:111.0 w:34.0 h:19.0]
		CHILDREN = 0
		PATH = [0, 4, 1]
	DESCRIPTION = Left Click at 'Edit'
	TEXT = Compound Action =
		Move mouse to (137.0, 120.5).
		Press Mouse Button BUTTON1
		Release Mouse Button BUTTON1

ExecutedAction [43]: 
 @Action ConcreteID = AC1gju12980419370026 AbstractID = AA1gju12980419370026
 ConcreteID CUSTOM = ConcreteID CUSTOM not available AbstractID CUSTOM = AA1rtzp8n7e1970717526
 @State ConcreteID = SC1yzeu8p1d52712633537 AbstractID = SRuxvih1ba2513313992
 ConcreteID CUSTOM = SC33fbch1d53440726360 AbstractID CUSTOM = SA1e0xkku1d417380732

	ROLE = LeftClickAt
	TARGET =
		WIDGET = WC1fqsh0i1c2124881114, WR17v7k2nb1067391859, WT1qe72ijf99311909, WPjboygg183884664251
		ROLE = UIAMenuItem
		TITLE = File
		SHAPE = Rect [x:88.0 y:111.0 w:32.0 h:19.0]
		CHILDREN = 0
		PATH = [0, 3, 0]
	DESCRIPTION = Left Click at 'File'
	TEXT = Compound Action =
		Move mouse to (104.0, 120.5).
		Press Mouse Button BUTTON1
		Release Mouse Button BUTTON1

ExecutedAction [44]: 
 @Action ConcreteID = AC1ae1ut47f237589275 AbstractID = AA1ae1ut47f237589275
 ConcreteID CUSTOM = ConcreteID CUSTOM not available AbstractID CUSTOM = AA1ng2khh7f784916004
 @State ConcreteID = SCpdwp8v2893362115229 AbstractID = SRml6io426d3670816528
 ConcreteID CUSTOM = SC1otfdco28c4256353176 AbstractID CUSTOM = SAbduj6h2823690180780

	ROLE = LeftClickAt
	TARGET =
		WIDGET = WC1frc9lv1c3431448778, WR17v7k2nb1067391859, WT1qe72ijf99311909, WPjc8r1t181437309355
		ROLE = UIAMenuItem
		TITLE = File
		SHAPE = Rect [x:88.0 y:111.0 w:32.0 h:19.0]
		CHILDREN = 0
		PATH = [0, 4, 0]
	DESCRIPTION = Left Click at 'File'
	TEXT = Compound Action =
		Move mouse to (104.0, 120.5).
		Press Mouse Button BUTTON1
		Release Mouse Button BUTTON1

ExecutedAction [45]: 
 @Action ConcreteID = AC1ae1ut47f237589275 AbstractID = AA1ae1ut47f237589275
 ConcreteID CUSTOM = ConcreteID CUSTOM not available AbstractID CUSTOM = AA1ng2khh7f784916004
 @State ConcreteID = SCpdwp8v2893362115229 AbstractID = SRml6io426d3670816528
 ConcreteID CUSTOM = SC1otfdco28c4256353176 AbstractID CUSTOM = SAbduj6h2823690180780

	ROLE = LeftClickAt
	TARGET =
		WIDGET = WC1frc9lv1c3431448778, WR17v7k2nb1067391859, WT1qe72ijf99311909, WPjc8r1t181437309355
		ROLE = UIAMenuItem
		TITLE = File
		SHAPE = Rect [x:88.0 y:111.0 w:32.0 h:19.0]
		CHILDREN = 0
		PATH = [0, 4, 0]
	DESCRIPTION = Left Click at 'File'
	TEXT = Compound Action =
		Move mouse to (104.0, 120.5).
		Press Mouse Button BUTTON1
		Release Mouse Button BUTTON1

ExecutedAction [46]: 
 @Action ConcreteID = AC1vhtnxp803245153218 AbstractID = AA1vhtnxp803245153218
 ConcreteID CUSTOM = ConcreteID CUSTOM not available AbstractID CUSTOM = AA7qva4z7e2900675774
 @State ConcreteID = SC1yzeu8p1d52712633537 AbstractID = SRuxvih1ba2513313992
 ConcreteID CUSTOM = SC33fbch1d53440726360 AbstractID CUSTOM = SA1e0xkku1d417380732

	ROLE = LeftClickAt
	TARGET =
		WIDGET = WC3rq8hx1e869414367, WR17v7k2nb1067391859, WTaz2n92112307194186, WPablb9v1a985931869
		ROLE = UIAMenuItem
		TITLE = Format
		SHAPE = Rect [x:154.0 y:111.0 w:52.0 h:19.0]
		CHILDREN = 0
		PATH = [0, 3, 2]
	DESCRIPTION = Left Click at 'Format'
	TEXT = Compound Action =
		Move mouse to (180.0, 120.5).
		Press Mouse Button BUTTON1
		Release Mouse Button BUTTON1

ExecutedAction [47]: 
 @Action ConcreteID = AC1l7h3rz7f1672838286 AbstractID = AA1l7h3rz7f1672838286
 ConcreteID CUSTOM = ConcreteID CUSTOM not available AbstractID CUSTOM = AAvsaksk801074767639
 @State ConcreteID = SChxi0i120c2036366902 AbstractID = SRhdom0g1f51351705365
 ConcreteID CUSTOM = SCvt3g652123505648296 AbstractID CUSTOM = SA1odsafd20b3326211211

	ROLE = LeftClickAt
	TARGET =
		WIDGET = WCdg0id01c1198951367, WR17v7k2nb1067391859, WT1qe6brdf138512687, WP1hx95qa183605955422
		ROLE = UIAMenuItem
		TITLE = Edit
		SHAPE = Rect [x:120.0 y:111.0 w:34.0 h:19.0]
		CHILDREN = 0
		PATH = [0, 4, 1]
	DESCRIPTION = Left Click at 'Edit'
	TEXT = Compound Action =
		Move mouse to (137.0, 120.5).
		Press Mouse Button BUTTON1
		Release Mouse Button BUTTON1

ExecutedAction [48]: 
 @Action ConcreteID = AC1gju12980419370026 AbstractID = AA1gju12980419370026
 ConcreteID CUSTOM = ConcreteID CUSTOM not available AbstractID CUSTOM = AA1rtzp8n7e1970717526
 @State ConcreteID = SC1yzeu8p1d52712633537 AbstractID = SRuxvih1ba2513313992
 ConcreteID CUSTOM = SC33fbch1d53440726360 AbstractID CUSTOM = SA1e0xkku1d417380732

	ROLE = LeftClickAt
	TARGET =
		WIDGET = WC1fqsh0i1c2124881114, WR17v7k2nb1067391859, WT1qe72ijf99311909, WPjboygg183884664251
		ROLE = UIAMenuItem
		TITLE = File
		SHAPE = Rect [x:88.0 y:111.0 w:32.0 h:19.0]
		CHILDREN = 0
		PATH = [0, 3, 0]
	DESCRIPTION = Left Click at 'File'
	TEXT = Compound Action =
		Move mouse to (104.0, 120.5).
		Press Mouse Button BUTTON1
		Release Mouse Button BUTTON1

ExecutedAction [49]: 
 @Action ConcreteID = AC1ae1ut47f237589275 AbstractID = AA1ae1ut47f237589275
 ConcreteID CUSTOM = ConcreteID CUSTOM not available AbstractID CUSTOM = AA1ng2khh7f784916004
 @State ConcreteID = SCpdwp8v2893362115229 AbstractID = SRml6io426d3670816528
 ConcreteID CUSTOM = SC1otfdco28c4256353176 AbstractID CUSTOM = SAbduj6h2823690180780

	ROLE = LeftClickAt
	TARGET =
		WIDGET = WC1frc9lv1c3431448778, WR17v7k2nb1067391859, WT1qe72ijf99311909, WPjc8r1t181437309355
		ROLE = UIAMenuItem
		TITLE = File
		SHAPE = Rect [x:88.0 y:111.0 w:32.0 h:19.0]
		CHILDREN = 0
		PATH = [0, 4, 0]
	DESCRIPTION = Left Click at 'File'
	TEXT = Compound Action =
		Move mouse to (104.0, 120.5).
		Press Mouse Button BUTTON1
		Release Mouse Button BUTTON1

ExecutedAction [50]: 
 @Action ConcreteID = AC12h0k1k7f3170407358 AbstractID = AA12h0k1k7f3170407358
 ConcreteID CUSTOM = ConcreteID CUSTOM not available AbstractID CUSTOM = AA1fj19px7f2618891905
 @State ConcreteID = SCpdwp8v2893362115229 AbstractID = SRml6io426d3670816528
 ConcreteID CUSTOM = SC1otfdco28c4256353176 AbstractID CUSTOM = SAbduj6h2823690180780

	ROLE = LeftClickAt
	TARGET =
		WIDGET = WC12bnyii1c2902228113, WR17v7k2nb1067391859, WT1qe89j4f2180189081, WP10dl4js18262952754
		ROLE = UIAMenuItem
		TITLE = Help
		SHAPE = Rect [x:245.0 y:111.0 w:39.0 h:19.0]
		CHILDREN = 0
		PATH = [0, 4, 4]
	DESCRIPTION = Left Click at 'Help'
	TEXT = Compound Action =
		Move mouse to (264.5, 120.5).
		Press Mouse Button BUTTON1
		Release Mouse Button BUTTON1

ExecutedAction [51]: 
 @Action ConcreteID = ACldoh4s80760060870 AbstractID = AAldoh4s80760060870
 ConcreteID CUSTOM = ConcreteID CUSTOM not available AbstractID CUSTOM = AAwnu5b67e1086606522
 @State ConcreteID = SC1yzeu8p1d52712633537 AbstractID = SRuxvih1ba2513313992
 ConcreteID CUSTOM = SC33fbch1d53440726360 AbstractID CUSTOM = SA1e0xkku1d417380732

	ROLE = LeftClickAt
	TARGET =
		WIDGET = WCdsg5py1c3010804170, WR17v7k2nb1067391859, WT1qeha5gf2005531835, WPk6niro18548921330
		ROLE = UIAMenuItem
		TITLE = View
		SHAPE = Rect [x:206.0 y:111.0 w:39.0 h:19.0]
		CHILDREN = 0
		PATH = [0, 3, 3]
	DESCRIPTION = Left Click at 'View'
	TEXT = Compound Action =
		Move mouse to (225.5, 120.5).
		Press Mouse Button BUTTON1
		Release Mouse Button BUTTON1

ExecutedAction [52]: 
 @Action ConcreteID = AC3s0vp010e4188254249 AbstractID = AArmqve4d43300851738
 ConcreteID CUSTOM = ConcreteID CUSTOM not available AbstractID CUSTOM = AA1576wtid52484596632
 @State ConcreteID = SC1ldes2320a562013714 AbstractID = SRhdom0g1f51351705365
 ConcreteID CUSTOM = SCghtccz211181537358 AbstractID CUSTOM = SA1odsafd20b3326211211

	ROLE = ClickTypeInto
	TARGET =
		WIDGET = WCh9rmbw1c1979157806, WR4n0dlj72701565195, WTei4yvd121088706799, WP1p79f7i182977098622
		ROLE = UIAEdit
		TITLE = Text Editor
		SHAPE = Rect [x:88.0 y:131.0 w:1227.0 h:412.0]
		CHILDREN = 1
		PATH = [0, 1]
	DESCRIPTION = Type '<SCRIPT/SRC="htt...' into 'Text Editor
	TEXT = Compound Action =
		Compound Action =
		Move mouse to (701.5, 337.0).
		Press Mouse Button BUTTON1
		Release Mouse Button BUTTON1
		Press Key 17
		Press Key 65
		Release Key 65
		Release Key 17
		Type text '<SCRIPT/SRC="http://ha.ckers.org/xss.js"></SCRIPT>'

ExecutedAction [53]: 
 @Action ConcreteID = AC16bj51u804184194489 AbstractID = AA16bj51u804184194489
 ConcreteID CUSTOM = ConcreteID CUSTOM not available AbstractID CUSTOM = AA1rtzp8n7e1970717526
 @State ConcreteID = SC18e4waw1d63314728341 AbstractID = SRuxvih1ba2513313992
 ConcreteID CUSTOM = SC10ch1fo1d51205484067 AbstractID CUSTOM = SA1e0xkku1d417380732

	ROLE = LeftClickAt
	TARGET =
		WIDGET = WC1fqsh0i1c2124881114, WR17v7k2nb1067391859, WT1qe72ijf99311909, WPjboygg183884664251
		ROLE = UIAMenuItem
		TITLE = File
		SHAPE = Rect [x:88.0 y:111.0 w:32.0 h:19.0]
		CHILDREN = 0
		PATH = [0, 3, 0]
	DESCRIPTION = Left Click at 'File'
	TEXT = Compound Action =
		Move mouse to (104.0, 120.5).
		Press Mouse Button BUTTON1
		Release Mouse Button BUTTON1

ExecutedAction [54]: 
 @Action ConcreteID = AC1l50a8g7f2618819296 AbstractID = AA1l50a8g7f2618819296
 ConcreteID CUSTOM = ConcreteID CUSTOM not available AbstractID CUSTOM = AA3cy5dt7f4149924300
 @State ConcreteID = SC4lohxy28a2549322941 AbstractID = SRml6io426d3670816528
 ConcreteID CUSTOM = SC5gpc5m28c4204363394 AbstractID CUSTOM = SAbduj6h2823690180780

	ROLE = LeftClickAt
	TARGET =
		WIDGET = WC3sa13a1e2180180431, WR17v7k2nb1067391859, WTaz2n92112307194186, WPac53v81a2296708173
		ROLE = UIAMenuItem
		TITLE = Format
		SHAPE = Rect [x:154.0 y:111.0 w:52.0 h:19.0]
		CHILDREN = 0
		PATH = [0, 4, 2]
	DESCRIPTION = Left Click at 'Format'
	TEXT = Compound Action =
		Move mouse to (180.0, 120.5).
		Press Mouse Button BUTTON1
		Release Mouse Button BUTTON1

ExecutedAction [55]: 
 @Action ConcreteID = AC1tnzxf6802817822845 AbstractID = AA1tnzxf6802817822845
 ConcreteID CUSTOM = ConcreteID CUSTOM not available AbstractID CUSTOM = AAg5cfmv7e736620178
 @State ConcreteID = SC18e4waw1d63314728341 AbstractID = SRuxvih1ba2513313992
 ConcreteID CUSTOM = SC10ch1fo1d51205484067 AbstractID CUSTOM = SA1e0xkku1d417380732

	ROLE = LeftClickAt
	TARGET =
		WIDGET = WCdfgprn1c4116076503, WR17v7k2nb1067391859, WT1qe6brdf138512687, WP1hwpd4x181691246414
		ROLE = UIAMenuItem
		TITLE = Edit
		SHAPE = Rect [x:120.0 y:111.0 w:34.0 h:19.0]
		CHILDREN = 0
		PATH = [0, 3, 1]
	DESCRIPTION = Left Click at 'Edit'
	TEXT = Compound Action =
		Move mouse to (137.0, 120.5).
		Press Mouse Button BUTTON1
		Release Mouse Button BUTTON1

ExecutedAction [56]: 
 @Action ConcreteID = AC17kxrvg7f2569519938 AbstractID = AA17kxrvg7f2569519938
 ConcreteID CUSTOM = ConcreteID CUSTOM not available AbstractID CUSTOM = AA1q2vh337f2306810841
 @State ConcreteID = SCqmmcqa2ea3696257726 AbstractID = SR1hpakru2d13589890082
 ConcreteID CUSTOM = SC1mgu4m42f22079788976 AbstractID CUSTOM = SA32r9dy2e72639583375

	ROLE = LeftClickAt
	TARGET =
		WIDGET = WCcylh3u232072087158, WR17v7k2nb1067391859, WTjnn3a816964194539, WPxzzyqw1f3450305907
		ROLE = UIAMenuItem
		TITLE = Undo	Ctrl+Z
		SHAPE = Rect [x:123.0 y:133.0 w:225.0 h:22.0]
		CHILDREN = 0
		PATH = [0, 0, 0]
	DESCRIPTION = Left Click at 'Undo	Ctrl+Z'
	TEXT = Compound Action =
		Move mouse to (235.5, 144.0).
		Press Mouse Button BUTTON1
		Release Mouse Button BUTTON1

ExecutedAction [57]: 
 @Action ConcreteID = AC9n6rge0186547094 AbstractID = AA1aalsspd53554734614
 ConcreteID CUSTOM = ConcreteID CUSTOM not available AbstractID CUSTOM = AAxboh0jd34135412219
 @State ConcreteID = SC1yzeu8p1d52712633537 AbstractID = SRuxvih1ba2513313992
 ConcreteID CUSTOM = SC33fbch1d53440726360 AbstractID CUSTOM = SA1e0xkku1d417380732

	ROLE = ClickTypeInto
	TARGET =
		WIDGET = WCh9rmb11c1827454063, WR4n0dlj72701565195, WTei4yvd121088706799, WP1p79f6n182825509439
		ROLE = UIAEdit
		TITLE = Text Editor
		SHAPE = Rect [x:88.0 y:131.0 w:1227.0 h:412.0]
		CHILDREN = 1
		PATH = [0, 0]
	DESCRIPTION = Type 'NaN' into 'Text Editor
	TEXT = Compound Action =
		Compound Action =
		Move mouse to (701.5, 337.0).
		Press Mouse Button BUTTON1
		Release Mouse Button BUTTON1
		Press Key 17
		Press Key 65
		Release Key 65
		Release Key 17
		Type text 'NaN'

ExecutedAction [58]: 
 @Action ConcreteID = ACcvysc780493831857 AbstractID = AAcvysc780493831857
 ConcreteID CUSTOM = ConcreteID CUSTOM not available AbstractID CUSTOM = AAwnu5b67e1086606522
 @State ConcreteID = SC1046s261d62142540641 AbstractID = SRuxvih1ba2513313992
 ConcreteID CUSTOM = SC1u0l4ln1d5184917510 AbstractID CUSTOM = SA1e0xkku1d417380732

	ROLE = LeftClickAt
	TARGET =
		WIDGET = WCdsg5py1c3010804170, WR17v7k2nb1067391859, WT1qeha5gf2005531835, WPk6niro18548921330
		ROLE = UIAMenuItem
		TITLE = View
		SHAPE = Rect [x:206.0 y:111.0 w:39.0 h:19.0]
		CHILDREN = 0
		PATH = [0, 3, 3]
	DESCRIPTION = Left Click at 'View'
	TEXT = Compound Action =
		Move mouse to (225.5, 120.5).
		Press Mouse Button BUTTON1
		Release Mouse Button BUTTON1

ExecutedAction [59]: 
 @Action ConcreteID = AC1uzmf2fe12385026385 AbstractID = AA1cexwi4d4792821177
 ConcreteID CUSTOM = ConcreteID CUSTOM not available AbstractID CUSTOM = AA1576wtid52484596632
 @State ConcreteID = SC1rg01fa20a796848106 AbstractID = SRhdom0g1f51351705365
 ConcreteID CUSTOM = SC1bj0v9b2101045620090 AbstractID CUSTOM = SA1odsafd20b3326211211

	ROLE = ClickTypeInto
	TARGET =
		WIDGET = WCh9rmbw1c1979157806, WR4n0dlj72701565195, WTei4yvd121088706799, WP1p79f7i182977098622
		ROLE = UIAEdit
		TITLE = Text Editor
		SHAPE = Rect [x:88.0 y:131.0 w:1227.0 h:412.0]
		CHILDREN = 1
		PATH = [0, 1]
	DESCRIPTION = Type '1#IND' into 'Text Editor
	TEXT = Compound Action =
		Compound Action =
		Move mouse to (701.5, 337.0).
		Press Mouse Button BUTTON1
		Release Mouse Button BUTTON1
		Press Key 17
		Press Key 65
		Release Key 65
		Release Key 17
		Type text '1#IND'

ExecutedAction [60]: 
 @Action ConcreteID = AC1gju12980419370026 AbstractID = AA1gju12980419370026
 ConcreteID CUSTOM = ConcreteID CUSTOM not available AbstractID CUSTOM = AA1rtzp8n7e1970717526
 @State ConcreteID = SC1yzeu8p1d52712633537 AbstractID = SRuxvih1ba2513313992
 ConcreteID CUSTOM = SC33fbch1d53440726360 AbstractID CUSTOM = SA1e0xkku1d417380732

	ROLE = LeftClickAt
	TARGET =
		WIDGET = WC1fqsh0i1c2124881114, WR17v7k2nb1067391859, WT1qe72ijf99311909, WPjboygg183884664251
		ROLE = UIAMenuItem
		TITLE = File
		SHAPE = Rect [x:88.0 y:111.0 w:32.0 h:19.0]
		CHILDREN = 0
		PATH = [0, 3, 0]
	DESCRIPTION = Left Click at 'File'
	TEXT = Compound Action =
		Move mouse to (104.0, 120.5).
		Press Mouse Button BUTTON1
		Release Mouse Button BUTTON1

ExecutedAction [61]: 
 @Action ConcreteID = ACpn19t97f199790740 AbstractID = AApn19t97f199790740
 ConcreteID CUSTOM = ConcreteID CUSTOM not available AbstractID CUSTOM = AA12p1zhm7f722017707
 @State ConcreteID = SCpdwp8v2893362115229 AbstractID = SRml6io426d3670816528
 ConcreteID CUSTOM = SC1otfdco28c4256353176 AbstractID CUSTOM = SAbduj6h2823690180780

	ROLE = LeftClickAt
	TARGET =
		WIDGET = WC1oe9p4i252629076214, WR17v7k2nb1067391859, WT1mkt3k3184259406525, WPgehku8212133846225
		ROLE = UIAMenuItem
		TITLE = Page Setup...
		SHAPE = Rect [x:91.0 y:250.0 w:223.0 h:22.0]
		CHILDREN = 0
		PATH = [0, 0, 5]
	DESCRIPTION = Left Click at 'Page Setup...'
	TEXT = Compound Action =
		Move mouse to (202.5, 261.0).
		Press Mouse Button BUTTON1
		Release Mouse Button BUTTON1

ExecutedAction [62]: 
 @Action ConcreteID = AC1xdrtwp11c2711172112 AbstractID = AA1u5n8bd43775069262
 ConcreteID CUSTOM = ConcreteID CUSTOM not available AbstractID CUSTOM = AA1hsjnnkd13920060637
 @State ConcreteID = SCw1aqj647f3429551959 AbstractID = SR9msvzd43c3778389333
 ConcreteID CUSTOM = SC792uf04843736729587 AbstractID CUSTOM = SAr428348157730185

	ROLE = ClickTypeInto
	TARGET =
		WIDGET = WCgnbvdm1c2604055620, WR4n0dlj72701565195, WT18qgy08e4032554063, WParkpsc183296232143
		ROLE = UIAEdit
		TITLE = Footer:
		SHAPE = Rect [x:180.0 y:411.0 w:261.0 h:20.0]
		CHILDREN = 0
		PATH = [0, 0, 20]
	DESCRIPTION = Type 'ABC<div style="x...' into 'Footer:
	TEXT = Compound Action =
		Compound Action =
		Move mouse to (310.5, 421.0).
		Press Mouse Button BUTTON1
		Release Mouse Button BUTTON1
		Press Key 17
		Press Key 65
		Release Key 65
		Release Key 17
		Type text 'ABC<div style="x:\xEF\xBB\xBFexpression(javascript:alert(1)">DEF'

ExecutedAction [63]: 
 @Action ConcreteID = ACjhh5xv7f3563524649 AbstractID = AAjhh5xv7f3563524649
 ConcreteID CUSTOM = ConcreteID CUSTOM not available AbstractID CUSTOM = AA15ggsjy7c2818818096
 @State ConcreteID = SCw1aqj647f3429551959 AbstractID = SR9msvzd43c3778389333
 ConcreteID CUSTOM = SC792uf04843736729587 AbstractID CUSTOM = SAr428348157730185

	ROLE = LeftClickAt
	TARGET =
		WIDGET = WCi7bzgr193162854499, WR1h6ibpb92248851252, WTzj707vb935461581, WP1iyc5h9151692913615
		ROLE = UIAButton
		TITLE = OK
		SHAPE = Rect [x:462.0 y:445.0 w:75.0 h:23.0]
		CHILDREN = 0
		PATH = [0, 0, 22]
	DESCRIPTION = Left Click at 'OK'
	TEXT = Compound Action =
		Move mouse to (499.5, 456.5).
		Press Mouse Button BUTTON1
		Release Mouse Button BUTTON1

ExecutedAction [64]: 
 @Action ConcreteID = AC4v6rgh801181628910 AbstractID = AA4v6rgh801181628910
 ConcreteID CUSTOM = ConcreteID CUSTOM not available AbstractID CUSTOM = AAg5cfmv7e736620178
 @State ConcreteID = SC1yzeu8p1d52712633537 AbstractID = SRuxvih1ba2513313992
 ConcreteID CUSTOM = SC33fbch1d53440726360 AbstractID CUSTOM = SA1e0xkku1d417380732

	ROLE = LeftClickAt
	TARGET =
		WIDGET = WCdfgprn1c4116076503, WR17v7k2nb1067391859, WT1qe6brdf138512687, WP1hwpd4x181691246414
		ROLE = UIAMenuItem
		TITLE = Edit
		SHAPE = Rect [x:120.0 y:111.0 w:34.0 h:19.0]
		CHILDREN = 0
		PATH = [0, 3, 1]
	DESCRIPTION = Left Click at 'Edit'
	TEXT = Compound Action =
		Move mouse to (137.0, 120.5).
		Press Mouse Button BUTTON1
		Release Mouse Button BUTTON1

ExecutedAction [65]: 
 @Action ConcreteID = AC4w9jbj7f1875917806 AbstractID = AA4w9jbj7f1875917806
 ConcreteID CUSTOM = ConcreteID CUSTOM not available AbstractID CUSTOM = AA1wy2tc27f1738505931
 @State ConcreteID = SCa22omr2e91867483832 AbstractID = SR1hpakru2d13589890082
 ConcreteID CUSTOM = SC16sg3u22f22094840490 AbstractID CUSTOM = SA32r9dy2e72639583375

	ROLE = LeftClickAt
	TARGET =
		WIDGET = WCmrj4k4323591046090, WR17v7k2nb1067391859, WT3dz2jl252072595598, WP2kbllu2e4108292581
		ROLE = UIAMenuItem
		TITLE = Search with Bing...	Ctrl+E
		SHAPE = Rect [x:123.0 y:257.0 w:225.0 h:22.0]
		CHILDREN = 0
		PATH = [0, 0, 5]
	DESCRIPTION = Left Click at 'Search with Bing...	Ctrl+E'
	TEXT = Compound Action =
		Move mouse to (235.5, 268.0).
		Press Mouse Button BUTTON1
		Release Mouse Button BUTTON1

ExecutedAction [66]: 
 @Action ConcreteID = AC4v6rgh801181628910 AbstractID = AA4v6rgh801181628910
 ConcreteID CUSTOM = ConcreteID CUSTOM not available AbstractID CUSTOM = AAg5cfmv7e736620178
 @State ConcreteID = SC1yzeu8p1d52712633537 AbstractID = SRuxvih1ba2513313992
 ConcreteID CUSTOM = SC33fbch1d53440726360 AbstractID CUSTOM = SA1e0xkku1d417380732

	ROLE = LeftClickAt
	TARGET =
		WIDGET = WCdfgprn1c4116076503, WR17v7k2nb1067391859, WT1qe6brdf138512687, WP1hwpd4x181691246414
		ROLE = UIAMenuItem
		TITLE = Edit
		SHAPE = Rect [x:120.0 y:111.0 w:34.0 h:19.0]
		CHILDREN = 0
		PATH = [0, 3, 1]
	DESCRIPTION = Left Click at 'Edit'
	TEXT = Compound Action =
		Move mouse to (137.0, 120.5).
		Press Mouse Button BUTTON1
		Release Mouse Button BUTTON1

ExecutedAction [67]: 
 @Action ConcreteID = AC1i6viqe7f3480385202 AbstractID = AA1i6viqe7f3480385202
 ConcreteID CUSTOM = ConcreteID CUSTOM not available AbstractID CUSTOM = AA1b7kqrt7f3342676887
 @State ConcreteID = SCa22omr2e91867483832 AbstractID = SR1hpakru2d13589890082
 ConcreteID CUSTOM = SC16sg3u22f22094840490 AbstractID CUSTOM = SA32r9dy2e72639583375

	ROLE = LeftClickAt
	TARGET =
		WIDGET = WC15uqtry2a3639049637, WR17v7k2nb1067391859, WT1uqmzu61c233198249, WPwdsxm8262533183897
		ROLE = UIAMenuItem
		TITLE = Select All	Ctrl+A
		SHAPE = Rect [x:123.0 y:396.0 w:225.0 h:22.0]
		CHILDREN = 0
		PATH = [0, 0, 11]
	DESCRIPTION = Left Click at 'Select All	Ctrl+A'
	TEXT = Compound Action =
		Move mouse to (235.5, 407.0).
		Press Mouse Button BUTTON1
		Release Mouse Button BUTTON1

ExecutedAction [68]: 
 @Action ConcreteID = AC18msqap802855195791 AbstractID = AA18msqap802855195791
 ConcreteID CUSTOM = ConcreteID CUSTOM not available AbstractID CUSTOM = AA1jwyeh37e3349611507
 @State ConcreteID = SC1yzeu8p1d52712633537 AbstractID = SRuxvih1ba2513313992
 ConcreteID CUSTOM = SC33fbch1d53440726360 AbstractID CUSTOM = SA1e0xkku1d417380732

	ROLE = LeftClickAt
	TARGET =
		WIDGET = WC12b45x51c517775489, WR17v7k2nb1067391859, WT1qe89j4f2180189081, WP10d1byf183180104482
		ROLE = UIAMenuItem
		TITLE = Help
		SHAPE = Rect [x:245.0 y:111.0 w:39.0 h:19.0]
		CHILDREN = 0
		PATH = [0, 3, 4]
	DESCRIPTION = Left Click at 'Help'
	TEXT = Compound Action =
		Move mouse to (264.5, 120.5).
		Press Mouse Button BUTTON1
		Release Mouse Button BUTTON1

ExecutedAction [69]: 
 @Action ConcreteID = AC1ng5m9k7f4157802894 AbstractID = AA1ng5m9k7f4157802894
 ConcreteID CUSTOM = ConcreteID CUSTOM not available AbstractID CUSTOM = AA1syqijp802812015623
 @State ConcreteID = SCnxlzj42203241437556 AbstractID = SR1p2iogu2092294951997
 ConcreteID CUSTOM = SC1yzcrs2272111801852 AbstractID CUSTOM = SA19xk86e21f1597656056

	ROLE = LeftClickAt
	TARGET =
		WIDGET = WC12bnyii1c2902228113, WR17v7k2nb1067391859, WT1qe89j4f2180189081, WP10dl4js18262952754
		ROLE = UIAMenuItem
		TITLE = Help
		SHAPE = Rect [x:245.0 y:111.0 w:39.0 h:19.0]
		CHILDREN = 0
		PATH = [0, 4, 4]
	DESCRIPTION = Left Click at 'Help'
	TEXT = Compound Action =
		Move mouse to (264.5, 120.5).
		Press Mouse Button BUTTON1
		Release Mouse Button BUTTON1

ExecutedAction [70]: 
 @Action ConcreteID = AC18msqap802855195791 AbstractID = AA18msqap802855195791
 ConcreteID CUSTOM = ConcreteID CUSTOM not available AbstractID CUSTOM = AA1jwyeh37e3349611507
 @State ConcreteID = SC1yzeu8p1d52712633537 AbstractID = SRuxvih1ba2513313992
 ConcreteID CUSTOM = SC33fbch1d53440726360 AbstractID CUSTOM = SA1e0xkku1d417380732

	ROLE = LeftClickAt
	TARGET =
		WIDGET = WC12b45x51c517775489, WR17v7k2nb1067391859, WT1qe89j4f2180189081, WP10d1byf183180104482
		ROLE = UIAMenuItem
		TITLE = Help
		SHAPE = Rect [x:245.0 y:111.0 w:39.0 h:19.0]
		CHILDREN = 0
		PATH = [0, 3, 4]
	DESCRIPTION = Left Click at 'Help'
	TEXT = Compound Action =
		Move mouse to (264.5, 120.5).
		Press Mouse Button BUTTON1
		Release Mouse Button BUTTON1

ExecutedAction [71]: 
 @Action ConcreteID = AC1ng5m9k7f4157802894 AbstractID = AA1ng5m9k7f4157802894
 ConcreteID CUSTOM = ConcreteID CUSTOM not available AbstractID CUSTOM = AA1syqijp802812015623
 @State ConcreteID = SCnxlzj42203241437556 AbstractID = SR1p2iogu2092294951997
 ConcreteID CUSTOM = SC1yzcrs2272111801852 AbstractID CUSTOM = SA19xk86e21f1597656056

	ROLE = LeftClickAt
	TARGET =
		WIDGET = WC12bnyii1c2902228113, WR17v7k2nb1067391859, WT1qe89j4f2180189081, WP10dl4js18262952754
		ROLE = UIAMenuItem
		TITLE = Help
		SHAPE = Rect [x:245.0 y:111.0 w:39.0 h:19.0]
		CHILDREN = 0
		PATH = [0, 4, 4]
	DESCRIPTION = Left Click at 'Help'
	TEXT = Compound Action =
		Move mouse to (264.5, 120.5).
		Press Mouse Button BUTTON1
		Release Mouse Button BUTTON1

ExecutedAction [72]: 
 @Action ConcreteID = AC1vhtnxp803245153218 AbstractID = AA1vhtnxp803245153218
 ConcreteID CUSTOM = ConcreteID CUSTOM not available AbstractID CUSTOM = AA7qva4z7e2900675774
 @State ConcreteID = SC1yzeu8p1d52712633537 AbstractID = SRuxvih1ba2513313992
 ConcreteID CUSTOM = SC33fbch1d53440726360 AbstractID CUSTOM = SA1e0xkku1d417380732

	ROLE = LeftClickAt
	TARGET =
		WIDGET = WC3rq8hx1e869414367, WR17v7k2nb1067391859, WTaz2n92112307194186, WPablb9v1a985931869
		ROLE = UIAMenuItem
		TITLE = Format
		SHAPE = Rect [x:154.0 y:111.0 w:52.0 h:19.0]
		CHILDREN = 0
		PATH = [0, 3, 2]
	DESCRIPTION = Left Click at 'Format'
	TEXT = Compound Action =
		Move mouse to (180.0, 120.5).
		Press Mouse Button BUTTON1
		Release Mouse Button BUTTON1

ExecutedAction [73]: 
 @Action ConcreteID = AC2ourh67f144105126 AbstractID = AA2ourh67f144105126
 ConcreteID CUSTOM = ConcreteID CUSTOM not available AbstractID CUSTOM = AA1casagv80724305215
 @State ConcreteID = SChxi0i120c2036366902 AbstractID = SRhdom0g1f51351705365
 ConcreteID CUSTOM = SCvt3g652123505648296 AbstractID CUSTOM = SA1odsafd20b3326211211

	ROLE = LeftClickAt
	TARGET =
		WIDGET = WCdszybb1c22406618, WR17v7k2nb1067391859, WT1qeha5gf2005531835, WPk77bd1182459370466
		ROLE = UIAMenuItem
		TITLE = View
		SHAPE = Rect [x:206.0 y:111.0 w:39.0 h:19.0]
		CHILDREN = 0
		PATH = [0, 4, 3]
	DESCRIPTION = Left Click at 'View'
	TEXT = Compound Action =
		Move mouse to (225.5, 120.5).
		Press Mouse Button BUTTON1
		Release Mouse Button BUTTON1

ExecutedAction [74]: 
 @Action ConcreteID = ACldoh4s80760060870 AbstractID = AAldoh4s80760060870
 ConcreteID CUSTOM = ConcreteID CUSTOM not available AbstractID CUSTOM = AAwnu5b67e1086606522
 @State ConcreteID = SC1yzeu8p1d52712633537 AbstractID = SRuxvih1ba2513313992
 ConcreteID CUSTOM = SC33fbch1d53440726360 AbstractID CUSTOM = SA1e0xkku1d417380732

	ROLE = LeftClickAt
	TARGET =
		WIDGET = WCdsg5py1c3010804170, WR17v7k2nb1067391859, WT1qeha5gf2005531835, WPk6niro18548921330
		ROLE = UIAMenuItem
		TITLE = View
		SHAPE = Rect [x:206.0 y:111.0 w:39.0 h:19.0]
		CHILDREN = 0
		PATH = [0, 3, 3]
	DESCRIPTION = Left Click at 'View'
	TEXT = Compound Action =
		Move mouse to (225.5, 120.5).
		Press Mouse Button BUTTON1
		Release Mouse Button BUTTON1

ExecutedAction [75]: 
 @Action ConcreteID = ACdi7g3i7f2290947807 AbstractID = AAdi7g3i7f2290947807
 ConcreteID CUSTOM = ConcreteID CUSTOM not available AbstractID CUSTOM = AAvsaksk801074767639
 @State ConcreteID = SC1ldes2320a562013714 AbstractID = SRhdom0g1f51351705365
 ConcreteID CUSTOM = SCghtccz211181537358 AbstractID CUSTOM = SA1odsafd20b3326211211

	ROLE = LeftClickAt
	TARGET =
		WIDGET = WCdg0id01c1198951367, WR17v7k2nb1067391859, WT1qe6brdf138512687, WP1hx95qa183605955422
		ROLE = UIAMenuItem
		TITLE = Edit
		SHAPE = Rect [x:120.0 y:111.0 w:34.0 h:19.0]
		CHILDREN = 0
		PATH = [0, 4, 1]
	DESCRIPTION = Left Click at 'Edit'
	TEXT = Compound Action =
		Move mouse to (137.0, 120.5).
		Press Mouse Button BUTTON1
		Release Mouse Button BUTTON1

ExecutedAction [76]: 
 @Action ConcreteID = AC18msqap802855195791 AbstractID = AA18msqap802855195791
 ConcreteID CUSTOM = ConcreteID CUSTOM not available AbstractID CUSTOM = AA1jwyeh37e3349611507
 @State ConcreteID = SC1yzeu8p1d52712633537 AbstractID = SRuxvih1ba2513313992
 ConcreteID CUSTOM = SC33fbch1d53440726360 AbstractID CUSTOM = SA1e0xkku1d417380732

	ROLE = LeftClickAt
	TARGET =
		WIDGET = WC12b45x51c517775489, WR17v7k2nb1067391859, WT1qe89j4f2180189081, WP10d1byf183180104482
		ROLE = UIAMenuItem
		TITLE = Help
		SHAPE = Rect [x:245.0 y:111.0 w:39.0 h:19.0]
		CHILDREN = 0
		PATH = [0, 3, 4]
	DESCRIPTION = Left Click at 'Help'
	TEXT = Compound Action =
		Move mouse to (264.5, 120.5).
		Press Mouse Button BUTTON1
		Release Mouse Button BUTTON1

ExecutedAction [77]: 
 @Action ConcreteID = ACjpdzeldf2078644904 AbstractID = AAuvaweqd42377964821
 ConcreteID CUSTOM = ConcreteID CUSTOM not available AbstractID CUSTOM = AA1cw396td51305289836
 @State ConcreteID = SCnxlzj42203241437556 AbstractID = SR1p2iogu2092294951997
 ConcreteID CUSTOM = SC1yzcrs2272111801852 AbstractID CUSTOM = SA19xk86e21f1597656056

	ROLE = ClickTypeInto
	TARGET =
		WIDGET = WCh9rmbw1c1979157806, WR4n0dlj72701565195, WTei4yvd121088706799, WP1p79f7i182977098622
		ROLE = UIAEdit
		TITLE = Text Editor
		SHAPE = Rect [x:88.0 y:131.0 w:1227.0 h:412.0]
		CHILDREN = 1
		PATH = [0, 1]
	DESCRIPTION = Type '???' into 'Text Editor
	TEXT = Compound Action =
		Compound Action =
		Move mouse to (701.5, 337.0).
		Press Mouse Button BUTTON1
		Release Mouse Button BUTTON1
		Press Key 17
		Press Key 65
		Release Key 65
		Release Key 17
		Type text '???'

ExecutedAction [78]: 
 @Action ConcreteID = AC1n03z54804048537269 AbstractID = AA1n03z54804048537269
 ConcreteID CUSTOM = ConcreteID CUSTOM not available AbstractID CUSTOM = AA7qva4z7e2900675774
 @State ConcreteID = SC1046s261d62142540641 AbstractID = SRuxvih1ba2513313992
 ConcreteID CUSTOM = SC1u0l4ln1d5184917510 AbstractID CUSTOM = SA1e0xkku1d417380732

	ROLE = LeftClickAt
	TARGET =
		WIDGET = WC3rq8hx1e869414367, WR17v7k2nb1067391859, WTaz2n92112307194186, WPablb9v1a985931869
		ROLE = UIAMenuItem
		TITLE = Format
		SHAPE = Rect [x:154.0 y:111.0 w:52.0 h:19.0]
		CHILDREN = 0
		PATH = [0, 3, 2]
	DESCRIPTION = Left Click at 'Format'
	TEXT = Compound Action =
		Move mouse to (180.0, 120.5).
		Press Mouse Button BUTTON1
		Release Mouse Button BUTTON1

ExecutedAction [79]: 
 @Action ConcreteID = AC18fzhk37f3362970159 AbstractID = AA18fzhk37f3362970159
 ConcreteID CUSTOM = ConcreteID CUSTOM not available AbstractID CUSTOM = AA8ftsf880513706707
 @State ConcreteID = SCo039v820c2002859982 AbstractID = SRhdom0g1f51351705365
 ConcreteID CUSTOM = SC1l6r9kl2112131940113 AbstractID CUSTOM = SA1odsafd20b3326211211

	ROLE = LeftClickAt
	TARGET =
		WIDGET = WC1frc9lv1c3431448778, WR17v7k2nb1067391859, WT1qe72ijf99311909, WPjc8r1t181437309355
		ROLE = UIAMenuItem
		TITLE = File
		SHAPE = Rect [x:88.0 y:111.0 w:32.0 h:19.0]
		CHILDREN = 0
		PATH = [0, 4, 0]
	DESCRIPTION = Left Click at 'File'
	TEXT = Compound Action =
		Move mouse to (104.0, 120.5).
		Press Mouse Button BUTTON1
		Release Mouse Button BUTTON1

ExecutedAction [80]: 
 @Action ConcreteID = ACcvysc780493831857 AbstractID = AAcvysc780493831857
 ConcreteID CUSTOM = ConcreteID CUSTOM not available AbstractID CUSTOM = AAwnu5b67e1086606522
 @State ConcreteID = SC1046s261d62142540641 AbstractID = SRuxvih1ba2513313992
 ConcreteID CUSTOM = SC1u0l4ln1d5184917510 AbstractID CUSTOM = SA1e0xkku1d417380732

	ROLE = LeftClickAt
	TARGET =
		WIDGET = WCdsg5py1c3010804170, WR17v7k2nb1067391859, WT1qeha5gf2005531835, WPk6niro18548921330
		ROLE = UIAMenuItem
		TITLE = View
		SHAPE = Rect [x:206.0 y:111.0 w:39.0 h:19.0]
		CHILDREN = 0
		PATH = [0, 3, 3]
	DESCRIPTION = Left Click at 'View'
	TEXT = Compound Action =
		Move mouse to (225.5, 120.5).
		Press Mouse Button BUTTON1
		Release Mouse Button BUTTON1

ExecutedAction [81]: 
 @Action ConcreteID = AC7h9gpq7f2669936500 AbstractID = AA7h9gpq7f2669936500
 ConcreteID CUSTOM = ConcreteID CUSTOM not available AbstractID CUSTOM = AAvsaksk801074767639
 @State ConcreteID = SC1rg01fa20a796848106 AbstractID = SRhdom0g1f51351705365
 ConcreteID CUSTOM = SC1bj0v9b2101045620090 AbstractID CUSTOM = SA1odsafd20b3326211211

	ROLE = LeftClickAt
	TARGET =
		WIDGET = WCdg0id01c1198951367, WR17v7k2nb1067391859, WT1qe6brdf138512687, WP1hx95qa183605955422
		ROLE = UIAMenuItem
		TITLE = Edit
		SHAPE = Rect [x:120.0 y:111.0 w:34.0 h:19.0]
		CHILDREN = 0
		PATH = [0, 4, 1]
	DESCRIPTION = Left Click at 'Edit'
	TEXT = Compound Action =
		Move mouse to (137.0, 120.5).
		Press Mouse Button BUTTON1
		Release Mouse Button BUTTON1

ExecutedAction [82]: 
 @Action ConcreteID = AC1n03z54804048537269 AbstractID = AA1n03z54804048537269
 ConcreteID CUSTOM = ConcreteID CUSTOM not available AbstractID CUSTOM = AA7qva4z7e2900675774
 @State ConcreteID = SC1046s261d62142540641 AbstractID = SRuxvih1ba2513313992
 ConcreteID CUSTOM = SC1u0l4ln1d5184917510 AbstractID CUSTOM = SA1e0xkku1d417380732

	ROLE = LeftClickAt
	TARGET =
		WIDGET = WC3rq8hx1e869414367, WR17v7k2nb1067391859, WTaz2n92112307194186, WPablb9v1a985931869
		ROLE = UIAMenuItem
		TITLE = Format
		SHAPE = Rect [x:154.0 y:111.0 w:52.0 h:19.0]
		CHILDREN = 0
		PATH = [0, 3, 2]
	DESCRIPTION = Left Click at 'Format'
	TEXT = Compound Action =
		Move mouse to (180.0, 120.5).
		Press Mouse Button BUTTON1
		Release Mouse Button BUTTON1

ExecutedAction [83]: 
 @Action ConcreteID = AC1vsg9xf7f2531522539 AbstractID = AA1vsg9xf7f2531522539
 ConcreteID CUSTOM = ConcreteID CUSTOM not available AbstractID CUSTOM = AAvsaksk801074767639
 @State ConcreteID = SCo039v820c2002859982 AbstractID = SRhdom0g1f51351705365
 ConcreteID CUSTOM = SC1l6r9kl2112131940113 AbstractID CUSTOM = SA1odsafd20b3326211211

	ROLE = LeftClickAt
	TARGET =
		WIDGET = WCdg0id01c1198951367, WR17v7k2nb1067391859, WT1qe6brdf138512687, WP1hx95qa183605955422
		ROLE = UIAMenuItem
		TITLE = Edit
		SHAPE = Rect [x:120.0 y:111.0 w:34.0 h:19.0]
		CHILDREN = 0
		PATH = [0, 4, 1]
	DESCRIPTION = Left Click at 'Edit'
	TEXT = Compound Action =
		Move mouse to (137.0, 120.5).
		Press Mouse Button BUTTON1
		Release Mouse Button BUTTON1

ExecutedAction [84]: 
 @Action ConcreteID = AC18og8c01113848681526 AbstractID = AA1f93jxqd53344660652
 ConcreteID CUSTOM = ConcreteID CUSTOM not available AbstractID CUSTOM = AAxboh0jd34135412219
 @State ConcreteID = SC1046s261d62142540641 AbstractID = SRuxvih1ba2513313992
 ConcreteID CUSTOM = SC1u0l4ln1d5184917510 AbstractID CUSTOM = SA1e0xkku1d417380732

	ROLE = ClickTypeInto
	TARGET =
		WIDGET = WCh9rmb11c1827454063, WR4n0dlj72701565195, WTei4yvd121088706799, WP1p79f6n182825509439
		ROLE = UIAEdit
		TITLE = Text Editor
		SHAPE = Rect [x:88.0 y:131.0 w:1227.0 h:412.0]
		CHILDREN = 1
		PATH = [0, 0]
	DESCRIPTION = Type '"`'><script>\xE2...' into 'Text Editor
	TEXT = Compound Action =
		Compound Action =
		Move mouse to (701.5, 337.0).
		Press Mouse Button BUTTON1
		Release Mouse Button BUTTON1
		Press Key 17
		Press Key 65
		Release Key 65
		Release Key 17
		Type text '"`'><script>\xE2\x80\xA9javascript:alert(1)</script>'

ExecutedAction [85]: 
 @Action ConcreteID = AC14430dp802877424339 AbstractID = AA14430dp802877424339
 ConcreteID CUSTOM = ConcreteID CUSTOM not available AbstractID CUSTOM = AAwnu5b67e1086606522
 @State ConcreteID = SC1fpj3io1d62905166394 AbstractID = SRuxvih1ba2513313992
 ConcreteID CUSTOM = SC1x899b71d4498992004 AbstractID CUSTOM = SA1e0xkku1d417380732

	ROLE = LeftClickAt
	TARGET =
		WIDGET = WCdsg5py1c3010804170, WR17v7k2nb1067391859, WT1qeha5gf2005531835, WPk6niro18548921330
		ROLE = UIAMenuItem
		TITLE = View
		SHAPE = Rect [x:206.0 y:111.0 w:39.0 h:19.0]
		CHILDREN = 0
		PATH = [0, 3, 3]
	DESCRIPTION = Left Click at 'View'
	TEXT = Compound Action =
		Move mouse to (225.5, 120.5).
		Press Mouse Button BUTTON1
		Release Mouse Button BUTTON1

ExecutedAction [86]: 
 @Action ConcreteID = AC1dvw4nz802691918457 AbstractID = AA1dvw4nz802691918457
 ConcreteID CUSTOM = ConcreteID CUSTOM not available AbstractID CUSTOM = AA1aogq1w803943633287
 @State ConcreteID = SC1c56g7920b3902588141 AbstractID = SRhdom0g1f51351705365
 ConcreteID CUSTOM = SC1d3t42x211549382124 AbstractID CUSTOM = SA1odsafd20b3326211211

	ROLE = LeftClickAt
	TARGET =
		WIDGET = WCudxb541c3405482637, WR17v7k2nb1067391859, WT1qejys2f1046425153, WPwz8jna183953042271
		ROLE = UIAMenuItem
		TITLE = Zoom
		SHAPE = Rect [x:209.0 y:133.0 w:136.0 h:22.0]
		CHILDREN = 0
		PATH = [0, 0, 0]
	DESCRIPTION = Left Click at 'Zoom'
	TEXT = Compound Action =
		Move mouse to (277.0, 144.0).
		Press Mouse Button BUTTON1
		Release Mouse Button BUTTON1

ExecutedAction [87]: 
 @Action ConcreteID = AC5qwotm1013626628646 AbstractID = AA1a6p69ud51265301083
 ConcreteID CUSTOM = ConcreteID CUSTOM not available AbstractID CUSTOM = AAubcl77d43067701436
 @State ConcreteID = SC1oxo62x25f2288765486 AbstractID = SRn16q6n244566666292
 ConcreteID CUSTOM = SC10g3dl22603109076774 AbstractID CUSTOM = SAt0c55r2561254656356

	ROLE = ClickTypeInto
	TARGET =
		WIDGET = WCh9rmcr1c1591402221, WR4n0dlj72701565195, WTei4yvd121088706799, WP1p79f8d182589964477
		ROLE = UIAEdit
		TITLE = Text Editor
		SHAPE = Rect [x:88.0 y:131.0 w:1227.0 h:412.0]
		CHILDREN = 1
		PATH = [0, 2]
	DESCRIPTION = Type '</script><script...' into 'Text Editor
	TEXT = Compound Action =
		Compound Action =
		Move mouse to (701.5, 337.0).
		Press Mouse Button BUTTON1
		Release Mouse Button BUTTON1
		Press Key 17
		Press Key 65
		Release Key 65
		Release Key 17
		Type text '</script><script>alert(123)</script>'

ExecutedAction [88]: 
 @Action ConcreteID = AC1h3lszf804016745748 AbstractID = AA1h3lszf804016745748
 ConcreteID CUSTOM = ConcreteID CUSTOM not available AbstractID CUSTOM = AAwnu5b67e1086606522
 @State ConcreteID = SC19wp70c1d63145782190 AbstractID = SRuxvih1ba2513313992
 ConcreteID CUSTOM = SChaw88p1d43195665624 AbstractID CUSTOM = SA1e0xkku1d417380732

	ROLE = LeftClickAt
	TARGET =
		WIDGET = WCdsg5py1c3010804170, WR17v7k2nb1067391859, WT1qeha5gf2005531835, WPk6niro18548921330
		ROLE = UIAMenuItem
		TITLE = View
		SHAPE = Rect [x:206.0 y:111.0 w:39.0 h:19.0]
		CHILDREN = 0
		PATH = [0, 3, 3]
	DESCRIPTION = Left Click at 'View'
	TEXT = Compound Action =
		Move mouse to (225.5, 120.5).
		Press Mouse Button BUTTON1
		Release Mouse Button BUTTON1

ExecutedAction [89]: 
 @Action ConcreteID = AC1cd0n89e51141167450 AbstractID = AA1y42fnfd42570692380
 ConcreteID CUSTOM = ConcreteID CUSTOM not available AbstractID CUSTOM = AA1576wtid52484596632
 @State ConcreteID = SC1hibfe20a2430131759 AbstractID = SRhdom0g1f51351705365
 ConcreteID CUSTOM = SC1jbwzu52111514024155 AbstractID CUSTOM = SA1odsafd20b3326211211

	ROLE = ClickTypeInto
	TARGET =
		WIDGET = WCh9rmbw1c1979157806, WR4n0dlj72701565195, WTei4yvd121088706799, WP1p79f7i182977098622
		ROLE = UIAEdit
		TITLE = Text Editor
		SHAPE = Rect [x:88.0 y:131.0 w:1227.0 h:412.0]
		CHILDREN = 1
		PATH = [0, 1]
	DESCRIPTION = Type 'Tyson Gay' into 'Text Editor
	TEXT = Compound Action =
		Compound Action =
		Move mouse to (701.5, 337.0).
		Press Mouse Button BUTTON1
		Release Mouse Button BUTTON1
		Press Key 17
		Press Key 65
		Release Key 65
		Release Key 17
		Type text 'Tyson Gay'

ExecutedAction [90]: 
 @Action ConcreteID = AC1hpj4ac803466019722 AbstractID = AA1hpj4ac803466019722
 ConcreteID CUSTOM = ConcreteID CUSTOM not available AbstractID CUSTOM = AA1rtzp8n7e1970717526
 @State ConcreteID = SC1ce3nwg1d61142313138 AbstractID = SRuxvih1ba2513313992
 ConcreteID CUSTOM = SCvdkgjd1d5869148448 AbstractID CUSTOM = SA1e0xkku1d417380732

	ROLE = LeftClickAt
	TARGET =
		WIDGET = WC1fqsh0i1c2124881114, WR17v7k2nb1067391859, WT1qe72ijf99311909, WPjboygg183884664251
		ROLE = UIAMenuItem
		TITLE = File
		SHAPE = Rect [x:88.0 y:111.0 w:32.0 h:19.0]
		CHILDREN = 0
		PATH = [0, 3, 0]
	DESCRIPTION = Left Click at 'File'
	TEXT = Compound Action =
		Move mouse to (104.0, 120.5).
		Press Mouse Button BUTTON1
		Release Mouse Button BUTTON1

ExecutedAction [91]: 
 @Action ConcreteID = AC1g7dv787e1136955075 AbstractID = AA1g7dv787e1136955075
 ConcreteID CUSTOM = ConcreteID CUSTOM not available AbstractID CUSTOM = AA3cy5dt7f4149924300
 @State ConcreteID = SC1nph0f428a64963927 AbstractID = SRml6io426d3670816528
 ConcreteID CUSTOM = SC1cc6mv528c2591789094 AbstractID CUSTOM = SAbduj6h2823690180780

	ROLE = LeftClickAt
	TARGET =
		WIDGET = WC3sa13a1e2180180431, WR17v7k2nb1067391859, WTaz2n92112307194186, WPac53v81a2296708173
		ROLE = UIAMenuItem
		TITLE = Format
		SHAPE = Rect [x:154.0 y:111.0 w:52.0 h:19.0]
		CHILDREN = 0
		PATH = [0, 4, 2]
	DESCRIPTION = Left Click at 'Format'
	TEXT = Compound Action =
		Move mouse to (180.0, 120.5).
		Press Mouse Button BUTTON1
		Release Mouse Button BUTTON1

ExecutedAction [92]: 
 @Action ConcreteID = AC1hpj4ac803466019722 AbstractID = AA1hpj4ac803466019722
 ConcreteID CUSTOM = ConcreteID CUSTOM not available AbstractID CUSTOM = AA1rtzp8n7e1970717526
 @State ConcreteID = SC1ce3nwg1d61142313138 AbstractID = SRuxvih1ba2513313992
 ConcreteID CUSTOM = SCvdkgjd1d5869148448 AbstractID CUSTOM = SA1e0xkku1d417380732

	ROLE = LeftClickAt
	TARGET =
		WIDGET = WC1fqsh0i1c2124881114, WR17v7k2nb1067391859, WT1qe72ijf99311909, WPjboygg183884664251
		ROLE = UIAMenuItem
		TITLE = File
		SHAPE = Rect [x:88.0 y:111.0 w:32.0 h:19.0]
		CHILDREN = 0
		PATH = [0, 3, 0]
	DESCRIPTION = Left Click at 'File'
	TEXT = Compound Action =
		Move mouse to (104.0, 120.5).
		Press Mouse Button BUTTON1
		Release Mouse Button BUTTON1

ExecutedAction [93]: 
 @Action ConcreteID = ACtccxk87e679952782 AbstractID = AAtccxk87e679952782
 ConcreteID CUSTOM = ConcreteID CUSTOM not available AbstractID CUSTOM = AA1fj19px7f2618891905
 @State ConcreteID = SC1nph0f428a64963927 AbstractID = SRml6io426d3670816528
 ConcreteID CUSTOM = SC1cc6mv528c2591789094 AbstractID CUSTOM = SAbduj6h2823690180780

	ROLE = LeftClickAt
	TARGET =
		WIDGET = WC12bnyii1c2902228113, WR17v7k2nb1067391859, WT1qe89j4f2180189081, WP10dl4js18262952754
		ROLE = UIAMenuItem
		TITLE = Help
		SHAPE = Rect [x:245.0 y:111.0 w:39.0 h:19.0]
		CHILDREN = 0
		PATH = [0, 4, 4]
	DESCRIPTION = Left Click at 'Help'
	TEXT = Compound Action =
		Move mouse to (264.5, 120.5).
		Press Mouse Button BUTTON1
		Release Mouse Button BUTTON1

ExecutedAction [94]: 
 @Action ConcreteID = AC19shtis802084995887 AbstractID = AA19shtis802084995887
 ConcreteID CUSTOM = ConcreteID CUSTOM not available AbstractID CUSTOM = AA1jwyeh37e3349611507
 @State ConcreteID = SC1ce3nwg1d61142313138 AbstractID = SRuxvih1ba2513313992
 ConcreteID CUSTOM = SCvdkgjd1d5869148448 AbstractID CUSTOM = SA1e0xkku1d417380732

	ROLE = LeftClickAt
	TARGET =
		WIDGET = WC12b45x51c517775489, WR17v7k2nb1067391859, WT1qe89j4f2180189081, WP10d1byf183180104482
		ROLE = UIAMenuItem
		TITLE = Help
		SHAPE = Rect [x:245.0 y:111.0 w:39.0 h:19.0]
		CHILDREN = 0
		PATH = [0, 3, 4]
	DESCRIPTION = Left Click at 'Help'
	TEXT = Compound Action =
		Move mouse to (264.5, 120.5).
		Press Mouse Button BUTTON1
		Release Mouse Button BUTTON1

ExecutedAction [95]: 
 @Action ConcreteID = ACmtqm4uf623201931 AbstractID = AA12d7h7vd41551072672
 ConcreteID CUSTOM = ConcreteID CUSTOM not available AbstractID CUSTOM = AA1cw396td51305289836
 @State ConcreteID = SCeo8v8v2213657453100 AbstractID = SR1p2iogu2092294951997
 ConcreteID CUSTOM = SC1oiuo9d227437703234 AbstractID CUSTOM = SA19xk86e21f1597656056

	ROLE = ClickTypeInto
	TARGET =
		WIDGET = WCh9rmbw1c1979157806, WR4n0dlj72701565195, WTei4yvd121088706799, WP1p79f7i182977098622
		ROLE = UIAEdit
		TITLE = Text Editor
		SHAPE = Rect [x:88.0 y:131.0 w:1227.0 h:412.0]
		CHILDREN = 1
		PATH = [0, 1]
	DESCRIPTION = Type 'eval("puts 'hell...' into 'Text Editor
	TEXT = Compound Action =
		Compound Action =
		Move mouse to (701.5, 337.0).
		Press Mouse Button BUTTON1
		Release Mouse Button BUTTON1
		Press Key 17
		Press Key 65
		Release Key 65
		Release Key 17
		Type text 'eval("puts 'hello world'")'

ExecutedAction [96]: 
 @Action ConcreteID = AC1etwpo27f3247650275 AbstractID = AA1etwpo27f3247650275
 ConcreteID CUSTOM = ConcreteID CUSTOM not available AbstractID CUSTOM = AA1jwyeh37e3349611507
 @State ConcreteID = SCgn32b01d61959326806 AbstractID = SRuxvih1ba2513313992
 ConcreteID CUSTOM = SCuefmlx1d4246242315 AbstractID CUSTOM = SA1e0xkku1d417380732

	ROLE = LeftClickAt
	TARGET =
		WIDGET = WC12b45x51c517775489, WR17v7k2nb1067391859, WT1qe89j4f2180189081, WP10d1byf183180104482
		ROLE = UIAMenuItem
		TITLE = Help
		SHAPE = Rect [x:245.0 y:111.0 w:39.0 h:19.0]
		CHILDREN = 0
		PATH = [0, 3, 4]
	DESCRIPTION = Left Click at 'Help'
	TEXT = Compound Action =
		Move mouse to (264.5, 120.5).
		Press Mouse Button BUTTON1
		Release Mouse Button BUTTON1

ExecutedAction [97]: 
 @Action ConcreteID = ACc3iocz7f1515620137 AbstractID = AAc3iocz7f1515620137
 ConcreteID CUSTOM = ConcreteID CUSTOM not available AbstractID CUSTOM = AA17d7wyq802965282443
 @State ConcreteID = SCohom8m2211883791251 AbstractID = SR1p2iogu2092294951997
 ConcreteID CUSTOM = SC13847tb2271373470189 AbstractID CUSTOM = SA19xk86e21f1597656056

	ROLE = LeftClickAt
	TARGET =
		WIDGET = WC2sd5c9251817436895, WR17v7k2nb1067391859, WT1wv077z18170180715, WP1v116zb21698957785
		ROLE = UIAMenuItem
		TITLE = About Notepad
		SHAPE = Rect [x:248.0 y:184.0 w:166.0 h:22.0]
		CHILDREN = 0
		PATH = [0, 0, 2]
	DESCRIPTION = Left Click at 'About Notepad'
	TEXT = Compound Action =
		Move mouse to (331.0, 195.0).
		Press Mouse Button BUTTON1
		Release Mouse Button BUTTON1

ExecutedAction [98]: 
 @Action ConcreteID = AC14f1ghs7e2600110521 AbstractID = AA14f1ghs7e2600110521
 ConcreteID CUSTOM = ConcreteID CUSTOM not available AbstractID CUSTOM = AAddb9277d3709592361
 @State ConcreteID = SCdicvtl2d9941459076 AbstractID = SR9z8pzo2ae1627457717
 ConcreteID CUSTOM = SC16ty4rc2d82870468079 AbstractID CUSTOM = SAanktvk2d643465284

	ROLE = LeftClickAt
	TARGET =
		WIDGET = WC15twxtj183412041097, WR1h6ibpb92248851252, WTzj707vb935461581, WPaxrmo5142767186721
		ROLE = UIAButton
		TITLE = OK
		SHAPE = Rect [x:501.0 y:553.0 w:75.0 h:23.0]
		CHILDREN = 0
		PATH = [0, 0, 8]
	DESCRIPTION = Left Click at 'OK'
	TEXT = Compound Action =
		Move mouse to (538.5, 564.5).
		Press Mouse Button BUTTON1
		Release Mouse Button BUTTON1

ExecutedAction [99]: 
 @Action ConcreteID = AC1etwpo27f3247650275 AbstractID = AA1etwpo27f3247650275
 ConcreteID CUSTOM = ConcreteID CUSTOM not available AbstractID CUSTOM = AA1jwyeh37e3349611507
 @State ConcreteID = SCgn32b01d61959326806 AbstractID = SRuxvih1ba2513313992
 ConcreteID CUSTOM = SCuefmlx1d4246242315 AbstractID CUSTOM = SA1e0xkku1d417380732

	ROLE = LeftClickAt
	TARGET =
		WIDGET = WC12b45x51c517775489, WR17v7k2nb1067391859, WT1qe89j4f2180189081, WP10d1byf183180104482
		ROLE = UIAMenuItem
		TITLE = Help
		SHAPE = Rect [x:245.0 y:111.0 w:39.0 h:19.0]
		CHILDREN = 0
		PATH = [0, 3, 4]
	DESCRIPTION = Left Click at 'Help'
	TEXT = Compound Action =
		Move mouse to (264.5, 120.5).
		Press Mouse Button BUTTON1
		Release Mouse Button BUTTON1

ExecutedAction [100]: 
 @Action ConcreteID = ACxp19xy7f1299443109 AbstractID = AAxp19xy7f1299443109
 ConcreteID CUSTOM = ConcreteID CUSTOM not available AbstractID CUSTOM = AA1syqijp802812015623
 @State ConcreteID = SCohom8m2211883791251 AbstractID = SR1p2iogu2092294951997
 ConcreteID CUSTOM = SC13847tb2271373470189 AbstractID CUSTOM = SA19xk86e21f1597656056

	ROLE = LeftClickAt
	TARGET =
		WIDGET = WC12bnyii1c2902228113, WR17v7k2nb1067391859, WT1qe89j4f2180189081, WP10dl4js18262952754
		ROLE = UIAMenuItem
		TITLE = Help
		SHAPE = Rect [x:245.0 y:111.0 w:39.0 h:19.0]
		CHILDREN = 0
		PATH = [0, 4, 4]
	DESCRIPTION = Left Click at 'Help'
	TEXT = Compound Action =
		Move mouse to (264.5, 120.5).
		Press Mouse Button BUTTON1
		Release Mouse Button BUTTON1

Sequence 1 finished.
Copying generated sequence ("sequence310") to output directory...
Copying classified sequence ("sequence310") to sequences_ok folder...
