Starting sequence 1 (output as: sequence2286)

ExecutedAction [1]: 
 @Action ConcreteID = AC1l4n4vr7f1169088619 AbstractID = AA1l4n4vr7f1169088619
 ConcreteID CUSTOM = ConcreteID CUSTOM not available AbstractID CUSTOM = AAyrxtk980161024438
 @State ConcreteID = SCbws786dbd2310704444 AbstractID = SR10665mpd262413247906
 ConcreteID CUSTOM = SC1bdalhcdca110223358 AbstractID CUSTOM = SA1apozdvdaa3670648036

	ROLE = LeftClickAt
	TARGET =
		WIDGET = WC18ta5n43b568991113, WR4na8ob72534219213, WT4na8ob72534219213, WP1fi92pu37248619969
		ROLE = UIATree
		TITLE = 
		SHAPE = Rect [x:884.0 y:269.0 w:198.0 h:104.0]
		CHILDREN = 0
		PATH = [0, 0, 0, 0, 0, 0, 2, 2, 0, 0, 0, 0, 1, 0, 0, 0]
	DESCRIPTION = Left Click at ''
	TEXT = Compound Action =
		Move mouse to (983.0, 321.0).
		Press Mouse Button BUTTON1
		Release Mouse Button BUTTON1

ExecutedAction [2]: 
 @Action ConcreteID = AC78cnjg802921253429 AbstractID = AA78cnjg802921253429
 ConcreteID CUSTOM = ConcreteID CUSTOM not available AbstractID CUSTOM = AA1fd9caa7f804051356
 @State ConcreteID = SC1xyxa7ld991334862367 AbstractID = SRssiwitcfe470558501
 ConcreteID CUSTOM = SC187c90zd9e3024084470 AbstractID CUSTOM = SArdcc6ad803165046034

	ROLE = LeftClickAt
	TARGET =
		WIDGET = WC19g0mqn2d497159041, WR1k8fo0ra1109144095, WTdnxji3112124294269, WPf8kcnl291740139615
		ROLE = UIATabItem
		TITLE = Javadoc
		SHAPE = Rect [x:417.0 y:625.0 w:71.0 h:24.0]
		CHILDREN = 0
		PATH = [0, 0, 0, 0, 0, 0, 4, 4]
	DESCRIPTION = Left Click at 'Javadoc'
	TEXT = Compound Action =
		Move mouse to (452.5, 637.0).
		Press Mouse Button BUTTON1
		Release Mouse Button BUTTON1

ExecutedAction [3]: 
 @Action ConcreteID = AC7wa9y3801279196614 AbstractID = AA7wa9y3801279196614
 ConcreteID CUSTOM = ConcreteID CUSTOM not available AbstractID CUSTOM = AA38w5ca802798309807
 @State ConcreteID = SC1xldnpwdae1904020195 AbstractID = SRr9714fd1a1417233551
 ConcreteID CUSTOM = SC5lvld5db22816809379 AbstractID CUSTOM = SA1a5mgi4d992808676616

	ROLE = LeftClickAt
	TARGET =
		WIDGET = WCxspzz4361080153106, WR88rmk0b1934231702, WTd5rxjx14935243443, WP1oan4cy321059426792
		ROLE = UIACheckBox
		TITLE = Scheduled
		SHAPE = Rect [x:958.0 y:163.0 w:23.0 h:22.0]
		CHILDREN = 0
		PATH = [0, 0, 0, 0, 0, 0, 2, 1, 0, 2]
	DESCRIPTION = Left Click at 'Scheduled'
	TEXT = Compound Action =
		Move mouse to (969.5, 174.0).
		Press Mouse Button BUTTON1
		Release Mouse Button BUTTON1

ExecutedAction [4]: 
 @Action ConcreteID = AC14495ue7f1473889649 AbstractID = AA14495ue7f1473889649
 ConcreteID CUSTOM = ConcreteID CUSTOM not available AbstractID CUSTOM = AAfjql1w7e1627989498
 @State ConcreteID = SC54errkef41313346821 AbstractID = SR1azghlfe50946255736
 ConcreteID CUSTOM = SC1mw3uqief21913995698 AbstractID CUSTOM = SAi0wm2iede185429201

	ROLE = LeftClickAt
	TARGET =
		WIDGET = WC1x8kstd2f3363887863, WR1k8fo0ra1109144095, WT708py613944091805, WPyejvwz2b2070950208
		ROLE = UIATabItem
		TITLE = Task List
		SHAPE = Rect [x:882.0 y:136.0 w:93.0 h:24.0]
		CHILDREN = 0
		PATH = [0, 0, 0, 0, 0, 0, 2, 3]
	DESCRIPTION = Left Click at 'Task List'
	TEXT = Compound Action =
		Move mouse to (928.5, 148.0).
		Press Mouse Button BUTTON1
		Release Mouse Button BUTTON1

ExecutedAction [5]: 
 @Action ConcreteID = AC6g4mr97f1202300214 AbstractID = AA6g4mr97f1202300214
 ConcreteID CUSTOM = ConcreteID CUSTOM not available AbstractID CUSTOM = AAssj1yp7d2622539157
 @State ConcreteID = SC1bzj9fdeb62292237708 AbstractID = SR1ba8cyje14368139647
 ConcreteID CUSTOM = SCpj6bv9eb44273423486 AbstractID CUSTOM = SAzs68nsea0428683457

	ROLE = LeftClickAt
	TARGET =
		WIDGET = WCxo6dd51e3781355840, WR17v7k2nb1067391859, WTixgq3z113705304648, WP1mqnbef1a3817243629
		ROLE = UIAMenuItem
		TITLE = Window
		SHAPE = Rect [x:322.0 y:83.0 w:58.0 h:19.0]
		CHILDREN = 0
		PATH = [0, 4, 6]
	DESCRIPTION = Left Click at 'Window'
	TEXT = Compound Action =
		Move mouse to (351.0, 92.5).
		Press Mouse Button BUTTON1
		Release Mouse Button BUTTON1

ExecutedAction [6]: 
 @Action ConcreteID = AC17bnhoh7d2776049430 AbstractID = AA17bnhoh7d2776049430
 ConcreteID CUSTOM = ConcreteID CUSTOM not available AbstractID CUSTOM = AA1i7rr0b802798867050
 @State ConcreteID = SC5hhi9rf4598550416 AbstractID = SR2tbxkeb3669992975
 ConcreteID CUSTOM = SCmvd0exf434232760916 AbstractID CUSTOM = SA165blipf4b2972980329

	ROLE = LeftClickAt
	TARGET =
		WIDGET = WC1ua00f2383124274355, WR88rmk0b1934231702, WTq71wij16501672612, WP1bs87m8343489162586
		ROLE = UIACheckBox
		TITLE = Categorized
		SHAPE = Rect [x:935.0 y:163.0 w:23.0 h:22.0]
		CHILDREN = 0
		PATH = [0, 1, 0, 0, 0, 0, 2, 1, 0, 1]
	DESCRIPTION = Left Click at 'Categorized'
	TEXT = Compound Action =
		Move mouse to (946.5, 174.0).
		Press Mouse Button BUTTON1
		Release Mouse Button BUTTON1

ExecutedAction [7]: 
 @Action ConcreteID = AC1xqicvh7f2863791539 AbstractID = AA1xqicvh7f2863791539
 ConcreteID CUSTOM = ConcreteID CUSTOM not available AbstractID CUSTOM = AA12br7xx7f2310591937
 @State ConcreteID = SCorjdktd701251027134 AbstractID = SRc111brcde2953826952
 ConcreteID CUSTOM = SChvc6xwd741195453884 AbstractID CUSTOM = SA1jgf8oed5b202802822

	ROLE = LeftClickAt
	TARGET =
		WIDGET = WC1h8tt72d4053757177, WR1k8fo0ra1109144095, WTpgsvvr113303787469, WP1o190wt292743460425
		ROLE = UIATabItem
		TITLE = Outline
		SHAPE = Rect [x:882.0 y:381.0 w:89.0 h:24.0]
		CHILDREN = 0
		PATH = [0, 0, 0, 0, 0, 0, 3, 3]
	DESCRIPTION = Left Click at 'Outline'
	TEXT = Compound Action =
		Move mouse to (926.5, 393.0).
		Press Mouse Button BUTTON1
		Release Mouse Button BUTTON1

ExecutedAction [8]: 
 @Action ConcreteID = ACfmfje47e3170902701 AbstractID = AAfmfje47e3170902701
 ConcreteID CUSTOM = ConcreteID CUSTOM not available AbstractID CUSTOM = AA1juqb387e1833955162
 @State ConcreteID = SCorjdktd701251027134 AbstractID = SRc111brcde2953826952
 ConcreteID CUSTOM = SChvc6xwd741195453884 AbstractID CUSTOM = SA1jgf8oed5b202802822

	ROLE = LeftClickAt
	TARGET =
		WIDGET = WC1t2g1mo1f1835652190, WR17v7k2nb1067391859, WT1q6069m122944502186, WP1rt5moe1b1331662022
		ROLE = UIAMenuItem
		TITLE = Project
		SHAPE = Rect [x:236.0 y:83.0 w:51.0 h:19.0]
		CHILDREN = 0
		PATH = [0, 4, 4]
	DESCRIPTION = Left Click at 'Project'
	TEXT = Compound Action =
		Move mouse to (261.5, 92.5).
		Press Mouse Button BUTTON1
		Release Mouse Button BUTTON1

ExecutedAction [9]: 
 @Action ConcreteID = ACilo9hv7f229233121 AbstractID = AAilo9hv7f229233121
 ConcreteID CUSTOM = ConcreteID CUSTOM not available AbstractID CUSTOM = AA1f2yap57f3725159957
 @State ConcreteID = SC1l59zy6e301881232155 AbstractID = SRhduvmoda5202351724
 ConcreteID CUSTOM = SCdrwlge2a280712307 AbstractID CUSTOM = SA14cpy81e2e2892295241

	ROLE = LeftClickAt
	TARGET =
		WIDGET = WC1t2zu811f1342832110, WR17v7k2nb1067391859, WT1q6069m122944502186, WP1rtpf9r1b1916773750
		ROLE = UIAMenuItem
		TITLE = Project
		SHAPE = Rect [x:236.0 y:83.0 w:51.0 h:19.0]
		CHILDREN = 0
		PATH = [0, 5, 4]
	DESCRIPTION = Left Click at 'Project'
	TEXT = Compound Action =
		Move mouse to (261.5, 92.5).
		Press Mouse Button BUTTON1
		Release Mouse Button BUTTON1

ExecutedAction [10]: 
 @Action ConcreteID = AC1vyqppg7f2865268610 AbstractID = AA1vyqppg7f2865268610
 ConcreteID CUSTOM = ConcreteID CUSTOM not available AbstractID CUSTOM = AA10jzkrw7f2311172080
 @State ConcreteID = SCorjdktd701251027134 AbstractID = SRc111brcde2953826952
 ConcreteID CUSTOM = SChvc6xwd741195453884 AbstractID CUSTOM = SA1jgf8oed5b202802822

	ROLE = LeftClickAt
	TARGET =
		WIDGET = WC1htg5v6292941965271, WR1e04pz3e358922214, WT1irvxqf16925407563, WP18492tc252712378354
		ROLE = UIASplitButton
		TITLE = Coverage
		SHAPE = Rect [x:230.0 y:108.0 w:38.0 h:22.0]
		CHILDREN = 0
		PATH = [0, 2, 1, 0, 2]
	DESCRIPTION = Left Click at 'Coverage'
	TEXT = Compound Action =
		Move mouse to (249.0, 119.0).
		Press Mouse Button BUTTON1
		Release Mouse Button BUTTON1

ExecutedAction [11]: 
 @Action ConcreteID = ACnuyppk7f1665792198 AbstractID = AAnuyppk7f1665792198
 ConcreteID CUSTOM = ConcreteID CUSTOM not available AbstractID CUSTOM = AAmt7sp67f80226726
 @State ConcreteID = SCh62ymge2f1048375613 AbstractID = SRj3ij4xd9e2926497935
 ConcreteID CUSTOM = SC1bcjkk3e2c2744448218 AbstractID CUSTOM = SA6dfp98e321990597638

	ROLE = LeftClickAt
	TARGET =
		WIDGET = WCk5myv61b2015160918, WR1h6ibpb92248851252, WTzj707vb935461581, WPyo48hg17494111517
		ROLE = UIAButton
		TITLE = OK
		SHAPE = Rect [x:719.0 y:443.0 w:92.0 h:25.0]
		CHILDREN = 0
		PATH = [0, 0, 3, 0]
	DESCRIPTION = Left Click at 'OK'
	TEXT = Compound Action =
		Move mouse to (765.0, 455.5).
		Press Mouse Button BUTTON1
		Release Mouse Button BUTTON1

ExecutedAction [12]: 
 @Action ConcreteID = ACg1f3ds7f641356578 AbstractID = AAg1f3ds7f641356578
 ConcreteID CUSTOM = ConcreteID CUSTOM not available AbstractID CUSTOM = AA1jns0fc7f87259984
 @State ConcreteID = SCorjdktd701251027134 AbstractID = SRc111brcde2953826952
 ConcreteID CUSTOM = SChvc6xwd741195453884 AbstractID CUSTOM = SA1jgf8oed5b202802822

	ROLE = LeftClickAt
	TARGET =
		WIDGET = WC18ta5n43b568991113, WR4na8ob72534219213, WT4na8ob72534219213, WP1fi92pu37248619969
		ROLE = UIATree
		TITLE = 
		SHAPE = Rect [x:884.0 y:269.0 w:198.0 h:104.0]
		CHILDREN = 0
		PATH = [0, 0, 0, 0, 0, 0, 2, 2, 0, 0, 0, 0, 1, 0, 0, 0]
	DESCRIPTION = Left Click at ''
	TEXT = Compound Action =
		Move mouse to (983.0, 321.0).
		Press Mouse Button BUTTON1
		Release Mouse Button BUTTON1

ExecutedAction [13]: 
 @Action ConcreteID = AChnr1o47e3478475697 AbstractID = AAhnr1o47e3478475697
 ConcreteID CUSTOM = ConcreteID CUSTOM not available AbstractID CUSTOM = AA1lw1td87e521838150
 @State ConcreteID = SCorjdktd701251027134 AbstractID = SRc111brcde2953826952
 ConcreteID CUSTOM = SChvc6xwd741195453884 AbstractID CUSTOM = SA1jgf8oed5b202802822

	ROLE = LeftClickAt
	TARGET =
		WIDGET = WCdg0id01c1198951367, WR17v7k2nb1067391859, WT1qe6brdf138512687, WP1hx95qa183605955422
		ROLE = UIAMenuItem
		TITLE = Edit
		SHAPE = Rect [x:92.0 y:83.0 w:34.0 h:19.0]
		CHILDREN = 0
		PATH = [0, 4, 1]
	DESCRIPTION = Left Click at 'Edit'
	TEXT = Compound Action =
		Move mouse to (109.0, 92.5).
		Press Mouse Button BUTTON1
		Release Mouse Button BUTTON1

ExecutedAction [14]: 
 @Action ConcreteID = AChzs44q801218810458 AbstractID = AAhzs44q801218810458
 ConcreteID CUSTOM = ConcreteID CUSTOM not available AbstractID CUSTOM = AA1dbho757f3511303856
 @State ConcreteID = SC1l07ozve412207669777 AbstractID = SRqzfi4udb9550515786
 ConcreteID CUSTOM = SC37pfkde351630695292 AbstractID CUSTOM = SA1aspmnwe42554626520

	ROLE = LeftClickAt
	TARGET =
		WIDGET = WCit8d9p404194223583, WR88rmk0b1934231702, WTyzw7s81e1562031213, WPz4wy733c299938118
		ROLE = UIACheckBox
		TITLE = Link with Selection
		SHAPE = Rect [x:945.0 y:626.0 w:23.0 h:22.0]
		CHILDREN = 0
		PATH = [0, 1, 0, 0, 0, 0, 4, 0, 0, 2]
	DESCRIPTION = Left Click at 'Link with Selection'
	TEXT = Compound Action =
		Move mouse to (956.5, 637.0).
		Press Mouse Button BUTTON1
		Release Mouse Button BUTTON1

ExecutedAction [15]: 
 @Action ConcreteID = AC1o9inr77f3462499761 AbstractID = AA1o9inr77f3462499761
 ConcreteID CUSTOM = ConcreteID CUSTOM not available AbstractID CUSTOM = AAsuritn7f3983058371
 @State ConcreteID = SCorjdktd701251027134 AbstractID = SRc111brcde2953826952
 ConcreteID CUSTOM = SChvc6xwd741195453884 AbstractID CUSTOM = SA1jgf8oed5b202802822

	ROLE = LeftClickAt
	TARGET =
		WIDGET = WCob4qr8343292093634, WR1h6ibpb92248851252, WT17n94sl212370609578, WPdegs3m302900806514
		ROLE = UIAButton
		TITLE = Open Type (Ctrl+Shift+T)
		SHAPE = Rect [x:377.0 y:108.0 w:23.0 h:22.0]
		CHILDREN = 0
		PATH = [0, 2, 3, 0, 0]
	DESCRIPTION = Left Click at 'Open Type (Ctrl+Shift+T)'
	TEXT = Compound Action =
		Move mouse to (388.5, 119.0).
		Press Mouse Button BUTTON1
		Release Mouse Button BUTTON1

ExecutedAction [16]: 
 @Action ConcreteID = AC162j0r480560824262 AbstractID = AA162j0r480560824262
 ConcreteID CUSTOM = ConcreteID CUSTOM not available AbstractID CUSTOM = AA19881zq7f3719034544
 @State ConcreteID = SC1go4e24e451340189772 AbstractID = SRe0q6wodb22065280169
 ConcreteID CUSTOM = SCvbzx04e4073083051 AbstractID CUSTOM = SAvsuxzee472556761052

	ROLE = LeftClickAt
	TARGET =
		WIDGET = WC1p15j521b3556669635, WR1h6ibpb92248851252, WTzj7080b316331869, WPaep0go173936385609
		ROLE = UIAButton
		TITLE = No
		SHAPE = Rect [x:719.0 y:447.0 w:92.0 h:25.0]
		CHILDREN = 0
		PATH = [0, 0, 3, 1]
	DESCRIPTION = Left Click at 'No'
	TEXT = Compound Action =
		Move mouse to (765.0, 459.5).
		Press Mouse Button BUTTON1
		Release Mouse Button BUTTON1

ExecutedAction [17]: 
 @Action ConcreteID = AC15xvn2a7f1882586306 AbstractID = AA15xvn2a7f1882586306
 ConcreteID CUSTOM = ConcreteID CUSTOM not available AbstractID CUSTOM = AAaj4i4q7f1396495536
 @State ConcreteID = SCorjdktd701251027134 AbstractID = SRc111brcde2953826952
 ConcreteID CUSTOM = SChvc6xwd741195453884 AbstractID CUSTOM = SA1jgf8oed5b202802822

	ROLE = LeftClickAt
	TARGET =
		WIDGET = WC1d3o87u30735465061, WR1h6ibpb92248851252, WT17yjboe1d2534355506, WPashlgo2c257513453
		ROLE = UIAButton
		TITLE = Open Task (Ctrl+F12)
		SHAPE = Rect [x:400.0 y:108.0 w:23.0 h:22.0]
		CHILDREN = 0
		PATH = [0, 2, 3, 0, 1]
	DESCRIPTION = Left Click at 'Open Task (Ctrl+F12)'
	TEXT = Compound Action =
		Move mouse to (411.5, 119.0).
		Press Mouse Button BUTTON1
		Release Mouse Button BUTTON1

ExecutedAction [18]: 
 @Action ConcreteID = ACbl4mjp7f4103158577 AbstractID = AAbl4mjp7f4103158577
 ConcreteID CUSTOM = ConcreteID CUSTOM not available AbstractID CUSTOM = AA1w6sa5k7f858205469
 @State ConcreteID = SCf0w3swf9d2246926650 AbstractID = SR9865vief61147507614
 ConcreteID CUSTOM = SC180n7t0f9a3289862643 AbstractID CUSTOM = SAn0o3xef9e2925426371

	ROLE = LeftClickAt
	TARGET =
		WIDGET = WC9fu2n8253270179606, WR1h6ibpb92248851252, WT1h6ibpb92248851252, WP1qc6imu211202249499
		ROLE = UIAButton
		TITLE = 
		SHAPE = Rect [x:822.0 y:147.0 w:23.0 h:22.0]
		CHILDREN = 0
		PATH = [0, 0, 0, 0, 0, 0, 1, 0]
	DESCRIPTION = Left Click at ''
	TEXT = Compound Action =
		Move mouse to (833.5, 158.0).
		Press Mouse Button BUTTON1
		Release Mouse Button BUTTON1

ExecutedAction [19]: 
 @Action ConcreteID = AC50zdje813216400013 AbstractID = AA50zdje813216400013
 ConcreteID CUSTOM = ConcreteID CUSTOM not available AbstractID CUSTOM = AAfxdu2o802797882535
 @State ConcreteID = SC13wkkqx10293120077664 AbstractID = SR1y4i8adf812138681383
 ConcreteID CUSTOM = SC5see7v10273508265379 AbstractID CUSTOM = SA8rni0s10271561755358

	ROLE = LeftClickAt
	TARGET =
		WIDGET = WC1fekswz29692488227, WR1h6ibpb92248851252, WT1gjxtq6d2454228457, WP1h17utx25982174994
		ROLE = UIAButton
		TITLE = Menu
		SHAPE = Rect [x:822.0 y:147.0 w:23.0 h:22.0]
		CHILDREN = 0
		PATH = [0, 0, 0, 0, 0, 0, 1, 0]
	DESCRIPTION = Left Click at 'Menu'
	TEXT = Compound Action =
		Move mouse to (833.5, 158.0).
		Press Mouse Button BUTTON1
		Release Mouse Button BUTTON1

ExecutedAction [20]: 
 @Action ConcreteID = ACzwvju9812654799957 AbstractID = AAzwvju9812654799957
 ConcreteID CUSTOM = ConcreteID CUSTOM not available AbstractID CUSTOM = AA1ata0dj802270108287
 @State ConcreteID = SC13wkkqx10293120077664 AbstractID = SR1y4i8adf812138681383
 ConcreteID CUSTOM = SC5see7v10273508265379 AbstractID CUSTOM = SA8rni0s10271561755358

	ROLE = LeftClickAt
	TARGET =
		WIDGET = WCr9b3rt293415695339, WR17v7k2nb1067391859, WT1yz9v6d1f506198347, WPe3toi325198499066
		ROLE = UIAMenuItem
		TITLE = Show Completed Tasks
		SHAPE = Rect [x:825.0 y:194.0 w:216.0 h:22.0]
		CHILDREN = 0
		PATH = [1, 1]
	DESCRIPTION = Left Click at 'Show Completed Tasks'
	TEXT = Compound Action =
		Move mouse to (933.0, 205.0).
		Press Mouse Button BUTTON1
		Release Mouse Button BUTTON1

ExecutedAction [21]: 
 @Action ConcreteID = ACjpi0b7f3001160473 AbstractID = AAjpi0b7f3001160473
 ConcreteID CUSTOM = ConcreteID CUSTOM not available AbstractID CUSTOM = AA1l5d5m67f1968440629
 @State ConcreteID = SCf0w3swf9d2246926650 AbstractID = SR9865vief61147507614
 ConcreteID CUSTOM = SC180n7t0f9a3289862643 AbstractID CUSTOM = SAn0o3xef9e2925426371

	ROLE = LeftClickAt
	TARGET =
		WIDGET = WC162dvuy351458145647, WR88rmk0b1934231702, WTfe5fas1c1479203200, WP1gr3al4313488205828
		ROLE = UIACheckBox
		TITLE = Open with Browser
		SHAPE = Rect [x:283.0 y:458.0 w:121.0 h:16.0]
		CHILDREN = 0
		PATH = [0, 0, 0, 0, 0, 4, 0]
	DESCRIPTION = Left Click at 'Open with Browser'
	TEXT = Compound Action =
		Move mouse to (343.5, 466.0).
		Press Mouse Button BUTTON1
		Release Mouse Button BUTTON1

ExecutedAction [22]: 
 @Action ConcreteID = ACjve98v7f3147950147 AbstractID = AAjve98v7f3147950147
 ConcreteID CUSTOM = ConcreteID CUSTOM not available AbstractID CUSTOM = AA5fxuvm7f2081947247
 @State ConcreteID = SCf0w3swf9d2246926650 AbstractID = SR9865vief61147507614
 ConcreteID CUSTOM = SC180n7t0f9a3289862643 AbstractID CUSTOM = SAn0o3xef9e2925426371

	ROLE = LeftClickAt
	TARGET =
		WIDGET = WCn813v72c87651507, WR4n4ygb71694219017, WTrctlw2164178500647, WP17gj4cl283046404057
		ROLE = UIAList
		TITLE = Matching items:
		SHAPE = Rect [x:283.0 y:220.0 w:562.0 h:228.0]
		CHILDREN = 0
		PATH = [0, 0, 0, 0, 0, 3]
	DESCRIPTION = Left Click at 'Matching items:'
	TEXT = Compound Action =
		Move mouse to (564.0, 334.0).
		Press Mouse Button BUTTON1
		Release Mouse Button BUTTON1

ExecutedAction [23]: 
 @Action ConcreteID = ACbl4mjp7f4103158577 AbstractID = AAbl4mjp7f4103158577
 ConcreteID CUSTOM = ConcreteID CUSTOM not available AbstractID CUSTOM = AA1w6sa5k7f858205469
 @State ConcreteID = SCf0w3swf9d2246926650 AbstractID = SR9865vief61147507614
 ConcreteID CUSTOM = SC180n7t0f9a3289862643 AbstractID CUSTOM = SAn0o3xef9e2925426371

	ROLE = LeftClickAt
	TARGET =
		WIDGET = WC9fu2n8253270179606, WR1h6ibpb92248851252, WT1h6ibpb92248851252, WP1qc6imu211202249499
		ROLE = UIAButton
		TITLE = 
		SHAPE = Rect [x:822.0 y:147.0 w:23.0 h:22.0]
		CHILDREN = 0
		PATH = [0, 0, 0, 0, 0, 0, 1, 0]
	DESCRIPTION = Left Click at ''
	TEXT = Compound Action =
		Move mouse to (833.5, 158.0).
		Press Mouse Button BUTTON1
		Release Mouse Button BUTTON1

ExecutedAction [24]: 
 @Action ConcreteID = AC2hzwr1812225082999 AbstractID = AA2hzwr1812225082999
 ConcreteID CUSTOM = ConcreteID CUSTOM not available AbstractID CUSTOM = AAdeedab802647785565
 @State ConcreteID = SC13wkkqx10293120077664 AbstractID = SR1y4i8adf812138681383
 ConcreteID CUSTOM = SC5see7v10273508265379 AbstractID CUSTOM = SA8rni0s10271561755358

	ROLE = LeftClickAt
	TARGET =
		WIDGET = WC1sv31j72a3020752768, WR17v7k2nb1067391859, WT1nz70ww203266278539, WP1vmgvp1262664369814
		ROLE = UIAMenuItem
		TITLE = Select Working Set...
		SHAPE = Rect [x:825.0 y:223.0 w:216.0 h:22.0]
		CHILDREN = 0
		PATH = [1, 2]
	DESCRIPTION = Left Click at 'Select Working Set...'
	TEXT = Compound Action =
		Move mouse to (933.0, 234.0).
		Press Mouse Button BUTTON1
		Release Mouse Button BUTTON1

ExecutedAction [25]: 
 @Action ConcreteID = AC17gtl0w802141464360 AbstractID = AA17gtl0w802141464360
 ConcreteID CUSTOM = ConcreteID CUSTOM not available AbstractID CUSTOM = AA196qcih81147510215
 @State ConcreteID = SC1ee7pv11cd1462858831 AbstractID = SR13ulf2t11152926865778
 ConcreteID CUSTOM = SC1oobfw411c7694186493 AbstractID CUSTOM = SA1b794lk11db1717432766

	ROLE = LeftClickAt
	TARGET =
		WIDGET = WCkh84o9243333389591, WR88rmk0b1934231702, WT88rmk0b1934231702, WP1bocjuf201538219083
		ROLE = UIACheckBox
		TITLE = 
		SHAPE = Rect [x:389.0 y:452.0 w:31.0 h:30.0]
		CHILDREN = 0
		PATH = [0, 0, 0, 0, 1, 0, 0]
	DESCRIPTION = Left Click at ''
	TEXT = Compound Action =
		Move mouse to (404.5, 467.0).
		Press Mouse Button BUTTON1
		Release Mouse Button BUTTON1

ExecutedAction [26]: 
 @Action ConcreteID = ACffocul803017199054 AbstractID = AAffocul803017199054
 ConcreteID CUSTOM = ConcreteID CUSTOM not available AbstractID CUSTOM = AA1n09vrz801969650751
 @State ConcreteID = SC1x10sg313d9480860751 AbstractID = SRsr7qst13032361889891
 ConcreteID CUSTOM = SC1149pcc13d91153651692 AbstractID CUSTOM = SAdu5ene13ea2990831883

	ROLE = LeftClickAt
	TARGET =
		WIDGET = WC1f4i0xt332293777053, WRa3fnoge3263686876, WTcpig671d861242377, WP14xtnsj2f890393151
		ROLE = UIARadioButton
		TITLE = No Working Sets
		SHAPE = Rect [x:389.0 y:148.0 w:350.0 h:16.0]
		CHILDREN = 0
		PATH = [0, 0, 0, 0, 0, 2]
	DESCRIPTION = Left Click at 'No Working Sets'
	TEXT = Compound Action =
		Move mouse to (564.0, 156.0).
		Press Mouse Button BUTTON1
		Release Mouse Button BUTTON1

ExecutedAction [27]: 
 @Action ConcreteID = AC7e2gbz802145811165 AbstractID = AA7e2gbz802145811165
 ConcreteID CUSTOM = ConcreteID CUSTOM not available AbstractID CUSTOM = AA6vwvbn802719257800
 @State ConcreteID = SCc7pd3s13d93502750538 AbstractID = SRsr7qst13032361889891
 ConcreteID CUSTOM = SC17mx05713d91453233599 AbstractID CUSTOM = SAdu5ene13ea2990831883

	ROLE = LeftClickAt
	TARGET =
		WIDGET = WCkh84o9243333389591, WR88rmk0b1934231702, WT88rmk0b1934231702, WP1bocjuf201538219083
		ROLE = UIACheckBox
		TITLE = 
		SHAPE = Rect [x:389.0 y:458.0 w:31.0 h:30.0]
		CHILDREN = 0
		PATH = [0, 0, 0, 0, 1, 0, 0]
	DESCRIPTION = Left Click at ''
	TEXT = Compound Action =
		Move mouse to (404.5, 473.0).
		Press Mouse Button BUTTON1
		Release Mouse Button BUTTON1

ExecutedAction [28]: 
 @Action ConcreteID = ACndudoq812703091620 AbstractID = AAndudoq812703091620
 ConcreteID CUSTOM = ConcreteID CUSTOM not available AbstractID CUSTOM = AAitn81q813302094681
 @State ConcreteID = SC1vwpoaw11cd3949248928 AbstractID = SR13ulf2t11152926865778
 ConcreteID CUSTOM = SCbcy2ir11c7467987251 AbstractID CUSTOM = SA1b794lk11db1717432766

	ROLE = LeftClickAt
	TARGET =
		WIDGET = WC7drfkj37842122047, WRa3fnoge3263686876, WT187bf4211133697975, WPgc1qx1333744458583
		ROLE = UIARadioButton
		TITLE = Window Working Sets
		SHAPE = Rect [x:389.0 y:124.0 w:350.0 h:16.0]
		CHILDREN = 0
		PATH = [0, 0, 0, 0, 0, 1]
	DESCRIPTION = Left Click at 'Window Working Sets'
	TEXT = Compound Action =
		Move mouse to (564.0, 132.0).
		Press Mouse Button BUTTON1
		Release Mouse Button BUTTON1

ExecutedAction [29]: 
 @Action ConcreteID = AC1t2hd7l801320745811 AbstractID = AA1t2hd7l801320745811
 ConcreteID CUSTOM = ConcreteID CUSTOM not available AbstractID CUSTOM = AA1use4p681970330044
 @State ConcreteID = SC1ee7pv11cd1462858831 AbstractID = SR13ulf2t11152926865778
 ConcreteID CUSTOM = SC1oobfw411c7694186493 AbstractID CUSTOM = SA1b794lk11db1717432766

	ROLE = LeftClickAt
	TARGET =
		WIDGET = WC11kmaov242548563172, WR1h6ibpb92248851252, WTzj707vb935461581, WP1c6vl65204070990846
		ROLE = UIAButton
		TITLE = OK
		SHAPE = Rect [x:549.0 y:455.0 w:92.0 h:25.0]
		CHILDREN = 0
		PATH = [0, 0, 0, 0, 1, 1, 0]
	DESCRIPTION = Left Click at 'OK'
	TEXT = Compound Action =
		Move mouse to (595.0, 467.5).
		Press Mouse Button BUTTON1
		Release Mouse Button BUTTON1

ExecutedAction [30]: 
 @Action ConcreteID = ACbl4mjp7f4103158577 AbstractID = AAbl4mjp7f4103158577
 ConcreteID CUSTOM = ConcreteID CUSTOM not available AbstractID CUSTOM = AA1w6sa5k7f858205469
 @State ConcreteID = SCf0w3swf9d2246926650 AbstractID = SR9865vief61147507614
 ConcreteID CUSTOM = SC180n7t0f9a3289862643 AbstractID CUSTOM = SAn0o3xef9e2925426371

	ROLE = LeftClickAt
	TARGET =
		WIDGET = WC9fu2n8253270179606, WR1h6ibpb92248851252, WT1h6ibpb92248851252, WP1qc6imu211202249499
		ROLE = UIAButton
		TITLE = 
		SHAPE = Rect [x:822.0 y:147.0 w:23.0 h:22.0]
		CHILDREN = 0
		PATH = [0, 0, 0, 0, 0, 0, 1, 0]
	DESCRIPTION = Left Click at ''
	TEXT = Compound Action =
		Move mouse to (833.5, 158.0).
		Press Mouse Button BUTTON1
		Release Mouse Button BUTTON1

ExecutedAction [31]: 
 @Action ConcreteID = ACx2k67t81552228685 AbstractID = AAx2k67t81552228685
 ConcreteID CUSTOM = ConcreteID CUSTOM not available AbstractID CUSTOM = AA17yymr380966280551
 @State ConcreteID = SC13wkkqx10293120077664 AbstractID = SR1y4i8adf812138681383
 ConcreteID CUSTOM = SC5see7v10273508265379 AbstractID CUSTOM = SA8rni0s10271561755358

	ROLE = LeftClickAt
	TARGET =
		WIDGET = WC1cookdb223485606206, WR1h6ibpb92248851252, WT1vjbvvdf3603144044, WP1haaay51e2166262702
		ROLE = UIAButton
		TITLE = Cancel
		SHAPE = Rect [x:753.0 y:557.0 w:92.0 h:25.0]
		CHILDREN = 0
		PATH = [0, 0, 0, 1, 3]
	DESCRIPTION = Left Click at 'Cancel'
	TEXT = Compound Action =
		Move mouse to (799.0, 569.5).
		Press Mouse Button BUTTON1
		Release Mouse Button BUTTON1

ExecutedAction [32]: 
 @Action ConcreteID = AC1o2816i7f852654106 AbstractID = AA1o2816i7f852654106
 ConcreteID CUSTOM = ConcreteID CUSTOM not available AbstractID CUSTOM = AAsngw8y7f299585640
 @State ConcreteID = SCorjdktd701251027134 AbstractID = SRc111brcde2953826952
 ConcreteID CUSTOM = SChvc6xwd741195453884 AbstractID CUSTOM = SA1jgf8oed5b202802822

	ROLE = LeftClickAt
	TARGET =
		WIDGET = WC1kt1hpf3e442078141, WR1h6ibpb92248851252, WTtbaw051c1143779680, WP1w78wnp3a3025140021
		ROLE = UIAButton
		TITLE = Synchronize Changed
		SHAPE = Rect [x:966.0 y:193.0 w:23.0 h:22.0]
		CHILDREN = 0
		PATH = [0, 0, 0, 0, 0, 0, 2, 1, 0, 7]
	DESCRIPTION = Left Click at 'Synchronize Changed'
	TEXT = Compound Action =
		Move mouse to (977.5, 204.0).
		Press Mouse Button BUTTON1
		Release Mouse Button BUTTON1

ExecutedAction [33]: 
 @Action ConcreteID = AChlp5tu7f3440879434 AbstractID = AAhlp5tu7f3440879434
 ConcreteID CUSTOM = ConcreteID CUSTOM not available AbstractID CUSTOM = AA1l822ve7f3994980152
 @State ConcreteID = SCorjdktd701251027134 AbstractID = SRc111brcde2953826952
 ConcreteID CUSTOM = SChvc6xwd741195453884 AbstractID CUSTOM = SA1jgf8oed5b202802822

	ROLE = LeftClickAt
	TARGET =
		WIDGET = WC1qhvxs93f1750777892, WR88rmk0b1934231702, WT1pdq8cv2c2923321407, WP1gz1ytz3b3977015348
		ROLE = UIACheckBox
		TITLE = Skip All Breakpoints (Ctrl+Alt+B)
		SHAPE = Rect [x:466.0 y:108.0 w:23.0 h:22.0]
		CHILDREN = 0
		PATH = [0, 2, 4, 0, 0]
	DESCRIPTION = Left Click at 'Skip All Breakpoints (Ctrl+Alt+B)'
	TEXT = Compound Action =
		Move mouse to (477.5, 119.0).
		Press Mouse Button BUTTON1
		Release Mouse Button BUTTON1

ExecutedAction [34]: 
 @Action ConcreteID = ACfmfje47e3170902701 AbstractID = AAfmfje47e3170902701
 ConcreteID CUSTOM = ConcreteID CUSTOM not available AbstractID CUSTOM = AA1juqb387e1833955162
 @State ConcreteID = SCorjdktd701251027134 AbstractID = SRc111brcde2953826952
 ConcreteID CUSTOM = SChvc6xwd741195453884 AbstractID CUSTOM = SA1jgf8oed5b202802822

	ROLE = LeftClickAt
	TARGET =
		WIDGET = WC1t2g1mo1f1835652190, WR17v7k2nb1067391859, WT1q6069m122944502186, WP1rt5moe1b1331662022
		ROLE = UIAMenuItem
		TITLE = Project
		SHAPE = Rect [x:236.0 y:83.0 w:51.0 h:19.0]
		CHILDREN = 0
		PATH = [0, 4, 4]
	DESCRIPTION = Left Click at 'Project'
	TEXT = Compound Action =
		Move mouse to (261.5, 92.5).
		Press Mouse Button BUTTON1
		Release Mouse Button BUTTON1

ExecutedAction [35]: 
 @Action ConcreteID = AClamcr58063410175 AbstractID = AAlamcr58063410175
 ConcreteID CUSTOM = ConcreteID CUSTOM not available AbstractID CUSTOM = AAxqomd7803116636485
 @State ConcreteID = SC1l59zy6e301881232155 AbstractID = SRhduvmoda5202351724
 ConcreteID CUSTOM = SCdrwlge2a280712307 AbstractID CUSTOM = SA14cpy81e2e2892295241

	ROLE = LeftClickAt
	TARGET =
		WIDGET = WC1y0uos452611942158, WR1h6ibpb92248851252, WTehicr6303086359913, WPst0gkm4e1306487483
		ROLE = UIAButton
		TITLE = Collapse All (Ctrl+Shift+Numpad_Divide)
		SHAPE = Rect [x:201.0 y:163.0 w:23.0 h:22.0]
		CHILDREN = 0
		PATH = [0, 1, 0, 0, 0, 0, 0, 1, 0, 0]
	DESCRIPTION = Left Click at 'Collapse All (Ctrl+Shift+Numpad_Divide)'
	TEXT = Compound Action =
		Move mouse to (212.5, 174.0).
		Press Mouse Button BUTTON1
		Release Mouse Button BUTTON1

ExecutedAction [36]: 
 @Action ConcreteID = AC1c3ronc7f1894405982 AbstractID = AA1c3ronc7f1894405982
 ConcreteID CUSTOM = ConcreteID CUSTOM not available AbstractID CUSTOM = AA1fbkttv7e3200959631
 @State ConcreteID = SCsdyla0d943445764804 AbstractID = SR1rfus43d062816020030
 ConcreteID CUSTOM = SC1iib7qpda0181618593 AbstractID CUSTOM = SAiuldald85528583317

	ROLE = LeftClickAt
	TARGET =
		WIDGET = WC1htg5v6292941965271, WR1e04pz3e358922214, WT1irvxqf16925407563, WP18492tc252712378354
		ROLE = UIASplitButton
		TITLE = Coverage
		SHAPE = Rect [x:230.0 y:108.0 w:38.0 h:22.0]
		CHILDREN = 0
		PATH = [0, 2, 1, 0, 2]
	DESCRIPTION = Left Click at 'Coverage'
	TEXT = Compound Action =
		Move mouse to (249.0, 119.0).
		Press Mouse Button BUTTON1
		Release Mouse Button BUTTON1

ExecutedAction [37]: 
 @Action ConcreteID = AC18asamw804129314063 AbstractID = AA18asamw804129314063
 ConcreteID CUSTOM = ConcreteID CUSTOM not available AbstractID CUSTOM = AA1c90v1l7f113950399
 @State ConcreteID = SC126p62qe542770859239 AbstractID = SRc5zldxdc63017615713
 ConcreteID CUSTOM = SC19y4zyle532911346220 AbstractID CUSTOM = SAyn5aike5a3996578415

	ROLE = LeftClickAt
	TARGET =
		WIDGET = WCk5myv61b2015160918, WR1h6ibpb92248851252, WTzj707vb935461581, WPyo48hg17494111517
		ROLE = UIAButton
		TITLE = OK
		SHAPE = Rect [x:719.0 y:443.0 w:92.0 h:25.0]
		CHILDREN = 0
		PATH = [0, 0, 3, 0]
	DESCRIPTION = Left Click at 'OK'
	TEXT = Compound Action =
		Move mouse to (765.0, 455.5).
		Press Mouse Button BUTTON1
		Release Mouse Button BUTTON1

ExecutedAction [38]: 
 @Action ConcreteID = AC1n7pcvb7f1012265292 AbstractID = AA1n7pcvb7f1012265292
 ConcreteID CUSTOM = ConcreteID CUSTOM not available AbstractID CUSTOM = AA4y4r9r7f1992865245
 @State ConcreteID = SCnpdl0yd701279578758 AbstractID = SRc111brcde2953826952
 ConcreteID CUSTOM = SCwksyfed7593441624 AbstractID CUSTOM = SA1jgf8oed5b202802822

	ROLE = LeftClickAt
	TARGET =
		WIDGET = WC1snqtkk2e1661780130, WR1k8fo0ra1109144095, WT1pfi7n3123142606374, WP2gbk862a363479783
		ROLE = UIATabItem
		TITLE = Problems
		SHAPE = Rect [x:317.0 y:625.0 w:80.0 h:24.0]
		CHILDREN = 0
		PATH = [0, 0, 0, 0, 0, 0, 4, 3]
	DESCRIPTION = Left Click at 'Problems'
	TEXT = Compound Action =
		Move mouse to (357.0, 637.0).
		Press Mouse Button BUTTON1
		Release Mouse Button BUTTON1

ExecutedAction [39]: 
 @Action ConcreteID = AC9gh8xo7f298145085 AbstractID = AA9gh8xo7f298145085
 ConcreteID CUSTOM = ConcreteID CUSTOM not available AbstractID CUSTOM = AA1f33y5g7f2504390200
 @State ConcreteID = SCejylp8d992483969275 AbstractID = SRssiwitcfe470558501
 ConcreteID CUSTOM = SC1ulb2vtd9f4209360467 AbstractID CUSTOM = SArdcc6ad803165046034

	ROLE = LeftClickAt
	TARGET =
		WIDGET = WC1w0vay43718853665, WR1h6ibpb92248851252, WT1m81vjh15668110752, WP1nt8zha333559906224
		ROLE = UIAButton
		TITLE = Collapse All
		SHAPE = Rect [x:935.0 y:193.0 w:23.0 h:22.0]
		CHILDREN = 0
		PATH = [0, 0, 0, 0, 0, 0, 2, 1, 0, 6]
	DESCRIPTION = Left Click at 'Collapse All'
	TEXT = Compound Action =
		Move mouse to (946.5, 204.0).
		Press Mouse Button BUTTON1
		Release Mouse Button BUTTON1

ExecutedAction [40]: 
 @Action ConcreteID = AChsq1mm7f3286611236 AbstractID = AAhsq1mm7f3286611236
 ConcreteID CUSTOM = ConcreteID CUSTOM not available AbstractID CUSTOM = AA1nfcque7f1197807137
 @State ConcreteID = SCejylp8d992483969275 AbstractID = SRssiwitcfe470558501
 ConcreteID CUSTOM = SC1ulb2vtd9f4209360467 AbstractID CUSTOM = SArdcc6ad803165046034

	ROLE = LeftClickAt
	TARGET =
		WIDGET = WCuky6ek412928803089, WR88rmk0b1934231702, WTt8lv8r1f3964487852, WPz469ge3d3286050059
		ROLE = UIACheckBox
		TITLE = Hide Completed Tasks
		SHAPE = Rect [x:889.0 y:193.0 w:23.0 h:22.0]
		CHILDREN = 0
		PATH = [0, 0, 0, 0, 0, 0, 2, 1, 0, 4]
	DESCRIPTION = Left Click at 'Hide Completed Tasks'
	TEXT = Compound Action =
		Move mouse to (900.5, 204.0).
		Press Mouse Button BUTTON1
		Release Mouse Button BUTTON1

ExecutedAction [41]: 
 @Action ConcreteID = AC1iby3sm803958618732 AbstractID = AA1iby3sm803958618732
 ConcreteID CUSTOM = ConcreteID CUSTOM not available AbstractID CUSTOM = AA1u9gtxq802602421824
 @State ConcreteID = SCejylp8d992483969275 AbstractID = SRssiwitcfe470558501
 ConcreteID CUSTOM = SC1ulb2vtd9f4209360467 AbstractID CUSTOM = SArdcc6ad803165046034

	ROLE = LeftClickAt
	TARGET =
		WIDGET = WC9qho283e2123576818, WR88rmk0b1934231702, WTq72q261c2588824796, WPb9fy823a2225743871
		ROLE = UIACheckBox
		TITLE = Focus on Workweek
		SHAPE = Rect [x:989.0 y:163.0 w:23.0 h:22.0]
		CHILDREN = 0
		PATH = [0, 0, 0, 0, 0, 0, 2, 1, 0, 3]
	DESCRIPTION = Left Click at 'Focus on Workweek'
	TEXT = Compound Action =
		Move mouse to (1000.5, 174.0).
		Press Mouse Button BUTTON1
		Release Mouse Button BUTTON1

ExecutedAction [42]: 
 @Action ConcreteID = AC1ka7dro7f2877108949 AbstractID = AA1ka7dro7f2877108949
 ConcreteID CUSTOM = ConcreteID CUSTOM not available AbstractID CUSTOM = AAux46ip7e2964063197
 @State ConcreteID = SCu7xc2hda51166799033 AbstractID = SR1thave6d111156934553
 ConcreteID CUSTOM = SCsc9457d9b2512015095 AbstractID CUSTOM = SA5imuhcd9e563775933

	ROLE = LeftClickAt
	TARGET =
		WIDGET = WC1dlyfrm3d87804331, WR88rmk0b1934231702, WTwegaa91b3021749952, WPlf0ec393473870899
		ROLE = UIACheckBox
		TITLE = Link with Editor
		SHAPE = Rect [x:224.0 y:163.0 w:23.0 h:22.0]
		CHILDREN = 0
		PATH = [0, 1, 0, 0, 0, 0, 0, 1, 0, 1]
	DESCRIPTION = Left Click at 'Link with Editor'
	TEXT = Compound Action =
		Move mouse to (235.5, 174.0).
		Press Mouse Button BUTTON1
		Release Mouse Button BUTTON1

ExecutedAction [43]: 
 @Action ConcreteID = AC14g9g31802036869939 AbstractID = AA14g9g31802036869939
 ConcreteID CUSTOM = ConcreteID CUSTOM not available AbstractID CUSTOM = AAp4307v801239574753
 @State ConcreteID = SC1vs72qedc03732219289 AbstractID = SR15eatujd252795348803
 ConcreteID CUSTOM = SC14kvpt9dcc755671017 AbstractID CUSTOM = SA1i71tyudaa4189645476

	ROLE = LeftClickAt
	TARGET =
		WIDGET = WC1y6oqtj263904207445, WR1e04pz3e358922214, WT1nrspw4134064192791, WP2i58np22801252885
		ROLE = UIASplitButton
		TITLE = Debug
		SHAPE = Rect [x:154.0 y:108.0 w:38.0 h:22.0]
		CHILDREN = 0
		PATH = [0, 2, 1, 0, 0]
	DESCRIPTION = Left Click at 'Debug'
	TEXT = Compound Action =
		Move mouse to (173.0, 119.0).
		Press Mouse Button BUTTON1
		Release Mouse Button BUTTON1

ExecutedAction [44]: 
 @Action ConcreteID = AC18xqnf07f4133143947 AbstractID = AA18xqnf07f4133143947
 ConcreteID CUSTOM = ConcreteID CUSTOM not available AbstractID CUSTOM = AAq1t9ca7f3112501703
 @State ConcreteID = SCiajfu9e7f2580551860 AbstractID = SRuoucdlde5107961447
 ConcreteID CUSTOM = SC12wjyfwe7e2828818400 AbstractID CUSTOM = SAan428me7f1357117872

	ROLE = LeftClickAt
	TARGET =
		WIDGET = WCk5myv61b2015160918, WR1h6ibpb92248851252, WTzj707vb935461581, WPyo48hg17494111517
		ROLE = UIAButton
		TITLE = OK
		SHAPE = Rect [x:719.0 y:443.0 w:92.0 h:25.0]
		CHILDREN = 0
		PATH = [0, 0, 3, 0]
	DESCRIPTION = Left Click at 'OK'
	TEXT = Compound Action =
		Move mouse to (765.0, 455.5).
		Press Mouse Button BUTTON1
		Release Mouse Button BUTTON1

ExecutedAction [45]: 
 @Action ConcreteID = ACu71xb6801325523782 AbstractID = AAu71xb6801325523782
 ConcreteID CUSTOM = ConcreteID CUSTOM not available AbstractID CUSTOM = AA1a3rmpn7f3285527160
 @State ConcreteID = SC182n49nd9c3861117715 AbstractID = SR19qpfqvcfd1954068942
 ConcreteID CUSTOM = SC1gyvm00da0199083619 AbstractID CUSTOM = SAyup6r9d802681703250

	ROLE = LeftClickAt
	TARGET =
		WIDGET = WChqwi5x361612572194, WR1k8fo0ra1109144095, WTvx93041a1599598058, WP11wm3qf321746405345
		ROLE = UIATabItem
		TITLE = Package Explorer
		SHAPE = Rect [x:62.0 y:136.0 w:140.0 h:24.0]
		CHILDREN = 0
		PATH = [0, 0, 0, 0, 0, 0, 0, 3]
	DESCRIPTION = Left Click at 'Package Explorer'
	TEXT = Compound Action =
		Move mouse to (132.0, 148.0).
		Press Mouse Button BUTTON1
		Release Mouse Button BUTTON1

ExecutedAction [46]: 
 @Action ConcreteID = AC9r4y7r7f1569744936 AbstractID = AA9r4y7r7f1569744936
 ConcreteID CUSTOM = ConcreteID CUSTOM not available AbstractID CUSTOM = AA1kwgqlv7c2094560682
 @State ConcreteID = SC1g8wpgfdca1921217156 AbstractID = SRh15nv6d392170469674
 ConcreteID CUSTOM = SC8bgp4pdc2221298641 AbstractID CUSTOM = SAky3u8dc6127460244

	ROLE = LeftClickAt
	TARGET =
		WIDGET = WC1s7k0uj201036450980, WR17v7k2nb1067391859, WT1omh7n413746922249, WP2ibh951c3134563587
		ROLE = UIAMenuItem
		TITLE = Navigate
		SHAPE = Rect [x:234.0 y:83.0 w:61.0 h:19.0]
		CHILDREN = 0
		PATH = [0, 5, 4]
	DESCRIPTION = Left Click at 'Navigate'
	TEXT = Compound Action =
		Move mouse to (264.5, 92.5).
		Press Mouse Button BUTTON1
		Release Mouse Button BUTTON1

ExecutedAction [47]: 
 @Action ConcreteID = AC16b4os5803874738837 AbstractID = AA16b4os5803874738837
 ConcreteID CUSTOM = ConcreteID CUSTOM not available AbstractID CUSTOM = AA1ludg9f7e917508103
 @State ConcreteID = SC19wft4ufd71249130163 AbstractID = SRd2ie6cf401923625367
 ConcreteID CUSTOM = SC1wgkfsbfd1267237521 AbstractID CUSTOM = SA4h5s4kfcd430190974

	ROLE = LeftClickAt
	TARGET =
		WIDGET = WC1bz2hg023295721023, WR17v7k2nb1067391859, WT1014b7q152166912039, WP5cdubm1f3910852871
		ROLE = UIAMenuItem
		TITLE = Open Setup
		SHAPE = Rect [x:237.0 y:507.0 w:305.0 h:22.0]
		CHILDREN = 0
		PATH = [0, 0, 17]
	DESCRIPTION = Left Click at 'Open Setup'
	TEXT = Compound Action =
		Move mouse to (389.5, 518.0).
		Press Mouse Button BUTTON1
		Release Mouse Button BUTTON1

ExecutedAction [48]: 
 @Action ConcreteID = AC1qh0avh803598329330 AbstractID = AA1qh0avh803598329330
 ConcreteID CUSTOM = ConcreteID CUSTOM not available AbstractID CUSTOM = AA1hhipbg802013875599
 @State ConcreteID = SC35fldb10491258635949 AbstractID = SRp6n1exfb7143093216
 ConcreteID CUSTOM = SC16mexd104f49548896 AbstractID CUSTOM = SAgr6cgs10651203194979

	ROLE = LeftClickAt
	TARGET =
		WIDGET = WC10zr50s2e1212035618, WR1e04pz3e358922214, WTaocbwu1b2980317179, WPgf7qm22a1230365048
		ROLE = UIASplitButton
		TITLE = Run Last Tool
		SHAPE = Rect [x:268.0 y:108.0 w:38.0 h:22.0]
		CHILDREN = 0
		PATH = [0, 4, 1, 0, 3]
	DESCRIPTION = Left Click at 'Run Last Tool'
	TEXT = Compound Action =
		Move mouse to (287.0, 119.0).
		Press Mouse Button BUTTON1
		Release Mouse Button BUTTON1

ExecutedAction [49]: 
 @Action ConcreteID = ACysif5w7f3444598340 AbstractID = AAysif5w7f3444598340
 ConcreteID CUSTOM = ConcreteID CUSTOM not available AbstractID CUSTOM = AAdvoszp7f1867665836
 @State ConcreteID = SC35fldb10491258635949 AbstractID = SRp6n1exfb7143093216
 ConcreteID CUSTOM = SC16mexd104f49548896 AbstractID CUSTOM = SAgr6cgs10651203194979

	ROLE = LeftClickAt
	TARGET =
		WIDGET = WCmgq5b81e3449701755, WR17v7k2nb1067391859, WTh4pr2y11146075878, WPzsik361a373205291
		ROLE = UIAMenuItem
		TITLE = Source
		SHAPE = Rect [x:126.0 y:83.0 w:50.0 h:19.0]
		CHILDREN = 0
		PATH = [0, 6, 2]
	DESCRIPTION = Left Click at 'Source'
	TEXT = Compound Action =
		Move mouse to (151.0, 92.5).
		Press Mouse Button BUTTON1
		Release Mouse Button BUTTON1

ExecutedAction [50]: 
 @Action ConcreteID = ACdmaz1j803143858862 AbstractID = AAdmaz1j803143858862
 ConcreteID CUSTOM = ConcreteID CUSTOM not available AbstractID CUSTOM = AA1xb8l5h802347317628
 @State ConcreteID = SC1vs72qedc03732219289 AbstractID = SR15eatujd252795348803
 ConcreteID CUSTOM = SC14kvpt9dcc755671017 AbstractID CUSTOM = SA1i71tyudaa4189645476

	ROLE = LeftClickAt
	TARGET =
		WIDGET = WC1snqtkk2e1661780130, WR1k8fo0ra1109144095, WT1pfi7n3123142606374, WP2gbk862a363479783
		ROLE = UIATabItem
		TITLE = Problems
		SHAPE = Rect [x:317.0 y:625.0 w:100.0 h:24.0]
		CHILDREN = 0
		PATH = [0, 0, 0, 0, 0, 0, 4, 3]
	DESCRIPTION = Left Click at 'Problems'
	TEXT = Compound Action =
		Move mouse to (367.0, 637.0).
		Press Mouse Button BUTTON1
		Release Mouse Button BUTTON1

ExecutedAction [51]: 
 @Action ConcreteID = AC1y90fcr802134129960 AbstractID = AA1y90fcr802134129960
 ConcreteID CUSTOM = ConcreteID CUSTOM not available AbstractID CUSTOM = AAf4m2s47f4091606038
 @State ConcreteID = SC182n49nd9c3861117715 AbstractID = SR19qpfqvcfd1954068942
 ConcreteID CUSTOM = SC1gyvm00da0199083619 AbstractID CUSTOM = SAyup6r9d802681703250

	ROLE = LeftClickAt
	TARGET =
		WIDGET = WC1e479jz342062320890, WR1h6ibpb92248851252, WT7xh7vf123396096274, WP1dzql5d302945927304
		ROLE = UIAButton
		TITLE = View Menu
		SHAPE = Rect [x:281.0 y:163.0 w:23.0 h:22.0]
		CHILDREN = 0
		PATH = [0, 0, 0, 0, 0, 0, 0, 1, 1, 0]
	DESCRIPTION = Left Click at 'View Menu'
	TEXT = Compound Action =
		Move mouse to (292.5, 174.0).
		Press Mouse Button BUTTON1
		Release Mouse Button BUTTON1

ExecutedAction [52]: 
 @Action ConcreteID = ACculz4q8013309132 AbstractID = AAculz4q8013309132
 ConcreteID CUSTOM = ConcreteID CUSTOM not available AbstractID CUSTOM = AA1wnx6df80452098937
 @State ConcreteID = SC1jg5hfwe9d857828607 AbstractID = SR12teq78e00567848432
 ConcreteID CUSTOM = SCooj5wzeac2075630488 AbstractID CUSTOM = SAfmr519e831645562360

	ROLE = LeftClickAt
	TARGET =
		WIDGET = WCvzqlwi343809403643, WR1h6ibpb92248851252, WT7xh7vf123396096274, WPvv9xhw30913649289
		ROLE = UIAButton
		TITLE = View Menu
		SHAPE = Rect [x:1037.0 y:408.0 w:23.0 h:22.0]
		CHILDREN = 0
		PATH = [0, 0, 0, 0, 0, 0, 3, 1, 1, 0]
	DESCRIPTION = Left Click at 'View Menu'
	TEXT = Compound Action =
		Move mouse to (1048.5, 419.0).
		Press Mouse Button BUTTON1
		Release Mouse Button BUTTON1

ExecutedAction [53]: 
 @Action ConcreteID = ACs7defl804289378357 AbstractID = AAs7defl804289378357
 ConcreteID CUSTOM = ConcreteID CUSTOM not available AbstractID CUSTOM = AA1j071yv7f3809715715
 @State ConcreteID = SC1j1cydndc53723524534 AbstractID = SRzwlfvid24580459965
 ConcreteID CUSTOM = SC1kp31t0dc92361223445 AbstractID CUSTOM = SAauube0da63472622553

	ROLE = LeftClickAt
	TARGET =
		WIDGET = WC1e479jz342062320890, WR1h6ibpb92248851252, WT7xh7vf123396096274, WP1dzql5d302945927304
		ROLE = UIAButton
		TITLE = View Menu
		SHAPE = Rect [x:281.0 y:163.0 w:23.0 h:22.0]
		CHILDREN = 0
		PATH = [0, 0, 0, 0, 0, 0, 0, 1, 1, 0]
	DESCRIPTION = Left Click at 'View Menu'
	TEXT = Compound Action =
		Move mouse to (292.5, 174.0).
		Press Mouse Button BUTTON1
		Release Mouse Button BUTTON1

ExecutedAction [54]: 
 @Action ConcreteID = AC155f0hx7f375878577 AbstractID = AA155f0hx7f375878577
 ConcreteID CUSTOM = ConcreteID CUSTOM not available AbstractID CUSTOM = AA14nquv07f4124883877
 @State ConcreteID = SC1jg5hfwe9d857828607 AbstractID = SR12teq78e00567848432
 ConcreteID CUSTOM = SCooj5wzeac2075630488 AbstractID CUSTOM = SAfmr519e831645562360

	ROLE = LeftClickAt
	TARGET =
		WIDGET = WC87knde1f594243042, WR17v7k2nb1067391859, WTt93qky153276715342, WPlac4lg1b736074327
		ROLE = UIAMenuItem
		TITLE = Filters...
		SHAPE = Rect [x:284.0 y:319.0 w:260.0 h:22.0]
		CHILDREN = 0
		PATH = [1, 5]
	DESCRIPTION = Left Click at 'Filters...'
	TEXT = Compound Action =
		Move mouse to (414.0, 330.0).
		Press Mouse Button BUTTON1
		Release Mouse Button BUTTON1

ExecutedAction [55]: 
 @Action ConcreteID = AC1fgkuha81702778996 AbstractID = AA1fgkuha81702778996
 ConcreteID CUSTOM = ConcreteID CUSTOM not available AbstractID CUSTOM = AAtwh1ah80717593477
 @State ConcreteID = SC13yh8yj12092229437070 AbstractID = SRm979nz113a181814860
 ConcreteID CUSTOM = SCgovy9k120d3458994064 AbstractID CUSTOM = SAwkpzd912074171993789

	ROLE = LeftClickAt
	TARGET =
		WIDGET = WCxr19rn212555221005, WR88rmk0b1934231702, WT88rmk0b1934231702, WPzi2k6d1d815509426
		ROLE = UIACheckBox
		TITLE = 
		SHAPE = Rect [x:381.0 y:587.0 w:31.0 h:30.0]
		CHILDREN = 0
		PATH = [0, 0, 0, 1, 0, 0]
	DESCRIPTION = Left Click at ''
	TEXT = Compound Action =
		Move mouse to (396.5, 602.0).
		Press Mouse Button BUTTON1
		Release Mouse Button BUTTON1

ExecutedAction [56]: 
 @Action ConcreteID = AC1jebr33811355419076 AbstractID = AA1jebr33811355419076
 ConcreteID CUSTOM = ConcreteID CUSTOM not available AbstractID CUSTOM = AA1sbxdyc80459233209
 @State ConcreteID = SC1rvuf0414212863178734 AbstractID = SR1i4djcc133a1502924258
 ConcreteID CUSTOM = SCy3now0142d2099696973 AbstractID CUSTOM = SA1uwmuy01431334720099

	ROLE = LeftClickAt
	TARGET =
		WIDGET = WC1xrol7k2b1501940400, WR1h6ibpb92248851252, WT1cknvro121926923266, WP8mekvi272484179749
		ROLE = UIAButton
		TITLE = Page down
		SHAPE = Rect [x:728.0 y:313.0 w:17.0 h:107.0]
		CHILDREN = 0
		PATH = [0, 0, 0, 0, 4, 0, 2]
	DESCRIPTION = Left Click at 'Page down'
	TEXT = Compound Action =
		Move mouse to (736.5, 366.5).
		Press Mouse Button BUTTON1
		Release Mouse Button BUTTON1

ExecutedAction [57]: 
 @Action ConcreteID = ACpypyye813751519706 AbstractID = AApypyye813751519706
 ConcreteID CUSTOM = ConcreteID CUSTOM not available AbstractID CUSTOM = AA5fmcc5813804834499
 @State ConcreteID = SC1eao83d14364222353099 AbstractID = SRvwpoxh134e75959179
 ConcreteID CUSTOM = SC1x44o8m14442932092622 AbstractID CUSTOM = SA1sek7v114452661845586

	ROLE = LeftClickAt
	TARGET =
		WIDGET = WCe37wrk383872810991, WR52qhb2b3065858412, WTlmo1o223969014184, WP1osnvrm341937644341
		ROLE = UIAListItem
		TITLE = Libraries from external
		SHAPE = Rect [x:383.0 y:280.0 w:198.0 h:20.0]
		CHILDREN = 1
		PATH = [0, 0, 0, 0, 4, 4]
	DESCRIPTION = Left Click at 'Libraries from external'
	TEXT = Compound Action =
		Move mouse to (482.0, 290.0).
		Press Mouse Button BUTTON1
		Release Mouse Button BUTTON1

ExecutedAction [58]: 
 @Action ConcreteID = AC1f4uywv814261318162 AbstractID = AA1f4uywv814261318162
 ConcreteID CUSTOM = ConcreteID CUSTOM not available AbstractID CUSTOM = AAulrcam813232497931
 @State ConcreteID = SC1eao83d14364222353099 AbstractID = SRvwpoxh134e75959179
 ConcreteID CUSTOM = SC1x44o8m14442932092622 AbstractID CUSTOM = SA1sek7v114452661845586

	ROLE = LeftClickAt
	TARGET =
		WIDGET = WCnhvhxi351217145838, WR52qhb2b3065858412, WT1brafk31f1145303110, WP1fopgqg314235648320
		ROLE = UIAListItem
		TITLE = Libraries in project
		SHAPE = Rect [x:383.0 y:300.0 w:198.0 h:20.0]
		CHILDREN = 1
		PATH = [0, 0, 0, 0, 4, 5]
	DESCRIPTION = Left Click at 'Libraries in project'
	TEXT = Compound Action =
		Move mouse to (482.0, 310.0).
		Press Mouse Button BUTTON1
		Release Mouse Button BUTTON1

ExecutedAction [59]: 
 @Action ConcreteID = ACqv3ss8813913825544 AbstractID = AAqv3ss8813913825544
 ConcreteID CUSTOM = ConcreteID CUSTOM not available AbstractID CUSTOM = AA6c065z813558519313
 @State ConcreteID = SC1eao83d14364222353099 AbstractID = SRvwpoxh134e75959179
 ConcreteID CUSTOM = SC1x44o8m14442932092622 AbstractID CUSTOM = SA1sek7v114452661845586

	ROLE = LeftClickAt
	TARGET =
		WIDGET = WC1wllmm2d447756488, WR52qhb2b3065858412, WT1qydmbd172931317000, WP130sm5s291323555070
		ROLE = UIAListItem
		TITLE = Java Members
		SHAPE = Rect [x:383.0 y:260.0 w:198.0 h:20.0]
		CHILDREN = 1
		PATH = [0, 0, 0, 0, 4, 3]
	DESCRIPTION = Left Click at 'Java Members'
	TEXT = Compound Action =
		Move mouse to (482.0, 270.0).
		Press Mouse Button BUTTON1
		Release Mouse Button BUTTON1

ExecutedAction [60]: 
 @Action ConcreteID = AC1ipt19o81975465853 AbstractID = AA1ipt19o81975465853
 ConcreteID CUSTOM = ConcreteID CUSTOM not available AbstractID CUSTOM = AAy6penf81125231716
 @State ConcreteID = SC1eao83d14364222353099 AbstractID = SRvwpoxh134e75959179
 ConcreteID CUSTOM = SC1x44o8m14442932092622 AbstractID CUSTOM = SA1sek7v114452661845586

	ROLE = LeftClickAt
	TARGET =
		WIDGET = WC35m3aj353165236421, WR52qhb2b3065858412, WT1kv75cn1e1769759849, WPrko2rd311892111821
		ROLE = UIAListItem
		TITLE = Non-shared projects
		SHAPE = Rect [x:383.0 y:420.0 w:198.0 h:17.0]
		CHILDREN = 1
		PATH = [0, 0, 0, 0, 4, 11]
	DESCRIPTION = Left Click at 'Non-shared projects'
	TEXT = Compound Action =
		Move mouse to (482.0, 428.5).
		Press Mouse Button BUTTON1
		Release Mouse Button BUTTON1

ExecutedAction [61]: 
 @Action ConcreteID = AC1f4uywv814261318162 AbstractID = AA1f4uywv814261318162
 ConcreteID CUSTOM = ConcreteID CUSTOM not available AbstractID CUSTOM = AAulrcam813232497931
 @State ConcreteID = SC1eao83d14364222353099 AbstractID = SRvwpoxh134e75959179
 ConcreteID CUSTOM = SC1x44o8m14442932092622 AbstractID CUSTOM = SA1sek7v114452661845586

	ROLE = LeftClickAt
	TARGET =
		WIDGET = WCnhvhxi351217145838, WR52qhb2b3065858412, WT1brafk31f1145303110, WP1fopgqg314235648320
		ROLE = UIAListItem
		TITLE = Libraries in project
		SHAPE = Rect [x:383.0 y:300.0 w:198.0 h:20.0]
		CHILDREN = 1
		PATH = [0, 0, 0, 0, 4, 5]
	DESCRIPTION = Left Click at 'Libraries in project'
	TEXT = Compound Action =
		Move mouse to (482.0, 310.0).
		Press Mouse Button BUTTON1
		Release Mouse Button BUTTON1

ExecutedAction [62]: 
 @Action ConcreteID = ACzh974e7f2031857490 AbstractID = AAzh974e7f2031857490
 ConcreteID CUSTOM = ConcreteID CUSTOM not available AbstractID CUSTOM = AAulrcam813232497931
 @State ConcreteID = SC7copqj1438178878141 AbstractID = SRvwpoxh134e75959179
 ConcreteID CUSTOM = SCluktz1444912062459 AbstractID CUSTOM = SA1sek7v114452661845586

	ROLE = LeftClickAt
	TARGET =
		WIDGET = WC130p9qh2c1363754401, WR52qhb2b3065858412, WT1tj9r46162884498824, WPo4q4qj28912433987
		ROLE = UIAListItem
		TITLE = Local types
		SHAPE = Rect [x:383.0 y:300.0 w:198.0 h:20.0]
		CHILDREN = 1
		PATH = [0, 0, 0, 0, 4, 5]
	DESCRIPTION = Left Click at 'Local types'
	TEXT = Compound Action =
		Move mouse to (482.0, 310.0).
		Press Mouse Button BUTTON1
		Release Mouse Button BUTTON1

ExecutedAction [63]: 
 @Action ConcreteID = AC16sqjf27f1365985863 AbstractID = AA16sqjf27f1365985863
 ConcreteID CUSTOM = ConcreteID CUSTOM not available AbstractID CUSTOM = AA11x8ola813906790430
 @State ConcreteID = SC7copqj1438178878141 AbstractID = SRvwpoxh134e75959179
 ConcreteID CUSTOM = SCluktz1444912062459 AbstractID CUSTOM = SA1sek7v114452661845586

	ROLE = LeftClickAt
	TARGET =
		WIDGET = WC1d8xl27213587383332, WR1h6ibpb92248851252, WTzj707vb935461581, WP47s18x1d960981736
		ROLE = UIAButton
		TITLE = OK
		SHAPE = Rect [x:557.0 y:590.0 w:92.0 h:25.0]
		CHILDREN = 0
		PATH = [0, 0, 0, 1, 1, 0]
	DESCRIPTION = Left Click at 'OK'
	TEXT = Compound Action =
		Move mouse to (603.0, 602.5).
		Press Mouse Button BUTTON1
		Release Mouse Button BUTTON1

ExecutedAction [64]: 
 @Action ConcreteID = AC2x5xji7f1611698458 AbstractID = AA2x5xji7f1611698458
 ConcreteID CUSTOM = ConcreteID CUSTOM not available AbstractID CUSTOM = AA1k4uo7p7e1738890308
 @State ConcreteID = SC182n49nd9c3861117715 AbstractID = SR19qpfqvcfd1954068942
 ConcreteID CUSTOM = SC1gyvm00da0199083619 AbstractID CUSTOM = SAyup6r9d802681703250

	ROLE = LeftClickAt
	TARGET =
		WIDGET = WCxo6dd51e3781355840, WR17v7k2nb1067391859, WTixgq3z113705304648, WP1mqnbef1a3817243629
		ROLE = UIAMenuItem
		TITLE = Window
		SHAPE = Rect [x:322.0 y:83.0 w:58.0 h:19.0]
		CHILDREN = 0
		PATH = [0, 4, 6]
	DESCRIPTION = Left Click at 'Window'
	TEXT = Compound Action =
		Move mouse to (351.0, 92.5).
		Press Mouse Button BUTTON1
		Release Mouse Button BUTTON1

ExecutedAction [65]: 
 @Action ConcreteID = AC1gfeai07e2119950093 AbstractID = AA1gfeai07e2119950093
 ConcreteID CUSTOM = ConcreteID CUSTOM not available AbstractID CUSTOM = AA1n99x7z7f469306868
 @State ConcreteID = SC1qf5zh9e33482057392 AbstractID = SR1cyhyfed9c4116686968
 ConcreteID CUSTOM = SC9ayhibe28611353104 AbstractID CUSTOM = SA1xmy7xbe271323304002

	ROLE = LeftClickAt
	TARGET =
		WIDGET = WC1dbwjse1b1388582271, WR17v7k2nb1067391859, WTdgwhpoe4144656729, WP1am0os172182959109
		ROLE = UIAMenuItem
		TITLE = Run
		SHAPE = Rect [x:287.0 y:83.0 w:35.0 h:19.0]
		CHILDREN = 0
		PATH = [0, 5, 5]
	DESCRIPTION = Left Click at 'Run'
	TEXT = Compound Action =
		Move mouse to (304.5, 92.5).
		Press Mouse Button BUTTON1
		Release Mouse Button BUTTON1

ExecutedAction [66]: 
 @Action ConcreteID = AC4or8rt812384317357 AbstractID = AA4or8rt812384317357
 ConcreteID CUSTOM = ConcreteID CUSTOM not available AbstractID CUSTOM = AAn3qeo801341129423
 @State ConcreteID = SC182n49nd9c3861117715 AbstractID = SR19qpfqvcfd1954068942
 ConcreteID CUSTOM = SC1gyvm00da0199083619 AbstractID CUSTOM = SAyup6r9d802681703250

	ROLE = LeftClickAt
	TARGET =
		WIDGET = WCvzqlwi343809403643, WR1h6ibpb92248851252, WT7xh7vf123396096274, WPvv9xhw30913649289
		ROLE = UIAButton
		TITLE = View Menu
		SHAPE = Rect [x:1037.0 y:408.0 w:23.0 h:22.0]
		CHILDREN = 0
		PATH = [0, 0, 0, 0, 0, 0, 3, 1, 1, 0]
	DESCRIPTION = Left Click at 'View Menu'
	TEXT = Compound Action =
		Move mouse to (1048.5, 419.0).
		Press Mouse Button BUTTON1
		Release Mouse Button BUTTON1

ExecutedAction [67]: 
 @Action ConcreteID = AC1djp7218070681425 AbstractID = AA1djp7218070681425
 ConcreteID CUSTOM = ConcreteID CUSTOM not available AbstractID CUSTOM = AA5besm77f412065127
 @State ConcreteID = SC1j1cydndc53723524534 AbstractID = SRzwlfvid24580459965
 ConcreteID CUSTOM = SC1kp31t0dc92361223445 AbstractID CUSTOM = SAauube0da63472622553

	ROLE = LeftClickAt
	TARGET =
		WIDGET = WC1snqtkk2e1661780130, WR1k8fo0ra1109144095, WT1pfi7n3123142606374, WP2gbk862a363479783
		ROLE = UIATabItem
		TITLE = Problems
		SHAPE = Rect [x:317.0 y:625.0 w:100.0 h:24.0]
		CHILDREN = 0
		PATH = [0, 0, 0, 0, 0, 0, 4, 3]
	DESCRIPTION = Left Click at 'Problems'
	TEXT = Compound Action =
		Move mouse to (367.0, 637.0).
		Press Mouse Button BUTTON1
		Release Mouse Button BUTTON1

ExecutedAction [68]: 
 @Action ConcreteID = ACclywbh802363045133 AbstractID = AAclywbh802363045133
 ConcreteID CUSTOM = ConcreteID CUSTOM not available AbstractID CUSTOM = AAsiolpy7f916531
 @State ConcreteID = SC182n49nd9c3861117715 AbstractID = SR19qpfqvcfd1954068942
 ConcreteID CUSTOM = SC1gyvm00da0199083619 AbstractID CUSTOM = SAyup6r9d802681703250

	ROLE = LeftClickAt
	TARGET =
		WIDGET = WC1trj5dr381562706468, WR88rmk0b1934231702, WTq71wij16501672612, WP1b9rckx34686146509
		ROLE = UIACheckBox
		TITLE = Categorized
		SHAPE = Rect [x:980.0 y:193.0 w:23.0 h:22.0]
		CHILDREN = 0
		PATH = [0, 0, 0, 0, 0, 0, 2, 1, 0, 1]
	DESCRIPTION = Left Click at 'Categorized'
	TEXT = Compound Action =
		Move mouse to (991.5, 204.0).
		Press Mouse Button BUTTON1
		Release Mouse Button BUTTON1

ExecutedAction [69]: 
 @Action ConcreteID = AC1pxtgy0803470983977 AbstractID = AA1pxtgy0803470983977
 ConcreteID CUSTOM = ConcreteID CUSTOM not available AbstractID CUSTOM = AA6tf4dd7f1110952471
 @State ConcreteID = SC182n49nd9c3861117715 AbstractID = SR19qpfqvcfd1954068942
 ConcreteID CUSTOM = SC1gyvm00da0199083619 AbstractID CUSTOM = SAyup6r9d802681703250

	ROLE = LeftClickAt
	TARGET =
		WIDGET = WC1h8tt72d4053757177, WR1k8fo0ra1109144095, WTpgsvvr113303787469, WP1o190wt292743460425
		ROLE = UIATabItem
		TITLE = Outline
		SHAPE = Rect [x:882.0 y:381.0 w:89.0 h:24.0]
		CHILDREN = 0
		PATH = [0, 0, 0, 0, 0, 0, 3, 3]
	DESCRIPTION = Left Click at 'Outline'
	TEXT = Compound Action =
		Move mouse to (926.5, 393.0).
		Press Mouse Button BUTTON1
		Release Mouse Button BUTTON1

ExecutedAction [70]: 
 @Action ConcreteID = AC1hpiuxp802674115399 AbstractID = AA1hpiuxp802674115399
 ConcreteID CUSTOM = ConcreteID CUSTOM not available AbstractID CUSTOM = AA1xm8kc67f330762873
 @State ConcreteID = SC182n49nd9c3861117715 AbstractID = SR19qpfqvcfd1954068942
 ConcreteID CUSTOM = SC1gyvm00da0199083619 AbstractID CUSTOM = SAyup6r9d802681703250

	ROLE = LeftClickAt
	TARGET =
		WIDGET = WCef7fvy2f2367616933, WR4na8ob72534219213, WT4na8ob72534219213, WP13ynuw02b4156550112
		ROLE = UIATree
		TITLE = 
		SHAPE = Rect [x:319.0 y:693.0 w:763.0 h:90.0]
		CHILDREN = 0
		PATH = [0, 0, 0, 0, 0, 0, 4, 2, 0, 2, 0, 1]
	DESCRIPTION = Left Click at ''
	TEXT = Compound Action =
		Move mouse to (700.5, 738.0).
		Press Mouse Button BUTTON1
		Release Mouse Button BUTTON1

ExecutedAction [71]: 
 @Action ConcreteID = AC1r7n3jn80407885101 AbstractID = AA1r7n3jn80407885101
 ConcreteID CUSTOM = ConcreteID CUSTOM not available AbstractID CUSTOM = AA838qz07f2493193235
 @State ConcreteID = SC182n49nd9c3861117715 AbstractID = SR19qpfqvcfd1954068942
 ConcreteID CUSTOM = SC1gyvm00da0199083619 AbstractID CUSTOM = SAyup6r9d802681703250

	ROLE = LeftClickAt
	TARGET =
		WIDGET = WC1xidtqt523278166425, WR1h6ibpb92248851252, WTehicr6303086359913, WPsajljb4e2864892972
		ROLE = UIAButton
		TITLE = Collapse All (Ctrl+Shift+Numpad_Divide)
		SHAPE = Rect [x:201.0 y:163.0 w:23.0 h:22.0]
		CHILDREN = 0
		PATH = [0, 0, 0, 0, 0, 0, 0, 1, 0, 0]
	DESCRIPTION = Left Click at 'Collapse All (Ctrl+Shift+Numpad_Divide)'
	TEXT = Compound Action =
		Move mouse to (212.5, 174.0).
		Press Mouse Button BUTTON1
		Release Mouse Button BUTTON1

ExecutedAction [72]: 
 @Action ConcreteID = AC135m15s81902615560 AbstractID = AA135m15s81902615560
 ConcreteID CUSTOM = ConcreteID CUSTOM not available AbstractID CUSTOM = AA1ovur5e811562504115
 @State ConcreteID = SC1vs72qedc03732219289 AbstractID = SR15eatujd252795348803
 ConcreteID CUSTOM = SC14kvpt9dcc755671017 AbstractID CUSTOM = SA1i71tyudaa4189645476

	ROLE = LeftClickAt
	TARGET =
		WIDGET = WC1kt1hnp3e678424895, WR1h6ibpb92248851252, WTtbaw051c1143779680, WP1w78wlz3a2256116663
		ROLE = UIAButton
		TITLE = Synchronize Changed
		SHAPE = Rect [x:1011.0 y:223.0 w:23.0 h:22.0]
		CHILDREN = 0
		PATH = [0, 0, 0, 0, 0, 0, 2, 1, 0, 5]
	DESCRIPTION = Left Click at 'Synchronize Changed'
	TEXT = Compound Action =
		Move mouse to (1022.5, 234.0).
		Press Mouse Button BUTTON1
		Release Mouse Button BUTTON1

ExecutedAction [73]: 
 @Action ConcreteID = AC3knu4b7f1706602601 AbstractID = AA3knu4b7f1706602601
 ConcreteID CUSTOM = ConcreteID CUSTOM not available AbstractID CUSTOM = AA1kscksi7e1645051191
 @State ConcreteID = SC182n49nd9c3861117715 AbstractID = SR19qpfqvcfd1954068942
 ConcreteID CUSTOM = SC1gyvm00da0199083619 AbstractID CUSTOM = SAyup6r9d802681703250

	ROLE = LeftClickAt
	TARGET =
		WIDGET = WC1dbcr711b1873034447, WR17v7k2nb1067391859, WTdgwhpoe4144656729, WP1a283f173212671413
		ROLE = UIAMenuItem
		TITLE = Run
		SHAPE = Rect [x:287.0 y:83.0 w:35.0 h:19.0]
		CHILDREN = 0
		PATH = [0, 4, 5]
	DESCRIPTION = Left Click at 'Run'
	TEXT = Compound Action =
		Move mouse to (304.5, 92.5).
		Press Mouse Button BUTTON1
		Release Mouse Button BUTTON1

ExecutedAction [74]: 
 @Action ConcreteID = AC4egzec803572278415 AbstractID = AA4egzec803572278415
 ConcreteID CUSTOM = ConcreteID CUSTOM not available AbstractID CUSTOM = AA1vew51t80324501089
 @State ConcreteID = SC1ag7hzs1002645818096 AbstractID = SR19qe9d4f681461766813
 ConcreteID CUSTOM = SC1g5inbiff81418590448 AbstractID CUSTOM = SA13au1uzff41632191333

	ROLE = LeftClickAt
	TARGET =
		WIDGET = WC14zd65y28103433454, WR17v7k2nb1067391859, WTmgnyyj1b4082566699, WP1vuaric241192962498
		ROLE = UIAMenuItem
		TITLE = Coverage History
		SHAPE = Rect [x:290.0 y:324.0 w:332.0 h:22.0]
		CHILDREN = 0
		PATH = [0, 0, 9]
	DESCRIPTION = Left Click at 'Coverage History'
	TEXT = Compound Action =
		Move mouse to (456.0, 335.0).
		Press Mouse Button BUTTON1
		Release Mouse Button BUTTON1

ExecutedAction [75]: 
 @Action ConcreteID = AC1hug6tc812500606282 AbstractID = AA1hug6tc812500606282
 ConcreteID CUSTOM = ConcreteID CUSTOM not available AbstractID CUSTOM = AA192pcy7811382919604
 @State ConcreteID = SC178f1pr10253616085798 AbstractID = SR1lj77lxf8f2079520739
 ConcreteID CUSTOM = SCocus8y1027373571291 AbstractID CUSTOM = SA1jp1ks110404187576140

	ROLE = LeftClickAt
	TARGET =
		WIDGET = WC1ufisrc23690964362, WR17v7k2nb1067391859, WTfhgphc162999367631, WP1wzsy5i1f1890142823
		ROLE = UIAMenuItem
		TITLE = Run History
		SHAPE = Rect [x:290.0 y:178.0 w:332.0 h:22.0]
		CHILDREN = 0
		PATH = [0, 1, 3]
	DESCRIPTION = Left Click at 'Run History'
	TEXT = Compound Action =
		Move mouse to (456.0, 189.0).
		Press Mouse Button BUTTON1
		Release Mouse Button BUTTON1

ExecutedAction [76]: 
 @Action ConcreteID = ACtvvbme801216692938 AbstractID = AAtvvbme801216692938
 ConcreteID CUSTOM = ConcreteID CUSTOM not available AbstractID CUSTOM = AA5tw6ds813044597990
 @State ConcreteID = SCwf2d1s10262118696075 AbstractID = SR1lj77lxf8f2079520739
 ConcreteID CUSTOM = SCck11x41027972768149 AbstractID CUSTOM = SA1jp1ks110404187576140

	ROLE = LeftClickAt
	TARGET =
		WIDGET = WC1f54zml341873203093, WR1h6ibpb92248851252, WT7xh7vf123396096274, WP1f0ob7z303135046631
		ROLE = UIAButton
		TITLE = View Menu
		SHAPE = Rect [x:281.0 y:163.0 w:23.0 h:22.0]
		CHILDREN = 0
		PATH = [0, 2, 0, 0, 0, 0, 0, 1, 1, 0]
	DESCRIPTION = Left Click at 'View Menu'
	TEXT = Compound Action =
		Move mouse to (292.5, 174.0).
		Press Mouse Button BUTTON1
		Release Mouse Button BUTTON1

ExecutedAction [77]: 
 @Action ConcreteID = AC1x4oi6t802945453976 AbstractID = AA1x4oi6t802945453976
 ConcreteID CUSTOM = ConcreteID CUSTOM not available AbstractID CUSTOM = AA192pcy7811382919604
 @State ConcreteID = SCwf2d1s10262118696075 AbstractID = SR1lj77lxf8f2079520739
 ConcreteID CUSTOM = SCck11x41027972768149 AbstractID CUSTOM = SA1jp1ks110404187576140

	ROLE = LeftClickAt
	TARGET =
		WIDGET = WC1ufisrc23690964362, WR17v7k2nb1067391859, WTfhgphc162999367631, WP1wzsy5i1f1890142823
		ROLE = UIAMenuItem
		TITLE = Run History
		SHAPE = Rect [x:290.0 y:178.0 w:332.0 h:22.0]
		CHILDREN = 0
		PATH = [0, 1, 3]
	DESCRIPTION = Left Click at 'Run History'
	TEXT = Compound Action =
		Move mouse to (456.0, 189.0).
		Press Mouse Button BUTTON1
		Release Mouse Button BUTTON1

ExecutedAction [78]: 
 @Action ConcreteID = ACum4s0k803769488653 AbstractID = AAum4s0k803769488653
 ConcreteID CUSTOM = ConcreteID CUSTOM not available AbstractID CUSTOM = AA6k5mry81491812641
 @State ConcreteID = SCwf2d1s10262118696075 AbstractID = SR1lj77lxf8f2079520739
 ConcreteID CUSTOM = SCck11x41027972768149 AbstractID CUSTOM = SA1jp1ks110404187576140

	ROLE = LeftClickAt
	TARGET =
		WIDGET = WCf3v5ju352909264394, WR17v7k2nb1067391859, WT1n3swax273855689408, WPiluq8c312030436947
		ROLE = UIAMenuItem
		TITLE = Add Class Load Breakpoint...
		SHAPE = Rect [x:290.0 y:573.0 w:332.0 h:22.0]
		CHILDREN = 0
		PATH = [0, 1, 20]
	DESCRIPTION = Left Click at 'Add Class Load Breakpoint...'
	TEXT = Compound Action =
		Move mouse to (456.0, 584.0).
		Press Mouse Button BUTTON1
		Release Mouse Button BUTTON1

ExecutedAction [79]: 
 @Action ConcreteID = AC2lf0h802454475791 AbstractID = AA2lf0h802454475791
 ConcreteID CUSTOM = ConcreteID CUSTOM not available AbstractID CUSTOM = AA1ijbxl87f1650162361
 @State ConcreteID = SC1019qssfd92748452220 AbstractID = SRpclcqjf283179250079
 ConcreteID CUSTOM = SC1b9qy6xfdc387933047 AbstractID CUSTOM = SAsoi2fxfd34076561757

	ROLE = LeftClickAt
	TARGET =
		WIDGET = WC9fu2n8253270179606, WR1h6ibpb92248851252, WT1h6ibpb92248851252, WP1qc6imu211202249499
		ROLE = UIAButton
		TITLE = 
		SHAPE = Rect [x:822.0 y:147.0 w:23.0 h:22.0]
		CHILDREN = 0
		PATH = [0, 0, 0, 0, 0, 0, 1, 0]
	DESCRIPTION = Left Click at ''
	TEXT = Compound Action =
		Move mouse to (833.5, 158.0).
		Press Mouse Button BUTTON1
		Release Mouse Button BUTTON1

ExecutedAction [80]: 
 @Action ConcreteID = AC2c7leq814137822652 AbstractID = AA2c7leq814137822652
 ConcreteID CUSTOM = ConcreteID CUSTOM not available AbstractID CUSTOM = AA1qlh9cd80184305036
 @State ConcreteID = SC1vw82k210152822295680 AbstractID = SR6mqynef634032617443
 ConcreteID CUSTOM = SC1a5vfr210181714268668 AbstractID CUSTOM = SAy5yx0n100e1632618302

	ROLE = LeftClickAt
	TARGET =
		WIDGET = WC11w45fi242542938297, WR17v7k2nb1067391859, WT1qvs06y1a3409519304, WPnjazqo20478648843
		ROLE = UIAMenuItem
		TITLE = Type Filters...
		SHAPE = Rect [x:825.0 y:201.0 w:173.0 h:22.0]
		CHILDREN = 0
		PATH = [1, 1]
	DESCRIPTION = Left Click at 'Type Filters...'
	TEXT = Compound Action =
		Move mouse to (911.5, 212.0).
		Press Mouse Button BUTTON1
		Release Mouse Button BUTTON1

ExecutedAction [81]: 
 @Action ConcreteID = AC1swjwrw80977121174 AbstractID = AA1swjwrw80977121174
 ConcreteID CUSTOM = ConcreteID CUSTOM not available AbstractID CUSTOM = AA9g6uwv811649666352
 @State ConcreteID = SCqw7vh214ea1328453325 AbstractID = SR1uzqwj013fa2887592414
 ConcreteID CUSTOM = SC18pnky514ea2280051989 AbstractID CUSTOM = SA1gow2jt14e61166474291

	ROLE = LeftClickAt
	TARGET =
		WIDGET = WC15lezf7364213489859, WR1h6ibpb92248851252, WT1ub8x67e219175306, WP1ky43id323917758754
		ROLE = UIAButton
		TITLE = Apply
		SHAPE = Rect [x:787.0 y:465.0 w:92.0 h:25.0]
		CHILDREN = 0
		PATH = [0, 0, 0, 0, 0, 3, 2, 0, 0, 0, 2, 1]
	DESCRIPTION = Left Click at 'Apply'
	TEXT = Compound Action =
		Move mouse to (833.0, 477.5).
		Press Mouse Button BUTTON1
		Release Mouse Button BUTTON1

ExecutedAction [82]: 
 @Action ConcreteID = AC1ky3l9j801708399937 AbstractID = AA1ky3l9j801708399937
 ConcreteID CUSTOM = ConcreteID CUSTOM not available AbstractID CUSTOM = AA1hqjei811035623399
 @State ConcreteID = SCqw7vh214ea1328453325 AbstractID = SR1uzqwj013fa2887592414
 ConcreteID CUSTOM = SC18pnky514ea2280051989 AbstractID CUSTOM = SA1gow2jt14e61166474291

	ROLE = LeftClickAt
	TARGET =
		WIDGET = WC1r3yal4432145636745, WR1h6ibpb92248851252, WT2i6o3n18822668375, WPnhrgfa3f1265671822
		ROLE = UIAButton
		TITLE = Add Packages...
		SHAPE = Rect [x:784.0 y:188.0 w:95.0 h:25.0]
		CHILDREN = 0
		PATH = [0, 0, 0, 0, 0, 3, 2, 0, 0, 0, 1, 2, 1]
	DESCRIPTION = Left Click at 'Add Packages...'
	TEXT = Compound Action =
		Move mouse to (831.5, 200.5).
		Press Mouse Button BUTTON1
		Release Mouse Button BUTTON1

ExecutedAction [83]: 
 @Action ConcreteID = AC1kuevnz813238412054 AbstractID = AA1kuevnz813238412054
 ConcreteID CUSTOM = ConcreteID CUSTOM not available AbstractID CUSTOM = AA1e4ibt27f2190974429
 @State ConcreteID = SC17jxdxx15bd2463330329 AbstractID = SRjpdhcc14ba870795926
 ConcreteID CUSTOM = SC1khvvzl15b73033851166 AbstractID CUSTOM = SAlwq7ik15a2976332534

	ROLE = LeftClickAt
	TARGET =
		WIDGET = WCkgep6q211673098202, WR1h6ibpb92248851252, WTzj707vb935461581, WP1agd7ck1d2402105622
		ROLE = UIAButton
		TITLE = OK
		SHAPE = Rect [x:719.0 y:285.0 w:92.0 h:25.0]
		CHILDREN = 0
		PATH = [0, 0, 0, 0, 3, 0]
	DESCRIPTION = Left Click at 'OK'
	TEXT = Compound Action =
		Move mouse to (765.0, 297.5).
		Press Mouse Button BUTTON1
		Release Mouse Button BUTTON1

ExecutedAction [84]: 
 @Action ConcreteID = ACgojnf480341588839 AbstractID = AAgojnf480341588839
 ConcreteID CUSTOM = ConcreteID CUSTOM not available AbstractID CUSTOM = AAw9anj7811278377409
 @State ConcreteID = SCqw7vh214ea1328453325 AbstractID = SR1uzqwj013fa2887592414
 ConcreteID CUSTOM = SC18pnky514ea2280051989 AbstractID CUSTOM = SA1gow2jt14e61166474291

	ROLE = LeftClickAt
	TARGET =
		WIDGET = WC1daulqg241210088180, WR88rmk0b1934231702, WT88rmk0b1934231702, WP5guyxi203575667624
		ROLE = UIACheckBox
		TITLE = 
		SHAPE = Rect [x:255.0 y:507.0 w:31.0 h:30.0]
		CHILDREN = 0
		PATH = [0, 0, 0, 0, 2, 0, 0]
	DESCRIPTION = Left Click at ''
	TEXT = Compound Action =
		Move mouse to (270.5, 522.0).
		Press Mouse Button BUTTON1
		Release Mouse Button BUTTON1

ExecutedAction [85]: 
 @Action ConcreteID = AC1g97deg7f914119210 AbstractID = AA1g97deg7f914119210
 ConcreteID CUSTOM = ConcreteID CUSTOM not available AbstractID CUSTOM = AAf91zt1803977541880
 @State ConcreteID = SCpjwjop1722941153447 AbstractID = SRifhzgq160c1189445949
 ConcreteID CUSTOM = SCjes8zh172a1627701991 AbstractID CUSTOM = SAk1zp9u171f1698469856

	ROLE = LeftClickAt
	TARGET =
		WIDGET = WC1w4rtk8413840747466, WR1h6ibpb92248851252, WT29quub193353596121, WP76304a3d2586158767
		ROLE = UIAButton
		TITLE = Restore Defaults
		SHAPE = Rect [x:685.0 y:465.0 w:97.0 h:25.0]
		CHILDREN = 0
		PATH = [0, 0, 0, 0, 0, 3, 2, 0, 0, 0, 2, 0]
	DESCRIPTION = Left Click at 'Restore Defaults'
	TEXT = Compound Action =
		Move mouse to (733.5, 477.5).
		Press Mouse Button BUTTON1
		Release Mouse Button BUTTON1

ExecutedAction [86]: 
 @Action ConcreteID = AC60ca5i80723797610 AbstractID = AA60ca5i80723797610
 ConcreteID CUSTOM = ConcreteID CUSTOM not available AbstractID CUSTOM = AAjpujl4804203277866
 @State ConcreteID = SC2kh0q817203182567090 AbstractID = SRifhzgq160c1189445949
 ConcreteID CUSTOM = SCr4lrmy17263253623404 AbstractID CUSTOM = SAk1zp9u171f1698469856

	ROLE = LeftClickAt
	TARGET =
		WIDGET = WCouca2e224194002725, WR1h6ibpb92248851252, WT1h6ibpb92248851252, WP9nmvr81e30168058
		ROLE = UIAButton
		TITLE = 
		SHAPE = Rect [x:348.0 y:507.0 w:31.0 h:30.0]
		CHILDREN = 0
		PATH = [0, 0, 0, 0, 2, 0, 3]
	DESCRIPTION = Left Click at ''
	TEXT = Compound Action =
		Move mouse to (363.5, 522.0).
		Press Mouse Button BUTTON1
		Release Mouse Button BUTTON1

ExecutedAction [87]: 
 @Action ConcreteID = AC1ls9q7r801256363059 AbstractID = AA1ls9q7r801256363059
 ConcreteID CUSTOM = ConcreteID CUSTOM not available AbstractID CUSTOM = AA1wb1eki7f258575306
 @State ConcreteID = SC1jqlm5m1735606961887 AbstractID = SR1nbmz1d16202709322745
 ConcreteID CUSTOM = SChvhd3717402044504536 AbstractID CUSTOM = SAev8b4m1733191354431

	ROLE = LeftClickAt
	TARGET =
		WIDGET = WCa0u1cl551312094021, WR1h6ibpb92248851252, WT1nvi1ds3c1941908758, WP1o372g351563994880
		ROLE = UIAButton
		TITLE = Oomph preference recorder enabled - Push to disable
		SHAPE = Rect [x:348.0 y:507.0 w:31.0 h:30.0]
		CHILDREN = 0
		PATH = [0, 0, 0, 0, 2, 0, 3]
	DESCRIPTION = Left Click at 'Oomph preference recorder enabled - Push to disable'
	TEXT = Compound Action =
		Move mouse to (363.5, 522.0).
		Press Mouse Button BUTTON1
		Release Mouse Button BUTTON1

ExecutedAction [88]: 
 @Action ConcreteID = AC8m6aj07e3518039589 AbstractID = AA8m6aj07e3518039589
 ConcreteID CUSTOM = ConcreteID CUSTOM not available AbstractID CUSTOM = AA1uzvl1b7f39453199
 @State ConcreteID = SCpjwjop1722941153447 AbstractID = SRifhzgq160c1189445949
 ConcreteID CUSTOM = SCjes8zh172a1627701991 AbstractID CUSTOM = SAk1zp9u171f1698469856

	ROLE = LeftClickAt
	TARGET =
		WIDGET = WCzgg6ub313190828498, WR5quxi6b4097176690, WT1kgmhk0f3023179332, WPoyt0gl2d2676831007
		ROLE = UIATreeItem
		TITLE = Java
		SHAPE = Rect [x:270.0 y:64.0 w:26.0 h:18.0]
		CHILDREN = 1
		PATH = [0, 0, 0, 0, 0, 0, 0, 1, 0, 0]
	DESCRIPTION = Left Click at 'Java'
	TEXT = Compound Action =
		Move mouse to (283.0, 73.0).
		Press Mouse Button BUTTON1
		Release Mouse Button BUTTON1

ExecutedAction [89]: 
 @Action ConcreteID = ACn2hgrf802580013443 AbstractID = AAn2hgrf802580013443
 ConcreteID CUSTOM = ConcreteID CUSTOM not available AbstractID CUSTOM = AA1ew8pqs80202762300
 @State ConcreteID = SC6mlvoq17a91567673263 AbstractID = SR2g3w51168a1889122640
 ConcreteID CUSTOM = SCusvnkx17a83982672839 AbstractID CUSTOM = SAnxxrjl17af1909506458

	ROLE = LeftClickAt
	TARGET =
		WIDGET = WC1qie3xy3f2888580654, WR5quxi6b4097176690, WTlzk0mr171174518095, WPoi1nqg3b468242463
		ROLE = UIATreeItem
		TITLE = Type Filters
		SHAPE = Rect [x:302.0 y:100.0 w:62.0 h:18.0]
		CHILDREN = 0
		PATH = [0, 0, 0, 0, 0, 0, 0, 1, 0, 0, 0, 0]
	DESCRIPTION = Left Click at 'Type Filters'
	TEXT = Compound Action =
		Move mouse to (333.0, 109.0).
		Press Mouse Button BUTTON1
		Release Mouse Button BUTTON1

ExecutedAction [90]: 
 @Action ConcreteID = AC19ew7g97f280903670 AbstractID = AA19ew7g97f280903670
 ConcreteID CUSTOM = ConcreteID CUSTOM not available AbstractID CUSTOM = AA6vih2u802159406298
 @State ConcreteID = SC162z4n1720373199146 AbstractID = SRifhzgq160c1189445949
 ConcreteID CUSTOM = SC1es2un41724636268922 AbstractID CUSTOM = SA1r8v2ff171e722764880

	ROLE = LeftClickAt
	TARGET =
		WIDGET = WCumbpwd4c741556503, WR88rmk0b1934231702, WT11gk8il241670902586, WP19kcd7348624873576
		ROLE = UIACheckBox
		TITLE = Hide forbidden references
		SHAPE = Rect [x:441.0 y:423.0 w:438.0 h:16.0]
		CHILDREN = 0
		PATH = [0, 0, 0, 0, 0, 3, 2, 0, 0, 0, 1, 4]
	DESCRIPTION = Left Click at 'Hide forbidden references'
	TEXT = Compound Action =
		Move mouse to (660.0, 431.0).
		Press Mouse Button BUTTON1
		Release Mouse Button BUTTON1

ExecutedAction [91]: 
 @Action ConcreteID = AC19ew7g97f280903670 AbstractID = AA19ew7g97f280903670
 ConcreteID CUSTOM = ConcreteID CUSTOM not available AbstractID CUSTOM = AA6vih2u802159406298
 @State ConcreteID = SC162z4n1720373199146 AbstractID = SRifhzgq160c1189445949
 ConcreteID CUSTOM = SC1es2un41724636268922 AbstractID CUSTOM = SA1r8v2ff171e722764880

	ROLE = LeftClickAt
	TARGET =
		WIDGET = WCumbpwd4c741556503, WR88rmk0b1934231702, WT11gk8il241670902586, WP19kcd7348624873576
		ROLE = UIACheckBox
		TITLE = Hide forbidden references
		SHAPE = Rect [x:441.0 y:423.0 w:438.0 h:16.0]
		CHILDREN = 0
		PATH = [0, 0, 0, 0, 0, 3, 2, 0, 0, 0, 1, 4]
	DESCRIPTION = Left Click at 'Hide forbidden references'
	TEXT = Compound Action =
		Move mouse to (660.0, 431.0).
		Press Mouse Button BUTTON1
		Release Mouse Button BUTTON1

ExecutedAction [92]: 
 @Action ConcreteID = AC1y2o5qw7f3857190784 AbstractID = AA1y2o5qw7f3857190784
 ConcreteID CUSTOM = ConcreteID CUSTOM not available AbstractID CUSTOM = AAvjafdh801977867436
 @State ConcreteID = SC162z4n1720373199146 AbstractID = SRifhzgq160c1189445949
 ConcreteID CUSTOM = SC1es2un41724636268922 AbstractID CUSTOM = SA1r8v2ff171e722764880

	ROLE = LeftClickAt
	TARGET =
		WIDGET = WC15lezf7364213489859, WR1h6ibpb92248851252, WT1ub8x67e219175306, WP1ky43id323917758754
		ROLE = UIAButton
		TITLE = Apply
		SHAPE = Rect [x:787.0 y:465.0 w:92.0 h:25.0]
		CHILDREN = 0
		PATH = [0, 0, 0, 0, 0, 3, 2, 0, 0, 0, 2, 1]
	DESCRIPTION = Left Click at 'Apply'
	TEXT = Compound Action =
		Move mouse to (833.0, 477.5).
		Press Mouse Button BUTTON1
		Release Mouse Button BUTTON1

ExecutedAction [93]: 
 @Action ConcreteID = AClunwe47f3414793073 AbstractID = AAlunwe47f3414793073
 ConcreteID CUSTOM = ConcreteID CUSTOM not available AbstractID CUSTOM = AA1ice7zt801535264861
 @State ConcreteID = SC162z4n1720373199146 AbstractID = SRifhzgq160c1189445949
 ConcreteID CUSTOM = SC1es2un41724636268922 AbstractID CUSTOM = SA1r8v2ff171e722764880

	ROLE = LeftClickAt
	TARGET =
		WIDGET = WC1daulqg241210088180, WR88rmk0b1934231702, WT88rmk0b1934231702, WP5guyxi203575667624
		ROLE = UIACheckBox
		TITLE = 
		SHAPE = Rect [x:255.0 y:507.0 w:31.0 h:30.0]
		CHILDREN = 0
		PATH = [0, 0, 0, 0, 2, 0, 0]
	DESCRIPTION = Left Click at ''
	TEXT = Compound Action =
		Move mouse to (270.5, 522.0).
		Press Mouse Button BUTTON1
		Release Mouse Button BUTTON1

ExecutedAction [94]: 
 @Action ConcreteID = ACg23z8l7f2533198046 AbstractID = AAg23z8l7f2533198046
 ConcreteID CUSTOM = ConcreteID CUSTOM not available AbstractID CUSTOM = AA1efm7lq802326162485
 @State ConcreteID = SC4qxjl014ec815177808 AbstractID = SR1uzqwj013fa2887592414
 ConcreteID CUSTOM = SC1vy185s14ec1023829950 AbstractID CUSTOM = SAsn1qai14e53791866866

	ROLE = LeftClickAt
	TARGET =
		WIDGET = WC1w4rtk8413840747466, WR1h6ibpb92248851252, WT29quub193353596121, WP76304a3d2586158767
		ROLE = UIAButton
		TITLE = Restore Defaults
		SHAPE = Rect [x:685.0 y:465.0 w:97.0 h:25.0]
		CHILDREN = 0
		PATH = [0, 0, 0, 0, 0, 3, 2, 0, 0, 0, 2, 0]
	DESCRIPTION = Left Click at 'Restore Defaults'
	TEXT = Compound Action =
		Move mouse to (733.5, 477.5).
		Press Mouse Button BUTTON1
		Release Mouse Button BUTTON1

ExecutedAction [95]: 
 @Action ConcreteID = AC1rpwo5802950537815 AbstractID = AA1rpwo5802950537815
 ConcreteID CUSTOM = ConcreteID CUSTOM not available AbstractID CUSTOM = AA1iwerdt802637888231
 @State ConcreteID = SCaiv9rx14ea3438640462 AbstractID = SR1uzqwj013fa2887592414
 ConcreteID CUSTOM = SC13ys1s314e83027141615 AbstractID CUSTOM = SAsn1qai14e53791866866

	ROLE = LeftClickAt
	TARGET =
		WIDGET = WCouca2e224194002725, WR1h6ibpb92248851252, WT1h6ibpb92248851252, WP9nmvr81e30168058
		ROLE = UIAButton
		TITLE = 
		SHAPE = Rect [x:348.0 y:507.0 w:31.0 h:30.0]
		CHILDREN = 0
		PATH = [0, 0, 0, 0, 2, 0, 3]
	DESCRIPTION = Left Click at ''
	TEXT = Compound Action =
		Move mouse to (363.5, 522.0).
		Press Mouse Button BUTTON1
		Release Mouse Button BUTTON1

ExecutedAction [96]: 
 @Action ConcreteID = ACoxg9nt7f3390785148 AbstractID = AAoxg9nt7f3390785148
 ConcreteID CUSTOM = ConcreteID CUSTOM not available AbstractID CUSTOM = AA1ntawsa7f506599468
 @State ConcreteID = SC6h4t5l14ff602293122 AbstractID = SR1htixit140e473084089
 ConcreteID CUSTOM = SC11f1d6y15023606037013 AbstractID CUSTOM = SAz7eipi14f9138336770

	ROLE = LeftClickAt
	TARGET =
		WIDGET = WC1qie3xy3f2888580654, WR5quxi6b4097176690, WTlzk0mr171174518095, WPoi1nqg3b468242463
		ROLE = UIATreeItem
		TITLE = Type Filters
		SHAPE = Rect [x:302.0 y:100.0 w:62.0 h:18.0]
		CHILDREN = 0
		PATH = [0, 0, 0, 0, 0, 0, 0, 1, 0, 0, 0, 0]
	DESCRIPTION = Left Click at 'Type Filters'
	TEXT = Compound Action =
		Move mouse to (333.0, 109.0).
		Press Mouse Button BUTTON1
		Release Mouse Button BUTTON1

ExecutedAction [97]: 
 @Action ConcreteID = ACbikzpy813349115064 AbstractID = AAbikzpy813349115064
 ConcreteID CUSTOM = ConcreteID CUSTOM not available AbstractID CUSTOM = AAx24wjc7f1541338620
 @State ConcreteID = SC19g658q14fe3463366606 AbstractID = SR1htixit140e473084089
 ConcreteID CUSTOM = SCnpmn2x14fc534560592 AbstractID CUSTOM = SAz7eipi14f9138336770

	ROLE = LeftClickAt
	TARGET =
		WIDGET = WCn9lbk261106347799, WR4na8ob72534219213, WT4na8ob72534219213, WP1k9ph4u221799735906
		ROLE = UIATree
		TITLE = 
		SHAPE = Rect [x:251.0 y:64.0 w:166.0 h:431.0]
		CHILDREN = 1
		PATH = [0, 0, 0, 0, 0, 0, 0, 1, 0]
	DESCRIPTION = Left Click at ''
	TEXT = Compound Action =
		Move mouse to (334.0, 279.5).
		Press Mouse Button BUTTON1
		Release Mouse Button BUTTON1

ExecutedAction [98]: 
 @Action ConcreteID = AC16sfxld813072135615 AbstractID = AA16sfxld813072135615
 ConcreteID CUSTOM = ConcreteID CUSTOM not available AbstractID CUSTOM = AA1sbzuer7f727487739
 @State ConcreteID = SC19g658q14fe3463366606 AbstractID = SR1htixit140e473084089
 ConcreteID CUSTOM = SCnpmn2x14fc534560592 AbstractID CUSTOM = SAz7eipi14f9138336770

	ROLE = LeftClickAt
	TARGET =
		WIDGET = WC1uoedr3283898399334, WR1h6ibpb92248851252, WT1vjbvvdf3603144044, WP15hcr59243643534841
		ROLE = UIAButton
		TITLE = Cancel
		SHAPE = Rect [x:775.0 y:510.0 w:98.0 h:25.0]
		CHILDREN = 0
		PATH = [0, 0, 0, 0, 2, 1, 1]
	DESCRIPTION = Left Click at 'Cancel'
	TEXT = Compound Action =
		Move mouse to (824.0, 522.5).
		Press Mouse Button BUTTON1
		Release Mouse Button BUTTON1

ExecutedAction [99]: 
 @Action ConcreteID = ACs467ow80219176399 AbstractID = AAs467ow80219176399
 ConcreteID CUSTOM = ConcreteID CUSTOM not available AbstractID CUSTOM = AAbjsoaj7f4245123961
 @State ConcreteID = SC1019qssfd92748452220 AbstractID = SRpclcqjf283179250079
 ConcreteID CUSTOM = SC1b9qy6xfdc387933047 AbstractID CUSTOM = SAsoi2fxfd34076561757

	ROLE = LeftClickAt
	TARGET =
		WIDGET = WC10xzom728347221014, WR1h6ibpb92248851252, WT1vjbvvdf3603144044, WPbqy20d24633674633
		ROLE = UIAButton
		TITLE = Cancel
		SHAPE = Rect [x:753.0 y:557.0 w:92.0 h:25.0]
		CHILDREN = 0
		PATH = [0, 0, 0, 1, 2, 0, 1]
	DESCRIPTION = Left Click at 'Cancel'
	TEXT = Compound Action =
		Move mouse to (799.0, 569.5).
		Press Mouse Button BUTTON1
		Release Mouse Button BUTTON1

ExecutedAction [100]: 
 @Action ConcreteID = ACclywbh802363045133 AbstractID = AAclywbh802363045133
 ConcreteID CUSTOM = ConcreteID CUSTOM not available AbstractID CUSTOM = AAsiolpy7f916531
 @State ConcreteID = SC182n49nd9c3861117715 AbstractID = SR19qpfqvcfd1954068942
 ConcreteID CUSTOM = SC1gyvm00da0199083619 AbstractID CUSTOM = SAyup6r9d802681703250

	ROLE = LeftClickAt
	TARGET =
		WIDGET = WC1trj5dr381562706468, WR88rmk0b1934231702, WTq71wij16501672612, WP1b9rckx34686146509
		ROLE = UIACheckBox
		TITLE = Categorized
		SHAPE = Rect [x:980.0 y:193.0 w:23.0 h:22.0]
		CHILDREN = 0
		PATH = [0, 0, 0, 0, 0, 0, 2, 1, 0, 1]
	DESCRIPTION = Left Click at 'Categorized'
	TEXT = Compound Action =
		Move mouse to (991.5, 204.0).
		Press Mouse Button BUTTON1
		Release Mouse Button BUTTON1

Sequence 1 finished.
Copying generated sequence ("sequence2286") to output directory...
Copying classified sequence ("sequence2286") to sequences_ok folder...
