Starting sequence 1 (output as: sequence81)

ExecutedAction [1]: 
 @Action ConcreteID = ACso2dyt802729489850 AbstractID = AAso2dyt802729489850
 ConcreteID CUSTOM = ConcreteID CUSTOM not available AbstractID CUSTOM = AAoq4t25803665756414
 @State ConcreteID = SC1upx5yl2ef1109330879 AbstractID = SRhm0lj32dc1979954928
 ConcreteID CUSTOM = SCj60bga2e62071604510 AbstractID CUSTOM = SA14rmmgy2ed2766135332

	ROLE = LeftClickAt
	TARGET =
		WIDGET = WCsnsihr193371001170, WR1h6ibpb92248851252, WT1h6ibpb92248851252, WP8rujrl152132155742
		ROLE = UIAButton
		TITLE = 
		SHAPE = Rect [x:904.0 y:788.0 w:26.0 h:26.0]
		CHILDREN = 0
		PATH = [0, 2, 2, 4]
	DESCRIPTION = Left Click at ''
	TEXT = Compound Action =
		Move mouse to (917.0, 801.0).
		Press Mouse Button BUTTON1
		Release Mouse Button BUTTON1

ExecutedAction [2]: 
 @Action ConcreteID = AC1r57z7l802281520732 AbstractID = AA1r57z7l802281520732
 ConcreteID CUSTOM = ConcreteID CUSTOM not available AbstractID CUSTOM = AA1n7aeax804281502488
 @State ConcreteID = SC1upx5yl2ef1109330879 AbstractID = SRhm0lj32dc1979954928
 ConcreteID CUSTOM = SCj60bga2e62071604510 AbstractID CUSTOM = SA14rmmgy2ed2766135332

	ROLE = LeftClickAt
	TARGET =
		WIDGET = WCsnsig1192662843092, WR1h6ibpb92248851252, WT1h6ibpb92248851252, WP8rujpv15692894424
		ROLE = UIAButton
		TITLE = 
		SHAPE = Rect [x:834.0 y:785.0 w:32.0 h:32.0]
		CHILDREN = 0
		PATH = [0, 2, 2, 2]
	DESCRIPTION = Left Click at ''
	TEXT = Compound Action =
		Move mouse to (850.0, 801.0).
		Press Mouse Button BUTTON1
		Release Mouse Button BUTTON1

ExecutedAction [3]: 
 @Action ConcreteID = AC10870zn7e2262311266 AbstractID = AA10870zn7e2262311266
 ConcreteID CUSTOM = ConcreteID CUSTOM not available AbstractID CUSTOM = AAq2c35x7f2429864285
 @State ConcreteID = SC4mige5101211155050 AbstractID = SR17bnsiw4ef1085502820
 ConcreteID CUSTOM = SCwuc6r650f2966512103 AbstractID CUSTOM = SA1f8et11503150811696

	ROLE = LeftClickAt
	TARGET =
		WIDGET = WC1kg82vz274276399617, WR1k8fo0ra1109144095, WThpb1sr141497262569, WP1t2h5yl23617122819
		ROLE = UIATabItem
		TITLE = File Alt+F
		SHAPE = Rect [x:878.0 y:419.0 w:60.0 h:24.0]
		CHILDREN = 0
		PATH = [0, 0, 1, 1, 0]
	DESCRIPTION = Left Click at 'File Alt+F'
	TEXT = Compound Action =
		Move mouse to (908.0, 431.0).
		Press Mouse Button BUTTON1
		Release Mouse Button BUTTON1

ExecutedAction [4]: 
 @Action ConcreteID = ACstfapg7f2788436879 AbstractID = AAstfapg7f2788436879
 ConcreteID CUSTOM = ConcreteID CUSTOM not available AbstractID CUSTOM = AA1wxcfzm80272894554
 @State ConcreteID = SC4mige5101211155050 AbstractID = SR17bnsiw4ef1085502820
 ConcreteID CUSTOM = SCwuc6r650f2966512103 AbstractID CUSTOM = SA1f8et11503150811696

	ROLE = LeftClickAt
	TARGET =
		WIDGET = WCqisqrd2a3332639964, WR1k8fo0ra1109144095, WT1mhrni7173027994741, WP1pyj32f263185019282
		ROLE = UIATabItem
		TITLE = Network Alt+N
		SHAPE = Rect [x:1001.0 y:419.0 w:84.0 h:24.0]
		CHILDREN = 0
		PATH = [0, 0, 1, 1, 2]
	DESCRIPTION = Left Click at 'Network Alt+N'
	TEXT = Compound Action =
		Move mouse to (1043.0, 431.0).
		Press Mouse Button BUTTON1
		Release Mouse Button BUTTON1

ExecutedAction [5]: 
 @Action ConcreteID = AC15bllbh802466178869 AbstractID = AA15bllbh802466178869
 ConcreteID CUSTOM = ConcreteID CUSTOM not available AbstractID CUSTOM = AA8cb3gx803023415282
 @State ConcreteID = SCsfq4sq4d41249904096 AbstractID = SR1yikg7m4b02111162251
 ConcreteID CUSTOM = SCn0n79d4d23520578493 AbstractID CUSTOM = SAvhubwf4c81636835139

	ROLE = LeftClickAt
	TARGET =
		WIDGET = WC158244q314074075960, WR1k8fo0ra1109144095, WT1jhzmel1e4173187679, WP12zy3p42d1673156887
		ROLE = UIATabItem
		TITLE = Capture Device Alt+D
		SHAPE = Rect [x:1085.0 y:419.0 w:118.0 h:24.0]
		CHILDREN = 0
		PATH = [0, 0, 1, 1, 3]
	DESCRIPTION = Left Click at 'Capture Device Alt+D'
	TEXT = Compound Action =
		Move mouse to (1144.0, 431.0).
		Press Mouse Button BUTTON1
		Release Mouse Button BUTTON1

ExecutedAction [6]: 
 @Action ConcreteID = AC1mvfa1i803575056962 AbstractID = AA1mvfa1i803575056962
 ConcreteID CUSTOM = ConcreteID CUSTOM not available AbstractID CUSTOM = AAmv9g177f4249533933
 @State ConcreteID = SC2jw1h05874208733570 AbstractID = SR1wzdtq45611364970076
 ConcreteID CUSTOM = SC14d09658f1287105471 AbstractID CUSTOM = SA4364vi579156507676

	ROLE = LeftClickAt
	TARGET =
		WIDGET = WC1vjjly83d3752851451, WR17qbaneb3904637586, WT10mukap213637332440, WP1t5904239449308311
		ROLE = UIAComboBox
		TITLE = Audio device name Down
		SHAPE = Rect [x:1135.0 y:547.0 w:226.0 h:30.0]
		CHILDREN = 0
		PATH = [0, 0, 1, 0, 0, 3, 0, 3]
	DESCRIPTION = Left Click at 'Audio device name Down'
	TEXT = Compound Action =
		Move mouse to (1248.0, 562.0).
		Press Mouse Button BUTTON1
		Release Mouse Button BUTTON1

ExecutedAction [7]: 
 @Action ConcreteID = AC1b7gz0f802881446642 AbstractID = AA1b7gz0f802881446642
 ConcreteID CUSTOM = ConcreteID CUSTOM not available AbstractID CUSTOM = AA17sxlky812405772937
 @State ConcreteID = SCqytkr85ea2908785560 AbstractID = SR1f77gnq5c0392786215
 ConcreteID CUSTOM = SCeteqed5f41160697389 AbstractID CUSTOM = SA1jenfge5e02290847649

	ROLE = LeftClickAt
	TARGET =
		WIDGET = WC1dqip7m261509157264, WR10fgh33101836453781, WT10fgh33101836453781, WPyiss5w22985047638
		ROLE = UIACustomControl
		TITLE = 
		SHAPE = Rect [x:889.0 y:479.0 w:482.0 h:3.0]
		CHILDREN = 0
		PATH = [0, 0, 1, 0, 0, 2]
	DESCRIPTION = Left Click at ''
	TEXT = Compound Action =
		Move mouse to (1130.0, 480.5).
		Press Mouse Button BUTTON1
		Release Mouse Button BUTTON1

ExecutedAction [8]: 
 @Action ConcreteID = AC3i0ua97f3192969255 AbstractID = AA3i0ua97f3192969255
 ConcreteID CUSTOM = ConcreteID CUSTOM not available AbstractID CUSTOM = AAofu2ab802271372629
 @State ConcreteID = SC1qwfe405c2758391233 AbstractID = SRniieyl59a783183330
 ConcreteID CUSTOM = SCs0bf75ca890386165 AbstractID CUSTOM = SA10pkhjm5b74196222035

	ROLE = LeftClickAt
	TARGET =
		WIDGET = WC1kg82vz274276399617, WR1k8fo0ra1109144095, WThpb1sr141497262569, WP1t2h5yl23617122819
		ROLE = UIATabItem
		TITLE = File Alt+F
		SHAPE = Rect [x:878.0 y:419.0 w:60.0 h:24.0]
		CHILDREN = 0
		PATH = [0, 0, 1, 1, 0]
	DESCRIPTION = Left Click at 'File Alt+F'
	TEXT = Compound Action =
		Move mouse to (908.0, 431.0).
		Press Mouse Button BUTTON1
		Release Mouse Button BUTTON1

ExecutedAction [9]: 
 @Action ConcreteID = ACstfapg7f2788436879 AbstractID = AAstfapg7f2788436879
 ConcreteID CUSTOM = ConcreteID CUSTOM not available AbstractID CUSTOM = AA1wxcfzm80272894554
 @State ConcreteID = SC4mige5101211155050 AbstractID = SR17bnsiw4ef1085502820
 ConcreteID CUSTOM = SCwuc6r650f2966512103 AbstractID CUSTOM = SA1f8et11503150811696

	ROLE = LeftClickAt
	TARGET =
		WIDGET = WCqisqrd2a3332639964, WR1k8fo0ra1109144095, WT1mhrni7173027994741, WP1pyj32f263185019282
		ROLE = UIATabItem
		TITLE = Network Alt+N
		SHAPE = Rect [x:1001.0 y:419.0 w:84.0 h:24.0]
		CHILDREN = 0
		PATH = [0, 0, 1, 1, 2]
	DESCRIPTION = Left Click at 'Network Alt+N'
	TEXT = Compound Action =
		Move mouse to (1043.0, 431.0).
		Press Mouse Button BUTTON1
		Release Mouse Button BUTTON1

ExecutedAction [10]: 
 @Action ConcreteID = AC11xmx6l12b477895301 AbstractID = AAjib9s6d54268660192
 ConcreteID CUSTOM = ConcreteID CUSTOM not available AbstractID CUSTOM = AA1jpemjmd562785894
 @State ConcreteID = SCsfq4sq4d41249904096 AbstractID = SR1yikg7m4b02111162251
 ConcreteID CUSTOM = SCn0n79d4d23520578493 AbstractID CUSTOM = SAvhubwf4c81636835139

	ROLE = ClickTypeInto
	TARGET =
		WIDGET = WC13s9pxa231184385648, WR4n0dlj72701565195, WT4n0dlj72701565195, WP6qhfn41f297283063
		ROLE = UIAEdit
		TITLE = 
		SHAPE = Rect [x:902.0 y:498.0 w:440.0 h:14.0]
		CHILDREN = 0
		PATH = [0, 0, 1, 0, 0, 0, 2, 0]
	DESCRIPTION = Type 'ð‘»ð’‰ð’† ð’’ð’–ð’Šð’„?...' into '
	TEXT = Compound Action =
		Compound Action =
		Move mouse to (1122.0, 505.0).
		Press Mouse Button BUTTON1
		Release Mouse Button BUTTON1
		Press Key 17
		Press Key 65
		Release Key 65
		Release Key 17
		Type text 'ð‘»ð’‰ð’† ð’’ð’–ð’Šð’„ð’Œ ð’ƒð’“ð’ð’˜ð’ ð’‡ð’ð’™ ð’‹ð’–ð’Žð’‘ð’” ð’ð’—ð’†ð’“ ð’•ð’‰ð’† ð’ð’‚ð’›ð’š ð’…ð’ð’ˆ'

ExecutedAction [11]: 
 @Action ConcreteID = ACbyc0mr7f2084335933 AbstractID = AAbyc0mr7f2084335933
 ConcreteID CUSTOM = ConcreteID CUSTOM not available AbstractID CUSTOM = AA194x1zm80741763219
 @State ConcreteID = SCa2hgrt4d4768594052 AbstractID = SR1yikg7m4b02111162251
 ConcreteID CUSTOM = SCn0n79d4d23520578493 AbstractID CUSTOM = SA10418884c7576219555

	ROLE = LeftClickAt
	TARGET =
		WIDGET = WC1t44z1z223827324020, WR17v7k2nb1067391859, WT1k6fo9t151127508199, WP1etup511e2682910673
		ROLE = UIAMenuItem
		TITLE = Play Alt+P
		SHAPE = Rect [x:1233.0 y:774.0 w:70.0 h:23.0]
		CHILDREN = 0
		PATH = [0, 0, 2]
	DESCRIPTION = Left Click at 'Play Alt+P'
	TEXT = Compound Action =
		Move mouse to (1268.0, 785.5).
		Press Mouse Button BUTTON1
		Release Mouse Button BUTTON1

Detected fault: severity: 9.0E-8 info: Discovered suspicious widget title: 'Errors'.
ExecutedAction [12]: 
 @Action ConcreteID = AC1c7xwlb803737523388 AbstractID = AA1c7xwlb803737523388
 ConcreteID CUSTOM = ConcreteID CUSTOM not available AbstractID CUSTOM = AA1f34tir814008363796
 @State ConcreteID = SCpamml73f31794703524 AbstractID = SRh92ba33da4142616598
 ConcreteID CUSTOM = SC4i8kcj3fc2655303686 AbstractID CUSTOM = SA11c75c13e82454136073

	ROLE = LeftClickAt
	TARGET =
		WIDGET = WC1jhssi21b581102442, WR88rmk0b1934231702, WT88rmk0b1934231702, WPy94r7g172796856191
		ROLE = UIACheckBox
		TITLE = 
		SHAPE = Rect [x:1058.0 y:788.0 w:26.0 h:26.0]
		CHILDREN = 0
		PATH = [0, 3, 2, 9]
	DESCRIPTION = Left Click at ''
	TEXT = Compound Action =
		Move mouse to (1071.0, 801.0).
		Press Mouse Button BUTTON1
		Release Mouse Button BUTTON1

Detected fault: severity: 9.0E-8 info: Discovered suspicious widget title: 'Errors'.
ExecutedAction [13]: 
 @Action ConcreteID = ACt2k0357f372304641 AbstractID = AAt2k0357f372304641
 ConcreteID CUSTOM = ConcreteID CUSTOM not available AbstractID CUSTOM = AA1knqful802401020654
 @State ConcreteID = SCpamml73f31794703524 AbstractID = SRh92ba33da4142616598
 ConcreteID CUSTOM = SC4i8kcj3fc2655303686 AbstractID CUSTOM = SA11c75c13e82454136073

	ROLE = LeftClickAt
	TARGET =
		WIDGET = WC111mv3r262102156175, WR17v7k2nb1067391859, WT7kxrdw19266625713, WP1rpm6kl222379553300
		ROLE = UIAMenuItem
		TITLE = Playback Alt+l
		SHAPE = Rect [x:880.0 y:398.0 w:63.0 h:20.0]
		CHILDREN = 0
		PATH = [0, 2, 1]
	DESCRIPTION = Left Click at 'Playback Alt+l'
	TEXT = Compound Action =
		Move mouse to (911.5, 408.0).
		Press Mouse Button BUTTON1
		Release Mouse Button BUTTON1

Detected fault: severity: 9.0E-8 info: Discovered suspicious widget title: 'Errors'.
ExecutedAction [14]: 
 @Action ConcreteID = AC12giiim7f1110141763 AbstractID = AA12giiim7f1110141763
 ConcreteID CUSTOM = ConcreteID CUSTOM not available AbstractID CUSTOM = AAemx4hc803438294496
 @State ConcreteID = SCz26yq056e2710793314 AbstractID = SRao75gi5551079339470
 ConcreteID CUSTOM = SCvokvpe57d3621988354 AbstractID CUSTOM = SA1b376an5613418722455

	ROLE = LeftClickAt
	TARGET =
		WIDGET = WC1lhezjy1971787980, WR1h6ibpb92248851252, WT1h6ibpb92248851252, WP11lh0ts153015450048
		ROLE = UIAButton
		TITLE = 
		SHAPE = Rect [x:904.0 y:788.0 w:26.0 h:26.0]
		CHILDREN = 0
		PATH = [0, 3, 2, 4]
	DESCRIPTION = Left Click at ''
	TEXT = Compound Action =
		Move mouse to (917.0, 801.0).
		Press Mouse Button BUTTON1
		Release Mouse Button BUTTON1

Detected fault: severity: 9.0E-8 info: Discovered suspicious widget title: 'Errors'.
ExecutedAction [15]: 
 @Action ConcreteID = AC1ers7hx801094279040 AbstractID = AA1ers7hx801094279040
 ConcreteID CUSTOM = ConcreteID CUSTOM not available AbstractID CUSTOM = AA1hmz4fd811897237544
 @State ConcreteID = SCpamml73f31794703524 AbstractID = SRh92ba33da4142616598
 ConcreteID CUSTOM = SC4i8kcj3fc2655303686 AbstractID CUSTOM = SA11c75c13e82454136073

	ROLE = LeftClickAt
	TARGET =
		WIDGET = WC1sq9rfp2014980059, WR10fgh33101836453781, WT10fgh33101836453781, WPr3o2zb1c2979079155
		ROLE = UIACustomControl
		TITLE = 
		SHAPE = Rect [x:893.0 y:470.0 w:476.0 h:247.0]
		CHILDREN = 0
		PATH = [0, 0, 2, 0]
	DESCRIPTION = Left Click at ''
	TEXT = Compound Action =
		Move mouse to (1131.0, 593.5).
		Press Mouse Button BUTTON1
		Release Mouse Button BUTTON1

Detected fault: severity: 9.0E-8 info: Discovered suspicious widget title: 'Errors'.
ExecutedAction [16]: 
 @Action ConcreteID = AC1ku8awi803118305756 AbstractID = AA1ku8awi803118305756
 ConcreteID CUSTOM = ConcreteID CUSTOM not available AbstractID CUSTOM = AA1npf7ty812314289780
 @State ConcreteID = SCpamml73f31794703524 AbstractID = SRh92ba33da4142616598
 ConcreteID CUSTOM = SC4i8kcj3fc2655303686 AbstractID CUSTOM = SA11c75c13e82454136073

	ROLE = LeftClickAt
	TARGET =
		WIDGET = WC1lhezmj19795489807, WR1h6ibpb92248851252, WT1h6ibpb92248851252, WP11lh0wd152559659523
		ROLE = UIAButton
		TITLE = 
		SHAPE = Rect [x:994.0 y:788.0 w:26.0 h:26.0]
		CHILDREN = 0
		PATH = [0, 3, 2, 7]
	DESCRIPTION = Left Click at ''
	TEXT = Compound Action =
		Move mouse to (1007.0, 801.0).
		Press Mouse Button BUTTON1
		Release Mouse Button BUTTON1

Detected fault: severity: 9.0E-8 info: Discovered suspicious widget title: 'Errors'.
ExecutedAction [17]: 
 @Action ConcreteID = ACcwy2u1803505616828 AbstractID = AAcwy2u1803505616828
 ConcreteID CUSTOM = ConcreteID CUSTOM not available AbstractID CUSTOM = AA1cp5rwu811296680206
 @State ConcreteID = SC8tirq38a81451404988 AbstractID = SRuqy0fd859877606611
 ConcreteID CUSTOM = SClixl718b62993194160 AbstractID CUSTOM = SA1nrvt128af2443781506

	ROLE = LeftClickAt
	TARGET =
		WIDGET = WCdab7l51b677896819, WR88rmk0b1934231702, WT88rmk0b1934231702, WP1r2r89n172893130342
		ROLE = UIACheckBox
		TITLE = 
		SHAPE = Rect [x:1058.0 y:788.0 w:26.0 h:26.0]
		CHILDREN = 0
		PATH = [0, 4, 2, 9]
	DESCRIPTION = Left Click at ''
	TEXT = Compound Action =
		Move mouse to (1071.0, 801.0).
		Press Mouse Button BUTTON1
		Release Mouse Button BUTTON1

Detected fault: severity: 9.0E-8 info: Discovered suspicious widget title: 'Errors'.
ExecutedAction [18]: 
 @Action ConcreteID = AC1wuvi4f7f4059876909 AbstractID = AA1wuvi4f7f4059876909
 ConcreteID CUSTOM = ConcreteID CUSTOM not available AbstractID CUSTOM = AA1r4yucq802570703784
 @State ConcreteID = SC8tirq38a81451404988 AbstractID = SRuqy0fd859877606611
 ConcreteID CUSTOM = SClixl718b62993194160 AbstractID CUSTOM = SA1nrvt128af2443781506

	ROLE = LeftClickAt
	TARGET =
		WIDGET = WCf9xelb191490602835, WR1h6ibpb92248851252, WT1h6ibpb92248851252, WP1uf3hu9154012094303
		ROLE = UIAButton
		TITLE = 
		SHAPE = Rect [x:834.0 y:785.0 w:32.0 h:32.0]
		CHILDREN = 0
		PATH = [0, 4, 2, 2]
	DESCRIPTION = Left Click at ''
	TEXT = Compound Action =
		Move mouse to (850.0, 801.0).
		Press Mouse Button BUTTON1
		Release Mouse Button BUTTON1

Detected fault: severity: 9.0E-8 info: Discovered suspicious widget title: 'Errors'.
ExecutedAction [19]: 
 @Action ConcreteID = AC8tq5lb7f750621981 AbstractID = AA8tq5lb7f750621981
 ConcreteID CUSTOM = ConcreteID CUSTOM not available AbstractID CUSTOM = AA33thtm801148749976
 @State ConcreteID = SC8tirq38a81451404988 AbstractID = SRuqy0fd859877606611
 ConcreteID CUSTOM = SClixl718b62993194160 AbstractID CUSTOM = SA1nrvt128af2443781506

	ROLE = LeftClickAt
	TARGET =
		WIDGET = WC1d5m79h302986083547, WR1k8fo0ra1109144095, WT6q4ghs144174538512, WP1k24m9j2c793105210
		ROLE = UIATabItem
		TITLE = Compressor
		SHAPE = Rect [x:499.0 y:431.0 w:81.0 h:21.0]
		CHILDREN = 0
		PATH = [0, 0, 1, 0, 0, 0, 1, 1]
	DESCRIPTION = Left Click at 'Compressor'
	TEXT = Compound Action =
		Move mouse to (539.5, 441.5).
		Press Mouse Button BUTTON1
		Release Mouse Button BUTTON1

Detected fault: severity: 9.0E-8 info: Discovered suspicious widget title: 'Errors'.
ExecutedAction [20]: 
 @Action ConcreteID = AChqneiq80146988336 AbstractID = AAhqneiq80146988336
 ConcreteID CUSTOM = ConcreteID CUSTOM not available AbstractID CUSTOM = AAc9pj4k7f605762361
 @State ConcreteID = SC2sin967663703623359 AbstractID = SRn7rl3472b782031945
 ConcreteID CUSTOM = SC1fzq4b87723640405828 AbstractID CUSTOM = SA87abpi76d908779241

	ROLE = LeftClickAt
	TARGET =
		WIDGET = WC6ha8kq242904683222, WR1h6ibpb92248851252, WT1lhe8km143233774744, WP17ntopo201387605105
		ROLE = UIAButton
		TITLE = Clear Enter
		SHAPE = Rect [x:1214.0 y:724.0 w:75.0 h:23.0]
		CHILDREN = 0
		PATH = [0, 1, 1, 0]
	DESCRIPTION = Left Click at 'Clear Enter'
	TEXT = Compound Action =
		Move mouse to (1251.5, 735.5).
		Press Mouse Button BUTTON1
		Release Mouse Button BUTTON1

Detected fault: severity: 9.0E-8 info: Discovered suspicious widget title: 'Errors'.
ExecutedAction [21]: 
 @Action ConcreteID = AC1bxkel3801255052482 AbstractID = AA1bxkel3801255052482
 ConcreteID CUSTOM = ConcreteID CUSTOM not available AbstractID CUSTOM = AAeofq8x803918798567
 @State ConcreteID = SC1oh4wgp7653295799307 AbstractID = SRbqktns72b3011112709
 ConcreteID CUSTOM = SC1e9ylxy76b181764784 AbstractID CUSTOM = SA1lkhr6x76c1725837632

	ROLE = LeftClickAt
	TARGET =
		WIDGET = WC15ditmr264140460644, WR10fgh33101836453781, WT10fgh33101836453781, WPq5swl1222509185442
		ROLE = UIACustomControl
		TITLE = 
		SHAPE = Rect [x:432.0 y:431.0 w:400.0 h:343.0]
		CHILDREN = 2
		PATH = [0, 1, 1, 0, 0, 0]
	DESCRIPTION = Left Click at ''
	TEXT = Compound Action =
		Move mouse to (632.0, 602.5).
		Press Mouse Button BUTTON1
		Release Mouse Button BUTTON1

Detected fault: severity: 9.0E-8 info: Discovered suspicious widget title: 'Errors'.
ExecutedAction [22]: 
 @Action ConcreteID = AC1iwmhvo803458360831 AbstractID = AA1iwmhvo803458360831
 ConcreteID CUSTOM = ConcreteID CUSTOM not available AbstractID CUSTOM = AA1dfomhi7f3808136182
 @State ConcreteID = SC2sin967663703623359 AbstractID = SRn7rl3472b782031945
 ConcreteID CUSTOM = SC1fzq4b87723640405828 AbstractID CUSTOM = SA87abpi76d908779241

	ROLE = LeftClickAt
	TARGET =
		WIDGET = WC1umfohc26223226870, WR17v7k2nb1067391859, WTpcm71l192027518401, WPtm375q223273904290
		ROLE = UIAMenuItem
		TITLE = Subtitle Alt+t
		SHAPE = Rect [x:1037.0 y:398.0 w:56.0 h:20.0]
		CHILDREN = 0
		PATH = [0, 3, 4]
	DESCRIPTION = Left Click at 'Subtitle Alt+t'
	TEXT = Compound Action =
		Move mouse to (1065.0, 408.0).
		Press Mouse Button BUTTON1
		Release Mouse Button BUTTON1

Detected fault: severity: 9.0E-8 info: Discovered suspicious widget title: 'Errors'.
ExecutedAction [23]: 
 @Action ConcreteID = ACb3gucn802589053773 AbstractID = AAb3gucn802589053773
 ConcreteID CUSTOM = ConcreteID CUSTOM not available AbstractID CUSTOM = AAio7rpr7f372850000
 @State ConcreteID = SC1gz732z7a21413517633 AbstractID = SR1y1i9l7661426733436
 ConcreteID CUSTOM = SC16m1ies7ae1910130327 AbstractID CUSTOM = SAg4d4dw7a82725844899

	ROLE = LeftClickAt
	TARGET =
		WIDGET = WCx2xd4b312174155616, WR1k8fo0ra1109144095, WT1xn65vr151465452121, WP1kvj3bx2d3413647731
		ROLE = UIATabItem
		TITLE = Spatializer
		SHAPE = Rect [x:580.0 y:431.0 w:73.0 h:21.0]
		CHILDREN = 0
		PATH = [0, 0, 1, 0, 0, 0, 1, 2]
	DESCRIPTION = Left Click at 'Spatializer'
	TEXT = Compound Action =
		Move mouse to (616.5, 441.5).
		Press Mouse Button BUTTON1
		Release Mouse Button BUTTON1

Detected fault: severity: 9.0E-8 info: Discovered suspicious widget title: 'Errors'.
ExecutedAction [24]: 
 @Action ConcreteID = AC1cpzvor803756343175 AbstractID = AA1cpzvor803756343175
 ConcreteID CUSTOM = ConcreteID CUSTOM not available AbstractID CUSTOM = AA14oab48811833593075
 @State ConcreteID = SC1uk3bqf6e9745468170 AbstractID = SR2d6lkg6bb1101108177
 ConcreteID CUSTOM = SC1fxmijo6f12896717332 AbstractID CUSTOM = SA1yip5yn6f42269990688

	ROLE = LeftClickAt
	TARGET =
		WIDGET = WChj3t7x1c1665019439, WR1p34e3y91942684430, WT1p34e3y91942684430, WP1mb1pff1833609338
		ROLE = UIASlider
		TITLE = 
		SHAPE = Rect [x:1333.0 y:791.0 w:85.0 h:26.0]
		CHILDREN = 0
		PATH = [0, 4, 2, 0, 1]
	DESCRIPTION = Left Click at ''
	TEXT = Compound Action =
		Move mouse to (1375.5, 804.0).
		Press Mouse Button BUTTON1
		Release Mouse Button BUTTON1

Detected fault: severity: 9.0E-8 info: Discovered suspicious widget title: 'Errors'.
ExecutedAction [25]: 
 @Action ConcreteID = AC1x9n8907f1723026919 AbstractID = AA1x9n8907f1723026919
 ConcreteID CUSTOM = ConcreteID CUSTOM not available AbstractID CUSTOM = AA4undxj801961824606
 @State ConcreteID = SC1uk3bqf6e9745468170 AbstractID = SR2d6lkg6bb1101108177
 ConcreteID CUSTOM = SC1fxmijo6f12896717332 AbstractID CUSTOM = SA1yip5yn6f42269990688

	ROLE = LeftClickAt
	TARGET =
		WIDGET = WCf9xelb191490602835, WR1h6ibpb92248851252, WT1h6ibpb92248851252, WP1uf3hu9154012094303
		ROLE = UIAButton
		TITLE = 
		SHAPE = Rect [x:834.0 y:785.0 w:32.0 h:32.0]
		CHILDREN = 0
		PATH = [0, 4, 2, 2]
	DESCRIPTION = Left Click at ''
	TEXT = Compound Action =
		Move mouse to (850.0, 801.0).
		Press Mouse Button BUTTON1
		Release Mouse Button BUTTON1

Detected fault: severity: 9.0E-8 info: Discovered suspicious widget title: 'Errors'.
ExecutedAction [26]: 
 @Action ConcreteID = ACy93z3b803436091121 AbstractID = AAy93z3b803436091121
 ConcreteID CUSTOM = ConcreteID CUSTOM not available AbstractID CUSTOM = AAq7eeis812120335749
 @State ConcreteID = SC1uk3bqf6e9745468170 AbstractID = SR2d6lkg6bb1101108177
 ConcreteID CUSTOM = SC1fxmijo6f12896717332 AbstractID CUSTOM = SA1yip5yn6f42269990688

	ROLE = LeftClickAt
	TARGET =
		WIDGET = WCf9xepm19632241942, WR1h6ibpb92248851252, WT1h6ibpb92248851252, WP1uf3hyk152454996762
		ROLE = UIAButton
		TITLE = 
		SHAPE = Rect [x:994.0 y:788.0 w:26.0 h:26.0]
		CHILDREN = 0
		PATH = [0, 4, 2, 7]
	DESCRIPTION = Left Click at ''
	TEXT = Compound Action =
		Move mouse to (1007.0, 801.0).
		Press Mouse Button BUTTON1
		Release Mouse Button BUTTON1

Detected fault: severity: 9.0E-8 info: Discovered suspicious widget title: 'Errors'.
ExecutedAction [27]: 
 @Action ConcreteID = ACa05iu802868263082 AbstractID = AAa05iu802868263082
 ConcreteID CUSTOM = ConcreteID CUSTOM not available AbstractID CUSTOM = AA3572ga812598038274
 @State ConcreteID = SCpamml73f31794703524 AbstractID = SRh92ba33da4142616598
 ConcreteID CUSTOM = SC4i8kcj3fc2655303686 AbstractID CUSTOM = SA11c75c13e82454136073

	ROLE = LeftClickAt
	TARGET =
		WIDGET = WC1b8yprg1c1241856940, WR1p34e3y91942684430, WT1p34e3y91942684430, WPgzsjzu18725337081
		ROLE = UIASlider
		TITLE = 
		SHAPE = Rect [x:1333.0 y:791.0 w:85.0 h:26.0]
		CHILDREN = 0
		PATH = [0, 3, 2, 0, 1]
	DESCRIPTION = Left Click at ''
	TEXT = Compound Action =
		Move mouse to (1375.5, 804.0).
		Press Mouse Button BUTTON1
		Release Mouse Button BUTTON1

Detected fault: severity: 9.0E-8 info: Discovered suspicious widget title: 'Errors'.
ExecutedAction [28]: 
 @Action ConcreteID = AC1e6z96880185356665 AbstractID = AA1e6z96880185356665
 ConcreteID CUSTOM = ConcreteID CUSTOM not available AbstractID CUSTOM = AA1h2663o81991986385
 @State ConcreteID = SCpamml73f31794703524 AbstractID = SRh92ba33da4142616598
 ConcreteID CUSTOM = SC4i8kcj3fc2655303686 AbstractID CUSTOM = SA11c75c13e82454136073

	ROLE = LeftClickAt
	TARGET =
		WIDGET = WC94x2o2202389414968, WR10fgh33101836453781, WT10fgh33101836453781, WP16jfg6s1c1058939920
		ROLE = UIACustomControl
		TITLE = 
		SHAPE = Rect [x:1317.0 y:785.0 w:101.0 h:32.0]
		CHILDREN = 2
		PATH = [0, 3, 2, 0]
	DESCRIPTION = Left Click at ''
	TEXT = Compound Action =
		Move mouse to (1367.5, 801.0).
		Press Mouse Button BUTTON1
		Release Mouse Button BUTTON1

Detected fault: severity: 9.0E-8 info: Discovered suspicious widget title: 'Errors'.
ExecutedAction [29]: 
 @Action ConcreteID = ACh6ti8d7f979007427 AbstractID = AAh6ti8d7f979007427
 ConcreteID CUSTOM = ConcreteID CUSTOM not available AbstractID CUSTOM = AA18rzxzt802742433324
 @State ConcreteID = SCpamml73f31794703524 AbstractID = SRh92ba33da4142616598
 ConcreteID CUSTOM = SC4i8kcj3fc2655303686 AbstractID CUSTOM = SA11c75c13e82454136073

	ROLE = LeftClickAt
	TARGET =
		WIDGET = WC1lhezjy1971787980, WR1h6ibpb92248851252, WT1h6ibpb92248851252, WP11lh0ts153015450048
		ROLE = UIAButton
		TITLE = 
		SHAPE = Rect [x:904.0 y:788.0 w:26.0 h:26.0]
		CHILDREN = 0
		PATH = [0, 3, 2, 4]
	DESCRIPTION = Left Click at ''
	TEXT = Compound Action =
		Move mouse to (917.0, 801.0).
		Press Mouse Button BUTTON1
		Release Mouse Button BUTTON1

Detected fault: severity: 9.0E-8 info: Discovered suspicious widget title: 'Errors'.
ExecutedAction [30]: 
 @Action ConcreteID = AC13jahg7f2156870116 AbstractID = AA13jahg7f2156870116
 ConcreteID CUSTOM = ConcreteID CUSTOM not available AbstractID CUSTOM = AAsopq8w80430143499
 @State ConcreteID = SCpamml73f31794703524 AbstractID = SRh92ba33da4142616598
 ConcreteID CUSTOM = SC4i8kcj3fc2655303686 AbstractID CUSTOM = SA11c75c13e82454136073

	ROLE = LeftClickAt
	TARGET =
		WIDGET = WC1lhezkt19492590221, WR1h6ibpb92248851252, WT1h6ibpb92248851252, WP11lh0un152863082625
		ROLE = UIAButton
		TITLE = 
		SHAPE = Rect [x:930.0 y:788.0 w:26.0 h:26.0]
		CHILDREN = 0
		PATH = [0, 3, 2, 5]
	DESCRIPTION = Left Click at ''
	TEXT = Compound Action =
		Move mouse to (943.0, 801.0).
		Press Mouse Button BUTTON1
		Release Mouse Button BUTTON1

Detected fault: severity: 9.0E-8 info: Discovered suspicious widget title: 'Errors'.
ExecutedAction [31]: 
 @Action ConcreteID = ACa3yfcj80757878030 AbstractID = AAa3yfcj80757878030
 ConcreteID CUSTOM = ConcreteID CUSTOM not available AbstractID CUSTOM = AA1l3892g81564586228
 @State ConcreteID = SCuh6sp73f12040761103 AbstractID = SRh92ba33da4142616598
 ConcreteID CUSTOM = SC1k31zvm3fd1595638641 AbstractID CUSTOM = SA11c75c13e82454136073

	ROLE = LeftClickAt
	TARGET =
		WIDGET = WC93thhc204104898392, WR10fgh33101836453781, WT10fgh33101836453781, WP16ibv021c1172207472
		ROLE = UIACustomControl
		TITLE = 
		SHAPE = Rect [x:831.0 y:419.0 w:600.0 h:347.0]
		CHILDREN = 0
		PATH = [0, 3, 0, 0]
	DESCRIPTION = Left Click at ''
	TEXT = Compound Action =
		Move mouse to (1131.0, 592.5).
		Press Mouse Button BUTTON1
		Release Mouse Button BUTTON1

Detected fault: severity: 9.0E-8 info: Discovered suspicious widget title: 'Errors'.
ExecutedAction [32]: 
 @Action ConcreteID = AC1961pyr7f1771455451 AbstractID = AA1961pyr7f1771455451
 ConcreteID CUSTOM = ConcreteID CUSTOM not available AbstractID CUSTOM = AA11inkv2801428586768
 @State ConcreteID = SCuh6sp73f12040761103 AbstractID = SRh92ba33da4142616598
 ConcreteID CUSTOM = SC1k31zvm3fd1595638641 AbstractID CUSTOM = SA11c75c13e82454136073

	ROLE = LeftClickAt
	TARGET =
		WIDGET = WC11uh6f12a384878162, WR88rmk0b1934231702, WT1e6lp961d1684350887, WPsype2z26936821339
		ROLE = UIACheckBox
		TITLE = Hide future errors
		SHAPE = Rect [x:892.0 y:727.0 w:107.0 h:17.0]
		CHILDREN = 0
		PATH = [0, 0, 3]
	DESCRIPTION = Left Click at 'Hide future errors'
	TEXT = Compound Action =
		Move mouse to (945.5, 735.5).
		Press Mouse Button BUTTON1
		Release Mouse Button BUTTON1

Detected fault: severity: 9.0E-8 info: Discovered suspicious widget title: 'Errors'.
ExecutedAction [33]: 
 @Action ConcreteID = ACk757jr803920817786 AbstractID = AAk757jr803920817786
 ConcreteID CUSTOM = ConcreteID CUSTOM not available AbstractID CUSTOM = AA1v6f19o813845670272
 @State ConcreteID = SCuh6sp73f12040761103 AbstractID = SRh92ba33da4142616598
 ConcreteID CUSTOM = SC1k31zvm3fd1595638641 AbstractID CUSTOM = SA11c75c13e82454136073

	ROLE = LeftClickAt
	TARGET =
		WIDGET = WC1lhezne192834442944, WR1h6ibpb92248851252, WT1h6ibpb92248851252, WP11lh0x815520704716
		ROLE = UIAButton
		TITLE = 
		SHAPE = Rect [x:1032.0 y:788.0 w:26.0 h:26.0]
		CHILDREN = 0
		PATH = [0, 3, 2, 8]
	DESCRIPTION = Left Click at ''
	TEXT = Compound Action =
		Move mouse to (1045.0, 801.0).
		Press Mouse Button BUTTON1
		Release Mouse Button BUTTON1

Detected fault: severity: 9.0E-8 info: Discovered suspicious widget title: 'Errors'.
ExecutedAction [34]: 
 @Action ConcreteID = AC1f1tz6p10a149337064 AbstractID = AA1s0z7x9d62498623047
 ConcreteID CUSTOM = ConcreteID CUSTOM not available AbstractID CUSTOM = AAk8p47nd6220784272
 @State ConcreteID = SC1r72ipa5f01552298693 AbstractID = SRt4k9fd5bd1953661829
 ConcreteID CUSTOM = SC114hbcw5f7241705983 AbstractID CUSTOM = SA1x2hny45e22982288257

	ROLE = ClickTypeInto
	TARGET =
		WIDGET = WC1vfn6rl141329374291, WR4n0dlj72701565195, WT4n0dlj72701565195, WPtu9dn3102417005042
		ROLE = UIAEdit
		TITLE = 
		SHAPE = Rect [x:892.0 y:469.0 w:478.0 h:249.0]
		CHILDREN = 1
		PATH = [0, 0, 2]
	DESCRIPTION = Type '"`'><script>\x0C...' into '
	TEXT = Compound Action =
		Compound Action =
		Move mouse to (1131.0, 593.5).
		Press Mouse Button BUTTON1
		Release Mouse Button BUTTON1
		Press Key 17
		Press Key 65
		Release Key 65
		Release Key 17
		Type text '"`'><script>\x0Cjavascript:alert(1)</script>'

Detected fault: severity: 9.0E-8 info: Discovered suspicious widget title: 'Errors'.
ExecutedAction [35]: 
 @Action ConcreteID = ACrhf3q81117830633 AbstractID = AArhf3q81117830633
 ConcreteID CUSTOM = ConcreteID CUSTOM not available AbstractID CUSTOM = AA3htd8g811574288450
 @State ConcreteID = SC1r72ipa5f01552298693 AbstractID = SRt4k9fd5bd1953661829
 ConcreteID CUSTOM = SC114hbcw5f7241705983 AbstractID CUSTOM = SA1x2hny45e22982288257

	ROLE = LeftClickAt
	TARGET =
		WIDGET = WC11866p7221380889474, WR17v7k2nb1067391859, WT1y895rf152412617792, WP15p11o91e1057977303
		ROLE = UIAMenuItem
		TITLE = View Alt+i
		SHAPE = Rect [x:1136.0 y:398.0 w:41.0 h:20.0]
		CHILDREN = 0
		PATH = [0, 2, 6]
	DESCRIPTION = Left Click at 'View Alt+i'
	TEXT = Compound Action =
		Move mouse to (1156.5, 408.0).
		Press Mouse Button BUTTON1
		Release Mouse Button BUTTON1

Detected fault: severity: 9.0E-8 info: Discovered suspicious widget title: 'Errors'.
ExecutedAction [36]: 
 @Action ConcreteID = ACep7012802805236952 AbstractID = AAep7012802805236952
 ConcreteID CUSTOM = ConcreteID CUSTOM not available AbstractID CUSTOM = AAkbrcbb80285222286
 @State ConcreteID = SC1cktutm71c1219607121 AbstractID = SRv7zzru6e83920887747
 ConcreteID CUSTOM = SC1kmbvcq7282217623034 AbstractID CUSTOM = SA1tgu38t70b4059149099

	ROLE = LeftClickAt
	TARGET =
		WIDGET = WC1lhezi8191377681994, WR1h6ibpb92248851252, WT1h6ibpb92248851252, WP11lh0s2153857103430
		ROLE = UIAButton
		TITLE = 
		SHAPE = Rect [x:834.0 y:738.0 w:32.0 h:32.0]
		CHILDREN = 0
		PATH = [0, 3, 2, 2]
	DESCRIPTION = Left Click at ''
	TEXT = Compound Action =
		Move mouse to (850.0, 754.0).
		Press Mouse Button BUTTON1
		Release Mouse Button BUTTON1

Detected fault: severity: 9.0E-8 info: Discovered suspicious widget title: 'Errors'.
ExecutedAction [37]: 
 @Action ConcreteID = AC189ock1803611677418 AbstractID = AA189ock1803611677418
 ConcreteID CUSTOM = ConcreteID CUSTOM not available AbstractID CUSTOM = AA7p1qkn8047538708
 @State ConcreteID = SC1r72ipa5f01552298693 AbstractID = SRt4k9fd5bd1953661829
 ConcreteID CUSTOM = SC114hbcw5f7241705983 AbstractID CUSTOM = SA1x2hny45e22982288257

	ROLE = LeftClickAt
	TARGET =
		WIDGET = WC11uh6f12a384878162, WR88rmk0b1934231702, WT1e6lp961d1684350887, WPsype2z26936821339
		ROLE = UIACheckBox
		TITLE = Hide future errors
		SHAPE = Rect [x:892.0 y:727.0 w:107.0 h:17.0]
		CHILDREN = 0
		PATH = [0, 0, 3]
	DESCRIPTION = Left Click at 'Hide future errors'
	TEXT = Compound Action =
		Move mouse to (945.5, 735.5).
		Press Mouse Button BUTTON1
		Release Mouse Button BUTTON1

Detected fault: severity: 9.0E-8 info: Discovered suspicious widget title: 'Errors'.
ExecutedAction [38]: 
 @Action ConcreteID = AC10ryvsg801690062744 AbstractID = AA10ryvsg801690062744
 ConcreteID CUSTOM = ConcreteID CUSTOM not available AbstractID CUSTOM = AA7c9t2802972516198
 @State ConcreteID = SC1r72ipa5f01552298693 AbstractID = SRt4k9fd5bd1953661829
 ConcreteID CUSTOM = SC114hbcw5f7241705983 AbstractID CUSTOM = SA1x2hny45e22982288257

	ROLE = LeftClickAt
	TARGET =
		WIDGET = WC1lhezkt19492590221, WR1h6ibpb92248851252, WT1h6ibpb92248851252, WP11lh0un152863082625
		ROLE = UIAButton
		TITLE = 
		SHAPE = Rect [x:930.0 y:741.0 w:26.0 h:26.0]
		CHILDREN = 0
		PATH = [0, 3, 2, 5]
	DESCRIPTION = Left Click at ''
	TEXT = Compound Action =
		Move mouse to (943.0, 754.0).
		Press Mouse Button BUTTON1
		Release Mouse Button BUTTON1

Detected fault: severity: 9.0E-8 info: Discovered suspicious widget title: 'Errors'.
ExecutedAction [39]: 
 @Action ConcreteID = AClthx6q801569139648 AbstractID = AAlthx6q801569139648
 ConcreteID CUSTOM = ConcreteID CUSTOM not available AbstractID CUSTOM = AA1k9zd6g802283248446
 @State ConcreteID = SC1r72ipa5f01552298693 AbstractID = SRt4k9fd5bd1953661829
 ConcreteID CUSTOM = SC114hbcw5f7241705983 AbstractID CUSTOM = SA1x2hny45e22982288257

	ROLE = LeftClickAt
	TARGET =
		WIDGET = WC4ha5up274051276053, WR5quxi6b4097176690, WT5quxi6b4097176690, WP1lx6qhf231893643707
		ROLE = UIATreeItem
		TITLE = 
		SHAPE = Rect [x:831.0 y:470.0 w:163.0 h:26.0]
		CHILDREN = 0
		PATH = [0, 3, 0, 0, 3, 1, 1, 1]
	DESCRIPTION = Left Click at ''
	TEXT = Compound Action =
		Move mouse to (912.5, 483.0).
		Press Mouse Button BUTTON1
		Release Mouse Button BUTTON1

Detected fault: severity: 9.0E-8 info: Discovered suspicious widget title: 'Errors'.
ExecutedAction [40]: 
 @Action ConcreteID = AC189ock1803611677418 AbstractID = AA189ock1803611677418
 ConcreteID CUSTOM = ConcreteID CUSTOM not available AbstractID CUSTOM = AA7p1qkn8047538708
 @State ConcreteID = SC1r72ipa5f01552298693 AbstractID = SRt4k9fd5bd1953661829
 ConcreteID CUSTOM = SC114hbcw5f7241705983 AbstractID CUSTOM = SA1x2hny45e22982288257

	ROLE = LeftClickAt
	TARGET =
		WIDGET = WC11uh6f12a384878162, WR88rmk0b1934231702, WT1e6lp961d1684350887, WPsype2z26936821339
		ROLE = UIACheckBox
		TITLE = Hide future errors
		SHAPE = Rect [x:892.0 y:727.0 w:107.0 h:17.0]
		CHILDREN = 0
		PATH = [0, 0, 3]
	DESCRIPTION = Left Click at 'Hide future errors'
	TEXT = Compound Action =
		Move mouse to (945.5, 735.5).
		Press Mouse Button BUTTON1
		Release Mouse Button BUTTON1

Detected fault: severity: 9.0E-8 info: Discovered suspicious widget title: 'Errors'.
ExecutedAction [41]: 
 @Action ConcreteID = ACnr4vo819867187 AbstractID = AAnr4vo819867187
 ConcreteID CUSTOM = ConcreteID CUSTOM not available AbstractID CUSTOM = AA3e330e811514586136
 @State ConcreteID = SC1r72ipa5f01552298693 AbstractID = SRt4k9fd5bd1953661829
 ConcreteID CUSTOM = SC114hbcw5f7241705983 AbstractID CUSTOM = SA1x2hny45e22982288257

	ROLE = LeftClickAt
	TARGET =
		WIDGET = WC1b8yprg1c1241856940, WR1p34e3y91942684430, WT1p34e3y91942684430, WPgzsjzu18725337081
		ROLE = UIASlider
		TITLE = 
		SHAPE = Rect [x:1333.0 y:744.0 w:85.0 h:26.0]
		CHILDREN = 0
		PATH = [0, 3, 2, 0, 1]
	DESCRIPTION = Left Click at ''
	TEXT = Compound Action =
		Move mouse to (1375.5, 757.0).
		Press Mouse Button BUTTON1
		Release Mouse Button BUTTON1

Detected fault: severity: 9.0E-8 info: Discovered suspicious widget title: 'Errors'.
ExecutedAction [42]: 
 @Action ConcreteID = ACrhf3q81117830633 AbstractID = AArhf3q81117830633
 ConcreteID CUSTOM = ConcreteID CUSTOM not available AbstractID CUSTOM = AA3htd8g811574288450
 @State ConcreteID = SC1r72ipa5f01552298693 AbstractID = SRt4k9fd5bd1953661829
 ConcreteID CUSTOM = SC114hbcw5f7241705983 AbstractID CUSTOM = SA1x2hny45e22982288257

	ROLE = LeftClickAt
	TARGET =
		WIDGET = WC11866p7221380889474, WR17v7k2nb1067391859, WT1y895rf152412617792, WP15p11o91e1057977303
		ROLE = UIAMenuItem
		TITLE = View Alt+i
		SHAPE = Rect [x:1136.0 y:398.0 w:41.0 h:20.0]
		CHILDREN = 0
		PATH = [0, 2, 6]
	DESCRIPTION = Left Click at 'View Alt+i'
	TEXT = Compound Action =
		Move mouse to (1156.5, 408.0).
		Press Mouse Button BUTTON1
		Release Mouse Button BUTTON1

Detected fault: severity: 9.0E-8 info: Discovered suspicious widget title: 'Errors'.
ExecutedAction [43]: 
 @Action ConcreteID = ACb5hl5r81250609916 AbstractID = AAb5hl5r81250609916
 ConcreteID CUSTOM = ConcreteID CUSTOM not available AbstractID CUSTOM = AA17is21a812353971356
 @State ConcreteID = SC1cktutm71c1219607121 AbstractID = SRv7zzru6e83920887747
 ConcreteID CUSTOM = SC1kmbvcq7282217623034 AbstractID CUSTOM = SA1tgu38t70b4059149099

	ROLE = LeftClickAt
	TARGET =
		WIDGET = WC1drwc6k2d2242619564, WR17v7k2nb1067391859, WTuhosb1231792944361, WP1ckq1we291184140328
		ROLE = UIAMenuItem
		TITLE = Minimal Interface Ctrl+H
		SHAPE = Rect [x:1139.0 y:527.0 w:219.0 h:22.0]
		CHILDREN = 0
		PATH = [1, 6]
	DESCRIPTION = Left Click at 'Minimal Interface Ctrl+H'
	TEXT = Compound Action =
		Move mouse to (1248.5, 538.0).
		Press Mouse Button BUTTON1
		Release Mouse Button BUTTON1

Detected fault: severity: 9.0E-8 info: Discovered suspicious widget title: 'Errors'.
ExecutedAction [44]: 
 @Action ConcreteID = AC1qt7luhde2969998581 AbstractID = AAxn9sjpd5237637345
 ConcreteID CUSTOM = ConcreteID CUSTOM not available AbstractID CUSTOM = AAigfqdd63607577730
 @State ConcreteID = SCe4hc5v3ef1599273531 AbstractID = SRmj3t5e3cd2149468335
 ConcreteID CUSTOM = SC1q2a1nt3ff2710411875 AbstractID CUSTOM = SA1gd3y0z3ef3963988114

	ROLE = ClickTypeInto
	TARGET =
		WIDGET = WCdrow3n1a2744948869, WR4n0dlj72701565195, WT4n0dlj72701565195, WPg3xaoh161949044659
		ROLE = UIAEdit
		TITLE = 
		SHAPE = Rect [x:1181.0 y:402.0 w:250.0 h:20.0]
		CHILDREN = 0
		PATH = [0, 2, 0, 0, 2]
	DESCRIPTION = Type '"' into '
	TEXT = Compound Action =
		Compound Action =
		Move mouse to (1306.0, 412.0).
		Press Mouse Button BUTTON1
		Release Mouse Button BUTTON1
		Press Key 17
		Press Key 65
		Release Key 65
		Release Key 17
		Type text '"'

Detected fault: severity: 9.0E-8 info: Discovered suspicious widget title: 'Errors'.
ExecutedAction [45]: 
 @Action ConcreteID = ACjyh9ff804061410949 AbstractID = AAjyh9ff804061410949
 ConcreteID CUSTOM = ConcreteID CUSTOM not available AbstractID CUSTOM = AA1svvkt781432277931
 @State ConcreteID = SCe4hc5v3ef1599273531 AbstractID = SRmj3t5e3cd2149468335
 ConcreteID CUSTOM = SC1q2a1nt3ff2710411875 AbstractID CUSTOM = SA1gd3y0z3ef3963988114

	ROLE = LeftClickAt
	TARGET =
		WIDGET = WCezylrw213754510323, WR1e04pz3e358922214, WT1e04pz3e358922214, WP1y99m6i1d2845979881
		ROLE = UIASplitButton
		TITLE = 
		SHAPE = Rect [x:1148.0 y:401.0 w:23.0 h:22.0]
		CHILDREN = 0
		PATH = [0, 2, 0, 0, 1]
	DESCRIPTION = Left Click at ''
	TEXT = Compound Action =
		Move mouse to (1159.5, 412.0).
		Press Mouse Button BUTTON1
		Release Mouse Button BUTTON1

Detected fault: severity: 9.0E-8 info: Discovered suspicious widget title: 'Errors'.
ExecutedAction [46]: 
 @Action ConcreteID = AC1o5zbwm802780212769 AbstractID = AA1o5zbwm802780212769
 ConcreteID CUSTOM = ConcreteID CUSTOM not available AbstractID CUSTOM = AA103hzev81705887354
 @State ConcreteID = SCmnx0ti3c63272433621 AbstractID = SR1ca607u3a4661584389
 ConcreteID CUSTOM = SC14xosss3d63017087249 AbstractID CUSTOM = SA1v26e353c32591382908

	ROLE = LeftClickAt
	TARGET =
		WIDGET = WCvxayse243500518185, WR1h6ibpb92248851252, WTfh0b4q142849730282, WP13p89ow202435050554
		ROLE = UIAButton
		TITLE = Close Alt+C
		SHAPE = Rect [x:1295.0 y:724.0 w:75.0 h:23.0]
		CHILDREN = 0
		PATH = [0, 0, 1, 1]
	DESCRIPTION = Left Click at 'Close Alt+C'
	TEXT = Compound Action =
		Move mouse to (1332.5, 735.5).
		Press Mouse Button BUTTON1
		Release Mouse Button BUTTON1

ExecutedAction [47]: 
 @Action ConcreteID = AC14hl39l7f1315252418 AbstractID = AA14hl39l7f1315252418
 ConcreteID CUSTOM = ConcreteID CUSTOM not available AbstractID CUSTOM = AA3rqvi380721916570
 @State ConcreteID = SCrdqnc12bf2512525419 AbstractID = SRa5oe4a2a63295688439
 ConcreteID CUSTOM = SCdynfwk2bf1432095656 AbstractID CUSTOM = SA15det282bd3588915188

	ROLE = LeftClickAt
	TARGET =
		WIDGET = WC2i0s427209839457, WR1h6ibpb92248851252, WTdvnelt111718843361, WP1hen7qe232965915433
		ROLE = UIAButton
		TITLE = Playlist
		SHAPE = Rect [x:831.0 y:401.0 w:51.0 h:22.0]
		CHILDREN = 0
		PATH = [0, 1, 0, 0, 0, 0]
	DESCRIPTION = Left Click at 'Playlist'
	TEXT = Compound Action =
		Move mouse to (856.5, 412.0).
		Press Mouse Button BUTTON1
		Release Mouse Button BUTTON1

ExecutedAction [48]: 
 @Action ConcreteID = AC14hl39l7f1315252418 AbstractID = AA14hl39l7f1315252418
 ConcreteID CUSTOM = ConcreteID CUSTOM not available AbstractID CUSTOM = AA3rqvi380721916570
 @State ConcreteID = SCrdqnc12bf2512525419 AbstractID = SRa5oe4a2a63295688439
 ConcreteID CUSTOM = SCdynfwk2bf1432095656 AbstractID CUSTOM = SA15det282bd3588915188

	ROLE = LeftClickAt
	TARGET =
		WIDGET = WC2i0s427209839457, WR1h6ibpb92248851252, WTdvnelt111718843361, WP1hen7qe232965915433
		ROLE = UIAButton
		TITLE = Playlist
		SHAPE = Rect [x:831.0 y:401.0 w:51.0 h:22.0]
		CHILDREN = 0
		PATH = [0, 1, 0, 0, 0, 0]
	DESCRIPTION = Left Click at 'Playlist'
	TEXT = Compound Action =
		Move mouse to (856.5, 412.0).
		Press Mouse Button BUTTON1
		Release Mouse Button BUTTON1

ExecutedAction [49]: 
 @Action ConcreteID = ACorjv1p7f590747806 AbstractID = AAorjv1p7f590747806
 ConcreteID CUSTOM = ConcreteID CUSTOM not available AbstractID CUSTOM = AA1n2tp9b801179951814
 @State ConcreteID = SCrdqnc12bf2512525419 AbstractID = SRa5oe4a2a63295688439
 ConcreteID CUSTOM = SCdynfwk2bf1432095656 AbstractID CUSTOM = SA15det282bd3588915188

	ROLE = LeftClickAt
	TARGET =
		WIDGET = WCi037i8271186993116, WR5quxi6b4097176690, WT5quxi6b4097176690, WPevq5u233345430386
		ROLE = UIATreeItem
		TITLE = 
		SHAPE = Rect [x:836.0 y:523.0 w:158.0 h:26.0]
		CHILDREN = 0
		PATH = [0, 1, 0, 0, 3, 1, 1, 4]
	DESCRIPTION = Left Click at ''
	TEXT = Compound Action =
		Move mouse to (915.0, 536.0).
		Press Mouse Button BUTTON1
		Release Mouse Button BUTTON1

ExecutedAction [50]: 
 @Action ConcreteID = AC1tdu95y801458431090 AbstractID = AA1tdu95y801458431090
 ConcreteID CUSTOM = ConcreteID CUSTOM not available AbstractID CUSTOM = AA1gygzm3804154643922
 @State ConcreteID = SC151fean26f737559788 AbstractID = SR1940u4525a3307022151
 ConcreteID CUSTOM = SC1kx4a9n26c3766112236 AbstractID CUSTOM = SA138z5g26c4126350052

	ROLE = LeftClickAt
	TARGET =
		WIDGET = WC16jbmf61a1096834832, WR10fgh33101836453781, WT10fgh33101836453781, WP1guga7o163055823518
		ROLE = UIACustomControl
		TITLE = 
		SHAPE = Rect [x:831.0 y:398.0 w:600.0 h:354.0]
		CHILDREN = 1
		PATH = [0, 1]
	DESCRIPTION = Left Click at ''
	TEXT = Compound Action =
		Move mouse to (1131.0, 575.0).
		Press Mouse Button BUTTON1
		Release Mouse Button BUTTON1

ExecutedAction [51]: 
 @Action ConcreteID = ACszaqm580388873982 AbstractID = AAszaqm580388873982
 ConcreteID CUSTOM = ConcreteID CUSTOM not available AbstractID CUSTOM = AAgjxh2a803059912542
 @State ConcreteID = SC151fean26f737559788 AbstractID = SR1940u4525a3307022151
 ConcreteID CUSTOM = SC1kx4a9n26c3766112236 AbstractID CUSTOM = SA138z5g26c4126350052

	ROLE = LeftClickAt
	TARGET =
		WIDGET = WC18ptibf211177231858, WR1e04pz3e358922214, WT1e04pz3e358922214, WPsy0gqx1d809521896
		ROLE = UIASplitButton
		TITLE = 
		SHAPE = Rect [x:1148.0 y:401.0 w:23.0 h:22.0]
		CHILDREN = 0
		PATH = [0, 1, 0, 0, 1]
	DESCRIPTION = Left Click at ''
	TEXT = Compound Action =
		Move mouse to (1159.5, 412.0).
		Press Mouse Button BUTTON1
		Release Mouse Button BUTTON1

ExecutedAction [52]: 
 @Action ConcreteID = AC1oeybwy7f3334122364 AbstractID = AA1oeybwy7f3334122364
 ConcreteID CUSTOM = ConcreteID CUSTOM not available AbstractID CUSTOM = AA13e4urx7f1477998045
 @State ConcreteID = SC151fean26f737559788 AbstractID = SR1940u4525a3307022151
 ConcreteID CUSTOM = SC1kx4a9n26c3766112236 AbstractID CUSTOM = SA138z5g26c4126350052

	ROLE = LeftClickAt
	TARGET =
		WIDGET = WCi037fn271001908121, WR5quxi6b4097176690, WT5quxi6b4097176690, WPevq39233121660727
		ROLE = UIATreeItem
		TITLE = 
		SHAPE = Rect [x:831.0 y:449.0 w:163.0 h:26.0]
		CHILDREN = 0
		PATH = [0, 1, 0, 0, 3, 1, 1, 1]
	DESCRIPTION = Left Click at ''
	TEXT = Compound Action =
		Move mouse to (912.5, 462.0).
		Press Mouse Button BUTTON1
		Release Mouse Button BUTTON1

ExecutedAction [53]: 
 @Action ConcreteID = ACe94clw811799422318 AbstractID = AAe94clw811799422318
 ConcreteID CUSTOM = ConcreteID CUSTOM not available AbstractID CUSTOM = AA1gygzm3804154643922
 @State ConcreteID = SC1b6ypu42703175259370 AbstractID = SR1940u4525a3307022151
 ConcreteID CUSTOM = SC1nmr22426c1872979456 AbstractID CUSTOM = SA138z5g26c4126350052

	ROLE = LeftClickAt
	TARGET =
		WIDGET = WCmholc2203062808613, WR10fgh33101836453781, WT10fgh33101836453781, WP1jw6yus1c133918733
		ROLE = UIACustomControl
		TITLE = 
		SHAPE = Rect [x:831.0 y:398.0 w:600.0 h:354.0]
		CHILDREN = 4
		PATH = [0, 1, 0, 0]
	DESCRIPTION = Left Click at ''
	TEXT = Compound Action =
		Move mouse to (1131.0, 575.0).
		Press Mouse Button BUTTON1
		Release Mouse Button BUTTON1

ExecutedAction [54]: 
 @Action ConcreteID = AC1k5d0sq804158028437 AbstractID = AA1k5d0sq804158028437
 ConcreteID CUSTOM = ConcreteID CUSTOM not available AbstractID CUSTOM = AA6zl04z7f486829905
 @State ConcreteID = SC1b6ypu42703175259370 AbstractID = SR1940u4525a3307022151
 ConcreteID CUSTOM = SC1nmr22426c1872979456 AbstractID CUSTOM = SA138z5g26c4126350052

	ROLE = LeftClickAt
	TARGET =
		WIDGET = WCi037hd27159483163, WR5quxi6b4097176690, WT5quxi6b4097176690, WPevq4z232284233141
		ROLE = UIATreeItem
		TITLE = 
		SHAPE = Rect [x:836.0 y:497.0 w:158.0 h:26.0]
		CHILDREN = 0
		PATH = [0, 1, 0, 0, 3, 1, 1, 3]
	DESCRIPTION = Left Click at ''
	TEXT = Compound Action =
		Move mouse to (915.0, 510.0).
		Press Mouse Button BUTTON1
		Release Mouse Button BUTTON1

ExecutedAction [55]: 
 @Action ConcreteID = AC17he8qp7f934844903 AbstractID = AA17he8qp7f934844903
 ConcreteID CUSTOM = ConcreteID CUSTOM not available AbstractID CUSTOM = AA2ql3r17e480698334
 @State ConcreteID = SCnnwm982973352676720 AbstractID = SR1kaoem92804101649684
 ConcreteID CUSTOM = SCo1lkhe2951096125241 AbstractID CUSTOM = SAxmy4m0294478862362

	ROLE = LeftClickAt
	TARGET =
		WIDGET = WCi037kt271844264991, WR5quxi6b4097176690, WT5quxi6b4097176690, WPevq8f233964298417
		ROLE = UIATreeItem
		TITLE = 
		SHAPE = Rect [x:836.0 y:597.0 w:158.0 h:26.0]
		CHILDREN = 0
		PATH = [0, 1, 0, 0, 3, 1, 1, 7]
	DESCRIPTION = Left Click at ''
	TEXT = Compound Action =
		Move mouse to (915.0, 610.0).
		Press Mouse Button BUTTON1
		Release Mouse Button BUTTON1

ExecutedAction [56]: 
 @Action ConcreteID = ACpj1ph7124406475452 AbstractID = AA1nk28x6d52907985468
 ConcreteID CUSTOM = ConcreteID CUSTOM not available AbstractID CUSTOM = AA23nbwnd42472158150
 @State ConcreteID = SC141dqy0296598579436 AbstractID = SR1kaoem92804101649684
 ConcreteID CUSTOM = SC2zkw2o2961062647595 AbstractID CUSTOM = SAxmy4m0294478862362

	ROLE = ClickTypeInto
	TARGET =
		WIDGET = WC17hjsn61a981401220, WR4n0dlj72701565195, WT4n0dlj72701565195, WP19ts780163989727666
		ROLE = UIAEdit
		TITLE = 
		SHAPE = Rect [x:1181.0 y:402.0 w:250.0 h:20.0]
		CHILDREN = 0
		PATH = [0, 1, 0, 0, 2]
	DESCRIPTION = Type '<a href="\x1Ajav...' into '
	TEXT = Compound Action =
		Compound Action =
		Move mouse to (1306.0, 412.0).
		Press Mouse Button BUTTON1
		Release Mouse Button BUTTON1
		Press Key 17
		Press Key 65
		Release Key 65
		Release Key 17
		Type text '<a href="\x1Ajavascript:javascript:alert(1)" id="fuzzelement1">test</a>'

ExecutedAction [57]: 
 @Action ConcreteID = AC1wwxxgo80138468514 AbstractID = AA1wwxxgo80138468514
 ConcreteID CUSTOM = ConcreteID CUSTOM not available AbstractID CUSTOM = AA18z351p81498978777
 @State ConcreteID = SChb0c1c2831854391749 AbstractID = SRe32o5a26e2633932090
 ConcreteID CUSTOM = SCux21lg280982753399 AbstractID CUSTOM = SA1k5fqj12813423824705

	ROLE = LeftClickAt
	TARGET =
		WIDGET = WC77ec0d203742249871, WR4n4ygb71694219017, WT4n4ygb71694219017, WP1ctbhjv1c582231478
		ROLE = UIAList
		TITLE = 
		SHAPE = Rect [x:1016.0 y:423.0 w:415.0 h:326.0]
		CHILDREN = 0
		PATH = [0, 1, 0, 0, 3, 0, 0]
	DESCRIPTION = Left Click at ''
	TEXT = Compound Action =
		Move mouse to (1223.5, 586.0).
		Press Mouse Button BUTTON1
		Release Mouse Button BUTTON1

ExecutedAction [58]: 
 @Action ConcreteID = AC1rbj2ug801787833893 AbstractID = AA1rbj2ug801787833893
 ConcreteID CUSTOM = ConcreteID CUSTOM not available AbstractID CUSTOM = AA13doafh812137865566
 @State ConcreteID = SChb0c1c2831854391749 AbstractID = SRe32o5a26e2633932090
 ConcreteID CUSTOM = SCux21lg280982753399 AbstractID CUSTOM = SA1k5fqj12813423824705

	ROLE = LeftClickAt
	TARGET =
		WIDGET = WC18ptibf211177231858, WR1e04pz3e358922214, WT1e04pz3e358922214, WPsy0gqx1d809521896
		ROLE = UIASplitButton
		TITLE = 
		SHAPE = Rect [x:1148.0 y:401.0 w:23.0 h:22.0]
		CHILDREN = 0
		PATH = [0, 1, 0, 0, 1]
	DESCRIPTION = Left Click at ''
	TEXT = Compound Action =
		Move mouse to (1159.5, 412.0).
		Press Mouse Button BUTTON1
		Release Mouse Button BUTTON1

ExecutedAction [59]: 
 @Action ConcreteID = ACvzsqw8802973638062 AbstractID = AAvzsqw8802973638062
 ConcreteID CUSTOM = ConcreteID CUSTOM not available AbstractID CUSTOM = AA1juv8vp7f2739220327
 @State ConcreteID = SC1ev5hjr2c24151830246 AbstractID = SRgyy8ln2aa2585708128
 ConcreteID CUSTOM = SC14ye5zp2bf1986190721 AbstractID CUSTOM = SA322rnv2c03552657091

	ROLE = LeftClickAt
	TARGET =
		WIDGET = WC1kw8wh024732654283, WR1e04pz3e358922214, WT1e04pz3e358922214, WP1egy3ti203832078078
		ROLE = UIASplitButton
		TITLE = 
		SHAPE = Rect [x:831.0 y:423.0 w:180.0 h:326.0]
		CHILDREN = 3
		PATH = [0, 1, 0, 0, 3, 1]
	DESCRIPTION = Left Click at ''
	TEXT = Compound Action =
		Move mouse to (921.0, 586.0).
		Press Mouse Button BUTTON1
		Release Mouse Button BUTTON1

ExecutedAction [60]: 
 @Action ConcreteID = ACyuy34n801298954465 AbstractID = AAyuy34n801298954465
 ConcreteID CUSTOM = ConcreteID CUSTOM not available AbstractID CUSTOM = AA1mq0l447f1595361832
 @State ConcreteID = SC1ev5hjr2c24151830246 AbstractID = SRgyy8ln2aa2585708128
 ConcreteID CUSTOM = SC14ye5zp2bf1986190721 AbstractID CUSTOM = SA322rnv2c03552657091

	ROLE = LeftClickAt
	TARGET =
		WIDGET = WC17r8t0t201747801787, WR4na8ob72534219213, WT4na8ob72534219213, WP1gfvs571c3586963842
		ROLE = UIATree
		TITLE = 
		SHAPE = Rect [x:831.0 y:423.0 w:180.0 h:193.0]
		CHILDREN = 8
		PATH = [0, 1, 0, 0, 3, 1, 1]
	DESCRIPTION = Left Click at ''
	TEXT = Compound Action =
		Move mouse to (921.0, 519.5).
		Press Mouse Button BUTTON1
		Release Mouse Button BUTTON1

ExecutedAction [61]: 
 @Action ConcreteID = AC1w7mzvye2723663597 AbstractID = AAyw0bded63296069498
 ConcreteID CUSTOM = ConcreteID CUSTOM not available AbstractID CUSTOM = AAquxyscd52216845758
 @State ConcreteID = SC1pw6b022c21556027664 AbstractID = SRgyy8ln2aa2585708128
 ConcreteID CUSTOM = SC1tnwbw62bf2675428691 AbstractID CUSTOM = SA322rnv2c03552657091

	ROLE = ClickTypeInto
	TARGET =
		WIDGET = WC17hjsn61a981401220, WR4n0dlj72701565195, WT4n0dlj72701565195, WP19ts780163989727666
		ROLE = UIAEdit
		TITLE = 
		SHAPE = Rect [x:1181.0 y:402.0 w:250.0 h:20.0]
		CHILDREN = 1
		PATH = [0, 1, 0, 0, 2]
	DESCRIPTION = Type 'COM3' into '
	TEXT = Compound Action =
		Compound Action =
		Move mouse to (1306.0, 412.0).
		Press Mouse Button BUTTON1
		Release Mouse Button BUTTON1
		Press Key 17
		Press Key 65
		Release Key 65
		Release Key 17
		Type text 'COM3'

ExecutedAction [62]: 
 @Action ConcreteID = AC10itzpq813653487209 AbstractID = AA10itzpq813653487209
 ConcreteID CUSTOM = ConcreteID CUSTOM not available AbstractID CUSTOM = AA10hc6x0801187901428
 @State ConcreteID = SC1pw6b022c21556027664 AbstractID = SRgyy8ln2aa2585708128
 ConcreteID CUSTOM = SC1tnwbw62bf2675428691 AbstractID CUSTOM = SA322rnv2c03552657091

	ROLE = LeftClickAt
	TARGET =
		WIDGET = WC18ptibf211177231858, WR1e04pz3e358922214, WT1e04pz3e358922214, WPsy0gqx1d809521896
		ROLE = UIASplitButton
		TITLE = 
		SHAPE = Rect [x:1148.0 y:401.0 w:23.0 h:22.0]
		CHILDREN = 0
		PATH = [0, 1, 0, 0, 1]
	DESCRIPTION = Left Click at ''
	TEXT = Compound Action =
		Move mouse to (1159.5, 412.0).
		Press Mouse Button BUTTON1
		Release Mouse Button BUTTON1

ExecutedAction [63]: 
 @Action ConcreteID = AC1ca4og97f1767131277 AbstractID = AA1ca4og97f1767131277
 ConcreteID CUSTOM = ConcreteID CUSTOM not available AbstractID CUSTOM = AAn1l47880712655438
 @State ConcreteID = SC1oykwtx283190198263 AbstractID = SRe32o5a26e2633932090
 ConcreteID CUSTOM = SC1ckbvwz2803570995740 AbstractID CUSTOM = SA1k5fqj12813423824705

	ROLE = LeftClickAt
	TARGET =
		WIDGET = WCi037gi27278574170, WR5quxi6b4097176690, WT5quxi6b4097176690, WPevq44232436731124
		ROLE = UIATreeItem
		TITLE = 
		SHAPE = Rect [x:836.0 y:471.0 w:158.0 h:26.0]
		CHILDREN = 0
		PATH = [0, 1, 0, 0, 3, 1, 1, 2]
	DESCRIPTION = Left Click at ''
	TEXT = Compound Action =
		Move mouse to (915.0, 484.0).
		Press Mouse Button BUTTON1
		Release Mouse Button BUTTON1

ExecutedAction [64]: 
 @Action ConcreteID = AC1j90qp07f4033153640 AbstractID = AA1j90qp07f4033153640
 ConcreteID CUSTOM = ConcreteID CUSTOM not available AbstractID CUSTOM = AAujrpob7f3827470038
 @State ConcreteID = SCmboywy2ab1588630562 AbstractID = SR1tlwoei2942871804156
 ConcreteID CUSTOM = SCdq94cq2a93339620337 AbstractID CUSTOM = SA1i7yt4h2a9320519397

	ROLE = LeftClickAt
	TARGET =
		WIDGET = WCi037kt271844264991, WR5quxi6b4097176690, WT5quxi6b4097176690, WPevq8f233964298417
		ROLE = UIATreeItem
		TITLE = 
		SHAPE = Rect [x:831.0 y:597.0 w:163.0 h:22.0]
		CHILDREN = 0
		PATH = [0, 1, 0, 0, 3, 1, 1, 7]
	DESCRIPTION = Left Click at ''
	TEXT = Compound Action =
		Move mouse to (912.5, 608.0).
		Press Mouse Button BUTTON1
		Release Mouse Button BUTTON1

ExecutedAction [65]: 
 @Action ConcreteID = AC1h6awxp7f2956787121 AbstractID = AA1h6awxp7f2956787121
 ConcreteID CUSTOM = ConcreteID CUSTOM not available AbstractID CUSTOM = AAsh1vx07f2759555343
 @State ConcreteID = SCmboywy2ab1588630562 AbstractID = SR1tlwoei2942871804156
 ConcreteID CUSTOM = SCdq94cq2a93339620337 AbstractID CUSTOM = SA1i7yt4h2a9320519397

	ROLE = LeftClickAt
	TARGET =
		WIDGET = WCi037es27581752536, WR5quxi6b4097176690, WT5quxi6b4097176690, WPevq2e232735469174
		ROLE = UIATreeItem
		TITLE = 
		SHAPE = Rect [x:831.0 y:423.0 w:163.0 h:26.0]
		CHILDREN = 0
		PATH = [0, 1, 0, 0, 3, 1, 1, 0]
	DESCRIPTION = Left Click at ''
	TEXT = Compound Action =
		Move mouse to (912.5, 436.0).
		Press Mouse Button BUTTON1
		Release Mouse Button BUTTON1

ExecutedAction [66]: 
 @Action ConcreteID = AC1qcdq1n802038883230 AbstractID = AA1qcdq1n802038883230
 ConcreteID CUSTOM = ConcreteID CUSTOM not available AbstractID CUSTOM = AArf2lo804052000273
 @State ConcreteID = SC1nidbs22842655031015 AbstractID = SRe32o5a26e2633932090
 ConcreteID CUSTOM = SCql6i9w28093675046 AbstractID CUSTOM = SA1k5fqj12813423824705

	ROLE = LeftClickAt
	TARGET =
		WIDGET = WCpr0t823560971365, WR10fgh33101836453781, WT10fgh33101836453781, WP13j4kve1f3550184071
		ROLE = UIACustomControl
		TITLE = 
		SHAPE = Rect [x:831.0 y:401.0 w:307.0 h:22.0]
		CHILDREN = 1
		PATH = [0, 1, 0, 0, 0]
	DESCRIPTION = Left Click at ''
	TEXT = Compound Action =
		Move mouse to (984.5, 412.0).
		Press Mouse Button BUTTON1
		Release Mouse Button BUTTON1

ExecutedAction [67]: 
 @Action ConcreteID = ACulgzum8148406930 AbstractID = AAulgzum8148406930
 ConcreteID CUSTOM = ConcreteID CUSTOM not available AbstractID CUSTOM = AA13doafh812137865566
 @State ConcreteID = SC1nidbs22842655031015 AbstractID = SRe32o5a26e2633932090
 ConcreteID CUSTOM = SCql6i9w28093675046 AbstractID CUSTOM = SA1k5fqj12813423824705

	ROLE = LeftClickAt
	TARGET =
		WIDGET = WC18ptibf211177231858, WR1e04pz3e358922214, WT1e04pz3e358922214, WPsy0gqx1d809521896
		ROLE = UIASplitButton
		TITLE = 
		SHAPE = Rect [x:1148.0 y:401.0 w:23.0 h:22.0]
		CHILDREN = 0
		PATH = [0, 1, 0, 0, 1]
	DESCRIPTION = Left Click at ''
	TEXT = Compound Action =
		Move mouse to (1159.5, 412.0).
		Press Mouse Button BUTTON1
		Release Mouse Button BUTTON1

ExecutedAction [68]: 
 @Action ConcreteID = ACs66ltn802284206603 AbstractID = AAs66ltn802284206603
 ConcreteID CUSTOM = ConcreteID CUSTOM not available AbstractID CUSTOM = AA11mc0cs802377604
 @State ConcreteID = SC1nidbs22842655031015 AbstractID = SRe32o5a26e2633932090
 ConcreteID CUSTOM = SCql6i9w28093675046 AbstractID CUSTOM = SA1k5fqj12813423824705

	ROLE = LeftClickAt
	TARGET =
		WIDGET = WC1kw8wh024732654283, WR1e04pz3e358922214, WT1e04pz3e358922214, WP1egy3ti203832078078
		ROLE = UIASplitButton
		TITLE = 
		SHAPE = Rect [x:831.0 y:423.0 w:180.0 h:326.0]
		CHILDREN = 3
		PATH = [0, 1, 0, 0, 3, 1]
	DESCRIPTION = Left Click at ''
	TEXT = Compound Action =
		Move mouse to (921.0, 586.0).
		Press Mouse Button BUTTON1
		Release Mouse Button BUTTON1

ExecutedAction [69]: 
 @Action ConcreteID = AC96gif47f3678933142 AbstractID = AA96gif47f3678933142
 ConcreteID CUSTOM = ConcreteID CUSTOM not available AbstractID CUSTOM = AA14hhcl7804235600587
 @State ConcreteID = SChb0c1c2831854391749 AbstractID = SRe32o5a26e2633932090
 ConcreteID CUSTOM = SCux21lg280982753399 AbstractID CUSTOM = SA1k5fqj12813423824705

	ROLE = LeftClickAt
	TARGET =
		WIDGET = WC17r8t0t201747801787, WR4na8ob72534219213, WT4na8ob72534219213, WP1gfvs571c3586963842
		ROLE = UIATree
		TITLE = 
		SHAPE = Rect [x:831.0 y:423.0 w:180.0 h:193.0]
		CHILDREN = 8
		PATH = [0, 1, 0, 0, 3, 1, 1]
	DESCRIPTION = Left Click at ''
	TEXT = Compound Action =
		Move mouse to (921.0, 519.5).
		Press Mouse Button BUTTON1
		Release Mouse Button BUTTON1

ExecutedAction [70]: 
 @Action ConcreteID = AC14ea4h4802101575774 AbstractID = AA14ea4h4802101575774
 ConcreteID CUSTOM = ConcreteID CUSTOM not available AbstractID CUSTOM = AA13doafh812137865566
 @State ConcreteID = SC1oykwtx283190198263 AbstractID = SRe32o5a26e2633932090
 ConcreteID CUSTOM = SC1ckbvwz2803570995740 AbstractID CUSTOM = SA1k5fqj12813423824705

	ROLE = LeftClickAt
	TARGET =
		WIDGET = WC18ptibf211177231858, WR1e04pz3e358922214, WT1e04pz3e358922214, WPsy0gqx1d809521896
		ROLE = UIASplitButton
		TITLE = 
		SHAPE = Rect [x:1148.0 y:401.0 w:23.0 h:22.0]
		CHILDREN = 0
		PATH = [0, 1, 0, 0, 1]
	DESCRIPTION = Left Click at ''
	TEXT = Compound Action =
		Move mouse to (1159.5, 412.0).
		Press Mouse Button BUTTON1
		Release Mouse Button BUTTON1

ExecutedAction [71]: 
 @Action ConcreteID = ACxidfpz813492846278 AbstractID = AAxidfpz813492846278
 ConcreteID CUSTOM = ConcreteID CUSTOM not available AbstractID CUSTOM = AAxgvmx9801329512283
 @State ConcreteID = SC1pw6b022c21556027664 AbstractID = SRgyy8ln2aa2585708128
 ConcreteID CUSTOM = SC1tnwbw62bf2675428691 AbstractID CUSTOM = SA322rnv2c03552657091

	ROLE = LeftClickAt
	TARGET =
		WIDGET = WC18ptid5211948074864, WR1e04pz3e358922214, WT1e04pz3e358922214, WPsy0gsn1d41300074
		ROLE = UIASplitButton
		TITLE = 
		SHAPE = Rect [x:831.0 y:423.0 w:600.0 h:326.0]
		CHILDREN = 3
		PATH = [0, 1, 0, 0, 3]
	DESCRIPTION = Left Click at ''
	TEXT = Compound Action =
		Move mouse to (1131.0, 586.0).
		Press Mouse Button BUTTON1
		Release Mouse Button BUTTON1

ExecutedAction [72]: 
 @Action ConcreteID = ACttqc6b80953815787 AbstractID = AAttqc6b80953815787
 ConcreteID CUSTOM = ConcreteID CUSTOM not available AbstractID CUSTOM = AA15a4cq57f2300258989
 @State ConcreteID = SC1pw6b022c21556027664 AbstractID = SRgyy8ln2aa2585708128
 ConcreteID CUSTOM = SC1tnwbw62bf2675428691 AbstractID CUSTOM = SA322rnv2c03552657091

	ROLE = LeftClickAt
	TARGET =
		WIDGET = WCi037gi27278574170, WR5quxi6b4097176690, WT5quxi6b4097176690, WPevq44232436731124
		ROLE = UIATreeItem
		TITLE = 
		SHAPE = Rect [x:836.0 y:471.0 w:158.0 h:26.0]
		CHILDREN = 0
		PATH = [0, 1, 0, 0, 3, 1, 1, 2]
	DESCRIPTION = Left Click at ''
	TEXT = Compound Action =
		Move mouse to (915.0, 484.0).
		Press Mouse Button BUTTON1
		Release Mouse Button BUTTON1

ExecutedAction [73]: 
 @Action ConcreteID = ACd4op5s7f3875386423 AbstractID = AAd4op5s7f3875386423
 ConcreteID CUSTOM = ConcreteID CUSTOM not available AbstractID CUSTOM = AA4g9e4c7f758125263
 @State ConcreteID = SC1pphlng326845358857 AbstractID = SR18l0hk93092934833442
 ConcreteID CUSTOM = SCljnunh3231354781755 AbstractID CUSTOM = SAkwkvyk3231630744338

	ROLE = LeftClickAt
	TARGET =
		WIDGET = WCi037i8271186993116, WR5quxi6b4097176690, WT5quxi6b4097176690, WPevq5u233345430386
		ROLE = UIATreeItem
		TITLE = 
		SHAPE = Rect [x:836.0 y:523.0 w:158.0 h:26.0]
		CHILDREN = 0
		PATH = [0, 1, 0, 0, 3, 1, 1, 4]
	DESCRIPTION = Left Click at ''
	TEXT = Compound Action =
		Move mouse to (915.0, 536.0).
		Press Mouse Button BUTTON1
		Release Mouse Button BUTTON1

ExecutedAction [74]: 
 @Action ConcreteID = AC1a11xgq801374237407 AbstractID = AA1a11xgq801374237407
 ConcreteID CUSTOM = ConcreteID CUSTOM not available AbstractID CUSTOM = AAy52nxm7f3647413267
 @State ConcreteID = SC1erz60x2c31400562557 AbstractID = SRgyy8ln2aa2585708128
 ConcreteID CUSTOM = SC1f0o2xs2c0530022852 AbstractID CUSTOM = SA322rnv2c03552657091

	ROLE = LeftClickAt
	TARGET =
		WIDGET = WCi037j3271608196765, WR5quxi6b4097176690, WT5quxi6b4097176690, WPevq6p233732670003
		ROLE = UIATreeItem
		TITLE = 
		SHAPE = Rect [x:831.0 y:549.0 w:163.0 h:22.0]
		CHILDREN = 0
		PATH = [0, 1, 0, 0, 3, 1, 1, 5]
	DESCRIPTION = Left Click at ''
	TEXT = Compound Action =
		Move mouse to (912.5, 560.0).
		Press Mouse Button BUTTON1
		Release Mouse Button BUTTON1

ExecutedAction [75]: 
 @Action ConcreteID = AC14m28pe80933988786 AbstractID = AA14m28pe80933988786
 ConcreteID CUSTOM = ConcreteID CUSTOM not available AbstractID CUSTOM = AAsq2z6a7f3206915966
 @State ConcreteID = SC1erz60x2c31400562557 AbstractID = SRgyy8ln2aa2585708128
 ConcreteID CUSTOM = SC1f0o2xs2c0530022852 AbstractID CUSTOM = SA322rnv2c03552657091

	ROLE = LeftClickAt
	TARGET =
		WIDGET = WCi037es27581752536, WR5quxi6b4097176690, WT5quxi6b4097176690, WPevq2e232735469174
		ROLE = UIATreeItem
		TITLE = 
		SHAPE = Rect [x:831.0 y:423.0 w:163.0 h:26.0]
		CHILDREN = 0
		PATH = [0, 1, 0, 0, 3, 1, 1, 0]
	DESCRIPTION = Left Click at ''
	TEXT = Compound Action =
		Move mouse to (912.5, 436.0).
		Press Mouse Button BUTTON1
		Release Mouse Button BUTTON1

ExecutedAction [76]: 
 @Action ConcreteID = ACiu35bf812503582832 AbstractID = AAiu35bf812503582832
 ConcreteID CUSTOM = ConcreteID CUSTOM not available AbstractID CUSTOM = AAxgvmx9801329512283
 @State ConcreteID = SC1lmn36t2c31727519176 AbstractID = SRgyy8ln2aa2585708128
 ConcreteID CUSTOM = SC1rw9zl12bf4087702830 AbstractID CUSTOM = SA322rnv2c03552657091

	ROLE = LeftClickAt
	TARGET =
		WIDGET = WC18ptid5211948074864, WR1e04pz3e358922214, WT1e04pz3e358922214, WPsy0gsn1d41300074
		ROLE = UIASplitButton
		TITLE = 
		SHAPE = Rect [x:831.0 y:423.0 w:600.0 h:326.0]
		CHILDREN = 3
		PATH = [0, 1, 0, 0, 3]
	DESCRIPTION = Left Click at ''
	TEXT = Compound Action =
		Move mouse to (1131.0, 586.0).
		Press Mouse Button BUTTON1
		Release Mouse Button BUTTON1

ExecutedAction [77]: 
 @Action ConcreteID = AC1els94n80893783449 AbstractID = AA1els94n80893783449
 ConcreteID CUSTOM = ConcreteID CUSTOM not available AbstractID CUSTOM = AAizyb4l7f1390802674
 @State ConcreteID = SC1lmn36t2c31727519176 AbstractID = SRgyy8ln2aa2585708128
 ConcreteID CUSTOM = SC1rw9zl12bf4087702830 AbstractID CUSTOM = SA322rnv2c03552657091

	ROLE = LeftClickAt
	TARGET =
		WIDGET = WCpr0t823560971365, WR10fgh33101836453781, WT10fgh33101836453781, WP13j4kve1f3550184071
		ROLE = UIACustomControl
		TITLE = 
		SHAPE = Rect [x:831.0 y:401.0 w:307.0 h:22.0]
		CHILDREN = 1
		PATH = [0, 1, 0, 0, 0]
	DESCRIPTION = Left Click at ''
	TEXT = Compound Action =
		Move mouse to (984.5, 412.0).
		Press Mouse Button BUTTON1
		Release Mouse Button BUTTON1

ExecutedAction [78]: 
 @Action ConcreteID = ACrfyjxe814263118424 AbstractID = AArfyjxe814263118424
 ConcreteID CUSTOM = ConcreteID CUSTOM not available AbstractID CUSTOM = AA162r1j880605887859
 @State ConcreteID = SC1lmn36t2c31727519176 AbstractID = SRgyy8ln2aa2585708128
 ConcreteID CUSTOM = SC1rw9zl12bf4087702830 AbstractID CUSTOM = SA322rnv2c03552657091

	ROLE = LeftClickAt
	TARGET =
		WIDGET = WC3x1z9261894043508, WR10fgh33101836453781, WT10fgh33101836453781, WP1jxb6wn22329352370
		ROLE = UIACustomControl
		TITLE = 
		SHAPE = Rect [x:1016.0 y:423.0 w:415.0 h:326.0]
		CHILDREN = 1
		PATH = [0, 1, 0, 0, 3, 0]
	DESCRIPTION = Left Click at ''
	TEXT = Compound Action =
		Move mouse to (1223.5, 586.0).
		Press Mouse Button BUTTON1
		Release Mouse Button BUTTON1

ExecutedAction [79]: 
 @Action ConcreteID = ACmgaxw7802533925971 AbstractID = AAmgaxw7802533925971
 ConcreteID CUSTOM = ConcreteID CUSTOM not available AbstractID CUSTOM = AA1pvl1v97f4037762872
 @State ConcreteID = SC1lmn36t2c31727519176 AbstractID = SRgyy8ln2aa2585708128
 ConcreteID CUSTOM = SC1rw9zl12bf4087702830 AbstractID CUSTOM = SA322rnv2c03552657091

	ROLE = LeftClickAt
	TARGET =
		WIDGET = WC1uey2xv2c2061293495, WR1h6ibpb92248851252, WTumhn1c1632149326, WPt35gt128858546360
		ROLE = UIAButton
		TITLE = Media Library
		SHAPE = Rect [x:831.0 y:401.0 w:87.0 h:22.0]
		CHILDREN = 0
		PATH = [0, 1, 0, 0, 0, 0]
	DESCRIPTION = Left Click at 'Media Library'
	TEXT = Compound Action =
		Move mouse to (874.5, 412.0).
		Press Mouse Button BUTTON1
		Release Mouse Button BUTTON1

ExecutedAction [80]: 
 @Action ConcreteID = ACiu35bf812503582832 AbstractID = AAiu35bf812503582832
 ConcreteID CUSTOM = ConcreteID CUSTOM not available AbstractID CUSTOM = AAxgvmx9801329512283
 @State ConcreteID = SC1lmn36t2c31727519176 AbstractID = SRgyy8ln2aa2585708128
 ConcreteID CUSTOM = SC1rw9zl12bf4087702830 AbstractID CUSTOM = SA322rnv2c03552657091

	ROLE = LeftClickAt
	TARGET =
		WIDGET = WC18ptid5211948074864, WR1e04pz3e358922214, WT1e04pz3e358922214, WPsy0gsn1d41300074
		ROLE = UIASplitButton
		TITLE = 
		SHAPE = Rect [x:831.0 y:423.0 w:600.0 h:326.0]
		CHILDREN = 3
		PATH = [0, 1, 0, 0, 3]
	DESCRIPTION = Left Click at ''
	TEXT = Compound Action =
		Move mouse to (1131.0, 586.0).
		Press Mouse Button BUTTON1
		Release Mouse Button BUTTON1

ExecutedAction [81]: 
 @Action ConcreteID = AC1tqwlxo803200575352 AbstractID = AA1tqwlxo803200575352
 ConcreteID CUSTOM = ConcreteID CUSTOM not available AbstractID CUSTOM = AAy52nxm7f3647413267
 @State ConcreteID = SC1lmn36t2c31727519176 AbstractID = SRgyy8ln2aa2585708128
 ConcreteID CUSTOM = SC1rw9zl12bf4087702830 AbstractID CUSTOM = SA322rnv2c03552657091

	ROLE = LeftClickAt
	TARGET =
		WIDGET = WCi037j3271608196765, WR5quxi6b4097176690, WT5quxi6b4097176690, WPevq6p233732670003
		ROLE = UIATreeItem
		TITLE = 
		SHAPE = Rect [x:831.0 y:549.0 w:163.0 h:22.0]
		CHILDREN = 0
		PATH = [0, 1, 0, 0, 3, 1, 1, 5]
	DESCRIPTION = Left Click at ''
	TEXT = Compound Action =
		Move mouse to (912.5, 560.0).
		Press Mouse Button BUTTON1
		Release Mouse Button BUTTON1

ExecutedAction [82]: 
 @Action ConcreteID = ACmgaxw7802533925971 AbstractID = AAmgaxw7802533925971
 ConcreteID CUSTOM = ConcreteID CUSTOM not available AbstractID CUSTOM = AA1pvl1v97f4037762872
 @State ConcreteID = SC1lmn36t2c31727519176 AbstractID = SRgyy8ln2aa2585708128
 ConcreteID CUSTOM = SC1rw9zl12bf4087702830 AbstractID CUSTOM = SA322rnv2c03552657091

	ROLE = LeftClickAt
	TARGET =
		WIDGET = WC1uey2xv2c2061293495, WR1h6ibpb92248851252, WTumhn1c1632149326, WPt35gt128858546360
		ROLE = UIAButton
		TITLE = Media Library
		SHAPE = Rect [x:831.0 y:401.0 w:87.0 h:22.0]
		CHILDREN = 0
		PATH = [0, 1, 0, 0, 0, 0]
	DESCRIPTION = Left Click at 'Media Library'
	TEXT = Compound Action =
		Move mouse to (874.5, 412.0).
		Press Mouse Button BUTTON1
		Release Mouse Button BUTTON1

ExecutedAction [83]: 
 @Action ConcreteID = AC1iag9o780664100680 AbstractID = AA1iag9o780664100680
 ConcreteID CUSTOM = ConcreteID CUSTOM not available AbstractID CUSTOM = AAmombo57f1077322787
 @State ConcreteID = SC1lmn36t2c31727519176 AbstractID = SRgyy8ln2aa2585708128
 ConcreteID CUSTOM = SC1rw9zl12bf4087702830 AbstractID CUSTOM = SA322rnv2c03552657091

	ROLE = LeftClickAt
	TARGET =
		WIDGET = WCi037i8271186993116, WR5quxi6b4097176690, WT5quxi6b4097176690, WPevq5u233345430386
		ROLE = UIATreeItem
		TITLE = 
		SHAPE = Rect [x:836.0 y:523.0 w:158.0 h:26.0]
		CHILDREN = 0
		PATH = [0, 1, 0, 0, 3, 1, 1, 4]
	DESCRIPTION = Left Click at ''
	TEXT = Compound Action =
		Move mouse to (915.0, 536.0).
		Press Mouse Button BUTTON1
		Release Mouse Button BUTTON1

ExecutedAction [84]: 
 @Action ConcreteID = AC16os2gp802012380779 AbstractID = AA16os2gp802012380779
 ConcreteID CUSTOM = ConcreteID CUSTOM not available AbstractID CUSTOM = AAusssxl7f4286337191
 @State ConcreteID = SC1erz60x2c31400562557 AbstractID = SRgyy8ln2aa2585708128
 ConcreteID CUSTOM = SC1f0o2xs2c0530022852 AbstractID CUSTOM = SA322rnv2c03552657091

	ROLE = LeftClickAt
	TARGET =
		WIDGET = WCi037kt271844264991, WR5quxi6b4097176690, WT5quxi6b4097176690, WPevq8f233964298417
		ROLE = UIATreeItem
		TITLE = 
		SHAPE = Rect [x:831.0 y:597.0 w:163.0 h:22.0]
		CHILDREN = 0
		PATH = [0, 1, 0, 0, 3, 1, 1, 7]
	DESCRIPTION = Left Click at ''
	TEXT = Compound Action =
		Move mouse to (912.5, 608.0).
		Press Mouse Button BUTTON1
		Release Mouse Button BUTTON1

ExecutedAction [85]: 
 @Action ConcreteID = ACf8kl2l812505553357 AbstractID = AAf8kl2l812505553357
 ConcreteID CUSTOM = ConcreteID CUSTOM not available AbstractID CUSTOM = AA1urnhp80118338936
 @State ConcreteID = SC1erz60x2c31400562557 AbstractID = SRgyy8ln2aa2585708128
 ConcreteID CUSTOM = SC1f0o2xs2c0530022852 AbstractID CUSTOM = SA322rnv2c03552657091

	ROLE = LeftClickAt
	TARGET =
		WIDGET = WC16jbmf61a1096834832, WR10fgh33101836453781, WT10fgh33101836453781, WP1guga7o163055823518
		ROLE = UIACustomControl
		TITLE = 
		SHAPE = Rect [x:831.0 y:398.0 w:600.0 h:354.0]
		CHILDREN = 1
		PATH = [0, 1]
	DESCRIPTION = Left Click at ''
	TEXT = Compound Action =
		Move mouse to (1131.0, 575.0).
		Press Mouse Button BUTTON1
		Release Mouse Button BUTTON1

ExecutedAction [86]: 
 @Action ConcreteID = AC3pl8xa802172606087 AbstractID = AA3pl8xa802172606087
 ConcreteID CUSTOM = ConcreteID CUSTOM not available AbstractID CUSTOM = AA1quq1da7f166819915
 @State ConcreteID = SC1erz60x2c31400562557 AbstractID = SRgyy8ln2aa2585708128
 ConcreteID CUSTOM = SC1f0o2xs2c0530022852 AbstractID CUSTOM = SA322rnv2c03552657091

	ROLE = LeftClickAt
	TARGET =
		WIDGET = WCi037jy271962307934, WR5quxi6b4097176690, WT5quxi6b4097176690, WPevq7k234115748336
		ROLE = UIATreeItem
		TITLE = 
		SHAPE = Rect [x:836.0 y:571.0 w:158.0 h:26.0]
		CHILDREN = 0
		PATH = [0, 1, 0, 0, 3, 1, 1, 6]
	DESCRIPTION = Left Click at ''
	TEXT = Compound Action =
		Move mouse to (915.0, 584.0).
		Press Mouse Button BUTTON1
		Release Mouse Button BUTTON1

ExecutedAction [87]: 
 @Action ConcreteID = ACaa05y5803407621850 AbstractID = AAaa05y5803407621850
 ConcreteID CUSTOM = ConcreteID CUSTOM not available AbstractID CUSTOM = AAy52nxm7f3647413267
 @State ConcreteID = SC1ev5hjr2c24151830246 AbstractID = SRgyy8ln2aa2585708128
 ConcreteID CUSTOM = SC14ye5zp2bf1986190721 AbstractID CUSTOM = SA322rnv2c03552657091

	ROLE = LeftClickAt
	TARGET =
		WIDGET = WCi037j3271608196765, WR5quxi6b4097176690, WT5quxi6b4097176690, WPevq6p233732670003
		ROLE = UIATreeItem
		TITLE = 
		SHAPE = Rect [x:831.0 y:549.0 w:163.0 h:22.0]
		CHILDREN = 0
		PATH = [0, 1, 0, 0, 3, 1, 1, 5]
	DESCRIPTION = Left Click at ''
	TEXT = Compound Action =
		Move mouse to (912.5, 560.0).
		Press Mouse Button BUTTON1
		Release Mouse Button BUTTON1

ExecutedAction [88]: 
 @Action ConcreteID = AC6xqay4803976684142 AbstractID = AA6xqay4803976684142
 ConcreteID CUSTOM = ConcreteID CUSTOM not available AbstractID CUSTOM = AAusssxl7f4286337191
 @State ConcreteID = SC1ev5hjr2c24151830246 AbstractID = SRgyy8ln2aa2585708128
 ConcreteID CUSTOM = SC14ye5zp2bf1986190721 AbstractID CUSTOM = SA322rnv2c03552657091

	ROLE = LeftClickAt
	TARGET =
		WIDGET = WCi037kt271844264991, WR5quxi6b4097176690, WT5quxi6b4097176690, WPevq8f233964298417
		ROLE = UIATreeItem
		TITLE = 
		SHAPE = Rect [x:831.0 y:597.0 w:163.0 h:22.0]
		CHILDREN = 0
		PATH = [0, 1, 0, 0, 3, 1, 1, 7]
	DESCRIPTION = Left Click at ''
	TEXT = Compound Action =
		Move mouse to (912.5, 608.0).
		Press Mouse Button BUTTON1
		Release Mouse Button BUTTON1

ExecutedAction [89]: 
 @Action ConcreteID = AC6xqay4803976684142 AbstractID = AA6xqay4803976684142
 ConcreteID CUSTOM = ConcreteID CUSTOM not available AbstractID CUSTOM = AAusssxl7f4286337191
 @State ConcreteID = SC1ev5hjr2c24151830246 AbstractID = SRgyy8ln2aa2585708128
 ConcreteID CUSTOM = SC14ye5zp2bf1986190721 AbstractID CUSTOM = SA322rnv2c03552657091

	ROLE = LeftClickAt
	TARGET =
		WIDGET = WCi037kt271844264991, WR5quxi6b4097176690, WT5quxi6b4097176690, WPevq8f233964298417
		ROLE = UIATreeItem
		TITLE = 
		SHAPE = Rect [x:831.0 y:597.0 w:163.0 h:22.0]
		CHILDREN = 0
		PATH = [0, 1, 0, 0, 3, 1, 1, 7]
	DESCRIPTION = Left Click at ''
	TEXT = Compound Action =
		Move mouse to (912.5, 608.0).
		Press Mouse Button BUTTON1
		Release Mouse Button BUTTON1

ExecutedAction [90]: 
 @Action ConcreteID = AC40up4q812912206461 AbstractID = AA40up4q812912206461
 ConcreteID CUSTOM = ConcreteID CUSTOM not available AbstractID CUSTOM = AAxgvmx9801329512283
 @State ConcreteID = SC1ev5hjr2c24151830246 AbstractID = SRgyy8ln2aa2585708128
 ConcreteID CUSTOM = SC14ye5zp2bf1986190721 AbstractID CUSTOM = SA322rnv2c03552657091

	ROLE = LeftClickAt
	TARGET =
		WIDGET = WC18ptid5211948074864, WR1e04pz3e358922214, WT1e04pz3e358922214, WPsy0gsn1d41300074
		ROLE = UIASplitButton
		TITLE = 
		SHAPE = Rect [x:831.0 y:423.0 w:600.0 h:326.0]
		CHILDREN = 3
		PATH = [0, 1, 0, 0, 3]
	DESCRIPTION = Left Click at ''
	TEXT = Compound Action =
		Move mouse to (1131.0, 586.0).
		Press Mouse Button BUTTON1
		Release Mouse Button BUTTON1

ExecutedAction [91]: 
 @Action ConcreteID = AC1px2jhm80859517325 AbstractID = AA1px2jhm80859517325
 ConcreteID CUSTOM = ConcreteID CUSTOM not available AbstractID CUSTOM = AAer0zhz7f557843268
 @State ConcreteID = SC1ev5hjr2c24151830246 AbstractID = SRgyy8ln2aa2585708128
 ConcreteID CUSTOM = SC14ye5zp2bf1986190721 AbstractID CUSTOM = SA322rnv2c03552657091

	ROLE = LeftClickAt
	TARGET =
		WIDGET = WCv6xhs2243888564104, WR1h6ibpb92248851252, WT1ucrw1re2380957031, WPsgysac202939635299
		ROLE = UIAButton
		TITLE = Discs
		SHAPE = Rect [x:831.0 y:401.0 w:39.0 h:22.0]
		CHILDREN = 0
		PATH = [0, 1, 0, 0, 0, 0]
	DESCRIPTION = Left Click at 'Discs'
	TEXT = Compound Action =
		Move mouse to (850.5, 412.0).
		Press Mouse Button BUTTON1
		Release Mouse Button BUTTON1

ExecutedAction [92]: 
 @Action ConcreteID = AC6xqay4803976684142 AbstractID = AA6xqay4803976684142
 ConcreteID CUSTOM = ConcreteID CUSTOM not available AbstractID CUSTOM = AAusssxl7f4286337191
 @State ConcreteID = SC1ev5hjr2c24151830246 AbstractID = SRgyy8ln2aa2585708128
 ConcreteID CUSTOM = SC14ye5zp2bf1986190721 AbstractID CUSTOM = SA322rnv2c03552657091

	ROLE = LeftClickAt
	TARGET =
		WIDGET = WCi037kt271844264991, WR5quxi6b4097176690, WT5quxi6b4097176690, WPevq8f233964298417
		ROLE = UIATreeItem
		TITLE = 
		SHAPE = Rect [x:831.0 y:597.0 w:163.0 h:22.0]
		CHILDREN = 0
		PATH = [0, 1, 0, 0, 3, 1, 1, 7]
	DESCRIPTION = Left Click at ''
	TEXT = Compound Action =
		Move mouse to (912.5, 608.0).
		Press Mouse Button BUTTON1
		Release Mouse Button BUTTON1

ExecutedAction [93]: 
 @Action ConcreteID = AC17furoa813852973150 AbstractID = AA17furoa813852973150
 ConcreteID CUSTOM = ConcreteID CUSTOM not available AbstractID CUSTOM = AA1urnhp80118338936
 @State ConcreteID = SC1ev5hjr2c24151830246 AbstractID = SRgyy8ln2aa2585708128
 ConcreteID CUSTOM = SC14ye5zp2bf1986190721 AbstractID CUSTOM = SA322rnv2c03552657091

	ROLE = LeftClickAt
	TARGET =
		WIDGET = WC16jbmf61a1096834832, WR10fgh33101836453781, WT10fgh33101836453781, WP1guga7o163055823518
		ROLE = UIACustomControl
		TITLE = 
		SHAPE = Rect [x:831.0 y:398.0 w:600.0 h:354.0]
		CHILDREN = 1
		PATH = [0, 1]
	DESCRIPTION = Left Click at ''
	TEXT = Compound Action =
		Move mouse to (1131.0, 575.0).
		Press Mouse Button BUTTON1
		Release Mouse Button BUTTON1

ExecutedAction [94]: 
 @Action ConcreteID = AC12znjdt80462047874 AbstractID = AA12znjdt80462047874
 ConcreteID CUSTOM = ConcreteID CUSTOM not available AbstractID CUSTOM = AA1quq1da7f166819915
 @State ConcreteID = SC1ev5hjr2c24151830246 AbstractID = SRgyy8ln2aa2585708128
 ConcreteID CUSTOM = SC14ye5zp2bf1986190721 AbstractID CUSTOM = SA322rnv2c03552657091

	ROLE = LeftClickAt
	TARGET =
		WIDGET = WCi037jy271962307934, WR5quxi6b4097176690, WT5quxi6b4097176690, WPevq7k234115748336
		ROLE = UIATreeItem
		TITLE = 
		SHAPE = Rect [x:836.0 y:571.0 w:158.0 h:26.0]
		CHILDREN = 0
		PATH = [0, 1, 0, 0, 3, 1, 1, 6]
	DESCRIPTION = Left Click at ''
	TEXT = Compound Action =
		Move mouse to (915.0, 584.0).
		Press Mouse Button BUTTON1
		Release Mouse Button BUTTON1

ExecutedAction [95]: 
 @Action ConcreteID = AC40up4q812912206461 AbstractID = AA40up4q812912206461
 ConcreteID CUSTOM = ConcreteID CUSTOM not available AbstractID CUSTOM = AAxgvmx9801329512283
 @State ConcreteID = SC1ev5hjr2c24151830246 AbstractID = SRgyy8ln2aa2585708128
 ConcreteID CUSTOM = SC14ye5zp2bf1986190721 AbstractID CUSTOM = SA322rnv2c03552657091

	ROLE = LeftClickAt
	TARGET =
		WIDGET = WC18ptid5211948074864, WR1e04pz3e358922214, WT1e04pz3e358922214, WPsy0gsn1d41300074
		ROLE = UIASplitButton
		TITLE = 
		SHAPE = Rect [x:831.0 y:423.0 w:600.0 h:326.0]
		CHILDREN = 3
		PATH = [0, 1, 0, 0, 3]
	DESCRIPTION = Left Click at ''
	TEXT = Compound Action =
		Move mouse to (1131.0, 586.0).
		Press Mouse Button BUTTON1
		Release Mouse Button BUTTON1

ExecutedAction [96]: 
 @Action ConcreteID = AC17furoa813852973150 AbstractID = AA17furoa813852973150
 ConcreteID CUSTOM = ConcreteID CUSTOM not available AbstractID CUSTOM = AA1urnhp80118338936
 @State ConcreteID = SC1ev5hjr2c24151830246 AbstractID = SRgyy8ln2aa2585708128
 ConcreteID CUSTOM = SC14ye5zp2bf1986190721 AbstractID CUSTOM = SA322rnv2c03552657091

	ROLE = LeftClickAt
	TARGET =
		WIDGET = WCmholc2203062808613, WR10fgh33101836453781, WT10fgh33101836453781, WP1jw6yus1c133918733
		ROLE = UIACustomControl
		TITLE = 
		SHAPE = Rect [x:831.0 y:398.0 w:600.0 h:354.0]
		CHILDREN = 4
		PATH = [0, 1, 0, 0]
	DESCRIPTION = Left Click at ''
	TEXT = Compound Action =
		Move mouse to (1131.0, 575.0).
		Press Mouse Button BUTTON1
		Release Mouse Button BUTTON1

ExecutedAction [97]: 
 @Action ConcreteID = AC1nqija4801274444860 AbstractID = AA1nqija4801274444860
 ConcreteID CUSTOM = ConcreteID CUSTOM not available AbstractID CUSTOM = AAckgzah7f1502433013
 @State ConcreteID = SC1ev5hjr2c24151830246 AbstractID = SRgyy8ln2aa2585708128
 ConcreteID CUSTOM = SC14ye5zp2bf1986190721 AbstractID CUSTOM = SA322rnv2c03552657091

	ROLE = LeftClickAt
	TARGET =
		WIDGET = WCi037fn271001908121, WR5quxi6b4097176690, WT5quxi6b4097176690, WPevq39233121660727
		ROLE = UIATreeItem
		TITLE = 
		SHAPE = Rect [x:831.0 y:449.0 w:163.0 h:22.0]
		CHILDREN = 0
		PATH = [0, 1, 0, 0, 3, 1, 1, 1]
	DESCRIPTION = Left Click at ''
	TEXT = Compound Action =
		Move mouse to (912.5, 460.0).
		Press Mouse Button BUTTON1
		Release Mouse Button BUTTON1

ExecutedAction [98]: 
 @Action ConcreteID = ACkfgfd0802945233672 AbstractID = AAkfgfd0802945233672
 ConcreteID CUSTOM = ConcreteID CUSTOM not available AbstractID CUSTOM = AA18aixch7f3187114433
 @State ConcreteID = SC1ev5hjr2c24151830246 AbstractID = SRgyy8ln2aa2585708128
 ConcreteID CUSTOM = SC14ye5zp2bf1986190721 AbstractID CUSTOM = SA322rnv2c03552657091

	ROLE = LeftClickAt
	TARGET =
		WIDGET = WCi037hd27159483163, WR5quxi6b4097176690, WT5quxi6b4097176690, WPevq4z232284233141
		ROLE = UIATreeItem
		TITLE = 
		SHAPE = Rect [x:836.0 y:497.0 w:158.0 h:26.0]
		CHILDREN = 0
		PATH = [0, 1, 0, 0, 3, 1, 1, 3]
	DESCRIPTION = Left Click at ''
	TEXT = Compound Action =
		Move mouse to (915.0, 510.0).
		Press Mouse Button BUTTON1
		Release Mouse Button BUTTON1

ExecutedAction [99]: 
 @Action ConcreteID = AC18eh8bv80310646561 AbstractID = AA18eh8bv80310646561
 ConcreteID CUSTOM = ConcreteID CUSTOM not available AbstractID CUSTOM = AA1juv8vp7f2739220327
 @State ConcreteID = SC1pw6b022c21556027664 AbstractID = SRgyy8ln2aa2585708128
 ConcreteID CUSTOM = SC1tnwbw62bf2675428691 AbstractID CUSTOM = SA322rnv2c03552657091

	ROLE = LeftClickAt
	TARGET =
		WIDGET = WC1kw8wh024732654283, WR1e04pz3e358922214, WT1e04pz3e358922214, WP1egy3ti203832078078
		ROLE = UIASplitButton
		TITLE = 
		SHAPE = Rect [x:831.0 y:423.0 w:180.0 h:326.0]
		CHILDREN = 3
		PATH = [0, 1, 0, 0, 3, 1]
	DESCRIPTION = Left Click at ''
	TEXT = Compound Action =
		Move mouse to (921.0, 586.0).
		Press Mouse Button BUTTON1
		Release Mouse Button BUTTON1

ExecutedAction [100]: 
 @Action ConcreteID = AChf1uqo802606766180 AbstractID = AAhf1uqo802606766180
 ConcreteID CUSTOM = ConcreteID CUSTOM not available AbstractID CUSTOM = AA15a4cq57f2300258989
 @State ConcreteID = SC1ev5hjr2c24151830246 AbstractID = SRgyy8ln2aa2585708128
 ConcreteID CUSTOM = SC14ye5zp2bf1986190721 AbstractID CUSTOM = SA322rnv2c03552657091

	ROLE = LeftClickAt
	TARGET =
		WIDGET = WCi037gi27278574170, WR5quxi6b4097176690, WT5quxi6b4097176690, WPevq44232436731124
		ROLE = UIATreeItem
		TITLE = 
		SHAPE = Rect [x:836.0 y:471.0 w:158.0 h:26.0]
		CHILDREN = 0
		PATH = [0, 1, 0, 0, 3, 1, 1, 2]
	DESCRIPTION = Left Click at ''
	TEXT = Compound Action =
		Move mouse to (915.0, 484.0).
		Press Mouse Button BUTTON1
		Release Mouse Button BUTTON1

Sequence 1 finished.
Sequence contained faults!
Copying generated sequence ("sequence81") to output directory...
Copying classified sequence ("sequence81") to sequences_ok folder...
