Starting sequence 1 (output as: sequence2632)

ExecutedAction [1]: 
 @Action ConcreteID = AC13sxay5803884679728 AbstractID = AA13sxay5803884679728
 ConcreteID CUSTOM = ConcreteID CUSTOM not available AbstractID CUSTOM = AA14bncsj801968208967
 @State ConcreteID = SC1nc411o4961529421974 AbstractID = SRx1ik4a474333690124
 ConcreteID CUSTOM = SC1n8pk4e495298478986 AbstractID CUSTOM = SA12laes84902498637855

	ROLE = LeftClickAt
	TARGET =
		WIDGET = WC16jbmg11a1783434451, WR10fgh33101836453781, WT10fgh33101836453781, WP1guga8j162634643805
		ROLE = UIACustomControl
		TITLE = 
		SHAPE = Rect [x:660.0 y:391.0 w:600.0 h:399.0]
		CHILDREN = 3
		PATH = [0, 2]
	DESCRIPTION = Left Click at ''
	TEXT = Compound Action =
		Move mouse to (960.0, 590.5).
		Press Mouse Button BUTTON1
		Release Mouse Button BUTTON1

ExecutedAction [2]: 
 @Action ConcreteID = AC1xk4isj80429606546 AbstractID = AA1xk4isj80429606546
 ConcreteID CUSTOM = ConcreteID CUSTOM not available AbstractID CUSTOM = AA1y2ukmx802336274661
 @State ConcreteID = SC1nc411o4961529421974 AbstractID = SRx1ik4a474333690124
 ConcreteID CUSTOM = SC1n8pk4e495298478986 AbstractID CUSTOM = SA12laes84902498637855

	ROLE = LeftClickAt
	TARGET =
		WIDGET = WC117me3u22367970642, WR17v7k2nb1067391859, WT1y895rf152412617792, WP15oh92w1e2024737031
		ROLE = UIAMenuItem
		TITLE = View Alt+i
		SHAPE = Rect [x:972.0 y:370.0 w:41.0 h:20.0]
		CHILDREN = 0
		PATH = [0, 1, 6]
	DESCRIPTION = Left Click at 'View Alt+i'
	TEXT = Compound Action =
		Move mouse to (992.5, 380.0).
		Press Mouse Button BUTTON1
		Release Mouse Button BUTTON1

ExecutedAction [3]: 
 @Action ConcreteID = ACna0wec7f2167090494 AbstractID = AAna0wec7f2167090494
 ConcreteID CUSTOM = ConcreteID CUSTOM not available AbstractID CUSTOM = AAtt0h727f313692476
 @State ConcreteID = SC35nz0w5c22851028401 AbstractID = SR1f0b3g159f3370963606
 ConcreteID CUSTOM = SC2msiyg5c6116249985 AbstractID CUSTOM = SAghffpf5b92094262206

	ROLE = LeftClickAt
	TARGET =
		WIDGET = WCkthkjg1d3961490386, WR10fgh33101836453781, WT10fgh33101836453781, WP34gkui19609072533
		ROLE = UIACustomControl
		TITLE = 
		SHAPE = Rect [x:660.0 y:730.0 w:600.0 h:26.0]
		CHILDREN = 3
		PATH = [0, 2, 1]
	DESCRIPTION = Left Click at ''
	TEXT = Compound Action =
		Move mouse to (960.0, 743.0).
		Press Mouse Button BUTTON1
		Release Mouse Button BUTTON1

ExecutedAction [4]: 
 @Action ConcreteID = AC6xhmbb80936674939 AbstractID = AA6xhmbb80936674939
 ConcreteID CUSTOM = ConcreteID CUSTOM not available AbstractID CUSTOM = AA7g7o5p802769254412
 @State ConcreteID = SC1nc411o4961529421974 AbstractID = SRx1ik4a474333690124
 ConcreteID CUSTOM = SC1n8pk4e495298478986 AbstractID CUSTOM = SA12laes84902498637855

	ROLE = LeftClickAt
	TARGET =
		WIDGET = WC1wr6twp233179607085, WR17v7k2nb1067391859, WTwtxn65161410781764, WPzq9smv1f824583798
		ROLE = UIAMenuItem
		TITLE = Tools Alt+s
		SHAPE = Rect [x:927.0 y:370.0 w:45.0 h:20.0]
		CHILDREN = 0
		PATH = [0, 1, 5]
	DESCRIPTION = Left Click at 'Tools Alt+s'
	TEXT = Compound Action =
		Move mouse to (949.5, 380.0).
		Press Mouse Button BUTTON1
		Release Mouse Button BUTTON1

ExecutedAction [5]: 
 @Action ConcreteID = ACzj0qfv7f2220675715 AbstractID = AAzj0qfv7f2220675715
 ConcreteID CUSTOM = ConcreteID CUSTOM not available AbstractID CUSTOM = AA1q5rhqp7f1991936087
 @State ConcreteID = SCn9ayf45852363208182 AbstractID = SRq6j13l5631449069549
 ConcreteID CUSTOM = SCse436u5871130539632 AbstractID CUSTOM = SA4e50db57d1510674958

	ROLE = LeftClickAt
	TARGET =
		WIDGET = WCqo6bfv1b3993562100, WR88rmk0b1934231702, WT88rmk0b1934231702, WP5fia59171780392929
		ROLE = UIACheckBox
		TITLE = 
		SHAPE = Rect [x:887.0 y:760.0 w:26.0 h:26.0]
		CHILDREN = 0
		PATH = [0, 2, 2, 9]
	DESCRIPTION = Left Click at ''
	TEXT = Compound Action =
		Move mouse to (900.0, 773.0).
		Press Mouse Button BUTTON1
		Release Mouse Button BUTTON1

ExecutedAction [6]: 
 @Action ConcreteID = AC5my0pc801584215927 AbstractID = AA5my0pc801584215927
 ConcreteID CUSTOM = ConcreteID CUSTOM not available AbstractID CUSTOM = AA65o2jq803434531072
 @State ConcreteID = SC1nc411o4961529421974 AbstractID = SRx1ik4a474333690124
 ConcreteID CUSTOM = SC1n8pk4e495298478986 AbstractID CUSTOM = SA12laes84902498637855

	ROLE = LeftClickAt
	TARGET =
		WIDGET = WC1fbb2e920939640774, WR10fgh33101836453781, WT10fgh33101836453781, WPdopdxv1c2306111470
		ROLE = UIACustomControl
		TITLE = 
		SHAPE = Rect [x:660.0 y:391.0 w:600.0 h:339.0]
		CHILDREN = 4
		PATH = [0, 2, 0, 0]
	DESCRIPTION = Left Click at ''
	TEXT = Compound Action =
		Move mouse to (960.0, 560.5).
		Press Mouse Button BUTTON1
		Release Mouse Button BUTTON1

ExecutedAction [7]: 
 @Action ConcreteID = ACeoezrl801492682743 AbstractID = AAeoezrl801492682743
 ConcreteID CUSTOM = ConcreteID CUSTOM not available AbstractID CUSTOM = AAf751lz803391322496
 @State ConcreteID = SC1nc411o4961529421974 AbstractID = SRx1ik4a474333690124
 ConcreteID CUSTOM = SC1n8pk4e495298478986 AbstractID CUSTOM = SA12laes84902498637855

	ROLE = LeftClickAt
	TARGET =
		WIDGET = WCb8oomb272365954834, WR5quxi6b4097176690, WT5quxi6b4097176690, WP1sol99123211992508
		ROLE = UIATreeItem
		TITLE = 
		SHAPE = Rect [x:660.0 y:416.0 w:163.0 h:26.0]
		CHILDREN = 0
		PATH = [0, 2, 0, 0, 3, 1, 1, 0]
	DESCRIPTION = Left Click at ''
	TEXT = Compound Action =
		Move mouse to (741.5, 429.0).
		Press Mouse Button BUTTON1
		Release Mouse Button BUTTON1

ExecutedAction [8]: 
 @Action ConcreteID = ACn905g7803310903552 AbstractID = AAn905g7803310903552
 ConcreteID CUSTOM = ConcreteID CUSTOM not available AbstractID CUSTOM = AAnrq7al801468243831
 @State ConcreteID = SC1nc411o4961529421974 AbstractID = SRx1ik4a474333690124
 ConcreteID CUSTOM = SC1n8pk4e495298478986 AbstractID CUSTOM = SA12laes84902498637855

	ROLE = LeftClickAt
	TARGET =
		WIDGET = WC1u4yxgu201001852223, WR4na8ob72534219213, WT4na8ob72534219213, WP3shum41c2253840902
		ROLE = UIATree
		TITLE = 
		SHAPE = Rect [x:660.0 y:416.0 w:180.0 h:178.0]
		CHILDREN = 8
		PATH = [0, 2, 0, 0, 3, 1, 1]
	DESCRIPTION = Left Click at ''
	TEXT = Compound Action =
		Move mouse to (750.0, 505.0).
		Press Mouse Button BUTTON1
		Release Mouse Button BUTTON1

ExecutedAction [9]: 
 @Action ConcreteID = AChwh7m0804171855281 AbstractID = AAhwh7m0804171855281
 ConcreteID CUSTOM = ConcreteID CUSTOM not available AbstractID CUSTOM = AA9yynax801195181286
 @State ConcreteID = SC1jx4ull5503715761135 AbstractID = SR1sdj6cz51f2314341141
 ConcreteID CUSTOM = SCw7973s5492495189628 AbstractID CUSTOM = SA1yjj6az5412082435609

	ROLE = LeftClickAt
	TARGET =
		WIDGET = WCsnsigw192276258709, WR1h6ibpb92248851252, WT1h6ibpb92248851252, WP8rujqq15811043737
		ROLE = UIAButton
		TITLE = 
		SHAPE = Rect [x:707.0 y:760.0 w:26.0 h:26.0]
		CHILDREN = 0
		PATH = [0, 2, 2, 3]
	DESCRIPTION = Left Click at ''
	TEXT = Compound Action =
		Move mouse to (720.0, 773.0).
		Press Mouse Button BUTTON1
		Release Mouse Button BUTTON1

ExecutedAction [10]: 
 @Action ConcreteID = ACfvph8o803492010112 AbstractID = AAfvph8o803492010112
 ConcreteID CUSTOM = ConcreteID CUSTOM not available AbstractID CUSTOM = AA7y6wxl801874307543
 @State ConcreteID = SC1jx4ull5503715761135 AbstractID = SR1sdj6cz51f2314341141
 ConcreteID CUSTOM = SCw7973s5492495189628 AbstractID CUSTOM = SA1yjj6az5412082435609

	ROLE = LeftClickAt
	TARGET =
		WIDGET = WCb8ooqm274034031447, WR5quxi6b4097176690, WT5quxi6b4097176690, WP1sol9dc231909804025
		ROLE = UIATreeItem
		TITLE = 
		SHAPE = Rect [x:665.0 y:542.0 w:158.0 h:26.0]
		CHILDREN = 0
		PATH = [0, 2, 0, 0, 3, 1, 1, 5]
	DESCRIPTION = Left Click at ''
	TEXT = Compound Action =
		Move mouse to (744.0, 555.0).
		Press Mouse Button BUTTON1
		Release Mouse Button BUTTON1

ExecutedAction [11]: 
 @Action ConcreteID = AC44ix3r7f3208369973 AbstractID = AA44ix3r7f3208369973
 ConcreteID CUSTOM = ConcreteID CUSTOM not available AbstractID CUSTOM = AAg40azi804056050087
 @State ConcreteID = SCymvp8q5504040161130 AbstractID = SR1sdj6cz51f2314341141
 ConcreteID CUSTOM = SCtqdbmj54a3520664557 AbstractID CUSTOM = SA1yjj6az5412082435609

	ROLE = LeftClickAt
	TARGET =
		WIDGET = WCkthkjg1d3961490386, WR10fgh33101836453781, WT10fgh33101836453781, WP34gkui19609072533
		ROLE = UIACustomControl
		TITLE = 
		SHAPE = Rect [x:660.0 y:730.0 w:600.0 h:26.0]
		CHILDREN = 3
		PATH = [0, 2, 1]
	DESCRIPTION = Left Click at ''
	TEXT = Compound Action =
		Move mouse to (960.0, 743.0).
		Press Mouse Button BUTTON1
		Release Mouse Button BUTTON1

ExecutedAction [12]: 
 @Action ConcreteID = AC1dsl51o7f1393019566 AbstractID = AA1dsl51o7f1393019566
 ConcreteID CUSTOM = ConcreteID CUSTOM not available AbstractID CUSTOM = AA1ps2ixf80503215164
 @State ConcreteID = SCymvp8q5504040161130 AbstractID = SR1sdj6cz51f2314341141
 ConcreteID CUSTOM = SCtqdbmj54a3520664557 AbstractID CUSTOM = SA1yjj6az5412082435609

	ROLE = LeftClickAt
	TARGET =
		WIDGET = WCsnsikc193821024913, WR1h6ibpb92248851252, WT1h6ibpb92248851252, WP8ruju6151413172893
		ROLE = UIAButton
		TITLE = 
		SHAPE = Rect [x:823.0 y:760.0 w:26.0 h:26.0]
		CHILDREN = 0
		PATH = [0, 2, 2, 7]
	DESCRIPTION = Left Click at ''
	TEXT = Compound Action =
		Move mouse to (836.0, 773.0).
		Press Mouse Button BUTTON1
		Release Mouse Button BUTTON1

ExecutedAction [13]: 
 @Action ConcreteID = ACh97mxo7f1727580887 AbstractID = AAh97mxo7f1727580887
 ConcreteID CUSTOM = ConcreteID CUSTOM not available AbstractID CUSTOM = AAqonr397f2580565389
 @State ConcreteID = SCuyuhmv2ed1671011042 AbstractID = SRrwz38n2e02745166178
 ConcreteID CUSTOM = SCilua512e62032480990 AbstractID CUSTOM = SA66n57f2eb1498926942

	ROLE = LeftClickAt
	TARGET =
		WIDGET = WCsnsigw192276258709, WR1h6ibpb92248851252, WT1h6ibpb92248851252, WP8rujqq15811043737
		ROLE = UIAButton
		TITLE = 
		SHAPE = Rect [x:707.0 y:451.0 w:26.0 h:26.0]
		CHILDREN = 0
		PATH = [0, 2, 2, 3]
	DESCRIPTION = Left Click at ''
	TEXT = Compound Action =
		Move mouse to (720.0, 464.0).
		Press Mouse Button BUTTON1
		Release Mouse Button BUTTON1

ExecutedAction [14]: 
 @Action ConcreteID = AC1bw3xu67f795200513 AbstractID = AA1bw3xu67f795200513
 ConcreteID CUSTOM = ConcreteID CUSTOM not available AbstractID CUSTOM = AA1lbk1zr7f3494726491
 @State ConcreteID = SCuyuhmv2ed1671011042 AbstractID = SRrwz38n2e02745166178
 ConcreteID CUSTOM = SCilua512e62032480990 AbstractID CUSTOM = SA66n57f2eb1498926942

	ROLE = LeftClickAt
	TARGET =
		WIDGET = WC1ulc3am262005825686, WR17v7k2nb1067391859, WTpcm71l192027518401, WPtkzlz0223118695362
		ROLE = UIAMenuItem
		TITLE = Subtitle Alt+t
		SHAPE = Rect [x:870.0 y:370.0 w:57.0 h:20.0]
		CHILDREN = 0
		PATH = [0, 1, 4]
	DESCRIPTION = Left Click at 'Subtitle Alt+t'
	TEXT = Compound Action =
		Move mouse to (898.5, 380.0).
		Press Mouse Button BUTTON1
		Release Mouse Button BUTTON1

ExecutedAction [15]: 
 @Action ConcreteID = ACwn48qb7f2024265866 AbstractID = AAwn48qb7f2024265866
 ConcreteID CUSTOM = ConcreteID CUSTOM not available AbstractID CUSTOM = AA1bepyqj7f3957292673
 @State ConcreteID = SCi2g9so3292401123105 AbstractID = SR1oy7jpq31b1895324898
 ConcreteID CUSTOM = SC1p65a7j3224035176205 AbstractID CUSTOM = SA50r6153261155099095

	ROLE = LeftClickAt
	TARGET =
		WIDGET = WCv2iyh7231187149563, WR17v7k2nb1067391859, WT12et6eo161830467638, WP186y9jt1f939178242
		ROLE = UIAMenuItem
		TITLE = Media Alt+M
		SHAPE = Rect [x:660.0 y:370.0 w:50.0 h:20.0]
		CHILDREN = 0
		PATH = [0, 1, 0]
	DESCRIPTION = Left Click at 'Media Alt+M'
	TEXT = Compound Action =
		Move mouse to (685.0, 380.0).
		Press Mouse Button BUTTON1
		Release Mouse Button BUTTON1

ExecutedAction [16]: 
 @Action ConcreteID = AC1t7fdwe804058501648 AbstractID = AA1t7fdwe804058501648
 ConcreteID CUSTOM = ConcreteID CUSTOM not available AbstractID CUSTOM = AA2cqotx802057716349
 @State ConcreteID = SCuyuhmv2ed1671011042 AbstractID = SRrwz38n2e02745166178
 ConcreteID CUSTOM = SCilua512e62032480990 AbstractID CUSTOM = SA66n57f2eb1498926942

	ROLE = LeftClickAt
	TARGET =
		WIDGET = WCig1ffy22236015574, WR17v7k2nb1067391859, WT1e6tvxi153323975668, WP1lxqkho1e3332536470
		ROLE = UIAMenuItem
		TITLE = Help Alt+H
		SHAPE = Rect [x:1013.0 y:370.0 w:42.0 h:20.0]
		CHILDREN = 0
		PATH = [0, 1, 7]
	DESCRIPTION = Left Click at 'Help Alt+H'
	TEXT = Compound Action =
		Move mouse to (1034.0, 380.0).
		Press Mouse Button BUTTON1
		Release Mouse Button BUTTON1

ExecutedAction [17]: 
 @Action ConcreteID = ACxi6bhx811324862615 AbstractID = AAxi6bhx811324862615
 ConcreteID CUSTOM = ConcreteID CUSTOM not available AbstractID CUSTOM = AA1j9b5wl811636618459
 @State ConcreteID = SC1p00f8234f3394638113 AbstractID = SRtt96ho3433248047772
 ConcreteID CUSTOM = SC11svhps3483043115949 AbstractID CUSTOM = SA1jabezf34f3086789404

	ROLE = LeftClickAt
	TARGET =
		WIDGET = WCig1ffy22236015574, WR17v7k2nb1067391859, WT1e6tvxi153323975668, WP1lxqkho1e3332536470
		ROLE = UIAMenuItem
		TITLE = Help Alt+H
		SHAPE = Rect [x:1013.0 y:370.0 w:42.0 h:20.0]
		CHILDREN = 0
		PATH = [0, 1, 7]
	DESCRIPTION = Left Click at 'Help Alt+H'
	TEXT = Compound Action =
		Move mouse to (1034.0, 380.0).
		Press Mouse Button BUTTON1
		Release Mouse Button BUTTON1

ExecutedAction [18]: 
 @Action ConcreteID = ACyixkig7f724442075 AbstractID = AAyixkig7f724442075
 ConcreteID CUSTOM = ConcreteID CUSTOM not available AbstractID CUSTOM = AA17ydoo17f3557203073
 @State ConcreteID = SCuyuhmv2ed1671011042 AbstractID = SRrwz38n2e02745166178
 ConcreteID CUSTOM = SCilua512e62032480990 AbstractID CUSTOM = SA66n57f2eb1498926942

	ROLE = LeftClickAt
	TARGET =
		WIDGET = WCqo6bfv1b3993562100, WR88rmk0b1934231702, WT88rmk0b1934231702, WP5fia59171780392929
		ROLE = UIACheckBox
		TITLE = 
		SHAPE = Rect [x:887.0 y:451.0 w:26.0 h:26.0]
		CHILDREN = 0
		PATH = [0, 2, 2, 9]
	DESCRIPTION = Left Click at ''
	TEXT = Compound Action =
		Move mouse to (900.0, 464.0).
		Press Mouse Button BUTTON1
		Release Mouse Button BUTTON1

ExecutedAction [19]: 
 @Action ConcreteID = AC1wseog77f3142575665 AbstractID = AA1wseog77f3142575665
 ConcreteID CUSTOM = ConcreteID CUSTOM not available AbstractID CUSTOM = AA76qqmo7f1147625835
 @State ConcreteID = SCuyuhmv2ed1671011042 AbstractID = SRrwz38n2e02745166178
 ConcreteID CUSTOM = SCilua512e62032480990 AbstractID CUSTOM = SA66n57f2eb1498926942

	ROLE = LeftClickAt
	TARGET =
		WIDGET = WC1wr6twp233179607085, WR17v7k2nb1067391859, WTwtxn65161410781764, WPzq9smv1f824583798
		ROLE = UIAMenuItem
		TITLE = Tools Alt+s
		SHAPE = Rect [x:927.0 y:370.0 w:45.0 h:20.0]
		CHILDREN = 0
		PATH = [0, 1, 5]
	DESCRIPTION = Left Click at 'Tools Alt+s'
	TEXT = Compound Action =
		Move mouse to (949.5, 380.0).
		Press Mouse Button BUTTON1
		Release Mouse Button BUTTON1

ExecutedAction [20]: 
 @Action ConcreteID = AClnwfel81852305157 AbstractID = AAlnwfel81852305157
 ConcreteID CUSTOM = ConcreteID CUSTOM not available AbstractID CUSTOM = AAmwlupr7f3793925292
 @State ConcreteID = SC1sdsafn3dc3087426913 AbstractID = SR1q7hin23cf1640540744
 ConcreteID CUSTOM = SC14ccjwt3d83926045419 AbstractID CUSTOM = SAxs9xpw3d8188395937

	ROLE = LeftClickAt
	TARGET =
		WIDGET = WChm2paa301716700745, WR17v7k2nb1067391859, WTztzk72263824757588, WP8ybxx02c992007964
		ROLE = UIAMenuItem
		TITLE = Track Synchronization Alt+T
		SHAPE = Rect [x:930.0 y:415.0 w:258.0 h:22.0]
		CHILDREN = 0
		PATH = [1, 1]
	DESCRIPTION = Left Click at 'Track Synchronization Alt+T'
	TEXT = Compound Action =
		Move mouse to (1059.0, 426.0).
		Press Mouse Button BUTTON1
		Release Mouse Button BUTTON1

ExecutedAction [21]: 
 @Action ConcreteID = AC1rjov317e2743660085 AbstractID = AA1rjov317e2743660085
 ConcreteID CUSTOM = ConcreteID CUSTOM not available AbstractID CUSTOM = AA13nmb7e1531039853
 @State ConcreteID = SC1j485kc50a35563360 AbstractID = SRp2mmls4eb1947782464
 ConcreteID CUSTOM = SC12d4ftj5162681309153 AbstractID CUSTOM = SA351vdo502152840732

	ROLE = LeftClickAt
	TARGET =
		WIDGET = WC1lhezjy1971787980, WR1h6ibpb92248851252, WT1h6ibpb92248851252, WP11lh0ts153015450048
		ROLE = UIAButton
		TITLE = 
		SHAPE = Rect [x:733.0 y:451.0 w:26.0 h:26.0]
		CHILDREN = 0
		PATH = [0, 3, 2, 4]
	DESCRIPTION = Left Click at ''
	TEXT = Compound Action =
		Move mouse to (746.0, 464.0).
		Press Mouse Button BUTTON1
		Release Mouse Button BUTTON1

ExecutedAction [22]: 
 @Action ConcreteID = AC15zdyu47e3293442024 AbstractID = AA15zdyu47e3293442024
 ConcreteID CUSTOM = ConcreteID CUSTOM not available AbstractID CUSTOM = AA1dhwtci7e1015337392
 @State ConcreteID = SC1j485kc50a35563360 AbstractID = SRp2mmls4eb1947782464
 ConcreteID CUSTOM = SC12d4ftj5162681309153 AbstractID CUSTOM = SA351vdo502152840732

	ROLE = LeftClickAt
	TARGET =
		WIDGET = WCv32r2k2323202859, WR17v7k2nb1067391859, WT12et6eo161830467638, WP187i2561f1884996562
		ROLE = UIAMenuItem
		TITLE = Media Alt+M
		SHAPE = Rect [x:660.0 y:370.0 w:50.0 h:20.0]
		CHILDREN = 0
		PATH = [0, 2, 0]
	DESCRIPTION = Left Click at 'Media Alt+M'
	TEXT = Compound Action =
		Move mouse to (685.0, 380.0).
		Press Mouse Button BUTTON1
		Release Mouse Button BUTTON1

ExecutedAction [23]: 
 @Action ConcreteID = AC1xfz3om7f1240597680 AbstractID = AA1xfz3om7f1240597680
 ConcreteID CUSTOM = ConcreteID CUSTOM not available AbstractID CUSTOM = AAqikvq87f904175601
 @State ConcreteID = SCaeuwwd64a1413440117 AbstractID = SRz3rqaj62a1907581060
 ConcreteID CUSTOM = SC15jfzfc6573659621268 AbstractID CUSTOM = SA1ipz4es63e418302039

	ROLE = LeftClickAt
	TARGET =
		WIDGET = WCazzh832554102356, WR17v7k2nb1067391859, WT3m45wc28841880447, WPhhl5ce2e2495531661
		ROLE = UIAMenuItem
		TITLE = Open Capture Device... Ctrl+C
		SHAPE = Rect [x:663.0 y:503.0 w:310.0 h:22.0]
		CHILDREN = 0
		PATH = [1, 5]
	DESCRIPTION = Left Click at 'Open Capture Device... Ctrl+C'
	TEXT = Compound Action =
		Move mouse to (818.0, 514.0).
		Press Mouse Button BUTTON1
		Release Mouse Button BUTTON1

ExecutedAction [24]: 
 @Action ConcreteID = ACjsllra7e3349780268 AbstractID = AAjsllra7e3349780268
 ConcreteID CUSTOM = ConcreteID CUSTOM not available AbstractID CUSTOM = AAjci3qg7f2746890342
 @State ConcreteID = SCrkei0d7a9708317034 AbstractID = SRvd03gd7703834789594
 ConcreteID CUSTOM = SC11994697aa3888996210 AbstractID CUSTOM = SAr7fdg379d1630640028

	ROLE = LeftClickAt
	TARGET =
		WIDGET = WC158244q314074075960, WR1k8fo0ra1109144095, WT1jhzmel1e4173187679, WP12zy3p42d1673156887
		ROLE = UIATabItem
		TITLE = Capture Device Alt+D
		SHAPE = Rect [x:791.0 y:254.0 w:58.0 h:24.0]
		CHILDREN = 0
		PATH = [0, 0, 1, 1, 3]
	DESCRIPTION = Left Click at 'Capture Device Alt+D'
	TEXT = Compound Action =
		Move mouse to (820.0, 266.0).
		Press Mouse Button BUTTON1
		Release Mouse Button BUTTON1

ExecutedAction [25]: 
 @Action ConcreteID = AC11ugm947e1258644850 AbstractID = AA11ugm947e1258644850
 ConcreteID CUSTOM = ConcreteID CUSTOM not available AbstractID CUSTOM = AA11ed48a7f790022712
 @State ConcreteID = SCrkei0d7a9708317034 AbstractID = SRvd03gd7703834789594
 ConcreteID CUSTOM = SC11994697aa3888996210 AbstractID CUSTOM = SAr7fdg379d1630640028

	ROLE = LeftClickAt
	TARGET =
		WIDGET = WC1n5e23i30168385040, WR10fgh33101836453781, WT1vp4wv173975156452, WP19fz6242c539360011
		ROLE = UIACustomControl
		TITLE = Options
		SHAPE = Rect [x:661.0 y:430.0 w:480.0 h:71.0]
		CHILDREN = 2
		PATH = [0, 0, 1, 0, 0, 4, 0]
	DESCRIPTION = Left Click at 'Options'
	TEXT = Compound Action =
		Move mouse to (901.0, 465.5).
		Press Mouse Button BUTTON1
		Release Mouse Button BUTTON1

ExecutedAction [26]: 
 @Action ConcreteID = AC1jkehcp7f1623926980 AbstractID = AA1jkehcp7f1623926980
 ConcreteID CUSTOM = ConcreteID CUSTOM not available AbstractID CUSTOM = AA15pdymv804138111973
 @State ConcreteID = SCrkei0d7a9708317034 AbstractID = SRvd03gd7703834789594
 ConcreteID CUSTOM = SC11994697aa3888996210 AbstractID CUSTOM = SAr7fdg379d1630640028

	ROLE = LeftClickAt
	TARGET =
		WIDGET = WCkorakc262041935019, WR17qbaneb3904637586, WTp2bhbs1083022468, WP1e8m8fi222395962592
		ROLE = UIAComboBox
		TITLE =  Down
		SHAPE = Rect [x:904.0 y:288.0 w:238.0 h:20.0]
		CHILDREN = 0
		PATH = [0, 0, 1, 0, 0, 1]
	DESCRIPTION = Left Click at ' Down'
	TEXT = Compound Action =
		Move mouse to (1023.0, 298.0).
		Press Mouse Button BUTTON1
		Release Mouse Button BUTTON1

ExecutedAction [27]: 
 @Action ConcreteID = AC1pbqv827f421081720 AbstractID = AA1pbqv827f421081720
 ConcreteID CUSTOM = ConcreteID CUSTOM not available AbstractID CUSTOM = AA1aqtqe47f2940394935
 @State ConcreteID = SCl8yyz780e3140246399 AbstractID = SR1amsvgj7cf3908668506
 ConcreteID CUSTOM = SC2al3hn80d4069516335 AbstractID CUSTOM = SAicem4i8021197457736

	ROLE = LeftClickAt
	TARGET =
		WIDGET = WC7we31i2f1385792260, WR88rmk0b1934231702, WT117n6mp221646335527, WP15nl1ys2b2130256768
		ROLE = UIACheckBox
		TITLE = Show more options Alt+m
		SHAPE = Rect [x:649.0 y:550.0 w:31.0 h:17.0]
		CHILDREN = 0
		PATH = [0, 0, 3]
	DESCRIPTION = Left Click at 'Show more options Alt+m'
	TEXT = Compound Action =
		Move mouse to (664.5, 558.5).
		Press Mouse Button BUTTON1
		Release Mouse Button BUTTON1

ExecutedAction [28]: 
 @Action ConcreteID = AC1gi8pp6801473826126 AbstractID = AA1gi8pp6801473826126
 ConcreteID CUSTOM = ConcreteID CUSTOM not available AbstractID CUSTOM = AA3hlcve8139681225
 @State ConcreteID = SC98qrkv8d91419179350 AbstractID = SR1wr9jye88a394598751
 ConcreteID CUSTOM = SC1y6l6bm8d93098845066 AbstractID CUSTOM = SA17zqhtq8cc2517002058

	ROLE = LeftClickAt
	TARGET =
		WIDGET = WC25gsr3323057852972, WR1h6ibpb92248851252, WTh9vhxr1c1988180597, WPkhmeip2e369082978
		ROLE = UIAButton
		TITLE = Advanced options...
		SHAPE = Rect [x:1026.0 y:491.0 w:116.0 h:23.0]
		CHILDREN = 0
		PATH = [0, 0, 1, 0, 0, 5]
	DESCRIPTION = Left Click at 'Advanced options...'
	TEXT = Compound Action =
		Move mouse to (1084.0, 502.5).
		Press Mouse Button BUTTON1
		Release Mouse Button BUTTON1

ExecutedAction [29]: 
 @Action ConcreteID = ACurt1tv7f1838809538 AbstractID = AAurt1tv7f1838809538
 ConcreteID CUSTOM = ConcreteID CUSTOM not available AbstractID CUSTOM = AA6hlluw7f4028780179
 @State ConcreteID = SC6yfa6pc2c3752847960 AbstractID = SR1kecai3bb42588627916
 ConcreteID CUSTOM = SC6lrykc213862030485 AbstractID CUSTOM = SAxsuihwc1d3404212394

	ROLE = LeftClickAt
	TARGET =
		WIDGET = WC3x76iz34640811437, WR88rmk0b1934231702, WT74qrah1b155490897, WP1rhch09303088488716
		ROLE = UIACheckBox
		TITLE = Tuner properties
		SHAPE = Rect [x:809.0 y:437.0 w:36.0 h:17.0]
		CHILDREN = 0
		PATH = [0, 0, 0, 1, 0, 0, 7]
	DESCRIPTION = Left Click at 'Tuner properties'
	TEXT = Compound Action =
		Move mouse to (827.0, 445.5).
		Press Mouse Button BUTTON1
		Release Mouse Button BUTTON1

ExecutedAction [30]: 
 @Action ConcreteID = AC3hy35u7f2016149500 AbstractID = AA3hy35u7f2016149500
 ConcreteID CUSTOM = ConcreteID CUSTOM not available AbstractID CUSTOM = AA1e8up5z7f3851661485
 @State ConcreteID = SC6yfa6pc2c3752847960 AbstractID = SR1kecai3bb42588627916
 ConcreteID CUSTOM = SC6lrykc213862030485 AbstractID CUSTOM = SAxsuihwc1d3404212394

	ROLE = LeftClickAt
	TARGET =
		WIDGET = WC1et99ix333888616393, WR1cs7rxoa2579320938, WTp5dw7e191106884407, WPkq6xyj2f1863961698
		ROLE = UIASpinner
		TITLE = Tuner Frequency
		SHAPE = Rect [x:906.0 y:486.0 w:90.0 h:20.0]
		CHILDREN = 0
		PATH = [0, 0, 0, 1, 0, 0, 11]
	DESCRIPTION = Left Click at 'Tuner Frequency'
	TEXT = Compound Action =
		Move mouse to (951.0, 496.0).
		Press Mouse Button BUTTON1
		Release Mouse Button BUTTON1

ExecutedAction [31]: 
 @Action ConcreteID = ACzvufjb7f3085856835 AbstractID = AAzvufjb7f3085856835
 ConcreteID CUSTOM = ConcreteID CUSTOM not available AbstractID CUSTOM = AAblmzkc7f710295314
 @State ConcreteID = SC6yfa6pc2c3752847960 AbstractID = SR1kecai3bb42588627916
 ConcreteID CUSTOM = SC6lrykc213862030485 AbstractID CUSTOM = SAxsuihwc1d3404212394

	ROLE = LeftClickAt
	TARGET =
		WIDGET = WC11nqqlx33355288364, WR1cs7rxoa2579320938, WTp4ddzi193691036396, WP1ta2ucn2f1399908878
		ROLE = UIASpinner
		TITLE = Video input pin
		SHAPE = Rect [x:906.0 y:590.0 w:90.0 h:20.0]
		CHILDREN = 0
		PATH = [0, 0, 0, 1, 0, 0, 19]
	DESCRIPTION = Left Click at 'Video input pin'
	TEXT = Compound Action =
		Move mouse to (951.0, 600.0).
		Press Mouse Button BUTTON1
		Release Mouse Button BUTTON1

ExecutedAction [32]: 
 @Action ConcreteID = AC1licza17f627954297 AbstractID = AA1licza17f627954297
 ConcreteID CUSTOM = ConcreteID CUSTOM not available AbstractID CUSTOM = AAx85jb27f3101007144
 @State ConcreteID = SC6yfa6pc2c3752847960 AbstractID = SR1kecai3bb42588627916
 ConcreteID CUSTOM = SC6lrykc213862030485 AbstractID CUSTOM = SAxsuihwc1d3404212394

	ROLE = LeftClickAt
	TARGET =
		WIDGET = WC118w0si261726043212, WR10fgh33101836453781, WT10fgh33101836453781, WPm163qs2294642058
		ROLE = UIACustomControl
		TITLE = 
		SHAPE = Rect [x:800.0 y:327.0 w:205.0 h:474.0]
		CHILDREN = 26
		PATH = [0, 0, 0, 1, 0, 0]
	DESCRIPTION = Left Click at ''
	TEXT = Compound Action =
		Move mouse to (902.5, 564.0).
		Press Mouse Button BUTTON1
		Release Mouse Button BUTTON1

ExecutedAction [33]: 
 @Action ConcreteID = AC6icns67f2312899067 AbstractID = AA6icns67f2312899067
 ConcreteID CUSTOM = ConcreteID CUSTOM not available AbstractID CUSTOM = AA1h999sb7f342116010
 @State ConcreteID = SC6yfa6pc2c3752847960 AbstractID = SR1kecai3bb42588627916
 ConcreteID CUSTOM = SC6lrykc213862030485 AbstractID CUSTOM = SAxsuihwc1d3404212394

	ROLE = LeftClickAt
	TARGET =
		WIDGET = WCcgncwm36896923525, WR1cs7rxoa2579320938, WT1wt58x51c798147355, WP2ztaq0323907063954
		ROLE = UIASpinner
		TITLE = Tuner country code
		SHAPE = Rect [x:906.0 y:512.0 w:90.0 h:20.0]
		CHILDREN = 0
		PATH = [0, 0, 0, 1, 0, 0, 13]
	DESCRIPTION = Left Click at 'Tuner country code'
	TEXT = Compound Action =
		Move mouse to (951.0, 522.0).
		Press Mouse Button BUTTON1
		Release Mouse Button BUTTON1

ExecutedAction [34]: 
 @Action ConcreteID = AC1sww2x17f449389221 AbstractID = AA1sww2x17f449389221
 ConcreteID CUSTOM = ConcreteID CUSTOM not available AbstractID CUSTOM = AA14momy27f2272357876
 @State ConcreteID = SC6yfa6pc2c3752847960 AbstractID = SR1kecai3bb42588627916
 ConcreteID CUSTOM = SC6lrykc213862030485 AbstractID CUSTOM = SAxsuihwc1d3404212394

	ROLE = LeftClickAt
	TARGET =
		WIDGET = WC1ysdbs9243384768876, WR1h6ibpb92248851252, WT11dcrar11573257584, WP1xq5gvr203275038968
		ROLE = UIAButton
		TITLE = OK Enter
		SHAPE = Rect [x:850.0 y:644.0 w:75.0 h:23.0]
		CHILDREN = 0
		PATH = [0, 0, 0, 2, 0]
	DESCRIPTION = Left Click at 'OK Enter'
	TEXT = Compound Action =
		Move mouse to (887.5, 655.5).
		Press Mouse Button BUTTON1
		Release Mouse Button BUTTON1

ExecutedAction [35]: 
 @Action ConcreteID = ACidc9lx7f1270337835 AbstractID = AAidc9lx7f1270337835
 ConcreteID CUSTOM = ConcreteID CUSTOM not available AbstractID CUSTOM = AAvibni580251555762
 @State ConcreteID = SClop8xy8d82913965351 AbstractID = SR1wr9jye88a394598751
 ConcreteID CUSTOM = SC1k9wp028d9493300265 AbstractID CUSTOM = SA17zqhtq8cc2517002058

	ROLE = LeftClickAt
	TARGET =
		WIDGET = WCksdzcq1d2531252402, WR10fgh33101836453781, WT10fgh33101836453781, WP33czns191586358005
		ROLE = UIACustomControl
		TITLE = 
		SHAPE = Rect [x:649.0 y:254.0 w:506.0 h:273.0]
		CHILDREN = 2
		PATH = [0, 0, 1]
	DESCRIPTION = Left Click at ''
	TEXT = Compound Action =
		Move mouse to (902.0, 390.5).
		Press Mouse Button BUTTON1
		Release Mouse Button BUTTON1

ExecutedAction [36]: 
 @Action ConcreteID = AC1c5n3u11232898342404 AbstractID = AA12yeqd7d486182094
 ConcreteID CUSTOM = ConcreteID CUSTOM not available AbstractID CUSTOM = AApgjmjnd551527263
 @State ConcreteID = SClop8xy8d82913965351 AbstractID = SR1wr9jye88a394598751
 ConcreteID CUSTOM = SC1k9wp028d9493300265 AbstractID CUSTOM = SA17zqhtq8cc2517002058

	ROLE = ClickTypeInto
	TARGET =
		WIDGET = WCi9etf61a2562303218, WR4n0dlj72701565195, WT1epjmz4a1362971598, WP1g8k6as163987483179
		ROLE = UIAEdit
		TITLE = MRL
		SHAPE = Rect [x:741.0 y:653.0 w:404.0 h:20.0]
		CHILDREN = 0
		PATH = [0, 0, 4, 6]
	DESCRIPTION = Type '<a href="\x1Bjav...' into 'MRL
	TEXT = Compound Action =
		Compound Action =
		Move mouse to (943.0, 663.0).
		Press Mouse Button BUTTON1
		Release Mouse Button BUTTON1
		Press Key 17
		Press Key 65
		Release Key 65
		Release Key 17
		Type text '<a href="\x1Bjavascript:javascript:alert(1)" id="fuzzelement1">test</a>'

ExecutedAction [37]: 
 @Action ConcreteID = AC50sjma80950933447 AbstractID = AA50sjma80950933447
 ConcreteID CUSTOM = ConcreteID CUSTOM not available AbstractID CUSTOM = AAr198rm811831577152
 @State ConcreteID = SC98qrkv8d91419179350 AbstractID = SR1wr9jye88a394598751
 ConcreteID CUSTOM = SC1y6l6bm8d93098845066 AbstractID CUSTOM = SA17zqhtq8cc2517002058

	ROLE = LeftClickAt
	TARGET =
		WIDGET = WC1ma0oxq23152088416, WR1cs7rxoa2579320938, WT47vwcf13999526862, WPeglohc1f4179146627
		ROLE = UIASpinner
		TITLE = Stop Time
		SHAPE = Rect [x:987.0 y:592.0 w:158.0 h:20.0]
		CHILDREN = 0
		PATH = [0, 0, 4, 9]
	DESCRIPTION = Left Click at 'Stop Time'
	TEXT = Compound Action =
		Move mouse to (1066.0, 602.0).
		Press Mouse Button BUTTON1
		Release Mouse Button BUTTON1

ExecutedAction [38]: 
 @Action ConcreteID = AC20dyzy803761539060 AbstractID = AA20dyzy803761539060
 ConcreteID CUSTOM = ConcreteID CUSTOM not available AbstractID CUSTOM = AAo0uo5a813048289907
 @State ConcreteID = SC98qrkv8d91419179350 AbstractID = SR1wr9jye88a394598751
 ConcreteID CUSTOM = SC1y6l6bm8d93098845066 AbstractID CUSTOM = SA17zqhtq8cc2517002058

	ROLE = LeftClickAt
	TARGET =
		WIDGET = WC1u8tntj241609132828, WR1cs7rxoa2579320938, WT8oof1z141207175969, WP174bxzd203289816131
		ROLE = UIASpinner
		TITLE = Start Time
		SHAPE = Rect [x:987.0 y:566.0 w:158.0 h:20.0]
		CHILDREN = 0
		PATH = [0, 0, 4, 8]
	DESCRIPTION = Left Click at 'Start Time'
	TEXT = Compound Action =
		Move mouse to (1066.0, 576.0).
		Press Mouse Button BUTTON1
		Release Mouse Button BUTTON1

ExecutedAction [39]: 
 @Action ConcreteID = AC50sjma80950933447 AbstractID = AA50sjma80950933447
 ConcreteID CUSTOM = ConcreteID CUSTOM not available AbstractID CUSTOM = AAr198rm811831577152
 @State ConcreteID = SC98qrkv8d91419179350 AbstractID = SR1wr9jye88a394598751
 ConcreteID CUSTOM = SC1y6l6bm8d93098845066 AbstractID CUSTOM = SA17zqhtq8cc2517002058

	ROLE = LeftClickAt
	TARGET =
		WIDGET = WC1ma0oxq23152088416, WR1cs7rxoa2579320938, WT47vwcf13999526862, WPeglohc1f4179146627
		ROLE = UIASpinner
		TITLE = Stop Time
		SHAPE = Rect [x:987.0 y:592.0 w:158.0 h:20.0]
		CHILDREN = 0
		PATH = [0, 0, 4, 9]
	DESCRIPTION = Left Click at 'Stop Time'
	TEXT = Compound Action =
		Move mouse to (1066.0, 602.0).
		Press Mouse Button BUTTON1
		Release Mouse Button BUTTON1

ExecutedAction [40]: 
 @Action ConcreteID = AC1lsa0ms801119290872 AbstractID = AA1lsa0ms801119290872
 ConcreteID CUSTOM = ConcreteID CUSTOM not available AbstractID CUSTOM = AA8rmnt081389198975
 @State ConcreteID = SC98qrkv8d91419179350 AbstractID = SR1wr9jye88a394598751
 ConcreteID CUSTOM = SC1y6l6bm8d93098845066 AbstractID CUSTOM = SA17zqhtq8cc2517002058

	ROLE = LeftClickAt
	TARGET =
		WIDGET = WC1t44z1z223827324020, WR17v7k2nb1067391859, WT1k6fo9t151127508199, WP1etup511e2682910673
		ROLE = UIAMenuItem
		TITLE = Play Alt+P
		SHAPE = Rect [x:1004.0 y:715.0 w:70.0 h:23.0]
		CHILDREN = 0
		PATH = [0, 0, 2]
	DESCRIPTION = Left Click at 'Play Alt+P'
	TEXT = Compound Action =
		Move mouse to (1039.0, 726.5).
		Press Mouse Button BUTTON1
		Release Mouse Button BUTTON1

ExecutedAction [41]: 
 @Action ConcreteID = ACyfxzak7e2597231694 AbstractID = AAyfxzak7e2597231694
 ConcreteID CUSTOM = ConcreteID CUSTOM not available AbstractID CUSTOM = AA1sdw3gw801234578017
 @State ConcreteID = SCetus6t50a405676816 AbstractID = SRp2mmls4eb1947782464
 ConcreteID CUSTOM = SCp83dop517654163510 AbstractID CUSTOM = SA1p6cys05032280394136

	ROLE = LeftClickAt
	TARGET =
		WIDGET = WCku1d4t1d3514802786, WR10fgh33101836453781, WT10fgh33101836453781, WP350dfv19422419493
		ROLE = UIACustomControl
		TITLE = 
		SHAPE = Rect [x:660.0 y:421.0 w:485.0 h:26.0]
		CHILDREN = 3
		PATH = [0, 3, 1]
	DESCRIPTION = Left Click at ''
	TEXT = Compound Action =
		Move mouse to (902.5, 434.0).
		Press Mouse Button BUTTON1
		Release Mouse Button BUTTON1

ExecutedAction [42]: 
 @Action ConcreteID = ACnwul7e7e250835356 AbstractID = AAnwul7e7e250835356
 ConcreteID CUSTOM = ConcreteID CUSTOM not available AbstractID CUSTOM = AA1huspdq803719022515
 @State ConcreteID = SCetus6t50a405676816 AbstractID = SRp2mmls4eb1947782464
 ConcreteID CUSTOM = SCp83dop517654163510 AbstractID CUSTOM = SA1p6cys05032280394136

	ROLE = LeftClickAt
	TARGET =
		WIDGET = WC1lgv6v519663476760, WR1h6ibpb92248851252, WT1h6ibpb92248851252, WP11kx84z152423300628
		ROLE = UIAButton
		TITLE = 
		SHAPE = Rect [x:660.0 y:421.0 w:26.0 h:26.0]
		CHILDREN = 0
		PATH = [0, 3, 1, 0]
	DESCRIPTION = Left Click at ''
	TEXT = Compound Action =
		Move mouse to (673.0, 434.0).
		Press Mouse Button BUTTON1
		Release Mouse Button BUTTON1

ExecutedAction [43]: 
 @Action ConcreteID = ACnibr007e742263285 AbstractID = AAnibr007e742263285
 ConcreteID CUSTOM = ConcreteID CUSTOM not available AbstractID CUSTOM = AA1hg9v6c804284923866
 @State ConcreteID = SCetus6t50a405676816 AbstractID = SRp2mmls4eb1947782464
 ConcreteID CUSTOM = SCp83dop517654163510 AbstractID CUSTOM = SA1p6cys05032280394136

	ROLE = LeftClickAt
	TARGET =
		WIDGET = WC1lhezjy1971787980, WR1h6ibpb92248851252, WT1h6ibpb92248851252, WP11lh0ts153015450048
		ROLE = UIAButton
		TITLE = 
		SHAPE = Rect [x:733.0 y:451.0 w:26.0 h:26.0]
		CHILDREN = 0
		PATH = [0, 3, 2, 4]
	DESCRIPTION = Left Click at ''
	TEXT = Compound Action =
		Move mouse to (746.0, 464.0).
		Press Mouse Button BUTTON1
		Release Mouse Button BUTTON1

ExecutedAction [44]: 
 @Action ConcreteID = ACijgjip7e547376138 AbstractID = AAijgjip7e547376138
 ConcreteID CUSTOM = ConcreteID CUSTOM not available AbstractID CUSTOM = AA1chenp1804093180453
 @State ConcreteID = SCetus6t50a405676816 AbstractID = SRp2mmls4eb1947782464
 ConcreteID CUSTOM = SCp83dop517654163510 AbstractID CUSTOM = SA1p6cys05032280394136

	ROLE = LeftClickAt
	TARGET =
		WIDGET = WCzxkocd2a3149847004, WR1k8fo0ra1109144095, WT1q6qccd17734633670, WP1ysyxhn261539884999
		ROLE = UIATabItem
		TITLE = Audio Effects
		SHAPE = Rect [x:250.0 y:372.0 w:35.0 h:21.0]
		CHILDREN = 0
		PATH = [0, 0, 1, 1, 0]
	DESCRIPTION = Left Click at 'Audio Effects'
	TEXT = Compound Action =
		Move mouse to (267.5, 382.5).
		Press Mouse Button BUTTON1
		Release Mouse Button BUTTON1

ExecutedAction [45]: 
 @Action ConcreteID = ACf74y0i7e3196343461 AbstractID = AAf74y0i7e3196343461
 ConcreteID CUSTOM = ConcreteID CUSTOM not available AbstractID CUSTOM = AA1c82wss7e2999267369
 @State ConcreteID = SCo8hmud685371877846 AbstractID = SR1v1j63f6634211323176
 ConcreteID CUSTOM = SC6v97xp69b3645369068 AbstractID CUSTOM = SAgrfux5687750163142

	ROLE = LeftClickAt
	TARGET =
		WIDGET = WCydso5v2b42275089, WR1p34e3y91942684430, WT1p34e3y91942684430, WP1oepz5x272880882881
		ROLE = UIASlider
		TITLE = 
		SHAPE = Rect [x:481.0 y:471.0 w:22.0 h:225.0]
		CHILDREN = 0
		PATH = [0, 0, 1, 0, 0, 0, 0, 0, 6, 6]
	DESCRIPTION = Left Click at ''
	TEXT = Compound Action =
		Move mouse to (492.0, 583.5).
		Press Mouse Button BUTTON1
		Release Mouse Button BUTTON1

ExecutedAction [46]: 
 @Action ConcreteID = AC13td0v77e396942085 AbstractID = AA13td0v77e396942085
 ConcreteID CUSTOM = ConcreteID CUSTOM not available AbstractID CUSTOM = AA1t6xod7e468303753
 @State ConcreteID = SCo8hmud685371877846 AbstractID = SR1v1j63f6634211323176
 ConcreteID CUSTOM = SC6v97xp69b3645369068 AbstractID CUSTOM = SAgrfux5687750163142

	ROLE = LeftClickAt
	TARGET =
		WIDGET = WCydso2f2b1726600213, WR1p34e3y91942684430, WT1p34e3y91942684430, WP1oepz2h273487174085
		ROLE = UIASlider
		TITLE = 
		SHAPE = Rect [x:397.0 y:471.0 w:22.0 h:225.0]
		CHILDREN = 0
		PATH = [0, 0, 1, 0, 0, 0, 0, 0, 6, 2]
	DESCRIPTION = Left Click at ''
	TEXT = Compound Action =
		Move mouse to (408.0, 583.5).
		Press Mouse Button BUTTON1
		Release Mouse Button BUTTON1

ExecutedAction [47]: 
 @Action ConcreteID = ACf96zpw802047052953 AbstractID = AAf96zpw802047052953
 ConcreteID CUSTOM = ConcreteID CUSTOM not available AbstractID CUSTOM = AA1xy00sj802208222828
 @State ConcreteID = SC1n3jdzk685659288480 AbstractID = SR1v1j63f6634211323176
 ConcreteID CUSTOM = SC1bar8mz69a923647836 AbstractID CUSTOM = SAeniukh6863528667707

	ROLE = LeftClickAt
	TARGET =
		WIDGET = WC94x2o2202389414968, WR10fgh33101836453781, WT10fgh33101836453781, WP16jfg6s1c1058939920
		ROLE = UIACustomControl
		TITLE = 
		SHAPE = Rect [x:1031.0 y:448.0 w:101.0 h:32.0]
		CHILDREN = 2
		PATH = [0, 3, 2, 0]
	DESCRIPTION = Left Click at ''
	TEXT = Compound Action =
		Move mouse to (1081.5, 464.0).
		Press Mouse Button BUTTON1
		Release Mouse Button BUTTON1

ExecutedAction [48]: 
 @Action ConcreteID = AC1wuypak7f2187563658 AbstractID = AA1wuypak7f2187563658
 ConcreteID CUSTOM = ConcreteID CUSTOM not available AbstractID CUSTOM = AAdcaayl7f2801666070
 @State ConcreteID = SC1n3jdzk685659288480 AbstractID = SR1v1j63f6634211323176
 ConcreteID CUSTOM = SC1bar8mz69a923647836 AbstractID CUSTOM = SAeniukh6863528667707

	ROLE = LeftClickAt
	TARGET =
		WIDGET = WCydso2f2b1726600213, WR1p34e3y91942684430, WT1p34e3y91942684430, WP1oepz2h273487174085
		ROLE = UIASlider
		TITLE = 
		SHAPE = Rect [x:397.0 y:471.0 w:22.0 h:225.0]
		CHILDREN = 0
		PATH = [0, 0, 1, 0, 0, 0, 0, 0, 6, 2]
	DESCRIPTION = Left Click at ''
	TEXT = Compound Action =
		Move mouse to (408.0, 583.5).
		Press Mouse Button BUTTON1
		Release Mouse Button BUTTON1

ExecutedAction [49]: 
 @Action ConcreteID = AC1c2pk2y7f1203940885 AbstractID = AA1c2pk2y7f1203940885
 ConcreteID CUSTOM = ConcreteID CUSTOM not available AbstractID CUSTOM = AA1rl57q37f1667183753
 @State ConcreteID = SC1n3jdzk685659288480 AbstractID = SR1v1j63f6634211323176
 ConcreteID CUSTOM = SC1bar8mz69a923647836 AbstractID CUSTOM = SAeniukh6863528667707

	ROLE = LeftClickAt
	TARGET =
		WIDGET = WC16jbmgw1a1935031698, WR10fgh33101836453781, WT10fgh33101836453781, WP1guga9e162215790620
		ROLE = UIACustomControl
		TITLE = 
		SHAPE = Rect [x:660.0 y:391.0 w:485.0 h:90.0]
		CHILDREN = 3
		PATH = [0, 3]
	DESCRIPTION = Left Click at ''
	TEXT = Compound Action =
		Move mouse to (902.5, 436.0).
		Press Mouse Button BUTTON1
		Release Mouse Button BUTTON1

ExecutedAction [50]: 
 @Action ConcreteID = ACi431mt7f953608879 AbstractID = AAi431mt7f953608879
 ConcreteID CUSTOM = ConcreteID CUSTOM not available AbstractID CUSTOM = AAxmip9y7f474705971
 @State ConcreteID = SC1n3jdzk685659288480 AbstractID = SR1v1j63f6634211323176
 ConcreteID CUSTOM = SC1bar8mz69a923647836 AbstractID CUSTOM = SAeniukh6863528667707

	ROLE = LeftClickAt
	TARGET =
		WIDGET = WCku1d5o1d4199739809, WR10fgh33101836453781, WT10fgh33101836453781, WP350dgq19838914022
		ROLE = UIACustomControl
		TITLE = 
		SHAPE = Rect [x:660.0 y:447.0 w:485.0 h:34.0]
		CHILDREN = 11
		PATH = [0, 3, 2]
	DESCRIPTION = Left Click at ''
	TEXT = Compound Action =
		Move mouse to (902.5, 464.0).
		Press Mouse Button BUTTON1
		Release Mouse Button BUTTON1

ExecutedAction [51]: 
 @Action ConcreteID = AC1gdg1we7f1475966315 AbstractID = AA1gdg1we7f1475966315
 ConcreteID CUSTOM = ConcreteID CUSTOM not available AbstractID CUSTOM = AA1vvvpjj7f1935994871
 @State ConcreteID = SC1n3jdzk685659288480 AbstractID = SR1v1j63f6634211323176
 ConcreteID CUSTOM = SC1bar8mz69a923647836 AbstractID CUSTOM = SAeniukh6863528667707

	ROLE = LeftClickAt
	TARGET =
		WIDGET = WC194dial2f319575666, WR1k8fo0ra1109144095, WTiy3hkn133698992215, WPkov0sv2b2847267803
		ROLE = UIATabItem
		TITLE = Equalizer
		SHAPE = Rect [x:261.0 y:403.0 w:28.0 h:21.0]
		CHILDREN = 0
		PATH = [0, 0, 1, 0, 0, 0, 1, 0]
	DESCRIPTION = Left Click at 'Equalizer'
	TEXT = Compound Action =
		Move mouse to (275.0, 413.5).
		Press Mouse Button BUTTON1
		Release Mouse Button BUTTON1

ExecutedAction [52]: 
 @Action ConcreteID = ACuvcumb7f674531905 AbstractID = AAuvcumb7f674531905
 ConcreteID CUSTOM = ConcreteID CUSTOM not available AbstractID CUSTOM = AA1adsi9g7f212406493
 @State ConcreteID = SC1n3jdzk685659288480 AbstractID = SR1v1j63f6634211323176
 ConcreteID CUSTOM = SC1bar8mz69a923647836 AbstractID CUSTOM = SAeniukh6863528667707

	ROLE = LeftClickAt
	TARGET =
		WIDGET = WCoa5w6c233122696270, WR17v7k2nb1067391859, WT1faw5jq16422026351, WPzrter61f3097932180
		ROLE = UIAMenuItem
		TITLE = Audio Alt+A
		SHAPE = Rect [x:774.0 y:370.0 w:49.0 h:20.0]
		CHILDREN = 0
		PATH = [0, 2, 2]
	DESCRIPTION = Left Click at 'Audio Alt+A'
	TEXT = Compound Action =
		Move mouse to (798.5, 380.0).
		Press Mouse Button BUTTON1
		Release Mouse Button BUTTON1

ExecutedAction [53]: 
 @Action ConcreteID = ACjqyybj7f4138812202 AbstractID = AAjqyybj7f4138812202
 ConcreteID CUSTOM = ConcreteID CUSTOM not available AbstractID CUSTOM = AA7ei3es804214398753
 @State ConcreteID = SC538ohz74b3616773653 AbstractID = SR1ss2ewi72a2947583231
 ConcreteID CUSTOM = SCikydrn75e1294429418 AbstractID CUSTOM = SA1wicjb174d2702709856

	ROLE = LeftClickAt
	TARGET =
		WIDGET = WCdrk02m343723220059, WR1k8fo0ra1109144095, WTxko2cb18914322636, WP13nivk303854828260
		ROLE = UIATabItem
		TITLE = Stereo Widener
		SHAPE = Rect [x:356.0 y:403.0 w:35.0 h:21.0]
		CHILDREN = 0
		PATH = [0, 0, 1, 0, 0, 0, 1, 3]
	DESCRIPTION = Left Click at 'Stereo Widener'
	TEXT = Compound Action =
		Move mouse to (373.5, 413.5).
		Press Mouse Button BUTTON1
		Release Mouse Button BUTTON1

ExecutedAction [54]: 
 @Action ConcreteID = ACy7jhvq7f1197575747 AbstractID = AAy7jhvq7f1197575747
 ConcreteID CUSTOM = ConcreteID CUSTOM not available AbstractID CUSTOM = AAb9g0on7f628143776
 @State ConcreteID = SC78kpuy5442185903813 AbstractID = SR2ad42n52f2585666099
 ConcreteID CUSTOM = SC4tlob65511878769406 AbstractID CUSTOM = SA70jc8h5422418645298

	ROLE = LeftClickAt
	TARGET =
		WIDGET = WCoa5w6c233122696270, WR17v7k2nb1067391859, WT1faw5jq16422026351, WPzrter61f3097932180
		ROLE = UIAMenuItem
		TITLE = Audio Alt+A
		SHAPE = Rect [x:774.0 y:370.0 w:49.0 h:20.0]
		CHILDREN = 0
		PATH = [0, 2, 2]
	DESCRIPTION = Left Click at 'Audio Alt+A'
	TEXT = Compound Action =
		Move mouse to (798.5, 380.0).
		Press Mouse Button BUTTON1
		Release Mouse Button BUTTON1

ExecutedAction [55]: 
 @Action ConcreteID = ACnx239i803675564537 AbstractID = AAnx239i803675564537
 ConcreteID CUSTOM = ConcreteID CUSTOM not available AbstractID CUSTOM = AA4kw32e7f484976554
 @State ConcreteID = SC1wmlvgz60a1542041966 AbstractID = SR18zey0m5f61037627259
 ConcreteID CUSTOM = SC1iiik626152253489235 AbstractID CUSTOM = SA5hbnzh6091212895098

	ROLE = LeftClickAt
	TARGET =
		WIDGET = WCudm5vj2e1662650780, WR1k8fo0ra1109144095, WT1u6eeu5122310558738, WP1ennb5d2a2628714310
		ROLE = UIATabItem
		TITLE = Advanced
		SHAPE = Rect [x:391.0 y:403.0 w:24.0 h:21.0]
		CHILDREN = 0
		PATH = [0, 0, 1, 0, 0, 0, 1, 4]
	DESCRIPTION = Left Click at 'Advanced'
	TEXT = Compound Action =
		Move mouse to (403.0, 413.5).
		Press Mouse Button BUTTON1
		Release Mouse Button BUTTON1

ExecutedAction [56]: 
 @Action ConcreteID = AC8itm90801082742407 AbstractID = AA8itm90801082742407
 ConcreteID CUSTOM = ConcreteID CUSTOM not available AbstractID CUSTOM = AA1b2dajc7f3294159102
 @State ConcreteID = SC19s99zu4f91433877492 AbstractID = SRl1kj6h4e42225969024
 ConcreteID CUSTOM = SCcge34z500738201500 AbstractID CUSTOM = SAtdbenh4f03116969520

	ROLE = LeftClickAt
	TARGET =
		WIDGET = WC93thhc204104898392, WR10fgh33101836453781, WT10fgh33101836453781, WP16ibv021c1172207472
		ROLE = UIACustomControl
		TITLE = 
		SHAPE = Rect [x:660.0 y:391.0 w:485.0 h:30.0]
		CHILDREN = 0
		PATH = [0, 3, 0, 0]
	DESCRIPTION = Left Click at ''
	TEXT = Compound Action =
		Move mouse to (902.5, 406.0).
		Press Mouse Button BUTTON1
		Release Mouse Button BUTTON1

ExecutedAction [57]: 
 @Action ConcreteID = ACphg716801699807789 AbstractID = AAphg716801699807789
 ConcreteID CUSTOM = ConcreteID CUSTOM not available AbstractID CUSTOM = AA1s0zvbi7f3783308372
 @State ConcreteID = SC19s99zu4f91433877492 AbstractID = SRl1kj6h4e42225969024
 ConcreteID CUSTOM = SCcge34z500738201500 AbstractID CUSTOM = SAtdbenh4f03116969520

	ROLE = LeftClickAt
	TARGET =
		WIDGET = WCoa5w6c233122696270, WR17v7k2nb1067391859, WT1faw5jq16422026351, WPzrter61f3097932180
		ROLE = UIAMenuItem
		TITLE = Audio Alt+A
		SHAPE = Rect [x:774.0 y:370.0 w:49.0 h:20.0]
		CHILDREN = 0
		PATH = [0, 2, 2]
	DESCRIPTION = Left Click at 'Audio Alt+A'
	TEXT = Compound Action =
		Move mouse to (798.5, 380.0).
		Press Mouse Button BUTTON1
		Release Mouse Button BUTTON1

ExecutedAction [58]: 
 @Action ConcreteID = AC1yzsu0j7e2746558328 AbstractID = AA1yzsu0j7e2746558328
 ConcreteID CUSTOM = ConcreteID CUSTOM not available AbstractID CUSTOM = AA1eiqz4r7f2619320844
 @State ConcreteID = SCseeoh5bf4156849754 AbstractID = SR1grfmw25ab2008522321
 ConcreteID CUSTOM = SC18jla1n5c42313784073 AbstractID CUSTOM = SA1nau7vt5b7226219037

	ROLE = LeftClickAt
	TARGET =
		WIDGET = WC1lhezne192834442944, WR1h6ibpb92248851252, WT1h6ibpb92248851252, WP11lh0x815520704716
		ROLE = UIAButton
		TITLE = 
		SHAPE = Rect [x:849.0 y:451.0 w:26.0 h:26.0]
		CHILDREN = 0
		PATH = [0, 3, 2, 8]
	DESCRIPTION = Left Click at ''
	TEXT = Compound Action =
		Move mouse to (862.0, 464.0).
		Press Mouse Button BUTTON1
		Release Mouse Button BUTTON1

ExecutedAction [59]: 
 @Action ConcreteID = AC1c9pz7n803989171454 AbstractID = AA1c9pz7n803989171454
 ConcreteID CUSTOM = ConcreteID CUSTOM not available AbstractID CUSTOM = AAfs5liv7f1762941575
 @State ConcreteID = SC19s99zu4f91433877492 AbstractID = SRl1kj6h4e42225969024
 ConcreteID CUSTOM = SCcge34z500738201500 AbstractID CUSTOM = SAtdbenh4f03116969520

	ROLE = LeftClickAt
	TARGET =
		WIDGET = WC1jhssi21b581102442, WR88rmk0b1934231702, WT88rmk0b1934231702, WPy94r7g172796856191
		ROLE = UIACheckBox
		TITLE = 
		SHAPE = Rect [x:887.0 y:451.0 w:26.0 h:26.0]
		CHILDREN = 0
		PATH = [0, 3, 2, 9]
	DESCRIPTION = Left Click at ''
	TEXT = Compound Action =
		Move mouse to (900.0, 464.0).
		Press Mouse Button BUTTON1
		Release Mouse Button BUTTON1

ExecutedAction [60]: 
 @Action ConcreteID = ACphg716801699807789 AbstractID = AAphg716801699807789
 ConcreteID CUSTOM = ConcreteID CUSTOM not available AbstractID CUSTOM = AA1s0zvbi7f3783308372
 @State ConcreteID = SC19s99zu4f91433877492 AbstractID = SRl1kj6h4e42225969024
 ConcreteID CUSTOM = SCcge34z500738201500 AbstractID CUSTOM = SAtdbenh4f03116969520

	ROLE = LeftClickAt
	TARGET =
		WIDGET = WCoa5w6c233122696270, WR17v7k2nb1067391859, WT1faw5jq16422026351, WPzrter61f3097932180
		ROLE = UIAMenuItem
		TITLE = Audio Alt+A
		SHAPE = Rect [x:774.0 y:370.0 w:49.0 h:20.0]
		CHILDREN = 0
		PATH = [0, 2, 2]
	DESCRIPTION = Left Click at 'Audio Alt+A'
	TEXT = Compound Action =
		Move mouse to (798.5, 380.0).
		Press Mouse Button BUTTON1
		Release Mouse Button BUTTON1

ExecutedAction [61]: 
 @Action ConcreteID = AC1ns1e7w7e1907942196 AbstractID = AA1ns1e7w7e1907942196
 ConcreteID CUSTOM = ConcreteID CUSTOM not available AbstractID CUSTOM = AA13azjc47f1309830720
 @State ConcreteID = SCseeoh5bf4156849754 AbstractID = SR1grfmw25ab2008522321
 ConcreteID CUSTOM = SC18jla1n5c42313784073 AbstractID CUSTOM = SA1nau7vt5b7226219037

	ROLE = LeftClickAt
	TARGET =
		WIDGET = WCdrk02m343723220059, WR1k8fo0ra1109144095, WTxko2cb18914322636, WP13nivk303854828260
		ROLE = UIATabItem
		TITLE = Stereo Widener
		SHAPE = Rect [x:356.0 y:403.0 w:35.0 h:21.0]
		CHILDREN = 0
		PATH = [0, 0, 1, 0, 0, 0, 1, 3]
	DESCRIPTION = Left Click at 'Stereo Widener'
	TEXT = Compound Action =
		Move mouse to (373.5, 413.5).
		Press Mouse Button BUTTON1
		Release Mouse Button BUTTON1

ExecutedAction [62]: 
 @Action ConcreteID = ACvai0l27f886270080 AbstractID = AAvai0l27f886270080
 ConcreteID CUSTOM = ConcreteID CUSTOM not available AbstractID CUSTOM = AA8cejdz7f1455575139
 @State ConcreteID = SC78kpuy5442185903813 AbstractID = SR2ad42n52f2585666099
 ConcreteID CUSTOM = SC4tlob65511878769406 AbstractID CUSTOM = SA70jc8h5422418645298

	ROLE = LeftClickAt
	TARGET =
		WIDGET = WC1lhezkt19492590221, WR1h6ibpb92248851252, WT1h6ibpb92248851252, WP11lh0un152863082625
		ROLE = UIAButton
		TITLE = 
		SHAPE = Rect [x:759.0 y:451.0 w:26.0 h:26.0]
		CHILDREN = 0
		PATH = [0, 3, 2, 5]
	DESCRIPTION = Left Click at ''
	TEXT = Compound Action =
		Move mouse to (772.0, 464.0).
		Press Mouse Button BUTTON1
		Release Mouse Button BUTTON1

ExecutedAction [63]: 
 @Action ConcreteID = ACf9180b801281915205 AbstractID = AAf9180b801281915205
 ConcreteID CUSTOM = ConcreteID CUSTOM not available AbstractID CUSTOM = AAardx2n801752372344
 @State ConcreteID = SC1pandv95442825547167 AbstractID = SR2ad42n52f2585666099
 ConcreteID CUSTOM = SCacudy85523281726356 AbstractID CUSTOM = SA1px9z955434192263817

	ROLE = LeftClickAt
	TARGET =
		WIDGET = WCs92yw42c3361510070, WR10fgh33101836453781, WT10fgh33101836453781, WP1teka3a283331709745
		ROLE = UIACustomControl
		TITLE = 
		SHAPE = Rect [x:263.0 y:425.0 w:370.0 h:317.0]
		CHILDREN = 1
		PATH = [0, 0, 1, 0, 0, 0, 0, 0]
	DESCRIPTION = Left Click at ''
	TEXT = Compound Action =
		Move mouse to (448.0, 583.5).
		Press Mouse Button BUTTON1
		Release Mouse Button BUTTON1

ExecutedAction [64]: 
 @Action ConcreteID = AC17kdau080159674427 AbstractID = AA17kdau080159674427
 ConcreteID CUSTOM = ConcreteID CUSTOM not available AbstractID CUSTOM = AA132pzwc80765402374
 @State ConcreteID = SC1pandv95442825547167 AbstractID = SR2ad42n52f2585666099
 ConcreteID CUSTOM = SCacudy85523281726356 AbstractID CUSTOM = SA1px9z955434192263817

	ROLE = LeftClickAt
	TARGET =
		WIDGET = WCx2xd4b312174155616, WR1k8fo0ra1109144095, WT1xn65vr151465452121, WP1kvj3bx2d3413647731
		ROLE = UIATabItem
		TITLE = Spatializer
		SHAPE = Rect [x:328.0 y:403.0 w:28.0 h:21.0]
		CHILDREN = 0
		PATH = [0, 0, 1, 0, 0, 0, 1, 2]
	DESCRIPTION = Left Click at 'Spatializer'
	TEXT = Compound Action =
		Move mouse to (342.0, 413.5).
		Press Mouse Button BUTTON1
		Release Mouse Button BUTTON1

ExecutedAction [65]: 
 @Action ConcreteID = ACwoj7l4811175760560 AbstractID = AAwoj7l4811175760560
 ConcreteID CUSTOM = ConcreteID CUSTOM not available AbstractID CUSTOM = AA1o93yxo7f2496898554
 @State ConcreteID = SC1ltd78k52f3067991766 AbstractID = SR1u5imdv51f176007976
 ConcreteID CUSTOM = SC1xgnmbi53f3194552259 AbstractID CUSTOM = SA43frqk52d696060984

	ROLE = LeftClickAt
	TARGET =
		WIDGET = WC94x2o2202389414968, WR10fgh33101836453781, WT10fgh33101836453781, WP16jfg6s1c1058939920
		ROLE = UIACustomControl
		TITLE = 
		SHAPE = Rect [x:1031.0 y:448.0 w:101.0 h:32.0]
		CHILDREN = 2
		PATH = [0, 3, 2, 0]
	DESCRIPTION = Left Click at ''
	TEXT = Compound Action =
		Move mouse to (1081.5, 464.0).
		Press Mouse Button BUTTON1
		Release Mouse Button BUTTON1

ExecutedAction [66]: 
 @Action ConcreteID = AC1oil265803226043125 AbstractID = AA1oil265803226043125
 ConcreteID CUSTOM = ConcreteID CUSTOM not available AbstractID CUSTOM = AA1pelqa17e180827603
 @State ConcreteID = SC1ltd78k52f3067991766 AbstractID = SR1u5imdv51f176007976
 ConcreteID CUSTOM = SC1xgnmbi53f3194552259 AbstractID CUSTOM = SA43frqk52d696060984

	ROLE = LeftClickAt
	TARGET =
		WIDGET = WC1dqip5w261808108306, WR10fgh33101836453781, WT10fgh33101836453781, WPyiss4622142655700
		ROLE = UIACustomControl
		TITLE = 
		SHAPE = Rect [x:261.0 y:403.0 w:376.0 h:343.0]
		CHILDREN = 2
		PATH = [0, 0, 1, 0, 0, 0]
	DESCRIPTION = Left Click at ''
	TEXT = Compound Action =
		Move mouse to (449.0, 574.5).
		Press Mouse Button BUTTON1
		Release Mouse Button BUTTON1

ExecutedAction [67]: 
 @Action ConcreteID = AC1r9z7pj80604463452 AbstractID = AA1r9z7pj80604463452
 ConcreteID CUSTOM = ConcreteID CUSTOM not available AbstractID CUSTOM = AA1s5zvtf7e4002010746
 @State ConcreteID = SC1ltd78k52f3067991766 AbstractID = SR1u5imdv51f176007976
 ConcreteID CUSTOM = SC1xgnmbi53f3194552259 AbstractID CUSTOM = SA43frqk52d696060984

	ROLE = LeftClickAt
	TARGET =
		WIDGET = WC1wrqmi2234196699901, WR17v7k2nb1067391859, WTwtxn65161410781764, WPzqtl881f1988517030
		ROLE = UIAMenuItem
		TITLE = Tools Alt+s
		SHAPE = Rect [x:927.0 y:370.0 w:45.0 h:20.0]
		CHILDREN = 0
		PATH = [0, 2, 5]
	DESCRIPTION = Left Click at 'Tools Alt+s'
	TEXT = Compound Action =
		Move mouse to (949.5, 380.0).
		Press Mouse Button BUTTON1
		Release Mouse Button BUTTON1

ExecutedAction [68]: 
 @Action ConcreteID = AC3399ok811780736359 AbstractID = AA3399ok811780736359
 ConcreteID CUSTOM = ConcreteID CUSTOM not available AbstractID CUSTOM = AA1c856lh813906446940
 @State ConcreteID = SC1gu3fm561d1268836386 AbstractID = SR16by47o60e2347241431
 ConcreteID CUSTOM = SC1omwdh46311148046034 AbstractID CUSTOM = SA15w5c6761b1177662831

	ROLE = LeftClickAt
	TARGET =
		WIDGET = WCigl81b221236350214, WR17v7k2nb1067391859, WT1e6tvxi153323975668, WP1lyad311e2164392518
		ROLE = UIAMenuItem
		TITLE = Help Alt+H
		SHAPE = Rect [x:1013.0 y:370.0 w:42.0 h:20.0]
		CHILDREN = 0
		PATH = [0, 2, 7]
	DESCRIPTION = Left Click at 'Help Alt+H'
	TEXT = Compound Action =
		Move mouse to (1034.0, 380.0).
		Press Mouse Button BUTTON1
		Release Mouse Button BUTTON1

ExecutedAction [69]: 
 @Action ConcreteID = AC11w9f3l804008043819 AbstractID = AA11w9f3l804008043819
 ConcreteID CUSTOM = ConcreteID CUSTOM not available AbstractID CUSTOM = AAflus44803182914740
 @State ConcreteID = SC1gxngpx52e2502404385 AbstractID = SR1u5imdv51f176007976
 ConcreteID CUSTOM = SC1xgnmbi53f3194552259 AbstractID CUSTOM = SA1gfbq2y52e2487688109

	ROLE = LeftClickAt
	TARGET =
		WIDGET = WC1lhezne192834442944, WR1h6ibpb92248851252, WT1h6ibpb92248851252, WP11lh0x815520704716
		ROLE = UIAButton
		TITLE = 
		SHAPE = Rect [x:849.0 y:451.0 w:26.0 h:26.0]
		CHILDREN = 0
		PATH = [0, 3, 2, 8]
	DESCRIPTION = Left Click at ''
	TEXT = Compound Action =
		Move mouse to (862.0, 464.0).
		Press Mouse Button BUTTON1
		Release Mouse Button BUTTON1

ExecutedAction [70]: 
 @Action ConcreteID = AC1pz4b8f814015457770 AbstractID = AA1pz4b8f814015457770
 ConcreteID CUSTOM = ConcreteID CUSTOM not available AbstractID CUSTOM = AA1n82kdl7f3266347552
 @State ConcreteID = SC154mu4c2ee3528886841 AbstractID = SRrwz38n2e02745166178
 ConcreteID CUSTOM = SC1d86f2f2e71987151942 AbstractID CUSTOM = SAhz4bvt2ed504631723

	ROLE = LeftClickAt
	TARGET =
		WIDGET = WC5xpkbv1c2341201004, WR1p34e3y91942684430, WT1p34e3y91942684430, WP1apngjd183937737785
		ROLE = UIASlider
		TITLE = 
		SHAPE = Rect [x:1047.0 y:454.0 w:85.0 h:26.0]
		CHILDREN = 0
		PATH = [0, 2, 2, 0, 1]
	DESCRIPTION = Left Click at ''
	TEXT = Compound Action =
		Move mouse to (1089.5, 467.0).
		Press Mouse Button BUTTON1
		Release Mouse Button BUTTON1

ExecutedAction [71]: 
 @Action ConcreteID = AC11sz38z803694436861 AbstractID = AA11sz38z803694436861
 ConcreteID CUSTOM = ConcreteID CUSTOM not available AbstractID CUSTOM = AA1fgpd7t7e962389506
 @State ConcreteID = SC154mu4c2ee3528886841 AbstractID = SRrwz38n2e02745166178
 ConcreteID CUSTOM = SC1d86f2f2e71987151942 AbstractID CUSTOM = SAhz4bvt2ed504631723

	ROLE = LeftClickAt
	TARGET =
		WIDGET = WCo9m3kz234253084318, WR17v7k2nb1067391859, WT1faw5jq16422026351, WPzr9m5t1f4278635332
		ROLE = UIAMenuItem
		TITLE = Audio Alt+A
		SHAPE = Rect [x:774.0 y:370.0 w:49.0 h:20.0]
		CHILDREN = 0
		PATH = [0, 1, 2]
	DESCRIPTION = Left Click at 'Audio Alt+A'
	TEXT = Compound Action =
		Move mouse to (798.5, 380.0).
		Press Mouse Button BUTTON1
		Release Mouse Button BUTTON1

ExecutedAction [72]: 
 @Action ConcreteID = AC1i582dd813814222474 AbstractID = AA1i582dd813814222474
 ConcreteID CUSTOM = ConcreteID CUSTOM not available AbstractID CUSTOM = AA1w7ce3680511320
 @State ConcreteID = SC1o5ehwc3b31247034719 AbstractID = SRxbiiyc3a72636515567
 ConcreteID CUSTOM = SCf4tp8h3ab2652364990 AbstractID CUSTOM = SA1klkva63b3532715127

	ROLE = LeftClickAt
	TARGET =
		WIDGET = WC5xpkbv1c2341201004, WR1p34e3y91942684430, WT1p34e3y91942684430, WP1apngjd183937737785
		ROLE = UIASlider
		TITLE = 
		SHAPE = Rect [x:1047.0 y:454.0 w:85.0 h:26.0]
		CHILDREN = 0
		PATH = [0, 2, 2, 0, 1]
	DESCRIPTION = Left Click at ''
	TEXT = Compound Action =
		Move mouse to (1089.5, 467.0).
		Press Mouse Button BUTTON1
		Release Mouse Button BUTTON1

ExecutedAction [73]: 
 @Action ConcreteID = AC2xb6s2801357617396 AbstractID = AA2xb6s2801357617396
 ConcreteID CUSTOM = ConcreteID CUSTOM not available AbstractID CUSTOM = AAgl1gqw7e3045318411
 @State ConcreteID = SC154mu4c2ee3528886841 AbstractID = SRrwz38n2e02745166178
 ConcreteID CUSTOM = SC1d86f2f2e71987151942 AbstractID CUSTOM = SAhz4bvt2ed504631723

	ROLE = LeftClickAt
	TARGET =
		WIDGET = WC1ulc3am262005825686, WR17v7k2nb1067391859, WTpcm71l192027518401, WPtkzlz0223118695362
		ROLE = UIAMenuItem
		TITLE = Subtitle Alt+t
		SHAPE = Rect [x:870.0 y:370.0 w:57.0 h:20.0]
		CHILDREN = 0
		PATH = [0, 1, 4]
	DESCRIPTION = Left Click at 'Subtitle Alt+t'
	TEXT = Compound Action =
		Move mouse to (898.5, 380.0).
		Press Mouse Button BUTTON1
		Release Mouse Button BUTTON1

ExecutedAction [74]: 
 @Action ConcreteID = AC1c4cydz7e607907969 AbstractID = AA1c4cydz7e607907969
 ConcreteID CUSTOM = ConcreteID CUSTOM not available AbstractID CUSTOM = AA1n8xxh18056582366
 @State ConcreteID = SC8yhgln32a389728811 AbstractID = SR1oy7jpq31b1895324898
 ConcreteID CUSTOM = SC1ug5vq93231574632723 AbstractID CUSTOM = SA10ab8wn3283420465658

	ROLE = LeftClickAt
	TARGET =
		WIDGET = WCsnsikc193821024913, WR1h6ibpb92248851252, WT1h6ibpb92248851252, WP8ruju6151413172893
		ROLE = UIAButton
		TITLE = 
		SHAPE = Rect [x:823.0 y:451.0 w:26.0 h:26.0]
		CHILDREN = 0
		PATH = [0, 2, 2, 7]
	DESCRIPTION = Left Click at ''
	TEXT = Compound Action =
		Move mouse to (836.0, 464.0).
		Press Mouse Button BUTTON1
		Release Mouse Button BUTTON1

ExecutedAction [75]: 
 @Action ConcreteID = ACphzmkc813334555570 AbstractID = AAphzmkc813334555570
 ConcreteID CUSTOM = ConcreteID CUSTOM not available AbstractID CUSTOM = AAs17yx1802358599173
 @State ConcreteID = SC1cmv0395511744439466 AbstractID = SR1sdj6cz51f2314341141
 ConcreteID CUSTOM = SC17szklp54b2532232690 AbstractID CUSTOM = SA1602mnt543760088365

	ROLE = LeftClickAt
	TARGET =
		WIDGET = WC1fcenkz201119982758, WR10fgh33101836453781, WT10fgh33101836453781, WPdpsz4l1c4088669326
		ROLE = UIACustomControl
		TITLE = 
		SHAPE = Rect [x:1146.0 y:757.0 w:101.0 h:32.0]
		CHILDREN = 2
		PATH = [0, 2, 2, 0]
	DESCRIPTION = Left Click at ''
	TEXT = Compound Action =
		Move mouse to (1196.5, 773.0).
		Press Mouse Button BUTTON1
		Release Mouse Button BUTTON1

ExecutedAction [76]: 
 @Action ConcreteID = ACubsret803075328369 AbstractID = AAubsret803075328369
 ConcreteID CUSTOM = ConcreteID CUSTOM not available AbstractID CUSTOM = AA15v6gik7f1022443285
 @State ConcreteID = SC1cmv0395511744439466 AbstractID = SR1sdj6cz51f2314341141
 ConcreteID CUSTOM = SC17szklp54b2532232690 AbstractID CUSTOM = SA1602mnt543760088365

	ROLE = LeftClickAt
	TARGET =
		WIDGET = WCb8ooqm274034031447, WR5quxi6b4097176690, WT5quxi6b4097176690, WP1sol9dc231909804025
		ROLE = UIATreeItem
		TITLE = 
		SHAPE = Rect [x:665.0 y:542.0 w:158.0 h:26.0]
		CHILDREN = 0
		PATH = [0, 2, 0, 0, 3, 1, 1, 5]
	DESCRIPTION = Left Click at ''
	TEXT = Compound Action =
		Move mouse to (744.0, 555.0).
		Press Mouse Button BUTTON1
		Release Mouse Button BUTTON1

ExecutedAction [77]: 
 @Action ConcreteID = AC1qt13c781367277006 AbstractID = AA1qt13c781367277006
 ConcreteID CUSTOM = ConcreteID CUSTOM not available AbstractID CUSTOM = AA1tc9fow801605380729
 @State ConcreteID = SC1cmv0395511744439466 AbstractID = SR1sdj6cz51f2314341141
 ConcreteID CUSTOM = SC17szklp54b2532232690 AbstractID CUSTOM = SA1602mnt543760088365

	ROLE = LeftClickAt
	TARGET =
		WIDGET = WC1krj4ne35749702554, WR52qhb2b3065858412, WT1ehdijt191275405601, WP1fte88s313874964381
		ROLE = UIAListItem
		TITLE = New folder (4)
		SHAPE = Rect [x:963.0 y:561.0 w:116.0 h:143.0]
		CHILDREN = 0
		PATH = [0, 2, 0, 0, 3, 0, 0, 4]
	DESCRIPTION = Left Click at 'New folder (4)'
	TEXT = Compound Action =
		Move mouse to (1021.0, 632.5).
		Press Mouse Button BUTTON1
		Release Mouse Button BUTTON1

ExecutedAction [78]: 
 @Action ConcreteID = AClnv2is801312626307 AbstractID = AAlnv2is801312626307
 ConcreteID CUSTOM = ConcreteID CUSTOM not available AbstractID CUSTOM = AAx78rmj7f3313623271
 @State ConcreteID = SC1cmv0395511744439466 AbstractID = SR1sdj6cz51f2314341141
 ConcreteID CUSTOM = SC17szklp54b2532232690 AbstractID CUSTOM = SA1602mnt543760088365

	ROLE = LeftClickAt
	TARGET =
		WIDGET = WCb8ooo1273207854480, WR5quxi6b4097176690, WT5quxi6b4097176690, WP1sol9ar231049943358
		ROLE = UIATreeItem
		TITLE = 
		SHAPE = Rect [x:660.0 y:468.0 w:163.0 h:22.0]
		CHILDREN = 0
		PATH = [0, 2, 0, 0, 3, 1, 1, 2]
	DESCRIPTION = Left Click at ''
	TEXT = Compound Action =
		Move mouse to (741.5, 479.0).
		Press Mouse Button BUTTON1
		Release Mouse Button BUTTON1

ExecutedAction [79]: 
 @Action ConcreteID = ACp5alib801556966849 AbstractID = AAp5alib801556966849
 ConcreteID CUSTOM = ConcreteID CUSTOM not available AbstractID CUSTOM = AA10ooam27f3614546853
 @State ConcreteID = SC1cmv0395511744439466 AbstractID = SR1sdj6cz51f2314341141
 ConcreteID CUSTOM = SC17szklp54b2532232690 AbstractID CUSTOM = SA1602mnt543760088365

	ROLE = LeftClickAt
	TARGET =
		WIDGET = WC1l507uu351717053704, WR52qhb2b3065858412, WT1ehdilj192117289891, WP1gubyd4313247139440
		ROLE = UIAListItem
		TITLE = New folder (6)
		SHAPE = Rect [x:847.0 y:704.0 w:116.0 h:143.0]
		CHILDREN = 0
		PATH = [0, 2, 0, 0, 3, 0, 0, 6]
	DESCRIPTION = Left Click at 'New folder (6)'
	TEXT = Compound Action =
		Move mouse to (905.0, 775.5).
		Press Mouse Button BUTTON1
		Release Mouse Button BUTTON1

ExecutedAction [80]: 
 @Action ConcreteID = ACkp115j81690762905 AbstractID = AAkp115j81690762905
 ConcreteID CUSTOM = ConcreteID CUSTOM not available AbstractID CUSTOM = AAn89di8801668820270
 @State ConcreteID = SC1cmv0395511744439466 AbstractID = SR1sdj6cz51f2314341141
 ConcreteID CUSTOM = SC17szklp54b2532232690 AbstractID CUSTOM = SA1602mnt543760088365

	ROLE = LeftClickAt
	TARGET =
		WIDGET = WC5xpkbv1c2341201004, WR1p34e3y91942684430, WT1p34e3y91942684430, WP1apngjd183937737785
		ROLE = UIASlider
		TITLE = 
		SHAPE = Rect [x:1162.0 y:763.0 w:85.0 h:26.0]
		CHILDREN = 0
		PATH = [0, 2, 2, 0, 1]
	DESCRIPTION = Left Click at ''
	TEXT = Compound Action =
		Move mouse to (1204.5, 776.0).
		Press Mouse Button BUTTON1
		Release Mouse Button BUTTON1

ExecutedAction [81]: 
 @Action ConcreteID = AC179z54r803509339876 AbstractID = AA179z54r803509339876
 ConcreteID CUSTOM = ConcreteID CUSTOM not available AbstractID CUSTOM = AA1itcu8i7f1519431808
 @State ConcreteID = SC1cmv0395511744439466 AbstractID = SR1sdj6cz51f2314341141
 ConcreteID CUSTOM = SC17szklp54b2532232690 AbstractID CUSTOM = SA1602mnt543760088365

	ROLE = LeftClickAt
	TARGET =
		WIDGET = WC117me3u22367970642, WR17v7k2nb1067391859, WT1y895rf152412617792, WP15oh92w1e2024737031
		ROLE = UIAMenuItem
		TITLE = View Alt+i
		SHAPE = Rect [x:972.0 y:370.0 w:41.0 h:20.0]
		CHILDREN = 0
		PATH = [0, 1, 6]
	DESCRIPTION = Left Click at 'View Alt+i'
	TEXT = Compound Action =
		Move mouse to (992.5, 380.0).
		Press Mouse Button BUTTON1
		Release Mouse Button BUTTON1

ExecutedAction [82]: 
 @Action ConcreteID = AC1r7uud77f1615640707 AbstractID = AA1r7uud77f1615640707
 ConcreteID CUSTOM = ConcreteID CUSTOM not available AbstractID CUSTOM = AAf2uur27f68130841
 @State ConcreteID = SCqdcpgx67d3563316477 AbstractID = SR1ukzwsc64a2084406865
 ConcreteID CUSTOM = SC1mrtxan67c2487063207 AbstractID CUSTOM = SAqfca5q66c3800132885

	ROLE = LeftClickAt
	TARGET =
		WIDGET = WCb8ooo1273207854480, WR5quxi6b4097176690, WT5quxi6b4097176690, WP1sol9ar231049943358
		ROLE = UIATreeItem
		TITLE = 
		SHAPE = Rect [x:660.0 y:468.0 w:163.0 h:22.0]
		CHILDREN = 0
		PATH = [0, 2, 0, 0, 3, 1, 1, 2]
	DESCRIPTION = Left Click at ''
	TEXT = Compound Action =
		Move mouse to (741.5, 479.0).
		Press Mouse Button BUTTON1
		Release Mouse Button BUTTON1

ExecutedAction [83]: 
 @Action ConcreteID = ACns5gap80516934637 AbstractID = AAns5gap80516934637
 ConcreteID CUSTOM = ConcreteID CUSTOM not available AbstractID CUSTOM = AAzbj5eg7f2507357577
 @State ConcreteID = SC1cmv0395511744439466 AbstractID = SR1sdj6cz51f2314341141
 ConcreteID CUSTOM = SC17szklp54b2532232690 AbstractID CUSTOM = SA1602mnt543760088365

	ROLE = LeftClickAt
	TARGET =
		WIDGET = WC161068t233096303716, WR10fgh33101836453781, WT10fgh33101836453781, WP9t9obv1f1249502342
		ROLE = UIACustomControl
		TITLE = 
		SHAPE = Rect [x:660.0 y:394.0 w:307.0 h:22.0]
		CHILDREN = 1
		PATH = [0, 2, 0, 0, 0]
	DESCRIPTION = Left Click at ''
	TEXT = Compound Action =
		Move mouse to (813.5, 405.0).
		Press Mouse Button BUTTON1
		Release Mouse Button BUTTON1

ExecutedAction [84]: 
 @Action ConcreteID = AC1hdx0ks803717264394 AbstractID = AA1hdx0ks803717264394
 ConcreteID CUSTOM = ConcreteID CUSTOM not available AbstractID CUSTOM = AA1sxapoj7f1445724782
 @State ConcreteID = SC1cmv0395511744439466 AbstractID = SR1sdj6cz51f2314341141
 ConcreteID CUSTOM = SC17szklp54b2532232690 AbstractID CUSTOM = SA1602mnt543760088365

	ROLE = LeftClickAt
	TARGET =
		WIDGET = WCb8oopr273915996694, WR5quxi6b4097176690, WT5quxi6b4097176690, WP1sol9ch231758362296
		ROLE = UIATreeItem
		TITLE = 
		SHAPE = Rect [x:665.0 y:516.0 w:158.0 h:26.0]
		CHILDREN = 0
		PATH = [0, 2, 0, 0, 3, 1, 1, 4]
	DESCRIPTION = Left Click at ''
	TEXT = Compound Action =
		Move mouse to (744.0, 529.0).
		Press Mouse Button BUTTON1
		Release Mouse Button BUTTON1

ExecutedAction [85]: 
 @Action ConcreteID = ACgjn89y802687839098 AbstractID = AAgjn89y802687839098
 ConcreteID CUSTOM = ConcreteID CUSTOM not available AbstractID CUSTOM = AAyju7mn802493029184
 @State ConcreteID = SCc5kvxd54e4006450303 AbstractID = SR1sdj6cz51f2314341141
 ConcreteID CUSTOM = SCsbqhu154b1398157626 AbstractID CUSTOM = SA1602mnt543760088365

	ROLE = LeftClickAt
	TARGET =
		WIDGET = WCig1ffy22236015574, WR17v7k2nb1067391859, WT1e6tvxi153323975668, WP1lxqkho1e3332536470
		ROLE = UIAMenuItem
		TITLE = Help Alt+H
		SHAPE = Rect [x:1013.0 y:370.0 w:42.0 h:20.0]
		CHILDREN = 0
		PATH = [0, 1, 7]
	DESCRIPTION = Left Click at 'Help Alt+H'
	TEXT = Compound Action =
		Move mouse to (1034.0, 380.0).
		Press Mouse Button BUTTON1
		Release Mouse Button BUTTON1

ExecutedAction [86]: 
 @Action ConcreteID = AC1uw89ag813125751269 AbstractID = AA1uw89ag813125751269
 ConcreteID CUSTOM = ConcreteID CUSTOM not available AbstractID CUSTOM = AA131ewad801747710384
 @State ConcreteID = SC1cpocvq5b03272570065 AbstractID = SRqksl7i5822910233132
 ConcreteID CUSTOM = SC1hxykis5ad762095469 AbstractID CUSTOM = SAvbicah5a72582178977

	ROLE = LeftClickAt
	TARGET =
		WIDGET = WCex2xtc1c2412303131, WR17v7k2nb1067391859, WT9krvkb1291459288, WP1dayntu183691370581
		ROLE = UIAMenuItem
		TITLE = Help F1
		SHAPE = Rect [x:1016.0 y:393.0 w:212.0 h:22.0]
		CHILDREN = 0
		PATH = [1, 0]
	DESCRIPTION = Left Click at 'Help F1'
	TEXT = Compound Action =
		Move mouse to (1122.0, 404.0).
		Press Mouse Button BUTTON1
		Release Mouse Button BUTTON1

ExecutedAction [87]: 
 @Action ConcreteID = ACu0n5q67e4026440591 AbstractID = AAu0n5q67e4026440591
 ConcreteID CUSTOM = ConcreteID CUSTOM not available AbstractID CUSTOM = AA95hmnc7e3165958828
 @State ConcreteID = SCrzyv7r630330354141 AbstractID = SR18ctdpl5f5877994986
 ConcreteID CUSTOM = SCzg19mc6243394623352 AbstractID CUSTOM = SAlrlcit620980253297

	ROLE = LeftClickAt
	TARGET =
		WIDGET = WC117me3u22367970642, WR17v7k2nb1067391859, WT1y895rf152412617792, WP15oh92w1e2024737031
		ROLE = UIAMenuItem
		TITLE = View Alt+i
		SHAPE = Rect [x:972.0 y:370.0 w:41.0 h:20.0]
		CHILDREN = 0
		PATH = [0, 1, 6]
	DESCRIPTION = Left Click at 'View Alt+i'
	TEXT = Compound Action =
		Move mouse to (992.5, 380.0).
		Press Mouse Button BUTTON1
		Release Mouse Button BUTTON1

ExecutedAction [88]: 
 @Action ConcreteID = ACngcbve7f1866868979 AbstractID = AAngcbve7f1866868979
 ConcreteID CUSTOM = ConcreteID CUSTOM not available AbstractID CUSTOM = AAfwle7k7f3446805416
 @State ConcreteID = SCrzyv7r630330354141 AbstractID = SR18ctdpl5f5877994986
 ConcreteID CUSTOM = SCzg19mc6243394623352 AbstractID CUSTOM = SAlrlcit620980253297

	ROLE = LeftClickAt
	TARGET =
		WIDGET = WCsn8puo193642210308, WR1h6ibpb92248851252, WT1h6ibpb92248851252, WP8rar4i151861009416
		ROLE = UIAButton
		TITLE = 
		SHAPE = Rect [x:1234.0 y:730.0 w:26.0 h:26.0]
		CHILDREN = 0
		PATH = [0, 2, 1, 2]
	DESCRIPTION = Left Click at ''
	TEXT = Compound Action =
		Move mouse to (1247.0, 743.0).
		Press Mouse Button BUTTON1
		Release Mouse Button BUTTON1

ExecutedAction [89]: 
 @Action ConcreteID = ACex8np280957840862 AbstractID = AAex8np280957840862
 ConcreteID CUSTOM = ConcreteID CUSTOM not available AbstractID CUSTOM = AA5r4jie81258821832
 @State ConcreteID = SC54xp1y6271178802638 AbstractID = SR1e856yt5f51746457280
 ConcreteID CUSTOM = SC1mkrg3h62d195951596 AbstractID CUSTOM = SA1tc78mz6382744163172

	ROLE = LeftClickAt
	TARGET =
		WIDGET = WCe4naw5262334335468, WR10fgh33101836453781, WT10fgh33101836453781, WP1xy1ftj223899025962
		ROLE = UIACustomControl
		TITLE = 
		SHAPE = Rect [x:845.0 y:416.0 w:415.0 h:311.0]
		CHILDREN = 1
		PATH = [1, 2, 0, 0, 3, 0]
	DESCRIPTION = Left Click at ''
	TEXT = Compound Action =
		Move mouse to (1052.5, 571.5).
		Press Mouse Button BUTTON1
		Release Mouse Button BUTTON1

ExecutedAction [90]: 
 @Action ConcreteID = ACafnrs37f232485930 AbstractID = AAafnrs37f232485930
 ConcreteID CUSTOM = ConcreteID CUSTOM not available AbstractID CUSTOM = AA1fdsbdf801956811904
 @State ConcreteID = SC54xp1y6271178802638 AbstractID = SR1e856yt5f51746457280
 ConcreteID CUSTOM = SC1mkrg3h62d195951596 AbstractID CUSTOM = SA1tc78mz6382744163172

	ROLE = LeftClickAt
	TARGET =
		WIDGET = WC1u18v61223645163980, WR17v7k2nb1067391859, WT1y895rf152412617792, WP1yi3q531e3020229017
		ROLE = UIAMenuItem
		TITLE = View Alt+i
		SHAPE = Rect [x:972.0 y:370.0 w:41.0 h:20.0]
		CHILDREN = 0
		PATH = [1, 1, 6]
	DESCRIPTION = Left Click at 'View Alt+i'
	TEXT = Compound Action =
		Move mouse to (992.5, 380.0).
		Press Mouse Button BUTTON1
		Release Mouse Button BUTTON1

ExecutedAction [91]: 
 @Action ConcreteID = ACsxu9st7f1310223807 AbstractID = AAsxu9st7f1310223807
 ConcreteID CUSTOM = ConcreteID CUSTOM not available AbstractID CUSTOM = AA89eoem7f3945392818
 @State ConcreteID = SC1s4vbsz754203352598 AbstractID = SRbvmw547202883573598
 ConcreteID CUSTOM = SCizg8cy75b3682496197 AbstractID CUSTOM = SA138plmj76a935560619

	ROLE = LeftClickAt
	TARGET =
		WIDGET = WC1h9mob7273489828732, WR1h6ibpb92248851252, WTfqv6nk11735077970, WPtp5ymd233087994702
		ROLE = UIAButton
		TITLE = My Music
		SHAPE = Rect [x:660.0 y:394.0 w:10.0 h:22.0]
		CHILDREN = 0
		PATH = [1, 2, 0, 0, 0, 0]
	DESCRIPTION = Left Click at 'My Music'
	TEXT = Compound Action =
		Move mouse to (665.0, 405.0).
		Press Mouse Button BUTTON1
		Release Mouse Button BUTTON1

ExecutedAction [92]: 
 @Action ConcreteID = AC1jnvtat803373816443 AbstractID = AA1jnvtat803373816443
 ConcreteID CUSTOM = ConcreteID CUSTOM not available AbstractID CUSTOM = AA1ahrp45814284639597
 @State ConcreteID = SC54xp1y6271178802638 AbstractID = SR1e856yt5f51746457280
 ConcreteID CUSTOM = SC1mkrg3h62d195951596 AbstractID CUSTOM = SA1tc78mz6382744163172

	ROLE = LeftClickAt
	TARGET =
		WIDGET = WC1xyhva919412706756, WR1h6ibpb92248851252, WT1h6ibpb92248851252, WP1e2jwk3152942443464
		ROLE = UIAButton
		TITLE = 
		SHAPE = Rect [x:1234.0 y:730.0 w:26.0 h:26.0]
		CHILDREN = 0
		PATH = [1, 2, 1, 2]
	DESCRIPTION = Left Click at ''
	TEXT = Compound Action =
		Move mouse to (1247.0, 743.0).
		Press Mouse Button BUTTON1
		Release Mouse Button BUTTON1

ExecutedAction [93]: 
 @Action ConcreteID = ACabogl7f2200093218 AbstractID = AAabogl7f2200093218
 ConcreteID CUSTOM = ConcreteID CUSTOM not available AbstractID CUSTOM = AA158g81x804200276616
 @State ConcreteID = SC54xp1y6271178802638 AbstractID = SR1e856yt5f51746457280
 ConcreteID CUSTOM = SC1mkrg3h62d195951596 AbstractID CUSTOM = SA1tc78mz6382744163172

	ROLE = LeftClickAt
	TARGET =
		WIDGET = WCksxrx81d2997141571, WR10fgh33101836453781, WT10fgh33101836453781, WP33ws8a192063007236
		ROLE = UIACustomControl
		TITLE = 
		SHAPE = Rect [x:722.0 y:367.0 w:476.0 h:397.0]
		CHILDREN = 0
		PATH = [0, 1, 0]
	DESCRIPTION = Left Click at ''
	TEXT = Compound Action =
		Move mouse to (960.0, 565.5).
		Press Mouse Button BUTTON1
		Release Mouse Button BUTTON1

ExecutedAction [94]: 
 @Action ConcreteID = AC1te2p4a7f381902112 AbstractID = AA1te2p4a7f381902112
 ConcreteID CUSTOM = ConcreteID CUSTOM not available AbstractID CUSTOM = AAzb36qi801874509194
 @State ConcreteID = SC54xp1y6271178802638 AbstractID = SR1e856yt5f51746457280
 ConcreteID CUSTOM = SC1mkrg3h62d195951596 AbstractID CUSTOM = SA1tc78mz6382744163172

	ROLE = LeftClickAt
	TARGET =
		WIDGET = WC1xz1nvm191597578516, WR1h6ibpb92248851252, WT1h6ibpb92248851252, WP1e33p5g153905053976
		ROLE = UIAButton
		TITLE = 
		SHAPE = Rect [x:663.0 y:757.0 w:32.0 h:32.0]
		CHILDREN = 0
		PATH = [1, 2, 2, 2]
	DESCRIPTION = Left Click at ''
	TEXT = Compound Action =
		Move mouse to (679.0, 773.0).
		Press Mouse Button BUTTON1
		Release Mouse Button BUTTON1

ExecutedAction [95]: 
 @Action ConcreteID = AC13ta2cv7f3219213105 AbstractID = AA13ta2cv7f3219213105
 ConcreteID CUSTOM = ConcreteID CUSTOM not available AbstractID CUSTOM = AA9qajz3803331894171
 @State ConcreteID = SC54xp1y6271178802638 AbstractID = SR1e856yt5f51746457280
 ConcreteID CUSTOM = SC1mkrg3h62d195951596 AbstractID CUSTOM = SA1tc78mz6382744163172

	ROLE = LeftClickAt
	TARGET =
		WIDGET = WC1dn41mi1d194566287, WR10fgh33101836453781, WT10fgh33101836453781, WPvy31xk193284854472
		ROLE = UIACustomControl
		TITLE = 
		SHAPE = Rect [x:660.0 y:756.0 w:600.0 h:34.0]
		CHILDREN = 11
		PATH = [1, 2, 2]
	DESCRIPTION = Left Click at ''
	TEXT = Compound Action =
		Move mouse to (960.0, 773.0).
		Press Mouse Button BUTTON1
		Release Mouse Button BUTTON1

ExecutedAction [96]: 
 @Action ConcreteID = AC1cjw05b803491813231 AbstractID = AA1cjw05b803491813231
 ConcreteID CUSTOM = ConcreteID CUSTOM not available AbstractID CUSTOM = AA13drvyn813864716409
 @State ConcreteID = SC54xp1y6271178802638 AbstractID = SR1e856yt5f51746457280
 ConcreteID CUSTOM = SC1mkrg3h62d195951596 AbstractID CUSTOM = SA1tc78mz6382744163172

	ROLE = LeftClickAt
	TARGET =
		WIDGET = WC6vqbwl353629126037, WR52qhb2b3065858412, WT1ehdime191730705122, WP2wsdvb312768115570
		ROLE = UIAListItem
		TITLE = New folder (7)
		SHAPE = Rect [x:963.0 y:704.0 w:116.0 h:143.0]
		CHILDREN = 0
		PATH = [1, 2, 0, 0, 3, 0, 0, 7]
	DESCRIPTION = Left Click at 'New folder (7)'
	TEXT = Compound Action =
		Move mouse to (1021.0, 775.5).
		Press Mouse Button BUTTON1
		Release Mouse Button BUTTON1

ExecutedAction [97]: 
 @Action ConcreteID = AC1yjd6el7f1127241358 AbstractID = AA1yjd6el7f1127241358
 ConcreteID CUSTOM = ConcreteID CUSTOM not available AbstractID CUSTOM = AA14gdo0t80977909284
 @State ConcreteID = SC54xp1y6271178802638 AbstractID = SR1e856yt5f51746457280
 ConcreteID CUSTOM = SC1mkrg3h62d195951596 AbstractID CUSTOM = SA1tc78mz6382744163172

	ROLE = LeftClickAt
	TARGET =
		WIDGET = WC1xz1nwh191176644693, WR1h6ibpb92248851252, WT1h6ibpb92248851252, WP1e33p6b154057551961
		ROLE = UIAButton
		TITLE = 
		SHAPE = Rect [x:707.0 y:760.0 w:26.0 h:26.0]
		CHILDREN = 0
		PATH = [1, 2, 2, 3]
	DESCRIPTION = Left Click at ''
	TEXT = Compound Action =
		Move mouse to (720.0, 773.0).
		Press Mouse Button BUTTON1
		Release Mouse Button BUTTON1

ExecutedAction [98]: 
 @Action ConcreteID = AC1fpklwt7f4090212488 AbstractID = AA1fpklwt7f4090212488
 ConcreteID CUSTOM = ConcreteID CUSTOM not available AbstractID CUSTOM = AAlml3j1802326941730
 @State ConcreteID = SC54xp1y6271178802638 AbstractID = SR1e856yt5f51746457280
 ConcreteID CUSTOM = SC1mkrg3h62d195951596 AbstractID CUSTOM = SA1tc78mz6382744163172

	ROLE = LeftClickAt
	TARGET =
		WIDGET = WC16jvf1e1a1462576483, WR10fgh33101836453781, WT10fgh33101836453781, WP1gv02tw162691256557
		ROLE = UIACustomControl
		TITLE = 
		SHAPE = Rect [x:660.0 y:391.0 w:600.0 h:399.0]
		CHILDREN = 3
		PATH = [1, 2]
	DESCRIPTION = Left Click at ''
	TEXT = Compound Action =
		Move mouse to (960.0, 590.5).
		Press Mouse Button BUTTON1
		Release Mouse Button BUTTON1

ExecutedAction [99]: 
 @Action ConcreteID = ACz0h4b57f130086980 AbstractID = AAz0h4b57f130086980
 ConcreteID CUSTOM = ConcreteID CUSTOM not available AbstractID CUSTOM = AAspaaaq7f2293840597
 @State ConcreteID = SCpy0mxr6282552350567 AbstractID = SR1e856yt5f51746457280
 ConcreteID CUSTOM = SC1mkrg3h62d195951596 AbstractID CUSTOM = SAblfztz6383417767470

	ROLE = LeftClickAt
	TARGET =
		WIDGET = WC6ozsav354247503836, WR52qhb2b3065858412, WT1ehdilj192117289891, WP2ebit5311526235300
		ROLE = UIAListItem
		TITLE = New folder (6)
		SHAPE = Rect [x:847.0 y:704.0 w:116.0 h:143.0]
		CHILDREN = 0
		PATH = [1, 2, 0, 0, 3, 0, 0, 6]
	DESCRIPTION = Left Click at 'New folder (6)'
	TEXT = Compound Action =
		Move mouse to (905.0, 775.5).
		Press Mouse Button BUTTON1
		Release Mouse Button BUTTON1

ExecutedAction [100]: 
 @Action ConcreteID = AC1o937ti7f3453461124 AbstractID = AA1o937ti7f3453461124
 ConcreteID CUSTOM = ConcreteID CUSTOM not available AbstractID CUSTOM = AA1hxwdt37f1118724117
 @State ConcreteID = SCpy0mxr6282552350567 AbstractID = SR1e856yt5f51746457280
 ConcreteID CUSTOM = SC1mkrg3h62d195951596 AbstractID CUSTOM = SAblfztz6383417767470

	ROLE = LeftClickAt
	TARGET =
		WIDGET = WCllg5uq204186904582, WR10fgh33101836453781, WT10fgh33101836453781, WP1izyjdg1c1224386606
		ROLE = UIACustomControl
		TITLE = 
		SHAPE = Rect [x:660.0 y:391.0 w:600.0 h:339.0]
		CHILDREN = 4
		PATH = [1, 2, 0, 0]
	DESCRIPTION = Left Click at ''
	TEXT = Compound Action =
		Move mouse to (960.0, 560.5).
		Press Mouse Button BUTTON1
		Release Mouse Button BUTTON1

Sequence 1 finished.
Copying generated sequence ("sequence2632") to output directory...
Copying classified sequence ("sequence2632") to sequences_ok folder...
