Starting sequence 1 (output as: sequence1762)

ExecutedAction [1]: 
 @Action ConcreteID = ACbv3zuz803764013179 AbstractID = AAbv3zuz803764013179
 ConcreteID CUSTOM = ConcreteID CUSTOM not available AbstractID CUSTOM = AA19je7gk801504649823
 @State ConcreteID = SC1ay2avp4aa1320248424 AbstractID = SR1t0hgcj488686626942
 ConcreteID CUSTOM = SCmkojhl4b21605390797 AbstractID CUSTOM = SA17pskou49a3260808033

	ROLE = LeftClickAt
	TARGET =
		WIDGET = WC4ha5tu273898777684, WR5quxi6b4097176690, WT5quxi6b4097176690, WP1lx6qgk231774552314
		ROLE = UIATreeItem
		TITLE = 
		SHAPE = Rect [x:660.0 y:450.0 w:163.0 h:26.0]
		CHILDREN = 0
		PATH = [0, 3, 0, 0, 3, 1, 1, 0]
	DESCRIPTION = Left Click at ''
	TEXT = Compound Action =
		Move mouse to (741.5, 463.0).
		Press Mouse Button BUTTON1
		Release Mouse Button BUTTON1

ExecutedAction [2]: 
 @Action ConcreteID = AC1f1d9kn804020077710 AbstractID = AA1f1d9kn804020077710
 ConcreteID CUSTOM = ConcreteID CUSTOM not available AbstractID CUSTOM = AA1fk3bf1802101771001
 @State ConcreteID = SC1nc411o4961529421974 AbstractID = SRx1ik4a474333690124
 ConcreteID CUSTOM = SC1n8pk4e495298478986 AbstractID CUSTOM = SA12laes84902498637855

	ROLE = LeftClickAt
	TARGET =
		WIDGET = WCsnsil7191683499614, WR1h6ibpb92248851252, WT1h6ibpb92248851252, WP8rujv1153550696018
		ROLE = UIAButton
		TITLE = 
		SHAPE = Rect [x:849.0 y:395.0 w:26.0 h:26.0]
		CHILDREN = 0
		PATH = [0, 2, 2, 8]
	DESCRIPTION = Left Click at ''
	TEXT = Compound Action =
		Move mouse to (862.0, 408.0).
		Press Mouse Button BUTTON1
		Release Mouse Button BUTTON1

ExecutedAction [3]: 
 @Action ConcreteID = AC1r0ze1g7e126434344 AbstractID = AA1r0ze1g7e126434344
 ConcreteID CUSTOM = ConcreteID CUSTOM not available AbstractID CUSTOM = AA1brbwqs802229657587
 @State ConcreteID = SCnoq9az830176182476 AbstractID = SR1yfevkg7f71642670254
 ConcreteID CUSTOM = SC1ch9jh78442630593511 AbstractID CUSTOM = SA1hsge2l82a4019574750

	ROLE = LeftClickAt
	TARGET =
		WIDGET = WC4ha5vk273662987990, WR5quxi6b4097176690, WT5quxi6b4097176690, WP1lx6qia231542710904
		ROLE = UIATreeItem
		TITLE = 
		SHAPE = Rect [x:660.0 y:502.0 w:163.0 h:22.0]
		CHILDREN = 0
		PATH = [0, 3, 0, 0, 3, 1, 1, 2]
	DESCRIPTION = Left Click at ''
	TEXT = Compound Action =
		Move mouse to (741.5, 513.0).
		Press Mouse Button BUTTON1
		Release Mouse Button BUTTON1

ExecutedAction [4]: 
 @Action ConcreteID = AC1ny2y557e4041309968 AbstractID = AA1ny2y557e4041309968
 ConcreteID CUSTOM = ConcreteID CUSTOM not available AbstractID CUSTOM = AA18ofguh801938660555
 @State ConcreteID = SCnoq9az830176182476 AbstractID = SR1yfevkg7f71642670254
 ConcreteID CUSTOM = SC1ch9jh78442630593511 AbstractID CUSTOM = SA1hsge2l82a4019574750

	ROLE = LeftClickAt
	TARGET =
		WIDGET = WCydso452b817066899, WR1p34e3y91942684430, WT1p34e3y91942684430, WP1oepz47272575346243
		ROLE = UIASlider
		TITLE = 
		SHAPE = Rect [x:453.0 y:471.0 w:22.0 h:225.0]
		CHILDREN = 0
		PATH = [0, 0, 1, 0, 0, 0, 0, 0, 6, 4]
	DESCRIPTION = Left Click at ''
	TEXT = Compound Action =
		Move mouse to (464.0, 583.5).
		Press Mouse Button BUTTON1
		Release Mouse Button BUTTON1

ExecutedAction [5]: 
 @Action ConcreteID = ACx5qf5e7e698595683 AbstractID = AAx5qf5e7e698595683
 ConcreteID CUSTOM = ConcreteID CUSTOM not available AbstractID CUSTOM = AAhw2xuq802865715896
 @State ConcreteID = SCnoq9az830176182476 AbstractID = SR1yfevkg7f71642670254
 ConcreteID CUSTOM = SC1ch9jh78442630593511 AbstractID CUSTOM = SA1hsge2l82a4019574750

	ROLE = LeftClickAt
	TARGET =
		WIDGET = WCezupe2c2021024840, WR1p34e3y91942684430, WT1p34e3y91942684430, WPpvfq0w284262233413
		ROLE = UIASlider
		TITLE = 
		SHAPE = Rect [x:537.0 y:471.0 w:22.0 h:225.0]
		CHILDREN = 0
		PATH = [0, 0, 1, 0, 0, 0, 0, 0, 6, 10]
	DESCRIPTION = Left Click at ''
	TEXT = Compound Action =
		Move mouse to (548.0, 583.5).
		Press Mouse Button BUTTON1
		Release Mouse Button BUTTON1

ExecutedAction [6]: 
 @Action ConcreteID = ACpq9ji77e797030288 AbstractID = AApq9ji77e797030288
 ConcreteID CUSTOM = ConcreteID CUSTOM not available AbstractID CUSTOM = AAagm27j802901234763
 @State ConcreteID = SCnoq9az830176182476 AbstractID = SR1yfevkg7f71642670254
 ConcreteID CUSTOM = SC1ch9jh78442630593511 AbstractID CUSTOM = SA1hsge2l82a4019574750

	ROLE = LeftClickAt
	TARGET =
		WIDGET = WCku1d5o1d4199739809, WR10fgh33101836453781, WT10fgh33101836453781, WP350dgq19838914022
		ROLE = UIACustomControl
		TITLE = 
		SHAPE = Rect [x:660.0 y:391.0 w:600.0 h:34.0]
		CHILDREN = 11
		PATH = [0, 3, 2]
	DESCRIPTION = Left Click at ''
	TEXT = Compound Action =
		Move mouse to (960.0, 408.0).
		Press Mouse Button BUTTON1
		Release Mouse Button BUTTON1

ExecutedAction [7]: 
 @Action ConcreteID = AC1kgcnjx7e3545279023 AbstractID = AA1kgcnjx7e3545279023
 ConcreteID CUSTOM = ConcreteID CUSTOM not available AbstractID CUSTOM = AA156p699801346128372
 @State ConcreteID = SCnoq9az830176182476 AbstractID = SR1yfevkg7f71642670254
 ConcreteID CUSTOM = SC1ch9jh78442630593511 AbstractID CUSTOM = SA1hsge2l82a4019574750

	ROLE = LeftClickAt
	TARGET =
		WIDGET = WC1lhezj3191258746635, WR1h6ibpb92248851252, WT1h6ibpb92248851252, WP11lh0sx154244474631
		ROLE = UIAButton
		TITLE = 
		SHAPE = Rect [x:707.0 y:395.0 w:26.0 h:26.0]
		CHILDREN = 0
		PATH = [0, 3, 2, 3]
	DESCRIPTION = Left Click at ''
	TEXT = Compound Action =
		Move mouse to (720.0, 408.0).
		Press Mouse Button BUTTON1
		Release Mouse Button BUTTON1

ExecutedAction [8]: 
 @Action ConcreteID = ACt05mq77e1504550357 AbstractID = AAt05mq77e1504550357
 ConcreteID CUSTOM = ConcreteID CUSTOM not available AbstractID CUSTOM = AAdqi5fj803670113806
 @State ConcreteID = SCnoq9az830176182476 AbstractID = SR1yfevkg7f71642670254
 ConcreteID CUSTOM = SC1ch9jh78442630593511 AbstractID CUSTOM = SA1hsge2l82a4019574750

	ROLE = LeftClickAt
	TARGET =
		WIDGET = WCydso2f2b1726600213, WR1p34e3y91942684430, WT1p34e3y91942684430, WP1oepz2h273487174085
		ROLE = UIASlider
		TITLE = 
		SHAPE = Rect [x:397.0 y:471.0 w:22.0 h:225.0]
		CHILDREN = 0
		PATH = [0, 0, 1, 0, 0, 0, 0, 0, 6, 2]
	DESCRIPTION = Left Click at ''
	TEXT = Compound Action =
		Move mouse to (408.0, 583.5).
		Press Mouse Button BUTTON1
		Release Mouse Button BUTTON1

ExecutedAction [9]: 
 @Action ConcreteID = ACx5qf5e7e698595683 AbstractID = AAx5qf5e7e698595683
 ConcreteID CUSTOM = ConcreteID CUSTOM not available AbstractID CUSTOM = AAhw2xuq802865715896
 @State ConcreteID = SCnoq9az830176182476 AbstractID = SR1yfevkg7f71642670254
 ConcreteID CUSTOM = SC1ch9jh78442630593511 AbstractID CUSTOM = SA1hsge2l82a4019574750

	ROLE = LeftClickAt
	TARGET =
		WIDGET = WCezupe2c2021024840, WR1p34e3y91942684430, WT1p34e3y91942684430, WPpvfq0w284262233413
		ROLE = UIASlider
		TITLE = 
		SHAPE = Rect [x:537.0 y:471.0 w:22.0 h:225.0]
		CHILDREN = 0
		PATH = [0, 0, 1, 0, 0, 0, 0, 0, 6, 10]
	DESCRIPTION = Left Click at ''
	TEXT = Compound Action =
		Move mouse to (548.0, 583.5).
		Press Mouse Button BUTTON1
		Release Mouse Button BUTTON1

ExecutedAction [10]: 
 @Action ConcreteID = AC1y91d007e2265228470 AbstractID = AA1y91d007e2265228470
 ConcreteID CUSTOM = ConcreteID CUSTOM not available AbstractID CUSTOM = AA1izdvpc8073942893
 @State ConcreteID = SCnoq9az830176182476 AbstractID = SR1yfevkg7f71642670254
 ConcreteID CUSTOM = SC1ch9jh78442630593511 AbstractID CUSTOM = SA1hsge2l82a4019574750

	ROLE = LeftClickAt
	TARGET =
		WIDGET = WCzxkocd2a3149847004, WR1k8fo0ra1109144095, WT1q6qccd17734633670, WP1ysyxhn261539884999
		ROLE = UIATabItem
		TITLE = Audio Effects
		SHAPE = Rect [x:250.0 y:372.0 w:35.0 h:21.0]
		CHILDREN = 0
		PATH = [0, 0, 1, 1, 0]
	DESCRIPTION = Left Click at 'Audio Effects'
	TEXT = Compound Action =
		Move mouse to (267.5, 382.5).
		Press Mouse Button BUTTON1
		Release Mouse Button BUTTON1

ExecutedAction [11]: 
 @Action ConcreteID = AC13ntioa7e3309328078 AbstractID = AA13ntioa7e3309328078
 ConcreteID CUSTOM = ConcreteID CUSTOM not available AbstractID CUSTOM = AAoe61dm801177335061
 @State ConcreteID = SCnoq9az830176182476 AbstractID = SR1yfevkg7f71642670254
 ConcreteID CUSTOM = SC1ch9jh78442630593511 AbstractID CUSTOM = SA1hsge2l82a4019574750

	ROLE = LeftClickAt
	TARGET =
		WIDGET = WC11866p7221380889474, WR17v7k2nb1067391859, WT1y895rf152412617792, WP15p11o91e1057977303
		ROLE = UIAMenuItem
		TITLE = View Alt+i
		SHAPE = Rect [x:972.0 y:370.0 w:41.0 h:20.0]
		CHILDREN = 0
		PATH = [0, 2, 6]
	DESCRIPTION = Left Click at 'View Alt+i'
	TEXT = Compound Action =
		Move mouse to (992.5, 380.0).
		Press Mouse Button BUTTON1
		Release Mouse Button BUTTON1

ExecutedAction [12]: 
 @Action ConcreteID = AC1iod2v77e2067751253 AbstractID = AA1iod2v77e2067751253
 ConcreteID CUSTOM = ConcreteID CUSTOM not available AbstractID CUSTOM = AAhnitvy7f469559086
 @State ConcreteID = SCrsqqr195c847350683 AbstractID = SR1kqt0dt922266091035
 ConcreteID CUSTOM = SC18u9gwx9753463552728 AbstractID CUSTOM = SAs9hgvi9531172058207

	ROLE = LeftClickAt
	TARGET =
		WIDGET = WCcb59pa232030241700, WR10fgh33101836453781, WT10fgh33101836453781, WP1f4itrg1f2348235590
		ROLE = UIACustomControl
		TITLE = 
		SHAPE = Rect [x:660.0 y:428.0 w:307.0 h:22.0]
		CHILDREN = 1
		PATH = [0, 3, 0, 0, 0]
	DESCRIPTION = Left Click at ''
	TEXT = Compound Action =
		Move mouse to (813.5, 439.0).
		Press Mouse Button BUTTON1
		Release Mouse Button BUTTON1

ExecutedAction [13]: 
 @Action ConcreteID = AC1c0rbnk7e1705014067 AbstractID = AA1c0rbnk7e1705014067
 ConcreteID CUSTOM = ConcreteID CUSTOM not available AbstractID CUSTOM = AAwr3ucw803872166120
 @State ConcreteID = SCnoq9az830176182476 AbstractID = SR1yfevkg7f71642670254
 ConcreteID CUSTOM = SC1ch9jh78442630593511 AbstractID CUSTOM = SA1hsge2l82a4019574750

	ROLE = LeftClickAt
	TARGET =
		WIDGET = WC1lhezkt19492590221, WR1h6ibpb92248851252, WT1h6ibpb92248851252, WP11lh0un152863082625
		ROLE = UIAButton
		TITLE = 
		SHAPE = Rect [x:759.0 y:395.0 w:26.0 h:26.0]
		CHILDREN = 0
		PATH = [0, 3, 2, 5]
	DESCRIPTION = Left Click at ''
	TEXT = Compound Action =
		Move mouse to (772.0, 408.0).
		Press Mouse Button BUTTON1
		Release Mouse Button BUTTON1

ExecutedAction [14]: 
 @Action ConcreteID = AC127y8t67e3119848110 AbstractID = AA127y8t67e3119848110
 ConcreteID CUSTOM = ConcreteID CUSTOM not available AbstractID CUSTOM = AAmyarii80983169397
 @State ConcreteID = SCnoq9az830176182476 AbstractID = SR1yfevkg7f71642670254
 ConcreteID CUSTOM = SC1ch9jh78442630593511 AbstractID CUSTOM = SA1hsge2l82a4019574750

	ROLE = LeftClickAt
	TARGET =
		WIDGET = WCudm5vj2e1662650780, WR1k8fo0ra1109144095, WT1u6eeu5122310558738, WP1ennb5d2a2628714310
		ROLE = UIATabItem
		TITLE = Advanced
		SHAPE = Rect [x:391.0 y:403.0 w:24.0 h:21.0]
		CHILDREN = 0
		PATH = [0, 0, 1, 0, 0, 0, 1, 4]
	DESCRIPTION = Left Click at 'Advanced'
	TEXT = Compound Action =
		Move mouse to (403.0, 413.5).
		Press Mouse Button BUTTON1
		Release Mouse Button BUTTON1

ExecutedAction [15]: 
 @Action ConcreteID = AC1rnrg1i803953964829 AbstractID = AA1rnrg1i803953964829
 ConcreteID CUSTOM = ConcreteID CUSTOM not available AbstractID CUSTOM = AA5j2orz804128549916
 @State ConcreteID = SC1uuqdt96a43899717762 AbstractID = SR12lxptw6783820177522
 ConcreteID CUSTOM = SC1fp4b36aa3921853990 AbstractID CUSTOM = SA1y5n1t56941180827924

	ROLE = LeftClickAt
	TARGET =
		WIDGET = WCx2xd4b312174155616, WR1k8fo0ra1109144095, WT1xn65vr151465452121, WP1kvj3bx2d3413647731
		ROLE = UIATabItem
		TITLE = Spatializer
		SHAPE = Rect [x:328.0 y:403.0 w:28.0 h:21.0]
		CHILDREN = 0
		PATH = [0, 0, 1, 0, 0, 0, 1, 2]
	DESCRIPTION = Left Click at 'Spatializer'
	TEXT = Compound Action =
		Move mouse to (342.0, 413.5).
		Press Mouse Button BUTTON1
		Release Mouse Button BUTTON1

ExecutedAction [16]: 
 @Action ConcreteID = AC1r76fqr7f3511621412 AbstractID = AA1r76fqr7f3511621412
 ConcreteID CUSTOM = ConcreteID CUSTOM not available AbstractID CUSTOM = AAmw6ffu80942160102
 @State ConcreteID = SC1di9xja6da881698594 AbstractID = SR1y8ruw6b3227390860
 ConcreteID CUSTOM = SCscajaw6e865788414 AbstractID CUSTOM = SA1viumn46d02680235589

	ROLE = LeftClickAt
	TARGET =
		WIDGET = WCn3dwpy303975885943, WR88rmk0b1934231702, WTdz99qr112908560843, WP4d5dx02c3869919282
		ROLE = UIACheckBox
		TITLE = Enable
		SHAPE = Rect [x:272.0 y:434.0 w:352.0 h:299.0]
		CHILDREN = 6
		PATH = [0, 0, 1, 0, 0, 0, 0, 0, 0]
	DESCRIPTION = Left Click at 'Enable'
	TEXT = Compound Action =
		Move mouse to (448.0, 583.5).
		Press Mouse Button BUTTON1
		Release Mouse Button BUTTON1

ExecutedAction [17]: 
 @Action ConcreteID = AC1cy0plv7f3545042306 AbstractID = AA1cy0plv7f3545042306
 ConcreteID CUSTOM = ConcreteID CUSTOM not available AbstractID CUSTOM = AA8n0pay80975839808
 @State ConcreteID = SC1di9xja6da881698594 AbstractID = SR1y8ruw6b3227390860
 ConcreteID CUSTOM = SCscajaw6e865788414 AbstractID CUSTOM = SA1viumn46d02680235589

	ROLE = LeftClickAt
	TARGET =
		WIDGET = WC1kb7r9721745667249, WR1e04pz3e358922214, WT1e04pz3e358922214, WP14jepop1d1511688619
		ROLE = UIASplitButton
		TITLE = 
		SHAPE = Rect [x:660.0 y:450.0 w:600.0 h:311.0]
		CHILDREN = 3
		PATH = [0, 3, 0, 0, 3]
	DESCRIPTION = Left Click at ''
	TEXT = Compound Action =
		Move mouse to (960.0, 605.5).
		Press Mouse Button BUTTON1
		Release Mouse Button BUTTON1

ExecutedAction [18]: 
 @Action ConcreteID = AC100nczf801504588861 AbstractID = AA100nczf801504588861
 ConcreteID CUSTOM = ConcreteID CUSTOM not available AbstractID CUSTOM = AA1t3o35081741208206
 @State ConcreteID = SC1di9xja6da881698594 AbstractID = SR1y8ruw6b3227390860
 ConcreteID CUSTOM = SCscajaw6e865788414 AbstractID CUSTOM = SA1viumn46d02680235589

	ROLE = LeftClickAt
	TARGET =
		WIDGET = WC1fyukwf20187867976, WR4n4ygb71694219017, WT4n4ygb71694219017, WPmjnogt1c4136154481
		ROLE = UIAList
		TITLE = 
		SHAPE = Rect [x:845.0 y:450.0 w:415.0 h:311.0]
		CHILDREN = 0
		PATH = [0, 3, 0, 0, 3, 0, 0]
	DESCRIPTION = Left Click at ''
	TEXT = Compound Action =
		Move mouse to (1052.5, 605.5).
		Press Mouse Button BUTTON1
		Release Mouse Button BUTTON1

ExecutedAction [19]: 
 @Action ConcreteID = ACmbs1ol7f700596676 AbstractID = AAmbs1ol7f700596676
 ConcreteID CUSTOM = ConcreteID CUSTOM not available AbstractID CUSTOM = AA1h1w3cs803232067078
 @State ConcreteID = SC1di9xja6da881698594 AbstractID = SR1y8ruw6b3227390860
 ConcreteID CUSTOM = SCscajaw6e865788414 AbstractID CUSTOM = SA1viumn46d02680235589

	ROLE = LeftClickAt
	TARGET =
		WIDGET = WC1ulvvvz26808321606, WR17v7k2nb1067391859, WTpcm71l192027518401, WPtljekd224265867538
		ROLE = UIAMenuItem
		TITLE = Subtitle Alt+t
		SHAPE = Rect [x:870.0 y:370.0 w:57.0 h:20.0]
		CHILDREN = 0
		PATH = [0, 2, 4]
	DESCRIPTION = Left Click at 'Subtitle Alt+t'
	TEXT = Compound Action =
		Move mouse to (898.5, 380.0).
		Press Mouse Button BUTTON1
		Release Mouse Button BUTTON1

ExecutedAction [20]: 
 @Action ConcreteID = ACsoz9ya804041375320 AbstractID = AAsoz9ya804041375320
 ConcreteID CUSTOM = ConcreteID CUSTOM not available AbstractID CUSTOM = AA13zzzqr802827150897
 @State ConcreteID = SC1estm997161813713816 AbstractID = SR1wf1qbd6ee4017373678
 ConcreteID CUSTOM = SC10ztus0724994232583 AbstractID CUSTOM = SA1ajt0p670b2717090333

	ROLE = LeftClickAt
	TARGET =
		WIDGET = WC1kvrl7a241388749283, WR1h6ibpb92248851252, WTfj8swh143379978768, WP12mswso201927676573
		ROLE = UIAButton
		TITLE = Close Enter
		SHAPE = Rect [x:494.0 y:762.0 w:75.0 h:23.0]
		CHILDREN = 0
		PATH = [0, 0, 2, 1]
	DESCRIPTION = Left Click at 'Close Enter'
	TEXT = Compound Action =
		Move mouse to (531.5, 773.5).
		Press Mouse Button BUTTON1
		Release Mouse Button BUTTON1

ExecutedAction [21]: 
 @Action ConcreteID = AClw6c6l803679595636 AbstractID = AAlw6c6l803679595636
 ConcreteID CUSTOM = ConcreteID CUSTOM not available AbstractID CUSTOM = AAmewe0z801233768963
 @State ConcreteID = SC1nc411o4961529421974 AbstractID = SRx1ik4a474333690124
 ConcreteID CUSTOM = SC1n8pk4e495298478986 AbstractID CUSTOM = SA12laes84902498637855

	ROLE = LeftClickAt
	TARGET =
		WIDGET = WCb8ooo1273207854480, WR5quxi6b4097176690, WT5quxi6b4097176690, WP1sol9ar231049943358
		ROLE = UIATreeItem
		TITLE = 
		SHAPE = Rect [x:660.0 y:502.0 w:163.0 h:22.0]
		CHILDREN = 0
		PATH = [0, 2, 0, 0, 3, 1, 1, 2]
	DESCRIPTION = Left Click at ''
	TEXT = Compound Action =
		Move mouse to (741.5, 513.0).
		Press Mouse Button BUTTON1
		Release Mouse Button BUTTON1

ExecutedAction [22]: 
 @Action ConcreteID = AC13sxay5803884679728 AbstractID = AA13sxay5803884679728
 ConcreteID CUSTOM = ConcreteID CUSTOM not available AbstractID CUSTOM = AA14bncsj801968208967
 @State ConcreteID = SC1nc411o4961529421974 AbstractID = SRx1ik4a474333690124
 ConcreteID CUSTOM = SC1n8pk4e495298478986 AbstractID CUSTOM = SA12laes84902498637855

	ROLE = LeftClickAt
	TARGET =
		WIDGET = WC16jbmg11a1783434451, WR10fgh33101836453781, WT10fgh33101836453781, WP1guga8j162634643805
		ROLE = UIACustomControl
		TITLE = 
		SHAPE = Rect [x:660.0 y:391.0 w:600.0 h:399.0]
		CHILDREN = 3
		PATH = [0, 2]
	DESCRIPTION = Left Click at ''
	TEXT = Compound Action =
		Move mouse to (960.0, 590.5).
		Press Mouse Button BUTTON1
		Release Mouse Button BUTTON1

ExecutedAction [23]: 
 @Action ConcreteID = ACfl7ikd81664075006 AbstractID = AAfl7ikd81664075006
 ConcreteID CUSTOM = ConcreteID CUSTOM not available AbstractID CUSTOM = AAvpn3qf813915892127
 @State ConcreteID = SC1nc411o4961529421974 AbstractID = SRx1ik4a474333690124
 ConcreteID CUSTOM = SC1n8pk4e495298478986 AbstractID CUSTOM = SA12laes84902498637855

	ROLE = LeftClickAt
	TARGET =
		WIDGET = WC1fcenkz201119982758, WR10fgh33101836453781, WT10fgh33101836453781, WPdpsz4l1c4088669326
		ROLE = UIACustomControl
		TITLE = 
		SHAPE = Rect [x:1146.0 y:392.0 w:101.0 h:32.0]
		CHILDREN = 2
		PATH = [0, 2, 2, 0]
	DESCRIPTION = Left Click at ''
	TEXT = Compound Action =
		Move mouse to (1196.5, 408.0).
		Press Mouse Button BUTTON1
		Release Mouse Button BUTTON1

ExecutedAction [24]: 
 @Action ConcreteID = AC1thw9kr801782493988 AbstractID = AA1thw9kr801782493988
 ConcreteID CUSTOM = ConcreteID CUSTOM not available AbstractID CUSTOM = AA1u0mbf5804175777107
 @State ConcreteID = SC1nc411o4961529421974 AbstractID = SRx1ik4a474333690124
 ConcreteID CUSTOM = SC1n8pk4e495298478986 AbstractID CUSTOM = SA12laes84902498637855

	ROLE = LeftClickAt
	TARGET =
		WIDGET = WC1pm5r0o232668325901, WR17v7k2nb1067391859, WT1p8hf68161996799177, WP19ngj4m1f1149120030
		ROLE = UIAMenuItem
		TITLE = Video Alt+V
		SHAPE = Rect [x:823.0 y:370.0 w:47.0 h:20.0]
		CHILDREN = 0
		PATH = [0, 1, 3]
	DESCRIPTION = Left Click at 'Video Alt+V'
	TEXT = Compound Action =
		Move mouse to (846.5, 380.0).
		Press Mouse Button BUTTON1
		Release Mouse Button BUTTON1

ExecutedAction [25]: 
 @Action ConcreteID = AC1gwfxce802440922467 AbstractID = AA1gwfxce802440922467
 ConcreteID CUSTOM = ConcreteID CUSTOM not available AbstractID CUSTOM = AA1554d9s8133865301
 @State ConcreteID = SC7tk7ti5c23406566758 AbstractID = SR1puplip59f2046217050
 ConcreteID CUSTOM = SC1c09h4n5c33719207781 AbstractID CUSTOM = SA1cdyq6f5bc1088529850

	ROLE = LeftClickAt
	TARGET =
		WIDGET = WCtl4gge202358536203, WR4n4ygb71694219017, WT4n4ygb71694219017, WP5xk0s1c1898872370
		ROLE = UIAList
		TITLE = 
		SHAPE = Rect [x:845.0 y:450.0 w:415.0 h:311.0]
		CHILDREN = 0
		PATH = [0, 2, 0, 0, 3, 0, 0]
	DESCRIPTION = Left Click at ''
	TEXT = Compound Action =
		Move mouse to (1052.5, 605.5).
		Press Mouse Button BUTTON1
		Release Mouse Button BUTTON1

ExecutedAction [26]: 
 @Action ConcreteID = ACfl7ikd81664075006 AbstractID = AAfl7ikd81664075006
 ConcreteID CUSTOM = ConcreteID CUSTOM not available AbstractID CUSTOM = AAvpn3qf813915892127
 @State ConcreteID = SC1nc411o4961529421974 AbstractID = SRx1ik4a474333690124
 ConcreteID CUSTOM = SC1n8pk4e495298478986 AbstractID CUSTOM = SA12laes84902498637855

	ROLE = LeftClickAt
	TARGET =
		WIDGET = WC1fcenkz201119982758, WR10fgh33101836453781, WT10fgh33101836453781, WPdpsz4l1c4088669326
		ROLE = UIACustomControl
		TITLE = 
		SHAPE = Rect [x:1146.0 y:392.0 w:101.0 h:32.0]
		CHILDREN = 2
		PATH = [0, 2, 2, 0]
	DESCRIPTION = Left Click at ''
	TEXT = Compound Action =
		Move mouse to (1196.5, 408.0).
		Press Mouse Button BUTTON1
		Release Mouse Button BUTTON1

ExecutedAction [27]: 
 @Action ConcreteID = AC1thw9kr801782493988 AbstractID = AA1thw9kr801782493988
 ConcreteID CUSTOM = ConcreteID CUSTOM not available AbstractID CUSTOM = AA1u0mbf5804175777107
 @State ConcreteID = SC1nc411o4961529421974 AbstractID = SRx1ik4a474333690124
 ConcreteID CUSTOM = SC1n8pk4e495298478986 AbstractID CUSTOM = SA12laes84902498637855

	ROLE = LeftClickAt
	TARGET =
		WIDGET = WC1pm5r0o232668325901, WR17v7k2nb1067391859, WT1p8hf68161996799177, WP19ngj4m1f1149120030
		ROLE = UIAMenuItem
		TITLE = Video Alt+V
		SHAPE = Rect [x:823.0 y:370.0 w:47.0 h:20.0]
		CHILDREN = 0
		PATH = [0, 1, 3]
	DESCRIPTION = Left Click at 'Video Alt+V'
	TEXT = Compound Action =
		Move mouse to (846.5, 380.0).
		Press Mouse Button BUTTON1
		Release Mouse Button BUTTON1

ExecutedAction [28]: 
 @Action ConcreteID = ACmvdvde7f757243894 AbstractID = AAmvdvde7f757243894
 ConcreteID CUSTOM = ConcreteID CUSTOM not available AbstractID CUSTOM = AAhwr67k801575367803
 @State ConcreteID = SC7tk7ti5c23406566758 AbstractID = SR1puplip59f2046217050
 ConcreteID CUSTOM = SC1c09h4n5c33719207781 AbstractID CUSTOM = SA1cdyq6f5bc1088529850

	ROLE = LeftClickAt
	TARGET =
		WIDGET = WC1ulc3am262005825686, WR17v7k2nb1067391859, WTpcm71l192027518401, WPtkzlz0223118695362
		ROLE = UIAMenuItem
		TITLE = Subtitle Alt+t
		SHAPE = Rect [x:870.0 y:370.0 w:57.0 h:20.0]
		CHILDREN = 0
		PATH = [0, 1, 4]
	DESCRIPTION = Left Click at 'Subtitle Alt+t'
	TEXT = Compound Action =
		Move mouse to (898.5, 380.0).
		Press Mouse Button BUTTON1
		Release Mouse Button BUTTON1

ExecutedAction [29]: 
 @Action ConcreteID = AC1h3b70v108292983118 AbstractID = AAraxuv0d63602777923
 ConcreteID CUSTOM = ConcreteID CUSTOM not available AbstractID CUSTOM = AA1b4dhhud6864569099
 @State ConcreteID = SC1nc411o4961529421974 AbstractID = SRx1ik4a474333690124
 ConcreteID CUSTOM = SC1n8pk4e495298478986 AbstractID CUSTOM = SA12laes84902498637855

	ROLE = ClickTypeInto
	TARGET =
		WIDGET = WCdrow3n1a2744948869, WR4n0dlj72701565195, WT4n0dlj72701565195, WPg3xaoh161949044659
		ROLE = UIAEdit
		TITLE = 
		SHAPE = Rect [x:1010.0 y:429.0 w:250.0 h:20.0]
		CHILDREN = 0
		PATH = [0, 2, 0, 0, 2]
	DESCRIPTION = Type '' autofocus onke...' into '
	TEXT = Compound Action =
		Compound Action =
		Move mouse to (1135.0, 439.0).
		Press Mouse Button BUTTON1
		Release Mouse Button BUTTON1
		Press Key 17
		Press Key 65
		Release Key 65
		Release Key 17
		Type text '' autofocus onkeyup='javascript:alert(123)'

ExecutedAction [30]: 
 @Action ConcreteID = AC10dilgq7f2692300585 AbstractID = AA10dilgq7f2692300585
 ConcreteID CUSTOM = ConcreteID CUSTOM not available AbstractID CUSTOM = AAxutzuo7f1849859854
 @State ConcreteID = SCkyxbrr4ab4067878914 AbstractID = SR1kqyar4881326621654
 ConcreteID CUSTOM = SCo3jsha4aa788825155 AbstractID CUSTOM = SAeopr5m4a42929056100

	ROLE = LeftClickAt
	TARGET =
		WIDGET = WCb8oon6272485037651, WR5quxi6b4097176690, WT5quxi6b4097176690, WP1sol99w23364482301
		ROLE = UIATreeItem
		TITLE = 
		SHAPE = Rect [x:660.0 y:476.0 w:163.0 h:26.0]
		CHILDREN = 0
		PATH = [0, 2, 0, 0, 3, 1, 1, 1]
	DESCRIPTION = Left Click at ''
	TEXT = Compound Action =
		Move mouse to (741.5, 489.0).
		Press Mouse Button BUTTON1
		Release Mouse Button BUTTON1

ExecutedAction [31]: 
 @Action ConcreteID = ACtzf7ha802690231498 AbstractID = AAtzf7ha802690231498
 ConcreteID CUSTOM = ConcreteID CUSTOM not available AbstractID CUSTOM = AA1igu0uf7f326326211
 @State ConcreteID = SC1cpufyo4aa4182247713 AbstractID = SR1kqyar4881326621654
 ConcreteID CUSTOM = SC1xt7p24a92760895792 AbstractID CUSTOM = SAeopr5m4a42929056100

	ROLE = LeftClickAt
	TARGET =
		WIDGET = WCqo6bfv1b3993562100, WR88rmk0b1934231702, WT88rmk0b1934231702, WP5fia59171780392929
		ROLE = UIACheckBox
		TITLE = 
		SHAPE = Rect [x:887.0 y:395.0 w:26.0 h:26.0]
		CHILDREN = 0
		PATH = [0, 2, 2, 9]
	DESCRIPTION = Left Click at ''
	TEXT = Compound Action =
		Move mouse to (900.0, 408.0).
		Press Mouse Button BUTTON1
		Release Mouse Button BUTTON1

ExecutedAction [32]: 
 @Action ConcreteID = ACupwhzl802427868318 AbstractID = AAupwhzl802427868318
 ConcreteID CUSTOM = ConcreteID CUSTOM not available AbstractID CUSTOM = AA1j7bbcq7f597471127
 @State ConcreteID = SC1cpufyo4aa4182247713 AbstractID = SR1kqyar4881326621654
 ConcreteID CUSTOM = SC1xt7p24a92760895792 AbstractID CUSTOM = SAeopr5m4a42929056100

	ROLE = LeftClickAt
	TARGET =
		WIDGET = WC11132ie26988553567, WR17v7k2nb1067391859, WT7kxrdw19266625713, WP1rp2dz8223396690116
		ROLE = UIAMenuItem
		TITLE = Playback Alt+l
		SHAPE = Rect [x:710.0 y:370.0 w:64.0 h:20.0]
		CHILDREN = 0
		PATH = [0, 1, 1]
	DESCRIPTION = Left Click at 'Playback Alt+l'
	TEXT = Compound Action =
		Move mouse to (742.0, 380.0).
		Press Mouse Button BUTTON1
		Release Mouse Button BUTTON1

ExecutedAction [33]: 
 @Action ConcreteID = AC1hn74gy80270171576 AbstractID = AA1hn74gy80270171576
 ConcreteID CUSTOM = ConcreteID CUSTOM not available AbstractID CUSTOM = AA1dtljoo802208784896
 @State ConcreteID = SC1gqowt4623306001765 AbstractID = SR3fpxyq60329409405
 ConcreteID CUSTOM = SC108hxah62a1970467621 AbstractID CUSTOM = SA9r2lnd61e1373183692

	ROLE = LeftClickAt
	TARGET =
		WIDGET = WC1b1fs831f1220436439, WR1h6ibpb92248851252, WT1h6ibpb92248851252, WP1iy7y8l1b1739092881
		ROLE = UIAButton
		TITLE = 
		SHAPE = Rect [x:1240.0 y:430.0 w:16.0 h:20.0]
		CHILDREN = 0
		PATH = [0, 2, 0, 0, 2, 0]
	DESCRIPTION = Left Click at ''
	TEXT = Compound Action =
		Move mouse to (1248.0, 440.0).
		Press Mouse Button BUTTON1
		Release Mouse Button BUTTON1

ExecutedAction [34]: 
 @Action ConcreteID = AC1ka4ikq7e3057321884 AbstractID = AA1ka4ikq7e3057321884
 ConcreteID CUSTOM = ConcreteID CUSTOM not available AbstractID CUSTOM = AA17zi2o480331752296
 @State ConcreteID = SCgnmptf495567776262 AbstractID = SRx1ik4a474333690124
 ConcreteID CUSTOM = SC6r4qfq4943573535199 AbstractID CUSTOM = SA12laes84902498637855

	ROLE = LeftClickAt
	TARGET =
		WIDGET = WCb8oorh273680451732, WR5quxi6b4097176690, WT5quxi6b4097176690, WP1sol9e7231526208570
		ROLE = UIATreeItem
		TITLE = 
		SHAPE = Rect [x:660.0 y:602.0 w:163.0 h:22.0]
		CHILDREN = 0
		PATH = [0, 2, 0, 0, 3, 1, 1, 6]
	DESCRIPTION = Left Click at ''
	TEXT = Compound Action =
		Move mouse to (741.5, 613.0).
		Press Mouse Button BUTTON1
		Release Mouse Button BUTTON1

ExecutedAction [35]: 
 @Action ConcreteID = ACdynu1a7e665441963 AbstractID = AAdynu1a7e665441963
 ConcreteID CUSTOM = ConcreteID CUSTOM not available AbstractID CUSTOM = AA1o1e4o802186605151
 @State ConcreteID = SCgnmptf495567776262 AbstractID = SRx1ik4a474333690124
 ConcreteID CUSTOM = SC6r4qfq4943573535199 AbstractID CUSTOM = SA12laes84902498637855

	ROLE = LeftClickAt
	TARGET =
		WIDGET = WCb8oosc273259239893, WR5quxi6b4097176690, WT5quxi6b4097176690, WP1sol9f2231138960763
		ROLE = UIATreeItem
		TITLE = 
		SHAPE = Rect [x:665.0 y:624.0 w:158.0 h:26.0]
		CHILDREN = 0
		PATH = [0, 2, 0, 0, 3, 1, 1, 7]
	DESCRIPTION = Left Click at ''
	TEXT = Compound Action =
		Move mouse to (744.0, 637.0).
		Press Mouse Button BUTTON1
		Release Mouse Button BUTTON1

ExecutedAction [36]: 
 @Action ConcreteID = AC19em10u7e1971040764 AbstractID = AA19em10u7e1971040764
 ConcreteID CUSTOM = ConcreteID CUSTOM not available AbstractID CUSTOM = AAx3zl48803498480904
 @State ConcreteID = SCgnmptf495567776262 AbstractID = SRx1ik4a474333690124
 ConcreteID CUSTOM = SC6r4qfq4943573535199 AbstractID CUSTOM = SA12laes84902498637855

	ROLE = LeftClickAt
	TARGET =
		WIDGET = WCqo6bfv1b3993562100, WR88rmk0b1934231702, WT88rmk0b1934231702, WP5fia59171780392929
		ROLE = UIACheckBox
		TITLE = 
		SHAPE = Rect [x:887.0 y:395.0 w:26.0 h:26.0]
		CHILDREN = 0
		PATH = [0, 2, 2, 9]
	DESCRIPTION = Left Click at ''
	TEXT = Compound Action =
		Move mouse to (900.0, 408.0).
		Press Mouse Button BUTTON1
		Release Mouse Button BUTTON1

ExecutedAction [37]: 
 @Action ConcreteID = ACdynu1a7e665441963 AbstractID = AAdynu1a7e665441963
 ConcreteID CUSTOM = ConcreteID CUSTOM not available AbstractID CUSTOM = AA1o1e4o802186605151
 @State ConcreteID = SCgnmptf495567776262 AbstractID = SRx1ik4a474333690124
 ConcreteID CUSTOM = SC6r4qfq4943573535199 AbstractID CUSTOM = SA12laes84902498637855

	ROLE = LeftClickAt
	TARGET =
		WIDGET = WCb8oosc273259239893, WR5quxi6b4097176690, WT5quxi6b4097176690, WP1sol9f2231138960763
		ROLE = UIATreeItem
		TITLE = 
		SHAPE = Rect [x:665.0 y:624.0 w:158.0 h:26.0]
		CHILDREN = 0
		PATH = [0, 2, 0, 0, 3, 1, 1, 7]
	DESCRIPTION = Left Click at ''
	TEXT = Compound Action =
		Move mouse to (744.0, 637.0).
		Press Mouse Button BUTTON1
		Release Mouse Button BUTTON1

ExecutedAction [38]: 
 @Action ConcreteID = ACzskzam7e2240756600 AbstractID = AAzskzam7e2240756600
 ConcreteID CUSTOM = ConcreteID CUSTOM not available AbstractID CUSTOM = AAnhyje080544350092
 @State ConcreteID = SCgnmptf495567776262 AbstractID = SRx1ik4a474333690124
 ConcreteID CUSTOM = SC6r4qfq4943573535199 AbstractID CUSTOM = SA12laes84902498637855

	ROLE = LeftClickAt
	TARGET =
		WIDGET = WCsnsihr193371001170, WR1h6ibpb92248851252, WT1h6ibpb92248851252, WP8rujrl152132155742
		ROLE = UIAButton
		TITLE = 
		SHAPE = Rect [x:733.0 y:395.0 w:26.0 h:26.0]
		CHILDREN = 0
		PATH = [0, 2, 2, 4]
	DESCRIPTION = Left Click at ''
	TEXT = Compound Action =
		Move mouse to (746.0, 408.0).
		Press Mouse Button BUTTON1
		Release Mouse Button BUTTON1

ExecutedAction [39]: 
 @Action ConcreteID = AC8ofon7e2223338667 AbstractID = AA8ofon7e2223338667
 ConcreteID CUSTOM = ConcreteID CUSTOM not available AbstractID CUSTOM = AA1mz61r580561533023
 @State ConcreteID = SCgnmptf495567776262 AbstractID = SRx1ik4a474333690124
 ConcreteID CUSTOM = SC6r4qfq4943573535199 AbstractID CUSTOM = SA12laes84902498637855

	ROLE = LeftClickAt
	TARGET =
		WIDGET = WCezylrw213754510323, WR1e04pz3e358922214, WT1e04pz3e358922214, WP1y99m6i1d2845979881
		ROLE = UIASplitButton
		TITLE = 
		SHAPE = Rect [x:977.0 y:428.0 w:23.0 h:22.0]
		CHILDREN = 0
		PATH = [0, 2, 0, 0, 1]
	DESCRIPTION = Left Click at ''
	TEXT = Compound Action =
		Move mouse to (988.5, 439.0).
		Press Mouse Button BUTTON1
		Release Mouse Button BUTTON1

ExecutedAction [40]: 
 @Action ConcreteID = ACwves8j80106399656 AbstractID = AAwves8j80106399656
 ConcreteID CUSTOM = ConcreteID CUSTOM not available AbstractID CUSTOM = AA1eammon801192004887
 @State ConcreteID = SC1q14uht4d31538754024 AbstractID = SR1fuwazr4b01196372936
 ConcreteID CUSTOM = SC17qli084d24141204889 AbstractID CUSTOM = SA12488pv4d02382251738

	ROLE = LeftClickAt
	TARGET =
		WIDGET = WCb8oomb272365954834, WR5quxi6b4097176690, WT5quxi6b4097176690, WP1sol99123211992508
		ROLE = UIATreeItem
		TITLE = 
		SHAPE = Rect [x:660.0 y:450.0 w:163.0 h:26.0]
		CHILDREN = 0
		PATH = [0, 2, 0, 0, 3, 1, 1, 0]
	DESCRIPTION = Left Click at ''
	TEXT = Compound Action =
		Move mouse to (741.5, 463.0).
		Press Mouse Button BUTTON1
		Release Mouse Button BUTTON1

ExecutedAction [41]: 
 @Action ConcreteID = AC1kmzyzq801254026654 AbstractID = AA1kmzyzq801254026654
 ConcreteID CUSTOM = ConcreteID CUSTOM not available AbstractID CUSTOM = AAnlesix803198573699
 @State ConcreteID = SC11ea8564d44104894457 AbstractID = SR1fuwazr4b01196372936
 ConcreteID CUSTOM = SCc1xl804d3318868114 AbstractID CUSTOM = SA12488pv4d02382251738

	ROLE = LeftClickAt
	TARGET =
		WIDGET = WCsnsiim193522581523, WR1h6ibpb92248851252, WT1h6ibpb92248851252, WP8rujsg151712139295
		ROLE = UIAButton
		TITLE = 
		SHAPE = Rect [x:759.0 y:395.0 w:26.0 h:26.0]
		CHILDREN = 0
		PATH = [0, 2, 2, 5]
	DESCRIPTION = Left Click at ''
	TEXT = Compound Action =
		Move mouse to (772.0, 408.0).
		Press Mouse Button BUTTON1
		Release Mouse Button BUTTON1

ExecutedAction [42]: 
 @Action ConcreteID = AC1runy0w803252181577 AbstractID = AA1runy0w803252181577
 ConcreteID CUSTOM = ConcreteID CUSTOM not available AbstractID CUSTOM = AAut2rk380901835604
 @State ConcreteID = SC11ea8564d44104894457 AbstractID = SR1fuwazr4b01196372936
 ConcreteID CUSTOM = SCc1xl804d3318868114 AbstractID CUSTOM = SA12488pv4d02382251738

	ROLE = LeftClickAt
	TARGET =
		WIDGET = WCkthkjg1d3961490386, WR10fgh33101836453781, WT10fgh33101836453781, WP34gkui19609072533
		ROLE = UIACustomControl
		TITLE = 
		SHAPE = Rect [x:660.0 y:764.0 w:600.0 h:26.0]
		CHILDREN = 3
		PATH = [0, 2, 1]
	DESCRIPTION = Left Click at ''
	TEXT = Compound Action =
		Move mouse to (960.0, 777.0).
		Press Mouse Button BUTTON1
		Release Mouse Button BUTTON1

ExecutedAction [43]: 
 @Action ConcreteID = ACtrawsk80475531903 AbstractID = AAtrawsk80475531903
 ConcreteID CUSTOM = ConcreteID CUSTOM not available AbstractID CUSTOM = AA1vqtsav803896556386
 @State ConcreteID = SC11ea8564d44104894457 AbstractID = SR1fuwazr4b01196372936
 ConcreteID CUSTOM = SCc1xl804d3318868114 AbstractID CUSTOM = SA12488pv4d02382251738

	ROLE = LeftClickAt
	TARGET =
		WIDGET = WCsnsil7191683499614, WR1h6ibpb92248851252, WT1h6ibpb92248851252, WP8rujv1153550696018
		ROLE = UIAButton
		TITLE = 
		SHAPE = Rect [x:849.0 y:395.0 w:26.0 h:26.0]
		CHILDREN = 0
		PATH = [0, 2, 2, 8]
	DESCRIPTION = Left Click at ''
	TEXT = Compound Action =
		Move mouse to (862.0, 408.0).
		Press Mouse Button BUTTON1
		Release Mouse Button BUTTON1

ExecutedAction [44]: 
 @Action ConcreteID = ACtcbihs80369379263 AbstractID = AAtcbihs80369379263
 ConcreteID CUSTOM = ConcreteID CUSTOM not available AbstractID CUSTOM = AA1rq9cpe7f2720981474
 @State ConcreteID = SC12osy457182960387059 AbstractID = SR1bdmx76ef3980196802
 ConcreteID CUSTOM = SCyyqv9d7241642846659 AbstractID CUSTOM = SA1uocao770f334436924

	ROLE = LeftClickAt
	TARGET =
		WIDGET = WC4ha5zv272804102803, WR5quxi6b4097176690, WT5quxi6b4097176690, WP1lx6qml23646189629
		ROLE = UIATreeItem
		TITLE = 
		SHAPE = Rect [x:665.0 y:624.0 w:158.0 h:26.0]
		CHILDREN = 0
		PATH = [0, 3, 0, 0, 3, 1, 1, 7]
	DESCRIPTION = Left Click at ''
	TEXT = Compound Action =
		Move mouse to (744.0, 637.0).
		Press Mouse Button BUTTON1
		Release Mouse Button BUTTON1

ExecutedAction [45]: 
 @Action ConcreteID = AC1os9phc801154883816 AbstractID = AA1os9phc801154883816
 ConcreteID CUSTOM = ConcreteID CUSTOM not available AbstractID CUSTOM = AAo53hpu7f4043081397
 @State ConcreteID = SC12osy457182960387059 AbstractID = SR1bdmx76ef3980196802
 ConcreteID CUSTOM = SCyyqv9d7241642846659 AbstractID CUSTOM = SA1uocao770f334436924

	ROLE = LeftClickAt
	TARGET =
		WIDGET = WC1jhssi21b581102442, WR88rmk0b1934231702, WT88rmk0b1934231702, WPy94r7g172796856191
		ROLE = UIACheckBox
		TITLE = 
		SHAPE = Rect [x:887.0 y:395.0 w:26.0 h:26.0]
		CHILDREN = 0
		PATH = [0, 3, 2, 9]
	DESCRIPTION = Left Click at ''
	TEXT = Compound Action =
		Move mouse to (900.0, 408.0).
		Press Mouse Button BUTTON1
		Release Mouse Button BUTTON1

ExecutedAction [46]: 
 @Action ConcreteID = ACy4t0zg801949866926 AbstractID = AAy4t0zg801949866926
 ConcreteID CUSTOM = ConcreteID CUSTOM not available AbstractID CUSTOM = AA1wiqv727f3222420979
 @State ConcreteID = SC12osy457182960387059 AbstractID = SR1bdmx76ef3980196802
 ConcreteID CUSTOM = SCyyqv9d7241642846659 AbstractID CUSTOM = SA1uocao770f334436924

	ROLE = LeftClickAt
	TARGET =
		WIDGET = WC4ha5y5272501202961, WR5quxi6b4097176690, WT5quxi6b4097176690, WP1lx6qkv23347238591
		ROLE = UIATreeItem
		TITLE = 
		SHAPE = Rect [x:665.0 y:576.0 w:158.0 h:26.0]
		CHILDREN = 0
		PATH = [0, 3, 0, 0, 3, 1, 1, 5]
	DESCRIPTION = Left Click at ''
	TEXT = Compound Action =
		Move mouse to (744.0, 589.0).
		Press Mouse Button BUTTON1
		Release Mouse Button BUTTON1

ExecutedAction [47]: 
 @Action ConcreteID = ACwkkw9980928212398 AbstractID = AAwkkw9980928212398
 ConcreteID CUSTOM = ConcreteID CUSTOM not available AbstractID CUSTOM = AA1bds32o802573145901
 @State ConcreteID = SC7u1hfeb1c2809282121 AbstractID = SRzp8th2ab81155857624
 ConcreteID CUSTOM = SC20n8kwb392330480137 AbstractID CUSTOM = SAl6vr3nb0c2884324580

	ROLE = LeftClickAt
	TARGET =
		WIDGET = WC1at63no271543077324, WR5quxi6b4097176690, WT5quxi6b4097176690, WPt7ymba233663616354
		ROLE = UIATreeItem
		TITLE = 
		SHAPE = Rect [x:1046.0 y:496.0 w:80.0 h:22.0]
		CHILDREN = 0
		PATH = [0, 3, 0, 0, 3, 0, 9, 7]
	DESCRIPTION = Left Click at ''
	TEXT = Compound Action =
		Move mouse to (1086.0, 507.0).
		Press Mouse Button BUTTON1
		Release Mouse Button BUTTON1

ExecutedAction [48]: 
 @Action ConcreteID = AC115s6b280731137772 AbstractID = AA115s6b280731137772
 ConcreteID CUSTOM = ConcreteID CUSTOM not available AbstractID CUSTOM = AA1fyzd4h802241344623
 @State ConcreteID = SC7u1hfeb1c2809282121 AbstractID = SRzp8th2ab81155857624
 ConcreteID CUSTOM = SC20n8kwb392330480137 AbstractID CUSTOM = SAl6vr3nb0c2884324580

	ROLE = LeftClickAt
	TARGET =
		WIDGET = WC1at63oj273697369347, WR5quxi6b4097176690, WT5quxi6b4097176690, WPt7ymc5231573275053
		ROLE = UIATreeItem
		TITLE = 
		SHAPE = Rect [x:1126.0 y:496.0 w:116.0 h:22.0]
		CHILDREN = 0
		PATH = [0, 3, 0, 0, 3, 0, 9, 8]
	DESCRIPTION = Left Click at ''
	TEXT = Compound Action =
		Move mouse to (1184.0, 507.0).
		Press Mouse Button BUTTON1
		Release Mouse Button BUTTON1

ExecutedAction [49]: 
 @Action ConcreteID = ACiw5fmr802828515484 AbstractID = AAiw5fmr802828515484
 ConcreteID CUSTOM = ConcreteID CUSTOM not available AbstractID CUSTOM = AAxpcmg680110873119
 @State ConcreteID = SC7u1hfeb1c2809282121 AbstractID = SRzp8th2ab81155857624
 ConcreteID CUSTOM = SC20n8kwb392330480137 AbstractID CUSTOM = SAl6vr3nb0c2884324580

	ROLE = LeftClickAt
	TARGET =
		WIDGET = WC1at63ly271775181646, WR5quxi6b4097176690, WT5quxi6b4097176690, WPt7ym9k233899145184
		ROLE = UIATreeItem
		TITLE = 
		SHAPE = Rect [x:1126.0 y:474.0 w:116.0 h:22.0]
		CHILDREN = 0
		PATH = [0, 3, 0, 0, 3, 0, 9, 5]
	DESCRIPTION = Left Click at ''
	TEXT = Compound Action =
		Move mouse to (1184.0, 485.0).
		Press Mouse Button BUTTON1
		Release Mouse Button BUTTON1

ExecutedAction [50]: 
 @Action ConcreteID = AC115s6b280731137772 AbstractID = AA115s6b280731137772
 ConcreteID CUSTOM = ConcreteID CUSTOM not available AbstractID CUSTOM = AA1fyzd4h802241344623
 @State ConcreteID = SC7u1hfeb1c2809282121 AbstractID = SRzp8th2ab81155857624
 ConcreteID CUSTOM = SC20n8kwb392330480137 AbstractID CUSTOM = SAl6vr3nb0c2884324580

	ROLE = LeftClickAt
	TARGET =
		WIDGET = WC1at63oj273697369347, WR5quxi6b4097176690, WT5quxi6b4097176690, WPt7ymc5231573275053
		ROLE = UIATreeItem
		TITLE = 
		SHAPE = Rect [x:1126.0 y:496.0 w:116.0 h:22.0]
		CHILDREN = 0
		PATH = [0, 3, 0, 0, 3, 0, 9, 8]
	DESCRIPTION = Left Click at ''
	TEXT = Compound Action =
		Move mouse to (1184.0, 507.0).
		Press Mouse Button BUTTON1
		Release Mouse Button BUTTON1

ExecutedAction [51]: 
 @Action ConcreteID = ACush6mm7f3740069943 AbstractID = AAush6mm7f3740069943
 ConcreteID CUSTOM = ConcreteID CUSTOM not available AbstractID CUSTOM = AA1rci33f7f66337247
 @State ConcreteID = SC7u1hfeb1c2809282121 AbstractID = SRzp8th2ab81155857624
 ConcreteID CUSTOM = SC20n8kwb392330480137 AbstractID CUSTOM = SAl6vr3nb0c2884324580

	ROLE = LeftClickAt
	TARGET =
		WIDGET = WCx2xd4b312174155616, WR1k8fo0ra1109144095, WT1xn65vr151465452121, WP1kvj3bx2d3413647731
		ROLE = UIATabItem
		TITLE = Spatializer
		SHAPE = Rect [x:328.0 y:403.0 w:28.0 h:21.0]
		CHILDREN = 0
		PATH = [0, 0, 1, 0, 0, 0, 1, 2]
	DESCRIPTION = Left Click at 'Spatializer'
	TEXT = Compound Action =
		Move mouse to (342.0, 413.5).
		Press Mouse Button BUTTON1
		Release Mouse Button BUTTON1

ExecutedAction [52]: 
 @Action ConcreteID = AC1o5isq3801732712114 AbstractID = AA1o5isq3801732712114
 ConcreteID CUSTOM = ConcreteID CUSTOM not available AbstractID CUSTOM = AA3xlxke803377161265
 @State ConcreteID = SC7u1hfeb1c2809282121 AbstractID = SRzp8th2ab81155857624
 ConcreteID CUSTOM = SC20n8kwb392330480137 AbstractID CUSTOM = SAl6vr3nb0c2884324580

	ROLE = LeftClickAt
	TARGET =
		WIDGET = WC1p3er0t2e146839370, WR52qhb2b3065858412, WTrktj1o154143545019, WP3huhp72a789455693
		ROLE = UIAListItem
		TITLE = New folder
		SHAPE = Rect [x:963.0 y:452.0 w:116.0 h:143.0]
		CHILDREN = 0
		PATH = [0, 3, 0, 0, 3, 0, 1]
	DESCRIPTION = Left Click at 'New folder'
	TEXT = Compound Action =
		Move mouse to (1021.0, 523.5).
		Press Mouse Button BUTTON1
		Release Mouse Button BUTTON1

ExecutedAction [53]: 
 @Action ConcreteID = AC1vuoq767f3667056318 AbstractID = AA1vuoq767f3667056318
 ConcreteID CUSTOM = ConcreteID CUSTOM not available AbstractID CUSTOM = AAtdlkov7f126492502
 @State ConcreteID = SC7u1hfeb1c2809282121 AbstractID = SRzp8th2ab81155857624
 ConcreteID CUSTOM = SC20n8kwb392330480137 AbstractID CUSTOM = SAl6vr3nb0c2884324580

	ROLE = LeftClickAt
	TARGET =
		WIDGET = WC1fe1dfv2a434615749, WR1h6ibpb92248851252, WT1igj3ey14183154147, WPlypb9926133097327
		ROLE = UIAButton
		TITLE = My Pictures
		SHAPE = Rect [x:660.0 y:428.0 w:15.0 h:22.0]
		CHILDREN = 0
		PATH = [0, 3, 0, 0, 0, 0]
	DESCRIPTION = Left Click at 'My Pictures'
	TEXT = Compound Action =
		Move mouse to (667.5, 439.0).
		Press Mouse Button BUTTON1
		Release Mouse Button BUTTON1

ExecutedAction [54]: 
 @Action ConcreteID = AC2h53sx7f2600532297 AbstractID = AA2h53sx7f2600532297
 ConcreteID CUSTOM = ConcreteID CUSTOM not available AbstractID CUSTOM = AAz1609q7f1175990433
 @State ConcreteID = SC7u1hfeb1c2809282121 AbstractID = SRzp8th2ab81155857624
 ConcreteID CUSTOM = SC20n8kwb392330480137 AbstractID CUSTOM = SAl6vr3nb0c2884324580

	ROLE = LeftClickAt
	TARGET =
		WIDGET = WCn3dwpy303975885943, WR88rmk0b1934231702, WTdz99qr112908560843, WP4d5dx02c3869919282
		ROLE = UIACheckBox
		TITLE = Enable
		SHAPE = Rect [x:272.0 y:434.0 w:352.0 h:299.0]
		CHILDREN = 6
		PATH = [0, 0, 1, 0, 0, 0, 0, 0, 0]
	DESCRIPTION = Left Click at 'Enable'
	TEXT = Compound Action =
		Move mouse to (448.0, 583.5).
		Press Mouse Button BUTTON1
		Release Mouse Button BUTTON1

ExecutedAction [55]: 
 @Action ConcreteID = AC91kgiu7f2675258173 AbstractID = AA91kgiu7f2675258173
 ConcreteID CUSTOM = ConcreteID CUSTOM not available AbstractID CUSTOM = AA15llczn7f1114503893
 @State ConcreteID = SC7u1hfeb1c2809282121 AbstractID = SRzp8th2ab81155857624
 ConcreteID CUSTOM = SC20n8kwb392330480137 AbstractID CUSTOM = SAl6vr3nb0c2884324580

	ROLE = LeftClickAt
	TARGET =
		WIDGET = WCdo2nin352004043630, WR5quxi6b4097176690, WT19et3vv193215391293, WP1i1uoox31420009062
		ROLE = UIATreeItem
		TITLE = New folder (2)
		SHAPE = Rect [x:866.0 y:518.0 w:180.0 h:22.0]
		CHILDREN = 0
		PATH = [0, 3, 0, 0, 3, 0, 9, 9]
	DESCRIPTION = Left Click at 'New folder (2)'
	TEXT = Compound Action =
		Move mouse to (956.0, 529.0).
		Press Mouse Button BUTTON1
		Release Mouse Button BUTTON1

ExecutedAction [56]: 
 @Action ConcreteID = AC2edcp87f3604308392 AbstractID = AA2edcp87f3604308392
 ConcreteID CUSTOM = ConcreteID CUSTOM not available AbstractID CUSTOM = AAyye9617f198027328
 @State ConcreteID = SC7u1hfeb1c2809282121 AbstractID = SRzp8th2ab81155857624
 ConcreteID CUSTOM = SC20n8kwb392330480137 AbstractID CUSTOM = SAl6vr3nb0c2884324580

	ROLE = LeftClickAt
	TARGET =
		WIDGET = WCqlzaml322647732101, WR52qhb2b3065858412, WT1ehdilj192117289891, WP1okybiz2e1359229970
		ROLE = UIAListItem
		TITLE = New folder (6)
		SHAPE = Rect [x:847.0 y:738.0 w:116.0 h:143.0]
		CHILDREN = 0
		PATH = [0, 3, 0, 0, 3, 0, 6]
	DESCRIPTION = Left Click at 'New folder (6)'
	TEXT = Compound Action =
		Move mouse to (905.0, 809.5).
		Press Mouse Button BUTTON1
		Release Mouse Button BUTTON1

Forcing SUT activation (bring to foreground) action
ExecutedAction [57]: 
 @Action ConcreteID = AC1ua5itk38122173916 AbstractID = AA1ua5itk38122173916
 ConcreteID CUSTOM = ConcreteID CUSTOM not available AbstractID CUSTOM = AAijjidn381479865665
 @State ConcreteID = SC7u1hfeb1c2809282121 AbstractID = SRzp8th2ab81155857624
 ConcreteID CUSTOM = SC20n8kwb392330480137 AbstractID CUSTOM = SAl6vr3nb0c2884324580

	DESCRIPTION = Bring the system to the foreground.
	TEXT = Bring the system to the foreground.

Forcing SUT activation (bring to foreground) action
ExecutedAction [58]: 
 @Action ConcreteID = AC1ua5itk38122173916 AbstractID = AA1ua5itk38122173916
 ConcreteID CUSTOM = ConcreteID CUSTOM not available AbstractID CUSTOM = AAijjidn381479865665
 @State ConcreteID = SC7u1hfeb1c2809282121 AbstractID = SRzp8th2ab81155857624
 ConcreteID CUSTOM = SC20n8kwb392330480137 AbstractID CUSTOM = SAl6vr3nb0c2884324580

	DESCRIPTION = Bring the system to the foreground.
	TEXT = Bring the system to the foreground.

ExecutedAction [59]: 
 @Action ConcreteID = AC85tdbb7f2184079517 AbstractID = AA85tdbb7f2184079517
 ConcreteID CUSTOM = ConcreteID CUSTOM not available AbstractID CUSTOM = AA14pu9s47f1597415797
 @State ConcreteID = SC7u1hfeb1c2809282121 AbstractID = SRzp8th2ab81155857624
 ConcreteID CUSTOM = SC20n8kwb392330480137 AbstractID CUSTOM = SAl6vr3nb0c2884324580

	ROLE = LeftClickAt
	TARGET =
		WIDGET = WC1jhssi21b581102442, WR88rmk0b1934231702, WT88rmk0b1934231702, WPy94r7g172796856191
		ROLE = UIACheckBox
		TITLE = 
		SHAPE = Rect [x:887.0 y:395.0 w:26.0 h:26.0]
		CHILDREN = 0
		PATH = [0, 3, 2, 9]
	DESCRIPTION = Left Click at ''
	TEXT = Compound Action =
		Move mouse to (900.0, 408.0).
		Press Mouse Button BUTTON1
		Release Mouse Button BUTTON1

ExecutedAction [60]: 
 @Action ConcreteID = ACdh3drb7f626790070 AbstractID = AAdh3drb7f626790070
 ConcreteID CUSTOM = ConcreteID CUSTOM not available AbstractID CUSTOM = AA1a14a847f4165257054
 @State ConcreteID = SC7u1hfeb1c2809282121 AbstractID = SRzp8th2ab81155857624
 ConcreteID CUSTOM = SC20n8kwb392330480137 AbstractID CUSTOM = SAl6vr3nb0c2884324580

	ROLE = LeftClickAt
	TARGET =
		WIDGET = WCzh8ir72c3690954354, WR1k8fo0ra1109144095, WT1nm4611192860587041, WP16x9qdd282568739354
		ROLE = UIATabItem
		TITLE = Synchronization
		SHAPE = Rect [x:326.0 y:372.0 w:28.0 h:21.0]
		CHILDREN = 0
		PATH = [0, 0, 1, 1, 2]
	DESCRIPTION = Left Click at 'Synchronization'
	TEXT = Compound Action =
		Move mouse to (340.0, 382.5).
		Press Mouse Button BUTTON1
		Release Mouse Button BUTTON1

ExecutedAction [61]: 
 @Action ConcreteID = AC1dsjwvh7e2053066023 AbstractID = AA1dsjwvh7e2053066023
 ConcreteID CUSTOM = ConcreteID CUSTOM not available AbstractID CUSTOM = AA7u0ihc7f738965751
 @State ConcreteID = SCljzn5daf7741211575 AbstractID = SR7jvksra843663780265
 ConcreteID CUSTOM = SC3b2rgnb112099480129 AbstractID CUSTOM = SAr4df17ae21795513336

	ROLE = LeftClickAt
	TARGET =
		WIDGET = WC4ha5tu273898777684, WR5quxi6b4097176690, WT5quxi6b4097176690, WP1lx6qgk231774552314
		ROLE = UIATreeItem
		TITLE = 
		SHAPE = Rect [x:660.0 y:450.0 w:163.0 h:26.0]
		CHILDREN = 0
		PATH = [0, 3, 0, 0, 3, 1, 1, 0]
	DESCRIPTION = Left Click at ''
	TEXT = Compound Action =
		Move mouse to (741.5, 463.0).
		Press Mouse Button BUTTON1
		Release Mouse Button BUTTON1

ExecutedAction [62]: 
 @Action ConcreteID = AC1vuthdr811831920051 AbstractID = AA1vuthdr811831920051
 ConcreteID CUSTOM = ConcreteID CUSTOM not available AbstractID CUSTOM = AAibqv3n812785001591
 @State ConcreteID = SC14yj24i6f32587758169 AbstractID = SR3nbink6bb2976000789
 ConcreteID CUSTOM = SC7pwm2w6fc2557848206 AbstractID CUSTOM = SA13yev2n6e51549194836

	ROLE = LeftClickAt
	TARGET =
		WIDGET = WC1b8yprg1c1241856940, WR1p34e3y91942684430, WT1p34e3y91942684430, WPgzsjzu18725337081
		ROLE = UIASlider
		TITLE = 
		SHAPE = Rect [x:1162.0 y:398.0 w:85.0 h:26.0]
		CHILDREN = 0
		PATH = [0, 3, 2, 0, 1]
	DESCRIPTION = Left Click at ''
	TEXT = Compound Action =
		Move mouse to (1204.5, 411.0).
		Press Mouse Button BUTTON1
		Release Mouse Button BUTTON1

ExecutedAction [63]: 
 @Action ConcreteID = AC1avlues80603364126 AbstractID = AA1avlues80603364126
 ConcreteID CUSTOM = ConcreteID CUSTOM not available AbstractID CUSTOM = AA1bkkq9s80998694700
 @State ConcreteID = SC14yj24i6f32587758169 AbstractID = SR3nbink6bb2976000789
 ConcreteID CUSTOM = SC7pwm2w6fc2557848206 AbstractID CUSTOM = SA13yev2n6e51549194836

	ROLE = LeftClickAt
	TARGET =
		WIDGET = WCqqe6kc322114377163, WR1cs7rxoa2579320938, WTqnwiqj193662825705, WPor7vgq2e1554707198
		ROLE = UIASpinner
		TITLE = Subtitles/Video
		SHAPE = Rect [x:452.0 y:690.0 w:175.0 h:20.0]
		CHILDREN = 0
		PATH = [0, 0, 1, 0, 0, 1, 3]
	DESCRIPTION = Left Click at 'Subtitles/Video'
	TEXT = Compound Action =
		Move mouse to (539.5, 700.0).
		Press Mouse Button BUTTON1
		Release Mouse Button BUTTON1

ExecutedAction [64]: 
 @Action ConcreteID = AC18cmi5j801073475900 AbstractID = AA18cmi5j801073475900
 ConcreteID CUSTOM = ConcreteID CUSTOM not available AbstractID CUSTOM = AA191le0j80663467278
 @State ConcreteID = SC14yj24i6f32587758169 AbstractID = SR3nbink6bb2976000789
 ConcreteID CUSTOM = SC7pwm2w6fc2557848206 AbstractID CUSTOM = SA13yev2n6e51549194836

	ROLE = LeftClickAt
	TARGET =
		WIDGET = WCksdzcq1d2531252402, WR10fgh33101836453781, WT10fgh33101836453781, WP33czns191586358005
		ROLE = UIACustomControl
		TITLE = 
		SHAPE = Rect [x:250.0 y:372.0 w:400.0 h:387.0]
		CHILDREN = 2
		PATH = [0, 0, 1]
	DESCRIPTION = Left Click at ''
	TEXT = Compound Action =
		Move mouse to (450.0, 565.5).
		Press Mouse Button BUTTON1
		Release Mouse Button BUTTON1

ExecutedAction [65]: 
 @Action ConcreteID = AC1szrl391253849399818 AbstractID = AAmcmppmd62477015002
 ConcreteID CUSTOM = ConcreteID CUSTOM not available AbstractID CUSTOM = AAzmlqpid62058201643
 @State ConcreteID = SC14yj24i6f32587758169 AbstractID = SR3nbink6bb2976000789
 ConcreteID CUSTOM = SC7pwm2w6fc2557848206 AbstractID CUSTOM = SA13yev2n6e51549194836

	ROLE = ClickTypeInto
	TARGET =
		WIDGET = WC1j2y1j81a1645365061, WR4n0dlj72701565195, WT4n0dlj72701565195, WP1lf6g42163047346291
		ROLE = UIAEdit
		TITLE = 
		SHAPE = Rect [x:1010.0 y:429.0 w:250.0 h:20.0]
		CHILDREN = 0
		PATH = [0, 3, 0, 0, 2]
	DESCRIPTION = Type '<a href="\x17jav...' into '
	TEXT = Compound Action =
		Compound Action =
		Move mouse to (1135.0, 439.0).
		Press Mouse Button BUTTON1
		Release Mouse Button BUTTON1
		Press Key 17
		Press Key 65
		Release Key 65
		Release Key 17
		Type text '<a href="\x17javascript:javascript:alert(1)" id="fuzzelement1">test</a>'

ExecutedAction [66]: 
 @Action ConcreteID = ACpmw0yx801473393490 AbstractID = AApmw0yx801473393490
 ConcreteID CUSTOM = ConcreteID CUSTOM not available AbstractID CUSTOM = AAbeh884803165987280
 @State ConcreteID = SC1de6f657083656773543 AbstractID = SRyuzj956cf3775806495
 ConcreteID CUSTOM = SCojj5527111268114288 AbstractID CUSTOM = SA1ya65s56fa3675114947

	ROLE = LeftClickAt
	TARGET =
		WIDGET = WC3ov4pj2a1543854926, WR1k8fo0ra1109144095, WTip8fqa174052975287, WP1yyvwf9262005146579
		ROLE = UIATabItem
		TITLE = Video Effects
		SHAPE = Rect [x:285.0 y:372.0 w:41.0 h:21.0]
		CHILDREN = 0
		PATH = [0, 0, 1, 1, 1]
	DESCRIPTION = Left Click at 'Video Effects'
	TEXT = Compound Action =
		Move mouse to (305.5, 382.5).
		Press Mouse Button BUTTON1
		Release Mouse Button BUTTON1

ExecutedAction [67]: 
 @Action ConcreteID = ACrvrayx80582918339 AbstractID = AArvrayx80582918339
 ConcreteID CUSTOM = ConcreteID CUSTOM not available AbstractID CUSTOM = AA1ugu2x3811099145785
 @State ConcreteID = SChu02ja8313605914814 AbstractID = SR1d8g58x8151616074615
 ConcreteID CUSTOM = SC1dhwshk8403473080907 AbstractID CUSTOM = SA19h93tm82a1699167532

	ROLE = LeftClickAt
	TARGET =
		WIDGET = WC1if1cw3262441743321, WR10fgh33101836453781, WT10fgh33101836453781, WP137bfud224073668639
		ROLE = UIACustomControl
		TITLE = 
		SHAPE = Rect [x:845.0 y:450.0 w:415.0 h:311.0]
		CHILDREN = 1
		PATH = [0, 3, 0, 0, 3, 0]
	DESCRIPTION = Left Click at ''
	TEXT = Compound Action =
		Move mouse to (1052.5, 605.5).
		Press Mouse Button BUTTON1
		Release Mouse Button BUTTON1

ExecutedAction [68]: 
 @Action ConcreteID = AC1erwvlo7f1293031775 AbstractID = AA1erwvlo7f1293031775
 ConcreteID CUSTOM = ConcreteID CUSTOM not available AbstractID CUSTOM = AAoivebi801987852866
 @State ConcreteID = SChu02ja8313605914814 AbstractID = SR1d8g58x8151616074615
 ConcreteID CUSTOM = SC1dhwshk8403473080907 AbstractID CUSTOM = SA19h93tm82a1699167532

	ROLE = LeftClickAt
	TARGET =
		WIDGET = WC1nnstjp312767981820, WR88rmk0b1934231702, WT1vrnhtv123814826645, WP3r1p432d4235633551
		ROLE = UIACheckBox
		TITLE = Sharpen
		SHAPE = Rect [x:451.0 y:434.0 w:173.0 h:95.0]
		CHILDREN = 1
		PATH = [0, 0, 1, 0, 0, 0, 0, 0, 1]
	DESCRIPTION = Left Click at 'Sharpen'
	TEXT = Compound Action =
		Move mouse to (537.5, 481.5).
		Press Mouse Button BUTTON1
		Release Mouse Button BUTTON1

ExecutedAction [69]: 
 @Action ConcreteID = ACcj8szl7f1589148991 AbstractID = AAcj8szl7f1589148991
 ConcreteID CUSTOM = ConcreteID CUSTOM not available AbstractID CUSTOM = AA1lbbdoj801708547618
 @State ConcreteID = SChu02ja8313605914814 AbstractID = SR1d8g58x8151616074615
 ConcreteID CUSTOM = SC1dhwshk8403473080907 AbstractID CUSTOM = SA19h93tm82a1699167532

	ROLE = LeftClickAt
	TARGET =
		WIDGET = WCq7nngn343000394540, WR88rmk0b1934231702, WT18i42xb152215782980, WPcqzck5301244272764
		ROLE = UIACheckBox
		TITLE = Film Grain
		SHAPE = Rect [x:451.0 y:637.0 w:173.0 h:95.0]
		CHILDREN = 2
		PATH = [0, 0, 1, 0, 0, 0, 0, 0, 3]
	DESCRIPTION = Left Click at 'Film Grain'
	TEXT = Compound Action =
		Move mouse to (537.5, 684.5).
		Press Mouse Button BUTTON1
		Release Mouse Button BUTTON1

ExecutedAction [70]: 
 @Action ConcreteID = AC2ccb557f2127263724 AbstractID = AA2ccb557f2127263724
 ConcreteID CUSTOM = ConcreteID CUSTOM not available AbstractID CUSTOM = AA1b4evu3801168463089
 @State ConcreteID = SChu02ja8313605914814 AbstractID = SR1d8g58x8151616074615
 ConcreteID CUSTOM = SC1dhwshk8403473080907 AbstractID CUSTOM = SA19h93tm82a1699167532

	ROLE = LeftClickAt
	TARGET =
		WIDGET = WC1lhezmj19795489807, WR1h6ibpb92248851252, WT1h6ibpb92248851252, WP11lh0wd152559659523
		ROLE = UIAButton
		TITLE = 
		SHAPE = Rect [x:823.0 y:395.0 w:26.0 h:26.0]
		CHILDREN = 0
		PATH = [0, 3, 2, 7]
	DESCRIPTION = Left Click at ''
	TEXT = Compound Action =
		Move mouse to (836.0, 408.0).
		Press Mouse Button BUTTON1
		Release Mouse Button BUTTON1

ExecutedAction [71]: 
 @Action ConcreteID = AC11c2i5t80497886528 AbstractID = AA11c2i5t80497886528
 ConcreteID CUSTOM = ConcreteID CUSTOM not available AbstractID CUSTOM = AAl6t44s812849226754
 @State ConcreteID = SCyds4ah6331653557907 AbstractID = SReiuw50631100621569
 ConcreteID CUSTOM = SCmz7ws96451243008485 AbstractID CUSTOM = SA17ng7g56322271392746

	ROLE = LeftClickAt
	TARGET =
		WIDGET = WC94x2o2202389414968, WR10fgh33101836453781, WT10fgh33101836453781, WP16jfg6s1c1058939920
		ROLE = UIACustomControl
		TITLE = 
		SHAPE = Rect [x:1031.0 y:392.0 w:101.0 h:32.0]
		CHILDREN = 2
		PATH = [0, 3, 2, 0]
	DESCRIPTION = Left Click at ''
	TEXT = Compound Action =
		Move mouse to (1081.5, 408.0).
		Press Mouse Button BUTTON1
		Release Mouse Button BUTTON1

ExecutedAction [72]: 
 @Action ConcreteID = ACygcu837f184910378 AbstractID = AAygcu837f184910378
 ConcreteID CUSTOM = ConcreteID CUSTOM not available AbstractID CUSTOM = AAornmjs802120153046
 @State ConcreteID = SCyds4ah6331653557907 AbstractID = SReiuw50631100621569
 ConcreteID CUSTOM = SCmz7ws96451243008485 AbstractID CUSTOM = SA17ng7g56322271392746

	ROLE = LeftClickAt
	TARGET =
		WIDGET = WC1jhssi21b581102442, WR88rmk0b1934231702, WT88rmk0b1934231702, WPy94r7g172796856191
		ROLE = UIACheckBox
		TITLE = 
		SHAPE = Rect [x:887.0 y:395.0 w:26.0 h:26.0]
		CHILDREN = 0
		PATH = [0, 3, 2, 9]
	DESCRIPTION = Left Click at ''
	TEXT = Compound Action =
		Move mouse to (900.0, 408.0).
		Press Mouse Button BUTTON1
		Release Mouse Button BUTTON1

ExecutedAction [73]: 
 @Action ConcreteID = AC1g5qejh802083134572 AbstractID = AA1g5qejh802083134572
 ConcreteID CUSTOM = ConcreteID CUSTOM not available AbstractID CUSTOM = AA100h0ig813361012014
 @State ConcreteID = SCyds4ah6331653557907 AbstractID = SReiuw50631100621569
 ConcreteID CUSTOM = SCmz7ws96451243008485 AbstractID CUSTOM = SA17ng7g56322271392746

	ROLE = LeftClickAt
	TARGET =
		WIDGET = WCigl81b221236350214, WR17v7k2nb1067391859, WT1e6tvxi153323975668, WP1lyad311e2164392518
		ROLE = UIAMenuItem
		TITLE = Help Alt+H
		SHAPE = Rect [x:1013.0 y:370.0 w:42.0 h:20.0]
		CHILDREN = 0
		PATH = [0, 2, 7]
	DESCRIPTION = Left Click at 'Help Alt+H'
	TEXT = Compound Action =
		Move mouse to (1034.0, 380.0).
		Press Mouse Button BUTTON1
		Release Mouse Button BUTTON1

ExecutedAction [74]: 
 @Action ConcreteID = AC16czz2q7f415088255 AbstractID = AA16czz2q7f415088255
 ConcreteID CUSTOM = ConcreteID CUSTOM not available AbstractID CUSTOM = AAcbejxb7f2332385325
 @State ConcreteID = SCwhcfco6953738545390 AbstractID = SR1lfoj5f6942108811099
 ConcreteID CUSTOM = SC26zl2a6a72795644286 AbstractID CUSTOM = SA1huyngr696420148046

	ROLE = LeftClickAt
	TARGET =
		WIDGET = WC1fc4x4e391749473311, WR88rmk0b1934231702, WTuh4wnd1a3624492292, WP1ofdo58351799442439
		ROLE = UIACheckBox
		TITLE = Banding removal
		SHAPE = Rect [x:451.0 y:535.0 w:173.0 h:96.0]
		CHILDREN = 1
		PATH = [0, 0, 1, 0, 0, 0, 0, 0, 2]
	DESCRIPTION = Left Click at 'Banding removal'
	TEXT = Compound Action =
		Move mouse to (537.5, 583.0).
		Press Mouse Button BUTTON1
		Release Mouse Button BUTTON1

ExecutedAction [75]: 
 @Action ConcreteID = ACedvxbs7f2044467613 AbstractID = AAedvxbs7f2044467613
 ConcreteID CUSTOM = ConcreteID CUSTOM not available AbstractID CUSTOM = AA4p6pnh80210201697
 @State ConcreteID = SCyds4ah6331653557907 AbstractID = SReiuw50631100621569
 ConcreteID CUSTOM = SCmz7ws96451243008485 AbstractID CUSTOM = SA17ng7g56322271392746

	ROLE = LeftClickAt
	TARGET =
		WIDGET = WCv32r2k2323202859, WR17v7k2nb1067391859, WT12et6eo161830467638, WP187i2561f1884996562
		ROLE = UIAMenuItem
		TITLE = Media Alt+M
		SHAPE = Rect [x:660.0 y:370.0 w:50.0 h:20.0]
		CHILDREN = 0
		PATH = [0, 2, 0]
	DESCRIPTION = Left Click at 'Media Alt+M'
	TEXT = Compound Action =
		Move mouse to (685.0, 380.0).
		Press Mouse Button BUTTON1
		Release Mouse Button BUTTON1

ExecutedAction [76]: 
 @Action ConcreteID = AC71hzqy803246416289 AbstractID = AA71hzqy803246416289
 ConcreteID CUSTOM = ConcreteID CUSTOM not available AbstractID CUSTOM = AAg6yroh7f1098098820
 @State ConcreteID = SC1hwo4jc7731620997652 AbstractID = SRqa7yzj770740851959
 ConcreteID CUSTOM = SC1w6z3x4786311230645 AbstractID CUSTOM = SA1m48er176e306423920

	ROLE = LeftClickAt
	TARGET =
		WIDGET = WCt3ck536141267153, WR88rmk0b1934231702, WTq92ex0172677540143, WP1xt0eqr323898328464
		ROLE = UIACheckBox
		TITLE = Image adjust
		SHAPE = Rect [x:272.0 y:434.0 w:173.0 h:298.0]
		CHILDREN = 11
		PATH = [0, 0, 1, 0, 0, 0, 0, 0, 0]
	DESCRIPTION = Left Click at 'Image adjust'
	TEXT = Compound Action =
		Move mouse to (358.5, 583.0).
		Press Mouse Button BUTTON1
		Release Mouse Button BUTTON1

ExecutedAction [77]: 
 @Action ConcreteID = ACedvxbs7f2044467613 AbstractID = AAedvxbs7f2044467613
 ConcreteID CUSTOM = ConcreteID CUSTOM not available AbstractID CUSTOM = AA4p6pnh80210201697
 @State ConcreteID = SCyds4ah6331653557907 AbstractID = SReiuw50631100621569
 ConcreteID CUSTOM = SCmz7ws96451243008485 AbstractID CUSTOM = SA17ng7g56322271392746

	ROLE = LeftClickAt
	TARGET =
		WIDGET = WCv32r2k2323202859, WR17v7k2nb1067391859, WT12et6eo161830467638, WP187i2561f1884996562
		ROLE = UIAMenuItem
		TITLE = Media Alt+M
		SHAPE = Rect [x:660.0 y:370.0 w:50.0 h:20.0]
		CHILDREN = 0
		PATH = [0, 2, 0]
	DESCRIPTION = Left Click at 'Media Alt+M'
	TEXT = Compound Action =
		Move mouse to (685.0, 380.0).
		Press Mouse Button BUTTON1
		Release Mouse Button BUTTON1

ExecutedAction [78]: 
 @Action ConcreteID = AC1oewor5802903884225 AbstractID = AA1oewor5802903884225
 ConcreteID CUSTOM = ConcreteID CUSTOM not available AbstractID CUSTOM = AA1xkdgoo7f770050276
 @State ConcreteID = SC1hwo4jc7731620997652 AbstractID = SRqa7yzj770740851959
 ConcreteID CUSTOM = SC1w6z3x4786311230645 AbstractID CUSTOM = SA1m48er176e306423920

	ROLE = LeftClickAt
	TARGET =
		WIDGET = WC1pmpjm1233635091165, WR17v7k2nb1067391859, WT1p8hf68161996799177, WP19o0bpz1f64902350
		ROLE = UIAMenuItem
		TITLE = Video Alt+V
		SHAPE = Rect [x:823.0 y:370.0 w:47.0 h:20.0]
		CHILDREN = 0
		PATH = [0, 2, 3]
	DESCRIPTION = Left Click at 'Video Alt+V'
	TEXT = Compound Action =
		Move mouse to (846.5, 380.0).
		Press Mouse Button BUTTON1
		Release Mouse Button BUTTON1

ExecutedAction [79]: 
 @Action ConcreteID = AC85j8557f1013131567 AbstractID = AA85j8557f1013131567
 ConcreteID CUSTOM = ConcreteID CUSTOM not available AbstractID CUSTOM = AA1xhy2fy801228430547
 @State ConcreteID = SCyds4ah6331653557907 AbstractID = SReiuw50631100621569
 ConcreteID CUSTOM = SCmz7ws96451243008485 AbstractID CUSTOM = SA17ng7g56322271392746

	ROLE = LeftClickAt
	TARGET =
		WIDGET = WCq7nngn343000394540, WR88rmk0b1934231702, WT18i42xb152215782980, WPcqzck5301244272764
		ROLE = UIACheckBox
		TITLE = Film Grain
		SHAPE = Rect [x:451.0 y:637.0 w:173.0 h:95.0]
		CHILDREN = 2
		PATH = [0, 0, 1, 0, 0, 0, 0, 0, 3]
	DESCRIPTION = Left Click at 'Film Grain'
	TEXT = Compound Action =
		Move mouse to (537.5, 684.5).
		Press Mouse Button BUTTON1
		Release Mouse Button BUTTON1

ExecutedAction [80]: 
 @Action ConcreteID = AC85j8557f1013131567 AbstractID = AA85j8557f1013131567
 ConcreteID CUSTOM = ConcreteID CUSTOM not available AbstractID CUSTOM = AA1xhy2fy801228430547
 @State ConcreteID = SCyds4ah6331653557907 AbstractID = SReiuw50631100621569
 ConcreteID CUSTOM = SCmz7ws96451243008485 AbstractID CUSTOM = SA17ng7g56322271392746

	ROLE = LeftClickAt
	TARGET =
		WIDGET = WCq7nngn343000394540, WR88rmk0b1934231702, WT18i42xb152215782980, WPcqzck5301244272764
		ROLE = UIACheckBox
		TITLE = Film Grain
		SHAPE = Rect [x:451.0 y:637.0 w:173.0 h:95.0]
		CHILDREN = 2
		PATH = [0, 0, 1, 0, 0, 0, 0, 0, 3]
	DESCRIPTION = Left Click at 'Film Grain'
	TEXT = Compound Action =
		Move mouse to (537.5, 684.5).
		Press Mouse Button BUTTON1
		Release Mouse Button BUTTON1

ExecutedAction [81]: 
 @Action ConcreteID = AC1hzevc67f1131698230 AbstractID = AA1hzevc67f1131698230
 ConcreteID CUSTOM = ConcreteID CUSTOM not available AbstractID CUSTOM = AA18apnnv80909061578
 @State ConcreteID = SCyds4ah6331653557907 AbstractID = SReiuw50631100621569
 ConcreteID CUSTOM = SCmz7ws96451243008485 AbstractID CUSTOM = SA17ng7g56322271392746

	ROLE = LeftClickAt
	TARGET =
		WIDGET = WCudm5we2e2046900445, WR1k8fo0ra1109144095, WT1u6eeu5122310558738, WP1ennb682a2243284487
		ROLE = UIATabItem
		TITLE = Advanced
		SHAPE = Rect [x:411.0 y:403.0 w:24.0 h:21.0]
		CHILDREN = 0
		PATH = [0, 0, 1, 0, 0, 0, 1, 5]
	DESCRIPTION = Left Click at 'Advanced'
	TEXT = Compound Action =
		Move mouse to (423.0, 413.5).
		Press Mouse Button BUTTON1
		Release Mouse Button BUTTON1

ExecutedAction [82]: 
 @Action ConcreteID = AC18e7jpa7f4171080945 AbstractID = AA18e7jpa7f4171080945
 ConcreteID CUSTOM = ConcreteID CUSTOM not available AbstractID CUSTOM = AA1c3lxl7e707349970
 @State ConcreteID = SCowti666c51089293867 AbstractID = SR1coqm2j6b6187862988
 ConcreteID CUSTOM = SCpdqs086d63701989327 AbstractID CUSTOM = SA5c1ptk6ba321276313

	ROLE = LeftClickAt
	TARGET =
		WIDGET = WC3ov4pj2a1543854926, WR1k8fo0ra1109144095, WTip8fqa174052975287, WP1yyvwf9262005146579
		ROLE = UIATabItem
		TITLE = Video Effects
		SHAPE = Rect [x:285.0 y:372.0 w:41.0 h:21.0]
		CHILDREN = 0
		PATH = [0, 0, 1, 1, 1]
	DESCRIPTION = Left Click at 'Video Effects'
	TEXT = Compound Action =
		Move mouse to (305.5, 382.5).
		Press Mouse Button BUTTON1
		Release Mouse Button BUTTON1

ExecutedAction [83]: 
 @Action ConcreteID = ACurswyt7f3567852200 AbstractID = AAurswyt7f3567852200
 ConcreteID CUSTOM = ConcreteID CUSTOM not available AbstractID CUSTOM = AA1mqt1687e102626187
 @State ConcreteID = SCowti666c51089293867 AbstractID = SR1coqm2j6b6187862988
 ConcreteID CUSTOM = SCpdqs086d63701989327 AbstractID CUSTOM = SA5c1ptk6ba321276313

	ROLE = LeftClickAt
	TARGET =
		WIDGET = WCku1d5o1d4199739809, WR10fgh33101836453781, WT10fgh33101836453781, WP350dgq19838914022
		ROLE = UIACustomControl
		TITLE = 
		SHAPE = Rect [x:660.0 y:391.0 w:485.0 h:34.0]
		CHILDREN = 11
		PATH = [0, 3, 2]
	DESCRIPTION = Left Click at ''
	TEXT = Compound Action =
		Move mouse to (902.5, 408.0).
		Press Mouse Button BUTTON1
		Release Mouse Button BUTTON1

ExecutedAction [84]: 
 @Action ConcreteID = ACt6eio7f1314213628 AbstractID = AAt6eio7f1314213628
 ConcreteID CUSTOM = ConcreteID CUSTOM not available AbstractID CUSTOM = AAss6iq37e2632034271
 @State ConcreteID = SCowti666c51089293867 AbstractID = SR1coqm2j6b6187862988
 ConcreteID CUSTOM = SCpdqs086d63701989327 AbstractID CUSTOM = SA5c1ptk6ba321276313

	ROLE = LeftClickAt
	TARGET =
		WIDGET = WC16jbmgw1a1935031698, WR10fgh33101836453781, WT10fgh33101836453781, WP1guga9e162215790620
		ROLE = UIACustomControl
		TITLE = 
		SHAPE = Rect [x:660.0 y:391.0 w:485.0 h:90.0]
		CHILDREN = 3
		PATH = [0, 3]
	DESCRIPTION = Left Click at ''
	TEXT = Compound Action =
		Move mouse to (902.5, 436.0).
		Press Mouse Button BUTTON1
		Release Mouse Button BUTTON1

ExecutedAction [85]: 
 @Action ConcreteID = ACf0qcus7f2591675106 AbstractID = AAf0qcus7f2591675106
 ConcreteID CUSTOM = ConcreteID CUSTOM not available AbstractID CUSTOM = AA16zqh277e1221409729
 @State ConcreteID = SCowti666c51089293867 AbstractID = SR1coqm2j6b6187862988
 ConcreteID CUSTOM = SCpdqs086d63701989327 AbstractID CUSTOM = SA5c1ptk6ba321276313

	ROLE = LeftClickAt
	TARGET =
		WIDGET = WC7qvpg7373482769461, WR88rmk0b1934231702, WTf4tzjx182941246635, WP1d0q1yd333856631111
		ROLE = UIACheckBox
		TITLE = Motion detect
		SHAPE = Rect [x:451.0 y:714.0 w:24.0 h:17.0]
		CHILDREN = 0
		PATH = [0, 0, 1, 0, 0, 0, 0, 0, 5]
	DESCRIPTION = Left Click at 'Motion detect'
	TEXT = Compound Action =
		Move mouse to (463.0, 722.5).
		Press Mouse Button BUTTON1
		Release Mouse Button BUTTON1

ExecutedAction [86]: 
 @Action ConcreteID = ACey74ge803316411028 AbstractID = AAey74ge803316411028
 ConcreteID CUSTOM = ConcreteID CUSTOM not available AbstractID CUSTOM = AA1fu7bqe7f4242870816
 @State ConcreteID = SC1gd1ou86c41314564389 AbstractID = SR1coqm2j6b6187862988
 ConcreteID CUSTOM = SCpdqs086d63701989327 AbstractID CUSTOM = SAk0n8qv6bb1187758063

	ROLE = LeftClickAt
	TARGET =
		WIDGET = WCfl317c1c3034426427, WR88rmk0b1934231702, WT88rmk0b1934231702, WP1vfigti183649330840
		ROLE = UIACheckBox
		TITLE = 
		SHAPE = Rect [x:913.0 y:395.0 w:26.0 h:26.0]
		CHILDREN = 0
		PATH = [0, 3, 2, 10]
	DESCRIPTION = Left Click at ''
	TEXT = Compound Action =
		Move mouse to (926.0, 408.0).
		Press Mouse Button BUTTON1
		Release Mouse Button BUTTON1

ExecutedAction [87]: 
 @Action ConcreteID = ACctg6yu802751568983 AbstractID = AActg6yu802751568983
 ConcreteID CUSTOM = ConcreteID CUSTOM not available AbstractID CUSTOM = AA1dpge8u7f2638800099
 @State ConcreteID = SC1gd1ou86c41314564389 AbstractID = SR1coqm2j6b6187862988
 ConcreteID CUSTOM = SCpdqs086d63701989327 AbstractID CUSTOM = SAk0n8qv6bb1187758063

	ROLE = LeftClickAt
	TARGET =
		WIDGET = WC16jbmgw1a1935031698, WR10fgh33101836453781, WT10fgh33101836453781, WP1guga9e162215790620
		ROLE = UIACustomControl
		TITLE = 
		SHAPE = Rect [x:660.0 y:391.0 w:485.0 h:90.0]
		CHILDREN = 3
		PATH = [0, 3]
	DESCRIPTION = Left Click at ''
	TEXT = Compound Action =
		Move mouse to (902.5, 436.0).
		Press Mouse Button BUTTON1
		Release Mouse Button BUTTON1

ExecutedAction [88]: 
 @Action ConcreteID = AC1kehc5g80315192922 AbstractID = AA1kehc5g80315192922
 ConcreteID CUSTOM = ConcreteID CUSTOM not available AbstractID CUSTOM = AAm9dhgc7f729812718
 @State ConcreteID = SC1gd1ou86c41314564389 AbstractID = SR1coqm2j6b6187862988
 ConcreteID CUSTOM = SCpdqs086d63701989327 AbstractID CUSTOM = SAk0n8qv6bb1187758063

	ROLE = LeftClickAt
	TARGET =
		WIDGET = WC3ov4pj2a1543854926, WR1k8fo0ra1109144095, WTip8fqa174052975287, WP1yyvwf9262005146579
		ROLE = UIATabItem
		TITLE = Video Effects
		SHAPE = Rect [x:285.0 y:372.0 w:41.0 h:21.0]
		CHILDREN = 0
		PATH = [0, 0, 1, 1, 1]
	DESCRIPTION = Left Click at 'Video Effects'
	TEXT = Compound Action =
		Move mouse to (305.5, 382.5).
		Press Mouse Button BUTTON1
		Release Mouse Button BUTTON1

ExecutedAction [89]: 
 @Action ConcreteID = AC80zj45802523184746 AbstractID = AA80zj45802523184746
 ConcreteID CUSTOM = ConcreteID CUSTOM not available AbstractID CUSTOM = AA18wzqe57f2939012830
 @State ConcreteID = SC1gd1ou86c41314564389 AbstractID = SR1coqm2j6b6187862988
 ConcreteID CUSTOM = SCpdqs086d63701989327 AbstractID CUSTOM = SAk0n8qv6bb1187758063

	ROLE = LeftClickAt
	TARGET =
		WIDGET = WC111mv3r262102156175, WR17v7k2nb1067391859, WT7kxrdw19266625713, WP1rpm6kl222379553300
		ROLE = UIAMenuItem
		TITLE = Playback Alt+l
		SHAPE = Rect [x:710.0 y:370.0 w:64.0 h:20.0]
		CHILDREN = 0
		PATH = [0, 2, 1]
	DESCRIPTION = Left Click at 'Playback Alt+l'
	TEXT = Compound Action =
		Move mouse to (742.0, 380.0).
		Press Mouse Button BUTTON1
		Release Mouse Button BUTTON1

ExecutedAction [90]: 
 @Action ConcreteID = ACfqdvwg7f554428460 AbstractID = AAfqdvwg7f554428460
 ConcreteID CUSTOM = ConcreteID CUSTOM not available AbstractID CUSTOM = AA1q5bn1e802410549046
 @State ConcreteID = SC8bpv5p83f2065328222 AbstractID = SRelnhqa8312261904735
 ConcreteID CUSTOM = SC8p4cqv8571276844616 AbstractID CUSTOM = SA18o6jc98342150408753

	ROLE = LeftClickAt
	TARGET =
		WIDGET = WCbulnfw393810104616, WR88rmk0b1934231702, WT1c5pi6d1a1864056648, WPpw5jui354226183363
		ROLE = UIACheckBox
		TITLE = Anti-Flickering
		SHAPE = Rect [x:272.0 y:434.0 w:173.0 h:77.0]
		CHILDREN = 2
		PATH = [0, 0, 1, 0, 0, 0, 0, 0, 8]
	DESCRIPTION = Left Click at 'Anti-Flickering'
	TEXT = Compound Action =
		Move mouse to (358.5, 472.5).
		Press Mouse Button BUTTON1
		Release Mouse Button BUTTON1

ExecutedAction [91]: 
 @Action ConcreteID = AC3ezbi1803442942146 AbstractID = AA3ezbi1803442942146
 ConcreteID CUSTOM = ConcreteID CUSTOM not available AbstractID CUSTOM = AA14azis17f4101920886
 @State ConcreteID = SC1gd1ou86c41314564389 AbstractID = SR1coqm2j6b6187862988
 ConcreteID CUSTOM = SCpdqs086d63701989327 AbstractID CUSTOM = SAk0n8qv6bb1187758063

	ROLE = LeftClickAt
	TARGET =
		WIDGET = WCksdzcq1d2531252402, WR10fgh33101836453781, WT10fgh33101836453781, WP33czns191586358005
		ROLE = UIACustomControl
		TITLE = 
		SHAPE = Rect [x:250.0 y:372.0 w:400.0 h:387.0]
		CHILDREN = 2
		PATH = [0, 0, 1]
	DESCRIPTION = Left Click at ''
	TEXT = Compound Action =
		Move mouse to (450.0, 565.5).
		Press Mouse Button BUTTON1
		Release Mouse Button BUTTON1

ExecutedAction [92]: 
 @Action ConcreteID = AC1o4mp9c804241737769 AbstractID = AA1o4mp9c804241737769
 ConcreteID CUSTOM = ConcreteID CUSTOM not available AbstractID CUSTOM = AApziuk87f3315249309
 @State ConcreteID = SC1gd1ou86c41314564389 AbstractID = SR1coqm2j6b6187862988
 ConcreteID CUSTOM = SCpdqs086d63701989327 AbstractID CUSTOM = SAk0n8qv6bb1187758063

	ROLE = LeftClickAt
	TARGET =
		WIDGET = WC1wgc17435862234316, WR88rmk0b1934231702, WT10rahm1163013867694, WP6bsyxq312279327599
		ROLE = UIACheckBox
		TITLE = Anaglyph 3D
		SHAPE = Rect [x:451.0 y:599.0 w:24.0 h:17.0]
		CHILDREN = 0
		PATH = [0, 0, 1, 0, 0, 0, 0, 0, 0]
	DESCRIPTION = Left Click at 'Anaglyph 3D'
	TEXT = Compound Action =
		Move mouse to (463.0, 607.5).
		Press Mouse Button BUTTON1
		Release Mouse Button BUTTON1

ExecutedAction [93]: 
 @Action ConcreteID = AC1h2cte0804059370246 AbstractID = AA1h2cte0804059370246
 ConcreteID CUSTOM = ConcreteID CUSTOM not available AbstractID CUSTOM = AAix8yow7f3367791538
 @State ConcreteID = SC1gd1ou86c41314564389 AbstractID = SR1coqm2j6b6187862988
 ConcreteID CUSTOM = SCpdqs086d63701989327 AbstractID CUSTOM = SAk0n8qv6bb1187758063

	ROLE = LeftClickAt
	TARGET =
		WIDGET = WC1ohkdgg362670135682, WR88rmk0b1934231702, WT42sq37171155318716, WP3j10u323130782216
		ROLE = UIACheckBox
		TITLE = Spatial blur
		SHAPE = Rect [x:272.0 y:599.0 w:173.0 h:64.0]
		CHILDREN = 1
		PATH = [0, 0, 1, 0, 0, 0, 0, 0, 6]
	DESCRIPTION = Left Click at 'Spatial blur'
	TEXT = Compound Action =
		Move mouse to (358.5, 631.0).
		Press Mouse Button BUTTON1
		Release Mouse Button BUTTON1

ExecutedAction [94]: 
 @Action ConcreteID = ACr1tobr803995904104 AbstractID = AAr1tobr803995904104
 ConcreteID CUSTOM = ConcreteID CUSTOM not available AbstractID CUSTOM = AA1rxtvlr7f3613774044
 @State ConcreteID = SC1gd1ou86c41314564389 AbstractID = SR1coqm2j6b6187862988
 ConcreteID CUSTOM = SCpdqs086d63701989327 AbstractID CUSTOM = SAk0n8qv6bb1187758063

	ROLE = LeftClickAt
	TARGET =
		WIDGET = WCs92yw42c3361510070, WR10fgh33101836453781, WT10fgh33101836453781, WP1teka3a283331709745
		ROLE = UIACustomControl
		TITLE = 
		SHAPE = Rect [x:263.0 y:425.0 w:370.0 h:316.0]
		CHILDREN = 11
		PATH = [0, 0, 1, 0, 0, 0, 0, 0]
	DESCRIPTION = Left Click at ''
	TEXT = Compound Action =
		Move mouse to (448.0, 583.0).
		Press Mouse Button BUTTON1
		Release Mouse Button BUTTON1

ExecutedAction [95]: 
 @Action ConcreteID = ACey74ge803316411028 AbstractID = AAey74ge803316411028
 ConcreteID CUSTOM = ConcreteID CUSTOM not available AbstractID CUSTOM = AA1fu7bqe7f4242870816
 @State ConcreteID = SC1gd1ou86c41314564389 AbstractID = SR1coqm2j6b6187862988
 ConcreteID CUSTOM = SCpdqs086d63701989327 AbstractID CUSTOM = SAk0n8qv6bb1187758063

	ROLE = LeftClickAt
	TARGET =
		WIDGET = WCfl317c1c3034426427, WR88rmk0b1934231702, WT88rmk0b1934231702, WP1vfigti183649330840
		ROLE = UIACheckBox
		TITLE = 
		SHAPE = Rect [x:913.0 y:395.0 w:26.0 h:26.0]
		CHILDREN = 0
		PATH = [0, 3, 2, 10]
	DESCRIPTION = Left Click at ''
	TEXT = Compound Action =
		Move mouse to (926.0, 408.0).
		Press Mouse Button BUTTON1
		Release Mouse Button BUTTON1

ExecutedAction [96]: 
 @Action ConcreteID = AC1m95don803562200457 AbstractID = AA1m95don803562200457
 ConcreteID CUSTOM = ConcreteID CUSTOM not available AbstractID CUSTOM = AAo41izj7f3978011965
 @State ConcreteID = SC1gd1ou86c41314564389 AbstractID = SR1coqm2j6b6187862988
 ConcreteID CUSTOM = SCpdqs086d63701989327 AbstractID CUSTOM = SAk0n8qv6bb1187758063

	ROLE = LeftClickAt
	TARGET =
		WIDGET = WCv32r2k2323202859, WR17v7k2nb1067391859, WT12et6eo161830467638, WP187i2561f1884996562
		ROLE = UIAMenuItem
		TITLE = Media Alt+M
		SHAPE = Rect [x:660.0 y:370.0 w:50.0 h:20.0]
		CHILDREN = 0
		PATH = [0, 2, 0]
	DESCRIPTION = Left Click at 'Media Alt+M'
	TEXT = Compound Action =
		Move mouse to (685.0, 380.0).
		Press Mouse Button BUTTON1
		Release Mouse Button BUTTON1

ExecutedAction [97]: 
 @Action ConcreteID = AC11e849r7f2439605252 AbstractID = AA11e849r7f2439605252
 ConcreteID CUSTOM = ConcreteID CUSTOM not available AbstractID CUSTOM = AAqc12oo803917386252
 @State ConcreteID = SC17jfzc1804159282490 AbstractID = SR18b3hio7f52352217309
 ConcreteID CUSTOM = SC1nfseh5817684649054 AbstractID CUSTOM = SA1s0t3in7f73892650204

	ROLE = LeftClickAt
	TARGET =
		WIDGET = WCoa5w6c233122696270, WR17v7k2nb1067391859, WT1faw5jq16422026351, WPzrter61f3097932180
		ROLE = UIAMenuItem
		TITLE = Audio Alt+A
		SHAPE = Rect [x:774.0 y:370.0 w:49.0 h:20.0]
		CHILDREN = 0
		PATH = [0, 2, 2]
	DESCRIPTION = Left Click at 'Audio Alt+A'
	TEXT = Compound Action =
		Move mouse to (798.5, 380.0).
		Press Mouse Button BUTTON1
		Release Mouse Button BUTTON1

ExecutedAction [98]: 
 @Action ConcreteID = ACibntbj803433926644 AbstractID = AAibntbj803433926644
 ConcreteID CUSTOM = ConcreteID CUSTOM not available AbstractID CUSTOM = AA1j7o0lj7f4125423424
 @State ConcreteID = SC1gd1ou86c41314564389 AbstractID = SR1coqm2j6b6187862988
 ConcreteID CUSTOM = SCpdqs086d63701989327 AbstractID CUSTOM = SAk0n8qv6bb1187758063

	ROLE = LeftClickAt
	TARGET =
		WIDGET = WC1kvrl7a241388749283, WR1h6ibpb92248851252, WTfj8swh143379978768, WP12mswso201927676573
		ROLE = UIAButton
		TITLE = Close Enter
		SHAPE = Rect [x:494.0 y:762.0 w:75.0 h:23.0]
		CHILDREN = 0
		PATH = [0, 0, 2, 1]
	DESCRIPTION = Left Click at 'Close Enter'
	TEXT = Compound Action =
		Move mouse to (531.5, 773.5).
		Press Mouse Button BUTTON1
		Release Mouse Button BUTTON1

ExecutedAction [99]: 
 @Action ConcreteID = ACdt1hpe7f1043497393 AbstractID = AAdt1hpe7f1043497393
 ConcreteID CUSTOM = ConcreteID CUSTOM not available AbstractID CUSTOM = AAn8hluz7f3239708395
 @State ConcreteID = SCuyuhmv2ed1671011042 AbstractID = SRrwz38n2e02745166178
 ConcreteID CUSTOM = SCilua512e62032480990 AbstractID CUSTOM = SA66n57f2eb1498926942

	ROLE = LeftClickAt
	TARGET =
		WIDGET = WCsnsihr193371001170, WR1h6ibpb92248851252, WT1h6ibpb92248851252, WP8rujrl152132155742
		ROLE = UIAButton
		TITLE = 
		SHAPE = Rect [x:733.0 y:395.0 w:26.0 h:26.0]
		CHILDREN = 0
		PATH = [0, 2, 2, 4]
	DESCRIPTION = Left Click at ''
	TEXT = Compound Action =
		Move mouse to (746.0, 408.0).
		Press Mouse Button BUTTON1
		Release Mouse Button BUTTON1

ExecutedAction [100]: 
 @Action ConcreteID = ACdt1hpe7f1043497393 AbstractID = AAdt1hpe7f1043497393
 ConcreteID CUSTOM = ConcreteID CUSTOM not available AbstractID CUSTOM = AAn8hluz7f3239708395
 @State ConcreteID = SCuyuhmv2ed1671011042 AbstractID = SRrwz38n2e02745166178
 ConcreteID CUSTOM = SCilua512e62032480990 AbstractID CUSTOM = SA66n57f2eb1498926942

	ROLE = LeftClickAt
	TARGET =
		WIDGET = WCsnsihr193371001170, WR1h6ibpb92248851252, WT1h6ibpb92248851252, WP8rujrl152132155742
		ROLE = UIAButton
		TITLE = 
		SHAPE = Rect [x:733.0 y:395.0 w:26.0 h:26.0]
		CHILDREN = 0
		PATH = [0, 2, 2, 4]
	DESCRIPTION = Left Click at ''
	TEXT = Compound Action =
		Move mouse to (746.0, 408.0).
		Press Mouse Button BUTTON1
		Release Mouse Button BUTTON1

Sequence 1 finished.
Copying generated sequence ("sequence1762") to output directory...
Copying classified sequence ("sequence1762") to sequences_ok folder...
