Starting sequence 1 (output as: sequence1397)

ExecutedAction [1]: 
 @Action ConcreteID = AC1ow16iy80495785322 AbstractID = AA1ow16iy80495785322
 ConcreteID CUSTOM = ConcreteID CUSTOM not available AbstractID CUSTOM = AA1jxgovi80259714942
 @State ConcreteID = SC1fsdq734aa3051308590 AbstractID = SR1t0hgcj488686626942
 ConcreteID CUSTOM = SCnefc174b22515491195 AbstractID CUSTOM = SA17pskou49a3260808033

	ROLE = LeftClickAt
	TARGET =
		WIDGET = WC14695eq243401952870, WR1e04pz3e358922214, WT1e04pz3e358922214, WPxqycr82084286035
		ROLE = UIASplitButton
		TITLE = 
		SHAPE = Rect [x:660.0 y:416.0 w:180.0 h:311.0]
		CHILDREN = 3
		PATH = [0, 3, 0, 0, 3, 1]
	DESCRIPTION = Left Click at ''
	TEXT = Compound Action =
		Move mouse to (750.0, 571.5).
		Press Mouse Button BUTTON1
		Release Mouse Button BUTTON1

ExecutedAction [2]: 
 @Action ConcreteID = AC1kgedc6802937861385 AbstractID = AA1kgedc6802937861385
 ConcreteID CUSTOM = ConcreteID CUSTOM not available AbstractID CUSTOM = AA1kz4f6k801036503934
 @State ConcreteID = SC1nc411o4961529421974 AbstractID = SRx1ik4a474333690124
 ConcreteID CUSTOM = SC1n8pk4e495298478986 AbstractID CUSTOM = SA12laes84902498637855

	ROLE = LeftClickAt
	TARGET =
		WIDGET = WCo9m3kz234253084318, WR17v7k2nb1067391859, WT1faw5jq16422026351, WPzr9m5t1f4278635332
		ROLE = UIAMenuItem
		TITLE = Audio Alt+A
		SHAPE = Rect [x:772.0 y:370.0 w:48.0 h:20.0]
		CHILDREN = 0
		PATH = [0, 1, 2]
	DESCRIPTION = Left Click at 'Audio Alt+A'
	TEXT = Compound Action =
		Move mouse to (796.0, 380.0).
		Press Mouse Button BUTTON1
		Release Mouse Button BUTTON1

ExecutedAction [3]: 
 @Action ConcreteID = ACrj29py7f2955038291 AbstractID = AArj29py7f2955038291
 ConcreteID CUSTOM = ConcreteID CUSTOM not available AbstractID CUSTOM = AA168yy7c80157367180
 @State ConcreteID = SCyno0ex55c3304471789 AbstractID = SR64p3qf53b3710060940
 ConcreteID CUSTOM = SC1c1me90559854182380 AbstractID CUSTOM = SA1k4jr6g5572772635165

	ROLE = LeftClickAt
	TARGET =
		WIDGET = WCb8ooo1273207854480, WR5quxi6b4097176690, WT5quxi6b4097176690, WP1sol9ar231049943358
		ROLE = UIATreeItem
		TITLE = 
		SHAPE = Rect [x:660.0 y:468.0 w:163.0 h:22.0]
		CHILDREN = 0
		PATH = [0, 2, 0, 0, 3, 1, 1, 2]
	DESCRIPTION = Left Click at ''
	TEXT = Compound Action =
		Move mouse to (741.5, 479.0).
		Press Mouse Button BUTTON1
		Release Mouse Button BUTTON1

ExecutedAction [4]: 
 @Action ConcreteID = AC1by0g6k802257196789 AbstractID = AA1by0g6k802257196789
 ConcreteID CUSTOM = ConcreteID CUSTOM not available AbstractID CUSTOM = AA1cgqi0y80340912258
 @State ConcreteID = SC1nc411o4961529421974 AbstractID = SRx1ik4a474333690124
 ConcreteID CUSTOM = SC1n8pk4e495298478986 AbstractID CUSTOM = SA12laes84902498637855

	ROLE = LeftClickAt
	TARGET =
		WIDGET = WCb8ooo1273207854480, WR5quxi6b4097176690, WT5quxi6b4097176690, WP1sol9ar231049943358
		ROLE = UIATreeItem
		TITLE = 
		SHAPE = Rect [x:660.0 y:468.0 w:163.0 h:22.0]
		CHILDREN = 0
		PATH = [0, 2, 0, 0, 3, 1, 1, 2]
	DESCRIPTION = Left Click at ''
	TEXT = Compound Action =
		Move mouse to (741.5, 479.0).
		Press Mouse Button BUTTON1
		Release Mouse Button BUTTON1

ExecutedAction [5]: 
 @Action ConcreteID = AC11vfa4m81623751467 AbstractID = AA11vfa4m81623751467
 ConcreteID CUSTOM = ConcreteID CUSTOM not available AbstractID CUSTOM = AA1hzuvao813957231178
 @State ConcreteID = SC1nc411o4961529421974 AbstractID = SRx1ik4a474333690124
 ConcreteID CUSTOM = SC1n8pk4e495298478986 AbstractID CUSTOM = SA12laes84902498637855

	ROLE = LeftClickAt
	TARGET =
		WIDGET = WCig1ffy22236015574, WR17v7k2nb1067391859, WT1e6tvxi153323975668, WP1lxqkho1e3332536470
		ROLE = UIAMenuItem
		TITLE = Help Alt+H
		SHAPE = Rect [x:1006.0 y:370.0 w:41.0 h:20.0]
		CHILDREN = 0
		PATH = [0, 1, 7]
	DESCRIPTION = Left Click at 'Help Alt+H'
	TEXT = Compound Action =
		Move mouse to (1026.5, 380.0).
		Press Mouse Button BUTTON1
		Release Mouse Button BUTTON1

ExecutedAction [6]: 
 @Action ConcreteID = ACedjkio7f1948721796 AbstractID = AAedjkio7f1948721796
 ConcreteID CUSTOM = ConcreteID CUSTOM not available AbstractID CUSTOM = AAjt0o1o7f259808706
 @State ConcreteID = SCfj92ld4f83491372319 AbstractID = SRyk3mq74d71742227996
 ConcreteID CUSTOM = SCypefxf4f74161877909 AbstractID CUSTOM = SA1sccj4o4f4912974590

	ROLE = LeftClickAt
	TARGET =
		WIDGET = WCsnsikc193821024913, WR1h6ibpb92248851252, WT1h6ibpb92248851252, WP8ruju6151413172893
		ROLE = UIAButton
		TITLE = 
		SHAPE = Rect [x:823.0 y:760.0 w:26.0 h:26.0]
		CHILDREN = 0
		PATH = [0, 2, 2, 7]
	DESCRIPTION = Left Click at ''
	TEXT = Compound Action =
		Move mouse to (836.0, 773.0).
		Press Mouse Button BUTTON1
		Release Mouse Button BUTTON1

ExecutedAction [7]: 
 @Action ConcreteID = ACzuir2s7f1831470308 AbstractID = AAzuir2s7f1831470308
 ConcreteID CUSTOM = ConcreteID CUSTOM not available AbstractID CUSTOM = AA199yv8d7f2449638334
 @State ConcreteID = SCuyuhmv2ed1671011042 AbstractID = SRrwz38n2e02745166178
 ConcreteID CUSTOM = SCilua512e62032480990 AbstractID CUSTOM = SA66n57f2eb1498926942

	ROLE = LeftClickAt
	TARGET =
		WIDGET = WCkthkjg1d3961490386, WR10fgh33101836453781, WT10fgh33101836453781, WP34gkui19609072533
		ROLE = UIACustomControl
		TITLE = 
		SHAPE = Rect [x:660.0 y:421.0 w:485.0 h:26.0]
		CHILDREN = 3
		PATH = [0, 2, 1]
	DESCRIPTION = Left Click at ''
	TEXT = Compound Action =
		Move mouse to (902.5, 434.0).
		Press Mouse Button BUTTON1
		Release Mouse Button BUTTON1

ExecutedAction [8]: 
 @Action ConcreteID = ACzuir2s7f1831470308 AbstractID = AAzuir2s7f1831470308
 ConcreteID CUSTOM = ConcreteID CUSTOM not available AbstractID CUSTOM = AA199yv8d7f2449638334
 @State ConcreteID = SCuyuhmv2ed1671011042 AbstractID = SRrwz38n2e02745166178
 ConcreteID CUSTOM = SCilua512e62032480990 AbstractID CUSTOM = SA66n57f2eb1498926942

	ROLE = LeftClickAt
	TARGET =
		WIDGET = WCkthkjg1d3961490386, WR10fgh33101836453781, WT10fgh33101836453781, WP34gkui19609072533
		ROLE = UIACustomControl
		TITLE = 
		SHAPE = Rect [x:660.0 y:421.0 w:485.0 h:26.0]
		CHILDREN = 3
		PATH = [0, 2, 1]
	DESCRIPTION = Left Click at ''
	TEXT = Compound Action =
		Move mouse to (902.5, 434.0).
		Press Mouse Button BUTTON1
		Release Mouse Button BUTTON1

ExecutedAction [9]: 
 @Action ConcreteID = AC1tt59ix7f2254610850 AbstractID = AA1tt59ix7f2254610850
 ConcreteID CUSTOM = ConcreteID CUSTOM not available AbstractID CUSTOM = AA47hbpe7f2034902776
 @State ConcreteID = SCuyuhmv2ed1671011042 AbstractID = SRrwz38n2e02745166178
 ConcreteID CUSTOM = SCilua512e62032480990 AbstractID CUSTOM = SA66n57f2eb1498926942

	ROLE = LeftClickAt
	TARGET =
		WIDGET = WC1fbb2e920939640774, WR10fgh33101836453781, WT10fgh33101836453781, WPdopdxv1c2306111470
		ROLE = UIACustomControl
		TITLE = 
		SHAPE = Rect [x:660.0 y:391.0 w:485.0 h:30.0]
		CHILDREN = 0
		PATH = [0, 2, 0, 0]
	DESCRIPTION = Left Click at ''
	TEXT = Compound Action =
		Move mouse to (902.5, 406.0).
		Press Mouse Button BUTTON1
		Release Mouse Button BUTTON1

ExecutedAction [10]: 
 @Action ConcreteID = ACzuir2s7f1831470308 AbstractID = AAzuir2s7f1831470308
 ConcreteID CUSTOM = ConcreteID CUSTOM not available AbstractID CUSTOM = AA199yv8d7f2449638334
 @State ConcreteID = SCuyuhmv2ed1671011042 AbstractID = SRrwz38n2e02745166178
 ConcreteID CUSTOM = SCilua512e62032480990 AbstractID CUSTOM = SA66n57f2eb1498926942

	ROLE = LeftClickAt
	TARGET =
		WIDGET = WCkthkjg1d3961490386, WR10fgh33101836453781, WT10fgh33101836453781, WP34gkui19609072533
		ROLE = UIACustomControl
		TITLE = 
		SHAPE = Rect [x:660.0 y:421.0 w:485.0 h:26.0]
		CHILDREN = 3
		PATH = [0, 2, 1]
	DESCRIPTION = Left Click at ''
	TEXT = Compound Action =
		Move mouse to (902.5, 434.0).
		Press Mouse Button BUTTON1
		Release Mouse Button BUTTON1

ExecutedAction [11]: 
 @Action ConcreteID = ACsy0hsm7f3427586396 AbstractID = AAsy0hsm7f3427586396
 ConcreteID CUSTOM = ConcreteID CUSTOM not available AbstractID CUSTOM = AA12dgly77f862213638
 @State ConcreteID = SCuyuhmv2ed1671011042 AbstractID = SRrwz38n2e02745166178
 ConcreteID CUSTOM = SCilua512e62032480990 AbstractID CUSTOM = SA66n57f2eb1498926942

	ROLE = LeftClickAt
	TARGET =
		WIDGET = WC16jbmg11a1783434451, WR10fgh33101836453781, WT10fgh33101836453781, WP1guga8j162634643805
		ROLE = UIACustomControl
		TITLE = 
		SHAPE = Rect [x:660.0 y:391.0 w:485.0 h:90.0]
		CHILDREN = 3
		PATH = [0, 2]
	DESCRIPTION = Left Click at ''
	TEXT = Compound Action =
		Move mouse to (902.5, 436.0).
		Press Mouse Button BUTTON1
		Release Mouse Button BUTTON1

ExecutedAction [12]: 
 @Action ConcreteID = ACowwis87f3688534367 AbstractID = AAowwis87f3688534367
 ConcreteID CUSTOM = ConcreteID CUSTOM not available AbstractID CUSTOM = AAyccmxt7f619845125
 @State ConcreteID = SCuyuhmv2ed1671011042 AbstractID = SRrwz38n2e02745166178
 ConcreteID CUSTOM = SCilua512e62032480990 AbstractID CUSTOM = SA66n57f2eb1498926942

	ROLE = LeftClickAt
	TARGET =
		WIDGET = WCsnsihr193371001170, WR1h6ibpb92248851252, WT1h6ibpb92248851252, WP8rujrl152132155742
		ROLE = UIAButton
		TITLE = 
		SHAPE = Rect [x:733.0 y:451.0 w:26.0 h:26.0]
		CHILDREN = 0
		PATH = [0, 2, 2, 4]
	DESCRIPTION = Left Click at ''
	TEXT = Compound Action =
		Move mouse to (746.0, 464.0).
		Press Mouse Button BUTTON1
		Release Mouse Button BUTTON1

ExecutedAction [13]: 
 @Action ConcreteID = AC166mgd07f1208563569 AbstractID = AA166mgd07f1208563569
 ConcreteID CUSTOM = ConcreteID CUSTOM not available AbstractID CUSTOM = AA1fm2kil7f3072438315
 @State ConcreteID = SCuyuhmv2ed1671011042 AbstractID = SRrwz38n2e02745166178
 ConcreteID CUSTOM = SCilua512e62032480990 AbstractID CUSTOM = SA66n57f2eb1498926942

	ROLE = LeftClickAt
	TARGET =
		WIDGET = WC19h71zr1c2745612408, WR88rmk0b1934231702, WT88rmk0b1934231702, WPqaifmt183472837339
		ROLE = UIACheckBox
		TITLE = 
		SHAPE = Rect [x:913.0 y:451.0 w:26.0 h:26.0]
		CHILDREN = 0
		PATH = [0, 2, 2, 10]
	DESCRIPTION = Left Click at ''
	TEXT = Compound Action =
		Move mouse to (926.0, 464.0).
		Press Mouse Button BUTTON1
		Release Mouse Button BUTTON1

ExecutedAction [14]: 
 @Action ConcreteID = AC166mgd07f1208563569 AbstractID = AA166mgd07f1208563569
 ConcreteID CUSTOM = ConcreteID CUSTOM not available AbstractID CUSTOM = AA1fm2kil7f3072438315
 @State ConcreteID = SCuyuhmv2ed1671011042 AbstractID = SRrwz38n2e02745166178
 ConcreteID CUSTOM = SCilua512e62032480990 AbstractID CUSTOM = SA66n57f2eb1498926942

	ROLE = LeftClickAt
	TARGET =
		WIDGET = WC19h71zr1c2745612408, WR88rmk0b1934231702, WT88rmk0b1934231702, WPqaifmt183472837339
		ROLE = UIACheckBox
		TITLE = 
		SHAPE = Rect [x:913.0 y:451.0 w:26.0 h:26.0]
		CHILDREN = 0
		PATH = [0, 2, 2, 10]
	DESCRIPTION = Left Click at ''
	TEXT = Compound Action =
		Move mouse to (926.0, 464.0).
		Press Mouse Button BUTTON1
		Release Mouse Button BUTTON1

ExecutedAction [15]: 
 @Action ConcreteID = AC1gz1at97f2263807018 AbstractID = AA1gz1at97f2263807018
 ConcreteID CUSTOM = ConcreteID CUSTOM not available AbstractID CUSTOM = AA1qeheyu7f2043048816
 @State ConcreteID = SCuyuhmv2ed1671011042 AbstractID = SRrwz38n2e02745166178
 ConcreteID CUSTOM = SCilua512e62032480990 AbstractID CUSTOM = SA66n57f2eb1498926942

	ROLE = LeftClickAt
	TARGET =
		WIDGET = WCsnsil7191683499614, WR1h6ibpb92248851252, WT1h6ibpb92248851252, WP8rujv1153550696018
		ROLE = UIAButton
		TITLE = 
		SHAPE = Rect [x:849.0 y:451.0 w:26.0 h:26.0]
		CHILDREN = 0
		PATH = [0, 2, 2, 8]
	DESCRIPTION = Left Click at ''
	TEXT = Compound Action =
		Move mouse to (862.0, 464.0).
		Press Mouse Button BUTTON1
		Release Mouse Button BUTTON1

ExecutedAction [16]: 
 @Action ConcreteID = ACa91chl7f1729365440 AbstractID = AAa91chl7f1729365440
 ConcreteID CUSTOM = ConcreteID CUSTOM not available AbstractID CUSTOM = AA1wxqun801841166922
 @State ConcreteID = SC19r8yws795222797174 AbstractID = SR4xt67l75f2930513966
 ConcreteID CUSTOM = SC1ee3edn7b21901514642 AbstractID CUSTOM = SA1jm3rni7a21371765722

	ROLE = LeftClickAt
	TARGET =
		WIDGET = WC194dial2f319575666, WR1k8fo0ra1109144095, WTiy3hkn133698992215, WPkov0sv2b2847267803
		ROLE = UIATabItem
		TITLE = Equalizer
		SHAPE = Rect [x:261.0 y:403.0 w:67.0 h:21.0]
		CHILDREN = 0
		PATH = [0, 0, 1, 0, 0, 0, 1, 0]
	DESCRIPTION = Left Click at 'Equalizer'
	TEXT = Compound Action =
		Move mouse to (294.5, 413.5).
		Press Mouse Button BUTTON1
		Release Mouse Button BUTTON1

ExecutedAction [17]: 
 @Action ConcreteID = ACtb6r8y7f1682919433 AbstractID = AAtb6r8y7f1682919433
 ConcreteID CUSTOM = ConcreteID CUSTOM not available AbstractID CUSTOM = AAkz35m0801860611971
 @State ConcreteID = SC19r8yws795222797174 AbstractID = SR4xt67l75f2930513966
 ConcreteID CUSTOM = SC1ee3edn7b21901514642 AbstractID CUSTOM = SA1jm3rni7a21371765722

	ROLE = LeftClickAt
	TARGET =
		WIDGET = WCydso5v2b42275089, WR1p34e3y91942684430, WT1p34e3y91942684430, WP1oepz5x272880882881
		ROLE = UIASlider
		TITLE = 
		SHAPE = Rect [x:381.0 y:471.0 w:27.0 h:225.0]
		CHILDREN = 0
		PATH = [0, 0, 1, 0, 0, 0, 0, 0, 6, 6]
	DESCRIPTION = Left Click at ''
	TEXT = Compound Action =
		Move mouse to (394.5, 583.5).
		Press Mouse Button BUTTON1
		Release Mouse Button BUTTON1

ExecutedAction [18]: 
 @Action ConcreteID = AC1g589af7f1027913879 AbstractID = AA1g589af7f1027913879
 ConcreteID CUSTOM = ConcreteID CUSTOM not available AbstractID CUSTOM = AA17t4nnh80938297117
 @State ConcreteID = SC19r8yws795222797174 AbstractID = SR4xt67l75f2930513966
 ConcreteID CUSTOM = SC1ee3edn7b21901514642 AbstractID CUSTOM = SA1jm3rni7a21371765722

	ROLE = LeftClickAt
	TARGET =
		WIDGET = WCoa5w6c233122696270, WR17v7k2nb1067391859, WT1faw5jq16422026351, WPzrter61f3097932180
		ROLE = UIAMenuItem
		TITLE = Audio Alt+A
		SHAPE = Rect [x:772.0 y:370.0 w:48.0 h:20.0]
		CHILDREN = 0
		PATH = [0, 2, 2]
	DESCRIPTION = Left Click at 'Audio Alt+A'
	TEXT = Compound Action =
		Move mouse to (796.0, 380.0).
		Press Mouse Button BUTTON1
		Release Mouse Button BUTTON1

ExecutedAction [19]: 
 @Action ConcreteID = AC1chpcm67e3667714521 AbstractID = AA1chpcm67e3667714521
 ConcreteID CUSTOM = ConcreteID CUSTOM not available AbstractID CUSTOM = AAsft90802480642006
 @State ConcreteID = SCrq3pyr85b947487676 AbstractID = SR1vnpl6w826754091359
 ConcreteID CUSTOM = SC13eaon78761041634778 AbstractID CUSTOM = SA11sx4568692881510154

	ROLE = LeftClickAt
	TARGET =
		WIDGET = WCudm5vj2e1662650780, WR1k8fo0ra1109144095, WT1u6eeu5122310558738, WP1ennb5d2a2628714310
		ROLE = UIATabItem
		TITLE = Advanced
		SHAPE = Rect [x:581.0 y:403.0 w:72.0 h:21.0]
		CHILDREN = 0
		PATH = [0, 0, 1, 0, 0, 0, 1, 4]
	DESCRIPTION = Left Click at 'Advanced'
	TEXT = Compound Action =
		Move mouse to (617.0, 413.5).
		Press Mouse Button BUTTON1
		Release Mouse Button BUTTON1

ExecutedAction [20]: 
 @Action ConcreteID = AC1euxije802525319956 AbstractID = AA1euxije802525319956
 ConcreteID CUSTOM = ConcreteID CUSTOM not available AbstractID CUSTOM = AA15266807f711746253
 @State ConcreteID = SC1gbwa6050c1632652928 AbstractID = SR1tmk5924f61878647202
 ConcreteID CUSTOM = SCpvusjl5153453152412 AbstractID CUSTOM = SA1rz8s95044140448975

	ROLE = LeftClickAt
	TARGET =
		WIDGET = WC1d5m79h302986083547, WR1k8fo0ra1109144095, WT6q4ghs144174538512, WP1k24m9j2c793105210
		ROLE = UIATabItem
		TITLE = Compressor
		SHAPE = Rect [x:328.0 y:403.0 w:81.0 h:21.0]
		CHILDREN = 0
		PATH = [0, 0, 1, 0, 0, 0, 1, 1]
	DESCRIPTION = Left Click at 'Compressor'
	TEXT = Compound Action =
		Move mouse to (368.5, 413.5).
		Press Mouse Button BUTTON1
		Release Mouse Button BUTTON1

ExecutedAction [21]: 
 @Action ConcreteID = ACzmid6h7f259798928 AbstractID = AAzmid6h7f259798928
 ConcreteID CUSTOM = ConcreteID CUSTOM not available AbstractID CUSTOM = AAx8n8qq7f3459107437
 @State ConcreteID = SC1omytbm661319086556 AbstractID = SR1hy3xc8631703498369
 ConcreteID CUSTOM = SCwdn8lu66e2726983907 AbstractID CUSTOM = SAiy9x8965d2017609048

	ROLE = LeftClickAt
	TARGET =
		WIDGET = WC1d5m79h302986083547, WR1k8fo0ra1109144095, WT6q4ghs144174538512, WP1k24m9j2c793105210
		ROLE = UIATabItem
		TITLE = Compressor
		SHAPE = Rect [x:328.0 y:403.0 w:81.0 h:21.0]
		CHILDREN = 0
		PATH = [0, 0, 1, 0, 0, 0, 1, 1]
	DESCRIPTION = Left Click at 'Compressor'
	TEXT = Compound Action =
		Move mouse to (368.5, 413.5).
		Press Mouse Button BUTTON1
		Release Mouse Button BUTTON1

ExecutedAction [22]: 
 @Action ConcreteID = AC1luhw8o7f480660467 AbstractID = AA1luhw8o7f480660467
 ConcreteID CUSTOM = ConcreteID CUSTOM not available AbstractID CUSTOM = AA1jgmrsx7f3723998734
 @State ConcreteID = SC1omytbm661319086556 AbstractID = SR1hy3xc8631703498369
 ConcreteID CUSTOM = SCwdn8lu66e2726983907 AbstractID CUSTOM = SAiy9x8965d2017609048

	ROLE = LeftClickAt
	TARGET =
		WIDGET = WC1lhezkt19492590221, WR1h6ibpb92248851252, WT1h6ibpb92248851252, WP11lh0un152863082625
		ROLE = UIAButton
		TITLE = 
		SHAPE = Rect [x:759.0 y:451.0 w:26.0 h:26.0]
		CHILDREN = 0
		PATH = [0, 3, 2, 5]
	DESCRIPTION = Left Click at ''
	TEXT = Compound Action =
		Move mouse to (772.0, 464.0).
		Press Mouse Button BUTTON1
		Release Mouse Button BUTTON1

ExecutedAction [23]: 
 @Action ConcreteID = AC1c09kju7f2146880990 AbstractID = AA1c09kju7f2146880990
 ConcreteID CUSTOM = ConcreteID CUSTOM not available AbstractID CUSTOM = AA19meg437f3198627875
 @State ConcreteID = SC1omytbm661319086556 AbstractID = SR1hy3xc8631703498369
 ConcreteID CUSTOM = SCwdn8lu66e2726983907 AbstractID CUSTOM = SAiy9x8965d2017609048

	ROLE = LeftClickAt
	TARGET =
		WIDGET = WCku1d5o1d4199739809, WR10fgh33101836453781, WT10fgh33101836453781, WP350dgq19838914022
		ROLE = UIACustomControl
		TITLE = 
		SHAPE = Rect [x:660.0 y:447.0 w:485.0 h:34.0]
		CHILDREN = 11
		PATH = [0, 3, 2]
	DESCRIPTION = Left Click at ''
	TEXT = Compound Action =
		Move mouse to (902.5, 464.0).
		Press Mouse Button BUTTON1
		Release Mouse Button BUTTON1

ExecutedAction [24]: 
 @Action ConcreteID = ACl3l6qp7f1847795806 AbstractID = AAl3l6qp7f1847795806
 ConcreteID CUSTOM = ConcreteID CUSTOM not available AbstractID CUSTOM = AAipq2ay7f2943540643
 @State ConcreteID = SC1omytbm661319086556 AbstractID = SR1hy3xc8631703498369
 ConcreteID CUSTOM = SCwdn8lu66e2726983907 AbstractID CUSTOM = SAiy9x8965d2017609048

	ROLE = LeftClickAt
	TARGET =
		WIDGET = WCksdzcq1d2531252402, WR10fgh33101836453781, WT10fgh33101836453781, WP33czns191586358005
		ROLE = UIACustomControl
		TITLE = 
		SHAPE = Rect [x:250.0 y:372.0 w:424.0 h:387.0]
		CHILDREN = 2
		PATH = [0, 0, 1]
	DESCRIPTION = Left Click at ''
	TEXT = Compound Action =
		Move mouse to (462.0, 565.5).
		Press Mouse Button BUTTON1
		Release Mouse Button BUTTON1

ExecutedAction [25]: 
 @Action ConcreteID = AC1ukkspr7f3538333907 AbstractID = AA1ukkspr7f3538333907
 ConcreteID CUSTOM = ConcreteID CUSTOM not available AbstractID CUSTOM = AA1s6poa07f330779950
 @State ConcreteID = SC1omytbm661319086556 AbstractID = SR1hy3xc8631703498369
 ConcreteID CUSTOM = SCwdn8lu66e2726983907 AbstractID CUSTOM = SAiy9x8965d2017609048

	ROLE = LeftClickAt
	TARGET =
		WIDGET = WCs92yw42c3361510070, WR10fgh33101836453781, WT10fgh33101836453781, WP1teka3a283331709745
		ROLE = UIACustomControl
		TITLE = 
		SHAPE = Rect [x:263.0 y:425.0 w:394.0 h:317.0]
		CHILDREN = 1
		PATH = [0, 0, 1, 0, 0, 0, 0, 0]
	DESCRIPTION = Left Click at ''
	TEXT = Compound Action =
		Move mouse to (460.0, 583.5).
		Press Mouse Button BUTTON1
		Release Mouse Button BUTTON1

ExecutedAction [26]: 
 @Action ConcreteID = AC1ukkspr7f3538333907 AbstractID = AA1ukkspr7f3538333907
 ConcreteID CUSTOM = ConcreteID CUSTOM not available AbstractID CUSTOM = AA1s6poa07f330779950
 @State ConcreteID = SC1omytbm661319086556 AbstractID = SR1hy3xc8631703498369
 ConcreteID CUSTOM = SCwdn8lu66e2726983907 AbstractID CUSTOM = SAiy9x8965d2017609048

	ROLE = LeftClickAt
	TARGET =
		WIDGET = WCn3dwpy303975885943, WR88rmk0b1934231702, WTdz99qr112908560843, WP4d5dx02c3869919282
		ROLE = UIACheckBox
		TITLE = Enable
		SHAPE = Rect [x:272.0 y:434.0 w:376.0 h:299.0]
		CHILDREN = 21
		PATH = [0, 0, 1, 0, 0, 0, 0, 0, 0]
	DESCRIPTION = Left Click at 'Enable'
	TEXT = Compound Action =
		Move mouse to (460.0, 583.5).
		Press Mouse Button BUTTON1
		Release Mouse Button BUTTON1

ExecutedAction [27]: 
 @Action ConcreteID = AC1nkjpqu7f1738584473 AbstractID = AA1nkjpqu7f1738584473
 ConcreteID CUSTOM = ConcreteID CUSTOM not available AbstractID CUSTOM = AA1l6olb37f2800831588
 @State ConcreteID = SC1omytbm661319086556 AbstractID = SR1hy3xc8631703498369
 ConcreteID CUSTOM = SCwdn8lu66e2726983907 AbstractID CUSTOM = SAiy9x8965d2017609048

	ROLE = LeftClickAt
	TARGET =
		WIDGET = WC1kvrl7a241388749283, WR1h6ibpb92248851252, WTfj8swh143379978768, WP12mswso201927676573
		ROLE = UIAButton
		TITLE = Close Enter
		SHAPE = Rect [x:518.0 y:762.0 w:75.0 h:23.0]
		CHILDREN = 0
		PATH = [0, 0, 2, 1]
	DESCRIPTION = Left Click at 'Close Enter'
	TEXT = Compound Action =
		Move mouse to (555.5, 773.5).
		Press Mouse Button BUTTON1
		Release Mouse Button BUTTON1

ExecutedAction [28]: 
 @Action ConcreteID = AC1phmilk801971911634 AbstractID = AA1phmilk801971911634
 ConcreteID CUSTOM = ConcreteID CUSTOM not available AbstractID CUSTOM = AA1xo1vi7804274613183
 @State ConcreteID = SCuyuhmv2ed1671011042 AbstractID = SRrwz38n2e02745166178
 ConcreteID CUSTOM = SCilua512e62032480990 AbstractID CUSTOM = SA66n57f2eb1498926942

	ROLE = LeftClickAt
	TARGET =
		WIDGET = WC1fcenkz201119982758, WR10fgh33101836453781, WT10fgh33101836453781, WPdpsz4l1c4088669326
		ROLE = UIACustomControl
		TITLE = 
		SHAPE = Rect [x:1031.0 y:448.0 w:101.0 h:32.0]
		CHILDREN = 2
		PATH = [0, 2, 2, 0]
	DESCRIPTION = Left Click at ''
	TEXT = Compound Action =
		Move mouse to (1081.5, 464.0).
		Press Mouse Button BUTTON1
		Release Mouse Button BUTTON1

ExecutedAction [29]: 
 @Action ConcreteID = AC1gz1at97f2263807018 AbstractID = AA1gz1at97f2263807018
 ConcreteID CUSTOM = ConcreteID CUSTOM not available AbstractID CUSTOM = AA1qeheyu7f2043048816
 @State ConcreteID = SCuyuhmv2ed1671011042 AbstractID = SRrwz38n2e02745166178
 ConcreteID CUSTOM = SCilua512e62032480990 AbstractID CUSTOM = SA66n57f2eb1498926942

	ROLE = LeftClickAt
	TARGET =
		WIDGET = WCsnsil7191683499614, WR1h6ibpb92248851252, WT1h6ibpb92248851252, WP8rujv1153550696018
		ROLE = UIAButton
		TITLE = 
		SHAPE = Rect [x:849.0 y:451.0 w:26.0 h:26.0]
		CHILDREN = 0
		PATH = [0, 2, 2, 8]
	DESCRIPTION = Left Click at ''
	TEXT = Compound Action =
		Move mouse to (862.0, 464.0).
		Press Mouse Button BUTTON1
		Release Mouse Button BUTTON1

ExecutedAction [30]: 
 @Action ConcreteID = ACmox5ns7f3604221784 AbstractID = AAmox5ns7f3604221784
 ConcreteID CUSTOM = ConcreteID CUSTOM not available AbstractID CUSTOM = AAkb21817f394654373
 @State ConcreteID = SC1omytbm661319086556 AbstractID = SR1hy3xc8631703498369
 ConcreteID CUSTOM = SCwdn8lu66e2726983907 AbstractID CUSTOM = SAiy9x8965d2017609048

	ROLE = LeftClickAt
	TARGET =
		WIDGET = WC11866p7221380889474, WR17v7k2nb1067391859, WT1y895rf152412617792, WP15p11o91e1057977303
		ROLE = UIAMenuItem
		TITLE = View Alt+i
		SHAPE = Rect [x:965.0 y:370.0 w:41.0 h:20.0]
		CHILDREN = 0
		PATH = [0, 2, 6]
	DESCRIPTION = Left Click at 'View Alt+i'
	TEXT = Compound Action =
		Move mouse to (985.5, 380.0).
		Press Mouse Button BUTTON1
		Release Mouse Button BUTTON1

ExecutedAction [31]: 
 @Action ConcreteID = ACwiptop804168422154 AbstractID = AAwiptop804168422154
 ConcreteID CUSTOM = ConcreteID CUSTOM not available AbstractID CUSTOM = AA1c4avhy802729658242
 @State ConcreteID = SC1xhxn8g78d527553199 AbstractID = SR1xovodl75c2062831926
 ConcreteID CUSTOM = SCbewcew79f577937768 AbstractID CUSTOM = SAwcyyy07862312748025

	ROLE = LeftClickAt
	TARGET =
		WIDGET = WCigl81b221236350214, WR17v7k2nb1067391859, WT1e6tvxi153323975668, WP1lyad311e2164392518
		ROLE = UIAMenuItem
		TITLE = Help Alt+H
		SHAPE = Rect [x:1006.0 y:370.0 w:41.0 h:20.0]
		CHILDREN = 0
		PATH = [0, 2, 7]
	DESCRIPTION = Left Click at 'Help Alt+H'
	TEXT = Compound Action =
		Move mouse to (1026.5, 380.0).
		Press Mouse Button BUTTON1
		Release Mouse Button BUTTON1

ExecutedAction [32]: 
 @Action ConcreteID = AC14fiw1l7f3716230258 AbstractID = AA14fiw1l7f3716230258
 ConcreteID CUSTOM = ConcreteID CUSTOM not available AbstractID CUSTOM = AA121nrlu7f483447183
 @State ConcreteID = SC1omytbm661319086556 AbstractID = SR1hy3xc8631703498369
 ConcreteID CUSTOM = SCwdn8lu66e2726983907 AbstractID CUSTOM = SAiy9x8965d2017609048

	ROLE = LeftClickAt
	TARGET =
		WIDGET = WCx2xd4b312174155616, WR1k8fo0ra1109144095, WT1xn65vr151465452121, WP1kvj3bx2d3413647731
		ROLE = UIATabItem
		TITLE = Spatializer
		SHAPE = Rect [x:409.0 y:403.0 w:73.0 h:21.0]
		CHILDREN = 0
		PATH = [0, 0, 1, 0, 0, 0, 1, 2]
	DESCRIPTION = Left Click at 'Spatializer'
	TEXT = Compound Action =
		Move mouse to (445.5, 413.5).
		Press Mouse Button BUTTON1
		Release Mouse Button BUTTON1

ExecutedAction [33]: 
 @Action ConcreteID = AC14ia9pc7f689570357 AbstractID = AA14ia9pc7f689570357
 ConcreteID CUSTOM = ConcreteID CUSTOM not available AbstractID CUSTOM = AAb1xirk80454872464
 @State ConcreteID = SCpd6q275e42453262943 AbstractID = SRixj6wo5c11670446496
 ConcreteID CUSTOM = SC10vxoyu5ed629571277 AbstractID CUSTOM = SA1i4ten05e42962740689

	ROLE = LeftClickAt
	TARGET =
		WIDGET = WCfl317c1c3034426427, WR88rmk0b1934231702, WT88rmk0b1934231702, WP1vfigti183649330840
		ROLE = UIACheckBox
		TITLE = 
		SHAPE = Rect [x:913.0 y:451.0 w:26.0 h:26.0]
		CHILDREN = 0
		PATH = [0, 3, 2, 10]
	DESCRIPTION = Left Click at ''
	TEXT = Compound Action =
		Move mouse to (926.0, 464.0).
		Press Mouse Button BUTTON1
		Release Mouse Button BUTTON1

ExecutedAction [34]: 
 @Action ConcreteID = AC1jyenak7f2730580716 AbstractID = AA1jyenak7f2730580716
 ConcreteID CUSTOM = ConcreteID CUSTOM not available AbstractID CUSTOM = AAqi1wcs802428998985
 @State ConcreteID = SCpd6q275e42453262943 AbstractID = SRixj6wo5c11670446496
 ConcreteID CUSTOM = SC10vxoyu5ed629571277 AbstractID CUSTOM = SA1i4ten05e42962740689

	ROLE = LeftClickAt
	TARGET =
		WIDGET = WC1d5m79h302986083547, WR1k8fo0ra1109144095, WT6q4ghs144174538512, WP1k24m9j2c793105210
		ROLE = UIATabItem
		TITLE = Compressor
		SHAPE = Rect [x:328.0 y:403.0 w:81.0 h:21.0]
		CHILDREN = 0
		PATH = [0, 0, 1, 0, 0, 0, 1, 1]
	DESCRIPTION = Left Click at 'Compressor'
	TEXT = Compound Action =
		Move mouse to (368.5, 413.5).
		Press Mouse Button BUTTON1
		Release Mouse Button BUTTON1

ExecutedAction [35]: 
 @Action ConcreteID = AC1ukkspr7f3538333907 AbstractID = AA1ukkspr7f3538333907
 ConcreteID CUSTOM = ConcreteID CUSTOM not available AbstractID CUSTOM = AA1s6poa07f330779950
 @State ConcreteID = SC1omytbm661319086556 AbstractID = SR1hy3xc8631703498369
 ConcreteID CUSTOM = SCwdn8lu66e2726983907 AbstractID CUSTOM = SAiy9x8965d2017609048

	ROLE = LeftClickAt
	TARGET =
		WIDGET = WCn3dwpy303975885943, WR88rmk0b1934231702, WTdz99qr112908560843, WP4d5dx02c3869919282
		ROLE = UIACheckBox
		TITLE = Enable
		SHAPE = Rect [x:272.0 y:434.0 w:376.0 h:299.0]
		CHILDREN = 21
		PATH = [0, 0, 1, 0, 0, 0, 0, 0, 0]
	DESCRIPTION = Left Click at 'Enable'
	TEXT = Compound Action =
		Move mouse to (460.0, 583.5).
		Press Mouse Button BUTTON1
		Release Mouse Button BUTTON1

ExecutedAction [36]: 
 @Action ConcreteID = AC1ukkspr7f3538333907 AbstractID = AA1ukkspr7f3538333907
 ConcreteID CUSTOM = ConcreteID CUSTOM not available AbstractID CUSTOM = AA1s6poa07f330779950
 @State ConcreteID = SC1omytbm661319086556 AbstractID = SR1hy3xc8631703498369
 ConcreteID CUSTOM = SCwdn8lu66e2726983907 AbstractID CUSTOM = SAiy9x8965d2017609048

	ROLE = LeftClickAt
	TARGET =
		WIDGET = WCn3dwpy303975885943, WR88rmk0b1934231702, WTdz99qr112908560843, WP4d5dx02c3869919282
		ROLE = UIACheckBox
		TITLE = Enable
		SHAPE = Rect [x:272.0 y:434.0 w:376.0 h:299.0]
		CHILDREN = 21
		PATH = [0, 0, 1, 0, 0, 0, 0, 0, 0]
	DESCRIPTION = Left Click at 'Enable'
	TEXT = Compound Action =
		Move mouse to (460.0, 583.5).
		Press Mouse Button BUTTON1
		Release Mouse Button BUTTON1

ExecutedAction [37]: 
 @Action ConcreteID = AC1sqfj4t7f3602890896 AbstractID = AA1sqfj4t7f3602890896
 ConcreteID CUSTOM = ConcreteID CUSTOM not available AbstractID CUSTOM = AA1qckep27f401489261
 @State ConcreteID = SC1omytbm661319086556 AbstractID = SR1hy3xc8631703498369
 ConcreteID CUSTOM = SCwdn8lu66e2726983907 AbstractID CUSTOM = SAiy9x8965d2017609048

	ROLE = LeftClickAt
	TARGET =
		WIDGET = WCzxkocd2a3149847004, WR1k8fo0ra1109144095, WT1q6qccd17734633670, WP1ysyxhn261539884999
		ROLE = UIATabItem
		TITLE = Audio Effects
		SHAPE = Rect [x:250.0 y:372.0 w:88.0 h:21.0]
		CHILDREN = 0
		PATH = [0, 0, 1, 1, 0]
	DESCRIPTION = Left Click at 'Audio Effects'
	TEXT = Compound Action =
		Move mouse to (294.0, 382.5).
		Press Mouse Button BUTTON1
		Release Mouse Button BUTTON1

ExecutedAction [38]: 
 @Action ConcreteID = AC1sqfj4t7f3602890896 AbstractID = AA1sqfj4t7f3602890896
 ConcreteID CUSTOM = ConcreteID CUSTOM not available AbstractID CUSTOM = AA1qckep27f401489261
 @State ConcreteID = SC1omytbm661319086556 AbstractID = SR1hy3xc8631703498369
 ConcreteID CUSTOM = SCwdn8lu66e2726983907 AbstractID CUSTOM = SAiy9x8965d2017609048

	ROLE = LeftClickAt
	TARGET =
		WIDGET = WCzxkocd2a3149847004, WR1k8fo0ra1109144095, WT1q6qccd17734633670, WP1ysyxhn261539884999
		ROLE = UIATabItem
		TITLE = Audio Effects
		SHAPE = Rect [x:250.0 y:372.0 w:88.0 h:21.0]
		CHILDREN = 0
		PATH = [0, 0, 1, 1, 0]
	DESCRIPTION = Left Click at 'Audio Effects'
	TEXT = Compound Action =
		Move mouse to (294.0, 382.5).
		Press Mouse Button BUTTON1
		Release Mouse Button BUTTON1

ExecutedAction [39]: 
 @Action ConcreteID = ACqr5ugo7f192690615 AbstractID = AAqr5ugo7f192690615
 ConcreteID CUSTOM = ConcreteID CUSTOM not available AbstractID CUSTOM = AAodaq0x7f3391997002
 @State ConcreteID = SC1omytbm661319086556 AbstractID = SR1hy3xc8631703498369
 ConcreteID CUSTOM = SCwdn8lu66e2726983907 AbstractID CUSTOM = SAiy9x8965d2017609048

	ROLE = LeftClickAt
	TARGET =
		WIDGET = WCzh8ir72c3690954354, WR1k8fo0ra1109144095, WT1nm4611192860587041, WP16x9qdd282568739354
		ROLE = UIATabItem
		TITLE = Synchronization
		SHAPE = Rect [x:425.0 y:372.0 w:100.0 h:21.0]
		CHILDREN = 0
		PATH = [0, 0, 1, 1, 2]
	DESCRIPTION = Left Click at 'Synchronization'
	TEXT = Compound Action =
		Move mouse to (475.0, 382.5).
		Press Mouse Button BUTTON1
		Release Mouse Button BUTTON1

ExecutedAction [40]: 
 @Action ConcreteID = ACgd2lk47e3212844773 AbstractID = AAgd2lk47e3212844773
 ConcreteID CUSTOM = ConcreteID CUSTOM not available AbstractID CUSTOM = AAnvlg2i7e1195974845
 @State ConcreteID = SC1j485kc50a35563360 AbstractID = SRp2mmls4eb1947782464
 ConcreteID CUSTOM = SC12d4ftj5162681309153 AbstractID CUSTOM = SA351vdo502152840732

	ROLE = LeftClickAt
	TARGET =
		WIDGET = WCzh8ir72c3690954354, WR1k8fo0ra1109144095, WT1nm4611192860587041, WP16x9qdd282568739354
		ROLE = UIATabItem
		TITLE = Synchronization
		SHAPE = Rect [x:425.0 y:372.0 w:100.0 h:21.0]
		CHILDREN = 0
		PATH = [0, 0, 1, 1, 2]
	DESCRIPTION = Left Click at 'Synchronization'
	TEXT = Compound Action =
		Move mouse to (475.0, 382.5).
		Press Mouse Button BUTTON1
		Release Mouse Button BUTTON1

ExecutedAction [41]: 
 @Action ConcreteID = ACevvntn7e1540696617 AbstractID = AAevvntn7e1540696617
 ConcreteID CUSTOM = ConcreteID CUSTOM not available AbstractID CUSTOM = AAmeeic17e2736526449
 @State ConcreteID = SC1j485kc50a35563360 AbstractID = SRp2mmls4eb1947782464
 ConcreteID CUSTOM = SC12d4ftj5162681309153 AbstractID CUSTOM = SA351vdo502152840732

	ROLE = LeftClickAt
	TARGET =
		WIDGET = WCoa5w6c233122696270, WR17v7k2nb1067391859, WT1faw5jq16422026351, WPzrter61f3097932180
		ROLE = UIAMenuItem
		TITLE = Audio Alt+A
		SHAPE = Rect [x:772.0 y:370.0 w:48.0 h:20.0]
		CHILDREN = 0
		PATH = [0, 2, 2]
	DESCRIPTION = Left Click at 'Audio Alt+A'
	TEXT = Compound Action =
		Move mouse to (796.0, 380.0).
		Press Mouse Button BUTTON1
		Release Mouse Button BUTTON1

ExecutedAction [42]: 
 @Action ConcreteID = AC91g2kx801044443923 AbstractID = AA91g2kx801044443923
 ConcreteID CUSTOM = ConcreteID CUSTOM not available AbstractID CUSTOM = AA1dfzejk80957177866
 @State ConcreteID = SC189txjp5d03205948812 AbstractID = SR1yqy7gn5b23760235027
 ConcreteID CUSTOM = SCuvnp3j5da744397964 AbstractID CUSTOM = SA17gc3h45c91778138744

	ROLE = LeftClickAt
	TARGET =
		WIDGET = WCqqe6kc322114377163, WR1cs7rxoa2579320938, WTqnwiqj193662825705, WPor7vgq2e1554707198
		ROLE = UIASpinner
		TITLE = Subtitles/Video
		SHAPE = Rect [x:464.0 y:690.0 w:187.0 h:20.0]
		CHILDREN = 0
		PATH = [0, 0, 1, 0, 0, 1, 3]
	DESCRIPTION = Left Click at 'Subtitles/Video'
	TEXT = Compound Action =
		Move mouse to (557.5, 700.0).
		Press Mouse Button BUTTON1
		Release Mouse Button BUTTON1

ExecutedAction [43]: 
 @Action ConcreteID = ACcatwr87e1646798858 AbstractID = AAcatwr87e1646798858
 ConcreteID CUSTOM = ConcreteID CUSTOM not available AbstractID CUSTOM = AAjtcr9m7e2598442578
 @State ConcreteID = SC1j485kc50a35563360 AbstractID = SRp2mmls4eb1947782464
 ConcreteID CUSTOM = SC12d4ftj5162681309153 AbstractID CUSTOM = SA351vdo502152840732

	ROLE = LeftClickAt
	TARGET =
		WIDGET = WC11866p7221380889474, WR17v7k2nb1067391859, WT1y895rf152412617792, WP15p11o91e1057977303
		ROLE = UIAMenuItem
		TITLE = View Alt+i
		SHAPE = Rect [x:965.0 y:370.0 w:41.0 h:20.0]
		CHILDREN = 0
		PATH = [0, 2, 6]
	DESCRIPTION = Left Click at 'View Alt+i'
	TEXT = Compound Action =
		Move mouse to (985.5, 380.0).
		Press Mouse Button BUTTON1
		Release Mouse Button BUTTON1

ExecutedAction [44]: 
 @Action ConcreteID = AC1ao938e811664901434 AbstractID = AA1ao938e811664901434
 ConcreteID CUSTOM = ConcreteID CUSTOM not available AbstractID CUSTOM = AAvw775u7f4253874854
 @State ConcreteID = SC1r04mpq6362476485036 AbstractID = SR1crna6p6163577835264
 ConcreteID CUSTOM = SC182akkd6472873824710 AbstractID CUSTOM = SAtsvh5962b967575814

	ROLE = LeftClickAt
	TARGET =
		WIDGET = WC1drwc6k2d2242619564, WR17v7k2nb1067391859, WTuhosb1231792944361, WP1ckq1we291184140328
		ROLE = UIAMenuItem
		TITLE = Minimal Interface Ctrl+H
		SHAPE = Rect [x:968.0 y:499.0 w:219.0 h:22.0]
		CHILDREN = 0
		PATH = [1, 6]
	DESCRIPTION = Left Click at 'Minimal Interface Ctrl+H'
	TEXT = Compound Action =
		Move mouse to (1077.5, 510.0).
		Press Mouse Button BUTTON1
		Release Mouse Button BUTTON1

ExecutedAction [45]: 
 @Action ConcreteID = ACvpjp47f289389258 AbstractID = AAvpjp47f289389258
 ConcreteID CUSTOM = ConcreteID CUSTOM not available AbstractID CUSTOM = AAbjnvrq7f2520726214
 @State ConcreteID = SC1lnhq9z2e6827903783 AbstractID = SRk1s6p2d12627610221
 ConcreteID CUSTOM = SCpx3aqt2ee3567001834 AbstractID CUSTOM = SA16m6ytk2e7683548674

	ROLE = LeftClickAt
	TARGET =
		WIDGET = WC1kvrl6f241272811682, WR1h6ibpb92248851252, WTfj8swh143379978768, WP12mswrt201811755996
		ROLE = UIAButton
		TITLE = Close Enter
		SHAPE = Rect [x:599.0 y:762.0 w:75.0 h:23.0]
		CHILDREN = 0
		PATH = [0, 0, 2, 0]
	DESCRIPTION = Left Click at 'Close Enter'
	TEXT = Compound Action =
		Move mouse to (636.5, 773.5).
		Press Mouse Button BUTTON1
		Release Mouse Button BUTTON1

ExecutedAction [46]: 
 @Action ConcreteID = ACh04heu7f4179871836 AbstractID = AAh04heu7f4179871836
 ConcreteID CUSTOM = ConcreteID CUSTOM not available AbstractID CUSTOM = AAicrx7i7e3022616070
 @State ConcreteID = SC196ow58cc3425943624 AbstractID = SRz2rpjwc63926869269
 ConcreteID CUSTOM = SCxv9iuccb2720447977 AbstractID CUSTOM = SAnqz4dyc81734590269

	ROLE = LeftClickAt
	TARGET =
		WIDGET = WCmholc2203062808613, WR10fgh33101836453781, WT10fgh33101836453781, WP1jw6yus1c133918733
		ROLE = UIACustomControl
		TITLE = 
		SHAPE = Rect [x:660.0 y:370.0 w:485.0 h:81.0]
		CHILDREN = 0
		PATH = [0, 1, 0, 0]
	DESCRIPTION = Left Click at ''
	TEXT = Compound Action =
		Move mouse to (902.5, 410.5).
		Press Mouse Button BUTTON1
		Release Mouse Button BUTTON1

ExecutedAction [47]: 
 @Action ConcreteID = ACh04heu7f4179871836 AbstractID = AAh04heu7f4179871836
 ConcreteID CUSTOM = ConcreteID CUSTOM not available AbstractID CUSTOM = AAicrx7i7e3022616070
 @State ConcreteID = SC196ow58cc3425943624 AbstractID = SRz2rpjwc63926869269
 ConcreteID CUSTOM = SCxv9iuccb2720447977 AbstractID CUSTOM = SAnqz4dyc81734590269

	ROLE = LeftClickAt
	TARGET =
		WIDGET = WC16jbmf61a1096834832, WR10fgh33101836453781, WT10fgh33101836453781, WP1guga7o163055823518
		ROLE = UIACustomControl
		TITLE = 
		SHAPE = Rect [x:660.0 y:370.0 w:485.0 h:81.0]
		CHILDREN = 1
		PATH = [0, 1]
	DESCRIPTION = Left Click at ''
	TEXT = Compound Action =
		Move mouse to (902.5, 410.5).
		Press Mouse Button BUTTON1
		Release Mouse Button BUTTON1

ExecutedAction [48]: 
 @Action ConcreteID = ACh04heu7f4179871836 AbstractID = AAh04heu7f4179871836
 ConcreteID CUSTOM = ConcreteID CUSTOM not available AbstractID CUSTOM = AAicrx7i7e3022616070
 @State ConcreteID = SC196ow58cc3425943624 AbstractID = SRz2rpjwc63926869269
 ConcreteID CUSTOM = SCxv9iuccb2720447977 AbstractID CUSTOM = SAnqz4dyc81734590269

	ROLE = LeftClickAt
	TARGET =
		WIDGET = WC16jbmf61a1096834832, WR10fgh33101836453781, WT10fgh33101836453781, WP1guga7o163055823518
		ROLE = UIACustomControl
		TITLE = 
		SHAPE = Rect [x:660.0 y:370.0 w:485.0 h:81.0]
		CHILDREN = 1
		PATH = [0, 1]
	DESCRIPTION = Left Click at ''
	TEXT = Compound Action =
		Move mouse to (902.5, 410.5).
		Press Mouse Button BUTTON1
		Release Mouse Button BUTTON1

ExecutedAction [49]: 
 @Action ConcreteID = ACh04heu7f4179871836 AbstractID = AAh04heu7f4179871836
 ConcreteID CUSTOM = ConcreteID CUSTOM not available AbstractID CUSTOM = AAicrx7i7e3022616070
 @State ConcreteID = SC196ow58cc3425943624 AbstractID = SRz2rpjwc63926869269
 ConcreteID CUSTOM = SCxv9iuccb2720447977 AbstractID CUSTOM = SAnqz4dyc81734590269

	ROLE = LeftClickAt
	TARGET =
		WIDGET = WCmholc2203062808613, WR10fgh33101836453781, WT10fgh33101836453781, WP1jw6yus1c133918733
		ROLE = UIACustomControl
		TITLE = 
		SHAPE = Rect [x:660.0 y:370.0 w:485.0 h:81.0]
		CHILDREN = 0
		PATH = [0, 1, 0, 0]
	DESCRIPTION = Left Click at ''
	TEXT = Compound Action =
		Move mouse to (902.5, 410.5).
		Press Mouse Button BUTTON1
		Release Mouse Button BUTTON1

ExecutedAction [50]: 
 @Action ConcreteID = ACh04heu7f4179871836 AbstractID = AAh04heu7f4179871836
 ConcreteID CUSTOM = ConcreteID CUSTOM not available AbstractID CUSTOM = AAicrx7i7e3022616070
 @State ConcreteID = SC196ow58cc3425943624 AbstractID = SRz2rpjwc63926869269
 ConcreteID CUSTOM = SCxv9iuccb2720447977 AbstractID CUSTOM = SAnqz4dyc81734590269

	ROLE = LeftClickAt
	TARGET =
		WIDGET = WC16jbmf61a1096834832, WR10fgh33101836453781, WT10fgh33101836453781, WP1guga7o163055823518
		ROLE = UIACustomControl
		TITLE = 
		SHAPE = Rect [x:660.0 y:370.0 w:485.0 h:81.0]
		CHILDREN = 1
		PATH = [0, 1]
	DESCRIPTION = Left Click at ''
	TEXT = Compound Action =
		Move mouse to (902.5, 410.5).
		Press Mouse Button BUTTON1
		Release Mouse Button BUTTON1

ExecutedAction [51]: 
 @Action ConcreteID = ACh04heu7f4179871836 AbstractID = AAh04heu7f4179871836
 ConcreteID CUSTOM = ConcreteID CUSTOM not available AbstractID CUSTOM = AAicrx7i7e3022616070
 @State ConcreteID = SC196ow58cc3425943624 AbstractID = SRz2rpjwc63926869269
 ConcreteID CUSTOM = SCxv9iuccb2720447977 AbstractID CUSTOM = SAnqz4dyc81734590269

	ROLE = LeftClickAt
	TARGET =
		WIDGET = WC16jbmf61a1096834832, WR10fgh33101836453781, WT10fgh33101836453781, WP1guga7o163055823518
		ROLE = UIACustomControl
		TITLE = 
		SHAPE = Rect [x:660.0 y:370.0 w:485.0 h:81.0]
		CHILDREN = 1
		PATH = [0, 1]
	DESCRIPTION = Left Click at ''
	TEXT = Compound Action =
		Move mouse to (902.5, 410.5).
		Press Mouse Button BUTTON1
		Release Mouse Button BUTTON1

ExecutedAction [52]: 
 @Action ConcreteID = ACh04heu7f4179871836 AbstractID = AAh04heu7f4179871836
 ConcreteID CUSTOM = ConcreteID CUSTOM not available AbstractID CUSTOM = AAicrx7i7e3022616070
 @State ConcreteID = SC196ow58cc3425943624 AbstractID = SRz2rpjwc63926869269
 ConcreteID CUSTOM = SCxv9iuccb2720447977 AbstractID CUSTOM = SAnqz4dyc81734590269

	ROLE = LeftClickAt
	TARGET =
		WIDGET = WCmholc2203062808613, WR10fgh33101836453781, WT10fgh33101836453781, WP1jw6yus1c133918733
		ROLE = UIACustomControl
		TITLE = 
		SHAPE = Rect [x:660.0 y:370.0 w:485.0 h:81.0]
		CHILDREN = 0
		PATH = [0, 1, 0, 0]
	DESCRIPTION = Left Click at ''
	TEXT = Compound Action =
		Move mouse to (902.5, 410.5).
		Press Mouse Button BUTTON1
		Release Mouse Button BUTTON1

ExecutedAction [53]: 
 @Action ConcreteID = ACh04heu7f4179871836 AbstractID = AAh04heu7f4179871836
 ConcreteID CUSTOM = ConcreteID CUSTOM not available AbstractID CUSTOM = AAicrx7i7e3022616070
 @State ConcreteID = SC196ow58cc3425943624 AbstractID = SRz2rpjwc63926869269
 ConcreteID CUSTOM = SCxv9iuccb2720447977 AbstractID CUSTOM = SAnqz4dyc81734590269

	ROLE = LeftClickAt
	TARGET =
		WIDGET = WC16jbmf61a1096834832, WR10fgh33101836453781, WT10fgh33101836453781, WP1guga7o163055823518
		ROLE = UIACustomControl
		TITLE = 
		SHAPE = Rect [x:660.0 y:370.0 w:485.0 h:81.0]
		CHILDREN = 1
		PATH = [0, 1]
	DESCRIPTION = Left Click at ''
	TEXT = Compound Action =
		Move mouse to (902.5, 410.5).
		Press Mouse Button BUTTON1
		Release Mouse Button BUTTON1

ExecutedAction [54]: 
 @Action ConcreteID = ACh04heu7f4179871836 AbstractID = AAh04heu7f4179871836
 ConcreteID CUSTOM = ConcreteID CUSTOM not available AbstractID CUSTOM = AAicrx7i7e3022616070
 @State ConcreteID = SC196ow58cc3425943624 AbstractID = SRz2rpjwc63926869269
 ConcreteID CUSTOM = SCxv9iuccb2720447977 AbstractID CUSTOM = SAnqz4dyc81734590269

	ROLE = LeftClickAt
	TARGET =
		WIDGET = WCmholc2203062808613, WR10fgh33101836453781, WT10fgh33101836453781, WP1jw6yus1c133918733
		ROLE = UIACustomControl
		TITLE = 
		SHAPE = Rect [x:660.0 y:370.0 w:485.0 h:81.0]
		CHILDREN = 0
		PATH = [0, 1, 0, 0]
	DESCRIPTION = Left Click at ''
	TEXT = Compound Action =
		Move mouse to (902.5, 410.5).
		Press Mouse Button BUTTON1
		Release Mouse Button BUTTON1

ExecutedAction [55]: 
 @Action ConcreteID = ACh04heu7f4179871836 AbstractID = AAh04heu7f4179871836
 ConcreteID CUSTOM = ConcreteID CUSTOM not available AbstractID CUSTOM = AAicrx7i7e3022616070
 @State ConcreteID = SC196ow58cc3425943624 AbstractID = SRz2rpjwc63926869269
 ConcreteID CUSTOM = SCxv9iuccb2720447977 AbstractID CUSTOM = SAnqz4dyc81734590269

	ROLE = LeftClickAt
	TARGET =
		WIDGET = WC16jbmf61a1096834832, WR10fgh33101836453781, WT10fgh33101836453781, WP1guga7o163055823518
		ROLE = UIACustomControl
		TITLE = 
		SHAPE = Rect [x:660.0 y:370.0 w:485.0 h:81.0]
		CHILDREN = 1
		PATH = [0, 1]
	DESCRIPTION = Left Click at ''
	TEXT = Compound Action =
		Move mouse to (902.5, 410.5).
		Press Mouse Button BUTTON1
		Release Mouse Button BUTTON1

ExecutedAction [56]: 
 @Action ConcreteID = ACh04heu7f4179871836 AbstractID = AAh04heu7f4179871836
 ConcreteID CUSTOM = ConcreteID CUSTOM not available AbstractID CUSTOM = AAicrx7i7e3022616070
 @State ConcreteID = SC196ow58cc3425943624 AbstractID = SRz2rpjwc63926869269
 ConcreteID CUSTOM = SCxv9iuccb2720447977 AbstractID CUSTOM = SAnqz4dyc81734590269

	ROLE = LeftClickAt
	TARGET =
		WIDGET = WCmholc2203062808613, WR10fgh33101836453781, WT10fgh33101836453781, WP1jw6yus1c133918733
		ROLE = UIACustomControl
		TITLE = 
		SHAPE = Rect [x:660.0 y:370.0 w:485.0 h:81.0]
		CHILDREN = 0
		PATH = [0, 1, 0, 0]
	DESCRIPTION = Left Click at ''
	TEXT = Compound Action =
		Move mouse to (902.5, 410.5).
		Press Mouse Button BUTTON1
		Release Mouse Button BUTTON1

ExecutedAction [57]: 
 @Action ConcreteID = ACh04heu7f4179871836 AbstractID = AAh04heu7f4179871836
 ConcreteID CUSTOM = ConcreteID CUSTOM not available AbstractID CUSTOM = AAicrx7i7e3022616070
 @State ConcreteID = SC196ow58cc3425943624 AbstractID = SRz2rpjwc63926869269
 ConcreteID CUSTOM = SCxv9iuccb2720447977 AbstractID CUSTOM = SAnqz4dyc81734590269

	ROLE = LeftClickAt
	TARGET =
		WIDGET = WC16jbmf61a1096834832, WR10fgh33101836453781, WT10fgh33101836453781, WP1guga7o163055823518
		ROLE = UIACustomControl
		TITLE = 
		SHAPE = Rect [x:660.0 y:370.0 w:485.0 h:81.0]
		CHILDREN = 1
		PATH = [0, 1]
	DESCRIPTION = Left Click at ''
	TEXT = Compound Action =
		Move mouse to (902.5, 410.5).
		Press Mouse Button BUTTON1
		Release Mouse Button BUTTON1

ExecutedAction [58]: 
 @Action ConcreteID = ACh04heu7f4179871836 AbstractID = AAh04heu7f4179871836
 ConcreteID CUSTOM = ConcreteID CUSTOM not available AbstractID CUSTOM = AAicrx7i7e3022616070
 @State ConcreteID = SC196ow58cc3425943624 AbstractID = SRz2rpjwc63926869269
 ConcreteID CUSTOM = SCxv9iuccb2720447977 AbstractID CUSTOM = SAnqz4dyc81734590269

	ROLE = LeftClickAt
	TARGET =
		WIDGET = WCmholc2203062808613, WR10fgh33101836453781, WT10fgh33101836453781, WP1jw6yus1c133918733
		ROLE = UIACustomControl
		TITLE = 
		SHAPE = Rect [x:660.0 y:370.0 w:485.0 h:81.0]
		CHILDREN = 0
		PATH = [0, 1, 0, 0]
	DESCRIPTION = Left Click at ''
	TEXT = Compound Action =
		Move mouse to (902.5, 410.5).
		Press Mouse Button BUTTON1
		Release Mouse Button BUTTON1

ExecutedAction [59]: 
 @Action ConcreteID = ACh04heu7f4179871836 AbstractID = AAh04heu7f4179871836
 ConcreteID CUSTOM = ConcreteID CUSTOM not available AbstractID CUSTOM = AAicrx7i7e3022616070
 @State ConcreteID = SC196ow58cc3425943624 AbstractID = SRz2rpjwc63926869269
 ConcreteID CUSTOM = SCxv9iuccb2720447977 AbstractID CUSTOM = SAnqz4dyc81734590269

	ROLE = LeftClickAt
	TARGET =
		WIDGET = WCmholc2203062808613, WR10fgh33101836453781, WT10fgh33101836453781, WP1jw6yus1c133918733
		ROLE = UIACustomControl
		TITLE = 
		SHAPE = Rect [x:660.0 y:370.0 w:485.0 h:81.0]
		CHILDREN = 0
		PATH = [0, 1, 0, 0]
	DESCRIPTION = Left Click at ''
	TEXT = Compound Action =
		Move mouse to (902.5, 410.5).
		Press Mouse Button BUTTON1
		Release Mouse Button BUTTON1

ExecutedAction [60]: 
 @Action ConcreteID = ACh04heu7f4179871836 AbstractID = AAh04heu7f4179871836
 ConcreteID CUSTOM = ConcreteID CUSTOM not available AbstractID CUSTOM = AAicrx7i7e3022616070
 @State ConcreteID = SC196ow58cc3425943624 AbstractID = SRz2rpjwc63926869269
 ConcreteID CUSTOM = SCxv9iuccb2720447977 AbstractID CUSTOM = SAnqz4dyc81734590269

	ROLE = LeftClickAt
	TARGET =
		WIDGET = WC16jbmf61a1096834832, WR10fgh33101836453781, WT10fgh33101836453781, WP1guga7o163055823518
		ROLE = UIACustomControl
		TITLE = 
		SHAPE = Rect [x:660.0 y:370.0 w:485.0 h:81.0]
		CHILDREN = 1
		PATH = [0, 1]
	DESCRIPTION = Left Click at ''
	TEXT = Compound Action =
		Move mouse to (902.5, 410.5).
		Press Mouse Button BUTTON1
		Release Mouse Button BUTTON1

ExecutedAction [61]: 
 @Action ConcreteID = ACh04heu7f4179871836 AbstractID = AAh04heu7f4179871836
 ConcreteID CUSTOM = ConcreteID CUSTOM not available AbstractID CUSTOM = AAicrx7i7e3022616070
 @State ConcreteID = SC196ow58cc3425943624 AbstractID = SRz2rpjwc63926869269
 ConcreteID CUSTOM = SCxv9iuccb2720447977 AbstractID CUSTOM = SAnqz4dyc81734590269

	ROLE = LeftClickAt
	TARGET =
		WIDGET = WC16jbmf61a1096834832, WR10fgh33101836453781, WT10fgh33101836453781, WP1guga7o163055823518
		ROLE = UIACustomControl
		TITLE = 
		SHAPE = Rect [x:660.0 y:370.0 w:485.0 h:81.0]
		CHILDREN = 1
		PATH = [0, 1]
	DESCRIPTION = Left Click at ''
	TEXT = Compound Action =
		Move mouse to (902.5, 410.5).
		Press Mouse Button BUTTON1
		Release Mouse Button BUTTON1

ExecutedAction [62]: 
 @Action ConcreteID = ACh04heu7f4179871836 AbstractID = AAh04heu7f4179871836
 ConcreteID CUSTOM = ConcreteID CUSTOM not available AbstractID CUSTOM = AAicrx7i7e3022616070
 @State ConcreteID = SC196ow58cc3425943624 AbstractID = SRz2rpjwc63926869269
 ConcreteID CUSTOM = SCxv9iuccb2720447977 AbstractID CUSTOM = SAnqz4dyc81734590269

	ROLE = LeftClickAt
	TARGET =
		WIDGET = WC16jbmf61a1096834832, WR10fgh33101836453781, WT10fgh33101836453781, WP1guga7o163055823518
		ROLE = UIACustomControl
		TITLE = 
		SHAPE = Rect [x:660.0 y:370.0 w:485.0 h:81.0]
		CHILDREN = 1
		PATH = [0, 1]
	DESCRIPTION = Left Click at ''
	TEXT = Compound Action =
		Move mouse to (902.5, 410.5).
		Press Mouse Button BUTTON1
		Release Mouse Button BUTTON1

ExecutedAction [63]: 
 @Action ConcreteID = ACh04heu7f4179871836 AbstractID = AAh04heu7f4179871836
 ConcreteID CUSTOM = ConcreteID CUSTOM not available AbstractID CUSTOM = AAicrx7i7e3022616070
 @State ConcreteID = SC196ow58cc3425943624 AbstractID = SRz2rpjwc63926869269
 ConcreteID CUSTOM = SCxv9iuccb2720447977 AbstractID CUSTOM = SAnqz4dyc81734590269

	ROLE = LeftClickAt
	TARGET =
		WIDGET = WCmholc2203062808613, WR10fgh33101836453781, WT10fgh33101836453781, WP1jw6yus1c133918733
		ROLE = UIACustomControl
		TITLE = 
		SHAPE = Rect [x:660.0 y:370.0 w:485.0 h:81.0]
		CHILDREN = 0
		PATH = [0, 1, 0, 0]
	DESCRIPTION = Left Click at ''
	TEXT = Compound Action =
		Move mouse to (902.5, 410.5).
		Press Mouse Button BUTTON1
		Release Mouse Button BUTTON1

ExecutedAction [64]: 
 @Action ConcreteID = ACh04heu7f4179871836 AbstractID = AAh04heu7f4179871836
 ConcreteID CUSTOM = ConcreteID CUSTOM not available AbstractID CUSTOM = AAicrx7i7e3022616070
 @State ConcreteID = SC196ow58cc3425943624 AbstractID = SRz2rpjwc63926869269
 ConcreteID CUSTOM = SCxv9iuccb2720447977 AbstractID CUSTOM = SAnqz4dyc81734590269

	ROLE = LeftClickAt
	TARGET =
		WIDGET = WC16jbmf61a1096834832, WR10fgh33101836453781, WT10fgh33101836453781, WP1guga7o163055823518
		ROLE = UIACustomControl
		TITLE = 
		SHAPE = Rect [x:660.0 y:370.0 w:485.0 h:81.0]
		CHILDREN = 1
		PATH = [0, 1]
	DESCRIPTION = Left Click at ''
	TEXT = Compound Action =
		Move mouse to (902.5, 410.5).
		Press Mouse Button BUTTON1
		Release Mouse Button BUTTON1

ExecutedAction [65]: 
 @Action ConcreteID = ACh04heu7f4179871836 AbstractID = AAh04heu7f4179871836
 ConcreteID CUSTOM = ConcreteID CUSTOM not available AbstractID CUSTOM = AAicrx7i7e3022616070
 @State ConcreteID = SC196ow58cc3425943624 AbstractID = SRz2rpjwc63926869269
 ConcreteID CUSTOM = SCxv9iuccb2720447977 AbstractID CUSTOM = SAnqz4dyc81734590269

	ROLE = LeftClickAt
	TARGET =
		WIDGET = WCmholc2203062808613, WR10fgh33101836453781, WT10fgh33101836453781, WP1jw6yus1c133918733
		ROLE = UIACustomControl
		TITLE = 
		SHAPE = Rect [x:660.0 y:370.0 w:485.0 h:81.0]
		CHILDREN = 0
		PATH = [0, 1, 0, 0]
	DESCRIPTION = Left Click at ''
	TEXT = Compound Action =
		Move mouse to (902.5, 410.5).
		Press Mouse Button BUTTON1
		Release Mouse Button BUTTON1

ExecutedAction [66]: 
 @Action ConcreteID = ACh04heu7f4179871836 AbstractID = AAh04heu7f4179871836
 ConcreteID CUSTOM = ConcreteID CUSTOM not available AbstractID CUSTOM = AAicrx7i7e3022616070
 @State ConcreteID = SC196ow58cc3425943624 AbstractID = SRz2rpjwc63926869269
 ConcreteID CUSTOM = SCxv9iuccb2720447977 AbstractID CUSTOM = SAnqz4dyc81734590269

	ROLE = LeftClickAt
	TARGET =
		WIDGET = WCmholc2203062808613, WR10fgh33101836453781, WT10fgh33101836453781, WP1jw6yus1c133918733
		ROLE = UIACustomControl
		TITLE = 
		SHAPE = Rect [x:660.0 y:370.0 w:485.0 h:81.0]
		CHILDREN = 0
		PATH = [0, 1, 0, 0]
	DESCRIPTION = Left Click at ''
	TEXT = Compound Action =
		Move mouse to (902.5, 410.5).
		Press Mouse Button BUTTON1
		Release Mouse Button BUTTON1

ExecutedAction [67]: 
 @Action ConcreteID = ACh04heu7f4179871836 AbstractID = AAh04heu7f4179871836
 ConcreteID CUSTOM = ConcreteID CUSTOM not available AbstractID CUSTOM = AAicrx7i7e3022616070
 @State ConcreteID = SC196ow58cc3425943624 AbstractID = SRz2rpjwc63926869269
 ConcreteID CUSTOM = SCxv9iuccb2720447977 AbstractID CUSTOM = SAnqz4dyc81734590269

	ROLE = LeftClickAt
	TARGET =
		WIDGET = WC16jbmf61a1096834832, WR10fgh33101836453781, WT10fgh33101836453781, WP1guga7o163055823518
		ROLE = UIACustomControl
		TITLE = 
		SHAPE = Rect [x:660.0 y:370.0 w:485.0 h:81.0]
		CHILDREN = 1
		PATH = [0, 1]
	DESCRIPTION = Left Click at ''
	TEXT = Compound Action =
		Move mouse to (902.5, 410.5).
		Press Mouse Button BUTTON1
		Release Mouse Button BUTTON1

ExecutedAction [68]: 
 @Action ConcreteID = ACh04heu7f4179871836 AbstractID = AAh04heu7f4179871836
 ConcreteID CUSTOM = ConcreteID CUSTOM not available AbstractID CUSTOM = AAicrx7i7e3022616070
 @State ConcreteID = SC196ow58cc3425943624 AbstractID = SRz2rpjwc63926869269
 ConcreteID CUSTOM = SCxv9iuccb2720447977 AbstractID CUSTOM = SAnqz4dyc81734590269

	ROLE = LeftClickAt
	TARGET =
		WIDGET = WCmholc2203062808613, WR10fgh33101836453781, WT10fgh33101836453781, WP1jw6yus1c133918733
		ROLE = UIACustomControl
		TITLE = 
		SHAPE = Rect [x:660.0 y:370.0 w:485.0 h:81.0]
		CHILDREN = 0
		PATH = [0, 1, 0, 0]
	DESCRIPTION = Left Click at ''
	TEXT = Compound Action =
		Move mouse to (902.5, 410.5).
		Press Mouse Button BUTTON1
		Release Mouse Button BUTTON1

ExecutedAction [69]: 
 @Action ConcreteID = ACh04heu7f4179871836 AbstractID = AAh04heu7f4179871836
 ConcreteID CUSTOM = ConcreteID CUSTOM not available AbstractID CUSTOM = AAicrx7i7e3022616070
 @State ConcreteID = SC196ow58cc3425943624 AbstractID = SRz2rpjwc63926869269
 ConcreteID CUSTOM = SCxv9iuccb2720447977 AbstractID CUSTOM = SAnqz4dyc81734590269

	ROLE = LeftClickAt
	TARGET =
		WIDGET = WC16jbmf61a1096834832, WR10fgh33101836453781, WT10fgh33101836453781, WP1guga7o163055823518
		ROLE = UIACustomControl
		TITLE = 
		SHAPE = Rect [x:660.0 y:370.0 w:485.0 h:81.0]
		CHILDREN = 1
		PATH = [0, 1]
	DESCRIPTION = Left Click at ''
	TEXT = Compound Action =
		Move mouse to (902.5, 410.5).
		Press Mouse Button BUTTON1
		Release Mouse Button BUTTON1

ExecutedAction [70]: 
 @Action ConcreteID = ACh04heu7f4179871836 AbstractID = AAh04heu7f4179871836
 ConcreteID CUSTOM = ConcreteID CUSTOM not available AbstractID CUSTOM = AAicrx7i7e3022616070
 @State ConcreteID = SC196ow58cc3425943624 AbstractID = SRz2rpjwc63926869269
 ConcreteID CUSTOM = SCxv9iuccb2720447977 AbstractID CUSTOM = SAnqz4dyc81734590269

	ROLE = LeftClickAt
	TARGET =
		WIDGET = WCmholc2203062808613, WR10fgh33101836453781, WT10fgh33101836453781, WP1jw6yus1c133918733
		ROLE = UIACustomControl
		TITLE = 
		SHAPE = Rect [x:660.0 y:370.0 w:485.0 h:81.0]
		CHILDREN = 0
		PATH = [0, 1, 0, 0]
	DESCRIPTION = Left Click at ''
	TEXT = Compound Action =
		Move mouse to (902.5, 410.5).
		Press Mouse Button BUTTON1
		Release Mouse Button BUTTON1

ExecutedAction [71]: 
 @Action ConcreteID = ACh04heu7f4179871836 AbstractID = AAh04heu7f4179871836
 ConcreteID CUSTOM = ConcreteID CUSTOM not available AbstractID CUSTOM = AAicrx7i7e3022616070
 @State ConcreteID = SC196ow58cc3425943624 AbstractID = SRz2rpjwc63926869269
 ConcreteID CUSTOM = SCxv9iuccb2720447977 AbstractID CUSTOM = SAnqz4dyc81734590269

	ROLE = LeftClickAt
	TARGET =
		WIDGET = WC16jbmf61a1096834832, WR10fgh33101836453781, WT10fgh33101836453781, WP1guga7o163055823518
		ROLE = UIACustomControl
		TITLE = 
		SHAPE = Rect [x:660.0 y:370.0 w:485.0 h:81.0]
		CHILDREN = 1
		PATH = [0, 1]
	DESCRIPTION = Left Click at ''
	TEXT = Compound Action =
		Move mouse to (902.5, 410.5).
		Press Mouse Button BUTTON1
		Release Mouse Button BUTTON1

ExecutedAction [72]: 
 @Action ConcreteID = ACh04heu7f4179871836 AbstractID = AAh04heu7f4179871836
 ConcreteID CUSTOM = ConcreteID CUSTOM not available AbstractID CUSTOM = AAicrx7i7e3022616070
 @State ConcreteID = SC196ow58cc3425943624 AbstractID = SRz2rpjwc63926869269
 ConcreteID CUSTOM = SCxv9iuccb2720447977 AbstractID CUSTOM = SAnqz4dyc81734590269

	ROLE = LeftClickAt
	TARGET =
		WIDGET = WC16jbmf61a1096834832, WR10fgh33101836453781, WT10fgh33101836453781, WP1guga7o163055823518
		ROLE = UIACustomControl
		TITLE = 
		SHAPE = Rect [x:660.0 y:370.0 w:485.0 h:81.0]
		CHILDREN = 1
		PATH = [0, 1]
	DESCRIPTION = Left Click at ''
	TEXT = Compound Action =
		Move mouse to (902.5, 410.5).
		Press Mouse Button BUTTON1
		Release Mouse Button BUTTON1

ExecutedAction [73]: 
 @Action ConcreteID = ACh04heu7f4179871836 AbstractID = AAh04heu7f4179871836
 ConcreteID CUSTOM = ConcreteID CUSTOM not available AbstractID CUSTOM = AAicrx7i7e3022616070
 @State ConcreteID = SC196ow58cc3425943624 AbstractID = SRz2rpjwc63926869269
 ConcreteID CUSTOM = SCxv9iuccb2720447977 AbstractID CUSTOM = SAnqz4dyc81734590269

	ROLE = LeftClickAt
	TARGET =
		WIDGET = WCmholc2203062808613, WR10fgh33101836453781, WT10fgh33101836453781, WP1jw6yus1c133918733
		ROLE = UIACustomControl
		TITLE = 
		SHAPE = Rect [x:660.0 y:370.0 w:485.0 h:81.0]
		CHILDREN = 0
		PATH = [0, 1, 0, 0]
	DESCRIPTION = Left Click at ''
	TEXT = Compound Action =
		Move mouse to (902.5, 410.5).
		Press Mouse Button BUTTON1
		Release Mouse Button BUTTON1

ExecutedAction [74]: 
 @Action ConcreteID = ACh04heu7f4179871836 AbstractID = AAh04heu7f4179871836
 ConcreteID CUSTOM = ConcreteID CUSTOM not available AbstractID CUSTOM = AAicrx7i7e3022616070
 @State ConcreteID = SC196ow58cc3425943624 AbstractID = SRz2rpjwc63926869269
 ConcreteID CUSTOM = SCxv9iuccb2720447977 AbstractID CUSTOM = SAnqz4dyc81734590269

	ROLE = LeftClickAt
	TARGET =
		WIDGET = WCmholc2203062808613, WR10fgh33101836453781, WT10fgh33101836453781, WP1jw6yus1c133918733
		ROLE = UIACustomControl
		TITLE = 
		SHAPE = Rect [x:660.0 y:370.0 w:485.0 h:81.0]
		CHILDREN = 0
		PATH = [0, 1, 0, 0]
	DESCRIPTION = Left Click at ''
	TEXT = Compound Action =
		Move mouse to (902.5, 410.5).
		Press Mouse Button BUTTON1
		Release Mouse Button BUTTON1

ExecutedAction [75]: 
 @Action ConcreteID = ACh04heu7f4179871836 AbstractID = AAh04heu7f4179871836
 ConcreteID CUSTOM = ConcreteID CUSTOM not available AbstractID CUSTOM = AAicrx7i7e3022616070
 @State ConcreteID = SC196ow58cc3425943624 AbstractID = SRz2rpjwc63926869269
 ConcreteID CUSTOM = SCxv9iuccb2720447977 AbstractID CUSTOM = SAnqz4dyc81734590269

	ROLE = LeftClickAt
	TARGET =
		WIDGET = WC16jbmf61a1096834832, WR10fgh33101836453781, WT10fgh33101836453781, WP1guga7o163055823518
		ROLE = UIACustomControl
		TITLE = 
		SHAPE = Rect [x:660.0 y:370.0 w:485.0 h:81.0]
		CHILDREN = 1
		PATH = [0, 1]
	DESCRIPTION = Left Click at ''
	TEXT = Compound Action =
		Move mouse to (902.5, 410.5).
		Press Mouse Button BUTTON1
		Release Mouse Button BUTTON1

ExecutedAction [76]: 
 @Action ConcreteID = ACh04heu7f4179871836 AbstractID = AAh04heu7f4179871836
 ConcreteID CUSTOM = ConcreteID CUSTOM not available AbstractID CUSTOM = AAicrx7i7e3022616070
 @State ConcreteID = SC196ow58cc3425943624 AbstractID = SRz2rpjwc63926869269
 ConcreteID CUSTOM = SCxv9iuccb2720447977 AbstractID CUSTOM = SAnqz4dyc81734590269

	ROLE = LeftClickAt
	TARGET =
		WIDGET = WC16jbmf61a1096834832, WR10fgh33101836453781, WT10fgh33101836453781, WP1guga7o163055823518
		ROLE = UIACustomControl
		TITLE = 
		SHAPE = Rect [x:660.0 y:370.0 w:485.0 h:81.0]
		CHILDREN = 1
		PATH = [0, 1]
	DESCRIPTION = Left Click at ''
	TEXT = Compound Action =
		Move mouse to (902.5, 410.5).
		Press Mouse Button BUTTON1
		Release Mouse Button BUTTON1

ExecutedAction [77]: 
 @Action ConcreteID = ACh04heu7f4179871836 AbstractID = AAh04heu7f4179871836
 ConcreteID CUSTOM = ConcreteID CUSTOM not available AbstractID CUSTOM = AAicrx7i7e3022616070
 @State ConcreteID = SC196ow58cc3425943624 AbstractID = SRz2rpjwc63926869269
 ConcreteID CUSTOM = SCxv9iuccb2720447977 AbstractID CUSTOM = SAnqz4dyc81734590269

	ROLE = LeftClickAt
	TARGET =
		WIDGET = WC16jbmf61a1096834832, WR10fgh33101836453781, WT10fgh33101836453781, WP1guga7o163055823518
		ROLE = UIACustomControl
		TITLE = 
		SHAPE = Rect [x:660.0 y:370.0 w:485.0 h:81.0]
		CHILDREN = 1
		PATH = [0, 1]
	DESCRIPTION = Left Click at ''
	TEXT = Compound Action =
		Move mouse to (902.5, 410.5).
		Press Mouse Button BUTTON1
		Release Mouse Button BUTTON1

ExecutedAction [78]: 
 @Action ConcreteID = ACh04heu7f4179871836 AbstractID = AAh04heu7f4179871836
 ConcreteID CUSTOM = ConcreteID CUSTOM not available AbstractID CUSTOM = AAicrx7i7e3022616070
 @State ConcreteID = SC196ow58cc3425943624 AbstractID = SRz2rpjwc63926869269
 ConcreteID CUSTOM = SCxv9iuccb2720447977 AbstractID CUSTOM = SAnqz4dyc81734590269

	ROLE = LeftClickAt
	TARGET =
		WIDGET = WCmholc2203062808613, WR10fgh33101836453781, WT10fgh33101836453781, WP1jw6yus1c133918733
		ROLE = UIACustomControl
		TITLE = 
		SHAPE = Rect [x:660.0 y:370.0 w:485.0 h:81.0]
		CHILDREN = 0
		PATH = [0, 1, 0, 0]
	DESCRIPTION = Left Click at ''
	TEXT = Compound Action =
		Move mouse to (902.5, 410.5).
		Press Mouse Button BUTTON1
		Release Mouse Button BUTTON1

ExecutedAction [79]: 
 @Action ConcreteID = ACh04heu7f4179871836 AbstractID = AAh04heu7f4179871836
 ConcreteID CUSTOM = ConcreteID CUSTOM not available AbstractID CUSTOM = AAicrx7i7e3022616070
 @State ConcreteID = SC196ow58cc3425943624 AbstractID = SRz2rpjwc63926869269
 ConcreteID CUSTOM = SCxv9iuccb2720447977 AbstractID CUSTOM = SAnqz4dyc81734590269

	ROLE = LeftClickAt
	TARGET =
		WIDGET = WCmholc2203062808613, WR10fgh33101836453781, WT10fgh33101836453781, WP1jw6yus1c133918733
		ROLE = UIACustomControl
		TITLE = 
		SHAPE = Rect [x:660.0 y:370.0 w:485.0 h:81.0]
		CHILDREN = 0
		PATH = [0, 1, 0, 0]
	DESCRIPTION = Left Click at ''
	TEXT = Compound Action =
		Move mouse to (902.5, 410.5).
		Press Mouse Button BUTTON1
		Release Mouse Button BUTTON1

ExecutedAction [80]: 
 @Action ConcreteID = ACh04heu7f4179871836 AbstractID = AAh04heu7f4179871836
 ConcreteID CUSTOM = ConcreteID CUSTOM not available AbstractID CUSTOM = AAicrx7i7e3022616070
 @State ConcreteID = SC196ow58cc3425943624 AbstractID = SRz2rpjwc63926869269
 ConcreteID CUSTOM = SCxv9iuccb2720447977 AbstractID CUSTOM = SAnqz4dyc81734590269

	ROLE = LeftClickAt
	TARGET =
		WIDGET = WCmholc2203062808613, WR10fgh33101836453781, WT10fgh33101836453781, WP1jw6yus1c133918733
		ROLE = UIACustomControl
		TITLE = 
		SHAPE = Rect [x:660.0 y:370.0 w:485.0 h:81.0]
		CHILDREN = 0
		PATH = [0, 1, 0, 0]
	DESCRIPTION = Left Click at ''
	TEXT = Compound Action =
		Move mouse to (902.5, 410.5).
		Press Mouse Button BUTTON1
		Release Mouse Button BUTTON1

ExecutedAction [81]: 
 @Action ConcreteID = ACh04heu7f4179871836 AbstractID = AAh04heu7f4179871836
 ConcreteID CUSTOM = ConcreteID CUSTOM not available AbstractID CUSTOM = AAicrx7i7e3022616070
 @State ConcreteID = SC196ow58cc3425943624 AbstractID = SRz2rpjwc63926869269
 ConcreteID CUSTOM = SCxv9iuccb2720447977 AbstractID CUSTOM = SAnqz4dyc81734590269

	ROLE = LeftClickAt
	TARGET =
		WIDGET = WC16jbmf61a1096834832, WR10fgh33101836453781, WT10fgh33101836453781, WP1guga7o163055823518
		ROLE = UIACustomControl
		TITLE = 
		SHAPE = Rect [x:660.0 y:370.0 w:485.0 h:81.0]
		CHILDREN = 1
		PATH = [0, 1]
	DESCRIPTION = Left Click at ''
	TEXT = Compound Action =
		Move mouse to (902.5, 410.5).
		Press Mouse Button BUTTON1
		Release Mouse Button BUTTON1

ExecutedAction [82]: 
 @Action ConcreteID = ACh04heu7f4179871836 AbstractID = AAh04heu7f4179871836
 ConcreteID CUSTOM = ConcreteID CUSTOM not available AbstractID CUSTOM = AAicrx7i7e3022616070
 @State ConcreteID = SC196ow58cc3425943624 AbstractID = SRz2rpjwc63926869269
 ConcreteID CUSTOM = SCxv9iuccb2720447977 AbstractID CUSTOM = SAnqz4dyc81734590269

	ROLE = LeftClickAt
	TARGET =
		WIDGET = WCmholc2203062808613, WR10fgh33101836453781, WT10fgh33101836453781, WP1jw6yus1c133918733
		ROLE = UIACustomControl
		TITLE = 
		SHAPE = Rect [x:660.0 y:370.0 w:485.0 h:81.0]
		CHILDREN = 0
		PATH = [0, 1, 0, 0]
	DESCRIPTION = Left Click at ''
	TEXT = Compound Action =
		Move mouse to (902.5, 410.5).
		Press Mouse Button BUTTON1
		Release Mouse Button BUTTON1

ExecutedAction [83]: 
 @Action ConcreteID = ACh04heu7f4179871836 AbstractID = AAh04heu7f4179871836
 ConcreteID CUSTOM = ConcreteID CUSTOM not available AbstractID CUSTOM = AAicrx7i7e3022616070
 @State ConcreteID = SC196ow58cc3425943624 AbstractID = SRz2rpjwc63926869269
 ConcreteID CUSTOM = SCxv9iuccb2720447977 AbstractID CUSTOM = SAnqz4dyc81734590269

	ROLE = LeftClickAt
	TARGET =
		WIDGET = WC16jbmf61a1096834832, WR10fgh33101836453781, WT10fgh33101836453781, WP1guga7o163055823518
		ROLE = UIACustomControl
		TITLE = 
		SHAPE = Rect [x:660.0 y:370.0 w:485.0 h:81.0]
		CHILDREN = 1
		PATH = [0, 1]
	DESCRIPTION = Left Click at ''
	TEXT = Compound Action =
		Move mouse to (902.5, 410.5).
		Press Mouse Button BUTTON1
		Release Mouse Button BUTTON1

ExecutedAction [84]: 
 @Action ConcreteID = ACh04heu7f4179871836 AbstractID = AAh04heu7f4179871836
 ConcreteID CUSTOM = ConcreteID CUSTOM not available AbstractID CUSTOM = AAicrx7i7e3022616070
 @State ConcreteID = SC196ow58cc3425943624 AbstractID = SRz2rpjwc63926869269
 ConcreteID CUSTOM = SCxv9iuccb2720447977 AbstractID CUSTOM = SAnqz4dyc81734590269

	ROLE = LeftClickAt
	TARGET =
		WIDGET = WC16jbmf61a1096834832, WR10fgh33101836453781, WT10fgh33101836453781, WP1guga7o163055823518
		ROLE = UIACustomControl
		TITLE = 
		SHAPE = Rect [x:660.0 y:370.0 w:485.0 h:81.0]
		CHILDREN = 1
		PATH = [0, 1]
	DESCRIPTION = Left Click at ''
	TEXT = Compound Action =
		Move mouse to (902.5, 410.5).
		Press Mouse Button BUTTON1
		Release Mouse Button BUTTON1

ExecutedAction [85]: 
 @Action ConcreteID = ACh04heu7f4179871836 AbstractID = AAh04heu7f4179871836
 ConcreteID CUSTOM = ConcreteID CUSTOM not available AbstractID CUSTOM = AAicrx7i7e3022616070
 @State ConcreteID = SC196ow58cc3425943624 AbstractID = SRz2rpjwc63926869269
 ConcreteID CUSTOM = SCxv9iuccb2720447977 AbstractID CUSTOM = SAnqz4dyc81734590269

	ROLE = LeftClickAt
	TARGET =
		WIDGET = WCmholc2203062808613, WR10fgh33101836453781, WT10fgh33101836453781, WP1jw6yus1c133918733
		ROLE = UIACustomControl
		TITLE = 
		SHAPE = Rect [x:660.0 y:370.0 w:485.0 h:81.0]
		CHILDREN = 0
		PATH = [0, 1, 0, 0]
	DESCRIPTION = Left Click at ''
	TEXT = Compound Action =
		Move mouse to (902.5, 410.5).
		Press Mouse Button BUTTON1
		Release Mouse Button BUTTON1

ExecutedAction [86]: 
 @Action ConcreteID = ACh04heu7f4179871836 AbstractID = AAh04heu7f4179871836
 ConcreteID CUSTOM = ConcreteID CUSTOM not available AbstractID CUSTOM = AAicrx7i7e3022616070
 @State ConcreteID = SC196ow58cc3425943624 AbstractID = SRz2rpjwc63926869269
 ConcreteID CUSTOM = SCxv9iuccb2720447977 AbstractID CUSTOM = SAnqz4dyc81734590269

	ROLE = LeftClickAt
	TARGET =
		WIDGET = WC16jbmf61a1096834832, WR10fgh33101836453781, WT10fgh33101836453781, WP1guga7o163055823518
		ROLE = UIACustomControl
		TITLE = 
		SHAPE = Rect [x:660.0 y:370.0 w:485.0 h:81.0]
		CHILDREN = 1
		PATH = [0, 1]
	DESCRIPTION = Left Click at ''
	TEXT = Compound Action =
		Move mouse to (902.5, 410.5).
		Press Mouse Button BUTTON1
		Release Mouse Button BUTTON1

ExecutedAction [87]: 
 @Action ConcreteID = ACh04heu7f4179871836 AbstractID = AAh04heu7f4179871836
 ConcreteID CUSTOM = ConcreteID CUSTOM not available AbstractID CUSTOM = AAicrx7i7e3022616070
 @State ConcreteID = SC196ow58cc3425943624 AbstractID = SRz2rpjwc63926869269
 ConcreteID CUSTOM = SCxv9iuccb2720447977 AbstractID CUSTOM = SAnqz4dyc81734590269

	ROLE = LeftClickAt
	TARGET =
		WIDGET = WC16jbmf61a1096834832, WR10fgh33101836453781, WT10fgh33101836453781, WP1guga7o163055823518
		ROLE = UIACustomControl
		TITLE = 
		SHAPE = Rect [x:660.0 y:370.0 w:485.0 h:81.0]
		CHILDREN = 1
		PATH = [0, 1]
	DESCRIPTION = Left Click at ''
	TEXT = Compound Action =
		Move mouse to (902.5, 410.5).
		Press Mouse Button BUTTON1
		Release Mouse Button BUTTON1

ExecutedAction [88]: 
 @Action ConcreteID = ACh04heu7f4179871836 AbstractID = AAh04heu7f4179871836
 ConcreteID CUSTOM = ConcreteID CUSTOM not available AbstractID CUSTOM = AAicrx7i7e3022616070
 @State ConcreteID = SC196ow58cc3425943624 AbstractID = SRz2rpjwc63926869269
 ConcreteID CUSTOM = SCxv9iuccb2720447977 AbstractID CUSTOM = SAnqz4dyc81734590269

	ROLE = LeftClickAt
	TARGET =
		WIDGET = WCmholc2203062808613, WR10fgh33101836453781, WT10fgh33101836453781, WP1jw6yus1c133918733
		ROLE = UIACustomControl
		TITLE = 
		SHAPE = Rect [x:660.0 y:370.0 w:485.0 h:81.0]
		CHILDREN = 0
		PATH = [0, 1, 0, 0]
	DESCRIPTION = Left Click at ''
	TEXT = Compound Action =
		Move mouse to (902.5, 410.5).
		Press Mouse Button BUTTON1
		Release Mouse Button BUTTON1

ExecutedAction [89]: 
 @Action ConcreteID = ACh04heu7f4179871836 AbstractID = AAh04heu7f4179871836
 ConcreteID CUSTOM = ConcreteID CUSTOM not available AbstractID CUSTOM = AAicrx7i7e3022616070
 @State ConcreteID = SC196ow58cc3425943624 AbstractID = SRz2rpjwc63926869269
 ConcreteID CUSTOM = SCxv9iuccb2720447977 AbstractID CUSTOM = SAnqz4dyc81734590269

	ROLE = LeftClickAt
	TARGET =
		WIDGET = WC16jbmf61a1096834832, WR10fgh33101836453781, WT10fgh33101836453781, WP1guga7o163055823518
		ROLE = UIACustomControl
		TITLE = 
		SHAPE = Rect [x:660.0 y:370.0 w:485.0 h:81.0]
		CHILDREN = 1
		PATH = [0, 1]
	DESCRIPTION = Left Click at ''
	TEXT = Compound Action =
		Move mouse to (902.5, 410.5).
		Press Mouse Button BUTTON1
		Release Mouse Button BUTTON1

ExecutedAction [90]: 
 @Action ConcreteID = ACh04heu7f4179871836 AbstractID = AAh04heu7f4179871836
 ConcreteID CUSTOM = ConcreteID CUSTOM not available AbstractID CUSTOM = AAicrx7i7e3022616070
 @State ConcreteID = SC196ow58cc3425943624 AbstractID = SRz2rpjwc63926869269
 ConcreteID CUSTOM = SCxv9iuccb2720447977 AbstractID CUSTOM = SAnqz4dyc81734590269

	ROLE = LeftClickAt
	TARGET =
		WIDGET = WC16jbmf61a1096834832, WR10fgh33101836453781, WT10fgh33101836453781, WP1guga7o163055823518
		ROLE = UIACustomControl
		TITLE = 
		SHAPE = Rect [x:660.0 y:370.0 w:485.0 h:81.0]
		CHILDREN = 1
		PATH = [0, 1]
	DESCRIPTION = Left Click at ''
	TEXT = Compound Action =
		Move mouse to (902.5, 410.5).
		Press Mouse Button BUTTON1
		Release Mouse Button BUTTON1

ExecutedAction [91]: 
 @Action ConcreteID = ACh04heu7f4179871836 AbstractID = AAh04heu7f4179871836
 ConcreteID CUSTOM = ConcreteID CUSTOM not available AbstractID CUSTOM = AAicrx7i7e3022616070
 @State ConcreteID = SC196ow58cc3425943624 AbstractID = SRz2rpjwc63926869269
 ConcreteID CUSTOM = SCxv9iuccb2720447977 AbstractID CUSTOM = SAnqz4dyc81734590269

	ROLE = LeftClickAt
	TARGET =
		WIDGET = WC16jbmf61a1096834832, WR10fgh33101836453781, WT10fgh33101836453781, WP1guga7o163055823518
		ROLE = UIACustomControl
		TITLE = 
		SHAPE = Rect [x:660.0 y:370.0 w:485.0 h:81.0]
		CHILDREN = 1
		PATH = [0, 1]
	DESCRIPTION = Left Click at ''
	TEXT = Compound Action =
		Move mouse to (902.5, 410.5).
		Press Mouse Button BUTTON1
		Release Mouse Button BUTTON1

ExecutedAction [92]: 
 @Action ConcreteID = ACh04heu7f4179871836 AbstractID = AAh04heu7f4179871836
 ConcreteID CUSTOM = ConcreteID CUSTOM not available AbstractID CUSTOM = AAicrx7i7e3022616070
 @State ConcreteID = SC196ow58cc3425943624 AbstractID = SRz2rpjwc63926869269
 ConcreteID CUSTOM = SCxv9iuccb2720447977 AbstractID CUSTOM = SAnqz4dyc81734590269

	ROLE = LeftClickAt
	TARGET =
		WIDGET = WCmholc2203062808613, WR10fgh33101836453781, WT10fgh33101836453781, WP1jw6yus1c133918733
		ROLE = UIACustomControl
		TITLE = 
		SHAPE = Rect [x:660.0 y:370.0 w:485.0 h:81.0]
		CHILDREN = 0
		PATH = [0, 1, 0, 0]
	DESCRIPTION = Left Click at ''
	TEXT = Compound Action =
		Move mouse to (902.5, 410.5).
		Press Mouse Button BUTTON1
		Release Mouse Button BUTTON1

ExecutedAction [93]: 
 @Action ConcreteID = ACh04heu7f4179871836 AbstractID = AAh04heu7f4179871836
 ConcreteID CUSTOM = ConcreteID CUSTOM not available AbstractID CUSTOM = AAicrx7i7e3022616070
 @State ConcreteID = SC196ow58cc3425943624 AbstractID = SRz2rpjwc63926869269
 ConcreteID CUSTOM = SCxv9iuccb2720447977 AbstractID CUSTOM = SAnqz4dyc81734590269

	ROLE = LeftClickAt
	TARGET =
		WIDGET = WC16jbmf61a1096834832, WR10fgh33101836453781, WT10fgh33101836453781, WP1guga7o163055823518
		ROLE = UIACustomControl
		TITLE = 
		SHAPE = Rect [x:660.0 y:370.0 w:485.0 h:81.0]
		CHILDREN = 1
		PATH = [0, 1]
	DESCRIPTION = Left Click at ''
	TEXT = Compound Action =
		Move mouse to (902.5, 410.5).
		Press Mouse Button BUTTON1
		Release Mouse Button BUTTON1

ExecutedAction [94]: 
 @Action ConcreteID = ACh04heu7f4179871836 AbstractID = AAh04heu7f4179871836
 ConcreteID CUSTOM = ConcreteID CUSTOM not available AbstractID CUSTOM = AAicrx7i7e3022616070
 @State ConcreteID = SC196ow58cc3425943624 AbstractID = SRz2rpjwc63926869269
 ConcreteID CUSTOM = SCxv9iuccb2720447977 AbstractID CUSTOM = SAnqz4dyc81734590269

	ROLE = LeftClickAt
	TARGET =
		WIDGET = WC16jbmf61a1096834832, WR10fgh33101836453781, WT10fgh33101836453781, WP1guga7o163055823518
		ROLE = UIACustomControl
		TITLE = 
		SHAPE = Rect [x:660.0 y:370.0 w:485.0 h:81.0]
		CHILDREN = 1
		PATH = [0, 1]
	DESCRIPTION = Left Click at ''
	TEXT = Compound Action =
		Move mouse to (902.5, 410.5).
		Press Mouse Button BUTTON1
		Release Mouse Button BUTTON1

ExecutedAction [95]: 
 @Action ConcreteID = ACh04heu7f4179871836 AbstractID = AAh04heu7f4179871836
 ConcreteID CUSTOM = ConcreteID CUSTOM not available AbstractID CUSTOM = AAicrx7i7e3022616070
 @State ConcreteID = SC196ow58cc3425943624 AbstractID = SRz2rpjwc63926869269
 ConcreteID CUSTOM = SCxv9iuccb2720447977 AbstractID CUSTOM = SAnqz4dyc81734590269

	ROLE = LeftClickAt
	TARGET =
		WIDGET = WC16jbmf61a1096834832, WR10fgh33101836453781, WT10fgh33101836453781, WP1guga7o163055823518
		ROLE = UIACustomControl
		TITLE = 
		SHAPE = Rect [x:660.0 y:370.0 w:485.0 h:81.0]
		CHILDREN = 1
		PATH = [0, 1]
	DESCRIPTION = Left Click at ''
	TEXT = Compound Action =
		Move mouse to (902.5, 410.5).
		Press Mouse Button BUTTON1
		Release Mouse Button BUTTON1

ExecutedAction [96]: 
 @Action ConcreteID = ACh04heu7f4179871836 AbstractID = AAh04heu7f4179871836
 ConcreteID CUSTOM = ConcreteID CUSTOM not available AbstractID CUSTOM = AAicrx7i7e3022616070
 @State ConcreteID = SC196ow58cc3425943624 AbstractID = SRz2rpjwc63926869269
 ConcreteID CUSTOM = SCxv9iuccb2720447977 AbstractID CUSTOM = SAnqz4dyc81734590269

	ROLE = LeftClickAt
	TARGET =
		WIDGET = WC16jbmf61a1096834832, WR10fgh33101836453781, WT10fgh33101836453781, WP1guga7o163055823518
		ROLE = UIACustomControl
		TITLE = 
		SHAPE = Rect [x:660.0 y:370.0 w:485.0 h:81.0]
		CHILDREN = 1
		PATH = [0, 1]
	DESCRIPTION = Left Click at ''
	TEXT = Compound Action =
		Move mouse to (902.5, 410.5).
		Press Mouse Button BUTTON1
		Release Mouse Button BUTTON1

ExecutedAction [97]: 
 @Action ConcreteID = ACh04heu7f4179871836 AbstractID = AAh04heu7f4179871836
 ConcreteID CUSTOM = ConcreteID CUSTOM not available AbstractID CUSTOM = AAicrx7i7e3022616070
 @State ConcreteID = SC196ow58cc3425943624 AbstractID = SRz2rpjwc63926869269
 ConcreteID CUSTOM = SCxv9iuccb2720447977 AbstractID CUSTOM = SAnqz4dyc81734590269

	ROLE = LeftClickAt
	TARGET =
		WIDGET = WC16jbmf61a1096834832, WR10fgh33101836453781, WT10fgh33101836453781, WP1guga7o163055823518
		ROLE = UIACustomControl
		TITLE = 
		SHAPE = Rect [x:660.0 y:370.0 w:485.0 h:81.0]
		CHILDREN = 1
		PATH = [0, 1]
	DESCRIPTION = Left Click at ''
	TEXT = Compound Action =
		Move mouse to (902.5, 410.5).
		Press Mouse Button BUTTON1
		Release Mouse Button BUTTON1

ExecutedAction [98]: 
 @Action ConcreteID = ACh04heu7f4179871836 AbstractID = AAh04heu7f4179871836
 ConcreteID CUSTOM = ConcreteID CUSTOM not available AbstractID CUSTOM = AAicrx7i7e3022616070
 @State ConcreteID = SC196ow58cc3425943624 AbstractID = SRz2rpjwc63926869269
 ConcreteID CUSTOM = SCxv9iuccb2720447977 AbstractID CUSTOM = SAnqz4dyc81734590269

	ROLE = LeftClickAt
	TARGET =
		WIDGET = WCmholc2203062808613, WR10fgh33101836453781, WT10fgh33101836453781, WP1jw6yus1c133918733
		ROLE = UIACustomControl
		TITLE = 
		SHAPE = Rect [x:660.0 y:370.0 w:485.0 h:81.0]
		CHILDREN = 0
		PATH = [0, 1, 0, 0]
	DESCRIPTION = Left Click at ''
	TEXT = Compound Action =
		Move mouse to (902.5, 410.5).
		Press Mouse Button BUTTON1
		Release Mouse Button BUTTON1

ExecutedAction [99]: 
 @Action ConcreteID = ACh04heu7f4179871836 AbstractID = AAh04heu7f4179871836
 ConcreteID CUSTOM = ConcreteID CUSTOM not available AbstractID CUSTOM = AAicrx7i7e3022616070
 @State ConcreteID = SC196ow58cc3425943624 AbstractID = SRz2rpjwc63926869269
 ConcreteID CUSTOM = SCxv9iuccb2720447977 AbstractID CUSTOM = SAnqz4dyc81734590269

	ROLE = LeftClickAt
	TARGET =
		WIDGET = WCmholc2203062808613, WR10fgh33101836453781, WT10fgh33101836453781, WP1jw6yus1c133918733
		ROLE = UIACustomControl
		TITLE = 
		SHAPE = Rect [x:660.0 y:370.0 w:485.0 h:81.0]
		CHILDREN = 0
		PATH = [0, 1, 0, 0]
	DESCRIPTION = Left Click at ''
	TEXT = Compound Action =
		Move mouse to (902.5, 410.5).
		Press Mouse Button BUTTON1
		Release Mouse Button BUTTON1

ExecutedAction [100]: 
 @Action ConcreteID = ACh04heu7f4179871836 AbstractID = AAh04heu7f4179871836
 ConcreteID CUSTOM = ConcreteID CUSTOM not available AbstractID CUSTOM = AAicrx7i7e3022616070
 @State ConcreteID = SC196ow58cc3425943624 AbstractID = SRz2rpjwc63926869269
 ConcreteID CUSTOM = SCxv9iuccb2720447977 AbstractID CUSTOM = SAnqz4dyc81734590269

	ROLE = LeftClickAt
	TARGET =
		WIDGET = WCmholc2203062808613, WR10fgh33101836453781, WT10fgh33101836453781, WP1jw6yus1c133918733
		ROLE = UIACustomControl
		TITLE = 
		SHAPE = Rect [x:660.0 y:370.0 w:485.0 h:81.0]
		CHILDREN = 0
		PATH = [0, 1, 0, 0]
	DESCRIPTION = Left Click at ''
	TEXT = Compound Action =
		Move mouse to (902.5, 410.5).
		Press Mouse Button BUTTON1
		Release Mouse Button BUTTON1

Sequence 1 finished.
Copying generated sequence ("sequence1397") to output directory...
Copying classified sequence ("sequence1397") to sequences_ok folder...
