Starting sequence 1 (output as: sequence1406)

ExecutedAction [1]: 
 @Action ConcreteID = AC1lb0iuh7f2700232902 AbstractID = AA1lb0iuh7f2700232902
 ConcreteID CUSTOM = ConcreteID CUSTOM not available AbstractID CUSTOM = AA1mmfign7d3267633415
 @State ConcreteID = SC14yrgk44031933115141 AbstractID = SR1jumdpu3ea1420136284
 ConcreteID CUSTOM = SCrceh6d3fe629244999 AbstractID CUSTOM = SAylrvaj3f6384252902

	ROLE = LeftClickAt
	TARGET =
		WIDGET = WC11tbk1c2316531994, WR17v7k2nb1067391859, WT1qe6brdf138512687, WP14iagou18462123395
		ROLE = UIAMenuItem
		TITLE = Edit
		SHAPE = Rect [x:92.0 y:58.0 w:34.0 h:19.0]
		CHILDREN = 0
		PATH = [2, 2, 1]
	DESCRIPTION = Left Click at 'Edit'
	TEXT = Compound Action =
		Move mouse to (109.0, 67.5).
		Press Mouse Button BUTTON1
		Release Mouse Button BUTTON1

ExecutedAction [2]: 
 @Action ConcreteID = AC13ewo8af11494541022 AbstractID = AA12mkinad4571541792
 ConcreteID CUSTOM = ConcreteID CUSTOM not available AbstractID CUSTOM = AA187xpkad43302822670
 @State ConcreteID = SC1a7bwv54ef731589763 AbstractID = SRhb5rqv4d91581134308
 ConcreteID CUSTOM = SCec9s3a4f5284583716 AbstractID CUSTOM = SAx9bh3z4ed2849586149

	ROLE = ClickTypeInto
	TARGET =
		WIDGET = WCh9rmb11c1827454063, WR4n0dlj72701565195, WTei4yvd121088706799, WP1p79f6n182825509439
		ROLE = UIAEdit
		TITLE = Text Editor
		SHAPE = Rect [x:60.0 y:78.0 w:1073.0 h:318.0]
		CHILDREN = 1
		PATH = [0, 0]
	DESCRIPTION = Type 'JavaSCript:alert...' into 'Text Editor
	TEXT = Compound Action =
		Compound Action =
		Move mouse to (596.5, 237.0).
		Press Mouse Button BUTTON1
		Release Mouse Button BUTTON1
		Press Key 17
		Press Key 65
		Release Key 65
		Release Key 17
		Type text 'JavaSCript:alert(123)'

ExecutedAction [3]: 
 @Action ConcreteID = ACis79i7e820180086 AbstractID = AAis79i7e820180086
 ConcreteID CUSTOM = ConcreteID CUSTOM not available AbstractID CUSTOM = AAkb9ko7c3684100650
 @State ConcreteID = SC14yrgk44031933115141 AbstractID = SR1jumdpu3ea1420136284
 ConcreteID CUSTOM = SCrceh6d3fe629244999 AbstractID CUSTOM = SAylrvaj3f6384252902

	ROLE = LeftClickAt
	TARGET =
		WIDGET = WC1fq8of51c1137128810, WR17v7k2nb1067391859, WT1qe72ijf99311909, WPjb55v3183672861707
		ROLE = UIAMenuItem
		TITLE = File
		SHAPE = Rect [x:60.0 y:58.0 w:32.0 h:19.0]
		CHILDREN = 0
		PATH = [0, 2, 0]
	DESCRIPTION = Left Click at 'File'
	TEXT = Compound Action =
		Move mouse to (76.0, 67.5).
		Press Mouse Button BUTTON1
		Release Mouse Button BUTTON1

ExecutedAction [4]: 
 @Action ConcreteID = AC1suocf07f1716996938 AbstractID = AA1suocf07f1716996938
 ConcreteID CUSTOM = ConcreteID CUSTOM not available AbstractID CUSTOM = AArjzvcp7f1589136120
 @State ConcreteID = SC139g84o4a51510131206 AbstractID = SR25f9j3489363105316
 ConcreteID CUSTOM = SC19ppvcw4a73060031028 AbstractID CUSTOM = SA12c4vbo49e1258004458

	ROLE = LeftClickAt
	TARGET =
		WIDGET = WCdewx6a1c3359014503, WR17v7k2nb1067391859, WT1qe6brdf138512687, WP1hw5kjk181504605950
		ROLE = UIAMenuItem
		TITLE = Edit
		SHAPE = Rect [x:92.0 y:58.0 w:34.0 h:19.0]
		CHILDREN = 0
		PATH = [0, 2, 1]
	DESCRIPTION = Left Click at 'Edit'
	TEXT = Compound Action =
		Move mouse to (109.0, 67.5).
		Press Mouse Button BUTTON1
		Release Mouse Button BUTTON1

ExecutedAction [5]: 
 @Action ConcreteID = ACuog3p98025306310 AbstractID = AAuog3p98025306310
 ConcreteID CUSTOM = ConcreteID CUSTOM not available AbstractID CUSTOM = AAh8ptb7e3984842889
 @State ConcreteID = SC14yrgk44031933115141 AbstractID = SR1jumdpu3ea1420136284
 ConcreteID CUSTOM = SCrceh6d3fe629244999 AbstractID CUSTOM = SAylrvaj3f6384252902

	ROLE = LeftClickAt
	TARGET =
		WIDGET = WC1622xja1e1465475702, WR1h6ibpb92248851252, WT1oq4bf6111982837149, WP155wro41a596812969
		ROLE = UIAButton
		TITLE = Maximise
		SHAPE = Rect [x:1041.0 y:28.0 w:46.0 h:30.0]
		CHILDREN = 0
		PATH = [1, 1, 2]
	DESCRIPTION = Left Click at 'Maximise'
	TEXT = Compound Action =
		Move mouse to (1064.0, 43.0).
		Press Mouse Button BUTTON1
		Release Mouse Button BUTTON1

ExecutedAction [6]: 
 @Action ConcreteID = ACe92v3k801080078989 AbstractID = AAe92v3k801080078989
 ConcreteID CUSTOM = ConcreteID CUSTOM not available AbstractID CUSTOM = AAh8ptb7e3984842889
 @State ConcreteID = SC11umjgk4032590869821 AbstractID = SR1jumdpu3ea1420136284
 ConcreteID CUSTOM = SC12dt55t3fc3486166086 AbstractID CUSTOM = SAylrvaj3f6384252902

	ROLE = LeftClickAt
	TARGET =
		WIDGET = WC1622xja1e1465475702, WR1h6ibpb92248851252, WT1oq4bf6111982837149, WP155wro41a596812969
		ROLE = UIAButton
		TITLE = Maximise
		SHAPE = Rect [x:1041.0 y:28.0 w:46.0 h:30.0]
		CHILDREN = 0
		PATH = [1, 1, 2]
	DESCRIPTION = Left Click at 'Maximise'
	TEXT = Compound Action =
		Move mouse to (1064.0, 43.0).
		Press Mouse Button BUTTON1
		Release Mouse Button BUTTON1

ExecutedAction [7]: 
 @Action ConcreteID = AC1e06fpt7e3768101636 AbstractID = AA1e06fpt7e3768101636
 ConcreteID CUSTOM = ConcreteID CUSTOM not available AbstractID CUSTOM = AAvifvkg7c2224758551
 @State ConcreteID = SC11umjgk4032590869821 AbstractID = SR1jumdpu3ea1420136284
 ConcreteID CUSTOM = SC12dt55t3fc3486166086 AbstractID CUSTOM = SAylrvaj3f6384252902

	ROLE = LeftClickAt
	TARGET =
		WIDGET = WC1pefe0y1e1284971282, WR17v7k2nb1067391859, WTaz2n92112307194186, WP1vyagsw1a1166085776
		ROLE = UIAMenuItem
		TITLE = Format
		SHAPE = Rect [x:66.0 y:23.0 w:52.0 h:19.0]
		CHILDREN = 0
		PATH = [2, 2, 2]
	DESCRIPTION = Left Click at 'Format'
	TEXT = Compound Action =
		Move mouse to (92.0, 32.5).
		Press Mouse Button BUTTON1
		Release Mouse Button BUTTON1

ExecutedAction [8]: 
 @Action ConcreteID = AC1je6hv67e3216024223 AbstractID = AA1je6hv67e3216024223
 ConcreteID CUSTOM = ConcreteID CUSTOM not available AbstractID CUSTOM = AA1ljqkej7f2948994037
 @State ConcreteID = SC1ugtls343e292505544 AbstractID = SRgj7g0p4251755097958
 ConcreteID CUSTOM = SCsz8s4l43f3065361684 AbstractID CUSTOM = SA1whcouh43a1233960764

	ROLE = LeftClickAt
	TARGET =
		WIDGET = WC168je8h1c77364985, WR17v7k2nb1067391859, WT1qe6brdf138512687, WPbonzmn182500097632
		ROLE = UIAMenuItem
		TITLE = Edit
		SHAPE = Rect [x:92.0 y:58.0 w:34.0 h:19.0]
		CHILDREN = 0
		PATH = [1, 2, 1]
	DESCRIPTION = Left Click at 'Edit'
	TEXT = Compound Action =
		Move mouse to (109.0, 67.5).
		Press Mouse Button BUTTON1
		Release Mouse Button BUTTON1

ExecutedAction [9]: 
 @Action ConcreteID = AC1qh297z7f2307162020 AbstractID = AA1qh297z7f2307162020
 ConcreteID CUSTOM = ConcreteID CUSTOM not available AbstractID CUSTOM = AA9qnhhu7f2321953150
 @State ConcreteID = SC4iq5bf86f3902282508 AbstractID = SR11q40qu81f3400166835
 ConcreteID CUSTOM = SCvk3dkd86b3645313763 AbstractID CUSTOM = SA7bgc9d8741697598047

	ROLE = LeftClickAt
	TARGET =
		WIDGET = WC1t131hg271449679433, WR16s6p21c140494670, WTdtcs8f142835715827, WPy5izv6233293895028
		ROLE = UIAScrollBar
		TITLE = Vertical
		SHAPE = Rect [x:422.0 y:229.0 w:17.0 h:105.0]
		CHILDREN = 5
		PATH = [2, 0, 5, 0, 0]
	DESCRIPTION = Left Click at 'Vertical'
	TEXT = Compound Action =
		Move mouse to (430.5, 281.5).
		Press Mouse Button BUTTON1
		Release Mouse Button BUTTON1

ExecutedAction [10]: 
 @Action ConcreteID = AC1pfd09v7e1648933695 AbstractID = AA1pfd09v7e1648933695
 ConcreteID CUSTOM = ConcreteID CUSTOM not available AbstractID CUSTOM = AA10t8wf47e920939965
 @State ConcreteID = SC4iq5bf86f3902282508 AbstractID = SR11q40qu81f3400166835
 ConcreteID CUSTOM = SCvk3dkd86b3645313763 AbstractID CUSTOM = SA7bgc9d8741697598047

	ROLE = LeftClickAt
	TARGET =
		WIDGET = WC16liu6s1c1119817956, WR17v7k2nb1067391859, WT1qeha5gf2005531835, WP1czq78i183514693340
		ROLE = UIAMenuItem
		TITLE = View
		SHAPE = Rect [x:178.0 y:58.0 w:39.0 h:19.0]
		CHILDREN = 0
		PATH = [1, 2, 3]
	DESCRIPTION = Left Click at 'View'
	TEXT = Compound Action =
		Move mouse to (197.5, 67.5).
		Press Mouse Button BUTTON1
		Release Mouse Button BUTTON1

Sequence 1 finished.
Copying generated sequence ("sequence1406") to output directory...
Copying classified sequence ("sequence1406") to sequences_ok folder...
