Starting sequence 1 (output as: sequence764)

ExecutedAction [1]: 
 @Action ConcreteID = AC17160h17f3645937924 AbstractID = AA17160h17f3645937924
 ConcreteID CUSTOM = ConcreteID CUSTOM not available AbstractID CUSTOM = AA1inbbxg802558547126
 @State ConcreteID = SC1ltddz3cc401136794 AbstractID = SR11uyirw3ae4071810408
 ConcreteID CUSTOM = SC41pvtu3d01284125893 AbstractID CUSTOM = SAs1g7e83c22364854337

	ROLE = LeftClickAt
	TARGET =
		WIDGET = WC1kb7r9721745667249, WR1e04pz3e358922214, WT1e04pz3e358922214, WP14jepop1d1511688619
		ROLE = UIASplitButton
		TITLE = 
		SHAPE = Rect [x:548.0 y:1018.0 w:600.0 h:290.0]
		CHILDREN = 3
		PATH = [0, 3, 0, 0, 3]
	DESCRIPTION = Left Click at ''
	TEXT = Compound Action =
		Move mouse to (848.0, 1163.0).
		Press Mouse Button BUTTON1
		Release Mouse Button BUTTON1

ExecutedAction [2]: 
 @Action ConcreteID = ACzhr52g7e2957579666 AbstractID = AAzhr52g7e2957579666
 ConcreteID CUSTOM = ConcreteID CUSTOM not available AbstractID CUSTOM = AA16vibei7f2404961555
 @State ConcreteID = SC4cgnyq3b7484622800 AbstractID = SReblvoj39a4110896717
 ConcreteID CUSTOM = SC1j67h203b81652811606 AbstractID CUSTOM = SA6raqf93b64265445569

	ROLE = LeftClickAt
	TARGET =
		WIDGET = WCsn8pwe192404196226, WR1h6ibpb92248851252, WT1h6ibpb92248851252, WP8rar6815951478158
		ROLE = UIAButton
		TITLE = 
		SHAPE = Rect [x:854.0 y:963.0 w:26.0 h:26.0]
		CHILDREN = 0
		PATH = [0, 2, 1, 4]
	DESCRIPTION = Left Click at ''
	TEXT = Compound Action =
		Move mouse to (867.0, 976.0).
		Press Mouse Button BUTTON1
		Release Mouse Button BUTTON1

ExecutedAction [3]: 
 @Action ConcreteID = AC983dw17f3989665312 AbstractID = AA983dw17f3989665312
 ConcreteID CUSTOM = ConcreteID CUSTOM not available AbstractID CUSTOM = AAoz5ocf802001589326
 @State ConcreteID = SC4cgnyq3b7484622800 AbstractID = SReblvoj39a4110896717
 ConcreteID CUSTOM = SC1j67h203b81652811606 AbstractID CUSTOM = SA6raqf93b64265445569

	ROLE = LeftClickAt
	TARGET =
		WIDGET = WC1u4yxgu201001852223, WR4na8ob72534219213, WT4na8ob72534219213, WP3shum41c2253840902
		ROLE = UIATree
		TITLE = 
		SHAPE = Rect [x:548.0 y:1018.0 w:180.0 h:157.0]
		CHILDREN = 7
		PATH = [0, 2, 0, 0, 3, 1, 1]
	DESCRIPTION = Left Click at ''
	TEXT = Compound Action =
		Move mouse to (638.0, 1096.5).
		Press Mouse Button BUTTON1
		Release Mouse Button BUTTON1

ExecutedAction [4]: 
 @Action ConcreteID = ACosd5pa812523045195 AbstractID = AAosd5pa812523045195
 ConcreteID CUSTOM = ConcreteID CUSTOM not available AbstractID CUSTOM = AAkxvdr1801916289377
 @State ConcreteID = SC1sj09jp3b63280129736 AbstractID = SReblvoj39a4110896717
 ConcreteID CUSTOM = SC6cowp43b8186231667 AbstractID CUSTOM = SA6raqf93b64265445569

	ROLE = LeftClickAt
	TARGET =
		WIDGET = WCb8ooow272787690705, WR5quxi6b4097176690, WT5quxi6b4097176690, WP1sol9bm23663743615
		ROLE = UIATreeItem
		TITLE = 
		SHAPE = Rect [x:553.0 y:1092.0 w:158.0 h:26.0]
		CHILDREN = 0
		PATH = [0, 2, 0, 0, 3, 1, 1, 3]
	DESCRIPTION = Left Click at ''
	TEXT = Compound Action =
		Move mouse to (632.0, 1105.0).
		Press Mouse Button BUTTON1
		Release Mouse Button BUTTON1

ExecutedAction [5]: 
 @Action ConcreteID = ACoe5g3q804238047986 AbstractID = AAoe5g3q804238047986
 ConcreteID CUSTOM = ConcreteID CUSTOM not available AbstractID CUSTOM = AAct8v537f2827508606
 @State ConcreteID = SC1sj09jp3b63280129736 AbstractID = SReblvoj39a4110896717
 ConcreteID CUSTOM = SC6cowp43b8186231667 AbstractID CUSTOM = SA6raqf93b64265445569

	ROLE = LeftClickAt
	TARGET =
		WIDGET = WC1ulc3am262005825686, WR17v7k2nb1067391859, WTpcm71l192027518401, WPtkzlz0223118695362
		ROLE = UIAMenuItem
		TITLE = Subtitle Alt+t
		SHAPE = Rect [x:754.0 y:938.0 w:56.0 h:20.0]
		CHILDREN = 0
		PATH = [0, 1, 4]
	DESCRIPTION = Left Click at 'Subtitle Alt+t'
	TEXT = Compound Action =
		Move mouse to (782.0, 948.0).
		Press Mouse Button BUTTON1
		Release Mouse Button BUTTON1

ExecutedAction [6]: 
 @Action ConcreteID = AC1320a9e804026578163 AbstractID = AA1320a9e804026578163
 ConcreteID CUSTOM = ConcreteID CUSTOM not available AbstractID CUSTOM = AAof1028803866772900
 @State ConcreteID = SC8uomg43f21685133051 AbstractID = SRewx5je3d51911035866
 ConcreteID CUSTOM = SCz8o74y3f42723668240 AbstractID CUSTOM = SApe7ihj3f13149944423

	ROLE = LeftClickAt
	TARGET =
		WIDGET = WC1fbb2e920939640774, WR10fgh33101836453781, WT10fgh33101836453781, WPdopdxv1c2306111470
		ROLE = UIACustomControl
		TITLE = 
		SHAPE = Rect [x:548.0 y:993.0 w:600.0 h:318.0]
		CHILDREN = 4
		PATH = [0, 2, 0, 0]
	DESCRIPTION = Left Click at ''
	TEXT = Compound Action =
		Move mouse to (848.0, 1152.0).
		Press Mouse Button BUTTON1
		Release Mouse Button BUTTON1

ExecutedAction [7]: 
 @Action ConcreteID = AC1g10xuk81849172394 AbstractID = AA1g10xuk81849172394
 ConcreteID CUSTOM = ConcreteID CUSTOM not available AbstractID CUSTOM = AA1c6j5wb803603401600
 @State ConcreteID = SC1sj09jp3b63280129736 AbstractID = SReblvoj39a4110896717
 ConcreteID CUSTOM = SC6cowp43b8186231667 AbstractID CUSTOM = SA6raqf93b64265445569

	ROLE = LeftClickAt
	TARGET =
		WIDGET = WC1cj90xv241472876304, WR1e04pz3e358922214, WT1e04pz3e358922214, WP163y8ad202550790949
		ROLE = UIASplitButton
		TITLE = 
		SHAPE = Rect [x:548.0 y:1018.0 w:180.0 h:290.0]
		CHILDREN = 3
		PATH = [0, 2, 0, 0, 3, 1]
	DESCRIPTION = Left Click at ''
	TEXT = Compound Action =
		Move mouse to (638.0, 1163.0).
		Press Mouse Button BUTTON1
		Release Mouse Button BUTTON1

ExecutedAction [8]: 
 @Action ConcreteID = AC1p0jgha811921412068 AbstractID = AA1p0jgha811921412068
 ConcreteID CUSTOM = ConcreteID CUSTOM not available AbstractID CUSTOM = AA1639ejr803633841654
 @State ConcreteID = SC19esp6z46f1941365906 AbstractID = SR17vrhx0445156885217
 ConcreteID CUSTOM = SCulvgym46d3934167 AbstractID CUSTOM = SA14me76w467732056352

	ROLE = LeftClickAt
	TARGET =
		WIDGET = WCezyltm213992921457, WR1e04pz3e358922214, WT1e04pz3e358922214, WP1y99m881d2610189931
		ROLE = UIASplitButton
		TITLE = 
		SHAPE = Rect [x:548.0 y:1018.0 w:600.0 h:290.0]
		CHILDREN = 3
		PATH = [0, 2, 0, 0, 3]
	DESCRIPTION = Left Click at ''
	TEXT = Compound Action =
		Move mouse to (848.0, 1163.0).
		Press Mouse Button BUTTON1
		Release Mouse Button BUTTON1

ExecutedAction [9]: 
 @Action ConcreteID = AC9sqhu9801219292959 AbstractID = AA9sqhu9801219292959
 ConcreteID CUSTOM = ConcreteID CUSTOM not available AbstractID CUSTOM = AAp866m07f1552851569
 @State ConcreteID = SC19esp6z46f1941365906 AbstractID = SR17vrhx0445156885217
 ConcreteID CUSTOM = SCulvgym46d3934167 AbstractID CUSTOM = SA14me76w467732056352

	ROLE = LeftClickAt
	TARGET =
		WIDGET = WC1pm5r0o232668325901, WR17v7k2nb1067391859, WT1p8hf68161996799177, WP19ngj4m1f1149120030
		ROLE = UIAMenuItem
		TITLE = Video Alt+V
		SHAPE = Rect [x:708.0 y:938.0 w:46.0 h:20.0]
		CHILDREN = 0
		PATH = [0, 1, 3]
	DESCRIPTION = Left Click at 'Video Alt+V'
	TEXT = Compound Action =
		Move mouse to (731.0, 948.0).
		Press Mouse Button BUTTON1
		Release Mouse Button BUTTON1

ExecutedAction [10]: 
 @Action ConcreteID = ACsv466l7e1860209336 AbstractID = AAsv466l7e1860209336
 ConcreteID CUSTOM = ConcreteID CUSTOM not available AbstractID CUSTOM = AA8b6jpc801611627427
 @State ConcreteID = SCzq5l6p59b431754004 AbstractID = SRc6j0jh5704187249187
 ConcreteID CUSTOM = SCa1qflj59b3081888586 AbstractID CUSTOM = SA1wataop5933332186834

	ROLE = LeftClickAt
	TARGET =
		WIDGET = WC1wr6twp233179607085, WR17v7k2nb1067391859, WTwtxn65161410781764, WPzq9smv1f824583798
		ROLE = UIAMenuItem
		TITLE = Tools Alt+s
		SHAPE = Rect [x:810.0 y:938.0 w:43.0 h:20.0]
		CHILDREN = 0
		PATH = [0, 1, 5]
	DESCRIPTION = Left Click at 'Tools Alt+s'
	TEXT = Compound Action =
		Move mouse to (831.5, 948.0).
		Press Mouse Button BUTTON1
		Release Mouse Button BUTTON1

ExecutedAction [11]: 
 @Action ConcreteID = ACe597h0813170303031 AbstractID = AAe597h0813170303031
 ConcreteID CUSTOM = ConcreteID CUSTOM not available AbstractID CUSTOM = AA1u937il80384340517
 @State ConcreteID = SC19esp6z46f1941365906 AbstractID = SR17vrhx0445156885217
 ConcreteID CUSTOM = SCulvgym46d3934167 AbstractID CUSTOM = SA14me76w467732056352

	ROLE = LeftClickAt
	TARGET =
		WIDGET = WCb8oomb272365954834, WR5quxi6b4097176690, WT5quxi6b4097176690, WP1sol99123211992508
		ROLE = UIATreeItem
		TITLE = 
		SHAPE = Rect [x:548.0 y:1018.0 w:163.0 h:26.0]
		CHILDREN = 0
		PATH = [0, 2, 0, 0, 3, 1, 1, 0]
	DESCRIPTION = Left Click at ''
	TEXT = Compound Action =
		Move mouse to (629.5, 1031.0).
		Press Mouse Button BUTTON1
		Release Mouse Button BUTTON1

ExecutedAction [12]: 
 @Action ConcreteID = ACwfgvfx7f1279732206 AbstractID = AAwfgvfx7f1279732206
 ConcreteID CUSTOM = ConcreteID CUSTOM not available AbstractID CUSTOM = AA1c6j5wb803603401600
 @State ConcreteID = SC4cgnyq3b7484622800 AbstractID = SReblvoj39a4110896717
 ConcreteID CUSTOM = SC1j67h203b81652811606 AbstractID CUSTOM = SA6raqf93b64265445569

	ROLE = LeftClickAt
	TARGET =
		WIDGET = WC1cj90xv241472876304, WR1e04pz3e358922214, WT1e04pz3e358922214, WP163y8ad202550790949
		ROLE = UIASplitButton
		TITLE = 
		SHAPE = Rect [x:548.0 y:1018.0 w:180.0 h:290.0]
		CHILDREN = 3
		PATH = [0, 2, 0, 0, 3, 1]
	DESCRIPTION = Left Click at ''
	TEXT = Compound Action =
		Move mouse to (638.0, 1163.0).
		Press Mouse Button BUTTON1
		Release Mouse Button BUTTON1

ExecutedAction [13]: 
 @Action ConcreteID = AC1beunvz811415050727 AbstractID = AA1beunvz811415050727
 ConcreteID CUSTOM = ConcreteID CUSTOM not available AbstractID CUSTOM = AAshklyg804266236917
 @State ConcreteID = SC19esp6z46f1941365906 AbstractID = SR17vrhx0445156885217
 ConcreteID CUSTOM = SCulvgym46d3934167 AbstractID CUSTOM = SA14me76w467732056352

	ROLE = LeftClickAt
	TARGET =
		WIDGET = WCb8ooo1273207854480, WR5quxi6b4097176690, WT5quxi6b4097176690, WP1sol9ar231049943358
		ROLE = UIATreeItem
		TITLE = 
		SHAPE = Rect [x:548.0 y:1070.0 w:163.0 h:22.0]
		CHILDREN = 0
		PATH = [0, 2, 0, 0, 3, 1, 1, 2]
	DESCRIPTION = Left Click at ''
	TEXT = Compound Action =
		Move mouse to (629.5, 1081.0).
		Press Mouse Button BUTTON1
		Release Mouse Button BUTTON1

ExecutedAction [14]: 
 @Action ConcreteID = AC1g0xi50803546869361 AbstractID = AA1g0xi50803546869361
 ConcreteID CUSTOM = ConcreteID CUSTOM not available AbstractID CUSTOM = AA1vgd6wr7f3343557407
 @State ConcreteID = SC19esp6z46f1941365906 AbstractID = SR17vrhx0445156885217
 ConcreteID CUSTOM = SCulvgym46d3934167 AbstractID CUSTOM = SA14me76w467732056352

	ROLE = LeftClickAt
	TARGET =
		WIDGET = WCo9m3kz234253084318, WR17v7k2nb1067391859, WT1faw5jq16422026351, WPzr9m5t1f4278635332
		ROLE = UIAMenuItem
		TITLE = Audio Alt+A
		SHAPE = Rect [x:660.0 y:938.0 w:48.0 h:20.0]
		CHILDREN = 0
		PATH = [0, 1, 2]
	DESCRIPTION = Left Click at 'Audio Alt+A'
	TEXT = Compound Action =
		Move mouse to (684.0, 948.0).
		Press Mouse Button BUTTON1
		Release Mouse Button BUTTON1

ExecutedAction [15]: 
 @Action ConcreteID = AC1r2iw3580485496715 AbstractID = AA1r2iw3580485496715
 ConcreteID CUSTOM = ConcreteID CUSTOM not available AbstractID CUSTOM = AA14ki7p6803766197190
 @State ConcreteID = SC1asyfry5353354203004 AbstractID = SRvlodaf50c1424485733
 ConcreteID CUSTOM = SC1ao02zo5311174583709 AbstractID CUSTOM = SA1ykjj6w52e2309859337

	ROLE = LeftClickAt
	TARGET =
		WIDGET = WC1wr6twp233179607085, WR17v7k2nb1067391859, WTwtxn65161410781764, WPzq9smv1f824583798
		ROLE = UIAMenuItem
		TITLE = Tools Alt+s
		SHAPE = Rect [x:810.0 y:938.0 w:43.0 h:20.0]
		CHILDREN = 0
		PATH = [0, 1, 5]
	DESCRIPTION = Left Click at 'Tools Alt+s'
	TEXT = Compound Action =
		Move mouse to (831.5, 948.0).
		Press Mouse Button BUTTON1
		Release Mouse Button BUTTON1

ExecutedAction [16]: 
 @Action ConcreteID = AC1dvi8p7804006160637 AbstractID = AA1dvi8p7804006160637
 ConcreteID CUSTOM = ConcreteID CUSTOM not available AbstractID CUSTOM = AA1taxxgy7f4209730963
 @State ConcreteID = SC19esp6z46f1941365906 AbstractID = SR17vrhx0445156885217
 ConcreteID CUSTOM = SCulvgym46d3934167 AbstractID CUSTOM = SA14me76w467732056352

	ROLE = LeftClickAt
	TARGET =
		WIDGET = WC1wr6twp233179607085, WR17v7k2nb1067391859, WTwtxn65161410781764, WPzq9smv1f824583798
		ROLE = UIAMenuItem
		TITLE = Tools Alt+s
		SHAPE = Rect [x:810.0 y:938.0 w:43.0 h:20.0]
		CHILDREN = 0
		PATH = [0, 1, 5]
	DESCRIPTION = Left Click at 'Tools Alt+s'
	TEXT = Compound Action =
		Move mouse to (831.5, 948.0).
		Press Mouse Button BUTTON1
		Release Mouse Button BUTTON1

ExecutedAction [17]: 
 @Action ConcreteID = ACx0f9ib80523505494 AbstractID = AAx0f9ib80523505494
 ConcreteID CUSTOM = ConcreteID CUSTOM not available AbstractID CUSTOM = AA126oic781830754503
 @State ConcreteID = SC1kk23b55e3888591881 AbstractID = SR17pbbkt5343999181906
 ConcreteID CUSTOM = SCtdejza55f3524059174 AbstractID CUSTOM = SA192i24h5541261777637

	ROLE = LeftClickAt
	TARGET =
		WIDGET = WC18lqvz5333083117481, WR17v7k2nb1067391859, WT14rieww29518546076, WPuh3l1v2f3149288897
		ROLE = UIAMenuItem
		TITLE = VLM Configuration Ctrl+Shift+W
		SHAPE = Rect [x:813.0 y:1049.0 w:257.0 h:22.0]
		CHILDREN = 0
		PATH = [1, 4]
	DESCRIPTION = Left Click at 'VLM Configuration Ctrl+Shift+W'
	TEXT = Compound Action =
		Move mouse to (941.5, 1060.0).
		Press Mouse Button BUTTON1
		Release Mouse Button BUTTON1

ExecutedAction [18]: 
 @Action ConcreteID = ACmmnmfy7f3609444097 AbstractID = AAmmnmfy7f3609444097
 ConcreteID CUSTOM = ConcreteID CUSTOM not available AbstractID CUSTOM = AAkazue57f2470354351
 @State ConcreteID = SC1igukxt6f9302738433 AbstractID = SR122oace6b51454473954
 ConcreteID CUSTOM = SCn05kvi6ed810572349 AbstractID CUSTOM = SAqhsc7f6ea3541032578

	ROLE = LeftClickAt
	TARGET =
		WIDGET = WC1pm5r0o232668325901, WR17v7k2nb1067391859, WT1p8hf68161996799177, WP19ngj4m1f1149120030
		ROLE = UIAMenuItem
		TITLE = Video Alt+V
		SHAPE = Rect [x:708.0 y:938.0 w:46.0 h:20.0]
		CHILDREN = 0
		PATH = [0, 1, 3]
	DESCRIPTION = Left Click at 'Video Alt+V'
	TEXT = Compound Action =
		Move mouse to (731.0, 948.0).
		Press Mouse Button BUTTON1
		Release Mouse Button BUTTON1

ExecutedAction [19]: 
 @Action ConcreteID = ACv4mbdi8047837167 AbstractID = AAv4mbdi8047837167
 ConcreteID CUSTOM = ConcreteID CUSTOM not available AbstractID CUSTOM = AA1cvxexk812548467699
 @State ConcreteID = SC35q4a281d2048288643 AbstractID = SRfn7gdf7e01725921995
 ConcreteID CUSTOM = SCuggjk081d4024169675 AbstractID CUSTOM = SA1nm5ltz8302065738540

	ROLE = LeftClickAt
	TARGET =
		WIDGET = WCvtsb2b27258818183, WR5quxi6b4097176690, WT5quxi6b4097176690, WPe8ktpx232395628585
		ROLE = UIATreeItem
		TITLE = 
		SHAPE = Rect [x:548.0 y:1044.0 w:163.0 h:26.0]
		CHILDREN = 0
		PATH = [1, 2, 0, 0, 3, 1, 1, 1]
	DESCRIPTION = Left Click at ''
	TEXT = Compound Action =
		Move mouse to (629.5, 1057.0).
		Press Mouse Button BUTTON1
		Release Mouse Button BUTTON1

ExecutedAction [20]: 
 @Action ConcreteID = AC1534tyy811404378822 AbstractID = AA1534tyy811404378822
 ConcreteID CUSTOM = ConcreteID CUSTOM not available AbstractID CUSTOM = AA1igw9j9814249764745
 @State ConcreteID = SC1mcb7hw63d701576024 AbstractID = SRpqfb8n60a3246936443
 ConcreteID CUSTOM = SCkfbnrb63a2431180930 AbstractID CUSTOM = SA10ogb07649283016785

	ROLE = LeftClickAt
	TARGET =
		WIDGET = WC530z3n143273344204, WR4n4ygb71694219017, WT4n4ygb71694219017, WP1skwq9t1046514937
		ROLE = UIAList
		TITLE = 
		SHAPE = Rect [x:1351.0 y:991.0 w:200.0 h:239.0]
		CHILDREN = 0
		PATH = [0, 4, 0]
	DESCRIPTION = Left Click at ''
	TEXT = Compound Action =
		Move mouse to (1451.0, 1110.5).
		Press Mouse Button BUTTON1
		Release Mouse Button BUTTON1

ExecutedAction [21]: 
 @Action ConcreteID = AC5yjsbi82147778469 AbstractID = AA5yjsbi82147778469
 ConcreteID CUSTOM = ConcreteID CUSTOM not available AbstractID CUSTOM = AA1kx9z5y81151878962
 @State ConcreteID = SC1bo16a76404289127791 AbstractID = SR1ja91q160a1641446605
 ConcreteID CUSTOM = SC1382p2e637315527446 AbstractID CUSTOM = SA2wugw26393778227807

	ROLE = LeftClickAt
	TARGET =
		WIDGET = WCiu7lbk2f2960454757, WR10fgh33101836453781, WT1ycr1fw223087329037, WPgb27i62b2145112775
		ROLE = UIACustomControl
		TITLE = Media Manager List
		SHAPE = Rect [x:1557.0 y:991.0 w:3.0 h:239.0]
		CHILDREN = 0
		PATH = [1, 4, 1]
	DESCRIPTION = Left Click at 'Media Manager List'
	TEXT = Compound Action =
		Move mouse to (1558.5, 1110.5).
		Press Mouse Button BUTTON1
		Release Mouse Button BUTTON1

ExecutedAction [22]: 
 @Action ConcreteID = ACuirgqd811963315721 AbstractID = AAuirgqd811963315721
 ConcreteID CUSTOM = ConcreteID CUSTOM not available AbstractID CUSTOM = AA1gsc2fh801843544904
 @State ConcreteID = SC1bo16a76404289127791 AbstractID = SR1ja91q160a1641446605
 ConcreteID CUSTOM = SC1382p2e637315527446 AbstractID CUSTOM = SA2wugw26393778227807

	ROLE = LeftClickAt
	TARGET =
		WIDGET = WCezyltm213992921457, WR1e04pz3e358922214, WT1e04pz3e358922214, WP1y99m881d2610189931
		ROLE = UIASplitButton
		TITLE = 
		SHAPE = Rect [x:548.0 y:1018.0 w:600.0 h:290.0]
		CHILDREN = 3
		PATH = [0, 2, 0, 0, 3]
	DESCRIPTION = Left Click at ''
	TEXT = Compound Action =
		Move mouse to (848.0, 1163.0).
		Press Mouse Button BUTTON1
		Release Mouse Button BUTTON1

ExecutedAction [23]: 
 @Action ConcreteID = ACxyp9627f961748707 AbstractID = AAxyp9627f961748707
 ConcreteID CUSTOM = ConcreteID CUSTOM not available AbstractID CUSTOM = AA1ykcb917f1635607064
 @State ConcreteID = SC1mcb7hw63d701576024 AbstractID = SRpqfb8n60a3246936443
 ConcreteID CUSTOM = SCkfbnrb63a2431180930 AbstractID CUSTOM = SA10ogb07649283016785

	ROLE = LeftClickAt
	TARGET =
		WIDGET = WCllzyg3203304010166, WR10fgh33101836453781, WT10fgh33101836453781, WP1j0ibyt1c1973059998
		ROLE = UIACustomControl
		TITLE = 
		SHAPE = Rect [x:551.0 y:960.0 w:16.0 h:32.0]
		CHILDREN = 1
		PATH = [1, 2, 1, 0]
	DESCRIPTION = Left Click at ''
	TEXT = Compound Action =
		Move mouse to (559.0, 976.0).
		Press Mouse Button BUTTON1
		Release Mouse Button BUTTON1

ExecutedAction [24]: 
 @Action ConcreteID = AChmgtwj7d1793267040 AbstractID = AAhmgtwj7d1793267040
 ConcreteID CUSTOM = ConcreteID CUSTOM not available AbstractID CUSTOM = AAx17z3n80777668896
 @State ConcreteID = SCubv3q366583451787 AbstractID = SRve6fw66314138622590
 ConcreteID CUSTOM = SCwc5mp76613631206369 AbstractID CUSTOM = SA1osker86712863459688

	ROLE = LeftClickAt
	TARGET =
		WIDGET = WCjeo63r231403088019, WR17v7k2nb1067391859, WT1p8hf68161996799177, WP3fyy7p1f2295606912
		ROLE = UIAMenuItem
		TITLE = Video Alt+V
		SHAPE = Rect [x:708.0 y:938.0 w:46.0 h:20.0]
		CHILDREN = 0
		PATH = [1, 1, 3]
	DESCRIPTION = Left Click at 'Video Alt+V'
	TEXT = Compound Action =
		Move mouse to (731.0, 948.0).
		Press Mouse Button BUTTON1
		Release Mouse Button BUTTON1

ExecutedAction [25]: 
 @Action ConcreteID = ACbuvhti812417159669 AbstractID = AAbuvhti812417159669
 ConcreteID CUSTOM = ConcreteID CUSTOM not available AbstractID CUSTOM = AA1bqjzxq823269078707
 @State ConcreteID = SCmapfrg76a1269425334 AbstractID = SR44up5g7353055335677
 ConcreteID CUSTOM = SC1x1evuu7681738489131 AbstractID CUSTOM = SA19cwbtz7751521638492

	ROLE = LeftClickAt
	TARGET =
		WIDGET = WCm8yemt221238090307, WR1h6ibpb92248851252, WT1n6il0p152778565292, WP1oo7wf71e4080597638
		ROLE = UIAButton
		TITLE = Export Alt+x
		SHAPE = Rect [x:1863.0 y:1246.0 w:75.0 h:23.0]
		CHILDREN = 0
		PATH = [0, 5, 1]
	DESCRIPTION = Left Click at 'Export Alt+x'
	TEXT = Compound Action =
		Move mouse to (1900.5, 1257.5).
		Press Mouse Button BUTTON1
		Release Mouse Button BUTTON1

ExecutedAction [26]: 
 @Action ConcreteID = ACz93eh01041853452383 AbstractID = AAedn7fcd5785790873
 ConcreteID CUSTOM = ConcreteID CUSTOM not available AbstractID CUSTOM = AA1k0z9qxd62828901198
 @State ConcreteID = SC1ibuwfzda4118739250 AbstractID = SR12embi9d1d848052439
 ConcreteID CUSTOM = SC8marwwdaf2113703291 AbstractID CUSTOM = SA1xhfcofdae3793324349

	ROLE = ClickTypeInto
	TARGET =
		WIDGET = WC1w5cgsu2a4155169281, WR4n0dlj72701565195, WT1r4sup6111826047676, WP4t92ak263661772747
		ROLE = UIAEdit
		TITLE = Search Box
		SHAPE = Rect [x:2314.0 y:820.0 w:170.0 h:15.0]
		CHILDREN = 0
		PATH = [1, 0, 5, 4, 0, 0, 0]
	DESCRIPTION = Type '1234567890123456...' into 'Search Box
	TEXT = Compound Action =
		Compound Action =
		Move mouse to (2399.0, 827.5).
		Press Mouse Button BUTTON1
		Release Mouse Button BUTTON1
		Press Key 17
		Press Key 65
		Release Key 65
		Release Key 17
		Type text '123456789012345678901234567890123456789'

ExecutedAction [27]: 
 @Action ConcreteID = ACl1b6ak80191564819 AbstractID = AAl1b6ak80191564819
 ConcreteID CUSTOM = ConcreteID CUSTOM not available AbstractID CUSTOM = AA1npqeio81110127080
 @State ConcreteID = SC1sazo8ida5451945663 AbstractID = SR12embi9d1d848052439
 ConcreteID CUSTOM = SC134vqnrdaf3478263730 AbstractID CUSTOM = SA1xhfcofdae3793324349

	ROLE = LeftClickAt
	TARGET =
		WIDGET = WCl6jkqx26522618242, WR1h6ibpb92248851252, WTm2ii31133448143099, WP15ncec7224280076657
		ROLE = UIAButton
		TITLE = New folder
		SHAPE = Rect [x:1432.0 y:848.0 w:88.0 h:26.0]
		CHILDREN = 0
		PATH = [1, 0, 0, 0, 3]
	DESCRIPTION = Left Click at 'New folder'
	TEXT = Compound Action =
		Move mouse to (1476.0, 861.0).
		Press Mouse Button BUTTON1
		Release Mouse Button BUTTON1

ExecutedAction [28]: 
 @Action ConcreteID = AC2wa7ne81920980143 AbstractID = AA2wa7ne81920980143
 ConcreteID CUSTOM = ConcreteID CUSTOM not available AbstractID CUSTOM = AA1tflf1282478665296
 @State ConcreteID = SC1sazo8ida5451945663 AbstractID = SR12embi9d1d848052439
 ConcreteID CUSTOM = SC134vqnrdaf3478263730 AbstractID CUSTOM = SA1xhfcofdae3793324349

	ROLE = LeftClickAt
	TARGET =
		WIDGET = WC1ljjk15282183635935, WR5quxi6b4097176690, WT1kh8h59f2610266612, WPz6it13242585108666
		ROLE = UIATreeItem
		TITLE = logs
		SHAPE = Rect [x:1389.0 y:1013.0 w:26.0 h:24.0]
		CHILDREN = 0
		PATH = [1, 0, 0, 1, 0, 0, 4]
	DESCRIPTION = Left Click at 'logs'
	TEXT = Compound Action =
		Move mouse to (1402.0, 1025.0).
		Press Mouse Button BUTTON1
		Release Mouse Button BUTTON1

ExecutedAction [29]: 
 @Action ConcreteID = ACctdkzy7f1129211893 AbstractID = AActdkzy7f1129211893
 ConcreteID CUSTOM = ConcreteID CUSTOM not available AbstractID CUSTOM = AAgdb515803444696884
 @State ConcreteID = SCyx9e7c7b3623100153 AbstractID = SR5y8faic00468389960
 ConcreteID CUSTOM = SC1wshebjc752545644845 AbstractID CUSTOM = SAmj1seoc832399713901

	ROLE = LeftClickAt
	TARGET =
		WIDGET = WC18dj90x212853141076, WR1h6ibpb92248851252, WT1tvopige1890384806, WPgxo88v1d595082359
		ROLE = UIAButton
		TITLE = &Help
		SHAPE = Rect [x:2485.0 y:848.0 w:28.0 h:26.0]
		CHILDREN = 0
		PATH = [1, 0, 0, 0, 0]
	DESCRIPTION = Left Click at '&Help'
	TEXT = Compound Action =
		Move mouse to (2499.0, 861.0).
		Press Mouse Button BUTTON1
		Release Mouse Button BUTTON1

ExecutedAction [30]: 
 @Action ConcreteID = AC1b8p926e91085013542 AbstractID = AAfl6r2td7235840442
 ConcreteID CUSTOM = ConcreteID CUSTOM not available AbstractID CUSTOM = AAwrj3uyd7738186633
 @State ConcreteID = SC1lmf8ujc7b1011818540 AbstractID = SRou3d6vc014050480305
 ConcreteID CUSTOM = SCpmg4toc772019729729 AbstractID CUSTOM = SA149fz28c821606614895

	ROLE = ClickTypeInto
	TARGET =
		WIDGET = WC18oat7241132491303, WR4n0dlj72701565195, WT9fe9ia11101724996, WP1l26yo9201972030860
		ROLE = UIAEdit
		TITLE = File name:
		SHAPE = Rect [x:1466.0 y:1569.0 w:1031.0 h:17.0]
		CHILDREN = 0
		PATH = [1, 0, 0, 4, 0]
	DESCRIPTION = Type '¸?Ç??˜Â¯?¿' into 'File name:
	TEXT = Compound Action =
		Compound Action =
		Move mouse to (1981.5, 1577.5).
		Press Mouse Button BUTTON1
		Release Mouse Button BUTTON1
		Press Key 17
		Press Key 65
		Release Key 65
		Release Key 17
		Type text '¸?Ç??˜Â¯?¿'

Forcing SUT activation (bring to foreground) action
ExecutedAction [31]: 
 @Action ConcreteID = ACcba59x394050736026 AbstractID = AAcba59x394050736026
 ConcreteID CUSTOM = ConcreteID CUSTOM not available AbstractID CUSTOM = AA5l7yqy392113230061
 @State ConcreteID = SC1lmf8ujc7b1011818540 AbstractID = SRou3d6vc014050480305
 ConcreteID CUSTOM = SCpmg4toc772019729729 AbstractID CUSTOM = SA149fz28c821606614895

	DESCRIPTION = Bring the system to the foreground.
	TEXT = Bring the system to the foreground.

Forcing SUT activation (bring to foreground) action
ExecutedAction [32]: 
 @Action ConcreteID = AC7ytdee391684591126 AbstractID = AA7ytdee391684591126
 ConcreteID CUSTOM = ConcreteID CUSTOM not available AbstractID CUSTOM = AA10oy8zj373701054970
 @State ConcreteID = SC1qm0t46c723579889065 AbstractID = SR1jvb1yrc01740588677
 ConcreteID CUSTOM = SCmvrkuxc78910972909 AbstractID CUSTOM = SAomu5unc94810030616

	DESCRIPTION = Bring the system to the foreground.
	TEXT = Bring the system to the foreground.

ExecutedAction [33]: 
 @Action ConcreteID = AC6h91rd821010286496 AbstractID = AA6h91rd821010286496
 ConcreteID CUSTOM = ConcreteID CUSTOM not available AbstractID CUSTOM = AA17nbihs80193418709
 @State ConcreteID = SC1qm0t46c723579889065 AbstractID = SR1jvb1yrc01740588677
 ConcreteID CUSTOM = SCmvrkuxc78910972909 AbstractID CUSTOM = SAomu5unc94810030616

	ROLE = LeftClickAt
	TARGET =
		WIDGET = WC1say2tm283879770265, WR5quxi6b4097176690, WT1kh8h59f2610266612, WP15xxbtk244285701116
		ROLE = UIATreeItem
		TITLE = logs
		SHAPE = Rect [x:1389.0 y:1013.0 w:26.0 h:24.0]
		CHILDREN = 0
		PATH = [0, 0, 0, 1, 0, 0, 4]
	DESCRIPTION = Left Click at 'logs'
	TEXT = Compound Action =
		Move mouse to (1402.0, 1025.0).
		Press Mouse Button BUTTON1
		Release Mouse Button BUTTON1

Forcing SUT activation (bring to foreground) action
ExecutedAction [34]: 
 @Action ConcreteID = AC7ytdee391684591126 AbstractID = AA7ytdee391684591126
 ConcreteID CUSTOM = ConcreteID CUSTOM not available AbstractID CUSTOM = AA10oy8zj373701054970
 @State ConcreteID = SC1qm0t46c723579889065 AbstractID = SR1jvb1yrc01740588677
 ConcreteID CUSTOM = SCmvrkuxc78910972909 AbstractID CUSTOM = SAomu5unc94810030616

	DESCRIPTION = Bring the system to the foreground.
	TEXT = Bring the system to the foreground.

Forcing SUT activation (bring to foreground) action
ExecutedAction [35]: 
 @Action ConcreteID = AC7ytdee391684591126 AbstractID = AA7ytdee391684591126
 ConcreteID CUSTOM = ConcreteID CUSTOM not available AbstractID CUSTOM = AA10oy8zj373701054970
 @State ConcreteID = SC1qm0t46c723579889065 AbstractID = SR1jvb1yrc01740588677
 ConcreteID CUSTOM = SCmvrkuxc78910972909 AbstractID CUSTOM = SAomu5unc94810030616

	DESCRIPTION = Bring the system to the foreground.
	TEXT = Bring the system to the foreground.

ExecutedAction [36]: 
 @Action ConcreteID = AC14pban0812764407848 AbstractID = AA14pban0812764407848
 ConcreteID CUSTOM = ConcreteID CUSTOM not available AbstractID CUSTOM = AA1xebs797f3423863235
 @State ConcreteID = SC1qm0t46c723579889065 AbstractID = SR1jvb1yrc01740588677
 ConcreteID CUSTOM = SCmvrkuxc78910972909 AbstractID CUSTOM = SAomu5unc94810030616

	ROLE = LeftClickAt
	TARGET =
		WIDGET = WCd3bema312073878978, WR1e04pz3e358922214, WT1cbtaql152853632760, WP7ptk8k2d4284716053
		ROLE = UIASplitButton
		TITLE = Desktop
		SHAPE = Rect [x:1542.0 y:817.0 w:66.0 h:21.0]
		CHILDREN = 0
		PATH = [0, 0, 5, 2, 0, 0, 0, 2]
	DESCRIPTION = Left Click at 'Desktop'
	TEXT = Compound Action =
		Move mouse to (1575.0, 827.5).
		Press Mouse Button BUTTON1
		Release Mouse Button BUTTON1

Forcing SUT activation (bring to foreground) action
ExecutedAction [37]: 
 @Action ConcreteID = AC7ytdee391684591126 AbstractID = AA7ytdee391684591126
 ConcreteID CUSTOM = ConcreteID CUSTOM not available AbstractID CUSTOM = AA10oy8zj373701054970
 @State ConcreteID = SC1qm0t46c723579889065 AbstractID = SR1jvb1yrc01740588677
 ConcreteID CUSTOM = SCmvrkuxc78910972909 AbstractID CUSTOM = SAomu5unc94810030616

	DESCRIPTION = Bring the system to the foreground.
	TEXT = Bring the system to the foreground.

Forcing SUT activation (bring to foreground) action
ExecutedAction [38]: 
 @Action ConcreteID = AC7ytdee391684591126 AbstractID = AA7ytdee391684591126
 ConcreteID CUSTOM = ConcreteID CUSTOM not available AbstractID CUSTOM = AA10oy8zj373701054970
 @State ConcreteID = SC1qm0t46c723579889065 AbstractID = SR1jvb1yrc01740588677
 ConcreteID CUSTOM = SCmvrkuxc78910972909 AbstractID CUSTOM = SAomu5unc94810030616

	DESCRIPTION = Bring the system to the foreground.
	TEXT = Bring the system to the foreground.

ExecutedAction [39]: 
 @Action ConcreteID = AC1lc3jnq823466271854 AbstractID = AA1lc3jnq823466271854
 ConcreteID CUSTOM = ConcreteID CUSTOM not available AbstractID CUSTOM = AAnh1yf1804180407835
 @State ConcreteID = SC1qm0t46c723579889065 AbstractID = SR1jvb1yrc01740588677
 ConcreteID CUSTOM = SCmvrkuxc78910972909 AbstractID CUSTOM = SAomu5unc94810030616

	ROLE = LeftClickAt
	TARGET =
		WIDGET = WChwwzfm351340334909, WR5quxi6b4097176690, WTxcvv3q1c1737673325, WPbbugc0311157804922
		ROLE = UIATreeItem
		TITLE = Pictures (pinned)
		SHAPE = Rect [x:1389.0 y:989.0 w:46.0 h:24.0]
		CHILDREN = 0
		PATH = [0, 0, 0, 1, 0, 0, 3]
	DESCRIPTION = Left Click at 'Pictures (pinned)'
	TEXT = Compound Action =
		Move mouse to (1412.0, 1001.0).
		Press Mouse Button BUTTON1
		Release Mouse Button BUTTON1

Forcing SUT activation (bring to foreground) action
ExecutedAction [40]: 
 @Action ConcreteID = AC7ytdee391684591126 AbstractID = AA7ytdee391684591126
 ConcreteID CUSTOM = ConcreteID CUSTOM not available AbstractID CUSTOM = AA10oy8zj373701054970
 @State ConcreteID = SC1qm0t46c723579889065 AbstractID = SR1jvb1yrc01740588677
 ConcreteID CUSTOM = SCmvrkuxc78910972909 AbstractID CUSTOM = SAomu5unc94810030616

	DESCRIPTION = Bring the system to the foreground.
	TEXT = Bring the system to the foreground.

Forcing SUT activation (bring to foreground) action
ExecutedAction [41]: 
 @Action ConcreteID = AC7ytdee391684591126 AbstractID = AA7ytdee391684591126
 ConcreteID CUSTOM = ConcreteID CUSTOM not available AbstractID CUSTOM = AA10oy8zj373701054970
 @State ConcreteID = SC1qm0t46c723579889065 AbstractID = SR1jvb1yrc01740588677
 ConcreteID CUSTOM = SCmvrkuxc78910972909 AbstractID CUSTOM = SAomu5unc94810030616

	DESCRIPTION = Bring the system to the foreground.
	TEXT = Bring the system to the foreground.

ExecutedAction [42]: 
 @Action ConcreteID = ACpewrd6813754959871 AbstractID = AApewrd6813754959871
 ConcreteID CUSTOM = ConcreteID CUSTOM not available AbstractID CUSTOM = AA1i3x8xf7f3070338580
 @State ConcreteID = SC1qm0t46c723579889065 AbstractID = SR1jvb1yrc01740588677
 ConcreteID CUSTOM = SCmvrkuxc78910972909 AbstractID CUSTOM = SAomu5unc94810030616

	ROLE = LeftClickAt
	TARGET =
		WIDGET = WCzhdzk22a2989501098, WR1h6ibpb92248851252, WTnbm3rx14926922420, WPgjb3qs263189882311
		ROLE = UIAButton
		TITLE = View Slider
		SHAPE = Rect [x:2449.0 y:848.0 w:18.0 h:26.0]
		CHILDREN = 0
		PATH = [0, 0, 0, 0, 1, 0]
	DESCRIPTION = Left Click at 'View Slider'
	TEXT = Compound Action =
		Move mouse to (2458.0, 861.0).
		Press Mouse Button BUTTON1
		Release Mouse Button BUTTON1

Forcing SUT activation (bring to foreground) action
ExecutedAction [43]: 
 @Action ConcreteID = AC7ytdee391684591126 AbstractID = AA7ytdee391684591126
 ConcreteID CUSTOM = ConcreteID CUSTOM not available AbstractID CUSTOM = AA10oy8zj373701054970
 @State ConcreteID = SC1qm0t46c723579889065 AbstractID = SR1jvb1yrc01740588677
 ConcreteID CUSTOM = SCmvrkuxc78910972909 AbstractID CUSTOM = SAomu5unc94810030616

	DESCRIPTION = Bring the system to the foreground.
	TEXT = Bring the system to the foreground.

Forcing SUT activation (bring to foreground) action
ExecutedAction [44]: 
 @Action ConcreteID = AC7ytdee391684591126 AbstractID = AA7ytdee391684591126
 ConcreteID CUSTOM = ConcreteID CUSTOM not available AbstractID CUSTOM = AA10oy8zj373701054970
 @State ConcreteID = SC1qm0t46c723579889065 AbstractID = SR1jvb1yrc01740588677
 ConcreteID CUSTOM = SCmvrkuxc78910972909 AbstractID CUSTOM = SAomu5unc94810030616

	DESCRIPTION = Bring the system to the foreground.
	TEXT = Bring the system to the foreground.

ExecutedAction [45]: 
 @Action ConcreteID = AC975u0d811070105779 AbstractID = AA975u0d811070105779
 ConcreteID CUSTOM = ConcreteID CUSTOM not available AbstractID CUSTOM = AA11w6bkm7f1461256536
 @State ConcreteID = SC1qm0t46c723579889065 AbstractID = SR1jvb1yrc01740588677
 ConcreteID CUSTOM = SCmvrkuxc78910972909 AbstractID CUSTOM = SAomu5unc94810030616

	ROLE = LeftClickAt
	TARGET =
		WIDGET = WC1gqj4k221922786594, WR1h6ibpb92248851252, WT1tvopige1890384806, WPpao3s01d3195526401
		ROLE = UIAButton
		TITLE = &Help
		SHAPE = Rect [x:2485.0 y:848.0 w:28.0 h:26.0]
		CHILDREN = 0
		PATH = [0, 0, 0, 0, 0]
	DESCRIPTION = Left Click at '&Help'
	TEXT = Compound Action =
		Move mouse to (2499.0, 861.0).
		Press Mouse Button BUTTON1
		Release Mouse Button BUTTON1

Forcing SUT activation (bring to foreground) action
ExecutedAction [46]: 
 @Action ConcreteID = AC7ytdee391684591126 AbstractID = AA7ytdee391684591126
 ConcreteID CUSTOM = ConcreteID CUSTOM not available AbstractID CUSTOM = AA10oy8zj373701054970
 @State ConcreteID = SC1qm0t46c723579889065 AbstractID = SR1jvb1yrc01740588677
 ConcreteID CUSTOM = SCmvrkuxc78910972909 AbstractID CUSTOM = SAomu5unc94810030616

	DESCRIPTION = Bring the system to the foreground.
	TEXT = Bring the system to the foreground.

Forcing SUT activation (bring to foreground) action
ExecutedAction [47]: 
 @Action ConcreteID = AC7ytdee391684591126 AbstractID = AA7ytdee391684591126
 ConcreteID CUSTOM = ConcreteID CUSTOM not available AbstractID CUSTOM = AA10oy8zj373701054970
 @State ConcreteID = SC1qm0t46c723579889065 AbstractID = SR1jvb1yrc01740588677
 ConcreteID CUSTOM = SCmvrkuxc78910972909 AbstractID CUSTOM = SAomu5unc94810030616

	DESCRIPTION = Bring the system to the foreground.
	TEXT = Bring the system to the foreground.

ExecutedAction [48]: 
 @Action ConcreteID = AC13b67hy7c1843281582 AbstractID = AA13b67hy7c1843281582
 ConcreteID CUSTOM = ConcreteID CUSTOM not available AbstractID CUSTOM = AA15nlgq57a2362513374
 @State ConcreteID = SC1qm0t46c723579889065 AbstractID = SR1jvb1yrc01740588677
 ConcreteID CUSTOM = SCmvrkuxc78910972909 AbstractID CUSTOM = SAomu5unc94810030616

	ROLE = LeftClickAt
	TARGET =
		WIDGET = WC196vr0g283581303482, WR5quxi6b4097176690, WTqbgpb2121408045107, WPpca4j6244058523428
		ROLE = UIATreeItem
		TITLE = Desktop
		SHAPE = Rect [x:0.0 y:0.0 w:0.0 h:0.0]
		CHILDREN = 3
		PATH = [0, 0, 0, 1, 0, 1]
	DESCRIPTION = Left Click at 'Desktop'
	TEXT = Compound Action =
		Move mouse to (0.0, 0.0).
		Press Mouse Button BUTTON1
		Release Mouse Button BUTTON1

Forcing SUT activation (bring to foreground) action
ExecutedAction [49]: 
 @Action ConcreteID = AC7ytdee391684591126 AbstractID = AA7ytdee391684591126
 ConcreteID CUSTOM = ConcreteID CUSTOM not available AbstractID CUSTOM = AA10oy8zj373701054970
 @State ConcreteID = SC1qm0t46c723579889065 AbstractID = SR1jvb1yrc01740588677
 ConcreteID CUSTOM = SCmvrkuxc78910972909 AbstractID CUSTOM = SAomu5unc94810030616

	DESCRIPTION = Bring the system to the foreground.
	TEXT = Bring the system to the foreground.

Forcing SUT activation (bring to foreground) action
ExecutedAction [50]: 
 @Action ConcreteID = AC7ytdee391684591126 AbstractID = AA7ytdee391684591126
 ConcreteID CUSTOM = ConcreteID CUSTOM not available AbstractID CUSTOM = AA10oy8zj373701054970
 @State ConcreteID = SC1qm0t46c723579889065 AbstractID = SR1jvb1yrc01740588677
 ConcreteID CUSTOM = SCmvrkuxc78910972909 AbstractID CUSTOM = SAomu5unc94810030616

	DESCRIPTION = Bring the system to the foreground.
	TEXT = Bring the system to the foreground.

ExecutedAction [51]: 
 @Action ConcreteID = ACogmzuy8156464966 AbstractID = AAogmzuy8156464966
 ConcreteID CUSTOM = ConcreteID CUSTOM not available AbstractID CUSTOM = AA1h5nhf77f1804342189
 @State ConcreteID = SC1qm0t46c723579889065 AbstractID = SR1jvb1yrc01740588677
 ConcreteID CUSTOM = SCmvrkuxc78910972909 AbstractID CUSTOM = SAomu5unc94810030616

	ROLE = LeftClickAt
	TARGET =
		WIDGET = WC1a30str24322022917, WR1h6ibpb92248851252, WT4keizt112994300114, WP1lsmugt203143925966
		ROLE = UIAButton
		TITLE = Organise
		SHAPE = Rect [x:1341.0 y:848.0 w:91.0 h:26.0]
		CHILDREN = 0
		PATH = [0, 0, 0, 0, 2]
	DESCRIPTION = Left Click at 'Organise'
	TEXT = Compound Action =
		Move mouse to (1386.5, 861.0).
		Press Mouse Button BUTTON1
		Release Mouse Button BUTTON1

Forcing SUT activation (bring to foreground) action
ExecutedAction [52]: 
 @Action ConcreteID = AC7ytdee391684591126 AbstractID = AA7ytdee391684591126
 ConcreteID CUSTOM = ConcreteID CUSTOM not available AbstractID CUSTOM = AA10oy8zj373701054970
 @State ConcreteID = SC1qm0t46c723579889065 AbstractID = SR1jvb1yrc01740588677
 ConcreteID CUSTOM = SCmvrkuxc78910972909 AbstractID CUSTOM = SAomu5unc94810030616

	DESCRIPTION = Bring the system to the foreground.
	TEXT = Bring the system to the foreground.

Forcing SUT activation (bring to foreground) action
ExecutedAction [53]: 
 @Action ConcreteID = AC7ytdee391684591126 AbstractID = AA7ytdee391684591126
 ConcreteID CUSTOM = ConcreteID CUSTOM not available AbstractID CUSTOM = AA10oy8zj373701054970
 @State ConcreteID = SC1qm0t46c723579889065 AbstractID = SR1jvb1yrc01740588677
 ConcreteID CUSTOM = SCmvrkuxc78910972909 AbstractID CUSTOM = SAomu5unc94810030616

	DESCRIPTION = Bring the system to the foreground.
	TEXT = Bring the system to the foreground.

ExecutedAction [54]: 
 @Action ConcreteID = AC1vwah81813155938926 AbstractID = AA1vwah81813155938926
 ConcreteID CUSTOM = ConcreteID CUSTOM not available AbstractID CUSTOM = AApk6wt67f3570027397
 @State ConcreteID = SC1qm0t46c723579889065 AbstractID = SR1jvb1yrc01740588677
 ConcreteID CUSTOM = SCmvrkuxc78910972909 AbstractID CUSTOM = SAomu5unc94810030616

	ROLE = LeftClickAt
	TARGET =
		WIDGET = WC1gmp5q02d4109948037, WR5quxi6b4097176690, WT158yrsl171516135311, WP1bftmsq293975541691
		ROLE = UIATreeItem
		TITLE = Quick access
		SHAPE = Rect [x:1381.0 y:893.0 w:72.0 h:24.0]
		CHILDREN = 8
		PATH = [0, 0, 0, 1, 0, 0]
	DESCRIPTION = Left Click at 'Quick access'
	TEXT = Compound Action =
		Move mouse to (1417.0, 905.0).
		Press Mouse Button BUTTON1
		Release Mouse Button BUTTON1

Forcing SUT activation (bring to foreground) action
ExecutedAction [55]: 
 @Action ConcreteID = AC7ytdee391684591126 AbstractID = AA7ytdee391684591126
 ConcreteID CUSTOM = ConcreteID CUSTOM not available AbstractID CUSTOM = AA10oy8zj373701054970
 @State ConcreteID = SC1qm0t46c723579889065 AbstractID = SR1jvb1yrc01740588677
 ConcreteID CUSTOM = SCmvrkuxc78910972909 AbstractID CUSTOM = SAomu5unc94810030616

	DESCRIPTION = Bring the system to the foreground.
	TEXT = Bring the system to the foreground.

Forcing SUT activation (bring to foreground) action
ExecutedAction [56]: 
 @Action ConcreteID = AC7ytdee391684591126 AbstractID = AA7ytdee391684591126
 ConcreteID CUSTOM = ConcreteID CUSTOM not available AbstractID CUSTOM = AA10oy8zj373701054970
 @State ConcreteID = SC1qm0t46c723579889065 AbstractID = SR1jvb1yrc01740588677
 ConcreteID CUSTOM = SCmvrkuxc78910972909 AbstractID CUSTOM = SAomu5unc94810030616

	DESCRIPTION = Bring the system to the foreground.
	TEXT = Bring the system to the foreground.

ExecutedAction [57]: 
 @Action ConcreteID = AC140l85b8154692790 AbstractID = AA140l85b8154692790
 ConcreteID CUSTOM = ConcreteID CUSTOM not available AbstractID CUSTOM = AA1wplppk7f1804799581
 @State ConcreteID = SC1qm0t46c723579889065 AbstractID = SR1jvb1yrc01740588677
 ConcreteID CUSTOM = SCmvrkuxc78910972909 AbstractID CUSTOM = SAomu5unc94810030616

	ROLE = LeftClickAt
	TARGET =
		WIDGET = WC836z582f3030382494, WR52qhb2b3065858412, WT1ehdii319442466983, WP11o61ni2b455765612
		ROLE = UIAListItem
		TITLE = New folder (2)
		SHAPE = Rect [x:1766.0 y:883.0 w:250.0 h:52.0]
		CHILDREN = 2
		PATH = [0, 0, 0, 2, 0, 1]
	DESCRIPTION = Left Click at 'New folder (2)'
	TEXT = Compound Action =
		Move mouse to (1891.0, 909.0).
		Press Mouse Button BUTTON1
		Release Mouse Button BUTTON1

Forcing SUT activation (bring to foreground) action
ExecutedAction [58]: 
 @Action ConcreteID = AC7ytdee391684591126 AbstractID = AA7ytdee391684591126
 ConcreteID CUSTOM = ConcreteID CUSTOM not available AbstractID CUSTOM = AA10oy8zj373701054970
 @State ConcreteID = SC1qm0t46c723579889065 AbstractID = SR1jvb1yrc01740588677
 ConcreteID CUSTOM = SCmvrkuxc78910972909 AbstractID CUSTOM = SAomu5unc94810030616

	DESCRIPTION = Bring the system to the foreground.
	TEXT = Bring the system to the foreground.

Forcing SUT activation (bring to foreground) action
ExecutedAction [59]: 
 @Action ConcreteID = AC7ytdee391684591126 AbstractID = AA7ytdee391684591126
 ConcreteID CUSTOM = ConcreteID CUSTOM not available AbstractID CUSTOM = AA10oy8zj373701054970
 @State ConcreteID = SC1qm0t46c723579889065 AbstractID = SR1jvb1yrc01740588677
 ConcreteID CUSTOM = SCmvrkuxc78910972909 AbstractID CUSTOM = SAomu5unc94810030616

	DESCRIPTION = Bring the system to the foreground.
	TEXT = Bring the system to the foreground.

ExecutedAction [60]: 
 @Action ConcreteID = ACm1ebiw81181025180 AbstractID = AAm1ebiw81181025180
 ConcreteID CUSTOM = ConcreteID CUSTOM not available AbstractID CUSTOM = AA1eqet357f1645984887
 @State ConcreteID = SC1qm0t46c723579889065 AbstractID = SR1jvb1yrc01740588677
 ConcreteID CUSTOM = SCmvrkuxc78910972909 AbstractID CUSTOM = SAomu5unc94810030616

	ROLE = LeftClickAt
	TARGET =
		WIDGET = WCtlu2p3314028695014, WR1e04pz3e358922214, WT1gv28rn152255748839, WP1ulov152d3552648930
		ROLE = UIASplitButton
		TITLE = ?testar
		SHAPE = Rect [x:1608.0 y:817.0 w:52.0 h:21.0]
		CHILDREN = 0
		PATH = [0, 0, 5, 2, 0, 0, 0, 3]
	DESCRIPTION = Left Click at '?testar'
	TEXT = Compound Action =
		Move mouse to (1634.0, 827.5).
		Press Mouse Button BUTTON1
		Release Mouse Button BUTTON1

Forcing SUT activation (bring to foreground) action
ExecutedAction [61]: 
 @Action ConcreteID = AC7ytdee391684591126 AbstractID = AA7ytdee391684591126
 ConcreteID CUSTOM = ConcreteID CUSTOM not available AbstractID CUSTOM = AA10oy8zj373701054970
 @State ConcreteID = SC1qm0t46c723579889065 AbstractID = SR1jvb1yrc01740588677
 ConcreteID CUSTOM = SCmvrkuxc78910972909 AbstractID CUSTOM = SAomu5unc94810030616

	DESCRIPTION = Bring the system to the foreground.
	TEXT = Bring the system to the foreground.

Forcing SUT activation (bring to foreground) action
ExecutedAction [62]: 
 @Action ConcreteID = AC7ytdee391684591126 AbstractID = AA7ytdee391684591126
 ConcreteID CUSTOM = ConcreteID CUSTOM not available AbstractID CUSTOM = AA10oy8zj373701054970
 @State ConcreteID = SC1qm0t46c723579889065 AbstractID = SR1jvb1yrc01740588677
 ConcreteID CUSTOM = SCmvrkuxc78910972909 AbstractID CUSTOM = SAomu5unc94810030616

	DESCRIPTION = Bring the system to the foreground.
	TEXT = Bring the system to the foreground.

ExecutedAction [63]: 
 @Action ConcreteID = AC1m6uh13812764139016 AbstractID = AA1m6uh13812764139016
 ConcreteID CUSTOM = ConcreteID CUSTOM not available AbstractID CUSTOM = AAfuqwm87f3423662051
 @State ConcreteID = SC1qm0t46c723579889065 AbstractID = SR1jvb1yrc01740588677
 ConcreteID CUSTOM = SCmvrkuxc78910972909 AbstractID CUSTOM = SAomu5unc94810030616

	ROLE = LeftClickAt
	TARGET =
		WIDGET = WC1pxhh4h2c193122593, WR17v7k2nb1067391859, WTga93sf102741198458, WPj3p2w328923411121
		ROLE = UIAMenuItem
		TITLE = ?logs
		SHAPE = Rect [x:1719.0 y:817.0 w:30.0 h:21.0]
		CHILDREN = 0
		PATH = [0, 0, 5, 2, 0, 0, 0, 5]
	DESCRIPTION = Left Click at '?logs'
	TEXT = Compound Action =
		Move mouse to (1734.0, 827.5).
		Press Mouse Button BUTTON1
		Release Mouse Button BUTTON1

Forcing SUT activation (bring to foreground) action
ExecutedAction [64]: 
 @Action ConcreteID = AC7ytdee391684591126 AbstractID = AA7ytdee391684591126
 ConcreteID CUSTOM = ConcreteID CUSTOM not available AbstractID CUSTOM = AA10oy8zj373701054970
 @State ConcreteID = SC1qm0t46c723579889065 AbstractID = SR1jvb1yrc01740588677
 ConcreteID CUSTOM = SCmvrkuxc78910972909 AbstractID CUSTOM = SAomu5unc94810030616

	DESCRIPTION = Bring the system to the foreground.
	TEXT = Bring the system to the foreground.

Forcing SUT activation (bring to foreground) action
ExecutedAction [65]: 
 @Action ConcreteID = AC7ytdee391684591126 AbstractID = AA7ytdee391684591126
 ConcreteID CUSTOM = ConcreteID CUSTOM not available AbstractID CUSTOM = AA10oy8zj373701054970
 @State ConcreteID = SC1qm0t46c723579889065 AbstractID = SR1jvb1yrc01740588677
 ConcreteID CUSTOM = SCmvrkuxc78910972909 AbstractID CUSTOM = SAomu5unc94810030616

	DESCRIPTION = Bring the system to the foreground.
	TEXT = Bring the system to the foreground.

ExecutedAction [66]: 
 @Action ConcreteID = ACm1ebiw81181025180 AbstractID = AAm1ebiw81181025180
 ConcreteID CUSTOM = ConcreteID CUSTOM not available AbstractID CUSTOM = AA1eqet357f1645984887
 @State ConcreteID = SC1qm0t46c723579889065 AbstractID = SR1jvb1yrc01740588677
 ConcreteID CUSTOM = SCmvrkuxc78910972909 AbstractID CUSTOM = SAomu5unc94810030616

	ROLE = LeftClickAt
	TARGET =
		WIDGET = WCtlu2p3314028695014, WR1e04pz3e358922214, WT1gv28rn152255748839, WP1ulov152d3552648930
		ROLE = UIASplitButton
		TITLE = ?testar
		SHAPE = Rect [x:1608.0 y:817.0 w:52.0 h:21.0]
		CHILDREN = 0
		PATH = [0, 0, 5, 2, 0, 0, 0, 3]
	DESCRIPTION = Left Click at '?testar'
	TEXT = Compound Action =
		Move mouse to (1634.0, 827.5).
		Press Mouse Button BUTTON1
		Release Mouse Button BUTTON1

Forcing SUT activation (bring to foreground) action
ExecutedAction [67]: 
 @Action ConcreteID = AC7ytdee391684591126 AbstractID = AA7ytdee391684591126
 ConcreteID CUSTOM = ConcreteID CUSTOM not available AbstractID CUSTOM = AA10oy8zj373701054970
 @State ConcreteID = SC1qm0t46c723579889065 AbstractID = SR1jvb1yrc01740588677
 ConcreteID CUSTOM = SCmvrkuxc78910972909 AbstractID CUSTOM = SAomu5unc94810030616

	DESCRIPTION = Bring the system to the foreground.
	TEXT = Bring the system to the foreground.

Forcing SUT activation (bring to foreground) action
ExecutedAction [68]: 
 @Action ConcreteID = AC7ytdee391684591126 AbstractID = AA7ytdee391684591126
 ConcreteID CUSTOM = ConcreteID CUSTOM not available AbstractID CUSTOM = AA10oy8zj373701054970
 @State ConcreteID = SC1qm0t46c723579889065 AbstractID = SR1jvb1yrc01740588677
 ConcreteID CUSTOM = SCmvrkuxc78910972909 AbstractID CUSTOM = SAomu5unc94810030616

	DESCRIPTION = Bring the system to the foreground.
	TEXT = Bring the system to the foreground.

ExecutedAction [69]: 
 @Action ConcreteID = AC1vwah81813155938926 AbstractID = AA1vwah81813155938926
 ConcreteID CUSTOM = ConcreteID CUSTOM not available AbstractID CUSTOM = AApk6wt67f3570027397
 @State ConcreteID = SC1qm0t46c723579889065 AbstractID = SR1jvb1yrc01740588677
 ConcreteID CUSTOM = SCmvrkuxc78910972909 AbstractID CUSTOM = SAomu5unc94810030616

	ROLE = LeftClickAt
	TARGET =
		WIDGET = WC1gmp5q02d4109948037, WR5quxi6b4097176690, WT158yrsl171516135311, WP1bftmsq293975541691
		ROLE = UIATreeItem
		TITLE = Quick access
		SHAPE = Rect [x:1381.0 y:893.0 w:72.0 h:24.0]
		CHILDREN = 8
		PATH = [0, 0, 0, 1, 0, 0]
	DESCRIPTION = Left Click at 'Quick access'
	TEXT = Compound Action =
		Move mouse to (1417.0, 905.0).
		Press Mouse Button BUTTON1
		Release Mouse Button BUTTON1

Forcing SUT activation (bring to foreground) action
ExecutedAction [70]: 
 @Action ConcreteID = AC7ytdee391684591126 AbstractID = AA7ytdee391684591126
 ConcreteID CUSTOM = ConcreteID CUSTOM not available AbstractID CUSTOM = AA10oy8zj373701054970
 @State ConcreteID = SC1qm0t46c723579889065 AbstractID = SR1jvb1yrc01740588677
 ConcreteID CUSTOM = SCmvrkuxc78910972909 AbstractID CUSTOM = SAomu5unc94810030616

	DESCRIPTION = Bring the system to the foreground.
	TEXT = Bring the system to the foreground.

Forcing SUT activation (bring to foreground) action
ExecutedAction [71]: 
 @Action ConcreteID = AC7ytdee391684591126 AbstractID = AA7ytdee391684591126
 ConcreteID CUSTOM = ConcreteID CUSTOM not available AbstractID CUSTOM = AA10oy8zj373701054970
 @State ConcreteID = SC1qm0t46c723579889065 AbstractID = SR1jvb1yrc01740588677
 ConcreteID CUSTOM = SCmvrkuxc78910972909 AbstractID CUSTOM = SAomu5unc94810030616

	DESCRIPTION = Bring the system to the foreground.
	TEXT = Bring the system to the foreground.

ExecutedAction [72]: 
 @Action ConcreteID = ACpkmlcq812871766902 AbstractID = AApkmlcq812871766902
 ConcreteID CUSTOM = ConcreteID CUSTOM not available AbstractID CUSTOM = AA1i9n2wz7f3287952029
 @State ConcreteID = SC1qm0t46c723579889065 AbstractID = SR1jvb1yrc01740588677
 ConcreteID CUSTOM = SCmvrkuxc78910972909 AbstractID CUSTOM = SAomu5unc94810030616

	ROLE = LeftClickAt
	TARGET =
		WIDGET = WCwz5rcs311134332654, WR1e04pz3e358922214, WTbfwhi151108363517, WP4tpjji2d3747737999
		ROLE = UIASplitButton
		TITLE = This PC
		SHAPE = Rect [x:1480.0 y:817.0 w:62.0 h:21.0]
		CHILDREN = 0
		PATH = [0, 0, 5, 2, 0, 0, 0, 1]
	DESCRIPTION = Left Click at 'This PC'
	TEXT = Compound Action =
		Move mouse to (1511.0, 827.5).
		Press Mouse Button BUTTON1
		Release Mouse Button BUTTON1

Forcing SUT activation (bring to foreground) action
ExecutedAction [73]: 
 @Action ConcreteID = AC7ytdee391684591126 AbstractID = AA7ytdee391684591126
 ConcreteID CUSTOM = ConcreteID CUSTOM not available AbstractID CUSTOM = AA10oy8zj373701054970
 @State ConcreteID = SC1qm0t46c723579889065 AbstractID = SR1jvb1yrc01740588677
 ConcreteID CUSTOM = SCmvrkuxc78910972909 AbstractID CUSTOM = SAomu5unc94810030616

	DESCRIPTION = Bring the system to the foreground.
	TEXT = Bring the system to the foreground.

Forcing SUT activation (bring to foreground) action
ExecutedAction [74]: 
 @Action ConcreteID = AC7ytdee391684591126 AbstractID = AA7ytdee391684591126
 ConcreteID CUSTOM = ConcreteID CUSTOM not available AbstractID CUSTOM = AA10oy8zj373701054970
 @State ConcreteID = SC1qm0t46c723579889065 AbstractID = SR1jvb1yrc01740588677
 ConcreteID CUSTOM = SCmvrkuxc78910972909 AbstractID CUSTOM = SAomu5unc94810030616

	DESCRIPTION = Bring the system to the foreground.
	TEXT = Bring the system to the foreground.

ExecutedAction [75]: 
 @Action ConcreteID = AC1tmq17y812511395606 AbstractID = AA1tmq17y812511395606
 ConcreteID CUSTOM = ConcreteID CUSTOM not available AbstractID CUSTOM = AAnamgt37f4251016957
 @State ConcreteID = SC1qm0t46c723579889065 AbstractID = SR1jvb1yrc01740588677
 ConcreteID CUSTOM = SCmvrkuxc78910972909 AbstractID CUSTOM = SAomu5unc94810030616

	ROLE = LeftClickAt
	TARGET =
		WIDGET = WCyzl3yi36267276636, WR5quxi6b4097176690, WT2e4uof1d1330212510, WP13aa9aw32639803042
		ROLE = UIATreeItem
		TITLE = Documents (pinned)
		SHAPE = Rect [x:1389.0 y:965.0 w:65.0 h:24.0]
		CHILDREN = 0
		PATH = [0, 0, 0, 1, 0, 0, 2]
	DESCRIPTION = Left Click at 'Documents (pinned)'
	TEXT = Compound Action =
		Move mouse to (1421.5, 977.0).
		Press Mouse Button BUTTON1
		Release Mouse Button BUTTON1

Forcing SUT activation (bring to foreground) action
ExecutedAction [76]: 
 @Action ConcreteID = AC7ytdee391684591126 AbstractID = AA7ytdee391684591126
 ConcreteID CUSTOM = ConcreteID CUSTOM not available AbstractID CUSTOM = AA10oy8zj373701054970
 @State ConcreteID = SC1qm0t46c723579889065 AbstractID = SR1jvb1yrc01740588677
 ConcreteID CUSTOM = SCmvrkuxc78910972909 AbstractID CUSTOM = SAomu5unc94810030616

	DESCRIPTION = Bring the system to the foreground.
	TEXT = Bring the system to the foreground.

Forcing SUT activation (bring to foreground) action
ExecutedAction [77]: 
 @Action ConcreteID = AC7ytdee391684591126 AbstractID = AA7ytdee391684591126
 ConcreteID CUSTOM = ConcreteID CUSTOM not available AbstractID CUSTOM = AA10oy8zj373701054970
 @State ConcreteID = SC1qm0t46c723579889065 AbstractID = SR1jvb1yrc01740588677
 ConcreteID CUSTOM = SCmvrkuxc78910972909 AbstractID CUSTOM = SAomu5unc94810030616

	DESCRIPTION = Bring the system to the foreground.
	TEXT = Bring the system to the foreground.

ExecutedAction [78]: 
 @Action ConcreteID = ACpewrd6813754959871 AbstractID = AApewrd6813754959871
 ConcreteID CUSTOM = ConcreteID CUSTOM not available AbstractID CUSTOM = AA1i3x8xf7f3070338580
 @State ConcreteID = SC1qm0t46c723579889065 AbstractID = SR1jvb1yrc01740588677
 ConcreteID CUSTOM = SCmvrkuxc78910972909 AbstractID CUSTOM = SAomu5unc94810030616

	ROLE = LeftClickAt
	TARGET =
		WIDGET = WCzhdzk22a2989501098, WR1h6ibpb92248851252, WTnbm3rx14926922420, WPgjb3qs263189882311
		ROLE = UIAButton
		TITLE = View Slider
		SHAPE = Rect [x:2449.0 y:848.0 w:18.0 h:26.0]
		CHILDREN = 0
		PATH = [0, 0, 0, 0, 1, 0]
	DESCRIPTION = Left Click at 'View Slider'
	TEXT = Compound Action =
		Move mouse to (2458.0, 861.0).
		Press Mouse Button BUTTON1
		Release Mouse Button BUTTON1

Forcing SUT activation (bring to foreground) action
ExecutedAction [79]: 
 @Action ConcreteID = AC7ytdee391684591126 AbstractID = AA7ytdee391684591126
 ConcreteID CUSTOM = ConcreteID CUSTOM not available AbstractID CUSTOM = AA10oy8zj373701054970
 @State ConcreteID = SC1qm0t46c723579889065 AbstractID = SR1jvb1yrc01740588677
 ConcreteID CUSTOM = SCmvrkuxc78910972909 AbstractID CUSTOM = SAomu5unc94810030616

	DESCRIPTION = Bring the system to the foreground.
	TEXT = Bring the system to the foreground.

Forcing SUT activation (bring to foreground) action
ExecutedAction [80]: 
 @Action ConcreteID = AC7ytdee391684591126 AbstractID = AA7ytdee391684591126
 ConcreteID CUSTOM = ConcreteID CUSTOM not available AbstractID CUSTOM = AA10oy8zj373701054970
 @State ConcreteID = SC1qm0t46c723579889065 AbstractID = SR1jvb1yrc01740588677
 ConcreteID CUSTOM = SCmvrkuxc78910972909 AbstractID CUSTOM = SAomu5unc94810030616

	DESCRIPTION = Bring the system to the foreground.
	TEXT = Bring the system to the foreground.

ExecutedAction [81]: 
 @Action ConcreteID = AC1d8plir813313582970 AbstractID = AA1d8plir813313582970
 ConcreteID CUSTOM = ConcreteID CUSTOM not available AbstractID CUSTOM = AA6wm13w7f2907752081
 @State ConcreteID = SC1qm0t46c723579889065 AbstractID = SR1jvb1yrc01740588677
 ConcreteID CUSTOM = SCmvrkuxc78910972909 AbstractID CUSTOM = SAomu5unc94810030616

	ROLE = LeftClickAt
	TARGET =
		WIDGET = WCo0xm9c341589750136, WR5quxi6b4097176690, WT7wiqy31b4267075581, WP5jp9a6302526995090
		ROLE = UIATreeItem
		TITLE = Desktop (pinned)
		SHAPE = Rect [x:1389.0 y:917.0 w:47.0 h:24.0]
		CHILDREN = 0
		PATH = [0, 0, 0, 1, 0, 0, 0]
	DESCRIPTION = Left Click at 'Desktop (pinned)'
	TEXT = Compound Action =
		Move mouse to (1412.5, 929.0).
		Press Mouse Button BUTTON1
		Release Mouse Button BUTTON1

Forcing SUT activation (bring to foreground) action
ExecutedAction [82]: 
 @Action ConcreteID = AC7ytdee391684591126 AbstractID = AA7ytdee391684591126
 ConcreteID CUSTOM = ConcreteID CUSTOM not available AbstractID CUSTOM = AA10oy8zj373701054970
 @State ConcreteID = SC1qm0t46c723579889065 AbstractID = SR1jvb1yrc01740588677
 ConcreteID CUSTOM = SCmvrkuxc78910972909 AbstractID CUSTOM = SAomu5unc94810030616

	DESCRIPTION = Bring the system to the foreground.
	TEXT = Bring the system to the foreground.

Forcing SUT activation (bring to foreground) action
ExecutedAction [83]: 
 @Action ConcreteID = AC7ytdee391684591126 AbstractID = AA7ytdee391684591126
 ConcreteID CUSTOM = ConcreteID CUSTOM not available AbstractID CUSTOM = AA10oy8zj373701054970
 @State ConcreteID = SC1qm0t46c723579889065 AbstractID = SR1jvb1yrc01740588677
 ConcreteID CUSTOM = SCmvrkuxc78910972909 AbstractID CUSTOM = SAomu5unc94810030616

	DESCRIPTION = Bring the system to the foreground.
	TEXT = Bring the system to the foreground.

ExecutedAction [84]: 
 @Action ConcreteID = ACogmzuy8156464966 AbstractID = AAogmzuy8156464966
 ConcreteID CUSTOM = ConcreteID CUSTOM not available AbstractID CUSTOM = AA1h5nhf77f1804342189
 @State ConcreteID = SC1qm0t46c723579889065 AbstractID = SR1jvb1yrc01740588677
 ConcreteID CUSTOM = SCmvrkuxc78910972909 AbstractID CUSTOM = SAomu5unc94810030616

	ROLE = LeftClickAt
	TARGET =
		WIDGET = WC1a30str24322022917, WR1h6ibpb92248851252, WT4keizt112994300114, WP1lsmugt203143925966
		ROLE = UIAButton
		TITLE = Organise
		SHAPE = Rect [x:1341.0 y:848.0 w:91.0 h:26.0]
		CHILDREN = 0
		PATH = [0, 0, 0, 0, 2]
	DESCRIPTION = Left Click at 'Organise'
	TEXT = Compound Action =
		Move mouse to (1386.5, 861.0).
		Press Mouse Button BUTTON1
		Release Mouse Button BUTTON1

Forcing SUT activation (bring to foreground) action
ExecutedAction [85]: 
 @Action ConcreteID = AC7ytdee391684591126 AbstractID = AA7ytdee391684591126
 ConcreteID CUSTOM = ConcreteID CUSTOM not available AbstractID CUSTOM = AA10oy8zj373701054970
 @State ConcreteID = SC1qm0t46c723579889065 AbstractID = SR1jvb1yrc01740588677
 ConcreteID CUSTOM = SCmvrkuxc78910972909 AbstractID CUSTOM = SAomu5unc94810030616

	DESCRIPTION = Bring the system to the foreground.
	TEXT = Bring the system to the foreground.

Forcing SUT activation (bring to foreground) action
ExecutedAction [86]: 
 @Action ConcreteID = AC7ytdee391684591126 AbstractID = AA7ytdee391684591126
 ConcreteID CUSTOM = ConcreteID CUSTOM not available AbstractID CUSTOM = AA10oy8zj373701054970
 @State ConcreteID = SC1qm0t46c723579889065 AbstractID = SR1jvb1yrc01740588677
 ConcreteID CUSTOM = SCmvrkuxc78910972909 AbstractID CUSTOM = SAomu5unc94810030616

	DESCRIPTION = Bring the system to the foreground.
	TEXT = Bring the system to the foreground.

ExecutedAction [87]: 
 @Action ConcreteID = ACogmzuy8156464966 AbstractID = AAogmzuy8156464966
 ConcreteID CUSTOM = ConcreteID CUSTOM not available AbstractID CUSTOM = AA1h5nhf77f1804342189
 @State ConcreteID = SC1qm0t46c723579889065 AbstractID = SR1jvb1yrc01740588677
 ConcreteID CUSTOM = SCmvrkuxc78910972909 AbstractID CUSTOM = SAomu5unc94810030616

	ROLE = LeftClickAt
	TARGET =
		WIDGET = WC1a30str24322022917, WR1h6ibpb92248851252, WT4keizt112994300114, WP1lsmugt203143925966
		ROLE = UIAButton
		TITLE = Organise
		SHAPE = Rect [x:1341.0 y:848.0 w:91.0 h:26.0]
		CHILDREN = 0
		PATH = [0, 0, 0, 0, 2]
	DESCRIPTION = Left Click at 'Organise'
	TEXT = Compound Action =
		Move mouse to (1386.5, 861.0).
		Press Mouse Button BUTTON1
		Release Mouse Button BUTTON1

Forcing SUT activation (bring to foreground) action
ExecutedAction [88]: 
 @Action ConcreteID = AC7ytdee391684591126 AbstractID = AA7ytdee391684591126
 ConcreteID CUSTOM = ConcreteID CUSTOM not available AbstractID CUSTOM = AA10oy8zj373701054970
 @State ConcreteID = SC1qm0t46c723579889065 AbstractID = SR1jvb1yrc01740588677
 ConcreteID CUSTOM = SCmvrkuxc78910972909 AbstractID CUSTOM = SAomu5unc94810030616

	DESCRIPTION = Bring the system to the foreground.
	TEXT = Bring the system to the foreground.

Forcing SUT activation (bring to foreground) action
ExecutedAction [89]: 
 @Action ConcreteID = AC7ytdee391684591126 AbstractID = AA7ytdee391684591126
 ConcreteID CUSTOM = ConcreteID CUSTOM not available AbstractID CUSTOM = AA10oy8zj373701054970
 @State ConcreteID = SC1qm0t46c723579889065 AbstractID = SR1jvb1yrc01740588677
 ConcreteID CUSTOM = SCmvrkuxc78910972909 AbstractID CUSTOM = SAomu5unc94810030616

	DESCRIPTION = Bring the system to the foreground.
	TEXT = Bring the system to the foreground.

ExecutedAction [90]: 
 @Action ConcreteID = AC6h91rd821010286496 AbstractID = AA6h91rd821010286496
 ConcreteID CUSTOM = ConcreteID CUSTOM not available AbstractID CUSTOM = AA17nbihs80193418709
 @State ConcreteID = SC1qm0t46c723579889065 AbstractID = SR1jvb1yrc01740588677
 ConcreteID CUSTOM = SCmvrkuxc78910972909 AbstractID CUSTOM = SAomu5unc94810030616

	ROLE = LeftClickAt
	TARGET =
		WIDGET = WC1say2tm283879770265, WR5quxi6b4097176690, WT1kh8h59f2610266612, WP15xxbtk244285701116
		ROLE = UIATreeItem
		TITLE = logs
		SHAPE = Rect [x:1389.0 y:1013.0 w:26.0 h:24.0]
		CHILDREN = 0
		PATH = [0, 0, 0, 1, 0, 0, 4]
	DESCRIPTION = Left Click at 'logs'
	TEXT = Compound Action =
		Move mouse to (1402.0, 1025.0).
		Press Mouse Button BUTTON1
		Release Mouse Button BUTTON1

Forcing SUT activation (bring to foreground) action
ExecutedAction [91]: 
 @Action ConcreteID = AC7ytdee391684591126 AbstractID = AA7ytdee391684591126
 ConcreteID CUSTOM = ConcreteID CUSTOM not available AbstractID CUSTOM = AA10oy8zj373701054970
 @State ConcreteID = SC1qm0t46c723579889065 AbstractID = SR1jvb1yrc01740588677
 ConcreteID CUSTOM = SCmvrkuxc78910972909 AbstractID CUSTOM = SAomu5unc94810030616

	DESCRIPTION = Bring the system to the foreground.
	TEXT = Bring the system to the foreground.

Forcing SUT activation (bring to foreground) action
ExecutedAction [92]: 
 @Action ConcreteID = AC7ytdee391684591126 AbstractID = AA7ytdee391684591126
 ConcreteID CUSTOM = ConcreteID CUSTOM not available AbstractID CUSTOM = AA10oy8zj373701054970
 @State ConcreteID = SC1qm0t46c723579889065 AbstractID = SR1jvb1yrc01740588677
 ConcreteID CUSTOM = SCmvrkuxc78910972909 AbstractID CUSTOM = SAomu5unc94810030616

	DESCRIPTION = Bring the system to the foreground.
	TEXT = Bring the system to the foreground.

ExecutedAction [93]: 
 @Action ConcreteID = ACpewrd6813754959871 AbstractID = AApewrd6813754959871
 ConcreteID CUSTOM = ConcreteID CUSTOM not available AbstractID CUSTOM = AA1i3x8xf7f3070338580
 @State ConcreteID = SC1qm0t46c723579889065 AbstractID = SR1jvb1yrc01740588677
 ConcreteID CUSTOM = SCmvrkuxc78910972909 AbstractID CUSTOM = SAomu5unc94810030616

	ROLE = LeftClickAt
	TARGET =
		WIDGET = WCzhdzk22a2989501098, WR1h6ibpb92248851252, WTnbm3rx14926922420, WPgjb3qs263189882311
		ROLE = UIAButton
		TITLE = View Slider
		SHAPE = Rect [x:2449.0 y:848.0 w:18.0 h:26.0]
		CHILDREN = 0
		PATH = [0, 0, 0, 0, 1, 0]
	DESCRIPTION = Left Click at 'View Slider'
	TEXT = Compound Action =
		Move mouse to (2458.0, 861.0).
		Press Mouse Button BUTTON1
		Release Mouse Button BUTTON1

Forcing SUT activation (bring to foreground) action
ExecutedAction [94]: 
 @Action ConcreteID = AC7ytdee391684591126 AbstractID = AA7ytdee391684591126
 ConcreteID CUSTOM = ConcreteID CUSTOM not available AbstractID CUSTOM = AA10oy8zj373701054970
 @State ConcreteID = SC1qm0t46c723579889065 AbstractID = SR1jvb1yrc01740588677
 ConcreteID CUSTOM = SCmvrkuxc78910972909 AbstractID CUSTOM = SAomu5unc94810030616

	DESCRIPTION = Bring the system to the foreground.
	TEXT = Bring the system to the foreground.

Forcing SUT activation (bring to foreground) action
ExecutedAction [95]: 
 @Action ConcreteID = AC7ytdee391684591126 AbstractID = AA7ytdee391684591126
 ConcreteID CUSTOM = ConcreteID CUSTOM not available AbstractID CUSTOM = AA10oy8zj373701054970
 @State ConcreteID = SC1qm0t46c723579889065 AbstractID = SR1jvb1yrc01740588677
 ConcreteID CUSTOM = SCmvrkuxc78910972909 AbstractID CUSTOM = SAomu5unc94810030616

	DESCRIPTION = Bring the system to the foreground.
	TEXT = Bring the system to the foreground.

ExecutedAction [96]: 
 @Action ConcreteID = AC1m6uh13812764139016 AbstractID = AA1m6uh13812764139016
 ConcreteID CUSTOM = ConcreteID CUSTOM not available AbstractID CUSTOM = AAfuqwm87f3423662051
 @State ConcreteID = SC1qm0t46c723579889065 AbstractID = SR1jvb1yrc01740588677
 ConcreteID CUSTOM = SCmvrkuxc78910972909 AbstractID CUSTOM = SAomu5unc94810030616

	ROLE = LeftClickAt
	TARGET =
		WIDGET = WC1pxhh4h2c193122593, WR17v7k2nb1067391859, WTga93sf102741198458, WPj3p2w328923411121
		ROLE = UIAMenuItem
		TITLE = ?logs
		SHAPE = Rect [x:1719.0 y:817.0 w:30.0 h:21.0]
		CHILDREN = 0
		PATH = [0, 0, 5, 2, 0, 0, 0, 5]
	DESCRIPTION = Left Click at '?logs'
	TEXT = Compound Action =
		Move mouse to (1734.0, 827.5).
		Press Mouse Button BUTTON1
		Release Mouse Button BUTTON1

Forcing SUT activation (bring to foreground) action
ExecutedAction [97]: 
 @Action ConcreteID = AC7ytdee391684591126 AbstractID = AA7ytdee391684591126
 ConcreteID CUSTOM = ConcreteID CUSTOM not available AbstractID CUSTOM = AA10oy8zj373701054970
 @State ConcreteID = SC1qm0t46c723579889065 AbstractID = SR1jvb1yrc01740588677
 ConcreteID CUSTOM = SCmvrkuxc78910972909 AbstractID CUSTOM = SAomu5unc94810030616

	DESCRIPTION = Bring the system to the foreground.
	TEXT = Bring the system to the foreground.

Forcing SUT activation (bring to foreground) action
ExecutedAction [98]: 
 @Action ConcreteID = AC7ytdee391684591126 AbstractID = AA7ytdee391684591126
 ConcreteID CUSTOM = ConcreteID CUSTOM not available AbstractID CUSTOM = AA10oy8zj373701054970
 @State ConcreteID = SC1qm0t46c723579889065 AbstractID = SR1jvb1yrc01740588677
 ConcreteID CUSTOM = SCmvrkuxc78910972909 AbstractID CUSTOM = SAomu5unc94810030616

	DESCRIPTION = Bring the system to the foreground.
	TEXT = Bring the system to the foreground.

ExecutedAction [99]: 
 @Action ConcreteID = AC576op3822832321565 AbstractID = AA576op3822832321565
 ConcreteID CUSTOM = ConcreteID CUSTOM not available AbstractID CUSTOM = AA16d95fi802673944168
 @State ConcreteID = SC1qm0t46c723579889065 AbstractID = SR1jvb1yrc01740588677
 ConcreteID CUSTOM = SCmvrkuxc78910972909 AbstractID CUSTOM = SAomu5unc94810030616

	ROLE = LeftClickAt
	TARGET =
		WIDGET = WC1w5f2fy1c3788265415, WR1h6ibpb92248851252, WT1vjbvvdf3603144044, WP8jd2ek18957071755
		ROLE = UIAButton
		TITLE = Cancel
		SHAPE = Rect [x:2417.0 y:1634.0 w:88.0 h:26.0]
		CHILDREN = 0
		PATH = [0, 0, 3]
	DESCRIPTION = Left Click at 'Cancel'
	TEXT = Compound Action =
		Move mouse to (2461.0, 1647.0).
		Press Mouse Button BUTTON1
		Release Mouse Button BUTTON1

Forcing SUT activation (bring to foreground) action
ExecutedAction [100]: 
 @Action ConcreteID = AC1jp2c06392170586995 AbstractID = AA1jp2c06392170586995
 ConcreteID CUSTOM = ConcreteID CUSTOM not available AbstractID CUSTOM = AA11pkd3m383004663165
 @State ConcreteID = SC1xn1hj58bf3285587505 AbstractID = SR1qihzzg867788909611
 ConcreteID CUSTOM = SC28ewdv8bf4066426658 AbstractID CUSTOM = SAfjk7t28d51317205429

	DESCRIPTION = Bring the system to the foreground.
	TEXT = Bring the system to the foreground.

Sequence 1 finished.
Copying generated sequence ("sequence764") to output directory...
Copying classified sequence ("sequence764") to sequences_ok folder...
