17.October.2019 10:16:17 TESTAR 2.0.1 is running with the next settings:

-- settings start ... --

TypingTextsForExecutedAction<Integer> : 10
SuspiciousProcessOutput<String> : (?!x)x
SUTConnectorValue<String> : c:\windows\system32\notepad.exe
ProcessListenerEnabled<Boolean> : false
Discount<Double> : 0.95
GraphDBEnabled<Boolean> : false
InputFileText<String> : ./resources/settings/desktop_gp_ecj/blns.txt
ProtocolClass<String> : desktop_gp_ecj/Protocol_desktop_gp_ecj
TempDir<String> : resources/output/temp
ClickFilter<String> : .*[sS]ystem.*|.*[cC]lose.*|.*[eE]xit.*|.*[mM]inimi[zs]e.*|.*[sS]ave.*|.*[pP]rint.*|.*[oO]pen.*|.*[sS]how more fonts.*|.*[vV]iew Help.*|.*[mM]icrosoft Software Licence.*|.*[sS]ave [aA]s.*|.*[iI]nput Values.*|.*[sS]end [fF]eedback.*|.*[mM]aximi[zs]e.*
Mode<Modes> : Generate
ConcreteStateAttributes<List> : [Role, Path, Title]
MaxTime<Double> : 3.1536E7
Sequences<Integer> : 1
GraphDBUrl<String> : remote:/localhost/notepad
StopGenerationOnFault<Boolean> : false
PrologActivated<Boolean> : false
GraphDBUser<String> : root
DataStoreType<String> : remote
ExecuteActions<Boolean> : true
DrawWidgetTree<Boolean> : false
UseRecordedActionDurationAndWaitTimeDuringReplay<Boolean> : false
DataStoreServer<String> : localhost
SequenceLength<Integer> : 100
ForceForeground<Boolean> : true
DataStorePassword<String> : root
AlgorithmFormsFilling<Boolean> : false
StateModelEnabled<Boolean> : false
StrategyFile<String> : C:\Users\guyth\Desktop\testar\strategy.txt
DataStoreUser<String> : root
FaultThreshold<Double> : 1.0E-9
DrawWidgetInfo<Boolean> : false
MaxReward<Double> : 9999999.0
LogLevel<Integer> : 1
VisualizeSelectedAction<Boolean> : true
AccessBridgeEnabled<Boolean> : false
Delete<List> : []
MyClassPath<List> : [./resources/settings]
ReplayRetryTime<Double> : 30.0
ProcessesToKillDuringTest<String> : 
ShowSettingsAfterTest<Boolean> : true
ForceToSequenceLength<Boolean> : true
OutputDir<String> : ./resources/output
UnattendedTests<Boolean> : false
TestGenerator<String> : strategy
StartupTime<Double> : 0.0
ActionDuration<Double> : 0.0
NonReactingUIThreshold<Integer> : 100
DataStoreMode<String> : instant
ProcessLogs<String> : .*.*
GraphsActivated<Boolean> : true
GraphResuming<Boolean> : true
GraphDBPassword<String> : root
CopyFromTo<List> : []
DataStore<String> : OrientDB
TimeToFreeze<Double> : 30.0
StateScreenshotSimilarityThreshold<Float> : 1.4E-45
ShowVisualSettingsDialogOnStartup<Boolean> : false
SUTProcesses<String> : .*notepad.exe.*
ResetDataStore<Boolean> : false
TimeToWaitAfterAction<Double> : 0.1
DrawWidgetUnderCursor<Boolean> : true
SUTConnector<String> : COMMAND_LINE
SuspiciousTitles<String> : .*[eE]rror.*|.*[eE]xcep[ct]i[o?]n.*
AlwaysCompile<Boolean> : true
DataStoreDB<String> : notepad
AbstractStateAttributes<List> : [Role, Path, Enabled]
PathToReplaySequence<String> : 
VisualizeActions<Boolean> : false
ExplorationSampleInterval<Integer> : 1
OnlySaveFaultySequences<Boolean> : false
OfflineGraphConversion<Boolean> : true

-- ... settings end --

'Generate' mode active.
